[
  {
    "built_with_features": null,
    "command": {
      "args": [
        "build",
        "--target",
        "thumbv7m-none-eabi",
        "--no-default-features"
      ],
      "code": 101,
      "stderr": "   Compiling subtle v2.4.1\n   Compiling byteorder v1.5.0\n   Compiling getrandom v0.2.15\n   Compiling crunchy v0.2.2\n   Compiling syn v2.0.90\n   Compiling digest v0.9.0\n   Compiling tap v1.0.1\n   Compiling crossbeam-utils v0.8.20\n   Compiling syn v1.0.109\nerror[E0463]: can't find crate for `std`\n --> /Users/graysonnocera/.cargo/registry/src/index.crates.io-6f17d22bba15001f/getrandom-0.2.15/src/error_impls.rs:1:1\n  |\n1 | extern crate std;\n  | ^^^^^^^^^^^^^^^^^ can't find crate\n  |\n  = note: the `thumbv7m-none-eabi` target may not support the standard library\n\nerror[E0463]: can't find crate for `std`\n  --> /Users/graysonnocera/.cargo/registry/src/index.crates.io-6f17d22bba15001f/subtle-2.4.1/src/lib.rs:88:1\n   |\n88 | extern crate std;\n   | ^^^^^^^^^^^^^^^^^ can't find crate\n   |\n   = note: the `thumbv7m-none-eabi` target may not support the standard library\n\nerror[E0463]: can't find crate for `std`\n  |\n  = note: the `thumbv7m-none-eabi` target may not support the standard library\n  = note: `std` is required by `crunchy` because it does not declare `#![no_std]`\n\nerror: cannot find macro `include` in this scope\n  --> /Users/graysonnocera/.cargo/registry/src/index.crates.io-6f17d22bba15001f/crunchy-0.2.2/src/lib.rs:36:1\n   |\n36 | include!(concat!(env!(\"OUT_DIR\"), \"/lib.rs\"));\n   | ^^^^^^^\n\nerror: target is not supported, for more information see: https://docs.rs/getrandom/#unsupported-targets\n   --> /Users/graysonnocera/.cargo/registry/src/index.crates.io-6f17d22bba15001f/getrandom-0.2.15/src/lib.rs:347:9\n    |\n347 | /         compile_error!(\"target is not supported, for more information see: \\\n348 | |                         https://docs.rs/getrandom/#unsupported-targets\");\n    | |________________________________________________________________________^\n\nerror[E0463]: can't find crate for `std`\n  |\n  = note: the `thumbv7m-none-eabi` target may not support the standard library\n  = note: `std` is required by `byteorder` because it does not declare `#![no_std]`\n\nFor more information about this error, try `rustc --explain E0463`.\nerror: could not compile `crunchy` (lib) due to 2 previous errors\nwarning: build failed, waiting for other jobs to finish...\nerror[E0463]: can't find crate for `std`\n  --> /Users/graysonnocera/.cargo/registry/src/index.crates.io-6f17d22bba15001f/digest-0.9.0/src/lib.rs:36:1\n   |\n36 | extern crate std;\n   | ^^^^^^^^^^^^^^^^^ can't find crate\n   |\n   = note: the `thumbv7m-none-eabi` target may not support the standard library\n\nerror[E0463]: can't find crate for `std`\n --> /Users/graysonnocera/.cargo/registry/src/index.crates.io-6f17d22bba15001f/byteorder-1.5.0/src/io.rs:1:5\n  |\n1 | use std::{\n  |     ^^^ can't find crate\n  |\n  = note: the `thumbv7m-none-eabi` target may not support the standard library\n\nerror[E0463]: can't find crate for `std`\n    --> /Users/graysonnocera/.cargo/registry/src/index.crates.io-6f17d22bba15001f/byteorder-1.5.0/src/io.rs:1588:9\n     |\n1588 |     use std::mem::size_of;\n     |         ^^^ can't find crate\n     |\n     = note: the `thumbv7m-none-eabi` target may not support the standard library\n\nerror[E0433]: failed to resolve: use of undeclared crate or module `imp`\n   --> /Users/graysonnocera/.cargo/registry/src/index.crates.io-6f17d22bba15001f/getrandom-0.2.15/src/lib.rs:398:9\n    |\n398 |         imp::getrandom_inner(dest)?;\n    |         ^^^ use of undeclared crate or module `imp`\n\nSome errors have detailed explanations: E0433, E0463.\nFor more information about an error, try `rustc --explain E0433`.\nerror: could not compile `getrandom` (lib) due to 3 previous errors\nerror: cannot find macro `assert` in this scope\n    --> /Users/graysonnocera/.cargo/registry/src/index.crates.io-6f17d22bba15001f/byteorder-1.5.0/src/lib.rs:1209:27\n     |\n1209 |             const _: () = assert!(align_of::<u32>() <= align_of::<f32>());\n     |                           ^^^^^^\n     |\nhelp: consider importing this macro\n     |\n76   + use core::assert;\n     |\n\nerror: cannot find macro `assert` in this scope\n    --> /Users/graysonnocera/.cargo/registry/src/index.crates.io-6f17d22bba15001f/byteorder-1.5.0/src/lib.rs:1271:27\n     |\n1271 |             const _: () = assert!(align_of::<u64>() <= align_of::<f64>());\n     |                           ^^^^^^\n     |\nhelp: consider importing this macro\n     |\n76   + use core::assert;\n     |\n\nerror: cannot find attribute `derive` in this scope\n    --> /Users/graysonnocera/.cargo/registry/src/index.crates.io-6f17d22bba15001f/byteorder-1.5.0/src/lib.rs:1812:3\n     |\n1812 | #[derive(Clone, Copy, Debug, Eq, Hash, Ord, PartialEq, PartialOrd)]\n     |   ^^^^^^\n     |\nhelp: consider importing this attribute macro\n     |\n76   + use core::prelude::rust_2024::derive;\n     |\n\nerror: cannot find macro `panic` in this scope\n    --> /Users/graysonnocera/.cargo/registry/src/index.crates.io-6f17d22bba15001f/byteorder-1.5.0/src/lib.rs:1817:9\n     |\n1817 |         panic!(\"BigEndian default\")\n     |         ^^^^^\n     |\nhelp: consider importing this macro\n     |\n76   + use core::panic;\n     |\n\nerror: cannot find attribute `derive` in this scope\n    --> /Users/graysonnocera/.cargo/registry/src/index.crates.io-6f17d22bba15001f/byteorder-1.5.0/src/lib.rs:1842:3\n     |\n1842 | #[derive(Clone, Copy, Debug, Eq, Hash, Ord, PartialEq, PartialOrd)]\n     |   ^^^^^^\n     |\nhelp: consider importing this attribute macro\n     |\n76   + use core::prelude::rust_2024::derive;\n     |\n\nerror: could not compile `digest` (lib) due to 1 previous error\nerror: cannot find macro `panic` in this scope\n    --> /Users/graysonnocera/.cargo/registry/src/index.crates.io-6f17d22bba15001f/byteorder-1.5.0/src/lib.rs:1847:9\n     |\n1847 |         panic!(\"LittleEndian default\")\n     |         ^^^^^\n     |\nhelp: consider importing this macro\n     |\n76   + use core::panic;\n     |\n\nerror: cannot find macro `assert` in this scope\n    --> /Users/graysonnocera/.cargo/registry/src/index.crates.io-6f17d22bba15001f/byteorder-1.5.0/src/lib.rs:1962:9\n     |\n1962 |         assert!(1 <= nbytes && nbytes <= out.len() && nbytes <= buf.len());\n     |         ^^^^^^\n     |\nhelp: consider importing this macro\n     |\n76   + use core::assert;\n     |\n\nerror: cannot find macro `assert` in this scope\n    --> /Users/graysonnocera/.cargo/registry/src/index.crates.io-6f17d22bba15001f/byteorder-1.5.0/src/lib.rs:1971:9\n     |\n1971 |         assert!(1 <= nbytes && nbytes <= out.len() && nbytes <= buf.len());\n     |         ^^^^^^\n     |\nhelp: consider importing this macro\n     |\n76   + use core::assert;\n     |\n\nerror: cannot find macro `assert` in this scope\n    --> /Users/graysonnocera/.cargo/registry/src/index.crates.io-6f17d22bba15001f/byteorder-1.5.0/src/lib.rs:1999:9\n     |\n1999 |         assert!(pack_size(n) <= nbytes && nbytes <= 8);\n     |         ^^^^^^\n     |\nhelp: consider importing this macro\n     |\n76   + use core::assert;\n     |\n\nerror: cannot find macro `assert` in this scope\n    --> /Users/graysonnocera/.cargo/registry/src/index.crates.io-6f17d22bba15001f/byteorder-1.5.0/src/lib.rs:2000:9\n     |\n2000 |         assert!(nbytes <= buf.len());\n     |         ^^^^^^\n     |\nhelp: consider importing this macro\n     |\n76   + use core::assert;\n     |\n\nerror: cannot find macro `assert` in this scope\n    --> /Users/graysonnocera/.cargo/registry/src/index.crates.io-6f17d22bba15001f/byteorder-1.5.0/src/lib.rs:2013:9\n     |\n2013 |         assert!(pack_size128(n) <= nbytes && nbytes <= 16);\n     |         ^^^^^^\n     |\nhelp: consider importing this macro\n     |\n76   + use core::assert;\n     |\n\nerror: cannot find macro `assert` in this scope\n    --> /Users/graysonnocera/.cargo/registry/src/index.crates.io-6f17d22bba15001f/byteorder-1.5.0/src/lib.rs:2014:9\n     |\n2014 |         assert!(nbytes <= buf.len());\n     |         ^^^^^^\n     |\nhelp: consider importing this macro\n     |\n76   + use core::assert;\n     |\n\nerror: cannot find macro `assert_eq` in this scope\n    --> /Users/graysonnocera/.cargo/registry/src/index.crates.io-6f17d22bba15001f/byteorder-1.5.0/src/lib.rs:1914:9\n     |\n1914 |         assert_eq!(src.len(), dst.len() * SIZE);\n     |         ^^^^^^^^^\n...\n2027 |         read_slice!(src, dst, u16, from_be_bytes);\n     |         ----------------------------------------- in this macro invocation\n     |\n     = note: this error originates in the macro `read_slice` (in Nightly builds, run with -Z macro-backtrace for more info)\nhelp: consider importing this macro\n     |\n76   + use core::assert_eq;\n     |\n\nerror: cannot find macro `assert_eq` in this scope\n    --> /Users/graysonnocera/.cargo/registry/src/index.crates.io-6f17d22bba15001f/byteorder-1.5.0/src/lib.rs:1914:9\n     |\n1914 |         assert_eq!(src.len(), dst.len() * SIZE);\n     |         ^^^^^^^^^\n...\n2032 |         read_slice!(src, dst, u32, from_be_bytes);\n     |         ----------------------------------------- in this macro invocation\n     |\n     = note: this error originates in the macro `read_slice` (in Nightly builds, run with -Z macro-backtrace for more info)\nhelp: consider importing this macro\n     |\n76   + use core::assert_eq;\n     |\n\nerror: cannot find macro `assert_eq` in this scope\n    --> /Users/graysonnocera/.cargo/registry/src/index.crates.io-6f17d22bba15001f/byteorder-1.5.0/src/lib.rs:1914:9\n     |\n1914 |         assert_eq!(src.len(), dst.len() * SIZE);\n     |         ^^^^^^^^^\n...\n2037 |         read_slice!(src, dst, u64, from_be_bytes);\n     |         ----------------------------------------- in this macro invocation\n     |\n     = note: this error originates in the macro `read_slice` (in Nightly builds, run with -Z macro-backtrace for more info)\nhelp: consider importing this macro\n     |\n76   + use core::assert_eq;\n     |\n\nerror: cannot find macro `assert_eq` in this scope\n    --> /Users/graysonnocera/.cargo/registry/src/index.crates.io-6f17d22bba15001f/byteorder-1.5.0/src/lib.rs:1914:9\n     |\n1914 |         assert_eq!(src.len(), dst.len() * SIZE);\n     |         ^^^^^^^^^\n...\n2042 |         read_slice!(src, dst, u128, from_be_bytes);\n     |         ------------------------------------------ in this macro invocation\n     |\n     = note: this error originates in the macro `read_slice` (in Nightly builds, run with -Z macro-backtrace for more info)\nhelp: consider importing this macro\n     |\n76   + use core::assert_eq;\n     |\n\nerror: cannot find macro `assert_eq` in this scope\n    --> /Users/graysonnocera/.cargo/registry/src/index.crates.io-6f17d22bba15001f/byteorder-1.5.0/src/lib.rs:1931:9\n     |\n1931 |         assert_eq!(src.len() * SIZE, dst.len());\n     |         ^^^^^^^^^\n...\n2047 |         write_slice!(src, dst, u16, to_be_bytes);\n     |         ---------------------------------------- in this macro invocation\n     |\n     = note: this error originates in the macro `write_slice` (in Nightly builds, run with -Z macro-backtrace for more info)\nhelp: consider importing this macro\n     |\n76   + use core::assert_eq;\n     |\n\nerror: cannot find macro `assert_eq` in this scope\n    --> /Users/graysonnocera/.cargo/registry/src/index.crates.io-6f17d22bba15001f/byteorder-1.5.0/src/lib.rs:1931:9\n     |\n1931 |         assert_eq!(src.len() * SIZE, dst.len());\n     |         ^^^^^^^^^\n...\n2052 |         write_slice!(src, dst, u32, to_be_bytes);\n     |         ---------------------------------------- in this macro invocation\n     |\n     = note: this error originates in the macro `write_slice` (in Nightly builds, run with -Z macro-backtrace for more info)\nhelp: consider importing this macro\n     |\n76   + use core::assert_eq;\n     |\n\nerror: cannot find macro `assert_eq` in this scope\n    --> /Users/graysonnocera/.cargo/registry/src/index.crates.io-6f17d22bba15001f/byteorder-1.5.0/src/lib.rs:1931:9\n     |\n1931 |         assert_eq!(src.len() * SIZE, dst.len());\n     |         ^^^^^^^^^\n...\n2057 |         write_slice!(src, dst, u64, to_be_bytes);\n     |         ---------------------------------------- in this macro invocation\n     |\n     = note: this error originates in the macro `write_slice` (in Nightly builds, run with -Z macro-backtrace for more info)\nhelp: consider importing this macro\n     |\n76   + use core::assert_eq;\n     |\n\nerror: cannot find macro `assert_eq` in this scope\n    --> /Users/graysonnocera/.cargo/registry/src/index.crates.io-6f17d22bba15001f/byteorder-1.5.0/src/lib.rs:1931:9\n     |\n1931 |         assert_eq!(src.len() * SIZE, dst.len());\n     |         ^^^^^^^^^\n...\n2062 |         write_slice!(src, dst, u128, to_be_bytes);\n     |         ----------------------------------------- in this macro invocation\n     |\n     = note: this error originates in the macro `write_slice` (in Nightly builds, run with -Z macro-backtrace for more info)\nhelp: consider importing this macro\n     |\n76   + use core::assert_eq;\n     |\n\nerror: cannot find macro `cfg` in this scope\n    --> /Users/graysonnocera/.cargo/registry/src/index.crates.io-6f17d22bba15001f/byteorder-1.5.0/src/lib.rs:2067:12\n     |\n2067 |         if cfg!(target_endian = \"little\") {\n     |            ^^^\n     |\n     = note: `cfg` is in scope, but it is an attribute: `#[cfg]`\nhelp: consider importing this macro\n     |\n76   + use core::cfg;\n     |\n\nerror: cannot find macro `cfg` in this scope\n    --> /Users/graysonnocera/.cargo/registry/src/index.crates.io-6f17d22bba15001f/byteorder-1.5.0/src/lib.rs:2076:12\n     |\n2076 |         if cfg!(target_endian = \"little\") {\n     |            ^^^\n     |\n     = note: `cfg` is in scope, but it is an attribute: `#[cfg]`\nhelp: consider importing this macro\n     |\n76   + use core::cfg;\n     |\n\nerror: cannot find macro `cfg` in this scope\n    --> /Users/graysonnocera/.cargo/registry/src/index.crates.io-6f17d22bba15001f/byteorder-1.5.0/src/lib.rs:2085:12\n     |\n2085 |         if cfg!(target_endian = \"little\") {\n     |            ^^^\n     |\n     = note: `cfg` is in scope, but it is an attribute: `#[cfg]`\nhelp: consider importing this macro\n     |\n76   + use core::cfg;\n     |\n\nerror: cannot find macro `cfg` in this scope\n    --> /Users/graysonnocera/.cargo/registry/src/index.crates.io-6f17d22bba15001f/byteorder-1.5.0/src/lib.rs:2094:12\n     |\n2094 |         if cfg!(target_endian = \"little\") {\n     |            ^^^\n     |\n     = note: `cfg` is in scope, but it is an attribute: `#[cfg]`\nhelp: consider importing this macro\n     |\n76   + use core::cfg;\n     |\n\nerror: cannot find macro `cfg` in this scope\n    --> /Users/graysonnocera/.cargo/registry/src/index.crates.io-6f17d22bba15001f/byteorder-1.5.0/src/lib.rs:2103:12\n     |\n2103 |         if cfg!(target_endian = \"little\") {\n     |            ^^^\n     |\n     = note: `cfg` is in scope, but it is an attribute: `#[cfg]`\nhelp: consider importing this macro\n     |\n76   + use core::cfg;\n     |\n\nerror: cannot find macro `cfg` in this scope\n    --> /Users/graysonnocera/.cargo/registry/src/index.crates.io-6f17d22bba15001f/byteorder-1.5.0/src/lib.rs:2115:12\n     |\n2115 |         if cfg!(target_endian = \"little\") {\n     |            ^^^\n     |\n     = note: `cfg` is in scope, but it is an attribute: `#[cfg]`\nhelp: consider importing this macro\n     |\n76   + use core::cfg;\n     |\n\nerror: cannot find macro `assert` in this scope\n    --> /Users/graysonnocera/.cargo/registry/src/index.crates.io-6f17d22bba15001f/byteorder-1.5.0/src/lib.rs:2150:9\n     |\n2150 |         assert!(1 <= nbytes && nbytes <= out.len() && nbytes <= buf.len());\n     |         ^^^^^^\n     |\nhelp: consider importing this macro\n     |\n76   + use core::assert;\n     |\n\nerror: cannot find macro `assert` in this scope\n    --> /Users/graysonnocera/.cargo/registry/src/index.crates.io-6f17d22bba15001f/byteorder-1.5.0/src/lib.rs:2158:9\n     |\n2158 |         assert!(1 <= nbytes && nbytes <= out.len() && nbytes <= buf.len());\n     |         ^^^^^^\n     |\nhelp: consider importing this macro\n     |\n76   + use core::assert;\n     |\n\nerror: cannot find macro `assert` in this scope\n    --> /Users/graysonnocera/.cargo/registry/src/index.crates.io-6f17d22bba15001f/byteorder-1.5.0/src/lib.rs:2185:9\n     |\n2185 |         assert!(pack_size(n as u64) <= nbytes && nbytes <= 8);\n     |         ^^^^^^\n     |\nhelp: consider importing this macro\n     |\n76   + use core::assert;\n     |\n\nerror: cannot find macro `assert` in this scope\n    --> /Users/graysonnocera/.cargo/registry/src/index.crates.io-6f17d22bba15001f/byteorder-1.5.0/src/lib.rs:2186:9\n     |\n2186 |         assert!(nbytes <= buf.len());\n     |         ^^^^^^\n     |\nhelp: consider importing this macro\n     |\n76   + use core::assert;\n     |\n\nerror: cannot find macro `assert` in this scope\n    --> /Users/graysonnocera/.cargo/registry/src/index.crates.io-6f17d22bba15001f/byteorder-1.5.0/src/lib.rs:2195:9\n     |\n2195 |         assert!(pack_size128(n as u128) <= nbytes && nbytes <= 16);\n     |         ^^^^^^\n     |\nhelp: consider importing this macro\n     |\n76   + use core::assert;\n     |\n\nerror: cannot find macro `assert` in this scope\n    --> /Users/graysonnocera/.cargo/registry/src/index.crates.io-6f17d22bba15001f/byteorder-1.5.0/src/lib.rs:2196:9\n     |\n2196 |         assert!(nbytes <= buf.len());\n     |         ^^^^^^\n     |\nhelp: consider importing this macro\n     |\n76   + use core::assert;\n     |\n\nerror: cannot find macro `assert_eq` in this scope\n    --> /Users/graysonnocera/.cargo/registry/src/index.crates.io-6f17d22bba15001f/byteorder-1.5.0/src/lib.rs:1914:9\n     |\n1914 |         assert_eq!(src.len(), dst.len() * SIZE);\n     |         ^^^^^^^^^\n...\n2205 |         read_slice!(src, dst, u16, from_le_bytes);\n     |         ----------------------------------------- in this macro invocation\n     |\n     = note: this error originates in the macro `read_slice` (in Nightly builds, run with -Z macro-backtrace for more info)\nhelp: consider importing this macro\n     |\n76   + use core::assert_eq;\n     |\n\nerror: cannot find macro `assert_eq` in this scope\n    --> /Users/graysonnocera/.cargo/registry/src/index.crates.io-6f17d22bba15001f/byteorder-1.5.0/src/lib.rs:1914:9\n     |\n1914 |         assert_eq!(src.len(), dst.len() * SIZE);\n     |         ^^^^^^^^^\n...\n2210 |         read_slice!(src, dst, u32, from_le_bytes);\n     |         ----------------------------------------- in this macro invocation\n     |\n     = note: this error originates in the macro `read_slice` (in Nightly builds, run with -Z macro-backtrace for more info)\nhelp: consider importing this macro\n     |\n76   + use core::assert_eq;\n     |\n\nerror: cannot find macro `assert_eq` in this scope\n    --> /Users/graysonnocera/.cargo/registry/src/index.crates.io-6f17d22bba15001f/byteorder-1.5.0/src/lib.rs:1914:9\n     |\n1914 |         assert_eq!(src.len(), dst.len() * SIZE);\n     |         ^^^^^^^^^\n...\n2215 |         read_slice!(src, dst, u64, from_le_bytes);\n     |         ----------------------------------------- in this macro invocation\n     |\n     = note: this error originates in the macro `read_slice` (in Nightly builds, run with -Z macro-backtrace for more info)\nhelp: consider importing this macro\n     |\n76   + use core::assert_eq;\n     |\n\nerror: cannot find macro `assert_eq` in this scope\n    --> /Users/graysonnocera/.cargo/registry/src/index.crates.io-6f17d22bba15001f/byteorder-1.5.0/src/lib.rs:1914:9\n     |\n1914 |         assert_eq!(src.len(), dst.len() * SIZE);\n     |         ^^^^^^^^^\n...\n2220 |         read_slice!(src, dst, u128, from_le_bytes);\n     |         ------------------------------------------ in this macro invocation\n     |\n     = note: this error originates in the macro `read_slice` (in Nightly builds, run with -Z macro-backtrace for more info)\nhelp: consider importing this macro\n     |\n76   + use core::assert_eq;\n     |\n\nerror: cannot find macro `assert_eq` in this scope\n    --> /Users/graysonnocera/.cargo/registry/src/index.crates.io-6f17d22bba15001f/byteorder-1.5.0/src/lib.rs:1931:9\n     |\n1931 |         assert_eq!(src.len() * SIZE, dst.len());\n     |         ^^^^^^^^^\n...\n2225 |         write_slice!(src, dst, u16, to_le_bytes);\n     |         ---------------------------------------- in this macro invocation\n     |\n     = note: this error originates in the macro `write_slice` (in Nightly builds, run with -Z macro-backtrace for more info)\nhelp: consider importing this macro\n     |\n76   + use core::assert_eq;\n     |\n\nerror: cannot find macro `assert_eq` in this scope\n    --> /Users/graysonnocera/.cargo/registry/src/index.crates.io-6f17d22bba15001f/byteorder-1.5.0/src/lib.rs:1931:9\n     |\n1931 |         assert_eq!(src.len() * SIZE, dst.len());\n     |         ^^^^^^^^^\n...\n2230 |         write_slice!(src, dst, u32, to_le_bytes);\n     |         ---------------------------------------- in this macro invocation\n     |\n     = note: this error originates in the macro `write_slice` (in Nightly builds, run with -Z macro-backtrace for more info)\nhelp: consider importing this macro\n     |\n76   + use core::assert_eq;\n     |\n\nerror: cannot find macro `assert_eq` in this scope\n    --> /Users/graysonnocera/.cargo/registry/src/index.crates.io-6f17d22bba15001f/byteorder-1.5.0/src/lib.rs:1931:9\n     |\n1931 |         assert_eq!(src.len() * SIZE, dst.len());\n     |         ^^^^^^^^^\n...\n2235 |         write_slice!(src, dst, u64, to_le_bytes);\n     |         ---------------------------------------- in this macro invocation\n     |\n     = note: this error originates in the macro `write_slice` (in Nightly builds, run with -Z macro-backtrace for more info)\nhelp: consider importing this macro\n     |\n76   + use core::assert_eq;\n     |\n\nerror: cannot find macro `assert_eq` in this scope\n    --> /Users/graysonnocera/.cargo/registry/src/index.crates.io-6f17d22bba15001f/byteorder-1.5.0/src/lib.rs:1931:9\n     |\n1931 |         assert_eq!(src.len() * SIZE, dst.len());\n     |         ^^^^^^^^^\n...\n2240 |         write_slice!(src, dst, u128, to_le_bytes);\n     |         ----------------------------------------- in this macro invocation\n     |\n     = note: this error originates in the macro `write_slice` (in Nightly builds, run with -Z macro-backtrace for more info)\nhelp: consider importing this macro\n     |\n76   + use core::assert_eq;\n     |\n\nerror: cannot find macro `cfg` in this scope\n    --> /Users/graysonnocera/.cargo/registry/src/index.crates.io-6f17d22bba15001f/byteorder-1.5.0/src/lib.rs:2245:12\n     |\n2245 |         if cfg!(target_endian = \"big\") {\n     |            ^^^\n     |\n     = note: `cfg` is in scope, but it is an attribute: `#[cfg]`\nhelp: consider importing this macro\n     |\n76   + use core::cfg;\n     |\n\nerror: cannot find macro `cfg` in this scope\n    --> /Users/graysonnocera/.cargo/registry/src/index.crates.io-6f17d22bba15001f/byteorder-1.5.0/src/lib.rs:2254:12\n     |\n2254 |         if cfg!(target_endian = \"big\") {\n     |            ^^^\n     |\n     = note: `cfg` is in scope, but it is an attribute: `#[cfg]`\nhelp: consider importing this macro\n     |\n76   + use core::cfg;\n     |\n\nerror: cannot find macro `cfg` in this scope\n    --> /Users/graysonnocera/.cargo/registry/src/index.crates.io-6f17d22bba15001f/byteorder-1.5.0/src/lib.rs:2263:12\n     |\n2263 |         if cfg!(target_endian = \"big\") {\n     |            ^^^\n     |\n     = note: `cfg` is in scope, but it is an attribute: `#[cfg]`\nhelp: consider importing this macro\n     |\n76   + use core::cfg;\n     |\n\nerror: cannot find macro `cfg` in this scope\n    --> /Users/graysonnocera/.cargo/registry/src/index.crates.io-6f17d22bba15001f/byteorder-1.5.0/src/lib.rs:2272:12\n     |\n2272 |         if cfg!(target_endian = \"big\") {\n     |            ^^^\n     |\n     = note: `cfg` is in scope, but it is an attribute: `#[cfg]`\nhelp: consider importing this macro\n     |\n76   + use core::cfg;\n     |\n\nerror: cannot find macro `cfg` in this scope\n    --> /Users/graysonnocera/.cargo/registry/src/index.crates.io-6f17d22bba15001f/byteorder-1.5.0/src/lib.rs:2281:12\n     |\n2281 |         if cfg!(target_endian = \"big\") {\n     |            ^^^\n     |\n     = note: `cfg` is in scope, but it is an attribute: `#[cfg]`\nhelp: consider importing this macro\n     |\n76   + use core::cfg;\n     |\n\nerror: cannot find macro `cfg` in this scope\n    --> /Users/graysonnocera/.cargo/registry/src/index.crates.io-6f17d22bba15001f/byteorder-1.5.0/src/lib.rs:2293:12\n     |\n2293 |         if cfg!(target_endian = \"big\") {\n     |            ^^^\n     |\n     = note: `cfg` is in scope, but it is an attribute: `#[cfg]`\nhelp: consider importing this macro\n     |\n76   + use core::cfg;\n     |\n\nerror: could not compile `subtle` (lib) due to 1 previous error\nerror[E0425]: cannot find function, tuple struct or tuple variant `Ok` in this scope\n  --> /Users/graysonnocera/.cargo/registry/src/index.crates.io-6f17d22bba15001f/byteorder-1.5.0/src/io.rs:58:9\n   |\n58 |         Ok(buf[0])\n   |         ^^ not found in this scope\n   |\nhelp: consider importing this tuple variant\n   |\n1  + use core::result::Result::Ok;\n   |\n\nerror[E0425]: cannot find function, tuple struct or tuple variant `Ok` in this scope\n  --> /Users/graysonnocera/.cargo/registry/src/index.crates.io-6f17d22bba15001f/byteorder-1.5.0/src/io.rs:88:9\n   |\n88 |         Ok(buf[0] as i8)\n   |         ^^ not found in this scope\n   |\nhelp: consider importing this tuple variant\n   |\n1  + use core::result::Result::Ok;\n   |\n\nerror[E0425]: cannot find function, tuple struct or tuple variant `Ok` in this scope\n   --> /Users/graysonnocera/.cargo/registry/src/index.crates.io-6f17d22bba15001f/byteorder-1.5.0/src/io.rs:115:9\n    |\n115 |         Ok(T::read_u16(&buf))\n    |         ^^ not found in this scope\n    |\nhelp: consider importing this tuple variant\n    |\n1   + use core::result::Result::Ok;\n    |\n\nerror[E0425]: cannot find function, tuple struct or tuple variant `Ok` in this scope\n   --> /Users/graysonnocera/.cargo/registry/src/index.crates.io-6f17d22bba15001f/byteorder-1.5.0/src/io.rs:142:9\n    |\n142 |         Ok(T::read_i16(&buf))\n    |         ^^ not found in this scope\n    |\nhelp: consider importing this tuple variant\n    |\n1   + use core::result::Result::Ok;\n    |\n\nerror[E0425]: cannot find function, tuple struct or tuple variant `Ok` in this scope\n   --> /Users/graysonnocera/.cargo/registry/src/index.crates.io-6f17d22bba15001f/byteorder-1.5.0/src/io.rs:168:9\n    |\n168 |         Ok(T::read_u24(&buf))\n    |         ^^ not found in this scope\n    |\nhelp: consider importing this tuple variant\n    |\n1   + use core::result::Result::Ok;\n    |\n\nerror[E0425]: cannot find function, tuple struct or tuple variant `Ok` in this scope\n   --> /Users/graysonnocera/.cargo/registry/src/index.crates.io-6f17d22bba15001f/byteorder-1.5.0/src/io.rs:194:9\n    |\n194 |         Ok(T::read_i24(&buf))\n    |         ^^ not found in this scope\n    |\nhelp: consider importing this tuple variant\n    |\n1   + use core::result::Result::Ok;\n    |\n\nerror[E0425]: cannot find function, tuple struct or tuple variant `Ok` in this scope\n   --> /Users/graysonnocera/.cargo/registry/src/index.crates.io-6f17d22bba15001f/byteorder-1.5.0/src/io.rs:220:9\n    |\n220 |         Ok(T::read_u32(&buf))\n    |         ^^ not found in this scope\n    |\nhelp: consider importing this tuple variant\n    |\n1   + use core::result::Result::Ok;\n    |\n\nerror[E0425]: cannot find function, tuple struct or tuple variant `Ok` in this scope\n   --> /Users/graysonnocera/.cargo/registry/src/index.crates.io-6f17d22bba15001f/byteorder-1.5.0/src/io.rs:246:9\n    |\n246 |         Ok(T::read_i32(&buf))\n    |         ^^ not found in this scope\n    |\nhelp: consider importing this tuple variant\n    |\n1   + use core::result::Result::Ok;\n    |\n\nerror[E0425]: cannot find function, tuple struct or tuple variant `Ok` in this scope\n   --> /Users/graysonnocera/.cargo/registry/src/index.crates.io-6f17d22bba15001f/byteorder-1.5.0/src/io.rs:272:9\n    |\n272 |         Ok(T::read_u48(&buf))\n    |         ^^ not found in this scope\n    |\nhelp: consider importing this tuple variant\n    |\n1   + use core::result::Result::Ok;\n    |\n\nerror[E0425]: cannot find function, tuple struct or tuple variant `Ok` in this scope\n   --> /Users/graysonnocera/.cargo/registry/src/index.crates.io-6f17d22bba15001f/byteorder-1.5.0/src/io.rs:298:9\n    |\n298 |         Ok(T::read_i48(&buf))\n    |         ^^ not found in this scope\n    |\nhelp: consider importing this tuple variant\n    |\n1   + use core::result::Result::Ok;\n    |\n\nerror[E0425]: cannot find function, tuple struct or tuple variant `Ok` in this scope\n   --> /Users/graysonnocera/.cargo/registry/src/index.crates.io-6f17d22bba15001f/byteorder-1.5.0/src/io.rs:324:9\n    |\n324 |         Ok(T::read_u64(&buf))\n    |         ^^ not found in this scope\n    |\nhelp: consider importing this tuple variant\n    |\n1   + use core::result::Result::Ok;\n    |\n\nerror[E0425]: cannot find function, tuple struct or tuple variant `Ok` in this scope\n   --> /Users/graysonnocera/.cargo/registry/src/index.crates.io-6f17d22bba15001f/byteorder-1.5.0/src/io.rs:350:9\n    |\n350 |         Ok(T::read_i64(&buf))\n    |         ^^ not found in this scope\n    |\nhelp: consider importing this tuple variant\n    |\n1   + use core::result::Result::Ok;\n    |\n\nerror[E0425]: cannot find function, tuple struct or tuple variant `Ok` in this scope\n   --> /Users/graysonnocera/.cargo/registry/src/index.crates.io-6f17d22bba15001f/byteorder-1.5.0/src/io.rs:379:9\n    |\n379 |         Ok(T::read_u128(&buf))\n    |         ^^ not found in this scope\n    |\nhelp: consider importing this tuple variant\n    |\n1   + use core::result::Result::Ok;\n    |\n\nerror[E0425]: cannot find function, tuple struct or tuple variant `Ok` in this scope\n   --> /Users/graysonnocera/.cargo/registry/src/index.crates.io-6f17d22bba15001f/byteorder-1.5.0/src/io.rs:405:9\n    |\n405 |         Ok(T::read_i128(&buf))\n    |         ^^ not found in this scope\n    |\nhelp: consider importing this tuple variant\n    |\n1   + use core::result::Result::Ok;\n    |\n\nerror[E0425]: cannot find function, tuple struct or tuple variant `Ok` in this scope\n   --> /Users/graysonnocera/.cargo/registry/src/index.crates.io-6f17d22bba15001f/byteorder-1.5.0/src/io.rs:430:9\n    |\n430 |         Ok(T::read_uint(&buf[..nbytes], nbytes))\n    |         ^^ not found in this scope\n    |\nhelp: consider importing this tuple variant\n    |\n1   + use core::result::Result::Ok;\n    |\n\nerror[E0425]: cannot find function, tuple struct or tuple variant `Ok` in this scope\n   --> /Users/graysonnocera/.cargo/registry/src/index.crates.io-6f17d22bba15001f/byteorder-1.5.0/src/io.rs:455:9\n    |\n455 |         Ok(T::read_int(&buf[..nbytes], nbytes))\n    |         ^^ not found in this scope\n    |\nhelp: consider importing this tuple variant\n    |\n1   + use core::result::Result::Ok;\n    |\n\nerror[E0425]: cannot find function, tuple struct or tuple variant `Ok` in this scope\n   --> /Users/graysonnocera/.cargo/registry/src/index.crates.io-6f17d22bba15001f/byteorder-1.5.0/src/io.rs:463:9\n    |\n463 |         Ok(T::read_uint128(&buf[..nbytes], nbytes))\n    |         ^^ not found in this scope\n    |\nhelp: consider importing this tuple variant\n    |\n1   + use core::result::Result::Ok;\n    |\n\nerror[E0425]: cannot find function, tuple struct or tuple variant `Ok` in this scope\n   --> /Users/graysonnocera/.cargo/registry/src/index.crates.io-6f17d22bba15001f/byteorder-1.5.0/src/io.rs:471:9\n    |\n471 |         Ok(T::read_int128(&buf[..nbytes], nbytes))\n    |         ^^ not found in this scope\n    |\nhelp: consider importing this tuple variant\n    |\n1   + use core::result::Result::Ok;\n    |\n\nerror[E0425]: cannot find function, tuple struct or tuple variant `Ok` in this scope\n   --> /Users/graysonnocera/.cargo/registry/src/index.crates.io-6f17d22bba15001f/byteorder-1.5.0/src/io.rs:502:9\n    |\n502 |         Ok(T::read_f32(&buf))\n    |         ^^ not found in this scope\n    |\nhelp: consider importing this tuple variant\n    |\n1   + use core::result::Result::Ok;\n    |\n\nerror[E0425]: cannot find function, tuple struct or tuple variant `Ok` in this scope\n   --> /Users/graysonnocera/.cargo/registry/src/index.crates.io-6f17d22bba15001f/byteorder-1.5.0/src/io.rs:533:9\n    |\n533 |         Ok(T::read_f64(&buf))\n    |         ^^ not found in this scope\n    |\nhelp: consider importing this tuple variant\n    |\n1   + use core::result::Result::Ok;\n    |\n\nerror[E0425]: cannot find function, tuple struct or tuple variant `Ok` in this scope\n   --> /Users/graysonnocera/.cargo/registry/src/index.crates.io-6f17d22bba15001f/byteorder-1.5.0/src/io.rs:568:9\n    |\n568 |         Ok(())\n    |         ^^ not found in this scope\n    |\nhelp: consider importing this tuple variant\n    |\n1   + use core::result::Result::Ok;\n    |\n\nerror[E0425]: cannot find function, tuple struct or tuple variant `Ok` in this scope\n   --> /Users/graysonnocera/.cargo/registry/src/index.crates.io-6f17d22bba15001f/byteorder-1.5.0/src/io.rs:603:9\n    |\n603 |         Ok(())\n    |         ^^ not found in this scope\n    |\nhelp: consider importing this tuple variant\n    |\n1   + use core::result::Result::Ok;\n    |\n\nerror[E0425]: cannot find function, tuple struct or tuple variant `Ok` in this scope\n   --> /Users/graysonnocera/.cargo/registry/src/index.crates.io-6f17d22bba15001f/byteorder-1.5.0/src/io.rs:641:9\n    |\n641 |         Ok(())\n    |         ^^ not found in this scope\n    |\nhelp: consider importing this tuple variant\n    |\n1   + use core::result::Result::Ok;\n    |\n\nerror[E0425]: cannot find function, tuple struct or tuple variant `Ok` in this scope\n   --> /Users/graysonnocera/.cargo/registry/src/index.crates.io-6f17d22bba15001f/byteorder-1.5.0/src/io.rs:682:9\n    |\n682 |         Ok(())\n    |         ^^ not found in this scope\n    |\nhelp: consider importing this tuple variant\n    |\n1   + use core::result::Result::Ok;\n    |\n\nerror[E0425]: cannot find function, tuple struct or tuple variant `Ok` in this scope\n   --> /Users/graysonnocera/.cargo/registry/src/index.crates.io-6f17d22bba15001f/byteorder-1.5.0/src/io.rs:753:9\n    |\n753 |         Ok(())\n    |         ^^ not found in this scope\n    |\nhelp: consider importing this tuple variant\n    |\n1   + use core::result::Result::Ok;\n    |\n\nerror[E0425]: cannot find function, tuple struct or tuple variant `Ok` in this scope\n   --> /Users/graysonnocera/.cargo/registry/src/index.crates.io-6f17d22bba15001f/byteorder-1.5.0/src/io.rs:788:9\n    |\n788 |         Ok(())\n    |         ^^ not found in this scope\n    |\nhelp: consider importing this tuple variant\n    |\n1   + use core::result::Result::Ok;\n    |\n\nerror[E0425]: cannot find function, tuple struct or tuple variant `Ok` in this scope\n   --> /Users/graysonnocera/.cargo/registry/src/index.crates.io-6f17d22bba15001f/byteorder-1.5.0/src/io.rs:826:9\n    |\n826 |         Ok(())\n    |         ^^ not found in this scope\n    |\nhelp: consider importing this tuple variant\n    |\n1   + use core::result::Result::Ok;\n    |\n\nerror[E0425]: cannot find function, tuple struct or tuple variant `Ok` in this scope\n   --> /Users/graysonnocera/.cargo/registry/src/index.crates.io-6f17d22bba15001f/byteorder-1.5.0/src/io.rs:867:9\n    |\n867 |         Ok(())\n    |         ^^ not found in this scope\n    |\nhelp: consider importing this tuple variant\n    |\n1   + use core::result::Result::Ok;\n    |\n\nerror[E0425]: cannot find function, tuple struct or tuple variant `Ok` in this scope\n   --> /Users/graysonnocera/.cargo/registry/src/index.crates.io-6f17d22bba15001f/byteorder-1.5.0/src/io.rs:908:9\n    |\n908 |         Ok(())\n    |         ^^ not found in this scope\n    |\nhelp: consider importing this tuple variant\n    |\n1   + use core::result::Result::Ok;\n    |\n\nerror[E0425]: cannot find function, tuple struct or tuple variant `Ok` in this scope\n   --> /Users/graysonnocera/.cargo/registry/src/index.crates.io-6f17d22bba15001f/byteorder-1.5.0/src/io.rs:993:9\n    |\n993 |         Ok(())\n    |         ^^ not found in this scope\n    |\nhelp: consider importing this tuple variant\n    |\n1   + use core::result::Result::Ok;\n    |\n\nerror[E0405]: cannot find trait `Sized` in this scope\n    --> /Users/graysonnocera/.cargo/registry/src/index.crates.io-6f17d22bba15001f/byteorder-1.5.0/src/io.rs:1049:21\n     |\n1049 | impl<R: io::Read + ?Sized> ReadBytesExt for R {}\n     |                     ^^^^^ not found in this scope\n     |\nhelp: consider importing this trait\n     |\n1    + use core::marker::Sized;\n     |\n\nerror[E0405]: cannot find trait `Sized` in this scope\n    --> /Users/graysonnocera/.cargo/registry/src/index.crates.io-6f17d22bba15001f/byteorder-1.5.0/src/io.rs:1579:22\n     |\n1579 | impl<W: io::Write + ?Sized> WriteBytesExt for W {}\n     |                      ^^^^^ not found in this scope\n     |\nhelp: consider importing this trait\n     |\n1    + use core::marker::Sized;\n     |\n\nerror[E0405]: cannot find trait `Copy` in this scope\n    --> /Users/graysonnocera/.cargo/registry/src/index.crates.io-6f17d22bba15001f/byteorder-1.5.0/src/io.rs:1587:30\n     |\n1587 | unsafe fn slice_to_u8_mut<T: Copy>(slice: &mut [T]) -> &mut [u8] {\n     |                              ^^^^ not found in this scope\n     |\nhelp: consider importing this trait\n     |\n1    + use core::marker::Copy;\n     |\n\nerror[E0405]: cannot find trait `Clone` in this scope\n   --> /Users/graysonnocera/.cargo/registry/src/index.crates.io-6f17d22bba15001f/byteorder-1.5.0/src/lib.rs:213:5\n    |\n213 |     Clone\n    |     ^^^^^ not found in this scope\n    |\nhelp: consider importing this trait\n    |\n76  + use core::clone::Clone;\n    |\n\nerror[E0405]: cannot find trait `Copy` in this scope\n   --> /Users/graysonnocera/.cargo/registry/src/index.crates.io-6f17d22bba15001f/byteorder-1.5.0/src/lib.rs:214:7\n    |\n214 |     + Copy\n    |       ^^^^ not found in this scope\n    |\nhelp: consider importing this trait\n    |\n76  + use core::marker::Copy;\n    |\n\nerror[E0405]: cannot find trait `Default` in this scope\n   --> /Users/graysonnocera/.cargo/registry/src/index.crates.io-6f17d22bba15001f/byteorder-1.5.0/src/lib.rs:216:7\n    |\n216 |     + Default\n    |       ^^^^^^^ not found in this scope\n    |\nhelp: consider importing this trait\n    |\n76  + use core::default::Default;\n    |\n\nerror[E0405]: cannot find trait `Eq` in this scope\n   --> /Users/graysonnocera/.cargo/registry/src/index.crates.io-6f17d22bba15001f/byteorder-1.5.0/src/lib.rs:217:7\n    |\n217 |     + Eq\n    |       ^^ not found in this scope\n    |\nhelp: consider importing this trait\n    |\n76  + use core::cmp::Eq;\n    |\n\nerror[E0405]: cannot find trait `Ord` in this scope\n   --> /Users/graysonnocera/.cargo/registry/src/index.crates.io-6f17d22bba15001f/byteorder-1.5.0/src/lib.rs:219:7\n    |\n219 |     + Ord\n    |       ^^^ not found in this scope\n    |\nhelp: consider importing this trait\n    |\n76  + use core::cmp::Ord;\n    |\n\nerror[E0405]: cannot find trait `PartialEq` in this scope\n   --> /Users/graysonnocera/.cargo/registry/src/index.crates.io-6f17d22bba15001f/byteorder-1.5.0/src/lib.rs:220:7\n    |\n220 |     + PartialEq\n    |       ^^^^^^^^^ not found in this scope\n    |\nhelp: consider importing this trait\n    |\n76  + use core::cmp::PartialEq;\n    |\n\nerror[E0405]: cannot find trait `PartialOrd` in this scope\n   --> /Users/graysonnocera/.cargo/registry/src/index.crates.io-6f17d22bba15001f/byteorder-1.5.0/src/lib.rs:221:7\n    |\n221 |     + PartialOrd\n    |       ^^^^^^^^^^ not found in this scope\n    |\nhelp: consider importing this trait\n    |\n76  + use core::cmp::PartialOrd;\n    |\n\nerror[E0405]: cannot find trait `Default` in this scope\n    --> /Users/graysonnocera/.cargo/registry/src/index.crates.io-6f17d22bba15001f/byteorder-1.5.0/src/lib.rs:1815:6\n     |\n1815 | impl Default for BigEndian {\n     |      ^^^^^^^ not found in this scope\n     |\nhelp: consider importing this trait\n     |\n76   + use core::default::Default;\n     |\n\nerror[E0405]: cannot find trait `Default` in this scope\n    --> /Users/graysonnocera/.cargo/registry/src/index.crates.io-6f17d22bba15001f/byteorder-1.5.0/src/lib.rs:1845:6\n     |\n1845 | impl Default for LittleEndian {\n     |      ^^^^^^^ not found in this scope\n     |\nhelp: consider importing this trait\n     |\n76   + use core::default::Default;\n     |\n\nSome errors have detailed explanations: E0405, E0425, E0463.\nFor more information about an error, try `rustc --explain E0405`.\nerror: could not compile `byteorder` (lib) due to 91 previous errors\n",
      "stdout": ""
    },
    "features": [
      "std"
    ],
    "project": "../../../Downloads/695-Project/dataset/nostd-failed-crates/crates/anychain-core-0.1.3/src",
    "time_to_build": 2756,
    "time_to_solve": 40
  }
]