[
  {
    "built_with_features": null,
    "command": {
      "args": [
        "build",
        "--target",
        "thumbv7m-none-eabi",
        "--no-default-features"
      ],
      "code": 101,
      "stderr": "   Compiling getrandom v0.2.15\n   Compiling bech32 v0.9.1\n   Compiling hex v0.4.3\n   Compiling crypto-common v0.1.6\n   Compiling zerocopy v0.7.35\n   Compiling serde v1.0.215\n   Compiling thiserror v1.0.69\nerror[E0463]: can't find crate for `std`\n  |\n  = note: the `thumbv7m-none-eabi` target may not support the standard library\n  = note: `std` is required by `hex` because it does not declare `#![no_std]`\n\nerror[E0463]: can't find crate for `std`\n  |\n  = note: the `thumbv7m-none-eabi` target may not support the standard library\n  = note: `std` is required by `thiserror` because it does not declare `#![no_std]`\n\nerror[E0463]: can't find crate for `std`\n  |\n  = note: the `thumbv7m-none-eabi` target may not support the standard library\n  = note: `std` is required by `bech32` because it does not declare `#![no_std]`\n\nerror[E0463]: can't find crate for `std`\n  --> /Users/graysonnocera/.cargo/registry/src/index.crates.io-6f17d22bba15001f/crypto-common-0.1.6/src/lib.rs:13:1\n   |\n13 | extern crate std;\n   | ^^^^^^^^^^^^^^^^^ can't find crate\n   |\n   = note: the `thumbv7m-none-eabi` target may not support the standard library\n\nerror[E0463]: can't find crate for `std`\n --> /Users/graysonnocera/.cargo/registry/src/index.crates.io-6f17d22bba15001f/getrandom-0.2.15/src/error_impls.rs:1:1\n  |\n1 | extern crate std;\n  | ^^^^^^^^^^^^^^^^^ can't find crate\n  |\n  = note: the `thumbv7m-none-eabi` target may not support the standard library\n\nerror[E0463]: can't find crate for `std`\n  --> /Users/graysonnocera/.cargo/registry/src/index.crates.io-6f17d22bba15001f/bech32-0.9.1/src/lib.rs:72:5\n   |\n72 | use std::borrow::Cow;\n   |     ^^^ can't find crate\n   |\n   = note: the `thumbv7m-none-eabi` target may not support the standard library\n\nerror: target is not supported, for more information see: https://docs.rs/getrandom/#unsupported-targets\n   --> /Users/graysonnocera/.cargo/registry/src/index.crates.io-6f17d22bba15001f/getrandom-0.2.15/src/lib.rs:347:9\n    |\n347 | /         compile_error!(\"target is not supported, for more information see: \\\n348 | |                         https://docs.rs/getrandom/#unsupported-targets\");\n    | |________________________________________________________________________^\n\nerror: cannot find macro `panic` in this scope\n   --> /Users/graysonnocera/.cargo/registry/src/index.crates.io-6f17d22bba15001f/bech32-0.9.1/src/lib.rs:732:9\n    |\n732 |         panic!(\"convert_bits `from` and `to` parameters 0 or greater than 8\");\n    |         ^^^^^\n    |\nhelp: consider importing this macro\n    |\n71  + use core::panic;\n    |\n\nerror: cannot find macro `write` in this scope\n   --> /Users/graysonnocera/.cargo/registry/src/index.crates.io-6f17d22bba15001f/bech32-0.9.1/src/lib.rs:690:33\n    |\n690 |             Error::MixedCase => write!(f, \"mixed-case strings not allowed\"),\n    |                                 ^^^^^\n    |\nhelp: consider importing this macro\n    |\n71  + use core::write;\n    |\n\nerror: cannot find macro `write` in this scope\n   --> /Users/graysonnocera/.cargo/registry/src/index.crates.io-6f17d22bba15001f/bech32-0.9.1/src/lib.rs:689:38\n    |\n689 |             Error::InvalidPadding => write!(f, \"invalid padding\"),\n    |                                      ^^^^^\n    |\nhelp: consider importing this macro\n    |\n71  + use core::write;\n    |\n\nerror: cannot find macro `write` in this scope\n   --> /Users/graysonnocera/.cargo/registry/src/index.crates.io-6f17d22bba15001f/bech32-0.9.1/src/lib.rs:688:38\n    |\n688 |             Error::InvalidData(n) => write!(f, \"invalid data point ({})\", n),\n    |                                      ^^^^^\n    |\nhelp: consider importing this macro\n    |\n71  + use core::write;\n    |\n\nerror: cannot find macro `write` in this scope\n   --> /Users/graysonnocera/.cargo/registry/src/index.crates.io-6f17d22bba15001f/bech32-0.9.1/src/lib.rs:687:38\n    |\n687 |             Error::InvalidChar(n) => write!(f, \"invalid character (code={})\", n),\n    |                                      ^^^^^\n    |\nhelp: consider importing this macro\n    |\n71  + use core::write;\n    |\n\nerror: cannot find attribute `derive` in this scope\n --> /Users/graysonnocera/.cargo/registry/src/index.crates.io-6f17d22bba15001f/hex-0.4.3/src/error.rs:4:3\n  |\n4 | #[derive(Debug, Clone, Copy, PartialEq)]\n  |   ^^^^^^\n  |\nhelp: consider importing this attribute macro\n  |\n1 + use core::prelude::rust_2024::derive;\n  |\n\nerror: cannot find macro `write` in this scope\n   --> /Users/graysonnocera/.cargo/registry/src/index.crates.io-6f17d22bba15001f/bech32-0.9.1/src/lib.rs:686:37\n    |\n686 |             Error::InvalidLength => write!(f, \"invalid length\"),\n    |                                     ^^^^^\n    |\nhelp: consider importing this macro\n    |\n71  + use core::write;\n    |\n\nerror: cannot find macro `write` in this scope\n  --> /Users/graysonnocera/.cargo/registry/src/index.crates.io-6f17d22bba15001f/hex-0.4.3/src/error.rs:27:17\n   |\n27 |                 write!(f, \"Invalid character {:?} at position {}\", c, index)\n   |                 ^^^^^\n   |\nhelp: consider importing this macro\n   |\n1  + use core::write;\n   |\n\nerror: cannot find macro `write` in this scope\n   --> /Users/graysonnocera/.cargo/registry/src/index.crates.io-6f17d22bba15001f/bech32-0.9.1/src/lib.rs:685:39\n    |\n685 |             Error::InvalidChecksum => write!(f, \"invalid checksum\"),\n    |                                       ^^^^^\n    |\nhelp: consider importing this macro\n    |\n71  + use core::write;\n    |\n\nerror: cannot find macro `write` in this scope\n   --> /Users/graysonnocera/.cargo/registry/src/index.crates.io-6f17d22bba15001f/bech32-0.9.1/src/lib.rs:684:40\n    |\n684 |             Error::MissingSeparator => write!(f, \"missing human-readable separator, \\\"{}\\\"\", SEP),\n    |                                        ^^^^^\n    |\nhelp: consider importing this macro\n    |\n71  + use core::write;\n    |\n\nerror: cannot find macro `write` in this scope\n  --> /Users/graysonnocera/.cargo/registry/src/index.crates.io-6f17d22bba15001f/hex-0.4.3/src/error.rs:29:40\n   |\n29 |             FromHexError::OddLength => write!(f, \"Odd number of digits\"),\n   |                                        ^^^^^\n   |\nhelp: consider importing this macro\n   |\n1  + use core::write;\n   |\n\nerror: cannot find macro `write` in this scope\n  --> /Users/graysonnocera/.cargo/registry/src/index.crates.io-6f17d22bba15001f/hex-0.4.3/src/error.rs:30:50\n   |\n30 |             FromHexError::InvalidStringLength => write!(f, \"Invalid string length\"),\n   |                                                  ^^^^^\n   |\nhelp: consider importing this macro\n   |\n1  + use core::write;\n   |\n\nFor more information about this error, try `rustc --explain E0463`.\nerror: cannot find attribute `derive` in this scope\n   --> /Users/graysonnocera/.cargo/registry/src/index.crates.io-6f17d22bba15001f/bech32-0.9.1/src/lib.rs:663:3\n    |\n663 | #[derive(Copy, Clone, PartialEq, Eq, PartialOrd, Ord, Hash, Debug)]\n    |   ^^^^^^\n    |\nhelp: consider importing this attribute macro\n    |\n71  + use core::prelude::rust_2024::derive;\n    |\n\nerror[E0463]: can't find crate for `std`\n  --> /Users/graysonnocera/.cargo/registry/src/index.crates.io-6f17d22bba15001f/hex-0.4.3/src/error.rs:21:6\n   |\n21 | impl std::error::Error for FromHexError {}\n   |      ^^^ can't find crate\n   |\n   = note: the `thumbv7m-none-eabi` target may not support the standard library\n\nerror: cannot find attribute `derive` in this scope\n   --> /Users/graysonnocera/.cargo/registry/src/index.crates.io-6f17d22bba15001f/bech32-0.9.1/src/lib.rs:460:3\n    |\n460 | #[derive(Copy, Clone, PartialEq, Eq, PartialOrd, Ord, Hash, Debug)]\n    |   ^^^^^^\n    |\nhelp: consider importing this attribute macro\n    |\n71  + use core::prelude::rust_2024::derive;\n    |\n\nerror: cannot find macro `unreachable` in this scope\n   --> /Users/graysonnocera/.cargo/registry/src/index.crates.io-6f17d22bba15001f/bech32-0.9.1/src/lib.rs:395:25\n    |\n395 |         (true, true) => unreachable!(),\n    |                         ^^^^^^^^^^^\n    |\nhelp: consider importing this macro\n    |\n71  + use core::unreachable;\n    |\n\nerror: cannot find attribute `derive` in this scope\n   --> /Users/graysonnocera/.cargo/registry/src/index.crates.io-6f17d22bba15001f/bech32-0.9.1/src/lib.rs:354:3\n    |\n354 | #[derive(Clone, Copy, PartialEq, Eq)]\n    |   ^^^^^^\n    |\nhelp: consider importing this attribute macro\n    |\n71  + use core::prelude::rust_2024::derive;\n    |\n\nerror: cannot find attribute `derive` in this scope\n  --> /Users/graysonnocera/.cargo/registry/src/index.crates.io-6f17d22bba15001f/bech32-0.9.1/src/lib.rs:77:3\n   |\n77 | #[derive(PartialEq, Eq, Debug, Copy, Clone, Default, PartialOrd, Ord, Hash)]\n   |   ^^^^^^\n   |\nhelp: consider importing this attribute macro\n   |\n71 + use core::prelude::rust_2024::derive;\n   |\n\nerror[E0433]: failed to resolve: use of undeclared crate or module `imp`\n   --> /Users/graysonnocera/.cargo/registry/src/index.crates.io-6f17d22bba15001f/getrandom-0.2.15/src/lib.rs:398:9\n    |\n398 |         imp::getrandom_inner(dest)?;\n    |         ^^^ use of undeclared crate or module `imp`\n\nSome errors have detailed explanations: E0433, E0463.\nFor more information about an error, try `rustc --explain E0433`.\nerror: could not compile `getrandom` (lib) due to 3 previous errors\nwarning: build failed, waiting for other jobs to finish...\nerror[E0463]: can't find crate for `std`\n   --> /Users/graysonnocera/.cargo/registry/src/index.crates.io-6f17d22bba15001f/bech32-0.9.1/src/lib.rs:696:6\n    |\n696 | impl std::error::Error for Error {\n    |      ^^^ can't find crate\n    |\n    = note: the `thumbv7m-none-eabi` target may not support the standard library\n\nerror[E0412]: cannot find type `Result` in this scope\n  --> /Users/graysonnocera/.cargo/registry/src/index.crates.io-6f17d22bba15001f/bech32-0.9.1/src/lib.rs:83:38\n   |\n83 |     pub fn try_from_u8(value: u8) -> Result<u5, Error> {\n   |                                      ^^^^^^ not found in this scope\n   |\nhelp: consider importing one of these items\n   |\n71 + use crate::fmt::Result;\n   |\n71 + use core::fmt::Result;\n   |\n71 + use core::result::Result;\n   |\n\nerror[E0425]: cannot find function, tuple struct or tuple variant `Err` in this scope\n  --> /Users/graysonnocera/.cargo/registry/src/index.crates.io-6f17d22bba15001f/bech32-0.9.1/src/lib.rs:85:13\n   |\n85 |             Err(Error::InvalidData(value))\n   |             ^^^ not found in this scope\n   |\nhelp: consider importing this tuple variant\n   |\n71 + use core::result::Result::Err;\n   |\n\nerror[E0425]: cannot find function, tuple struct or tuple variant `Ok` in this scope\n  --> /Users/graysonnocera/.cargo/registry/src/index.crates.io-6f17d22bba15001f/bech32-0.9.1/src/lib.rs:87:13\n   |\n87 |             Ok(u5(value))\n   |             ^^ not found in this scope\n   |\nhelp: consider importing this tuple variant\n   |\n71 + use core::result::Result::Ok;\n   |\n\nerror[E0405]: cannot find trait `From` in this scope\n   --> /Users/graysonnocera/.cargo/registry/src/index.crates.io-6f17d22bba15001f/bech32-0.9.1/src/lib.rs:102:6\n    |\n102 | impl From<u5> for u8 {\n    |      ^^^^ not found in this scope\n    |\nhelp: consider importing this trait\n    |\n71  + use core::convert::From;\n    |\n\nerror[E0405]: cannot find trait `AsRef` in this scope\n   --> /Users/graysonnocera/.cargo/registry/src/index.crates.io-6f17d22bba15001f/bech32-0.9.1/src/lib.rs:108:6\n    |\n108 | impl AsRef<u8> for u5 {\n    |      ^^^^^ not found in this scope\n    |\nhelp: consider importing this trait\n    |\n71  + use core::convert::AsRef;\n    |\n\nerror[E0412]: cannot find type `Result` in this scope\n   --> /Users/graysonnocera/.cargo/registry/src/index.crates.io-6f17d22bba15001f/bech32-0.9.1/src/lib.rs:120:41\n    |\n120 |     fn write(&mut self, data: &[u5]) -> Result<(), Self::Err> {\n    |                                         ^^^^^^ not found in this scope\n    |\nhelp: consider importing one of these items\n    |\n71  + use crate::fmt::Result;\n    |\n71  + use core::fmt::Result;\n    |\n71  + use core::result::Result;\n    |\n\nerror[E0425]: cannot find function, tuple struct or tuple variant `Ok` in this scope\n   --> /Users/graysonnocera/.cargo/registry/src/index.crates.io-6f17d22bba15001f/bech32-0.9.1/src/lib.rs:124:9\n    |\n124 |         Ok(())\n    |         ^^ not found in this scope\n    |\nhelp: consider importing this tuple variant\n    |\n71  + use core::result::Result::Ok;\n    |\n\nerror[E0412]: cannot find type `Result` in this scope\n   --> /Users/graysonnocera/.cargo/registry/src/index.crates.io-6f17d22bba15001f/bech32-0.9.1/src/lib.rs:128:41\n    |\n128 |     fn write_u5(&mut self, data: u5) -> Result<(), Self::Err>;\n    |                                         ^^^^^^ not found in this scope\n    |\nhelp: consider importing one of these items\n    |\n71  + use crate::fmt::Result;\n    |\n71  + use core::fmt::Result;\n    |\n71  + use core::result::Result;\n    |\n\nerror[E0412]: cannot find type `Result` in this scope\n   --> /Users/graysonnocera/.cargo/registry/src/index.crates.io-6f17d22bba15001f/bech32-0.9.1/src/lib.rs:150:10\n    |\n150 |     ) -> Result<Bech32Writer<'a>, fmt::Error> {\n    |          ^^^^^^ not found in this scope\n    |\nhelp: consider importing one of these items\n    |\n71  + use crate::fmt::Result;\n    |\n71  + use core::fmt::Result;\n    |\n71  + use core::result::Result;\n    |\n\nerror[E0425]: cannot find function, tuple struct or tuple variant `Ok` in this scope\n   --> /Users/graysonnocera/.cargo/registry/src/index.crates.io-6f17d22bba15001f/bech32-0.9.1/src/lib.rs:169:9\n    |\n169 |         Ok(writer)\n    |         ^^ not found in this scope\n    |\nhelp: consider importing this tuple variant\n    |\n71  + use core::result::Result::Ok;\n    |\n\nerror[E0425]: cannot find function, tuple struct or tuple variant `Ok` in this scope\n   --> /Users/graysonnocera/.cargo/registry/src/index.crates.io-6f17d22bba15001f/bech32-0.9.1/src/lib.rs:187:9\n    |\n187 |         Ok(())\n    |         ^^ not found in this scope\n    |\nhelp: consider importing this tuple variant\n    |\n71  + use core::result::Result::Ok;\n    |\n\nerror[E0425]: cannot find function, tuple struct or tuple variant `Ok` in this scope\n   --> /Users/graysonnocera/.cargo/registry/src/index.crates.io-6f17d22bba15001f/bech32-0.9.1/src/lib.rs:203:9\n    |\n203 |         Ok(())\n    |         ^^ not found in this scope\n    |\nhelp: consider importing this tuple variant\n    |\n71  + use core::result::Result::Ok;\n    |\n\nerror[E0405]: cannot find trait `Drop` in this scope\n   --> /Users/graysonnocera/.cargo/registry/src/index.crates.io-6f17d22bba15001f/bech32-0.9.1/src/lib.rs:217:10\n    |\n217 | impl<'a> Drop for Bech32Writer<'a> {\n    |          ^^^^ not found in this scope\n    |\nhelp: consider importing this trait\n    |\n71  + use core::ops::Drop;\n    |\n\nerror[E0405]: cannot find trait `Sized` in this scope\n   --> /Users/graysonnocera/.cargo/registry/src/index.crates.io-6f17d22bba15001f/bech32-0.9.1/src/lib.rs:226:23\n    |\n226 | pub trait FromBase32: Sized {\n    |                       ^^^^^ not found in this scope\n    |\nhelp: consider importing this trait\n    |\n71  + use core::marker::Sized;\n    |\n\nerror[E0412]: cannot find type `Result` in this scope\n   --> /Users/graysonnocera/.cargo/registry/src/index.crates.io-6f17d22bba15001f/bech32-0.9.1/src/lib.rs:231:35\n    |\n231 |     fn from_base32(b32: &[u5]) -> Result<Self, Self::Err>;\n    |                                   ^^^^^^ not found in this scope\n    |\nhelp: consider importing one of these items\n    |\n71  + use crate::fmt::Result;\n    |\n71  + use core::fmt::Result;\n    |\n71  + use core::result::Result;\n    |\n\nerror[E0412]: cannot find type `Vec` in this scope\n   --> /Users/graysonnocera/.cargo/registry/src/index.crates.io-6f17d22bba15001f/bech32-0.9.1/src/lib.rs:234:22\n    |\n234 | impl WriteBase32 for Vec<u5> {\n    |                      ^^^ not found in this scope\n\nerror[E0412]: cannot find type `Result` in this scope\n   --> /Users/graysonnocera/.cargo/registry/src/index.crates.io-6f17d22bba15001f/bech32-0.9.1/src/lib.rs:237:41\n    |\n237 |     fn write(&mut self, data: &[u5]) -> Result<(), Self::Err> {\n    |                                         ^^^^^^ not found in this scope\n    |\nhelp: consider importing one of these items\n    |\n71  + use crate::fmt::Result;\n    |\n71  + use core::fmt::Result;\n    |\n71  + use core::result::Result;\n    |\n\nerror[E0425]: cannot find function, tuple struct or tuple variant `Ok` in this scope\n   --> /Users/graysonnocera/.cargo/registry/src/index.crates.io-6f17d22bba15001f/bech32-0.9.1/src/lib.rs:239:9\n    |\n239 |         Ok(())\n    |         ^^ not found in this scope\n    |\nhelp: consider importing this tuple variant\n    |\n71  + use core::result::Result::Ok;\n    |\n\nerror[E0412]: cannot find type `Result` in this scope\n   --> /Users/graysonnocera/.cargo/registry/src/index.crates.io-6f17d22bba15001f/bech32-0.9.1/src/lib.rs:242:41\n    |\n242 |     fn write_u5(&mut self, data: u5) -> Result<(), Self::Err> {\n    |                                         ^^^^^^ not found in this scope\n    |\nhelp: consider importing one of these items\n    |\n71  + use crate::fmt::Result;\n    |\n71  + use core::fmt::Result;\n    |\n71  + use core::result::Result;\n    |\n\nerror[E0425]: cannot find function, tuple struct or tuple variant `Ok` in this scope\n   --> /Users/graysonnocera/.cargo/registry/src/index.crates.io-6f17d22bba15001f/bech32-0.9.1/src/lib.rs:244:9\n    |\n244 |         Ok(())\n    |         ^^ not found in this scope\n    |\nhelp: consider importing this tuple variant\n    |\n71  + use core::result::Result::Ok;\n    |\n\nerror[E0412]: cannot find type `Vec` in this scope\n   --> /Users/graysonnocera/.cargo/registry/src/index.crates.io-6f17d22bba15001f/bech32-0.9.1/src/lib.rs:248:21\n    |\n248 | impl FromBase32 for Vec<u8> {\n    |                     ^^^ not found in this scope\n\nerror[E0412]: cannot find type `Result` in this scope\n   --> /Users/graysonnocera/.cargo/registry/src/index.crates.io-6f17d22bba15001f/bech32-0.9.1/src/lib.rs:253:35\n    |\n253 |     fn from_base32(b32: &[u5]) -> Result<Self, Self::Err> {\n    |                                   ^^^^^^ not found in this scope\n    |\nhelp: consider importing one of these items\n    |\n71  + use crate::fmt::Result;\n    |\n71  + use core::fmt::Result;\n    |\n71  + use core::result::Result;\n    |\n\nerror[E0412]: cannot find type `Vec` in this scope\n   --> /Users/graysonnocera/.cargo/registry/src/index.crates.io-6f17d22bba15001f/bech32-0.9.1/src/lib.rs:261:28\n    |\n261 |     fn to_base32(&self) -> Vec<u5> {\n    |                            ^^^ not found in this scope\n\nerror[E0412]: cannot find type `Result` in this scope\n   --> /Users/graysonnocera/.cargo/registry/src/index.crates.io-6f17d22bba15001f/bech32-0.9.1/src/lib.rs:269:63\n    |\n269 |     fn write_base32<W: WriteBase32>(&self, writer: &mut W) -> Result<(), <W as WriteBase32>::Err>;\n    |                                                               ^^^^^^ not found in this scope\n    |\nhelp: consider importing one of these items\n    |\n71  + use crate::fmt::Result;\n    |\n71  + use core::fmt::Result;\n    |\n71  + use core::result::Result;\n    |\n\nerror[E0405]: cannot find trait `AsRef` in this scope\n   --> /Users/graysonnocera/.cargo/registry/src/index.crates.io-6f17d22bba15001f/bech32-0.9.1/src/lib.rs:278:9\n    |\n278 | impl<T: AsRef<[u8]>> ToBase32 for T {\n    |         ^^^^^ not found in this scope\n    |\nhelp: consider importing this trait\n    |\n71  + use core::convert::AsRef;\n    |\n\nerror[E0412]: cannot find type `Result` in this scope\n   --> /Users/graysonnocera/.cargo/registry/src/index.crates.io-6f17d22bba15001f/bech32-0.9.1/src/lib.rs:279:63\n    |\n279 |     fn write_base32<W: WriteBase32>(&self, writer: &mut W) -> Result<(), <W as WriteBase32>::Err> {\n    |                                                               ^^^^^^ not found in this scope\n    |\nhelp: consider importing one of these items\n    |\n71  + use crate::fmt::Result;\n    |\n71  + use core::fmt::Result;\n    |\n71  + use core::result::Result;\n    |\n\nerror[E0425]: cannot find function, tuple struct or tuple variant `Ok` in this scope\n   --> /Users/graysonnocera/.cargo/registry/src/index.crates.io-6f17d22bba15001f/bech32-0.9.1/src/lib.rs:318:9\n    |\n318 |         Ok(())\n    |         ^^ not found in this scope\n    |\nhelp: consider importing this tuple variant\n    |\n71  + use core::result::Result::Ok;\n    |\n\nerror[E0405]: cannot find trait `AsRef` in this scope\n   --> /Users/graysonnocera/.cargo/registry/src/index.crates.io-6f17d22bba15001f/bech32-0.9.1/src/lib.rs:322:9\n    |\n322 | impl<T: AsRef<[u8]>> Base32Len for T {\n    |         ^^^^^ not found in this scope\n    |\nhelp: consider importing this trait\n    |\n71  + use core::convert::AsRef;\n    |\n\nerror[E0405]: cannot find trait `AsRef` in this scope\n   --> /Users/graysonnocera/.cargo/registry/src/index.crates.io-6f17d22bba15001f/bech32-0.9.1/src/lib.rs:335:26\n    |\n335 | pub trait CheckBase32<T: AsRef<[u5]>> {\n    |                          ^^^^^ not found in this scope\n    |\nhelp: consider importing this trait\n    |\n71  + use core::convert::AsRef;\n    |\n\nerror[E0412]: cannot find type `Result` in this scope\n   --> /Users/graysonnocera/.cargo/registry/src/index.crates.io-6f17d22bba15001f/bech32-0.9.1/src/lib.rs:340:30\n    |\n340 |     fn check_base32(self) -> Result<T, Self::Err>;\n    |                              ^^^^^^ not found in this scope\n    |\nhelp: consider importing one of these items\n    |\n71  + use crate::fmt::Result;\n    |\n71  + use core::fmt::Result;\n    |\n71  + use core::result::Result;\n    |\n\nerror[E0412]: cannot find type `Vec` in this scope\n   --> /Users/graysonnocera/.cargo/registry/src/index.crates.io-6f17d22bba15001f/bech32-0.9.1/src/lib.rs:343:34\n    |\n343 | impl<T: AsRef<[u8]>> CheckBase32<Vec<u5>> for T {\n    |                                  ^^^ not found in this scope\n\nerror[E0405]: cannot find trait `AsRef` in this scope\n   --> /Users/graysonnocera/.cargo/registry/src/index.crates.io-6f17d22bba15001f/bech32-0.9.1/src/lib.rs:343:9\n    |\n343 | impl<T: AsRef<[u8]>> CheckBase32<Vec<u5>> for T {\n    |         ^^^^^ not found in this scope\n    |\nhelp: consider importing this trait\n    |\n71  + use core::convert::AsRef;\n    |\n\nerror[E0412]: cannot find type `Result` in this scope\n   --> /Users/graysonnocera/.cargo/registry/src/index.crates.io-6f17d22bba15001f/bech32-0.9.1/src/lib.rs:346:30\n    |\n346 |     fn check_base32(self) -> Result<Vec<u5>, Self::Err> {\n    |                              ^^^^^^ not found in this scope\n    |\nhelp: consider importing one of these items\n    |\n71  + use crate::fmt::Result;\n    |\n71  + use core::fmt::Result;\n    |\n71  + use core::result::Result;\n    |\n\nerror[E0412]: cannot find type `Vec` in this scope\n   --> /Users/graysonnocera/.cargo/registry/src/index.crates.io-6f17d22bba15001f/bech32-0.9.1/src/lib.rs:346:37\n    |\n346 |     fn check_base32(self) -> Result<Vec<u5>, Self::Err> {\n    |                                     ^^^ not found in this scope\n\nerror[E0412]: cannot find type `Result` in this scope\n   --> /Users/graysonnocera/.cargo/registry/src/index.crates.io-6f17d22bba15001f/bech32-0.9.1/src/lib.rs:350:24\n    |\n350 |             .collect::<Result<Vec<u5>, Error>>()\n    |                        ^^^^^^ not found in this scope\n    |\nhelp: consider importing one of these items\n    |\n71  + use crate::fmt::Result;\n    |\n71  + use core::fmt::Result;\n    |\n71  + use core::result::Result;\n    |\n\nerror[E0412]: cannot find type `Vec` in this scope\n   --> /Users/graysonnocera/.cargo/registry/src/index.crates.io-6f17d22bba15001f/bech32-0.9.1/src/lib.rs:350:31\n    |\n350 |             .collect::<Result<Vec<u5>, Error>>()\n    |                               ^^^ not found in this scope\n\nerror[E0412]: cannot find type `Result` in this scope\n   --> /Users/graysonnocera/.cargo/registry/src/index.crates.io-6f17d22bba15001f/bech32-0.9.1/src/lib.rs:367:28\n    |\n367 | fn check_hrp(hrp: &str) -> Result<Case, Error> {\n    |                            ^^^^^^ not found in this scope\n    |\nhelp: consider importing one of these items\n    |\n71  + use crate::fmt::Result;\n    |\n71  + use core::fmt::Result;\n    |\n71  + use core::result::Result;\n    |\n\nerror[E0425]: cannot find function, tuple struct or tuple variant `Err` in this scope\n   --> /Users/graysonnocera/.cargo/registry/src/index.crates.io-6f17d22bba15001f/bech32-0.9.1/src/lib.rs:369:16\n    |\n369 |         return Err(Error::InvalidLength);\n    |                ^^^ not found in this scope\n    |\nhelp: consider importing this tuple variant\n    |\n71  + use core::result::Result::Err;\n    |\n\nerror[E0425]: cannot find function, tuple struct or tuple variant `Err` in this scope\n   --> /Users/graysonnocera/.cargo/registry/src/index.crates.io-6f17d22bba15001f/bech32-0.9.1/src/lib.rs:377:20\n    |\n377 |             return Err(Error::InvalidChar(b as char));\n    |                    ^^^ not found in this scope\n    |\nhelp: consider importing this tuple variant\n    |\n71  + use core::result::Result::Err;\n    |\n\nerror[E0425]: cannot find function, tuple struct or tuple variant `Err` in this scope\n   --> /Users/graysonnocera/.cargo/registry/src/index.crates.io-6f17d22bba15001f/bech32-0.9.1/src/lib.rs:387:20\n    |\n387 |             return Err(Error::MixedCase);\n    |                    ^^^ not found in this scope\n    |\nhelp: consider importing this tuple variant\n    |\n71  + use core::result::Result::Err;\n    |\n\nerror[E0425]: cannot find function, tuple struct or tuple variant `Ok` in this scope\n   --> /Users/graysonnocera/.cargo/registry/src/index.crates.io-6f17d22bba15001f/bech32-0.9.1/src/lib.rs:391:5\n    |\n391 |     Ok(match (has_upper, has_lower) {\n    |     ^^ not found in this scope\n    |\nhelp: consider importing this tuple variant\n    |\n71  + use core::result::Result::Ok;\n    |\n\nerror[E0405]: cannot find trait `AsRef` in this scope\n   --> /Users/graysonnocera/.cargo/registry/src/index.crates.io-6f17d22bba15001f/bech32-0.9.1/src/lib.rs:406:25\n    |\n406 | pub fn encode_to_fmt<T: AsRef<[u5]>>(\n    |                         ^^^^^ not found in this scope\n    |\nhelp: consider importing this trait\n    |\n71  + use core::convert::AsRef;\n    |\n\nerror[E0412]: cannot find type `Result` in this scope\n   --> /Users/graysonnocera/.cargo/registry/src/index.crates.io-6f17d22bba15001f/bech32-0.9.1/src/lib.rs:411:6\n    |\n411 | ) -> Result<fmt::Result, Error> {\n    |      ^^^^^^ not found in this scope\n    |\nhelp: consider importing one of these items\n    |\n71  + use crate::fmt::Result;\n    |\n71  + use core::fmt::Result;\n    |\n71  + use core::result::Result;\n    |\n\nerror[E0531]: cannot find tuple struct or tuple variant `Ok` in this scope\n   --> /Users/graysonnocera/.cargo/registry/src/index.crates.io-6f17d22bba15001f/bech32-0.9.1/src/lib.rs:418:9\n    |\n418 |         Ok(mut writer) => {\n    |         ^^ not found in this scope\n    |\nhelp: consider importing this tuple variant\n    |\n71  + use core::result::Result::Ok;\n    |\n\nerror[E0425]: cannot find function, tuple struct or tuple variant `Ok` in this scope\n   --> /Users/graysonnocera/.cargo/registry/src/index.crates.io-6f17d22bba15001f/bech32-0.9.1/src/lib.rs:419:13\n    |\n419 |             Ok(writer.write(data.as_ref()).and_then(|_| {\n    |             ^^ not found in this scope\n    |\nhelp: consider importing this tuple variant\n    |\n71  + use core::result::Result::Ok;\n    |\n\nerror[E0531]: cannot find tuple struct or tuple variant `Err` in this scope\n   --> /Users/graysonnocera/.cargo/registry/src/index.crates.io-6f17d22bba15001f/bech32-0.9.1/src/lib.rs:424:9\n    |\n424 |         Err(e) => Ok(Err(e)),\n    |         ^^^ not found in this scope\n    |\nhelp: consider importing this tuple variant\n    |\n71  + use core::result::Result::Err;\n    |\n\nerror[E0425]: cannot find function, tuple struct or tuple variant `Ok` in this scope\n   --> /Users/graysonnocera/.cargo/registry/src/index.crates.io-6f17d22bba15001f/bech32-0.9.1/src/lib.rs:424:19\n    |\n424 |         Err(e) => Ok(Err(e)),\n    |                   ^^ not found in this scope\n    |\nhelp: consider importing this tuple variant\n    |\n71  + use core::result::Result::Ok;\n    |\n\nerror[E0425]: cannot find function, tuple struct or tuple variant `Err` in this scope\n   --> /Users/graysonnocera/.cargo/registry/src/index.crates.io-6f17d22bba15001f/bech32-0.9.1/src/lib.rs:424:22\n    |\n424 |         Err(e) => Ok(Err(e)),\n    |                      ^^^ not found in this scope\n    |\nhelp: consider importing this tuple variant\n    |\n71  + use core::result::Result::Err;\n    |\n\nerror[E0405]: cannot find trait `AsRef` in this scope\n   --> /Users/graysonnocera/.cargo/registry/src/index.crates.io-6f17d22bba15001f/bech32-0.9.1/src/lib.rs:435:42\n    |\n435 | pub fn encode_without_checksum_to_fmt<T: AsRef<[u5]>>(\n    |                                          ^^^^^ not found in this scope\n    |\nhelp: consider importing this trait\n    |\n71  + use core::convert::AsRef;\n    |\n\nerror[E0412]: cannot find type `Result` in this scope\n   --> /Users/graysonnocera/.cargo/registry/src/index.crates.io-6f17d22bba15001f/bech32-0.9.1/src/lib.rs:439:6\n    |\n439 | ) -> Result<fmt::Result, Error> {\n    |      ^^^^^^ not found in this scope\n    |\nhelp: consider importing one of these items\n    |\n71  + use crate::fmt::Result;\n    |\n71  + use core::fmt::Result;\n    |\n71  + use core::result::Result;\n    |\n\nerror[E0531]: cannot find tuple struct or tuple variant `Err` in this scope\n   --> /Users/graysonnocera/.cargo/registry/src/index.crates.io-6f17d22bba15001f/bech32-0.9.1/src/lib.rs:445:12\n    |\n445 |     if let Err(e) = fmt.write_str(&hrp) {\n    |            ^^^ not found in this scope\n    |\nhelp: consider importing this tuple variant\n    |\n71  + use core::result::Result::Err;\n    |\n\nerror[E0425]: cannot find function, tuple struct or tuple variant `Ok` in this scope\n   --> /Users/graysonnocera/.cargo/registry/src/index.crates.io-6f17d22bba15001f/bech32-0.9.1/src/lib.rs:446:16\n    |\n446 |         return Ok(Err(e));\n    |                ^^ not found in this scope\n    |\nhelp: consider importing this tuple variant\n    |\n71  + use core::result::Result::Ok;\n    |\n\nerror[E0425]: cannot find function, tuple struct or tuple variant `Err` in this scope\n   --> /Users/graysonnocera/.cargo/registry/src/index.crates.io-6f17d22bba15001f/bech32-0.9.1/src/lib.rs:446:19\n    |\n446 |         return Ok(Err(e));\n    |                   ^^^ not found in this scope\n    |\nhelp: consider importing this tuple variant\n    |\n71  + use core::result::Result::Err;\n    |\n\nerror[E0531]: cannot find tuple struct or tuple variant `Err` in this scope\n   --> /Users/graysonnocera/.cargo/registry/src/index.crates.io-6f17d22bba15001f/bech32-0.9.1/src/lib.rs:448:12\n    |\n448 |     if let Err(e) = fmt.write_char(SEP) {\n    |            ^^^ not found in this scope\n    |\nhelp: consider importing this tuple variant\n    |\n71  + use core::result::Result::Err;\n    |\n\nerror[E0425]: cannot find function, tuple struct or tuple variant `Ok` in this scope\n   --> /Users/graysonnocera/.cargo/registry/src/index.crates.io-6f17d22bba15001f/bech32-0.9.1/src/lib.rs:449:16\n    |\n449 |         return Ok(Err(e));\n    |                ^^ not found in this scope\n    |\nhelp: consider importing this tuple variant\n    |\n71  + use core::result::Result::Ok;\n    |\n\nerror[E0425]: cannot find function, tuple struct or tuple variant `Err` in this scope\n   --> /Users/graysonnocera/.cargo/registry/src/index.crates.io-6f17d22bba15001f/bech32-0.9.1/src/lib.rs:449:19\n    |\n449 |         return Ok(Err(e));\n    |                   ^^^ not found in this scope\n    |\nhelp: consider importing this tuple variant\n    |\n71  + use core::result::Result::Err;\n    |\n\nerror[E0531]: cannot find tuple struct or tuple variant `Err` in this scope\n   --> /Users/graysonnocera/.cargo/registry/src/index.crates.io-6f17d22bba15001f/bech32-0.9.1/src/lib.rs:452:16\n    |\n452 |         if let Err(e) = fmt.write_char(b.to_char()) {\n    |                ^^^ not found in this scope\n    |\nhelp: consider importing this tuple variant\n    |\n71  + use core::result::Result::Err;\n    |\n\nerror[E0425]: cannot find function, tuple struct or tuple variant `Ok` in this scope\n   --> /Users/graysonnocera/.cargo/registry/src/index.crates.io-6f17d22bba15001f/bech32-0.9.1/src/lib.rs:453:20\n    |\n453 |             return Ok(Err(e));\n    |                    ^^ not found in this scope\n    |\nhelp: consider importing this tuple variant\n    |\n71  + use core::result::Result::Ok;\n    |\n\nerror[E0425]: cannot find function, tuple struct or tuple variant `Err` in this scope\n   --> /Users/graysonnocera/.cargo/registry/src/index.crates.io-6f17d22bba15001f/bech32-0.9.1/src/lib.rs:453:23\n    |\n453 |             return Ok(Err(e));\n    |                       ^^^ not found in this scope\n    |\nhelp: consider importing this tuple variant\n    |\n71  + use core::result::Result::Err;\n    |\n\nerror[E0425]: cannot find function, tuple struct or tuple variant `Ok` in this scope\n   --> /Users/graysonnocera/.cargo/registry/src/index.crates.io-6f17d22bba15001f/bech32-0.9.1/src/lib.rs:456:5\n    |\n456 |     Ok(Ok(()))\n    |     ^^ not found in this scope\n    |\nhelp: consider importing this tuple variant\n    |\n71  + use core::result::Result::Ok;\n    |\n\nerror[E0425]: cannot find function, tuple struct or tuple variant `Ok` in this scope\n   --> /Users/graysonnocera/.cargo/registry/src/index.crates.io-6f17d22bba15001f/bech32-0.9.1/src/lib.rs:456:8\n    |\n456 |     Ok(Ok(()))\n    |        ^^ not found in this scope\n    |\nhelp: consider importing this tuple variant\n    |\n71  + use core::result::Result::Ok;\n    |\n\nerror[E0412]: cannot find type `Option` in this scope\n   --> /Users/graysonnocera/.cargo/registry/src/index.crates.io-6f17d22bba15001f/bech32-0.9.1/src/lib.rs:473:34\n    |\n473 |     fn from_remainder(c: u32) -> Option<Self> {\n    |                                  ^^^^^^ not found in this scope\n    |\nhelp: consider importing this enum\n    |\n71  + use core::option::Option;\n    |\n\nerror[E0425]: cannot find function, tuple struct or tuple variant `Some` in this scope\n   --> /Users/graysonnocera/.cargo/registry/src/index.crates.io-6f17d22bba15001f/bech32-0.9.1/src/lib.rs:475:29\n    |\n475 |             BECH32_CONST => Some(Variant::Bech32),\n    |                             ^^^^ not found in this scope\n    |\nhelp: consider importing this tuple variant\n    |\n71  + use core::option::Option::Some;\n    |\n\nerror[E0425]: cannot find function, tuple struct or tuple variant `Some` in this scope\n   --> /Users/graysonnocera/.cargo/registry/src/index.crates.io-6f17d22bba15001f/bech32-0.9.1/src/lib.rs:476:30\n    |\n476 |             BECH32M_CONST => Some(Variant::Bech32m),\n    |                              ^^^^ not found in this scope\n    |\nhelp: consider importing this tuple variant\n    |\n71  + use core::option::Option::Some;\n    |\n\nerror[E0425]: cannot find value `None` in this scope\n   --> /Users/graysonnocera/.cargo/registry/src/index.crates.io-6f17d22bba15001f/bech32-0.9.1/src/lib.rs:477:18\n    |\n477 |             _ => None,\n    |                  ^^^^ not found in this scope\n    |\nhelp: consider importing one of these unit variants\n    |\n71  + use crate::Case::None;\n    |\n71  + use core::option::Option::None;\n    |\n\nerror[E0405]: cannot find trait `AsRef` in this scope\n   --> /Users/graysonnocera/.cargo/registry/src/index.crates.io-6f17d22bba15001f/bech32-0.9.1/src/lib.rs:495:18\n    |\n495 | pub fn encode<T: AsRef<[u5]>>(hrp: &str, data: T, variant: Variant) -> Result<String, Error> {\n    |                  ^^^^^ not found in this scope\n    |\nhelp: consider importing this trait\n    |\n71  + use core::convert::AsRef;\n    |\n\nerror[E0412]: cannot find type `Result` in this scope\n   --> /Users/graysonnocera/.cargo/registry/src/index.crates.io-6f17d22bba15001f/bech32-0.9.1/src/lib.rs:495:72\n    |\n495 | pub fn encode<T: AsRef<[u5]>>(hrp: &str, data: T, variant: Variant) -> Result<String, Error> {\n    |                                                                        ^^^^^^ not found in this scope\n    |\nhelp: consider importing one of these items\n    |\n71  + use crate::fmt::Result;\n    |\n71  + use core::fmt::Result;\n    |\n71  + use core::result::Result;\n    |\n\nerror[E0412]: cannot find type `String` in this scope\n   --> /Users/graysonnocera/.cargo/registry/src/index.crates.io-6f17d22bba15001f/bech32-0.9.1/src/lib.rs:495:79\n    |\n495 | pub fn encode<T: AsRef<[u5]>>(hrp: &str, data: T, variant: Variant) -> Result<String, Error> {\n    |                                                                               ^^^^^^ not found in this scope\n    |\nhelp: you might be missing a type parameter\n    |\n495 | pub fn encode<T: AsRef<[u5]>, String>(hrp: &str, data: T, variant: Variant) -> Result<String, Error> {\n    |                             ++++++++\n\nerror[E0425]: cannot find function, tuple struct or tuple variant `Ok` in this scope\n   --> /Users/graysonnocera/.cargo/registry/src/index.crates.io-6f17d22bba15001f/bech32-0.9.1/src/lib.rs:498:5\n    |\n498 |     Ok(buf)\n    |     ^^ not found in this scope\n    |\nhelp: consider importing this tuple variant\n    |\n71  + use core::result::Result::Ok;\n    |\n\nerror[E0405]: cannot find trait `AsRef` in this scope\n   --> /Users/graysonnocera/.cargo/registry/src/index.crates.io-6f17d22bba15001f/bech32-0.9.1/src/lib.rs:507:35\n    |\n507 | pub fn encode_without_checksum<T: AsRef<[u5]>>(hrp: &str, data: T) -> Result<String, Error> {\n    |                                   ^^^^^ not found in this scope\n    |\nhelp: consider importing this trait\n    |\n71  + use core::convert::AsRef;\n    |\n\nerror[E0412]: cannot find type `Result` in this scope\n   --> /Users/graysonnocera/.cargo/registry/src/index.crates.io-6f17d22bba15001f/bech32-0.9.1/src/lib.rs:507:71\n    |\n507 | pub fn encode_without_checksum<T: AsRef<[u5]>>(hrp: &str, data: T) -> Result<String, Error> {\n    |                                                                       ^^^^^^ not found in this scope\n    |\nhelp: consider importing one of these items\n    |\n71  + use crate::fmt::Result;\n    |\n71  + use core::fmt::Result;\n    |\n71  + use core::result::Result;\n    |\n\nerror[E0412]: cannot find type `String` in this scope\n   --> /Users/graysonnocera/.cargo/registry/src/index.crates.io-6f17d22bba15001f/bech32-0.9.1/src/lib.rs:507:78\n    |\n507 | pub fn encode_without_checksum<T: AsRef<[u5]>>(hrp: &str, data: T) -> Result<String, Error> {\n    |                                                                              ^^^^^^ not found in this scope\n    |\nhelp: you might be missing a type parameter\n    |\n507 | pub fn encode_without_checksum<T: AsRef<[u5]>, String>(hrp: &str, data: T) -> Result<String, Error> {\n    |                                              ++++++++\n\nerror[E0425]: cannot find function, tuple struct or tuple variant `Ok` in this scope\n   --> /Users/graysonnocera/.cargo/registry/src/index.crates.io-6f17d22bba15001f/bech32-0.9.1/src/lib.rs:510:5\n    |\n510 |     Ok(buf)\n    |     ^^ not found in this scope\n    |\nhelp: consider importing this tuple variant\n    |\n71  + use core::result::Result::Ok;\n    |\n\nerror[E0412]: cannot find type `Result` in this scope\n   --> /Users/graysonnocera/.cargo/registry/src/index.crates.io-6f17d22bba15001f/bech32-0.9.1/src/lib.rs:516:27\n    |\n516 | pub fn decode(s: &str) -> Result<(String, Vec<u5>, Variant), Error> {\n    |                           ^^^^^^ not found in this scope\n    |\nhelp: consider importing one of these items\n    |\n71  + use crate::fmt::Result;\n    |\n71  + use core::fmt::Result;\n    |\n71  + use core::result::Result;\n    |\n\nerror[E0412]: cannot find type `String` in this scope\n   --> /Users/graysonnocera/.cargo/registry/src/index.crates.io-6f17d22bba15001f/bech32-0.9.1/src/lib.rs:516:35\n    |\n516 | pub fn decode(s: &str) -> Result<(String, Vec<u5>, Variant), Error> {\n    |                                   ^^^^^^ not found in this scope\n    |\nhelp: you might be missing a type parameter\n    |\n516 | pub fn decode<String>(s: &str) -> Result<(String, Vec<u5>, Variant), Error> {\n    |              ++++++++\n\nerror[E0412]: cannot find type `Vec` in this scope\n   --> /Users/graysonnocera/.cargo/registry/src/index.crates.io-6f17d22bba15001f/bech32-0.9.1/src/lib.rs:516:43\n    |\n516 | pub fn decode(s: &str) -> Result<(String, Vec<u5>, Variant), Error> {\n    |                                           ^^^ not found in this scope\n\nerror[E0425]: cannot find function, tuple struct or tuple variant `Err` in this scope\n   --> /Users/graysonnocera/.cargo/registry/src/index.crates.io-6f17d22bba15001f/bech32-0.9.1/src/lib.rs:519:16\n    |\n519 |         return Err(Error::InvalidLength);\n    |                ^^^ not found in this scope\n    |\nhelp: consider importing this tuple variant\n    |\n71  + use core::result::Result::Err;\n    |\n\nerror[E0531]: cannot find tuple struct or tuple variant `Some` in this scope\n   --> /Users/graysonnocera/.cargo/registry/src/index.crates.io-6f17d22bba15001f/bech32-0.9.1/src/lib.rs:524:9\n    |\n524 |         Some(variant) => {\n    |         ^^^^ not found in this scope\n    |\nhelp: consider importing this tuple variant\n    |\n71  + use core::option::Option::Some;\n    |\n\nerror[E0425]: cannot find function, tuple struct or tuple variant `Ok` in this scope\n   --> /Users/graysonnocera/.cargo/registry/src/index.crates.io-6f17d22bba15001f/bech32-0.9.1/src/lib.rs:528:13\n    |\n528 |             Ok((hrp_lower, data, variant))\n    |             ^^ not found in this scope\n    |\nhelp: consider importing this tuple variant\n    |\n71  + use core::result::Result::Ok;\n    |\n\nerror[E0425]: cannot find function, tuple struct or tuple variant `Err` in this scope\n   --> /Users/graysonnocera/.cargo/registry/src/index.crates.io-6f17d22bba15001f/bech32-0.9.1/src/lib.rs:530:17\n    |\n530 |         None => Err(Error::InvalidChecksum),\n    |                 ^^^ not found in this scope\n    |\nhelp: consider importing this tuple variant\n    |\n71  + use core::result::Result::Err;\n    |\n\nerror[E0412]: cannot find type `Result` in this scope\n   --> /Users/graysonnocera/.cargo/registry/src/index.crates.io-6f17d22bba15001f/bech32-0.9.1/src/lib.rs:537:44\n    |\n537 | pub fn decode_without_checksum(s: &str) -> Result<(String, Vec<u5>), Error> {\n    |                                            ^^^^^^ not found in this scope\n    |\nhelp: consider importing one of these items\n    |\n71  + use crate::fmt::Result;\n    |\n71  + use core::fmt::Result;\n    |\n71  + use core::result::Result;\n    |\n\nerror[E0412]: cannot find type `String` in this scope\n   --> /Users/graysonnocera/.cargo/registry/src/index.crates.io-6f17d22bba15001f/bech32-0.9.1/src/lib.rs:537:52\n    |\n537 | pub fn decode_without_checksum(s: &str) -> Result<(String, Vec<u5>), Error> {\n    |                                                    ^^^^^^ not found in this scope\n    |\nhelp: you might be missing a type parameter\n    |\n537 | pub fn decode_without_checksum<String>(s: &str) -> Result<(String, Vec<u5>), Error> {\n    |                               ++++++++\n\nerror[E0412]: cannot find type `Vec` in this scope\n   --> /Users/graysonnocera/.cargo/registry/src/index.crates.io-6f17d22bba15001f/bech32-0.9.1/src/lib.rs:537:60\n    |\n537 | pub fn decode_without_checksum(s: &str) -> Result<(String, Vec<u5>), Error> {\n    |                                                            ^^^ not found in this scope\n\nerror[E0412]: cannot find type `Result` in this scope\n   --> /Users/graysonnocera/.cargo/registry/src/index.crates.io-6f17d22bba15001f/bech32-0.9.1/src/lib.rs:542:33\n    |\n542 | fn split_and_decode(s: &str) -> Result<(String, Vec<u5>), Error> {\n    |                                 ^^^^^^ not found in this scope\n    |\nhelp: consider importing one of these items\n    |\n71  + use crate::fmt::Result;\n    |\n71  + use core::fmt::Result;\n    |\n71  + use core::result::Result;\n    |\n\nerror[E0412]: cannot find type `String` in this scope\n   --> /Users/graysonnocera/.cargo/registry/src/index.crates.io-6f17d22bba15001f/bech32-0.9.1/src/lib.rs:542:41\n    |\n542 | fn split_and_decode(s: &str) -> Result<(String, Vec<u5>), Error> {\n    |                                         ^^^^^^ not found in this scope\n    |\nhelp: you might be missing a type parameter\n    |\n542 | fn split_and_decode<String>(s: &str) -> Result<(String, Vec<u5>), Error> {\n    |                    ++++++++\n\nerror[E0412]: cannot find type `Vec` in this scope\n   --> /Users/graysonnocera/.cargo/registry/src/index.crates.io-6f17d22bba15001f/bech32-0.9.1/src/lib.rs:542:49\n    |\n542 | fn split_and_decode(s: &str) -> Result<(String, Vec<u5>), Error> {\n    |                                                 ^^^ not found in this scope\n\nerror[E0425]: cannot find function, tuple struct or tuple variant `Err` in this scope\n   --> /Users/graysonnocera/.cargo/registry/src/index.crates.io-6f17d22bba15001f/bech32-0.9.1/src/lib.rs:545:24\n    |\n545 |         None => return Err(Error::MissingSeparator),\n    |                        ^^^ not found in this scope\n    |\nhelp: consider importing this tuple variant\n    |\n71  + use core::result::Result::Err;\n    |\n\nerror[E0531]: cannot find tuple struct or tuple variant `Some` in this scope\n   --> /Users/graysonnocera/.cargo/registry/src/index.crates.io-6f17d22bba15001f/bech32-0.9.1/src/lib.rs:546:9\n    |\n546 |         Some(sep) => {\n    |         ^^^^ not found in this scope\n    |\nhelp: consider importing this tuple variant\n    |\n71  + use core::option::Option::Some;\n    |\n\nerror[E0425]: cannot find function, tuple struct or tuple variant `Err` in this scope\n   --> /Users/graysonnocera/.cargo/registry/src/index.crates.io-6f17d22bba15001f/bech32-0.9.1/src/lib.rs:567:24\n    |\n567 |                 return Err(Error::InvalidChar(c));\n    |                        ^^^ not found in this scope\n    |\nhelp: consider importing this tuple variant\n    |\n71  + use core::result::Result::Err;\n    |\n\nerror[E0425]: cannot find function, tuple struct or tuple variant `Err` in this scope\n   --> /Users/graysonnocera/.cargo/registry/src/index.crates.io-6f17d22bba15001f/bech32-0.9.1/src/lib.rs:572:43\n    |\n572 |                     Case::Upper => return Err(Error::MixedCase),\n    |                                           ^^^ not found in this scope\n    |\nhelp: consider importing this tuple variant\n    |\n71  + use core::result::Result::Err;\n    |\n\nerror[E0425]: cannot find function, tuple struct or tuple variant `Err` in this scope\n   --> /Users/graysonnocera/.cargo/registry/src/index.crates.io-6f17d22bba15001f/bech32-0.9.1/src/lib.rs:578:43\n    |\n578 |                     Case::Lower => return Err(Error::MixedCase),\n    |                                           ^^^ not found in this scope\n    |\nhelp: consider importing this tuple variant\n    |\n71  + use core::result::Result::Err;\n    |\n\nerror[E0425]: cannot find function, tuple struct or tuple variant `Err` in this scope\n   --> /Users/graysonnocera/.cargo/registry/src/index.crates.io-6f17d22bba15001f/bech32-0.9.1/src/lib.rs:588:24\n    |\n588 |                 return Err(Error::InvalidChar(c));\n    |                        ^^^ not found in this scope\n    |\nhelp: consider importing this tuple variant\n    |\n71  + use core::result::Result::Err;\n    |\n\nerror[E0425]: cannot find function, tuple struct or tuple variant `Ok` in this scope\n   --> /Users/graysonnocera/.cargo/registry/src/index.crates.io-6f17d22bba15001f/bech32-0.9.1/src/lib.rs:591:13\n    |\n591 |             Ok(u5::try_from_u8(num_value as u8).expect(\"range checked above, num_value <= 31\"))\n    |             ^^ not found in this scope\n    |\nhelp: consider importing this tuple variant\n    |\n71  + use core::result::Result::Ok;\n    |\n\nerror[E0412]: cannot find type `Result` in this scope\n   --> /Users/graysonnocera/.cargo/registry/src/index.crates.io-6f17d22bba15001f/bech32-0.9.1/src/lib.rs:593:20\n    |\n593 |         .collect::<Result<Vec<u5>, Error>>()?;\n    |                    ^^^^^^ not found in this scope\n    |\nhelp: consider importing one of these items\n    |\n71  + use crate::fmt::Result;\n    |\n71  + use core::fmt::Result;\n    |\n71  + use core::result::Result;\n    |\n\nerror[E0412]: cannot find type `Vec` in this scope\n   --> /Users/graysonnocera/.cargo/registry/src/index.crates.io-6f17d22bba15001f/bech32-0.9.1/src/lib.rs:593:27\n    |\n593 |         .collect::<Result<Vec<u5>, Error>>()?;\n    |                           ^^^ not found in this scope\n\nerror[E0425]: cannot find function, tuple struct or tuple variant `Ok` in this scope\n   --> /Users/graysonnocera/.cargo/registry/src/index.crates.io-6f17d22bba15001f/bech32-0.9.1/src/lib.rs:595:5\n    |\n595 |     Ok((hrp_lower, data))\n    |     ^^ not found in this scope\n    |\nhelp: consider importing this tuple variant\n    |\n71  + use core::result::Result::Ok;\n    |\n\nerror[E0412]: cannot find type `Option` in this scope\n   --> /Users/graysonnocera/.cargo/registry/src/index.crates.io-6f17d22bba15001f/bech32-0.9.1/src/lib.rs:598:48\n    |\n598 | fn verify_checksum(hrp: &[u8], data: &[u5]) -> Option<Variant> {\n    |                                                ^^^^^^ not found in this scope\n    |\nhelp: consider importing this enum\n    |\n71  + use core::option::Option;\n    |\n\nerror[E0412]: cannot find type `Vec` in this scope\n   --> /Users/graysonnocera/.cargo/registry/src/index.crates.io-6f17d22bba15001f/bech32-0.9.1/src/lib.rs:604:30\n    |\n604 | fn hrp_expand(hrp: &[u8]) -> Vec<u5> {\n    |                              ^^^ not found in this scope\n\nerror[E0412]: cannot find type `Vec` in this scope\n   --> /Users/graysonnocera/.cargo/registry/src/index.crates.io-6f17d22bba15001f/bech32-0.9.1/src/lib.rs:605:16\n    |\n605 |     let mut v: Vec<u5> = Vec::new();\n    |                ^^^ not found in this scope\n\nerror[E0405]: cannot find trait `Into` in this scope\n   --> /Users/graysonnocera/.cargo/registry/src/index.crates.io-6f17d22bba15001f/bech32-0.9.1/src/lib.rs:729:8\n    |\n729 |     T: Into<u8> + Copy,\n    |        ^^^^ not found in this scope\n    |\nhelp: consider importing this trait\n    |\n71  + use core::convert::Into;\n    |\n\nerror[E0405]: cannot find trait `Copy` in this scope\n   --> /Users/graysonnocera/.cargo/registry/src/index.crates.io-6f17d22bba15001f/bech32-0.9.1/src/lib.rs:729:19\n    |\n729 |     T: Into<u8> + Copy,\n    |                   ^^^^ not found in this scope\n    |\nhelp: consider importing this trait\n    |\n71  + use core::marker::Copy;\n    |\n\nerror[E0412]: cannot find type `Result` in this scope\n   --> /Users/graysonnocera/.cargo/registry/src/index.crates.io-6f17d22bba15001f/bech32-0.9.1/src/lib.rs:727:70\n    |\n727 | pub fn convert_bits<T>(data: &[T], from: u32, to: u32, pad: bool) -> Result<Vec<u8>, Error>\n    |                                                                      ^^^^^^ not found in this scope\n    |\nhelp: consider importing one of these items\n    |\n71  + use crate::fmt::Result;\n    |\n71  + use core::fmt::Result;\n    |\n71  + use core::result::Result;\n    |\n\nerror[E0412]: cannot find type `Vec` in this scope\n   --> /Users/graysonnocera/.cargo/registry/src/index.crates.io-6f17d22bba15001f/bech32-0.9.1/src/lib.rs:727:77\n    |\n727 | pub fn convert_bits<T>(data: &[T], from: u32, to: u32, pad: bool) -> Result<Vec<u8>, Error>\n    |                                                                             ^^^ not found in this scope\n\nerror[E0412]: cannot find type `Vec` in this scope\n   --> /Users/graysonnocera/.cargo/registry/src/index.crates.io-6f17d22bba15001f/bech32-0.9.1/src/lib.rs:736:18\n    |\n736 |     let mut ret: Vec<u8> = Vec::new();\n    |                  ^^^ not found in this scope\n\nerror[E0433]: failed to resolve: use of undeclared type `Into`\n   --> /Users/graysonnocera/.cargo/registry/src/index.crates.io-6f17d22bba15001f/bech32-0.9.1/src/lib.rs:739:32\n    |\n739 |         let v: u32 = u32::from(Into::<u8>::into(*value));\n    |                                ^^^^ use of undeclared type `Into`\n    |\nhelp: consider importing this trait\n    |\n71  + use core::convert::Into;\n    |\n\nerror[E0425]: cannot find function, tuple struct or tuple variant `Err` in this scope\n   --> /Users/graysonnocera/.cargo/registry/src/index.crates.io-6f17d22bba15001f/bech32-0.9.1/src/lib.rs:742:20\n    |\n742 |             return Err(Error::InvalidData(v as u8));\n    |                    ^^^ not found in this scope\n    |\nhelp: consider importing this tuple variant\n    |\n71  + use core::result::Result::Err;\n    |\n\nerror[E0425]: cannot find function, tuple struct or tuple variant `Err` in this scope\n   --> /Users/graysonnocera/.cargo/registry/src/index.crates.io-6f17d22bba15001f/bech32-0.9.1/src/lib.rs:756:16\n    |\n756 |         return Err(Error::InvalidPadding);\n    |                ^^^ not found in this scope\n    |\nhelp: consider importing this tuple variant\n    |\n71  + use core::result::Result::Err;\n    |\n\nerror[E0425]: cannot find function, tuple struct or tuple variant `Ok` in this scope\n   --> /Users/graysonnocera/.cargo/registry/src/index.crates.io-6f17d22bba15001f/bech32-0.9.1/src/lib.rs:758:5\n    |\n758 |     Ok(ret)\n    |     ^^ not found in this scope\n    |\nhelp: consider importing this tuple variant\n    |\n71  + use core::result::Result::Ok;\n    |\n\nerror[E0433]: failed to resolve: use of undeclared type `Vec`\n   --> /Users/graysonnocera/.cargo/registry/src/index.crates.io-6f17d22bba15001f/bech32-0.9.1/src/lib.rs:262:23\n    |\n262 |         let mut vec = Vec::new();\n    |                       ^^^ use of undeclared type `Vec`\n\nerror[E0433]: failed to resolve: use of undeclared type `String`\n   --> /Users/graysonnocera/.cargo/registry/src/index.crates.io-6f17d22bba15001f/bech32-0.9.1/src/lib.rs:496:19\n    |\n496 |     let mut buf = String::new();\n    |                   ^^^^^^ use of undeclared type `String`\n\nerror[E0433]: failed to resolve: use of undeclared type `String`\n   --> /Users/graysonnocera/.cargo/registry/src/index.crates.io-6f17d22bba15001f/bech32-0.9.1/src/lib.rs:508:19\n    |\n508 |     let mut buf = String::new();\n    |                   ^^^^^^ use of undeclared type `String`\n\nerror[E0433]: failed to resolve: use of undeclared type `String`\n   --> /Users/graysonnocera/.cargo/registry/src/index.crates.io-6f17d22bba15001f/bech32-0.9.1/src/lib.rs:556:37\n    |\n556 |         Case::Lower | Case::None => String::from(raw_hrp),\n    |                                     ^^^^^^ use of undeclared type `String`\n\nerror[E0433]: failed to resolve: use of undeclared type `Vec`\n   --> /Users/graysonnocera/.cargo/registry/src/index.crates.io-6f17d22bba15001f/bech32-0.9.1/src/lib.rs:605:26\n    |\n605 |     let mut v: Vec<u5> = Vec::new();\n    |                          ^^^ use of undeclared type `Vec`\n\nerror[E0433]: failed to resolve: use of undeclared type `Vec`\n   --> /Users/graysonnocera/.cargo/registry/src/index.crates.io-6f17d22bba15001f/bech32-0.9.1/src/lib.rs:736:28\n    |\n736 |     let mut ret: Vec<u8> = Vec::new();\n    |                            ^^^ use of undeclared type `Vec`\n\nSome errors have detailed explanations: E0405, E0412, E0425, E0433, E0463, E0531.\nFor more information about an error, try `rustc --explain E0405`.\nerror: could not compile `bech32` (lib) due to 130 previous errors\nerror[E0463]: can't find crate for `std`\n --> /Users/graysonnocera/.cargo/registry/src/index.crates.io-6f17d22bba15001f/thiserror-1.0.69/src/aserror.rs:2:5\n  |\n2 | use std::error::Error;\n  |     ^^^ can't find crate\n  |\n  = note: the `thumbv7m-none-eabi` target may not support the standard library\n\nerror[E0463]: can't find crate for `std`\n --> /Users/graysonnocera/.cargo/registry/src/index.crates.io-6f17d22bba15001f/thiserror-1.0.69/src/display.rs:2:5\n  |\n2 | use std::path::{self, Path, PathBuf};\n  |     ^^^ can't find crate\n  |\n  = note: the `thumbv7m-none-eabi` target may not support the standard library\n\nerror[E0405]: cannot find trait `Send` in this scope\n  --> /Users/graysonnocera/.cargo/registry/src/index.crates.io-6f17d22bba15001f/thiserror-1.0.69/src/aserror.rs:23:41\n   |\n23 | impl<'a> AsDynError<'a> for dyn Error + Send + 'a {\n   |                                         ^^^^ not found in this scope\n   |\nhelp: consider importing this trait\n   |\n1  + use core::marker::Send;\n   |\n\nerror[E0405]: cannot find trait `Send` in this scope\n  --> /Users/graysonnocera/.cargo/registry/src/index.crates.io-6f17d22bba15001f/thiserror-1.0.69/src/aserror.rs:30:41\n   |\n30 | impl<'a> AsDynError<'a> for dyn Error + Send + Sync + 'a {\n   |                                         ^^^^ not found in this scope\n   |\nhelp: consider importing this trait\n   |\n1  + use core::marker::Send;\n   |\n\nerror[E0405]: cannot find trait `Sync` in this scope\n  --> /Users/graysonnocera/.cargo/registry/src/index.crates.io-6f17d22bba15001f/thiserror-1.0.69/src/aserror.rs:30:48\n   |\n30 | impl<'a> AsDynError<'a> for dyn Error + Send + Sync + 'a {\n   |                                                ^^^^ not found in this scope\n   |\nhelp: consider importing this trait\n   |\n1  + use core::marker::Sync;\n   |\n\nerror[E0405]: cannot find trait `Send` in this scope\n  --> /Users/graysonnocera/.cargo/registry/src/index.crates.io-6f17d22bba15001f/thiserror-1.0.69/src/aserror.rs:37:41\n   |\n37 | impl<'a> AsDynError<'a> for dyn Error + Send + Sync + UnwindSafe + 'a {\n   |                                         ^^^^ not found in this scope\n   |\nhelp: consider importing this trait\n   |\n1  + use core::marker::Send;\n   |\n\nerror[E0405]: cannot find trait `Sync` in this scope\n  --> /Users/graysonnocera/.cargo/registry/src/index.crates.io-6f17d22bba15001f/thiserror-1.0.69/src/aserror.rs:37:48\n   |\n37 | impl<'a> AsDynError<'a> for dyn Error + Send + Sync + UnwindSafe + 'a {\n   |                                                ^^^^ not found in this scope\n   |\nhelp: consider importing this trait\n   |\n1  + use core::marker::Sync;\n   |\n\nerror[E0405]: cannot find trait `Send` in this scope\n  --> /Users/graysonnocera/.cargo/registry/src/index.crates.io-6f17d22bba15001f/thiserror-1.0.69/src/aserror.rs:48:33\n   |\n48 | impl<'a> Sealed for dyn Error + Send + 'a {}\n   |                                 ^^^^ not found in this scope\n   |\nhelp: consider importing this trait\n   |\n1  + use core::marker::Send;\n   |\n\nerror[E0405]: cannot find trait `Send` in this scope\n  --> /Users/graysonnocera/.cargo/registry/src/index.crates.io-6f17d22bba15001f/thiserror-1.0.69/src/aserror.rs:49:33\n   |\n49 | impl<'a> Sealed for dyn Error + Send + Sync + 'a {}\n   |                                 ^^^^ not found in this scope\n   |\nhelp: consider importing this trait\n   |\n1  + use core::marker::Send;\n   |\n\nerror[E0405]: cannot find trait `Sync` in this scope\n  --> /Users/graysonnocera/.cargo/registry/src/index.crates.io-6f17d22bba15001f/thiserror-1.0.69/src/aserror.rs:49:40\n   |\n49 | impl<'a> Sealed for dyn Error + Send + Sync + 'a {}\n   |                                        ^^^^ not found in this scope\n   |\nhelp: consider importing this trait\n   |\n1  + use core::marker::Sync;\n   |\n\nerror[E0405]: cannot find trait `Send` in this scope\n  --> /Users/graysonnocera/.cargo/registry/src/index.crates.io-6f17d22bba15001f/thiserror-1.0.69/src/aserror.rs:50:33\n   |\n50 | impl<'a> Sealed for dyn Error + Send + Sync + UnwindSafe + 'a {}\n   |                                 ^^^^ not found in this scope\n   |\nhelp: consider importing this trait\n   |\n1  + use core::marker::Send;\n   |\n\nerror[E0405]: cannot find trait `Sync` in this scope\n  --> /Users/graysonnocera/.cargo/registry/src/index.crates.io-6f17d22bba15001f/thiserror-1.0.69/src/aserror.rs:50:40\n   |\n50 | impl<'a> Sealed for dyn Error + Send + Sync + UnwindSafe + 'a {}\n   |                                        ^^^^ not found in this scope\n   |\nhelp: consider importing this trait\n   |\n1  + use core::marker::Sync;\n   |\n\nSome errors have detailed explanations: E0405, E0463.\nerror: could not compile `thiserror` (lib) due to 13 previous errors\nerror[E0412]: cannot find type `Option` in this scope\n  --> /Users/graysonnocera/.cargo/registry/src/index.crates.io-6f17d22bba15001f/hex-0.4.3/src/lib.rs:89:11\n   |\n89 |     next: Option<char>,\n   |           ^^^^^^ not found in this scope\n   |\nhelp: consider importing this enum\n   |\n42 + use core::option::Option;\n   |\n\nerror[E0425]: cannot find value `None` in this scope\n  --> /Users/graysonnocera/.cargo/registry/src/index.crates.io-6f17d22bba15001f/hex-0.4.3/src/lib.rs:97:19\n   |\n97 |             next: None,\n   |                   ^^^^ not found in this scope\n   |\nhelp: consider importing this unit variant\n   |\n42 + use core::option::Option::None;\n   |\n\nerror[E0405]: cannot find trait `Iterator` in this scope\n   --> /Users/graysonnocera/.cargo/registry/src/index.crates.io-6f17d22bba15001f/hex-0.4.3/src/lib.rs:102:10\n    |\n102 | impl<'a> Iterator for BytesToHexChars<'a> {\n    |          ^^^^^^^^ not found in this scope\n    |\nhelp: consider importing one of these traits\n    |\n42  + use crate::iter::Iterator;\n    |\n42  + use core::iter::Iterator;\n    |\n\nerror[E0412]: cannot find type `Option` in this scope\n   --> /Users/graysonnocera/.cargo/registry/src/index.crates.io-6f17d22bba15001f/hex-0.4.3/src/lib.rs:105:27\n    |\n105 |     fn next(&mut self) -> Option<Self::Item> {\n    |                           ^^^^^^ not found in this scope\n    |\nhelp: consider importing this enum\n    |\n42  + use core::option::Option;\n    |\n\nerror[E0531]: cannot find tuple struct or tuple variant `Some` in this scope\n   --> /Users/graysonnocera/.cargo/registry/src/index.crates.io-6f17d22bba15001f/hex-0.4.3/src/lib.rs:107:13\n    |\n107 |             Some(current) => Some(current),\n    |             ^^^^ not found in this scope\n    |\nhelp: consider importing this tuple variant\n    |\n42  + use core::option::Option::Some;\n    |\n\nerror[E0425]: cannot find function, tuple struct or tuple variant `Some` in this scope\n   --> /Users/graysonnocera/.cargo/registry/src/index.crates.io-6f17d22bba15001f/hex-0.4.3/src/lib.rs:107:30\n    |\n107 |             Some(current) => Some(current),\n    |                              ^^^^ not found in this scope\n    |\nhelp: consider importing this tuple variant\n    |\n42  + use core::option::Option::Some;\n    |\n\nerror[E0425]: cannot find function, tuple struct or tuple variant `Some` in this scope\n   --> /Users/graysonnocera/.cargo/registry/src/index.crates.io-6f17d22bba15001f/hex-0.4.3/src/lib.rs:110:29\n    |\n110 |                 self.next = Some(self.table[(byte & 0x0F) as usize] as char);\n    |                             ^^^^ not found in this scope\n    |\nhelp: consider importing this tuple variant\n    |\n42  + use core::option::Option::Some;\n    |\n\nerror[E0412]: cannot find type `Option` in this scope\n   --> /Users/graysonnocera/.cargo/registry/src/index.crates.io-6f17d22bba15001f/hex-0.4.3/src/lib.rs:116:36\n    |\n116 |     fn size_hint(&self) -> (usize, Option<usize>) {\n    |                                    ^^^^^^ not found in this scope\n    |\nhelp: consider importing this enum\n    |\n42  + use core::option::Option;\n    |\n\nerror[E0425]: cannot find function, tuple struct or tuple variant `Some` in this scope\n   --> /Users/graysonnocera/.cargo/registry/src/index.crates.io-6f17d22bba15001f/hex-0.4.3/src/lib.rs:118:18\n    |\n118 |         (length, Some(length))\n    |                  ^^^^ not found in this scope\n    |\nhelp: consider importing this tuple variant\n    |\n42  + use core::option::Option::Some;\n    |\n\nerror[E0405]: cannot find trait `AsRef` in this scope\n   --> /Users/graysonnocera/.cargo/registry/src/index.crates.io-6f17d22bba15001f/hex-0.4.3/src/lib.rs:137:9\n    |\n137 | impl<T: AsRef<[u8]>> ToHex for T {\n    |         ^^^^^ not found in this scope\n    |\nhelp: consider importing this trait\n    |\n42  + use core::convert::AsRef;\n    |\n\nerror[E0405]: cannot find trait `Sized` in this scope\n   --> /Users/graysonnocera/.cargo/registry/src/index.crates.io-6f17d22bba15001f/hex-0.4.3/src/lib.rs:164:20\n    |\n164 | pub trait FromHex: Sized {\n    |                    ^^^^^ not found in this scope\n    |\nhelp: consider importing this trait\n    |\n42  + use core::marker::Sized;\n    |\n\nerror[E0405]: cannot find trait `AsRef` in this scope\n   --> /Users/graysonnocera/.cargo/registry/src/index.crates.io-6f17d22bba15001f/hex-0.4.3/src/lib.rs:172:20\n    |\n172 |     fn from_hex<T: AsRef<[u8]>>(hex: T) -> Result<Self, Self::Error>;\n    |                    ^^^^^ not found in this scope\n    |\nhelp: consider importing this trait\n    |\n42  + use core::convert::AsRef;\n    |\n\nerror[E0412]: cannot find type `Result` in this scope\n   --> /Users/graysonnocera/.cargo/registry/src/index.crates.io-6f17d22bba15001f/hex-0.4.3/src/lib.rs:172:44\n    |\n172 |     fn from_hex<T: AsRef<[u8]>>(hex: T) -> Result<Self, Self::Error>;\n    |                                            ^^^^^^ not found in this scope\n    |\nhelp: consider importing one of these items\n    |\n42  + use core::fmt::Result;\n    |\n42  + use core::result::Result;\n    |\n42  + use alloc::fmt::Result;\n    |\n\nerror[E0412]: cannot find type `Result` in this scope\n   --> /Users/graysonnocera/.cargo/registry/src/index.crates.io-6f17d22bba15001f/hex-0.4.3/src/lib.rs:175:30\n    |\n175 | fn val(c: u8, idx: usize) -> Result<u8, FromHexError> {\n    |                              ^^^^^^ not found in this scope\n    |\nhelp: consider importing one of these items\n    |\n42  + use core::fmt::Result;\n    |\n42  + use core::result::Result;\n    |\n42  + use alloc::fmt::Result;\n    |\n\nerror[E0425]: cannot find function, tuple struct or tuple variant `Ok` in this scope\n   --> /Users/graysonnocera/.cargo/registry/src/index.crates.io-6f17d22bba15001f/hex-0.4.3/src/lib.rs:177:24\n    |\n177 |         b'A'..=b'F' => Ok(c - b'A' + 10),\n    |                        ^^ not found in this scope\n    |\nhelp: consider importing this tuple variant\n    |\n42  + use core::result::Result::Ok;\n    |\n\nerror[E0425]: cannot find function, tuple struct or tuple variant `Ok` in this scope\n   --> /Users/graysonnocera/.cargo/registry/src/index.crates.io-6f17d22bba15001f/hex-0.4.3/src/lib.rs:178:24\n    |\n178 |         b'a'..=b'f' => Ok(c - b'a' + 10),\n    |                        ^^ not found in this scope\n    |\nhelp: consider importing this tuple variant\n    |\n42  + use core::result::Result::Ok;\n    |\n\nerror[E0425]: cannot find function, tuple struct or tuple variant `Ok` in this scope\n   --> /Users/graysonnocera/.cargo/registry/src/index.crates.io-6f17d22bba15001f/hex-0.4.3/src/lib.rs:179:24\n    |\n179 |         b'0'..=b'9' => Ok(c - b'0'),\n    |                        ^^ not found in this scope\n    |\nhelp: consider importing this tuple variant\n    |\n42  + use core::result::Result::Ok;\n    |\n\nerror[E0425]: cannot find function, tuple struct or tuple variant `Err` in this scope\n   --> /Users/graysonnocera/.cargo/registry/src/index.crates.io-6f17d22bba15001f/hex-0.4.3/src/lib.rs:180:14\n    |\n180 |         _ => Err(FromHexError::InvalidHexCharacter {\n    |              ^^^ not found in this scope\n    |\nhelp: consider importing this tuple variant\n    |\n42  + use core::result::Result::Err;\n    |\n\nerror[E0405]: cannot find trait `AsRef` in this scope\n   --> /Users/graysonnocera/.cargo/registry/src/index.crates.io-6f17d22bba15001f/hex-0.4.3/src/lib.rs:191:20\n    |\n191 |     fn from_hex<T: AsRef<[u8]>>(hex: T) -> Result<Self, Self::Error> {\n    |                    ^^^^^ not found in this scope\n    |\nhelp: consider importing this trait\n    |\n42  + use core::convert::AsRef;\n    |\n\nerror[E0412]: cannot find type `Result` in this scope\n   --> /Users/graysonnocera/.cargo/registry/src/index.crates.io-6f17d22bba15001f/hex-0.4.3/src/lib.rs:191:44\n    |\n191 |     fn from_hex<T: AsRef<[u8]>>(hex: T) -> Result<Self, Self::Error> {\n    |                                            ^^^^^^ not found in this scope\n    |\nhelp: consider importing one of these items\n    |\n42  + use core::fmt::Result;\n    |\n42  + use core::result::Result;\n    |\n42  + use alloc::fmt::Result;\n    |\n\nerror[E0425]: cannot find function, tuple struct or tuple variant `Err` in this scope\n   --> /Users/graysonnocera/.cargo/registry/src/index.crates.io-6f17d22bba15001f/hex-0.4.3/src/lib.rs:194:20\n    |\n194 |             return Err(FromHexError::OddLength);\n    |                    ^^^ not found in this scope\n    |\nhelp: consider importing this tuple variant\n    |\n42  + use core::result::Result::Err;\n    |\n\nerror[E0425]: cannot find function, tuple struct or tuple variant `Ok` in this scope\n   --> /Users/graysonnocera/.cargo/registry/src/index.crates.io-6f17d22bba15001f/hex-0.4.3/src/lib.rs:199:30\n    |\n199 |             .map(|(i, pair)| Ok(val(pair[0], 2 * i)? << 4 | val(pair[1], 2 * i + 1)?))\n    |                              ^^ not found in this scope\n    |\nhelp: consider importing this tuple variant\n    |\n42  + use core::result::Result::Ok;\n    |\n\nerror[E0405]: cannot find trait `AsRef` in this scope\n   --> /Users/graysonnocera/.cargo/registry/src/index.crates.io-6f17d22bba15001f/hex-0.4.3/src/lib.rs:211:28\n    |\n211 |               fn from_hex<T: AsRef<[u8]>>(hex: T) -> Result<Self, Self::Error> {\n    |                              ^^^^^ not found in this scope\n...\n220 | / from_hex_array_impl! {\n221 | |     1 2 3 4 5 6 7 8 9 10 11 12 13 14 15 16\n222 | |     17 18 19 20 21 22 23 24 25 26 27 28 29 30 31 32\n223 | |     33 34 35 36 37 38 39 40 41 42 43 44 45 46 47 48\n...   |\n229 | |     160 192 200 224 256 384 512 768 1024 2048 4096 8192 16384 32768\n230 | | }\n    | |_- in this macro invocation\n    |\n    = note: this error originates in the macro `from_hex_array_impl` (in Nightly builds, run with -Z macro-backtrace for more info)\nhelp: consider importing this trait\n    |\n42  + use core::convert::AsRef;\n    |\n\nerror[E0412]: cannot find type `Result` in this scope\n   --> /Users/graysonnocera/.cargo/registry/src/index.crates.io-6f17d22bba15001f/hex-0.4.3/src/lib.rs:211:52\n    |\n211 |               fn from_hex<T: AsRef<[u8]>>(hex: T) -> Result<Self, Self::Error> {\n    |                                                      ^^^^^^ not found in this scope\n...\n220 | / from_hex_array_impl! {\n221 | |     1 2 3 4 5 6 7 8 9 10 11 12 13 14 15 16\n222 | |     17 18 19 20 21 22 23 24 25 26 27 28 29 30 31 32\n223 | |     33 34 35 36 37 38 39 40 41 42 43 44 45 46 47 48\n...   |\n229 | |     160 192 200 224 256 384 512 768 1024 2048 4096 8192 16384 32768\n230 | | }\n    | |_- in this macro invocation\n    |\n    = note: this error originates in the macro `from_hex_array_impl` (in Nightly builds, run with -Z macro-backtrace for more info)\nhelp: consider importing one of these items\n    |\n42  + use core::fmt::Result;\n    |\n42  + use core::result::Result;\n    |\n42  + use alloc::fmt::Result;\n    |\n\nerror[E0425]: cannot find function, tuple struct or tuple variant `Ok` in this scope\n   --> /Users/graysonnocera/.cargo/registry/src/index.crates.io-6f17d22bba15001f/hex-0.4.3/src/lib.rs:214:17\n    |\n214 |                   Ok(out)\n    |                   ^^ not found in this scope\n...\n220 | / from_hex_array_impl! {\n221 | |     1 2 3 4 5 6 7 8 9 10 11 12 13 14 15 16\n222 | |     17 18 19 20 21 22 23 24 25 26 27 28 29 30 31 32\n223 | |     33 34 35 36 37 38 39 40 41 42 43 44 45 46 47 48\n...   |\n229 | |     160 192 200 224 256 384 512 768 1024 2048 4096 8192 16384 32768\n230 | | }\n    | |_- in this macro invocation\n    |\n    = note: this error originates in the macro `from_hex_array_impl` (in Nightly builds, run with -Z macro-backtrace for more info)\nhelp: consider importing this tuple variant\n    |\n42  + use core::result::Result::Ok;\n    |\n\nerror[E0405]: cannot find trait `AsRef` in this scope\n   --> /Users/graysonnocera/.cargo/registry/src/index.crates.io-6f17d22bba15001f/hex-0.4.3/src/lib.rs:211:28\n    |\n211 |               fn from_hex<T: AsRef<[u8]>>(hex: T) -> Result<Self, Self::Error> {\n    |                              ^^^^^ not found in this scope\n...\n233 | / from_hex_array_impl! {\n234 | |     65536 131072 262144 524288 1048576 2097152 4194304 8388608\n235 | |     16777216 33554432 67108864 134217728 268435456 536870912\n236 | |     1073741824 2147483648\n237 | | }\n    | |_- in this macro invocation\n    |\n    = note: this error originates in the macro `from_hex_array_impl` (in Nightly builds, run with -Z macro-backtrace for more info)\nhelp: consider importing this trait\n    |\n42  + use core::convert::AsRef;\n    |\n\nerror[E0412]: cannot find type `Result` in this scope\n   --> /Users/graysonnocera/.cargo/registry/src/index.crates.io-6f17d22bba15001f/hex-0.4.3/src/lib.rs:211:52\n    |\n211 |               fn from_hex<T: AsRef<[u8]>>(hex: T) -> Result<Self, Self::Error> {\n    |                                                      ^^^^^^ not found in this scope\n...\n233 | / from_hex_array_impl! {\n234 | |     65536 131072 262144 524288 1048576 2097152 4194304 8388608\n235 | |     16777216 33554432 67108864 134217728 268435456 536870912\n236 | |     1073741824 2147483648\n237 | | }\n    | |_- in this macro invocation\n    |\n    = note: this error originates in the macro `from_hex_array_impl` (in Nightly builds, run with -Z macro-backtrace for more info)\nhelp: consider importing one of these items\n    |\n42  + use core::fmt::Result;\n    |\n42  + use core::result::Result;\n    |\n42  + use alloc::fmt::Result;\n    |\n\nerror[E0425]: cannot find function, tuple struct or tuple variant `Ok` in this scope\n   --> /Users/graysonnocera/.cargo/registry/src/index.crates.io-6f17d22bba15001f/hex-0.4.3/src/lib.rs:214:17\n    |\n214 |                   Ok(out)\n    |                   ^^ not found in this scope\n...\n233 | / from_hex_array_impl! {\n234 | |     65536 131072 262144 524288 1048576 2097152 4194304 8388608\n235 | |     16777216 33554432 67108864 134217728 268435456 536870912\n236 | |     1073741824 2147483648\n237 | | }\n    | |_- in this macro invocation\n    |\n    = note: this error originates in the macro `from_hex_array_impl` (in Nightly builds, run with -Z macro-backtrace for more info)\nhelp: consider importing this tuple variant\n    |\n42  + use core::result::Result::Ok;\n    |\n\nerror[E0405]: cannot find trait `AsRef` in this scope\n   --> /Users/graysonnocera/.cargo/registry/src/index.crates.io-6f17d22bba15001f/hex-0.4.3/src/lib.rs:259:18\n    |\n259 | pub fn encode<T: AsRef<[u8]>>(data: T) -> String {\n    |                  ^^^^^ not found in this scope\n    |\nhelp: consider importing this trait\n    |\n42  + use core::convert::AsRef;\n    |\n\nerror[E0405]: cannot find trait `AsRef` in this scope\n   --> /Users/graysonnocera/.cargo/registry/src/index.crates.io-6f17d22bba15001f/hex-0.4.3/src/lib.rs:275:24\n    |\n275 | pub fn encode_upper<T: AsRef<[u8]>>(data: T) -> String {\n    |                        ^^^^^ not found in this scope\n    |\nhelp: consider importing this trait\n    |\n42  + use core::convert::AsRef;\n    |\n\nerror[E0405]: cannot find trait `AsRef` in this scope\n   --> /Users/graysonnocera/.cargo/registry/src/index.crates.io-6f17d22bba15001f/hex-0.4.3/src/lib.rs:296:18\n    |\n296 | pub fn decode<T: AsRef<[u8]>>(data: T) -> Result<Vec<u8>, FromHexError> {\n    |                  ^^^^^ not found in this scope\n    |\nhelp: consider importing this trait\n    |\n42  + use core::convert::AsRef;\n    |\n\nerror[E0412]: cannot find type `Result` in this scope\n   --> /Users/graysonnocera/.cargo/registry/src/index.crates.io-6f17d22bba15001f/hex-0.4.3/src/lib.rs:296:43\n    |\n296 | pub fn decode<T: AsRef<[u8]>>(data: T) -> Result<Vec<u8>, FromHexError> {\n    |                                           ^^^^^^ not found in this scope\n    |\nhelp: consider importing one of these items\n    |\n42  + use core::fmt::Result;\n    |\n42  + use core::result::Result;\n    |\n42  + use alloc::fmt::Result;\n    |\n\nerror[E0405]: cannot find trait `AsRef` in this scope\n   --> /Users/graysonnocera/.cargo/registry/src/index.crates.io-6f17d22bba15001f/hex-0.4.3/src/lib.rs:312:27\n    |\n312 | pub fn decode_to_slice<T: AsRef<[u8]>>(data: T, out: &mut [u8]) -> Result<(), FromHexError> {\n    |                           ^^^^^ not found in this scope\n    |\nhelp: consider importing this trait\n    |\n42  + use core::convert::AsRef;\n    |\n\nerror[E0412]: cannot find type `Result` in this scope\n   --> /Users/graysonnocera/.cargo/registry/src/index.crates.io-6f17d22bba15001f/hex-0.4.3/src/lib.rs:312:68\n    |\n312 | pub fn decode_to_slice<T: AsRef<[u8]>>(data: T, out: &mut [u8]) -> Result<(), FromHexError> {\n    |                                                                    ^^^^^^ not found in this scope\n    |\nhelp: consider importing one of these items\n    |\n42  + use core::fmt::Result;\n    |\n42  + use core::result::Result;\n    |\n42  + use alloc::fmt::Result;\n    |\n\nerror[E0425]: cannot find function, tuple struct or tuple variant `Err` in this scope\n   --> /Users/graysonnocera/.cargo/registry/src/index.crates.io-6f17d22bba15001f/hex-0.4.3/src/lib.rs:316:16\n    |\n316 |         return Err(FromHexError::OddLength);\n    |                ^^^ not found in this scope\n    |\nhelp: consider importing this tuple variant\n    |\n42  + use core::result::Result::Err;\n    |\n\nerror[E0425]: cannot find function, tuple struct or tuple variant `Err` in this scope\n   --> /Users/graysonnocera/.cargo/registry/src/index.crates.io-6f17d22bba15001f/hex-0.4.3/src/lib.rs:319:16\n    |\n319 |         return Err(FromHexError::InvalidStringLength);\n    |                ^^^ not found in this scope\n    |\nhelp: consider importing this tuple variant\n    |\n42  + use core::result::Result::Err;\n    |\n\nerror[E0425]: cannot find function, tuple struct or tuple variant `Ok` in this scope\n   --> /Users/graysonnocera/.cargo/registry/src/index.crates.io-6f17d22bba15001f/hex-0.4.3/src/lib.rs:326:5\n    |\n326 |     Ok(())\n    |     ^^ not found in this scope\n    |\nhelp: consider importing this tuple variant\n    |\n42  + use core::result::Result::Ok;\n    |\n\nerror[E0405]: cannot find trait `Iterator` in this scope\n   --> /Users/graysonnocera/.cargo/registry/src/index.crates.io-6f17d22bba15001f/hex-0.4.3/src/lib.rs:336:38\n    |\n336 | fn generate_iter(len: usize) -> impl Iterator<Item = (usize, usize)> {\n    |                                      ^^^^^^^^ not found in this scope\n    |\nhelp: consider importing one of these traits\n    |\n42  + use crate::iter::Iterator;\n    |\n42  + use core::iter::Iterator;\n    |\n\nerror[E0405]: cannot find trait `AsRef` in this scope\n   --> /Users/graysonnocera/.cargo/registry/src/index.crates.io-6f17d22bba15001f/hex-0.4.3/src/lib.rs:367:27\n    |\n367 | pub fn encode_to_slice<T: AsRef<[u8]>>(input: T, output: &mut [u8]) -> Result<(), FromHexError> {\n    |                           ^^^^^ not found in this scope\n    |\nhelp: consider importing this trait\n    |\n42  + use core::convert::AsRef;\n    |\n\nerror[E0412]: cannot find type `Result` in this scope\n   --> /Users/graysonnocera/.cargo/registry/src/index.crates.io-6f17d22bba15001f/hex-0.4.3/src/lib.rs:367:72\n    |\n367 | pub fn encode_to_slice<T: AsRef<[u8]>>(input: T, output: &mut [u8]) -> Result<(), FromHexError> {\n    |                                                                        ^^^^^^ not found in this scope\n    |\nhelp: consider importing one of these items\n    |\n42  + use core::fmt::Result;\n    |\n42  + use core::result::Result;\n    |\n42  + use alloc::fmt::Result;\n    |\n\nerror[E0425]: cannot find function, tuple struct or tuple variant `Err` in this scope\n   --> /Users/graysonnocera/.cargo/registry/src/index.crates.io-6f17d22bba15001f/hex-0.4.3/src/lib.rs:369:16\n    |\n369 |         return Err(FromHexError::InvalidStringLength);\n    |                ^^^ not found in this scope\n    |\nhelp: consider importing this tuple variant\n    |\n42  + use core::result::Result::Err;\n    |\n\nerror[E0425]: cannot find function, tuple struct or tuple variant `Ok` in this scope\n   --> /Users/graysonnocera/.cargo/registry/src/index.crates.io-6f17d22bba15001f/hex-0.4.3/src/lib.rs:382:5\n    |\n382 |     Ok(())\n    |     ^^ not found in this scope\n    |\nhelp: consider importing this tuple variant\n    |\n42  + use core::result::Result::Ok;\n    |\n\nerror[E0277]: `BytesToHexChars<'a>` is not an iterator\n   --> /Users/graysonnocera/.cargo/registry/src/index.crates.io-6f17d22bba15001f/hex-0.4.3/src/lib.rs:122:38\n    |\n122 | impl<'a> iter::ExactSizeIterator for BytesToHexChars<'a> {\n    |                                      ^^^^^^^^^^^^^^^^^^^ `BytesToHexChars<'a>` is not an iterator\n    |\n    = help: the trait `Iterator` is not implemented for `BytesToHexChars<'a>`\nnote: required by a bound in `ExactSizeIterator`\n   --> /Users/graysonnocera/.rustup/toolchains/stable-aarch64-apple-darwin/lib/rustlib/src/rust/library/core/src/iter/traits/exact_size.rs:86:30\n    |\n86  | pub trait ExactSizeIterator: Iterator {\n    |                              ^^^^^^^^ required by this bound in `ExactSizeIterator`\n\nSome errors have detailed explanations: E0277, E0405, E0412, E0425, E0463, E0531.\nFor more information about an error, try `rustc --explain E0277`.\nerror: could not compile `hex` (lib) due to 49 previous errors\nerror: could not compile `crypto-common` (lib) due to 1 previous error\n",
      "stdout": ""
    },
    "features": [
      "std"
    ],
    "project": "../../../Downloads/695-Project/dataset/nostd-failed-crates/crates/anychain-bitcoin-0.1.4/src",
    "time_to_build": 2917,
    "time_to_solve": 166
  }
]