[
  {
    "built_with_features": null,
    "command": {
      "args": [
        "build",
        "--target",
        "thumbv7m-none-eabi",
        "--no-default-features"
      ],
      "code": 101,
      "stderr": "   Compiling byteorder v1.5.0\n   Compiling rustc-hex v2.1.0\n   Compiling getrandom v0.2.15\n   Compiling bytes v1.9.0\n   Compiling crunchy v0.2.2\n   Compiling memchr v2.7.4\n   Compiling syn v2.0.90\n   Compiling syn v1.0.109\n   Compiling hex v0.4.3\n   Compiling crypto-common v0.1.6\nerror[E0463]: can't find crate for `std`\n --> /Users/graysonnocera/.cargo/registry/src/index.crates.io-6f17d22bba15001f/getrandom-0.2.15/src/error_impls.rs:1:1\n  |\n1 | extern crate std;\n  | ^^^^^^^^^^^^^^^^^ can't find crate\n  |\n  = note: the `thumbv7m-none-eabi` target may not support the standard library\n\nerror[E0463]: can't find crate for `std`\n  |\n  = note: the `thumbv7m-none-eabi` target may not support the standard library\n  = note: `std` is required by `rustc_hex` because it does not declare `#![no_std]`\n\nerror: target is not supported, for more information see: https://docs.rs/getrandom/#unsupported-targets\n   --> /Users/graysonnocera/.cargo/registry/src/index.crates.io-6f17d22bba15001f/getrandom-0.2.15/src/lib.rs:347:9\n    |\n347 | /         compile_error!(\"target is not supported, for more information see: \\\n348 | |                         https://docs.rs/getrandom/#unsupported-targets\");\n    | |________________________________________________________________________^\n\nerror[E0463]: can't find crate for `std`\n  |\n  = note: the `thumbv7m-none-eabi` target may not support the standard library\n  = note: `std` is required by `crunchy` because it does not declare `#![no_std]`\n\nerror: cannot find macro `include` in this scope\n  --> /Users/graysonnocera/.cargo/registry/src/index.crates.io-6f17d22bba15001f/crunchy-0.2.2/src/lib.rs:36:1\n   |\n36 | include!(concat!(env!(\"OUT_DIR\"), \"/lib.rs\"));\n   | ^^^^^^^\n\nFor more information about this error, try `rustc --explain E0463`.\nerror[E0463]: can't find crate for `std`\n  |\n  = note: the `thumbv7m-none-eabi` target may not support the standard library\n  = note: `std` is required by `hex` because it does not declare `#![no_std]`\n\nerror: could not compile `crunchy` (lib) due to 2 previous errors\nwarning: build failed, waiting for other jobs to finish...\nerror[E0463]: can't find crate for `std`\n  |\n  = note: the `thumbv7m-none-eabi` target may not support the standard library\n  = note: `std` is required by `byteorder` because it does not declare `#![no_std]`\n\nerror: cannot find macro `write` in this scope\n   --> /Users/graysonnocera/.cargo/registry/src/index.crates.io-6f17d22bba15001f/rustc-hex-2.1.0/src/lib.rs:132:33\n    |\n132 |             InvalidHexLength => write!(f, \"Invalid input length\"),\n    |                                 ^^^^^\n    |\nhelp: consider importing this macro\n    |\n16  + use core::write;\n    |\n\nerror: cannot find macro `write` in this scope\n   --> /Users/graysonnocera/.cargo/registry/src/index.crates.io-6f17d22bba15001f/rustc-hex-2.1.0/src/lib.rs:131:17\n    |\n131 |                 write!(f, \"Invalid character '{}' at position {}\", ch, idx),\n    |                 ^^^^^\n    |\nhelp: consider importing this macro\n    |\n16  + use core::write;\n    |\n\nerror: cannot find attribute `derive` in this scope\n   --> /Users/graysonnocera/.cargo/registry/src/index.crates.io-6f17d22bba15001f/rustc-hex-2.1.0/src/lib.rs:119:3\n    |\n119 | #[derive(Clone, Copy)]\n    |   ^^^^^^\n    |\nhelp: consider importing this attribute macro\n    |\n16  + use core::prelude::rust_2024::derive;\n    |\n\nerror[E0433]: failed to resolve: use of undeclared crate or module `imp`\n   --> /Users/graysonnocera/.cargo/registry/src/index.crates.io-6f17d22bba15001f/getrandom-0.2.15/src/lib.rs:398:9\n    |\n398 |         imp::getrandom_inner(dest)?;\n    |         ^^^ use of undeclared crate or module `imp`\n\nSome errors have detailed explanations: E0433, E0463.\nFor more information about an error, try `rustc --explain E0433`.\nerror[E0463]: can't find crate for `std`\n  --> /Users/graysonnocera/.cargo/registry/src/index.crates.io-6f17d22bba15001f/bytes-1.9.0/src/lib.rs:78:1\n   |\n78 | extern crate std;\n   | ^^^^^^^^^^^^^^^^^ can't find crate\n   |\n   = note: the `thumbv7m-none-eabi` target may not support the standard library\n\nerror: could not compile `getrandom` (lib) due to 3 previous errors\nerror[E0463]: can't find crate for `std`\n  --> /Users/graysonnocera/.cargo/registry/src/index.crates.io-6f17d22bba15001f/crypto-common-0.1.6/src/lib.rs:13:1\n   |\n13 | extern crate std;\n   | ^^^^^^^^^^^^^^^^^ can't find crate\n   |\n   = note: the `thumbv7m-none-eabi` target may not support the standard library\n\nerror: cannot find attribute `derive` in this scope\n --> /Users/graysonnocera/.cargo/registry/src/index.crates.io-6f17d22bba15001f/hex-0.4.3/src/error.rs:4:3\n  |\n4 | #[derive(Debug, Clone, Copy, PartialEq)]\n  |   ^^^^^^\n  |\nhelp: consider importing this attribute macro\n  |\n1 + use core::prelude::rust_2024::derive;\n  |\n\nerror[E0463]: can't find crate for `std`\n --> /Users/graysonnocera/.cargo/registry/src/index.crates.io-6f17d22bba15001f/byteorder-1.5.0/src/io.rs:1:5\n  |\n1 | use std::{\n  |     ^^^ can't find crate\n  |\n  = note: the `thumbv7m-none-eabi` target may not support the standard library\n\nerror: cannot find macro `write` in this scope\n  --> /Users/graysonnocera/.cargo/registry/src/index.crates.io-6f17d22bba15001f/hex-0.4.3/src/error.rs:27:17\n   |\n27 |                 write!(f, \"Invalid character {:?} at position {}\", c, index)\n   |                 ^^^^^\n   |\nhelp: consider importing this macro\n   |\n1  + use core::write;\n   |\n\nerror[E0463]: can't find crate for `std`\n    --> /Users/graysonnocera/.cargo/registry/src/index.crates.io-6f17d22bba15001f/byteorder-1.5.0/src/io.rs:1588:9\n     |\n1588 |     use std::mem::size_of;\n     |         ^^^ can't find crate\n     |\n     = note: the `thumbv7m-none-eabi` target may not support the standard library\n\nerror: cannot find macro `write` in this scope\n  --> /Users/graysonnocera/.cargo/registry/src/index.crates.io-6f17d22bba15001f/hex-0.4.3/src/error.rs:29:40\n   |\n29 |             FromHexError::OddLength => write!(f, \"Odd number of digits\"),\n   |                                        ^^^^^\n   |\nhelp: consider importing this macro\n   |\n1  + use core::write;\n   |\n\nerror: cannot find macro `write` in this scope\n  --> /Users/graysonnocera/.cargo/registry/src/index.crates.io-6f17d22bba15001f/hex-0.4.3/src/error.rs:30:50\n   |\n30 |             FromHexError::InvalidStringLength => write!(f, \"Invalid string length\"),\n   |                                                  ^^^^^\n   |\nhelp: consider importing this macro\n   |\n1  + use core::write;\n   |\n\nerror[E0463]: can't find crate for `std`\n  --> /Users/graysonnocera/.cargo/registry/src/index.crates.io-6f17d22bba15001f/hex-0.4.3/src/error.rs:21:6\n   |\n21 | impl std::error::Error for FromHexError {}\n   |      ^^^ can't find crate\n   |\n   = note: the `thumbv7m-none-eabi` target may not support the standard library\n\nerror[E0463]: can't find crate for `std`\n   --> /Users/graysonnocera/.cargo/registry/src/index.crates.io-6f17d22bba15001f/memchr-2.7.4/src/lib.rs:198:1\n    |\n198 | extern crate std;\n    | ^^^^^^^^^^^^^^^^^ can't find crate\n    |\n    = note: the `thumbv7m-none-eabi` target may not support the standard library\n\nerror: cannot find macro `assert` in this scope\n    --> /Users/graysonnocera/.cargo/registry/src/index.crates.io-6f17d22bba15001f/byteorder-1.5.0/src/lib.rs:1209:27\n     |\n1209 |             const _: () = assert!(align_of::<u32>() <= align_of::<f32>());\n     |                           ^^^^^^\n     |\nhelp: consider importing this macro\n     |\n76   + use core::assert;\n     |\n\nerror: cannot find macro `assert` in this scope\n    --> /Users/graysonnocera/.cargo/registry/src/index.crates.io-6f17d22bba15001f/byteorder-1.5.0/src/lib.rs:1271:27\n     |\n1271 |             const _: () = assert!(align_of::<u64>() <= align_of::<f64>());\n     |                           ^^^^^^\n     |\nhelp: consider importing this macro\n     |\n76   + use core::assert;\n     |\n\nerror: cannot find attribute `derive` in this scope\n    --> /Users/graysonnocera/.cargo/registry/src/index.crates.io-6f17d22bba15001f/byteorder-1.5.0/src/lib.rs:1812:3\n     |\n1812 | #[derive(Clone, Copy, Debug, Eq, Hash, Ord, PartialEq, PartialOrd)]\n     |   ^^^^^^\n     |\nhelp: consider importing this attribute macro\n     |\n76   + use core::prelude::rust_2024::derive;\n     |\n\nerror: cannot find macro `panic` in this scope\n    --> /Users/graysonnocera/.cargo/registry/src/index.crates.io-6f17d22bba15001f/byteorder-1.5.0/src/lib.rs:1817:9\n     |\n1817 |         panic!(\"BigEndian default\")\n     |         ^^^^^\n     |\nhelp: consider importing this macro\n     |\n76   + use core::panic;\n     |\n\nerror: cannot find attribute `derive` in this scope\n    --> /Users/graysonnocera/.cargo/registry/src/index.crates.io-6f17d22bba15001f/byteorder-1.5.0/src/lib.rs:1842:3\n     |\n1842 | #[derive(Clone, Copy, Debug, Eq, Hash, Ord, PartialEq, PartialOrd)]\n     |   ^^^^^^\n     |\nhelp: consider importing this attribute macro\n     |\n76   + use core::prelude::rust_2024::derive;\n     |\n\nerror: could not compile `crypto-common` (lib) due to 1 previous error\nerror: cannot find macro `panic` in this scope\n    --> /Users/graysonnocera/.cargo/registry/src/index.crates.io-6f17d22bba15001f/byteorder-1.5.0/src/lib.rs:1847:9\n     |\n1847 |         panic!(\"LittleEndian default\")\n     |         ^^^^^\n     |\nhelp: consider importing this macro\n     |\n76   + use core::panic;\n     |\n\nerror: cannot find macro `assert` in this scope\n    --> /Users/graysonnocera/.cargo/registry/src/index.crates.io-6f17d22bba15001f/byteorder-1.5.0/src/lib.rs:1962:9\n     |\n1962 |         assert!(1 <= nbytes && nbytes <= out.len() && nbytes <= buf.len());\n     |         ^^^^^^\n     |\nhelp: consider importing this macro\n     |\n76   + use core::assert;\n     |\n\nerror: cannot find macro `assert` in this scope\n    --> /Users/graysonnocera/.cargo/registry/src/index.crates.io-6f17d22bba15001f/byteorder-1.5.0/src/lib.rs:1971:9\n     |\n1971 |         assert!(1 <= nbytes && nbytes <= out.len() && nbytes <= buf.len());\n     |         ^^^^^^\n     |\nhelp: consider importing this macro\n     |\n76   + use core::assert;\n     |\n\nerror: cannot find macro `assert` in this scope\n    --> /Users/graysonnocera/.cargo/registry/src/index.crates.io-6f17d22bba15001f/byteorder-1.5.0/src/lib.rs:1999:9\n     |\n1999 |         assert!(pack_size(n) <= nbytes && nbytes <= 8);\n     |         ^^^^^^\n     |\nhelp: consider importing this macro\n     |\n76   + use core::assert;\n     |\n\nerror: cannot find macro `assert` in this scope\n    --> /Users/graysonnocera/.cargo/registry/src/index.crates.io-6f17d22bba15001f/byteorder-1.5.0/src/lib.rs:2000:9\n     |\n2000 |         assert!(nbytes <= buf.len());\n     |         ^^^^^^\n     |\nhelp: consider importing this macro\n     |\n76   + use core::assert;\n     |\n\nerror: cannot find macro `assert` in this scope\n    --> /Users/graysonnocera/.cargo/registry/src/index.crates.io-6f17d22bba15001f/byteorder-1.5.0/src/lib.rs:2013:9\n     |\n2013 |         assert!(pack_size128(n) <= nbytes && nbytes <= 16);\n     |         ^^^^^^\n     |\nhelp: consider importing this macro\n     |\n76   + use core::assert;\n     |\n\nerror: cannot find macro `assert` in this scope\n    --> /Users/graysonnocera/.cargo/registry/src/index.crates.io-6f17d22bba15001f/byteorder-1.5.0/src/lib.rs:2014:9\n     |\n2014 |         assert!(nbytes <= buf.len());\n     |         ^^^^^^\n     |\nhelp: consider importing this macro\n     |\n76   + use core::assert;\n     |\n\nerror: cannot find macro `assert_eq` in this scope\n    --> /Users/graysonnocera/.cargo/registry/src/index.crates.io-6f17d22bba15001f/byteorder-1.5.0/src/lib.rs:1914:9\n     |\n1914 |         assert_eq!(src.len(), dst.len() * SIZE);\n     |         ^^^^^^^^^\n...\n2027 |         read_slice!(src, dst, u16, from_be_bytes);\n     |         ----------------------------------------- in this macro invocation\n     |\n     = note: this error originates in the macro `read_slice` (in Nightly builds, run with -Z macro-backtrace for more info)\nhelp: consider importing this macro\n     |\n76   + use core::assert_eq;\n     |\n\nerror: cannot find macro `assert_eq` in this scope\n    --> /Users/graysonnocera/.cargo/registry/src/index.crates.io-6f17d22bba15001f/byteorder-1.5.0/src/lib.rs:1914:9\n     |\n1914 |         assert_eq!(src.len(), dst.len() * SIZE);\n     |         ^^^^^^^^^\n...\n2032 |         read_slice!(src, dst, u32, from_be_bytes);\n     |         ----------------------------------------- in this macro invocation\n     |\n     = note: this error originates in the macro `read_slice` (in Nightly builds, run with -Z macro-backtrace for more info)\nhelp: consider importing this macro\n     |\n76   + use core::assert_eq;\n     |\n\nerror: cannot find macro `assert_eq` in this scope\n    --> /Users/graysonnocera/.cargo/registry/src/index.crates.io-6f17d22bba15001f/byteorder-1.5.0/src/lib.rs:1914:9\n     |\n1914 |         assert_eq!(src.len(), dst.len() * SIZE);\n     |         ^^^^^^^^^\n...\n2037 |         read_slice!(src, dst, u64, from_be_bytes);\n     |         ----------------------------------------- in this macro invocation\n     |\n     = note: this error originates in the macro `read_slice` (in Nightly builds, run with -Z macro-backtrace for more info)\nhelp: consider importing this macro\n     |\n76   + use core::assert_eq;\n     |\n\nerror: cannot find macro `assert_eq` in this scope\n    --> /Users/graysonnocera/.cargo/registry/src/index.crates.io-6f17d22bba15001f/byteorder-1.5.0/src/lib.rs:1914:9\n     |\n1914 |         assert_eq!(src.len(), dst.len() * SIZE);\n     |         ^^^^^^^^^\n...\n2042 |         read_slice!(src, dst, u128, from_be_bytes);\n     |         ------------------------------------------ in this macro invocation\n     |\n     = note: this error originates in the macro `read_slice` (in Nightly builds, run with -Z macro-backtrace for more info)\nhelp: consider importing this macro\n     |\n76   + use core::assert_eq;\n     |\n\nerror: cannot find macro `assert_eq` in this scope\n    --> /Users/graysonnocera/.cargo/registry/src/index.crates.io-6f17d22bba15001f/byteorder-1.5.0/src/lib.rs:1931:9\n     |\n1931 |         assert_eq!(src.len() * SIZE, dst.len());\n     |         ^^^^^^^^^\n...\n2047 |         write_slice!(src, dst, u16, to_be_bytes);\n     |         ---------------------------------------- in this macro invocation\n     |\n     = note: this error originates in the macro `write_slice` (in Nightly builds, run with -Z macro-backtrace for more info)\nhelp: consider importing this macro\n     |\n76   + use core::assert_eq;\n     |\n\nerror: cannot find macro `assert_eq` in this scope\n    --> /Users/graysonnocera/.cargo/registry/src/index.crates.io-6f17d22bba15001f/byteorder-1.5.0/src/lib.rs:1931:9\n     |\n1931 |         assert_eq!(src.len() * SIZE, dst.len());\n     |         ^^^^^^^^^\n...\n2052 |         write_slice!(src, dst, u32, to_be_bytes);\n     |         ---------------------------------------- in this macro invocation\n     |\n     = note: this error originates in the macro `write_slice` (in Nightly builds, run with -Z macro-backtrace for more info)\nhelp: consider importing this macro\n     |\n76   + use core::assert_eq;\n     |\n\nerror: cannot find macro `assert_eq` in this scope\n    --> /Users/graysonnocera/.cargo/registry/src/index.crates.io-6f17d22bba15001f/byteorder-1.5.0/src/lib.rs:1931:9\n     |\n1931 |         assert_eq!(src.len() * SIZE, dst.len());\n     |         ^^^^^^^^^\n...\n2057 |         write_slice!(src, dst, u64, to_be_bytes);\n     |         ---------------------------------------- in this macro invocation\n     |\n     = note: this error originates in the macro `write_slice` (in Nightly builds, run with -Z macro-backtrace for more info)\nhelp: consider importing this macro\n     |\n76   + use core::assert_eq;\n     |\n\nerror: cannot find macro `assert_eq` in this scope\n    --> /Users/graysonnocera/.cargo/registry/src/index.crates.io-6f17d22bba15001f/byteorder-1.5.0/src/lib.rs:1931:9\n     |\n1931 |         assert_eq!(src.len() * SIZE, dst.len());\n     |         ^^^^^^^^^\n...\n2062 |         write_slice!(src, dst, u128, to_be_bytes);\n     |         ----------------------------------------- in this macro invocation\n     |\n     = note: this error originates in the macro `write_slice` (in Nightly builds, run with -Z macro-backtrace for more info)\nhelp: consider importing this macro\n     |\n76   + use core::assert_eq;\n     |\n\nerror: cannot find macro `cfg` in this scope\n    --> /Users/graysonnocera/.cargo/registry/src/index.crates.io-6f17d22bba15001f/byteorder-1.5.0/src/lib.rs:2067:12\n     |\n2067 |         if cfg!(target_endian = \"little\") {\n     |            ^^^\n     |\n     = note: `cfg` is in scope, but it is an attribute: `#[cfg]`\nhelp: consider importing this macro\n     |\n76   + use core::cfg;\n     |\n\nerror: cannot find macro `cfg` in this scope\n    --> /Users/graysonnocera/.cargo/registry/src/index.crates.io-6f17d22bba15001f/byteorder-1.5.0/src/lib.rs:2076:12\n     |\n2076 |         if cfg!(target_endian = \"little\") {\n     |            ^^^\n     |\n     = note: `cfg` is in scope, but it is an attribute: `#[cfg]`\nhelp: consider importing this macro\n     |\n76   + use core::cfg;\n     |\n\nerror: cannot find macro `cfg` in this scope\n    --> /Users/graysonnocera/.cargo/registry/src/index.crates.io-6f17d22bba15001f/byteorder-1.5.0/src/lib.rs:2085:12\n     |\n2085 |         if cfg!(target_endian = \"little\") {\n     |            ^^^\n     |\n     = note: `cfg` is in scope, but it is an attribute: `#[cfg]`\nhelp: consider importing this macro\n     |\n76   + use core::cfg;\n     |\n\nerror: cannot find macro `cfg` in this scope\n    --> /Users/graysonnocera/.cargo/registry/src/index.crates.io-6f17d22bba15001f/byteorder-1.5.0/src/lib.rs:2094:12\n     |\n2094 |         if cfg!(target_endian = \"little\") {\n     |            ^^^\n     |\n     = note: `cfg` is in scope, but it is an attribute: `#[cfg]`\nhelp: consider importing this macro\n     |\n76   + use core::cfg;\n     |\n\nerror: cannot find macro `cfg` in this scope\n    --> /Users/graysonnocera/.cargo/registry/src/index.crates.io-6f17d22bba15001f/byteorder-1.5.0/src/lib.rs:2103:12\n     |\n2103 |         if cfg!(target_endian = \"little\") {\n     |            ^^^\n     |\n     = note: `cfg` is in scope, but it is an attribute: `#[cfg]`\nhelp: consider importing this macro\n     |\n76   + use core::cfg;\n     |\n\nerror: cannot find macro `cfg` in this scope\n    --> /Users/graysonnocera/.cargo/registry/src/index.crates.io-6f17d22bba15001f/byteorder-1.5.0/src/lib.rs:2115:12\n     |\n2115 |         if cfg!(target_endian = \"little\") {\n     |            ^^^\n     |\n     = note: `cfg` is in scope, but it is an attribute: `#[cfg]`\nhelp: consider importing this macro\n     |\n76   + use core::cfg;\n     |\n\nerror: cannot find macro `assert` in this scope\n    --> /Users/graysonnocera/.cargo/registry/src/index.crates.io-6f17d22bba15001f/byteorder-1.5.0/src/lib.rs:2150:9\n     |\n2150 |         assert!(1 <= nbytes && nbytes <= out.len() && nbytes <= buf.len());\n     |         ^^^^^^\n     |\nhelp: consider importing this macro\n     |\n76   + use core::assert;\n     |\n\nerror: cannot find macro `assert` in this scope\n    --> /Users/graysonnocera/.cargo/registry/src/index.crates.io-6f17d22bba15001f/byteorder-1.5.0/src/lib.rs:2158:9\n     |\n2158 |         assert!(1 <= nbytes && nbytes <= out.len() && nbytes <= buf.len());\n     |         ^^^^^^\n     |\nhelp: consider importing this macro\n     |\n76   + use core::assert;\n     |\n\nerror: cannot find macro `assert` in this scope\n    --> /Users/graysonnocera/.cargo/registry/src/index.crates.io-6f17d22bba15001f/byteorder-1.5.0/src/lib.rs:2185:9\n     |\n2185 |         assert!(pack_size(n as u64) <= nbytes && nbytes <= 8);\n     |         ^^^^^^\n     |\nhelp: consider importing this macro\n     |\n76   + use core::assert;\n     |\n\nerror: cannot find macro `assert` in this scope\n    --> /Users/graysonnocera/.cargo/registry/src/index.crates.io-6f17d22bba15001f/byteorder-1.5.0/src/lib.rs:2186:9\n     |\n2186 |         assert!(nbytes <= buf.len());\n     |         ^^^^^^\n     |\nhelp: consider importing this macro\n     |\n76   + use core::assert;\n     |\n\nerror: cannot find macro `assert` in this scope\n    --> /Users/graysonnocera/.cargo/registry/src/index.crates.io-6f17d22bba15001f/byteorder-1.5.0/src/lib.rs:2195:9\n     |\n2195 |         assert!(pack_size128(n as u128) <= nbytes && nbytes <= 16);\n     |         ^^^^^^\n     |\nhelp: consider importing this macro\n     |\n76   + use core::assert;\n     |\n\nerror[E0463]: can't find crate for `std`\n   --> /Users/graysonnocera/.cargo/registry/src/index.crates.io-6f17d22bba15001f/rustc-hex-2.1.0/src/lib.rs:138:8\n    |\n138 | impl ::std::error::Error for FromHexError {\n    |        ^^^ can't find crate\n    |\n    = note: the `thumbv7m-none-eabi` target may not support the standard library\n\nerror: cannot find macro `assert` in this scope\n    --> /Users/graysonnocera/.cargo/registry/src/index.crates.io-6f17d22bba15001f/byteorder-1.5.0/src/lib.rs:2196:9\n     |\n2196 |         assert!(nbytes <= buf.len());\n     |         ^^^^^^\n     |\nhelp: consider importing this macro\n     |\n76   + use core::assert;\n     |\n\nerror: cannot find macro `assert_eq` in this scope\n    --> /Users/graysonnocera/.cargo/registry/src/index.crates.io-6f17d22bba15001f/byteorder-1.5.0/src/lib.rs:1914:9\n     |\n1914 |         assert_eq!(src.len(), dst.len() * SIZE);\n     |         ^^^^^^^^^\n...\n2205 |         read_slice!(src, dst, u16, from_le_bytes);\n     |         ----------------------------------------- in this macro invocation\n     |\n     = note: this error originates in the macro `read_slice` (in Nightly builds, run with -Z macro-backtrace for more info)\nhelp: consider importing this macro\n     |\n76   + use core::assert_eq;\n     |\n\nerror: cannot find macro `assert_eq` in this scope\n    --> /Users/graysonnocera/.cargo/registry/src/index.crates.io-6f17d22bba15001f/byteorder-1.5.0/src/lib.rs:1914:9\n     |\n1914 |         assert_eq!(src.len(), dst.len() * SIZE);\n     |         ^^^^^^^^^\n...\n2210 |         read_slice!(src, dst, u32, from_le_bytes);\n     |         ----------------------------------------- in this macro invocation\n     |\n     = note: this error originates in the macro `read_slice` (in Nightly builds, run with -Z macro-backtrace for more info)\nhelp: consider importing this macro\n     |\n76   + use core::assert_eq;\n     |\n\nerror: cannot find macro `assert_eq` in this scope\n    --> /Users/graysonnocera/.cargo/registry/src/index.crates.io-6f17d22bba15001f/byteorder-1.5.0/src/lib.rs:1914:9\n     |\n1914 |         assert_eq!(src.len(), dst.len() * SIZE);\n     |         ^^^^^^^^^\n...\n2215 |         read_slice!(src, dst, u64, from_le_bytes);\n     |         ----------------------------------------- in this macro invocation\n     |\n     = note: this error originates in the macro `read_slice` (in Nightly builds, run with -Z macro-backtrace for more info)\nhelp: consider importing this macro\n     |\n76   + use core::assert_eq;\n     |\n\nerror: cannot find macro `assert_eq` in this scope\n    --> /Users/graysonnocera/.cargo/registry/src/index.crates.io-6f17d22bba15001f/byteorder-1.5.0/src/lib.rs:1914:9\n     |\n1914 |         assert_eq!(src.len(), dst.len() * SIZE);\n     |         ^^^^^^^^^\n...\n2220 |         read_slice!(src, dst, u128, from_le_bytes);\n     |         ------------------------------------------ in this macro invocation\n     |\n     = note: this error originates in the macro `read_slice` (in Nightly builds, run with -Z macro-backtrace for more info)\nhelp: consider importing this macro\n     |\n76   + use core::assert_eq;\n     |\n\nerror: cannot find macro `assert_eq` in this scope\n    --> /Users/graysonnocera/.cargo/registry/src/index.crates.io-6f17d22bba15001f/byteorder-1.5.0/src/lib.rs:1931:9\n     |\n1931 |         assert_eq!(src.len() * SIZE, dst.len());\n     |         ^^^^^^^^^\n...\n2225 |         write_slice!(src, dst, u16, to_le_bytes);\n     |         ---------------------------------------- in this macro invocation\n     |\n     = note: this error originates in the macro `write_slice` (in Nightly builds, run with -Z macro-backtrace for more info)\nhelp: consider importing this macro\n     |\n76   + use core::assert_eq;\n     |\n\nerror: cannot find macro `assert_eq` in this scope\n    --> /Users/graysonnocera/.cargo/registry/src/index.crates.io-6f17d22bba15001f/byteorder-1.5.0/src/lib.rs:1931:9\n     |\n1931 |         assert_eq!(src.len() * SIZE, dst.len());\n     |         ^^^^^^^^^\n...\n2230 |         write_slice!(src, dst, u32, to_le_bytes);\n     |         ---------------------------------------- in this macro invocation\n     |\n     = note: this error originates in the macro `write_slice` (in Nightly builds, run with -Z macro-backtrace for more info)\nhelp: consider importing this macro\n     |\n76   + use core::assert_eq;\n     |\n\nerror: cannot find macro `assert_eq` in this scope\n    --> /Users/graysonnocera/.cargo/registry/src/index.crates.io-6f17d22bba15001f/byteorder-1.5.0/src/lib.rs:1931:9\n     |\n1931 |         assert_eq!(src.len() * SIZE, dst.len());\n     |         ^^^^^^^^^\n...\n2235 |         write_slice!(src, dst, u64, to_le_bytes);\n     |         ---------------------------------------- in this macro invocation\n     |\n     = note: this error originates in the macro `write_slice` (in Nightly builds, run with -Z macro-backtrace for more info)\nhelp: consider importing this macro\n     |\n76   + use core::assert_eq;\n     |\n\nerror: cannot find macro `assert_eq` in this scope\n    --> /Users/graysonnocera/.cargo/registry/src/index.crates.io-6f17d22bba15001f/byteorder-1.5.0/src/lib.rs:1931:9\n     |\n1931 |         assert_eq!(src.len() * SIZE, dst.len());\n     |         ^^^^^^^^^\n...\n2240 |         write_slice!(src, dst, u128, to_le_bytes);\n     |         ----------------------------------------- in this macro invocation\n     |\n     = note: this error originates in the macro `write_slice` (in Nightly builds, run with -Z macro-backtrace for more info)\nhelp: consider importing this macro\n     |\n76   + use core::assert_eq;\n     |\n\nerror: cannot find macro `cfg` in this scope\n    --> /Users/graysonnocera/.cargo/registry/src/index.crates.io-6f17d22bba15001f/byteorder-1.5.0/src/lib.rs:2245:12\n     |\n2245 |         if cfg!(target_endian = \"big\") {\n     |            ^^^\n     |\n     = note: `cfg` is in scope, but it is an attribute: `#[cfg]`\nhelp: consider importing this macro\n     |\n76   + use core::cfg;\n     |\n\nerror: cannot find macro `cfg` in this scope\n    --> /Users/graysonnocera/.cargo/registry/src/index.crates.io-6f17d22bba15001f/byteorder-1.5.0/src/lib.rs:2254:12\n     |\n2254 |         if cfg!(target_endian = \"big\") {\n     |            ^^^\n     |\n     = note: `cfg` is in scope, but it is an attribute: `#[cfg]`\nhelp: consider importing this macro\n     |\n76   + use core::cfg;\n     |\n\nerror: cannot find macro `cfg` in this scope\n    --> /Users/graysonnocera/.cargo/registry/src/index.crates.io-6f17d22bba15001f/byteorder-1.5.0/src/lib.rs:2263:12\n     |\n2263 |         if cfg!(target_endian = \"big\") {\n     |            ^^^\n     |\n     = note: `cfg` is in scope, but it is an attribute: `#[cfg]`\nhelp: consider importing this macro\n     |\n76   + use core::cfg;\n     |\n\nerror: cannot find macro `cfg` in this scope\n    --> /Users/graysonnocera/.cargo/registry/src/index.crates.io-6f17d22bba15001f/byteorder-1.5.0/src/lib.rs:2272:12\n     |\n2272 |         if cfg!(target_endian = \"big\") {\n     |            ^^^\n     |\n     = note: `cfg` is in scope, but it is an attribute: `#[cfg]`\nhelp: consider importing this macro\n     |\n76   + use core::cfg;\n     |\n\nerror: cannot find macro `cfg` in this scope\n    --> /Users/graysonnocera/.cargo/registry/src/index.crates.io-6f17d22bba15001f/byteorder-1.5.0/src/lib.rs:2281:12\n     |\n2281 |         if cfg!(target_endian = \"big\") {\n     |            ^^^\n     |\n     = note: `cfg` is in scope, but it is an attribute: `#[cfg]`\nhelp: consider importing this macro\n     |\n76   + use core::cfg;\n     |\n\nerror: cannot find macro `cfg` in this scope\n    --> /Users/graysonnocera/.cargo/registry/src/index.crates.io-6f17d22bba15001f/byteorder-1.5.0/src/lib.rs:2293:12\n     |\n2293 |         if cfg!(target_endian = \"big\") {\n     |            ^^^\n     |\n     = note: `cfg` is in scope, but it is an attribute: `#[cfg]`\nhelp: consider importing this macro\n     |\n76   + use core::cfg;\n     |\n\nerror: could not compile `bytes` (lib) due to 1 previous error\nerror[E0405]: cannot find trait `Sized` in this scope\n  --> /Users/graysonnocera/.cargo/registry/src/index.crates.io-6f17d22bba15001f/rustc-hex-2.1.0/src/lib.rs:48:14\n   |\n48 | impl<'a, T: ?Sized + ToHex> ToHex for &'a T {\n   |              ^^^^^ not found in this scope\n   |\nhelp: consider importing this trait\n   |\n16 + use core::marker::Sized;\n   |\n\nerror[E0412]: cannot find type `Option` in this scope\n  --> /Users/graysonnocera/.cargo/registry/src/index.crates.io-6f17d22bba15001f/rustc-hex-2.1.0/src/lib.rs:56:11\n   |\n56 |     live: Option<char>,\n   |           ^^^^^^ not found in this scope\n   |\nhelp: consider importing this enum\n   |\n16 + use core::option::Option;\n   |\n\nerror[E0425]: cannot find value `None` in this scope\n  --> /Users/graysonnocera/.cargo/registry/src/index.crates.io-6f17d22bba15001f/rustc-hex-2.1.0/src/lib.rs:74:19\n   |\n74 |             live: None,\n   |                   ^^^^ not found in this scope\n   |\nhelp: consider importing this unit variant\n   |\n16 + use core::option::Option::None;\n   |\n\nerror[E0405]: cannot find trait `Iterator` in this scope\n  --> /Users/graysonnocera/.cargo/registry/src/index.crates.io-6f17d22bba15001f/rustc-hex-2.1.0/src/lib.rs:80:38\n   |\n80 | impl<'a, T: Iterator<Item = &'a u8>> Iterator for ToHexIter<T> {\n   |                                      ^^^^^^^^ not found in this scope\n   |\nhelp: consider importing one of these traits\n   |\n16 + use crate::iter::Iterator;\n   |\n16 + use core::iter::Iterator;\n   |\n\nerror[E0405]: cannot find trait `Iterator` in this scope\n  --> /Users/graysonnocera/.cargo/registry/src/index.crates.io-6f17d22bba15001f/rustc-hex-2.1.0/src/lib.rs:80:13\n   |\n80 | impl<'a, T: Iterator<Item = &'a u8>> Iterator for ToHexIter<T> {\n   |             ^^^^^^^^ not found in this scope\n   |\nhelp: consider importing one of these traits\n   |\n16 + use crate::iter::Iterator;\n   |\n16 + use core::iter::Iterator;\n   |\n\nerror[E0412]: cannot find type `Option` in this scope\n  --> /Users/graysonnocera/.cargo/registry/src/index.crates.io-6f17d22bba15001f/rustc-hex-2.1.0/src/lib.rs:83:27\n   |\n83 |     fn next(&mut self) -> Option<char> {\n   |                           ^^^^^^ not found in this scope\n   |\nhelp: consider importing this enum\n   |\n16 + use core::option::Option;\n   |\n\nerror[E0531]: cannot find tuple struct or tuple variant `Some` in this scope\n  --> /Users/graysonnocera/.cargo/registry/src/index.crates.io-6f17d22bba15001f/rustc-hex-2.1.0/src/lib.rs:84:16\n   |\n84 |         if let Some(live) = self.live.take() {\n   |                ^^^^ not found in this scope\n   |\nhelp: consider importing this tuple variant\n   |\n16 + use core::option::Option::Some;\n   |\n\nerror[E0425]: cannot find function, tuple struct or tuple variant `Some` in this scope\n  --> /Users/graysonnocera/.cargo/registry/src/index.crates.io-6f17d22bba15001f/rustc-hex-2.1.0/src/lib.rs:85:20\n   |\n85 |             return Some(live);\n   |                    ^^^^ not found in this scope\n   |\nhelp: consider importing this tuple variant\n   |\n16 + use core::option::Option::Some;\n   |\n\nerror[E0425]: cannot find function, tuple struct or tuple variant `Some` in this scope\n  --> /Users/graysonnocera/.cargo/registry/src/index.crates.io-6f17d22bba15001f/rustc-hex-2.1.0/src/lib.rs:90:25\n   |\n90 |             self.live = Some(CHARS[(byte & 0xf) as usize] as char);\n   |                         ^^^^ not found in this scope\n   |\nhelp: consider importing this tuple variant\n   |\n16 + use core::option::Option::Some;\n   |\n\nerror[E0412]: cannot find type `Option` in this scope\n  --> /Users/graysonnocera/.cargo/registry/src/index.crates.io-6f17d22bba15001f/rustc-hex-2.1.0/src/lib.rs:95:36\n   |\n95 |     fn size_hint(&self) -> (usize, Option<usize>) {\n   |                                    ^^^^^^ not found in this scope\n   |\nhelp: consider importing this enum\n   |\n16 + use core::option::Option;\n   |\n\nerror[E0405]: cannot find trait `Iterator` in this scope\n   --> /Users/graysonnocera/.cargo/registry/src/index.crates.io-6f17d22bba15001f/rustc-hex-2.1.0/src/lib.rs:101:39\n    |\n101 | impl<'a, T: iter::ExactSizeIterator + Iterator<Item = &'a u8>> iter::ExactSizeIterator for ToHexIter<T> {\n    |                                       ^^^^^^^^ not found in this scope\n    |\nhelp: consider importing one of these traits\n    |\n16  + use crate::iter::Iterator;\n    |\n16  + use core::iter::Iterator;\n    |\n\nerror[E0412]: cannot find type `Result` in this scope\n   --> /Users/graysonnocera/.cargo/registry/src/index.crates.io-6f17d22bba15001f/rustc-hex-2.1.0/src/lib.rs:115:48\n    |\n115 |     fn from_hex<T: FromIterator<u8>>(&self) -> Result<T, FromHexError>;\n    |                                                ^^^^^^ not found in this scope\n    |\nhelp: consider importing one of these items\n    |\n16  + use crate::fmt::Result;\n    |\n16  + use core::fmt::Result;\n    |\n16  + use core::result::Result;\n    |\n\nerror[E0412]: cannot find type `Result` in this scope\n   --> /Users/graysonnocera/.cargo/registry/src/index.crates.io-6f17d22bba15001f/rustc-hex-2.1.0/src/lib.rs:193:48\n    |\n193 |     fn from_hex<T: FromIterator<u8>>(&self) -> Result<T, FromHexError> {\n    |                                                ^^^^^^ not found in this scope\n    |\nhelp: consider importing one of these items\n    |\n16  + use crate::fmt::Result;\n    |\n16  + use core::fmt::Result;\n    |\n16  + use core::result::Result;\n    |\n\nerror[E0405]: cannot find trait `Sized` in this scope\n   --> /Users/graysonnocera/.cargo/registry/src/index.crates.io-6f17d22bba15001f/rustc-hex-2.1.0/src/lib.rs:198:14\n    |\n198 | impl<'a, T: ?Sized + FromHex> FromHex for &'a T {\n    |              ^^^^^ not found in this scope\n    |\nhelp: consider importing this trait\n    |\n16  + use core::marker::Sized;\n    |\n\nerror[E0412]: cannot find type `Result` in this scope\n   --> /Users/graysonnocera/.cargo/registry/src/index.crates.io-6f17d22bba15001f/rustc-hex-2.1.0/src/lib.rs:199:48\n    |\n199 |     fn from_hex<U: FromIterator<u8>>(&self) -> Result<U, FromHexError> {\n    |                                                ^^^^^^ not found in this scope\n    |\nhelp: consider importing one of these items\n    |\n16  + use crate::fmt::Result;\n    |\n16  + use core::fmt::Result;\n    |\n16  + use core::result::Result;\n    |\n\nerror[E0405]: cannot find trait `Iterator` in this scope\n   --> /Users/graysonnocera/.cargo/registry/src/index.crates.io-6f17d22bba15001f/rustc-hex-2.1.0/src/lib.rs:232:10\n    |\n232 | impl<'a> Iterator for FromHexIter<'a> {\n    |          ^^^^^^^^ not found in this scope\n    |\nhelp: consider importing one of these traits\n    |\n16  + use crate::iter::Iterator;\n    |\n16  + use core::iter::Iterator;\n    |\n\nerror[E0412]: cannot find type `Result` in this scope\n   --> /Users/graysonnocera/.cargo/registry/src/index.crates.io-6f17d22bba15001f/rustc-hex-2.1.0/src/lib.rs:233:17\n    |\n233 |     type Item = Result<u8, FromHexError>;\n    |                 ^^^^^^ not found in this scope\n    |\nhelp: consider importing one of these items\n    |\n16  + use crate::fmt::Result;\n    |\n16  + use core::fmt::Result;\n    |\n16  + use core::result::Result;\n    |\n\nerror[E0412]: cannot find type `Option` in this scope\n   --> /Users/graysonnocera/.cargo/registry/src/index.crates.io-6f17d22bba15001f/rustc-hex-2.1.0/src/lib.rs:235:27\n    |\n235 |     fn next(&mut self) -> Option<Result<u8, FromHexError>> {\n    |                           ^^^^^^ not found in this scope\n    |\nhelp: consider importing this enum\n    |\n16  + use core::option::Option;\n    |\n\nerror[E0412]: cannot find type `Result` in this scope\n   --> /Users/graysonnocera/.cargo/registry/src/index.crates.io-6f17d22bba15001f/rustc-hex-2.1.0/src/lib.rs:235:34\n    |\n235 |     fn next(&mut self) -> Option<Result<u8, FromHexError>> {\n    |                                  ^^^^^^ not found in this scope\n    |\nhelp: consider importing one of these items\n    |\n16  + use crate::fmt::Result;\n    |\n16  + use core::fmt::Result;\n    |\n16  + use core::result::Result;\n    |\n\nerror[E0425]: cannot find value `None` in this scope\n   --> /Users/graysonnocera/.cargo/registry/src/index.crates.io-6f17d22bba15001f/rustc-hex-2.1.0/src/lib.rs:237:20\n    |\n237 |             return None;\n    |                    ^^^^ not found in this scope\n    |\nhelp: consider importing this unit variant\n    |\n16  + use core::option::Option::None;\n    |\n\nerror[E0425]: cannot find function, tuple struct or tuple variant `Some` in this scope\n   --> /Users/graysonnocera/.cargo/registry/src/index.crates.io-6f17d22bba15001f/rustc-hex-2.1.0/src/lib.rs:256:28\n    |\n256 |                     return Some(Err(InvalidHexCharacter(ch, idx)));\n    |                            ^^^^ not found in this scope\n    |\nhelp: consider importing this tuple variant\n    |\n16  + use core::option::Option::Some;\n    |\n\nerror[E0425]: cannot find function, tuple struct or tuple variant `Err` in this scope\n   --> /Users/graysonnocera/.cargo/registry/src/index.crates.io-6f17d22bba15001f/rustc-hex-2.1.0/src/lib.rs:256:33\n    |\n256 |                     return Some(Err(InvalidHexCharacter(ch, idx)));\n    |                                 ^^^ not found in this scope\n    |\nhelp: consider importing this tuple variant\n    |\n16  + use core::result::Result::Err;\n    |\n\nerror[E0425]: cannot find function, tuple struct or tuple variant `Some` in this scope\n   --> /Users/graysonnocera/.cargo/registry/src/index.crates.io-6f17d22bba15001f/rustc-hex-2.1.0/src/lib.rs:262:24\n    |\n262 |                 return Some(Ok(buf));\n    |                        ^^^^ not found in this scope\n    |\nhelp: consider importing this tuple variant\n    |\n16  + use core::option::Option::Some;\n    |\n\nerror[E0425]: cannot find function, tuple struct or tuple variant `Ok` in this scope\n   --> /Users/graysonnocera/.cargo/registry/src/index.crates.io-6f17d22bba15001f/rustc-hex-2.1.0/src/lib.rs:262:29\n    |\n262 |                 return Some(Ok(buf));\n    |                             ^^ not found in this scope\n    |\nhelp: consider importing this tuple variant\n    |\n16  + use core::result::Result::Ok;\n    |\n\nerror[E0425]: cannot find function, tuple struct or tuple variant `Some` in this scope\n   --> /Users/graysonnocera/.cargo/registry/src/index.crates.io-6f17d22bba15001f/rustc-hex-2.1.0/src/lib.rs:268:20\n    |\n268 |             return Some(Err(InvalidHexLength));\n    |                    ^^^^ not found in this scope\n    |\nhelp: consider importing this tuple variant\n    |\n16  + use core::option::Option::Some;\n    |\n\nerror[E0425]: cannot find function, tuple struct or tuple variant `Err` in this scope\n   --> /Users/graysonnocera/.cargo/registry/src/index.crates.io-6f17d22bba15001f/rustc-hex-2.1.0/src/lib.rs:268:25\n    |\n268 |             return Some(Err(InvalidHexLength));\n    |                         ^^^ not found in this scope\n    |\nhelp: consider importing this tuple variant\n    |\n16  + use core::result::Result::Err;\n    |\n\nerror[E0425]: cannot find value `None` in this scope\n   --> /Users/graysonnocera/.cargo/registry/src/index.crates.io-6f17d22bba15001f/rustc-hex-2.1.0/src/lib.rs:271:9\n    |\n271 |         None\n    |         ^^^^ not found in this scope\n    |\nhelp: consider importing this unit variant\n    |\n16  + use core::option::Option::None;\n    |\n\nerror[E0412]: cannot find type `Option` in this scope\n   --> /Users/graysonnocera/.cargo/registry/src/index.crates.io-6f17d22bba15001f/rustc-hex-2.1.0/src/lib.rs:274:36\n    |\n274 |     fn size_hint(&self) -> (usize, Option<usize>) {\n    |                                    ^^^^^^ not found in this scope\n    |\nhelp: consider importing this enum\n    |\n16  + use core::option::Option;\n    |\n\nSome errors have detailed explanations: E0405, E0412, E0425, E0463, E0531.\nFor more information about an error, try `rustc --explain E0405`.\nerror: could not compile `rustc-hex` (lib) due to 33 previous errors\nerror[E0425]: cannot find function, tuple struct or tuple variant `Ok` in this scope\n  --> /Users/graysonnocera/.cargo/registry/src/index.crates.io-6f17d22bba15001f/byteorder-1.5.0/src/io.rs:58:9\n   |\n58 |         Ok(buf[0])\n   |         ^^ not found in this scope\n   |\nhelp: consider importing this tuple variant\n   |\n1  + use core::result::Result::Ok;\n   |\n\nerror[E0425]: cannot find function, tuple struct or tuple variant `Ok` in this scope\n  --> /Users/graysonnocera/.cargo/registry/src/index.crates.io-6f17d22bba15001f/byteorder-1.5.0/src/io.rs:88:9\n   |\n88 |         Ok(buf[0] as i8)\n   |         ^^ not found in this scope\n   |\nhelp: consider importing this tuple variant\n   |\n1  + use core::result::Result::Ok;\n   |\n\nerror[E0425]: cannot find function, tuple struct or tuple variant `Ok` in this scope\n   --> /Users/graysonnocera/.cargo/registry/src/index.crates.io-6f17d22bba15001f/byteorder-1.5.0/src/io.rs:115:9\n    |\n115 |         Ok(T::read_u16(&buf))\n    |         ^^ not found in this scope\n    |\nhelp: consider importing this tuple variant\n    |\n1   + use core::result::Result::Ok;\n    |\n\nerror[E0425]: cannot find function, tuple struct or tuple variant `Ok` in this scope\n   --> /Users/graysonnocera/.cargo/registry/src/index.crates.io-6f17d22bba15001f/byteorder-1.5.0/src/io.rs:142:9\n    |\n142 |         Ok(T::read_i16(&buf))\n    |         ^^ not found in this scope\n    |\nhelp: consider importing this tuple variant\n    |\n1   + use core::result::Result::Ok;\n    |\n\nerror[E0425]: cannot find function, tuple struct or tuple variant `Ok` in this scope\n   --> /Users/graysonnocera/.cargo/registry/src/index.crates.io-6f17d22bba15001f/byteorder-1.5.0/src/io.rs:168:9\n    |\n168 |         Ok(T::read_u24(&buf))\n    |         ^^ not found in this scope\n    |\nhelp: consider importing this tuple variant\n    |\n1   + use core::result::Result::Ok;\n    |\n\nerror[E0425]: cannot find function, tuple struct or tuple variant `Ok` in this scope\n   --> /Users/graysonnocera/.cargo/registry/src/index.crates.io-6f17d22bba15001f/byteorder-1.5.0/src/io.rs:194:9\n    |\n194 |         Ok(T::read_i24(&buf))\n    |         ^^ not found in this scope\n    |\nhelp: consider importing this tuple variant\n    |\n1   + use core::result::Result::Ok;\n    |\n\nerror[E0425]: cannot find function, tuple struct or tuple variant `Ok` in this scope\n   --> /Users/graysonnocera/.cargo/registry/src/index.crates.io-6f17d22bba15001f/byteorder-1.5.0/src/io.rs:220:9\n    |\n220 |         Ok(T::read_u32(&buf))\n    |         ^^ not found in this scope\n    |\nhelp: consider importing this tuple variant\n    |\n1   + use core::result::Result::Ok;\n    |\n\nerror[E0425]: cannot find function, tuple struct or tuple variant `Ok` in this scope\n   --> /Users/graysonnocera/.cargo/registry/src/index.crates.io-6f17d22bba15001f/byteorder-1.5.0/src/io.rs:246:9\n    |\n246 |         Ok(T::read_i32(&buf))\n    |         ^^ not found in this scope\n    |\nhelp: consider importing this tuple variant\n    |\n1   + use core::result::Result::Ok;\n    |\n\nerror[E0425]: cannot find function, tuple struct or tuple variant `Ok` in this scope\n   --> /Users/graysonnocera/.cargo/registry/src/index.crates.io-6f17d22bba15001f/byteorder-1.5.0/src/io.rs:272:9\n    |\n272 |         Ok(T::read_u48(&buf))\n    |         ^^ not found in this scope\n    |\nhelp: consider importing this tuple variant\n    |\n1   + use core::result::Result::Ok;\n    |\n\nerror[E0425]: cannot find function, tuple struct or tuple variant `Ok` in this scope\n   --> /Users/graysonnocera/.cargo/registry/src/index.crates.io-6f17d22bba15001f/byteorder-1.5.0/src/io.rs:298:9\n    |\n298 |         Ok(T::read_i48(&buf))\n    |         ^^ not found in this scope\n    |\nhelp: consider importing this tuple variant\n    |\n1   + use core::result::Result::Ok;\n    |\n\nerror[E0425]: cannot find function, tuple struct or tuple variant `Ok` in this scope\n   --> /Users/graysonnocera/.cargo/registry/src/index.crates.io-6f17d22bba15001f/byteorder-1.5.0/src/io.rs:324:9\n    |\n324 |         Ok(T::read_u64(&buf))\n    |         ^^ not found in this scope\n    |\nhelp: consider importing this tuple variant\n    |\n1   + use core::result::Result::Ok;\n    |\n\nerror[E0425]: cannot find function, tuple struct or tuple variant `Ok` in this scope\n   --> /Users/graysonnocera/.cargo/registry/src/index.crates.io-6f17d22bba15001f/byteorder-1.5.0/src/io.rs:350:9\n    |\n350 |         Ok(T::read_i64(&buf))\n    |         ^^ not found in this scope\n    |\nhelp: consider importing this tuple variant\n    |\n1   + use core::result::Result::Ok;\n    |\n\nerror[E0425]: cannot find function, tuple struct or tuple variant `Ok` in this scope\n   --> /Users/graysonnocera/.cargo/registry/src/index.crates.io-6f17d22bba15001f/byteorder-1.5.0/src/io.rs:379:9\n    |\n379 |         Ok(T::read_u128(&buf))\n    |         ^^ not found in this scope\n    |\nhelp: consider importing this tuple variant\n    |\n1   + use core::result::Result::Ok;\n    |\n\nerror[E0425]: cannot find function, tuple struct or tuple variant `Ok` in this scope\n   --> /Users/graysonnocera/.cargo/registry/src/index.crates.io-6f17d22bba15001f/byteorder-1.5.0/src/io.rs:405:9\n    |\n405 |         Ok(T::read_i128(&buf))\n    |         ^^ not found in this scope\n    |\nhelp: consider importing this tuple variant\n    |\n1   + use core::result::Result::Ok;\n    |\n\nerror[E0425]: cannot find function, tuple struct or tuple variant `Ok` in this scope\n   --> /Users/graysonnocera/.cargo/registry/src/index.crates.io-6f17d22bba15001f/byteorder-1.5.0/src/io.rs:430:9\n    |\n430 |         Ok(T::read_uint(&buf[..nbytes], nbytes))\n    |         ^^ not found in this scope\n    |\nhelp: consider importing this tuple variant\n    |\n1   + use core::result::Result::Ok;\n    |\n\nerror[E0425]: cannot find function, tuple struct or tuple variant `Ok` in this scope\n   --> /Users/graysonnocera/.cargo/registry/src/index.crates.io-6f17d22bba15001f/byteorder-1.5.0/src/io.rs:455:9\n    |\n455 |         Ok(T::read_int(&buf[..nbytes], nbytes))\n    |         ^^ not found in this scope\n    |\nhelp: consider importing this tuple variant\n    |\n1   + use core::result::Result::Ok;\n    |\n\nerror[E0425]: cannot find function, tuple struct or tuple variant `Ok` in this scope\n   --> /Users/graysonnocera/.cargo/registry/src/index.crates.io-6f17d22bba15001f/byteorder-1.5.0/src/io.rs:463:9\n    |\n463 |         Ok(T::read_uint128(&buf[..nbytes], nbytes))\n    |         ^^ not found in this scope\n    |\nhelp: consider importing this tuple variant\n    |\n1   + use core::result::Result::Ok;\n    |\n\nerror[E0425]: cannot find function, tuple struct or tuple variant `Ok` in this scope\n   --> /Users/graysonnocera/.cargo/registry/src/index.crates.io-6f17d22bba15001f/byteorder-1.5.0/src/io.rs:471:9\n    |\n471 |         Ok(T::read_int128(&buf[..nbytes], nbytes))\n    |         ^^ not found in this scope\n    |\nhelp: consider importing this tuple variant\n    |\n1   + use core::result::Result::Ok;\n    |\n\nerror[E0425]: cannot find function, tuple struct or tuple variant `Ok` in this scope\n   --> /Users/graysonnocera/.cargo/registry/src/index.crates.io-6f17d22bba15001f/byteorder-1.5.0/src/io.rs:502:9\n    |\n502 |         Ok(T::read_f32(&buf))\n    |         ^^ not found in this scope\n    |\nhelp: consider importing this tuple variant\n    |\n1   + use core::result::Result::Ok;\n    |\n\nerror[E0425]: cannot find function, tuple struct or tuple variant `Ok` in this scope\n   --> /Users/graysonnocera/.cargo/registry/src/index.crates.io-6f17d22bba15001f/byteorder-1.5.0/src/io.rs:533:9\n    |\n533 |         Ok(T::read_f64(&buf))\n    |         ^^ not found in this scope\n    |\nhelp: consider importing this tuple variant\n    |\n1   + use core::result::Result::Ok;\n    |\n\nerror[E0425]: cannot find function, tuple struct or tuple variant `Ok` in this scope\n   --> /Users/graysonnocera/.cargo/registry/src/index.crates.io-6f17d22bba15001f/byteorder-1.5.0/src/io.rs:568:9\n    |\n568 |         Ok(())\n    |         ^^ not found in this scope\n    |\nhelp: consider importing this tuple variant\n    |\n1   + use core::result::Result::Ok;\n    |\n\nerror[E0425]: cannot find function, tuple struct or tuple variant `Ok` in this scope\n   --> /Users/graysonnocera/.cargo/registry/src/index.crates.io-6f17d22bba15001f/byteorder-1.5.0/src/io.rs:603:9\n    |\n603 |         Ok(())\n    |         ^^ not found in this scope\n    |\nhelp: consider importing this tuple variant\n    |\n1   + use core::result::Result::Ok;\n    |\n\nerror[E0425]: cannot find function, tuple struct or tuple variant `Ok` in this scope\n   --> /Users/graysonnocera/.cargo/registry/src/index.crates.io-6f17d22bba15001f/byteorder-1.5.0/src/io.rs:641:9\n    |\n641 |         Ok(())\n    |         ^^ not found in this scope\n    |\nhelp: consider importing this tuple variant\n    |\n1   + use core::result::Result::Ok;\n    |\n\nerror[E0425]: cannot find function, tuple struct or tuple variant `Ok` in this scope\n   --> /Users/graysonnocera/.cargo/registry/src/index.crates.io-6f17d22bba15001f/byteorder-1.5.0/src/io.rs:682:9\n    |\n682 |         Ok(())\n    |         ^^ not found in this scope\n    |\nhelp: consider importing this tuple variant\n    |\n1   + use core::result::Result::Ok;\n    |\n\nerror[E0425]: cannot find function, tuple struct or tuple variant `Ok` in this scope\n   --> /Users/graysonnocera/.cargo/registry/src/index.crates.io-6f17d22bba15001f/byteorder-1.5.0/src/io.rs:753:9\n    |\n753 |         Ok(())\n    |         ^^ not found in this scope\n    |\nhelp: consider importing this tuple variant\n    |\n1   + use core::result::Result::Ok;\n    |\n\nerror[E0425]: cannot find function, tuple struct or tuple variant `Ok` in this scope\n   --> /Users/graysonnocera/.cargo/registry/src/index.crates.io-6f17d22bba15001f/byteorder-1.5.0/src/io.rs:788:9\n    |\n788 |         Ok(())\n    |         ^^ not found in this scope\n    |\nhelp: consider importing this tuple variant\n    |\n1   + use core::result::Result::Ok;\n    |\n\nerror[E0425]: cannot find function, tuple struct or tuple variant `Ok` in this scope\n   --> /Users/graysonnocera/.cargo/registry/src/index.crates.io-6f17d22bba15001f/byteorder-1.5.0/src/io.rs:826:9\n    |\n826 |         Ok(())\n    |         ^^ not found in this scope\n    |\nhelp: consider importing this tuple variant\n    |\n1   + use core::result::Result::Ok;\n    |\n\nerror[E0425]: cannot find function, tuple struct or tuple variant `Ok` in this scope\n   --> /Users/graysonnocera/.cargo/registry/src/index.crates.io-6f17d22bba15001f/byteorder-1.5.0/src/io.rs:867:9\n    |\n867 |         Ok(())\n    |         ^^ not found in this scope\n    |\nhelp: consider importing this tuple variant\n    |\n1   + use core::result::Result::Ok;\n    |\n\nerror[E0425]: cannot find function, tuple struct or tuple variant `Ok` in this scope\n   --> /Users/graysonnocera/.cargo/registry/src/index.crates.io-6f17d22bba15001f/byteorder-1.5.0/src/io.rs:908:9\n    |\n908 |         Ok(())\n    |         ^^ not found in this scope\n    |\nhelp: consider importing this tuple variant\n    |\n1   + use core::result::Result::Ok;\n    |\n\nerror[E0425]: cannot find function, tuple struct or tuple variant `Ok` in this scope\n   --> /Users/graysonnocera/.cargo/registry/src/index.crates.io-6f17d22bba15001f/byteorder-1.5.0/src/io.rs:993:9\n    |\n993 |         Ok(())\n    |         ^^ not found in this scope\n    |\nhelp: consider importing this tuple variant\n    |\n1   + use core::result::Result::Ok;\n    |\n\nerror[E0405]: cannot find trait `Sized` in this scope\n    --> /Users/graysonnocera/.cargo/registry/src/index.crates.io-6f17d22bba15001f/byteorder-1.5.0/src/io.rs:1049:21\n     |\n1049 | impl<R: io::Read + ?Sized> ReadBytesExt for R {}\n     |                     ^^^^^ not found in this scope\n     |\nhelp: consider importing this trait\n     |\n1    + use core::marker::Sized;\n     |\n\nerror[E0405]: cannot find trait `Sized` in this scope\n    --> /Users/graysonnocera/.cargo/registry/src/index.crates.io-6f17d22bba15001f/byteorder-1.5.0/src/io.rs:1579:22\n     |\n1579 | impl<W: io::Write + ?Sized> WriteBytesExt for W {}\n     |                      ^^^^^ not found in this scope\n     |\nhelp: consider importing this trait\n     |\n1    + use core::marker::Sized;\n     |\n\nerror[E0405]: cannot find trait `Copy` in this scope\n    --> /Users/graysonnocera/.cargo/registry/src/index.crates.io-6f17d22bba15001f/byteorder-1.5.0/src/io.rs:1587:30\n     |\n1587 | unsafe fn slice_to_u8_mut<T: Copy>(slice: &mut [T]) -> &mut [u8] {\n     |                              ^^^^ not found in this scope\n     |\nhelp: consider importing this trait\n     |\n1    + use core::marker::Copy;\n     |\n\nerror[E0405]: cannot find trait `Clone` in this scope\n   --> /Users/graysonnocera/.cargo/registry/src/index.crates.io-6f17d22bba15001f/byteorder-1.5.0/src/lib.rs:213:5\n    |\n213 |     Clone\n    |     ^^^^^ not found in this scope\n    |\nhelp: consider importing this trait\n    |\n76  + use core::clone::Clone;\n    |\n\nerror[E0405]: cannot find trait `Copy` in this scope\n   --> /Users/graysonnocera/.cargo/registry/src/index.crates.io-6f17d22bba15001f/byteorder-1.5.0/src/lib.rs:214:7\n    |\n214 |     + Copy\n    |       ^^^^ not found in this scope\n    |\nhelp: consider importing this trait\n    |\n76  + use core::marker::Copy;\n    |\n\nerror[E0405]: cannot find trait `Default` in this scope\n   --> /Users/graysonnocera/.cargo/registry/src/index.crates.io-6f17d22bba15001f/byteorder-1.5.0/src/lib.rs:216:7\n    |\n216 |     + Default\n    |       ^^^^^^^ not found in this scope\n    |\nhelp: consider importing this trait\n    |\n76  + use core::default::Default;\n    |\n\nerror[E0405]: cannot find trait `Eq` in this scope\n   --> /Users/graysonnocera/.cargo/registry/src/index.crates.io-6f17d22bba15001f/byteorder-1.5.0/src/lib.rs:217:7\n    |\n217 |     + Eq\n    |       ^^ not found in this scope\n    |\nhelp: consider importing this trait\n    |\n76  + use core::cmp::Eq;\n    |\n\nerror[E0405]: cannot find trait `Ord` in this scope\n   --> /Users/graysonnocera/.cargo/registry/src/index.crates.io-6f17d22bba15001f/byteorder-1.5.0/src/lib.rs:219:7\n    |\n219 |     + Ord\n    |       ^^^ not found in this scope\n    |\nhelp: consider importing this trait\n    |\n76  + use core::cmp::Ord;\n    |\n\nerror[E0405]: cannot find trait `PartialEq` in this scope\n   --> /Users/graysonnocera/.cargo/registry/src/index.crates.io-6f17d22bba15001f/byteorder-1.5.0/src/lib.rs:220:7\n    |\n220 |     + PartialEq\n    |       ^^^^^^^^^ not found in this scope\n    |\nhelp: consider importing this trait\n    |\n76  + use core::cmp::PartialEq;\n    |\n\nerror[E0405]: cannot find trait `PartialOrd` in this scope\n   --> /Users/graysonnocera/.cargo/registry/src/index.crates.io-6f17d22bba15001f/byteorder-1.5.0/src/lib.rs:221:7\n    |\n221 |     + PartialOrd\n    |       ^^^^^^^^^^ not found in this scope\n    |\nhelp: consider importing this trait\n    |\n76  + use core::cmp::PartialOrd;\n    |\n\nerror[E0405]: cannot find trait `Default` in this scope\n    --> /Users/graysonnocera/.cargo/registry/src/index.crates.io-6f17d22bba15001f/byteorder-1.5.0/src/lib.rs:1815:6\n     |\n1815 | impl Default for BigEndian {\n     |      ^^^^^^^ not found in this scope\n     |\nhelp: consider importing this trait\n     |\n76   + use core::default::Default;\n     |\n\nerror[E0405]: cannot find trait `Default` in this scope\n    --> /Users/graysonnocera/.cargo/registry/src/index.crates.io-6f17d22bba15001f/byteorder-1.5.0/src/lib.rs:1845:6\n     |\n1845 | impl Default for LittleEndian {\n     |      ^^^^^^^ not found in this scope\n     |\nhelp: consider importing this trait\n     |\n76   + use core::default::Default;\n     |\n\nSome errors have detailed explanations: E0405, E0425, E0463.\nerror: could not compile `byteorder` (lib) due to 91 previous errors\nerror: could not compile `memchr` (lib) due to 1 previous error\nerror[E0412]: cannot find type `Option` in this scope\n  --> /Users/graysonnocera/.cargo/registry/src/index.crates.io-6f17d22bba15001f/hex-0.4.3/src/lib.rs:89:11\n   |\n89 |     next: Option<char>,\n   |           ^^^^^^ not found in this scope\n   |\nhelp: consider importing this enum\n   |\n42 + use core::option::Option;\n   |\n\nerror[E0425]: cannot find value `None` in this scope\n  --> /Users/graysonnocera/.cargo/registry/src/index.crates.io-6f17d22bba15001f/hex-0.4.3/src/lib.rs:97:19\n   |\n97 |             next: None,\n   |                   ^^^^ not found in this scope\n   |\nhelp: consider importing this unit variant\n   |\n42 + use core::option::Option::None;\n   |\n\nerror[E0405]: cannot find trait `Iterator` in this scope\n   --> /Users/graysonnocera/.cargo/registry/src/index.crates.io-6f17d22bba15001f/hex-0.4.3/src/lib.rs:102:10\n    |\n102 | impl<'a> Iterator for BytesToHexChars<'a> {\n    |          ^^^^^^^^ not found in this scope\n    |\nhelp: consider importing one of these traits\n    |\n42  + use crate::iter::Iterator;\n    |\n42  + use core::iter::Iterator;\n    |\n\nerror[E0412]: cannot find type `Option` in this scope\n   --> /Users/graysonnocera/.cargo/registry/src/index.crates.io-6f17d22bba15001f/hex-0.4.3/src/lib.rs:105:27\n    |\n105 |     fn next(&mut self) -> Option<Self::Item> {\n    |                           ^^^^^^ not found in this scope\n    |\nhelp: consider importing this enum\n    |\n42  + use core::option::Option;\n    |\n\nerror[E0531]: cannot find tuple struct or tuple variant `Some` in this scope\n   --> /Users/graysonnocera/.cargo/registry/src/index.crates.io-6f17d22bba15001f/hex-0.4.3/src/lib.rs:107:13\n    |\n107 |             Some(current) => Some(current),\n    |             ^^^^ not found in this scope\n    |\nhelp: consider importing this tuple variant\n    |\n42  + use core::option::Option::Some;\n    |\n\nerror[E0425]: cannot find function, tuple struct or tuple variant `Some` in this scope\n   --> /Users/graysonnocera/.cargo/registry/src/index.crates.io-6f17d22bba15001f/hex-0.4.3/src/lib.rs:107:30\n    |\n107 |             Some(current) => Some(current),\n    |                              ^^^^ not found in this scope\n    |\nhelp: consider importing this tuple variant\n    |\n42  + use core::option::Option::Some;\n    |\n\nerror[E0425]: cannot find function, tuple struct or tuple variant `Some` in this scope\n   --> /Users/graysonnocera/.cargo/registry/src/index.crates.io-6f17d22bba15001f/hex-0.4.3/src/lib.rs:110:29\n    |\n110 |                 self.next = Some(self.table[(byte & 0x0F) as usize] as char);\n    |                             ^^^^ not found in this scope\n    |\nhelp: consider importing this tuple variant\n    |\n42  + use core::option::Option::Some;\n    |\n\nerror[E0412]: cannot find type `Option` in this scope\n   --> /Users/graysonnocera/.cargo/registry/src/index.crates.io-6f17d22bba15001f/hex-0.4.3/src/lib.rs:116:36\n    |\n116 |     fn size_hint(&self) -> (usize, Option<usize>) {\n    |                                    ^^^^^^ not found in this scope\n    |\nhelp: consider importing this enum\n    |\n42  + use core::option::Option;\n    |\n\nerror[E0425]: cannot find function, tuple struct or tuple variant `Some` in this scope\n   --> /Users/graysonnocera/.cargo/registry/src/index.crates.io-6f17d22bba15001f/hex-0.4.3/src/lib.rs:118:18\n    |\n118 |         (length, Some(length))\n    |                  ^^^^ not found in this scope\n    |\nhelp: consider importing this tuple variant\n    |\n42  + use core::option::Option::Some;\n    |\n\nerror[E0405]: cannot find trait `AsRef` in this scope\n   --> /Users/graysonnocera/.cargo/registry/src/index.crates.io-6f17d22bba15001f/hex-0.4.3/src/lib.rs:137:9\n    |\n137 | impl<T: AsRef<[u8]>> ToHex for T {\n    |         ^^^^^ not found in this scope\n    |\nhelp: consider importing this trait\n    |\n42  + use core::convert::AsRef;\n    |\n\nerror[E0405]: cannot find trait `Sized` in this scope\n   --> /Users/graysonnocera/.cargo/registry/src/index.crates.io-6f17d22bba15001f/hex-0.4.3/src/lib.rs:164:20\n    |\n164 | pub trait FromHex: Sized {\n    |                    ^^^^^ not found in this scope\n    |\nhelp: consider importing this trait\n    |\n42  + use core::marker::Sized;\n    |\n\nerror[E0405]: cannot find trait `AsRef` in this scope\n   --> /Users/graysonnocera/.cargo/registry/src/index.crates.io-6f17d22bba15001f/hex-0.4.3/src/lib.rs:172:20\n    |\n172 |     fn from_hex<T: AsRef<[u8]>>(hex: T) -> Result<Self, Self::Error>;\n    |                    ^^^^^ not found in this scope\n    |\nhelp: consider importing this trait\n    |\n42  + use core::convert::AsRef;\n    |\n\nerror[E0412]: cannot find type `Result` in this scope\n   --> /Users/graysonnocera/.cargo/registry/src/index.crates.io-6f17d22bba15001f/hex-0.4.3/src/lib.rs:172:44\n    |\n172 |     fn from_hex<T: AsRef<[u8]>>(hex: T) -> Result<Self, Self::Error>;\n    |                                            ^^^^^^ not found in this scope\n    |\nhelp: consider importing one of these items\n    |\n42  + use core::fmt::Result;\n    |\n42  + use core::result::Result;\n    |\n42  + use alloc::fmt::Result;\n    |\n\nerror[E0412]: cannot find type `Result` in this scope\n   --> /Users/graysonnocera/.cargo/registry/src/index.crates.io-6f17d22bba15001f/hex-0.4.3/src/lib.rs:175:30\n    |\n175 | fn val(c: u8, idx: usize) -> Result<u8, FromHexError> {\n    |                              ^^^^^^ not found in this scope\n    |\nhelp: consider importing one of these items\n    |\n42  + use core::fmt::Result;\n    |\n42  + use core::result::Result;\n    |\n42  + use alloc::fmt::Result;\n    |\n\nerror[E0425]: cannot find function, tuple struct or tuple variant `Ok` in this scope\n   --> /Users/graysonnocera/.cargo/registry/src/index.crates.io-6f17d22bba15001f/hex-0.4.3/src/lib.rs:177:24\n    |\n177 |         b'A'..=b'F' => Ok(c - b'A' + 10),\n    |                        ^^ not found in this scope\n    |\nhelp: consider importing this tuple variant\n    |\n42  + use core::result::Result::Ok;\n    |\n\nerror[E0425]: cannot find function, tuple struct or tuple variant `Ok` in this scope\n   --> /Users/graysonnocera/.cargo/registry/src/index.crates.io-6f17d22bba15001f/hex-0.4.3/src/lib.rs:178:24\n    |\n178 |         b'a'..=b'f' => Ok(c - b'a' + 10),\n    |                        ^^ not found in this scope\n    |\nhelp: consider importing this tuple variant\n    |\n42  + use core::result::Result::Ok;\n    |\n\nerror[E0425]: cannot find function, tuple struct or tuple variant `Ok` in this scope\n   --> /Users/graysonnocera/.cargo/registry/src/index.crates.io-6f17d22bba15001f/hex-0.4.3/src/lib.rs:179:24\n    |\n179 |         b'0'..=b'9' => Ok(c - b'0'),\n    |                        ^^ not found in this scope\n    |\nhelp: consider importing this tuple variant\n    |\n42  + use core::result::Result::Ok;\n    |\n\nerror[E0425]: cannot find function, tuple struct or tuple variant `Err` in this scope\n   --> /Users/graysonnocera/.cargo/registry/src/index.crates.io-6f17d22bba15001f/hex-0.4.3/src/lib.rs:180:14\n    |\n180 |         _ => Err(FromHexError::InvalidHexCharacter {\n    |              ^^^ not found in this scope\n    |\nhelp: consider importing this tuple variant\n    |\n42  + use core::result::Result::Err;\n    |\n\nerror[E0405]: cannot find trait `AsRef` in this scope\n   --> /Users/graysonnocera/.cargo/registry/src/index.crates.io-6f17d22bba15001f/hex-0.4.3/src/lib.rs:191:20\n    |\n191 |     fn from_hex<T: AsRef<[u8]>>(hex: T) -> Result<Self, Self::Error> {\n    |                    ^^^^^ not found in this scope\n    |\nhelp: consider importing this trait\n    |\n42  + use core::convert::AsRef;\n    |\n\nerror[E0412]: cannot find type `Result` in this scope\n   --> /Users/graysonnocera/.cargo/registry/src/index.crates.io-6f17d22bba15001f/hex-0.4.3/src/lib.rs:191:44\n    |\n191 |     fn from_hex<T: AsRef<[u8]>>(hex: T) -> Result<Self, Self::Error> {\n    |                                            ^^^^^^ not found in this scope\n    |\nhelp: consider importing one of these items\n    |\n42  + use core::fmt::Result;\n    |\n42  + use core::result::Result;\n    |\n42  + use alloc::fmt::Result;\n    |\n\nerror[E0425]: cannot find function, tuple struct or tuple variant `Err` in this scope\n   --> /Users/graysonnocera/.cargo/registry/src/index.crates.io-6f17d22bba15001f/hex-0.4.3/src/lib.rs:194:20\n    |\n194 |             return Err(FromHexError::OddLength);\n    |                    ^^^ not found in this scope\n    |\nhelp: consider importing this tuple variant\n    |\n42  + use core::result::Result::Err;\n    |\n\nerror[E0425]: cannot find function, tuple struct or tuple variant `Ok` in this scope\n   --> /Users/graysonnocera/.cargo/registry/src/index.crates.io-6f17d22bba15001f/hex-0.4.3/src/lib.rs:199:30\n    |\n199 |             .map(|(i, pair)| Ok(val(pair[0], 2 * i)? << 4 | val(pair[1], 2 * i + 1)?))\n    |                              ^^ not found in this scope\n    |\nhelp: consider importing this tuple variant\n    |\n42  + use core::result::Result::Ok;\n    |\n\nerror[E0405]: cannot find trait `AsRef` in this scope\n   --> /Users/graysonnocera/.cargo/registry/src/index.crates.io-6f17d22bba15001f/hex-0.4.3/src/lib.rs:211:28\n    |\n211 |               fn from_hex<T: AsRef<[u8]>>(hex: T) -> Result<Self, Self::Error> {\n    |                              ^^^^^ not found in this scope\n...\n220 | / from_hex_array_impl! {\n221 | |     1 2 3 4 5 6 7 8 9 10 11 12 13 14 15 16\n222 | |     17 18 19 20 21 22 23 24 25 26 27 28 29 30 31 32\n223 | |     33 34 35 36 37 38 39 40 41 42 43 44 45 46 47 48\n...   |\n229 | |     160 192 200 224 256 384 512 768 1024 2048 4096 8192 16384 32768\n230 | | }\n    | |_- in this macro invocation\n    |\n    = note: this error originates in the macro `from_hex_array_impl` (in Nightly builds, run with -Z macro-backtrace for more info)\nhelp: consider importing this trait\n    |\n42  + use core::convert::AsRef;\n    |\n\nerror[E0412]: cannot find type `Result` in this scope\n   --> /Users/graysonnocera/.cargo/registry/src/index.crates.io-6f17d22bba15001f/hex-0.4.3/src/lib.rs:211:52\n    |\n211 |               fn from_hex<T: AsRef<[u8]>>(hex: T) -> Result<Self, Self::Error> {\n    |                                                      ^^^^^^ not found in this scope\n...\n220 | / from_hex_array_impl! {\n221 | |     1 2 3 4 5 6 7 8 9 10 11 12 13 14 15 16\n222 | |     17 18 19 20 21 22 23 24 25 26 27 28 29 30 31 32\n223 | |     33 34 35 36 37 38 39 40 41 42 43 44 45 46 47 48\n...   |\n229 | |     160 192 200 224 256 384 512 768 1024 2048 4096 8192 16384 32768\n230 | | }\n    | |_- in this macro invocation\n    |\n    = note: this error originates in the macro `from_hex_array_impl` (in Nightly builds, run with -Z macro-backtrace for more info)\nhelp: consider importing one of these items\n    |\n42  + use core::fmt::Result;\n    |\n42  + use core::result::Result;\n    |\n42  + use alloc::fmt::Result;\n    |\n\nerror[E0425]: cannot find function, tuple struct or tuple variant `Ok` in this scope\n   --> /Users/graysonnocera/.cargo/registry/src/index.crates.io-6f17d22bba15001f/hex-0.4.3/src/lib.rs:214:17\n    |\n214 |                   Ok(out)\n    |                   ^^ not found in this scope\n...\n220 | / from_hex_array_impl! {\n221 | |     1 2 3 4 5 6 7 8 9 10 11 12 13 14 15 16\n222 | |     17 18 19 20 21 22 23 24 25 26 27 28 29 30 31 32\n223 | |     33 34 35 36 37 38 39 40 41 42 43 44 45 46 47 48\n...   |\n229 | |     160 192 200 224 256 384 512 768 1024 2048 4096 8192 16384 32768\n230 | | }\n    | |_- in this macro invocation\n    |\n    = note: this error originates in the macro `from_hex_array_impl` (in Nightly builds, run with -Z macro-backtrace for more info)\nhelp: consider importing this tuple variant\n    |\n42  + use core::result::Result::Ok;\n    |\n\nerror[E0405]: cannot find trait `AsRef` in this scope\n   --> /Users/graysonnocera/.cargo/registry/src/index.crates.io-6f17d22bba15001f/hex-0.4.3/src/lib.rs:211:28\n    |\n211 |               fn from_hex<T: AsRef<[u8]>>(hex: T) -> Result<Self, Self::Error> {\n    |                              ^^^^^ not found in this scope\n...\n233 | / from_hex_array_impl! {\n234 | |     65536 131072 262144 524288 1048576 2097152 4194304 8388608\n235 | |     16777216 33554432 67108864 134217728 268435456 536870912\n236 | |     1073741824 2147483648\n237 | | }\n    | |_- in this macro invocation\n    |\n    = note: this error originates in the macro `from_hex_array_impl` (in Nightly builds, run with -Z macro-backtrace for more info)\nhelp: consider importing this trait\n    |\n42  + use core::convert::AsRef;\n    |\n\nerror[E0412]: cannot find type `Result` in this scope\n   --> /Users/graysonnocera/.cargo/registry/src/index.crates.io-6f17d22bba15001f/hex-0.4.3/src/lib.rs:211:52\n    |\n211 |               fn from_hex<T: AsRef<[u8]>>(hex: T) -> Result<Self, Self::Error> {\n    |                                                      ^^^^^^ not found in this scope\n...\n233 | / from_hex_array_impl! {\n234 | |     65536 131072 262144 524288 1048576 2097152 4194304 8388608\n235 | |     16777216 33554432 67108864 134217728 268435456 536870912\n236 | |     1073741824 2147483648\n237 | | }\n    | |_- in this macro invocation\n    |\n    = note: this error originates in the macro `from_hex_array_impl` (in Nightly builds, run with -Z macro-backtrace for more info)\nhelp: consider importing one of these items\n    |\n42  + use core::fmt::Result;\n    |\n42  + use core::result::Result;\n    |\n42  + use alloc::fmt::Result;\n    |\n\nerror[E0425]: cannot find function, tuple struct or tuple variant `Ok` in this scope\n   --> /Users/graysonnocera/.cargo/registry/src/index.crates.io-6f17d22bba15001f/hex-0.4.3/src/lib.rs:214:17\n    |\n214 |                   Ok(out)\n    |                   ^^ not found in this scope\n...\n233 | / from_hex_array_impl! {\n234 | |     65536 131072 262144 524288 1048576 2097152 4194304 8388608\n235 | |     16777216 33554432 67108864 134217728 268435456 536870912\n236 | |     1073741824 2147483648\n237 | | }\n    | |_- in this macro invocation\n    |\n    = note: this error originates in the macro `from_hex_array_impl` (in Nightly builds, run with -Z macro-backtrace for more info)\nhelp: consider importing this tuple variant\n    |\n42  + use core::result::Result::Ok;\n    |\n\nerror[E0405]: cannot find trait `AsRef` in this scope\n   --> /Users/graysonnocera/.cargo/registry/src/index.crates.io-6f17d22bba15001f/hex-0.4.3/src/lib.rs:259:18\n    |\n259 | pub fn encode<T: AsRef<[u8]>>(data: T) -> String {\n    |                  ^^^^^ not found in this scope\n    |\nhelp: consider importing this trait\n    |\n42  + use core::convert::AsRef;\n    |\n\nerror[E0405]: cannot find trait `AsRef` in this scope\n   --> /Users/graysonnocera/.cargo/registry/src/index.crates.io-6f17d22bba15001f/hex-0.4.3/src/lib.rs:275:24\n    |\n275 | pub fn encode_upper<T: AsRef<[u8]>>(data: T) -> String {\n    |                        ^^^^^ not found in this scope\n    |\nhelp: consider importing this trait\n    |\n42  + use core::convert::AsRef;\n    |\n\nerror[E0405]: cannot find trait `AsRef` in this scope\n   --> /Users/graysonnocera/.cargo/registry/src/index.crates.io-6f17d22bba15001f/hex-0.4.3/src/lib.rs:296:18\n    |\n296 | pub fn decode<T: AsRef<[u8]>>(data: T) -> Result<Vec<u8>, FromHexError> {\n    |                  ^^^^^ not found in this scope\n    |\nhelp: consider importing this trait\n    |\n42  + use core::convert::AsRef;\n    |\n\nerror[E0412]: cannot find type `Result` in this scope\n   --> /Users/graysonnocera/.cargo/registry/src/index.crates.io-6f17d22bba15001f/hex-0.4.3/src/lib.rs:296:43\n    |\n296 | pub fn decode<T: AsRef<[u8]>>(data: T) -> Result<Vec<u8>, FromHexError> {\n    |                                           ^^^^^^ not found in this scope\n    |\nhelp: consider importing one of these items\n    |\n42  + use core::fmt::Result;\n    |\n42  + use core::result::Result;\n    |\n42  + use alloc::fmt::Result;\n    |\n\nerror[E0405]: cannot find trait `AsRef` in this scope\n   --> /Users/graysonnocera/.cargo/registry/src/index.crates.io-6f17d22bba15001f/hex-0.4.3/src/lib.rs:312:27\n    |\n312 | pub fn decode_to_slice<T: AsRef<[u8]>>(data: T, out: &mut [u8]) -> Result<(), FromHexError> {\n    |                           ^^^^^ not found in this scope\n    |\nhelp: consider importing this trait\n    |\n42  + use core::convert::AsRef;\n    |\n\nerror[E0412]: cannot find type `Result` in this scope\n   --> /Users/graysonnocera/.cargo/registry/src/index.crates.io-6f17d22bba15001f/hex-0.4.3/src/lib.rs:312:68\n    |\n312 | pub fn decode_to_slice<T: AsRef<[u8]>>(data: T, out: &mut [u8]) -> Result<(), FromHexError> {\n    |                                                                    ^^^^^^ not found in this scope\n    |\nhelp: consider importing one of these items\n    |\n42  + use core::fmt::Result;\n    |\n42  + use core::result::Result;\n    |\n42  + use alloc::fmt::Result;\n    |\n\nerror[E0425]: cannot find function, tuple struct or tuple variant `Err` in this scope\n   --> /Users/graysonnocera/.cargo/registry/src/index.crates.io-6f17d22bba15001f/hex-0.4.3/src/lib.rs:316:16\n    |\n316 |         return Err(FromHexError::OddLength);\n    |                ^^^ not found in this scope\n    |\nhelp: consider importing this tuple variant\n    |\n42  + use core::result::Result::Err;\n    |\n\nerror[E0425]: cannot find function, tuple struct or tuple variant `Err` in this scope\n   --> /Users/graysonnocera/.cargo/registry/src/index.crates.io-6f17d22bba15001f/hex-0.4.3/src/lib.rs:319:16\n    |\n319 |         return Err(FromHexError::InvalidStringLength);\n    |                ^^^ not found in this scope\n    |\nhelp: consider importing this tuple variant\n    |\n42  + use core::result::Result::Err;\n    |\n\nerror[E0425]: cannot find function, tuple struct or tuple variant `Ok` in this scope\n   --> /Users/graysonnocera/.cargo/registry/src/index.crates.io-6f17d22bba15001f/hex-0.4.3/src/lib.rs:326:5\n    |\n326 |     Ok(())\n    |     ^^ not found in this scope\n    |\nhelp: consider importing this tuple variant\n    |\n42  + use core::result::Result::Ok;\n    |\n\nerror[E0405]: cannot find trait `Iterator` in this scope\n   --> /Users/graysonnocera/.cargo/registry/src/index.crates.io-6f17d22bba15001f/hex-0.4.3/src/lib.rs:336:38\n    |\n336 | fn generate_iter(len: usize) -> impl Iterator<Item = (usize, usize)> {\n    |                                      ^^^^^^^^ not found in this scope\n    |\nhelp: consider importing one of these traits\n    |\n42  + use crate::iter::Iterator;\n    |\n42  + use core::iter::Iterator;\n    |\n\nerror[E0405]: cannot find trait `AsRef` in this scope\n   --> /Users/graysonnocera/.cargo/registry/src/index.crates.io-6f17d22bba15001f/hex-0.4.3/src/lib.rs:367:27\n    |\n367 | pub fn encode_to_slice<T: AsRef<[u8]>>(input: T, output: &mut [u8]) -> Result<(), FromHexError> {\n    |                           ^^^^^ not found in this scope\n    |\nhelp: consider importing this trait\n    |\n42  + use core::convert::AsRef;\n    |\n\nerror[E0412]: cannot find type `Result` in this scope\n   --> /Users/graysonnocera/.cargo/registry/src/index.crates.io-6f17d22bba15001f/hex-0.4.3/src/lib.rs:367:72\n    |\n367 | pub fn encode_to_slice<T: AsRef<[u8]>>(input: T, output: &mut [u8]) -> Result<(), FromHexError> {\n    |                                                                        ^^^^^^ not found in this scope\n    |\nhelp: consider importing one of these items\n    |\n42  + use core::fmt::Result;\n    |\n42  + use core::result::Result;\n    |\n42  + use alloc::fmt::Result;\n    |\n\nerror[E0425]: cannot find function, tuple struct or tuple variant `Err` in this scope\n   --> /Users/graysonnocera/.cargo/registry/src/index.crates.io-6f17d22bba15001f/hex-0.4.3/src/lib.rs:369:16\n    |\n369 |         return Err(FromHexError::InvalidStringLength);\n    |                ^^^ not found in this scope\n    |\nhelp: consider importing this tuple variant\n    |\n42  + use core::result::Result::Err;\n    |\n\nerror[E0425]: cannot find function, tuple struct or tuple variant `Ok` in this scope\n   --> /Users/graysonnocera/.cargo/registry/src/index.crates.io-6f17d22bba15001f/hex-0.4.3/src/lib.rs:382:5\n    |\n382 |     Ok(())\n    |     ^^ not found in this scope\n    |\nhelp: consider importing this tuple variant\n    |\n42  + use core::result::Result::Ok;\n    |\n\nerror[E0277]: `BytesToHexChars<'a>` is not an iterator\n   --> /Users/graysonnocera/.cargo/registry/src/index.crates.io-6f17d22bba15001f/hex-0.4.3/src/lib.rs:122:38\n    |\n122 | impl<'a> iter::ExactSizeIterator for BytesToHexChars<'a> {\n    |                                      ^^^^^^^^^^^^^^^^^^^ `BytesToHexChars<'a>` is not an iterator\n    |\n    = help: the trait `Iterator` is not implemented for `BytesToHexChars<'a>`\nnote: required by a bound in `ExactSizeIterator`\n   --> /Users/graysonnocera/.rustup/toolchains/stable-aarch64-apple-darwin/lib/rustlib/src/rust/library/core/src/iter/traits/exact_size.rs:86:30\n    |\n86  | pub trait ExactSizeIterator: Iterator {\n    |                              ^^^^^^^^ required by this bound in `ExactSizeIterator`\n\nSome errors have detailed explanations: E0277, E0405, E0412, E0425, E0463, E0531.\nFor more information about an error, try `rustc --explain E0277`.\nerror: could not compile `hex` (lib) due to 49 previous errors\n",
      "stdout": ""
    },
    "features": [
      "std"
    ],
    "project": "../../../Downloads/695-Project/dataset/nostd-failed-crates/crates/anychain-ethereum-0.1.8/src",
    "time_to_build": 2774,
    "time_to_solve": 87
  }
]