[
  {
    "built_with_features": null,
    "command": {
      "args": [
        "build",
        "--target",
        "thumbv7m-none-eabi",
        "--no-default-features"
      ],
      "code": 101,
      "stderr": "   Compiling rand_chacha v0.3.1\nerror[E0463]: can't find crate for `std`\n  |\n  = note: the `thumbv7m-none-eabi` target may not support the standard library\n  = note: `std` is required by `rand_chacha` because it does not declare `#![no_std]`\n\nerror[E0463]: can't find crate for `std`\n  --> /Users/graysonnocera/.cargo/registry/src/index.crates.io-6f17d22bba15001f/rand_chacha-0.3.1/src/chacha.rs:12:29\n   |\n12 | #[cfg(feature = \"std\")] use std as core;\n   |                             ^^^ can't find crate\n   |\n   = note: the `thumbv7m-none-eabi` target may not support the standard library\n\nerror: cannot find macro `write` in this scope\n  --> /Users/graysonnocera/.cargo/registry/src/index.crates.io-6f17d22bba15001f/rand_chacha-0.3.1/src/chacha.rs:66:9\n   |\n66 |         write!(f, \"Array64 {{}}\")\n   |         ^^^^^\n   |\nhelp: consider importing this macro\n   |\n12 + use core::write;\n   |\n\nerror: cannot find attribute `derive` in this scope\n   --> /Users/graysonnocera/.cargo/registry/src/index.crates.io-6f17d22bba15001f/rand_chacha-0.3.1/src/chacha.rs:73:11\n    |\n73  |         #[derive(Clone, PartialEq, Eq)]\n    |           ^^^^^^\n...\n343 | chacha_impl!(ChaCha20Core, ChaCha20Rng, 10, \"ChaCha with 20 rounds\", abstract20);\n    | -------------------------------------------------------------------------------- in this macro invocation\n    |\n    = note: this error originates in the macro `chacha_impl` (in Nightly builds, run with -Z macro-backtrace for more info)\nhelp: consider importing this attribute macro\n    |\n12  + use core::prelude::rust_2024::derive;\n    |\n\nerror: cannot find macro `write` in this scope\n   --> /Users/graysonnocera/.cargo/registry/src/index.crates.io-6f17d22bba15001f/rand_chacha-0.3.1/src/chacha.rs:81:17\n    |\n81  |                 write!(f, \"ChaChaXCore {{}}\")\n    |                 ^^^^^\n...\n343 | chacha_impl!(ChaCha20Core, ChaCha20Rng, 10, \"ChaCha with 20 rounds\", abstract20);\n    | -------------------------------------------------------------------------------- in this macro invocation\n    |\n    = note: this error originates in the macro `chacha_impl` (in Nightly builds, run with -Z macro-backtrace for more info)\nhelp: consider importing this macro\n    |\n12  + use core::write;\n    |\n\nerror: cannot find attribute `derive` in this scope\n   --> /Users/graysonnocera/.cargo/registry/src/index.crates.io-6f17d22bba15001f/rand_chacha-0.3.1/src/chacha.rs:148:11\n    |\n148 |         #[derive(Clone, Debug)]\n    |           ^^^^^^\n...\n343 | chacha_impl!(ChaCha20Core, ChaCha20Rng, 10, \"ChaCha with 20 rounds\", abstract20);\n    | -------------------------------------------------------------------------------- in this macro invocation\n    |\n    = note: this error originates in the macro `chacha_impl` (in Nightly builds, run with -Z macro-backtrace for more info)\nhelp: consider importing this attribute macro\n    |\n12  + use core::prelude::rust_2024::derive;\n    |\n\nerror: cannot find attribute `derive` in this scope\n   --> /Users/graysonnocera/.cargo/registry/src/index.crates.io-6f17d22bba15001f/rand_chacha-0.3.1/src/chacha.rs:306:15\n    |\n306 |             #[derive(Debug, PartialEq, Eq)]\n    |               ^^^^^^\n...\n343 | chacha_impl!(ChaCha20Core, ChaCha20Rng, 10, \"ChaCha with 20 rounds\", abstract20);\n    | -------------------------------------------------------------------------------- in this macro invocation\n    |\n    = help: consider importing this attribute macro:\n            core::prelude::rust_2024::derive\n    = note: this error originates in the macro `chacha_impl` (in Nightly builds, run with -Z macro-backtrace for more info)\n\nerror: cannot find attribute `derive` in this scope\n   --> /Users/graysonnocera/.cargo/registry/src/index.crates.io-6f17d22bba15001f/rand_chacha-0.3.1/src/chacha.rs:73:11\n    |\n73  |         #[derive(Clone, PartialEq, Eq)]\n    |           ^^^^^^\n...\n344 | chacha_impl!(ChaCha12Core, ChaCha12Rng, 6, \"ChaCha with 12 rounds\", abstract12);\n    | ------------------------------------------------------------------------------- in this macro invocation\n    |\n    = note: this error originates in the macro `chacha_impl` (in Nightly builds, run with -Z macro-backtrace for more info)\nhelp: consider importing this attribute macro\n    |\n12  + use core::prelude::rust_2024::derive;\n    |\n\nerror: cannot find macro `write` in this scope\n   --> /Users/graysonnocera/.cargo/registry/src/index.crates.io-6f17d22bba15001f/rand_chacha-0.3.1/src/chacha.rs:81:17\n    |\n81  |                 write!(f, \"ChaChaXCore {{}}\")\n    |                 ^^^^^\n...\n344 | chacha_impl!(ChaCha12Core, ChaCha12Rng, 6, \"ChaCha with 12 rounds\", abstract12);\n    | ------------------------------------------------------------------------------- in this macro invocation\n    |\n    = note: this error originates in the macro `chacha_impl` (in Nightly builds, run with -Z macro-backtrace for more info)\nhelp: consider importing this macro\n    |\n12  + use core::write;\n    |\n\nerror: cannot find attribute `derive` in this scope\n   --> /Users/graysonnocera/.cargo/registry/src/index.crates.io-6f17d22bba15001f/rand_chacha-0.3.1/src/chacha.rs:148:11\n    |\n148 |         #[derive(Clone, Debug)]\n    |           ^^^^^^\n...\n344 | chacha_impl!(ChaCha12Core, ChaCha12Rng, 6, \"ChaCha with 12 rounds\", abstract12);\n    | ------------------------------------------------------------------------------- in this macro invocation\n    |\n    = note: this error originates in the macro `chacha_impl` (in Nightly builds, run with -Z macro-backtrace for more info)\nhelp: consider importing this attribute macro\n    |\n12  + use core::prelude::rust_2024::derive;\n    |\n\nerror: cannot find attribute `derive` in this scope\n   --> /Users/graysonnocera/.cargo/registry/src/index.crates.io-6f17d22bba15001f/rand_chacha-0.3.1/src/chacha.rs:306:15\n    |\n306 |             #[derive(Debug, PartialEq, Eq)]\n    |               ^^^^^^\n...\n344 | chacha_impl!(ChaCha12Core, ChaCha12Rng, 6, \"ChaCha with 12 rounds\", abstract12);\n    | ------------------------------------------------------------------------------- in this macro invocation\n    |\n    = help: consider importing this attribute macro:\n            core::prelude::rust_2024::derive\n    = note: this error originates in the macro `chacha_impl` (in Nightly builds, run with -Z macro-backtrace for more info)\n\nerror: cannot find attribute `derive` in this scope\n   --> /Users/graysonnocera/.cargo/registry/src/index.crates.io-6f17d22bba15001f/rand_chacha-0.3.1/src/chacha.rs:73:11\n    |\n73  |         #[derive(Clone, PartialEq, Eq)]\n    |           ^^^^^^\n...\n345 | chacha_impl!(ChaCha8Core, ChaCha8Rng, 4, \"ChaCha with 8 rounds\", abstract8);\n    | --------------------------------------------------------------------------- in this macro invocation\n    |\n    = note: this error originates in the macro `chacha_impl` (in Nightly builds, run with -Z macro-backtrace for more info)\nhelp: consider importing this attribute macro\n    |\n12  + use core::prelude::rust_2024::derive;\n    |\n\nerror: cannot find macro `write` in this scope\n   --> /Users/graysonnocera/.cargo/registry/src/index.crates.io-6f17d22bba15001f/rand_chacha-0.3.1/src/chacha.rs:81:17\n    |\n81  |                 write!(f, \"ChaChaXCore {{}}\")\n    |                 ^^^^^\n...\n345 | chacha_impl!(ChaCha8Core, ChaCha8Rng, 4, \"ChaCha with 8 rounds\", abstract8);\n    | --------------------------------------------------------------------------- in this macro invocation\n    |\n    = note: this error originates in the macro `chacha_impl` (in Nightly builds, run with -Z macro-backtrace for more info)\nhelp: consider importing this macro\n    |\n12  + use core::write;\n    |\n\nerror: cannot find attribute `derive` in this scope\n   --> /Users/graysonnocera/.cargo/registry/src/index.crates.io-6f17d22bba15001f/rand_chacha-0.3.1/src/chacha.rs:148:11\n    |\n148 |         #[derive(Clone, Debug)]\n    |           ^^^^^^\n...\n345 | chacha_impl!(ChaCha8Core, ChaCha8Rng, 4, \"ChaCha with 8 rounds\", abstract8);\n    | --------------------------------------------------------------------------- in this macro invocation\n    |\n    = note: this error originates in the macro `chacha_impl` (in Nightly builds, run with -Z macro-backtrace for more info)\nhelp: consider importing this attribute macro\n    |\n12  + use core::prelude::rust_2024::derive;\n    |\n\nerror: cannot find attribute `derive` in this scope\n   --> /Users/graysonnocera/.cargo/registry/src/index.crates.io-6f17d22bba15001f/rand_chacha-0.3.1/src/chacha.rs:306:15\n    |\n306 |             #[derive(Debug, PartialEq, Eq)]\n    |               ^^^^^^\n...\n345 | chacha_impl!(ChaCha8Core, ChaCha8Rng, 4, \"ChaCha with 8 rounds\", abstract8);\n    | --------------------------------------------------------------------------- in this macro invocation\n    |\n    = help: consider importing this attribute macro:\n            core::prelude::rust_2024::derive\n    = note: this error originates in the macro `chacha_impl` (in Nightly builds, run with -Z macro-backtrace for more info)\n\nerror: cannot find attribute `derive` in this scope\n  --> /Users/graysonnocera/.cargo/registry/src/index.crates.io-6f17d22bba15001f/rand_chacha-0.3.1/src/guts.rs:27:3\n   |\n27 | #[derive(Clone, PartialEq, Eq)]\n   |   ^^^^^^\n   |\nhelp: consider importing this attribute macro\n   |\n12 + use core::prelude::rust_2024::derive;\n   |\n\nerror: cannot find attribute `derive` in this scope\n  --> /Users/graysonnocera/.cargo/registry/src/index.crates.io-6f17d22bba15001f/rand_chacha-0.3.1/src/guts.rs:34:3\n   |\n34 | #[derive(Clone)]\n   |   ^^^^^^\n   |\nhelp: consider importing this attribute macro\n   |\n12 + use core::prelude::rust_2024::derive;\n   |\n\nerror: cannot find macro `assert_eq` in this scope\n   --> /Users/graysonnocera/.cargo/registry/src/index.crates.io-6f17d22bba15001f/rand_chacha-0.3.1/src/guts.rs:230:5\n    |\n230 |     assert_eq!(xs.len(), 4);\n    |     ^^^^^^^^^\n    |\nhelp: consider importing this macro\n    |\n12  + use core::assert_eq;\n    |\n\nerror[E0405]: cannot find trait `Default` in this scope\n  --> /Users/graysonnocera/.cargo/registry/src/index.crates.io-6f17d22bba15001f/rand_chacha-0.3.1/src/chacha.rs:28:9\n   |\n28 | impl<T> Default for Array64<T>\n   |         ^^^^^^^ not found in this scope\n   |\nhelp: consider importing this trait\n   |\n12 + use core::default::Default;\n   |\n\nerror[E0405]: cannot find trait `Default` in this scope\n  --> /Users/graysonnocera/.cargo/registry/src/index.crates.io-6f17d22bba15001f/rand_chacha-0.3.1/src/chacha.rs:29:10\n   |\n29 | where T: Default\n   |          ^^^^^^^ not found in this scope\n   |\nhelp: consider importing this trait\n   |\n12 + use core::default::Default;\n   |\n\nerror[E0405]: cannot find trait `AsRef` in this scope\n  --> /Users/graysonnocera/.cargo/registry/src/index.crates.io-6f17d22bba15001f/rand_chacha-0.3.1/src/chacha.rs:45:9\n   |\n45 | impl<T> AsRef<[T]> for Array64<T> {\n   |         ^^^^^ not found in this scope\n   |\nhelp: consider importing this trait\n   |\n12 + use core::convert::AsRef;\n   |\n\nerror[E0405]: cannot find trait `AsMut` in this scope\n  --> /Users/graysonnocera/.cargo/registry/src/index.crates.io-6f17d22bba15001f/rand_chacha-0.3.1/src/chacha.rs:50:9\n   |\n50 | impl<T> AsMut<[T]> for Array64<T> {\n   |         ^^^^^ not found in this scope\n   |\nhelp: consider importing this trait\n   |\n12 + use core::convert::AsMut;\n   |\n\nerror[E0405]: cannot find trait `Clone` in this scope\n  --> /Users/graysonnocera/.cargo/registry/src/index.crates.io-6f17d22bba15001f/rand_chacha-0.3.1/src/chacha.rs:55:9\n   |\n55 | impl<T> Clone for Array64<T>\n   |         ^^^^^ not found in this scope\n   |\nhelp: consider importing this trait\n   |\n12 + use core::clone::Clone;\n   |\n\nerror[E0405]: cannot find trait `Copy` in this scope\n  --> /Users/graysonnocera/.cargo/registry/src/index.crates.io-6f17d22bba15001f/rand_chacha-0.3.1/src/chacha.rs:56:10\n   |\n56 | where T: Copy + Default\n   |          ^^^^ not found in this scope\n   |\nhelp: consider importing this trait\n   |\n12 + use core::marker::Copy;\n   |\n\nerror[E0405]: cannot find trait `Default` in this scope\n  --> /Users/graysonnocera/.cargo/registry/src/index.crates.io-6f17d22bba15001f/rand_chacha-0.3.1/src/chacha.rs:56:17\n   |\n56 | where T: Copy + Default\n   |                 ^^^^^^^ not found in this scope\n   |\nhelp: consider importing this trait\n   |\n12 + use core::default::Default;\n   |\n\nerror[E0412]: cannot find type `Result` in this scope\n   --> /Users/graysonnocera/.cargo/registry/src/index.crates.io-6f17d22bba15001f/rand_chacha-0.3.1/src/chacha.rs:178:63\n    |\n178 |             fn try_fill_bytes(&mut self, bytes: &mut [u8]) -> Result<(), Error> {\n    |                                                               ^^^^^^ not found in this scope\n...\n343 | chacha_impl!(ChaCha20Core, ChaCha20Rng, 10, \"ChaCha with 20 rounds\", abstract20);\n    | -------------------------------------------------------------------------------- in this macro invocation\n    |\n    = note: this error originates in the macro `chacha_impl` (in Nightly builds, run with -Z macro-backtrace for more info)\nhelp: consider importing one of these items\n    |\n12  + use core::fmt::Result;\n    |\n12  + use core::result::Result;\n    |\n\nerror[E0405]: cannot find trait `From` in this scope\n   --> /Users/graysonnocera/.cargo/registry/src/index.crates.io-6f17d22bba15001f/rand_chacha-0.3.1/src/chacha.rs:269:14\n    |\n269 |         impl From<$ChaChaXCore> for $ChaChaXRng {\n    |              ^^^^ not found in this scope\n...\n343 | chacha_impl!(ChaCha20Core, ChaCha20Rng, 10, \"ChaCha with 20 rounds\", abstract20);\n    | -------------------------------------------------------------------------------- in this macro invocation\n    |\n    = note: this error originates in the macro `chacha_impl` (in Nightly builds, run with -Z macro-backtrace for more info)\nhelp: consider importing this trait\n    |\n12  + use core::convert::From;\n    |\n\nerror[E0405]: cannot find trait `PartialEq` in this scope\n   --> /Users/graysonnocera/.cargo/registry/src/index.crates.io-6f17d22bba15001f/rand_chacha-0.3.1/src/chacha.rs:277:14\n    |\n277 |         impl PartialEq<$ChaChaXRng> for $ChaChaXRng {\n    |              ^^^^^^^^^ not found in this scope\n...\n343 | chacha_impl!(ChaCha20Core, ChaCha20Rng, 10, \"ChaCha with 20 rounds\", abstract20);\n    | -------------------------------------------------------------------------------- in this macro invocation\n    |\n    = note: this error originates in the macro `chacha_impl` (in Nightly builds, run with -Z macro-backtrace for more info)\nhelp: consider importing this trait\n    |\n12  + use core::cmp::PartialEq;\n    |\n\nerror[E0405]: cannot find trait `Eq` in this scope\n   --> /Users/graysonnocera/.cargo/registry/src/index.crates.io-6f17d22bba15001f/rand_chacha-0.3.1/src/chacha.rs:284:14\n    |\n284 |         impl Eq for $ChaChaXRng {}\n    |              ^^ not found in this scope\n...\n343 | chacha_impl!(ChaCha20Core, ChaCha20Rng, 10, \"ChaCha with 20 rounds\", abstract20);\n    | -------------------------------------------------------------------------------- in this macro invocation\n    |\n    = note: this error originates in the macro `chacha_impl` (in Nightly builds, run with -Z macro-backtrace for more info)\nhelp: consider importing this trait\n    |\n12  + use core::cmp::Eq;\n    |\n\nerror[E0405]: cannot find trait `From` in this scope\n   --> /Users/graysonnocera/.cargo/registry/src/index.crates.io-6f17d22bba15001f/rand_chacha-0.3.1/src/chacha.rs:317:18\n    |\n317 |             impl From<&super::$ChaChaXRng> for $ChaChaXRng {\n    |                  ^^^^ not found in this scope\n...\n343 | chacha_impl!(ChaCha20Core, ChaCha20Rng, 10, \"ChaCha with 20 rounds\", abstract20);\n    | -------------------------------------------------------------------------------- in this macro invocation\n    |\n    = help: consider importing this trait:\n            core::convert::From\n    = note: this error originates in the macro `chacha_impl` (in Nightly builds, run with -Z macro-backtrace for more info)\n\nerror[E0405]: cannot find trait `From` in this scope\n   --> /Users/graysonnocera/.cargo/registry/src/index.crates.io-6f17d22bba15001f/rand_chacha-0.3.1/src/chacha.rs:329:18\n    |\n329 |             impl From<&$ChaChaXRng> for super::$ChaChaXRng {\n    |                  ^^^^ not found in this scope\n...\n343 | chacha_impl!(ChaCha20Core, ChaCha20Rng, 10, \"ChaCha with 20 rounds\", abstract20);\n    | -------------------------------------------------------------------------------- in this macro invocation\n    |\n    = help: consider importing this trait:\n            core::convert::From\n    = note: this error originates in the macro `chacha_impl` (in Nightly builds, run with -Z macro-backtrace for more info)\n\nerror[E0412]: cannot find type `Result` in this scope\n   --> /Users/graysonnocera/.cargo/registry/src/index.crates.io-6f17d22bba15001f/rand_chacha-0.3.1/src/chacha.rs:178:63\n    |\n178 |             fn try_fill_bytes(&mut self, bytes: &mut [u8]) -> Result<(), Error> {\n    |                                                               ^^^^^^ not found in this scope\n...\n344 | chacha_impl!(ChaCha12Core, ChaCha12Rng, 6, \"ChaCha with 12 rounds\", abstract12);\n    | ------------------------------------------------------------------------------- in this macro invocation\n    |\n    = note: this error originates in the macro `chacha_impl` (in Nightly builds, run with -Z macro-backtrace for more info)\nhelp: consider importing one of these items\n    |\n12  + use core::fmt::Result;\n    |\n12  + use core::result::Result;\n    |\n\nerror[E0405]: cannot find trait `From` in this scope\n   --> /Users/graysonnocera/.cargo/registry/src/index.crates.io-6f17d22bba15001f/rand_chacha-0.3.1/src/chacha.rs:269:14\n    |\n269 |         impl From<$ChaChaXCore> for $ChaChaXRng {\n    |              ^^^^ not found in this scope\n...\n344 | chacha_impl!(ChaCha12Core, ChaCha12Rng, 6, \"ChaCha with 12 rounds\", abstract12);\n    | ------------------------------------------------------------------------------- in this macro invocation\n    |\n    = note: this error originates in the macro `chacha_impl` (in Nightly builds, run with -Z macro-backtrace for more info)\nhelp: consider importing this trait\n    |\n12  + use core::convert::From;\n    |\n\nerror[E0405]: cannot find trait `PartialEq` in this scope\n   --> /Users/graysonnocera/.cargo/registry/src/index.crates.io-6f17d22bba15001f/rand_chacha-0.3.1/src/chacha.rs:277:14\n    |\n277 |         impl PartialEq<$ChaChaXRng> for $ChaChaXRng {\n    |              ^^^^^^^^^ not found in this scope\n...\n344 | chacha_impl!(ChaCha12Core, ChaCha12Rng, 6, \"ChaCha with 12 rounds\", abstract12);\n    | ------------------------------------------------------------------------------- in this macro invocation\n    |\n    = note: this error originates in the macro `chacha_impl` (in Nightly builds, run with -Z macro-backtrace for more info)\nhelp: consider importing this trait\n    |\n12  + use core::cmp::PartialEq;\n    |\n\nerror[E0405]: cannot find trait `Eq` in this scope\n   --> /Users/graysonnocera/.cargo/registry/src/index.crates.io-6f17d22bba15001f/rand_chacha-0.3.1/src/chacha.rs:284:14\n    |\n284 |         impl Eq for $ChaChaXRng {}\n    |              ^^ not found in this scope\n...\n344 | chacha_impl!(ChaCha12Core, ChaCha12Rng, 6, \"ChaCha with 12 rounds\", abstract12);\n    | ------------------------------------------------------------------------------- in this macro invocation\n    |\n    = note: this error originates in the macro `chacha_impl` (in Nightly builds, run with -Z macro-backtrace for more info)\nhelp: consider importing this trait\n    |\n12  + use core::cmp::Eq;\n    |\n\nerror[E0405]: cannot find trait `From` in this scope\n   --> /Users/graysonnocera/.cargo/registry/src/index.crates.io-6f17d22bba15001f/rand_chacha-0.3.1/src/chacha.rs:317:18\n    |\n317 |             impl From<&super::$ChaChaXRng> for $ChaChaXRng {\n    |                  ^^^^ not found in this scope\n...\n344 | chacha_impl!(ChaCha12Core, ChaCha12Rng, 6, \"ChaCha with 12 rounds\", abstract12);\n    | ------------------------------------------------------------------------------- in this macro invocation\n    |\n    = help: consider importing this trait:\n            core::convert::From\n    = note: this error originates in the macro `chacha_impl` (in Nightly builds, run with -Z macro-backtrace for more info)\n\nerror[E0405]: cannot find trait `From` in this scope\n   --> /Users/graysonnocera/.cargo/registry/src/index.crates.io-6f17d22bba15001f/rand_chacha-0.3.1/src/chacha.rs:329:18\n    |\n329 |             impl From<&$ChaChaXRng> for super::$ChaChaXRng {\n    |                  ^^^^ not found in this scope\n...\n344 | chacha_impl!(ChaCha12Core, ChaCha12Rng, 6, \"ChaCha with 12 rounds\", abstract12);\n    | ------------------------------------------------------------------------------- in this macro invocation\n    |\n    = help: consider importing this trait:\n            core::convert::From\n    = note: this error originates in the macro `chacha_impl` (in Nightly builds, run with -Z macro-backtrace for more info)\n\nerror[E0412]: cannot find type `Result` in this scope\n   --> /Users/graysonnocera/.cargo/registry/src/index.crates.io-6f17d22bba15001f/rand_chacha-0.3.1/src/chacha.rs:178:63\n    |\n178 |             fn try_fill_bytes(&mut self, bytes: &mut [u8]) -> Result<(), Error> {\n    |                                                               ^^^^^^ not found in this scope\n...\n345 | chacha_impl!(ChaCha8Core, ChaCha8Rng, 4, \"ChaCha with 8 rounds\", abstract8);\n    | --------------------------------------------------------------------------- in this macro invocation\n    |\n    = note: this error originates in the macro `chacha_impl` (in Nightly builds, run with -Z macro-backtrace for more info)\nhelp: consider importing one of these items\n    |\n12  + use core::fmt::Result;\n    |\n12  + use core::result::Result;\n    |\n\nerror[E0405]: cannot find trait `From` in this scope\n   --> /Users/graysonnocera/.cargo/registry/src/index.crates.io-6f17d22bba15001f/rand_chacha-0.3.1/src/chacha.rs:269:14\n    |\n269 |         impl From<$ChaChaXCore> for $ChaChaXRng {\n    |              ^^^^ not found in this scope\n...\n345 | chacha_impl!(ChaCha8Core, ChaCha8Rng, 4, \"ChaCha with 8 rounds\", abstract8);\n    | --------------------------------------------------------------------------- in this macro invocation\n    |\n    = note: this error originates in the macro `chacha_impl` (in Nightly builds, run with -Z macro-backtrace for more info)\nhelp: consider importing this trait\n    |\n12  + use core::convert::From;\n    |\n\nerror[E0405]: cannot find trait `PartialEq` in this scope\n   --> /Users/graysonnocera/.cargo/registry/src/index.crates.io-6f17d22bba15001f/rand_chacha-0.3.1/src/chacha.rs:277:14\n    |\n277 |         impl PartialEq<$ChaChaXRng> for $ChaChaXRng {\n    |              ^^^^^^^^^ not found in this scope\n...\n345 | chacha_impl!(ChaCha8Core, ChaCha8Rng, 4, \"ChaCha with 8 rounds\", abstract8);\n    | --------------------------------------------------------------------------- in this macro invocation\n    |\n    = note: this error originates in the macro `chacha_impl` (in Nightly builds, run with -Z macro-backtrace for more info)\nhelp: consider importing this trait\n    |\n12  + use core::cmp::PartialEq;\n    |\n\nerror[E0405]: cannot find trait `Eq` in this scope\n   --> /Users/graysonnocera/.cargo/registry/src/index.crates.io-6f17d22bba15001f/rand_chacha-0.3.1/src/chacha.rs:284:14\n    |\n284 |         impl Eq for $ChaChaXRng {}\n    |              ^^ not found in this scope\n...\n345 | chacha_impl!(ChaCha8Core, ChaCha8Rng, 4, \"ChaCha with 8 rounds\", abstract8);\n    | --------------------------------------------------------------------------- in this macro invocation\n    |\n    = note: this error originates in the macro `chacha_impl` (in Nightly builds, run with -Z macro-backtrace for more info)\nhelp: consider importing this trait\n    |\n12  + use core::cmp::Eq;\n    |\n\nerror[E0405]: cannot find trait `From` in this scope\n   --> /Users/graysonnocera/.cargo/registry/src/index.crates.io-6f17d22bba15001f/rand_chacha-0.3.1/src/chacha.rs:317:18\n    |\n317 |             impl From<&super::$ChaChaXRng> for $ChaChaXRng {\n    |                  ^^^^ not found in this scope\n...\n345 | chacha_impl!(ChaCha8Core, ChaCha8Rng, 4, \"ChaCha with 8 rounds\", abstract8);\n    | --------------------------------------------------------------------------- in this macro invocation\n    |\n    = help: consider importing this trait:\n            core::convert::From\n    = note: this error originates in the macro `chacha_impl` (in Nightly builds, run with -Z macro-backtrace for more info)\n\nerror[E0405]: cannot find trait `From` in this scope\n   --> /Users/graysonnocera/.cargo/registry/src/index.crates.io-6f17d22bba15001f/rand_chacha-0.3.1/src/chacha.rs:329:18\n    |\n329 |             impl From<&$ChaChaXRng> for super::$ChaChaXRng {\n    |                  ^^^^ not found in this scope\n...\n345 | chacha_impl!(ChaCha8Core, ChaCha8Rng, 4, \"ChaCha with 8 rounds\", abstract8);\n    | --------------------------------------------------------------------------- in this macro invocation\n    |\n    = help: consider importing this trait:\n            core::convert::From\n    = note: this error originates in the macro `chacha_impl` (in Nightly builds, run with -Z macro-backtrace for more info)\n\nerror[E0277]: the trait bound `Array64<u32>: core::default::Default` is not satisfied\n   --> /Users/graysonnocera/.cargo/registry/src/index.crates.io-6f17d22bba15001f/rand_chacha-0.3.1/src/chacha.rs:87:28\n    |\n87  |             type Results = Array64<u32>;\n    |                            ^^^^^^^^^^^^ the trait `core::default::Default` is not implemented for `Array64<u32>`\n...\n343 | chacha_impl!(ChaCha20Core, ChaCha20Rng, 10, \"ChaCha with 20 rounds\", abstract20);\n    | -------------------------------------------------------------------------------- in this macro invocation\n    |\nnote: required by a bound in `rand_core::block::BlockRngCore::Results`\n   --> /Users/graysonnocera/.cargo/registry/src/index.crates.io-6f17d22bba15001f/rand_core-0.6.4/src/block.rs:74:63\n    |\n74  |     type Results: AsRef<[Self::Item]> + AsMut<[Self::Item]> + Default;\n    |                                                               ^^^^^^^ required by this bound in `BlockRngCore::Results`\n    = note: this error originates in the macro `chacha_impl` (in Nightly builds, run with -Z macro-backtrace for more info)\n\nerror[E0277]: the trait bound `Array64<u32>: core::convert::AsMut<[u32]>` is not satisfied\n   --> /Users/graysonnocera/.cargo/registry/src/index.crates.io-6f17d22bba15001f/rand_chacha-0.3.1/src/chacha.rs:87:28\n    |\n87  |             type Results = Array64<u32>;\n    |                            ^^^^^^^^^^^^ the trait `core::convert::AsMut<[u32]>` is not implemented for `Array64<u32>`\n...\n343 | chacha_impl!(ChaCha20Core, ChaCha20Rng, 10, \"ChaCha with 20 rounds\", abstract20);\n    | -------------------------------------------------------------------------------- in this macro invocation\n    |\nnote: required by a bound in `rand_core::block::BlockRngCore::Results`\n   --> /Users/graysonnocera/.cargo/registry/src/index.crates.io-6f17d22bba15001f/rand_core-0.6.4/src/block.rs:74:41\n    |\n74  |     type Results: AsRef<[Self::Item]> + AsMut<[Self::Item]> + Default;\n    |                                         ^^^^^^^^^^^^^^^^^^^ required by this bound in `BlockRngCore::Results`\n    = note: this error originates in the macro `chacha_impl` (in Nightly builds, run with -Z macro-backtrace for more info)\n\nerror[E0277]: the trait bound `Array64<u32>: core::convert::AsRef<[u32]>` is not satisfied\n   --> /Users/graysonnocera/.cargo/registry/src/index.crates.io-6f17d22bba15001f/rand_chacha-0.3.1/src/chacha.rs:87:28\n    |\n87  |             type Results = Array64<u32>;\n    |                            ^^^^^^^^^^^^ the trait `core::convert::AsRef<[u32]>` is not implemented for `Array64<u32>`\n...\n343 | chacha_impl!(ChaCha20Core, ChaCha20Rng, 10, \"ChaCha with 20 rounds\", abstract20);\n    | -------------------------------------------------------------------------------- in this macro invocation\n    |\nnote: required by a bound in `rand_core::block::BlockRngCore::Results`\n   --> /Users/graysonnocera/.cargo/registry/src/index.crates.io-6f17d22bba15001f/rand_core-0.6.4/src/block.rs:74:19\n    |\n74  |     type Results: AsRef<[Self::Item]> + AsMut<[Self::Item]> + Default;\n    |                   ^^^^^^^^^^^^^^^^^^^ required by this bound in `BlockRngCore::Results`\n    = note: this error originates in the macro `chacha_impl` (in Nightly builds, run with -Z macro-backtrace for more info)\n\nerror[E0277]: the trait bound `Array64<u32>: core::default::Default` is not satisfied\n   --> /Users/graysonnocera/.cargo/registry/src/index.crates.io-6f17d22bba15001f/rand_chacha-0.3.1/src/chacha.rs:87:28\n    |\n87  |             type Results = Array64<u32>;\n    |                            ^^^^^^^^^^^^ the trait `core::default::Default` is not implemented for `Array64<u32>`\n...\n344 | chacha_impl!(ChaCha12Core, ChaCha12Rng, 6, \"ChaCha with 12 rounds\", abstract12);\n    | ------------------------------------------------------------------------------- in this macro invocation\n    |\nnote: required by a bound in `rand_core::block::BlockRngCore::Results`\n   --> /Users/graysonnocera/.cargo/registry/src/index.crates.io-6f17d22bba15001f/rand_core-0.6.4/src/block.rs:74:63\n    |\n74  |     type Results: AsRef<[Self::Item]> + AsMut<[Self::Item]> + Default;\n    |                                                               ^^^^^^^ required by this bound in `BlockRngCore::Results`\n    = note: this error originates in the macro `chacha_impl` (in Nightly builds, run with -Z macro-backtrace for more info)\n\nerror[E0277]: the trait bound `Array64<u32>: core::convert::AsMut<[u32]>` is not satisfied\n   --> /Users/graysonnocera/.cargo/registry/src/index.crates.io-6f17d22bba15001f/rand_chacha-0.3.1/src/chacha.rs:87:28\n    |\n87  |             type Results = Array64<u32>;\n    |                            ^^^^^^^^^^^^ the trait `core::convert::AsMut<[u32]>` is not implemented for `Array64<u32>`\n...\n344 | chacha_impl!(ChaCha12Core, ChaCha12Rng, 6, \"ChaCha with 12 rounds\", abstract12);\n    | ------------------------------------------------------------------------------- in this macro invocation\n    |\nnote: required by a bound in `rand_core::block::BlockRngCore::Results`\n   --> /Users/graysonnocera/.cargo/registry/src/index.crates.io-6f17d22bba15001f/rand_core-0.6.4/src/block.rs:74:41\n    |\n74  |     type Results: AsRef<[Self::Item]> + AsMut<[Self::Item]> + Default;\n    |                                         ^^^^^^^^^^^^^^^^^^^ required by this bound in `BlockRngCore::Results`\n    = note: this error originates in the macro `chacha_impl` (in Nightly builds, run with -Z macro-backtrace for more info)\n\nerror[E0277]: the trait bound `Array64<u32>: core::convert::AsRef<[u32]>` is not satisfied\n   --> /Users/graysonnocera/.cargo/registry/src/index.crates.io-6f17d22bba15001f/rand_chacha-0.3.1/src/chacha.rs:87:28\n    |\n87  |             type Results = Array64<u32>;\n    |                            ^^^^^^^^^^^^ the trait `core::convert::AsRef<[u32]>` is not implemented for `Array64<u32>`\n...\n344 | chacha_impl!(ChaCha12Core, ChaCha12Rng, 6, \"ChaCha with 12 rounds\", abstract12);\n    | ------------------------------------------------------------------------------- in this macro invocation\n    |\nnote: required by a bound in `rand_core::block::BlockRngCore::Results`\n   --> /Users/graysonnocera/.cargo/registry/src/index.crates.io-6f17d22bba15001f/rand_core-0.6.4/src/block.rs:74:19\n    |\n74  |     type Results: AsRef<[Self::Item]> + AsMut<[Self::Item]> + Default;\n    |                   ^^^^^^^^^^^^^^^^^^^ required by this bound in `BlockRngCore::Results`\n    = note: this error originates in the macro `chacha_impl` (in Nightly builds, run with -Z macro-backtrace for more info)\n\nerror[E0277]: the trait bound `Array64<u32>: core::default::Default` is not satisfied\n   --> /Users/graysonnocera/.cargo/registry/src/index.crates.io-6f17d22bba15001f/rand_chacha-0.3.1/src/chacha.rs:87:28\n    |\n87  |             type Results = Array64<u32>;\n    |                            ^^^^^^^^^^^^ the trait `core::default::Default` is not implemented for `Array64<u32>`\n...\n345 | chacha_impl!(ChaCha8Core, ChaCha8Rng, 4, \"ChaCha with 8 rounds\", abstract8);\n    | --------------------------------------------------------------------------- in this macro invocation\n    |\nnote: required by a bound in `rand_core::block::BlockRngCore::Results`\n   --> /Users/graysonnocera/.cargo/registry/src/index.crates.io-6f17d22bba15001f/rand_core-0.6.4/src/block.rs:74:63\n    |\n74  |     type Results: AsRef<[Self::Item]> + AsMut<[Self::Item]> + Default;\n    |                                                               ^^^^^^^ required by this bound in `BlockRngCore::Results`\n    = note: this error originates in the macro `chacha_impl` (in Nightly builds, run with -Z macro-backtrace for more info)\n\nerror[E0277]: the trait bound `Array64<u32>: core::convert::AsMut<[u32]>` is not satisfied\n   --> /Users/graysonnocera/.cargo/registry/src/index.crates.io-6f17d22bba15001f/rand_chacha-0.3.1/src/chacha.rs:87:28\n    |\n87  |             type Results = Array64<u32>;\n    |                            ^^^^^^^^^^^^ the trait `core::convert::AsMut<[u32]>` is not implemented for `Array64<u32>`\n...\n345 | chacha_impl!(ChaCha8Core, ChaCha8Rng, 4, \"ChaCha with 8 rounds\", abstract8);\n    | --------------------------------------------------------------------------- in this macro invocation\n    |\nnote: required by a bound in `rand_core::block::BlockRngCore::Results`\n   --> /Users/graysonnocera/.cargo/registry/src/index.crates.io-6f17d22bba15001f/rand_core-0.6.4/src/block.rs:74:41\n    |\n74  |     type Results: AsRef<[Self::Item]> + AsMut<[Self::Item]> + Default;\n    |                                         ^^^^^^^^^^^^^^^^^^^ required by this bound in `BlockRngCore::Results`\n    = note: this error originates in the macro `chacha_impl` (in Nightly builds, run with -Z macro-backtrace for more info)\n\nerror[E0277]: the trait bound `Array64<u32>: core::convert::AsRef<[u32]>` is not satisfied\n   --> /Users/graysonnocera/.cargo/registry/src/index.crates.io-6f17d22bba15001f/rand_chacha-0.3.1/src/chacha.rs:87:28\n    |\n87  |             type Results = Array64<u32>;\n    |                            ^^^^^^^^^^^^ the trait `core::convert::AsRef<[u32]>` is not implemented for `Array64<u32>`\n...\n345 | chacha_impl!(ChaCha8Core, ChaCha8Rng, 4, \"ChaCha with 8 rounds\", abstract8);\n    | --------------------------------------------------------------------------- in this macro invocation\n    |\nnote: required by a bound in `rand_core::block::BlockRngCore::Results`\n   --> /Users/graysonnocera/.cargo/registry/src/index.crates.io-6f17d22bba15001f/rand_core-0.6.4/src/block.rs:74:19\n    |\n74  |     type Results: AsRef<[Self::Item]> + AsMut<[Self::Item]> + Default;\n    |                   ^^^^^^^^^^^^^^^^^^^ required by this bound in `BlockRngCore::Results`\n    = note: this error originates in the macro `chacha_impl` (in Nightly builds, run with -Z macro-backtrace for more info)\n\nSome errors have detailed explanations: E0277, E0405, E0412, E0463.\nFor more information about an error, try `rustc --explain E0277`.\nerror: could not compile `rand_chacha` (lib) due to 52 previous errors\n",
      "stdout": ""
    },
    "features": [
      "std"
    ],
    "project": "../../../Downloads/695-Project/dataset/nostd-failed-crates/crates/ark-bulletproofs-4.1.1/src",
    "time_to_build": 264,
    "time_to_solve": 141
  }
]