[
  {
    "built_with_features": null,
    "command": {
      "args": [
        "build",
        "--target",
        "thumbv7m-none-eabi",
        "--no-default-features"
      ],
      "code": 101,
      "stderr": "   Compiling getrandom v0.2.10\n   Compiling data-encoding v2.4.0\n   Compiling parking_lot_core v0.9.8\n   Compiling once_cell v1.18.0\n   Compiling simdutf8 v0.1.4\n   Compiling time v0.3.24\n   Compiling thiserror v1.0.44\n   Compiling armour-derive v0.7.0\n   Compiling blowfish_rs v0.1.0\n   Compiling const-decoder v0.3.0\nerror[E0463]: can't find crate for `std`\n --> /Users/graysonnocera/.cargo/registry/src/index.crates.io-6f17d22bba15001f/getrandom-0.2.10/src/error_impls.rs:9:1\n  |\n9 | extern crate std;\n  | ^^^^^^^^^^^^^^^^^ can't find crate\n  |\n  = note: the `thumbv7m-none-eabi` target may not support the standard library\n\nerror[E0463]: can't find crate for `std`\n   --> /Users/graysonnocera/.cargo/registry/src/index.crates.io-6f17d22bba15001f/data-encoding-2.4.0/src/lib.rs:152:1\n    |\n152 | extern crate std;\n    | ^^^^^^^^^^^^^^^^^ can't find crate\n    |\n    = note: the `thumbv7m-none-eabi` target may not support the standard library\n\nerror[E0463]: can't find crate for `std`\n  |\n  = note: the `thumbv7m-none-eabi` target may not support the standard library\n  = note: `std` is required by `simdutf8` because it does not declare `#![no_std]`\n\nerror: target is not supported, for more information see: https://docs.rs/getrandom/#unsupported-targets\n   --> /Users/graysonnocera/.cargo/registry/src/index.crates.io-6f17d22bba15001f/getrandom-0.2.10/src/lib.rs:290:9\n    |\n290 | /         compile_error!(\"target is not supported, for more information see: \\\n291 | |                         https://docs.rs/getrandom/#unsupported-targets\");\n    | |________________________________________________________________________^\n\nerror[E0463]: can't find crate for `std`\n  |\n  = note: the `thumbv7m-none-eabi` target may not support the standard library\n  = note: `std` is required by `parking_lot_core` because it does not declare `#![no_std]`\n\nerror[E0463]: can't find crate for `std`\n  |\n  = note: the `thumbv7m-none-eabi` target may not support the standard library\n  = note: `std` is required by `thiserror` because it does not declare `#![no_std]`\n\nerror[E0463]: can't find crate for `std`\n  |\n  = note: the `thumbv7m-none-eabi` target may not support the standard library\n  = note: `std` is required by `blowfish_rs` because it does not declare `#![no_std]`\n\nerror[E0463]: can't find crate for `std`\n  |\n  = note: the `thumbv7m-none-eabi` target may not support the standard library\n  = note: `std` is required by `once_cell` because it does not declare `#![no_std]`\n\nerror: cannot find attribute `derive` in this scope\n   --> /Users/graysonnocera/.cargo/registry/src/index.crates.io-6f17d22bba15001f/simdutf8-0.1.4/src/implementation/helpers.rs:114:3\n    |\n114 | #[derive(Clone, Copy)]\n    |   ^^^^^^\n    |\nhelp: consider importing this attribute macro\n    |\n1   + use core::prelude::rust_2024::derive;\n    |\n\nerror: cannot find macro `write` in this scope\n  --> /Users/graysonnocera/.cargo/registry/src/index.crates.io-6f17d22bba15001f/simdutf8-0.1.4/src/compat.rs:59:13\n   |\n59 |             write!(\n   |             ^^^^^\n   |\nhelp: consider importing this macro\n   |\n12 + use core::write;\n   |\n\nerror: cannot find macro `write` in this scope\n  --> /Users/graysonnocera/.cargo/registry/src/index.crates.io-6f17d22bba15001f/simdutf8-0.1.4/src/compat.rs:53:13\n   |\n53 |             write!(\n   |             ^^^^^\n   |\nhelp: consider importing this macro\n   |\n12 + use core::write;\n   |\n\nerror: cannot find attribute `derive` in this scope\n  --> /Users/graysonnocera/.cargo/registry/src/index.crates.io-6f17d22bba15001f/simdutf8-0.1.4/src/compat.rs:23:3\n   |\n23 | #[derive(Copy, Eq, PartialEq, Clone, Debug)]\n   |   ^^^^^^\n   |\nhelp: consider importing this attribute macro\n   |\n12 + use core::prelude::rust_2024::derive;\n   |\n\nerror[E0433]: failed to resolve: use of undeclared crate or module `imp`\n   --> /Users/graysonnocera/.cargo/registry/src/index.crates.io-6f17d22bba15001f/getrandom-0.2.10/src/lib.rs:341:9\n    |\n341 |         imp::getrandom_inner(dest)?;\n    |         ^^^ use of undeclared crate or module `imp`\n\nSome errors have detailed explanations: E0433, E0463.\nFor more information about an error, try `rustc --explain E0433`.\nerror: cannot find attribute `derive` in this scope\n  --> /Users/graysonnocera/.cargo/registry/src/index.crates.io-6f17d22bba15001f/blowfish_rs-0.1.0/src/lib.rs:11:3\n   |\n11 | #[derive(Clone)]\n   |   ^^^^^^\n   |\nhelp: consider importing this attribute macro\n   |\n1  + use core::prelude::rust_2024::derive;\n   |\n\nerror: cannot find attribute `derive` in this scope\n --> /Users/graysonnocera/.cargo/registry/src/index.crates.io-6f17d22bba15001f/blowfish_rs-0.1.0/src/lib.rs:8:3\n  |\n8 | #[derive(Debug)]\n  |   ^^^^^^\n  |\nhelp: consider importing this attribute macro\n  |\n1 + use core::prelude::rust_2024::derive;\n  |\n\nerror[E0463]: can't find crate for `std`\n --> /Users/graysonnocera/.cargo/registry/src/index.crates.io-6f17d22bba15001f/parking_lot_core-0.9.8/src/thread_parker/mod.rs:2:5\n  |\n2 | use std::time::Instant;\n  |     ^^^ can't find crate\n  |\n  = note: the `thumbv7m-none-eabi` target may not support the standard library\n\nerror[E0463]: can't find crate for `std`\n  --> /Users/graysonnocera/.cargo/registry/src/index.crates.io-6f17d22bba15001f/parking_lot_core-0.9.8/src/thread_parker/generic.rs:13:5\n   |\n13 | use std::thread;\n   |     ^^^ can't find crate\n   |\n   = note: the `thumbv7m-none-eabi` target may not support the standard library\n\nerror[E0463]: can't find crate for `std`\n  --> /Users/graysonnocera/.cargo/registry/src/index.crates.io-6f17d22bba15001f/parking_lot_core-0.9.8/src/thread_parker/generic.rs:14:5\n   |\n14 | use std::time::Instant;\n   |     ^^^ can't find crate\n   |\n   = note: the `thumbv7m-none-eabi` target may not support the standard library\n\nerror[E0463]: can't find crate for `std`\n  --> /Users/graysonnocera/.cargo/registry/src/index.crates.io-6f17d22bba15001f/parking_lot_core-0.9.8/src/parking_lot.rs:16:5\n   |\n16 | use std::time::{Duration, Instant};\n   |     ^^^ can't find crate\n   |\n   = note: the `thumbv7m-none-eabi` target may not support the standard library\n\nerror: cannot find attribute `derive` in this scope\n  --> /Users/graysonnocera/.cargo/registry/src/index.crates.io-6f17d22bba15001f/simdutf8-0.1.4/src/basic.rs:16:3\n   |\n16 | #[derive(Copy, Eq, PartialEq, Clone, Debug)]\n   |   ^^^^^^\n   |\nhelp: consider importing this attribute macro\n   |\n8  + use core::prelude::rust_2024::derive;\n   |\n\nerror[E0463]: can't find crate for `std`\n  --> /Users/graysonnocera/.cargo/registry/src/index.crates.io-6f17d22bba15001f/simdutf8-0.1.4/src/basic.rs:26:6\n   |\n26 | impl std::error::Error for Utf8Error {}\n   |      ^^^ can't find crate\n   |\n   = note: the `thumbv7m-none-eabi` target may not support the standard library\n\nerror[E0463]: can't find crate for `std`\n  --> /Users/graysonnocera/.cargo/registry/src/index.crates.io-6f17d22bba15001f/parking_lot_core-0.9.8/src/parking_lot.rs:39:13\n   |\n39 |         use std::time::Instant as TimeoutInstant;\n   |             ^^^ can't find crate\n   |\n   = note: the `thumbv7m-none-eabi` target may not support the standard library\n\nerror: could not compile `getrandom` (lib) due to 3 previous errors\nwarning: build failed, waiting for other jobs to finish...\nerror[E0412]: cannot find type `Result` in this scope\n  --> /Users/graysonnocera/.cargo/registry/src/index.crates.io-6f17d22bba15001f/blowfish_rs-0.1.0/src/lib.rs:75:48\n   |\n75 |     pub const fn new_from_slice(key: &[u8]) -> Result<Self, InvalidLength> {\n   |                                                ^^^^^^ not found in this scope\n   |\nhelp: consider importing one of these items\n   |\n1  + use crate::fmt::Result;\n   |\n1  + use core::fmt::Result;\n   |\n1  + use core::result::Result;\n   |\n\nerror[E0425]: cannot find function, tuple struct or tuple variant `Err` in this scope\n  --> /Users/graysonnocera/.cargo/registry/src/index.crates.io-6f17d22bba15001f/blowfish_rs-0.1.0/src/lib.rs:77:20\n   |\n77 |             return Err(InvalidLength);\n   |                    ^^^ not found in this scope\n   |\nhelp: consider importing this tuple variant\n   |\n1  + use core::result::Result::Err;\n   |\n\nerror[E0425]: cannot find function, tuple struct or tuple variant `Ok` in this scope\n  --> /Users/graysonnocera/.cargo/registry/src/index.crates.io-6f17d22bba15001f/blowfish_rs-0.1.0/src/lib.rs:80:9\n   |\n80 |         Ok(blowfish)\n   |         ^^ not found in this scope\n   |\nhelp: consider importing this tuple variant\n   |\n1  + use core::result::Result::Ok;\n   |\n\nerror: cannot find macro `cfg` in this scope\n  --> /Users/graysonnocera/.cargo/registry/src/index.crates.io-6f17d22bba15001f/parking_lot_core-0.9.8/src/util.rs:26:8\n   |\n26 |     if cfg!(debug_assertions) {\n   |        ^^^\n   |\n   = note: `cfg` is in scope, but it is an attribute: `#[cfg]`\nhelp: consider importing this macro\n   |\n9  + use core::cfg;\n   |\n\nerror: cannot find macro `cfg` in this scope\n   --> /Users/graysonnocera/.cargo/registry/src/index.crates.io-6f17d22bba15001f/parking_lot_core-0.9.8/src/word_lock.rs:293:8\n    |\n293 |     if cfg!(tsan_enabled) {\n    |        ^^^\n    |\n    = note: `cfg` is in scope, but it is an attribute: `#[cfg]`\nhelp: consider importing this macro\n    |\n8   + use core::cfg;\n    |\n\nerror: cannot find macro `thread_local` in this scope\n   --> /Users/graysonnocera/.cargo/registry/src/index.crates.io-6f17d22bba15001f/parking_lot_core-0.9.8/src/parking_lot.rs:202:5\n    |\n202 |     thread_local!(static THREAD_DATA: ThreadData = ThreadData::new());\n    |     ^^^^^^^^^^^^\n    |\n    = note: `thread_local` is in scope, but it is an attribute: `#[thread_local]`\n\nerror: cannot find attribute `derive` in this scope\n   --> /Users/graysonnocera/.cargo/registry/src/index.crates.io-6f17d22bba15001f/parking_lot_core-0.9.8/src/parking_lot.rs:470:3\n    |\n470 | #[derive(Copy, Clone, Eq, PartialEq, Debug)]\n    |   ^^^^^^\n    |\nhelp: consider importing this attribute macro\n    |\n7   + use core::prelude::rust_2024::derive;\n    |\n\nerror: cannot find attribute `derive` in this scope\n   --> /Users/graysonnocera/.cargo/registry/src/index.crates.io-6f17d22bba15001f/parking_lot_core-0.9.8/src/parking_lot.rs:495:3\n    |\n495 | #[derive(Copy, Clone, Default, Eq, PartialEq, Debug)]\n    |   ^^^^^^\n    |\nhelp: consider importing this attribute macro\n    |\n7   + use core::prelude::rust_2024::derive;\n    |\n\nerror: cannot find attribute `derive` in this scope\n   --> /Users/graysonnocera/.cargo/registry/src/index.crates.io-6f17d22bba15001f/parking_lot_core-0.9.8/src/parking_lot.rs:517:3\n    |\n517 | #[derive(Copy, Clone, Eq, PartialEq, Debug)]\n    |   ^^^^^^\n    |\nhelp: consider importing this attribute macro\n    |\n7   + use core::prelude::rust_2024::derive;\n    |\n\nerror: cannot find attribute `derive` in this scope\n   --> /Users/graysonnocera/.cargo/registry/src/index.crates.io-6f17d22bba15001f/parking_lot_core-0.9.8/src/parking_lot.rs:536:3\n    |\n536 | #[derive(Copy, Clone, Eq, PartialEq, Debug)]\n    |   ^^^^^^\n    |\nhelp: consider importing this attribute macro\n    |\n7   + use core::prelude::rust_2024::derive;\n    |\n\nerror: cannot find attribute `derive` in this scope\n   --> /Users/graysonnocera/.cargo/registry/src/index.crates.io-6f17d22bba15001f/parking_lot_core-0.9.8/src/parking_lot.rs:549:3\n    |\n549 | #[derive(Copy, Clone, Eq, PartialEq, Debug)]\n    |   ^^^^^^\n    |\nhelp: consider importing this attribute macro\n    |\n7   + use core::prelude::rust_2024::derive;\n    |\n\nerror: cannot find attribute `derive` in this scope\n   --> /Users/graysonnocera/.cargo/registry/src/index.crates.io-6f17d22bba15001f/parking_lot_core-0.9.8/src/parking_lot.rs:553:3\n    |\n553 | #[derive(Copy, Clone, Eq, PartialEq, Debug)]\n    |   ^^^^^^\n    |\nhelp: consider importing this attribute macro\n    |\n7   + use core::prelude::rust_2024::derive;\n    |\n\nerror[E0463]: can't find crate for `std`\n --> /Users/graysonnocera/.cargo/registry/src/index.crates.io-6f17d22bba15001f/once_cell-1.18.0/src/imp_std.rs:6:5\n  |\n6 | use std::{\n  |     ^^^ can't find crate\n  |\n  = note: the `thumbv7m-none-eabi` target may not support the standard library\n\nerror: cannot find macro `debug_assert` in this scope\n   --> /Users/graysonnocera/.cargo/registry/src/index.crates.io-6f17d22bba15001f/parking_lot_core-0.9.8/src/parking_lot.rs:699:9\n    |\n699 |         debug_assert!(!current.is_null());\n    |         ^^^^^^^^^^^^\n    |\nhelp: consider importing this macro\n    |\n7   + use core::debug_assert;\n    |\n\nerror: cannot find attribute `derive` in this scope\n  --> /Users/graysonnocera/.cargo/registry/src/index.crates.io-6f17d22bba15001f/parking_lot_core-0.9.8/src/spinwait.rs:21:3\n   |\n21 | #[derive(Default)]\n   |   ^^^^^^\n   |\nhelp: consider importing this attribute macro\n   |\n8  + use core::prelude::rust_2024::derive;\n   |\n\nerror: cannot find macro `unreachable` in this scope\n  --> /Users/graysonnocera/.cargo/registry/src/index.crates.io-6f17d22bba15001f/parking_lot_core-0.9.8/src/util.rs:27:9\n   |\n27 |         unreachable!();\n   |         ^^^^^^^^^^^\n   |\n   = note: `unreachable` is in scope, but it is a function, not a macro\nhelp: consider importing this macro\n   |\n9  + use core::unreachable;\n   |\n\nFor more information about this error, try `rustc --explain E0463`.\nerror: cannot find macro `assert` in this scope\n  --> /Users/graysonnocera/.cargo/registry/src/index.crates.io-6f17d22bba15001f/parking_lot_core-0.9.8/src/word_lock.rs:39:9\n   |\n39 |         assert!(mem::align_of::<ThreadData>() > !QUEUE_MASK);\n   |         ^^^^^^\n   |\nhelp: consider importing this macro\n   |\n8  + use core::assert;\n   |\n\nerror: cannot find macro `thread_local` in this scope\n  --> /Users/graysonnocera/.cargo/registry/src/index.crates.io-6f17d22bba15001f/parking_lot_core-0.9.8/src/word_lock.rs:56:9\n   |\n56 |         thread_local!(static THREAD_DATA: ThreadData = ThreadData::new());\n   |         ^^^^^^^^^^^^\n   |\n   = note: `thread_local` is in scope, but it is an attribute: `#[thread_local]`\n\nerror[E0463]: can't find crate for `std`\n  --> /Users/graysonnocera/.cargo/registry/src/index.crates.io-6f17d22bba15001f/simdutf8-0.1.4/src/compat.rs:69:6\n   |\n69 | impl std::error::Error for Utf8Error {}\n   |      ^^^ can't find crate\n   |\n   = note: the `thumbv7m-none-eabi` target may not support the standard library\n\nerror: cannot find macro `panic` in this scope\n   --> /Users/graysonnocera/.cargo/registry/src/index.crates.io-6f17d22bba15001f/once_cell-1.18.0/src/lib.rs:755:47\n    |\n755 |                 init.take().unwrap_or_else(|| panic!(\"Lazy instance has previously been poisoned\"))\n    |                                               ^^^^^\n    |\nhelp: consider importing this macro\n    |\n386 +     use core::panic;\n    |\n\nerror: could not compile `data-encoding` (lib) due to 1 previous error\nerror: cannot find macro `panic` in this scope\n   --> /Users/graysonnocera/.cargo/registry/src/index.crates.io-6f17d22bba15001f/once_cell-1.18.0/src/lib.rs:778:25\n    |\n778 |                 None => panic!(\"Lazy instance has previously been poisoned\"),\n    |                         ^^^^^\n    |\nhelp: consider importing this macro\n    |\n386 +     use core::panic;\n    |\n\nerror: cannot find macro `panic` in this scope\n   --> /Users/graysonnocera/.cargo/registry/src/index.crates.io-6f17d22bba15001f/once_cell-1.18.0/src/lib.rs:800:29\n    |\n800 |                     None => panic!(\"Lazy instance has previously been poisoned\"),\n    |                             ^^^^^\n    |\nhelp: consider importing this macro\n    |\n386 +     use core::panic;\n    |\n\nerror: cannot find macro `unreachable` in this scope\n   --> /Users/graysonnocera/.cargo/registry/src/index.crates.io-6f17d22bba15001f/once_cell-1.18.0/src/lib.rs:804:51\n    |\n804 |             this.cell.get_mut().unwrap_or_else(|| unreachable!())\n    |                                                   ^^^^^^^^^^^\n    |\nhelp: consider importing this macro\n    |\n386 +     use core::unreachable;\n    |\n\nerror: cannot find macro `panic` in this scope\n    --> /Users/graysonnocera/.cargo/registry/src/index.crates.io-6f17d22bba15001f/once_cell-1.18.0/src/lib.rs:1291:47\n     |\n1291 |                 init.take().unwrap_or_else(|| panic!(\"Lazy instance has previously been poisoned\"))\n     |                                               ^^^^^\n     |\nhelp: consider importing this macro\n     |\n866  +     use core::panic;\n     |\n\nerror: cannot find macro `panic` in this scope\n    --> /Users/graysonnocera/.cargo/registry/src/index.crates.io-6f17d22bba15001f/once_cell-1.18.0/src/lib.rs:1313:25\n     |\n1313 |                 None => panic!(\"Lazy instance has previously been poisoned\"),\n     |                         ^^^^^\n     |\nhelp: consider importing this macro\n     |\n866  +     use core::panic;\n     |\n\nerror: cannot find macro `panic` in this scope\n    --> /Users/graysonnocera/.cargo/registry/src/index.crates.io-6f17d22bba15001f/once_cell-1.18.0/src/lib.rs:1333:29\n     |\n1333 |                     None => panic!(\"Lazy instance has previously been poisoned\"),\n     |                             ^^^^^\n     |\nhelp: consider importing this macro\n     |\n866  +     use core::panic;\n     |\n\nerror[E0599]: no method named `rev` found for struct `core::ops::Range` in the current scope\n    --> /Users/graysonnocera/.cargo/registry/src/index.crates.io-6f17d22bba15001f/blowfish_rs-0.1.0/src/lib.rs:120:25\n     |\n120  |         for i in (1..9).rev() {\n     |                         ^^^ method not found in `Range<{integer}>`\n     |\n    ::: /Users/graysonnocera/.rustup/toolchains/stable-aarch64-apple-darwin/lib/rustlib/src/rust/library/core/src/iter/traits/iterator.rs:3352:8\n     |\n3352 |     fn rev(self) -> Rev<Self>\n     |        --- the method is available for `core::ops::Range<{integer}>` here\n     |\n     = help: items from traits can only be used if the trait is in scope\nhelp: trait `Iterator` which provides `rev` is implemented but not in scope; perhaps you want to import it\n     |\n1    + use core::iter::Iterator;\n     |\n\nerror: cannot find macro `unreachable` in this scope\n    --> /Users/graysonnocera/.cargo/registry/src/index.crates.io-6f17d22bba15001f/once_cell-1.18.0/src/lib.rs:1337:51\n     |\n1337 |             this.cell.get_mut().unwrap_or_else(|| unreachable!())\n     |                                                   ^^^^^^^^^^^\n     |\nhelp: consider importing this macro\n     |\n866  +     use core::unreachable;\n     |\n\nerror: cannot find attribute `derive` in this scope\n  --> /Users/graysonnocera/.cargo/registry/src/index.crates.io-6f17d22bba15001f/once_cell-1.18.0/src/imp_std.rs:13:3\n   |\n13 | #[derive(Debug)]\n   |   ^^^^^^\n   |\nhelp: consider importing this attribute macro\n   |\n6  + use core::prelude::rust_2024::derive;\n   |\n\nerror: cannot find macro `debug_assert` in this scope\n   --> /Users/graysonnocera/.cargo/registry/src/index.crates.io-6f17d22bba15001f/once_cell-1.18.0/src/imp_std.rs:100:9\n    |\n100 |         debug_assert!(self.is_initialized());\n    |         ^^^^^^^^^^^^\n    |\nhelp: consider importing this macro\n    |\n6   + use core::debug_assert;\n    |\n\nerror: cannot find macro `assert_eq` in this scope\n   --> /Users/graysonnocera/.cargo/registry/src/index.crates.io-6f17d22bba15001f/once_cell-1.18.0/src/imp_std.rs:155:9\n    |\n155 |         assert_eq!(state, RUNNING);\n    |         ^^^^^^^^^\n    |\nhelp: consider importing this macro\n    |\n6   + use core::assert_eq;\n    |\n\nerror: cannot find macro `debug_assert` in this scope\n   --> /Users/graysonnocera/.cargo/registry/src/index.crates.io-6f17d22bba15001f/once_cell-1.18.0/src/imp_std.rs:205:18\n    |\n205 |             _ => debug_assert!(false),\n    |                  ^^^^^^^^^^^^\n    |\nhelp: consider importing this macro\n    |\n6   + use core::debug_assert;\n    |\n\nerror: cannot find macro `assert` in this scope\n   --> /Users/graysonnocera/.cargo/registry/src/index.crates.io-6f17d22bba15001f/once_cell-1.18.0/src/lib.rs:636:13\n    |\n636 |             assert!(self.set(val).is_ok(), \"reentrant init\");\n    |             ^^^^^^\n    |\nhelp: consider importing this macro\n    |\n386 +     use core::assert;\n    |\n\nerror: cannot find macro `debug_assert` in this scope\n   --> /Users/graysonnocera/.cargo/registry/src/index.crates.io-6f17d22bba15001f/once_cell-1.18.0/src/lib.rs:999:13\n    |\n999 |             debug_assert!(self.0.is_initialized());\n    |             ^^^^^^^^^^^^\n    |\nhelp: consider importing this macro\n    |\n866 +     use core::debug_assert;\n    |\n\nerror: cannot find macro `debug_assert` in this scope\n    --> /Users/graysonnocera/.cargo/registry/src/index.crates.io-6f17d22bba15001f/once_cell-1.18.0/src/lib.rs:1166:13\n     |\n1166 |             debug_assert!(self.0.is_initialized());\n     |             ^^^^^^^^^^^^\n     |\nhelp: consider importing this macro\n     |\n866  +     use core::debug_assert;\n     |\n\nerror: cannot find attribute `derive` in this scope\n  --> /Users/graysonnocera/.cargo/registry/src/index.crates.io-6f17d22bba15001f/once_cell-1.18.0/src/race.rs:34:3\n   |\n34 | #[derive(Default, Debug)]\n   |   ^^^^^^\n   |\nhelp: consider importing this attribute macro\n   |\n24 + use core::prelude::rust_2024::derive;\n   |\n\nerror: cannot find attribute `derive` in this scope\n   --> /Users/graysonnocera/.cargo/registry/src/index.crates.io-6f17d22bba15001f/once_cell-1.18.0/src/race.rs:113:3\n    |\n113 | #[derive(Default, Debug)]\n    |   ^^^^^^\n    |\nhelp: consider importing this attribute macro\n    |\n24  + use core::prelude::rust_2024::derive;\n    |\n\nSome errors have detailed explanations: E0412, E0425, E0463, E0599.\nFor more information about an error, try `rustc --explain E0412`.\nerror: cannot find macro `write` in this scope\n   --> /Users/graysonnocera/.cargo/registry/src/index.crates.io-6f17d22bba15001f/once_cell-1.18.0/src/race.rs:189:9\n    |\n189 |         write!(f, \"OnceRef({:?})\", self.inner)\n    |         ^^^^^\n    |\nhelp: consider importing this macro\n    |\n24  + use core::write;\n    |\n\nerror: cannot find macro `write` in this scope\n   --> /Users/graysonnocera/.cargo/registry/src/index.crates.io-6f17d22bba15001f/once_cell-1.18.0/src/race.rs:308:13\n    |\n308 |             write!(f, \"OnceBox({:?})\", self.inner.load(Ordering::Relaxed))\n    |             ^^^^^\n    |\nhelp: consider importing this macro\n    |\n295 +     use core::write;\n    |\n\nerror: could not compile `blowfish_rs` (lib) due to 7 previous errors\nerror[E0412]: cannot find type `Result` in this scope\n  --> /Users/graysonnocera/.cargo/registry/src/index.crates.io-6f17d22bba15001f/simdutf8-0.1.4/src/basic.rs:36:35\n   |\n36 | pub fn from_utf8(input: &[u8]) -> Result<&str, Utf8Error> {\n   |                                   ^^^^^^ not found in this scope\n   |\nhelp: consider importing one of these items\n   |\n8  + use core::fmt::Result;\n   |\n8  + use core::result::Result;\n   |\n\nerror[E0425]: cannot find function, tuple struct or tuple variant `Ok` in this scope\n  --> /Users/graysonnocera/.cargo/registry/src/index.crates.io-6f17d22bba15001f/simdutf8-0.1.4/src/basic.rs:39:9\n   |\n39 |         Ok(from_utf8_unchecked(input))\n   |         ^^ not found in this scope\n   |\nhelp: consider importing this tuple variant\n   |\n8  + use core::result::Result::Ok;\n   |\n\nerror[E0412]: cannot find type `Result` in this scope\n  --> /Users/graysonnocera/.cargo/registry/src/index.crates.io-6f17d22bba15001f/simdutf8-0.1.4/src/basic.rs:51:43\n   |\n51 | pub fn from_utf8_mut(input: &mut [u8]) -> Result<&mut str, Utf8Error> {\n   |                                           ^^^^^^ not found in this scope\n   |\nhelp: consider importing one of these items\n   |\n8  + use core::fmt::Result;\n   |\n8  + use core::result::Result;\n   |\n\nerror[E0425]: cannot find function, tuple struct or tuple variant `Ok` in this scope\n  --> /Users/graysonnocera/.cargo/registry/src/index.crates.io-6f17d22bba15001f/simdutf8-0.1.4/src/basic.rs:54:9\n   |\n54 |         Ok(from_utf8_unchecked_mut(input))\n   |         ^^ not found in this scope\n   |\nhelp: consider importing this tuple variant\n   |\n8  + use core::result::Result::Ok;\n   |\n\nerror[E0412]: cannot find type `Option` in this scope\n  --> /Users/graysonnocera/.cargo/registry/src/index.crates.io-6f17d22bba15001f/simdutf8-0.1.4/src/compat.rs:26:27\n   |\n26 |     pub(crate) error_len: Option<u8>,\n   |                           ^^^^^^ not found in this scope\n   |\nhelp: consider importing this enum\n   |\n12 + use core::option::Option;\n   |\n\nerror[E0412]: cannot find type `Option` in this scope\n  --> /Users/graysonnocera/.cargo/registry/src/index.crates.io-6f17d22bba15001f/simdutf8-0.1.4/src/compat.rs:45:32\n   |\n45 |     pub fn error_len(&self) -> Option<usize> {\n   |                                ^^^^^^ not found in this scope\n   |\nhelp: consider importing this enum\n   |\n12 + use core::option::Option;\n   |\n\nerror[E0531]: cannot find tuple struct or tuple variant `Some` in this scope\n  --> /Users/graysonnocera/.cargo/registry/src/index.crates.io-6f17d22bba15001f/simdutf8-0.1.4/src/compat.rs:52:16\n   |\n52 |         if let Some(error_len) = self.error_len {\n   |                ^^^^ not found in this scope\n   |\nhelp: consider importing this tuple variant\n   |\n12 + use core::option::Option::Some;\n   |\n\nerror[E0412]: cannot find type `Result` in this scope\n  --> /Users/graysonnocera/.cargo/registry/src/index.crates.io-6f17d22bba15001f/simdutf8-0.1.4/src/compat.rs:80:35\n   |\n80 | pub fn from_utf8(input: &[u8]) -> Result<&str, Utf8Error> {\n   |                                   ^^^^^^ not found in this scope\n   |\nhelp: consider importing one of these items\n   |\n12 + use core::fmt::Result;\n   |\n12 + use core::result::Result;\n   |\n\nerror[E0425]: cannot find function, tuple struct or tuple variant `Ok` in this scope\n  --> /Users/graysonnocera/.cargo/registry/src/index.crates.io-6f17d22bba15001f/simdutf8-0.1.4/src/compat.rs:83:9\n   |\n83 |         Ok(from_utf8_unchecked(input))\n   |         ^^ not found in this scope\n   |\nhelp: consider importing this tuple variant\n   |\n12 + use core::result::Result::Ok;\n   |\n\nerror[E0412]: cannot find type `Result` in this scope\n  --> /Users/graysonnocera/.cargo/registry/src/index.crates.io-6f17d22bba15001f/simdutf8-0.1.4/src/compat.rs:96:43\n   |\n96 | pub fn from_utf8_mut(input: &mut [u8]) -> Result<&mut str, Utf8Error> {\n   |                                           ^^^^^^ not found in this scope\n   |\nhelp: consider importing one of these items\n   |\n12 + use core::fmt::Result;\n   |\n12 + use core::result::Result;\n   |\n\nerror[E0425]: cannot find function, tuple struct or tuple variant `Ok` in this scope\n  --> /Users/graysonnocera/.cargo/registry/src/index.crates.io-6f17d22bba15001f/simdutf8-0.1.4/src/compat.rs:99:9\n   |\n99 |         Ok(from_utf8_unchecked_mut(input))\n   |         ^^ not found in this scope\n   |\nhelp: consider importing this tuple variant\n   |\n12 + use core::result::Result::Ok;\n   |\n\nerror[E0412]: cannot find type `Result` in this scope\n --> /Users/graysonnocera/.cargo/registry/src/index.crates.io-6f17d22bba15001f/simdutf8-0.1.4/src/implementation/helpers.rs:4:71\n  |\n4 | pub(crate) fn validate_utf8_at_offset(input: &[u8], offset: usize) -> Result<(), Utf8ErrorCompat> {\n  |                                                                       ^^^^^^ not found in this scope\n  |\nhelp: consider importing one of these items\n  |\n1 + use core::fmt::Result;\n  |\n1 + use core::result::Result;\n  |\n\nerror[E0531]: cannot find tuple struct or tuple variant `Ok` in this scope\n --> /Users/graysonnocera/.cargo/registry/src/index.crates.io-6f17d22bba15001f/simdutf8-0.1.4/src/implementation/helpers.rs:7:9\n  |\n7 |         Ok(_) => Ok(()),\n  |         ^^ not found in this scope\n  |\nhelp: consider importing this tuple variant\n  |\n1 + use core::result::Result::Ok;\n  |\n\nerror[E0425]: cannot find function, tuple struct or tuple variant `Ok` in this scope\n --> /Users/graysonnocera/.cargo/registry/src/index.crates.io-6f17d22bba15001f/simdutf8-0.1.4/src/implementation/helpers.rs:7:18\n  |\n7 |         Ok(_) => Ok(()),\n  |                  ^^ not found in this scope\n  |\nhelp: consider importing this tuple variant\n  |\n1 + use core::result::Result::Ok;\n  |\n\nerror[E0531]: cannot find tuple struct or tuple variant `Err` in this scope\n --> /Users/graysonnocera/.cargo/registry/src/index.crates.io-6f17d22bba15001f/simdutf8-0.1.4/src/implementation/helpers.rs:8:9\n  |\n8 |         Err(err) => Err(Utf8ErrorCompat {\n  |         ^^^ not found in this scope\n  |\nhelp: consider importing this tuple variant\n  |\n1 + use core::result::Result::Err;\n  |\n\nerror[E0425]: cannot find function, tuple struct or tuple variant `Err` in this scope\n --> /Users/graysonnocera/.cargo/registry/src/index.crates.io-6f17d22bba15001f/simdutf8-0.1.4/src/implementation/helpers.rs:8:21\n  |\n8 |         Err(err) => Err(Utf8ErrorCompat {\n  |                     ^^^\n  |\nhelp: a local variable with a similar name exists\n  |\n8 |         Err(err) => err(Utf8ErrorCompat {\n  |                     ~~~\nhelp: consider importing this tuple variant\n  |\n1 + use core::result::Result::Err;\n  |\n\nerror[E0405]: cannot find trait `Copy` in this scope\n   --> /Users/graysonnocera/.cargo/registry/src/index.crates.io-6f17d22bba15001f/simdutf8-0.1.4/src/implementation/helpers.rs:117:8\n    |\n117 |     T: Copy;\n    |        ^^^^ not found in this scope\n    |\nhelp: consider importing this trait\n    |\n1   + use core::marker::Copy;\n    |\n\nerror[E0412]: cannot find type `Result` in this scope\n  --> /Users/graysonnocera/.cargo/registry/src/index.crates.io-6f17d22bba15001f/simdutf8-0.1.4/src/implementation/mod.rs:15:50\n   |\n15 | type ValidateUtf8Fn = unsafe fn(input: &[u8]) -> Result<(), Utf8ErrorBasic>;\n   |                                                  ^^^^^^ not found in this scope\n   |\nhelp: consider importing one of these items\n   |\n65 + use core::fmt::Result;\n   |\n65 + use core::result::Result;\n   |\n\nerror[E0412]: cannot find type `Result` in this scope\n  --> /Users/graysonnocera/.cargo/registry/src/index.crates.io-6f17d22bba15001f/simdutf8-0.1.4/src/implementation/mod.rs:18:56\n   |\n18 | type ValidateUtf8CompatFn = unsafe fn(input: &[u8]) -> Result<(), Utf8ErrorCompat>;\n   |                                                        ^^^^^^ not found in this scope\n   |\nhelp: consider importing one of these items\n   |\n65 + use core::fmt::Result;\n   |\n65 + use core::result::Result;\n   |\n\nerror[E0412]: cannot find type `Result` in this scope\n  --> /Users/graysonnocera/.cargo/registry/src/index.crates.io-6f17d22bba15001f/simdutf8-0.1.4/src/implementation/mod.rs:85:61\n   |\n85 | pub(crate) fn validate_utf8_basic_fallback(input: &[u8]) -> Result<(), Utf8ErrorBasic> {\n   |                                                             ^^^^^^ not found in this scope\n   |\nhelp: consider importing one of these items\n   |\n65 + use core::fmt::Result;\n   |\n65 + use core::result::Result;\n   |\n\nerror[E0531]: cannot find tuple struct or tuple variant `Ok` in this scope\n  --> /Users/graysonnocera/.cargo/registry/src/index.crates.io-6f17d22bba15001f/simdutf8-0.1.4/src/implementation/mod.rs:87:9\n   |\n87 |         Ok(_) => Ok(()),\n   |         ^^ not found in this scope\n   |\nhelp: consider importing this tuple variant\n   |\n65 + use core::result::Result::Ok;\n   |\n\nerror[E0425]: cannot find function, tuple struct or tuple variant `Ok` in this scope\n  --> /Users/graysonnocera/.cargo/registry/src/index.crates.io-6f17d22bba15001f/simdutf8-0.1.4/src/implementation/mod.rs:87:18\n   |\n87 |         Ok(_) => Ok(()),\n   |                  ^^ not found in this scope\n   |\nhelp: consider importing this tuple variant\n   |\n65 + use core::result::Result::Ok;\n   |\n\nerror[E0531]: cannot find tuple struct or tuple variant `Err` in this scope\n  --> /Users/graysonnocera/.cargo/registry/src/index.crates.io-6f17d22bba15001f/simdutf8-0.1.4/src/implementation/mod.rs:88:9\n   |\n88 |         Err(_) => Err(Utf8ErrorBasic {}),\n   |         ^^^ not found in this scope\n   |\nhelp: consider importing this tuple variant\n   |\n65 + use core::result::Result::Err;\n   |\n\nerror[E0425]: cannot find function, tuple struct or tuple variant `Err` in this scope\n  --> /Users/graysonnocera/.cargo/registry/src/index.crates.io-6f17d22bba15001f/simdutf8-0.1.4/src/implementation/mod.rs:88:19\n   |\n88 |         Err(_) => Err(Utf8ErrorBasic {}),\n   |                   ^^^ not found in this scope\n   |\nhelp: consider importing this tuple variant\n   |\n65 + use core::result::Result::Err;\n   |\n\nerror[E0412]: cannot find type `Result` in this scope\n  --> /Users/graysonnocera/.cargo/registry/src/index.crates.io-6f17d22bba15001f/simdutf8-0.1.4/src/implementation/mod.rs:94:62\n   |\n94 | pub(crate) fn validate_utf8_compat_fallback(input: &[u8]) -> Result<(), Utf8ErrorCompat> {\n   |                                                              ^^^^^^ not found in this scope\n   |\nhelp: consider importing one of these items\n   |\n65 + use core::fmt::Result;\n   |\n65 + use core::result::Result;\n   |\n\nSome errors have detailed explanations: E0405, E0412, E0425, E0463, E0531.\nFor more information about an error, try `rustc --explain E0405`.\nerror: could not compile `simdutf8` (lib) due to 33 previous errors\nerror[E0408]: variable `None` is not bound in all patterns\n   --> /Users/graysonnocera/.cargo/registry/src/index.crates.io-6f17d22bba15001f/once_cell-1.18.0/src/imp_std.rs:201:34\n    |\n201 |             (INCOMPLETE, None) | (RUNNING, _) => {\n    |                          ----    ^^^^^^^^^^^^ pattern doesn't bind `None`\n    |                          |\n    |                          variable not in all patterns\n    |\nhelp: if you meant to match on unit variant `core::option::Option::None`, use the full path in the pattern\n    |\n201 |             (INCOMPLETE, core::option::Option::None) | (RUNNING, _) => {\n    |                          ~~~~~~~~~~~~~~~~~~~~~~~~~~\n\nerror[E0412]: cannot find type `Box` in this scope\n  --> /Users/graysonnocera/.cargo/registry/src/index.crates.io-6f17d22bba15001f/parking_lot_core-0.9.8/src/parking_lot.rs:59:14\n   |\n59 |     entries: Box<[Bucket]>,\n   |              ^^^ not found in this scope\n\nerror[E0412]: cannot find type `Box` in this scope\n  --> /Users/graysonnocera/.cargo/registry/src/index.crates.io-6f17d22bba15001f/parking_lot_core-0.9.8/src/parking_lot.rs:70:59\n   |\n70 |     fn new(num_threads: usize, prev: *const HashTable) -> Box<HashTable> {\n   |                                                           ^^^ not found in this scope\n\nerror[E0405]: cannot find trait `FnOnce` in this scope\n   --> /Users/graysonnocera/.cargo/registry/src/index.crates.io-6f17d22bba15001f/parking_lot_core-0.9.8/src/parking_lot.rs:197:32\n    |\n197 | fn with_thread_data<T>(f: impl FnOnce(&ThreadData) -> T) -> T {\n    |                                ^^^^^^ not found in this scope\n    |\nhelp: consider importing this trait\n    |\n7   + use core::ops::FnOnce;\n    |\n\nerror[E0425]: cannot find value `None` in this scope\n   --> /Users/graysonnocera/.cargo/registry/src/index.crates.io-6f17d22bba15001f/parking_lot_core-0.9.8/src/parking_lot.rs:201:35\n    |\n201 |     let mut thread_data_storage = None;\n    |                                   ^^^^ not found in this scope\n    |\nhelp: consider importing this unit variant\n    |\n7   + use core::option::Option::None;\n    |\n\nerror[E0425]: cannot find value `THREAD_DATA` in this scope\n   --> /Users/graysonnocera/.cargo/registry/src/index.crates.io-6f17d22bba15001f/parking_lot_core-0.9.8/src/parking_lot.rs:203:27\n    |\n203 |     let thread_data_ptr = THREAD_DATA\n    |                           ^^^^^^^^^^^ not found in this scope\n\nerror[E0405]: cannot find trait `Drop` in this scope\n   --> /Users/graysonnocera/.cargo/registry/src/index.crates.io-6f17d22bba15001f/parking_lot_core-0.9.8/src/parking_lot.rs:210:6\n    |\n210 | impl Drop for ThreadData {\n    |      ^^^^ not found in this scope\n    |\nhelp: consider importing this trait\n    |\n7   + use core::ops::Drop;\n    |\n\nerror[E0531]: cannot find tuple struct or tuple variant `Ok` in this scope\n   --> /Users/graysonnocera/.cargo/registry/src/index.crates.io-6f17d22bba15001f/parking_lot_core-0.9.8/src/parking_lot.rs:246:9\n    |\n246 |         Ok(_) => new_table,\n    |         ^^ not found in this scope\n    |\nhelp: consider importing this tuple variant\n    |\n7   + use core::result::Result::Ok;\n    |\n\nerror[E0531]: cannot find tuple struct or tuple variant `Err` in this scope\n   --> /Users/graysonnocera/.cargo/registry/src/index.crates.io-6f17d22bba15001f/parking_lot_core-0.9.8/src/parking_lot.rs:247:9\n    |\n247 |         Err(old_table) => {\n    |         ^^^ not found in this scope\n    |\nhelp: consider importing this tuple variant\n    |\n7   + use core::result::Result::Err;\n    |\n\nerror[E0405]: cannot find trait `FnOnce` in this scope\n   --> /Users/graysonnocera/.cargo/registry/src/index.crates.io-6f17d22bba15001f/parking_lot_core-0.9.8/src/parking_lot.rs:593:20\n    |\n593 |     validate: impl FnOnce() -> bool,\n    |                    ^^^^^^ not found in this scope\n    |\nhelp: consider importing this trait\n    |\n7   + use core::ops::FnOnce;\n    |\n\nerror[E0405]: cannot find trait `FnOnce` in this scope\n   --> /Users/graysonnocera/.cargo/registry/src/index.crates.io-6f17d22bba15001f/parking_lot_core-0.9.8/src/parking_lot.rs:594:24\n    |\n594 |     before_sleep: impl FnOnce(),\n    |                        ^^^^^^ not found in this scope\n    |\nhelp: consider importing this trait\n    |\n7   + use core::ops::FnOnce;\n    |\n\nerror[E0405]: cannot find trait `FnOnce` in this scope\n   --> /Users/graysonnocera/.cargo/registry/src/index.crates.io-6f17d22bba15001f/parking_lot_core-0.9.8/src/parking_lot.rs:595:21\n    |\n595 |     timed_out: impl FnOnce(usize, bool),\n    |                     ^^^^^^ not found in this scope\n    |\nhelp: consider importing this trait\n    |\n7   + use core::ops::FnOnce;\n    |\n\nerror[E0412]: cannot find type `Option` in this scope\n   --> /Users/graysonnocera/.cargo/registry/src/index.crates.io-6f17d22bba15001f/parking_lot_core-0.9.8/src/parking_lot.rs:597:14\n    |\n597 |     timeout: Option<Instant>,\n    |              ^^^^^^ not found in this scope\n    |\nhelp: consider importing this enum\n    |\n7   + use core::option::Option;\n    |\n\nerror[E0531]: cannot find tuple struct or tuple variant `Some` in this scope\n   --> /Users/graysonnocera/.cargo/registry/src/index.crates.io-6f17d22bba15001f/parking_lot_core-0.9.8/src/parking_lot.rs:633:13\n    |\n633 |             Some(timeout) => thread_data.parker.park_until(timeout),\n    |             ^^^^ not found in this scope\n    |\nhelp: consider importing this tuple variant\n    |\n7   + use core::option::Option::Some;\n    |\n\nerror[E0405]: cannot find trait `FnOnce` in this scope\n   --> /Users/graysonnocera/.cargo/registry/src/index.crates.io-6f17d22bba15001f/parking_lot_core-0.9.8/src/parking_lot.rs:734:20\n    |\n734 |     callback: impl FnOnce(UnparkResult) -> UnparkToken,\n    |                    ^^^^^^ not found in this scope\n    |\nhelp: consider importing this trait\n    |\n7   + use core::ops::FnOnce;\n    |\n\nerror[E0405]: cannot find trait `FnOnce` in this scope\n   --> /Users/graysonnocera/.cargo/registry/src/index.crates.io-6f17d22bba15001f/parking_lot_core-0.9.8/src/parking_lot.rs:891:20\n    |\n891 |     validate: impl FnOnce() -> RequeueOp,\n    |                    ^^^^^^ not found in this scope\n    |\nhelp: consider importing this trait\n    |\n7   + use core::ops::FnOnce;\n    |\n\nerror[E0405]: cannot find trait `FnOnce` in this scope\n   --> /Users/graysonnocera/.cargo/registry/src/index.crates.io-6f17d22bba15001f/parking_lot_core-0.9.8/src/parking_lot.rs:892:20\n    |\n892 |     callback: impl FnOnce(RequeueOp, UnparkResult) -> UnparkToken,\n    |                    ^^^^^^ not found in this scope\n    |\nhelp: consider importing this trait\n    |\n7   + use core::ops::FnOnce;\n    |\n\nerror[E0425]: cannot find value `None` in this scope\n   --> /Users/graysonnocera/.cargo/registry/src/index.crates.io-6f17d22bba15001f/parking_lot_core-0.9.8/src/parking_lot.rs:912:29\n    |\n912 |     let mut wakeup_thread = None;\n    |                             ^^^^ not found in this scope\n    |\nhelp: consider importing this unit variant\n    |\n7   + use core::option::Option::None;\n    |\n\nerror[E0425]: cannot find function, tuple struct or tuple variant `Some` in this scope\n   --> /Users/graysonnocera/.cargo/registry/src/index.crates.io-6f17d22bba15001f/parking_lot_core-0.9.8/src/parking_lot.rs:926:33\n    |\n926 |                 wakeup_thread = Some(current);\n    |                                 ^^^^ not found in this scope\n    |\nhelp: consider importing this tuple variant\n    |\n7   + use core::option::Option::Some;\n    |\n\nerror[E0531]: cannot find tuple struct or tuple variant `Some` in this scope\n   --> /Users/graysonnocera/.cargo/registry/src/index.crates.io-6f17d22bba15001f/parking_lot_core-0.9.8/src/parking_lot.rs:979:12\n    |\n979 |     if let Some(wakeup_thread) = wakeup_thread {\n    |            ^^^^ not found in this scope\n    |\nhelp: consider importing this tuple variant\n    |\n7   + use core::option::Option::Some;\n    |\n\nerror[E0405]: cannot find trait `FnMut` in this scope\n    --> /Users/graysonnocera/.cargo/registry/src/index.crates.io-6f17d22bba15001f/parking_lot_core-0.9.8/src/parking_lot.rs:1022:22\n     |\n1022 |     mut filter: impl FnMut(ParkToken) -> FilterOp,\n     |                      ^^^^^ not found in this scope\n     |\nhelp: consider importing this trait\n     |\n7    + use core::ops::FnMut;\n     |\n\nerror[E0405]: cannot find trait `FnOnce` in this scope\n    --> /Users/graysonnocera/.cargo/registry/src/index.crates.io-6f17d22bba15001f/parking_lot_core-0.9.8/src/parking_lot.rs:1023:20\n     |\n1023 |     callback: impl FnOnce(UnparkResult) -> UnparkToken,\n     |                    ^^^^^^ not found in this scope\n     |\nhelp: consider importing this trait\n     |\n7    + use core::ops::FnOnce;\n     |\n\nerror[E0425]: cannot find value `None` in this scope\n    --> /Users/graysonnocera/.cargo/registry/src/index.crates.io-6f17d22bba15001f/parking_lot_core-0.9.8/src/parking_lot.rs:1047:44\n     |\n1047 |                     threads.push((current, None));\n     |                                            ^^^^ not found in this scope\n     |\nhelp: consider importing this unit variant\n     |\n7    + use core::option::Option::None;\n     |\n\nerror[E0425]: cannot find function, tuple struct or tuple variant `Some` in this scope\n    --> /Users/graysonnocera/.cargo/registry/src/index.crates.io-6f17d22bba15001f/parking_lot_core-0.9.8/src/parking_lot.rs:1080:15\n     |\n1080 |         t.1 = Some((*t.0).parker.unpark_lock());\n     |               ^^^^ not found in this scope\n     |\nhelp: consider importing this tuple variant\n     |\n7    + use core::option::Option::Some;\n     |\n\nerror[E0412]: cannot find type `Option` in this scope\n  --> /Users/graysonnocera/.cargo/registry/src/index.crates.io-6f17d22bba15001f/parking_lot_core-0.9.8/src/util.rs:13:35\n   |\n13 | impl<T> UncheckedOptionExt<T> for Option<T> {\n   |                                   ^^^^^^ not found in this scope\n   |\nhelp: consider importing this enum\n   |\n9  + use core::option::Option;\n   |\n\nerror[E0531]: cannot find tuple struct or tuple variant `Some` in this scope\n  --> /Users/graysonnocera/.cargo/registry/src/index.crates.io-6f17d22bba15001f/parking_lot_core-0.9.8/src/util.rs:17:13\n   |\n17 |             Some(x) => x,\n   |             ^^^^ not found in this scope\n   |\nhelp: consider importing this tuple variant\n   |\n9  + use core::option::Option::Some;\n   |\n\nerror[E0405]: cannot find trait `FnOnce` in this scope\n  --> /Users/graysonnocera/.cargo/registry/src/index.crates.io-6f17d22bba15001f/parking_lot_core-0.9.8/src/word_lock.rs:51:32\n   |\n51 | fn with_thread_data<T>(f: impl FnOnce(&ThreadData) -> T) -> T {\n   |                                ^^^^^^ not found in this scope\n   |\nhelp: consider importing this trait\n   |\n8  + use core::ops::FnOnce;\n   |\n\nerror[E0425]: cannot find value `THREAD_DATA` in this scope\n  --> /Users/graysonnocera/.cargo/registry/src/index.crates.io-6f17d22bba15001f/parking_lot_core-0.9.8/src/word_lock.rs:57:38\n   |\n57 |         if let Ok(tls_thread_data) = THREAD_DATA.try_with(|x| x as *const ThreadData) {\n   |                                      ^^^^^^^^^^^ not found in this scope\n\nerror[E0531]: cannot find tuple struct or tuple variant `Ok` in this scope\n  --> /Users/graysonnocera/.cargo/registry/src/index.crates.io-6f17d22bba15001f/parking_lot_core-0.9.8/src/word_lock.rs:57:16\n   |\n57 |         if let Ok(tls_thread_data) = THREAD_DATA.try_with(|x| x as *const ThreadData) {\n   |                ^^ not found in this scope\n   |\nhelp: consider importing this tuple variant\n   |\n8  + use core::result::Result::Ok;\n   |\n\nerror[E0425]: cannot find value `None` in this scope\n  --> /Users/graysonnocera/.cargo/registry/src/index.crates.io-6f17d22bba15001f/parking_lot_core-0.9.8/src/word_lock.rs:62:35\n   |\n62 |     let mut thread_data_storage = None;\n   |                                   ^^^^ not found in this scope\n   |\nhelp: consider importing this unit variant\n   |\n8  + use core::option::Option::None;\n   |\n\nerror[E0531]: cannot find tuple struct or tuple variant `Ok` in this scope\n   --> /Users/graysonnocera/.cargo/registry/src/index.crates.io-6f17d22bba15001f/parking_lot_core-0.9.8/src/word_lock.rs:123:21\n    |\n123 |                     Ok(_) => return,\n    |                     ^^ not found in this scope\n    |\nhelp: consider importing this tuple variant\n    |\n8   + use core::result::Result::Ok;\n    |\n\nerror[E0531]: cannot find tuple struct or tuple variant `Err` in this scope\n   --> /Users/graysonnocera/.cargo/registry/src/index.crates.io-6f17d22bba15001f/parking_lot_core-0.9.8/src/word_lock.rs:124:21\n    |\n124 |                     Err(x) => state = x,\n    |                     ^^^ not found in this scope\n    |\nhelp: consider importing this tuple variant\n    |\n8   + use core::result::Result::Err;\n    |\n\nerror[E0531]: cannot find tuple struct or tuple variant `Err` in this scope\n   --> /Users/graysonnocera/.cargo/registry/src/index.crates.io-6f17d22bba15001f/parking_lot_core-0.9.8/src/word_lock.rs:154:24\n    |\n154 |                 if let Err(x) = self.state.compare_exchange_weak(\n    |                        ^^^ not found in this scope\n    |\nhelp: consider importing this tuple variant\n    |\n8   + use core::result::Result::Err;\n    |\n\nerror[E0531]: cannot find tuple struct or tuple variant `Ok` in this scope\n   --> /Users/graysonnocera/.cargo/registry/src/index.crates.io-6f17d22bba15001f/parking_lot_core-0.9.8/src/word_lock.rs:195:17\n    |\n195 |                 Ok(_) => break,\n    |                 ^^ not found in this scope\n    |\nhelp: consider importing this tuple variant\n    |\n8   + use core::result::Result::Ok;\n    |\n\nerror[E0531]: cannot find tuple struct or tuple variant `Err` in this scope\n   --> /Users/graysonnocera/.cargo/registry/src/index.crates.io-6f17d22bba15001f/parking_lot_core-0.9.8/src/word_lock.rs:196:17\n    |\n196 |                 Err(x) => state = x,\n    |                 ^^^ not found in this scope\n    |\nhelp: consider importing this tuple variant\n    |\n8   + use core::result::Result::Err;\n    |\n\nerror[E0531]: cannot find tuple struct or tuple variant `Ok` in this scope\n   --> /Users/graysonnocera/.cargo/registry/src/index.crates.io-6f17d22bba15001f/parking_lot_core-0.9.8/src/word_lock.rs:236:21\n    |\n236 |                     Ok(_) => return,\n    |                     ^^ not found in this scope\n    |\nhelp: consider importing this tuple variant\n    |\n8   + use core::result::Result::Ok;\n    |\n\nerror[E0531]: cannot find tuple struct or tuple variant `Err` in this scope\n   --> /Users/graysonnocera/.cargo/registry/src/index.crates.io-6f17d22bba15001f/parking_lot_core-0.9.8/src/word_lock.rs:237:21\n    |\n237 |                     Err(x) => state = x,\n    |                     ^^^ not found in this scope\n    |\nhelp: consider importing this tuple variant\n    |\n8   + use core::result::Result::Err;\n    |\n\nerror[E0531]: cannot find tuple struct or tuple variant `Ok` in this scope\n   --> /Users/graysonnocera/.cargo/registry/src/index.crates.io-6f17d22bba15001f/parking_lot_core-0.9.8/src/word_lock.rs:255:25\n    |\n255 |                         Ok(_) => break,\n    |                         ^^ not found in this scope\n    |\nhelp: consider importing this tuple variant\n    |\n8   + use core::result::Result::Ok;\n    |\n\nerror[E0531]: cannot find tuple struct or tuple variant `Err` in this scope\n   --> /Users/graysonnocera/.cargo/registry/src/index.crates.io-6f17d22bba15001f/parking_lot_core-0.9.8/src/word_lock.rs:256:25\n    |\n256 |                         Err(x) => state = x,\n    |                         ^^^ not found in this scope\n    |\nhelp: consider importing this tuple variant\n    |\n8   + use core::result::Result::Err;\n    |\n\nerror[E0433]: failed to resolve: use of undeclared type `Vec`\n  --> /Users/graysonnocera/.cargo/registry/src/index.crates.io-6f17d22bba15001f/parking_lot_core-0.9.8/src/parking_lot.rs:75:27\n   |\n75 |         let mut entries = Vec::with_capacity(new_size);\n   |                           ^^^ use of undeclared type `Vec`\n\nerror[E0433]: failed to resolve: use of undeclared type `Box`\n  --> /Users/graysonnocera/.cargo/registry/src/index.crates.io-6f17d22bba15001f/parking_lot_core-0.9.8/src/parking_lot.rs:81:9\n   |\n81 |         Box::new(HashTable {\n   |         ^^^ use of undeclared type `Box`\n\nerror[E0433]: failed to resolve: use of undeclared type `Box`\n   --> /Users/graysonnocera/.cargo/registry/src/index.crates.io-6f17d22bba15001f/parking_lot_core-0.9.8/src/parking_lot.rs:237:21\n    |\n237 |     let new_table = Box::into_raw(HashTable::new(LOAD_FACTOR, ptr::null()));\n    |                     ^^^ use of undeclared type `Box`\n\nerror[E0433]: failed to resolve: use of undeclared type `Box`\n   --> /Users/graysonnocera/.cargo/registry/src/index.crates.io-6f17d22bba15001f/parking_lot_core-0.9.8/src/parking_lot.rs:251:25\n    |\n251 |                 let _ = Box::from_raw(new_table);\n    |                         ^^^ use of undeclared type `Box`\n\nerror[E0433]: failed to resolve: use of undeclared type `Box`\n   --> /Users/graysonnocera/.cargo/registry/src/index.crates.io-6f17d22bba15001f/parking_lot_core-0.9.8/src/parking_lot.rs:307:21\n    |\n307 |     HASHTABLE.store(Box::into_raw(new_table), Ordering::Release);\n    |                     ^^^ use of undeclared type `Box`\n\nSome errors have detailed explanations: E0405, E0412, E0425, E0433, E0463, E0531.\nerror: could not compile `parking_lot_core` (lib) due to 63 previous errors\nerror[E0463]: can't find crate for `std`\n --> /Users/graysonnocera/.cargo/registry/src/index.crates.io-6f17d22bba15001f/thiserror-1.0.44/src/aserror.rs:1:5\n  |\n1 | use std::error::Error;\n  |     ^^^ can't find crate\n  |\n  = note: the `thumbv7m-none-eabi` target may not support the standard library\n\nerror[E0463]: can't find crate for `std`\n --> /Users/graysonnocera/.cargo/registry/src/index.crates.io-6f17d22bba15001f/thiserror-1.0.44/src/aserror.rs:2:5\n  |\n2 | use std::panic::UnwindSafe;\n  |     ^^^ can't find crate\n  |\n  = note: the `thumbv7m-none-eabi` target may not support the standard library\n\nerror[E0463]: can't find crate for `std`\n --> /Users/graysonnocera/.cargo/registry/src/index.crates.io-6f17d22bba15001f/thiserror-1.0.44/src/display.rs:1:5\n  |\n1 | use std::fmt::Display;\n  |     ^^^ can't find crate\n  |\n  = note: the `thumbv7m-none-eabi` target may not support the standard library\n\nerror[E0463]: can't find crate for `std`\n --> /Users/graysonnocera/.cargo/registry/src/index.crates.io-6f17d22bba15001f/thiserror-1.0.44/src/display.rs:2:5\n  |\n2 | use std::path::{self, Path, PathBuf};\n  |     ^^^ can't find crate\n  |\n  = note: the `thumbv7m-none-eabi` target may not support the standard library\n\nerror[E0405]: cannot find trait `Send` in this scope\n  --> /Users/graysonnocera/.cargo/registry/src/index.crates.io-6f17d22bba15001f/thiserror-1.0.44/src/aserror.rs:22:41\n   |\n22 | impl<'a> AsDynError<'a> for dyn Error + Send + 'a {\n   |                                         ^^^^ not found in this scope\n   |\nhelp: consider importing this trait\n   |\n1  + use core::marker::Send;\n   |\n\nerror[E0405]: cannot find trait `Send` in this scope\n  --> /Users/graysonnocera/.cargo/registry/src/index.crates.io-6f17d22bba15001f/thiserror-1.0.44/src/aserror.rs:29:41\n   |\n29 | impl<'a> AsDynError<'a> for dyn Error + Send + Sync + 'a {\n   |                                         ^^^^ not found in this scope\n   |\nhelp: consider importing this trait\n   |\n1  + use core::marker::Send;\n   |\n\nerror[E0405]: cannot find trait `Sync` in this scope\n  --> /Users/graysonnocera/.cargo/registry/src/index.crates.io-6f17d22bba15001f/thiserror-1.0.44/src/aserror.rs:29:48\n   |\n29 | impl<'a> AsDynError<'a> for dyn Error + Send + Sync + 'a {\n   |                                                ^^^^ not found in this scope\n   |\nhelp: consider importing this trait\n   |\n1  + use core::marker::Sync;\n   |\n\nerror[E0405]: cannot find trait `Send` in this scope\n  --> /Users/graysonnocera/.cargo/registry/src/index.crates.io-6f17d22bba15001f/thiserror-1.0.44/src/aserror.rs:36:41\n   |\n36 | impl<'a> AsDynError<'a> for dyn Error + Send + Sync + UnwindSafe + 'a {\n   |                                         ^^^^ not found in this scope\n   |\nhelp: consider importing this trait\n   |\n1  + use core::marker::Send;\n   |\n\nerror[E0405]: cannot find trait `Sync` in this scope\n  --> /Users/graysonnocera/.cargo/registry/src/index.crates.io-6f17d22bba15001f/thiserror-1.0.44/src/aserror.rs:36:48\n   |\n36 | impl<'a> AsDynError<'a> for dyn Error + Send + Sync + UnwindSafe + 'a {\n   |                                                ^^^^ not found in this scope\n   |\nhelp: consider importing this trait\n   |\n1  + use core::marker::Sync;\n   |\n\nerror[E0405]: cannot find trait `Send` in this scope\n  --> /Users/graysonnocera/.cargo/registry/src/index.crates.io-6f17d22bba15001f/thiserror-1.0.44/src/aserror.rs:46:33\n   |\n46 | impl<'a> Sealed for dyn Error + Send + 'a {}\n   |                                 ^^^^ not found in this scope\n   |\nhelp: consider importing this trait\n   |\n1  + use core::marker::Send;\n   |\n\nerror[E0405]: cannot find trait `Send` in this scope\n  --> /Users/graysonnocera/.cargo/registry/src/index.crates.io-6f17d22bba15001f/thiserror-1.0.44/src/aserror.rs:47:33\n   |\n47 | impl<'a> Sealed for dyn Error + Send + Sync + 'a {}\n   |                                 ^^^^ not found in this scope\n   |\nhelp: consider importing this trait\n   |\n1  + use core::marker::Send;\n   |\n\nerror[E0405]: cannot find trait `Sync` in this scope\n  --> /Users/graysonnocera/.cargo/registry/src/index.crates.io-6f17d22bba15001f/thiserror-1.0.44/src/aserror.rs:47:40\n   |\n47 | impl<'a> Sealed for dyn Error + Send + Sync + 'a {}\n   |                                        ^^^^ not found in this scope\n   |\nhelp: consider importing this trait\n   |\n1  + use core::marker::Sync;\n   |\n\nerror[E0405]: cannot find trait `Send` in this scope\n  --> /Users/graysonnocera/.cargo/registry/src/index.crates.io-6f17d22bba15001f/thiserror-1.0.44/src/aserror.rs:48:33\n   |\n48 | impl<'a> Sealed for dyn Error + Send + Sync + UnwindSafe + 'a {}\n   |                                 ^^^^ not found in this scope\n   |\nhelp: consider importing this trait\n   |\n1  + use core::marker::Send;\n   |\n\nerror[E0405]: cannot find trait `Sync` in this scope\n  --> /Users/graysonnocera/.cargo/registry/src/index.crates.io-6f17d22bba15001f/thiserror-1.0.44/src/aserror.rs:48:40\n   |\n48 | impl<'a> Sealed for dyn Error + Send + Sync + UnwindSafe + 'a {}\n   |                                        ^^^^ not found in this scope\n   |\nhelp: consider importing this trait\n   |\n1  + use core::marker::Sync;\n   |\n\nSome errors have detailed explanations: E0405, E0463.\nerror: could not compile `thiserror` (lib) due to 15 previous errors\nerror[E0412]: cannot find type `Option` in this scope\n  --> /Users/graysonnocera/.cargo/registry/src/index.crates.io-6f17d22bba15001f/once_cell-1.18.0/src/imp_std.rs:24:23\n   |\n24 |     value: UnsafeCell<Option<T>>,\n   |                       ^^^^^^ not found in this scope\n   |\nhelp: consider importing this enum\n   |\n6  + use core::option::Option;\n   |\n\nerror[E0405]: cannot find trait `Sync` in this scope\n  --> /Users/graysonnocera/.cargo/registry/src/index.crates.io-6f17d22bba15001f/once_cell-1.18.0/src/imp_std.rs:32:29\n   |\n32 | unsafe impl<T: Sync + Send> Sync for OnceCell<T> {}\n   |                             ^^^^ not found in this scope\n   |\nhelp: consider importing this trait\n   |\n6  + use core::marker::Sync;\n   |\n\nerror[E0405]: cannot find trait `Sync` in this scope\n  --> /Users/graysonnocera/.cargo/registry/src/index.crates.io-6f17d22bba15001f/once_cell-1.18.0/src/imp_std.rs:32:16\n   |\n32 | unsafe impl<T: Sync + Send> Sync for OnceCell<T> {}\n   |                ^^^^ not found in this scope\n   |\nhelp: consider importing this trait\n   |\n6  + use core::marker::Sync;\n   |\n\nerror[E0405]: cannot find trait `Send` in this scope\n  --> /Users/graysonnocera/.cargo/registry/src/index.crates.io-6f17d22bba15001f/once_cell-1.18.0/src/imp_std.rs:32:23\n   |\n32 | unsafe impl<T: Sync + Send> Sync for OnceCell<T> {}\n   |                       ^^^^ not found in this scope\n   |\nhelp: consider importing this trait\n   |\n6  + use core::marker::Send;\n   |\n\nerror[E0405]: cannot find trait `Send` in this scope\n  --> /Users/graysonnocera/.cargo/registry/src/index.crates.io-6f17d22bba15001f/once_cell-1.18.0/src/imp_std.rs:33:22\n   |\n33 | unsafe impl<T: Send> Send for OnceCell<T> {}\n   |                      ^^^^ not found in this scope\n   |\nhelp: consider importing this trait\n   |\n6  + use core::marker::Send;\n   |\n\nerror[E0405]: cannot find trait `Send` in this scope\n  --> /Users/graysonnocera/.cargo/registry/src/index.crates.io-6f17d22bba15001f/once_cell-1.18.0/src/imp_std.rs:33:16\n   |\n33 | unsafe impl<T: Send> Send for OnceCell<T> {}\n   |                ^^^^ not found in this scope\n   |\nhelp: consider importing this trait\n   |\n6  + use core::marker::Send;\n   |\n\nerror[E0425]: cannot find value `None` in this scope\n  --> /Users/graysonnocera/.cargo/registry/src/index.crates.io-6f17d22bba15001f/once_cell-1.18.0/src/imp_std.rs:40:82\n   |\n40 |         OnceCell { queue: AtomicPtr::new(INCOMPLETE_PTR), value: UnsafeCell::new(None) }\n   |                                                                                  ^^^^ not found in this scope\n   |\nhelp: consider importing this unit variant\n   |\n6  + use core::option::Option::None;\n   |\n\nerror[E0425]: cannot find function, tuple struct or tuple variant `Some` in this scope\n  --> /Users/graysonnocera/.cargo/registry/src/index.crates.io-6f17d22bba15001f/once_cell-1.18.0/src/imp_std.rs:44:80\n   |\n44 |         OnceCell { queue: AtomicPtr::new(COMPLETE_PTR), value: UnsafeCell::new(Some(value)) }\n   |                                                                                ^^^^ not found in this scope\n   |\nhelp: consider importing this tuple variant\n   |\n6  + use core::option::Option::Some;\n   |\n\nerror[E0405]: cannot find trait `FnOnce` in this scope\n  --> /Users/graysonnocera/.cargo/registry/src/index.crates.io-6f17d22bba15001f/once_cell-1.18.0/src/imp_std.rs:63:12\n   |\n63 |         F: FnOnce() -> Result<T, E>,\n   |            ^^^^^^ not found in this scope\n   |\nhelp: consider importing this trait\n   |\n6  + use core::ops::FnOnce;\n   |\n\nerror[E0412]: cannot find type `Result` in this scope\n  --> /Users/graysonnocera/.cargo/registry/src/index.crates.io-6f17d22bba15001f/once_cell-1.18.0/src/imp_std.rs:63:24\n   |\n63 |         F: FnOnce() -> Result<T, E>,\n   |                        ^^^^^^ not found in this scope\n   |\nhelp: consider importing one of these items\n   |\n6  + use core::fmt::Result;\n   |\n6  + use core::result::Result;\n   |\n6  + use alloc::fmt::Result;\n   |\n\nerror[E0412]: cannot find type `Result` in this scope\n  --> /Users/graysonnocera/.cargo/registry/src/index.crates.io-6f17d22bba15001f/once_cell-1.18.0/src/imp_std.rs:61:52\n   |\n61 |     pub(crate) fn initialize<F, E>(&self, f: F) -> Result<(), E>\n   |                                                    ^^^^^^ not found in this scope\n   |\nhelp: consider importing one of these items\n   |\n6  + use core::fmt::Result;\n   |\n6  + use core::result::Result;\n   |\n6  + use alloc::fmt::Result;\n   |\n\nerror[E0425]: cannot find function, tuple struct or tuple variant `Some` in this scope\n  --> /Users/graysonnocera/.cargo/registry/src/index.crates.io-6f17d22bba15001f/once_cell-1.18.0/src/imp_std.rs:65:21\n   |\n65 |         let mut f = Some(f);\n   |                     ^^^^ not found in this scope\n   |\nhelp: consider importing this tuple variant\n   |\n6  + use core::option::Option::Some;\n   |\n\nerror[E0412]: cannot find type `Result` in this scope\n  --> /Users/graysonnocera/.cargo/registry/src/index.crates.io-6f17d22bba15001f/once_cell-1.18.0/src/imp_std.rs:66:22\n   |\n66 |         let mut res: Result<(), E> = Ok(());\n   |                      ^^^^^^ not found in this scope\n   |\nhelp: consider importing one of these items\n   |\n6  + use core::fmt::Result;\n   |\n6  + use core::result::Result;\n   |\n6  + use alloc::fmt::Result;\n   |\n\nerror[E0425]: cannot find function, tuple struct or tuple variant `Ok` in this scope\n  --> /Users/graysonnocera/.cargo/registry/src/index.crates.io-6f17d22bba15001f/once_cell-1.18.0/src/imp_std.rs:66:38\n   |\n66 |         let mut res: Result<(), E> = Ok(());\n   |                                      ^^ not found in this scope\n   |\nhelp: consider importing this tuple variant\n   |\n6  + use core::result::Result::Ok;\n   |\n\nerror[E0412]: cannot find type `Option` in this scope\n  --> /Users/graysonnocera/.cargo/registry/src/index.crates.io-6f17d22bba15001f/once_cell-1.18.0/src/imp_std.rs:67:24\n   |\n67 |         let slot: *mut Option<T> = self.value.get();\n   |                        ^^^^^^ not found in this scope\n   |\nhelp: consider importing this enum\n   |\n6  + use core::option::Option;\n   |\n\nerror[E0425]: cannot find function, tuple struct or tuple variant `Some` in this scope\n  --> /Users/graysonnocera/.cargo/registry/src/index.crates.io-6f17d22bba15001f/once_cell-1.18.0/src/imp_std.rs:70:13\n   |\n70 |             Some(&mut || {\n   |             ^^^^ not found in this scope\n   |\nhelp: consider importing this tuple variant\n   |\n6  + use core::option::Option::Some;\n   |\n\nerror[E0531]: cannot find tuple struct or tuple variant `Ok` in this scope\n  --> /Users/graysonnocera/.cargo/registry/src/index.crates.io-6f17d22bba15001f/once_cell-1.18.0/src/imp_std.rs:73:21\n   |\n73 |                     Ok(value) => {\n   |                     ^^ not found in this scope\n   |\nhelp: consider importing this tuple variant\n   |\n6  + use core::result::Result::Ok;\n   |\n\nerror[E0425]: cannot find function, tuple struct or tuple variant `Some` in this scope\n  --> /Users/graysonnocera/.cargo/registry/src/index.crates.io-6f17d22bba15001f/once_cell-1.18.0/src/imp_std.rs:74:42\n   |\n74 |                         unsafe { *slot = Some(value) };\n   |                                          ^^^^ not found in this scope\n   |\nhelp: consider importing this tuple variant\n   |\n6  + use core::option::Option::Some;\n   |\n\nerror[E0531]: cannot find tuple struct or tuple variant `Err` in this scope\n  --> /Users/graysonnocera/.cargo/registry/src/index.crates.io-6f17d22bba15001f/once_cell-1.18.0/src/imp_std.rs:77:21\n   |\n77 |                     Err(err) => {\n   |                     ^^^ not found in this scope\n   |\nhelp: consider importing this tuple variant\n   |\n6  + use core::result::Result::Err;\n   |\n\nerror[E0425]: cannot find function, tuple struct or tuple variant `Err` in this scope\n  --> /Users/graysonnocera/.cargo/registry/src/index.crates.io-6f17d22bba15001f/once_cell-1.18.0/src/imp_std.rs:78:31\n   |\n78 |                         res = Err(err);\n   |                               ^^^\n   |\nhelp: a local variable with a similar name exists\n   |\n78 |                         res = err(err);\n   |                               ~~~\nhelp: consider importing this tuple variant\n   |\n6  + use core::result::Result::Err;\n   |\n\nerror[E0425]: cannot find value `None` in this scope\n  --> /Users/graysonnocera/.cargo/registry/src/index.crates.io-6f17d22bba15001f/once_cell-1.18.0/src/imp_std.rs:89:41\n   |\n89 |         initialize_or_wait(&self.queue, None);\n   |                                         ^^^^ not found in this scope\n   |\nhelp: consider importing this unit variant\n   |\n6  + use core::option::Option::None;\n   |\n\nerror[E0412]: cannot find type `Option` in this scope\n   --> /Users/graysonnocera/.cargo/registry/src/index.crates.io-6f17d22bba15001f/once_cell-1.18.0/src/imp_std.rs:107:41\n    |\n107 |     pub(crate) fn get_mut(&mut self) -> Option<&mut T> {\n    |                                         ^^^^^^ not found in this scope\n    |\nhelp: consider importing this enum\n    |\n6   + use core::option::Option;\n    |\n\nerror[E0412]: cannot find type `Option` in this scope\n   --> /Users/graysonnocera/.cargo/registry/src/index.crates.io-6f17d22bba15001f/once_cell-1.18.0/src/imp_std.rs:115:39\n    |\n115 |     pub(crate) fn into_inner(self) -> Option<T> {\n    |                                       ^^^^^^ not found in this scope\n    |\nhelp: consider importing this enum\n    |\n6   + use core::option::Option;\n    |\n\nerror[E0412]: cannot find type `Option` in this scope\n   --> /Users/graysonnocera/.cargo/registry/src/index.crates.io-6f17d22bba15001f/once_cell-1.18.0/src/imp_std.rs:139:18\n    |\n139 |     thread: Cell<Option<Thread>>,\n    |                  ^^^^^^ not found in this scope\n    |\nhelp: consider importing this enum\n    |\n6   + use core::option::Option;\n    |\n\nerror[E0405]: cannot find trait `Drop` in this scope\n   --> /Users/graysonnocera/.cargo/registry/src/index.crates.io-6f17d22bba15001f/once_cell-1.18.0/src/imp_std.rs:150:6\n    |\n150 | impl Drop for Guard<'_> {\n    |      ^^^^ not found in this scope\n    |\nhelp: consider importing this trait\n    |\n6   + use core::ops::Drop;\n    |\n\nerror[E0412]: cannot find type `Option` in this scope\n   --> /Users/graysonnocera/.cargo/registry/src/index.crates.io-6f17d22bba15001f/once_cell-1.18.0/src/imp_std.rs:177:60\n    |\n177 | fn initialize_or_wait(queue: &AtomicPtr<Waiter>, mut init: Option<&mut dyn FnMut() -> bool>) {\n    |                                                            ^^^^^^ not found in this scope\n    |\nhelp: consider importing this enum\n    |\n6   + use core::option::Option;\n    |\n\nerror[E0405]: cannot find trait `FnMut` in this scope\n   --> /Users/graysonnocera/.cargo/registry/src/index.crates.io-6f17d22bba15001f/once_cell-1.18.0/src/imp_std.rs:177:76\n    |\n177 | fn initialize_or_wait(queue: &AtomicPtr<Waiter>, mut init: Option<&mut dyn FnMut() -> bool>) {\n    |                                                                            ^^^^^ not found in this scope\n    |\nhelp: consider importing this trait\n    |\n6   + use core::ops::FnMut;\n    |\n\nerror[E0531]: cannot find tuple struct or tuple variant `Some` in this scope\n   --> /Users/graysonnocera/.cargo/registry/src/index.crates.io-6f17d22bba15001f/once_cell-1.18.0/src/imp_std.rs:184:26\n    |\n184 |             (INCOMPLETE, Some(init)) => {\n    |                          ^^^^ not found in this scope\n    |\nhelp: consider importing this tuple variant\n    |\n6   + use core::option::Option::Some;\n    |\n\nerror[E0531]: cannot find tuple struct or tuple variant `Err` in this scope\n   --> /Users/graysonnocera/.cargo/registry/src/index.crates.io-6f17d22bba15001f/once_cell-1.18.0/src/imp_std.rs:191:24\n    |\n191 |                 if let Err(new_queue) = exchange {\n    |                        ^^^ not found in this scope\n    |\nhelp: consider importing this tuple variant\n    |\n6   + use core::result::Result::Err;\n    |\n\nerror[E0425]: cannot find function, tuple struct or tuple variant `Some` in this scope\n   --> /Users/graysonnocera/.cargo/registry/src/index.crates.io-6f17d22bba15001f/once_cell-1.18.0/src/imp_std.rs:214:31\n    |\n214 |             thread: Cell::new(Some(thread::current())),\n    |                               ^^^^ not found in this scope\n    |\nhelp: consider importing this tuple variant\n    |\n6   + use core::option::Option::Some;\n    |\n\nerror[E0531]: cannot find tuple struct or tuple variant `Err` in this scope\n   --> /Users/graysonnocera/.cargo/registry/src/index.crates.io-6f17d22bba15001f/once_cell-1.18.0/src/imp_std.rs:226:16\n    |\n226 |         if let Err(new_queue) = exchange {\n    |                ^^^ not found in this scope\n    |\nhelp: consider importing this tuple variant\n    |\n6   + use core::result::Result::Err;\n    |\n\nerror[E0405]: cannot find trait `Sized` in this scope\n   --> /Users/graysonnocera/.cargo/registry/src/index.crates.io-6f17d22bba15001f/once_cell-1.18.0/src/imp_std.rs:250:12\n    |\n250 |         T: Sized,\n    |            ^^^^^ not found in this scope\n    |\nhelp: consider importing this trait\n    |\n246 +     use core::marker::Sized;\n    |\n\nerror[E0405]: cannot find trait `Sized` in this scope\n   --> /Users/graysonnocera/.cargo/registry/src/index.crates.io-6f17d22bba15001f/once_cell-1.18.0/src/imp_std.rs:262:12\n    |\n262 |         T: Sized,\n    |            ^^^^^ not found in this scope\n    |\nhelp: consider importing this trait\n    |\n246 +     use core::marker::Sized;\n    |\n\nerror[E0405]: cannot find trait `Sized` in this scope\n   --> /Users/graysonnocera/.cargo/registry/src/index.crates.io-6f17d22bba15001f/once_cell-1.18.0/src/imp_std.rs:283:12\n    |\n283 |         T: Sized,\n    |            ^^^^^ not found in this scope\n    |\nhelp: consider importing this trait\n    |\n246 +     use core::marker::Sized;\n    |\n\nerror[E0405]: cannot find trait `FnOnce` in this scope\n   --> /Users/graysonnocera/.cargo/registry/src/index.crates.io-6f17d22bba15001f/once_cell-1.18.0/src/imp_std.rs:281:52\n    |\n281 |     pub(crate) fn map_addr<T>(ptr: *mut T, f: impl FnOnce(usize) -> usize) -> *mut T\n    |                                                    ^^^^^^ not found in this scope\n    |\nhelp: consider importing this trait\n    |\n246 +     use core::ops::FnOnce;\n    |\n\nerror[E0412]: cannot find type `Option` in this scope\n   --> /Users/graysonnocera/.cargo/registry/src/index.crates.io-6f17d22bba15001f/once_cell-1.18.0/src/lib.rs:415:27\n    |\n415 |         inner: UnsafeCell<Option<T>>,\n    |                           ^^^^^^ not found in this scope\n    |\nhelp: consider importing this enum\n    |\n386 +     use core::option::Option;\n    |\n\nerror[E0405]: cannot find trait `Default` in this scope\n   --> /Users/graysonnocera/.cargo/registry/src/index.crates.io-6f17d22bba15001f/once_cell-1.18.0/src/lib.rs:425:13\n    |\n425 |     impl<T> Default for OnceCell<T> {\n    |             ^^^^^^^ not found in this scope\n    |\nhelp: consider importing this trait\n    |\n386 +     use core::default::Default;\n    |\n\nerror[E0531]: cannot find tuple struct or tuple variant `Some` in this scope\n   --> /Users/graysonnocera/.cargo/registry/src/index.crates.io-6f17d22bba15001f/once_cell-1.18.0/src/lib.rs:434:17\n    |\n434 |                 Some(v) => f.debug_tuple(\"OnceCell\").field(v).finish(),\n    |                 ^^^^ not found in this scope\n    |\nhelp: consider importing this tuple variant\n    |\n386 +     use core::option::Option::Some;\n    |\n\nerror[E0405]: cannot find trait `Clone` in this scope\n   --> /Users/graysonnocera/.cargo/registry/src/index.crates.io-6f17d22bba15001f/once_cell-1.18.0/src/lib.rs:440:20\n    |\n440 |     impl<T: Clone> Clone for OnceCell<T> {\n    |                    ^^^^^ not found in this scope\n    |\nhelp: consider importing this trait\n    |\n386 +     use core::clone::Clone;\n    |\n\nerror[E0405]: cannot find trait `Clone` in this scope\n   --> /Users/graysonnocera/.cargo/registry/src/index.crates.io-6f17d22bba15001f/once_cell-1.18.0/src/lib.rs:440:13\n    |\n440 |     impl<T: Clone> Clone for OnceCell<T> {\n    |             ^^^^^ not found in this scope\n    |\nhelp: consider importing this trait\n    |\n386 +     use core::clone::Clone;\n    |\n\nerror[E0531]: cannot find tuple struct or tuple variant `Some` in this scope\n   --> /Users/graysonnocera/.cargo/registry/src/index.crates.io-6f17d22bba15001f/once_cell-1.18.0/src/lib.rs:443:17\n    |\n443 |                 Some(value) => OnceCell::with_value(value.clone()),\n    |                 ^^^^ not found in this scope\n    |\nhelp: consider importing this tuple variant\n    |\n386 +     use core::option::Option::Some;\n    |\n\nerror[E0531]: cannot find tuple struct or tuple variant `Some` in this scope\n   --> /Users/graysonnocera/.cargo/registry/src/index.crates.io-6f17d22bba15001f/once_cell-1.18.0/src/lib.rs:450:18\n    |\n450 |                 (Some(this), Some(source)) => this.clone_from(source),\n    |                  ^^^^ not found in this scope\n    |\nhelp: consider importing this tuple variant\n    |\n386 +     use core::option::Option::Some;\n    |\n\nerror[E0531]: cannot find tuple struct or tuple variant `Some` in this scope\n   --> /Users/graysonnocera/.cargo/registry/src/index.crates.io-6f17d22bba15001f/once_cell-1.18.0/src/lib.rs:450:30\n    |\n450 |                 (Some(this), Some(source)) => this.clone_from(source),\n    |                              ^^^^ not found in this scope\n    |\nhelp: consider importing this tuple variant\n    |\n386 +     use core::option::Option::Some;\n    |\n\nerror[E0405]: cannot find trait `PartialEq` in this scope\n   --> /Users/graysonnocera/.cargo/registry/src/index.crates.io-6f17d22bba15001f/once_cell-1.18.0/src/lib.rs:456:24\n    |\n456 |     impl<T: PartialEq> PartialEq for OnceCell<T> {\n    |                        ^^^^^^^^^ not found in this scope\n    |\nhelp: consider importing this trait\n    |\n386 +     use core::cmp::PartialEq;\n    |\n\nerror[E0405]: cannot find trait `PartialEq` in this scope\n   --> /Users/graysonnocera/.cargo/registry/src/index.crates.io-6f17d22bba15001f/once_cell-1.18.0/src/lib.rs:456:13\n    |\n456 |     impl<T: PartialEq> PartialEq for OnceCell<T> {\n    |             ^^^^^^^^^ not found in this scope\n    |\nhelp: consider importing this trait\n    |\n386 +     use core::cmp::PartialEq;\n    |\n\nerror[E0405]: cannot find trait `Eq` in this scope\n   --> /Users/graysonnocera/.cargo/registry/src/index.crates.io-6f17d22bba15001f/once_cell-1.18.0/src/lib.rs:462:17\n    |\n462 |     impl<T: Eq> Eq for OnceCell<T> {}\n    |                 ^^ not found in this scope\n    |\nhelp: consider importing this trait\n    |\n386 +     use core::cmp::Eq;\n    |\n\nerror[E0405]: cannot find trait `Eq` in this scope\n   --> /Users/graysonnocera/.cargo/registry/src/index.crates.io-6f17d22bba15001f/once_cell-1.18.0/src/lib.rs:462:13\n    |\n462 |     impl<T: Eq> Eq for OnceCell<T> {}\n    |             ^^ not found in this scope\n    |\nhelp: consider importing this trait\n    |\n386 +     use core::cmp::Eq;\n    |\n\nerror[E0405]: cannot find trait `From` in this scope\n   --> /Users/graysonnocera/.cargo/registry/src/index.crates.io-6f17d22bba15001f/once_cell-1.18.0/src/lib.rs:464:13\n    |\n464 |     impl<T> From<T> for OnceCell<T> {\n    |             ^^^^ not found in this scope\n    |\nhelp: consider importing this trait\n    |\n386 +     use core::convert::From;\n    |\n\nerror[E0425]: cannot find value `None` in this scope\n   --> /Users/graysonnocera/.cargo/registry/src/index.crates.io-6f17d22bba15001f/once_cell-1.18.0/src/lib.rs:473:47\n    |\n473 |             OnceCell { inner: UnsafeCell::new(None) }\n    |                                               ^^^^ not found in this scope\n    |\nhelp: consider importing this unit variant\n    |\n386 +     use core::option::Option::None;\n    |\n\nerror[E0425]: cannot find function, tuple struct or tuple variant `Some` in this scope\n   --> /Users/graysonnocera/.cargo/registry/src/index.crates.io-6f17d22bba15001f/once_cell-1.18.0/src/lib.rs:478:47\n    |\n478 |             OnceCell { inner: UnsafeCell::new(Some(value)) }\n    |                                               ^^^^ not found in this scope\n    |\nhelp: consider importing this tuple variant\n    |\n386 +     use core::option::Option::Some;\n    |\n\nerror[E0412]: cannot find type `Option` in this scope\n   --> /Users/graysonnocera/.cargo/registry/src/index.crates.io-6f17d22bba15001f/once_cell-1.18.0/src/lib.rs:485:30\n    |\n485 |         pub fn get(&self) -> Option<&T> {\n    |                              ^^^^^^ not found in this scope\n    |\nhelp: consider importing this enum\n    |\n386 +     use core::option::Option;\n    |\n\nerror[E0412]: cannot find type `Option` in this scope\n   --> /Users/graysonnocera/.cargo/registry/src/index.crates.io-6f17d22bba15001f/once_cell-1.18.0/src/lib.rs:510:38\n    |\n510 |         pub fn get_mut(&mut self) -> Option<&mut T> {\n    |                                      ^^^^^^ not found in this scope\n    |\nhelp: consider importing this enum\n    |\n386 +     use core::option::Option;\n    |\n\nerror[E0412]: cannot find type `Result` in this scope\n   --> /Users/graysonnocera/.cargo/registry/src/index.crates.io-6f17d22bba15001f/once_cell-1.18.0/src/lib.rs:532:40\n    |\n532 |         pub fn set(&self, value: T) -> Result<(), T> {\n    |                                        ^^^^^^ not found in this scope\n    |\nhelp: consider importing one of these items\n    |\n386 +     use crate::unsync::fmt::Result;\n    |\n386 +     use core::fmt::Result;\n    |\n386 +     use core::result::Result;\n    |\n386 +     use alloc::fmt::Result;\n    |\n\nerror[E0531]: cannot find tuple struct or tuple variant `Ok` in this scope\n   --> /Users/graysonnocera/.cargo/registry/src/index.crates.io-6f17d22bba15001f/once_cell-1.18.0/src/lib.rs:534:17\n    |\n534 |                 Ok(_) => Ok(()),\n    |                 ^^ not found in this scope\n    |\nhelp: consider importing this tuple variant\n    |\n386 +     use core::result::Result::Ok;\n    |\n\nerror[E0425]: cannot find function, tuple struct or tuple variant `Ok` in this scope\n   --> /Users/graysonnocera/.cargo/registry/src/index.crates.io-6f17d22bba15001f/once_cell-1.18.0/src/lib.rs:534:26\n    |\n534 |                 Ok(_) => Ok(()),\n    |                          ^^ not found in this scope\n    |\nhelp: consider importing this tuple variant\n    |\n386 +     use core::result::Result::Ok;\n    |\n\nerror[E0531]: cannot find tuple struct or tuple variant `Err` in this scope\n   --> /Users/graysonnocera/.cargo/registry/src/index.crates.io-6f17d22bba15001f/once_cell-1.18.0/src/lib.rs:535:17\n    |\n535 |                 Err((_, value)) => Err(value),\n    |                 ^^^ not found in this scope\n    |\nhelp: consider importing this tuple variant\n    |\n386 +     use core::result::Result::Err;\n    |\n\nerror[E0425]: cannot find function, tuple struct or tuple variant `Err` in this scope\n   --> /Users/graysonnocera/.cargo/registry/src/index.crates.io-6f17d22bba15001f/once_cell-1.18.0/src/lib.rs:535:36\n    |\n535 |                 Err((_, value)) => Err(value),\n    |                                    ^^^ not found in this scope\n    |\nhelp: consider importing this tuple variant\n    |\n386 +     use core::result::Result::Err;\n    |\n\nerror[E0412]: cannot find type `Result` in this scope\n   --> /Users/graysonnocera/.cargo/registry/src/index.crates.io-6f17d22bba15001f/once_cell-1.18.0/src/lib.rs:553:47\n    |\n553 |         pub fn try_insert(&self, value: T) -> Result<&T, (&T, T)> {\n    |                                               ^^^^^^ not found in this scope\n    |\nhelp: consider importing one of these items\n    |\n386 +     use crate::unsync::fmt::Result;\n    |\n386 +     use core::fmt::Result;\n    |\n386 +     use core::result::Result;\n    |\n386 +     use alloc::fmt::Result;\n    |\n\nerror[E0531]: cannot find tuple struct or tuple variant `Some` in this scope\n   --> /Users/graysonnocera/.cargo/registry/src/index.crates.io-6f17d22bba15001f/once_cell-1.18.0/src/lib.rs:554:20\n    |\n554 |             if let Some(old) = self.get() {\n    |                    ^^^^ not found in this scope\n    |\nhelp: consider importing this tuple variant\n    |\n386 +     use core::option::Option::Some;\n    |\n\nerror[E0425]: cannot find function, tuple struct or tuple variant `Err` in this scope\n   --> /Users/graysonnocera/.cargo/registry/src/index.crates.io-6f17d22bba15001f/once_cell-1.18.0/src/lib.rs:555:24\n    |\n555 |                 return Err((old, value));\n    |                        ^^^ not found in this scope\n    |\nhelp: consider importing this tuple variant\n    |\n386 +     use core::result::Result::Err;\n    |\n\nerror[E0425]: cannot find function, tuple struct or tuple variant `Some` in this scope\n   --> /Users/graysonnocera/.cargo/registry/src/index.crates.io-6f17d22bba15001f/once_cell-1.18.0/src/lib.rs:563:21\n    |\n563 |             *slot = Some(value);\n    |                     ^^^^ not found in this scope\n    |\nhelp: consider importing this tuple variant\n    |\n386 +     use core::option::Option::Some;\n    |\n\nerror[E0425]: cannot find function, tuple struct or tuple variant `Ok` in this scope\n   --> /Users/graysonnocera/.cargo/registry/src/index.crates.io-6f17d22bba15001f/once_cell-1.18.0/src/lib.rs:564:13\n    |\n564 |             Ok(unsafe { slot.as_ref().unwrap_unchecked() })\n    |             ^^ not found in this scope\n    |\nhelp: consider importing this tuple variant\n    |\n386 +     use core::result::Result::Ok;\n    |\n\nerror[E0405]: cannot find trait `FnOnce` in this scope\n   --> /Users/graysonnocera/.cargo/registry/src/index.crates.io-6f17d22bba15001f/once_cell-1.18.0/src/lib.rs:590:16\n    |\n590 |             F: FnOnce() -> T,\n    |                ^^^^^^ not found in this scope\n    |\nhelp: consider importing this trait\n    |\n386 +     use core::ops::FnOnce;\n    |\n\nerror[E0425]: cannot find function, tuple struct or tuple variant `Ok` in this scope\n   --> /Users/graysonnocera/.cargo/registry/src/index.crates.io-6f17d22bba15001f/once_cell-1.18.0/src/lib.rs:593:43\n    |\n593 |             match self.get_or_try_init(|| Ok::<T, Void>(f())) {\n    |                                           ^^ not found in this scope\n    |\nhelp: consider importing this tuple variant\n    |\n386 +     use core::result::Result::Ok;\n    |\n\nerror[E0531]: cannot find tuple struct or tuple variant `Ok` in this scope\n   --> /Users/graysonnocera/.cargo/registry/src/index.crates.io-6f17d22bba15001f/once_cell-1.18.0/src/lib.rs:594:17\n    |\n594 |                 Ok(val) => val,\n    |                 ^^ not found in this scope\n    |\nhelp: consider importing this tuple variant\n    |\n386 +     use core::result::Result::Ok;\n    |\n\nerror[E0531]: cannot find tuple struct or tuple variant `Err` in this scope\n   --> /Users/graysonnocera/.cargo/registry/src/index.crates.io-6f17d22bba15001f/once_cell-1.18.0/src/lib.rs:595:17\n    |\n595 |                 Err(void) => match void {},\n    |                 ^^^ not found in this scope\n    |\nhelp: consider importing this tuple variant\n    |\n386 +     use core::result::Result::Err;\n    |\n\nerror[E0405]: cannot find trait `FnOnce` in this scope\n   --> /Users/graysonnocera/.cargo/registry/src/index.crates.io-6f17d22bba15001f/once_cell-1.18.0/src/lib.rs:626:16\n    |\n626 |             F: FnOnce() -> Result<T, E>,\n    |                ^^^^^^ not found in this scope\n    |\nhelp: consider importing this trait\n    |\n386 +     use core::ops::FnOnce;\n    |\n\nerror[E0412]: cannot find type `Result` in this scope\n   --> /Users/graysonnocera/.cargo/registry/src/index.crates.io-6f17d22bba15001f/once_cell-1.18.0/src/lib.rs:626:28\n    |\n626 |             F: FnOnce() -> Result<T, E>,\n    |                            ^^^^^^ not found in this scope\n    |\nhelp: consider importing one of these items\n    |\n386 +     use crate::unsync::fmt::Result;\n    |\n386 +     use core::fmt::Result;\n    |\n386 +     use core::result::Result;\n    |\n386 +     use alloc::fmt::Result;\n    |\n\nerror[E0412]: cannot find type `Result` in this scope\n   --> /Users/graysonnocera/.cargo/registry/src/index.crates.io-6f17d22bba15001f/once_cell-1.18.0/src/lib.rs:624:54\n    |\n624 |         pub fn get_or_try_init<F, E>(&self, f: F) -> Result<&T, E>\n    |                                                      ^^^^^^ not found in this scope\n    |\nhelp: consider importing one of these items\n    |\n386 +     use crate::unsync::fmt::Result;\n    |\n386 +     use core::fmt::Result;\n    |\n386 +     use core::result::Result;\n    |\n386 +     use alloc::fmt::Result;\n    |\n\nerror[E0531]: cannot find tuple struct or tuple variant `Some` in this scope\n   --> /Users/graysonnocera/.cargo/registry/src/index.crates.io-6f17d22bba15001f/once_cell-1.18.0/src/lib.rs:628:20\n    |\n628 |             if let Some(val) = self.get() {\n    |                    ^^^^ not found in this scope\n    |\nhelp: consider importing this tuple variant\n    |\n386 +     use core::option::Option::Some;\n    |\n\nerror[E0425]: cannot find function, tuple struct or tuple variant `Ok` in this scope\n   --> /Users/graysonnocera/.cargo/registry/src/index.crates.io-6f17d22bba15001f/once_cell-1.18.0/src/lib.rs:629:24\n    |\n629 |                 return Ok(val);\n    |                        ^^ not found in this scope\n    |\nhelp: consider importing this tuple variant\n    |\n386 +     use core::result::Result::Ok;\n    |\n\nerror[E0425]: cannot find function, tuple struct or tuple variant `Ok` in this scope\n   --> /Users/graysonnocera/.cargo/registry/src/index.crates.io-6f17d22bba15001f/once_cell-1.18.0/src/lib.rs:637:13\n    |\n637 |             Ok(unsafe { self.get().unwrap_unchecked() })\n    |             ^^ not found in this scope\n    |\nhelp: consider importing this tuple variant\n    |\n386 +     use core::result::Result::Ok;\n    |\n\nerror[E0412]: cannot find type `Option` in this scope\n   --> /Users/graysonnocera/.cargo/registry/src/index.crates.io-6f17d22bba15001f/once_cell-1.18.0/src/lib.rs:669:35\n    |\n669 |         pub fn take(&mut self) -> Option<T> {\n    |                                   ^^^^^^ not found in this scope\n    |\nhelp: consider importing this enum\n    |\n386 +     use core::option::Option;\n    |\n\nerror[E0412]: cannot find type `Option` in this scope\n   --> /Users/graysonnocera/.cargo/registry/src/index.crates.io-6f17d22bba15001f/once_cell-1.18.0/src/lib.rs:689:36\n    |\n689 |         pub fn into_inner(self) -> Option<T> {\n    |                                    ^^^^^^ not found in this scope\n    |\nhelp: consider importing this enum\n    |\n386 +     use core::option::Option;\n    |\n\nerror[E0412]: cannot find type `Option` in this scope\n   --> /Users/graysonnocera/.cargo/registry/src/index.crates.io-6f17d22bba15001f/once_cell-1.18.0/src/lib.rs:718:20\n    |\n718 |         init: Cell<Option<F>>,\n    |                    ^^^^^^ not found in this scope\n    |\nhelp: consider importing this enum\n    |\n386 +     use core::option::Option;\n    |\n\nerror[E0425]: cannot find function, tuple struct or tuple variant `Some` in this scope\n   --> /Users/graysonnocera/.cargo/registry/src/index.crates.io-6f17d22bba15001f/once_cell-1.18.0/src/lib.rs:745:59\n    |\n745 |             Lazy { cell: OnceCell::new(), init: Cell::new(Some(init)) }\n    |                                                           ^^^^ not found in this scope\n    |\nhelp: consider importing this tuple variant\n    |\n386 +     use core::option::Option::Some;\n    |\n\nerror[E0412]: cannot find type `Result` in this scope\n   --> /Users/graysonnocera/.cargo/registry/src/index.crates.io-6f17d22bba15001f/once_cell-1.18.0/src/lib.rs:751:48\n    |\n751 |         pub fn into_value(this: Lazy<T, F>) -> Result<T, F> {\n    |                                                ^^^^^^ not found in this scope\n    |\nhelp: consider importing one of these items\n    |\n386 +     use crate::unsync::fmt::Result;\n    |\n386 +     use core::fmt::Result;\n    |\n386 +     use core::result::Result;\n    |\n386 +     use alloc::fmt::Result;\n    |\n\nerror[E0405]: cannot find trait `FnOnce` in this scope\n   --> /Users/graysonnocera/.cargo/registry/src/index.crates.io-6f17d22bba15001f/once_cell-1.18.0/src/lib.rs:760:16\n    |\n760 |     impl<T, F: FnOnce() -> T> Lazy<T, F> {\n    |                ^^^^^^ not found in this scope\n    |\nhelp: consider importing this trait\n    |\n386 +     use core::ops::FnOnce;\n    |\n\nerror[E0531]: cannot find tuple struct or tuple variant `Some` in this scope\n   --> /Users/graysonnocera/.cargo/registry/src/index.crates.io-6f17d22bba15001f/once_cell-1.18.0/src/lib.rs:777:17\n    |\n777 |                 Some(f) => f(),\n    |                 ^^^^ not found in this scope\n    |\nhelp: consider importing this tuple variant\n    |\n386 +     use core::option::Option::Some;\n    |\n\nerror[E0531]: cannot find tuple struct or tuple variant `Some` in this scope\n   --> /Users/graysonnocera/.cargo/registry/src/index.crates.io-6f17d22bba15001f/once_cell-1.18.0/src/lib.rs:799:21\n    |\n799 |                     Some(f) => f(),\n    |                     ^^^^ not found in this scope\n    |\nhelp: consider importing this tuple variant\n    |\n386 +     use core::option::Option::Some;\n    |\n\nerror[E0412]: cannot find type `Option` in this scope\n   --> /Users/graysonnocera/.cargo/registry/src/index.crates.io-6f17d22bba15001f/once_cell-1.18.0/src/lib.rs:820:42\n    |\n820 |         pub fn get(this: &Lazy<T, F>) -> Option<&T> {\n    |                                          ^^^^^^ not found in this scope\n    |\nhelp: consider importing this enum\n    |\n386 +     use core::option::Option;\n    |\n\nerror[E0412]: cannot find type `Option` in this scope\n   --> /Users/graysonnocera/.cargo/registry/src/index.crates.io-6f17d22bba15001f/once_cell-1.18.0/src/lib.rs:837:50\n    |\n837 |         pub fn get_mut(this: &mut Lazy<T, F>) -> Option<&mut T> {\n    |                                                  ^^^^^^ not found in this scope\n    |\nhelp: consider importing this enum\n    |\n386 +     use core::option::Option;\n    |\n\nerror[E0405]: cannot find trait `FnOnce` in this scope\n   --> /Users/graysonnocera/.cargo/registry/src/index.crates.io-6f17d22bba15001f/once_cell-1.18.0/src/lib.rs:842:16\n    |\n842 |     impl<T, F: FnOnce() -> T> Deref for Lazy<T, F> {\n    |                ^^^^^^ not found in this scope\n    |\nhelp: consider importing this trait\n    |\n386 +     use core::ops::FnOnce;\n    |\n\nerror[E0405]: cannot find trait `FnOnce` in this scope\n   --> /Users/graysonnocera/.cargo/registry/src/index.crates.io-6f17d22bba15001f/once_cell-1.18.0/src/lib.rs:849:16\n    |\n849 |     impl<T, F: FnOnce() -> T> DerefMut for Lazy<T, F> {\n    |                ^^^^^^ not found in this scope\n    |\nhelp: consider importing this trait\n    |\n386 +     use core::ops::FnOnce;\n    |\n\nerror[E0405]: cannot find trait `Default` in this scope\n   --> /Users/graysonnocera/.cargo/registry/src/index.crates.io-6f17d22bba15001f/once_cell-1.18.0/src/lib.rs:855:22\n    |\n855 |     impl<T: Default> Default for Lazy<T> {\n    |                      ^^^^^^^ not found in this scope\n    |\nhelp: consider importing this trait\n    |\n386 +     use core::default::Default;\n    |\n\nerror[E0405]: cannot find trait `Default` in this scope\n   --> /Users/graysonnocera/.cargo/registry/src/index.crates.io-6f17d22bba15001f/once_cell-1.18.0/src/lib.rs:855:13\n    |\n855 |     impl<T: Default> Default for Lazy<T> {\n    |             ^^^^^^^ not found in this scope\n    |\nhelp: consider importing this trait\n    |\n386 +     use core::default::Default;\n    |\n\nerror[E0405]: cannot find trait `Default` in this scope\n   --> /Users/graysonnocera/.cargo/registry/src/index.crates.io-6f17d22bba15001f/once_cell-1.18.0/src/lib.rs:905:13\n    |\n905 |     impl<T> Default for OnceCell<T> {\n    |             ^^^^^^^ not found in this scope\n    |\nhelp: consider importing this trait\n    |\n866 +     use core::default::Default;\n    |\n\nerror[E0531]: cannot find tuple struct or tuple variant `Some` in this scope\n   --> /Users/graysonnocera/.cargo/registry/src/index.crates.io-6f17d22bba15001f/once_cell-1.18.0/src/lib.rs:914:17\n    |\n914 |                 Some(v) => f.debug_tuple(\"OnceCell\").field(v).finish(),\n    |                 ^^^^ not found in this scope\n    |\nhelp: consider importing this tuple variant\n    |\n866 +     use core::option::Option::Some;\n    |\n\nerror[E0405]: cannot find trait `Clone` in this scope\n   --> /Users/graysonnocera/.cargo/registry/src/index.crates.io-6f17d22bba15001f/once_cell-1.18.0/src/lib.rs:920:20\n    |\n920 |     impl<T: Clone> Clone for OnceCell<T> {\n    |                    ^^^^^ not found in this scope\n    |\nhelp: consider importing this trait\n    |\n866 +     use core::clone::Clone;\n    |\n\nerror[E0405]: cannot find trait `Clone` in this scope\n   --> /Users/graysonnocera/.cargo/registry/src/index.crates.io-6f17d22bba15001f/once_cell-1.18.0/src/lib.rs:920:13\n    |\n920 |     impl<T: Clone> Clone for OnceCell<T> {\n    |             ^^^^^ not found in this scope\n    |\nhelp: consider importing this trait\n    |\n866 +     use core::clone::Clone;\n    |\n\nerror[E0531]: cannot find tuple struct or tuple variant `Some` in this scope\n   --> /Users/graysonnocera/.cargo/registry/src/index.crates.io-6f17d22bba15001f/once_cell-1.18.0/src/lib.rs:923:17\n    |\n923 |                 Some(value) => Self::with_value(value.clone()),\n    |                 ^^^^ not found in this scope\n    |\nhelp: consider importing this tuple variant\n    |\n866 +     use core::option::Option::Some;\n    |\n\nerror[E0531]: cannot find tuple struct or tuple variant `Some` in this scope\n   --> /Users/graysonnocera/.cargo/registry/src/index.crates.io-6f17d22bba15001f/once_cell-1.18.0/src/lib.rs:930:18\n    |\n930 |                 (Some(this), Some(source)) => this.clone_from(source),\n    |                  ^^^^ not found in this scope\n    |\nhelp: consider importing this tuple variant\n    |\n866 +     use core::option::Option::Some;\n    |\n\nerror[E0531]: cannot find tuple struct or tuple variant `Some` in this scope\n   --> /Users/graysonnocera/.cargo/registry/src/index.crates.io-6f17d22bba15001f/once_cell-1.18.0/src/lib.rs:930:30\n    |\n930 |                 (Some(this), Some(source)) => this.clone_from(source),\n    |                              ^^^^ not found in this scope\n    |\nhelp: consider importing this tuple variant\n    |\n866 +     use core::option::Option::Some;\n    |\n\nerror[E0405]: cannot find trait `From` in this scope\n   --> /Users/graysonnocera/.cargo/registry/src/index.crates.io-6f17d22bba15001f/once_cell-1.18.0/src/lib.rs:936:13\n    |\n936 |     impl<T> From<T> for OnceCell<T> {\n    |             ^^^^ not found in this scope\n    |\nhelp: consider importing this trait\n    |\n866 +     use core::convert::From;\n    |\n\nerror[E0405]: cannot find trait `PartialEq` in this scope\n   --> /Users/graysonnocera/.cargo/registry/src/index.crates.io-6f17d22bba15001f/once_cell-1.18.0/src/lib.rs:942:24\n    |\n942 |     impl<T: PartialEq> PartialEq for OnceCell<T> {\n    |                        ^^^^^^^^^ not found in this scope\n    |\nhelp: consider importing this trait\n    |\n866 +     use core::cmp::PartialEq;\n    |\n\nerror[E0405]: cannot find trait `PartialEq` in this scope\n   --> /Users/graysonnocera/.cargo/registry/src/index.crates.io-6f17d22bba15001f/once_cell-1.18.0/src/lib.rs:942:13\n    |\n942 |     impl<T: PartialEq> PartialEq for OnceCell<T> {\n    |             ^^^^^^^^^ not found in this scope\n    |\nhelp: consider importing this trait\n    |\n866 +     use core::cmp::PartialEq;\n    |\n\nerror[E0405]: cannot find trait `Eq` in this scope\n   --> /Users/graysonnocera/.cargo/registry/src/index.crates.io-6f17d22bba15001f/once_cell-1.18.0/src/lib.rs:948:17\n    |\n948 |     impl<T: Eq> Eq for OnceCell<T> {}\n    |                 ^^ not found in this scope\n    |\nhelp: consider importing this trait\n    |\n866 +     use core::cmp::Eq;\n    |\n\nerror[E0405]: cannot find trait `Eq` in this scope\n   --> /Users/graysonnocera/.cargo/registry/src/index.crates.io-6f17d22bba15001f/once_cell-1.18.0/src/lib.rs:948:13\n    |\n948 |     impl<T: Eq> Eq for OnceCell<T> {}\n    |             ^^ not found in this scope\n    |\nhelp: consider importing this trait\n    |\n866 +     use core::cmp::Eq;\n    |\n\nerror[E0412]: cannot find type `Option` in this scope\n   --> /Users/graysonnocera/.cargo/registry/src/index.crates.io-6f17d22bba15001f/once_cell-1.18.0/src/lib.rs:965:30\n    |\n965 |         pub fn get(&self) -> Option<&T> {\n    |                              ^^^^^^ not found in this scope\n    |\nhelp: consider importing this enum\n    |\n866 +     use core::option::Option;\n    |\n\nerror[E0425]: cannot find function, tuple struct or tuple variant `Some` in this scope\n   --> /Users/graysonnocera/.cargo/registry/src/index.crates.io-6f17d22bba15001f/once_cell-1.18.0/src/lib.rs:968:17\n    |\n968 |                 Some(unsafe { self.get_unchecked() })\n    |                 ^^^^ not found in this scope\n    |\nhelp: consider importing this tuple variant\n    |\n866 +     use core::option::Option::Some;\n    |\n\nerror[E0425]: cannot find value `None` in this scope\n   --> /Users/graysonnocera/.cargo/registry/src/index.crates.io-6f17d22bba15001f/once_cell-1.18.0/src/lib.rs:970:17\n    |\n970 |                 None\n    |                 ^^^^ not found in this scope\n    |\nhelp: consider importing this unit variant\n    |\n866 +     use core::option::Option::None;\n    |\n\nerror[E0412]: cannot find type `Option` in this scope\n    --> /Users/graysonnocera/.cargo/registry/src/index.crates.io-6f17d22bba15001f/once_cell-1.18.0/src/lib.rs:1021:38\n     |\n1021 |         pub fn get_mut(&mut self) -> Option<&mut T> {\n     |                                      ^^^^^^ not found in this scope\n     |\nhelp: consider importing this enum\n     |\n866  +     use core::option::Option;\n     |\n\nerror[E0412]: cannot find type `Result` in this scope\n    --> /Users/graysonnocera/.cargo/registry/src/index.crates.io-6f17d22bba15001f/once_cell-1.18.0/src/lib.rs:1060:40\n     |\n1060 |         pub fn set(&self, value: T) -> Result<(), T> {\n     |                                        ^^^^^^ not found in this scope\n     |\nhelp: consider importing one of these items\n     |\n866  +     use crate::sync::fmt::Result;\n     |\n866  +     use core::fmt::Result;\n     |\n866  +     use core::result::Result;\n     |\n866  +     use alloc::fmt::Result;\n     |\n\nerror[E0531]: cannot find tuple struct or tuple variant `Ok` in this scope\n    --> /Users/graysonnocera/.cargo/registry/src/index.crates.io-6f17d22bba15001f/once_cell-1.18.0/src/lib.rs:1062:17\n     |\n1062 |                 Ok(_) => Ok(()),\n     |                 ^^ not found in this scope\n     |\nhelp: consider importing this tuple variant\n     |\n866  +     use core::result::Result::Ok;\n     |\n\nerror[E0425]: cannot find function, tuple struct or tuple variant `Ok` in this scope\n    --> /Users/graysonnocera/.cargo/registry/src/index.crates.io-6f17d22bba15001f/once_cell-1.18.0/src/lib.rs:1062:26\n     |\n1062 |                 Ok(_) => Ok(()),\n     |                          ^^ not found in this scope\n     |\nhelp: consider importing this tuple variant\n     |\n866  +     use core::result::Result::Ok;\n     |\n\nerror[E0531]: cannot find tuple struct or tuple variant `Err` in this scope\n    --> /Users/graysonnocera/.cargo/registry/src/index.crates.io-6f17d22bba15001f/once_cell-1.18.0/src/lib.rs:1063:17\n     |\n1063 |                 Err((_, value)) => Err(value),\n     |                 ^^^ not found in this scope\n     |\nhelp: consider importing this tuple variant\n     |\n866  +     use core::result::Result::Err;\n     |\n\nerror[E0425]: cannot find function, tuple struct or tuple variant `Err` in this scope\n    --> /Users/graysonnocera/.cargo/registry/src/index.crates.io-6f17d22bba15001f/once_cell-1.18.0/src/lib.rs:1063:36\n     |\n1063 |                 Err((_, value)) => Err(value),\n     |                                    ^^^ not found in this scope\n     |\nhelp: consider importing this tuple variant\n     |\n866  +     use core::result::Result::Err;\n     |\n\nerror[E0412]: cannot find type `Result` in this scope\n    --> /Users/graysonnocera/.cargo/registry/src/index.crates.io-6f17d22bba15001f/once_cell-1.18.0/src/lib.rs:1082:47\n     |\n1082 |         pub fn try_insert(&self, value: T) -> Result<&T, (&T, T)> {\n     |                                               ^^^^^^ not found in this scope\n     |\nhelp: consider importing one of these items\n     |\n866  +     use crate::sync::fmt::Result;\n     |\n866  +     use core::fmt::Result;\n     |\n866  +     use core::result::Result;\n     |\n866  +     use alloc::fmt::Result;\n     |\n\nerror[E0425]: cannot find function, tuple struct or tuple variant `Some` in this scope\n    --> /Users/graysonnocera/.cargo/registry/src/index.crates.io-6f17d22bba15001f/once_cell-1.18.0/src/lib.rs:1083:29\n     |\n1083 |             let mut value = Some(value);\n     |                             ^^^^ not found in this scope\n     |\nhelp: consider importing this tuple variant\n     |\n866  +     use core::option::Option::Some;\n     |\n\nerror[E0425]: cannot find function, tuple struct or tuple variant `Ok` in this scope\n    --> /Users/graysonnocera/.cargo/registry/src/index.crates.io-6f17d22bba15001f/once_cell-1.18.0/src/lib.rs:1086:25\n     |\n1086 |                 None => Ok(res),\n     |                         ^^ not found in this scope\n     |\nhelp: consider importing this tuple variant\n     |\n866  +     use core::result::Result::Ok;\n     |\n\nerror[E0531]: cannot find tuple struct or tuple variant `Some` in this scope\n    --> /Users/graysonnocera/.cargo/registry/src/index.crates.io-6f17d22bba15001f/once_cell-1.18.0/src/lib.rs:1087:17\n     |\n1087 |                 Some(value) => Err((res, value)),\n     |                 ^^^^ not found in this scope\n     |\nhelp: consider importing this tuple variant\n     |\n866  +     use core::option::Option::Some;\n     |\n\nerror[E0425]: cannot find function, tuple struct or tuple variant `Err` in this scope\n    --> /Users/graysonnocera/.cargo/registry/src/index.crates.io-6f17d22bba15001f/once_cell-1.18.0/src/lib.rs:1087:32\n     |\n1087 |                 Some(value) => Err((res, value)),\n     |                                ^^^ not found in this scope\n     |\nhelp: consider importing this tuple variant\n     |\n866  +     use core::result::Result::Err;\n     |\n\nerror[E0405]: cannot find trait `FnOnce` in this scope\n    --> /Users/graysonnocera/.cargo/registry/src/index.crates.io-6f17d22bba15001f/once_cell-1.18.0/src/lib.rs:1119:16\n     |\n1119 |             F: FnOnce() -> T,\n     |                ^^^^^^ not found in this scope\n     |\nhelp: consider importing this trait\n     |\n866  +     use core::ops::FnOnce;\n     |\n\nerror[E0425]: cannot find function, tuple struct or tuple variant `Ok` in this scope\n    --> /Users/graysonnocera/.cargo/registry/src/index.crates.io-6f17d22bba15001f/once_cell-1.18.0/src/lib.rs:1122:43\n     |\n1122 |             match self.get_or_try_init(|| Ok::<T, Void>(f())) {\n     |                                           ^^ not found in this scope\n     |\nhelp: consider importing this tuple variant\n     |\n866  +     use core::result::Result::Ok;\n     |\n\nerror[E0531]: cannot find tuple struct or tuple variant `Ok` in this scope\n    --> /Users/graysonnocera/.cargo/registry/src/index.crates.io-6f17d22bba15001f/once_cell-1.18.0/src/lib.rs:1123:17\n     |\n1123 |                 Ok(val) => val,\n     |                 ^^ not found in this scope\n     |\nhelp: consider importing this tuple variant\n     |\n866  +     use core::result::Result::Ok;\n     |\n\nerror[E0531]: cannot find tuple struct or tuple variant `Err` in this scope\n    --> /Users/graysonnocera/.cargo/registry/src/index.crates.io-6f17d22bba15001f/once_cell-1.18.0/src/lib.rs:1124:17\n     |\n1124 |                 Err(void) => match void {},\n     |                 ^^^ not found in this scope\n     |\nhelp: consider importing this tuple variant\n     |\n866  +     use core::result::Result::Err;\n     |\n\nerror[E0405]: cannot find trait `FnOnce` in this scope\n    --> /Users/graysonnocera/.cargo/registry/src/index.crates.io-6f17d22bba15001f/once_cell-1.18.0/src/lib.rs:1156:16\n     |\n1156 |             F: FnOnce() -> Result<T, E>,\n     |                ^^^^^^ not found in this scope\n     |\nhelp: consider importing this trait\n     |\n866  +     use core::ops::FnOnce;\n     |\n\nerror[E0412]: cannot find type `Result` in this scope\n    --> /Users/graysonnocera/.cargo/registry/src/index.crates.io-6f17d22bba15001f/once_cell-1.18.0/src/lib.rs:1156:28\n     |\n1156 |             F: FnOnce() -> Result<T, E>,\n     |                            ^^^^^^ not found in this scope\n     |\nhelp: consider importing one of these items\n     |\n866  +     use crate::sync::fmt::Result;\n     |\n866  +     use core::fmt::Result;\n     |\n866  +     use core::result::Result;\n     |\n866  +     use alloc::fmt::Result;\n     |\n\nerror[E0412]: cannot find type `Result` in this scope\n    --> /Users/graysonnocera/.cargo/registry/src/index.crates.io-6f17d22bba15001f/once_cell-1.18.0/src/lib.rs:1154:54\n     |\n1154 |         pub fn get_or_try_init<F, E>(&self, f: F) -> Result<&T, E>\n     |                                                      ^^^^^^ not found in this scope\n     |\nhelp: consider importing one of these items\n     |\n866  +     use crate::sync::fmt::Result;\n     |\n866  +     use core::fmt::Result;\n     |\n866  +     use core::result::Result;\n     |\n866  +     use alloc::fmt::Result;\n     |\n\nerror[E0531]: cannot find tuple struct or tuple variant `Some` in this scope\n    --> /Users/graysonnocera/.cargo/registry/src/index.crates.io-6f17d22bba15001f/once_cell-1.18.0/src/lib.rs:1159:20\n     |\n1159 |             if let Some(value) = self.get() {\n     |                    ^^^^ not found in this scope\n     |\nhelp: consider importing this tuple variant\n     |\n866  +     use core::option::Option::Some;\n     |\n\nerror[E0425]: cannot find function, tuple struct or tuple variant `Ok` in this scope\n    --> /Users/graysonnocera/.cargo/registry/src/index.crates.io-6f17d22bba15001f/once_cell-1.18.0/src/lib.rs:1160:24\n     |\n1160 |                 return Ok(value);\n     |                        ^^ not found in this scope\n     |\nhelp: consider importing this tuple variant\n     |\n866  +     use core::result::Result::Ok;\n     |\n\nerror[E0425]: cannot find function, tuple struct or tuple variant `Ok` in this scope\n    --> /Users/graysonnocera/.cargo/registry/src/index.crates.io-6f17d22bba15001f/once_cell-1.18.0/src/lib.rs:1167:13\n     |\n1167 |             Ok(unsafe { self.get_unchecked() })\n     |             ^^ not found in this scope\n     |\nhelp: consider importing this tuple variant\n     |\n866  +     use core::result::Result::Ok;\n     |\n\nerror[E0412]: cannot find type `Option` in this scope\n    --> /Users/graysonnocera/.cargo/registry/src/index.crates.io-6f17d22bba15001f/once_cell-1.18.0/src/lib.rs:1199:35\n     |\n1199 |         pub fn take(&mut self) -> Option<T> {\n     |                                   ^^^^^^ not found in this scope\n     |\nhelp: consider importing this enum\n     |\n866  +     use core::option::Option;\n     |\n\nerror[E0412]: cannot find type `Option` in this scope\n    --> /Users/graysonnocera/.cargo/registry/src/index.crates.io-6f17d22bba15001f/once_cell-1.18.0/src/lib.rs:1219:36\n     |\n1219 |         pub fn into_inner(self) -> Option<T> {\n     |                                    ^^^^^^ not found in this scope\n     |\nhelp: consider importing this enum\n     |\n866  +     use core::option::Option;\n     |\n\nerror[E0412]: cannot find type `Option` in this scope\n    --> /Users/graysonnocera/.cargo/registry/src/index.crates.io-6f17d22bba15001f/once_cell-1.18.0/src/lib.rs:1259:20\n     |\n1259 |         init: Cell<Option<F>>,\n     |                    ^^^^^^ not found in this scope\n     |\nhelp: consider importing this enum\n     |\n866  +     use core::option::Option;\n     |\n\nerror[E0405]: cannot find trait `Sync` in this scope\n    --> /Users/graysonnocera/.cargo/registry/src/index.crates.io-6f17d22bba15001f/once_cell-1.18.0/src/lib.rs:1272:29\n     |\n1272 |     unsafe impl<T, F: Send> Sync for Lazy<T, F> where OnceCell<T>: Sync {}\n     |                             ^^^^ not found in this scope\n     |\nhelp: consider importing this trait\n     |\n866  +     use core::marker::Sync;\n     |\n\nerror[E0405]: cannot find trait `Send` in this scope\n    --> /Users/graysonnocera/.cargo/registry/src/index.crates.io-6f17d22bba15001f/once_cell-1.18.0/src/lib.rs:1272:23\n     |\n1272 |     unsafe impl<T, F: Send> Sync for Lazy<T, F> where OnceCell<T>: Sync {}\n     |                       ^^^^ not found in this scope\n     |\nhelp: consider importing this trait\n     |\n866  +     use core::marker::Send;\n     |\n\nerror[E0405]: cannot find trait `Sync` in this scope\n    --> /Users/graysonnocera/.cargo/registry/src/index.crates.io-6f17d22bba15001f/once_cell-1.18.0/src/lib.rs:1272:68\n     |\n1272 |     unsafe impl<T, F: Send> Sync for Lazy<T, F> where OnceCell<T>: Sync {}\n     |                                                                    ^^^^ not found in this scope\n     |\nhelp: consider importing this trait\n     |\n866  +     use core::marker::Sync;\n     |\n\nerror[E0425]: cannot find function, tuple struct or tuple variant `Some` in this scope\n    --> /Users/graysonnocera/.cargo/registry/src/index.crates.io-6f17d22bba15001f/once_cell-1.18.0/src/lib.rs:1281:59\n     |\n1281 |             Lazy { cell: OnceCell::new(), init: Cell::new(Some(f)) }\n     |                                                           ^^^^ not found in this scope\n     |\nhelp: consider importing this tuple variant\n     |\n866  +     use core::option::Option::Some;\n     |\n\nerror[E0412]: cannot find type `Result` in this scope\n    --> /Users/graysonnocera/.cargo/registry/src/index.crates.io-6f17d22bba15001f/once_cell-1.18.0/src/lib.rs:1287:48\n     |\n1287 |         pub fn into_value(this: Lazy<T, F>) -> Result<T, F> {\n     |                                                ^^^^^^ not found in this scope\n     |\nhelp: consider importing one of these items\n     |\n866  +     use crate::sync::fmt::Result;\n     |\n866  +     use core::fmt::Result;\n     |\n866  +     use core::result::Result;\n     |\n866  +     use alloc::fmt::Result;\n     |\n\nerror[E0405]: cannot find trait `FnOnce` in this scope\n    --> /Users/graysonnocera/.cargo/registry/src/index.crates.io-6f17d22bba15001f/once_cell-1.18.0/src/lib.rs:1296:16\n     |\n1296 |     impl<T, F: FnOnce() -> T> Lazy<T, F> {\n     |                ^^^^^^ not found in this scope\n     |\nhelp: consider importing this trait\n     |\n866  +     use core::ops::FnOnce;\n     |\n\nerror[E0531]: cannot find tuple struct or tuple variant `Some` in this scope\n    --> /Users/graysonnocera/.cargo/registry/src/index.crates.io-6f17d22bba15001f/once_cell-1.18.0/src/lib.rs:1312:17\n     |\n1312 |                 Some(f) => f(),\n     |                 ^^^^ not found in this scope\n     |\nhelp: consider importing this tuple variant\n     |\n866  +     use core::option::Option::Some;\n     |\n\nerror[E0531]: cannot find tuple struct or tuple variant `Some` in this scope\n    --> /Users/graysonnocera/.cargo/registry/src/index.crates.io-6f17d22bba15001f/once_cell-1.18.0/src/lib.rs:1332:21\n     |\n1332 |                     Some(f) => f(),\n     |                     ^^^^ not found in this scope\n     |\nhelp: consider importing this tuple variant\n     |\n866  +     use core::option::Option::Some;\n     |\n\nerror[E0412]: cannot find type `Option` in this scope\n    --> /Users/graysonnocera/.cargo/registry/src/index.crates.io-6f17d22bba15001f/once_cell-1.18.0/src/lib.rs:1353:42\n     |\n1353 |         pub fn get(this: &Lazy<T, F>) -> Option<&T> {\n     |                                          ^^^^^^ not found in this scope\n     |\nhelp: consider importing this enum\n     |\n866  +     use core::option::Option;\n     |\n\nerror[E0412]: cannot find type `Option` in this scope\n    --> /Users/graysonnocera/.cargo/registry/src/index.crates.io-6f17d22bba15001f/once_cell-1.18.0/src/lib.rs:1370:50\n     |\n1370 |         pub fn get_mut(this: &mut Lazy<T, F>) -> Option<&mut T> {\n     |                                                  ^^^^^^ not found in this scope\n     |\nhelp: consider importing this enum\n     |\n866  +     use core::option::Option;\n     |\n\nerror[E0405]: cannot find trait `FnOnce` in this scope\n    --> /Users/graysonnocera/.cargo/registry/src/index.crates.io-6f17d22bba15001f/once_cell-1.18.0/src/lib.rs:1375:16\n     |\n1375 |     impl<T, F: FnOnce() -> T> Deref for Lazy<T, F> {\n     |                ^^^^^^ not found in this scope\n     |\nhelp: consider importing this trait\n     |\n866  +     use core::ops::FnOnce;\n     |\n\nerror[E0405]: cannot find trait `FnOnce` in this scope\n    --> /Users/graysonnocera/.cargo/registry/src/index.crates.io-6f17d22bba15001f/once_cell-1.18.0/src/lib.rs:1382:16\n     |\n1382 |     impl<T, F: FnOnce() -> T> DerefMut for Lazy<T, F> {\n     |                ^^^^^^ not found in this scope\n     |\nhelp: consider importing this trait\n     |\n866  +     use core::ops::FnOnce;\n     |\n\nerror[E0405]: cannot find trait `Default` in this scope\n    --> /Users/graysonnocera/.cargo/registry/src/index.crates.io-6f17d22bba15001f/once_cell-1.18.0/src/lib.rs:1388:22\n     |\n1388 |     impl<T: Default> Default for Lazy<T> {\n     |                      ^^^^^^^ not found in this scope\n     |\nhelp: consider importing this trait\n     |\n866  +     use core::default::Default;\n     |\n\nerror[E0405]: cannot find trait `Default` in this scope\n    --> /Users/graysonnocera/.cargo/registry/src/index.crates.io-6f17d22bba15001f/once_cell-1.18.0/src/lib.rs:1388:13\n     |\n1388 |     impl<T: Default> Default for Lazy<T> {\n     |             ^^^^^^^ not found in this scope\n     |\nhelp: consider importing this trait\n     |\n866  +     use core::default::Default;\n     |\n\nerror[E0412]: cannot find type `Option` in this scope\n  --> /Users/graysonnocera/.cargo/registry/src/index.crates.io-6f17d22bba15001f/once_cell-1.18.0/src/race.rs:48:26\n   |\n48 |     pub fn get(&self) -> Option<NonZeroUsize> {\n   |                          ^^^^^^ not found in this scope\n   |\nhelp: consider importing this enum\n   |\n24 + use core::option::Option;\n   |\n\nerror[E0412]: cannot find type `Result` in this scope\n  --> /Users/graysonnocera/.cargo/registry/src/index.crates.io-6f17d22bba15001f/once_cell-1.18.0/src/race.rs:58:47\n   |\n58 |     pub fn set(&self, value: NonZeroUsize) -> Result<(), ()> {\n   |                                               ^^^^^^ not found in this scope\n   |\nhelp: consider importing one of these items\n   |\n24 + use core::fmt::Result;\n   |\n24 + use core::result::Result;\n   |\n24 + use alloc::fmt::Result;\n   |\n\nerror[E0531]: cannot find tuple struct or tuple variant `Ok` in this scope\n  --> /Users/graysonnocera/.cargo/registry/src/index.crates.io-6f17d22bba15001f/once_cell-1.18.0/src/race.rs:62:13\n   |\n62 |             Ok(_) => Ok(()),\n   |             ^^ not found in this scope\n   |\nhelp: consider importing this tuple variant\n   |\n24 + use core::result::Result::Ok;\n   |\n\nerror[E0425]: cannot find function, tuple struct or tuple variant `Ok` in this scope\n  --> /Users/graysonnocera/.cargo/registry/src/index.crates.io-6f17d22bba15001f/once_cell-1.18.0/src/race.rs:62:22\n   |\n62 |             Ok(_) => Ok(()),\n   |                      ^^ not found in this scope\n   |\nhelp: consider importing this tuple variant\n   |\n24 + use core::result::Result::Ok;\n   |\n\nerror[E0531]: cannot find tuple struct or tuple variant `Err` in this scope\n  --> /Users/graysonnocera/.cargo/registry/src/index.crates.io-6f17d22bba15001f/once_cell-1.18.0/src/race.rs:63:13\n   |\n63 |             Err(_) => Err(()),\n   |             ^^^ not found in this scope\n   |\nhelp: consider importing this tuple variant\n   |\n24 + use core::result::Result::Err;\n   |\n\nerror[E0425]: cannot find function, tuple struct or tuple variant `Err` in this scope\n  --> /Users/graysonnocera/.cargo/registry/src/index.crates.io-6f17d22bba15001f/once_cell-1.18.0/src/race.rs:63:23\n   |\n63 |             Err(_) => Err(()),\n   |                       ^^^ not found in this scope\n   |\nhelp: consider importing this tuple variant\n   |\n24 + use core::result::Result::Err;\n   |\n\nerror[E0405]: cannot find trait `FnOnce` in this scope\n  --> /Users/graysonnocera/.cargo/registry/src/index.crates.io-6f17d22bba15001f/once_cell-1.18.0/src/race.rs:75:12\n   |\n75 |         F: FnOnce() -> NonZeroUsize,\n   |            ^^^^^^ not found in this scope\n   |\nhelp: consider importing this trait\n   |\n24 + use core::ops::FnOnce;\n   |\n\nerror[E0425]: cannot find function, tuple struct or tuple variant `Ok` in this scope\n  --> /Users/graysonnocera/.cargo/registry/src/index.crates.io-6f17d22bba15001f/once_cell-1.18.0/src/race.rs:78:39\n   |\n78 |         match self.get_or_try_init(|| Ok::<NonZeroUsize, Void>(f())) {\n   |                                       ^^ not found in this scope\n   |\nhelp: consider importing this tuple variant\n   |\n24 + use core::result::Result::Ok;\n   |\n\nerror[E0531]: cannot find tuple struct or tuple variant `Ok` in this scope\n  --> /Users/graysonnocera/.cargo/registry/src/index.crates.io-6f17d22bba15001f/once_cell-1.18.0/src/race.rs:79:13\n   |\n79 |             Ok(val) => val,\n   |             ^^ not found in this scope\n   |\nhelp: consider importing this tuple variant\n   |\n24 + use core::result::Result::Ok;\n   |\n\nerror[E0531]: cannot find tuple struct or tuple variant `Err` in this scope\n  --> /Users/graysonnocera/.cargo/registry/src/index.crates.io-6f17d22bba15001f/once_cell-1.18.0/src/race.rs:80:13\n   |\n80 |             Err(void) => match void {},\n   |             ^^^ not found in this scope\n   |\nhelp: consider importing this tuple variant\n   |\n24 + use core::result::Result::Err;\n   |\n\nerror[E0405]: cannot find trait `FnOnce` in this scope\n  --> /Users/graysonnocera/.cargo/registry/src/index.crates.io-6f17d22bba15001f/once_cell-1.18.0/src/race.rs:93:12\n   |\n93 |         F: FnOnce() -> Result<NonZeroUsize, E>,\n   |            ^^^^^^ not found in this scope\n   |\nhelp: consider importing this trait\n   |\n24 + use core::ops::FnOnce;\n   |\n\nerror[E0412]: cannot find type `Result` in this scope\n  --> /Users/graysonnocera/.cargo/registry/src/index.crates.io-6f17d22bba15001f/once_cell-1.18.0/src/race.rs:93:24\n   |\n93 |         F: FnOnce() -> Result<NonZeroUsize, E>,\n   |                        ^^^^^^ not found in this scope\n   |\nhelp: consider importing one of these items\n   |\n24 + use core::fmt::Result;\n   |\n24 + use core::result::Result;\n   |\n24 + use alloc::fmt::Result;\n   |\n\nerror[E0412]: cannot find type `Result` in this scope\n  --> /Users/graysonnocera/.cargo/registry/src/index.crates.io-6f17d22bba15001f/once_cell-1.18.0/src/race.rs:91:50\n   |\n91 |     pub fn get_or_try_init<F, E>(&self, f: F) -> Result<NonZeroUsize, E>\n   |                                                  ^^^^^^ not found in this scope\n   |\nhelp: consider importing one of these items\n   |\n24 + use core::fmt::Result;\n   |\n24 + use core::result::Result;\n   |\n24 + use alloc::fmt::Result;\n   |\n\nerror[E0531]: cannot find tuple struct or tuple variant `Some` in this scope\n  --> /Users/graysonnocera/.cargo/registry/src/index.crates.io-6f17d22bba15001f/once_cell-1.18.0/src/race.rs:97:13\n   |\n97 |             Some(it) => it,\n   |             ^^^^ not found in this scope\n   |\nhelp: consider importing this tuple variant\n   |\n24 + use core::option::Option::Some;\n   |\n\nerror[E0531]: cannot find tuple struct or tuple variant `Err` in this scope\n   --> /Users/graysonnocera/.cargo/registry/src/index.crates.io-6f17d22bba15001f/once_cell-1.18.0/src/race.rs:102:24\n    |\n102 |                 if let Err(old) = exchange {\n    |                        ^^^ not found in this scope\n    |\nhelp: consider importing this tuple variant\n    |\n24  + use core::result::Result::Err;\n    |\n\nerror[E0425]: cannot find function, tuple struct or tuple variant `Ok` in this scope\n   --> /Users/graysonnocera/.cargo/registry/src/index.crates.io-6f17d22bba15001f/once_cell-1.18.0/src/race.rs:108:9\n    |\n108 |         Ok(res)\n    |         ^^ not found in this scope\n    |\nhelp: consider importing this tuple variant\n    |\n24  + use core::result::Result::Ok;\n    |\n\nerror[E0412]: cannot find type `Option` in this scope\n   --> /Users/graysonnocera/.cargo/registry/src/index.crates.io-6f17d22bba15001f/once_cell-1.18.0/src/race.rs:127:26\n    |\n127 |     pub fn get(&self) -> Option<bool> {\n    |                          ^^^^^^ not found in this scope\n    |\nhelp: consider importing this enum\n    |\n24  + use core::option::Option;\n    |\n\nerror[E0412]: cannot find type `Result` in this scope\n   --> /Users/graysonnocera/.cargo/registry/src/index.crates.io-6f17d22bba15001f/once_cell-1.18.0/src/race.rs:136:39\n    |\n136 |     pub fn set(&self, value: bool) -> Result<(), ()> {\n    |                                       ^^^^^^ not found in this scope\n    |\nhelp: consider importing one of these items\n    |\n24  + use core::fmt::Result;\n    |\n24  + use core::result::Result;\n    |\n24  + use alloc::fmt::Result;\n    |\n\nerror[E0405]: cannot find trait `FnOnce` in this scope\n   --> /Users/graysonnocera/.cargo/registry/src/index.crates.io-6f17d22bba15001f/once_cell-1.18.0/src/race.rs:148:12\n    |\n148 |         F: FnOnce() -> bool,\n    |            ^^^^^^ not found in this scope\n    |\nhelp: consider importing this trait\n    |\n24  + use core::ops::FnOnce;\n    |\n\nerror[E0405]: cannot find trait `FnOnce` in this scope\n   --> /Users/graysonnocera/.cargo/registry/src/index.crates.io-6f17d22bba15001f/once_cell-1.18.0/src/race.rs:162:12\n    |\n162 |         F: FnOnce() -> Result<bool, E>,\n    |            ^^^^^^ not found in this scope\n    |\nhelp: consider importing this trait\n    |\n24  + use core::ops::FnOnce;\n    |\n\nerror[E0412]: cannot find type `Result` in this scope\n   --> /Users/graysonnocera/.cargo/registry/src/index.crates.io-6f17d22bba15001f/once_cell-1.18.0/src/race.rs:162:24\n    |\n162 |         F: FnOnce() -> Result<bool, E>,\n    |                        ^^^^^^ not found in this scope\n    |\nhelp: consider importing one of these items\n    |\n24  + use core::fmt::Result;\n    |\n24  + use core::result::Result;\n    |\n24  + use alloc::fmt::Result;\n    |\n\nerror[E0412]: cannot find type `Result` in this scope\n   --> /Users/graysonnocera/.cargo/registry/src/index.crates.io-6f17d22bba15001f/once_cell-1.18.0/src/race.rs:160:50\n    |\n160 |     pub fn get_or_try_init<F, E>(&self, f: F) -> Result<bool, E>\n    |                                                  ^^^^^^ not found in this scope\n    |\nhelp: consider importing one of these items\n    |\n24  + use core::fmt::Result;\n    |\n24  + use core::result::Result;\n    |\n24  + use alloc::fmt::Result;\n    |\n\nerror[E0405]: cannot find trait `Sync` in this scope\n   --> /Users/graysonnocera/.cargo/registry/src/index.crates.io-6f17d22bba15001f/once_cell-1.18.0/src/race.rs:185:26\n    |\n185 | unsafe impl<'a, T: Sync> Sync for OnceRef<'a, T> {}\n    |                          ^^^^ not found in this scope\n    |\nhelp: consider importing this trait\n    |\n24  + use core::marker::Sync;\n    |\n\nerror[E0405]: cannot find trait `Sync` in this scope\n   --> /Users/graysonnocera/.cargo/registry/src/index.crates.io-6f17d22bba15001f/once_cell-1.18.0/src/race.rs:185:20\n    |\n185 | unsafe impl<'a, T: Sync> Sync for OnceRef<'a, T> {}\n    |                    ^^^^ not found in this scope\n    |\nhelp: consider importing this trait\n    |\n24  + use core::marker::Sync;\n    |\n\nerror[E0405]: cannot find trait `Default` in this scope\n   --> /Users/graysonnocera/.cargo/registry/src/index.crates.io-6f17d22bba15001f/once_cell-1.18.0/src/race.rs:193:13\n    |\n193 | impl<'a, T> Default for OnceRef<'a, T> {\n    |             ^^^^^^^ not found in this scope\n    |\nhelp: consider importing this trait\n    |\n24  + use core::default::Default;\n    |\n\nerror[E0412]: cannot find type `Option` in this scope\n   --> /Users/graysonnocera/.cargo/registry/src/index.crates.io-6f17d22bba15001f/once_cell-1.18.0/src/race.rs:206:26\n    |\n206 |     pub fn get(&self) -> Option<&'a T> {\n    |                          ^^^^^^ not found in this scope\n    |\nhelp: consider importing this enum\n    |\n24  + use core::option::Option;\n    |\n\nerror[E0412]: cannot find type `Result` in this scope\n   --> /Users/graysonnocera/.cargo/registry/src/index.crates.io-6f17d22bba15001f/once_cell-1.18.0/src/race.rs:215:40\n    |\n215 |     pub fn set(&self, value: &'a T) -> Result<(), ()> {\n    |                                        ^^^^^^ not found in this scope\n    |\nhelp: consider importing one of these items\n    |\n24  + use core::fmt::Result;\n    |\n24  + use core::result::Result;\n    |\n24  + use alloc::fmt::Result;\n    |\n\nerror[E0531]: cannot find tuple struct or tuple variant `Ok` in this scope\n   --> /Users/graysonnocera/.cargo/registry/src/index.crates.io-6f17d22bba15001f/once_cell-1.18.0/src/race.rs:220:13\n    |\n220 |             Ok(_) => Ok(()),\n    |             ^^ not found in this scope\n    |\nhelp: consider importing this tuple variant\n    |\n24  + use core::result::Result::Ok;\n    |\n\nerror[E0425]: cannot find function, tuple struct or tuple variant `Ok` in this scope\n   --> /Users/graysonnocera/.cargo/registry/src/index.crates.io-6f17d22bba15001f/once_cell-1.18.0/src/race.rs:220:22\n    |\n220 |             Ok(_) => Ok(()),\n    |                      ^^ not found in this scope\n    |\nhelp: consider importing this tuple variant\n    |\n24  + use core::result::Result::Ok;\n    |\n\nerror[E0531]: cannot find tuple struct or tuple variant `Err` in this scope\n   --> /Users/graysonnocera/.cargo/registry/src/index.crates.io-6f17d22bba15001f/once_cell-1.18.0/src/race.rs:221:13\n    |\n221 |             Err(_) => Err(()),\n    |             ^^^ not found in this scope\n    |\nhelp: consider importing this tuple variant\n    |\n24  + use core::result::Result::Err;\n    |\n\nerror[E0425]: cannot find function, tuple struct or tuple variant `Err` in this scope\n   --> /Users/graysonnocera/.cargo/registry/src/index.crates.io-6f17d22bba15001f/once_cell-1.18.0/src/race.rs:221:23\n    |\n221 |             Err(_) => Err(()),\n    |                       ^^^ not found in this scope\n    |\nhelp: consider importing this tuple variant\n    |\n24  + use core::result::Result::Err;\n    |\n\nerror[E0405]: cannot find trait `FnOnce` in this scope\n   --> /Users/graysonnocera/.cargo/registry/src/index.crates.io-6f17d22bba15001f/once_cell-1.18.0/src/race.rs:233:12\n    |\n233 |         F: FnOnce() -> &'a T,\n    |            ^^^^^^ not found in this scope\n    |\nhelp: consider importing this trait\n    |\n24  + use core::ops::FnOnce;\n    |\n\nerror[E0425]: cannot find function, tuple struct or tuple variant `Ok` in this scope\n   --> /Users/graysonnocera/.cargo/registry/src/index.crates.io-6f17d22bba15001f/once_cell-1.18.0/src/race.rs:236:39\n    |\n236 |         match self.get_or_try_init(|| Ok::<&'a T, Void>(f())) {\n    |                                       ^^ not found in this scope\n    |\nhelp: consider importing this tuple variant\n    |\n24  + use core::result::Result::Ok;\n    |\n\nerror[E0531]: cannot find tuple struct or tuple variant `Ok` in this scope\n   --> /Users/graysonnocera/.cargo/registry/src/index.crates.io-6f17d22bba15001f/once_cell-1.18.0/src/race.rs:237:13\n    |\n237 |             Ok(val) => val,\n    |             ^^ not found in this scope\n    |\nhelp: consider importing this tuple variant\n    |\n24  + use core::result::Result::Ok;\n    |\n\nerror[E0531]: cannot find tuple struct or tuple variant `Err` in this scope\n   --> /Users/graysonnocera/.cargo/registry/src/index.crates.io-6f17d22bba15001f/once_cell-1.18.0/src/race.rs:238:13\n    |\n238 |             Err(void) => match void {},\n    |             ^^^ not found in this scope\n    |\nhelp: consider importing this tuple variant\n    |\n24  + use core::result::Result::Err;\n    |\n\nerror[E0405]: cannot find trait `FnOnce` in this scope\n   --> /Users/graysonnocera/.cargo/registry/src/index.crates.io-6f17d22bba15001f/once_cell-1.18.0/src/race.rs:251:12\n    |\n251 |         F: FnOnce() -> Result<&'a T, E>,\n    |            ^^^^^^ not found in this scope\n    |\nhelp: consider importing this trait\n    |\n24  + use core::ops::FnOnce;\n    |\n\nerror[E0412]: cannot find type `Result` in this scope\n   --> /Users/graysonnocera/.cargo/registry/src/index.crates.io-6f17d22bba15001f/once_cell-1.18.0/src/race.rs:251:24\n    |\n251 |         F: FnOnce() -> Result<&'a T, E>,\n    |                        ^^^^^^ not found in this scope\n    |\nhelp: consider importing one of these items\n    |\n24  + use core::fmt::Result;\n    |\n24  + use core::result::Result;\n    |\n24  + use alloc::fmt::Result;\n    |\n\nerror[E0412]: cannot find type `Result` in this scope\n   --> /Users/graysonnocera/.cargo/registry/src/index.crates.io-6f17d22bba15001f/once_cell-1.18.0/src/race.rs:249:50\n    |\n249 |     pub fn get_or_try_init<F, E>(&self, f: F) -> Result<&'a T, E>\n    |                                                  ^^^^^^ not found in this scope\n    |\nhelp: consider importing one of these items\n    |\n24  + use core::fmt::Result;\n    |\n24  + use core::result::Result;\n    |\n24  + use alloc::fmt::Result;\n    |\n\nerror[E0531]: cannot find tuple struct or tuple variant `Err` in this scope\n   --> /Users/graysonnocera/.cargo/registry/src/index.crates.io-6f17d22bba15001f/once_cell-1.18.0/src/race.rs:264:20\n    |\n264 |             if let Err(old) = exchange {\n    |                    ^^^ not found in this scope\n    |\nhelp: consider importing this tuple variant\n    |\n24  + use core::result::Result::Err;\n    |\n\nerror[E0425]: cannot find function, tuple struct or tuple variant `Ok` in this scope\n   --> /Users/graysonnocera/.cargo/registry/src/index.crates.io-6f17d22bba15001f/once_cell-1.18.0/src/race.rs:269:9\n    |\n269 |         Ok(unsafe { &*ptr })\n    |         ^^ not found in this scope\n    |\nhelp: consider importing this tuple variant\n    |\n24  + use core::result::Result::Ok;\n    |\n\nerror[E0412]: cannot find type `Option` in this scope\n   --> /Users/graysonnocera/.cargo/registry/src/index.crates.io-6f17d22bba15001f/once_cell-1.18.0/src/race.rs:303:28\n    |\n303 |         ghost: PhantomData<Option<Box<T>>>,\n    |                            ^^^^^^ not found in this scope\n    |\nhelp: consider importing this enum\n    |\n295 +     use core::option::Option;\n    |\n\nerror[E0405]: cannot find trait `Default` in this scope\n   --> /Users/graysonnocera/.cargo/registry/src/index.crates.io-6f17d22bba15001f/once_cell-1.18.0/src/race.rs:312:13\n    |\n312 |     impl<T> Default for OnceBox<T> {\n    |             ^^^^^^^ not found in this scope\n    |\nhelp: consider importing this trait\n    |\n295 +     use core::default::Default;\n    |\n\nerror[E0405]: cannot find trait `Drop` in this scope\n   --> /Users/graysonnocera/.cargo/registry/src/index.crates.io-6f17d22bba15001f/once_cell-1.18.0/src/race.rs:318:13\n    |\n318 |     impl<T> Drop for OnceBox<T> {\n    |             ^^^^ not found in this scope\n    |\nhelp: consider importing this trait\n    |\n295 +     use core::ops::Drop;\n    |\n\nerror[E0425]: cannot find function `drop` in this scope\n   --> /Users/graysonnocera/.cargo/registry/src/index.crates.io-6f17d22bba15001f/once_cell-1.18.0/src/race.rs:322:17\n    |\n322 |                 drop(unsafe { Box::from_raw(ptr) })\n    |                 ^^^^ not found in this scope\n    |\nhelp: consider using the method on `Self`\n    |\n322 |                 self.drop(unsafe { Box::from_raw(ptr) })\n    |                 +++++\nhelp: consider importing this function\n    |\n295 +     use core::mem::drop;\n    |\n\nerror[E0412]: cannot find type `Option` in this scope\n   --> /Users/graysonnocera/.cargo/registry/src/index.crates.io-6f17d22bba15001f/once_cell-1.18.0/src/race.rs:334:30\n    |\n334 |         pub fn get(&self) -> Option<&T> {\n    |                              ^^^^^^ not found in this scope\n    |\nhelp: consider importing this enum\n    |\n295 +     use core::option::Option;\n    |\n\nerror[E0425]: cannot find value `None` in this scope\n   --> /Users/graysonnocera/.cargo/registry/src/index.crates.io-6f17d22bba15001f/once_cell-1.18.0/src/race.rs:337:24\n    |\n337 |                 return None;\n    |                        ^^^^ not found in this scope\n    |\nhelp: consider importing this unit variant\n    |\n295 +     use core::option::Option::None;\n    |\n\nerror[E0425]: cannot find function, tuple struct or tuple variant `Some` in this scope\n   --> /Users/graysonnocera/.cargo/registry/src/index.crates.io-6f17d22bba15001f/once_cell-1.18.0/src/race.rs:339:13\n    |\n339 |             Some(unsafe { &*ptr })\n    |             ^^^^ not found in this scope\n    |\nhelp: consider importing this tuple variant\n    |\n295 +     use core::option::Option::Some;\n    |\n\nerror[E0412]: cannot find type `Result` in this scope\n   --> /Users/graysonnocera/.cargo/registry/src/index.crates.io-6f17d22bba15001f/once_cell-1.18.0/src/race.rs:346:45\n    |\n346 |         pub fn set(&self, value: Box<T>) -> Result<(), Box<T>> {\n    |                                             ^^^^^^ not found in this scope\n    |\nhelp: consider importing one of these items\n    |\n295 +     use core::fmt::Result;\n    |\n295 +     use core::result::Result;\n    |\n295 +     use alloc::fmt::Result;\n    |\n\nerror[E0425]: cannot find function, tuple struct or tuple variant `Err` in this scope\n   --> /Users/graysonnocera/.cargo/registry/src/index.crates.io-6f17d22bba15001f/once_cell-1.18.0/src/race.rs:356:24\n    |\n356 |                 return Err(value);\n    |                        ^^^ not found in this scope\n    |\nhelp: consider importing this tuple variant\n    |\n295 +     use core::result::Result::Err;\n    |\n\nerror[E0425]: cannot find function, tuple struct or tuple variant `Ok` in this scope\n   --> /Users/graysonnocera/.cargo/registry/src/index.crates.io-6f17d22bba15001f/once_cell-1.18.0/src/race.rs:358:13\n    |\n358 |             Ok(())\n    |             ^^ not found in this scope\n    |\nhelp: consider importing this tuple variant\n    |\n295 +     use core::result::Result::Ok;\n    |\n\nerror[E0405]: cannot find trait `FnOnce` in this scope\n   --> /Users/graysonnocera/.cargo/registry/src/index.crates.io-6f17d22bba15001f/once_cell-1.18.0/src/race.rs:369:16\n    |\n369 |             F: FnOnce() -> Box<T>,\n    |                ^^^^^^ not found in this scope\n    |\nhelp: consider importing this trait\n    |\n295 +     use core::ops::FnOnce;\n    |\n\nerror[E0425]: cannot find function, tuple struct or tuple variant `Ok` in this scope\n   --> /Users/graysonnocera/.cargo/registry/src/index.crates.io-6f17d22bba15001f/once_cell-1.18.0/src/race.rs:372:43\n    |\n372 |             match self.get_or_try_init(|| Ok::<Box<T>, Void>(f())) {\n    |                                           ^^ not found in this scope\n    |\nhelp: consider importing this tuple variant\n    |\n295 +     use core::result::Result::Ok;\n    |\n\nerror[E0531]: cannot find tuple struct or tuple variant `Ok` in this scope\n   --> /Users/graysonnocera/.cargo/registry/src/index.crates.io-6f17d22bba15001f/once_cell-1.18.0/src/race.rs:373:17\n    |\n373 |                 Ok(val) => val,\n    |                 ^^ not found in this scope\n    |\nhelp: consider importing this tuple variant\n    |\n295 +     use core::result::Result::Ok;\n    |\n\nerror[E0531]: cannot find tuple struct or tuple variant `Err` in this scope\n   --> /Users/graysonnocera/.cargo/registry/src/index.crates.io-6f17d22bba15001f/once_cell-1.18.0/src/race.rs:374:17\n    |\n374 |                 Err(void) => match void {},\n    |                 ^^^ not found in this scope\n    |\nhelp: consider importing this tuple variant\n    |\n295 +     use core::result::Result::Err;\n    |\n\nerror[E0405]: cannot find trait `FnOnce` in this scope\n   --> /Users/graysonnocera/.cargo/registry/src/index.crates.io-6f17d22bba15001f/once_cell-1.18.0/src/race.rs:387:16\n    |\n387 |             F: FnOnce() -> Result<Box<T>, E>,\n    |                ^^^^^^ not found in this scope\n    |\nhelp: consider importing this trait\n    |\n295 +     use core::ops::FnOnce;\n    |\n\nerror[E0412]: cannot find type `Result` in this scope\n   --> /Users/graysonnocera/.cargo/registry/src/index.crates.io-6f17d22bba15001f/once_cell-1.18.0/src/race.rs:387:28\n    |\n387 |             F: FnOnce() -> Result<Box<T>, E>,\n    |                            ^^^^^^ not found in this scope\n    |\nhelp: consider importing one of these items\n    |\n295 +     use core::fmt::Result;\n    |\n295 +     use core::result::Result;\n    |\n295 +     use alloc::fmt::Result;\n    |\n\nerror[E0412]: cannot find type `Result` in this scope\n   --> /Users/graysonnocera/.cargo/registry/src/index.crates.io-6f17d22bba15001f/once_cell-1.18.0/src/race.rs:385:54\n    |\n385 |         pub fn get_or_try_init<F, E>(&self, f: F) -> Result<&T, E>\n    |                                                      ^^^^^^ not found in this scope\n    |\nhelp: consider importing one of these items\n    |\n295 +     use core::fmt::Result;\n    |\n295 +     use core::result::Result;\n    |\n295 +     use alloc::fmt::Result;\n    |\n\nerror[E0531]: cannot find tuple struct or tuple variant `Err` in this scope\n   --> /Users/graysonnocera/.cargo/registry/src/index.crates.io-6f17d22bba15001f/once_cell-1.18.0/src/race.rs:400:24\n    |\n400 |                 if let Err(old) = exchange {\n    |                        ^^^ not found in this scope\n    |\nhelp: consider importing this tuple variant\n    |\n295 +     use core::result::Result::Err;\n    |\n\nerror[E0425]: cannot find function `drop` in this scope\n   --> /Users/graysonnocera/.cargo/registry/src/index.crates.io-6f17d22bba15001f/once_cell-1.18.0/src/race.rs:401:21\n    |\n401 |                     drop(unsafe { Box::from_raw(ptr) });\n    |                     ^^^^ not found in this scope\n    |\nhelp: consider importing this function\n    |\n295 +     use core::mem::drop;\n    |\n\nerror[E0425]: cannot find function, tuple struct or tuple variant `Ok` in this scope\n   --> /Users/graysonnocera/.cargo/registry/src/index.crates.io-6f17d22bba15001f/once_cell-1.18.0/src/race.rs:405:13\n    |\n405 |             Ok(unsafe { &*ptr })\n    |             ^^ not found in this scope\n    |\nhelp: consider importing this tuple variant\n    |\n295 +     use core::result::Result::Ok;\n    |\n\nerror[E0405]: cannot find trait `Sync` in this scope\n   --> /Users/graysonnocera/.cargo/registry/src/index.crates.io-6f17d22bba15001f/once_cell-1.18.0/src/race.rs:409:33\n    |\n409 |     unsafe impl<T: Sync + Send> Sync for OnceBox<T> {}\n    |                                 ^^^^ not found in this scope\n    |\nhelp: consider importing this trait\n    |\n295 +     use core::marker::Sync;\n    |\n\nerror[E0405]: cannot find trait `Sync` in this scope\n   --> /Users/graysonnocera/.cargo/registry/src/index.crates.io-6f17d22bba15001f/once_cell-1.18.0/src/race.rs:409:20\n    |\n409 |     unsafe impl<T: Sync + Send> Sync for OnceBox<T> {}\n    |                    ^^^^ not found in this scope\n    |\nhelp: consider importing this trait\n    |\n295 +     use core::marker::Sync;\n    |\n\nerror[E0405]: cannot find trait `Send` in this scope\n   --> /Users/graysonnocera/.cargo/registry/src/index.crates.io-6f17d22bba15001f/once_cell-1.18.0/src/race.rs:409:27\n    |\n409 |     unsafe impl<T: Sync + Send> Sync for OnceBox<T> {}\n    |                           ^^^^ not found in this scope\n    |\nhelp: consider importing this trait\n    |\n295 +     use core::marker::Send;\n    |\n\nerror[E0392]: type parameter `T` is never used\n   --> /Users/graysonnocera/.cargo/registry/src/index.crates.io-6f17d22bba15001f/once_cell-1.18.0/src/lib.rs:903:25\n    |\n903 |     pub struct OnceCell<T>(Imp<T>);\n    |                         ^      - `T` is named here, but is likely unused in the containing type\n    |                         |\n    |                         unused type parameter\n    |\n    = help: consider removing `T`, referring to it in a field, or using a marker such as `PhantomData`\n    = help: if you intended `T` to be a const parameter, use `const T: /* Type */` instead\n\nSome errors have detailed explanations: E0392, E0405, E0408, E0412, E0425, E0463, E0531.\nFor more information about an error, try `rustc --explain E0392`.\nerror: could not compile `once_cell` (lib) due to 225 previous errors\n",
      "stdout": ""
    },
    "features": [
      "std"
    ],
    "project": "../../../Downloads/695-Project/dataset/nostd-failed-crates/crates/armour-0.11.0/src",
    "time_to_build": 1748,
    "time_to_solve": 174
  }
]