[
  {
    "built_with_features": null,
    "command": {
      "args": [
        "build",
        "--target",
        "thumbv7m-none-eabi",
        "--no-default-features"
      ],
      "code": 101,
      "stderr": "warning: no edition set: defaulting to the 2015 edition while the latest is 2021\n   Compiling atty v0.2.14 (/Users/graysonnocera/Downloads/695-Project/dataset/nostd-failed-crates/crates/atty-0.2.14)\nerror[E0463]: can't find crate for `std`\n  |\n  = note: the `thumbv7m-none-eabi` target may not support the standard library\n  = note: `std` is required by `atty` because it does not declare `#![no_std]`\n\nerror: cannot find attribute `derive` in this scope\n  --> src/lib.rs:31:3\n   |\n31 | #[derive(Clone, Copy, Debug)]\n   |   ^^^^^^\n\nerror: requires `sized` lang_item\n\nerror[E0425]: cannot find function `is` in this scope\n  --> src/lib.rs:98:6\n   |\n98 |     !is(stream)\n   |      ^^ not found in this scope\n\nSome errors have detailed explanations: E0425, E0463.\nFor more information about an error, try `rustc --explain E0425`.\nerror: could not compile `atty` (lib) due to 4 previous errors\n",
      "stdout": ""
    },
    "features": [],
    "project": "../../../Downloads/695-Project/dataset/nostd-failed-crates/crates/atty-0.2.14/src",
    "time_to_build": 125,
    "time_to_solve": 15
  }
]