[
  {
    "built_with_features": null,
    "command": {
      "args": [
        "build",
        "--target",
        "thumbv7m-none-eabi",
        "--no-default-features"
      ],
      "code": 101,
      "stderr": "warning: no edition set: defaulting to the 2015 edition while the latest is 2021\n   Compiling blake-hash v0.4.1 (/Users/graysonnocera/Downloads/695-Project/dataset/nostd-failed-crates/crates/blake-hash-0.4.1)\nerror[E0463]: can't find crate for `simd`\n  --> src/lib.rs:11:1\n   |\n11 | pub extern crate simd;\n   | ^^^^^^^^^^^^^^^^^^^^^^ can't find crate\n\nerror: cannot find macro `dispatch` in this scope\n   --> src/lib.rs:130:17\n    |\n130 |                 dispatch!(mach, M, {\n    |                 ^^^^^^^^\n...\n275 | define_compressor!(Compressor256, vec128_storage, u32, U64, BLAKE256_U, 14, round32, u32x4);\n    | ------------------------------------------------------------------------------------------- in this macro invocation\n    |\n    = note: this error originates in the macro `define_compressor` (in Nightly builds, run with -Z macro-backtrace for more info)\n\nerror: cannot find macro `dispatch_light256` in this scope\n   --> src/lib.rs:139:17\n    |\n139 |                 dispatch_light256!(mach, M, {\n    |                 ^^^^^^^^^^^^^^^^^\n...\n275 | define_compressor!(Compressor256, vec128_storage, u32, U64, BLAKE256_U, 14, round32, u32x4);\n    | ------------------------------------------------------------------------------------------- in this macro invocation\n    |\n    = note: this error originates in the macro `define_compressor` (in Nightly builds, run with -Z macro-backtrace for more info)\n\nerror: cannot find macro `dispatch` in this scope\n   --> src/lib.rs:130:17\n    |\n130 |                 dispatch!(mach, M, {\n    |                 ^^^^^^^^\n...\n284 | define_compressor!(Compressor512, vec256_storage, u64, U128, BLAKE512_U, 16, round64, u64x4);\n    | -------------------------------------------------------------------------------------------- in this macro invocation\n    |\n    = note: this error originates in the macro `define_compressor` (in Nightly builds, run with -Z macro-backtrace for more info)\n\nerror: cannot find macro `dispatch_light256` in this scope\n   --> src/lib.rs:139:17\n    |\n139 |                 dispatch_light256!(mach, M, {\n    |                 ^^^^^^^^^^^^^^^^^\n...\n284 | define_compressor!(Compressor512, vec256_storage, u64, U128, BLAKE512_U, 16, round64, u64x4);\n    | -------------------------------------------------------------------------------------------- in this macro invocation\n    |\n    = note: this error originates in the macro `define_compressor` (in Nightly builds, run with -Z macro-backtrace for more info)\n\nerror[E0425]: cannot find function `put_block` in this scope\n   --> src/lib.rs:135:17\n    |\n135 |                 put_block(self, block, t);\n    |                 ^^^^^^^^^\n...\n275 | define_compressor!(Compressor256, vec128_storage, u32, U64, BLAKE256_U, 14, round32, u32x4);\n    | ------------------------------------------------------------------------------------------- in this macro invocation\n    |\n    = note: this error originates in the macro `define_compressor` (in Nightly builds, run with -Z macro-backtrace for more info)\nhelp: consider using the method on `Self`\n    |\n135 |                 self.put_block(self, block, t);\n    |                 +++++\nhelp: try calling `put_block` as a method\n    |\n135 |                 self.put_block(block, t);\n    |                 ~~~~~~~~~~~~~~~~~~~~~~~~\nhelp: consider importing one of these functions\n    |\n15  + use u32x4::put_block;\n    |\n15  + use u64x4::put_block;\n    |\n\nerror[E0425]: cannot find function `put_block` in this scope\n   --> src/lib.rs:135:17\n    |\n135 |                 put_block(self, block, t);\n    |                 ^^^^^^^^^\n...\n284 | define_compressor!(Compressor512, vec256_storage, u64, U128, BLAKE512_U, 16, round64, u64x4);\n    | -------------------------------------------------------------------------------------------- in this macro invocation\n    |\n    = note: this error originates in the macro `define_compressor` (in Nightly builds, run with -Z macro-backtrace for more info)\nhelp: consider using the method on `Self`\n    |\n135 |                 self.put_block(self, block, t);\n    |                 +++++\nhelp: try calling `put_block` as a method\n    |\n135 |                 self.put_block(block, t);\n    |                 ~~~~~~~~~~~~~~~~~~~~~~~~\nhelp: consider importing one of these functions\n    |\n15  + use u32x4::put_block;\n    |\n15  + use u64x4::put_block;\n    |\n\nerror[E0425]: cannot find function `finalize` in this scope\n   --> src/lib.rs:150:17\n    |\n150 |                 finalize(&self.h, &mut out);\n    |                 ^^^^^^^^ not found in this scope\n...\n275 | define_compressor!(Compressor256, vec128_storage, u32, U64, BLAKE256_U, 14, round32, u32x4);\n    | ------------------------------------------------------------------------------------------- in this macro invocation\n    |\n    = note: this error originates in the macro `define_compressor` (in Nightly builds, run with -Z macro-backtrace for more info)\nhelp: consider using the method on `Self`\n    |\n150 |                 self.finalize(&self.h, &mut out);\n    |                 +++++\n\nerror[E0425]: cannot find function `finalize` in this scope\n   --> src/lib.rs:150:17\n    |\n150 |                 finalize(&self.h, &mut out);\n    |                 ^^^^^^^^ not found in this scope\n...\n284 | define_compressor!(Compressor512, vec256_storage, u64, U128, BLAKE512_U, 16, round64, u64x4);\n    | -------------------------------------------------------------------------------------------- in this macro invocation\n    |\n    = note: this error originates in the macro `define_compressor` (in Nightly builds, run with -Z macro-backtrace for more info)\nhelp: consider using the method on `Self`\n    |\n150 |                 self.finalize(&self.h, &mut out);\n    |                 +++++\n\nSome errors have detailed explanations: E0425, E0463.\nFor more information about an error, try `rustc --explain E0425`.\nerror: could not compile `blake-hash` (lib) due to 9 previous errors\n",
      "stdout": ""
    },
    "features": [
      "std"
    ],
    "project": "../../../Downloads/695-Project/dataset/nostd-failed-crates/crates/blake-hash-0.4.1/src",
    "time_to_build": 224,
    "time_to_solve": 28
  }
]