[
  {
    "built_with_features": "alloc",
    "command": {
      "args": [
        "build",
        "--target",
        "thumbv7m-none-eabi",
        "--no-default-features",
        "--features",
        "alloc"
      ],
      "code": 101,
      "stderr": "   Compiling thiserror v1.0.69\n   Compiling crc32c v0.6.8\nerror[E0463]: can't find crate for `std`\n  |\n  = note: the `thumbv7m-none-eabi` target may not support the standard library\n  = note: `std` is required by `thiserror` because it does not declare `#![no_std]`\n\nerror[E0463]: can't find crate for `std`\n  |\n  = note: the `thumbv7m-none-eabi` target may not support the standard library\n  = note: `std` is required by `crc32c` because it does not declare `#![no_std]`\n\nerror[E0463]: can't find crate for `std`\n --> /Users/graysonnocera/.cargo/registry/src/index.crates.io-6f17d22bba15001f/crc32c-0.6.8/src/io.rs:2:5\n  |\n2 | use std::io::{Read, Write};\n  |     ^^^ can't find crate\n  |\n  = note: the `thumbv7m-none-eabi` target may not support the standard library\n\nerror[E0463]: can't find crate for `std`\n --> /Users/graysonnocera/.cargo/registry/src/index.crates.io-6f17d22bba15001f/crc32c-0.6.8/src/hasher.rs:2:5\n  |\n2 | use std::hash::Hasher;\n  |     ^^^ can't find crate\n  |\n  = note: the `thumbv7m-none-eabi` target may not support the standard library\n\nerror[E0463]: can't find crate for `std`\n --> /Users/graysonnocera/.cargo/registry/src/index.crates.io-6f17d22bba15001f/crc32c-0.6.8/src/util.rs:1:5\n  |\n1 | use std::ptr::NonNull;\n  |     ^^^ can't find crate\n  |\n  = note: the `thumbv7m-none-eabi` target may not support the standard library\n\nerror[E0463]: can't find crate for `std`\n --> /Users/graysonnocera/.cargo/registry/src/index.crates.io-6f17d22bba15001f/crc32c-0.6.8/src/util.rs:2:5\n  |\n2 | use std::{cmp, slice};\n  |     ^^^ can't find crate\n  |\n  = note: the `thumbv7m-none-eabi` target may not support the standard library\n\nerror: cannot find macro `include` in this scope\n  --> /Users/graysonnocera/.cargo/registry/src/index.crates.io-6f17d22bba15001f/crc32c-0.6.8/src/sw.rs:18:38\n   |\n18 | const CRC_TABLE: CrcTable = CrcTable(include!(concat!(env!(\"OUT_DIR\"), \"/\", \"sw.table\")));\n   |                                      ^^^^^^^\n   |\nhelp: consider importing this macro\n   |\n3  + use core::include;\n   |\n\nerror: cannot find attribute `derive` in this scope\n  --> /Users/graysonnocera/.cargo/registry/src/index.crates.io-6f17d22bba15001f/crc32c-0.6.8/src/hasher.rs:10:3\n   |\n10 | #[derive(Default)]\n   |   ^^^^^^\n   |\nhelp: consider importing this attribute macro\n   |\n2  + use core::prelude::rust_2024::derive;\n   |\n\nerror: cannot find attribute `derive` in this scope\n --> /Users/graysonnocera/.cargo/registry/src/index.crates.io-6f17d22bba15001f/crc32c-0.6.8/src/util.rs:8:3\n  |\n8 | #[derive(Clone, Copy)]\n  |   ^^^^^^\n  |\nhelp: consider importing this attribute macro\n  |\n1 + use core::prelude::rust_2024::derive;\n  |\n\nerror[E0463]: can't find crate for `std`\n  --> /Users/graysonnocera/.cargo/registry/src/index.crates.io-6f17d22bba15001f/crc32c-0.6.8/src/io.rs:38:43\n   |\n38 |     fn read(&mut self, buf: &mut [u8]) -> std::io::Result<usize> {\n   |                                           ^^^ can't find crate\n   |\n   = note: the `thumbv7m-none-eabi` target may not support the standard library\n\nerror[E0463]: can't find crate for `std`\n --> /Users/graysonnocera/.cargo/registry/src/index.crates.io-6f17d22bba15001f/thiserror-1.0.69/src/aserror.rs:2:5\n  |\n2 | use std::error::Error;\n  |     ^^^ can't find crate\n  |\n  = note: the `thumbv7m-none-eabi` target may not support the standard library\n\nerror[E0463]: can't find crate for `std`\n --> /Users/graysonnocera/.cargo/registry/src/index.crates.io-6f17d22bba15001f/thiserror-1.0.69/src/display.rs:2:5\n  |\n2 | use std::path::{self, Path, PathBuf};\n  |     ^^^ can't find crate\n  |\n  = note: the `thumbv7m-none-eabi` target may not support the standard library\n\nerror[E0463]: can't find crate for `std`\n  --> /Users/graysonnocera/.cargo/registry/src/index.crates.io-6f17d22bba15001f/crc32c-0.6.8/src/io.rs:77:40\n   |\n77 |     fn write(&mut self, buf: &[u8]) -> std::io::Result<usize> {\n   |                                        ^^^ can't find crate\n   |\n   = note: the `thumbv7m-none-eabi` target may not support the standard library\n\nerror[E0463]: can't find crate for `std`\n  --> /Users/graysonnocera/.cargo/registry/src/index.crates.io-6f17d22bba15001f/crc32c-0.6.8/src/io.rs:83:28\n   |\n83 |     fn flush(&mut self) -> std::io::Result<()> {\n   |                            ^^^ can't find crate\n   |\n   = note: the `thumbv7m-none-eabi` target may not support the standard library\n\nerror[E0425]: cannot find function, tuple struct or tuple variant `Ok` in this scope\n  --> /Users/graysonnocera/.cargo/registry/src/index.crates.io-6f17d22bba15001f/crc32c-0.6.8/src/io.rs:41:9\n   |\n41 |         Ok(out)\n   |         ^^ not found in this scope\n   |\nhelp: consider importing this tuple variant\n   |\n2  + use core::result::Result::Ok;\n   |\n\nerror[E0425]: cannot find function, tuple struct or tuple variant `Ok` in this scope\n  --> /Users/graysonnocera/.cargo/registry/src/index.crates.io-6f17d22bba15001f/crc32c-0.6.8/src/io.rs:80:9\n   |\n80 |         Ok(out)\n   |         ^^ not found in this scope\n   |\nhelp: consider importing this tuple variant\n   |\n2  + use core::result::Result::Ok;\n   |\n\nerror: requires `sized` lang_item\n  --> /Users/graysonnocera/.cargo/registry/src/index.crates.io-6f17d22bba15001f/crc32c-0.6.8/src/lib.rs:43:21\n   |\n43 | pub fn crc32c(data: &[u8]) -> u32 {\n   |                     ^^^^^\n\nerror: requires `sized` lang_item\n  --> /Users/graysonnocera/.cargo/registry/src/index.crates.io-6f17d22bba15001f/crc32c-0.6.8/src/lib.rs:49:38\n   |\n49 | pub fn crc32c_append(crc: u32, data: &[u8]) -> u32 {\n   |                                      ^^^^^\n\nerror: requires `sized` lang_item\n\nerror: requires `sized` lang_item\n --> /Users/graysonnocera/.cargo/registry/src/index.crates.io-6f17d22bba15001f/crc32c-0.6.8/src/sw.rs:6:21\n  |\n6 | pub struct CrcTable([[u32; 256]; 8]);\n  |                     ^^^^^^^^^^^^^^^\n\nerror: requires `sized` lang_item\n  --> /Users/graysonnocera/.cargo/registry/src/index.crates.io-6f17d22bba15001f/crc32c-0.6.8/src/sw.rs:21:34\n   |\n21 | pub fn crc32c(crci: u32, buffer: &[u8]) -> u32 {\n   |                                  ^^^^^\n\nerror: requires `sized` lang_item\n  --> /Users/graysonnocera/.cargo/registry/src/index.crates.io-6f17d22bba15001f/crc32c-0.6.8/src/sw.rs:36:29\n   |\n36 | fn crc_u8(crc: u64, buffer: &[u8]) -> u64 {\n   |                             ^^^^^\n\nerror: requires `sized` lang_item\n  --> /Users/graysonnocera/.cargo/registry/src/index.crates.io-6f17d22bba15001f/crc32c-0.6.8/src/sw.rs:44:31\n   |\n44 | fn crc_u64(crci: u64, buffer: &[U64Le]) -> u64 {\n   |                               ^^^^^^^^\n\nerror: requires `sized` lang_item\n  --> /Users/graysonnocera/.cargo/registry/src/index.crates.io-6f17d22bba15001f/crc32c-0.6.8/src/util.rs:26:29\n   |\n26 | pub(crate) fn split(buffer: &[u8]) -> (&[u8], &[U64Le], &[u8]) {\n   |                             ^^^^^\n\nSome errors have detailed explanations: E0425, E0463.\nFor more information about an error, try `rustc --explain E0425`.\nerror: could not compile `crc32c` (lib) due to 21 previous errors\nwarning: build failed, waiting for other jobs to finish...\nerror[E0405]: cannot find trait `Send` in this scope\n  --> /Users/graysonnocera/.cargo/registry/src/index.crates.io-6f17d22bba15001f/thiserror-1.0.69/src/aserror.rs:23:41\n   |\n23 | impl<'a> AsDynError<'a> for dyn Error + Send + 'a {\n   |                                         ^^^^ not found in this scope\n   |\nhelp: consider importing this trait\n   |\n1  + use core::marker::Send;\n   |\n\nerror[E0405]: cannot find trait `Send` in this scope\n  --> /Users/graysonnocera/.cargo/registry/src/index.crates.io-6f17d22bba15001f/thiserror-1.0.69/src/aserror.rs:30:41\n   |\n30 | impl<'a> AsDynError<'a> for dyn Error + Send + Sync + 'a {\n   |                                         ^^^^ not found in this scope\n   |\nhelp: consider importing this trait\n   |\n1  + use core::marker::Send;\n   |\n\nerror[E0405]: cannot find trait `Sync` in this scope\n  --> /Users/graysonnocera/.cargo/registry/src/index.crates.io-6f17d22bba15001f/thiserror-1.0.69/src/aserror.rs:30:48\n   |\n30 | impl<'a> AsDynError<'a> for dyn Error + Send + Sync + 'a {\n   |                                                ^^^^ not found in this scope\n   |\nhelp: consider importing this trait\n   |\n1  + use core::marker::Sync;\n   |\n\nerror[E0405]: cannot find trait `Send` in this scope\n  --> /Users/graysonnocera/.cargo/registry/src/index.crates.io-6f17d22bba15001f/thiserror-1.0.69/src/aserror.rs:37:41\n   |\n37 | impl<'a> AsDynError<'a> for dyn Error + Send + Sync + UnwindSafe + 'a {\n   |                                         ^^^^ not found in this scope\n   |\nhelp: consider importing this trait\n   |\n1  + use core::marker::Send;\n   |\n\nerror[E0405]: cannot find trait `Sync` in this scope\n  --> /Users/graysonnocera/.cargo/registry/src/index.crates.io-6f17d22bba15001f/thiserror-1.0.69/src/aserror.rs:37:48\n   |\n37 | impl<'a> AsDynError<'a> for dyn Error + Send + Sync + UnwindSafe + 'a {\n   |                                                ^^^^ not found in this scope\n   |\nhelp: consider importing this trait\n   |\n1  + use core::marker::Sync;\n   |\n\nerror[E0405]: cannot find trait `Send` in this scope\n  --> /Users/graysonnocera/.cargo/registry/src/index.crates.io-6f17d22bba15001f/thiserror-1.0.69/src/aserror.rs:48:33\n   |\n48 | impl<'a> Sealed for dyn Error + Send + 'a {}\n   |                                 ^^^^ not found in this scope\n   |\nhelp: consider importing this trait\n   |\n1  + use core::marker::Send;\n   |\n\nerror[E0405]: cannot find trait `Send` in this scope\n  --> /Users/graysonnocera/.cargo/registry/src/index.crates.io-6f17d22bba15001f/thiserror-1.0.69/src/aserror.rs:49:33\n   |\n49 | impl<'a> Sealed for dyn Error + Send + Sync + 'a {}\n   |                                 ^^^^ not found in this scope\n   |\nhelp: consider importing this trait\n   |\n1  + use core::marker::Send;\n   |\n\nerror[E0405]: cannot find trait `Sync` in this scope\n  --> /Users/graysonnocera/.cargo/registry/src/index.crates.io-6f17d22bba15001f/thiserror-1.0.69/src/aserror.rs:49:40\n   |\n49 | impl<'a> Sealed for dyn Error + Send + Sync + 'a {}\n   |                                        ^^^^ not found in this scope\n   |\nhelp: consider importing this trait\n   |\n1  + use core::marker::Sync;\n   |\n\nerror[E0405]: cannot find trait `Send` in this scope\n  --> /Users/graysonnocera/.cargo/registry/src/index.crates.io-6f17d22bba15001f/thiserror-1.0.69/src/aserror.rs:50:33\n   |\n50 | impl<'a> Sealed for dyn Error + Send + Sync + UnwindSafe + 'a {}\n   |                                 ^^^^ not found in this scope\n   |\nhelp: consider importing this trait\n   |\n1  + use core::marker::Send;\n   |\n\nerror[E0405]: cannot find trait `Sync` in this scope\n  --> /Users/graysonnocera/.cargo/registry/src/index.crates.io-6f17d22bba15001f/thiserror-1.0.69/src/aserror.rs:50:40\n   |\n50 | impl<'a> Sealed for dyn Error + Send + Sync + UnwindSafe + 'a {}\n   |                                        ^^^^ not found in this scope\n   |\nhelp: consider importing this trait\n   |\n1  + use core::marker::Sync;\n   |\n\nSome errors have detailed explanations: E0405, E0463.\nFor more information about an error, try `rustc --explain E0405`.\nerror: could not compile `thiserror` (lib) due to 13 previous errors\n",
      "stdout": ""
    },
    "features": [
      "alloc",
      "std"
    ],
    "project": "../../../Downloads/695-Project/dataset/nostd-failed-crates/crates/cloudburst-0.0.5/src",
    "time_to_build": 115,
    "time_to_solve": 266
  }
]