[
  {
    "built_with_features": null,
    "command": {
      "args": [
        "build",
        "--target",
        "thumbv7m-none-eabi",
        "--no-default-features"
      ],
      "code": 101,
      "stderr": "   Compiling fnv v1.0.7\n   Compiling base64 v0.21.7\n   Compiling syn v2.0.90\nerror[E0463]: can't find crate for `std`\n  |\n  = note: the `thumbv7m-none-eabi` target may not support the standard library\n  = note: `std` is required by `base64` because it does not declare `#![no_std]`\n\nerror[E0463]: can't find crate for `std`\n --> /Users/graysonnocera/.cargo/registry/src/index.crates.io-6f17d22bba15001f/base64-0.21.7/src/read/decoder.rs:2:5\n  |\n2 | use std::{cmp, fmt, io};\n  |     ^^^ can't find crate\n  |\n  = note: the `thumbv7m-none-eabi` target may not support the standard library\n\nerror[E0463]: can't find crate for `std`\n --> /Users/graysonnocera/.cargo/registry/src/index.crates.io-6f17d22bba15001f/base64-0.21.7/src/write/encoder.rs:2:5\n  |\n2 | use std::{\n  |     ^^^ can't find crate\n  |\n  = note: the `thumbv7m-none-eabi` target may not support the standard library\n\nerror[E0463]: can't find crate for `std`\n --> /Users/graysonnocera/.cargo/registry/src/index.crates.io-6f17d22bba15001f/base64-0.21.7/src/write/encoder_string_writer.rs:3:5\n  |\n3 | use std::io;\n  |     ^^^ can't find crate\n  |\n  = note: the `thumbv7m-none-eabi` target may not support the standard library\n\nerror[E0463]: can't find crate for `std`\n --> /Users/graysonnocera/.cargo/registry/src/index.crates.io-6f17d22bba15001f/base64-0.21.7/src/alphabet.rs:6:5\n  |\n6 | use std::error;\n  |     ^^^ can't find crate\n  |\n  = note: the `thumbv7m-none-eabi` target may not support the standard library\n\nerror[E0463]: can't find crate for `std`\n --> /Users/graysonnocera/.cargo/registry/src/index.crates.io-6f17d22bba15001f/base64-0.21.7/src/encode.rs:5:5\n  |\n5 | use std::error;\n  |     ^^^ can't find crate\n  |\n  = note: the `thumbv7m-none-eabi` target may not support the standard library\n\nerror[E0463]: can't find crate for `std`\n --> /Users/graysonnocera/.cargo/registry/src/index.crates.io-6f17d22bba15001f/base64-0.21.7/src/decode.rs:6:5\n  |\n6 | use std::error;\n  |     ^^^ can't find crate\n  |\n  = note: the `thumbv7m-none-eabi` target may not support the standard library\n\nerror: cannot find macro `write` in this scope\n  --> /Users/graysonnocera/.cargo/registry/src/index.crates.io-6f17d22bba15001f/base64-0.21.7/src/write/encoder.rs:85:9\n   |\n85 |         write!(\n   |         ^^^^^\n   |\nhelp: consider importing this macro\n   |\n1  + use core::write;\n   |\n\nerror: cannot find macro `unreachable` in this scope\n   --> /Users/graysonnocera/.cargo/registry/src/index.crates.io-6f17d22bba15001f/base64-0.21.7/src/engine/general_purpose/decode_suffix.rs:133:14\n    |\n133 |         _ => unreachable!(\n    |              ^^^^^^^^^^^\n    |\nhelp: consider importing this macro\n    |\n1   + use core::unreachable;\n    |\n\nerror: cannot find macro `debug_assert` in this scope\n  --> /Users/graysonnocera/.cargo/registry/src/index.crates.io-6f17d22bba15001f/base64-0.21.7/src/read/decoder.rs:95:9\n   |\n95 |         debug_assert!(self.decoded_len > 0);\n   |         ^^^^^^^^^^^^\n   |\nhelp: consider importing this macro\n   |\n1  + use core::debug_assert;\n   |\n\nerror: cannot find macro `debug_assert` in this scope\n  --> /Users/graysonnocera/.cargo/registry/src/index.crates.io-6f17d22bba15001f/base64-0.21.7/src/read/decoder.rs:96:9\n   |\n96 |         debug_assert!(!buf.is_empty());\n   |         ^^^^^^^^^^^^\n   |\nhelp: consider importing this macro\n   |\n1  + use core::debug_assert;\n   |\n\nerror: cannot find macro `debug_assert` in this scope\n  --> /Users/graysonnocera/.cargo/registry/src/index.crates.io-6f17d22bba15001f/base64-0.21.7/src/read/decoder.rs:99:9\n   |\n99 |         debug_assert!(copy_len > 0);\n   |         ^^^^^^^^^^^^\n   |\nhelp: consider importing this macro\n   |\n1  + use core::debug_assert;\n   |\n\nerror: cannot find macro `debug_assert` in this scope\n   --> /Users/graysonnocera/.cargo/registry/src/index.crates.io-6f17d22bba15001f/base64-0.21.7/src/read/decoder.rs:100:9\n    |\n100 |         debug_assert!(copy_len <= self.decoded_len);\n    |         ^^^^^^^^^^^^\n    |\nhelp: consider importing this macro\n    |\n1   + use core::debug_assert;\n    |\n\nerror: cannot find macro `debug_assert` in this scope\n   --> /Users/graysonnocera/.cargo/registry/src/index.crates.io-6f17d22bba15001f/base64-0.21.7/src/read/decoder.rs:109:9\n    |\n109 |         debug_assert!(self.decoded_len < DECODED_CHUNK_SIZE);\n    |         ^^^^^^^^^^^^\n    |\nhelp: consider importing this macro\n    |\n1   + use core::debug_assert;\n    |\n\nerror: cannot find macro `debug_assert` in this scope\n   --> /Users/graysonnocera/.cargo/registry/src/index.crates.io-6f17d22bba15001f/base64-0.21.7/src/read/decoder.rs:118:9\n    |\n118 |         debug_assert!(self.b64_offset + self.b64_len < BUF_SIZE);\n    |         ^^^^^^^^^^^^\n    |\nhelp: consider importing this macro\n    |\n1   + use core::debug_assert;\n    |\n\nerror: cannot find macro `debug_assert` in this scope\n   --> /Users/graysonnocera/.cargo/registry/src/index.crates.io-6f17d22bba15001f/base64-0.21.7/src/read/decoder.rs:125:9\n    |\n125 |         debug_assert!(self.b64_offset + self.b64_len <= BUF_SIZE);\n    |         ^^^^^^^^^^^^\n    |\nhelp: consider importing this macro\n    |\n1   + use core::debug_assert;\n    |\n\nerror: cannot find macro `debug_assert` in this scope\n   --> /Users/graysonnocera/.cargo/registry/src/index.crates.io-6f17d22bba15001f/base64-0.21.7/src/read/decoder.rs:135:9\n    |\n135 |         debug_assert!(self.b64_len >= b64_len_to_decode);\n    |         ^^^^^^^^^^^^\n    |\nhelp: consider importing this macro\n    |\n1   + use core::debug_assert;\n    |\n\nerror: cannot find macro `debug_assert` in this scope\n   --> /Users/graysonnocera/.cargo/registry/src/index.crates.io-6f17d22bba15001f/base64-0.21.7/src/read/decoder.rs:136:9\n    |\n136 |         debug_assert!(self.b64_offset + self.b64_len <= BUF_SIZE);\n    |         ^^^^^^^^^^^^\n    |\nhelp: consider importing this macro\n    |\n1   + use core::debug_assert;\n    |\n\nerror: cannot find macro `debug_assert` in this scope\n   --> /Users/graysonnocera/.cargo/registry/src/index.crates.io-6f17d22bba15001f/base64-0.21.7/src/read/decoder.rs:137:9\n    |\n137 |         debug_assert!(!buf.is_empty());\n    |         ^^^^^^^^^^^^\n    |\nhelp: consider importing this macro\n    |\n1   + use core::debug_assert;\n    |\n\nerror: cannot find macro `debug_assert` in this scope\n   --> /Users/graysonnocera/.cargo/registry/src/index.crates.io-6f17d22bba15001f/base64-0.21.7/src/read/decoder.rs:184:9\n    |\n184 |         debug_assert!(self.b64_offset + self.b64_len <= BUF_SIZE);\n    |         ^^^^^^^^^^^^\n    |\nhelp: consider importing this macro\n    |\n1   + use core::debug_assert;\n    |\n\nerror: cannot find macro `debug_assert` in this scope\n   --> /Users/graysonnocera/.cargo/registry/src/index.crates.io-6f17d22bba15001f/base64-0.21.7/src/read/decoder.rs:219:9\n    |\n219 |         debug_assert!(self.b64_offset <= BUF_SIZE);\n    |         ^^^^^^^^^^^^\n    |\nhelp: consider importing this macro\n    |\n1   + use core::debug_assert;\n    |\n\nerror: cannot find macro `debug_assert` in this scope\n   --> /Users/graysonnocera/.cargo/registry/src/index.crates.io-6f17d22bba15001f/base64-0.21.7/src/read/decoder.rs:220:9\n    |\n220 |         debug_assert!(self.b64_offset + self.b64_len <= BUF_SIZE);\n    |         ^^^^^^^^^^^^\n    |\nhelp: consider importing this macro\n    |\n1   + use core::debug_assert;\n    |\n\nerror: cannot find macro `debug_assert` in this scope\n   --> /Users/graysonnocera/.cargo/registry/src/index.crates.io-6f17d22bba15001f/base64-0.21.7/src/read/decoder.rs:221:9\n    |\n221 |         debug_assert!(if self.b64_offset == BUF_SIZE {\n    |         ^^^^^^^^^^^^\n    |\nhelp: consider importing this macro\n    |\n1   + use core::debug_assert;\n    |\n\nerror: cannot find macro `debug_assert` in this scope\n   --> /Users/graysonnocera/.cargo/registry/src/index.crates.io-6f17d22bba15001f/base64-0.21.7/src/read/decoder.rs:227:9\n    |\n227 |         debug_assert!(if self.decoded_len == 0 {\n    |         ^^^^^^^^^^^^\n    |\nhelp: consider importing this macro\n    |\n1   + use core::debug_assert;\n    |\n\nerror: cannot find macro `debug_assert` in this scope\n   --> /Users/graysonnocera/.cargo/registry/src/index.crates.io-6f17d22bba15001f/base64-0.21.7/src/read/decoder.rs:237:9\n    |\n237 |         debug_assert!(self.decoded_len < DECODED_CHUNK_SIZE);\n    |         ^^^^^^^^^^^^\n    |\nhelp: consider importing this macro\n    |\n1   + use core::debug_assert;\n    |\n\nerror: cannot find macro `debug_assert` in this scope\n   --> /Users/graysonnocera/.cargo/registry/src/index.crates.io-6f17d22bba15001f/base64-0.21.7/src/read/decoder.rs:238:9\n    |\n238 |         debug_assert!(self.decoded_len + self.decoded_offset <= DECODED_CHUNK_SIZE);\n    |         ^^^^^^^^^^^^\n    |\nhelp: consider importing this macro\n    |\n1   + use core::debug_assert;\n    |\n\nerror: cannot find macro `debug_assert` in this scope\n   --> /Users/graysonnocera/.cargo/registry/src/index.crates.io-6f17d22bba15001f/base64-0.21.7/src/read/decoder.rs:261:17\n    |\n261 |                 debug_assert!(at_eof);\n    |                 ^^^^^^^^^^^^\n    |\nhelp: consider importing this macro\n    |\n1   + use core::debug_assert;\n    |\n\nerror: cannot find macro `debug_assert` in this scope\n   --> /Users/graysonnocera/.cargo/registry/src/index.crates.io-6f17d22bba15001f/base64-0.21.7/src/read/decoder.rs:266:13\n    |\n266 |             debug_assert!(if at_eof {\n    |             ^^^^^^^^^^^^\n    |\nhelp: consider importing this macro\n    |\n1   + use core::debug_assert;\n    |\n\nerror: cannot find macro `debug_assert_eq` in this scope\n   --> /Users/graysonnocera/.cargo/registry/src/index.crates.io-6f17d22bba15001f/base64-0.21.7/src/read/decoder.rs:274:13\n    |\n274 |             debug_assert_eq!(0, self.decoded_len);\n    |             ^^^^^^^^^^^^^^^\n    |\nhelp: consider importing this macro\n    |\n1   + use core::debug_assert_eq;\n    |\n\nerror: cannot find macro `debug_assert` in this scope\n   --> /Users/graysonnocera/.cargo/registry/src/index.crates.io-6f17d22bba15001f/base64-0.21.7/src/read/decoder.rs:292:17\n    |\n292 |                 debug_assert!(decoded <= 3);\n    |                 ^^^^^^^^^^^^\n    |\nhelp: consider importing this macro\n    |\n1   + use core::debug_assert;\n    |\n\nerror: cannot find macro `debug_assert` in this scope\n   --> /Users/graysonnocera/.cargo/registry/src/index.crates.io-6f17d22bba15001f/base64-0.21.7/src/read/decoder.rs:299:17\n    |\n299 |                 debug_assert!(b64_bytes_that_can_decode_into_buf >= BASE64_CHUNK_SIZE);\n    |                 ^^^^^^^^^^^^\n    |\nhelp: consider importing this macro\n    |\n1   + use core::debug_assert;\n    |\n\nerror: cannot find macro `panic` in this scope\n   --> /Users/graysonnocera/.cargo/registry/src/index.crates.io-6f17d22bba15001f/base64-0.21.7/src/write/encoder.rs:130:13\n    |\n130 |             panic!(\"Encoder has already had finish() called\");\n    |             ^^^^^\n    |\nhelp: consider importing this macro\n    |\n1   + use core::panic;\n    |\n\nerror: cannot find macro `debug_assert` in this scope\n   --> /Users/graysonnocera/.cargo/registry/src/index.crates.io-6f17d22bba15001f/base64-0.21.7/src/write/encoder.rs:188:13\n    |\n188 |             debug_assert!(consumed <= current_output_len);\n    |             ^^^^^^^^^^^^\n    |\nhelp: consider importing this macro\n    |\n1   + use core::debug_assert;\n    |\n\nerror: cannot find macro `debug_assert_eq` in this scope\n   --> /Users/graysonnocera/.cargo/registry/src/index.crates.io-6f17d22bba15001f/base64-0.21.7/src/write/encoder.rs:224:9\n    |\n224 |         debug_assert_eq!(0, self.output_occupied_len);\n    |         ^^^^^^^^^^^^^^^\n    |\nhelp: consider importing this macro\n    |\n1   + use core::debug_assert_eq;\n    |\n\nerror: cannot find macro `panic` in this scope\n   --> /Users/graysonnocera/.cargo/registry/src/index.crates.io-6f17d22bba15001f/base64-0.21.7/src/write/encoder.rs:267:13\n    |\n267 |             panic!(\"Cannot write more after calling finish()\");\n    |             ^^^^^\n    |\nhelp: consider importing this macro\n    |\n1   + use core::panic;\n    |\n\nerror: cannot find macro `debug_assert_eq` in this scope\n   --> /Users/graysonnocera/.cargo/registry/src/index.crates.io-6f17d22bba15001f/base64-0.21.7/src/write/encoder.rs:289:9\n    |\n289 |         debug_assert_eq!(0, self.output_occupied_len);\n    |         ^^^^^^^^^^^^^^^\n    |\nhelp: consider importing this macro\n    |\n1   + use core::debug_assert_eq;\n    |\n\nerror: cannot find macro `debug_assert` in this scope\n   --> /Users/graysonnocera/.cargo/registry/src/index.crates.io-6f17d22bba15001f/base64-0.21.7/src/write/encoder.rs:303:13\n    |\n303 |             debug_assert!(self.extra_input_occupied_len < 3);\n    |             ^^^^^^^^^^^^\n    |\nhelp: consider importing this macro\n    |\n1   + use core::debug_assert;\n    |\n\nerror: cannot find macro `debug_assert` in this scope\n   --> /Users/graysonnocera/.cargo/registry/src/index.crates.io-6f17d22bba15001f/base64-0.21.7/src/write/encoder.rs:311:17\n    |\n311 |                 debug_assert!(extra_input_read_len > 0);\n    |                 ^^^^^^^^^^^^\n    |\nhelp: consider importing this macro\n    |\n1   + use core::debug_assert;\n    |\n\nerror: cannot find macro `debug_assert_eq` in this scope\n   --> /Users/graysonnocera/.cargo/registry/src/index.crates.io-6f17d22bba15001f/base64-0.21.7/src/write/encoder.rs:321:17\n    |\n321 |                 debug_assert_eq!(4, len);\n    |                 ^^^^^^^^^^^^^^^\n    |\nhelp: consider importing this macro\n    |\n1   + use core::debug_assert_eq;\n    |\n\nerror: cannot find macro `debug_assert_eq` in this scope\n   --> /Users/graysonnocera/.cargo/registry/src/index.crates.io-6f17d22bba15001f/base64-0.21.7/src/write/encoder.rs:336:17\n    |\n336 |                 debug_assert_eq!(1, input.len());\n    |                 ^^^^^^^^^^^^^^^\n    |\nhelp: consider importing this macro\n    |\n1   + use core::debug_assert_eq;\n    |\n\nerror: cannot find macro `debug_assert_eq` in this scope\n   --> /Users/graysonnocera/.cargo/registry/src/index.crates.io-6f17d22bba15001f/base64-0.21.7/src/write/encoder.rs:337:17\n    |\n337 |                 debug_assert_eq!(1, self.extra_input_occupied_len);\n    |                 ^^^^^^^^^^^^^^^\n    |\nhelp: consider importing this macro\n    |\n1   + use core::debug_assert_eq;\n    |\n\nerror: cannot find macro `debug_assert` in this scope\n   --> /Users/graysonnocera/.cargo/registry/src/index.crates.io-6f17d22bba15001f/base64-0.21.7/src/write/encoder.rs:351:9\n    |\n351 |         debug_assert!(encoded_size == 0 || encoded_size == 4);\n    |         ^^^^^^^^^^^^\n    |\nhelp: consider importing this macro\n    |\n1   + use core::debug_assert;\n    |\n\nerror: cannot find macro `debug_assert` in this scope\n   --> /Users/graysonnocera/.cargo/registry/src/index.crates.io-6f17d22bba15001f/base64-0.21.7/src/write/encoder.rs:352:9\n    |\n352 |         debug_assert!(\n    |         ^^^^^^^^^^^^\n    |\nhelp: consider importing this macro\n    |\n1   + use core::debug_assert;\n    |\n\nerror: cannot find macro `debug_assert_eq` in this scope\n   --> /Users/graysonnocera/.cargo/registry/src/index.crates.io-6f17d22bba15001f/base64-0.21.7/src/write/encoder.rs:362:9\n    |\n362 |         debug_assert_eq!(0, max_input_len % MIN_ENCODE_CHUNK_SIZE);\n    |         ^^^^^^^^^^^^^^^\n    |\nhelp: consider importing this macro\n    |\n1   + use core::debug_assert_eq;\n    |\n\nerror: cannot find macro `debug_assert_eq` in this scope\n   --> /Users/graysonnocera/.cargo/registry/src/index.crates.io-6f17d22bba15001f/base64-0.21.7/src/write/encoder.rs:363:9\n    |\n363 |         debug_assert_eq!(0, input_chunks_to_encode_len % MIN_ENCODE_CHUNK_SIZE);\n    |         ^^^^^^^^^^^^^^^\n    |\nhelp: consider importing this macro\n    |\n1   + use core::debug_assert_eq;\n    |\n\nerror: cannot find macro `debug_assert` in this scope\n   --> /Users/graysonnocera/.cargo/registry/src/index.crates.io-6f17d22bba15001f/base64-0.21.7/src/engine/general_purpose/decode.rs:187:5\n    |\n187 |     debug_assert!(input.len() - input_index > 1 || input.is_empty());\n    |     ^^^^^^^^^^^^\n    |\nhelp: consider importing this macro\n    |\n1   + use core::debug_assert;\n    |\n\nerror: cannot find macro `debug_assert` in this scope\n   --> /Users/graysonnocera/.cargo/registry/src/index.crates.io-6f17d22bba15001f/base64-0.21.7/src/engine/general_purpose/decode.rs:188:5\n    |\n188 |     debug_assert!(input.len() - input_index <= 8);\n    |     ^^^^^^^^^^^^\n    |\nhelp: consider importing this macro\n    |\n1   + use core::debug_assert;\n    |\n\nerror: cannot find attribute `derive` in this scope\n  --> /Users/graysonnocera/.cargo/registry/src/index.crates.io-6f17d22bba15001f/base64-0.21.7/src/engine/general_purpose/mod.rs:23:3\n   |\n23 | #[derive(Debug, Clone)]\n   |   ^^^^^^\n   |\nhelp: consider importing this attribute macro\n   |\n2  + use core::prelude::rust_2024::derive;\n   |\n\nerror: cannot find attribute `derive` in this scope\n   --> /Users/graysonnocera/.cargo/registry/src/index.crates.io-6f17d22bba15001f/base64-0.21.7/src/engine/general_purpose/mod.rs:244:3\n    |\n244 | #[derive(Clone, Copy, Debug)]\n    |   ^^^^^^\n    |\nhelp: consider importing this attribute macro\n    |\n2   + use core::prelude::rust_2024::derive;\n    |\n\nerror: cannot find attribute `derive` in this scope\n   --> /Users/graysonnocera/.cargo/registry/src/index.crates.io-6f17d22bba15001f/base64-0.21.7/src/engine/mod.rs:440:3\n    |\n440 | #[derive(Clone, Copy, Debug, PartialEq, Eq)]\n    |   ^^^^^^\n    |\nhelp: consider importing this attribute macro\n    |\n2   + use core::prelude::rust_2024::derive;\n    |\n\nerror: cannot find attribute `derive` in this scope\n   --> /Users/graysonnocera/.cargo/registry/src/index.crates.io-6f17d22bba15001f/base64-0.21.7/src/engine/mod.rs:451:3\n    |\n451 | #[derive(PartialEq, Eq, Debug)]\n    |   ^^^^^^\n    |\nhelp: consider importing this attribute macro\n    |\n2   + use core::prelude::rust_2024::derive;\n    |\n\nerror: cannot find attribute `derive` in this scope\n  --> /Users/graysonnocera/.cargo/registry/src/index.crates.io-6f17d22bba15001f/base64-0.21.7/src/alphabet.rs:54:3\n   |\n54 | #[derive(Clone, Debug, Eq, PartialEq)]\n   |   ^^^^^^\n   |\nhelp: consider importing this attribute macro\n   |\n3  + use core::prelude::rust_2024::derive;\n   |\n\nerror: cannot find attribute `derive` in this scope\n   --> /Users/graysonnocera/.cargo/registry/src/index.crates.io-6f17d22bba15001f/base64-0.21.7/src/alphabet.rs:142:3\n    |\n142 | #[derive(Debug, Eq, PartialEq)]\n    |   ^^^^^^\n    |\nhelp: consider importing this attribute macro\n    |\n3   + use core::prelude::rust_2024::derive;\n    |\n\nerror: cannot find macro `write` in this scope\n   --> /Users/graysonnocera/.cargo/registry/src/index.crates.io-6f17d22bba15001f/base64-0.21.7/src/alphabet.rs:157:36\n    |\n157 |             Self::InvalidLength => write!(f, \"Invalid length - must be 64 bytes\"),\n    |                                    ^^^^^\n    |\nhelp: consider importing this macro\n    |\n3   + use core::write;\n    |\n\nerror: cannot find macro `write` in this scope\n   --> /Users/graysonnocera/.cargo/registry/src/index.crates.io-6f17d22bba15001f/base64-0.21.7/src/alphabet.rs:158:40\n    |\n158 |             Self::DuplicatedByte(b) => write!(f, \"Duplicated byte: {:#04x}\", b),\n    |                                        ^^^^^\n    |\nhelp: consider importing this macro\n    |\n3   + use core::write;\n    |\n\nerror: cannot find macro `write` in this scope\n   --> /Users/graysonnocera/.cargo/registry/src/index.crates.io-6f17d22bba15001f/base64-0.21.7/src/alphabet.rs:159:41\n    |\n159 |             Self::UnprintableByte(b) => write!(f, \"Unprintable byte: {:#04x}\", b),\n    |                                         ^^^^^\n    |\nhelp: consider importing this macro\n    |\n3   + use core::write;\n    |\n\nerror: cannot find macro `write` in this scope\n   --> /Users/graysonnocera/.cargo/registry/src/index.crates.io-6f17d22bba15001f/base64-0.21.7/src/alphabet.rs:160:38\n    |\n160 |             Self::ReservedByte(b) => write!(f, \"Reserved byte: {:#04x}\", b),\n    |                                      ^^^^^\n    |\nhelp: consider importing this macro\n    |\n3   + use core::write;\n    |\n\nerror: cannot find macro `debug_assert_eq` in this scope\n  --> /Users/graysonnocera/.cargo/registry/src/index.crates.io-6f17d22bba15001f/base64-0.21.7/src/encode.rs:75:5\n   |\n75 |     debug_assert_eq!(expected_encoded_size, output.len());\n   |     ^^^^^^^^^^^^^^^\n   |\nhelp: consider importing this macro\n   |\n1  + use core::debug_assert_eq;\n   |\n\nerror: cannot find macro `debug_assert_eq` in this scope\n  --> /Users/graysonnocera/.cargo/registry/src/index.crates.io-6f17d22bba15001f/base64-0.21.7/src/encode.rs:89:5\n   |\n89 |     debug_assert_eq!(expected_encoded_size, encoded_bytes);\n   |     ^^^^^^^^^^^^^^^\n   |\nhelp: consider importing this macro\n   |\n1  + use core::debug_assert_eq;\n   |\n\nerror: cannot find attribute `derive` in this scope\n   --> /Users/graysonnocera/.cargo/registry/src/index.crates.io-6f17d22bba15001f/base64-0.21.7/src/encode.rs:145:3\n    |\n145 | #[derive(Clone, Debug, PartialEq, Eq)]\n    |   ^^^^^^\n    |\nhelp: consider importing this attribute macro\n    |\n1   + use core::prelude::rust_2024::derive;\n    |\n\nerror: cannot find macro `write` in this scope\n   --> /Users/graysonnocera/.cargo/registry/src/index.crates.io-6f17d22bba15001f/base64-0.21.7/src/encode.rs:154:42\n    |\n154 |             Self::OutputSliceTooSmall => write!(f, \"Output slice too small\"),\n    |                                          ^^^^^\n    |\nhelp: consider importing this macro\n    |\n1   + use core::write;\n    |\n\nerror: cannot find attribute `derive` in this scope\n --> /Users/graysonnocera/.cargo/registry/src/index.crates.io-6f17d22bba15001f/base64-0.21.7/src/decode.rs:9:3\n  |\n9 | #[derive(Clone, Debug, PartialEq, Eq)]\n  |   ^^^^^^\n  |\nhelp: consider importing this attribute macro\n  |\n1 + use core::prelude::rust_2024::derive;\n  |\n\nerror: cannot find macro `write` in this scope\n  --> /Users/graysonnocera/.cargo/registry/src/index.crates.io-6f17d22bba15001f/base64-0.21.7/src/decode.rs:33:47\n   |\n33 |             Self::InvalidByte(index, byte) => write!(f, \"Invalid byte {}, offset {}.\", byte, index),\n   |                                               ^^^^^\n   |\nhelp: consider importing this macro\n   |\n1  + use core::write;\n   |\n\nerror: cannot find macro `write` in this scope\n  --> /Users/graysonnocera/.cargo/registry/src/index.crates.io-6f17d22bba15001f/base64-0.21.7/src/decode.rs:34:36\n   |\n34 |             Self::InvalidLength => write!(f, \"Encoded text cannot have a 6-bit remainder.\"),\n   |                                    ^^^^^\n   |\nhelp: consider importing this macro\n   |\n1  + use core::write;\n   |\n\nerror: cannot find macro `write` in this scope\n  --> /Users/graysonnocera/.cargo/registry/src/index.crates.io-6f17d22bba15001f/base64-0.21.7/src/decode.rs:36:17\n   |\n36 |                 write!(f, \"Invalid last symbol {}, offset {}.\", byte, index)\n   |                 ^^^^^\n   |\nhelp: consider importing this macro\n   |\n1  + use core::write;\n   |\n\nerror: cannot find macro `write` in this scope\n  --> /Users/graysonnocera/.cargo/registry/src/index.crates.io-6f17d22bba15001f/base64-0.21.7/src/decode.rs:38:37\n   |\n38 |             Self::InvalidPadding => write!(f, \"Invalid padding\"),\n   |                                     ^^^^^\n   |\nhelp: consider importing this macro\n   |\n1  + use core::write;\n   |\n\nerror: cannot find attribute `derive` in this scope\n  --> /Users/graysonnocera/.cargo/registry/src/index.crates.io-6f17d22bba15001f/base64-0.21.7/src/decode.rs:47:3\n   |\n47 | #[derive(Clone, Debug, PartialEq, Eq)]\n   |   ^^^^^^\n   |\nhelp: consider importing this attribute macro\n   |\n1  + use core::prelude::rust_2024::derive;\n   |\n\nerror: cannot find macro `write` in this scope\n  --> /Users/graysonnocera/.cargo/registry/src/index.crates.io-6f17d22bba15001f/base64-0.21.7/src/decode.rs:60:37\n   |\n60 |             Self::DecodeError(e) => write!(f, \"DecodeError: {}\", e),\n   |                                     ^^^^^\n   |\nhelp: consider importing this macro\n   |\n1  + use core::write;\n   |\n\nerror: cannot find macro `write` in this scope\n  --> /Users/graysonnocera/.cargo/registry/src/index.crates.io-6f17d22bba15001f/base64-0.21.7/src/decode.rs:61:42\n   |\n61 |             Self::OutputSliceTooSmall => write!(f, \"Output slice too small\"),\n   |                                          ^^^^^\n   |\nhelp: consider importing this macro\n   |\n1  + use core::write;\n   |\n\nerror[E0463]: can't find crate for `std`\n   --> /Users/graysonnocera/.cargo/registry/src/index.crates.io-6f17d22bba15001f/base64-0.21.7/src/write/encoder_string_writer.rs:123:17\n    |\n123 |         let s = std::str::from_utf8(buf).expect(\"Input must be valid UTF-8\");\n    |                 ^^^ can't find crate\n    |\n    = note: the `thumbv7m-none-eabi` target may not support the standard library\n\nerror[E0412]: cannot find type `Result` in this scope\n  --> /Users/graysonnocera/.cargo/registry/src/index.crates.io-6f17d22bba15001f/base64-0.21.7/src/chunked_encoder.rs:15:58\n   |\n15 |     fn write_encoded_bytes(&mut self, encoded: &[u8]) -> Result<(), Self::Error>;\n   |                                                          ^^^^^^ not found in this scope\n   |\nhelp: consider importing one of these items\n   |\n1  + use core::fmt::Result;\n   |\n1  + use core::result::Result;\n   |\n1  + use alloc::fmt::Result;\n   |\n\nerror[E0405]: cannot find trait `Sized` in this scope\n  --> /Users/graysonnocera/.cargo/registry/src/index.crates.io-6f17d22bba15001f/base64-0.21.7/src/chunked_encoder.rs:19:44\n   |\n19 | pub struct ChunkedEncoder<'e, E: Engine + ?Sized> {\n   |                                            ^^^^^ not found in this scope\n   |\nhelp: consider importing this trait\n   |\n1  + use core::marker::Sized;\n   |\n\nerror[E0405]: cannot find trait `Sized` in this scope\n  --> /Users/graysonnocera/.cargo/registry/src/index.crates.io-6f17d22bba15001f/base64-0.21.7/src/chunked_encoder.rs:23:23\n   |\n23 | impl<'e, E: Engine + ?Sized> ChunkedEncoder<'e, E> {\n   |                       ^^^^^ not found in this scope\n   |\nhelp: consider importing this trait\n   |\n1  + use core::marker::Sized;\n   |\n\nerror[E0412]: cannot find type `Result` in this scope\n  --> /Users/graysonnocera/.cargo/registry/src/index.crates.io-6f17d22bba15001f/base64-0.21.7/src/chunked_encoder.rs:28:66\n   |\n28 |     pub fn encode<S: Sink>(&self, bytes: &[u8], sink: &mut S) -> Result<(), S::Error> {\n   |                                                                  ^^^^^^ not found in this scope\n   |\nhelp: consider importing one of these items\n   |\n1  + use core::fmt::Result;\n   |\n1  + use core::result::Result;\n   |\n1  + use alloc::fmt::Result;\n   |\n\nerror[E0425]: cannot find function, tuple struct or tuple variant `Ok` in this scope\n  --> /Users/graysonnocera/.cargo/registry/src/index.crates.io-6f17d22bba15001f/base64-0.21.7/src/chunked_encoder.rs:45:9\n   |\n45 |         Ok(())\n   |         ^^ not found in this scope\n   |\nhelp: consider importing this tuple variant\n   |\n1  + use core::result::Result::Ok;\n   |\n\nerror[E0412]: cannot find type `Result` in this scope\n  --> /Users/graysonnocera/.cargo/registry/src/index.crates.io-6f17d22bba15001f/base64-0.21.7/src/chunked_encoder.rs:66:52\n   |\n66 |     fn write_encoded_bytes(&mut self, s: &[u8]) -> Result<(), Self::Error> {\n   |                                                    ^^^^^^ not found in this scope\n   |\nhelp: consider importing one of these items\n   |\n1  + use core::fmt::Result;\n   |\n1  + use core::result::Result;\n   |\n1  + use alloc::fmt::Result;\n   |\n\nerror[E0425]: cannot find function, tuple struct or tuple variant `Ok` in this scope\n  --> /Users/graysonnocera/.cargo/registry/src/index.crates.io-6f17d22bba15001f/base64-0.21.7/src/chunked_encoder.rs:69:9\n   |\n69 |         Ok(())\n   |         ^^ not found in this scope\n   |\nhelp: consider importing this tuple variant\n   |\n1  + use core::result::Result::Ok;\n   |\n\nerror[E0412]: cannot find type `Result` in this scope\n  --> /Users/graysonnocera/.cargo/registry/src/index.crates.io-6f17d22bba15001f/base64-0.21.7/src/display.rs:34:49\n   |\n34 |     fn fmt(&self, formatter: &mut Formatter) -> Result<(), fmt::Error> {\n   |                                                 ^^^^^^ not found in this scope\n   |\nhelp: consider importing one of these items\n   |\n12 + use crate::display::fmt::Result;\n   |\n12 + use core::fmt::Result;\n   |\n12 + use core::result::Result;\n   |\n12 + use alloc::fmt::Result;\n   |\n\nerror[E0412]: cannot find type `Result` in this scope\n  --> /Users/graysonnocera/.cargo/registry/src/index.crates.io-6f17d22bba15001f/base64-0.21.7/src/display.rs:47:58\n   |\n47 |     fn write_encoded_bytes(&mut self, encoded: &[u8]) -> Result<(), Self::Error> {\n   |                                                          ^^^^^^ not found in this scope\n   |\nhelp: consider importing one of these items\n   |\n12 + use crate::display::fmt::Result;\n   |\n12 + use core::fmt::Result;\n   |\n12 + use core::result::Result;\n   |\n12 + use alloc::fmt::Result;\n   |\n\nerror[E0412]: cannot find type `Option` in this scope\n  --> /Users/graysonnocera/.cargo/registry/src/index.crates.io-6f17d22bba15001f/base64-0.21.7/src/read/decoder.rs:57:21\n   |\n57 |     padding_offset: Option<usize>,\n   |                     ^^^^^^ not found in this scope\n   |\nhelp: consider importing this enum\n   |\n1  + use core::option::Option;\n   |\n\nerror[E0425]: cannot find value `None` in this scope\n  --> /Users/graysonnocera/.cargo/registry/src/index.crates.io-6f17d22bba15001f/base64-0.21.7/src/read/decoder.rs:87:29\n   |\n87 |             padding_offset: None,\n   |                             ^^^^ not found in this scope\n   |\nhelp: consider importing this unit variant\n   |\n1  + use core::option::Option::None;\n   |\n\nerror[E0425]: cannot find function, tuple struct or tuple variant `Ok` in this scope\n   --> /Users/graysonnocera/.cargo/registry/src/index.crates.io-6f17d22bba15001f/base64-0.21.7/src/read/decoder.rs:111:9\n    |\n111 |         Ok(copy_len)\n    |         ^^ not found in this scope\n    |\nhelp: consider importing this tuple variant\n    |\n1   + use core::result::Result::Ok;\n    |\n\nerror[E0425]: cannot find function, tuple struct or tuple variant `Ok` in this scope\n   --> /Users/graysonnocera/.cargo/registry/src/index.crates.io-6f17d22bba15001f/base64-0.21.7/src/read/decoder.rs:127:9\n    |\n127 |         Ok(read)\n    |         ^^ not found in this scope\n    |\nhelp: consider importing this tuple variant\n    |\n1   + use core::result::Result::Ok;\n    |\n\nerror[E0531]: cannot find tuple struct or tuple variant `Some` in this scope\n   --> /Users/graysonnocera/.cargo/registry/src/index.crates.io-6f17d22bba15001f/base64-0.21.7/src/read/decoder.rs:166:16\n    |\n166 |         if let Some(offset) = self.padding_offset {\n    |                ^^^^ not found in this scope\n    |\nhelp: consider importing this tuple variant\n    |\n1   + use core::option::Option::Some;\n    |\n\nerror[E0425]: cannot find function, tuple struct or tuple variant `Err` in this scope\n   --> /Users/graysonnocera/.cargo/registry/src/index.crates.io-6f17d22bba15001f/base64-0.21.7/src/read/decoder.rs:170:24\n    |\n170 |                 return Err(io::Error::new(\n    |                        ^^^ not found in this scope\n    |\nhelp: consider importing this tuple variant\n    |\n1   + use core::result::Result::Err;\n    |\n\nerror[E0425]: cannot find function, tuple struct or tuple variant `Ok` in this scope\n   --> /Users/graysonnocera/.cargo/registry/src/index.crates.io-6f17d22bba15001f/base64-0.21.7/src/read/decoder.rs:186:9\n    |\n186 |         Ok(decode_metadata.decoded_len)\n    |         ^^ not found in this scope\n    |\nhelp: consider importing this tuple variant\n    |\n1   + use core::result::Result::Ok;\n    |\n\nerror[E0425]: cannot find function, tuple struct or tuple variant `Ok` in this scope\n   --> /Users/graysonnocera/.cargo/registry/src/index.crates.io-6f17d22bba15001f/base64-0.21.7/src/read/decoder.rs:215:20\n    |\n215 |             return Ok(0);\n    |                    ^^ not found in this scope\n    |\nhelp: consider importing this tuple variant\n    |\n1   + use core::result::Result::Ok;\n    |\n\nerror[E0425]: cannot find function, tuple struct or tuple variant `Ok` in this scope\n   --> /Users/graysonnocera/.cargo/registry/src/index.crates.io-6f17d22bba15001f/base64-0.21.7/src/read/decoder.rs:263:24\n    |\n263 |                 return Ok(0);\n    |                        ^^ not found in this scope\n    |\nhelp: consider importing this tuple variant\n    |\n1   + use core::result::Result::Ok;\n    |\n\nerror[E0412]: cannot find type `Option` in this scope\n  --> /Users/graysonnocera/.cargo/registry/src/index.crates.io-6f17d22bba15001f/base64-0.21.7/src/write/encoder.rs:68:15\n   |\n68 |     delegate: Option<W>,\n   |               ^^^^^^ not found in this scope\n   |\nhelp: consider importing this enum\n   |\n1  + use core::option::Option;\n   |\n\nerror[E0425]: cannot find function, tuple struct or tuple variant `Some` in this scope\n   --> /Users/graysonnocera/.cargo/registry/src/index.crates.io-6f17d22bba15001f/base64-0.21.7/src/write/encoder.rs:101:23\n    |\n101 |             delegate: Some(delegate),\n    |                       ^^^^ not found in this scope\n    |\nhelp: consider importing this tuple variant\n    |\n1   + use core::option::Option::Some;\n    |\n\nerror[E0425]: cannot find function, tuple struct or tuple variant `Ok` in this scope\n   --> /Users/graysonnocera/.cargo/registry/src/index.crates.io-6f17d22bba15001f/base64-0.21.7/src/write/encoder.rs:137:9\n    |\n137 |         Ok(writer)\n    |         ^^ not found in this scope\n    |\nhelp: consider importing this tuple variant\n    |\n1   + use core::result::Result::Ok;\n    |\n\nerror[E0425]: cannot find function, tuple struct or tuple variant `Ok` in this scope\n   --> /Users/graysonnocera/.cargo/registry/src/index.crates.io-6f17d22bba15001f/base64-0.21.7/src/write/encoder.rs:145:20\n    |\n145 |             return Ok(());\n    |                    ^^ not found in this scope\n    |\nhelp: consider importing this tuple variant\n    |\n1   + use core::result::Result::Ok;\n    |\n\nerror[E0425]: cannot find function, tuple struct or tuple variant `Ok` in this scope\n   --> /Users/graysonnocera/.cargo/registry/src/index.crates.io-6f17d22bba15001f/base64-0.21.7/src/write/encoder.rs:167:9\n    |\n167 |         Ok(())\n    |         ^^ not found in this scope\n    |\nhelp: consider importing this tuple variant\n    |\n1   + use core::result::Result::Ok;\n    |\n\nerror[E0531]: cannot find tuple struct or tuple variant `Err` in this scope\n   --> /Users/graysonnocera/.cargo/registry/src/index.crates.io-6f17d22bba15001f/base64-0.21.7/src/write/encoder.rs:216:17\n    |\n216 |                 Err(ref e) if e.kind() == ErrorKind::Interrupted => {}\n    |                 ^^^ not found in this scope\n    |\nhelp: consider importing this tuple variant\n    |\n1   + use core::result::Result::Err;\n    |\n\nerror[E0531]: cannot find tuple struct or tuple variant `Err` in this scope\n   --> /Users/graysonnocera/.cargo/registry/src/index.crates.io-6f17d22bba15001f/base64-0.21.7/src/write/encoder.rs:218:17\n    |\n218 |                 Err(e) => return Err(e),\n    |                 ^^^ not found in this scope\n    |\nhelp: consider importing this tuple variant\n    |\n1   + use core::result::Result::Err;\n    |\n\nerror[E0425]: cannot find function, tuple struct or tuple variant `Err` in this scope\n   --> /Users/graysonnocera/.cargo/registry/src/index.crates.io-6f17d22bba15001f/base64-0.21.7/src/write/encoder.rs:218:34\n    |\n218 |                 Err(e) => return Err(e),\n    |                                  ^^^ not found in this scope\n    |\nhelp: consider importing this tuple variant\n    |\n1   + use core::result::Result::Err;\n    |\n\nerror[E0531]: cannot find tuple struct or tuple variant `Ok` in this scope\n   --> /Users/graysonnocera/.cargo/registry/src/index.crates.io-6f17d22bba15001f/base64-0.21.7/src/write/encoder.rs:220:17\n    |\n220 |                 Ok(_) => {}\n    |                 ^^ not found in this scope\n    |\nhelp: consider importing this tuple variant\n    |\n1   + use core::result::Result::Ok;\n    |\n\nerror[E0425]: cannot find function, tuple struct or tuple variant `Ok` in this scope\n   --> /Users/graysonnocera/.cargo/registry/src/index.crates.io-6f17d22bba15001f/base64-0.21.7/src/write/encoder.rs:225:9\n    |\n225 |         Ok(())\n    |         ^^ not found in this scope\n    |\nhelp: consider importing this tuple variant\n    |\n1   + use core::result::Result::Ok;\n    |\n\nerror[E0425]: cannot find function, tuple struct or tuple variant `Ok` in this scope\n   --> /Users/graysonnocera/.cargo/registry/src/index.crates.io-6f17d22bba15001f/base64-0.21.7/src/write/encoder.rs:271:20\n    |\n271 |             return Ok(0);\n    |                    ^^ not found in this scope\n    |\nhelp: consider importing this tuple variant\n    |\n1   + use core::result::Result::Ok;\n    |\n\nerror[E0425]: cannot find function, tuple struct or tuple variant `Ok` in this scope\n   --> /Users/graysonnocera/.cargo/registry/src/index.crates.io-6f17d22bba15001f/base64-0.21.7/src/write/encoder.rs:341:24\n    |\n341 |                 return Ok(1);\n    |                        ^^ not found in this scope\n    |\nhelp: consider importing this tuple variant\n    |\n1   + use core::result::Result::Ok;\n    |\n\nerror[E0425]: cannot find function, tuple struct or tuple variant `Ok` in this scope\n   --> /Users/graysonnocera/.cargo/registry/src/index.crates.io-6f17d22bba15001f/base64-0.21.7/src/write/encoder.rs:347:20\n    |\n347 |             return Ok(input.len());\n    |                    ^^ not found in this scope\n    |\nhelp: consider importing this tuple variant\n    |\n1   + use core::result::Result::Ok;\n    |\n\nerror[E0405]: cannot find trait `Drop` in this scope\n   --> /Users/graysonnocera/.cargo/registry/src/index.crates.io-6f17d22bba15001f/base64-0.21.7/src/write/encoder.rs:400:35\n    |\n400 | impl<'e, E: Engine, W: io::Write> Drop for EncoderWriter<'e, E, W> {\n    |                                   ^^^^ not found in this scope\n    |\nhelp: consider importing this trait\n    |\n1   + use core::ops::Drop;\n    |\n\nerror[E0412]: cannot find type `String` in this scope\n  --> /Users/graysonnocera/.cargo/registry/src/index.crates.io-6f17d22bba15001f/base64-0.21.7/src/write/encoder_string_writer.rs:75:48\n   |\n75 | impl<'e, E: Engine> EncoderStringWriter<'e, E, String> {\n   |                                                ^^^^^^ not found in this scope\n   |\nhelp: consider importing this struct\n   |\n1  + use alloc::string::String;\n   |\n\nerror[E0433]: failed to resolve: use of undeclared type `String`\n  --> /Users/graysonnocera/.cargo/registry/src/index.crates.io-6f17d22bba15001f/base64-0.21.7/src/write/encoder_string_writer.rs:78:44\n   |\n78 |         EncoderStringWriter::from_consumer(String::new(), engine)\n   |                                            ^^^^^^ use of undeclared type `String`\n   |\nhelp: consider importing this struct\n   |\n1  + use alloc::string::String;\n   |\n\nerror[E0405]: cannot find trait `Sized` in this scope\n  --> /Users/graysonnocera/.cargo/registry/src/index.crates.io-6f17d22bba15001f/base64-0.21.7/src/write/encoder_string_writer.rs:99:24\n   |\n99 | impl<S: StrConsumer + ?Sized> StrConsumer for &mut S {\n   |                        ^^^^^ not found in this scope\n   |\nhelp: consider importing this trait\n   |\n1  + use core::marker::Sized;\n   |\n\nerror[E0412]: cannot find type `String` in this scope\n   --> /Users/graysonnocera/.cargo/registry/src/index.crates.io-6f17d22bba15001f/base64-0.21.7/src/write/encoder_string_writer.rs:106:22\n    |\n106 | impl StrConsumer for String {\n    |                      ^^^^^^ not found in this scope\n    |\nhelp: consider importing this struct\n    |\n1   + use alloc::string::String;\n    |\n\nerror[E0425]: cannot find function, tuple struct or tuple variant `Ok` in this scope\n   --> /Users/graysonnocera/.cargo/registry/src/index.crates.io-6f17d22bba15001f/base64-0.21.7/src/write/encoder_string_writer.rs:127:9\n    |\n127 |         Ok(buf.len())\n    |         ^^ not found in this scope\n    |\nhelp: consider importing this tuple variant\n    |\n1   + use core::result::Result::Ok;\n    |\n\nerror[E0425]: cannot find function, tuple struct or tuple variant `Ok` in this scope\n   --> /Users/graysonnocera/.cargo/registry/src/index.crates.io-6f17d22bba15001f/base64-0.21.7/src/write/encoder_string_writer.rs:132:9\n    |\n132 |         Ok(())\n    |         ^^ not found in this scope\n    |\nhelp: consider importing this tuple variant\n    |\n1   + use core::result::Result::Ok;\n    |\n\nerror[E0412]: cannot find type `Result` in this scope\n  --> /Users/graysonnocera/.cargo/registry/src/index.crates.io-6f17d22bba15001f/base64-0.21.7/src/engine/general_purpose/decode.rs:61:6\n   |\n61 | ) -> Result<DecodeMetadata, DecodeError> {\n   |      ^^^^^^ not found in this scope\n   |\nhelp: consider importing one of these items\n   |\n1  + use core::fmt::Result;\n   |\n1  + use core::result::Result;\n   |\n1  + use alloc::fmt::Result;\n   |\n\nerror[E0531]: cannot find tuple struct or tuple variant `Some` in this scope\n  --> /Users/graysonnocera/.cargo/registry/src/index.crates.io-6f17d22bba15001f/base64-0.21.7/src/engine/general_purpose/decode.rs:76:20\n   |\n76 |             if let Some(b) = input.last() {\n   |                    ^^^^ not found in this scope\n   |\nhelp: consider importing this tuple variant\n   |\n1  + use core::option::Option::Some;\n   |\n\nerror[E0425]: cannot find function, tuple struct or tuple variant `Err` in this scope\n  --> /Users/graysonnocera/.cargo/registry/src/index.crates.io-6f17d22bba15001f/base64-0.21.7/src/engine/general_purpose/decode.rs:78:28\n   |\n78 |                     return Err(DecodeError::InvalidByte(input.len() - 1, *b));\n   |                            ^^^ not found in this scope\n   |\nhelp: consider importing this tuple variant\n   |\n1  + use core::result::Result::Err;\n   |\n\nerror[E0425]: cannot find function, tuple struct or tuple variant `Err` in this scope\n  --> /Users/graysonnocera/.cargo/registry/src/index.crates.io-6f17d22bba15001f/base64-0.21.7/src/engine/general_purpose/decode.rs:82:20\n   |\n82 |             return Err(DecodeError::InvalidLength);\n   |                    ^^^ not found in this scope\n   |\nhelp: consider importing this tuple variant\n   |\n1  + use core::result::Result::Err;\n   |\n\nerror[E0531]: cannot find tuple struct or tuple variant `Some` in this scope\n   --> /Users/graysonnocera/.cargo/registry/src/index.crates.io-6f17d22bba15001f/base64-0.21.7/src/engine/general_purpose/decode.rs:112:16\n    |\n112 |         if let Some(max_start_index) = length_of_fast_decode_chunks.checked_sub(INPUT_BLOCK_LEN) {\n    |                ^^^^ not found in this scope\n    |\nhelp: consider importing this tuple variant\n    |\n1   + use core::option::Option::Some;\n    |\n\nerror[E0531]: cannot find tuple struct or tuple variant `Some` in this scope\n   --> /Users/graysonnocera/.cargo/registry/src/index.crates.io-6f17d22bba15001f/base64-0.21.7/src/engine/general_purpose/decode.rs:150:16\n    |\n150 |         if let Some(max_start_index) = length_of_fast_decode_chunks.checked_sub(INPUT_CHUNK_LEN) {\n    |                ^^^^ not found in this scope\n    |\nhelp: consider importing this tuple variant\n    |\n1   + use core::option::Option::Some;\n    |\n\nerror[E0412]: cannot find type `Result` in this scope\n   --> /Users/graysonnocera/.cargo/registry/src/index.crates.io-6f17d22bba15001f/base64-0.21.7/src/engine/general_purpose/decode.rs:217:6\n    |\n217 | ) -> Result<(), DecodeError> {\n    |      ^^^^^^ not found in this scope\n    |\nhelp: consider importing one of these items\n    |\n1   + use core::fmt::Result;\n    |\n1   + use core::result::Result;\n    |\n1   + use alloc::fmt::Result;\n    |\n\nerror[E0425]: cannot find function, tuple struct or tuple variant `Err` in this scope\n   --> /Users/graysonnocera/.cargo/registry/src/index.crates.io-6f17d22bba15001f/base64-0.21.7/src/engine/general_purpose/decode.rs:220:16\n    |\n220 |         return Err(DecodeError::InvalidByte(index_at_start_of_input, input[0]));\n    |                ^^^ not found in this scope\n    |\nhelp: consider importing this tuple variant\n    |\n1   + use core::result::Result::Err;\n    |\n\nerror[E0425]: cannot find function, tuple struct or tuple variant `Err` in this scope\n   --> /Users/graysonnocera/.cargo/registry/src/index.crates.io-6f17d22bba15001f/base64-0.21.7/src/engine/general_purpose/decode.rs:226:16\n    |\n226 |         return Err(DecodeError::InvalidByte(\n    |                ^^^ not found in this scope\n    |\nhelp: consider importing this tuple variant\n    |\n1   + use core::result::Result::Err;\n    |\n\nerror[E0425]: cannot find function, tuple struct or tuple variant `Err` in this scope\n   --> /Users/graysonnocera/.cargo/registry/src/index.crates.io-6f17d22bba15001f/base64-0.21.7/src/engine/general_purpose/decode.rs:235:16\n    |\n235 |         return Err(DecodeError::InvalidByte(\n    |                ^^^ not found in this scope\n    |\nhelp: consider importing this tuple variant\n    |\n1   + use core::result::Result::Err;\n    |\n\nerror[E0425]: cannot find function, tuple struct or tuple variant `Err` in this scope\n   --> /Users/graysonnocera/.cargo/registry/src/index.crates.io-6f17d22bba15001f/base64-0.21.7/src/engine/general_purpose/decode.rs:244:16\n    |\n244 |         return Err(DecodeError::InvalidByte(\n    |                ^^^ not found in this scope\n    |\nhelp: consider importing this tuple variant\n    |\n1   + use core::result::Result::Err;\n    |\n\nerror[E0425]: cannot find function, tuple struct or tuple variant `Err` in this scope\n   --> /Users/graysonnocera/.cargo/registry/src/index.crates.io-6f17d22bba15001f/base64-0.21.7/src/engine/general_purpose/decode.rs:253:16\n    |\n253 |         return Err(DecodeError::InvalidByte(\n    |                ^^^ not found in this scope\n    |\nhelp: consider importing this tuple variant\n    |\n1   + use core::result::Result::Err;\n    |\n\nerror[E0425]: cannot find function, tuple struct or tuple variant `Err` in this scope\n   --> /Users/graysonnocera/.cargo/registry/src/index.crates.io-6f17d22bba15001f/base64-0.21.7/src/engine/general_purpose/decode.rs:262:16\n    |\n262 |         return Err(DecodeError::InvalidByte(\n    |                ^^^ not found in this scope\n    |\nhelp: consider importing this tuple variant\n    |\n1   + use core::result::Result::Err;\n    |\n\nerror[E0425]: cannot find function, tuple struct or tuple variant `Err` in this scope\n   --> /Users/graysonnocera/.cargo/registry/src/index.crates.io-6f17d22bba15001f/base64-0.21.7/src/engine/general_purpose/decode.rs:271:16\n    |\n271 |         return Err(DecodeError::InvalidByte(\n    |                ^^^ not found in this scope\n    |\nhelp: consider importing this tuple variant\n    |\n1   + use core::result::Result::Err;\n    |\n\nerror[E0425]: cannot find function, tuple struct or tuple variant `Err` in this scope\n   --> /Users/graysonnocera/.cargo/registry/src/index.crates.io-6f17d22bba15001f/base64-0.21.7/src/engine/general_purpose/decode.rs:280:16\n    |\n280 |         return Err(DecodeError::InvalidByte(\n    |                ^^^ not found in this scope\n    |\nhelp: consider importing this tuple variant\n    |\n1   + use core::result::Result::Err;\n    |\n\nerror[E0425]: cannot find function, tuple struct or tuple variant `Ok` in this scope\n   --> /Users/graysonnocera/.cargo/registry/src/index.crates.io-6f17d22bba15001f/base64-0.21.7/src/engine/general_purpose/decode.rs:289:5\n    |\n289 |     Ok(())\n    |     ^^ not found in this scope\n    |\nhelp: consider importing this tuple variant\n    |\n1   + use core::result::Result::Ok;\n    |\n\nerror[E0412]: cannot find type `Result` in this scope\n   --> /Users/graysonnocera/.cargo/registry/src/index.crates.io-6f17d22bba15001f/base64-0.21.7/src/engine/general_purpose/decode.rs:300:6\n    |\n300 | ) -> Result<(), DecodeError> {\n    |      ^^^^^^ not found in this scope\n    |\nhelp: consider importing one of these items\n    |\n1   + use core::fmt::Result;\n    |\n1   + use core::result::Result;\n    |\n1   + use alloc::fmt::Result;\n    |\n\nerror[E0425]: cannot find function, tuple struct or tuple variant `Ok` in this scope\n   --> /Users/graysonnocera/.cargo/registry/src/index.crates.io-6f17d22bba15001f/base64-0.21.7/src/engine/general_purpose/decode.rs:312:5\n    |\n312 |     Ok(())\n    |     ^^ not found in this scope\n    |\nhelp: consider importing this tuple variant\n    |\n1   + use core::result::Result::Ok;\n    |\n\nerror[E0412]: cannot find type `Result` in this scope\n  --> /Users/graysonnocera/.cargo/registry/src/index.crates.io-6f17d22bba15001f/base64-0.21.7/src/engine/general_purpose/decode_suffix.rs:19:6\n   |\n19 | ) -> Result<DecodeMetadata, DecodeError> {\n   |      ^^^^^^ not found in this scope\n   |\nhelp: consider importing one of these items\n   |\n1  + use core::fmt::Result;\n   |\n1  + use core::result::Result;\n   |\n1  + use alloc::fmt::Result;\n   |\n\nerror[E0425]: cannot find function, tuple struct or tuple variant `Err` in this scope\n  --> /Users/graysonnocera/.cargo/registry/src/index.crates.io-6f17d22bba15001f/base64-0.21.7/src/engine/general_purpose/decode_suffix.rs:60:24\n   |\n60 |                 return Err(DecodeError::InvalidByte(bad_padding_index, b));\n   |                        ^^^ not found in this scope\n   |\nhelp: consider importing this tuple variant\n   |\n1  + use core::result::Result::Err;\n   |\n\nerror[E0425]: cannot find function, tuple struct or tuple variant `Err` in this scope\n  --> /Users/graysonnocera/.cargo/registry/src/index.crates.io-6f17d22bba15001f/base64-0.21.7/src/engine/general_purpose/decode_suffix.rs:76:20\n   |\n76 |             return Err(DecodeError::InvalidByte(\n   |                    ^^^ not found in this scope\n   |\nhelp: consider importing this tuple variant\n   |\n1  + use core::result::Result::Err;\n   |\n\nerror[E0425]: cannot find function, tuple struct or tuple variant `Err` in this scope\n  --> /Users/graysonnocera/.cargo/registry/src/index.crates.io-6f17d22bba15001f/base64-0.21.7/src/engine/general_purpose/decode_suffix.rs:89:20\n   |\n89 |             return Err(DecodeError::InvalidByte(start_of_leftovers + i, b));\n   |                    ^^^ not found in this scope\n   |\nhelp: consider importing this tuple variant\n   |\n1  + use core::result::Result::Err;\n   |\n\nerror[E0425]: cannot find function, tuple struct or tuple variant `Err` in this scope\n   --> /Users/graysonnocera/.cargo/registry/src/index.crates.io-6f17d22bba15001f/base64-0.21.7/src/engine/general_purpose/decode_suffix.rs:100:24\n    |\n100 |                 return Err(DecodeError::InvalidPadding);\n    |                        ^^^ not found in this scope\n    |\nhelp: consider importing this tuple variant\n    |\n1   + use core::result::Result::Err;\n    |\n\nerror[E0425]: cannot find function, tuple struct or tuple variant `Err` in this scope\n   --> /Users/graysonnocera/.cargo/registry/src/index.crates.io-6f17d22bba15001f/base64-0.21.7/src/engine/general_purpose/decode_suffix.rs:107:24\n    |\n107 |                 return Err(DecodeError::InvalidPadding);\n    |                        ^^^ not found in this scope\n    |\nhelp: consider importing this tuple variant\n    |\n1   + use core::result::Result::Err;\n    |\n\nerror[E0425]: cannot find function, tuple struct or tuple variant `Err` in this scope\n   --> /Users/graysonnocera/.cargo/registry/src/index.crates.io-6f17d22bba15001f/base64-0.21.7/src/engine/general_purpose/decode_suffix.rs:143:16\n    |\n143 |         return Err(DecodeError::InvalidLastSymbol(\n    |                ^^^ not found in this scope\n    |\nhelp: consider importing this tuple variant\n    |\n1   + use core::result::Result::Err;\n    |\n\nerror[E0425]: cannot find function, tuple struct or tuple variant `Ok` in this scope\n   --> /Users/graysonnocera/.cargo/registry/src/index.crates.io-6f17d22bba15001f/base64-0.21.7/src/engine/general_purpose/decode_suffix.rs:160:5\n    |\n160 |     Ok(DecodeMetadata::new(\n    |     ^^ not found in this scope\n    |\nhelp: consider importing this tuple variant\n    |\n1   + use core::result::Result::Ok;\n    |\n\nerror[E0425]: cannot find function, tuple struct or tuple variant `Some` in this scope\n   --> /Users/graysonnocera/.cargo/registry/src/index.crates.io-6f17d22bba15001f/base64-0.21.7/src/engine/general_purpose/decode_suffix.rs:163:13\n    |\n163 |             Some(input_index + first_padding_index)\n    |             ^^^^ not found in this scope\n    |\nhelp: consider importing this tuple variant\n    |\n1   + use core::option::Option::Some;\n    |\n\nerror[E0425]: cannot find value `None` in this scope\n   --> /Users/graysonnocera/.cargo/registry/src/index.crates.io-6f17d22bba15001f/base64-0.21.7/src/engine/general_purpose/decode_suffix.rs:165:13\n    |\n165 |             None\n    |             ^^^^ not found in this scope\n    |\nhelp: consider importing this unit variant\n    |\n1   + use core::option::Option::None;\n    |\n\nerror[E0412]: cannot find type `Result` in this scope\n   --> /Users/graysonnocera/.cargo/registry/src/index.crates.io-6f17d22bba15001f/base64-0.21.7/src/engine/general_purpose/mod.rs:176:10\n    |\n176 |     ) -> Result<DecodeMetadata, DecodeError> {\n    |          ^^^^^^ not found in this scope\n    |\nhelp: consider importing one of these items\n    |\n2   + use core::fmt::Result;\n    |\n2   + use core::result::Result;\n    |\n2   + use alloc::fmt::Result;\n    |\n\nerror[E0405]: cannot find trait `Default` in this scope\n   --> /Users/graysonnocera/.cargo/registry/src/index.crates.io-6f17d22bba15001f/base64-0.21.7/src/engine/general_purpose/mod.rs:318:6\n    |\n318 | impl Default for GeneralPurposeConfig {\n    |      ^^^^^^^ not found in this scope\n    |\nhelp: consider importing this trait\n    |\n2   + use core::default::Default;\n    |\n\nerror[E0405]: cannot find trait `Send` in this scope\n  --> /Users/graysonnocera/.cargo/registry/src/index.crates.io-6f17d22bba15001f/base64-0.21.7/src/engine/mod.rs:39:19\n   |\n39 | pub trait Engine: Send + Sync {\n   |                   ^^^^ not found in this scope\n   |\nhelp: consider importing this trait\n   |\n2  + use core::marker::Send;\n   |\n\nerror[E0405]: cannot find trait `Sync` in this scope\n  --> /Users/graysonnocera/.cargo/registry/src/index.crates.io-6f17d22bba15001f/base64-0.21.7/src/engine/mod.rs:39:26\n   |\n39 | pub trait Engine: Send + Sync {\n   |                          ^^^^ not found in this scope\n   |\nhelp: consider importing this trait\n   |\n2  + use core::marker::Sync;\n   |\n\nerror[E0412]: cannot find type `Result` in this scope\n  --> /Users/graysonnocera/.cargo/registry/src/index.crates.io-6f17d22bba15001f/base64-0.21.7/src/engine/mod.rs:96:10\n   |\n96 |     ) -> Result<DecodeMetadata, DecodeError>;\n   |          ^^^^^^ not found in this scope\n   |\nhelp: consider importing one of these items\n   |\n2  + use core::fmt::Result;\n   |\n2  + use core::result::Result;\n   |\n2  + use alloc::fmt::Result;\n   |\n\nerror[E0405]: cannot find trait `AsRef` in this scope\n   --> /Users/graysonnocera/.cargo/registry/src/index.crates.io-6f17d22bba15001f/base64-0.21.7/src/engine/mod.rs:118:18\n    |\n118 |     fn encode<T: AsRef<[u8]>>(&self, input: T) -> String {\n    |                  ^^^^^ not found in this scope\n    |\nhelp: consider importing this trait\n    |\n2   + use core::convert::AsRef;\n    |\n\nerror[E0405]: cannot find trait `Sized` in this scope\n   --> /Users/graysonnocera/.cargo/registry/src/index.crates.io-6f17d22bba15001f/base64-0.21.7/src/engine/mod.rs:121:26\n    |\n121 |             E: Engine + ?Sized,\n    |                          ^^^^^ not found in this scope\n    |\nhelp: consider importing this trait\n    |\n2   + use core::marker::Sized;\n    |\n\nerror[E0405]: cannot find trait `AsRef` in this scope\n   --> /Users/graysonnocera/.cargo/registry/src/index.crates.io-6f17d22bba15001f/base64-0.21.7/src/engine/mod.rs:158:25\n    |\n158 |     fn encode_string<T: AsRef<[u8]>>(&self, input: T, output_buf: &mut String) {\n    |                         ^^^^^ not found in this scope\n    |\nhelp: consider importing this trait\n    |\n2   + use core::convert::AsRef;\n    |\n\nerror[E0405]: cannot find trait `Sized` in this scope\n   --> /Users/graysonnocera/.cargo/registry/src/index.crates.io-6f17d22bba15001f/base64-0.21.7/src/engine/mod.rs:161:26\n    |\n161 |             E: Engine + ?Sized,\n    |                          ^^^^^ not found in this scope\n    |\nhelp: consider importing this trait\n    |\n2   + use core::marker::Sized;\n    |\n\nerror[E0405]: cannot find trait `AsRef` in this scope\n   --> /Users/graysonnocera/.cargo/registry/src/index.crates.io-6f17d22bba15001f/base64-0.21.7/src/engine/mod.rs:197:24\n    |\n197 |     fn encode_slice<T: AsRef<[u8]>>(\n    |                        ^^^^^ not found in this scope\n    |\nhelp: consider importing this trait\n    |\n2   + use core::convert::AsRef;\n    |\n\nerror[E0412]: cannot find type `Result` in this scope\n   --> /Users/graysonnocera/.cargo/registry/src/index.crates.io-6f17d22bba15001f/base64-0.21.7/src/engine/mod.rs:201:10\n    |\n201 |     ) -> Result<usize, EncodeSliceError> {\n    |          ^^^^^^ not found in this scope\n    |\nhelp: consider importing one of these items\n    |\n2   + use core::fmt::Result;\n    |\n2   + use core::result::Result;\n    |\n2   + use alloc::fmt::Result;\n    |\n\nerror[E0405]: cannot find trait `Sized` in this scope\n   --> /Users/graysonnocera/.cargo/registry/src/index.crates.io-6f17d22bba15001f/base64-0.21.7/src/engine/mod.rs:208:26\n    |\n208 |             E: Engine + ?Sized,\n    |                          ^^^^^ not found in this scope\n    |\nhelp: consider importing this trait\n    |\n2   + use core::marker::Sized;\n    |\n\nerror[E0412]: cannot find type `Result` in this scope\n   --> /Users/graysonnocera/.cargo/registry/src/index.crates.io-6f17d22bba15001f/base64-0.21.7/src/engine/mod.rs:206:14\n    |\n206 |         ) -> Result<usize, EncodeSliceError>\n    |              ^^^^^^ not found in this scope\n    |\nhelp: consider importing one of these items\n    |\n2   + use core::fmt::Result;\n    |\n2   + use core::result::Result;\n    |\n2   + use alloc::fmt::Result;\n    |\n\nerror[E0425]: cannot find function, tuple struct or tuple variant `Err` in this scope\n   --> /Users/graysonnocera/.cargo/registry/src/index.crates.io-6f17d22bba15001f/base64-0.21.7/src/engine/mod.rs:214:24\n    |\n214 |                 return Err(EncodeSliceError::OutputSliceTooSmall);\n    |                        ^^^ not found in this scope\n    |\nhelp: consider importing this tuple variant\n    |\n2   + use core::result::Result::Err;\n    |\n\nerror[E0425]: cannot find function, tuple struct or tuple variant `Ok` in this scope\n   --> /Users/graysonnocera/.cargo/registry/src/index.crates.io-6f17d22bba15001f/base64-0.21.7/src/engine/mod.rs:221:13\n    |\n221 |             Ok(encoded_size)\n    |             ^^ not found in this scope\n    |\nhelp: consider importing this tuple variant\n    |\n2   + use core::result::Result::Ok;\n    |\n\nerror[E0405]: cannot find trait `AsRef` in this scope\n   --> /Users/graysonnocera/.cargo/registry/src/index.crates.io-6f17d22bba15001f/base64-0.21.7/src/engine/mod.rs:247:18\n    |\n247 |     fn decode<T: AsRef<[u8]>>(&self, input: T) -> Result<Vec<u8>, DecodeError> {\n    |                  ^^^^^ not found in this scope\n    |\nhelp: consider importing this trait\n    |\n2   + use core::convert::AsRef;\n    |\n\nerror[E0412]: cannot find type `Result` in this scope\n   --> /Users/graysonnocera/.cargo/registry/src/index.crates.io-6f17d22bba15001f/base64-0.21.7/src/engine/mod.rs:247:51\n    |\n247 |     fn decode<T: AsRef<[u8]>>(&self, input: T) -> Result<Vec<u8>, DecodeError> {\n    |                                                   ^^^^^^ not found in this scope\n    |\nhelp: consider importing one of these items\n    |\n2   + use core::fmt::Result;\n    |\n2   + use core::result::Result;\n    |\n2   + use alloc::fmt::Result;\n    |\n\nerror[E0405]: cannot find trait `Sized` in this scope\n   --> /Users/graysonnocera/.cargo/registry/src/index.crates.io-6f17d22bba15001f/base64-0.21.7/src/engine/mod.rs:250:26\n    |\n250 |             E: Engine + ?Sized,\n    |                          ^^^^^ not found in this scope\n    |\nhelp: consider importing this trait\n    |\n2   + use core::marker::Sized;\n    |\n\nerror[E0412]: cannot find type `Result` in this scope\n   --> /Users/graysonnocera/.cargo/registry/src/index.crates.io-6f17d22bba15001f/base64-0.21.7/src/engine/mod.rs:248:56\n    |\n248 |         fn inner<E>(engine: &E, input_bytes: &[u8]) -> Result<Vec<u8>, DecodeError>\n    |                                                        ^^^^^^ not found in this scope\n    |\nhelp: consider importing one of these items\n    |\n2   + use core::fmt::Result;\n    |\n2   + use core::result::Result;\n    |\n2   + use alloc::fmt::Result;\n    |\n\nerror[E0425]: cannot find function, tuple struct or tuple variant `Ok` in this scope\n   --> /Users/graysonnocera/.cargo/registry/src/index.crates.io-6f17d22bba15001f/base64-0.21.7/src/engine/mod.rs:261:13\n    |\n261 |             Ok(buffer)\n    |             ^^ not found in this scope\n    |\nhelp: consider importing this tuple variant\n    |\n2   + use core::result::Result::Ok;\n    |\n\nerror[E0405]: cannot find trait `AsRef` in this scope\n   --> /Users/graysonnocera/.cargo/registry/src/index.crates.io-6f17d22bba15001f/base64-0.21.7/src/engine/mod.rs:299:22\n    |\n299 |     fn decode_vec<T: AsRef<[u8]>>(\n    |                      ^^^^^ not found in this scope\n    |\nhelp: consider importing this trait\n    |\n2   + use core::convert::AsRef;\n    |\n\nerror[E0412]: cannot find type `Result` in this scope\n   --> /Users/graysonnocera/.cargo/registry/src/index.crates.io-6f17d22bba15001f/base64-0.21.7/src/engine/mod.rs:303:10\n    |\n303 |     ) -> Result<(), DecodeError> {\n    |          ^^^^^^ not found in this scope\n    |\nhelp: consider importing one of these items\n    |\n2   + use core::fmt::Result;\n    |\n2   + use core::result::Result;\n    |\n2   + use alloc::fmt::Result;\n    |\n\nerror[E0405]: cannot find trait `Sized` in this scope\n   --> /Users/graysonnocera/.cargo/registry/src/index.crates.io-6f17d22bba15001f/base64-0.21.7/src/engine/mod.rs:306:26\n    |\n306 |             E: Engine + ?Sized,\n    |                          ^^^^^ not found in this scope\n    |\nhelp: consider importing this trait\n    |\n2   + use core::marker::Sized;\n    |\n\nerror[E0412]: cannot find type `Result` in this scope\n   --> /Users/graysonnocera/.cargo/registry/src/index.crates.io-6f17d22bba15001f/base64-0.21.7/src/engine/mod.rs:304:78\n    |\n304 |         fn inner<E>(engine: &E, input_bytes: &[u8], buffer: &mut Vec<u8>) -> Result<(), DecodeError>\n    |                                                                              ^^^^^^ not found in this scope\n    |\nhelp: consider importing one of these items\n    |\n2   + use core::fmt::Result;\n    |\n2   + use core::result::Result;\n    |\n2   + use alloc::fmt::Result;\n    |\n\nerror[E0425]: cannot find function, tuple struct or tuple variant `Ok` in this scope\n   --> /Users/graysonnocera/.cargo/registry/src/index.crates.io-6f17d22bba15001f/base64-0.21.7/src/engine/mod.rs:326:13\n    |\n326 |             Ok(())\n    |             ^^ not found in this scope\n    |\nhelp: consider importing this tuple variant\n    |\n2   + use core::result::Result::Ok;\n    |\n\nerror[E0405]: cannot find trait `AsRef` in this scope\n   --> /Users/graysonnocera/.cargo/registry/src/index.crates.io-6f17d22bba15001f/base64-0.21.7/src/engine/mod.rs:344:24\n    |\n344 |     fn decode_slice<T: AsRef<[u8]>>(\n    |                        ^^^^^ not found in this scope\n    |\nhelp: consider importing this trait\n    |\n2   + use core::convert::AsRef;\n    |\n\nerror[E0412]: cannot find type `Result` in this scope\n   --> /Users/graysonnocera/.cargo/registry/src/index.crates.io-6f17d22bba15001f/base64-0.21.7/src/engine/mod.rs:348:10\n    |\n348 |     ) -> Result<usize, DecodeSliceError> {\n    |          ^^^^^^ not found in this scope\n    |\nhelp: consider importing one of these items\n    |\n2   + use core::fmt::Result;\n    |\n2   + use core::result::Result;\n    |\n2   + use alloc::fmt::Result;\n    |\n\nerror[E0405]: cannot find trait `Sized` in this scope\n   --> /Users/graysonnocera/.cargo/registry/src/index.crates.io-6f17d22bba15001f/base64-0.21.7/src/engine/mod.rs:355:26\n    |\n355 |             E: Engine + ?Sized,\n    |                          ^^^^^ not found in this scope\n    |\nhelp: consider importing this trait\n    |\n2   + use core::marker::Sized;\n    |\n\nerror[E0412]: cannot find type `Result` in this scope\n   --> /Users/graysonnocera/.cargo/registry/src/index.crates.io-6f17d22bba15001f/base64-0.21.7/src/engine/mod.rs:353:14\n    |\n353 |         ) -> Result<usize, DecodeSliceError>\n    |              ^^^^^^ not found in this scope\n    |\nhelp: consider importing one of these items\n    |\n2   + use core::fmt::Result;\n    |\n2   + use core::result::Result;\n    |\n2   + use alloc::fmt::Result;\n    |\n\nerror[E0425]: cannot find function, tuple struct or tuple variant `Err` in this scope\n   --> /Users/graysonnocera/.cargo/registry/src/index.crates.io-6f17d22bba15001f/base64-0.21.7/src/engine/mod.rs:360:24\n    |\n360 |                 return Err(DecodeSliceError::OutputSliceTooSmall);\n    |                        ^^^ not found in this scope\n    |\nhelp: consider importing this tuple variant\n    |\n2   + use core::result::Result::Err;\n    |\n\nerror[E0405]: cannot find trait `AsRef` in this scope\n   --> /Users/graysonnocera/.cargo/registry/src/index.crates.io-6f17d22bba15001f/base64-0.21.7/src/engine/mod.rs:387:34\n    |\n387 |     fn decode_slice_unchecked<T: AsRef<[u8]>>(\n    |                                  ^^^^^ not found in this scope\n    |\nhelp: consider importing this trait\n    |\n2   + use core::convert::AsRef;\n    |\n\nerror[E0412]: cannot find type `Result` in this scope\n   --> /Users/graysonnocera/.cargo/registry/src/index.crates.io-6f17d22bba15001f/base64-0.21.7/src/engine/mod.rs:391:10\n    |\n391 |     ) -> Result<usize, DecodeError> {\n    |          ^^^^^^ not found in this scope\n    |\nhelp: consider importing one of these items\n    |\n2   + use core::fmt::Result;\n    |\n2   + use core::result::Result;\n    |\n2   + use alloc::fmt::Result;\n    |\n\nerror[E0405]: cannot find trait `Sized` in this scope\n   --> /Users/graysonnocera/.cargo/registry/src/index.crates.io-6f17d22bba15001f/base64-0.21.7/src/engine/mod.rs:394:26\n    |\n394 |             E: Engine + ?Sized,\n    |                          ^^^^^ not found in this scope\n    |\nhelp: consider importing this trait\n    |\n2   + use core::marker::Sized;\n    |\n\nerror[E0412]: cannot find type `Result` in this scope\n   --> /Users/graysonnocera/.cargo/registry/src/index.crates.io-6f17d22bba15001f/base64-0.21.7/src/engine/mod.rs:392:75\n    |\n392 |         fn inner<E>(engine: &E, input_bytes: &[u8], output: &mut [u8]) -> Result<usize, DecodeError>\n    |                                                                           ^^^^^^ not found in this scope\n    |\nhelp: consider importing one of these items\n    |\n2   + use core::fmt::Result;\n    |\n2   + use core::result::Result;\n    |\n2   + use alloc::fmt::Result;\n    |\n\nerror[E0412]: cannot find type `Option` in this scope\n   --> /Users/graysonnocera/.cargo/registry/src/index.crates.io-6f17d22bba15001f/base64-0.21.7/src/engine/mod.rs:456:32\n    |\n456 |     pub(crate) padding_offset: Option<usize>,\n    |                                ^^^^^^ not found in this scope\n    |\nhelp: consider importing this enum\n    |\n2   + use core::option::Option;\n    |\n\nerror[E0412]: cannot find type `Option` in this scope\n   --> /Users/graysonnocera/.cargo/registry/src/index.crates.io-6f17d22bba15001f/base64-0.21.7/src/engine/mod.rs:460:60\n    |\n460 |     pub(crate) fn new(decoded_bytes: usize, padding_index: Option<usize>) -> Self {\n    |                                                            ^^^^^^ not found in this scope\n    |\nhelp: consider importing this enum\n    |\n2   + use core::option::Option;\n    |\n\nerror[E0412]: cannot find type `Result` in this scope\n  --> /Users/graysonnocera/.cargo/registry/src/index.crates.io-6f17d22bba15001f/base64-0.21.7/src/alphabet.rs:79:41\n   |\n79 |     pub const fn new(alphabet: &str) -> Result<Self, ParseAlphabetError> {\n   |                                         ^^^^^^ not found in this scope\n   |\nhelp: consider importing one of these items\n   |\n3  + use crate::alphabet::fmt::Result;\n   |\n3  + use core::fmt::Result;\n   |\n3  + use core::result::Result;\n   |\n3  + use alloc::fmt::Result;\n   |\n\nerror[E0425]: cannot find function, tuple struct or tuple variant `Err` in this scope\n  --> /Users/graysonnocera/.cargo/registry/src/index.crates.io-6f17d22bba15001f/base64-0.21.7/src/alphabet.rs:82:20\n   |\n82 |             return Err(ParseAlphabetError::InvalidLength);\n   |                    ^^^ not found in this scope\n   |\nhelp: consider importing this tuple variant\n   |\n3  + use core::result::Result::Err;\n   |\n\nerror[E0425]: cannot find function, tuple struct or tuple variant `Err` in this scope\n  --> /Users/graysonnocera/.cargo/registry/src/index.crates.io-6f17d22bba15001f/base64-0.21.7/src/alphabet.rs:93:28\n   |\n93 |                     return Err(ParseAlphabetError::UnprintableByte(byte));\n   |                            ^^^ not found in this scope\n   |\nhelp: consider importing this tuple variant\n   |\n3  + use core::result::Result::Err;\n   |\n\nerror[E0425]: cannot find function, tuple struct or tuple variant `Err` in this scope\n  --> /Users/graysonnocera/.cargo/registry/src/index.crates.io-6f17d22bba15001f/base64-0.21.7/src/alphabet.rs:97:28\n   |\n97 |                     return Err(ParseAlphabetError::ReservedByte(byte));\n   |                            ^^^ not found in this scope\n   |\nhelp: consider importing this tuple variant\n   |\n3  + use core::result::Result::Err;\n   |\n\nerror[E0425]: cannot find function, tuple struct or tuple variant `Err` in this scope\n   --> /Users/graysonnocera/.cargo/registry/src/index.crates.io-6f17d22bba15001f/base64-0.21.7/src/alphabet.rs:114:32\n    |\n114 |                         return Err(ParseAlphabetError::DuplicatedByte(byte));\n    |                                ^^^ not found in this scope\n    |\nhelp: consider importing this tuple variant\n    |\n3   + use core::result::Result::Err;\n    |\n\nerror[E0425]: cannot find function, tuple struct or tuple variant `Ok` in this scope\n   --> /Users/graysonnocera/.cargo/registry/src/index.crates.io-6f17d22bba15001f/base64-0.21.7/src/alphabet.rs:124:9\n    |\n124 |         Ok(Self::from_str_unchecked(alphabet))\n    |         ^^ not found in this scope\n    |\nhelp: consider importing this tuple variant\n    |\n3   + use core::result::Result::Ok;\n    |\n\nerror[E0412]: cannot find type `Result` in this scope\n   --> /Users/graysonnocera/.cargo/registry/src/index.crates.io-6f17d22bba15001f/base64-0.21.7/src/alphabet.rs:136:33\n    |\n136 |     fn try_from(value: &str) -> Result<Self, Self::Error> {\n    |                                 ^^^^^^ not found in this scope\n    |\nhelp: consider importing one of these items\n    |\n3   + use crate::alphabet::fmt::Result;\n    |\n3   + use core::fmt::Result;\n    |\n3   + use core::result::Result;\n    |\n3   + use alloc::fmt::Result;\n    |\n\nerror[E0405]: cannot find trait `AsRef` in this scope\n  --> /Users/graysonnocera/.cargo/registry/src/index.crates.io-6f17d22bba15001f/base64-0.21.7/src/encode.rs:18:18\n   |\n18 | pub fn encode<T: AsRef<[u8]>>(input: T) -> String {\n   |                  ^^^^^ not found in this scope\n   |\nhelp: consider importing this trait\n   |\n1  + use core::convert::AsRef;\n   |\n\nerror[E0405]: cannot find trait `AsRef` in this scope\n  --> /Users/graysonnocera/.cargo/registry/src/index.crates.io-6f17d22bba15001f/base64-0.21.7/src/encode.rs:28:36\n   |\n28 | pub fn encode_engine<E: Engine, T: AsRef<[u8]>>(input: T, engine: &E) -> String {\n   |                                    ^^^^^ not found in this scope\n   |\nhelp: consider importing this trait\n   |\n1  + use core::convert::AsRef;\n   |\n\nerror[E0405]: cannot find trait `AsRef` in this scope\n  --> /Users/graysonnocera/.cargo/registry/src/index.crates.io-6f17d22bba15001f/base64-0.21.7/src/encode.rs:38:43\n   |\n38 | pub fn encode_engine_string<E: Engine, T: AsRef<[u8]>>(\n   |                                           ^^^^^ not found in this scope\n   |\nhelp: consider importing this trait\n   |\n1  + use core::convert::AsRef;\n   |\n\nerror[E0405]: cannot find trait `AsRef` in this scope\n  --> /Users/graysonnocera/.cargo/registry/src/index.crates.io-6f17d22bba15001f/base64-0.21.7/src/encode.rs:51:42\n   |\n51 | pub fn encode_engine_slice<E: Engine, T: AsRef<[u8]>>(\n   |                                          ^^^^^ not found in this scope\n   |\nhelp: consider importing this trait\n   |\n1  + use core::convert::AsRef;\n   |\n\nerror[E0412]: cannot find type `Result` in this scope\n  --> /Users/graysonnocera/.cargo/registry/src/index.crates.io-6f17d22bba15001f/base64-0.21.7/src/encode.rs:55:6\n   |\n55 | ) -> Result<usize, EncodeSliceError> {\n   |      ^^^^^^ not found in this scope\n   |\nhelp: consider importing one of these items\n   |\n1  + use crate::encode::fmt::Result;\n   |\n1  + use core::fmt::Result;\n   |\n1  + use core::result::Result;\n   |\n1  + use alloc::fmt::Result;\n   |\n\nerror[E0405]: cannot find trait `Sized` in this scope\n  --> /Users/graysonnocera/.cargo/registry/src/index.crates.io-6f17d22bba15001f/base64-0.21.7/src/encode.rs:69:48\n   |\n69 | pub(crate) fn encode_with_padding<E: Engine + ?Sized>(\n   |                                                ^^^^^ not found in this scope\n   |\nhelp: consider importing this trait\n   |\n1  + use core::marker::Sized;\n   |\n\nerror[E0412]: cannot find type `Option` in this scope\n  --> /Users/graysonnocera/.cargo/registry/src/index.crates.io-6f17d22bba15001f/base64-0.21.7/src/encode.rs:97:62\n   |\n97 | pub const fn encoded_len(bytes_len: usize, padding: bool) -> Option<usize> {\n   |                                                              ^^^^^^ not found in this scope\n   |\nhelp: consider importing this enum\n   |\n1  + use core::option::Option;\n   |\n\nerror[E0531]: cannot find tuple struct or tuple variant `Some` in this scope\n   --> /Users/graysonnocera/.cargo/registry/src/index.crates.io-6f17d22bba15001f/base64-0.21.7/src/encode.rs:104:16\n    |\n104 |         if let Some(complete_chunk_output) = complete_input_chunks.checked_mul(4) {\n    |                ^^^^ not found in this scope\n    |\nhelp: consider importing this tuple variant\n    |\n1   + use core::option::Option::Some;\n    |\n\nerror[E0425]: cannot find value `None` in this scope\n   --> /Users/graysonnocera/.cargo/registry/src/index.crates.io-6f17d22bba15001f/base64-0.21.7/src/encode.rs:107:20\n    |\n107 |             return None;\n    |                    ^^^^ not found in this scope\n    |\nhelp: consider importing this unit variant\n    |\n1   + use core::option::Option::None;\n    |\n\nerror[E0425]: cannot find function, tuple struct or tuple variant `Some` in this scope\n   --> /Users/graysonnocera/.cargo/registry/src/index.crates.io-6f17d22bba15001f/base64-0.21.7/src/encode.rs:123:9\n    |\n123 |         Some(complete_chunk_output)\n    |         ^^^^ not found in this scope\n    |\nhelp: consider importing this tuple variant\n    |\n1   + use core::option::Option::Some;\n    |\n\nerror[E0412]: cannot find type `Option` in this scope\n  --> /Users/graysonnocera/.cargo/registry/src/index.crates.io-6f17d22bba15001f/base64-0.21.7/src/decode.rs:68:25\n   |\n68 |     fn source(&self) -> Option<&(dyn error::Error + 'static)> {\n   |                         ^^^^^^ not found in this scope\n   |\nhelp: consider importing this enum\n   |\n1  + use core::option::Option;\n   |\n\nerror[E0425]: cannot find function, tuple struct or tuple variant `Some` in this scope\n  --> /Users/graysonnocera/.cargo/registry/src/index.crates.io-6f17d22bba15001f/base64-0.21.7/src/decode.rs:70:49\n   |\n70 |             DecodeSliceError::DecodeError(e) => Some(e),\n   |                                                 ^^^^ not found in this scope\n   |\nhelp: consider importing this tuple variant\n   |\n1  + use core::option::Option::Some;\n   |\n\nerror[E0425]: cannot find value `None` in this scope\n  --> /Users/graysonnocera/.cargo/registry/src/index.crates.io-6f17d22bba15001f/base64-0.21.7/src/decode.rs:71:54\n   |\n71 |             DecodeSliceError::OutputSliceTooSmall => None,\n   |                                                      ^^^^ not found in this scope\n   |\nhelp: consider importing this unit variant\n   |\n1  + use core::option::Option::None;\n   |\n\nerror[E0405]: cannot find trait `From` in this scope\n  --> /Users/graysonnocera/.cargo/registry/src/index.crates.io-6f17d22bba15001f/base64-0.21.7/src/decode.rs:76:6\n   |\n76 | impl From<DecodeError> for DecodeSliceError {\n   |      ^^^^ not found in this scope\n   |\nhelp: consider importing this trait\n   |\n1  + use core::convert::From;\n   |\n\nerror[E0405]: cannot find trait `AsRef` in this scope\n  --> /Users/graysonnocera/.cargo/registry/src/index.crates.io-6f17d22bba15001f/base64-0.21.7/src/decode.rs:87:18\n   |\n87 | pub fn decode<T: AsRef<[u8]>>(input: T) -> Result<Vec<u8>, DecodeError> {\n   |                  ^^^^^ not found in this scope\n   |\nhelp: consider importing this trait\n   |\n1  + use core::convert::AsRef;\n   |\n\nerror[E0412]: cannot find type `Result` in this scope\n  --> /Users/graysonnocera/.cargo/registry/src/index.crates.io-6f17d22bba15001f/base64-0.21.7/src/decode.rs:87:44\n   |\n87 | pub fn decode<T: AsRef<[u8]>>(input: T) -> Result<Vec<u8>, DecodeError> {\n   |                                            ^^^^^^ not found in this scope\n   |\nhelp: consider importing one of these items\n   |\n1  + use crate::decode::fmt::Result;\n   |\n1  + use core::fmt::Result;\n   |\n1  + use core::result::Result;\n   |\n1  + use alloc::fmt::Result;\n   |\n\nerror[E0405]: cannot find trait `AsRef` in this scope\n  --> /Users/graysonnocera/.cargo/registry/src/index.crates.io-6f17d22bba15001f/base64-0.21.7/src/decode.rs:97:36\n   |\n97 | pub fn decode_engine<E: Engine, T: AsRef<[u8]>>(\n   |                                    ^^^^^ not found in this scope\n   |\nhelp: consider importing this trait\n   |\n1  + use core::convert::AsRef;\n   |\n\nerror[E0412]: cannot find type `Result` in this scope\n   --> /Users/graysonnocera/.cargo/registry/src/index.crates.io-6f17d22bba15001f/base64-0.21.7/src/decode.rs:100:6\n    |\n100 | ) -> Result<Vec<u8>, DecodeError> {\n    |      ^^^^^^ not found in this scope\n    |\nhelp: consider importing one of these items\n    |\n1   + use crate::decode::fmt::Result;\n    |\n1   + use core::fmt::Result;\n    |\n1   + use core::result::Result;\n    |\n1   + use alloc::fmt::Result;\n    |\n\nerror[E0405]: cannot find trait `AsRef` in this scope\n   --> /Users/graysonnocera/.cargo/registry/src/index.crates.io-6f17d22bba15001f/base64-0.21.7/src/decode.rs:109:40\n    |\n109 | pub fn decode_engine_vec<E: Engine, T: AsRef<[u8]>>(\n    |                                        ^^^^^ not found in this scope\n    |\nhelp: consider importing this trait\n    |\n1   + use core::convert::AsRef;\n    |\n\nerror[E0412]: cannot find type `Result` in this scope\n   --> /Users/graysonnocera/.cargo/registry/src/index.crates.io-6f17d22bba15001f/base64-0.21.7/src/decode.rs:113:6\n    |\n113 | ) -> Result<(), DecodeError> {\n    |      ^^^^^^ not found in this scope\n    |\nhelp: consider importing one of these items\n    |\n1   + use crate::decode::fmt::Result;\n    |\n1   + use core::fmt::Result;\n    |\n1   + use core::result::Result;\n    |\n1   + use alloc::fmt::Result;\n    |\n\nerror[E0405]: cannot find trait `AsRef` in this scope\n   --> /Users/graysonnocera/.cargo/registry/src/index.crates.io-6f17d22bba15001f/base64-0.21.7/src/decode.rs:121:42\n    |\n121 | pub fn decode_engine_slice<E: Engine, T: AsRef<[u8]>>(\n    |                                          ^^^^^ not found in this scope\n    |\nhelp: consider importing this trait\n    |\n1   + use core::convert::AsRef;\n    |\n\nerror[E0412]: cannot find type `Result` in this scope\n   --> /Users/graysonnocera/.cargo/registry/src/index.crates.io-6f17d22bba15001f/base64-0.21.7/src/decode.rs:125:6\n    |\n125 | ) -> Result<usize, DecodeSliceError> {\n    |      ^^^^^^ not found in this scope\n    |\nhelp: consider importing one of these items\n    |\n1   + use crate::decode::fmt::Result;\n    |\n1   + use core::fmt::Result;\n    |\n1   + use core::result::Result;\n    |\n1   + use alloc::fmt::Result;\n    |\n\nSome errors have detailed explanations: E0405, E0412, E0425, E0433, E0463, E0531.\nFor more information about an error, try `rustc --explain E0405`.\nerror: could not compile `base64` (lib) due to 201 previous errors\nwarning: build failed, waiting for other jobs to finish...\n",
      "stdout": ""
    },
    "features": [
      "std"
    ],
    "project": "../../../Downloads/695-Project/dataset/nostd-failed-crates/crates/concordium-cis2-6.0.0/src",
    "time_to_build": 3453,
    "time_to_solve": 97
  }
]