[
  {
    "built_with_features": null,
    "command": {
      "args": [
        "build",
        "--target",
        "thumbv7m-none-eabi",
        "--no-default-features"
      ],
      "code": 101,
      "stderr": "   Compiling getrandom v0.2.12\n   Compiling instant v0.1.12\n   Compiling cc v1.0.83\n   Compiling alloc-stdlib v0.2.2\n   Compiling memchr v2.7.1\n   Compiling syn v1.0.109\n   Compiling ppv-lite86 v0.2.17\n   Compiling crc32fast v1.3.2\n   Compiling paste v1.0.14\n   Compiling miniz_oxide v0.7.1\nerror[E0463]: can't find crate for `std`\n  |\n  = note: the `thumbv7m-none-eabi` target may not support the standard library\n  = note: `std` is required by `instant` because it does not declare `#![no_std]`\n\nerror[E0463]: can't find crate for `std`\n --> /Users/graysonnocera/.cargo/registry/src/index.crates.io-6f17d22bba15001f/getrandom-0.2.12/src/error_impls.rs:2:1\n  |\n2 | extern crate std;\n  | ^^^^^^^^^^^^^^^^^ can't find crate\n  |\n  = note: the `thumbv7m-none-eabi` target may not support the standard library\n\nerror: target is not supported, for more information see: https://docs.rs/getrandom/#unsupported-targets\n   --> /Users/graysonnocera/.cargo/registry/src/index.crates.io-6f17d22bba15001f/getrandom-0.2.12/src/lib.rs:296:9\n    |\n296 | /         compile_error!(\"target is not supported, for more information see: \\\n297 | |                         https://docs.rs/getrandom/#unsupported-targets\");\n    | |________________________________________________________________________^\n\nerror[E0463]: can't find crate for `std`\n  --> /Users/graysonnocera/.cargo/registry/src/index.crates.io-6f17d22bba15001f/instant-0.1.12/src/lib.rs:22:9\n   |\n22 | pub use std::time::Duration;\n   |         ^^^ can't find crate\n   |\n   = note: the `thumbv7m-none-eabi` target may not support the standard library\n\nerror[E0463]: can't find crate for `std`\n --> /Users/graysonnocera/.cargo/registry/src/index.crates.io-6f17d22bba15001f/instant-0.1.12/src/native.rs:1:20\n  |\n1 | pub type Instant = std::time::Instant;\n  |                    ^^^ can't find crate\n  |\n  = note: the `thumbv7m-none-eabi` target may not support the standard library\n\nerror[E0463]: can't find crate for `std`\n  |\n  = note: the `thumbv7m-none-eabi` target may not support the standard library\n  = note: `std` is required by `alloc_stdlib` because it does not declare `#![no_std]`\n\nerror[E0463]: can't find crate for `std`\n --> /Users/graysonnocera/.cargo/registry/src/index.crates.io-6f17d22bba15001f/instant-0.1.12/src/native.rs:2:23\n  |\n2 | pub type SystemTime = std::time::SystemTime;\n  |                       ^^^ can't find crate\n  |\n  = note: the `thumbv7m-none-eabi` target may not support the standard library\n\nerror[E0463]: can't find crate for `std`\n --> /Users/graysonnocera/.cargo/registry/src/index.crates.io-6f17d22bba15001f/instant-0.1.12/src/native.rs:6:5\n  |\n6 |     std::time::SystemTime::now().duration_since(std::time::SystemTime::UNIX_EPOCH)\n  |     ^^^ can't find crate\n  |\n  = note: the `thumbv7m-none-eabi` target may not support the standard library\n\nerror[E0463]: can't find crate for `std`\n --> /Users/graysonnocera/.cargo/registry/src/index.crates.io-6f17d22bba15001f/instant-0.1.12/src/native.rs:6:49\n  |\n6 |     std::time::SystemTime::now().duration_since(std::time::SystemTime::UNIX_EPOCH)\n  |                                                 ^^^ can't find crate\n  |\n  = note: the `thumbv7m-none-eabi` target may not support the standard library\n\nerror: cannot find macro `vec` in this scope\n  --> /Users/graysonnocera/.cargo/registry/src/index.crates.io-6f17d22bba15001f/alloc-stdlib-0.2.2/src/heap_alloc.rs:90:35\n   |\n90 |        let v : std::vec::Vec<T> = vec![self.default_value.clone();len];\n   |                                   ^^^\n\nerror: cannot find macro `vec` in this scope\n --> /Users/graysonnocera/.cargo/registry/src/index.crates.io-6f17d22bba15001f/alloc-stdlib-0.2.2/src/std_alloc.rs:9:8\n  |\n9 |        vec![T::default().clone();len].into()\n  |        ^^^\n\nerror: cannot find attribute `derive` in this scope\n --> /Users/graysonnocera/.cargo/registry/src/index.crates.io-6f17d22bba15001f/alloc-stdlib-0.2.2/src/std_alloc.rs:3:3\n  |\n3 | #[derive(Default, Clone, Copy, Debug)]\n  |   ^^^^^^\n\nFor more information about this error, try `rustc --explain E0463`.\nerror: could not compile `instant` (lib) due to 6 previous errors\nwarning: build failed, waiting for other jobs to finish...\nerror[E0463]: can't find crate for `std`\n  |\n  = note: the `thumbv7m-none-eabi` target may not support the standard library\n  = note: `std` is required by `crc32fast` because it does not declare `#![no_std]`\n\nerror: cannot find attribute `derive` in this scope\n --> /Users/graysonnocera/.cargo/registry/src/index.crates.io-6f17d22bba15001f/crc32fast-1.3.2/src/baseline.rs:3:3\n  |\n3 | #[derive(Clone)]\n  |   ^^^^^^\n\nerror: cannot find attribute `derive` in this scope\n  --> /Users/graysonnocera/.cargo/registry/src/index.crates.io-6f17d22bba15001f/crc32fast-1.3.2/src/specialized/mod.rs:13:11\n   |\n13 |         #[derive(Clone)]\n   |           ^^^^^^\n\nerror: cannot find attribute `derive` in this scope\n  --> /Users/graysonnocera/.cargo/registry/src/index.crates.io-6f17d22bba15001f/crc32fast-1.3.2/src/lib.rs:71:3\n   |\n71 | #[derive(Clone)]\n   |   ^^^^^^\n\nerror: cannot find attribute `derive` in this scope\n  --> /Users/graysonnocera/.cargo/registry/src/index.crates.io-6f17d22bba15001f/crc32fast-1.3.2/src/lib.rs:77:3\n   |\n77 | #[derive(Clone)]\n   |   ^^^^^^\n\nerror[E0433]: failed to resolve: use of undeclared crate or module `imp`\n   --> /Users/graysonnocera/.cargo/registry/src/index.crates.io-6f17d22bba15001f/getrandom-0.2.12/src/lib.rs:347:9\n    |\n347 |         imp::getrandom_inner(dest)?;\n    |         ^^^ use of undeclared crate or module `imp`\n\nSome errors have detailed explanations: E0433, E0463.\nFor more information about an error, try `rustc --explain E0433`.\nerror: could not compile `getrandom` (lib) due to 3 previous errors\nerror[E0405]: cannot find trait `From` in this scope\n  --> /Users/graysonnocera/.cargo/registry/src/index.crates.io-6f17d22bba15001f/alloc-stdlib-0.2.2/src/heap_alloc.rs:12:9\n   |\n12 | impl<T> From<Vec<T>> for WrapBox<T> {\n   |         ^^^^ not found in this scope\n\nerror[E0405]: cannot find trait `Into` in this scope\n  --> /Users/graysonnocera/.cargo/registry/src/index.crates.io-6f17d22bba15001f/alloc-stdlib-0.2.2/src/heap_alloc.rs:18:9\n   |\n18 | impl<T> Into<Box<[T]>> for WrapBox<T> {\n   |         ^^^^ not found in this scope\n\nerror[E0405]: cannot find trait `Default` in this scope\n  --> /Users/graysonnocera/.cargo/registry/src/index.crates.io-6f17d22bba15001f/alloc-stdlib-0.2.2/src/heap_alloc.rs:24:9\n   |\n24 | impl<T> Default for WrapBox<T> {\n   |         ^^^^^^^ not found in this scope\n\nerror[E0405]: cannot find trait `Clone` in this scope\n  --> /Users/graysonnocera/.cargo/registry/src/index.crates.io-6f17d22bba15001f/alloc-stdlib-0.2.2/src/heap_alloc.rs:70:26\n   |\n70 | pub struct HeapAlloc<T : Clone>{\n   |                          ^^^^^ not found in this scope\n\nerror[E0405]: cannot find trait `Default` in this scope\n  --> /Users/graysonnocera/.cargo/registry/src/index.crates.io-6f17d22bba15001f/alloc-stdlib-0.2.2/src/heap_alloc.rs:74:24\n   |\n74 | impl<T: Clone+Default> Default for HeapAlloc<T> {\n   |                        ^^^^^^^ not found in this scope\n\nerror[E0405]: cannot find trait `Clone` in this scope\n  --> /Users/graysonnocera/.cargo/registry/src/index.crates.io-6f17d22bba15001f/alloc-stdlib-0.2.2/src/heap_alloc.rs:74:9\n   |\n74 | impl<T: Clone+Default> Default for HeapAlloc<T> {\n   |         ^^^^^ not found in this scope\n\nerror[E0405]: cannot find trait `Default` in this scope\n  --> /Users/graysonnocera/.cargo/registry/src/index.crates.io-6f17d22bba15001f/alloc-stdlib-0.2.2/src/heap_alloc.rs:74:15\n   |\n74 | impl<T: Clone+Default> Default for HeapAlloc<T> {\n   |               ^^^^^^^ not found in this scope\n\nerror[E0405]: cannot find trait `Clone` in this scope\n  --> /Users/graysonnocera/.cargo/registry/src/index.crates.io-6f17d22bba15001f/alloc-stdlib-0.2.2/src/heap_alloc.rs:80:10\n   |\n80 | impl<T : Clone> HeapAlloc<T> {\n   |          ^^^^^ not found in this scope\n\nerror[E0405]: cannot find trait `Clone` in this scope\n  --> /Users/graysonnocera/.cargo/registry/src/index.crates.io-6f17d22bba15001f/alloc-stdlib-0.2.2/src/heap_alloc.rs:86:10\n   |\n86 | impl<T : Clone> super::Allocator<T> for HeapAlloc<T> {\n   |          ^^^^^ not found in this scope\n\nerror[E0405]: cannot find trait `Default` in this scope\n   --> /Users/graysonnocera/.cargo/registry/src/index.crates.io-6f17d22bba15001f/alloc-stdlib-0.2.2/src/heap_alloc.rs:106:1\n    |\n106 | define_stack_allocator_traits!(HeapPrealloc, heap);\n    | ^^^^^^^^^^^^^^^^^^^^^^^^^^^^^^^^^^^^^^^^^^^^^^^^^^ not found in this scope\n    |\n    = note: this error originates in the macro `define_stack_allocator_traits` (in Nightly builds, run with -Z macro-backtrace for more info)\n\nerror[E0405]: cannot find trait `Clone` in this scope\n   --> /Users/graysonnocera/.cargo/registry/src/index.crates.io-6f17d22bba15001f/alloc-stdlib-0.2.2/src/heap_alloc.rs:108:14\n    |\n108 | impl<'a, T : Clone+'a> HeapPrealloc<'a, T> {\n    |              ^^^^^ not found in this scope\n\nerror[E0405]: cannot find trait `Clone` in this scope\n --> /Users/graysonnocera/.cargo/registry/src/index.crates.io-6f17d22bba15001f/alloc-stdlib-0.2.2/src/std_alloc.rs:6:9\n  |\n6 | impl<T: Clone+Default> Allocator<T> for StandardAlloc {\n  |         ^^^^^ not found in this scope\n\nerror[E0405]: cannot find trait `Default` in this scope\n --> /Users/graysonnocera/.cargo/registry/src/index.crates.io-6f17d22bba15001f/alloc-stdlib-0.2.2/src/std_alloc.rs:6:15\n  |\n6 | impl<T: Clone+Default> Allocator<T> for StandardAlloc {\n  |               ^^^^^^^ not found in this scope\n\nerror[E0412]: cannot find type `Option` in this scope\n  --> /Users/graysonnocera/.cargo/registry/src/index.crates.io-6f17d22bba15001f/crc32fast-1.3.2/src/specialized/mod.rs:16:35\n   |\n16 |             pub fn new(_: u32) -> Option<Self> {\n   |                                   ^^^^^^ not found in this scope\n\nerror[E0425]: cannot find value `None` in this scope\n  --> /Users/graysonnocera/.cargo/registry/src/index.crates.io-6f17d22bba15001f/crc32fast-1.3.2/src/specialized/mod.rs:17:17\n   |\n17 |                 None\n   |                 ^^^^ not found in this scope\n\nerror[E0412]: cannot find type `Option` in this scope\n   --> /Users/graysonnocera/.cargo/registry/src/index.crates.io-6f17d22bba15001f/crc32fast-1.3.2/src/lib.rs:124:64\n    |\n124 |     pub fn internal_new_specialized(init: u32, amount: u64) -> Option<Self> {\n    |                                                                ^^^^^^ not found in this scope\n\nerror[E0531]: cannot find tuple struct or tuple variant `Some` in this scope\n   --> /Users/graysonnocera/.cargo/registry/src/index.crates.io-6f17d22bba15001f/crc32fast-1.3.2/src/lib.rs:126:20\n    |\n126 |             if let Some(state) = specialized::State::new(init) {\n    |                    ^^^^ not found in this scope\n\nerror[E0425]: cannot find value `None` in this scope\n   --> /Users/graysonnocera/.cargo/registry/src/index.crates.io-6f17d22bba15001f/crc32fast-1.3.2/src/lib.rs:133:9\n    |\n133 |         None\n    |         ^^^^ not found in this scope\n\nerror[E0405]: cannot find trait `Default` in this scope\n   --> /Users/graysonnocera/.cargo/registry/src/index.crates.io-6f17d22bba15001f/crc32fast-1.3.2/src/lib.rs:179:6\n    |\n179 | impl Default for Hasher {\n    |      ^^^^^^^ not found in this scope\n\nSome errors have detailed explanations: E0405, E0463.\nFor more information about an error, try `rustc --explain E0405`.\nerror: could not compile `alloc-stdlib` (lib) due to 17 previous errors\nerror[E0425]: cannot find function, tuple struct or tuple variant `Some` in this scope\n   --> /Users/graysonnocera/.cargo/registry/src/index.crates.io-6f17d22bba15001f/crc32fast-1.3.2/src/lib.rs:127:24\n    |\n127 |                 return Some(Hasher {\n    |                        ^^^^ not found in this scope\n\nSome errors have detailed explanations: E0405, E0412, E0425, E0463, E0531.\nerror: could not compile `crc32fast` (lib) due to 12 previous errors\n",
      "stdout": ""
    },
    "features": [],
    "project": "../../../Downloads/695-Project/dataset/nostd-failed-crates/crates/craftls-0.0.2+rustls.0.22.0/src",
    "time_to_build": 2056,
    "time_to_solve": 999
  }
]