[
  {
    "built_with_features": null,
    "command": {
      "args": [
        "build",
        "--target",
        "thumbv7m-none-eabi",
        "--no-default-features"
      ],
      "code": 101,
      "stderr": "   Compiling snafu v0.7.5\nerror[E0463]: can't find crate for `std`\n  |\n  = note: the `thumbv7m-none-eabi` target may not support the standard library\n  = note: `std` is required by `snafu` because it does not declare `#![no_std]`\n\nerror[E0463]: can't find crate for `std`\n --> /Users/graysonnocera/.cargo/registry/src/index.crates.io-6f17d22bba15001f/snafu-0.7.5/src/once_bool.rs:1:5\n  |\n1 | use std::sync::{\n  |     ^^^ can't find crate\n  |\n  = note: the `thumbv7m-none-eabi` target may not support the standard library\n\nerror[E0463]: can't find crate for `std`\n   --> /Users/graysonnocera/.cargo/registry/src/index.crates.io-6f17d22bba15001f/snafu-0.7.5/src/report.rs:344:9\n    |\n344 |     use std::env;\n    |         ^^^ can't find crate\n    |\n    = note: the `thumbv7m-none-eabi` target may not support the standard library\n\nerror[E0463]: can't find crate for `std`\n   --> /Users/graysonnocera/.cargo/registry/src/index.crates.io-6f17d22bba15001f/snafu-0.7.5/src/report.rs:395:13\n    |\n395 |         use std::mem;\n    |             ^^^ can't find crate\n    |\n    = note: the `thumbv7m-none-eabi` target may not support the standard library\n\nerror[E0463]: can't find crate for `std`\n   --> /Users/graysonnocera/.cargo/registry/src/index.crates.io-6f17d22bba15001f/snafu-0.7.5/src/lib.rs:354:9\n    |\n354 | pub use std::error::Error;\n    |         ^^^ can't find crate\n    |\n    = note: the `thumbv7m-none-eabi` target may not support the standard library\n\nerror[E0463]: can't find crate for `std`\n    --> /Users/graysonnocera/.cargo/registry/src/index.crates.io-6f17d22bba15001f/snafu-0.7.5/src/lib.rs:1225:9\n     |\n1225 |     use std::env;\n     |         ^^^ can't find crate\n     |\n     = note: the `thumbv7m-none-eabi` target may not support the standard library\n\nerror: cannot find macro `include_str` in this scope\n   --> /Users/graysonnocera/.cargo/registry/src/index.crates.io-6f17d22bba15001f/snafu-0.7.5/src/lib.rs:222:9\n    |\n222 |         include_str!(\"Snafu.md\"),\n    |         ^^^^^^^^^^^\n    |\nhelp: consider importing this macro\n    |\n218 +     use core::include_str;\n    |\n\nerror: cannot find attribute `derive` in this scope\n --> /Users/graysonnocera/.cargo/registry/src/index.crates.io-6f17d22bba15001f/snafu-0.7.5/src/backtrace_inert.rs:7:3\n  |\n7 | #[derive(Debug)]\n  |   ^^^^^^\n  |\nhelp: consider importing this attribute macro\n  |\n1 + use core::prelude::rust_2024::derive;\n  |\n\nerror: cannot find macro `write` in this scope\n  --> /Users/graysonnocera/.cargo/registry/src/index.crates.io-6f17d22bba15001f/snafu-0.7.5/src/backtrace_inert.rs:24:9\n   |\n24 |         write!(f, \"disabled backtrace\")\n   |         ^^^^^\n   |\nhelp: consider importing this macro\n   |\n1  + use core::write;\n   |\n\nerror: cannot find attribute `derive` in this scope\n --> /Users/graysonnocera/.cargo/registry/src/index.crates.io-6f17d22bba15001f/snafu-0.7.5/src/error_chain.rs:6:3\n  |\n6 | #[derive(Debug, Clone)]\n  |   ^^^^^^\n  |\nhelp: consider importing this attribute macro\n  |\n1 + use core::prelude::rust_2024::derive;\n  |\n\nerror: cannot find macro `writeln` in this scope\n   --> /Users/graysonnocera/.cargo/registry/src/index.crates.io-6f17d22bba15001f/snafu-0.7.5/src/report.rs:251:9\n    |\n251 |         writeln!(f, \"{}\", self.0)?;\n    |         ^^^^^^^\n    |\nhelp: consider importing this macro\n    |\n1   + use core::writeln;\n    |\n\nerror: cannot find macro `writeln` in this scope\n   --> /Users/graysonnocera/.cargo/registry/src/index.crates.io-6f17d22bba15001f/snafu-0.7.5/src/report.rs:258:18\n    |\n258 |             1 => writeln!(f, \"\\nCaused by this error:\")?,\n    |                  ^^^^^^^\n    |\nhelp: consider importing this macro\n    |\n1   + use core::writeln;\n    |\n\nerror: cannot find macro `writeln` in this scope\n   --> /Users/graysonnocera/.cargo/registry/src/index.crates.io-6f17d22bba15001f/snafu-0.7.5/src/report.rs:259:18\n    |\n259 |             _ => writeln!(f, \"\\nCaused by these errors (recent errors listed first):\")?,\n    |                  ^^^^^^^\n    |\nhelp: consider importing this macro\n    |\n1   + use core::writeln;\n    |\n\nerror: cannot find macro `writeln` in this scope\n   --> /Users/graysonnocera/.cargo/registry/src/index.crates.io-6f17d22bba15001f/snafu-0.7.5/src/report.rs:265:13\n    |\n265 |             writeln!(f, \"{:3}: {}\", i, source)?;\n    |             ^^^^^^^\n    |\nhelp: consider importing this macro\n    |\n1   + use core::writeln;\n    |\n\nerror: cannot find macro `writeln` in this scope\n   --> /Users/graysonnocera/.cargo/registry/src/index.crates.io-6f17d22bba15001f/snafu-0.7.5/src/report.rs:300:9\n    |\n300 |         writeln!(f, \"{}\", head)?;\n    |         ^^^^^^^\n    |\nhelp: consider importing this macro\n    |\n1   + use core::writeln;\n    |\n\nerror: cannot find macro `writeln` in this scope\n   --> /Users/graysonnocera/.cargo/registry/src/index.crates.io-6f17d22bba15001f/snafu-0.7.5/src/report.rs:304:18\n    |\n304 |             2 => writeln!(f, \"\\nCaused by this error:\")?,\n    |                  ^^^^^^^\n    |\nhelp: consider importing this macro\n    |\n1   + use core::writeln;\n    |\n\nerror: cannot find macro `writeln` in this scope\n   --> /Users/graysonnocera/.cargo/registry/src/index.crates.io-6f17d22bba15001f/snafu-0.7.5/src/report.rs:305:18\n    |\n305 |             _ => writeln!(f, \"\\nCaused by these errors (recent errors listed first):\")?,\n    |                  ^^^^^^^\n    |\nhelp: consider importing this macro\n    |\n1   + use core::writeln;\n    |\n\nerror: cannot find macro `writeln` in this scope\n   --> /Users/graysonnocera/.cargo/registry/src/index.crates.io-6f17d22bba15001f/snafu-0.7.5/src/report.rs:311:13\n    |\n311 |             writeln!(f, \"{:3}: {}\", i, msg)?;\n    |             ^^^^^^^\n    |\nhelp: consider importing this macro\n    |\n1   + use core::writeln;\n    |\n\nerror: cannot find macro `write` in this scope\n   --> /Users/graysonnocera/.cargo/registry/src/index.crates.io-6f17d22bba15001f/snafu-0.7.5/src/report.rs:315:13\n    |\n315 |             write!(f, \"\\nNOTE: \")?;\n    |             ^^^^^\n    |\nhelp: consider importing this macro\n    |\n1   + use core::write;\n    |\n\nerror: cannot find macro `write` in this scope\n   --> /Users/graysonnocera/.cargo/registry/src/index.crates.io-6f17d22bba15001f/snafu-0.7.5/src/report.rs:318:17\n    |\n318 |                 write!(\n    |                 ^^^^^\n    |\nhelp: consider importing this macro\n    |\n1   + use core::write;\n    |\n\nerror: cannot find macro `write` in this scope\n   --> /Users/graysonnocera/.cargo/registry/src/index.crates.io-6f17d22bba15001f/snafu-0.7.5/src/report.rs:324:17\n    |\n324 |                 write!(f, \"Some redundant information has been removed. \")?;\n    |                 ^^^^^\n    |\nhelp: consider importing this macro\n    |\n1   + use core::write;\n    |\n\nerror: cannot find macro `writeln` in this scope\n   --> /Users/graysonnocera/.cargo/registry/src/index.crates.io-6f17d22bba15001f/snafu-0.7.5/src/report.rs:327:13\n    |\n327 |             writeln!(\n    |             ^^^^^^^\n    |\nhelp: consider importing this macro\n    |\n1   + use core::writeln;\n    |\n\nerror: cannot find macro `include_str` in this scope\n   --> /Users/graysonnocera/.cargo/registry/src/index.crates.io-6f17d22bba15001f/snafu-0.7.5/src/lib.rs:280:5\n    |\n280 |     include_str!(\"Snafu.md\"),\n    |     ^^^^^^^^^^^\n    |\nhelp: consider importing this macro\n    |\n211 + use core::include_str;\n    |\n\nerror: cannot find macro `include_str` in this scope\n   --> /Users/graysonnocera/.cargo/registry/src/index.crates.io-6f17d22bba15001f/snafu-0.7.5/src/lib.rs:285:5\n    |\n285 |     include_str!(\"report.md\"),\n    |     ^^^^^^^^^^^\n    |\nhelp: consider importing this macro\n    |\n211 + use core::include_str;\n    |\n\nerror: cannot find macro `include_str` in this scope\n   --> /Users/graysonnocera/.cargo/registry/src/index.crates.io-6f17d22bba15001f/snafu-0.7.5/src/lib.rs:346:1\n    |\n346 | doc_comment::doctest!(\"../README.md\", readme_tests);\n    | ^^^^^^^^^^^^^^^^^^^^^^^^^^^^^^^^^^^^^^^^^^^^^^^^^^^\n    |\n    = note: this error originates in the macro `doc_comment::doctest` (in Nightly builds, run with -Z macro-backtrace for more info)\n\nerror: cannot find attribute `derive` in this scope\n    --> /Users/graysonnocera/.cargo/registry/src/index.crates.io-6f17d22bba15001f/snafu-0.7.5/src/lib.rs:1343:3\n     |\n1343 | #[derive(Copy, Clone)]\n     |   ^^^^^^\n     |\nhelp: consider importing this attribute macro\n     |\n211  + use core::prelude::rust_2024::derive;\n     |\n\nerror: cannot find macro `write` in this scope\n    --> /Users/graysonnocera/.cargo/registry/src/index.crates.io-6f17d22bba15001f/snafu-0.7.5/src/lib.rs:1403:9\n     |\n1403 |         write!(\n     |         ^^^^^\n     |\nhelp: consider importing this macro\n     |\n211  + use core::write;\n     |\n\nerror: cannot find attribute `derive` in this scope\n    --> /Users/graysonnocera/.cargo/registry/src/index.crates.io-6f17d22bba15001f/snafu-0.7.5/src/lib.rs:1464:3\n     |\n1464 | #[derive(Debug, Snafu)]\n     |   ^^^^^^\n     |\nhelp: consider importing this attribute macro\n     |\n211  + use core::prelude::rust_2024::derive;\n     |\n\nerror: cannot find attribute `snafu` in this scope\n    --> /Users/graysonnocera/.cargo/registry/src/index.crates.io-6f17d22bba15001f/snafu-0.7.5/src/lib.rs:1465:3\n     |\n1465 | #[snafu(crate_root(crate))]\n     |   ^^^^^\n\nerror: cannot find attribute `snafu` in this scope\n    --> /Users/graysonnocera/.cargo/registry/src/index.crates.io-6f17d22bba15001f/snafu-0.7.5/src/lib.rs:1466:3\n     |\n1466 | #[snafu(whatever)]\n     |   ^^^^^\n\nerror: cannot find attribute `snafu` in this scope\n    --> /Users/graysonnocera/.cargo/registry/src/index.crates.io-6f17d22bba15001f/snafu-0.7.5/src/lib.rs:1467:3\n     |\n1467 | #[snafu(display(\"{message}\"))]\n     |   ^^^^^\n\nerror: cannot find attribute `snafu` in this scope\n    --> /Users/graysonnocera/.cargo/registry/src/index.crates.io-6f17d22bba15001f/snafu-0.7.5/src/lib.rs:1468:3\n     |\n1468 | #[snafu(provide(opt, ref, chain, dyn std::error::Error => source.as_deref()))]\n     |   ^^^^^\n\nerror: cannot find attribute `snafu` in this scope\n    --> /Users/graysonnocera/.cargo/registry/src/index.crates.io-6f17d22bba15001f/snafu-0.7.5/src/lib.rs:1471:7\n     |\n1471 |     #[snafu(source(from(Box<dyn std::error::Error>, Some)))]\n     |       ^^^^^\n\nerror: cannot find attribute `snafu` in this scope\n    --> /Users/graysonnocera/.cargo/registry/src/index.crates.io-6f17d22bba15001f/snafu-0.7.5/src/lib.rs:1472:7\n     |\n1472 |     #[snafu(provide(false))]\n     |       ^^^^^\n\nerror[E0463]: can't find crate for `std`\n    --> /Users/graysonnocera/.cargo/registry/src/index.crates.io-6f17d22bba15001f/snafu-0.7.5/src/lib.rs:1473:28\n     |\n1473 |     source: Option<Box<dyn std::error::Error>>,\n     |                            ^^^ can't find crate\n     |\n     = note: the `thumbv7m-none-eabi` target may not support the standard library\n\nerror[E0412]: cannot find type `Option` in this scope\n  --> /Users/graysonnocera/.cargo/registry/src/index.crates.io-6f17d22bba15001f/snafu-0.7.5/src/backtrace_inert.rs:17:31\n   |\n17 |     fn as_backtrace(&self) -> Option<&Backtrace> {\n   |                               ^^^^^^ not found in this scope\n   |\nhelp: consider importing this enum\n   |\n1  + use core::option::Option;\n   |\n\nerror[E0425]: cannot find function, tuple struct or tuple variant `Some` in this scope\n  --> /Users/graysonnocera/.cargo/registry/src/index.crates.io-6f17d22bba15001f/snafu-0.7.5/src/backtrace_inert.rs:18:9\n   |\n18 |         Some(self)\n   |         ^^^^\n   |\nhelp: try calling `Some` as a method\n   |\n18 |         self.Some()\n   |\nhelp: consider importing this tuple variant\n   |\n1  + use core::option::Option::Some;\n   |\n\nerror[E0405]: cannot find trait `FnOnce` in this scope\n  --> /Users/graysonnocera/.cargo/registry/src/index.crates.io-6f17d22bba15001f/snafu-0.7.5/src/once_bool.rs:19:19\n   |\n19 |     pub fn get<F: FnOnce() -> bool>(&self, f: F) -> bool {\n   |                   ^^^^^^ not found in this scope\n   |\nhelp: consider importing this trait\n   |\n1  + use core::ops::FnOnce;\n   |\n\nerror[E0412]: cannot find type `Option` in this scope\n --> /Users/graysonnocera/.cargo/registry/src/index.crates.io-6f17d22bba15001f/snafu-0.7.5/src/error_chain.rs:8:12\n  |\n8 |     inner: Option<&'a dyn crate::Error>,\n  |            ^^^^^^ not found in this scope\n  |\nhelp: consider importing this enum\n  |\n1 + use core::option::Option;\n  |\n\nerror[E0425]: cannot find function, tuple struct or tuple variant `Some` in this scope\n  --> /Users/graysonnocera/.cargo/registry/src/index.crates.io-6f17d22bba15001f/snafu-0.7.5/src/error_chain.rs:14:30\n   |\n14 |         ChainCompat { inner: Some(error) }\n   |                              ^^^^ not found in this scope\n   |\nhelp: consider importing this tuple variant\n   |\n1  + use core::option::Option::Some;\n   |\n\nerror[E0405]: cannot find trait `Iterator` in this scope\n  --> /Users/graysonnocera/.cargo/registry/src/index.crates.io-6f17d22bba15001f/snafu-0.7.5/src/error_chain.rs:18:10\n   |\n18 | impl<'a> Iterator for ChainCompat<'a> {\n   |          ^^^^^^^^ not found in this scope\n   |\nhelp: consider importing this trait\n   |\n1  + use core::iter::Iterator;\n   |\n\nerror[E0412]: cannot find type `Option` in this scope\n  --> /Users/graysonnocera/.cargo/registry/src/index.crates.io-6f17d22bba15001f/snafu-0.7.5/src/error_chain.rs:21:27\n   |\n21 |     fn next(&mut self) -> Option<Self::Item> {\n   |                           ^^^^^^ not found in this scope\n   |\nhelp: consider importing this enum\n   |\n1  + use core::option::Option;\n   |\n\nerror[E0531]: cannot find tuple struct or tuple variant `Some` in this scope\n  --> /Users/graysonnocera/.cargo/registry/src/index.crates.io-6f17d22bba15001f/snafu-0.7.5/src/error_chain.rs:24:13\n   |\n24 |             Some(e) => {\n   |             ^^^^ not found in this scope\n   |\nhelp: consider importing this tuple variant\n   |\n1  + use core::option::Option::Some;\n   |\n\nerror[E0425]: cannot find function, tuple struct or tuple variant `Some` in this scope\n  --> /Users/graysonnocera/.cargo/registry/src/index.crates.io-6f17d22bba15001f/snafu-0.7.5/src/error_chain.rs:26:17\n   |\n26 |                 Some(e)\n   |                 ^^^^ not found in this scope\n   |\nhelp: consider importing this tuple variant\n   |\n1  + use core::option::Option::Some;\n   |\n\nerror[E0412]: cannot find type `Result` in this scope\n  --> /Users/graysonnocera/.cargo/registry/src/index.crates.io-6f17d22bba15001f/snafu-0.7.5/src/report.rs:67:22\n   |\n67 | pub struct Report<E>(Result<(), E>);\n   |                      ^^^^^^ not found in this scope\n   |\nhelp: consider importing one of these items\n   |\n1  + use crate::fmt::Result;\n   |\n1  + use core::fmt::Result;\n   |\n1  + use core::result::Result;\n   |\n\nerror[E0425]: cannot find function, tuple struct or tuple variant `Err` in this scope\n  --> /Users/graysonnocera/.cargo/registry/src/index.crates.io-6f17d22bba15001f/snafu-0.7.5/src/report.rs:90:14\n   |\n90 |         Self(Err(error))\n   |              ^^^ not found in this scope\n   |\nhelp: consider importing this tuple variant\n   |\n1  + use core::result::Result::Err;\n   |\n\nerror[E0405]: cannot find trait `FnOnce` in this scope\n   --> /Users/graysonnocera/.cargo/registry/src/index.crates.io-6f17d22bba15001f/snafu-0.7.5/src/report.rs:116:46\n    |\n116 |     pub fn capture_into_result<T>(body: impl FnOnce() -> Result<T, E>) -> Result<T, Self> {\n    |                                              ^^^^^^ not found in this scope\n    |\nhelp: consider importing this trait\n    |\n1   + use core::ops::FnOnce;\n    |\n\nerror[E0412]: cannot find type `Result` in this scope\n   --> /Users/graysonnocera/.cargo/registry/src/index.crates.io-6f17d22bba15001f/snafu-0.7.5/src/report.rs:116:58\n    |\n116 |     pub fn capture_into_result<T>(body: impl FnOnce() -> Result<T, E>) -> Result<T, Self> {\n    |                                                          ^^^^^^ not found in this scope\n    |\nhelp: consider importing one of these items\n    |\n1   + use crate::fmt::Result;\n    |\n1   + use core::fmt::Result;\n    |\n1   + use core::result::Result;\n    |\n\nerror[E0412]: cannot find type `Result` in this scope\n   --> /Users/graysonnocera/.cargo/registry/src/index.crates.io-6f17d22bba15001f/snafu-0.7.5/src/report.rs:116:75\n    |\n116 |     pub fn capture_into_result<T>(body: impl FnOnce() -> Result<T, E>) -> Result<T, Self> {\n    |                                                                           ^^^^^^ not found in this scope\n    |\nhelp: consider importing one of these items\n    |\n1   + use crate::fmt::Result;\n    |\n1   + use core::fmt::Result;\n    |\n1   + use core::result::Result;\n    |\n\nerror[E0405]: cannot find trait `FnOnce` in this scope\n   --> /Users/graysonnocera/.cargo/registry/src/index.crates.io-6f17d22bba15001f/snafu-0.7.5/src/report.rs:145:31\n    |\n145 |     pub fn capture(body: impl FnOnce() -> Result<(), E>) -> Self {\n    |                               ^^^^^^ not found in this scope\n    |\nhelp: consider importing this trait\n    |\n1   + use core::ops::FnOnce;\n    |\n\nerror[E0412]: cannot find type `Result` in this scope\n   --> /Users/graysonnocera/.cargo/registry/src/index.crates.io-6f17d22bba15001f/snafu-0.7.5/src/report.rs:145:43\n    |\n145 |     pub fn capture(body: impl FnOnce() -> Result<(), E>) -> Self {\n    |                                           ^^^^^^ not found in this scope\n    |\nhelp: consider importing one of these items\n    |\n1   + use crate::fmt::Result;\n    |\n1   + use core::fmt::Result;\n    |\n1   + use core::result::Result;\n    |\n\nerror[E0425]: cannot find function, tuple struct or tuple variant `Ok` in this scope\n   --> /Users/graysonnocera/.cargo/registry/src/index.crates.io-6f17d22bba15001f/snafu-0.7.5/src/report.rs:151:14\n    |\n151 |         Self(Ok(()))\n    |              ^^ not found in this scope\n    |\nhelp: consider importing this tuple variant\n    |\n1   + use core::result::Result::Ok;\n    |\n\nerror[E0405]: cannot find trait `From` in this scope\n   --> /Users/graysonnocera/.cargo/registry/src/index.crates.io-6f17d22bba15001f/snafu-0.7.5/src/report.rs:155:9\n    |\n155 | impl<E> From<Result<(), E>> for Report<E> {\n    |         ^^^^ not found in this scope\n    |\nhelp: consider importing this trait\n    |\n1   + use core::convert::From;\n    |\n\nerror[E0412]: cannot find type `Result` in this scope\n   --> /Users/graysonnocera/.cargo/registry/src/index.crates.io-6f17d22bba15001f/snafu-0.7.5/src/report.rs:155:14\n    |\n155 | impl<E> From<Result<(), E>> for Report<E> {\n    |              ^^^^^^ not found in this scope\n    |\nhelp: consider importing one of these items\n    |\n1   + use crate::fmt::Result;\n    |\n1   + use core::fmt::Result;\n    |\n1   + use core::result::Result;\n    |\n\nerror[E0412]: cannot find type `Result` in this scope\n   --> /Users/graysonnocera/.cargo/registry/src/index.crates.io-6f17d22bba15001f/snafu-0.7.5/src/report.rs:156:20\n    |\n156 |     fn from(other: Result<(), E>) -> Self {\n    |                    ^^^^^^ not found in this scope\n    |\nhelp: consider importing one of these items\n    |\n1   + use crate::fmt::Result;\n    |\n1   + use core::fmt::Result;\n    |\n1   + use core::result::Result;\n    |\n\nerror[E0531]: cannot find tuple struct or tuple variant `Err` in this scope\n   --> /Users/graysonnocera/.cargo/registry/src/index.crates.io-6f17d22bba15001f/snafu-0.7.5/src/report.rs:176:13\n    |\n176 |             Err(e) => fmt::Display::fmt(&ReportFormatter(e), f),\n    |             ^^^ not found in this scope\n    |\nhelp: consider importing this tuple variant\n    |\n1   + use core::result::Result::Err;\n    |\n\nerror[E0425]: cannot find function, tuple struct or tuple variant `Ok` in this scope\n   --> /Users/graysonnocera/.cargo/registry/src/index.crates.io-6f17d22bba15001f/snafu-0.7.5/src/report.rs:177:18\n    |\n177 |             _ => Ok(()),\n    |                  ^^ not found in this scope\n    |\nhelp: consider importing this tuple variant\n    |\n1   + use core::result::Result::Ok;\n    |\n\nerror[E0425]: cannot find function, tuple struct or tuple variant `Ok` in this scope\n   --> /Users/graysonnocera/.cargo/registry/src/index.crates.io-6f17d22bba15001f/snafu-0.7.5/src/report.rs:245:9\n    |\n245 |         Ok(())\n    |         ^^ not found in this scope\n    |\nhelp: consider importing this tuple variant\n    |\n1   + use core::result::Result::Ok;\n    |\n\nerror[E0412]: cannot find type `Result` in this scope\n   --> /Users/graysonnocera/.cargo/registry/src/index.crates.io-6f17d22bba15001f/snafu-0.7.5/src/report.rs:250:54\n    |\n250 |     fn error_trace(&self, f: &mut fmt::Formatter) -> Result<(), fmt::Error> {\n    |                                                      ^^^^^^ not found in this scope\n    |\nhelp: consider importing one of these items\n    |\n1   + use crate::fmt::Result;\n    |\n1   + use core::fmt::Result;\n    |\n1   + use core::result::Result;\n    |\n\nerror[E0425]: cannot find function, tuple struct or tuple variant `Ok` in this scope\n   --> /Users/graysonnocera/.cargo/registry/src/index.crates.io-6f17d22bba15001f/snafu-0.7.5/src/report.rs:268:9\n    |\n268 |         Ok(())\n    |         ^^ not found in this scope\n    |\nhelp: consider importing this tuple variant\n    |\n1   + use core::result::Result::Ok;\n    |\n\nerror[E0412]: cannot find type `Result` in this scope\n   --> /Users/graysonnocera/.cargo/registry/src/index.crates.io-6f17d22bba15001f/snafu-0.7.5/src/report.rs:272:62\n    |\n272 |     fn cleaned_error_trace(&self, f: &mut fmt::Formatter) -> Result<(), fmt::Error> {\n    |                                                              ^^^^^^ not found in this scope\n    |\nhelp: consider importing one of these items\n    |\n1   + use crate::fmt::Result;\n    |\n1   + use core::fmt::Result;\n    |\n1   + use core::result::Result;\n    |\n\nerror[E0412]: cannot find type `Vec` in this scope\n   --> /Users/graysonnocera/.cargo/registry/src/index.crates.io-6f17d22bba15001f/snafu-0.7.5/src/report.rs:277:31\n    |\n277 |         let cleaned_messages: Vec<_> = CleanedErrorText::new(self.0)\n    |                               ^^^ not found in this scope\n\nerror[E0425]: cannot find value `None` in this scope\n   --> /Users/graysonnocera/.cargo/registry/src/index.crates.io-6f17d22bba15001f/snafu-0.7.5/src/report.rs:281:21\n    |\n281 |                     None\n    |                     ^^^^ not found in this scope\n    |\nhelp: consider importing this unit variant\n    |\n1   + use core::option::Option::None;\n    |\n\nerror[E0425]: cannot find function, tuple struct or tuple variant `Some` in this scope\n   --> /Users/graysonnocera/.cargo/registry/src/index.crates.io-6f17d22bba15001f/snafu-0.7.5/src/report.rs:288:21\n    |\n288 |                     Some(msg)\n    |                     ^^^^ not found in this scope\n    |\nhelp: consider importing this tuple variant\n    |\n1   + use core::option::Option::Some;\n    |\n\nerror[E0531]: cannot find tuple struct or tuple variant `Some` in this scope\n   --> /Users/graysonnocera/.cargo/registry/src/index.crates.io-6f17d22bba15001f/snafu-0.7.5/src/report.rs:296:13\n    |\n296 |             Some(v) => v,\n    |             ^^^^ not found in this scope\n    |\nhelp: consider importing this tuple variant\n    |\n1   + use core::option::Option::Some;\n    |\n\nerror[E0425]: cannot find function, tuple struct or tuple variant `Ok` in this scope\n   --> /Users/graysonnocera/.cargo/registry/src/index.crates.io-6f17d22bba15001f/snafu-0.7.5/src/report.rs:297:28\n    |\n297 |             None => return Ok(()),\n    |                            ^^ not found in this scope\n    |\nhelp: consider importing this tuple variant\n    |\n1   + use core::result::Result::Ok;\n    |\n\nerror[E0425]: cannot find function, tuple struct or tuple variant `Ok` in this scope\n   --> /Users/graysonnocera/.cargo/registry/src/index.crates.io-6f17d22bba15001f/snafu-0.7.5/src/report.rs:334:9\n    |\n334 |         Ok(())\n    |         ^^ not found in this scope\n    |\nhelp: consider importing this tuple variant\n    |\n1   + use core::result::Result::Ok;\n    |\n\nerror[E0412]: cannot find type `Option` in this scope\n   --> /Users/graysonnocera/.cargo/registry/src/index.crates.io-6f17d22bba15001f/snafu-0.7.5/src/report.rs:379:33\n    |\n379 | pub struct CleanedErrorText<'a>(Option<CleanedErrorTextStep<'a>>);\n    |                                 ^^^^^^ not found in this scope\n    |\nhelp: consider importing this enum\n    |\n1   + use core::option::Option;\n    |\n\nerror[E0425]: cannot find function, tuple struct or tuple variant `Some` in this scope\n   --> /Users/graysonnocera/.cargo/registry/src/index.crates.io-6f17d22bba15001f/snafu-0.7.5/src/report.rs:385:14\n    |\n385 |         Self(Some(CleanedErrorTextStep::new(error)))\n    |              ^^^^ not found in this scope\n    |\nhelp: consider importing this tuple variant\n    |\n1   + use core::option::Option::Some;\n    |\n\nerror[E0405]: cannot find trait `Iterator` in this scope\n   --> /Users/graysonnocera/.cargo/registry/src/index.crates.io-6f17d22bba15001f/snafu-0.7.5/src/report.rs:390:10\n    |\n390 | impl<'a> Iterator for CleanedErrorText<'a> {\n    |          ^^^^^^^^ not found in this scope\n    |\nhelp: consider importing this trait\n    |\n1   + use core::iter::Iterator;\n    |\n\nerror[E0412]: cannot find type `String` in this scope\n   --> /Users/graysonnocera/.cargo/registry/src/index.crates.io-6f17d22bba15001f/snafu-0.7.5/src/report.rs:392:40\n    |\n392 |     type Item = (&'a dyn crate::Error, String, bool);\n    |                                        ^^^^^^ not found in this scope\n\nerror[E0412]: cannot find type `Option` in this scope\n   --> /Users/graysonnocera/.cargo/registry/src/index.crates.io-6f17d22bba15001f/snafu-0.7.5/src/report.rs:394:27\n    |\n394 |     fn next(&mut self) -> Option<Self::Item> {\n    |                           ^^^^^^ not found in this scope\n    |\nhelp: consider importing this enum\n    |\n1   + use core::option::Option;\n    |\n\nerror[E0433]: failed to resolve: use of undeclared type `Default`\n   --> /Users/graysonnocera/.cargo/registry/src/index.crates.io-6f17d22bba15001f/snafu-0.7.5/src/report.rs:398:65\n    |\n398 |         let mut error_text = mem::replace(&mut step.error_text, Default::default());\n    |                                                                 ^^^^^^^ use of undeclared type `Default`\n    |\nhelp: consider importing this trait\n    |\n1   + use core::default::Default;\n    |\n\nerror[E0531]: cannot find tuple struct or tuple variant `Some` in this scope\n   --> /Users/graysonnocera/.cargo/registry/src/index.crates.io-6f17d22bba15001f/snafu-0.7.5/src/report.rs:401:13\n    |\n401 |             Some(next_error) => {\n    |             ^^^^ not found in this scope\n    |\nhelp: consider importing this tuple variant\n    |\n1   + use core::option::Option::Some;\n    |\n\nerror[E0425]: cannot find function, tuple struct or tuple variant `Some` in this scope\n   --> /Users/graysonnocera/.cargo/registry/src/index.crates.io-6f17d22bba15001f/snafu-0.7.5/src/report.rs:412:26\n    |\n412 |                 self.0 = Some(CleanedErrorTextStep {\n    |                          ^^^^ not found in this scope\n    |\nhelp: consider importing this tuple variant\n    |\n1   + use core::option::Option::Some;\n    |\n\nerror[E0425]: cannot find function, tuple struct or tuple variant `Some` in this scope\n   --> /Users/graysonnocera/.cargo/registry/src/index.crates.io-6f17d22bba15001f/snafu-0.7.5/src/report.rs:417:17\n    |\n417 |                 Some((step.error, error_text, cleaned))\n    |                 ^^^^ not found in this scope\n    |\nhelp: consider importing this tuple variant\n    |\n1   + use core::option::Option::Some;\n    |\n\nerror[E0425]: cannot find function, tuple struct or tuple variant `Some` in this scope\n   --> /Users/graysonnocera/.cargo/registry/src/index.crates.io-6f17d22bba15001f/snafu-0.7.5/src/report.rs:419:21\n    |\n419 |             None => Some((step.error, error_text, false)),\n    |                     ^^^^ not found in this scope\n    |\nhelp: consider importing this tuple variant\n    |\n1   + use core::option::Option::Some;\n    |\n\nerror[E0412]: cannot find type `String` in this scope\n   --> /Users/graysonnocera/.cargo/registry/src/index.crates.io-6f17d22bba15001f/snafu-0.7.5/src/report.rs:427:17\n    |\n427 |     error_text: String,\n    |                 ^^^^^^ not found in this scope\n\nerror[E0405]: cannot find trait `Sized` in this scope\n   --> /Users/graysonnocera/.cargo/registry/src/index.crates.io-6f17d22bba15001f/snafu-0.7.5/src/lib.rs:531:28\n    |\n531 | pub trait ResultExt<T, E>: Sized {\n    |                            ^^^^^ not found in this scope\n    |\nhelp: consider importing this trait\n    |\n211 + use core::marker::Sized;\n    |\n\nerror[E0412]: cannot find type `Result` in this scope\n   --> /Users/graysonnocera/.cargo/registry/src/index.crates.io-6f17d22bba15001f/snafu-0.7.5/src/lib.rs:566:44\n    |\n566 |     fn context<C, E2>(self, context: C) -> Result<T, E2>\n    |                                            ^^^^^^ not found in this scope\n    |\nhelp: consider importing one of these items\n    |\n211 + use crate::fmt::Result;\n    |\n211 + use core::fmt::Result;\n    |\n211 + use core::result::Result;\n    |\n\nerror[E0405]: cannot find trait `FnOnce` in this scope\n   --> /Users/graysonnocera/.cargo/registry/src/index.crates.io-6f17d22bba15001f/snafu-0.7.5/src/lib.rs:607:12\n    |\n607 |         F: FnOnce(&mut E) -> C,\n    |            ^^^^^^ not found in this scope\n    |\nhelp: consider importing this trait\n    |\n211 + use core::ops::FnOnce;\n    |\n\nerror[E0412]: cannot find type `Result` in this scope\n   --> /Users/graysonnocera/.cargo/registry/src/index.crates.io-6f17d22bba15001f/snafu-0.7.5/src/lib.rs:605:52\n    |\n605 |     fn with_context<F, C, E2>(self, context: F) -> Result<T, E2>\n    |                                                    ^^^^^^ not found in this scope\n    |\nhelp: consider importing one of these items\n    |\n211 + use crate::fmt::Result;\n    |\n211 + use core::fmt::Result;\n    |\n211 + use core::result::Result;\n    |\n\nerror[E0405]: cannot find trait `Into` in this scope\n   --> /Users/graysonnocera/.cargo/registry/src/index.crates.io-6f17d22bba15001f/snafu-0.7.5/src/lib.rs:639:12\n    |\n639 |         S: Into<String>,\n    |            ^^^^ not found in this scope\n    |\nhelp: consider importing this trait\n    |\n211 + use core::convert::Into;\n    |\n\nerror[E0412]: cannot find type `String` in this scope\n   --> /Users/graysonnocera/.cargo/registry/src/index.crates.io-6f17d22bba15001f/snafu-0.7.5/src/lib.rs:639:17\n    |\n639 |         S: Into<String>,\n    |                 ^^^^^^ not found in this scope\n    |\nhelp: you might be missing a type parameter\n    |\n531 | pub trait ResultExt<T, E, String>: Sized {\n    |                         ++++++++\n\nerror[E0405]: cannot find trait `Into` in this scope\n   --> /Users/graysonnocera/.cargo/registry/src/index.crates.io-6f17d22bba15001f/snafu-0.7.5/src/lib.rs:641:12\n    |\n641 |         E: Into<E2::Source>;\n    |            ^^^^ not found in this scope\n    |\nhelp: consider importing this trait\n    |\n211 + use core::convert::Into;\n    |\n\nerror[E0412]: cannot find type `Result` in this scope\n   --> /Users/graysonnocera/.cargo/registry/src/index.crates.io-6f17d22bba15001f/snafu-0.7.5/src/lib.rs:637:53\n    |\n637 |     fn whatever_context<S, E2>(self, context: S) -> Result<T, E2>\n    |                                                     ^^^^^^ not found in this scope\n    |\nhelp: consider importing one of these items\n    |\n211 + use crate::fmt::Result;\n    |\n211 + use core::fmt::Result;\n    |\n211 + use core::result::Result;\n    |\n\nerror[E0405]: cannot find trait `FnOnce` in this scope\n   --> /Users/graysonnocera/.cargo/registry/src/index.crates.io-6f17d22bba15001f/snafu-0.7.5/src/lib.rs:683:12\n    |\n683 |         F: FnOnce(&mut E) -> S,\n    |            ^^^^^^ not found in this scope\n    |\nhelp: consider importing this trait\n    |\n211 + use core::ops::FnOnce;\n    |\n\nerror[E0405]: cannot find trait `Into` in this scope\n   --> /Users/graysonnocera/.cargo/registry/src/index.crates.io-6f17d22bba15001f/snafu-0.7.5/src/lib.rs:684:12\n    |\n684 |         S: Into<String>,\n    |            ^^^^ not found in this scope\n    |\nhelp: consider importing this trait\n    |\n211 + use core::convert::Into;\n    |\n\nerror[E0412]: cannot find type `String` in this scope\n   --> /Users/graysonnocera/.cargo/registry/src/index.crates.io-6f17d22bba15001f/snafu-0.7.5/src/lib.rs:684:17\n    |\n684 |         S: Into<String>,\n    |                 ^^^^^^ not found in this scope\n    |\nhelp: you might be missing a type parameter\n    |\n531 | pub trait ResultExt<T, E, String>: Sized {\n    |                         ++++++++\n\nerror[E0405]: cannot find trait `Into` in this scope\n   --> /Users/graysonnocera/.cargo/registry/src/index.crates.io-6f17d22bba15001f/snafu-0.7.5/src/lib.rs:686:12\n    |\n686 |         E: Into<E2::Source>;\n    |            ^^^^ not found in this scope\n    |\nhelp: consider importing this trait\n    |\n211 + use core::convert::Into;\n    |\n\nerror[E0412]: cannot find type `Result` in this scope\n   --> /Users/graysonnocera/.cargo/registry/src/index.crates.io-6f17d22bba15001f/snafu-0.7.5/src/lib.rs:681:61\n    |\n681 |     fn with_whatever_context<F, S, E2>(self, context: F) -> Result<T, E2>\n    |                                                             ^^^^^^ not found in this scope\n    |\nhelp: consider importing one of these items\n    |\n211 + use crate::fmt::Result;\n    |\n211 + use core::fmt::Result;\n    |\n211 + use core::result::Result;\n    |\n\nerror[E0412]: cannot find type `Result` in this scope\n   --> /Users/graysonnocera/.cargo/registry/src/index.crates.io-6f17d22bba15001f/snafu-0.7.5/src/lib.rs:689:32\n    |\n689 | impl<T, E> ResultExt<T, E> for Result<T, E> {\n    |                                ^^^^^^ not found in this scope\n    |\nhelp: consider importing one of these items\n    |\n211 + use crate::fmt::Result;\n    |\n211 + use core::fmt::Result;\n    |\n211 + use core::result::Result;\n    |\n\nerror[E0412]: cannot find type `Result` in this scope\n   --> /Users/graysonnocera/.cargo/registry/src/index.crates.io-6f17d22bba15001f/snafu-0.7.5/src/lib.rs:691:44\n    |\n691 |     fn context<C, E2>(self, context: C) -> Result<T, E2>\n    |                                            ^^^^^^ not found in this scope\n    |\nhelp: consider importing one of these items\n    |\n211 + use crate::fmt::Result;\n    |\n211 + use core::fmt::Result;\n    |\n211 + use core::result::Result;\n    |\n\nerror[E0531]: cannot find tuple struct or tuple variant `Ok` in this scope\n   --> /Users/graysonnocera/.cargo/registry/src/index.crates.io-6f17d22bba15001f/snafu-0.7.5/src/lib.rs:698:13\n    |\n698 |             Ok(v) => Ok(v),\n    |             ^^ not found in this scope\n    |\nhelp: consider importing this tuple variant\n    |\n211 + use core::result::Result::Ok;\n    |\n\nerror[E0425]: cannot find function, tuple struct or tuple variant `Ok` in this scope\n   --> /Users/graysonnocera/.cargo/registry/src/index.crates.io-6f17d22bba15001f/snafu-0.7.5/src/lib.rs:698:22\n    |\n698 |             Ok(v) => Ok(v),\n    |                      ^^ not found in this scope\n    |\nhelp: consider importing this tuple variant\n    |\n211 + use core::result::Result::Ok;\n    |\n\nerror[E0531]: cannot find tuple struct or tuple variant `Err` in this scope\n   --> /Users/graysonnocera/.cargo/registry/src/index.crates.io-6f17d22bba15001f/snafu-0.7.5/src/lib.rs:699:13\n    |\n699 |             Err(error) => Err(context.into_error(error)),\n    |             ^^^ not found in this scope\n    |\nhelp: consider importing this tuple variant\n    |\n211 + use core::result::Result::Err;\n    |\n\nerror[E0425]: cannot find function, tuple struct or tuple variant `Err` in this scope\n   --> /Users/graysonnocera/.cargo/registry/src/index.crates.io-6f17d22bba15001f/snafu-0.7.5/src/lib.rs:699:27\n    |\n699 |             Err(error) => Err(context.into_error(error)),\n    |                           ^^^ not found in this scope\n    |\nhelp: consider importing this tuple variant\n    |\n211 + use core::result::Result::Err;\n    |\n\nerror[E0405]: cannot find trait `FnOnce` in this scope\n   --> /Users/graysonnocera/.cargo/registry/src/index.crates.io-6f17d22bba15001f/snafu-0.7.5/src/lib.rs:706:12\n    |\n706 |         F: FnOnce(&mut E) -> C,\n    |            ^^^^^^ not found in this scope\n    |\nhelp: consider importing this trait\n    |\n211 + use core::ops::FnOnce;\n    |\n\nerror[E0412]: cannot find type `Result` in this scope\n   --> /Users/graysonnocera/.cargo/registry/src/index.crates.io-6f17d22bba15001f/snafu-0.7.5/src/lib.rs:704:52\n    |\n704 |     fn with_context<F, C, E2>(self, context: F) -> Result<T, E2>\n    |                                                    ^^^^^^ not found in this scope\n    |\nhelp: consider importing one of these items\n    |\n211 + use crate::fmt::Result;\n    |\n211 + use core::fmt::Result;\n    |\n211 + use core::result::Result;\n    |\n\nerror[E0531]: cannot find tuple struct or tuple variant `Ok` in this scope\n   --> /Users/graysonnocera/.cargo/registry/src/index.crates.io-6f17d22bba15001f/snafu-0.7.5/src/lib.rs:712:13\n    |\n712 |             Ok(v) => Ok(v),\n    |             ^^ not found in this scope\n    |\nhelp: consider importing this tuple variant\n    |\n211 + use core::result::Result::Ok;\n    |\n\nerror[E0425]: cannot find function, tuple struct or tuple variant `Ok` in this scope\n   --> /Users/graysonnocera/.cargo/registry/src/index.crates.io-6f17d22bba15001f/snafu-0.7.5/src/lib.rs:712:22\n    |\n712 |             Ok(v) => Ok(v),\n    |                      ^^ not found in this scope\n    |\nhelp: consider importing this tuple variant\n    |\n211 + use core::result::Result::Ok;\n    |\n\nerror[E0531]: cannot find tuple struct or tuple variant `Err` in this scope\n   --> /Users/graysonnocera/.cargo/registry/src/index.crates.io-6f17d22bba15001f/snafu-0.7.5/src/lib.rs:713:13\n    |\n713 |             Err(mut error) => {\n    |             ^^^ not found in this scope\n    |\nhelp: consider importing this tuple variant\n    |\n211 + use core::result::Result::Err;\n    |\n\nerror[E0425]: cannot find function, tuple struct or tuple variant `Err` in this scope\n   --> /Users/graysonnocera/.cargo/registry/src/index.crates.io-6f17d22bba15001f/snafu-0.7.5/src/lib.rs:715:17\n    |\n715 |                 Err(context.into_error(error))\n    |                 ^^^ not found in this scope\n    |\nhelp: consider importing this tuple variant\n    |\n211 + use core::result::Result::Err;\n    |\n\nerror[E0405]: cannot find trait `Into` in this scope\n   --> /Users/graysonnocera/.cargo/registry/src/index.crates.io-6f17d22bba15001f/snafu-0.7.5/src/lib.rs:724:12\n    |\n724 |         S: Into<String>,\n    |            ^^^^ not found in this scope\n    |\nhelp: consider importing this trait\n    |\n211 + use core::convert::Into;\n    |\n\nerror[E0412]: cannot find type `String` in this scope\n   --> /Users/graysonnocera/.cargo/registry/src/index.crates.io-6f17d22bba15001f/snafu-0.7.5/src/lib.rs:724:17\n    |\n724 |         S: Into<String>,\n    |                 ^^^^^^ not found in this scope\n    |\nhelp: you might be missing a type parameter\n    |\n689 | impl<T, E, String> ResultExt<T, E> for Result<T, E> {\n    |          ++++++++\n\nerror[E0405]: cannot find trait `Into` in this scope\n   --> /Users/graysonnocera/.cargo/registry/src/index.crates.io-6f17d22bba15001f/snafu-0.7.5/src/lib.rs:726:12\n    |\n726 |         E: Into<E2::Source>,\n    |            ^^^^ not found in this scope\n    |\nhelp: consider importing this trait\n    |\n211 + use core::convert::Into;\n    |\n\nerror[E0412]: cannot find type `Result` in this scope\n   --> /Users/graysonnocera/.cargo/registry/src/index.crates.io-6f17d22bba15001f/snafu-0.7.5/src/lib.rs:722:53\n    |\n722 |     fn whatever_context<S, E2>(self, context: S) -> Result<T, E2>\n    |                                                     ^^^^^^ not found in this scope\n    |\nhelp: consider importing one of these items\n    |\n211 + use crate::fmt::Result;\n    |\n211 + use core::fmt::Result;\n    |\n211 + use core::result::Result;\n    |\n\nerror[E0531]: cannot find tuple struct or tuple variant `Ok` in this scope\n   --> /Users/graysonnocera/.cargo/registry/src/index.crates.io-6f17d22bba15001f/snafu-0.7.5/src/lib.rs:730:13\n    |\n730 |             Ok(v) => Ok(v),\n    |             ^^ not found in this scope\n    |\nhelp: consider importing this tuple variant\n    |\n211 + use core::result::Result::Ok;\n    |\n\nerror[E0425]: cannot find function, tuple struct or tuple variant `Ok` in this scope\n   --> /Users/graysonnocera/.cargo/registry/src/index.crates.io-6f17d22bba15001f/snafu-0.7.5/src/lib.rs:730:22\n    |\n730 |             Ok(v) => Ok(v),\n    |                      ^^ not found in this scope\n    |\nhelp: consider importing this tuple variant\n    |\n211 + use core::result::Result::Ok;\n    |\n\nerror[E0531]: cannot find tuple struct or tuple variant `Err` in this scope\n   --> /Users/graysonnocera/.cargo/registry/src/index.crates.io-6f17d22bba15001f/snafu-0.7.5/src/lib.rs:731:13\n    |\n731 |             Err(error) => Err(FromString::with_source(error.into(), context.into())),\n    |             ^^^ not found in this scope\n    |\nhelp: consider importing this tuple variant\n    |\n211 + use core::result::Result::Err;\n    |\n\nerror[E0425]: cannot find function, tuple struct or tuple variant `Err` in this scope\n   --> /Users/graysonnocera/.cargo/registry/src/index.crates.io-6f17d22bba15001f/snafu-0.7.5/src/lib.rs:731:27\n    |\n731 |             Err(error) => Err(FromString::with_source(error.into(), context.into())),\n    |                           ^^^ not found in this scope\n    |\nhelp: consider importing this tuple variant\n    |\n211 + use core::result::Result::Err;\n    |\n\nerror[E0405]: cannot find trait `FnOnce` in this scope\n   --> /Users/graysonnocera/.cargo/registry/src/index.crates.io-6f17d22bba15001f/snafu-0.7.5/src/lib.rs:739:12\n    |\n739 |         F: FnOnce(&mut E) -> S,\n    |            ^^^^^^ not found in this scope\n    |\nhelp: consider importing this trait\n    |\n211 + use core::ops::FnOnce;\n    |\n\nerror[E0405]: cannot find trait `Into` in this scope\n   --> /Users/graysonnocera/.cargo/registry/src/index.crates.io-6f17d22bba15001f/snafu-0.7.5/src/lib.rs:740:12\n    |\n740 |         S: Into<String>,\n    |            ^^^^ not found in this scope\n    |\nhelp: consider importing this trait\n    |\n211 + use core::convert::Into;\n    |\n\nerror[E0412]: cannot find type `String` in this scope\n   --> /Users/graysonnocera/.cargo/registry/src/index.crates.io-6f17d22bba15001f/snafu-0.7.5/src/lib.rs:740:17\n    |\n740 |         S: Into<String>,\n    |                 ^^^^^^ not found in this scope\n    |\nhelp: you might be missing a type parameter\n    |\n689 | impl<T, E, String> ResultExt<T, E> for Result<T, E> {\n    |          ++++++++\n\nerror[E0405]: cannot find trait `Into` in this scope\n   --> /Users/graysonnocera/.cargo/registry/src/index.crates.io-6f17d22bba15001f/snafu-0.7.5/src/lib.rs:742:12\n    |\n742 |         E: Into<E2::Source>,\n    |            ^^^^ not found in this scope\n    |\nhelp: consider importing this trait\n    |\n211 + use core::convert::Into;\n    |\n\nerror[E0412]: cannot find type `Result` in this scope\n   --> /Users/graysonnocera/.cargo/registry/src/index.crates.io-6f17d22bba15001f/snafu-0.7.5/src/lib.rs:737:61\n    |\n737 |     fn with_whatever_context<F, S, E2>(self, context: F) -> Result<T, E2>\n    |                                                             ^^^^^^ not found in this scope\n    |\nhelp: consider importing one of these items\n    |\n211 + use crate::fmt::Result;\n    |\n211 + use core::fmt::Result;\n    |\n211 + use core::result::Result;\n    |\n\nerror[E0531]: cannot find tuple struct or tuple variant `Ok` in this scope\n   --> /Users/graysonnocera/.cargo/registry/src/index.crates.io-6f17d22bba15001f/snafu-0.7.5/src/lib.rs:746:13\n    |\n746 |             Ok(t) => Ok(t),\n    |             ^^ not found in this scope\n    |\nhelp: consider importing this tuple variant\n    |\n211 + use core::result::Result::Ok;\n    |\n\nerror[E0425]: cannot find function, tuple struct or tuple variant `Ok` in this scope\n   --> /Users/graysonnocera/.cargo/registry/src/index.crates.io-6f17d22bba15001f/snafu-0.7.5/src/lib.rs:746:22\n    |\n746 |             Ok(t) => Ok(t),\n    |                      ^^ not found in this scope\n    |\nhelp: consider importing this tuple variant\n    |\n211 + use core::result::Result::Ok;\n    |\n\nerror[E0531]: cannot find tuple struct or tuple variant `Err` in this scope\n   --> /Users/graysonnocera/.cargo/registry/src/index.crates.io-6f17d22bba15001f/snafu-0.7.5/src/lib.rs:747:13\n    |\n747 |             Err(mut e) => {\n    |             ^^^ not found in this scope\n    |\nhelp: consider importing this tuple variant\n    |\n211 + use core::result::Result::Err;\n    |\n\nerror[E0425]: cannot find function, tuple struct or tuple variant `Err` in this scope\n   --> /Users/graysonnocera/.cargo/registry/src/index.crates.io-6f17d22bba15001f/snafu-0.7.5/src/lib.rs:749:17\n    |\n749 |                 Err(FromString::with_source(e.into(), context.into()))\n    |                 ^^^ not found in this scope\n    |\nhelp: consider importing this tuple variant\n    |\n211 + use core::result::Result::Err;\n    |\n\nerror[E0405]: cannot find trait `Sized` in this scope\n   --> /Users/graysonnocera/.cargo/registry/src/index.crates.io-6f17d22bba15001f/snafu-0.7.5/src/lib.rs:763:25\n    |\n763 | pub trait OptionExt<T>: Sized {\n    |                         ^^^^^ not found in this scope\n    |\nhelp: consider importing this trait\n    |\n211 + use core::marker::Sized;\n    |\n\nerror[E0412]: cannot find type `Result` in this scope\n   --> /Users/graysonnocera/.cargo/registry/src/index.crates.io-6f17d22bba15001f/snafu-0.7.5/src/lib.rs:793:43\n    |\n793 |     fn context<C, E>(self, context: C) -> Result<T, E>\n    |                                           ^^^^^^ not found in this scope\n    |\nhelp: consider importing one of these items\n    |\n211 + use crate::fmt::Result;\n    |\n211 + use core::fmt::Result;\n    |\n211 + use core::result::Result;\n    |\n\nerror[E0405]: cannot find trait `FnOnce` in this scope\n   --> /Users/graysonnocera/.cargo/registry/src/index.crates.io-6f17d22bba15001f/snafu-0.7.5/src/lib.rs:835:12\n    |\n835 |         F: FnOnce() -> C,\n    |            ^^^^^^ not found in this scope\n    |\nhelp: consider importing this trait\n    |\n211 + use core::ops::FnOnce;\n    |\n\nerror[E0412]: cannot find type `Result` in this scope\n   --> /Users/graysonnocera/.cargo/registry/src/index.crates.io-6f17d22bba15001f/snafu-0.7.5/src/lib.rs:833:51\n    |\n833 |     fn with_context<F, C, E>(self, context: F) -> Result<T, E>\n    |                                                   ^^^^^^ not found in this scope\n    |\nhelp: consider importing one of these items\n    |\n211 + use crate::fmt::Result;\n    |\n211 + use core::fmt::Result;\n    |\n211 + use core::result::Result;\n    |\n\nerror[E0405]: cannot find trait `Into` in this scope\n   --> /Users/graysonnocera/.cargo/registry/src/index.crates.io-6f17d22bba15001f/snafu-0.7.5/src/lib.rs:866:12\n    |\n866 |         S: Into<String>,\n    |            ^^^^ not found in this scope\n    |\nhelp: consider importing this trait\n    |\n211 + use core::convert::Into;\n    |\n\nerror[E0412]: cannot find type `String` in this scope\n   --> /Users/graysonnocera/.cargo/registry/src/index.crates.io-6f17d22bba15001f/snafu-0.7.5/src/lib.rs:866:17\n    |\n866 |         S: Into<String>,\n    |                 ^^^^^^ not found in this scope\n    |\nhelp: you might be missing a type parameter\n    |\n763 | pub trait OptionExt<T, String>: Sized {\n    |                      ++++++++\n\nerror[E0412]: cannot find type `Result` in this scope\n   --> /Users/graysonnocera/.cargo/registry/src/index.crates.io-6f17d22bba15001f/snafu-0.7.5/src/lib.rs:864:52\n    |\n864 |     fn whatever_context<S, E>(self, context: S) -> Result<T, E>\n    |                                                    ^^^^^^ not found in this scope\n    |\nhelp: consider importing one of these items\n    |\n211 + use crate::fmt::Result;\n    |\n211 + use core::fmt::Result;\n    |\n211 + use core::result::Result;\n    |\n\nerror[E0405]: cannot find trait `FnOnce` in this scope\n   --> /Users/graysonnocera/.cargo/registry/src/index.crates.io-6f17d22bba15001f/snafu-0.7.5/src/lib.rs:909:12\n    |\n909 |         F: FnOnce() -> S,\n    |            ^^^^^^ not found in this scope\n    |\nhelp: consider importing this trait\n    |\n211 + use core::ops::FnOnce;\n    |\n\nerror[E0405]: cannot find trait `Into` in this scope\n   --> /Users/graysonnocera/.cargo/registry/src/index.crates.io-6f17d22bba15001f/snafu-0.7.5/src/lib.rs:910:12\n    |\n910 |         S: Into<String>,\n    |            ^^^^ not found in this scope\n    |\nhelp: consider importing this trait\n    |\n211 + use core::convert::Into;\n    |\n\nerror[E0412]: cannot find type `String` in this scope\n   --> /Users/graysonnocera/.cargo/registry/src/index.crates.io-6f17d22bba15001f/snafu-0.7.5/src/lib.rs:910:17\n    |\n910 |         S: Into<String>,\n    |                 ^^^^^^ not found in this scope\n    |\nhelp: you might be missing a type parameter\n    |\n763 | pub trait OptionExt<T, String>: Sized {\n    |                      ++++++++\n\nerror[E0412]: cannot find type `Result` in this scope\n   --> /Users/graysonnocera/.cargo/registry/src/index.crates.io-6f17d22bba15001f/snafu-0.7.5/src/lib.rs:907:60\n    |\n907 |     fn with_whatever_context<F, S, E>(self, context: F) -> Result<T, E>\n    |                                                            ^^^^^^ not found in this scope\n    |\nhelp: consider importing one of these items\n    |\n211 + use crate::fmt::Result;\n    |\n211 + use core::fmt::Result;\n    |\n211 + use core::result::Result;\n    |\n\nerror[E0412]: cannot find type `Option` in this scope\n   --> /Users/graysonnocera/.cargo/registry/src/index.crates.io-6f17d22bba15001f/snafu-0.7.5/src/lib.rs:914:26\n    |\n914 | impl<T> OptionExt<T> for Option<T> {\n    |                          ^^^^^^ not found in this scope\n    |\nhelp: consider importing this enum\n    |\n211 + use core::option::Option;\n    |\n\nerror[E0412]: cannot find type `Result` in this scope\n   --> /Users/graysonnocera/.cargo/registry/src/index.crates.io-6f17d22bba15001f/snafu-0.7.5/src/lib.rs:916:43\n    |\n916 |     fn context<C, E>(self, context: C) -> Result<T, E>\n    |                                           ^^^^^^ not found in this scope\n    |\nhelp: consider importing one of these items\n    |\n211 + use crate::fmt::Result;\n    |\n211 + use core::fmt::Result;\n    |\n211 + use core::result::Result;\n    |\n\nerror[E0531]: cannot find tuple struct or tuple variant `Some` in this scope\n   --> /Users/graysonnocera/.cargo/registry/src/index.crates.io-6f17d22bba15001f/snafu-0.7.5/src/lib.rs:923:13\n    |\n923 |             Some(v) => Ok(v),\n    |             ^^^^ not found in this scope\n    |\nhelp: consider importing this tuple variant\n    |\n211 + use core::option::Option::Some;\n    |\n\nerror[E0425]: cannot find function, tuple struct or tuple variant `Ok` in this scope\n   --> /Users/graysonnocera/.cargo/registry/src/index.crates.io-6f17d22bba15001f/snafu-0.7.5/src/lib.rs:923:24\n    |\n923 |             Some(v) => Ok(v),\n    |                        ^^ not found in this scope\n    |\nhelp: consider importing this tuple variant\n    |\n211 + use core::result::Result::Ok;\n    |\n\nerror[E0425]: cannot find function, tuple struct or tuple variant `Err` in this scope\n   --> /Users/graysonnocera/.cargo/registry/src/index.crates.io-6f17d22bba15001f/snafu-0.7.5/src/lib.rs:924:21\n    |\n924 |             None => Err(context.into_error(NoneError)),\n    |                     ^^^ not found in this scope\n    |\nhelp: consider importing this tuple variant\n    |\n211 + use core::result::Result::Err;\n    |\n\nerror[E0405]: cannot find trait `FnOnce` in this scope\n   --> /Users/graysonnocera/.cargo/registry/src/index.crates.io-6f17d22bba15001f/snafu-0.7.5/src/lib.rs:931:12\n    |\n931 |         F: FnOnce() -> C,\n    |            ^^^^^^ not found in this scope\n    |\nhelp: consider importing this trait\n    |\n211 + use core::ops::FnOnce;\n    |\n\nerror[E0412]: cannot find type `Result` in this scope\n   --> /Users/graysonnocera/.cargo/registry/src/index.crates.io-6f17d22bba15001f/snafu-0.7.5/src/lib.rs:929:51\n    |\n929 |     fn with_context<F, C, E>(self, context: F) -> Result<T, E>\n    |                                                   ^^^^^^ not found in this scope\n    |\nhelp: consider importing one of these items\n    |\n211 + use crate::fmt::Result;\n    |\n211 + use core::fmt::Result;\n    |\n211 + use core::result::Result;\n    |\n\nerror[E0531]: cannot find tuple struct or tuple variant `Some` in this scope\n   --> /Users/graysonnocera/.cargo/registry/src/index.crates.io-6f17d22bba15001f/snafu-0.7.5/src/lib.rs:937:13\n    |\n937 |             Some(v) => Ok(v),\n    |             ^^^^ not found in this scope\n    |\nhelp: consider importing this tuple variant\n    |\n211 + use core::option::Option::Some;\n    |\n\nerror[E0425]: cannot find function, tuple struct or tuple variant `Ok` in this scope\n   --> /Users/graysonnocera/.cargo/registry/src/index.crates.io-6f17d22bba15001f/snafu-0.7.5/src/lib.rs:937:24\n    |\n937 |             Some(v) => Ok(v),\n    |                        ^^ not found in this scope\n    |\nhelp: consider importing this tuple variant\n    |\n211 + use core::result::Result::Ok;\n    |\n\nerror[E0425]: cannot find function, tuple struct or tuple variant `Err` in this scope\n   --> /Users/graysonnocera/.cargo/registry/src/index.crates.io-6f17d22bba15001f/snafu-0.7.5/src/lib.rs:938:21\n    |\n938 |             None => Err(context().into_error(NoneError)),\n    |                     ^^^ not found in this scope\n    |\nhelp: consider importing this tuple variant\n    |\n211 + use core::result::Result::Err;\n    |\n\nerror[E0405]: cannot find trait `Into` in this scope\n   --> /Users/graysonnocera/.cargo/registry/src/index.crates.io-6f17d22bba15001f/snafu-0.7.5/src/lib.rs:946:12\n    |\n946 |         S: Into<String>,\n    |            ^^^^ not found in this scope\n    |\nhelp: consider importing this trait\n    |\n211 + use core::convert::Into;\n    |\n\nerror[E0412]: cannot find type `String` in this scope\n   --> /Users/graysonnocera/.cargo/registry/src/index.crates.io-6f17d22bba15001f/snafu-0.7.5/src/lib.rs:946:17\n    |\n946 |         S: Into<String>,\n    |                 ^^^^^^ not found in this scope\n    |\nhelp: you might be missing a type parameter\n    |\n914 | impl<T, String> OptionExt<T> for Option<T> {\n    |       ++++++++\n\nerror[E0412]: cannot find type `Result` in this scope\n   --> /Users/graysonnocera/.cargo/registry/src/index.crates.io-6f17d22bba15001f/snafu-0.7.5/src/lib.rs:944:52\n    |\n944 |     fn whatever_context<S, E>(self, context: S) -> Result<T, E>\n    |                                                    ^^^^^^ not found in this scope\n    |\nhelp: consider importing one of these items\n    |\n211 + use crate::fmt::Result;\n    |\n211 + use core::fmt::Result;\n    |\n211 + use core::result::Result;\n    |\n\nerror[E0531]: cannot find tuple struct or tuple variant `Some` in this scope\n   --> /Users/graysonnocera/.cargo/registry/src/index.crates.io-6f17d22bba15001f/snafu-0.7.5/src/lib.rs:950:13\n    |\n950 |             Some(v) => Ok(v),\n    |             ^^^^ not found in this scope\n    |\nhelp: consider importing this tuple variant\n    |\n211 + use core::option::Option::Some;\n    |\n\nerror[E0425]: cannot find function, tuple struct or tuple variant `Ok` in this scope\n   --> /Users/graysonnocera/.cargo/registry/src/index.crates.io-6f17d22bba15001f/snafu-0.7.5/src/lib.rs:950:24\n    |\n950 |             Some(v) => Ok(v),\n    |                        ^^ not found in this scope\n    |\nhelp: consider importing this tuple variant\n    |\n211 + use core::result::Result::Ok;\n    |\n\nerror[E0425]: cannot find function, tuple struct or tuple variant `Err` in this scope\n   --> /Users/graysonnocera/.cargo/registry/src/index.crates.io-6f17d22bba15001f/snafu-0.7.5/src/lib.rs:951:21\n    |\n951 |             None => Err(FromString::without_source(context.into())),\n    |                     ^^^ not found in this scope\n    |\nhelp: consider importing this tuple variant\n    |\n211 + use core::result::Result::Err;\n    |\n\nerror[E0405]: cannot find trait `FnOnce` in this scope\n   --> /Users/graysonnocera/.cargo/registry/src/index.crates.io-6f17d22bba15001f/snafu-0.7.5/src/lib.rs:959:12\n    |\n959 |         F: FnOnce() -> S,\n    |            ^^^^^^ not found in this scope\n    |\nhelp: consider importing this trait\n    |\n211 + use core::ops::FnOnce;\n    |\n\nerror[E0405]: cannot find trait `Into` in this scope\n   --> /Users/graysonnocera/.cargo/registry/src/index.crates.io-6f17d22bba15001f/snafu-0.7.5/src/lib.rs:960:12\n    |\n960 |         S: Into<String>,\n    |            ^^^^ not found in this scope\n    |\nhelp: consider importing this trait\n    |\n211 + use core::convert::Into;\n    |\n\nerror[E0412]: cannot find type `String` in this scope\n   --> /Users/graysonnocera/.cargo/registry/src/index.crates.io-6f17d22bba15001f/snafu-0.7.5/src/lib.rs:960:17\n    |\n960 |         S: Into<String>,\n    |                 ^^^^^^ not found in this scope\n    |\nhelp: you might be missing a type parameter\n    |\n914 | impl<T, String> OptionExt<T> for Option<T> {\n    |       ++++++++\n\nerror[E0412]: cannot find type `Result` in this scope\n   --> /Users/graysonnocera/.cargo/registry/src/index.crates.io-6f17d22bba15001f/snafu-0.7.5/src/lib.rs:957:60\n    |\n957 |     fn with_whatever_context<F, S, E>(self, context: F) -> Result<T, E>\n    |                                                            ^^^^^^ not found in this scope\n    |\nhelp: consider importing one of these items\n    |\n211 + use crate::fmt::Result;\n    |\n211 + use core::fmt::Result;\n    |\n211 + use core::result::Result;\n    |\n\nerror[E0531]: cannot find tuple struct or tuple variant `Some` in this scope\n   --> /Users/graysonnocera/.cargo/registry/src/index.crates.io-6f17d22bba15001f/snafu-0.7.5/src/lib.rs:964:13\n    |\n964 |             Some(v) => Ok(v),\n    |             ^^^^ not found in this scope\n    |\nhelp: consider importing this tuple variant\n    |\n211 + use core::option::Option::Some;\n    |\n\nerror[E0425]: cannot find function, tuple struct or tuple variant `Ok` in this scope\n   --> /Users/graysonnocera/.cargo/registry/src/index.crates.io-6f17d22bba15001f/snafu-0.7.5/src/lib.rs:964:24\n    |\n964 |             Some(v) => Ok(v),\n    |                        ^^ not found in this scope\n    |\nhelp: consider importing this tuple variant\n    |\n211 + use core::result::Result::Ok;\n    |\n\nerror[E0425]: cannot find function, tuple struct or tuple variant `Err` in this scope\n   --> /Users/graysonnocera/.cargo/registry/src/index.crates.io-6f17d22bba15001f/snafu-0.7.5/src/lib.rs:967:17\n    |\n967 |                 Err(FromString::without_source(context.into()))\n    |                 ^^^ not found in this scope\n    |\nhelp: consider importing this tuple variant\n    |\n211 + use core::result::Result::Err;\n    |\n\nerror[E0412]: cannot find type `Option` in this scope\n   --> /Users/graysonnocera/.cargo/registry/src/index.crates.io-6f17d22bba15001f/snafu-0.7.5/src/lib.rs:990:28\n    |\n990 |     fn backtrace(&self) -> Option<&Backtrace> {\n    |                            ^^^^^^ not found in this scope\n    |\nhelp: consider importing this enum\n    |\n211 + use core::option::Option;\n    |\n\nerror[E0425]: cannot find value `None` in this scope\n   --> /Users/graysonnocera/.cargo/registry/src/index.crates.io-6f17d22bba15001f/snafu-0.7.5/src/lib.rs:991:9\n    |\n991 |         None\n    |         ^^^^ not found in this scope\n    |\nhelp: consider importing this unit variant\n    |\n211 + use core::option::Option::None;\n    |\n\nerror[E0412]: cannot find type `Option` in this scope\n    --> /Users/graysonnocera/.cargo/registry/src/index.crates.io-6f17d22bba15001f/snafu-0.7.5/src/lib.rs:1012:28\n     |\n1012 |     fn backtrace(&self) -> Option<&Backtrace> {\n     |                            ^^^^^^ not found in this scope\n     |\nhelp: consider importing this enum\n     |\n211  + use core::option::Option;\n     |\n\nerror[E0412]: cannot find type `Box` in this scope\n    --> /Users/graysonnocera/.cargo/registry/src/index.crates.io-6f17d22bba15001f/snafu-0.7.5/src/lib.rs:1018:25\n     |\n1018 | impl<E> ErrorCompat for Box<E>\n     |                         ^^^ not found in this scope\n\nerror[E0412]: cannot find type `Option` in this scope\n    --> /Users/graysonnocera/.cargo/registry/src/index.crates.io-6f17d22bba15001f/snafu-0.7.5/src/lib.rs:1022:28\n     |\n1022 |     fn backtrace(&self) -> Option<&Backtrace> {\n     |                            ^^^^^^ not found in this scope\n     |\nhelp: consider importing this enum\n     |\n211  + use core::option::Option;\n     |\n\nerror[E0405]: cannot find trait `Send` in this scope\n    --> /Users/graysonnocera/.cargo/registry/src/index.crates.io-6f17d22bba15001f/snafu-0.7.5/src/lib.rs:1082:36\n     |\n1082 | impl AsErrorSource for dyn Error + Send + 'static {\n     |                                    ^^^^ not found in this scope\n     |\nhelp: consider importing this trait\n     |\n211  + use core::marker::Send;\n     |\n\nerror[E0405]: cannot find trait `Sync` in this scope\n    --> /Users/graysonnocera/.cargo/registry/src/index.crates.io-6f17d22bba15001f/snafu-0.7.5/src/lib.rs:1088:36\n     |\n1088 | impl AsErrorSource for dyn Error + Sync + 'static {\n     |                                    ^^^^ not found in this scope\n     |\nhelp: consider importing this trait\n     |\n211  + use core::marker::Sync;\n     |\n\nerror[E0405]: cannot find trait `Send` in this scope\n    --> /Users/graysonnocera/.cargo/registry/src/index.crates.io-6f17d22bba15001f/snafu-0.7.5/src/lib.rs:1094:36\n     |\n1094 | impl AsErrorSource for dyn Error + Send + Sync + 'static {\n     |                                    ^^^^ not found in this scope\n     |\nhelp: consider importing this trait\n     |\n211  + use core::marker::Send;\n     |\n\nerror[E0405]: cannot find trait `Sync` in this scope\n    --> /Users/graysonnocera/.cargo/registry/src/index.crates.io-6f17d22bba15001f/snafu-0.7.5/src/lib.rs:1094:43\n     |\n1094 | impl AsErrorSource for dyn Error + Send + Sync + 'static {\n     |                                           ^^^^ not found in this scope\n     |\nhelp: consider importing this trait\n     |\n211  + use core::marker::Sync;\n     |\n\nerror[E0412]: cannot find type `String` in this scope\n    --> /Users/graysonnocera/.cargo/registry/src/index.crates.io-6f17d22bba15001f/snafu-0.7.5/src/lib.rs:1135:32\n     |\n1135 |     fn without_source(message: String) -> Self;\n     |                                ^^^^^^ not found in this scope\n\nerror[E0412]: cannot find type `String` in this scope\n    --> /Users/graysonnocera/.cargo/registry/src/index.crates.io-6f17d22bba15001f/snafu-0.7.5/src/lib.rs:1138:51\n     |\n1138 |     fn with_source(source: Self::Source, message: String) -> Self;\n     |                                                   ^^^^^^ not found in this scope\n\nerror[E0405]: cannot find trait `Sized` in this scope\n    --> /Users/graysonnocera/.cargo/registry/src/index.crates.io-6f17d22bba15001f/snafu-0.7.5/src/lib.rs:1151:15\n     |\n1151 |         Self: Sized,\n     |               ^^^^^ not found in this scope\n     |\nhelp: consider importing this trait\n     |\n211  + use core::marker::Sized;\n     |\n\nerror[E0412]: cannot find type `Option` in this scope\n    --> /Users/graysonnocera/.cargo/registry/src/index.crates.io-6f17d22bba15001f/snafu-0.7.5/src/lib.rs:1161:31\n     |\n1161 |     fn as_backtrace(&self) -> Option<&Backtrace>;\n     |                               ^^^^^^ not found in this scope\n     |\nhelp: consider importing this enum\n     |\n211  + use core::option::Option;\n     |\n\nerror[E0412]: cannot find type `Option` in this scope\n    --> /Users/graysonnocera/.cargo/registry/src/index.crates.io-6f17d22bba15001f/snafu-0.7.5/src/lib.rs:1184:31\n     |\n1184 | impl GenerateImplicitData for Option<Backtrace> {\n     |                               ^^^^^^ not found in this scope\n     |\nhelp: consider importing this enum\n     |\n211  + use core::option::Option;\n     |\n\nerror[E0425]: cannot find function, tuple struct or tuple variant `Some` in this scope\n    --> /Users/graysonnocera/.cargo/registry/src/index.crates.io-6f17d22bba15001f/snafu-0.7.5/src/lib.rs:1187:13\n     |\n1187 |             Some(Backtrace::generate())\n     |             ^^^^ not found in this scope\n     |\nhelp: consider importing this tuple variant\n     |\n211  + use core::option::Option::Some;\n     |\n\nerror[E0425]: cannot find value `None` in this scope\n    --> /Users/graysonnocera/.cargo/registry/src/index.crates.io-6f17d22bba15001f/snafu-0.7.5/src/lib.rs:1189:13\n     |\n1189 |             None\n     |             ^^^^ not found in this scope\n     |\nhelp: consider importing this unit variant\n     |\n211  + use core::option::Option::None;\n     |\n\nerror[E0412]: cannot find type `Option` in this scope\n    --> /Users/graysonnocera/.cargo/registry/src/index.crates.io-6f17d22bba15001f/snafu-0.7.5/src/lib.rs:1216:22\n     |\n1216 | impl AsBacktrace for Option<Backtrace> {\n     |                      ^^^^^^ not found in this scope\n     |\nhelp: consider importing this enum\n     |\n211  + use core::option::Option;\n     |\n\nerror[E0412]: cannot find type `Option` in this scope\n    --> /Users/graysonnocera/.cargo/registry/src/index.crates.io-6f17d22bba15001f/snafu-0.7.5/src/lib.rs:1217:31\n     |\n1217 |     fn as_backtrace(&self) -> Option<&Backtrace> {\n     |                               ^^^^^^ not found in this scope\n     |\nhelp: consider importing this enum\n     |\n211  + use core::option::Option;\n     |\n\nerror[E0405]: cannot find trait `Default` in this scope\n    --> /Users/graysonnocera/.cargo/registry/src/index.crates.io-6f17d22bba15001f/snafu-0.7.5/src/lib.rs:1369:6\n     |\n1369 | impl Default for Location {\n     |      ^^^^^^^ not found in this scope\n     |\nhelp: consider importing this trait\n     |\n211  + use core::default::Default;\n     |\n\nerror[E0412]: cannot find type `Option` in this scope\n    --> /Users/graysonnocera/.cargo/registry/src/index.crates.io-6f17d22bba15001f/snafu-0.7.5/src/lib.rs:1473:13\n     |\n1473 |     source: Option<Box<dyn std::error::Error>>,\n     |             ^^^^^^ not found in this scope\n     |\nhelp: consider importing this enum\n     |\n211  + use core::option::Option;\n     |\n\nerror[E0412]: cannot find type `Box` in this scope\n    --> /Users/graysonnocera/.cargo/registry/src/index.crates.io-6f17d22bba15001f/snafu-0.7.5/src/lib.rs:1473:20\n     |\n1473 |     source: Option<Box<dyn std::error::Error>>,\n     |                    ^^^ not found in this scope\n\nerror[E0412]: cannot find type `String` in this scope\n    --> /Users/graysonnocera/.cargo/registry/src/index.crates.io-6f17d22bba15001f/snafu-0.7.5/src/lib.rs:1474:14\n     |\n1474 |     message: String,\n     |              ^^^^^^ not found in this scope\n\nerror[E0412]: cannot find type `Option` in this scope\n    --> /Users/graysonnocera/.cargo/registry/src/index.crates.io-6f17d22bba15001f/snafu-0.7.5/src/lib.rs:1483:32\n     |\n1483 |     pub fn backtrace(&self) -> Option<&Backtrace> {\n     |                                ^^^^^^ not found in this scope\n     |\nhelp: consider importing this enum\n     |\n211  + use core::option::Option;\n     |\n\nerror[E0531]: cannot find tuple struct or tuple variant `Some` in this scope\n    --> /Users/graysonnocera/.cargo/registry/src/index.crates.io-6f17d22bba15001f/snafu-0.7.5/src/lib.rs:1487:19\n     |\n1487 |         while let Some(s) = source {\n     |                   ^^^^ not found in this scope\n     |\nhelp: consider importing this tuple variant\n     |\n211  + use core::option::Option::Some;\n     |\n\nerror[E0531]: cannot find tuple struct or tuple variant `Some` in this scope\n    --> /Users/graysonnocera/.cargo/registry/src/index.crates.io-6f17d22bba15001f/snafu-0.7.5/src/lib.rs:1488:20\n     |\n1488 |             if let Some(this) = s.downcast_ref::<Self>() {\n     |                    ^^^^ not found in this scope\n     |\nhelp: consider importing this tuple variant\n     |\n211  + use core::option::Option::Some;\n     |\n\nerror[E0425]: cannot find function, tuple struct or tuple variant `Some` in this scope\n    --> /Users/graysonnocera/.cargo/registry/src/index.crates.io-6f17d22bba15001f/snafu-0.7.5/src/lib.rs:1494:9\n     |\n1494 |         Some(best_backtrace)\n     |         ^^^^ not found in this scope\n     |\nhelp: consider importing this tuple variant\n     |\n211  + use core::option::Option::Some;\n     |\n\nSome errors have detailed explanations: E0405, E0412, E0425, E0433, E0463, E0531.\nFor more information about an error, try `rustc --explain E0405`.\nerror: could not compile `snafu` (lib) due to 180 previous errors\n",
      "stdout": ""
    },
    "features": [],
    "project": "../../../Downloads/695-Project/dataset/nostd-failed-crates/crates/ddgg-0.10.1/src",
    "time_to_build": 502,
    "time_to_solve": 66
  }
]