[
  {
    "built_with_features": null,
    "command": {
      "args": [
        "build",
        "--target",
        "thumbv7m-none-eabi",
        "--no-default-features"
      ],
      "code": 101,
      "stderr": "   Compiling deku v0.16.0 (/Users/graysonnocera/Downloads/695-Project/dataset/nostd-failed-crates/crates/deku-0.16.0)\nerror[E0432]: unresolved imports `crate::error`, `crate::error`\n   --> src/prelude.rs:6:18\n    |\n6   |     deku_derive, error::DekuError, error::NeedSize, DekuContainerRead, DekuContainerWrite,\n    |                  ^^^^^             ^^^^^ unresolved import\n    |                  |\n    |                  unresolved import\n    |\nnote: found an item that was configured out\n   --> src/lib.rs:282:9\n    |\n282 | pub mod error;\n    |         ^^^^^\nnote: the item is gated behind the `alloc` feature\n   --> src/error.rs:3:8\n    |\n3   | #![cfg(feature = \"alloc\")]\n    |        ^^^^^^^^^^^^^^^^^\nnote: found an item that was configured out\n   --> src/lib.rs:282:9\n    |\n282 | pub mod error;\n    |         ^^^^^\nnote: the item is gated behind the `alloc` feature\n   --> src/error.rs:3:8\n    |\n3   | #![cfg(feature = \"alloc\")]\n    |        ^^^^^^^^^^^^^^^^^\nhelp: a similar path exists\n    |\n6   |     deku_derive, core::error::DekuError, error::NeedSize, DekuContainerRead, DekuContainerWrite,\n    |                  ~~~~~~~~~~~\nhelp: a similar path exists\n    |\n6   |     deku_derive, error::DekuError, core::error::NeedSize, DekuContainerRead, DekuContainerWrite,\n    |                                    ~~~~~~~~~~~\n\nerror[E0432]: unresolved import `crate::error`\n   --> src/lib.rs:286:16\n    |\n286 | pub use crate::error::DekuError;\n    |                ^^^^^\n    |                |\n    |                unresolved import\n    |                help: a similar path exists: `core::error`\n    |\nnote: found an item that was configured out\n   --> src/lib.rs:282:9\n    |\n282 | pub mod error;\n    |         ^^^^^\nnote: the item is gated behind the `alloc` feature\n   --> src/error.rs:3:8\n    |\n3   | #![cfg(feature = \"alloc\")]\n    |        ^^^^^^^^^^^^^^^^^\n\nerror: cannot find macro `format` in this scope\n  --> src/impls/bool.rs:23:39\n   |\n23 |             _ => Err(DekuError::Parse(format!(\"cannot parse bool value: {val}\",))),\n   |                                       ^^^^^^\n\nerror: cannot find macro `format` in this scope\n  --> src/impls/nonzero.rs:22:50\n   |\n22 |                     None => Err(DekuError::Parse(format!(\"NonZero assertion\"))),\n   |                                                  ^^^^^^\n...\n61 | ImplDekuTraits!(NonZeroIsize, isize);\n   | ------------------------------------ in this macro invocation\n   |\n   = note: this error originates in the macro `ImplDekuTraitsCtx` which comes from the expansion of the macro `ImplDekuTraits` (in Nightly builds, run with -Z macro-backtrace for more info)\n\nerror: cannot find macro `format` in this scope\n   --> src/impls/primitive.rs:166:49\n    |\n166 |                     return Err(DekuError::Parse(format!(\n    |                                                 ^^^^^^\n...\n521 | ImplDekuTraitsBytes!(f64, u64);\n    | ------------------------------ in this macro invocation\n    |\n    = note: this error originates in the macro `ImplDekuReadBytes` which comes from the expansion of the macro `ImplDekuTraitsBytes` (in Nightly builds, run with -Z macro-backtrace for more info)\n\nerror: cannot find macro `format` in this scope\n   --> src/impls/primitive.rs:385:56\n    |\n385 |                     return Err(DekuError::InvalidParam(format!(\n    |                                                        ^^^^^^\n...\n520 | ImplDekuTraits!(f64, u64);\n    | ------------------------- in this macro invocation\n    |\n    = note: this error originates in the macro `ImplDekuWrite` which comes from the expansion of the macro `ImplDekuTraits` (in Nightly builds, run with -Z macro-backtrace for more info)\n\nerror: cannot find macro `format` in this scope\n   --> src/impls/primitive.rs:340:56\n    |\n340 |                     return Err(DekuError::InvalidParam(format!(\n    |                                                        ^^^^^^\n...\n520 | ImplDekuTraits!(f64, u64);\n    | ------------------------- in this macro invocation\n    |\n    = note: this error originates in the macro `ImplDekuWrite` which comes from the expansion of the macro `ImplDekuTraits` (in Nightly builds, run with -Z macro-backtrace for more info)\n\nerror: cannot find macro `format` in this scope\n   --> src/impls/primitive.rs:77:49\n    |\n77  |                     return Err(DekuError::Parse(format!(\n    |                                                 ^^^^^^\n...\n520 | ImplDekuTraits!(f64, u64);\n    | ------------------------- in this macro invocation\n    |\n    = note: this error originates in the macro `ImplDekuReadBits` which comes from the expansion of the macro `ImplDekuTraits` (in Nightly builds, run with -Z macro-backtrace for more info)\n\nerror: cannot find macro `format` in this scope\n   --> src/impls/primitive.rs:166:49\n    |\n166 |                     return Err(DekuError::Parse(format!(\n    |                                                 ^^^^^^\n...\n519 | ImplDekuTraitsBytes!(f32, u32);\n    | ------------------------------ in this macro invocation\n    |\n    = note: this error originates in the macro `ImplDekuReadBytes` which comes from the expansion of the macro `ImplDekuTraitsBytes` (in Nightly builds, run with -Z macro-backtrace for more info)\n\nerror: cannot find macro `format` in this scope\n   --> src/impls/primitive.rs:385:56\n    |\n385 |                     return Err(DekuError::InvalidParam(format!(\n    |                                                        ^^^^^^\n...\n518 | ImplDekuTraits!(f32, u32);\n    | ------------------------- in this macro invocation\n    |\n    = note: this error originates in the macro `ImplDekuWrite` which comes from the expansion of the macro `ImplDekuTraits` (in Nightly builds, run with -Z macro-backtrace for more info)\n\nerror: cannot find macro `format` in this scope\n   --> src/impls/primitive.rs:340:56\n    |\n340 |                     return Err(DekuError::InvalidParam(format!(\n    |                                                        ^^^^^^\n...\n518 | ImplDekuTraits!(f32, u32);\n    | ------------------------- in this macro invocation\n    |\n    = note: this error originates in the macro `ImplDekuWrite` which comes from the expansion of the macro `ImplDekuTraits` (in Nightly builds, run with -Z macro-backtrace for more info)\n\nerror: cannot find macro `format` in this scope\n   --> src/impls/primitive.rs:77:49\n    |\n77  |                     return Err(DekuError::Parse(format!(\n    |                                                 ^^^^^^\n...\n518 | ImplDekuTraits!(f32, u32);\n    | ------------------------- in this macro invocation\n    |\n    = note: this error originates in the macro `ImplDekuReadBits` which comes from the expansion of the macro `ImplDekuTraits` (in Nightly builds, run with -Z macro-backtrace for more info)\n\nerror: cannot find macro `format` in this scope\n   --> src/impls/primitive.rs:385:56\n    |\n385 |                     return Err(DekuError::InvalidParam(format!(\n    |                                                        ^^^^^^\n...\n516 | ImplDekuTraitsSignExtend!(isize, usize);\n    | --------------------------------------- in this macro invocation\n    |\n    = note: this error originates in the macro `ImplDekuWrite` which comes from the expansion of the macro `ImplDekuTraitsSignExtend` (in Nightly builds, run with -Z macro-backtrace for more info)\n\nerror: cannot find macro `format` in this scope\n   --> src/impls/primitive.rs:340:56\n    |\n340 |                     return Err(DekuError::InvalidParam(format!(\n    |                                                        ^^^^^^\n...\n516 | ImplDekuTraitsSignExtend!(isize, usize);\n    | --------------------------------------- in this macro invocation\n    |\n    = note: this error originates in the macro `ImplDekuWrite` which comes from the expansion of the macro `ImplDekuTraitsSignExtend` (in Nightly builds, run with -Z macro-backtrace for more info)\n\nerror: cannot find macro `format` in this scope\n   --> src/impls/primitive.rs:385:56\n    |\n385 |                     return Err(DekuError::InvalidParam(format!(\n    |                                                        ^^^^^^\n...\n515 | ImplDekuTraitsSignExtend!(i128, u128);\n    | ------------------------------------- in this macro invocation\n    |\n    = note: this error originates in the macro `ImplDekuWrite` which comes from the expansion of the macro `ImplDekuTraitsSignExtend` (in Nightly builds, run with -Z macro-backtrace for more info)\n\nerror: cannot find macro `format` in this scope\n   --> src/impls/primitive.rs:340:56\n    |\n340 |                     return Err(DekuError::InvalidParam(format!(\n    |                                                        ^^^^^^\n...\n515 | ImplDekuTraitsSignExtend!(i128, u128);\n    | ------------------------------------- in this macro invocation\n    |\n    = note: this error originates in the macro `ImplDekuWrite` which comes from the expansion of the macro `ImplDekuTraitsSignExtend` (in Nightly builds, run with -Z macro-backtrace for more info)\n\nerror: cannot find macro `format` in this scope\n   --> src/impls/primitive.rs:385:56\n    |\n385 |                     return Err(DekuError::InvalidParam(format!(\n    |                                                        ^^^^^^\n...\n514 | ImplDekuTraitsSignExtend!(i64, u64);\n    | ----------------------------------- in this macro invocation\n    |\n    = note: this error originates in the macro `ImplDekuWrite` which comes from the expansion of the macro `ImplDekuTraitsSignExtend` (in Nightly builds, run with -Z macro-backtrace for more info)\n\nerror: cannot find macro `format` in this scope\n   --> src/impls/primitive.rs:340:56\n    |\n340 |                     return Err(DekuError::InvalidParam(format!(\n    |                                                        ^^^^^^\n...\n514 | ImplDekuTraitsSignExtend!(i64, u64);\n    | ----------------------------------- in this macro invocation\n    |\n    = note: this error originates in the macro `ImplDekuWrite` which comes from the expansion of the macro `ImplDekuTraitsSignExtend` (in Nightly builds, run with -Z macro-backtrace for more info)\n\nerror: cannot find macro `format` in this scope\n   --> src/impls/primitive.rs:385:56\n    |\n385 |                     return Err(DekuError::InvalidParam(format!(\n    |                                                        ^^^^^^\n...\n513 | ImplDekuTraitsSignExtend!(i32, u32);\n    | ----------------------------------- in this macro invocation\n    |\n    = note: this error originates in the macro `ImplDekuWrite` which comes from the expansion of the macro `ImplDekuTraitsSignExtend` (in Nightly builds, run with -Z macro-backtrace for more info)\n\nerror: cannot find macro `format` in this scope\n   --> src/impls/primitive.rs:340:56\n    |\n340 |                     return Err(DekuError::InvalidParam(format!(\n    |                                                        ^^^^^^\n...\n513 | ImplDekuTraitsSignExtend!(i32, u32);\n    | ----------------------------------- in this macro invocation\n    |\n    = note: this error originates in the macro `ImplDekuWrite` which comes from the expansion of the macro `ImplDekuTraitsSignExtend` (in Nightly builds, run with -Z macro-backtrace for more info)\n\nerror: cannot find macro `format` in this scope\n   --> src/impls/primitive.rs:385:56\n    |\n385 |                     return Err(DekuError::InvalidParam(format!(\n    |                                                        ^^^^^^\n...\n512 | ImplDekuTraitsSignExtend!(i16, u16);\n    | ----------------------------------- in this macro invocation\n    |\n    = note: this error originates in the macro `ImplDekuWrite` which comes from the expansion of the macro `ImplDekuTraitsSignExtend` (in Nightly builds, run with -Z macro-backtrace for more info)\n\nerror: cannot find macro `format` in this scope\n   --> src/impls/primitive.rs:340:56\n    |\n340 |                     return Err(DekuError::InvalidParam(format!(\n    |                                                        ^^^^^^\n...\n512 | ImplDekuTraitsSignExtend!(i16, u16);\n    | ----------------------------------- in this macro invocation\n    |\n    = note: this error originates in the macro `ImplDekuWrite` which comes from the expansion of the macro `ImplDekuTraitsSignExtend` (in Nightly builds, run with -Z macro-backtrace for more info)\n\nerror: cannot find macro `format` in this scope\n   --> src/impls/primitive.rs:385:56\n    |\n385 |                     return Err(DekuError::InvalidParam(format!(\n    |                                                        ^^^^^^\n...\n511 | ImplDekuTraitsSignExtend!(i8, u8);\n    | --------------------------------- in this macro invocation\n    |\n    = note: this error originates in the macro `ImplDekuWrite` which comes from the expansion of the macro `ImplDekuTraitsSignExtend` (in Nightly builds, run with -Z macro-backtrace for more info)\n\nerror: cannot find macro `format` in this scope\n   --> src/impls/primitive.rs:340:56\n    |\n340 |                     return Err(DekuError::InvalidParam(format!(\n    |                                                        ^^^^^^\n...\n511 | ImplDekuTraitsSignExtend!(i8, u8);\n    | --------------------------------- in this macro invocation\n    |\n    = note: this error originates in the macro `ImplDekuWrite` which comes from the expansion of the macro `ImplDekuTraitsSignExtend` (in Nightly builds, run with -Z macro-backtrace for more info)\n\nerror: cannot find macro `format` in this scope\n   --> src/impls/primitive.rs:166:49\n    |\n166 |                     return Err(DekuError::Parse(format!(\n    |                                                 ^^^^^^\n...\n509 | ImplDekuTraitsBytes!(usize);\n    | --------------------------- in this macro invocation\n    |\n    = note: this error originates in the macro `ImplDekuReadBytes` which comes from the expansion of the macro `ImplDekuTraitsBytes` (in Nightly builds, run with -Z macro-backtrace for more info)\n\nerror: cannot find macro `format` in this scope\n   --> src/impls/primitive.rs:385:56\n    |\n385 |                     return Err(DekuError::InvalidParam(format!(\n    |                                                        ^^^^^^\n...\n508 | ImplDekuTraits!(usize);\n    | ---------------------- in this macro invocation\n    |\n    = note: this error originates in the macro `ImplDekuWrite` which comes from the expansion of the macro `ImplDekuTraits` (in Nightly builds, run with -Z macro-backtrace for more info)\n\nerror: cannot find macro `format` in this scope\n   --> src/impls/primitive.rs:340:56\n    |\n340 |                     return Err(DekuError::InvalidParam(format!(\n    |                                                        ^^^^^^\n...\n508 | ImplDekuTraits!(usize);\n    | ---------------------- in this macro invocation\n    |\n    = note: this error originates in the macro `ImplDekuWrite` which comes from the expansion of the macro `ImplDekuTraits` (in Nightly builds, run with -Z macro-backtrace for more info)\n\nerror: cannot find macro `format` in this scope\n   --> src/impls/primitive.rs:77:49\n    |\n77  |                     return Err(DekuError::Parse(format!(\n    |                                                 ^^^^^^\n...\n508 | ImplDekuTraits!(usize);\n    | ---------------------- in this macro invocation\n    |\n    = note: this error originates in the macro `ImplDekuReadBits` which comes from the expansion of the macro `ImplDekuTraits` (in Nightly builds, run with -Z macro-backtrace for more info)\n\nerror: cannot find macro `format` in this scope\n   --> src/impls/primitive.rs:166:49\n    |\n166 |                     return Err(DekuError::Parse(format!(\n    |                                                 ^^^^^^\n...\n507 | ImplDekuTraitsBytes!(u128);\n    | -------------------------- in this macro invocation\n    |\n    = note: this error originates in the macro `ImplDekuReadBytes` which comes from the expansion of the macro `ImplDekuTraitsBytes` (in Nightly builds, run with -Z macro-backtrace for more info)\n\nerror: cannot find macro `format` in this scope\n   --> src/impls/primitive.rs:385:56\n    |\n385 |                     return Err(DekuError::InvalidParam(format!(\n    |                                                        ^^^^^^\n...\n506 | ImplDekuTraits!(u128);\n    | --------------------- in this macro invocation\n    |\n    = note: this error originates in the macro `ImplDekuWrite` which comes from the expansion of the macro `ImplDekuTraits` (in Nightly builds, run with -Z macro-backtrace for more info)\n\nerror: cannot find macro `format` in this scope\n   --> src/impls/primitive.rs:340:56\n    |\n340 |                     return Err(DekuError::InvalidParam(format!(\n    |                                                        ^^^^^^\n...\n506 | ImplDekuTraits!(u128);\n    | --------------------- in this macro invocation\n    |\n    = note: this error originates in the macro `ImplDekuWrite` which comes from the expansion of the macro `ImplDekuTraits` (in Nightly builds, run with -Z macro-backtrace for more info)\n\nerror: cannot find macro `format` in this scope\n   --> src/impls/primitive.rs:77:49\n    |\n77  |                     return Err(DekuError::Parse(format!(\n    |                                                 ^^^^^^\n...\n506 | ImplDekuTraits!(u128);\n    | --------------------- in this macro invocation\n    |\n    = note: this error originates in the macro `ImplDekuReadBits` which comes from the expansion of the macro `ImplDekuTraits` (in Nightly builds, run with -Z macro-backtrace for more info)\n\nerror: cannot find macro `format` in this scope\n   --> src/impls/primitive.rs:166:49\n    |\n166 |                     return Err(DekuError::Parse(format!(\n    |                                                 ^^^^^^\n...\n505 | ImplDekuTraitsBytes!(u64);\n    | ------------------------- in this macro invocation\n    |\n    = note: this error originates in the macro `ImplDekuReadBytes` which comes from the expansion of the macro `ImplDekuTraitsBytes` (in Nightly builds, run with -Z macro-backtrace for more info)\n\nerror: cannot find macro `format` in this scope\n   --> src/impls/primitive.rs:385:56\n    |\n385 |                     return Err(DekuError::InvalidParam(format!(\n    |                                                        ^^^^^^\n...\n504 | ImplDekuTraits!(u64);\n    | -------------------- in this macro invocation\n    |\n    = note: this error originates in the macro `ImplDekuWrite` which comes from the expansion of the macro `ImplDekuTraits` (in Nightly builds, run with -Z macro-backtrace for more info)\n\nerror: cannot find macro `format` in this scope\n   --> src/impls/primitive.rs:340:56\n    |\n340 |                     return Err(DekuError::InvalidParam(format!(\n    |                                                        ^^^^^^\n...\n504 | ImplDekuTraits!(u64);\n    | -------------------- in this macro invocation\n    |\n    = note: this error originates in the macro `ImplDekuWrite` which comes from the expansion of the macro `ImplDekuTraits` (in Nightly builds, run with -Z macro-backtrace for more info)\n\nerror: cannot find macro `format` in this scope\n   --> src/impls/primitive.rs:77:49\n    |\n77  |                     return Err(DekuError::Parse(format!(\n    |                                                 ^^^^^^\n...\n504 | ImplDekuTraits!(u64);\n    | -------------------- in this macro invocation\n    |\n    = note: this error originates in the macro `ImplDekuReadBits` which comes from the expansion of the macro `ImplDekuTraits` (in Nightly builds, run with -Z macro-backtrace for more info)\n\nerror: cannot find macro `format` in this scope\n   --> src/impls/primitive.rs:166:49\n    |\n166 |                     return Err(DekuError::Parse(format!(\n    |                                                 ^^^^^^\n...\n503 | ImplDekuTraitsBytes!(u32);\n    | ------------------------- in this macro invocation\n    |\n    = note: this error originates in the macro `ImplDekuReadBytes` which comes from the expansion of the macro `ImplDekuTraitsBytes` (in Nightly builds, run with -Z macro-backtrace for more info)\n\nerror: cannot find macro `format` in this scope\n   --> src/impls/primitive.rs:385:56\n    |\n385 |                     return Err(DekuError::InvalidParam(format!(\n    |                                                        ^^^^^^\n...\n502 | ImplDekuTraits!(u32);\n    | -------------------- in this macro invocation\n    |\n    = note: this error originates in the macro `ImplDekuWrite` which comes from the expansion of the macro `ImplDekuTraits` (in Nightly builds, run with -Z macro-backtrace for more info)\n\nerror: cannot find macro `format` in this scope\n   --> src/impls/primitive.rs:340:56\n    |\n340 |                     return Err(DekuError::InvalidParam(format!(\n    |                                                        ^^^^^^\n...\n502 | ImplDekuTraits!(u32);\n    | -------------------- in this macro invocation\n    |\n    = note: this error originates in the macro `ImplDekuWrite` which comes from the expansion of the macro `ImplDekuTraits` (in Nightly builds, run with -Z macro-backtrace for more info)\n\nerror: cannot find macro `format` in this scope\n   --> src/impls/primitive.rs:77:49\n    |\n77  |                     return Err(DekuError::Parse(format!(\n    |                                                 ^^^^^^\n...\n502 | ImplDekuTraits!(u32);\n    | -------------------- in this macro invocation\n    |\n    = note: this error originates in the macro `ImplDekuReadBits` which comes from the expansion of the macro `ImplDekuTraits` (in Nightly builds, run with -Z macro-backtrace for more info)\n\nerror: cannot find macro `format` in this scope\n   --> src/impls/primitive.rs:166:49\n    |\n166 |                     return Err(DekuError::Parse(format!(\n    |                                                 ^^^^^^\n...\n501 | ImplDekuTraitsBytes!(u16);\n    | ------------------------- in this macro invocation\n    |\n    = note: this error originates in the macro `ImplDekuReadBytes` which comes from the expansion of the macro `ImplDekuTraitsBytes` (in Nightly builds, run with -Z macro-backtrace for more info)\n\nerror: cannot find macro `format` in this scope\n   --> src/impls/primitive.rs:385:56\n    |\n385 |                     return Err(DekuError::InvalidParam(format!(\n    |                                                        ^^^^^^\n...\n500 | ImplDekuTraits!(u16);\n    | -------------------- in this macro invocation\n    |\n    = note: this error originates in the macro `ImplDekuWrite` which comes from the expansion of the macro `ImplDekuTraits` (in Nightly builds, run with -Z macro-backtrace for more info)\n\nerror: cannot find macro `format` in this scope\n   --> src/impls/primitive.rs:340:56\n    |\n340 |                     return Err(DekuError::InvalidParam(format!(\n    |                                                        ^^^^^^\n...\n500 | ImplDekuTraits!(u16);\n    | -------------------- in this macro invocation\n    |\n    = note: this error originates in the macro `ImplDekuWrite` which comes from the expansion of the macro `ImplDekuTraits` (in Nightly builds, run with -Z macro-backtrace for more info)\n\nerror: cannot find macro `format` in this scope\n   --> src/impls/primitive.rs:77:49\n    |\n77  |                     return Err(DekuError::Parse(format!(\n    |                                                 ^^^^^^\n...\n500 | ImplDekuTraits!(u16);\n    | -------------------- in this macro invocation\n    |\n    = note: this error originates in the macro `ImplDekuReadBits` which comes from the expansion of the macro `ImplDekuTraits` (in Nightly builds, run with -Z macro-backtrace for more info)\n\nerror: cannot find macro `format` in this scope\n   --> src/impls/primitive.rs:385:56\n    |\n385 |                     return Err(DekuError::InvalidParam(format!(\n    |                                                        ^^^^^^\n...\n499 | ImplDekuTraits!(u8);\n    | ------------------- in this macro invocation\n    |\n    = note: this error originates in the macro `ImplDekuWrite` which comes from the expansion of the macro `ImplDekuTraits` (in Nightly builds, run with -Z macro-backtrace for more info)\n\nerror: cannot find macro `format` in this scope\n   --> src/impls/primitive.rs:340:56\n    |\n340 |                     return Err(DekuError::InvalidParam(format!(\n    |                                                        ^^^^^^\n...\n499 | ImplDekuTraits!(u8);\n    | ------------------- in this macro invocation\n    |\n    = note: this error originates in the macro `ImplDekuWrite` which comes from the expansion of the macro `ImplDekuTraits` (in Nightly builds, run with -Z macro-backtrace for more info)\n\nerror: cannot find macro `format` in this scope\n   --> src/impls/primitive.rs:77:49\n    |\n77  |                     return Err(DekuError::Parse(format!(\n    |                                                 ^^^^^^\n...\n499 | ImplDekuTraits!(u8);\n    | ------------------- in this macro invocation\n    |\n    = note: this error originates in the macro `ImplDekuReadBits` which comes from the expansion of the macro `ImplDekuTraits` (in Nightly builds, run with -Z macro-backtrace for more info)\n\nerror: cannot find macro `format` in this scope\n  --> src/impls/primitive.rs:20:41\n   |\n20 |             return Err(DekuError::Parse(format!(\n   |                                         ^^^^^^\n\nerror: cannot find macro `format` in this scope\n  --> src/impls/nonzero.rs:22:50\n   |\n22 |                     None => Err(DekuError::Parse(format!(\"NonZero assertion\"))),\n   |                                                  ^^^^^^\n...\n60 | ImplDekuTraits!(NonZeroI128, i128);\n   | ---------------------------------- in this macro invocation\n   |\n   = note: this error originates in the macro `ImplDekuTraitsCtx` which comes from the expansion of the macro `ImplDekuTraits` (in Nightly builds, run with -Z macro-backtrace for more info)\n\nerror: cannot find macro `format` in this scope\n  --> src/impls/nonzero.rs:22:50\n   |\n22 |                     None => Err(DekuError::Parse(format!(\"NonZero assertion\"))),\n   |                                                  ^^^^^^\n...\n59 | ImplDekuTraits!(NonZeroI64, i64);\n   | -------------------------------- in this macro invocation\n   |\n   = note: this error originates in the macro `ImplDekuTraitsCtx` which comes from the expansion of the macro `ImplDekuTraits` (in Nightly builds, run with -Z macro-backtrace for more info)\n\nerror: cannot find macro `format` in this scope\n  --> src/impls/nonzero.rs:22:50\n   |\n22 |                     None => Err(DekuError::Parse(format!(\"NonZero assertion\"))),\n   |                                                  ^^^^^^\n...\n58 | ImplDekuTraits!(NonZeroI32, i32);\n   | -------------------------------- in this macro invocation\n   |\n   = note: this error originates in the macro `ImplDekuTraitsCtx` which comes from the expansion of the macro `ImplDekuTraits` (in Nightly builds, run with -Z macro-backtrace for more info)\n\nerror: cannot find macro `format` in this scope\n  --> src/impls/nonzero.rs:22:50\n   |\n22 |                     None => Err(DekuError::Parse(format!(\"NonZero assertion\"))),\n   |                                                  ^^^^^^\n...\n57 | ImplDekuTraits!(NonZeroI16, i16);\n   | -------------------------------- in this macro invocation\n   |\n   = note: this error originates in the macro `ImplDekuTraitsCtx` which comes from the expansion of the macro `ImplDekuTraits` (in Nightly builds, run with -Z macro-backtrace for more info)\n\nerror: cannot find macro `format` in this scope\n  --> src/impls/nonzero.rs:22:50\n   |\n22 |                     None => Err(DekuError::Parse(format!(\"NonZero assertion\"))),\n   |                                                  ^^^^^^\n...\n56 | ImplDekuTraits!(NonZeroI8, i8);\n   | ------------------------------ in this macro invocation\n   |\n   = note: this error originates in the macro `ImplDekuTraitsCtx` which comes from the expansion of the macro `ImplDekuTraits` (in Nightly builds, run with -Z macro-backtrace for more info)\n\nerror: cannot find macro `format` in this scope\n  --> src/impls/nonzero.rs:22:50\n   |\n22 |                     None => Err(DekuError::Parse(format!(\"NonZero assertion\"))),\n   |                                                  ^^^^^^\n...\n55 | ImplDekuTraits!(NonZeroUsize, usize);\n   | ------------------------------------ in this macro invocation\n   |\n   = note: this error originates in the macro `ImplDekuTraitsCtx` which comes from the expansion of the macro `ImplDekuTraits` (in Nightly builds, run with -Z macro-backtrace for more info)\n\nerror: cannot find macro `format` in this scope\n  --> src/impls/nonzero.rs:22:50\n   |\n22 |                     None => Err(DekuError::Parse(format!(\"NonZero assertion\"))),\n   |                                                  ^^^^^^\n...\n54 | ImplDekuTraits!(NonZeroU128, u128);\n   | ---------------------------------- in this macro invocation\n   |\n   = note: this error originates in the macro `ImplDekuTraitsCtx` which comes from the expansion of the macro `ImplDekuTraits` (in Nightly builds, run with -Z macro-backtrace for more info)\n\nerror: cannot find macro `format` in this scope\n  --> src/impls/nonzero.rs:22:50\n   |\n22 |                     None => Err(DekuError::Parse(format!(\"NonZero assertion\"))),\n   |                                                  ^^^^^^\n...\n53 | ImplDekuTraits!(NonZeroU64, u64);\n   | -------------------------------- in this macro invocation\n   |\n   = note: this error originates in the macro `ImplDekuTraitsCtx` which comes from the expansion of the macro `ImplDekuTraits` (in Nightly builds, run with -Z macro-backtrace for more info)\n\nerror: cannot find macro `format` in this scope\n  --> src/impls/nonzero.rs:22:50\n   |\n22 |                     None => Err(DekuError::Parse(format!(\"NonZero assertion\"))),\n   |                                                  ^^^^^^\n...\n52 | ImplDekuTraits!(NonZeroU32, u32);\n   | -------------------------------- in this macro invocation\n   |\n   = note: this error originates in the macro `ImplDekuTraitsCtx` which comes from the expansion of the macro `ImplDekuTraits` (in Nightly builds, run with -Z macro-backtrace for more info)\n\nerror: cannot find macro `format` in this scope\n  --> src/impls/nonzero.rs:22:50\n   |\n22 |                     None => Err(DekuError::Parse(format!(\"NonZero assertion\"))),\n   |                                                  ^^^^^^\n...\n51 | ImplDekuTraits!(NonZeroU16, u16);\n   | -------------------------------- in this macro invocation\n   |\n   = note: this error originates in the macro `ImplDekuTraitsCtx` which comes from the expansion of the macro `ImplDekuTraits` (in Nightly builds, run with -Z macro-backtrace for more info)\n\nerror: cannot find macro `format` in this scope\n  --> src/impls/nonzero.rs:22:50\n   |\n22 |                     None => Err(DekuError::Parse(format!(\"NonZero assertion\"))),\n   |                                                  ^^^^^^\n...\n50 | ImplDekuTraits!(NonZeroU8, u8);\n   | ------------------------------ in this macro invocation\n   |\n   = note: this error originates in the macro `ImplDekuTraitsCtx` which comes from the expansion of the macro `ImplDekuTraits` (in Nightly builds, run with -Z macro-backtrace for more info)\n\nerror[E0433]: failed to resolve: unresolved import\n   --> src/impls/primitive.rs:26:53\n    |\n26  |             return Err(DekuError::Incomplete(crate::error::NeedSize::new(bit_size)));\n    |                                                     ^^^^^\n    |                                                     |\n    |                                                     unresolved import\n    |                                                     help: a similar path exists: `core::error`\n    |\nnote: found an item that was configured out\n   --> src/lib.rs:282:9\n    |\n282 | pub mod error;\n    |         ^^^^^\nnote: the item is gated behind the `alloc` feature\n   --> src/error.rs:3:8\n    |\n3   | #![cfg(feature = \"alloc\")]\n    |        ^^^^^^^^^^^^^^^^^\n\nerror[E0433]: failed to resolve: unresolved import\n   --> src/impls/primitive.rs:83:61\n    |\n83  |                     return Err(DekuError::Incomplete(crate::error::NeedSize::new(bit_size)));\n    |                                                             ^^^^^\n    |                                                             |\n    |                                                             unresolved import\n    |                                                             help: a similar path exists: `core::error`\n...\n499 | ImplDekuTraits!(u8);\n    | ------------------- in this macro invocation\n    |\nnote: found an item that was configured out\n   --> src/lib.rs:282:9\n    |\n282 | pub mod error;\n    |         ^^^^^\nnote: the item is gated behind the `alloc` feature\n   --> src/error.rs:3:8\n    |\n3   | #![cfg(feature = \"alloc\")]\n    |        ^^^^^^^^^^^^^^^^^\n    = note: this error originates in the macro `ImplDekuReadBits` which comes from the expansion of the macro `ImplDekuTraits` (in Nightly builds, run with -Z macro-backtrace for more info)\n\nerror[E0433]: failed to resolve: unresolved import\n   --> src/impls/primitive.rs:83:61\n    |\n83  |                     return Err(DekuError::Incomplete(crate::error::NeedSize::new(bit_size)));\n    |                                                             ^^^^^\n    |                                                             |\n    |                                                             unresolved import\n    |                                                             help: a similar path exists: `core::error`\n...\n500 | ImplDekuTraits!(u16);\n    | -------------------- in this macro invocation\n    |\nnote: found an item that was configured out\n   --> src/lib.rs:282:9\n    |\n282 | pub mod error;\n    |         ^^^^^\nnote: the item is gated behind the `alloc` feature\n   --> src/error.rs:3:8\n    |\n3   | #![cfg(feature = \"alloc\")]\n    |        ^^^^^^^^^^^^^^^^^\n    = note: this error originates in the macro `ImplDekuReadBits` which comes from the expansion of the macro `ImplDekuTraits` (in Nightly builds, run with -Z macro-backtrace for more info)\n\nerror[E0433]: failed to resolve: unresolved import\n   --> src/impls/primitive.rs:172:61\n    |\n172 |                     return Err(DekuError::Incomplete(crate::error::NeedSize::new(bit_size)));\n    |                                                             ^^^^^\n    |                                                             |\n    |                                                             unresolved import\n    |                                                             help: a similar path exists: `core::error`\n...\n501 | ImplDekuTraitsBytes!(u16);\n    | ------------------------- in this macro invocation\n    |\nnote: found an item that was configured out\n   --> src/lib.rs:282:9\n    |\n282 | pub mod error;\n    |         ^^^^^\nnote: the item is gated behind the `alloc` feature\n   --> src/error.rs:3:8\n    |\n3   | #![cfg(feature = \"alloc\")]\n    |        ^^^^^^^^^^^^^^^^^\n    = note: this error originates in the macro `ImplDekuReadBytes` which comes from the expansion of the macro `ImplDekuTraitsBytes` (in Nightly builds, run with -Z macro-backtrace for more info)\n\nerror[E0433]: failed to resolve: unresolved import\n   --> src/impls/primitive.rs:83:61\n    |\n83  |                     return Err(DekuError::Incomplete(crate::error::NeedSize::new(bit_size)));\n    |                                                             ^^^^^\n    |                                                             |\n    |                                                             unresolved import\n    |                                                             help: a similar path exists: `core::error`\n...\n502 | ImplDekuTraits!(u32);\n    | -------------------- in this macro invocation\n    |\nnote: found an item that was configured out\n   --> src/lib.rs:282:9\n    |\n282 | pub mod error;\n    |         ^^^^^\nnote: the item is gated behind the `alloc` feature\n   --> src/error.rs:3:8\n    |\n3   | #![cfg(feature = \"alloc\")]\n    |        ^^^^^^^^^^^^^^^^^\n    = note: this error originates in the macro `ImplDekuReadBits` which comes from the expansion of the macro `ImplDekuTraits` (in Nightly builds, run with -Z macro-backtrace for more info)\n\nerror[E0433]: failed to resolve: unresolved import\n   --> src/impls/primitive.rs:172:61\n    |\n172 |                     return Err(DekuError::Incomplete(crate::error::NeedSize::new(bit_size)));\n    |                                                             ^^^^^\n    |                                                             |\n    |                                                             unresolved import\n    |                                                             help: a similar path exists: `core::error`\n...\n503 | ImplDekuTraitsBytes!(u32);\n    | ------------------------- in this macro invocation\n    |\nnote: found an item that was configured out\n   --> src/lib.rs:282:9\n    |\n282 | pub mod error;\n    |         ^^^^^\nnote: the item is gated behind the `alloc` feature\n   --> src/error.rs:3:8\n    |\n3   | #![cfg(feature = \"alloc\")]\n    |        ^^^^^^^^^^^^^^^^^\n    = note: this error originates in the macro `ImplDekuReadBytes` which comes from the expansion of the macro `ImplDekuTraitsBytes` (in Nightly builds, run with -Z macro-backtrace for more info)\n\nerror[E0433]: failed to resolve: unresolved import\n   --> src/impls/primitive.rs:83:61\n    |\n83  |                     return Err(DekuError::Incomplete(crate::error::NeedSize::new(bit_size)));\n    |                                                             ^^^^^\n    |                                                             |\n    |                                                             unresolved import\n    |                                                             help: a similar path exists: `core::error`\n...\n504 | ImplDekuTraits!(u64);\n    | -------------------- in this macro invocation\n    |\nnote: found an item that was configured out\n   --> src/lib.rs:282:9\n    |\n282 | pub mod error;\n    |         ^^^^^\nnote: the item is gated behind the `alloc` feature\n   --> src/error.rs:3:8\n    |\n3   | #![cfg(feature = \"alloc\")]\n    |        ^^^^^^^^^^^^^^^^^\n    = note: this error originates in the macro `ImplDekuReadBits` which comes from the expansion of the macro `ImplDekuTraits` (in Nightly builds, run with -Z macro-backtrace for more info)\n\nerror[E0433]: failed to resolve: unresolved import\n   --> src/impls/primitive.rs:172:61\n    |\n172 |                     return Err(DekuError::Incomplete(crate::error::NeedSize::new(bit_size)));\n    |                                                             ^^^^^\n    |                                                             |\n    |                                                             unresolved import\n    |                                                             help: a similar path exists: `core::error`\n...\n505 | ImplDekuTraitsBytes!(u64);\n    | ------------------------- in this macro invocation\n    |\nnote: found an item that was configured out\n   --> src/lib.rs:282:9\n    |\n282 | pub mod error;\n    |         ^^^^^\nnote: the item is gated behind the `alloc` feature\n   --> src/error.rs:3:8\n    |\n3   | #![cfg(feature = \"alloc\")]\n    |        ^^^^^^^^^^^^^^^^^\n    = note: this error originates in the macro `ImplDekuReadBytes` which comes from the expansion of the macro `ImplDekuTraitsBytes` (in Nightly builds, run with -Z macro-backtrace for more info)\n\nerror[E0433]: failed to resolve: unresolved import\n   --> src/impls/primitive.rs:83:61\n    |\n83  |                     return Err(DekuError::Incomplete(crate::error::NeedSize::new(bit_size)));\n    |                                                             ^^^^^\n    |                                                             |\n    |                                                             unresolved import\n    |                                                             help: a similar path exists: `core::error`\n...\n506 | ImplDekuTraits!(u128);\n    | --------------------- in this macro invocation\n    |\nnote: found an item that was configured out\n   --> src/lib.rs:282:9\n    |\n282 | pub mod error;\n    |         ^^^^^\nnote: the item is gated behind the `alloc` feature\n   --> src/error.rs:3:8\n    |\n3   | #![cfg(feature = \"alloc\")]\n    |        ^^^^^^^^^^^^^^^^^\n    = note: this error originates in the macro `ImplDekuReadBits` which comes from the expansion of the macro `ImplDekuTraits` (in Nightly builds, run with -Z macro-backtrace for more info)\n\nerror[E0433]: failed to resolve: unresolved import\n   --> src/impls/primitive.rs:172:61\n    |\n172 |                     return Err(DekuError::Incomplete(crate::error::NeedSize::new(bit_size)));\n    |                                                             ^^^^^\n    |                                                             |\n    |                                                             unresolved import\n    |                                                             help: a similar path exists: `core::error`\n...\n507 | ImplDekuTraitsBytes!(u128);\n    | -------------------------- in this macro invocation\n    |\nnote: found an item that was configured out\n   --> src/lib.rs:282:9\n    |\n282 | pub mod error;\n    |         ^^^^^\nnote: the item is gated behind the `alloc` feature\n   --> src/error.rs:3:8\n    |\n3   | #![cfg(feature = \"alloc\")]\n    |        ^^^^^^^^^^^^^^^^^\n    = note: this error originates in the macro `ImplDekuReadBytes` which comes from the expansion of the macro `ImplDekuTraitsBytes` (in Nightly builds, run with -Z macro-backtrace for more info)\n\nerror[E0433]: failed to resolve: unresolved import\n   --> src/impls/primitive.rs:83:61\n    |\n83  |                     return Err(DekuError::Incomplete(crate::error::NeedSize::new(bit_size)));\n    |                                                             ^^^^^\n    |                                                             |\n    |                                                             unresolved import\n    |                                                             help: a similar path exists: `core::error`\n...\n508 | ImplDekuTraits!(usize);\n    | ---------------------- in this macro invocation\n    |\nnote: found an item that was configured out\n   --> src/lib.rs:282:9\n    |\n282 | pub mod error;\n    |         ^^^^^\nnote: the item is gated behind the `alloc` feature\n   --> src/error.rs:3:8\n    |\n3   | #![cfg(feature = \"alloc\")]\n    |        ^^^^^^^^^^^^^^^^^\n    = note: this error originates in the macro `ImplDekuReadBits` which comes from the expansion of the macro `ImplDekuTraits` (in Nightly builds, run with -Z macro-backtrace for more info)\n\nerror[E0433]: failed to resolve: unresolved import\n   --> src/impls/primitive.rs:172:61\n    |\n172 |                     return Err(DekuError::Incomplete(crate::error::NeedSize::new(bit_size)));\n    |                                                             ^^^^^\n    |                                                             |\n    |                                                             unresolved import\n    |                                                             help: a similar path exists: `core::error`\n...\n509 | ImplDekuTraitsBytes!(usize);\n    | --------------------------- in this macro invocation\n    |\nnote: found an item that was configured out\n   --> src/lib.rs:282:9\n    |\n282 | pub mod error;\n    |         ^^^^^\nnote: the item is gated behind the `alloc` feature\n   --> src/error.rs:3:8\n    |\n3   | #![cfg(feature = \"alloc\")]\n    |        ^^^^^^^^^^^^^^^^^\n    = note: this error originates in the macro `ImplDekuReadBytes` which comes from the expansion of the macro `ImplDekuTraitsBytes` (in Nightly builds, run with -Z macro-backtrace for more info)\n\nerror[E0433]: failed to resolve: unresolved import\n   --> src/impls/primitive.rs:83:61\n    |\n83  |                     return Err(DekuError::Incomplete(crate::error::NeedSize::new(bit_size)));\n    |                                                             ^^^^^\n    |                                                             |\n    |                                                             unresolved import\n    |                                                             help: a similar path exists: `core::error`\n...\n518 | ImplDekuTraits!(f32, u32);\n    | ------------------------- in this macro invocation\n    |\nnote: found an item that was configured out\n   --> src/lib.rs:282:9\n    |\n282 | pub mod error;\n    |         ^^^^^\nnote: the item is gated behind the `alloc` feature\n   --> src/error.rs:3:8\n    |\n3   | #![cfg(feature = \"alloc\")]\n    |        ^^^^^^^^^^^^^^^^^\n    = note: this error originates in the macro `ImplDekuReadBits` which comes from the expansion of the macro `ImplDekuTraits` (in Nightly builds, run with -Z macro-backtrace for more info)\n\nerror[E0433]: failed to resolve: unresolved import\n   --> src/impls/primitive.rs:172:61\n    |\n172 |                     return Err(DekuError::Incomplete(crate::error::NeedSize::new(bit_size)));\n    |                                                             ^^^^^\n    |                                                             |\n    |                                                             unresolved import\n    |                                                             help: a similar path exists: `core::error`\n...\n519 | ImplDekuTraitsBytes!(f32, u32);\n    | ------------------------------ in this macro invocation\n    |\nnote: found an item that was configured out\n   --> src/lib.rs:282:9\n    |\n282 | pub mod error;\n    |         ^^^^^\nnote: the item is gated behind the `alloc` feature\n   --> src/error.rs:3:8\n    |\n3   | #![cfg(feature = \"alloc\")]\n    |        ^^^^^^^^^^^^^^^^^\n    = note: this error originates in the macro `ImplDekuReadBytes` which comes from the expansion of the macro `ImplDekuTraitsBytes` (in Nightly builds, run with -Z macro-backtrace for more info)\n\nerror[E0433]: failed to resolve: unresolved import\n   --> src/impls/primitive.rs:83:61\n    |\n83  |                     return Err(DekuError::Incomplete(crate::error::NeedSize::new(bit_size)));\n    |                                                             ^^^^^\n    |                                                             |\n    |                                                             unresolved import\n    |                                                             help: a similar path exists: `core::error`\n...\n520 | ImplDekuTraits!(f64, u64);\n    | ------------------------- in this macro invocation\n    |\nnote: found an item that was configured out\n   --> src/lib.rs:282:9\n    |\n282 | pub mod error;\n    |         ^^^^^\nnote: the item is gated behind the `alloc` feature\n   --> src/error.rs:3:8\n    |\n3   | #![cfg(feature = \"alloc\")]\n    |        ^^^^^^^^^^^^^^^^^\n    = note: this error originates in the macro `ImplDekuReadBits` which comes from the expansion of the macro `ImplDekuTraits` (in Nightly builds, run with -Z macro-backtrace for more info)\n\nerror[E0433]: failed to resolve: unresolved import\n   --> src/impls/primitive.rs:172:61\n    |\n172 |                     return Err(DekuError::Incomplete(crate::error::NeedSize::new(bit_size)));\n    |                                                             ^^^^^\n    |                                                             |\n    |                                                             unresolved import\n    |                                                             help: a similar path exists: `core::error`\n...\n521 | ImplDekuTraitsBytes!(f64, u64);\n    | ------------------------------ in this macro invocation\n    |\nnote: found an item that was configured out\n   --> src/lib.rs:282:9\n    |\n282 | pub mod error;\n    |         ^^^^^\nnote: the item is gated behind the `alloc` feature\n   --> src/error.rs:3:8\n    |\n3   | #![cfg(feature = \"alloc\")]\n    |        ^^^^^^^^^^^^^^^^^\n    = note: this error originates in the macro `ImplDekuReadBytes` which comes from the expansion of the macro `ImplDekuTraitsBytes` (in Nightly builds, run with -Z macro-backtrace for more info)\n\nerror[E0412]: cannot find type `BitVec` in this scope\n  --> src/impls/bool.rs:35:34\n   |\n35 |     fn write(&self, output: &mut BitVec<u8, Msb0>, inner_ctx: Ctx) -> Result<(), DekuError> {\n   |                                  ^^^^^^ help: a struct with a similar name exists: `BitRef`\n   |\n  ::: /Users/graysonnocera/.cargo/registry/src/index.crates.io-6f17d22bba15001f/bitvec-1.0.1/src/ptr/proxy.rs:49:1\n   |\n49 | pub struct BitRef<'a, M = Const, T = usize, O = Lsb0>\n   | ----------------------------------------------------- similarly named struct `BitRef` defined here\n\nerror[E0412]: cannot find type `BitVec` in this scope\n  --> src/impls/nonzero.rs:31:30\n   |\n31 |                 output: &mut BitVec<u8, Msb0>,\n   |                              ^^^^^^ not found in this scope\n...\n50 | ImplDekuTraits!(NonZeroU8, u8);\n   | ------------------------------ in this macro invocation\n   |\n   = note: this error originates in the macro `ImplDekuTraitsCtx` which comes from the expansion of the macro `ImplDekuTraits` (in Nightly builds, run with -Z macro-backtrace for more info)\n\nerror[E0412]: cannot find type `BitVec` in this scope\n  --> src/impls/nonzero.rs:31:30\n   |\n31 |                 output: &mut BitVec<u8, Msb0>,\n   |                              ^^^^^^ not found in this scope\n...\n51 | ImplDekuTraits!(NonZeroU16, u16);\n   | -------------------------------- in this macro invocation\n   |\n   = note: this error originates in the macro `ImplDekuTraitsCtx` which comes from the expansion of the macro `ImplDekuTraits` (in Nightly builds, run with -Z macro-backtrace for more info)\n\nerror[E0412]: cannot find type `BitVec` in this scope\n  --> src/impls/nonzero.rs:31:30\n   |\n31 |                 output: &mut BitVec<u8, Msb0>,\n   |                              ^^^^^^ not found in this scope\n...\n52 | ImplDekuTraits!(NonZeroU32, u32);\n   | -------------------------------- in this macro invocation\n   |\n   = note: this error originates in the macro `ImplDekuTraitsCtx` which comes from the expansion of the macro `ImplDekuTraits` (in Nightly builds, run with -Z macro-backtrace for more info)\n\nerror[E0412]: cannot find type `BitVec` in this scope\n  --> src/impls/nonzero.rs:31:30\n   |\n31 |                 output: &mut BitVec<u8, Msb0>,\n   |                              ^^^^^^ not found in this scope\n...\n53 | ImplDekuTraits!(NonZeroU64, u64);\n   | -------------------------------- in this macro invocation\n   |\n   = note: this error originates in the macro `ImplDekuTraitsCtx` which comes from the expansion of the macro `ImplDekuTraits` (in Nightly builds, run with -Z macro-backtrace for more info)\n\nerror[E0412]: cannot find type `BitVec` in this scope\n  --> src/impls/nonzero.rs:31:30\n   |\n31 |                 output: &mut BitVec<u8, Msb0>,\n   |                              ^^^^^^ not found in this scope\n...\n54 | ImplDekuTraits!(NonZeroU128, u128);\n   | ---------------------------------- in this macro invocation\n   |\n   = note: this error originates in the macro `ImplDekuTraitsCtx` which comes from the expansion of the macro `ImplDekuTraits` (in Nightly builds, run with -Z macro-backtrace for more info)\n\nerror[E0412]: cannot find type `BitVec` in this scope\n  --> src/impls/nonzero.rs:31:30\n   |\n31 |                 output: &mut BitVec<u8, Msb0>,\n   |                              ^^^^^^ not found in this scope\n...\n55 | ImplDekuTraits!(NonZeroUsize, usize);\n   | ------------------------------------ in this macro invocation\n   |\n   = note: this error originates in the macro `ImplDekuTraitsCtx` which comes from the expansion of the macro `ImplDekuTraits` (in Nightly builds, run with -Z macro-backtrace for more info)\n\nerror[E0412]: cannot find type `BitVec` in this scope\n  --> src/impls/nonzero.rs:31:30\n   |\n31 |                 output: &mut BitVec<u8, Msb0>,\n   |                              ^^^^^^ not found in this scope\n...\n56 | ImplDekuTraits!(NonZeroI8, i8);\n   | ------------------------------ in this macro invocation\n   |\n   = note: this error originates in the macro `ImplDekuTraitsCtx` which comes from the expansion of the macro `ImplDekuTraits` (in Nightly builds, run with -Z macro-backtrace for more info)\n\nerror[E0412]: cannot find type `BitVec` in this scope\n  --> src/impls/nonzero.rs:31:30\n   |\n31 |                 output: &mut BitVec<u8, Msb0>,\n   |                              ^^^^^^ not found in this scope\n...\n57 | ImplDekuTraits!(NonZeroI16, i16);\n   | -------------------------------- in this macro invocation\n   |\n   = note: this error originates in the macro `ImplDekuTraitsCtx` which comes from the expansion of the macro `ImplDekuTraits` (in Nightly builds, run with -Z macro-backtrace for more info)\n\nerror[E0412]: cannot find type `BitVec` in this scope\n  --> src/impls/nonzero.rs:31:30\n   |\n31 |                 output: &mut BitVec<u8, Msb0>,\n   |                              ^^^^^^ not found in this scope\n...\n58 | ImplDekuTraits!(NonZeroI32, i32);\n   | -------------------------------- in this macro invocation\n   |\n   = note: this error originates in the macro `ImplDekuTraitsCtx` which comes from the expansion of the macro `ImplDekuTraits` (in Nightly builds, run with -Z macro-backtrace for more info)\n\nerror[E0412]: cannot find type `BitVec` in this scope\n  --> src/impls/nonzero.rs:31:30\n   |\n31 |                 output: &mut BitVec<u8, Msb0>,\n   |                              ^^^^^^ not found in this scope\n...\n59 | ImplDekuTraits!(NonZeroI64, i64);\n   | -------------------------------- in this macro invocation\n   |\n   = note: this error originates in the macro `ImplDekuTraitsCtx` which comes from the expansion of the macro `ImplDekuTraits` (in Nightly builds, run with -Z macro-backtrace for more info)\n\nerror[E0412]: cannot find type `BitVec` in this scope\n  --> src/impls/nonzero.rs:31:30\n   |\n31 |                 output: &mut BitVec<u8, Msb0>,\n   |                              ^^^^^^ not found in this scope\n...\n60 | ImplDekuTraits!(NonZeroI128, i128);\n   | ---------------------------------- in this macro invocation\n   |\n   = note: this error originates in the macro `ImplDekuTraitsCtx` which comes from the expansion of the macro `ImplDekuTraits` (in Nightly builds, run with -Z macro-backtrace for more info)\n\nerror[E0412]: cannot find type `BitVec` in this scope\n  --> src/impls/nonzero.rs:31:30\n   |\n31 |                 output: &mut BitVec<u8, Msb0>,\n   |                              ^^^^^^ not found in this scope\n...\n61 | ImplDekuTraits!(NonZeroIsize, isize);\n   | ------------------------------------ in this macro invocation\n   |\n   = note: this error originates in the macro `ImplDekuTraitsCtx` which comes from the expansion of the macro `ImplDekuTraits` (in Nightly builds, run with -Z macro-backtrace for more info)\n\nerror[E0412]: cannot find type `BitVec` in this scope\n  --> src/impls/option.rs:41:34\n   |\n41 |     fn write(&self, output: &mut BitVec<u8, Msb0>, inner_ctx: Ctx) -> Result<(), DekuError> {\n   |                                  ^^^^^^ help: a struct with a similar name exists: `BitRef`\n   |\n  ::: /Users/graysonnocera/.cargo/registry/src/index.crates.io-6f17d22bba15001f/bitvec-1.0.1/src/ptr/proxy.rs:49:1\n   |\n49 | pub struct BitRef<'a, M = Const, T = usize, O = Lsb0>\n   | ----------------------------------------------------- similarly named struct `BitRef` defined here\n\nerror[E0412]: cannot find type `BitVec` in this scope\n  --> src/impls/primitive.rs:39:27\n   |\n39 |             let mut bits: BitVec<u8, Msb0> = BitVec::with_capacity(bit_slice.len() + pad);\n   |                           ^^^^^^ help: a struct with a similar name exists: `BitRef`\n   |\n  ::: /Users/graysonnocera/.cargo/registry/src/index.crates.io-6f17d22bba15001f/bitvec-1.0.1/src/ptr/proxy.rs:49:1\n   |\n49 | pub struct BitRef<'a, M = Const, T = usize, O = Lsb0>\n   | ----------------------------------------------------- similarly named struct `BitRef` defined here\n\nerror[E0412]: cannot find type `BitVec` in this scope\n   --> src/impls/primitive.rs:106:31\n    |\n106 |                     let bits: BitVec<u8, Msb0> = {\n    |                               ^^^^^^ not found in this scope\n...\n499 | ImplDekuTraits!(u8);\n    | ------------------- in this macro invocation\n    |\n    = note: this error originates in the macro `ImplDekuReadBits` which comes from the expansion of the macro `ImplDekuTraits` (in Nightly builds, run with -Z macro-backtrace for more info)\n\nerror[E0412]: cannot find type `BitVec` in this scope\n   --> src/impls/primitive.rs:327:30\n    |\n327 |                 output: &mut BitVec<u8, Msb0>,\n    |                              ^^^^^^ not found in this scope\n...\n499 | ImplDekuTraits!(u8);\n    | ------------------- in this macro invocation\n    |\n    = note: this error originates in the macro `ImplDekuWrite` which comes from the expansion of the macro `ImplDekuTraits` (in Nightly builds, run with -Z macro-backtrace for more info)\n\nerror[E0412]: cannot find type `BitVec` in this scope\n   --> src/impls/primitive.rs:372:30\n    |\n372 |                 output: &mut BitVec<u8, Msb0>,\n    |                              ^^^^^^ not found in this scope\n...\n499 | ImplDekuTraits!(u8);\n    | ------------------- in this macro invocation\n    |\n    = note: this error originates in the macro `ImplDekuWrite` which comes from the expansion of the macro `ImplDekuTraits` (in Nightly builds, run with -Z macro-backtrace for more info)\n\nerror[E0412]: cannot find type `BitVec` in this scope\n   --> src/impls/primitive.rs:418:30\n    |\n418 |                 output: &mut BitVec<u8, Msb0>,\n    |                              ^^^^^^ not found in this scope\n...\n499 | ImplDekuTraits!(u8);\n    | ------------------- in this macro invocation\n    |\n    = note: this error originates in the macro `ImplDekuWrite` which comes from the expansion of the macro `ImplDekuTraits` (in Nightly builds, run with -Z macro-backtrace for more info)\n\nerror[E0412]: cannot find type `BitVec` in this scope\n   --> src/impls/primitive.rs:438:30\n    |\n438 |                 output: &mut BitVec<u8, Msb0>,\n    |                              ^^^^^^ not found in this scope\n...\n499 | ImplDekuTraits!(u8);\n    | ------------------- in this macro invocation\n    |\n    = note: this error originates in the macro `ForwardDekuWrite` which comes from the expansion of the macro `ImplDekuTraits` (in Nightly builds, run with -Z macro-backtrace for more info)\n\nerror[E0412]: cannot find type `BitVec` in this scope\n   --> src/impls/primitive.rs:449:30\n    |\n449 |                 output: &mut BitVec<u8, Msb0>,\n    |                              ^^^^^^ not found in this scope\n...\n499 | ImplDekuTraits!(u8);\n    | ------------------- in this macro invocation\n    |\n    = note: this error originates in the macro `ForwardDekuWrite` which comes from the expansion of the macro `ImplDekuTraits` (in Nightly builds, run with -Z macro-backtrace for more info)\n\nerror[E0412]: cannot find type `BitVec` in this scope\n   --> src/impls/primitive.rs:457:42\n    |\n457 |             fn write(&self, output: &mut BitVec<u8, Msb0>, _: ()) -> Result<(), DekuError> {\n    |                                          ^^^^^^ not found in this scope\n...\n499 | ImplDekuTraits!(u8);\n    | ------------------- in this macro invocation\n    |\n    = note: this error originates in the macro `ForwardDekuWrite` which comes from the expansion of the macro `ImplDekuTraits` (in Nightly builds, run with -Z macro-backtrace for more info)\n\nerror[E0412]: cannot find type `BitVec` in this scope\n   --> src/impls/primitive.rs:106:31\n    |\n106 |                     let bits: BitVec<u8, Msb0> = {\n    |                               ^^^^^^ not found in this scope\n...\n500 | ImplDekuTraits!(u16);\n    | -------------------- in this macro invocation\n    |\n    = note: this error originates in the macro `ImplDekuReadBits` which comes from the expansion of the macro `ImplDekuTraits` (in Nightly builds, run with -Z macro-backtrace for more info)\n\nerror[E0412]: cannot find type `BitVec` in this scope\n   --> src/impls/primitive.rs:327:30\n    |\n327 |                 output: &mut BitVec<u8, Msb0>,\n    |                              ^^^^^^ not found in this scope\n...\n500 | ImplDekuTraits!(u16);\n    | -------------------- in this macro invocation\n    |\n    = note: this error originates in the macro `ImplDekuWrite` which comes from the expansion of the macro `ImplDekuTraits` (in Nightly builds, run with -Z macro-backtrace for more info)\n\nerror[E0412]: cannot find type `BitVec` in this scope\n   --> src/impls/primitive.rs:372:30\n    |\n372 |                 output: &mut BitVec<u8, Msb0>,\n    |                              ^^^^^^ not found in this scope\n...\n500 | ImplDekuTraits!(u16);\n    | -------------------- in this macro invocation\n    |\n    = note: this error originates in the macro `ImplDekuWrite` which comes from the expansion of the macro `ImplDekuTraits` (in Nightly builds, run with -Z macro-backtrace for more info)\n\nerror[E0412]: cannot find type `BitVec` in this scope\n   --> src/impls/primitive.rs:418:30\n    |\n418 |                 output: &mut BitVec<u8, Msb0>,\n    |                              ^^^^^^ not found in this scope\n...\n500 | ImplDekuTraits!(u16);\n    | -------------------- in this macro invocation\n    |\n    = note: this error originates in the macro `ImplDekuWrite` which comes from the expansion of the macro `ImplDekuTraits` (in Nightly builds, run with -Z macro-backtrace for more info)\n\nerror[E0412]: cannot find type `BitVec` in this scope\n   --> src/impls/primitive.rs:438:30\n    |\n438 |                 output: &mut BitVec<u8, Msb0>,\n    |                              ^^^^^^ not found in this scope\n...\n500 | ImplDekuTraits!(u16);\n    | -------------------- in this macro invocation\n    |\n    = note: this error originates in the macro `ForwardDekuWrite` which comes from the expansion of the macro `ImplDekuTraits` (in Nightly builds, run with -Z macro-backtrace for more info)\n\nerror[E0412]: cannot find type `BitVec` in this scope\n   --> src/impls/primitive.rs:449:30\n    |\n449 |                 output: &mut BitVec<u8, Msb0>,\n    |                              ^^^^^^ not found in this scope\n...\n500 | ImplDekuTraits!(u16);\n    | -------------------- in this macro invocation\n    |\n    = note: this error originates in the macro `ForwardDekuWrite` which comes from the expansion of the macro `ImplDekuTraits` (in Nightly builds, run with -Z macro-backtrace for more info)\n\nerror[E0412]: cannot find type `BitVec` in this scope\n   --> src/impls/primitive.rs:457:42\n    |\n457 |             fn write(&self, output: &mut BitVec<u8, Msb0>, _: ()) -> Result<(), DekuError> {\n    |                                          ^^^^^^ not found in this scope\n...\n500 | ImplDekuTraits!(u16);\n    | -------------------- in this macro invocation\n    |\n    = note: this error originates in the macro `ForwardDekuWrite` which comes from the expansion of the macro `ImplDekuTraits` (in Nightly builds, run with -Z macro-backtrace for more info)\n\nerror[E0412]: cannot find type `BitVec` in this scope\n   --> src/impls/primitive.rs:193:35\n    |\n193 |                     let mut bits: BitVec<u8, Msb0> = BitVec::with_capacity(bit_slice.len() + pad);\n    |                                   ^^^^^^ not found in this scope\n...\n501 | ImplDekuTraitsBytes!(u16);\n    | ------------------------- in this macro invocation\n    |\n    = note: this error originates in the macro `ImplDekuReadBytes` which comes from the expansion of the macro `ImplDekuTraitsBytes` (in Nightly builds, run with -Z macro-backtrace for more info)\n\nerror[E0412]: cannot find type `BitVec` in this scope\n   --> src/impls/primitive.rs:106:31\n    |\n106 |                     let bits: BitVec<u8, Msb0> = {\n    |                               ^^^^^^ not found in this scope\n...\n502 | ImplDekuTraits!(u32);\n    | -------------------- in this macro invocation\n    |\n    = note: this error originates in the macro `ImplDekuReadBits` which comes from the expansion of the macro `ImplDekuTraits` (in Nightly builds, run with -Z macro-backtrace for more info)\n\nerror[E0412]: cannot find type `BitVec` in this scope\n   --> src/impls/primitive.rs:327:30\n    |\n327 |                 output: &mut BitVec<u8, Msb0>,\n    |                              ^^^^^^ not found in this scope\n...\n502 | ImplDekuTraits!(u32);\n    | -------------------- in this macro invocation\n    |\n    = note: this error originates in the macro `ImplDekuWrite` which comes from the expansion of the macro `ImplDekuTraits` (in Nightly builds, run with -Z macro-backtrace for more info)\n\nerror[E0412]: cannot find type `BitVec` in this scope\n   --> src/impls/primitive.rs:372:30\n    |\n372 |                 output: &mut BitVec<u8, Msb0>,\n    |                              ^^^^^^ not found in this scope\n...\n502 | ImplDekuTraits!(u32);\n    | -------------------- in this macro invocation\n    |\n    = note: this error originates in the macro `ImplDekuWrite` which comes from the expansion of the macro `ImplDekuTraits` (in Nightly builds, run with -Z macro-backtrace for more info)\n\nerror[E0412]: cannot find type `BitVec` in this scope\n   --> src/impls/primitive.rs:418:30\n    |\n418 |                 output: &mut BitVec<u8, Msb0>,\n    |                              ^^^^^^ not found in this scope\n...\n502 | ImplDekuTraits!(u32);\n    | -------------------- in this macro invocation\n    |\n    = note: this error originates in the macro `ImplDekuWrite` which comes from the expansion of the macro `ImplDekuTraits` (in Nightly builds, run with -Z macro-backtrace for more info)\n\nerror[E0412]: cannot find type `BitVec` in this scope\n   --> src/impls/primitive.rs:438:30\n    |\n438 |                 output: &mut BitVec<u8, Msb0>,\n    |                              ^^^^^^ not found in this scope\n...\n502 | ImplDekuTraits!(u32);\n    | -------------------- in this macro invocation\n    |\n    = note: this error originates in the macro `ForwardDekuWrite` which comes from the expansion of the macro `ImplDekuTraits` (in Nightly builds, run with -Z macro-backtrace for more info)\n\nerror[E0412]: cannot find type `BitVec` in this scope\n   --> src/impls/primitive.rs:449:30\n    |\n449 |                 output: &mut BitVec<u8, Msb0>,\n    |                              ^^^^^^ not found in this scope\n...\n502 | ImplDekuTraits!(u32);\n    | -------------------- in this macro invocation\n    |\n    = note: this error originates in the macro `ForwardDekuWrite` which comes from the expansion of the macro `ImplDekuTraits` (in Nightly builds, run with -Z macro-backtrace for more info)\n\nerror[E0412]: cannot find type `BitVec` in this scope\n   --> src/impls/primitive.rs:457:42\n    |\n457 |             fn write(&self, output: &mut BitVec<u8, Msb0>, _: ()) -> Result<(), DekuError> {\n    |                                          ^^^^^^ not found in this scope\n...\n502 | ImplDekuTraits!(u32);\n    | -------------------- in this macro invocation\n    |\n    = note: this error originates in the macro `ForwardDekuWrite` which comes from the expansion of the macro `ImplDekuTraits` (in Nightly builds, run with -Z macro-backtrace for more info)\n\nerror[E0412]: cannot find type `BitVec` in this scope\n   --> src/impls/primitive.rs:193:35\n    |\n193 |                     let mut bits: BitVec<u8, Msb0> = BitVec::with_capacity(bit_slice.len() + pad);\n    |                                   ^^^^^^ not found in this scope\n...\n503 | ImplDekuTraitsBytes!(u32);\n    | ------------------------- in this macro invocation\n    |\n    = note: this error originates in the macro `ImplDekuReadBytes` which comes from the expansion of the macro `ImplDekuTraitsBytes` (in Nightly builds, run with -Z macro-backtrace for more info)\n\nerror[E0412]: cannot find type `BitVec` in this scope\n   --> src/impls/primitive.rs:106:31\n    |\n106 |                     let bits: BitVec<u8, Msb0> = {\n    |                               ^^^^^^ not found in this scope\n...\n504 | ImplDekuTraits!(u64);\n    | -------------------- in this macro invocation\n    |\n    = note: this error originates in the macro `ImplDekuReadBits` which comes from the expansion of the macro `ImplDekuTraits` (in Nightly builds, run with -Z macro-backtrace for more info)\n\nerror[E0412]: cannot find type `BitVec` in this scope\n   --> src/impls/primitive.rs:327:30\n    |\n327 |                 output: &mut BitVec<u8, Msb0>,\n    |                              ^^^^^^ not found in this scope\n...\n504 | ImplDekuTraits!(u64);\n    | -------------------- in this macro invocation\n    |\n    = note: this error originates in the macro `ImplDekuWrite` which comes from the expansion of the macro `ImplDekuTraits` (in Nightly builds, run with -Z macro-backtrace for more info)\n\nerror[E0412]: cannot find type `BitVec` in this scope\n   --> src/impls/primitive.rs:372:30\n    |\n372 |                 output: &mut BitVec<u8, Msb0>,\n    |                              ^^^^^^ not found in this scope\n...\n504 | ImplDekuTraits!(u64);\n    | -------------------- in this macro invocation\n    |\n    = note: this error originates in the macro `ImplDekuWrite` which comes from the expansion of the macro `ImplDekuTraits` (in Nightly builds, run with -Z macro-backtrace for more info)\n\nerror[E0412]: cannot find type `BitVec` in this scope\n   --> src/impls/primitive.rs:418:30\n    |\n418 |                 output: &mut BitVec<u8, Msb0>,\n    |                              ^^^^^^ not found in this scope\n...\n504 | ImplDekuTraits!(u64);\n    | -------------------- in this macro invocation\n    |\n    = note: this error originates in the macro `ImplDekuWrite` which comes from the expansion of the macro `ImplDekuTraits` (in Nightly builds, run with -Z macro-backtrace for more info)\n\nerror[E0412]: cannot find type `BitVec` in this scope\n   --> src/impls/primitive.rs:438:30\n    |\n438 |                 output: &mut BitVec<u8, Msb0>,\n    |                              ^^^^^^ not found in this scope\n...\n504 | ImplDekuTraits!(u64);\n    | -------------------- in this macro invocation\n    |\n    = note: this error originates in the macro `ForwardDekuWrite` which comes from the expansion of the macro `ImplDekuTraits` (in Nightly builds, run with -Z macro-backtrace for more info)\n\nerror[E0412]: cannot find type `BitVec` in this scope\n   --> src/impls/primitive.rs:449:30\n    |\n449 |                 output: &mut BitVec<u8, Msb0>,\n    |                              ^^^^^^ not found in this scope\n...\n504 | ImplDekuTraits!(u64);\n    | -------------------- in this macro invocation\n    |\n    = note: this error originates in the macro `ForwardDekuWrite` which comes from the expansion of the macro `ImplDekuTraits` (in Nightly builds, run with -Z macro-backtrace for more info)\n\nerror[E0412]: cannot find type `BitVec` in this scope\n   --> src/impls/primitive.rs:457:42\n    |\n457 |             fn write(&self, output: &mut BitVec<u8, Msb0>, _: ()) -> Result<(), DekuError> {\n    |                                          ^^^^^^ not found in this scope\n...\n504 | ImplDekuTraits!(u64);\n    | -------------------- in this macro invocation\n    |\n    = note: this error originates in the macro `ForwardDekuWrite` which comes from the expansion of the macro `ImplDekuTraits` (in Nightly builds, run with -Z macro-backtrace for more info)\n\nerror[E0412]: cannot find type `BitVec` in this scope\n   --> src/impls/primitive.rs:193:35\n    |\n193 |                     let mut bits: BitVec<u8, Msb0> = BitVec::with_capacity(bit_slice.len() + pad);\n    |                                   ^^^^^^ not found in this scope\n...\n505 | ImplDekuTraitsBytes!(u64);\n    | ------------------------- in this macro invocation\n    |\n    = note: this error originates in the macro `ImplDekuReadBytes` which comes from the expansion of the macro `ImplDekuTraitsBytes` (in Nightly builds, run with -Z macro-backtrace for more info)\n\nerror[E0412]: cannot find type `BitVec` in this scope\n   --> src/impls/primitive.rs:106:31\n    |\n106 |                     let bits: BitVec<u8, Msb0> = {\n    |                               ^^^^^^ not found in this scope\n...\n506 | ImplDekuTraits!(u128);\n    | --------------------- in this macro invocation\n    |\n    = note: this error originates in the macro `ImplDekuReadBits` which comes from the expansion of the macro `ImplDekuTraits` (in Nightly builds, run with -Z macro-backtrace for more info)\n\nerror[E0412]: cannot find type `BitVec` in this scope\n   --> src/impls/primitive.rs:327:30\n    |\n327 |                 output: &mut BitVec<u8, Msb0>,\n    |                              ^^^^^^ not found in this scope\n...\n506 | ImplDekuTraits!(u128);\n    | --------------------- in this macro invocation\n    |\n    = note: this error originates in the macro `ImplDekuWrite` which comes from the expansion of the macro `ImplDekuTraits` (in Nightly builds, run with -Z macro-backtrace for more info)\n\nerror[E0412]: cannot find type `BitVec` in this scope\n   --> src/impls/primitive.rs:372:30\n    |\n372 |                 output: &mut BitVec<u8, Msb0>,\n    |                              ^^^^^^ not found in this scope\n...\n506 | ImplDekuTraits!(u128);\n    | --------------------- in this macro invocation\n    |\n    = note: this error originates in the macro `ImplDekuWrite` which comes from the expansion of the macro `ImplDekuTraits` (in Nightly builds, run with -Z macro-backtrace for more info)\n\nerror[E0412]: cannot find type `BitVec` in this scope\n   --> src/impls/primitive.rs:418:30\n    |\n418 |                 output: &mut BitVec<u8, Msb0>,\n    |                              ^^^^^^ not found in this scope\n...\n506 | ImplDekuTraits!(u128);\n    | --------------------- in this macro invocation\n    |\n    = note: this error originates in the macro `ImplDekuWrite` which comes from the expansion of the macro `ImplDekuTraits` (in Nightly builds, run with -Z macro-backtrace for more info)\n\nerror[E0412]: cannot find type `BitVec` in this scope\n   --> src/impls/primitive.rs:438:30\n    |\n438 |                 output: &mut BitVec<u8, Msb0>,\n    |                              ^^^^^^ not found in this scope\n...\n506 | ImplDekuTraits!(u128);\n    | --------------------- in this macro invocation\n    |\n    = note: this error originates in the macro `ForwardDekuWrite` which comes from the expansion of the macro `ImplDekuTraits` (in Nightly builds, run with -Z macro-backtrace for more info)\n\nerror[E0412]: cannot find type `BitVec` in this scope\n   --> src/impls/primitive.rs:449:30\n    |\n449 |                 output: &mut BitVec<u8, Msb0>,\n    |                              ^^^^^^ not found in this scope\n...\n506 | ImplDekuTraits!(u128);\n    | --------------------- in this macro invocation\n    |\n    = note: this error originates in the macro `ForwardDekuWrite` which comes from the expansion of the macro `ImplDekuTraits` (in Nightly builds, run with -Z macro-backtrace for more info)\n\nerror[E0412]: cannot find type `BitVec` in this scope\n   --> src/impls/primitive.rs:457:42\n    |\n457 |             fn write(&self, output: &mut BitVec<u8, Msb0>, _: ()) -> Result<(), DekuError> {\n    |                                          ^^^^^^ not found in this scope\n...\n506 | ImplDekuTraits!(u128);\n    | --------------------- in this macro invocation\n    |\n    = note: this error originates in the macro `ForwardDekuWrite` which comes from the expansion of the macro `ImplDekuTraits` (in Nightly builds, run with -Z macro-backtrace for more info)\n\nerror[E0412]: cannot find type `BitVec` in this scope\n   --> src/impls/primitive.rs:193:35\n    |\n193 |                     let mut bits: BitVec<u8, Msb0> = BitVec::with_capacity(bit_slice.len() + pad);\n    |                                   ^^^^^^ not found in this scope\n...\n507 | ImplDekuTraitsBytes!(u128);\n    | -------------------------- in this macro invocation\n    |\n    = note: this error originates in the macro `ImplDekuReadBytes` which comes from the expansion of the macro `ImplDekuTraitsBytes` (in Nightly builds, run with -Z macro-backtrace for more info)\n\nerror[E0412]: cannot find type `BitVec` in this scope\n   --> src/impls/primitive.rs:106:31\n    |\n106 |                     let bits: BitVec<u8, Msb0> = {\n    |                               ^^^^^^ not found in this scope\n...\n508 | ImplDekuTraits!(usize);\n    | ---------------------- in this macro invocation\n    |\n    = note: this error originates in the macro `ImplDekuReadBits` which comes from the expansion of the macro `ImplDekuTraits` (in Nightly builds, run with -Z macro-backtrace for more info)\n\nerror[E0412]: cannot find type `BitVec` in this scope\n   --> src/impls/primitive.rs:327:30\n    |\n327 |                 output: &mut BitVec<u8, Msb0>,\n    |                              ^^^^^^ not found in this scope\n...\n508 | ImplDekuTraits!(usize);\n    | ---------------------- in this macro invocation\n    |\n    = note: this error originates in the macro `ImplDekuWrite` which comes from the expansion of the macro `ImplDekuTraits` (in Nightly builds, run with -Z macro-backtrace for more info)\n\nerror[E0412]: cannot find type `BitVec` in this scope\n   --> src/impls/primitive.rs:372:30\n    |\n372 |                 output: &mut BitVec<u8, Msb0>,\n    |                              ^^^^^^ not found in this scope\n...\n508 | ImplDekuTraits!(usize);\n    | ---------------------- in this macro invocation\n    |\n    = note: this error originates in the macro `ImplDekuWrite` which comes from the expansion of the macro `ImplDekuTraits` (in Nightly builds, run with -Z macro-backtrace for more info)\n\nerror[E0412]: cannot find type `BitVec` in this scope\n   --> src/impls/primitive.rs:418:30\n    |\n418 |                 output: &mut BitVec<u8, Msb0>,\n    |                              ^^^^^^ not found in this scope\n...\n508 | ImplDekuTraits!(usize);\n    | ---------------------- in this macro invocation\n    |\n    = note: this error originates in the macro `ImplDekuWrite` which comes from the expansion of the macro `ImplDekuTraits` (in Nightly builds, run with -Z macro-backtrace for more info)\n\nerror[E0412]: cannot find type `BitVec` in this scope\n   --> src/impls/primitive.rs:438:30\n    |\n438 |                 output: &mut BitVec<u8, Msb0>,\n    |                              ^^^^^^ not found in this scope\n...\n508 | ImplDekuTraits!(usize);\n    | ---------------------- in this macro invocation\n    |\n    = note: this error originates in the macro `ForwardDekuWrite` which comes from the expansion of the macro `ImplDekuTraits` (in Nightly builds, run with -Z macro-backtrace for more info)\n\nerror[E0412]: cannot find type `BitVec` in this scope\n   --> src/impls/primitive.rs:449:30\n    |\n449 |                 output: &mut BitVec<u8, Msb0>,\n    |                              ^^^^^^ not found in this scope\n...\n508 | ImplDekuTraits!(usize);\n    | ---------------------- in this macro invocation\n    |\n    = note: this error originates in the macro `ForwardDekuWrite` which comes from the expansion of the macro `ImplDekuTraits` (in Nightly builds, run with -Z macro-backtrace for more info)\n\nerror[E0412]: cannot find type `BitVec` in this scope\n   --> src/impls/primitive.rs:457:42\n    |\n457 |             fn write(&self, output: &mut BitVec<u8, Msb0>, _: ()) -> Result<(), DekuError> {\n    |                                          ^^^^^^ not found in this scope\n...\n508 | ImplDekuTraits!(usize);\n    | ---------------------- in this macro invocation\n    |\n    = note: this error originates in the macro `ForwardDekuWrite` which comes from the expansion of the macro `ImplDekuTraits` (in Nightly builds, run with -Z macro-backtrace for more info)\n\nerror[E0412]: cannot find type `BitVec` in this scope\n   --> src/impls/primitive.rs:193:35\n    |\n193 |                     let mut bits: BitVec<u8, Msb0> = BitVec::with_capacity(bit_slice.len() + pad);\n    |                                   ^^^^^^ not found in this scope\n...\n509 | ImplDekuTraitsBytes!(usize);\n    | --------------------------- in this macro invocation\n    |\n    = note: this error originates in the macro `ImplDekuReadBytes` which comes from the expansion of the macro `ImplDekuTraitsBytes` (in Nightly builds, run with -Z macro-backtrace for more info)\n\nerror[E0412]: cannot find type `BitVec` in this scope\n   --> src/impls/primitive.rs:327:30\n    |\n327 |                 output: &mut BitVec<u8, Msb0>,\n    |                              ^^^^^^ not found in this scope\n...\n511 | ImplDekuTraitsSignExtend!(i8, u8);\n    | --------------------------------- in this macro invocation\n    |\n    = note: this error originates in the macro `ImplDekuWrite` which comes from the expansion of the macro `ImplDekuTraitsSignExtend` (in Nightly builds, run with -Z macro-backtrace for more info)\n\nerror[E0412]: cannot find type `BitVec` in this scope\n   --> src/impls/primitive.rs:372:30\n    |\n372 |                 output: &mut BitVec<u8, Msb0>,\n    |                              ^^^^^^ not found in this scope\n...\n511 | ImplDekuTraitsSignExtend!(i8, u8);\n    | --------------------------------- in this macro invocation\n    |\n    = note: this error originates in the macro `ImplDekuWrite` which comes from the expansion of the macro `ImplDekuTraitsSignExtend` (in Nightly builds, run with -Z macro-backtrace for more info)\n\nerror[E0412]: cannot find type `BitVec` in this scope\n   --> src/impls/primitive.rs:418:30\n    |\n418 |                 output: &mut BitVec<u8, Msb0>,\n    |                              ^^^^^^ not found in this scope\n...\n511 | ImplDekuTraitsSignExtend!(i8, u8);\n    | --------------------------------- in this macro invocation\n    |\n    = note: this error originates in the macro `ImplDekuWrite` which comes from the expansion of the macro `ImplDekuTraitsSignExtend` (in Nightly builds, run with -Z macro-backtrace for more info)\n\nerror[E0412]: cannot find type `BitVec` in this scope\n   --> src/impls/primitive.rs:438:30\n    |\n438 |                 output: &mut BitVec<u8, Msb0>,\n    |                              ^^^^^^ not found in this scope\n...\n511 | ImplDekuTraitsSignExtend!(i8, u8);\n    | --------------------------------- in this macro invocation\n    |\n    = note: this error originates in the macro `ForwardDekuWrite` which comes from the expansion of the macro `ImplDekuTraitsSignExtend` (in Nightly builds, run with -Z macro-backtrace for more info)\n\nerror[E0412]: cannot find type `BitVec` in this scope\n   --> src/impls/primitive.rs:449:30\n    |\n449 |                 output: &mut BitVec<u8, Msb0>,\n    |                              ^^^^^^ not found in this scope\n...\n511 | ImplDekuTraitsSignExtend!(i8, u8);\n    | --------------------------------- in this macro invocation\n    |\n    = note: this error originates in the macro `ForwardDekuWrite` which comes from the expansion of the macro `ImplDekuTraitsSignExtend` (in Nightly builds, run with -Z macro-backtrace for more info)\n\nerror[E0412]: cannot find type `BitVec` in this scope\n   --> src/impls/primitive.rs:457:42\n    |\n457 |             fn write(&self, output: &mut BitVec<u8, Msb0>, _: ()) -> Result<(), DekuError> {\n    |                                          ^^^^^^ not found in this scope\n...\n511 | ImplDekuTraitsSignExtend!(i8, u8);\n    | --------------------------------- in this macro invocation\n    |\n    = note: this error originates in the macro `ForwardDekuWrite` which comes from the expansion of the macro `ImplDekuTraitsSignExtend` (in Nightly builds, run with -Z macro-backtrace for more info)\n\nerror[E0412]: cannot find type `BitVec` in this scope\n   --> src/impls/primitive.rs:327:30\n    |\n327 |                 output: &mut BitVec<u8, Msb0>,\n    |                              ^^^^^^ not found in this scope\n...\n512 | ImplDekuTraitsSignExtend!(i16, u16);\n    | ----------------------------------- in this macro invocation\n    |\n    = note: this error originates in the macro `ImplDekuWrite` which comes from the expansion of the macro `ImplDekuTraitsSignExtend` (in Nightly builds, run with -Z macro-backtrace for more info)\n\nerror[E0412]: cannot find type `BitVec` in this scope\n   --> src/impls/primitive.rs:372:30\n    |\n372 |                 output: &mut BitVec<u8, Msb0>,\n    |                              ^^^^^^ not found in this scope\n...\n512 | ImplDekuTraitsSignExtend!(i16, u16);\n    | ----------------------------------- in this macro invocation\n    |\n    = note: this error originates in the macro `ImplDekuWrite` which comes from the expansion of the macro `ImplDekuTraitsSignExtend` (in Nightly builds, run with -Z macro-backtrace for more info)\n\nerror[E0412]: cannot find type `BitVec` in this scope\n   --> src/impls/primitive.rs:418:30\n    |\n418 |                 output: &mut BitVec<u8, Msb0>,\n    |                              ^^^^^^ not found in this scope\n...\n512 | ImplDekuTraitsSignExtend!(i16, u16);\n    | ----------------------------------- in this macro invocation\n    |\n    = note: this error originates in the macro `ImplDekuWrite` which comes from the expansion of the macro `ImplDekuTraitsSignExtend` (in Nightly builds, run with -Z macro-backtrace for more info)\n\nerror[E0412]: cannot find type `BitVec` in this scope\n   --> src/impls/primitive.rs:438:30\n    |\n438 |                 output: &mut BitVec<u8, Msb0>,\n    |                              ^^^^^^ not found in this scope\n...\n512 | ImplDekuTraitsSignExtend!(i16, u16);\n    | ----------------------------------- in this macro invocation\n    |\n    = note: this error originates in the macro `ForwardDekuWrite` which comes from the expansion of the macro `ImplDekuTraitsSignExtend` (in Nightly builds, run with -Z macro-backtrace for more info)\n\nerror[E0412]: cannot find type `BitVec` in this scope\n   --> src/impls/primitive.rs:449:30\n    |\n449 |                 output: &mut BitVec<u8, Msb0>,\n    |                              ^^^^^^ not found in this scope\n...\n512 | ImplDekuTraitsSignExtend!(i16, u16);\n    | ----------------------------------- in this macro invocation\n    |\n    = note: this error originates in the macro `ForwardDekuWrite` which comes from the expansion of the macro `ImplDekuTraitsSignExtend` (in Nightly builds, run with -Z macro-backtrace for more info)\n\nerror[E0412]: cannot find type `BitVec` in this scope\n   --> src/impls/primitive.rs:457:42\n    |\n457 |             fn write(&self, output: &mut BitVec<u8, Msb0>, _: ()) -> Result<(), DekuError> {\n    |                                          ^^^^^^ not found in this scope\n...\n512 | ImplDekuTraitsSignExtend!(i16, u16);\n    | ----------------------------------- in this macro invocation\n    |\n    = note: this error originates in the macro `ForwardDekuWrite` which comes from the expansion of the macro `ImplDekuTraitsSignExtend` (in Nightly builds, run with -Z macro-backtrace for more info)\n\nerror[E0412]: cannot find type `BitVec` in this scope\n   --> src/impls/primitive.rs:327:30\n    |\n327 |                 output: &mut BitVec<u8, Msb0>,\n    |                              ^^^^^^ not found in this scope\n...\n513 | ImplDekuTraitsSignExtend!(i32, u32);\n    | ----------------------------------- in this macro invocation\n    |\n    = note: this error originates in the macro `ImplDekuWrite` which comes from the expansion of the macro `ImplDekuTraitsSignExtend` (in Nightly builds, run with -Z macro-backtrace for more info)\n\nerror[E0412]: cannot find type `BitVec` in this scope\n   --> src/impls/primitive.rs:372:30\n    |\n372 |                 output: &mut BitVec<u8, Msb0>,\n    |                              ^^^^^^ not found in this scope\n...\n513 | ImplDekuTraitsSignExtend!(i32, u32);\n    | ----------------------------------- in this macro invocation\n    |\n    = note: this error originates in the macro `ImplDekuWrite` which comes from the expansion of the macro `ImplDekuTraitsSignExtend` (in Nightly builds, run with -Z macro-backtrace for more info)\n\nerror[E0412]: cannot find type `BitVec` in this scope\n   --> src/impls/primitive.rs:418:30\n    |\n418 |                 output: &mut BitVec<u8, Msb0>,\n    |                              ^^^^^^ not found in this scope\n...\n513 | ImplDekuTraitsSignExtend!(i32, u32);\n    | ----------------------------------- in this macro invocation\n    |\n    = note: this error originates in the macro `ImplDekuWrite` which comes from the expansion of the macro `ImplDekuTraitsSignExtend` (in Nightly builds, run with -Z macro-backtrace for more info)\n\nerror[E0412]: cannot find type `BitVec` in this scope\n   --> src/impls/primitive.rs:438:30\n    |\n438 |                 output: &mut BitVec<u8, Msb0>,\n    |                              ^^^^^^ not found in this scope\n...\n513 | ImplDekuTraitsSignExtend!(i32, u32);\n    | ----------------------------------- in this macro invocation\n    |\n    = note: this error originates in the macro `ForwardDekuWrite` which comes from the expansion of the macro `ImplDekuTraitsSignExtend` (in Nightly builds, run with -Z macro-backtrace for more info)\n\nerror[E0412]: cannot find type `BitVec` in this scope\n   --> src/impls/primitive.rs:449:30\n    |\n449 |                 output: &mut BitVec<u8, Msb0>,\n    |                              ^^^^^^ not found in this scope\n...\n513 | ImplDekuTraitsSignExtend!(i32, u32);\n    | ----------------------------------- in this macro invocation\n    |\n    = note: this error originates in the macro `ForwardDekuWrite` which comes from the expansion of the macro `ImplDekuTraitsSignExtend` (in Nightly builds, run with -Z macro-backtrace for more info)\n\nerror[E0412]: cannot find type `BitVec` in this scope\n   --> src/impls/primitive.rs:457:42\n    |\n457 |             fn write(&self, output: &mut BitVec<u8, Msb0>, _: ()) -> Result<(), DekuError> {\n    |                                          ^^^^^^ not found in this scope\n...\n513 | ImplDekuTraitsSignExtend!(i32, u32);\n    | ----------------------------------- in this macro invocation\n    |\n    = note: this error originates in the macro `ForwardDekuWrite` which comes from the expansion of the macro `ImplDekuTraitsSignExtend` (in Nightly builds, run with -Z macro-backtrace for more info)\n\nerror[E0412]: cannot find type `BitVec` in this scope\n   --> src/impls/primitive.rs:327:30\n    |\n327 |                 output: &mut BitVec<u8, Msb0>,\n    |                              ^^^^^^ not found in this scope\n...\n514 | ImplDekuTraitsSignExtend!(i64, u64);\n    | ----------------------------------- in this macro invocation\n    |\n    = note: this error originates in the macro `ImplDekuWrite` which comes from the expansion of the macro `ImplDekuTraitsSignExtend` (in Nightly builds, run with -Z macro-backtrace for more info)\n\nerror[E0412]: cannot find type `BitVec` in this scope\n   --> src/impls/primitive.rs:372:30\n    |\n372 |                 output: &mut BitVec<u8, Msb0>,\n    |                              ^^^^^^ not found in this scope\n...\n514 | ImplDekuTraitsSignExtend!(i64, u64);\n    | ----------------------------------- in this macro invocation\n    |\n    = note: this error originates in the macro `ImplDekuWrite` which comes from the expansion of the macro `ImplDekuTraitsSignExtend` (in Nightly builds, run with -Z macro-backtrace for more info)\n\nerror[E0412]: cannot find type `BitVec` in this scope\n   --> src/impls/primitive.rs:418:30\n    |\n418 |                 output: &mut BitVec<u8, Msb0>,\n    |                              ^^^^^^ not found in this scope\n...\n514 | ImplDekuTraitsSignExtend!(i64, u64);\n    | ----------------------------------- in this macro invocation\n    |\n    = note: this error originates in the macro `ImplDekuWrite` which comes from the expansion of the macro `ImplDekuTraitsSignExtend` (in Nightly builds, run with -Z macro-backtrace for more info)\n\nerror[E0412]: cannot find type `BitVec` in this scope\n   --> src/impls/primitive.rs:438:30\n    |\n438 |                 output: &mut BitVec<u8, Msb0>,\n    |                              ^^^^^^ not found in this scope\n...\n514 | ImplDekuTraitsSignExtend!(i64, u64);\n    | ----------------------------------- in this macro invocation\n    |\n    = note: this error originates in the macro `ForwardDekuWrite` which comes from the expansion of the macro `ImplDekuTraitsSignExtend` (in Nightly builds, run with -Z macro-backtrace for more info)\n\nerror[E0412]: cannot find type `BitVec` in this scope\n   --> src/impls/primitive.rs:449:30\n    |\n449 |                 output: &mut BitVec<u8, Msb0>,\n    |                              ^^^^^^ not found in this scope\n...\n514 | ImplDekuTraitsSignExtend!(i64, u64);\n    | ----------------------------------- in this macro invocation\n    |\n    = note: this error originates in the macro `ForwardDekuWrite` which comes from the expansion of the macro `ImplDekuTraitsSignExtend` (in Nightly builds, run with -Z macro-backtrace for more info)\n\nerror[E0412]: cannot find type `BitVec` in this scope\n   --> src/impls/primitive.rs:457:42\n    |\n457 |             fn write(&self, output: &mut BitVec<u8, Msb0>, _: ()) -> Result<(), DekuError> {\n    |                                          ^^^^^^ not found in this scope\n...\n514 | ImplDekuTraitsSignExtend!(i64, u64);\n    | ----------------------------------- in this macro invocation\n    |\n    = note: this error originates in the macro `ForwardDekuWrite` which comes from the expansion of the macro `ImplDekuTraitsSignExtend` (in Nightly builds, run with -Z macro-backtrace for more info)\n\nerror[E0412]: cannot find type `BitVec` in this scope\n   --> src/impls/primitive.rs:327:30\n    |\n327 |                 output: &mut BitVec<u8, Msb0>,\n    |                              ^^^^^^ not found in this scope\n...\n515 | ImplDekuTraitsSignExtend!(i128, u128);\n    | ------------------------------------- in this macro invocation\n    |\n    = note: this error originates in the macro `ImplDekuWrite` which comes from the expansion of the macro `ImplDekuTraitsSignExtend` (in Nightly builds, run with -Z macro-backtrace for more info)\n\nerror[E0412]: cannot find type `BitVec` in this scope\n   --> src/impls/primitive.rs:372:30\n    |\n372 |                 output: &mut BitVec<u8, Msb0>,\n    |                              ^^^^^^ not found in this scope\n...\n515 | ImplDekuTraitsSignExtend!(i128, u128);\n    | ------------------------------------- in this macro invocation\n    |\n    = note: this error originates in the macro `ImplDekuWrite` which comes from the expansion of the macro `ImplDekuTraitsSignExtend` (in Nightly builds, run with -Z macro-backtrace for more info)\n\nerror[E0412]: cannot find type `BitVec` in this scope\n   --> src/impls/primitive.rs:418:30\n    |\n418 |                 output: &mut BitVec<u8, Msb0>,\n    |                              ^^^^^^ not found in this scope\n...\n515 | ImplDekuTraitsSignExtend!(i128, u128);\n    | ------------------------------------- in this macro invocation\n    |\n    = note: this error originates in the macro `ImplDekuWrite` which comes from the expansion of the macro `ImplDekuTraitsSignExtend` (in Nightly builds, run with -Z macro-backtrace for more info)\n\nerror[E0412]: cannot find type `BitVec` in this scope\n   --> src/impls/primitive.rs:438:30\n    |\n438 |                 output: &mut BitVec<u8, Msb0>,\n    |                              ^^^^^^ not found in this scope\n...\n515 | ImplDekuTraitsSignExtend!(i128, u128);\n    | ------------------------------------- in this macro invocation\n    |\n    = note: this error originates in the macro `ForwardDekuWrite` which comes from the expansion of the macro `ImplDekuTraitsSignExtend` (in Nightly builds, run with -Z macro-backtrace for more info)\n\nerror[E0412]: cannot find type `BitVec` in this scope\n   --> src/impls/primitive.rs:449:30\n    |\n449 |                 output: &mut BitVec<u8, Msb0>,\n    |                              ^^^^^^ not found in this scope\n...\n515 | ImplDekuTraitsSignExtend!(i128, u128);\n    | ------------------------------------- in this macro invocation\n    |\n    = note: this error originates in the macro `ForwardDekuWrite` which comes from the expansion of the macro `ImplDekuTraitsSignExtend` (in Nightly builds, run with -Z macro-backtrace for more info)\n\nerror[E0412]: cannot find type `BitVec` in this scope\n   --> src/impls/primitive.rs:457:42\n    |\n457 |             fn write(&self, output: &mut BitVec<u8, Msb0>, _: ()) -> Result<(), DekuError> {\n    |                                          ^^^^^^ not found in this scope\n...\n515 | ImplDekuTraitsSignExtend!(i128, u128);\n    | ------------------------------------- in this macro invocation\n    |\n    = note: this error originates in the macro `ForwardDekuWrite` which comes from the expansion of the macro `ImplDekuTraitsSignExtend` (in Nightly builds, run with -Z macro-backtrace for more info)\n\nerror[E0412]: cannot find type `BitVec` in this scope\n   --> src/impls/primitive.rs:327:30\n    |\n327 |                 output: &mut BitVec<u8, Msb0>,\n    |                              ^^^^^^ not found in this scope\n...\n516 | ImplDekuTraitsSignExtend!(isize, usize);\n    | --------------------------------------- in this macro invocation\n    |\n    = note: this error originates in the macro `ImplDekuWrite` which comes from the expansion of the macro `ImplDekuTraitsSignExtend` (in Nightly builds, run with -Z macro-backtrace for more info)\n\nerror[E0412]: cannot find type `BitVec` in this scope\n   --> src/impls/primitive.rs:372:30\n    |\n372 |                 output: &mut BitVec<u8, Msb0>,\n    |                              ^^^^^^ not found in this scope\n...\n516 | ImplDekuTraitsSignExtend!(isize, usize);\n    | --------------------------------------- in this macro invocation\n    |\n    = note: this error originates in the macro `ImplDekuWrite` which comes from the expansion of the macro `ImplDekuTraitsSignExtend` (in Nightly builds, run with -Z macro-backtrace for more info)\n\nerror[E0412]: cannot find type `BitVec` in this scope\n   --> src/impls/primitive.rs:418:30\n    |\n418 |                 output: &mut BitVec<u8, Msb0>,\n    |                              ^^^^^^ not found in this scope\n...\n516 | ImplDekuTraitsSignExtend!(isize, usize);\n    | --------------------------------------- in this macro invocation\n    |\n    = note: this error originates in the macro `ImplDekuWrite` which comes from the expansion of the macro `ImplDekuTraitsSignExtend` (in Nightly builds, run with -Z macro-backtrace for more info)\n\nerror[E0412]: cannot find type `BitVec` in this scope\n   --> src/impls/primitive.rs:438:30\n    |\n438 |                 output: &mut BitVec<u8, Msb0>,\n    |                              ^^^^^^ not found in this scope\n...\n516 | ImplDekuTraitsSignExtend!(isize, usize);\n    | --------------------------------------- in this macro invocation\n    |\n    = note: this error originates in the macro `ForwardDekuWrite` which comes from the expansion of the macro `ImplDekuTraitsSignExtend` (in Nightly builds, run with -Z macro-backtrace for more info)\n\nerror[E0412]: cannot find type `BitVec` in this scope\n   --> src/impls/primitive.rs:449:30\n    |\n449 |                 output: &mut BitVec<u8, Msb0>,\n    |                              ^^^^^^ not found in this scope\n...\n516 | ImplDekuTraitsSignExtend!(isize, usize);\n    | --------------------------------------- in this macro invocation\n    |\n    = note: this error originates in the macro `ForwardDekuWrite` which comes from the expansion of the macro `ImplDekuTraitsSignExtend` (in Nightly builds, run with -Z macro-backtrace for more info)\n\nerror[E0412]: cannot find type `BitVec` in this scope\n   --> src/impls/primitive.rs:457:42\n    |\n457 |             fn write(&self, output: &mut BitVec<u8, Msb0>, _: ()) -> Result<(), DekuError> {\n    |                                          ^^^^^^ not found in this scope\n...\n516 | ImplDekuTraitsSignExtend!(isize, usize);\n    | --------------------------------------- in this macro invocation\n    |\n    = note: this error originates in the macro `ForwardDekuWrite` which comes from the expansion of the macro `ImplDekuTraitsSignExtend` (in Nightly builds, run with -Z macro-backtrace for more info)\n\nerror[E0412]: cannot find type `BitVec` in this scope\n   --> src/impls/primitive.rs:106:31\n    |\n106 |                     let bits: BitVec<u8, Msb0> = {\n    |                               ^^^^^^ not found in this scope\n...\n518 | ImplDekuTraits!(f32, u32);\n    | ------------------------- in this macro invocation\n    |\n    = note: this error originates in the macro `ImplDekuReadBits` which comes from the expansion of the macro `ImplDekuTraits` (in Nightly builds, run with -Z macro-backtrace for more info)\n\nerror[E0412]: cannot find type `BitVec` in this scope\n   --> src/impls/primitive.rs:327:30\n    |\n327 |                 output: &mut BitVec<u8, Msb0>,\n    |                              ^^^^^^ not found in this scope\n...\n518 | ImplDekuTraits!(f32, u32);\n    | ------------------------- in this macro invocation\n    |\n    = note: this error originates in the macro `ImplDekuWrite` which comes from the expansion of the macro `ImplDekuTraits` (in Nightly builds, run with -Z macro-backtrace for more info)\n\nerror[E0412]: cannot find type `BitVec` in this scope\n   --> src/impls/primitive.rs:372:30\n    |\n372 |                 output: &mut BitVec<u8, Msb0>,\n    |                              ^^^^^^ not found in this scope\n...\n518 | ImplDekuTraits!(f32, u32);\n    | ------------------------- in this macro invocation\n    |\n    = note: this error originates in the macro `ImplDekuWrite` which comes from the expansion of the macro `ImplDekuTraits` (in Nightly builds, run with -Z macro-backtrace for more info)\n\nerror[E0412]: cannot find type `BitVec` in this scope\n   --> src/impls/primitive.rs:418:30\n    |\n418 |                 output: &mut BitVec<u8, Msb0>,\n    |                              ^^^^^^ not found in this scope\n...\n518 | ImplDekuTraits!(f32, u32);\n    | ------------------------- in this macro invocation\n    |\n    = note: this error originates in the macro `ImplDekuWrite` which comes from the expansion of the macro `ImplDekuTraits` (in Nightly builds, run with -Z macro-backtrace for more info)\n\nerror[E0412]: cannot find type `BitVec` in this scope\n   --> src/impls/primitive.rs:438:30\n    |\n438 |                 output: &mut BitVec<u8, Msb0>,\n    |                              ^^^^^^ not found in this scope\n...\n518 | ImplDekuTraits!(f32, u32);\n    | ------------------------- in this macro invocation\n    |\n    = note: this error originates in the macro `ForwardDekuWrite` which comes from the expansion of the macro `ImplDekuTraits` (in Nightly builds, run with -Z macro-backtrace for more info)\n\nerror[E0412]: cannot find type `BitVec` in this scope\n   --> src/impls/primitive.rs:449:30\n    |\n449 |                 output: &mut BitVec<u8, Msb0>,\n    |                              ^^^^^^ not found in this scope\n...\n518 | ImplDekuTraits!(f32, u32);\n    | ------------------------- in this macro invocation\n    |\n    = note: this error originates in the macro `ForwardDekuWrite` which comes from the expansion of the macro `ImplDekuTraits` (in Nightly builds, run with -Z macro-backtrace for more info)\n\nerror[E0412]: cannot find type `BitVec` in this scope\n   --> src/impls/primitive.rs:457:42\n    |\n457 |             fn write(&self, output: &mut BitVec<u8, Msb0>, _: ()) -> Result<(), DekuError> {\n    |                                          ^^^^^^ not found in this scope\n...\n518 | ImplDekuTraits!(f32, u32);\n    | ------------------------- in this macro invocation\n    |\n    = note: this error originates in the macro `ForwardDekuWrite` which comes from the expansion of the macro `ImplDekuTraits` (in Nightly builds, run with -Z macro-backtrace for more info)\n\nerror[E0412]: cannot find type `BitVec` in this scope\n   --> src/impls/primitive.rs:193:35\n    |\n193 |                     let mut bits: BitVec<u8, Msb0> = BitVec::with_capacity(bit_slice.len() + pad);\n    |                                   ^^^^^^ not found in this scope\n...\n519 | ImplDekuTraitsBytes!(f32, u32);\n    | ------------------------------ in this macro invocation\n    |\n    = note: this error originates in the macro `ImplDekuReadBytes` which comes from the expansion of the macro `ImplDekuTraitsBytes` (in Nightly builds, run with -Z macro-backtrace for more info)\n\nerror[E0412]: cannot find type `BitVec` in this scope\n   --> src/impls/primitive.rs:106:31\n    |\n106 |                     let bits: BitVec<u8, Msb0> = {\n    |                               ^^^^^^ not found in this scope\n...\n520 | ImplDekuTraits!(f64, u64);\n    | ------------------------- in this macro invocation\n    |\n    = note: this error originates in the macro `ImplDekuReadBits` which comes from the expansion of the macro `ImplDekuTraits` (in Nightly builds, run with -Z macro-backtrace for more info)\n\nerror[E0412]: cannot find type `BitVec` in this scope\n   --> src/impls/primitive.rs:327:30\n    |\n327 |                 output: &mut BitVec<u8, Msb0>,\n    |                              ^^^^^^ not found in this scope\n...\n520 | ImplDekuTraits!(f64, u64);\n    | ------------------------- in this macro invocation\n    |\n    = note: this error originates in the macro `ImplDekuWrite` which comes from the expansion of the macro `ImplDekuTraits` (in Nightly builds, run with -Z macro-backtrace for more info)\n\nerror[E0412]: cannot find type `BitVec` in this scope\n   --> src/impls/primitive.rs:372:30\n    |\n372 |                 output: &mut BitVec<u8, Msb0>,\n    |                              ^^^^^^ not found in this scope\n...\n520 | ImplDekuTraits!(f64, u64);\n    | ------------------------- in this macro invocation\n    |\n    = note: this error originates in the macro `ImplDekuWrite` which comes from the expansion of the macro `ImplDekuTraits` (in Nightly builds, run with -Z macro-backtrace for more info)\n\nerror[E0412]: cannot find type `BitVec` in this scope\n   --> src/impls/primitive.rs:418:30\n    |\n418 |                 output: &mut BitVec<u8, Msb0>,\n    |                              ^^^^^^ not found in this scope\n...\n520 | ImplDekuTraits!(f64, u64);\n    | ------------------------- in this macro invocation\n    |\n    = note: this error originates in the macro `ImplDekuWrite` which comes from the expansion of the macro `ImplDekuTraits` (in Nightly builds, run with -Z macro-backtrace for more info)\n\nerror[E0412]: cannot find type `BitVec` in this scope\n   --> src/impls/primitive.rs:438:30\n    |\n438 |                 output: &mut BitVec<u8, Msb0>,\n    |                              ^^^^^^ not found in this scope\n...\n520 | ImplDekuTraits!(f64, u64);\n    | ------------------------- in this macro invocation\n    |\n    = note: this error originates in the macro `ForwardDekuWrite` which comes from the expansion of the macro `ImplDekuTraits` (in Nightly builds, run with -Z macro-backtrace for more info)\n\nerror[E0412]: cannot find type `BitVec` in this scope\n   --> src/impls/primitive.rs:449:30\n    |\n449 |                 output: &mut BitVec<u8, Msb0>,\n    |                              ^^^^^^ not found in this scope\n...\n520 | ImplDekuTraits!(f64, u64);\n    | ------------------------- in this macro invocation\n    |\n    = note: this error originates in the macro `ForwardDekuWrite` which comes from the expansion of the macro `ImplDekuTraits` (in Nightly builds, run with -Z macro-backtrace for more info)\n\nerror[E0412]: cannot find type `BitVec` in this scope\n   --> src/impls/primitive.rs:457:42\n    |\n457 |             fn write(&self, output: &mut BitVec<u8, Msb0>, _: ()) -> Result<(), DekuError> {\n    |                                          ^^^^^^ not found in this scope\n...\n520 | ImplDekuTraits!(f64, u64);\n    | ------------------------- in this macro invocation\n    |\n    = note: this error originates in the macro `ForwardDekuWrite` which comes from the expansion of the macro `ImplDekuTraits` (in Nightly builds, run with -Z macro-backtrace for more info)\n\nerror[E0412]: cannot find type `BitVec` in this scope\n   --> src/impls/primitive.rs:193:35\n    |\n193 |                     let mut bits: BitVec<u8, Msb0> = BitVec::with_capacity(bit_slice.len() + pad);\n    |                                   ^^^^^^ not found in this scope\n...\n521 | ImplDekuTraitsBytes!(f64, u64);\n    | ------------------------------ in this macro invocation\n    |\n    = note: this error originates in the macro `ImplDekuReadBytes` which comes from the expansion of the macro `ImplDekuTraitsBytes` (in Nightly builds, run with -Z macro-backtrace for more info)\n\nerror[E0412]: cannot find type `BitVec` in this scope\n   --> src/impls/slice.rs:111:46\n    |\n111 |                 fn write(&self, output: &mut BitVec<u8, Msb0>, ctx: Ctx) -> Result<(), DekuError> {\n    |                                              ^^^^^^ not found in this scope\n...\n158 |     ImplDekuSliceTraits!(i8; 1, 2, 3, 4, 5, 6, 7, 8, 9, 10, 11, 12, 13, 14, 15, 16, 17, 18, 19, 20, 21, 22, 23, 24, 25, 26, 27, 28, 29, 30, 31, 3...\n    |     ----------------------------------------------------------------------------------------------------------------------------------------------- in this macro invocation\n    |\n    = note: this error originates in the macro `ImplDekuSliceTraits` (in Nightly builds, run with -Z macro-backtrace for more info)\n\nerror[E0412]: cannot find type `BitVec` in this scope\n   --> src/impls/slice.rs:147:50\n    |\n147 |                     fn write(&self, output: &mut BitVec<u8, Msb0>, ctx: Ctx) -> Result<(), DekuError> {\n    |                                                  ^^^^^^ not found in this scope\n...\n158 |     ImplDekuSliceTraits!(i8; 1, 2, 3, 4, 5, 6, 7, 8, 9, 10, 11, 12, 13, 14, 15, 16, 17, 18, 19, 20, 21, 22, 23, 24, 25, 26, 27, 28, 29, 30, 31, 3...\n    |     ----------------------------------------------------------------------------------------------------------------------------------------------- in this macro invocation\n    |\n    = note: this error originates in the macro `ImplDekuSliceTraits` (in Nightly builds, run with -Z macro-backtrace for more info)\n\nerror[E0412]: cannot find type `BitVec` in this scope\n   --> src/impls/slice.rs:111:46\n    |\n111 |                 fn write(&self, output: &mut BitVec<u8, Msb0>, ctx: Ctx) -> Result<(), DekuError> {\n    |                                              ^^^^^^ not found in this scope\n...\n159 |     ImplDekuSliceTraits!(i16; 1, 2, 3, 4, 5, 6, 7, 8, 9, 10, 11, 12, 13, 14, 15, 16, 17, 18, 19, 20, 21, 22, 23, 24, 25, 26, 27, 28, 29, 30, 31, 3...\n    |     ------------------------------------------------------------------------------------------------------------------------------------------------ in this macro invocation\n    |\n    = note: this error originates in the macro `ImplDekuSliceTraits` (in Nightly builds, run with -Z macro-backtrace for more info)\n\nerror[E0412]: cannot find type `BitVec` in this scope\n   --> src/impls/slice.rs:147:50\n    |\n147 |                     fn write(&self, output: &mut BitVec<u8, Msb0>, ctx: Ctx) -> Result<(), DekuError> {\n    |                                                  ^^^^^^ not found in this scope\n...\n159 |     ImplDekuSliceTraits!(i16; 1, 2, 3, 4, 5, 6, 7, 8, 9, 10, 11, 12, 13, 14, 15, 16, 17, 18, 19, 20, 21, 22, 23, 24, 25, 26, 27, 28, 29, 30, 31, 3...\n    |     ------------------------------------------------------------------------------------------------------------------------------------------------ in this macro invocation\n    |\n    = note: this error originates in the macro `ImplDekuSliceTraits` (in Nightly builds, run with -Z macro-backtrace for more info)\n\nerror[E0412]: cannot find type `BitVec` in this scope\n   --> src/impls/slice.rs:111:46\n    |\n111 |                 fn write(&self, output: &mut BitVec<u8, Msb0>, ctx: Ctx) -> Result<(), DekuError> {\n    |                                              ^^^^^^ not found in this scope\n...\n160 |     ImplDekuSliceTraits!(i32; 1, 2, 3, 4, 5, 6, 7, 8, 9, 10, 11, 12, 13, 14, 15, 16, 17, 18, 19, 20, 21, 22, 23, 24, 25, 26, 27, 28, 29, 30, 31, 3...\n    |     ------------------------------------------------------------------------------------------------------------------------------------------------ in this macro invocation\n    |\n    = note: this error originates in the macro `ImplDekuSliceTraits` (in Nightly builds, run with -Z macro-backtrace for more info)\n\nerror[E0412]: cannot find type `BitVec` in this scope\n   --> src/impls/slice.rs:147:50\n    |\n147 |                     fn write(&self, output: &mut BitVec<u8, Msb0>, ctx: Ctx) -> Result<(), DekuError> {\n    |                                                  ^^^^^^ not found in this scope\n...\n160 |     ImplDekuSliceTraits!(i32; 1, 2, 3, 4, 5, 6, 7, 8, 9, 10, 11, 12, 13, 14, 15, 16, 17, 18, 19, 20, 21, 22, 23, 24, 25, 26, 27, 28, 29, 30, 31, 3...\n    |     ------------------------------------------------------------------------------------------------------------------------------------------------ in this macro invocation\n    |\n    = note: this error originates in the macro `ImplDekuSliceTraits` (in Nightly builds, run with -Z macro-backtrace for more info)\n\nerror[E0412]: cannot find type `BitVec` in this scope\n   --> src/impls/slice.rs:111:46\n    |\n111 |                 fn write(&self, output: &mut BitVec<u8, Msb0>, ctx: Ctx) -> Result<(), DekuError> {\n    |                                              ^^^^^^ not found in this scope\n...\n161 |     ImplDekuSliceTraits!(i64; 1, 2, 3, 4, 5, 6, 7, 8, 9, 10, 11, 12, 13, 14, 15, 16, 17, 18, 19, 20, 21, 22, 23, 24, 25, 26, 27, 28, 29, 30, 31, 3...\n    |     ------------------------------------------------------------------------------------------------------------------------------------------------ in this macro invocation\n    |\n    = note: this error originates in the macro `ImplDekuSliceTraits` (in Nightly builds, run with -Z macro-backtrace for more info)\n\nerror[E0412]: cannot find type `BitVec` in this scope\n   --> src/impls/slice.rs:147:50\n    |\n147 |                     fn write(&self, output: &mut BitVec<u8, Msb0>, ctx: Ctx) -> Result<(), DekuError> {\n    |                                                  ^^^^^^ not found in this scope\n...\n161 |     ImplDekuSliceTraits!(i64; 1, 2, 3, 4, 5, 6, 7, 8, 9, 10, 11, 12, 13, 14, 15, 16, 17, 18, 19, 20, 21, 22, 23, 24, 25, 26, 27, 28, 29, 30, 31, 3...\n    |     ------------------------------------------------------------------------------------------------------------------------------------------------ in this macro invocation\n    |\n    = note: this error originates in the macro `ImplDekuSliceTraits` (in Nightly builds, run with -Z macro-backtrace for more info)\n\nerror[E0412]: cannot find type `BitVec` in this scope\n   --> src/impls/slice.rs:111:46\n    |\n111 |                 fn write(&self, output: &mut BitVec<u8, Msb0>, ctx: Ctx) -> Result<(), DekuError> {\n    |                                              ^^^^^^ not found in this scope\n...\n162 |     ImplDekuSliceTraits!(i128; 1, 2, 3, 4, 5, 6, 7, 8, 9, 10, 11, 12, 13, 14, 15, 16, 17, 18, 19, 20, 21, 22, 23, 24, 25, 26, 27, 28, 29, 30, 31, 3...\n    |     ------------------------------------------------------------------------------------------------------------------------------------------------- in this macro invocation\n    |\n    = note: this error originates in the macro `ImplDekuSliceTraits` (in Nightly builds, run with -Z macro-backtrace for more info)\n\nerror[E0412]: cannot find type `BitVec` in this scope\n   --> src/impls/slice.rs:147:50\n    |\n147 |                     fn write(&self, output: &mut BitVec<u8, Msb0>, ctx: Ctx) -> Result<(), DekuError> {\n    |                                                  ^^^^^^ not found in this scope\n...\n162 |     ImplDekuSliceTraits!(i128; 1, 2, 3, 4, 5, 6, 7, 8, 9, 10, 11, 12, 13, 14, 15, 16, 17, 18, 19, 20, 21, 22, 23, 24, 25, 26, 27, 28, 29, 30, 31, 3...\n    |     ------------------------------------------------------------------------------------------------------------------------------------------------- in this macro invocation\n    |\n    = note: this error originates in the macro `ImplDekuSliceTraits` (in Nightly builds, run with -Z macro-backtrace for more info)\n\nerror[E0412]: cannot find type `BitVec` in this scope\n   --> src/impls/slice.rs:111:46\n    |\n111 |                 fn write(&self, output: &mut BitVec<u8, Msb0>, ctx: Ctx) -> Result<(), DekuError> {\n    |                                              ^^^^^^ not found in this scope\n...\n163 |     ImplDekuSliceTraits!(isize; 1, 2, 3, 4, 5, 6, 7, 8, 9, 10, 11, 12, 13, 14, 15, 16, 17, 18, 19, 20, 21, 22, 23, 24, 25, 26, 27, 28, 29, 30, 31, 3...\n    |     -------------------------------------------------------------------------------------------------------------------------------------------------- in this macro invocation\n    |\n    = note: this error originates in the macro `ImplDekuSliceTraits` (in Nightly builds, run with -Z macro-backtrace for more info)\n\nerror[E0412]: cannot find type `BitVec` in this scope\n   --> src/impls/slice.rs:147:50\n    |\n147 |                     fn write(&self, output: &mut BitVec<u8, Msb0>, ctx: Ctx) -> Result<(), DekuError> {\n    |                                                  ^^^^^^ not found in this scope\n...\n163 |     ImplDekuSliceTraits!(isize; 1, 2, 3, 4, 5, 6, 7, 8, 9, 10, 11, 12, 13, 14, 15, 16, 17, 18, 19, 20, 21, 22, 23, 24, 25, 26, 27, 28, 29, 30, 31, 3...\n    |     -------------------------------------------------------------------------------------------------------------------------------------------------- in this macro invocation\n    |\n    = note: this error originates in the macro `ImplDekuSliceTraits` (in Nightly builds, run with -Z macro-backtrace for more info)\n\nerror[E0412]: cannot find type `BitVec` in this scope\n   --> src/impls/slice.rs:111:46\n    |\n111 |                 fn write(&self, output: &mut BitVec<u8, Msb0>, ctx: Ctx) -> Result<(), DekuError> {\n    |                                              ^^^^^^ not found in this scope\n...\n164 |     ImplDekuSliceTraits!(u8; 1, 2, 3, 4, 5, 6, 7, 8, 9, 10, 11, 12, 13, 14, 15, 16, 17, 18, 19, 20, 21, 22, 23, 24, 25, 26, 27, 28, 29, 30, 31, 3...\n    |     ----------------------------------------------------------------------------------------------------------------------------------------------- in this macro invocation\n    |\n    = note: this error originates in the macro `ImplDekuSliceTraits` (in Nightly builds, run with -Z macro-backtrace for more info)\n\nerror[E0412]: cannot find type `BitVec` in this scope\n   --> src/impls/slice.rs:147:50\n    |\n147 |                     fn write(&self, output: &mut BitVec<u8, Msb0>, ctx: Ctx) -> Result<(), DekuError> {\n    |                                                  ^^^^^^ not found in this scope\n...\n164 |     ImplDekuSliceTraits!(u8; 1, 2, 3, 4, 5, 6, 7, 8, 9, 10, 11, 12, 13, 14, 15, 16, 17, 18, 19, 20, 21, 22, 23, 24, 25, 26, 27, 28, 29, 30, 31, 3...\n    |     ----------------------------------------------------------------------------------------------------------------------------------------------- in this macro invocation\n    |\n    = note: this error originates in the macro `ImplDekuSliceTraits` (in Nightly builds, run with -Z macro-backtrace for more info)\n\nerror[E0412]: cannot find type `BitVec` in this scope\n   --> src/impls/slice.rs:111:46\n    |\n111 |                 fn write(&self, output: &mut BitVec<u8, Msb0>, ctx: Ctx) -> Result<(), DekuError> {\n    |                                              ^^^^^^ not found in this scope\n...\n165 |     ImplDekuSliceTraits!(u16; 1, 2, 3, 4, 5, 6, 7, 8, 9, 10, 11, 12, 13, 14, 15, 16, 17, 18, 19, 20, 21, 22, 23, 24, 25, 26, 27, 28, 29, 30, 31, 3...\n    |     ------------------------------------------------------------------------------------------------------------------------------------------------ in this macro invocation\n    |\n    = note: this error originates in the macro `ImplDekuSliceTraits` (in Nightly builds, run with -Z macro-backtrace for more info)\n\nerror[E0412]: cannot find type `BitVec` in this scope\n   --> src/impls/slice.rs:147:50\n    |\n147 |                     fn write(&self, output: &mut BitVec<u8, Msb0>, ctx: Ctx) -> Result<(), DekuError> {\n    |                                                  ^^^^^^ not found in this scope\n...\n165 |     ImplDekuSliceTraits!(u16; 1, 2, 3, 4, 5, 6, 7, 8, 9, 10, 11, 12, 13, 14, 15, 16, 17, 18, 19, 20, 21, 22, 23, 24, 25, 26, 27, 28, 29, 30, 31, 3...\n    |     ------------------------------------------------------------------------------------------------------------------------------------------------ in this macro invocation\n    |\n    = note: this error originates in the macro `ImplDekuSliceTraits` (in Nightly builds, run with -Z macro-backtrace for more info)\n\nerror[E0412]: cannot find type `BitVec` in this scope\n   --> src/impls/slice.rs:111:46\n    |\n111 |                 fn write(&self, output: &mut BitVec<u8, Msb0>, ctx: Ctx) -> Result<(), DekuError> {\n    |                                              ^^^^^^ not found in this scope\n...\n166 |     ImplDekuSliceTraits!(u32; 1, 2, 3, 4, 5, 6, 7, 8, 9, 10, 11, 12, 13, 14, 15, 16, 17, 18, 19, 20, 21, 22, 23, 24, 25, 26, 27, 28, 29, 30, 31, 3...\n    |     ------------------------------------------------------------------------------------------------------------------------------------------------ in this macro invocation\n    |\n    = note: this error originates in the macro `ImplDekuSliceTraits` (in Nightly builds, run with -Z macro-backtrace for more info)\n\nerror[E0412]: cannot find type `BitVec` in this scope\n   --> src/impls/slice.rs:147:50\n    |\n147 |                     fn write(&self, output: &mut BitVec<u8, Msb0>, ctx: Ctx) -> Result<(), DekuError> {\n    |                                                  ^^^^^^ not found in this scope\n...\n166 |     ImplDekuSliceTraits!(u32; 1, 2, 3, 4, 5, 6, 7, 8, 9, 10, 11, 12, 13, 14, 15, 16, 17, 18, 19, 20, 21, 22, 23, 24, 25, 26, 27, 28, 29, 30, 31, 3...\n    |     ------------------------------------------------------------------------------------------------------------------------------------------------ in this macro invocation\n    |\n    = note: this error originates in the macro `ImplDekuSliceTraits` (in Nightly builds, run with -Z macro-backtrace for more info)\n\nerror[E0412]: cannot find type `BitVec` in this scope\n   --> src/impls/slice.rs:111:46\n    |\n111 |                 fn write(&self, output: &mut BitVec<u8, Msb0>, ctx: Ctx) -> Result<(), DekuError> {\n    |                                              ^^^^^^ not found in this scope\n...\n167 |     ImplDekuSliceTraits!(u64; 1, 2, 3, 4, 5, 6, 7, 8, 9, 10, 11, 12, 13, 14, 15, 16, 17, 18, 19, 20, 21, 22, 23, 24, 25, 26, 27, 28, 29, 30, 31, 3...\n    |     ------------------------------------------------------------------------------------------------------------------------------------------------ in this macro invocation\n    |\n    = note: this error originates in the macro `ImplDekuSliceTraits` (in Nightly builds, run with -Z macro-backtrace for more info)\n\nerror[E0412]: cannot find type `BitVec` in this scope\n   --> src/impls/slice.rs:147:50\n    |\n147 |                     fn write(&self, output: &mut BitVec<u8, Msb0>, ctx: Ctx) -> Result<(), DekuError> {\n    |                                                  ^^^^^^ not found in this scope\n...\n167 |     ImplDekuSliceTraits!(u64; 1, 2, 3, 4, 5, 6, 7, 8, 9, 10, 11, 12, 13, 14, 15, 16, 17, 18, 19, 20, 21, 22, 23, 24, 25, 26, 27, 28, 29, 30, 31, 3...\n    |     ------------------------------------------------------------------------------------------------------------------------------------------------ in this macro invocation\n    |\n    = note: this error originates in the macro `ImplDekuSliceTraits` (in Nightly builds, run with -Z macro-backtrace for more info)\n\nerror[E0412]: cannot find type `BitVec` in this scope\n   --> src/impls/slice.rs:111:46\n    |\n111 |                 fn write(&self, output: &mut BitVec<u8, Msb0>, ctx: Ctx) -> Result<(), DekuError> {\n    |                                              ^^^^^^ not found in this scope\n...\n168 |     ImplDekuSliceTraits!(u128; 1, 2, 3, 4, 5, 6, 7, 8, 9, 10, 11, 12, 13, 14, 15, 16, 17, 18, 19, 20, 21, 22, 23, 24, 25, 26, 27, 28, 29, 30, 31, 3...\n    |     ------------------------------------------------------------------------------------------------------------------------------------------------- in this macro invocation\n    |\n    = note: this error originates in the macro `ImplDekuSliceTraits` (in Nightly builds, run with -Z macro-backtrace for more info)\n\nerror[E0412]: cannot find type `BitVec` in this scope\n   --> src/impls/slice.rs:147:50\n    |\n147 |                     fn write(&self, output: &mut BitVec<u8, Msb0>, ctx: Ctx) -> Result<(), DekuError> {\n    |                                                  ^^^^^^ not found in this scope\n...\n168 |     ImplDekuSliceTraits!(u128; 1, 2, 3, 4, 5, 6, 7, 8, 9, 10, 11, 12, 13, 14, 15, 16, 17, 18, 19, 20, 21, 22, 23, 24, 25, 26, 27, 28, 29, 30, 31, 3...\n    |     ------------------------------------------------------------------------------------------------------------------------------------------------- in this macro invocation\n    |\n    = note: this error originates in the macro `ImplDekuSliceTraits` (in Nightly builds, run with -Z macro-backtrace for more info)\n\nerror[E0412]: cannot find type `BitVec` in this scope\n   --> src/impls/slice.rs:111:46\n    |\n111 |                 fn write(&self, output: &mut BitVec<u8, Msb0>, ctx: Ctx) -> Result<(), DekuError> {\n    |                                              ^^^^^^ not found in this scope\n...\n169 |     ImplDekuSliceTraits!(usize; 1, 2, 3, 4, 5, 6, 7, 8, 9, 10, 11, 12, 13, 14, 15, 16, 17, 18, 19, 20, 21, 22, 23, 24, 25, 26, 27, 28, 29, 30, 31, 3...\n    |     -------------------------------------------------------------------------------------------------------------------------------------------------- in this macro invocation\n    |\n    = note: this error originates in the macro `ImplDekuSliceTraits` (in Nightly builds, run with -Z macro-backtrace for more info)\n\nerror[E0412]: cannot find type `BitVec` in this scope\n   --> src/impls/slice.rs:147:50\n    |\n147 |                     fn write(&self, output: &mut BitVec<u8, Msb0>, ctx: Ctx) -> Result<(), DekuError> {\n    |                                                  ^^^^^^ not found in this scope\n...\n169 |     ImplDekuSliceTraits!(usize; 1, 2, 3, 4, 5, 6, 7, 8, 9, 10, 11, 12, 13, 14, 15, 16, 17, 18, 19, 20, 21, 22, 23, 24, 25, 26, 27, 28, 29, 30, 31, 3...\n    |     -------------------------------------------------------------------------------------------------------------------------------------------------- in this macro invocation\n    |\n    = note: this error originates in the macro `ImplDekuSliceTraits` (in Nightly builds, run with -Z macro-backtrace for more info)\n\nerror[E0412]: cannot find type `BitVec` in this scope\n   --> src/impls/slice.rs:111:46\n    |\n111 |                 fn write(&self, output: &mut BitVec<u8, Msb0>, ctx: Ctx) -> Result<(), DekuError> {\n    |                                              ^^^^^^ not found in this scope\n...\n170 |     ImplDekuSliceTraits!(f32; 1, 2, 3, 4, 5, 6, 7, 8, 9, 10, 11, 12, 13, 14, 15, 16, 17, 18, 19, 20, 21, 22, 23, 24, 25, 26, 27, 28, 29, 30, 31, 3...\n    |     ------------------------------------------------------------------------------------------------------------------------------------------------ in this macro invocation\n    |\n    = note: this error originates in the macro `ImplDekuSliceTraits` (in Nightly builds, run with -Z macro-backtrace for more info)\n\nerror[E0412]: cannot find type `BitVec` in this scope\n   --> src/impls/slice.rs:147:50\n    |\n147 |                     fn write(&self, output: &mut BitVec<u8, Msb0>, ctx: Ctx) -> Result<(), DekuError> {\n    |                                                  ^^^^^^ not found in this scope\n...\n170 |     ImplDekuSliceTraits!(f32; 1, 2, 3, 4, 5, 6, 7, 8, 9, 10, 11, 12, 13, 14, 15, 16, 17, 18, 19, 20, 21, 22, 23, 24, 25, 26, 27, 28, 29, 30, 31, 3...\n    |     ------------------------------------------------------------------------------------------------------------------------------------------------ in this macro invocation\n    |\n    = note: this error originates in the macro `ImplDekuSliceTraits` (in Nightly builds, run with -Z macro-backtrace for more info)\n\nerror[E0412]: cannot find type `BitVec` in this scope\n   --> src/impls/slice.rs:111:46\n    |\n111 |                 fn write(&self, output: &mut BitVec<u8, Msb0>, ctx: Ctx) -> Result<(), DekuError> {\n    |                                              ^^^^^^ not found in this scope\n...\n171 |     ImplDekuSliceTraits!(f64; 1, 2, 3, 4, 5, 6, 7, 8, 9, 10, 11, 12, 13, 14, 15, 16, 17, 18, 19, 20, 21, 22, 23, 24, 25, 26, 27, 28, 29, 30, 31, 3...\n    |     ------------------------------------------------------------------------------------------------------------------------------------------------ in this macro invocation\n    |\n    = note: this error originates in the macro `ImplDekuSliceTraits` (in Nightly builds, run with -Z macro-backtrace for more info)\n\nerror[E0412]: cannot find type `BitVec` in this scope\n   --> src/impls/slice.rs:147:50\n    |\n147 |                     fn write(&self, output: &mut BitVec<u8, Msb0>, ctx: Ctx) -> Result<(), DekuError> {\n    |                                                  ^^^^^^ not found in this scope\n...\n171 |     ImplDekuSliceTraits!(f64; 1, 2, 3, 4, 5, 6, 7, 8, 9, 10, 11, 12, 13, 14, 15, 16, 17, 18, 19, 20, 21, 22, 23, 24, 25, 26, 27, 28, 29, 30, 31, 3...\n    |     ------------------------------------------------------------------------------------------------------------------------------------------------ in this macro invocation\n    |\n    = note: this error originates in the macro `ImplDekuSliceTraits` (in Nightly builds, run with -Z macro-backtrace for more info)\n\nerror[E0412]: cannot find type `BitVec` in this scope\n  --> src/impls/tuple.rs:60:42\n   |\n60 |             fn write(&self, output: &mut BitVec<u8, Msb0>, ctx: Ctx) -> Result<(), DekuError> {\n   |                                          ^^^^^^ not found in this scope\n...\n71 | ImplDekuTupleTraits! { A, }\n   | --------------------------- in this macro invocation\n   |\n   = note: this error originates in the macro `ImplDekuTupleTraits` (in Nightly builds, run with -Z macro-backtrace for more info)\n\nerror[E0412]: cannot find type `BitVec` in this scope\n  --> src/impls/tuple.rs:60:42\n   |\n60 |             fn write(&self, output: &mut BitVec<u8, Msb0>, ctx: Ctx) -> Result<(), DekuError> {\n   |                                          ^^^^^^ not found in this scope\n...\n72 | ImplDekuTupleTraits! { A, B, }\n   | ------------------------------ in this macro invocation\n   |\n   = note: this error originates in the macro `ImplDekuTupleTraits` (in Nightly builds, run with -Z macro-backtrace for more info)\n\nerror[E0412]: cannot find type `BitVec` in this scope\n  --> src/impls/tuple.rs:60:42\n   |\n60 |             fn write(&self, output: &mut BitVec<u8, Msb0>, ctx: Ctx) -> Result<(), DekuError> {\n   |                                          ^^^^^^ not found in this scope\n...\n73 | ImplDekuTupleTraits! { A, B, C, }\n   | --------------------------------- in this macro invocation\n   |\n   = note: this error originates in the macro `ImplDekuTupleTraits` (in Nightly builds, run with -Z macro-backtrace for more info)\n\nerror[E0412]: cannot find type `BitVec` in this scope\n  --> src/impls/tuple.rs:60:42\n   |\n60 |             fn write(&self, output: &mut BitVec<u8, Msb0>, ctx: Ctx) -> Result<(), DekuError> {\n   |                                          ^^^^^^ not found in this scope\n...\n74 | ImplDekuTupleTraits! { A, B, C, D, }\n   | ------------------------------------ in this macro invocation\n   |\n   = note: this error originates in the macro `ImplDekuTupleTraits` (in Nightly builds, run with -Z macro-backtrace for more info)\n\nerror[E0412]: cannot find type `BitVec` in this scope\n  --> src/impls/tuple.rs:60:42\n   |\n60 |             fn write(&self, output: &mut BitVec<u8, Msb0>, ctx: Ctx) -> Result<(), DekuError> {\n   |                                          ^^^^^^ not found in this scope\n...\n75 | ImplDekuTupleTraits! { A, B, C, D, E, }\n   | --------------------------------------- in this macro invocation\n   |\n   = note: this error originates in the macro `ImplDekuTupleTraits` (in Nightly builds, run with -Z macro-backtrace for more info)\n\nerror[E0412]: cannot find type `BitVec` in this scope\n  --> src/impls/tuple.rs:60:42\n   |\n60 |             fn write(&self, output: &mut BitVec<u8, Msb0>, ctx: Ctx) -> Result<(), DekuError> {\n   |                                          ^^^^^^ not found in this scope\n...\n76 | ImplDekuTupleTraits! { A, B, C, D, E, F, }\n   | ------------------------------------------ in this macro invocation\n   |\n   = note: this error originates in the macro `ImplDekuTupleTraits` (in Nightly builds, run with -Z macro-backtrace for more info)\n\nerror[E0412]: cannot find type `BitVec` in this scope\n  --> src/impls/tuple.rs:60:42\n   |\n60 |             fn write(&self, output: &mut BitVec<u8, Msb0>, ctx: Ctx) -> Result<(), DekuError> {\n   |                                          ^^^^^^ not found in this scope\n...\n77 | ImplDekuTupleTraits! { A, B, C, D, E, F, G, }\n   | --------------------------------------------- in this macro invocation\n   |\n   = note: this error originates in the macro `ImplDekuTupleTraits` (in Nightly builds, run with -Z macro-backtrace for more info)\n\nerror[E0412]: cannot find type `BitVec` in this scope\n  --> src/impls/tuple.rs:60:42\n   |\n60 |             fn write(&self, output: &mut BitVec<u8, Msb0>, ctx: Ctx) -> Result<(), DekuError> {\n   |                                          ^^^^^^ not found in this scope\n...\n78 | ImplDekuTupleTraits! { A, B, C, D, E, F, G, H, }\n   | ------------------------------------------------ in this macro invocation\n   |\n   = note: this error originates in the macro `ImplDekuTupleTraits` (in Nightly builds, run with -Z macro-backtrace for more info)\n\nerror[E0412]: cannot find type `BitVec` in this scope\n  --> src/impls/tuple.rs:60:42\n   |\n60 |             fn write(&self, output: &mut BitVec<u8, Msb0>, ctx: Ctx) -> Result<(), DekuError> {\n   |                                          ^^^^^^ not found in this scope\n...\n79 | ImplDekuTupleTraits! { A, B, C, D, E, F, G, H, I, }\n   | --------------------------------------------------- in this macro invocation\n   |\n   = note: this error originates in the macro `ImplDekuTupleTraits` (in Nightly builds, run with -Z macro-backtrace for more info)\n\nerror[E0412]: cannot find type `BitVec` in this scope\n  --> src/impls/tuple.rs:60:42\n   |\n60 |             fn write(&self, output: &mut BitVec<u8, Msb0>, ctx: Ctx) -> Result<(), DekuError> {\n   |                                          ^^^^^^ not found in this scope\n...\n80 | ImplDekuTupleTraits! { A, B, C, D, E, F, G, H, I, J, }\n   | ------------------------------------------------------ in this macro invocation\n   |\n   = note: this error originates in the macro `ImplDekuTupleTraits` (in Nightly builds, run with -Z macro-backtrace for more info)\n\nerror[E0412]: cannot find type `BitVec` in this scope\n  --> src/impls/tuple.rs:60:42\n   |\n60 |             fn write(&self, output: &mut BitVec<u8, Msb0>, ctx: Ctx) -> Result<(), DekuError> {\n   |                                          ^^^^^^ not found in this scope\n...\n81 | ImplDekuTupleTraits! { A, B, C, D, E, F, G, H, I, J, K, }\n   | --------------------------------------------------------- in this macro invocation\n   |\n   = note: this error originates in the macro `ImplDekuTupleTraits` (in Nightly builds, run with -Z macro-backtrace for more info)\n\nerror[E0412]: cannot find type `BitVec` in this scope\n  --> src/impls/unit.rs:19:35\n   |\n19 |     fn write(&self, _output: &mut BitVec<u8, Msb0>, _inner_ctx: Ctx) -> Result<(), DekuError> {\n   |                                   ^^^^^^ help: a struct with a similar name exists: `BitRef`\n   |\n  ::: /Users/graysonnocera/.cargo/registry/src/index.crates.io-6f17d22bba15001f/bitvec-1.0.1/src/ptr/proxy.rs:49:1\n   |\n49 | pub struct BitRef<'a, M = Const, T = usize, O = Lsb0>\n   | ----------------------------------------------------- similarly named struct `BitRef` defined here\n\nerror[E0412]: cannot find type `Vec` in this scope\n  --> src/impls/vec.rs:24:38\n   |\n24 | ) -> Result<(&'a BitSlice<u8, Msb0>, Vec<T>), DekuError> {\n   |                                      ^^^ not found in this scope\n\nerror[E0412]: cannot find type `Vec` in this scope\n  --> src/impls/vec.rs:48:50\n   |\n48 |     DekuRead<'a, (Limit<T, Predicate>, Ctx)> for Vec<T>\n   |                                                  ^^^ not found in this scope\n\nerror[E0412]: cannot find type `Vec` in this scope\n   --> src/impls/vec.rs:110:9\n    |\n110 |     for Vec<T>\n    |         ^^^ not found in this scope\n\nerror[E0412]: cannot find type `Vec` in this scope\n   --> src/impls/vec.rs:124:55\n    |\n124 | impl<T: DekuWrite<Ctx>, Ctx: Copy> DekuWrite<Ctx> for Vec<T> {\n    |                                                       ^^^ not found in this scope\n\nerror[E0412]: cannot find type `BitVec` in this scope\n   --> src/impls/vec.rs:136:34\n    |\n136 |     fn write(&self, output: &mut BitVec<u8, Msb0>, inner_ctx: Ctx) -> Result<(), DekuError> {\n    |                                  ^^^^^^ help: a struct with a similar name exists: `BitRef`\n    |\n   ::: /Users/graysonnocera/.cargo/registry/src/index.crates.io-6f17d22bba15001f/bitvec-1.0.1/src/ptr/proxy.rs:49:1\n    |\n49  | pub struct BitRef<'a, M = Const, T = usize, O = Lsb0>\n    | ----------------------------------------------------- similarly named struct `BitRef` defined here\n\nerror[E0412]: cannot find type `BitVec` in module `bitvec`\n   --> src/lib.rs:324:30\n    |\n324 |         output: &mut bitvec::BitVec<u8, bitvec::Msb0>,\n    |                              ^^^^^^ help: a struct with a similar name exists: `BitRef`\n    |\n   ::: /Users/graysonnocera/.cargo/registry/src/index.crates.io-6f17d22bba15001f/bitvec-1.0.1/src/ptr/proxy.rs:49:1\n    |\n49  | pub struct BitRef<'a, M = Const, T = usize, O = Lsb0>\n    | ----------------------------------------------------- similarly named struct `BitRef` defined here\n\nerror[E0412]: cannot find type `Vec` in this scope\n   --> src/lib.rs:333:34\n    |\n333 |     fn to_bytes(&self) -> Result<Vec<u8>, DekuError>;\n    |                                  ^^^ not found in this scope\n\nerror[E0412]: cannot find type `BitVec` in module `bitvec`\n   --> src/lib.rs:336:41\n    |\n336 |     fn to_bits(&self) -> Result<bitvec::BitVec<u8, bitvec::Msb0>, DekuError>;\n    |                                         ^^^^^^ help: a struct with a similar name exists: `BitRef`\n    |\n   ::: /Users/graysonnocera/.cargo/registry/src/index.crates.io-6f17d22bba15001f/bitvec-1.0.1/src/ptr/proxy.rs:49:1\n    |\n49  | pub struct BitRef<'a, M = Const, T = usize, O = Lsb0>\n    | ----------------------------------------------------- similarly named struct `BitRef` defined here\n\nerror[E0412]: cannot find type `BitVec` in module `bitvec`\n   --> src/lib.rs:360:30\n    |\n360 |         output: &mut bitvec::BitVec<u8, bitvec::Msb0>,\n    |                              ^^^^^^ help: a struct with a similar name exists: `BitRef`\n    |\n   ::: /Users/graysonnocera/.cargo/registry/src/index.crates.io-6f17d22bba15001f/bitvec-1.0.1/src/ptr/proxy.rs:49:1\n    |\n49  | pub struct BitRef<'a, M = Const, T = usize, O = Lsb0>\n    | ----------------------------------------------------- similarly named struct `BitRef` defined here\n\nwarning: unused import: `deku_derive::*`\n --> src/impls/slice.rs:5:9\n  |\n5 | pub use deku_derive::*;\n  |         ^^^^^^^^^^^^^^\n  |\n  = note: `#[warn(unused_imports)]` on by default\n\nerror[E0433]: failed to resolve: use of undeclared type `BitVec`\n  --> src/impls/primitive.rs:39:46\n   |\n39 |             let mut bits: BitVec<u8, Msb0> = BitVec::with_capacity(bit_slice.len() + pad);\n   |                                              ^^^^^^\n   |                                              |\n   |                                              use of undeclared type `BitVec`\n   |                                              help: a struct with a similar name exists: `BitRef`\n\nerror[E0433]: failed to resolve: use of undeclared type `BitVec`\n   --> src/impls/primitive.rs:107:40\n    |\n107 |                         let mut bits = BitVec::with_capacity(bit_slice.len() + pad);\n    |                                        ^^^^^^ use of undeclared type `BitVec`\n...\n499 | ImplDekuTraits!(u8);\n    | ------------------- in this macro invocation\n    |\n    = note: this error originates in the macro `ImplDekuReadBits` which comes from the expansion of the macro `ImplDekuTraits` (in Nightly builds, run with -Z macro-backtrace for more info)\n\nerror[E0433]: failed to resolve: use of undeclared type `BitVec`\n   --> src/impls/primitive.rs:107:40\n    |\n107 |                         let mut bits = BitVec::with_capacity(bit_slice.len() + pad);\n    |                                        ^^^^^^ use of undeclared type `BitVec`\n...\n500 | ImplDekuTraits!(u16);\n    | -------------------- in this macro invocation\n    |\n    = note: this error originates in the macro `ImplDekuReadBits` which comes from the expansion of the macro `ImplDekuTraits` (in Nightly builds, run with -Z macro-backtrace for more info)\n\nerror[E0433]: failed to resolve: use of undeclared type `BitVec`\n   --> src/impls/primitive.rs:193:54\n    |\n193 |                     let mut bits: BitVec<u8, Msb0> = BitVec::with_capacity(bit_slice.len() + pad);\n    |                                                      ^^^^^^ use of undeclared type `BitVec`\n...\n501 | ImplDekuTraitsBytes!(u16);\n    | ------------------------- in this macro invocation\n    |\n    = note: this error originates in the macro `ImplDekuReadBytes` which comes from the expansion of the macro `ImplDekuTraitsBytes` (in Nightly builds, run with -Z macro-backtrace for more info)\n\nerror[E0433]: failed to resolve: use of undeclared type `BitVec`\n   --> src/impls/primitive.rs:107:40\n    |\n107 |                         let mut bits = BitVec::with_capacity(bit_slice.len() + pad);\n    |                                        ^^^^^^ use of undeclared type `BitVec`\n...\n502 | ImplDekuTraits!(u32);\n    | -------------------- in this macro invocation\n    |\n    = note: this error originates in the macro `ImplDekuReadBits` which comes from the expansion of the macro `ImplDekuTraits` (in Nightly builds, run with -Z macro-backtrace for more info)\n\nerror[E0433]: failed to resolve: use of undeclared type `BitVec`\n   --> src/impls/primitive.rs:193:54\n    |\n193 |                     let mut bits: BitVec<u8, Msb0> = BitVec::with_capacity(bit_slice.len() + pad);\n    |                                                      ^^^^^^ use of undeclared type `BitVec`\n...\n503 | ImplDekuTraitsBytes!(u32);\n    | ------------------------- in this macro invocation\n    |\n    = note: this error originates in the macro `ImplDekuReadBytes` which comes from the expansion of the macro `ImplDekuTraitsBytes` (in Nightly builds, run with -Z macro-backtrace for more info)\n\nerror[E0433]: failed to resolve: use of undeclared type `BitVec`\n   --> src/impls/primitive.rs:107:40\n    |\n107 |                         let mut bits = BitVec::with_capacity(bit_slice.len() + pad);\n    |                                        ^^^^^^ use of undeclared type `BitVec`\n...\n504 | ImplDekuTraits!(u64);\n    | -------------------- in this macro invocation\n    |\n    = note: this error originates in the macro `ImplDekuReadBits` which comes from the expansion of the macro `ImplDekuTraits` (in Nightly builds, run with -Z macro-backtrace for more info)\n\nerror[E0433]: failed to resolve: use of undeclared type `BitVec`\n   --> src/impls/primitive.rs:193:54\n    |\n193 |                     let mut bits: BitVec<u8, Msb0> = BitVec::with_capacity(bit_slice.len() + pad);\n    |                                                      ^^^^^^ use of undeclared type `BitVec`\n...\n505 | ImplDekuTraitsBytes!(u64);\n    | ------------------------- in this macro invocation\n    |\n    = note: this error originates in the macro `ImplDekuReadBytes` which comes from the expansion of the macro `ImplDekuTraitsBytes` (in Nightly builds, run with -Z macro-backtrace for more info)\n\nerror[E0433]: failed to resolve: use of undeclared type `BitVec`\n   --> src/impls/primitive.rs:107:40\n    |\n107 |                         let mut bits = BitVec::with_capacity(bit_slice.len() + pad);\n    |                                        ^^^^^^ use of undeclared type `BitVec`\n...\n506 | ImplDekuTraits!(u128);\n    | --------------------- in this macro invocation\n    |\n    = note: this error originates in the macro `ImplDekuReadBits` which comes from the expansion of the macro `ImplDekuTraits` (in Nightly builds, run with -Z macro-backtrace for more info)\n\nerror[E0433]: failed to resolve: use of undeclared type `BitVec`\n   --> src/impls/primitive.rs:193:54\n    |\n193 |                     let mut bits: BitVec<u8, Msb0> = BitVec::with_capacity(bit_slice.len() + pad);\n    |                                                      ^^^^^^ use of undeclared type `BitVec`\n...\n507 | ImplDekuTraitsBytes!(u128);\n    | -------------------------- in this macro invocation\n    |\n    = note: this error originates in the macro `ImplDekuReadBytes` which comes from the expansion of the macro `ImplDekuTraitsBytes` (in Nightly builds, run with -Z macro-backtrace for more info)\n\nerror[E0433]: failed to resolve: use of undeclared type `BitVec`\n   --> src/impls/primitive.rs:107:40\n    |\n107 |                         let mut bits = BitVec::with_capacity(bit_slice.len() + pad);\n    |                                        ^^^^^^ use of undeclared type `BitVec`\n...\n508 | ImplDekuTraits!(usize);\n    | ---------------------- in this macro invocation\n    |\n    = note: this error originates in the macro `ImplDekuReadBits` which comes from the expansion of the macro `ImplDekuTraits` (in Nightly builds, run with -Z macro-backtrace for more info)\n\nerror[E0433]: failed to resolve: use of undeclared type `BitVec`\n   --> src/impls/primitive.rs:193:54\n    |\n193 |                     let mut bits: BitVec<u8, Msb0> = BitVec::with_capacity(bit_slice.len() + pad);\n    |                                                      ^^^^^^ use of undeclared type `BitVec`\n...\n509 | ImplDekuTraitsBytes!(usize);\n    | --------------------------- in this macro invocation\n    |\n    = note: this error originates in the macro `ImplDekuReadBytes` which comes from the expansion of the macro `ImplDekuTraitsBytes` (in Nightly builds, run with -Z macro-backtrace for more info)\n\nerror[E0433]: failed to resolve: use of undeclared type `BitVec`\n   --> src/impls/primitive.rs:107:40\n    |\n107 |                         let mut bits = BitVec::with_capacity(bit_slice.len() + pad);\n    |                                        ^^^^^^ use of undeclared type `BitVec`\n...\n518 | ImplDekuTraits!(f32, u32);\n    | ------------------------- in this macro invocation\n    |\n    = note: this error originates in the macro `ImplDekuReadBits` which comes from the expansion of the macro `ImplDekuTraits` (in Nightly builds, run with -Z macro-backtrace for more info)\n\nerror[E0433]: failed to resolve: use of undeclared type `BitVec`\n   --> src/impls/primitive.rs:193:54\n    |\n193 |                     let mut bits: BitVec<u8, Msb0> = BitVec::with_capacity(bit_slice.len() + pad);\n    |                                                      ^^^^^^ use of undeclared type `BitVec`\n...\n519 | ImplDekuTraitsBytes!(f32, u32);\n    | ------------------------------ in this macro invocation\n    |\n    = note: this error originates in the macro `ImplDekuReadBytes` which comes from the expansion of the macro `ImplDekuTraitsBytes` (in Nightly builds, run with -Z macro-backtrace for more info)\n\nerror[E0433]: failed to resolve: use of undeclared type `BitVec`\n   --> src/impls/primitive.rs:107:40\n    |\n107 |                         let mut bits = BitVec::with_capacity(bit_slice.len() + pad);\n    |                                        ^^^^^^ use of undeclared type `BitVec`\n...\n520 | ImplDekuTraits!(f64, u64);\n    | ------------------------- in this macro invocation\n    |\n    = note: this error originates in the macro `ImplDekuReadBits` which comes from the expansion of the macro `ImplDekuTraits` (in Nightly builds, run with -Z macro-backtrace for more info)\n\nerror[E0433]: failed to resolve: use of undeclared type `BitVec`\n   --> src/impls/primitive.rs:193:54\n    |\n193 |                     let mut bits: BitVec<u8, Msb0> = BitVec::with_capacity(bit_slice.len() + pad);\n    |                                                      ^^^^^^ use of undeclared type `BitVec`\n...\n521 | ImplDekuTraitsBytes!(f64, u64);\n    | ------------------------------ in this macro invocation\n    |\n    = note: this error originates in the macro `ImplDekuReadBytes` which comes from the expansion of the macro `ImplDekuTraitsBytes` (in Nightly builds, run with -Z macro-backtrace for more info)\n\nerror[E0433]: failed to resolve: use of undeclared type `Vec`\n  --> src/impls/vec.rs:25:40\n   |\n25 |     let mut res = capacity.map_or_else(Vec::new, Vec::with_capacity);\n   |                                        ^^^ use of undeclared type `Vec`\n\nerror[E0433]: failed to resolve: use of undeclared type `Vec`\n  --> src/impls/vec.rs:25:50\n   |\n25 |     let mut res = capacity.map_or_else(Vec::new, Vec::with_capacity);\n   |                                                  ^^^ use of undeclared type `Vec`\n\nerror[E0433]: failed to resolve: use of undeclared type `Vec`\n  --> src/impls/vec.rs:75:39\n   |\n75 |                     return Ok((input, Vec::new()));\n   |                                       ^^^ use of undeclared type `Vec`\n\nerror[E0433]: failed to resolve: use of undeclared type `Vec`\n   --> src/impls/vec.rs:120:9\n    |\n120 |         Vec::read(input, (limit, ()))\n    |         ^^^ use of undeclared type `Vec`\n\nSome errors have detailed explanations: E0412, E0432, E0433.\nFor more information about an error, try `rustc --explain E0412`.\nwarning: `deku` (lib) generated 1 warning\nerror: could not compile `deku` (lib) due to 330 previous errors; 1 warning emitted\n",
      "stdout": ""
    },
    "features": [
      "std"
    ],
    "project": "../../../Downloads/695-Project/dataset/nostd-failed-crates/crates/deku-0.16.0/src",
    "time_to_build": 3371,
    "time_to_solve": 129
  }
]