[
  {
    "built_with_features": null,
    "command": {
      "args": [
        "build",
        "--target",
        "thumbv7m-none-eabi",
        "--no-default-features"
      ],
      "code": 101,
      "stderr": "   Compiling getrandom v0.2.15\n   Compiling half v2.4.1\n   Compiling anyhow v1.0.94\n   Compiling syn v2.0.90\n   Compiling proc-macro-error-attr2 v2.0.0\nerror[E0463]: can't find crate for `std`\n --> /Users/graysonnocera/.cargo/registry/src/index.crates.io-6f17d22bba15001f/getrandom-0.2.15/src/error_impls.rs:1:1\n  |\n1 | extern crate std;\n  | ^^^^^^^^^^^^^^^^^ can't find crate\n  |\n  = note: the `thumbv7m-none-eabi` target may not support the standard library\n\nerror: target is not supported, for more information see: https://docs.rs/getrandom/#unsupported-targets\n   --> /Users/graysonnocera/.cargo/registry/src/index.crates.io-6f17d22bba15001f/getrandom-0.2.15/src/lib.rs:347:9\n    |\n347 | /         compile_error!(\"target is not supported, for more information see: \\\n348 | |                         https://docs.rs/getrandom/#unsupported-targets\");\n    | |________________________________________________________________________^\n\nerror[E0463]: can't find crate for `std`\n  |\n  = note: the `thumbv7m-none-eabi` target may not support the standard library\n  = note: `std` is required by `half` because it does not declare `#![no_std]`\n\nerror[E0463]: can't find crate for `std`\n   --> /Users/graysonnocera/.cargo/registry/src/index.crates.io-6f17d22bba15001f/anyhow-1.0.94/src/lib.rs:251:1\n    |\n251 | extern crate std;\n    | ^^^^^^^^^^^^^^^^^ can't find crate\n    |\n    = note: the `thumbv7m-none-eabi` target may not support the standard library\n\nerror[E0432]: unresolved imports `crate::StdError`, `crate::StdError`, `crate::backtrace::Backtrace`, `crate::StdError`, `crate::backtrace::BacktraceStatus`, `crate::StdError`, `crate::StdError`\n  --> /Users/graysonnocera/.cargo/registry/src/index.crates.io-6f17d22bba15001f/anyhow-1.0.94/src/chain.rs:2:5\n   |\n2  | use crate::StdError;\n   |     ^^^^^^^^^^^^^^^\n   |\n  ::: /Users/graysonnocera/.cargo/registry/src/index.crates.io-6f17d22bba15001f/anyhow-1.0.94/src/context.rs:2:29\n   |\n2  | use crate::{Context, Error, StdError};\n   |                             ^^^^^^^^\n   |\n  ::: /Users/graysonnocera/.cargo/registry/src/index.crates.io-6f17d22bba15001f/anyhow-1.0.94/src/error.rs:1:5\n   |\n1  | use crate::backtrace::Backtrace;\n   |     ^^^^^^^^^^^^^^^^^^^^^^^^^^^\n...\n6  | use crate::{Error, StdError};\n   |                    ^^^^^^^^\n   |\n  ::: /Users/graysonnocera/.cargo/registry/src/index.crates.io-6f17d22bba15001f/anyhow-1.0.94/src/fmt.rs:45:17\n   |\n45 |             use crate::backtrace::BacktraceStatus;\n   |                 ^^^^^^^^^^^^^^^^^^^^^^^^^^^^^^^^^\n   |\n  ::: /Users/graysonnocera/.cargo/registry/src/index.crates.io-6f17d22bba15001f/anyhow-1.0.94/src/kind.rs:51:5\n   |\n51 | use crate::StdError;\n   |     ^^^^^^^^^^^^^^^\n   |\n  ::: /Users/graysonnocera/.cargo/registry/src/index.crates.io-6f17d22bba15001f/anyhow-1.0.94/src/wrapper.rs:1:5\n   |\n1  | use crate::StdError;\n   |     ^^^^^^^^^^^^^^^\n\nerror[E0433]: failed to resolve: use of undeclared crate or module `imp`\n   --> /Users/graysonnocera/.cargo/registry/src/index.crates.io-6f17d22bba15001f/getrandom-0.2.15/src/lib.rs:398:9\n    |\n398 |         imp::getrandom_inner(dest)?;\n    |         ^^^ use of undeclared crate or module `imp`\n\nSome errors have detailed explanations: E0433, E0463.\nFor more information about an error, try `rustc --explain E0433`.\nerror: could not compile `getrandom` (lib) due to 3 previous errors\nwarning: build failed, waiting for other jobs to finish...\nerror: cannot find attribute `derive` in this scope\n  --> /Users/graysonnocera/.cargo/registry/src/index.crates.io-6f17d22bba15001f/half-2.4.1/src/bfloat.rs:36:3\n   |\n36 | #[derive(Clone, Copy, Default)]\n   |   ^^^^^^\n   |\nhelp: consider importing this attribute macro\n   |\n6  + use core::prelude::rust_2024::derive;\n   |\n\nerror: cannot find macro `assert` in this scope\n   --> /Users/graysonnocera/.cargo/registry/src/index.crates.io-6f17d22bba15001f/half-2.4.1/src/bfloat.rs:563:9\n    |\n563 |         assert!(min <= max);\n    |         ^^^^^^\n    |\nhelp: consider importing this macro\n    |\n6   + use core::assert;\n    |\n\nerror: cannot find macro `write` in this scope\n   --> /Users/graysonnocera/.cargo/registry/src/index.crates.io-6f17d22bba15001f/half-2.4.1/src/bfloat.rs:943:9\n    |\n943 |         write!(f, \"{:e}\", self.to_f32())\n    |         ^^^^^\n    |\nhelp: consider importing this macro\n    |\n6   + use core::write;\n    |\n\nerror: cannot find macro `write` in this scope\n   --> /Users/graysonnocera/.cargo/registry/src/index.crates.io-6f17d22bba15001f/half-2.4.1/src/bfloat.rs:950:9\n    |\n950 |         write!(f, \"{:E}\", self.to_f32())\n    |         ^^^^^\n    |\nhelp: consider importing this macro\n    |\n6   + use core::write;\n    |\n\nerror: cannot find macro `write` in this scope\n   --> /Users/graysonnocera/.cargo/registry/src/index.crates.io-6f17d22bba15001f/half-2.4.1/src/bfloat.rs:957:9\n    |\n957 |         write!(f, \"{:b}\", self.0)\n    |         ^^^^^\n    |\nhelp: consider importing this macro\n    |\n6   + use core::write;\n    |\n\nerror: cannot find macro `write` in this scope\n   --> /Users/graysonnocera/.cargo/registry/src/index.crates.io-6f17d22bba15001f/half-2.4.1/src/bfloat.rs:964:9\n    |\n964 |         write!(f, \"{:o}\", self.0)\n    |         ^^^^^\n    |\nhelp: consider importing this macro\n    |\n6   + use core::write;\n    |\n\nerror: cannot find macro `write` in this scope\n   --> /Users/graysonnocera/.cargo/registry/src/index.crates.io-6f17d22bba15001f/half-2.4.1/src/bfloat.rs:971:9\n    |\n971 |         write!(f, \"{:x}\", self.0)\n    |         ^^^^^\n    |\nhelp: consider importing this macro\n    |\n6   + use core::write;\n    |\n\nerror: cannot find macro `write` in this scope\n   --> /Users/graysonnocera/.cargo/registry/src/index.crates.io-6f17d22bba15001f/half-2.4.1/src/bfloat.rs:978:9\n    |\n978 |         write!(f, \"{:X}\", self.0)\n    |         ^^^^^\n    |\nhelp: consider importing this macro\n    |\n6   + use core::write;\n    |\n\nerror: cannot find macro `assert_eq` in this scope\n   --> /Users/graysonnocera/.cargo/registry/src/index.crates.io-6f17d22bba15001f/half-2.4.1/src/binary16/arch.rs:408:5\n    |\n408 |     assert_eq!(src.len(), dst.len());\n    |     ^^^^^^^^^\n    |\nhelp: consider importing this macro\n    |\n2   + use core::assert_eq;\n    |\n\nerror: cannot find macro `assert_eq` in this scope\n   --> /Users/graysonnocera/.cargo/registry/src/index.crates.io-6f17d22bba15001f/half-2.4.1/src/binary16/arch.rs:443:5\n    |\n443 |     assert_eq!(src.len(), dst.len());\n    |     ^^^^^^^^^\n    |\nhelp: consider importing this macro\n    |\n2   + use core::assert_eq;\n    |\n\nerror: cannot find macro `assert_eq` in this scope\n   --> /Users/graysonnocera/.cargo/registry/src/index.crates.io-6f17d22bba15001f/half-2.4.1/src/binary16/arch.rs:806:5\n    |\n806 |     assert_eq!(src.len(), dst.len());\n    |     ^^^^^^^^^\n    |\nhelp: consider importing this macro\n    |\n2   + use core::assert_eq;\n    |\n\nerror: cannot find attribute `derive` in this scope\n  --> /Users/graysonnocera/.cargo/registry/src/index.crates.io-6f17d22bba15001f/half-2.4.1/src/binary16.rs:35:3\n   |\n35 | #[derive(Clone, Copy, Default)]\n   |   ^^^^^^\n   |\nhelp: consider importing this attribute macro\n   |\n6  + use core::prelude::rust_2024::derive;\n   |\n\nerror: cannot find macro `assert` in this scope\n   --> /Users/graysonnocera/.cargo/registry/src/index.crates.io-6f17d22bba15001f/half-2.4.1/src/binary16.rs:573:9\n    |\n573 |         assert!(min <= max);\n    |         ^^^^^^\n    |\nhelp: consider importing this macro\n    |\n6   + use core::assert;\n    |\n\nerror: cannot find macro `write` in this scope\n   --> /Users/graysonnocera/.cargo/registry/src/index.crates.io-6f17d22bba15001f/half-2.4.1/src/binary16.rs:953:9\n    |\n953 |         write!(f, \"{:e}\", self.to_f32())\n    |         ^^^^^\n    |\nhelp: consider importing this macro\n    |\n6   + use core::write;\n    |\n\nerror: cannot find macro `write` in this scope\n   --> /Users/graysonnocera/.cargo/registry/src/index.crates.io-6f17d22bba15001f/half-2.4.1/src/binary16.rs:960:9\n    |\n960 |         write!(f, \"{:E}\", self.to_f32())\n    |         ^^^^^\n    |\nhelp: consider importing this macro\n    |\n6   + use core::write;\n    |\n\nerror: cannot find macro `write` in this scope\n   --> /Users/graysonnocera/.cargo/registry/src/index.crates.io-6f17d22bba15001f/half-2.4.1/src/binary16.rs:967:9\n    |\n967 |         write!(f, \"{:b}\", self.0)\n    |         ^^^^^\n    |\nhelp: consider importing this macro\n    |\n6   + use core::write;\n    |\n\nerror: cannot find macro `write` in this scope\n   --> /Users/graysonnocera/.cargo/registry/src/index.crates.io-6f17d22bba15001f/half-2.4.1/src/binary16.rs:974:9\n    |\n974 |         write!(f, \"{:o}\", self.0)\n    |         ^^^^^\n    |\nhelp: consider importing this macro\n    |\n6   + use core::write;\n    |\n\nerror: cannot find macro `write` in this scope\n   --> /Users/graysonnocera/.cargo/registry/src/index.crates.io-6f17d22bba15001f/half-2.4.1/src/binary16.rs:981:9\n    |\n981 |         write!(f, \"{:x}\", self.0)\n    |         ^^^^^\n    |\nhelp: consider importing this macro\n    |\n6   + use core::write;\n    |\n\nerror: cannot find macro `write` in this scope\n   --> /Users/graysonnocera/.cargo/registry/src/index.crates.io-6f17d22bba15001f/half-2.4.1/src/binary16.rs:988:9\n    |\n988 |         write!(f, \"{:X}\", self.0)\n    |         ^^^^^\n    |\nhelp: consider importing this macro\n    |\n6   + use core::write;\n    |\n\nerror: cannot find macro `assert_eq` in this scope\n   --> /Users/graysonnocera/.cargo/registry/src/index.crates.io-6f17d22bba15001f/half-2.4.1/src/slice.rs:322:9\n    |\n322 |         assert_eq!(\n    |         ^^^^^^^^^\n    |\nhelp: consider importing this macro\n    |\n10  + use core::assert_eq;\n    |\n\nerror: cannot find macro `assert_eq` in this scope\n   --> /Users/graysonnocera/.cargo/registry/src/index.crates.io-6f17d22bba15001f/half-2.4.1/src/slice.rs:333:9\n    |\n333 |         assert_eq!(\n    |         ^^^^^^^^^\n    |\nhelp: consider importing this macro\n    |\n10  + use core::assert_eq;\n    |\n\nerror: cannot find macro `assert_eq` in this scope\n   --> /Users/graysonnocera/.cargo/registry/src/index.crates.io-6f17d22bba15001f/half-2.4.1/src/slice.rs:344:9\n    |\n344 |         assert_eq!(\n    |         ^^^^^^^^^\n    |\nhelp: consider importing this macro\n    |\n10  + use core::assert_eq;\n    |\n\nerror: cannot find macro `assert_eq` in this scope\n   --> /Users/graysonnocera/.cargo/registry/src/index.crates.io-6f17d22bba15001f/half-2.4.1/src/slice.rs:355:9\n    |\n355 |         assert_eq!(\n    |         ^^^^^^^^^\n    |\nhelp: consider importing this macro\n    |\n10  + use core::assert_eq;\n    |\n\nerror: cannot find macro `assert_eq` in this scope\n   --> /Users/graysonnocera/.cargo/registry/src/index.crates.io-6f17d22bba15001f/half-2.4.1/src/slice.rs:404:9\n    |\n404 |         assert_eq!(\n    |         ^^^^^^^^^\n    |\nhelp: consider importing this macro\n    |\n10  + use core::assert_eq;\n    |\n\nerror: cannot find macro `assert_eq` in this scope\n   --> /Users/graysonnocera/.cargo/registry/src/index.crates.io-6f17d22bba15001f/half-2.4.1/src/slice.rs:418:9\n    |\n418 |         assert_eq!(\n    |         ^^^^^^^^^\n    |\nhelp: consider importing this macro\n    |\n10  + use core::assert_eq;\n    |\n\nerror: cannot find macro `assert_eq` in this scope\n   --> /Users/graysonnocera/.cargo/registry/src/index.crates.io-6f17d22bba15001f/half-2.4.1/src/slice.rs:432:9\n    |\n432 |         assert_eq!(\n    |         ^^^^^^^^^\n    |\nhelp: consider importing this macro\n    |\n10  + use core::assert_eq;\n    |\n\nerror: cannot find macro `assert_eq` in this scope\n   --> /Users/graysonnocera/.cargo/registry/src/index.crates.io-6f17d22bba15001f/half-2.4.1/src/slice.rs:446:9\n    |\n446 |         assert_eq!(\n    |         ^^^^^^^^^\n    |\nhelp: consider importing this macro\n    |\n10  + use core::assert_eq;\n    |\n\nSome errors have detailed explanations: E0432, E0463.\nFor more information about an error, try `rustc --explain E0432`.\nerror: could not compile `anyhow` (lib) due to 2 previous errors\nerror[E0405]: cannot find trait `From` in this scope\n   --> /Users/graysonnocera/.cargo/registry/src/index.crates.io-6f17d22bba15001f/half-2.4.1/src/bfloat.rs:789:6\n    |\n789 | impl From<bf16> for f32 {\n    |      ^^^^ not found in this scope\n    |\nhelp: consider importing this trait\n    |\n6   + use core::convert::From;\n    |\n\nerror[E0405]: cannot find trait `From` in this scope\n   --> /Users/graysonnocera/.cargo/registry/src/index.crates.io-6f17d22bba15001f/half-2.4.1/src/bfloat.rs:796:6\n    |\n796 | impl From<bf16> for f64 {\n    |      ^^^^ not found in this scope\n    |\nhelp: consider importing this trait\n    |\n6   + use core::convert::From;\n    |\n\nerror[E0405]: cannot find trait `From` in this scope\n   --> /Users/graysonnocera/.cargo/registry/src/index.crates.io-6f17d22bba15001f/half-2.4.1/src/bfloat.rs:803:6\n    |\n803 | impl From<i8> for bf16 {\n    |      ^^^^ not found in this scope\n    |\nhelp: consider importing this trait\n    |\n6   + use core::convert::From;\n    |\n\nerror[E0405]: cannot find trait `From` in this scope\n   --> /Users/graysonnocera/.cargo/registry/src/index.crates.io-6f17d22bba15001f/half-2.4.1/src/bfloat.rs:811:6\n    |\n811 | impl From<u8> for bf16 {\n    |      ^^^^ not found in this scope\n    |\nhelp: consider importing this trait\n    |\n6   + use core::convert::From;\n    |\n\nerror[E0405]: cannot find trait `PartialEq` in this scope\n   --> /Users/graysonnocera/.cargo/registry/src/index.crates.io-6f17d22bba15001f/half-2.4.1/src/bfloat.rs:819:6\n    |\n819 | impl PartialEq for bf16 {\n    |      ^^^^^^^^^ not found in this scope\n    |\nhelp: consider importing this trait\n    |\n6   + use core::cmp::PartialEq;\n    |\n\nerror[E0405]: cannot find trait `PartialOrd` in this scope\n   --> /Users/graysonnocera/.cargo/registry/src/index.crates.io-6f17d22bba15001f/half-2.4.1/src/bfloat.rs:829:6\n    |\n829 | impl PartialOrd for bf16 {\n    |      ^^^^^^^^^^ not found in this scope\n    |\nhelp: consider importing this trait\n    |\n6   + use core::cmp::PartialOrd;\n    |\n\nerror[E0412]: cannot find type `Option` in this scope\n   --> /Users/graysonnocera/.cargo/registry/src/index.crates.io-6f17d22bba15001f/half-2.4.1/src/bfloat.rs:830:44\n    |\n830 |     fn partial_cmp(&self, other: &bf16) -> Option<Ordering> {\n    |                                            ^^^^^^ not found in this scope\n    |\nhelp: consider importing this enum\n    |\n6   + use core::option::Option;\n    |\n\nerror[E0425]: cannot find value `None` in this scope\n   --> /Users/graysonnocera/.cargo/registry/src/index.crates.io-6f17d22bba15001f/half-2.4.1/src/bfloat.rs:832:13\n    |\n832 |             None\n    |             ^^^^ not found in this scope\n    |\nhelp: consider importing this unit variant\n    |\n6   + use core::option::Option::None;\n    |\n\nerror[E0425]: cannot find function, tuple struct or tuple variant `Some` in this scope\n   --> /Users/graysonnocera/.cargo/registry/src/index.crates.io-6f17d22bba15001f/half-2.4.1/src/bfloat.rs:837:35\n    |\n837 |                 (false, false) => Some(self.0.cmp(&other.0)),\n    |                                   ^^^^ not found in this scope\n    |\nhelp: consider importing this tuple variant\n    |\n6   + use core::option::Option::Some;\n    |\n\nerror[E0425]: cannot find function, tuple struct or tuple variant `Some` in this scope\n   --> /Users/graysonnocera/.cargo/registry/src/index.crates.io-6f17d22bba15001f/half-2.4.1/src/bfloat.rs:840:25\n    |\n840 |                         Some(Ordering::Equal)\n    |                         ^^^^ not found in this scope\n    |\nhelp: consider importing this tuple variant\n    |\n6   + use core::option::Option::Some;\n    |\n\nerror[E0425]: cannot find function, tuple struct or tuple variant `Some` in this scope\n   --> /Users/graysonnocera/.cargo/registry/src/index.crates.io-6f17d22bba15001f/half-2.4.1/src/bfloat.rs:842:25\n    |\n842 |                         Some(Ordering::Greater)\n    |                         ^^^^ not found in this scope\n    |\nhelp: consider importing this tuple variant\n    |\n6   + use core::option::Option::Some;\n    |\n\nerror[E0425]: cannot find function, tuple struct or tuple variant `Some` in this scope\n   --> /Users/graysonnocera/.cargo/registry/src/index.crates.io-6f17d22bba15001f/half-2.4.1/src/bfloat.rs:847:25\n    |\n847 |                         Some(Ordering::Equal)\n    |                         ^^^^ not found in this scope\n    |\nhelp: consider importing this tuple variant\n    |\n6   + use core::option::Option::Some;\n    |\n\nerror[E0425]: cannot find function, tuple struct or tuple variant `Some` in this scope\n   --> /Users/graysonnocera/.cargo/registry/src/index.crates.io-6f17d22bba15001f/half-2.4.1/src/bfloat.rs:849:25\n    |\n849 |                         Some(Ordering::Less)\n    |                         ^^^^ not found in this scope\n    |\nhelp: consider importing this tuple variant\n    |\n6   + use core::option::Option::Some;\n    |\n\nerror[E0425]: cannot find function, tuple struct or tuple variant `Some` in this scope\n   --> /Users/graysonnocera/.cargo/registry/src/index.crates.io-6f17d22bba15001f/half-2.4.1/src/bfloat.rs:852:33\n    |\n852 |                 (true, true) => Some(other.0.cmp(&self.0)),\n    |                                 ^^^^ not found in this scope\n    |\nhelp: consider importing this tuple variant\n    |\n6   + use core::option::Option::Some;\n    |\n\nerror[E0412]: cannot find type `Result` in this scope\n   --> /Users/graysonnocera/.cargo/registry/src/index.crates.io-6f17d22bba15001f/half-2.4.1/src/bfloat.rs:921:31\n    |\n921 |     fn from_str(src: &str) -> Result<bf16, ParseFloatError> {\n    |                               ^^^^^^ not found in this scope\n    |\nhelp: consider importing one of these items\n    |\n6   + use core::fmt::Result;\n    |\n6   + use core::result::Result;\n    |\n6   + use alloc::fmt::Result;\n    |\n\nerror[E0412]: cannot find type `Result` in this scope\n   --> /Users/graysonnocera/.cargo/registry/src/index.crates.io-6f17d22bba15001f/half-2.4.1/src/bfloat.rs:928:45\n    |\n928 |     fn fmt(&self, f: &mut Formatter<'_>) -> Result<(), Error> {\n    |                                             ^^^^^^ not found in this scope\n    |\nhelp: consider importing one of these items\n    |\n6   + use core::fmt::Result;\n    |\n6   + use core::result::Result;\n    |\n6   + use alloc::fmt::Result;\n    |\n\nerror[E0412]: cannot find type `Result` in this scope\n   --> /Users/graysonnocera/.cargo/registry/src/index.crates.io-6f17d22bba15001f/half-2.4.1/src/bfloat.rs:935:45\n    |\n935 |     fn fmt(&self, f: &mut Formatter<'_>) -> Result<(), Error> {\n    |                                             ^^^^^^ not found in this scope\n    |\nhelp: consider importing one of these items\n    |\n6   + use core::fmt::Result;\n    |\n6   + use core::result::Result;\n    |\n6   + use alloc::fmt::Result;\n    |\n\nerror[E0412]: cannot find type `Result` in this scope\n   --> /Users/graysonnocera/.cargo/registry/src/index.crates.io-6f17d22bba15001f/half-2.4.1/src/bfloat.rs:942:45\n    |\n942 |     fn fmt(&self, f: &mut Formatter<'_>) -> Result<(), Error> {\n    |                                             ^^^^^^ not found in this scope\n    |\nhelp: consider importing one of these items\n    |\n6   + use core::fmt::Result;\n    |\n6   + use core::result::Result;\n    |\n6   + use alloc::fmt::Result;\n    |\n\nerror[E0412]: cannot find type `Result` in this scope\n   --> /Users/graysonnocera/.cargo/registry/src/index.crates.io-6f17d22bba15001f/half-2.4.1/src/bfloat.rs:949:45\n    |\n949 |     fn fmt(&self, f: &mut Formatter<'_>) -> Result<(), Error> {\n    |                                             ^^^^^^ not found in this scope\n    |\nhelp: consider importing one of these items\n    |\n6   + use core::fmt::Result;\n    |\n6   + use core::result::Result;\n    |\n6   + use alloc::fmt::Result;\n    |\n\nerror[E0412]: cannot find type `Result` in this scope\n   --> /Users/graysonnocera/.cargo/registry/src/index.crates.io-6f17d22bba15001f/half-2.4.1/src/bfloat.rs:956:45\n    |\n956 |     fn fmt(&self, f: &mut Formatter<'_>) -> Result<(), Error> {\n    |                                             ^^^^^^ not found in this scope\n    |\nhelp: consider importing one of these items\n    |\n6   + use core::fmt::Result;\n    |\n6   + use core::result::Result;\n    |\n6   + use alloc::fmt::Result;\n    |\n\nerror[E0412]: cannot find type `Result` in this scope\n   --> /Users/graysonnocera/.cargo/registry/src/index.crates.io-6f17d22bba15001f/half-2.4.1/src/bfloat.rs:963:45\n    |\n963 |     fn fmt(&self, f: &mut Formatter<'_>) -> Result<(), Error> {\n    |                                             ^^^^^^ not found in this scope\n    |\nhelp: consider importing one of these items\n    |\n6   + use core::fmt::Result;\n    |\n6   + use core::result::Result;\n    |\n6   + use alloc::fmt::Result;\n    |\n\nerror[E0412]: cannot find type `Result` in this scope\n   --> /Users/graysonnocera/.cargo/registry/src/index.crates.io-6f17d22bba15001f/half-2.4.1/src/bfloat.rs:970:45\n    |\n970 |     fn fmt(&self, f: &mut Formatter<'_>) -> Result<(), Error> {\n    |                                             ^^^^^^ not found in this scope\n    |\nhelp: consider importing one of these items\n    |\n6   + use core::fmt::Result;\n    |\n6   + use core::result::Result;\n    |\n6   + use alloc::fmt::Result;\n    |\n\nerror[E0412]: cannot find type `Result` in this scope\n   --> /Users/graysonnocera/.cargo/registry/src/index.crates.io-6f17d22bba15001f/half-2.4.1/src/bfloat.rs:977:45\n    |\n977 |     fn fmt(&self, f: &mut Formatter<'_>) -> Result<(), Error> {\n    |                                             ^^^^^^ not found in this scope\n    |\nhelp: consider importing one of these items\n    |\n6   + use core::fmt::Result;\n    |\n6   + use core::result::Result;\n    |\n6   + use alloc::fmt::Result;\n    |\n\nerror[E0405]: cannot find trait `Iterator` in this scope\n    --> /Users/graysonnocera/.cargo/registry/src/index.crates.io-6f17d22bba15001f/half-2.4.1/src/bfloat.rs:1246:19\n     |\n1246 |     fn product<I: Iterator<Item = Self>>(iter: I) -> Self {\n     |                   ^^^^^^^^ not found in this scope\n     |\nhelp: consider importing this trait\n     |\n6    + use core::iter::Iterator;\n     |\n\nerror[E0405]: cannot find trait `Iterator` in this scope\n    --> /Users/graysonnocera/.cargo/registry/src/index.crates.io-6f17d22bba15001f/half-2.4.1/src/bfloat.rs:1253:19\n     |\n1253 |     fn product<I: Iterator<Item = &'a bf16>>(iter: I) -> Self {\n     |                   ^^^^^^^^ not found in this scope\n     |\nhelp: consider importing this trait\n     |\n6    + use core::iter::Iterator;\n     |\n\nerror[E0405]: cannot find trait `Iterator` in this scope\n    --> /Users/graysonnocera/.cargo/registry/src/index.crates.io-6f17d22bba15001f/half-2.4.1/src/bfloat.rs:1260:15\n     |\n1260 |     fn sum<I: Iterator<Item = Self>>(iter: I) -> Self {\n     |               ^^^^^^^^ not found in this scope\n     |\nhelp: consider importing this trait\n     |\n6    + use core::iter::Iterator;\n     |\n\nerror[E0405]: cannot find trait `Iterator` in this scope\n    --> /Users/graysonnocera/.cargo/registry/src/index.crates.io-6f17d22bba15001f/half-2.4.1/src/bfloat.rs:1267:15\n     |\n1267 |     fn sum<I: Iterator<Item = &'a bf16>>(iter: I) -> Self {\n     |               ^^^^^^^^ not found in this scope\n     |\nhelp: consider importing this trait\n     |\n6    + use core::iter::Iterator;\n     |\n\nerror[E0405]: cannot find trait `Iterator` in this scope\n   --> /Users/graysonnocera/.cargo/registry/src/index.crates.io-6f17d22bba15001f/half-2.4.1/src/binary16/arch.rs:379:30\n    |\n379 | pub(crate) fn product_f16<I: Iterator<Item = u16>>(iter: I) -> u16 {\n    |                              ^^^^^^^^ not found in this scope\n    |\nhelp: consider importing this trait\n    |\n2   + use core::iter::Iterator;\n    |\n\nerror[E0405]: cannot find trait `Iterator` in this scope\n   --> /Users/graysonnocera/.cargo/registry/src/index.crates.io-6f17d22bba15001f/half-2.4.1/src/binary16/arch.rs:390:26\n    |\n390 | pub(crate) fn sum_f16<I: Iterator<Item = u16>>(iter: I) -> u16 {\n    |                          ^^^^^^^^ not found in this scope\n    |\nhelp: consider importing this trait\n    |\n2   + use core::iter::Iterator;\n    |\n\nerror[E0405]: cannot find trait `Copy` in this scope\n   --> /Users/graysonnocera/.cargo/registry/src/index.crates.io-6f17d22bba15001f/half-2.4.1/src/binary16/arch.rs:402:31\n    |\n402 | fn convert_chunked_slice_8<S: Copy + Default, D: Copy>(\n    |                               ^^^^ not found in this scope\n    |\nhelp: consider importing this trait\n    |\n2   + use core::marker::Copy;\n    |\n\nerror[E0405]: cannot find trait `Default` in this scope\n   --> /Users/graysonnocera/.cargo/registry/src/index.crates.io-6f17d22bba15001f/half-2.4.1/src/binary16/arch.rs:402:38\n    |\n402 | fn convert_chunked_slice_8<S: Copy + Default, D: Copy>(\n    |                                      ^^^^^^^ not found in this scope\n    |\nhelp: consider importing this trait\n    |\n2   + use core::default::Default;\n    |\n\nerror[E0405]: cannot find trait `Copy` in this scope\n   --> /Users/graysonnocera/.cargo/registry/src/index.crates.io-6f17d22bba15001f/half-2.4.1/src/binary16/arch.rs:402:50\n    |\n402 | fn convert_chunked_slice_8<S: Copy + Default, D: Copy>(\n    |                                                  ^^^^ not found in this scope\n    |\nhelp: consider importing this trait\n    |\n2   + use core::marker::Copy;\n    |\n\nerror[E0433]: failed to resolve: use of undeclared type `Default`\n   --> /Users/graysonnocera/.cargo/registry/src/index.crates.io-6f17d22bba15001f/half-2.4.1/src/binary16/arch.rs:422:31\n    |\n422 |         let mut buf: [S; 8] = Default::default();\n    |                               ^^^^^^^ use of undeclared type `Default`\n    |\nhelp: consider importing this trait\n    |\n2   + use core::default::Default;\n    |\n\nerror[E0433]: failed to resolve: use of undeclared type `Default`\n   --> /Users/graysonnocera/.cargo/registry/src/index.crates.io-6f17d22bba15001f/half-2.4.1/src/binary16/arch.rs:428:31\n    |\n428 |         let mut buf: [S; 4] = Default::default();\n    |                               ^^^^^^^ use of undeclared type `Default`\n    |\nhelp: consider importing this trait\n    |\n2   + use core::default::Default;\n    |\n\nerror[E0405]: cannot find trait `Copy` in this scope\n   --> /Users/graysonnocera/.cargo/registry/src/index.crates.io-6f17d22bba15001f/half-2.4.1/src/binary16/arch.rs:438:31\n    |\n438 | fn convert_chunked_slice_4<S: Copy + Default, D: Copy>(\n    |                               ^^^^ not found in this scope\n    |\nhelp: consider importing this trait\n    |\n2   + use core::marker::Copy;\n    |\n\nerror[E0405]: cannot find trait `Default` in this scope\n   --> /Users/graysonnocera/.cargo/registry/src/index.crates.io-6f17d22bba15001f/half-2.4.1/src/binary16/arch.rs:438:38\n    |\n438 | fn convert_chunked_slice_4<S: Copy + Default, D: Copy>(\n    |                                      ^^^^^^^ not found in this scope\n    |\nhelp: consider importing this trait\n    |\n2   + use core::default::Default;\n    |\n\nerror[E0405]: cannot find trait `Copy` in this scope\n   --> /Users/graysonnocera/.cargo/registry/src/index.crates.io-6f17d22bba15001f/half-2.4.1/src/binary16/arch.rs:438:50\n    |\n438 | fn convert_chunked_slice_4<S: Copy + Default, D: Copy>(\n    |                                                  ^^^^ not found in this scope\n    |\nhelp: consider importing this trait\n    |\n2   + use core::marker::Copy;\n    |\n\nerror[E0433]: failed to resolve: use of undeclared type `Default`\n   --> /Users/graysonnocera/.cargo/registry/src/index.crates.io-6f17d22bba15001f/half-2.4.1/src/binary16/arch.rs:457:31\n    |\n457 |         let mut buf: [S; 4] = Default::default();\n    |                               ^^^^^^^ use of undeclared type `Default`\n    |\nhelp: consider importing this trait\n    |\n2   + use core::default::Default;\n    |\n\nerror[E0405]: cannot find trait `Copy` in this scope\n   --> /Users/graysonnocera/.cargo/registry/src/index.crates.io-6f17d22bba15001f/half-2.4.1/src/binary16/arch.rs:805:22\n    |\n805 | fn slice_fallback<S: Copy, D>(src: &[S], dst: &mut [D], f: fn(S) -> D) {\n    |                      ^^^^ not found in this scope\n    |\nhelp: consider importing this trait\n    |\n2   + use core::marker::Copy;\n    |\n\nerror[E0405]: cannot find trait `Iterator` in this scope\n   --> /Users/graysonnocera/.cargo/registry/src/index.crates.io-6f17d22bba15001f/half-2.4.1/src/binary16/arch.rs:838:28\n    |\n838 | fn product_f16_fallback<I: Iterator<Item = u16>>(iter: I) -> u16 {\n    |                            ^^^^^^^^ not found in this scope\n    |\nhelp: consider importing this trait\n    |\n2   + use core::iter::Iterator;\n    |\n\nerror[E0405]: cannot find trait `Iterator` in this scope\n   --> /Users/graysonnocera/.cargo/registry/src/index.crates.io-6f17d22bba15001f/half-2.4.1/src/binary16/arch.rs:843:24\n    |\n843 | fn sum_f16_fallback<I: Iterator<Item = u16>>(iter: I) -> u16 {\n    |                        ^^^^^^^^ not found in this scope\n    |\nhelp: consider importing this trait\n    |\n2   + use core::iter::Iterator;\n    |\n\nerror[E0405]: cannot find trait `From` in this scope\n   --> /Users/graysonnocera/.cargo/registry/src/index.crates.io-6f17d22bba15001f/half-2.4.1/src/binary16.rs:799:6\n    |\n799 | impl From<f16> for f32 {\n    |      ^^^^ not found in this scope\n    |\nhelp: consider importing this trait\n    |\n6   + use core::convert::From;\n    |\n\nerror[E0405]: cannot find trait `From` in this scope\n   --> /Users/graysonnocera/.cargo/registry/src/index.crates.io-6f17d22bba15001f/half-2.4.1/src/binary16.rs:806:6\n    |\n806 | impl From<f16> for f64 {\n    |      ^^^^ not found in this scope\n    |\nhelp: consider importing this trait\n    |\n6   + use core::convert::From;\n    |\n\nerror[E0405]: cannot find trait `From` in this scope\n   --> /Users/graysonnocera/.cargo/registry/src/index.crates.io-6f17d22bba15001f/half-2.4.1/src/binary16.rs:813:6\n    |\n813 | impl From<i8> for f16 {\n    |      ^^^^ not found in this scope\n    |\nhelp: consider importing this trait\n    |\n6   + use core::convert::From;\n    |\n\nerror[E0405]: cannot find trait `From` in this scope\n   --> /Users/graysonnocera/.cargo/registry/src/index.crates.io-6f17d22bba15001f/half-2.4.1/src/binary16.rs:821:6\n    |\n821 | impl From<u8> for f16 {\n    |      ^^^^ not found in this scope\n    |\nhelp: consider importing this trait\n    |\n6   + use core::convert::From;\n    |\n\nerror[E0405]: cannot find trait `PartialEq` in this scope\n   --> /Users/graysonnocera/.cargo/registry/src/index.crates.io-6f17d22bba15001f/half-2.4.1/src/binary16.rs:829:6\n    |\n829 | impl PartialEq for f16 {\n    |      ^^^^^^^^^ not found in this scope\n    |\nhelp: consider importing this trait\n    |\n6   + use core::cmp::PartialEq;\n    |\n\nerror[E0405]: cannot find trait `PartialOrd` in this scope\n   --> /Users/graysonnocera/.cargo/registry/src/index.crates.io-6f17d22bba15001f/half-2.4.1/src/binary16.rs:839:6\n    |\n839 | impl PartialOrd for f16 {\n    |      ^^^^^^^^^^ not found in this scope\n    |\nhelp: consider importing this trait\n    |\n6   + use core::cmp::PartialOrd;\n    |\n\nerror[E0412]: cannot find type `Option` in this scope\n   --> /Users/graysonnocera/.cargo/registry/src/index.crates.io-6f17d22bba15001f/half-2.4.1/src/binary16.rs:840:43\n    |\n840 |     fn partial_cmp(&self, other: &f16) -> Option<Ordering> {\n    |                                           ^^^^^^ not found in this scope\n    |\nhelp: consider importing this enum\n    |\n6   + use core::option::Option;\n    |\n\nerror[E0425]: cannot find value `None` in this scope\n   --> /Users/graysonnocera/.cargo/registry/src/index.crates.io-6f17d22bba15001f/half-2.4.1/src/binary16.rs:842:13\n    |\n842 |             None\n    |             ^^^^ not found in this scope\n    |\nhelp: consider importing this unit variant\n    |\n6   + use core::option::Option::None;\n    |\n\nerror[E0425]: cannot find function, tuple struct or tuple variant `Some` in this scope\n   --> /Users/graysonnocera/.cargo/registry/src/index.crates.io-6f17d22bba15001f/half-2.4.1/src/binary16.rs:847:35\n    |\n847 |                 (false, false) => Some(self.0.cmp(&other.0)),\n    |                                   ^^^^ not found in this scope\n    |\nhelp: consider importing this tuple variant\n    |\n6   + use core::option::Option::Some;\n    |\n\nerror[E0425]: cannot find function, tuple struct or tuple variant `Some` in this scope\n   --> /Users/graysonnocera/.cargo/registry/src/index.crates.io-6f17d22bba15001f/half-2.4.1/src/binary16.rs:850:25\n    |\n850 |                         Some(Ordering::Equal)\n    |                         ^^^^ not found in this scope\n    |\nhelp: consider importing this tuple variant\n    |\n6   + use core::option::Option::Some;\n    |\n\nerror[E0425]: cannot find function, tuple struct or tuple variant `Some` in this scope\n   --> /Users/graysonnocera/.cargo/registry/src/index.crates.io-6f17d22bba15001f/half-2.4.1/src/binary16.rs:852:25\n    |\n852 |                         Some(Ordering::Greater)\n    |                         ^^^^ not found in this scope\n    |\nhelp: consider importing this tuple variant\n    |\n6   + use core::option::Option::Some;\n    |\n\nerror[E0425]: cannot find function, tuple struct or tuple variant `Some` in this scope\n   --> /Users/graysonnocera/.cargo/registry/src/index.crates.io-6f17d22bba15001f/half-2.4.1/src/binary16.rs:857:25\n    |\n857 |                         Some(Ordering::Equal)\n    |                         ^^^^ not found in this scope\n    |\nhelp: consider importing this tuple variant\n    |\n6   + use core::option::Option::Some;\n    |\n\nerror[E0425]: cannot find function, tuple struct or tuple variant `Some` in this scope\n   --> /Users/graysonnocera/.cargo/registry/src/index.crates.io-6f17d22bba15001f/half-2.4.1/src/binary16.rs:859:25\n    |\n859 |                         Some(Ordering::Less)\n    |                         ^^^^ not found in this scope\n    |\nhelp: consider importing this tuple variant\n    |\n6   + use core::option::Option::Some;\n    |\n\nerror[E0425]: cannot find function, tuple struct or tuple variant `Some` in this scope\n   --> /Users/graysonnocera/.cargo/registry/src/index.crates.io-6f17d22bba15001f/half-2.4.1/src/binary16.rs:862:33\n    |\n862 |                 (true, true) => Some(other.0.cmp(&self.0)),\n    |                                 ^^^^ not found in this scope\n    |\nhelp: consider importing this tuple variant\n    |\n6   + use core::option::Option::Some;\n    |\n\nerror[E0412]: cannot find type `Result` in this scope\n   --> /Users/graysonnocera/.cargo/registry/src/index.crates.io-6f17d22bba15001f/half-2.4.1/src/binary16.rs:931:31\n    |\n931 |     fn from_str(src: &str) -> Result<f16, ParseFloatError> {\n    |                               ^^^^^^ not found in this scope\n    |\nhelp: consider importing one of these items\n    |\n6   + use core::fmt::Result;\n    |\n6   + use core::result::Result;\n    |\n6   + use alloc::fmt::Result;\n    |\n\nerror[E0412]: cannot find type `Result` in this scope\n   --> /Users/graysonnocera/.cargo/registry/src/index.crates.io-6f17d22bba15001f/half-2.4.1/src/binary16.rs:938:45\n    |\n938 |     fn fmt(&self, f: &mut Formatter<'_>) -> Result<(), Error> {\n    |                                             ^^^^^^ not found in this scope\n    |\nhelp: consider importing one of these items\n    |\n6   + use core::fmt::Result;\n    |\n6   + use core::result::Result;\n    |\n6   + use alloc::fmt::Result;\n    |\n\nerror[E0412]: cannot find type `Result` in this scope\n   --> /Users/graysonnocera/.cargo/registry/src/index.crates.io-6f17d22bba15001f/half-2.4.1/src/binary16.rs:945:45\n    |\n945 |     fn fmt(&self, f: &mut Formatter<'_>) -> Result<(), Error> {\n    |                                             ^^^^^^ not found in this scope\n    |\nhelp: consider importing one of these items\n    |\n6   + use core::fmt::Result;\n    |\n6   + use core::result::Result;\n    |\n6   + use alloc::fmt::Result;\n    |\n\nerror[E0412]: cannot find type `Result` in this scope\n   --> /Users/graysonnocera/.cargo/registry/src/index.crates.io-6f17d22bba15001f/half-2.4.1/src/binary16.rs:952:45\n    |\n952 |     fn fmt(&self, f: &mut Formatter<'_>) -> Result<(), Error> {\n    |                                             ^^^^^^ not found in this scope\n    |\nhelp: consider importing one of these items\n    |\n6   + use core::fmt::Result;\n    |\n6   + use core::result::Result;\n    |\n6   + use alloc::fmt::Result;\n    |\n\nerror[E0412]: cannot find type `Result` in this scope\n   --> /Users/graysonnocera/.cargo/registry/src/index.crates.io-6f17d22bba15001f/half-2.4.1/src/binary16.rs:959:45\n    |\n959 |     fn fmt(&self, f: &mut Formatter<'_>) -> Result<(), Error> {\n    |                                             ^^^^^^ not found in this scope\n    |\nhelp: consider importing one of these items\n    |\n6   + use core::fmt::Result;\n    |\n6   + use core::result::Result;\n    |\n6   + use alloc::fmt::Result;\n    |\n\nerror[E0412]: cannot find type `Result` in this scope\n   --> /Users/graysonnocera/.cargo/registry/src/index.crates.io-6f17d22bba15001f/half-2.4.1/src/binary16.rs:966:45\n    |\n966 |     fn fmt(&self, f: &mut Formatter<'_>) -> Result<(), Error> {\n    |                                             ^^^^^^ not found in this scope\n    |\nhelp: consider importing one of these items\n    |\n6   + use core::fmt::Result;\n    |\n6   + use core::result::Result;\n    |\n6   + use alloc::fmt::Result;\n    |\n\nerror[E0412]: cannot find type `Result` in this scope\n   --> /Users/graysonnocera/.cargo/registry/src/index.crates.io-6f17d22bba15001f/half-2.4.1/src/binary16.rs:973:45\n    |\n973 |     fn fmt(&self, f: &mut Formatter<'_>) -> Result<(), Error> {\n    |                                             ^^^^^^ not found in this scope\n    |\nhelp: consider importing one of these items\n    |\n6   + use core::fmt::Result;\n    |\n6   + use core::result::Result;\n    |\n6   + use alloc::fmt::Result;\n    |\n\nerror[E0412]: cannot find type `Result` in this scope\n   --> /Users/graysonnocera/.cargo/registry/src/index.crates.io-6f17d22bba15001f/half-2.4.1/src/binary16.rs:980:45\n    |\n980 |     fn fmt(&self, f: &mut Formatter<'_>) -> Result<(), Error> {\n    |                                             ^^^^^^ not found in this scope\n    |\nhelp: consider importing one of these items\n    |\n6   + use core::fmt::Result;\n    |\n6   + use core::result::Result;\n    |\n6   + use alloc::fmt::Result;\n    |\n\nerror[E0412]: cannot find type `Result` in this scope\n   --> /Users/graysonnocera/.cargo/registry/src/index.crates.io-6f17d22bba15001f/half-2.4.1/src/binary16.rs:987:45\n    |\n987 |     fn fmt(&self, f: &mut Formatter<'_>) -> Result<(), Error> {\n    |                                             ^^^^^^ not found in this scope\n    |\nhelp: consider importing one of these items\n    |\n6   + use core::fmt::Result;\n    |\n6   + use core::result::Result;\n    |\n6   + use alloc::fmt::Result;\n    |\n\nerror[E0405]: cannot find trait `Iterator` in this scope\n    --> /Users/graysonnocera/.cargo/registry/src/index.crates.io-6f17d22bba15001f/half-2.4.1/src/binary16.rs:1262:19\n     |\n1262 |     fn product<I: Iterator<Item = Self>>(iter: I) -> Self {\n     |                   ^^^^^^^^ not found in this scope\n     |\nhelp: consider importing this trait\n     |\n6    + use core::iter::Iterator;\n     |\n\nerror[E0405]: cannot find trait `Iterator` in this scope\n    --> /Users/graysonnocera/.cargo/registry/src/index.crates.io-6f17d22bba15001f/half-2.4.1/src/binary16.rs:1269:19\n     |\n1269 |     fn product<I: Iterator<Item = &'a f16>>(iter: I) -> Self {\n     |                   ^^^^^^^^ not found in this scope\n     |\nhelp: consider importing this trait\n     |\n6    + use core::iter::Iterator;\n     |\n\nerror[E0405]: cannot find trait `Iterator` in this scope\n    --> /Users/graysonnocera/.cargo/registry/src/index.crates.io-6f17d22bba15001f/half-2.4.1/src/binary16.rs:1276:15\n     |\n1276 |     fn sum<I: Iterator<Item = Self>>(iter: I) -> Self {\n     |               ^^^^^^^^ not found in this scope\n     |\nhelp: consider importing this trait\n     |\n6    + use core::iter::Iterator;\n     |\n\nerror[E0405]: cannot find trait `Iterator` in this scope\n    --> /Users/graysonnocera/.cargo/registry/src/index.crates.io-6f17d22bba15001f/half-2.4.1/src/binary16.rs:1283:15\n     |\n1283 |     fn sum<I: Iterator<Item = &'a f16>>(iter: I) -> Self {\n     |               ^^^^^^^^ not found in this scope\n     |\nhelp: consider importing this trait\n     |\n6    + use core::iter::Iterator;\n     |\n\nSome errors have detailed explanations: E0405, E0412, E0425, E0433, E0463.\nFor more information about an error, try `rustc --explain E0405`.\nerror: could not compile `half` (lib) due to 96 previous errors\n",
      "stdout": ""
    },
    "features": [
      "std"
    ],
    "project": "../../../Downloads/695-Project/dataset/nostd-failed-crates/crates/dsi-bitstream-0.3.0/src",
    "time_to_build": 2271,
    "time_to_solve": 755
  }
]