[
  {
    "built_with_features": null,
    "command": {
      "args": [
        "build",
        "--target",
        "thumbv7m-none-eabi",
        "--no-default-features"
      ],
      "code": 101,
      "stderr": "   Compiling scopeguard v1.2.0\n   Compiling syn v2.0.90\nerror[E0463]: can't find crate for `std`\n  |\n  = note: the `thumbv7m-none-eabi` target may not support the standard library\n  = note: `std` is required by `scopeguard` because it does not declare `#![no_std]`\n\nerror: cannot find macro `stringify` in this scope\n   --> /Users/graysonnocera/.cargo/registry/src/index.crates.io-6f17d22bba15001f/scopeguard-1.2.0/src/lib.rs:487:24\n    |\n487 |         f.debug_struct(stringify!(ScopeGuard))\n    |                        ^^^^^^^^^\n\nerror: cannot find attribute `derive` in this scope\n   --> /Users/graysonnocera/.cargo/registry/src/index.crates.io-6f17d22bba15001f/scopeguard-1.2.0/src/lib.rs:226:3\n    |\n226 | #[derive(Debug)]\n    |   ^^^^^^\n\nerror: cannot find attribute `derive` in this scope\n   --> /Users/graysonnocera/.cargo/registry/src/index.crates.io-6f17d22bba15001f/scopeguard-1.2.0/src/lib.rs:219:3\n    |\n219 | #[derive(Debug)]\n    |   ^^^^^^\n\nerror: cannot find attribute `derive` in this scope\n   --> /Users/graysonnocera/.cargo/registry/src/index.crates.io-6f17d22bba15001f/scopeguard-1.2.0/src/lib.rs:212:3\n    |\n212 | #[derive(Debug)]\n    |   ^^^^^^\n\nerror[E0405]: cannot find trait `FnOnce` in this scope\n   --> /Users/graysonnocera/.cargo/registry/src/index.crates.io-6f17d22bba15001f/scopeguard-1.2.0/src/lib.rs:306:8\n    |\n306 |     F: FnOnce(T),\n    |        ^^^^^^ not found in this scope\n\nerror[E0405]: cannot find trait `FnOnce` in this scope\n   --> /Users/graysonnocera/.cargo/registry/src/index.crates.io-6f17d22bba15001f/scopeguard-1.2.0/src/lib.rs:317:8\n    |\n317 |     F: FnOnce(T),\n    |        ^^^^^^ not found in this scope\n\nerror[E0405]: cannot find trait `FnOnce` in this scope\n   --> /Users/graysonnocera/.cargo/registry/src/index.crates.io-6f17d22bba15001f/scopeguard-1.2.0/src/lib.rs:377:8\n    |\n377 |     F: FnOnce(T),\n    |        ^^^^^^ not found in this scope\n\nerror[E0405]: cannot find trait `FnOnce` in this scope\n   --> /Users/graysonnocera/.cargo/registry/src/index.crates.io-6f17d22bba15001f/scopeguard-1.2.0/src/lib.rs:390:8\n    |\n390 |     F: FnOnce(T),\n    |        ^^^^^^ not found in this scope\n\nerror[E0405]: cannot find trait `FnOnce` in this scope\n   --> /Users/graysonnocera/.cargo/registry/src/index.crates.io-6f17d22bba15001f/scopeguard-1.2.0/src/lib.rs:427:8\n    |\n427 |     F: FnOnce(T),\n    |        ^^^^^^ not found in this scope\n\nerror[E0405]: cannot find trait `Sync` in this scope\n   --> /Users/graysonnocera/.cargo/registry/src/index.crates.io-6f17d22bba15001f/scopeguard-1.2.0/src/lib.rs:435:22\n    |\n435 | unsafe impl<T, F, S> Sync for ScopeGuard<T, F, S>\n    |                      ^^^^ not found in this scope\n\nerror[E0405]: cannot find trait `Sync` in this scope\n   --> /Users/graysonnocera/.cargo/registry/src/index.crates.io-6f17d22bba15001f/scopeguard-1.2.0/src/lib.rs:437:8\n    |\n437 |     T: Sync,\n    |        ^^^^ not found in this scope\n\nerror[E0405]: cannot find trait `FnOnce` in this scope\n   --> /Users/graysonnocera/.cargo/registry/src/index.crates.io-6f17d22bba15001f/scopeguard-1.2.0/src/lib.rs:438:8\n    |\n438 |     F: FnOnce(T),\n    |        ^^^^^^ not found in this scope\n\nerror[E0405]: cannot find trait `FnOnce` in this scope\n   --> /Users/graysonnocera/.cargo/registry/src/index.crates.io-6f17d22bba15001f/scopeguard-1.2.0/src/lib.rs:445:8\n    |\n445 |     F: FnOnce(T),\n    |        ^^^^^^ not found in this scope\n\nerror[E0405]: cannot find trait `FnOnce` in this scope\n   --> /Users/graysonnocera/.cargo/registry/src/index.crates.io-6f17d22bba15001f/scopeguard-1.2.0/src/lib.rs:457:8\n    |\n457 |     F: FnOnce(T),\n    |        ^^^^^^ not found in this scope\n\nerror[E0405]: cannot find trait `Drop` in this scope\n   --> /Users/graysonnocera/.cargo/registry/src/index.crates.io-6f17d22bba15001f/scopeguard-1.2.0/src/lib.rs:465:15\n    |\n465 | impl<T, F, S> Drop for ScopeGuard<T, F, S>\n    |               ^^^^ not found in this scope\n\nerror[E0405]: cannot find trait `FnOnce` in this scope\n   --> /Users/graysonnocera/.cargo/registry/src/index.crates.io-6f17d22bba15001f/scopeguard-1.2.0/src/lib.rs:467:8\n    |\n467 |     F: FnOnce(T),\n    |        ^^^^^^ not found in this scope\n\nerror[E0405]: cannot find trait `FnOnce` in this scope\n   --> /Users/graysonnocera/.cargo/registry/src/index.crates.io-6f17d22bba15001f/scopeguard-1.2.0/src/lib.rs:483:8\n    |\n483 |     F: FnOnce(T),\n    |        ^^^^^^ not found in this scope\n\nSome errors have detailed explanations: E0405, E0463.\nFor more information about an error, try `rustc --explain E0405`.\nerror: could not compile `scopeguard` (lib) due to 18 previous errors\nwarning: build failed, waiting for other jobs to finish...\n",
      "stdout": ""
    },
    "features": [
      "std"
    ],
    "project": "../../../Downloads/695-Project/dataset/nostd-failed-crates/crates/ebds-0.4.1/src",
    "time_to_build": 1122,
    "time_to_solve": 426
  }
]