[
  {
    "built_with_features": null,
    "command": {
      "args": [
        "build",
        "--target",
        "thumbv7m-none-eabi",
        "--no-default-features"
      ],
      "code": 101,
      "stderr": "   Compiling num-traits v0.2.15\n   Compiling serde v1.0.152\n   Compiling phf_shared v0.9.0\n   Compiling rand_chacha v0.3.1\n   Compiling core2 v0.4.0\nerror[E0463]: can't find crate for `std`\n  |\n  = note: the `thumbv7m-none-eabi` target may not support the standard library\n  = note: `std` is required by `core2` because it does not declare `#![no_std]`\n\nerror[E0463]: can't find crate for `std`\n  |\n  = note: the `thumbv7m-none-eabi` target may not support the standard library\n  = note: `std` is required by `phf_shared` because it does not declare `#![no_std]`\n\nerror[E0463]: can't find crate for `std`\n  --> /Users/graysonnocera/.cargo/registry/src/index.crates.io-6f17d22bba15001f/core2-0.4.0/src/lib.rs:11:9\n   |\n11 | pub use std::error as error;\n   |         ^^^ can't find crate\n   |\n   = note: the `thumbv7m-none-eabi` target may not support the standard library\n\nerror[E0463]: can't find crate for `std`\n --> /Users/graysonnocera/.cargo/registry/src/index.crates.io-6f17d22bba15001f/phf_shared-0.9.0/src/lib.rs:5:1\n  |\n5 | extern crate std as core;\n  | ^^^^^^^^^^^^^^^^^^^^^^^^^ can't find crate\n  |\n  = note: the `thumbv7m-none-eabi` target may not support the standard library\n\nerror[E0463]: can't find crate for `std`\n  --> /Users/graysonnocera/.cargo/registry/src/index.crates.io-6f17d22bba15001f/core2-0.4.0/src/lib.rs:17:9\n   |\n17 | pub use std::io as io;\n   |         ^^^ can't find crate\n   |\n   = note: the `thumbv7m-none-eabi` target may not support the standard library\n\nFor more information about this error, try `rustc --explain E0463`.\nerror: could not compile `core2` (lib) due to 3 previous errors\nwarning: build failed, waiting for other jobs to finish...\nerror[E0463]: can't find crate for `std`\n  --> /Users/graysonnocera/.cargo/registry/src/index.crates.io-6f17d22bba15001f/num-traits-0.2.15/src/lib.rs:21:1\n   |\n21 | extern crate std;\n   | ^^^^^^^^^^^^^^^^^ can't find crate\n   |\n   = note: the `thumbv7m-none-eabi` target may not support the standard library\n\nerror: cannot find macro `write` in this scope\n   --> /Users/graysonnocera/.cargo/registry/src/index.crates.io-6f17d22bba15001f/phf_shared-0.9.0/src/lib.rs:364:5\n    |\n364 |     write!(f, \"{:?}\", array)\n    |     ^^^^^\n    |\nhelp: consider importing this macro\n    |\n7   + use core::write;\n    |\n\nerror: cannot find macro `write` in this scope\n   --> /Users/graysonnocera/.cargo/registry/src/index.crates.io-6f17d22bba15001f/phf_shared-0.9.0/src/lib.rs:258:9\n    |\n258 |         write!(f, \"&{:?}\", self)\n    |         ^^^^^\n    |\nhelp: consider importing this macro\n    |\n7   + use core::write;\n    |\n\nerror: cannot find macro `write` in this scope\n   --> /Users/graysonnocera/.cargo/registry/src/index.crates.io-6f17d22bba15001f/phf_shared-0.9.0/src/lib.rs:135:17\n    |\n135 |                 write!(f, \"{:?}\", self)\n    |                 ^^^^^\n...\n198 | delegate_debug!(String);\n    | ----------------------- in this macro invocation\n    |\n    = note: this error originates in the macro `delegate_debug` (in Nightly builds, run with -Z macro-backtrace for more info)\nhelp: consider importing this macro\n    |\n7   + use core::write;\n    |\n\nerror: cannot find macro `write` in this scope\n   --> /Users/graysonnocera/.cargo/registry/src/index.crates.io-6f17d22bba15001f/phf_shared-0.9.0/src/lib.rs:135:17\n    |\n135 |                 write!(f, \"{:?}\", self)\n    |                 ^^^^^\n...\n153 | delegate_debug!(bool);\n    | --------------------- in this macro invocation\n    |\n    = note: this error originates in the macro `delegate_debug` (in Nightly builds, run with -Z macro-backtrace for more info)\nhelp: consider importing this macro\n    |\n7   + use core::write;\n    |\n\nerror: cannot find macro `write` in this scope\n   --> /Users/graysonnocera/.cargo/registry/src/index.crates.io-6f17d22bba15001f/phf_shared-0.9.0/src/lib.rs:135:17\n    |\n135 |                 write!(f, \"{:?}\", self)\n    |                 ^^^^^\n...\n152 | delegate_debug!(i128);\n    | --------------------- in this macro invocation\n    |\n    = note: this error originates in the macro `delegate_debug` (in Nightly builds, run with -Z macro-backtrace for more info)\nhelp: consider importing this macro\n    |\n7   + use core::write;\n    |\n\nerror: cannot find macro `write` in this scope\n   --> /Users/graysonnocera/.cargo/registry/src/index.crates.io-6f17d22bba15001f/phf_shared-0.9.0/src/lib.rs:135:17\n    |\n135 |                 write!(f, \"{:?}\", self)\n    |                 ^^^^^\n...\n151 | delegate_debug!(u128);\n    | --------------------- in this macro invocation\n    |\n    = note: this error originates in the macro `delegate_debug` (in Nightly builds, run with -Z macro-backtrace for more info)\nhelp: consider importing this macro\n    |\n7   + use core::write;\n    |\n\nerror: cannot find macro `write` in this scope\n   --> /Users/graysonnocera/.cargo/registry/src/index.crates.io-6f17d22bba15001f/phf_shared-0.9.0/src/lib.rs:135:17\n    |\n135 |                 write!(f, \"{:?}\", self)\n    |                 ^^^^^\n...\n150 | delegate_debug!(i64);\n    | -------------------- in this macro invocation\n    |\n    = note: this error originates in the macro `delegate_debug` (in Nightly builds, run with -Z macro-backtrace for more info)\nhelp: consider importing this macro\n    |\n7   + use core::write;\n    |\n\nerror: cannot find macro `write` in this scope\n   --> /Users/graysonnocera/.cargo/registry/src/index.crates.io-6f17d22bba15001f/phf_shared-0.9.0/src/lib.rs:135:17\n    |\n135 |                 write!(f, \"{:?}\", self)\n    |                 ^^^^^\n...\n149 | delegate_debug!(u64);\n    | -------------------- in this macro invocation\n    |\n    = note: this error originates in the macro `delegate_debug` (in Nightly builds, run with -Z macro-backtrace for more info)\nhelp: consider importing this macro\n    |\n7   + use core::write;\n    |\n\nerror: cannot find macro `write` in this scope\n   --> /Users/graysonnocera/.cargo/registry/src/index.crates.io-6f17d22bba15001f/phf_shared-0.9.0/src/lib.rs:135:17\n    |\n135 |                 write!(f, \"{:?}\", self)\n    |                 ^^^^^\n...\n148 | delegate_debug!(i32);\n    | -------------------- in this macro invocation\n    |\n    = note: this error originates in the macro `delegate_debug` (in Nightly builds, run with -Z macro-backtrace for more info)\nhelp: consider importing this macro\n    |\n7   + use core::write;\n    |\n\nerror: cannot find macro `write` in this scope\n   --> /Users/graysonnocera/.cargo/registry/src/index.crates.io-6f17d22bba15001f/phf_shared-0.9.0/src/lib.rs:135:17\n    |\n135 |                 write!(f, \"{:?}\", self)\n    |                 ^^^^^\n...\n147 | delegate_debug!(u32);\n    | -------------------- in this macro invocation\n    |\n    = note: this error originates in the macro `delegate_debug` (in Nightly builds, run with -Z macro-backtrace for more info)\nhelp: consider importing this macro\n    |\n7   + use core::write;\n    |\n\nerror: cannot find macro `write` in this scope\n   --> /Users/graysonnocera/.cargo/registry/src/index.crates.io-6f17d22bba15001f/phf_shared-0.9.0/src/lib.rs:135:17\n    |\n135 |                 write!(f, \"{:?}\", self)\n    |                 ^^^^^\n...\n146 | delegate_debug!(i16);\n    | -------------------- in this macro invocation\n    |\n    = note: this error originates in the macro `delegate_debug` (in Nightly builds, run with -Z macro-backtrace for more info)\nhelp: consider importing this macro\n    |\n7   + use core::write;\n    |\n\nerror: cannot find macro `write` in this scope\n   --> /Users/graysonnocera/.cargo/registry/src/index.crates.io-6f17d22bba15001f/phf_shared-0.9.0/src/lib.rs:135:17\n    |\n135 |                 write!(f, \"{:?}\", self)\n    |                 ^^^^^\n...\n145 | delegate_debug!(u16);\n    | -------------------- in this macro invocation\n    |\n    = note: this error originates in the macro `delegate_debug` (in Nightly builds, run with -Z macro-backtrace for more info)\nhelp: consider importing this macro\n    |\n7   + use core::write;\n    |\n\nerror: cannot find macro `write` in this scope\n   --> /Users/graysonnocera/.cargo/registry/src/index.crates.io-6f17d22bba15001f/phf_shared-0.9.0/src/lib.rs:135:17\n    |\n135 |                 write!(f, \"{:?}\", self)\n    |                 ^^^^^\n...\n144 | delegate_debug!(i8);\n    | ------------------- in this macro invocation\n    |\n    = note: this error originates in the macro `delegate_debug` (in Nightly builds, run with -Z macro-backtrace for more info)\nhelp: consider importing this macro\n    |\n7   + use core::write;\n    |\n\nerror: cannot find macro `write` in this scope\n   --> /Users/graysonnocera/.cargo/registry/src/index.crates.io-6f17d22bba15001f/phf_shared-0.9.0/src/lib.rs:135:17\n    |\n135 |                 write!(f, \"{:?}\", self)\n    |                 ^^^^^\n...\n143 | delegate_debug!(u8);\n    | ------------------- in this macro invocation\n    |\n    = note: this error originates in the macro `delegate_debug` (in Nightly builds, run with -Z macro-backtrace for more info)\nhelp: consider importing this macro\n    |\n7   + use core::write;\n    |\n\nerror: cannot find macro `write` in this scope\n   --> /Users/graysonnocera/.cargo/registry/src/index.crates.io-6f17d22bba15001f/phf_shared-0.9.0/src/lib.rs:135:17\n    |\n135 |                 write!(f, \"{:?}\", self)\n    |                 ^^^^^\n...\n142 | delegate_debug!(char);\n    | --------------------- in this macro invocation\n    |\n    = note: this error originates in the macro `delegate_debug` (in Nightly builds, run with -Z macro-backtrace for more info)\nhelp: consider importing this macro\n    |\n7   + use core::write;\n    |\n\nerror: cannot find macro `write` in this scope\n   --> /Users/graysonnocera/.cargo/registry/src/index.crates.io-6f17d22bba15001f/phf_shared-0.9.0/src/lib.rs:135:17\n    |\n135 |                 write!(f, \"{:?}\", self)\n    |                 ^^^^^\n...\n141 | delegate_debug!(str);\n    | -------------------- in this macro invocation\n    |\n    = note: this error originates in the macro `delegate_debug` (in Nightly builds, run with -Z macro-backtrace for more info)\nhelp: consider importing this macro\n    |\n7   + use core::write;\n    |\n\nerror[E0405]: cannot find trait `Sized` in this scope\n  --> /Users/graysonnocera/.cargo/registry/src/index.crates.io-6f17d22bba15001f/phf_shared-0.9.0/src/lib.rs:31:17\n   |\n31 | pub fn hash<T: ?Sized + PhfHash>(x: &T, key: &HashKey) -> Hashes {\n   |                 ^^^^^ not found in this scope\n   |\nhelp: consider importing this trait\n   |\n7  + use core::marker::Sized;\n   |\n\nerror[E0405]: cannot find trait `Sized` in this scope\n  --> /Users/graysonnocera/.cargo/registry/src/index.crates.io-6f17d22bba15001f/phf_shared-0.9.0/src/lib.rs:70:15\n   |\n70 |         Self: Sized,\n   |               ^^^^^ not found in this scope\n   |\nhelp: consider importing this trait\n   |\n7  + use core::marker::Sized;\n   |\n\nerror[E0405]: cannot find trait `Sized` in this scope\n   --> /Users/graysonnocera/.cargo/registry/src/index.crates.io-6f17d22bba15001f/phf_shared-0.9.0/src/lib.rs:122:25\n    |\n122 | pub trait PhfBorrow<B: ?Sized> {\n    |                         ^^^^^ not found in this scope\n    |\nhelp: consider importing this trait\n    |\n7   + use core::marker::Sized;\n    |\n\nerror[E0412]: cannot find type `String` in this scope\n   --> /Users/graysonnocera/.cargo/registry/src/index.crates.io-6f17d22bba15001f/phf_shared-0.9.0/src/lib.rs:184:25\n    |\n184 | impl PhfBorrow<str> for String {\n    |                         ^^^^^^ not found in this scope\n\nerror[E0412]: cannot find type `Vec` in this scope\n   --> /Users/graysonnocera/.cargo/registry/src/index.crates.io-6f17d22bba15001f/phf_shared-0.9.0/src/lib.rs:191:26\n    |\n191 | impl PhfBorrow<[u8]> for Vec<u8> {\n    |                          ^^^ not found in this scope\n\nerror[E0412]: cannot find type `String` in this scope\n   --> /Users/graysonnocera/.cargo/registry/src/index.crates.io-6f17d22bba15001f/phf_shared-0.9.0/src/lib.rs:198:17\n    |\n198 | delegate_debug!(String);\n    |                 ^^^^^^ not found in this scope\n\nerror[E0412]: cannot find type `String` in this scope\n   --> /Users/graysonnocera/.cargo/registry/src/index.crates.io-6f17d22bba15001f/phf_shared-0.9.0/src/lib.rs:201:18\n    |\n201 | impl PhfHash for String {\n    |                  ^^^^^^ not found in this scope\n\nerror[E0412]: cannot find type `Vec` in this scope\n   --> /Users/graysonnocera/.cargo/registry/src/index.crates.io-6f17d22bba15001f/phf_shared-0.9.0/src/lib.rs:209:18\n    |\n209 | impl PhfHash for Vec<u8> {\n    |                  ^^^ not found in this scope\n\nerror[E0405]: cannot find trait `Sized` in this scope\n   --> /Users/graysonnocera/.cargo/registry/src/index.crates.io-6f17d22bba15001f/phf_shared-0.9.0/src/lib.rs:216:29\n    |\n216 | impl<'a, T: 'a + PhfHash + ?Sized> PhfHash for &'a T {\n    |                             ^^^^^ not found in this scope\n    |\nhelp: consider importing this trait\n    |\n7   + use core::marker::Sized;\n    |\n\nerror[E0405]: cannot find trait `Sized` in this scope\n   --> /Users/graysonnocera/.cargo/registry/src/index.crates.io-6f17d22bba15001f/phf_shared-0.9.0/src/lib.rs:222:30\n    |\n222 | impl<'a, T: 'a + FmtConst + ?Sized> FmtConst for &'a T {\n    |                              ^^^^^ not found in this scope\n    |\nhelp: consider importing this trait\n    |\n7   + use core::marker::Sized;\n    |\n\nSome errors have detailed explanations: E0405, E0412, E0463.\nFor more information about an error, try `rustc --explain E0405`.\nerror: could not compile `phf_shared` (lib) due to 28 previous errors\nerror[E0034]: multiple applicable items in scope\n    --> /Users/graysonnocera/.cargo/registry/src/index.crates.io-6f17d22bba15001f/num-traits-0.2.15/src/float.rs:816:15\n     |\n816  |         Self::floor(self) -> Self;\n     |               ^^^^^ multiple `floor` found\n     |\nnote: candidate #1 is defined in an impl of the trait `Float` for the type `f32`\n    --> /Users/graysonnocera/.cargo/registry/src/index.crates.io-6f17d22bba15001f/num-traits-0.2.15/src/macros.rs:9:13\n     |\n9    |             fn $method(self $( , $arg : $ty )* ) -> $ret {\n     |             ^^^^^^^^^^^^^^^^^^^^^^^^^^^^^^^^^^^^^^^^^^^^\n     |\n    ::: /Users/graysonnocera/.cargo/registry/src/index.crates.io-6f17d22bba15001f/num-traits-0.2.15/src/float.rs:2060:1\n     |\n2060 | float_impl_std!(f32 integer_decode_f32);\n     | --------------------------------------- in this macro invocation\nnote: candidate #2 is defined in an impl of the trait `FloatCore` for the type `f32`\n    --> /Users/graysonnocera/.cargo/registry/src/index.crates.io-6f17d22bba15001f/num-traits-0.2.15/src/macros.rs:9:13\n     |\n9    |               fn $method(self $( , $arg : $ty )* ) -> $ret {\n     |               ^^^^^^^^^^^^^^^^^^^^^^^^^^^^^^^^^^^^^^^^^^^^\n     |\n    ::: /Users/graysonnocera/.cargo/registry/src/index.crates.io-6f17d22bba15001f/num-traits-0.2.15/src/float.rs:810:5\n     |\n810  | /     forward! {\n811  | |         Self::is_nan(self) -> bool;\n812  | |         Self::is_infinite(self) -> bool;\n813  | |         Self::is_finite(self) -> bool;\n...    |\n830  | |         Self::to_radians(self) -> Self;\n831  | |     }\n     | |_____- in this macro invocation\n     = note: this error originates in the macro `forward` (in Nightly builds, run with -Z macro-backtrace for more info)\n\nerror[E0034]: multiple applicable items in scope\n    --> /Users/graysonnocera/.cargo/registry/src/index.crates.io-6f17d22bba15001f/num-traits-0.2.15/src/float.rs:817:15\n     |\n817  |         Self::ceil(self) -> Self;\n     |               ^^^^ multiple `ceil` found\n     |\nnote: candidate #1 is defined in an impl of the trait `Float` for the type `f32`\n    --> /Users/graysonnocera/.cargo/registry/src/index.crates.io-6f17d22bba15001f/num-traits-0.2.15/src/macros.rs:9:13\n     |\n9    |             fn $method(self $( , $arg : $ty )* ) -> $ret {\n     |             ^^^^^^^^^^^^^^^^^^^^^^^^^^^^^^^^^^^^^^^^^^^^\n     |\n    ::: /Users/graysonnocera/.cargo/registry/src/index.crates.io-6f17d22bba15001f/num-traits-0.2.15/src/float.rs:2060:1\n     |\n2060 | float_impl_std!(f32 integer_decode_f32);\n     | --------------------------------------- in this macro invocation\nnote: candidate #2 is defined in an impl of the trait `FloatCore` for the type `f32`\n    --> /Users/graysonnocera/.cargo/registry/src/index.crates.io-6f17d22bba15001f/num-traits-0.2.15/src/macros.rs:9:13\n     |\n9    |               fn $method(self $( , $arg : $ty )* ) -> $ret {\n     |               ^^^^^^^^^^^^^^^^^^^^^^^^^^^^^^^^^^^^^^^^^^^^\n     |\n    ::: /Users/graysonnocera/.cargo/registry/src/index.crates.io-6f17d22bba15001f/num-traits-0.2.15/src/float.rs:810:5\n     |\n810  | /     forward! {\n811  | |         Self::is_nan(self) -> bool;\n812  | |         Self::is_infinite(self) -> bool;\n813  | |         Self::is_finite(self) -> bool;\n...    |\n830  | |         Self::to_radians(self) -> Self;\n831  | |     }\n     | |_____- in this macro invocation\n     = note: this error originates in the macro `forward` (in Nightly builds, run with -Z macro-backtrace for more info)\n\nerror[E0034]: multiple applicable items in scope\n    --> /Users/graysonnocera/.cargo/registry/src/index.crates.io-6f17d22bba15001f/num-traits-0.2.15/src/float.rs:818:15\n     |\n818  |         Self::round(self) -> Self;\n     |               ^^^^^ multiple `round` found\n     |\nnote: candidate #1 is defined in an impl of the trait `Float` for the type `f32`\n    --> /Users/graysonnocera/.cargo/registry/src/index.crates.io-6f17d22bba15001f/num-traits-0.2.15/src/macros.rs:9:13\n     |\n9    |             fn $method(self $( , $arg : $ty )* ) -> $ret {\n     |             ^^^^^^^^^^^^^^^^^^^^^^^^^^^^^^^^^^^^^^^^^^^^\n     |\n    ::: /Users/graysonnocera/.cargo/registry/src/index.crates.io-6f17d22bba15001f/num-traits-0.2.15/src/float.rs:2060:1\n     |\n2060 | float_impl_std!(f32 integer_decode_f32);\n     | --------------------------------------- in this macro invocation\nnote: candidate #2 is defined in an impl of the trait `FloatCore` for the type `f32`\n    --> /Users/graysonnocera/.cargo/registry/src/index.crates.io-6f17d22bba15001f/num-traits-0.2.15/src/macros.rs:9:13\n     |\n9    |               fn $method(self $( , $arg : $ty )* ) -> $ret {\n     |               ^^^^^^^^^^^^^^^^^^^^^^^^^^^^^^^^^^^^^^^^^^^^\n     |\n    ::: /Users/graysonnocera/.cargo/registry/src/index.crates.io-6f17d22bba15001f/num-traits-0.2.15/src/float.rs:810:5\n     |\n810  | /     forward! {\n811  | |         Self::is_nan(self) -> bool;\n812  | |         Self::is_infinite(self) -> bool;\n813  | |         Self::is_finite(self) -> bool;\n...    |\n830  | |         Self::to_radians(self) -> Self;\n831  | |     }\n     | |_____- in this macro invocation\n     = note: this error originates in the macro `forward` (in Nightly builds, run with -Z macro-backtrace for more info)\n\nerror[E0034]: multiple applicable items in scope\n    --> /Users/graysonnocera/.cargo/registry/src/index.crates.io-6f17d22bba15001f/num-traits-0.2.15/src/float.rs:819:15\n     |\n819  |         Self::trunc(self) -> Self;\n     |               ^^^^^ multiple `trunc` found\n     |\nnote: candidate #1 is defined in an impl of the trait `Float` for the type `f32`\n    --> /Users/graysonnocera/.cargo/registry/src/index.crates.io-6f17d22bba15001f/num-traits-0.2.15/src/macros.rs:9:13\n     |\n9    |             fn $method(self $( , $arg : $ty )* ) -> $ret {\n     |             ^^^^^^^^^^^^^^^^^^^^^^^^^^^^^^^^^^^^^^^^^^^^\n     |\n    ::: /Users/graysonnocera/.cargo/registry/src/index.crates.io-6f17d22bba15001f/num-traits-0.2.15/src/float.rs:2060:1\n     |\n2060 | float_impl_std!(f32 integer_decode_f32);\n     | --------------------------------------- in this macro invocation\nnote: candidate #2 is defined in an impl of the trait `FloatCore` for the type `f32`\n    --> /Users/graysonnocera/.cargo/registry/src/index.crates.io-6f17d22bba15001f/num-traits-0.2.15/src/macros.rs:9:13\n     |\n9    |               fn $method(self $( , $arg : $ty )* ) -> $ret {\n     |               ^^^^^^^^^^^^^^^^^^^^^^^^^^^^^^^^^^^^^^^^^^^^\n     |\n    ::: /Users/graysonnocera/.cargo/registry/src/index.crates.io-6f17d22bba15001f/num-traits-0.2.15/src/float.rs:810:5\n     |\n810  | /     forward! {\n811  | |         Self::is_nan(self) -> bool;\n812  | |         Self::is_infinite(self) -> bool;\n813  | |         Self::is_finite(self) -> bool;\n...    |\n830  | |         Self::to_radians(self) -> Self;\n831  | |     }\n     | |_____- in this macro invocation\n     = note: this error originates in the macro `forward` (in Nightly builds, run with -Z macro-backtrace for more info)\n\nerror[E0034]: multiple applicable items in scope\n    --> /Users/graysonnocera/.cargo/registry/src/index.crates.io-6f17d22bba15001f/num-traits-0.2.15/src/float.rs:820:15\n     |\n820  |         Self::fract(self) -> Self;\n     |               ^^^^^ multiple `fract` found\n     |\nnote: candidate #1 is defined in an impl of the trait `Float` for the type `f32`\n    --> /Users/graysonnocera/.cargo/registry/src/index.crates.io-6f17d22bba15001f/num-traits-0.2.15/src/macros.rs:9:13\n     |\n9    |             fn $method(self $( , $arg : $ty )* ) -> $ret {\n     |             ^^^^^^^^^^^^^^^^^^^^^^^^^^^^^^^^^^^^^^^^^^^^\n     |\n    ::: /Users/graysonnocera/.cargo/registry/src/index.crates.io-6f17d22bba15001f/num-traits-0.2.15/src/float.rs:2060:1\n     |\n2060 | float_impl_std!(f32 integer_decode_f32);\n     | --------------------------------------- in this macro invocation\nnote: candidate #2 is defined in an impl of the trait `FloatCore` for the type `f32`\n    --> /Users/graysonnocera/.cargo/registry/src/index.crates.io-6f17d22bba15001f/num-traits-0.2.15/src/macros.rs:9:13\n     |\n9    |               fn $method(self $( , $arg : $ty )* ) -> $ret {\n     |               ^^^^^^^^^^^^^^^^^^^^^^^^^^^^^^^^^^^^^^^^^^^^\n     |\n    ::: /Users/graysonnocera/.cargo/registry/src/index.crates.io-6f17d22bba15001f/num-traits-0.2.15/src/float.rs:810:5\n     |\n810  | /     forward! {\n811  | |         Self::is_nan(self) -> bool;\n812  | |         Self::is_infinite(self) -> bool;\n813  | |         Self::is_finite(self) -> bool;\n...    |\n830  | |         Self::to_radians(self) -> Self;\n831  | |     }\n     | |_____- in this macro invocation\n     = note: this error originates in the macro `forward` (in Nightly builds, run with -Z macro-backtrace for more info)\n\nerror[E0034]: multiple applicable items in scope\n    --> /Users/graysonnocera/.cargo/registry/src/index.crates.io-6f17d22bba15001f/num-traits-0.2.15/src/float.rs:821:15\n     |\n821  |         Self::abs(self) -> Self;\n     |               ^^^ multiple `abs` found\n     |\nnote: candidate #1 is defined in an impl of the trait `Float` for the type `f32`\n    --> /Users/graysonnocera/.cargo/registry/src/index.crates.io-6f17d22bba15001f/num-traits-0.2.15/src/macros.rs:9:13\n     |\n9    |             fn $method(self $( , $arg : $ty )* ) -> $ret {\n     |             ^^^^^^^^^^^^^^^^^^^^^^^^^^^^^^^^^^^^^^^^^^^^\n     |\n    ::: /Users/graysonnocera/.cargo/registry/src/index.crates.io-6f17d22bba15001f/num-traits-0.2.15/src/float.rs:2060:1\n     |\n2060 | float_impl_std!(f32 integer_decode_f32);\n     | --------------------------------------- in this macro invocation\nnote: candidate #2 is defined in an impl of the trait `FloatCore` for the type `f32`\n    --> /Users/graysonnocera/.cargo/registry/src/index.crates.io-6f17d22bba15001f/num-traits-0.2.15/src/macros.rs:9:13\n     |\n9    |               fn $method(self $( , $arg : $ty )* ) -> $ret {\n     |               ^^^^^^^^^^^^^^^^^^^^^^^^^^^^^^^^^^^^^^^^^^^^\n     |\n    ::: /Users/graysonnocera/.cargo/registry/src/index.crates.io-6f17d22bba15001f/num-traits-0.2.15/src/float.rs:810:5\n     |\n810  | /     forward! {\n811  | |         Self::is_nan(self) -> bool;\n812  | |         Self::is_infinite(self) -> bool;\n813  | |         Self::is_finite(self) -> bool;\n...    |\n830  | |         Self::to_radians(self) -> Self;\n831  | |     }\n     | |_____- in this macro invocation\n     = note: this error originates in the macro `forward` (in Nightly builds, run with -Z macro-backtrace for more info)\n\nerror[E0034]: multiple applicable items in scope\n    --> /Users/graysonnocera/.cargo/registry/src/index.crates.io-6f17d22bba15001f/num-traits-0.2.15/src/float.rs:822:15\n     |\n822  |         Self::signum(self) -> Self;\n     |               ^^^^^^ multiple `signum` found\n     |\nnote: candidate #1 is defined in an impl of the trait `Float` for the type `f32`\n    --> /Users/graysonnocera/.cargo/registry/src/index.crates.io-6f17d22bba15001f/num-traits-0.2.15/src/macros.rs:9:13\n     |\n9    |             fn $method(self $( , $arg : $ty )* ) -> $ret {\n     |             ^^^^^^^^^^^^^^^^^^^^^^^^^^^^^^^^^^^^^^^^^^^^\n     |\n    ::: /Users/graysonnocera/.cargo/registry/src/index.crates.io-6f17d22bba15001f/num-traits-0.2.15/src/float.rs:2060:1\n     |\n2060 | float_impl_std!(f32 integer_decode_f32);\n     | --------------------------------------- in this macro invocation\nnote: candidate #2 is defined in an impl of the trait `FloatCore` for the type `f32`\n    --> /Users/graysonnocera/.cargo/registry/src/index.crates.io-6f17d22bba15001f/num-traits-0.2.15/src/macros.rs:9:13\n     |\n9    |               fn $method(self $( , $arg : $ty )* ) -> $ret {\n     |               ^^^^^^^^^^^^^^^^^^^^^^^^^^^^^^^^^^^^^^^^^^^^\n     |\n    ::: /Users/graysonnocera/.cargo/registry/src/index.crates.io-6f17d22bba15001f/num-traits-0.2.15/src/float.rs:810:5\n     |\n810  | /     forward! {\n811  | |         Self::is_nan(self) -> bool;\n812  | |         Self::is_infinite(self) -> bool;\n813  | |         Self::is_finite(self) -> bool;\n...    |\n830  | |         Self::to_radians(self) -> Self;\n831  | |     }\n     | |_____- in this macro invocation\n     = note: this error originates in the macro `forward` (in Nightly builds, run with -Z macro-backtrace for more info)\n\nerror[E0034]: multiple applicable items in scope\n    --> /Users/graysonnocera/.cargo/registry/src/index.crates.io-6f17d22bba15001f/num-traits-0.2.15/src/float.rs:828:15\n     |\n828  |         Self::powi(self, n: i32) -> Self;\n     |               ^^^^ multiple `powi` found\n     |\nnote: candidate #1 is defined in an impl of the trait `Float` for the type `f32`\n    --> /Users/graysonnocera/.cargo/registry/src/index.crates.io-6f17d22bba15001f/num-traits-0.2.15/src/macros.rs:9:13\n     |\n9    |             fn $method(self $( , $arg : $ty )* ) -> $ret {\n     |             ^^^^^^^^^^^^^^^^^^^^^^^^^^^^^^^^^^^^^^^^^^^^\n     |\n    ::: /Users/graysonnocera/.cargo/registry/src/index.crates.io-6f17d22bba15001f/num-traits-0.2.15/src/float.rs:2060:1\n     |\n2060 | float_impl_std!(f32 integer_decode_f32);\n     | --------------------------------------- in this macro invocation\nnote: candidate #2 is defined in an impl of the trait `FloatCore` for the type `f32`\n    --> /Users/graysonnocera/.cargo/registry/src/index.crates.io-6f17d22bba15001f/num-traits-0.2.15/src/macros.rs:9:13\n     |\n9    |               fn $method(self $( , $arg : $ty )* ) -> $ret {\n     |               ^^^^^^^^^^^^^^^^^^^^^^^^^^^^^^^^^^^^^^^^^^^^\n     |\n    ::: /Users/graysonnocera/.cargo/registry/src/index.crates.io-6f17d22bba15001f/num-traits-0.2.15/src/float.rs:810:5\n     |\n810  | /     forward! {\n811  | |         Self::is_nan(self) -> bool;\n812  | |         Self::is_infinite(self) -> bool;\n813  | |         Self::is_finite(self) -> bool;\n...    |\n830  | |         Self::to_radians(self) -> Self;\n831  | |     }\n     | |_____- in this macro invocation\n     = note: this error originates in the macro `forward` (in Nightly builds, run with -Z macro-backtrace for more info)\n\nerror[E0034]: multiple applicable items in scope\n    --> /Users/graysonnocera/.cargo/registry/src/index.crates.io-6f17d22bba15001f/num-traits-0.2.15/src/float.rs:919:15\n     |\n919  |         Self::floor(self) -> Self;\n     |               ^^^^^ multiple `floor` found\n     |\nnote: candidate #1 is defined in an impl of the trait `Float` for the type `f64`\n    --> /Users/graysonnocera/.cargo/registry/src/index.crates.io-6f17d22bba15001f/num-traits-0.2.15/src/macros.rs:9:13\n     |\n9    |             fn $method(self $( , $arg : $ty )* ) -> $ret {\n     |             ^^^^^^^^^^^^^^^^^^^^^^^^^^^^^^^^^^^^^^^^^^^^\n     |\n    ::: /Users/graysonnocera/.cargo/registry/src/index.crates.io-6f17d22bba15001f/num-traits-0.2.15/src/float.rs:2062:1\n     |\n2062 | float_impl_std!(f64 integer_decode_f64);\n     | --------------------------------------- in this macro invocation\nnote: candidate #2 is defined in an impl of the trait `FloatCore` for the type `f64`\n    --> /Users/graysonnocera/.cargo/registry/src/index.crates.io-6f17d22bba15001f/num-traits-0.2.15/src/macros.rs:9:13\n     |\n9    |               fn $method(self $( , $arg : $ty )* ) -> $ret {\n     |               ^^^^^^^^^^^^^^^^^^^^^^^^^^^^^^^^^^^^^^^^^^^^\n     |\n    ::: /Users/graysonnocera/.cargo/registry/src/index.crates.io-6f17d22bba15001f/num-traits-0.2.15/src/float.rs:913:5\n     |\n913  | /     forward! {\n914  | |         Self::is_nan(self) -> bool;\n915  | |         Self::is_infinite(self) -> bool;\n916  | |         Self::is_finite(self) -> bool;\n...    |\n933  | |         Self::to_radians(self) -> Self;\n934  | |     }\n     | |_____- in this macro invocation\n     = note: this error originates in the macro `forward` (in Nightly builds, run with -Z macro-backtrace for more info)\n\nerror[E0034]: multiple applicable items in scope\n    --> /Users/graysonnocera/.cargo/registry/src/index.crates.io-6f17d22bba15001f/num-traits-0.2.15/src/float.rs:920:15\n     |\n920  |         Self::ceil(self) -> Self;\n     |               ^^^^ multiple `ceil` found\n     |\nnote: candidate #1 is defined in an impl of the trait `Float` for the type `f64`\n    --> /Users/graysonnocera/.cargo/registry/src/index.crates.io-6f17d22bba15001f/num-traits-0.2.15/src/macros.rs:9:13\n     |\n9    |             fn $method(self $( , $arg : $ty )* ) -> $ret {\n     |             ^^^^^^^^^^^^^^^^^^^^^^^^^^^^^^^^^^^^^^^^^^^^\n     |\n    ::: /Users/graysonnocera/.cargo/registry/src/index.crates.io-6f17d22bba15001f/num-traits-0.2.15/src/float.rs:2062:1\n     |\n2062 | float_impl_std!(f64 integer_decode_f64);\n     | --------------------------------------- in this macro invocation\nnote: candidate #2 is defined in an impl of the trait `FloatCore` for the type `f64`\n    --> /Users/graysonnocera/.cargo/registry/src/index.crates.io-6f17d22bba15001f/num-traits-0.2.15/src/macros.rs:9:13\n     |\n9    |               fn $method(self $( , $arg : $ty )* ) -> $ret {\n     |               ^^^^^^^^^^^^^^^^^^^^^^^^^^^^^^^^^^^^^^^^^^^^\n     |\n    ::: /Users/graysonnocera/.cargo/registry/src/index.crates.io-6f17d22bba15001f/num-traits-0.2.15/src/float.rs:913:5\n     |\n913  | /     forward! {\n914  | |         Self::is_nan(self) -> bool;\n915  | |         Self::is_infinite(self) -> bool;\n916  | |         Self::is_finite(self) -> bool;\n...    |\n933  | |         Self::to_radians(self) -> Self;\n934  | |     }\n     | |_____- in this macro invocation\n     = note: this error originates in the macro `forward` (in Nightly builds, run with -Z macro-backtrace for more info)\n\nerror[E0034]: multiple applicable items in scope\n    --> /Users/graysonnocera/.cargo/registry/src/index.crates.io-6f17d22bba15001f/num-traits-0.2.15/src/float.rs:921:15\n     |\n921  |         Self::round(self) -> Self;\n     |               ^^^^^ multiple `round` found\n     |\nnote: candidate #1 is defined in an impl of the trait `Float` for the type `f64`\n    --> /Users/graysonnocera/.cargo/registry/src/index.crates.io-6f17d22bba15001f/num-traits-0.2.15/src/macros.rs:9:13\n     |\n9    |             fn $method(self $( , $arg : $ty )* ) -> $ret {\n     |             ^^^^^^^^^^^^^^^^^^^^^^^^^^^^^^^^^^^^^^^^^^^^\n     |\n    ::: /Users/graysonnocera/.cargo/registry/src/index.crates.io-6f17d22bba15001f/num-traits-0.2.15/src/float.rs:2062:1\n     |\n2062 | float_impl_std!(f64 integer_decode_f64);\n     | --------------------------------------- in this macro invocation\nnote: candidate #2 is defined in an impl of the trait `FloatCore` for the type `f64`\n    --> /Users/graysonnocera/.cargo/registry/src/index.crates.io-6f17d22bba15001f/num-traits-0.2.15/src/macros.rs:9:13\n     |\n9    |               fn $method(self $( , $arg : $ty )* ) -> $ret {\n     |               ^^^^^^^^^^^^^^^^^^^^^^^^^^^^^^^^^^^^^^^^^^^^\n     |\n    ::: /Users/graysonnocera/.cargo/registry/src/index.crates.io-6f17d22bba15001f/num-traits-0.2.15/src/float.rs:913:5\n     |\n913  | /     forward! {\n914  | |         Self::is_nan(self) -> bool;\n915  | |         Self::is_infinite(self) -> bool;\n916  | |         Self::is_finite(self) -> bool;\n...    |\n933  | |         Self::to_radians(self) -> Self;\n934  | |     }\n     | |_____- in this macro invocation\n     = note: this error originates in the macro `forward` (in Nightly builds, run with -Z macro-backtrace for more info)\n\nerror[E0034]: multiple applicable items in scope\n    --> /Users/graysonnocera/.cargo/registry/src/index.crates.io-6f17d22bba15001f/num-traits-0.2.15/src/float.rs:922:15\n     |\n922  |         Self::trunc(self) -> Self;\n     |               ^^^^^ multiple `trunc` found\n     |\nnote: candidate #1 is defined in an impl of the trait `Float` for the type `f64`\n    --> /Users/graysonnocera/.cargo/registry/src/index.crates.io-6f17d22bba15001f/num-traits-0.2.15/src/macros.rs:9:13\n     |\n9    |             fn $method(self $( , $arg : $ty )* ) -> $ret {\n     |             ^^^^^^^^^^^^^^^^^^^^^^^^^^^^^^^^^^^^^^^^^^^^\n     |\n    ::: /Users/graysonnocera/.cargo/registry/src/index.crates.io-6f17d22bba15001f/num-traits-0.2.15/src/float.rs:2062:1\n     |\n2062 | float_impl_std!(f64 integer_decode_f64);\n     | --------------------------------------- in this macro invocation\nnote: candidate #2 is defined in an impl of the trait `FloatCore` for the type `f64`\n    --> /Users/graysonnocera/.cargo/registry/src/index.crates.io-6f17d22bba15001f/num-traits-0.2.15/src/macros.rs:9:13\n     |\n9    |               fn $method(self $( , $arg : $ty )* ) -> $ret {\n     |               ^^^^^^^^^^^^^^^^^^^^^^^^^^^^^^^^^^^^^^^^^^^^\n     |\n    ::: /Users/graysonnocera/.cargo/registry/src/index.crates.io-6f17d22bba15001f/num-traits-0.2.15/src/float.rs:913:5\n     |\n913  | /     forward! {\n914  | |         Self::is_nan(self) -> bool;\n915  | |         Self::is_infinite(self) -> bool;\n916  | |         Self::is_finite(self) -> bool;\n...    |\n933  | |         Self::to_radians(self) -> Self;\n934  | |     }\n     | |_____- in this macro invocation\n     = note: this error originates in the macro `forward` (in Nightly builds, run with -Z macro-backtrace for more info)\n\nerror[E0034]: multiple applicable items in scope\n    --> /Users/graysonnocera/.cargo/registry/src/index.crates.io-6f17d22bba15001f/num-traits-0.2.15/src/float.rs:923:15\n     |\n923  |         Self::fract(self) -> Self;\n     |               ^^^^^ multiple `fract` found\n     |\nnote: candidate #1 is defined in an impl of the trait `Float` for the type `f64`\n    --> /Users/graysonnocera/.cargo/registry/src/index.crates.io-6f17d22bba15001f/num-traits-0.2.15/src/macros.rs:9:13\n     |\n9    |             fn $method(self $( , $arg : $ty )* ) -> $ret {\n     |             ^^^^^^^^^^^^^^^^^^^^^^^^^^^^^^^^^^^^^^^^^^^^\n     |\n    ::: /Users/graysonnocera/.cargo/registry/src/index.crates.io-6f17d22bba15001f/num-traits-0.2.15/src/float.rs:2062:1\n     |\n2062 | float_impl_std!(f64 integer_decode_f64);\n     | --------------------------------------- in this macro invocation\nnote: candidate #2 is defined in an impl of the trait `FloatCore` for the type `f64`\n    --> /Users/graysonnocera/.cargo/registry/src/index.crates.io-6f17d22bba15001f/num-traits-0.2.15/src/macros.rs:9:13\n     |\n9    |               fn $method(self $( , $arg : $ty )* ) -> $ret {\n     |               ^^^^^^^^^^^^^^^^^^^^^^^^^^^^^^^^^^^^^^^^^^^^\n     |\n    ::: /Users/graysonnocera/.cargo/registry/src/index.crates.io-6f17d22bba15001f/num-traits-0.2.15/src/float.rs:913:5\n     |\n913  | /     forward! {\n914  | |         Self::is_nan(self) -> bool;\n915  | |         Self::is_infinite(self) -> bool;\n916  | |         Self::is_finite(self) -> bool;\n...    |\n933  | |         Self::to_radians(self) -> Self;\n934  | |     }\n     | |_____- in this macro invocation\n     = note: this error originates in the macro `forward` (in Nightly builds, run with -Z macro-backtrace for more info)\n\nerror[E0034]: multiple applicable items in scope\n    --> /Users/graysonnocera/.cargo/registry/src/index.crates.io-6f17d22bba15001f/num-traits-0.2.15/src/float.rs:924:15\n     |\n924  |         Self::abs(self) -> Self;\n     |               ^^^ multiple `abs` found\n     |\nnote: candidate #1 is defined in an impl of the trait `Float` for the type `f64`\n    --> /Users/graysonnocera/.cargo/registry/src/index.crates.io-6f17d22bba15001f/num-traits-0.2.15/src/macros.rs:9:13\n     |\n9    |             fn $method(self $( , $arg : $ty )* ) -> $ret {\n     |             ^^^^^^^^^^^^^^^^^^^^^^^^^^^^^^^^^^^^^^^^^^^^\n     |\n    ::: /Users/graysonnocera/.cargo/registry/src/index.crates.io-6f17d22bba15001f/num-traits-0.2.15/src/float.rs:2062:1\n     |\n2062 | float_impl_std!(f64 integer_decode_f64);\n     | --------------------------------------- in this macro invocation\nnote: candidate #2 is defined in an impl of the trait `FloatCore` for the type `f64`\n    --> /Users/graysonnocera/.cargo/registry/src/index.crates.io-6f17d22bba15001f/num-traits-0.2.15/src/macros.rs:9:13\n     |\n9    |               fn $method(self $( , $arg : $ty )* ) -> $ret {\n     |               ^^^^^^^^^^^^^^^^^^^^^^^^^^^^^^^^^^^^^^^^^^^^\n     |\n    ::: /Users/graysonnocera/.cargo/registry/src/index.crates.io-6f17d22bba15001f/num-traits-0.2.15/src/float.rs:913:5\n     |\n913  | /     forward! {\n914  | |         Self::is_nan(self) -> bool;\n915  | |         Self::is_infinite(self) -> bool;\n916  | |         Self::is_finite(self) -> bool;\n...    |\n933  | |         Self::to_radians(self) -> Self;\n934  | |     }\n     | |_____- in this macro invocation\n     = note: this error originates in the macro `forward` (in Nightly builds, run with -Z macro-backtrace for more info)\n\nerror[E0034]: multiple applicable items in scope\n    --> /Users/graysonnocera/.cargo/registry/src/index.crates.io-6f17d22bba15001f/num-traits-0.2.15/src/float.rs:925:15\n     |\n925  |         Self::signum(self) -> Self;\n     |               ^^^^^^ multiple `signum` found\n     |\nnote: candidate #1 is defined in an impl of the trait `Float` for the type `f64`\n    --> /Users/graysonnocera/.cargo/registry/src/index.crates.io-6f17d22bba15001f/num-traits-0.2.15/src/macros.rs:9:13\n     |\n9    |             fn $method(self $( , $arg : $ty )* ) -> $ret {\n     |             ^^^^^^^^^^^^^^^^^^^^^^^^^^^^^^^^^^^^^^^^^^^^\n     |\n    ::: /Users/graysonnocera/.cargo/registry/src/index.crates.io-6f17d22bba15001f/num-traits-0.2.15/src/float.rs:2062:1\n     |\n2062 | float_impl_std!(f64 integer_decode_f64);\n     | --------------------------------------- in this macro invocation\nnote: candidate #2 is defined in an impl of the trait `FloatCore` for the type `f64`\n    --> /Users/graysonnocera/.cargo/registry/src/index.crates.io-6f17d22bba15001f/num-traits-0.2.15/src/macros.rs:9:13\n     |\n9    |               fn $method(self $( , $arg : $ty )* ) -> $ret {\n     |               ^^^^^^^^^^^^^^^^^^^^^^^^^^^^^^^^^^^^^^^^^^^^\n     |\n    ::: /Users/graysonnocera/.cargo/registry/src/index.crates.io-6f17d22bba15001f/num-traits-0.2.15/src/float.rs:913:5\n     |\n913  | /     forward! {\n914  | |         Self::is_nan(self) -> bool;\n915  | |         Self::is_infinite(self) -> bool;\n916  | |         Self::is_finite(self) -> bool;\n...    |\n933  | |         Self::to_radians(self) -> Self;\n934  | |     }\n     | |_____- in this macro invocation\n     = note: this error originates in the macro `forward` (in Nightly builds, run with -Z macro-backtrace for more info)\n\nerror[E0034]: multiple applicable items in scope\n    --> /Users/graysonnocera/.cargo/registry/src/index.crates.io-6f17d22bba15001f/num-traits-0.2.15/src/float.rs:931:15\n     |\n931  |         Self::powi(self, n: i32) -> Self;\n     |               ^^^^ multiple `powi` found\n     |\nnote: candidate #1 is defined in an impl of the trait `Float` for the type `f64`\n    --> /Users/graysonnocera/.cargo/registry/src/index.crates.io-6f17d22bba15001f/num-traits-0.2.15/src/macros.rs:9:13\n     |\n9    |             fn $method(self $( , $arg : $ty )* ) -> $ret {\n     |             ^^^^^^^^^^^^^^^^^^^^^^^^^^^^^^^^^^^^^^^^^^^^\n     |\n    ::: /Users/graysonnocera/.cargo/registry/src/index.crates.io-6f17d22bba15001f/num-traits-0.2.15/src/float.rs:2062:1\n     |\n2062 | float_impl_std!(f64 integer_decode_f64);\n     | --------------------------------------- in this macro invocation\nnote: candidate #2 is defined in an impl of the trait `FloatCore` for the type `f64`\n    --> /Users/graysonnocera/.cargo/registry/src/index.crates.io-6f17d22bba15001f/num-traits-0.2.15/src/macros.rs:9:13\n     |\n9    |               fn $method(self $( , $arg : $ty )* ) -> $ret {\n     |               ^^^^^^^^^^^^^^^^^^^^^^^^^^^^^^^^^^^^^^^^^^^^\n     |\n    ::: /Users/graysonnocera/.cargo/registry/src/index.crates.io-6f17d22bba15001f/num-traits-0.2.15/src/float.rs:913:5\n     |\n913  | /     forward! {\n914  | |         Self::is_nan(self) -> bool;\n915  | |         Self::is_infinite(self) -> bool;\n916  | |         Self::is_finite(self) -> bool;\n...    |\n933  | |         Self::to_radians(self) -> Self;\n934  | |     }\n     | |_____- in this macro invocation\n     = note: this error originates in the macro `forward` (in Nightly builds, run with -Z macro-backtrace for more info)\n\nerror[E0034]: multiple applicable items in scope\n    --> /Users/graysonnocera/.cargo/registry/src/index.crates.io-6f17d22bba15001f/num-traits-0.2.15/src/float.rs:1928:23\n     |\n1928 |                 Self::floor(self) -> Self;\n     |                       ^^^^^ multiple `floor` found\n...\n2060 | float_impl_std!(f32 integer_decode_f32);\n     | --------------------------------------- in this macro invocation\n     |\nnote: candidate #1 is defined in an impl of the trait `Float` for the type `f32`\n    --> /Users/graysonnocera/.cargo/registry/src/index.crates.io-6f17d22bba15001f/num-traits-0.2.15/src/macros.rs:9:13\n     |\n9    |             fn $method(self $( , $arg : $ty )* ) -> $ret {\n     |             ^^^^^^^^^^^^^^^^^^^^^^^^^^^^^^^^^^^^^^^^^^^^\n     |\n    ::: /Users/graysonnocera/.cargo/registry/src/index.crates.io-6f17d22bba15001f/num-traits-0.2.15/src/float.rs:2060:1\n     |\n2060 | float_impl_std!(f32 integer_decode_f32);\n     | --------------------------------------- in this macro invocation\nnote: candidate #2 is defined in an impl of the trait `FloatCore` for the type `f32`\n    --> /Users/graysonnocera/.cargo/registry/src/index.crates.io-6f17d22bba15001f/num-traits-0.2.15/src/macros.rs:9:13\n     |\n9    |               fn $method(self $( , $arg : $ty )* ) -> $ret {\n     |               ^^^^^^^^^^^^^^^^^^^^^^^^^^^^^^^^^^^^^^^^^^^^\n     |\n    ::: /Users/graysonnocera/.cargo/registry/src/index.crates.io-6f17d22bba15001f/num-traits-0.2.15/src/float.rs:810:5\n     |\n810  | /     forward! {\n811  | |         Self::is_nan(self) -> bool;\n812  | |         Self::is_infinite(self) -> bool;\n813  | |         Self::is_finite(self) -> bool;\n...    |\n830  | |         Self::to_radians(self) -> Self;\n831  | |     }\n     | |_____- in this macro invocation\n     = note: this error originates in the macro `float_impl_std` which comes from the expansion of the macro `forward` (in Nightly builds, run with -Z macro-backtrace for more info)\n\nerror[E0034]: multiple applicable items in scope\n    --> /Users/graysonnocera/.cargo/registry/src/index.crates.io-6f17d22bba15001f/num-traits-0.2.15/src/float.rs:1929:23\n     |\n1929 |                 Self::ceil(self) -> Self;\n     |                       ^^^^ multiple `ceil` found\n...\n2060 | float_impl_std!(f32 integer_decode_f32);\n     | --------------------------------------- in this macro invocation\n     |\nnote: candidate #1 is defined in an impl of the trait `Float` for the type `f32`\n    --> /Users/graysonnocera/.cargo/registry/src/index.crates.io-6f17d22bba15001f/num-traits-0.2.15/src/macros.rs:9:13\n     |\n9    |             fn $method(self $( , $arg : $ty )* ) -> $ret {\n     |             ^^^^^^^^^^^^^^^^^^^^^^^^^^^^^^^^^^^^^^^^^^^^\n     |\n    ::: /Users/graysonnocera/.cargo/registry/src/index.crates.io-6f17d22bba15001f/num-traits-0.2.15/src/float.rs:2060:1\n     |\n2060 | float_impl_std!(f32 integer_decode_f32);\n     | --------------------------------------- in this macro invocation\nnote: candidate #2 is defined in an impl of the trait `FloatCore` for the type `f32`\n    --> /Users/graysonnocera/.cargo/registry/src/index.crates.io-6f17d22bba15001f/num-traits-0.2.15/src/macros.rs:9:13\n     |\n9    |               fn $method(self $( , $arg : $ty )* ) -> $ret {\n     |               ^^^^^^^^^^^^^^^^^^^^^^^^^^^^^^^^^^^^^^^^^^^^\n     |\n    ::: /Users/graysonnocera/.cargo/registry/src/index.crates.io-6f17d22bba15001f/num-traits-0.2.15/src/float.rs:810:5\n     |\n810  | /     forward! {\n811  | |         Self::is_nan(self) -> bool;\n812  | |         Self::is_infinite(self) -> bool;\n813  | |         Self::is_finite(self) -> bool;\n...    |\n830  | |         Self::to_radians(self) -> Self;\n831  | |     }\n     | |_____- in this macro invocation\n     = note: this error originates in the macro `float_impl_std` which comes from the expansion of the macro `forward` (in Nightly builds, run with -Z macro-backtrace for more info)\n\nerror[E0034]: multiple applicable items in scope\n    --> /Users/graysonnocera/.cargo/registry/src/index.crates.io-6f17d22bba15001f/num-traits-0.2.15/src/float.rs:1930:23\n     |\n1930 |                 Self::round(self) -> Self;\n     |                       ^^^^^ multiple `round` found\n...\n2060 | float_impl_std!(f32 integer_decode_f32);\n     | --------------------------------------- in this macro invocation\n     |\nnote: candidate #1 is defined in an impl of the trait `Float` for the type `f32`\n    --> /Users/graysonnocera/.cargo/registry/src/index.crates.io-6f17d22bba15001f/num-traits-0.2.15/src/macros.rs:9:13\n     |\n9    |             fn $method(self $( , $arg : $ty )* ) -> $ret {\n     |             ^^^^^^^^^^^^^^^^^^^^^^^^^^^^^^^^^^^^^^^^^^^^\n     |\n    ::: /Users/graysonnocera/.cargo/registry/src/index.crates.io-6f17d22bba15001f/num-traits-0.2.15/src/float.rs:2060:1\n     |\n2060 | float_impl_std!(f32 integer_decode_f32);\n     | --------------------------------------- in this macro invocation\nnote: candidate #2 is defined in an impl of the trait `FloatCore` for the type `f32`\n    --> /Users/graysonnocera/.cargo/registry/src/index.crates.io-6f17d22bba15001f/num-traits-0.2.15/src/macros.rs:9:13\n     |\n9    |               fn $method(self $( , $arg : $ty )* ) -> $ret {\n     |               ^^^^^^^^^^^^^^^^^^^^^^^^^^^^^^^^^^^^^^^^^^^^\n     |\n    ::: /Users/graysonnocera/.cargo/registry/src/index.crates.io-6f17d22bba15001f/num-traits-0.2.15/src/float.rs:810:5\n     |\n810  | /     forward! {\n811  | |         Self::is_nan(self) -> bool;\n812  | |         Self::is_infinite(self) -> bool;\n813  | |         Self::is_finite(self) -> bool;\n...    |\n830  | |         Self::to_radians(self) -> Self;\n831  | |     }\n     | |_____- in this macro invocation\n     = note: this error originates in the macro `float_impl_std` which comes from the expansion of the macro `forward` (in Nightly builds, run with -Z macro-backtrace for more info)\n\nerror[E0034]: multiple applicable items in scope\n    --> /Users/graysonnocera/.cargo/registry/src/index.crates.io-6f17d22bba15001f/num-traits-0.2.15/src/float.rs:1931:23\n     |\n1931 |                 Self::trunc(self) -> Self;\n     |                       ^^^^^ multiple `trunc` found\n...\n2060 | float_impl_std!(f32 integer_decode_f32);\n     | --------------------------------------- in this macro invocation\n     |\nnote: candidate #1 is defined in an impl of the trait `Float` for the type `f32`\n    --> /Users/graysonnocera/.cargo/registry/src/index.crates.io-6f17d22bba15001f/num-traits-0.2.15/src/macros.rs:9:13\n     |\n9    |             fn $method(self $( , $arg : $ty )* ) -> $ret {\n     |             ^^^^^^^^^^^^^^^^^^^^^^^^^^^^^^^^^^^^^^^^^^^^\n     |\n    ::: /Users/graysonnocera/.cargo/registry/src/index.crates.io-6f17d22bba15001f/num-traits-0.2.15/src/float.rs:2060:1\n     |\n2060 | float_impl_std!(f32 integer_decode_f32);\n     | --------------------------------------- in this macro invocation\nnote: candidate #2 is defined in an impl of the trait `FloatCore` for the type `f32`\n    --> /Users/graysonnocera/.cargo/registry/src/index.crates.io-6f17d22bba15001f/num-traits-0.2.15/src/macros.rs:9:13\n     |\n9    |               fn $method(self $( , $arg : $ty )* ) -> $ret {\n     |               ^^^^^^^^^^^^^^^^^^^^^^^^^^^^^^^^^^^^^^^^^^^^\n     |\n    ::: /Users/graysonnocera/.cargo/registry/src/index.crates.io-6f17d22bba15001f/num-traits-0.2.15/src/float.rs:810:5\n     |\n810  | /     forward! {\n811  | |         Self::is_nan(self) -> bool;\n812  | |         Self::is_infinite(self) -> bool;\n813  | |         Self::is_finite(self) -> bool;\n...    |\n830  | |         Self::to_radians(self) -> Self;\n831  | |     }\n     | |_____- in this macro invocation\n     = note: this error originates in the macro `float_impl_std` which comes from the expansion of the macro `forward` (in Nightly builds, run with -Z macro-backtrace for more info)\n\nerror[E0034]: multiple applicable items in scope\n    --> /Users/graysonnocera/.cargo/registry/src/index.crates.io-6f17d22bba15001f/num-traits-0.2.15/src/float.rs:1932:23\n     |\n1932 |                 Self::fract(self) -> Self;\n     |                       ^^^^^ multiple `fract` found\n...\n2060 | float_impl_std!(f32 integer_decode_f32);\n     | --------------------------------------- in this macro invocation\n     |\nnote: candidate #1 is defined in an impl of the trait `Float` for the type `f32`\n    --> /Users/graysonnocera/.cargo/registry/src/index.crates.io-6f17d22bba15001f/num-traits-0.2.15/src/macros.rs:9:13\n     |\n9    |             fn $method(self $( , $arg : $ty )* ) -> $ret {\n     |             ^^^^^^^^^^^^^^^^^^^^^^^^^^^^^^^^^^^^^^^^^^^^\n     |\n    ::: /Users/graysonnocera/.cargo/registry/src/index.crates.io-6f17d22bba15001f/num-traits-0.2.15/src/float.rs:2060:1\n     |\n2060 | float_impl_std!(f32 integer_decode_f32);\n     | --------------------------------------- in this macro invocation\nnote: candidate #2 is defined in an impl of the trait `FloatCore` for the type `f32`\n    --> /Users/graysonnocera/.cargo/registry/src/index.crates.io-6f17d22bba15001f/num-traits-0.2.15/src/macros.rs:9:13\n     |\n9    |               fn $method(self $( , $arg : $ty )* ) -> $ret {\n     |               ^^^^^^^^^^^^^^^^^^^^^^^^^^^^^^^^^^^^^^^^^^^^\n     |\n    ::: /Users/graysonnocera/.cargo/registry/src/index.crates.io-6f17d22bba15001f/num-traits-0.2.15/src/float.rs:810:5\n     |\n810  | /     forward! {\n811  | |         Self::is_nan(self) -> bool;\n812  | |         Self::is_infinite(self) -> bool;\n813  | |         Self::is_finite(self) -> bool;\n...    |\n830  | |         Self::to_radians(self) -> Self;\n831  | |     }\n     | |_____- in this macro invocation\n     = note: this error originates in the macro `float_impl_std` which comes from the expansion of the macro `forward` (in Nightly builds, run with -Z macro-backtrace for more info)\n\nerror[E0034]: multiple applicable items in scope\n    --> /Users/graysonnocera/.cargo/registry/src/index.crates.io-6f17d22bba15001f/num-traits-0.2.15/src/float.rs:1933:23\n     |\n1933 |                 Self::abs(self) -> Self;\n     |                       ^^^ multiple `abs` found\n...\n2060 | float_impl_std!(f32 integer_decode_f32);\n     | --------------------------------------- in this macro invocation\n     |\nnote: candidate #1 is defined in an impl of the trait `Float` for the type `f32`\n    --> /Users/graysonnocera/.cargo/registry/src/index.crates.io-6f17d22bba15001f/num-traits-0.2.15/src/macros.rs:9:13\n     |\n9    |             fn $method(self $( , $arg : $ty )* ) -> $ret {\n     |             ^^^^^^^^^^^^^^^^^^^^^^^^^^^^^^^^^^^^^^^^^^^^\n     |\n    ::: /Users/graysonnocera/.cargo/registry/src/index.crates.io-6f17d22bba15001f/num-traits-0.2.15/src/float.rs:2060:1\n     |\n2060 | float_impl_std!(f32 integer_decode_f32);\n     | --------------------------------------- in this macro invocation\nnote: candidate #2 is defined in an impl of the trait `FloatCore` for the type `f32`\n    --> /Users/graysonnocera/.cargo/registry/src/index.crates.io-6f17d22bba15001f/num-traits-0.2.15/src/macros.rs:9:13\n     |\n9    |               fn $method(self $( , $arg : $ty )* ) -> $ret {\n     |               ^^^^^^^^^^^^^^^^^^^^^^^^^^^^^^^^^^^^^^^^^^^^\n     |\n    ::: /Users/graysonnocera/.cargo/registry/src/index.crates.io-6f17d22bba15001f/num-traits-0.2.15/src/float.rs:810:5\n     |\n810  | /     forward! {\n811  | |         Self::is_nan(self) -> bool;\n812  | |         Self::is_infinite(self) -> bool;\n813  | |         Self::is_finite(self) -> bool;\n...    |\n830  | |         Self::to_radians(self) -> Self;\n831  | |     }\n     | |_____- in this macro invocation\n     = note: this error originates in the macro `float_impl_std` which comes from the expansion of the macro `forward` (in Nightly builds, run with -Z macro-backtrace for more info)\n\nerror[E0034]: multiple applicable items in scope\n    --> /Users/graysonnocera/.cargo/registry/src/index.crates.io-6f17d22bba15001f/num-traits-0.2.15/src/float.rs:1934:23\n     |\n1934 |                 Self::signum(self) -> Self;\n     |                       ^^^^^^ multiple `signum` found\n...\n2060 | float_impl_std!(f32 integer_decode_f32);\n     | --------------------------------------- in this macro invocation\n     |\nnote: candidate #1 is defined in an impl of the trait `Float` for the type `f32`\n    --> /Users/graysonnocera/.cargo/registry/src/index.crates.io-6f17d22bba15001f/num-traits-0.2.15/src/macros.rs:9:13\n     |\n9    |             fn $method(self $( , $arg : $ty )* ) -> $ret {\n     |             ^^^^^^^^^^^^^^^^^^^^^^^^^^^^^^^^^^^^^^^^^^^^\n     |\n    ::: /Users/graysonnocera/.cargo/registry/src/index.crates.io-6f17d22bba15001f/num-traits-0.2.15/src/float.rs:2060:1\n     |\n2060 | float_impl_std!(f32 integer_decode_f32);\n     | --------------------------------------- in this macro invocation\nnote: candidate #2 is defined in an impl of the trait `FloatCore` for the type `f32`\n    --> /Users/graysonnocera/.cargo/registry/src/index.crates.io-6f17d22bba15001f/num-traits-0.2.15/src/macros.rs:9:13\n     |\n9    |               fn $method(self $( , $arg : $ty )* ) -> $ret {\n     |               ^^^^^^^^^^^^^^^^^^^^^^^^^^^^^^^^^^^^^^^^^^^^\n     |\n    ::: /Users/graysonnocera/.cargo/registry/src/index.crates.io-6f17d22bba15001f/num-traits-0.2.15/src/float.rs:810:5\n     |\n810  | /     forward! {\n811  | |         Self::is_nan(self) -> bool;\n812  | |         Self::is_infinite(self) -> bool;\n813  | |         Self::is_finite(self) -> bool;\n...    |\n830  | |         Self::to_radians(self) -> Self;\n831  | |     }\n     | |_____- in this macro invocation\n     = note: this error originates in the macro `float_impl_std` which comes from the expansion of the macro `forward` (in Nightly builds, run with -Z macro-backtrace for more info)\n\nerror[E0034]: multiple applicable items in scope\n    --> /Users/graysonnocera/.cargo/registry/src/index.crates.io-6f17d22bba15001f/num-traits-0.2.15/src/float.rs:1939:23\n     |\n1939 |                 Self::powi(self, n: i32) -> Self;\n     |                       ^^^^ multiple `powi` found\n...\n2060 | float_impl_std!(f32 integer_decode_f32);\n     | --------------------------------------- in this macro invocation\n     |\nnote: candidate #1 is defined in an impl of the trait `Float` for the type `f32`\n    --> /Users/graysonnocera/.cargo/registry/src/index.crates.io-6f17d22bba15001f/num-traits-0.2.15/src/macros.rs:9:13\n     |\n9    |             fn $method(self $( , $arg : $ty )* ) -> $ret {\n     |             ^^^^^^^^^^^^^^^^^^^^^^^^^^^^^^^^^^^^^^^^^^^^\n     |\n    ::: /Users/graysonnocera/.cargo/registry/src/index.crates.io-6f17d22bba15001f/num-traits-0.2.15/src/float.rs:2060:1\n     |\n2060 | float_impl_std!(f32 integer_decode_f32);\n     | --------------------------------------- in this macro invocation\nnote: candidate #2 is defined in an impl of the trait `FloatCore` for the type `f32`\n    --> /Users/graysonnocera/.cargo/registry/src/index.crates.io-6f17d22bba15001f/num-traits-0.2.15/src/macros.rs:9:13\n     |\n9    |               fn $method(self $( , $arg : $ty )* ) -> $ret {\n     |               ^^^^^^^^^^^^^^^^^^^^^^^^^^^^^^^^^^^^^^^^^^^^\n     |\n    ::: /Users/graysonnocera/.cargo/registry/src/index.crates.io-6f17d22bba15001f/num-traits-0.2.15/src/float.rs:810:5\n     |\n810  | /     forward! {\n811  | |         Self::is_nan(self) -> bool;\n812  | |         Self::is_infinite(self) -> bool;\n813  | |         Self::is_finite(self) -> bool;\n...    |\n830  | |         Self::to_radians(self) -> Self;\n831  | |     }\n     | |_____- in this macro invocation\n     = note: this error originates in the macro `float_impl_std` which comes from the expansion of the macro `forward` (in Nightly builds, run with -Z macro-backtrace for more info)\n\nerror[E0034]: multiple applicable items in scope\n    --> /Users/graysonnocera/.cargo/registry/src/index.crates.io-6f17d22bba15001f/num-traits-0.2.15/src/float.rs:1928:23\n     |\n1928 |                 Self::floor(self) -> Self;\n     |                       ^^^^^ multiple `floor` found\n...\n2062 | float_impl_std!(f64 integer_decode_f64);\n     | --------------------------------------- in this macro invocation\n     |\nnote: candidate #1 is defined in an impl of the trait `Float` for the type `f64`\n    --> /Users/graysonnocera/.cargo/registry/src/index.crates.io-6f17d22bba15001f/num-traits-0.2.15/src/macros.rs:9:13\n     |\n9    |             fn $method(self $( , $arg : $ty )* ) -> $ret {\n     |             ^^^^^^^^^^^^^^^^^^^^^^^^^^^^^^^^^^^^^^^^^^^^\n     |\n    ::: /Users/graysonnocera/.cargo/registry/src/index.crates.io-6f17d22bba15001f/num-traits-0.2.15/src/float.rs:2062:1\n     |\n2062 | float_impl_std!(f64 integer_decode_f64);\n     | --------------------------------------- in this macro invocation\nnote: candidate #2 is defined in an impl of the trait `FloatCore` for the type `f64`\n    --> /Users/graysonnocera/.cargo/registry/src/index.crates.io-6f17d22bba15001f/num-traits-0.2.15/src/macros.rs:9:13\n     |\n9    |               fn $method(self $( , $arg : $ty )* ) -> $ret {\n     |               ^^^^^^^^^^^^^^^^^^^^^^^^^^^^^^^^^^^^^^^^^^^^\n     |\n    ::: /Users/graysonnocera/.cargo/registry/src/index.crates.io-6f17d22bba15001f/num-traits-0.2.15/src/float.rs:913:5\n     |\n913  | /     forward! {\n914  | |         Self::is_nan(self) -> bool;\n915  | |         Self::is_infinite(self) -> bool;\n916  | |         Self::is_finite(self) -> bool;\n...    |\n933  | |         Self::to_radians(self) -> Self;\n934  | |     }\n     | |_____- in this macro invocation\n     = note: this error originates in the macro `float_impl_std` which comes from the expansion of the macro `forward` (in Nightly builds, run with -Z macro-backtrace for more info)\n\nerror[E0034]: multiple applicable items in scope\n    --> /Users/graysonnocera/.cargo/registry/src/index.crates.io-6f17d22bba15001f/num-traits-0.2.15/src/float.rs:1929:23\n     |\n1929 |                 Self::ceil(self) -> Self;\n     |                       ^^^^ multiple `ceil` found\n...\n2062 | float_impl_std!(f64 integer_decode_f64);\n     | --------------------------------------- in this macro invocation\n     |\nnote: candidate #1 is defined in an impl of the trait `Float` for the type `f64`\n    --> /Users/graysonnocera/.cargo/registry/src/index.crates.io-6f17d22bba15001f/num-traits-0.2.15/src/macros.rs:9:13\n     |\n9    |             fn $method(self $( , $arg : $ty )* ) -> $ret {\n     |             ^^^^^^^^^^^^^^^^^^^^^^^^^^^^^^^^^^^^^^^^^^^^\n     |\n    ::: /Users/graysonnocera/.cargo/registry/src/index.crates.io-6f17d22bba15001f/num-traits-0.2.15/src/float.rs:2062:1\n     |\n2062 | float_impl_std!(f64 integer_decode_f64);\n     | --------------------------------------- in this macro invocation\nnote: candidate #2 is defined in an impl of the trait `FloatCore` for the type `f64`\n    --> /Users/graysonnocera/.cargo/registry/src/index.crates.io-6f17d22bba15001f/num-traits-0.2.15/src/macros.rs:9:13\n     |\n9    |               fn $method(self $( , $arg : $ty )* ) -> $ret {\n     |               ^^^^^^^^^^^^^^^^^^^^^^^^^^^^^^^^^^^^^^^^^^^^\n     |\n    ::: /Users/graysonnocera/.cargo/registry/src/index.crates.io-6f17d22bba15001f/num-traits-0.2.15/src/float.rs:913:5\n     |\n913  | /     forward! {\n914  | |         Self::is_nan(self) -> bool;\n915  | |         Self::is_infinite(self) -> bool;\n916  | |         Self::is_finite(self) -> bool;\n...    |\n933  | |         Self::to_radians(self) -> Self;\n934  | |     }\n     | |_____- in this macro invocation\n     = note: this error originates in the macro `float_impl_std` which comes from the expansion of the macro `forward` (in Nightly builds, run with -Z macro-backtrace for more info)\n\nerror[E0034]: multiple applicable items in scope\n    --> /Users/graysonnocera/.cargo/registry/src/index.crates.io-6f17d22bba15001f/num-traits-0.2.15/src/float.rs:1930:23\n     |\n1930 |                 Self::round(self) -> Self;\n     |                       ^^^^^ multiple `round` found\n...\n2062 | float_impl_std!(f64 integer_decode_f64);\n     | --------------------------------------- in this macro invocation\n     |\nnote: candidate #1 is defined in an impl of the trait `Float` for the type `f64`\n    --> /Users/graysonnocera/.cargo/registry/src/index.crates.io-6f17d22bba15001f/num-traits-0.2.15/src/macros.rs:9:13\n     |\n9    |             fn $method(self $( , $arg : $ty )* ) -> $ret {\n     |             ^^^^^^^^^^^^^^^^^^^^^^^^^^^^^^^^^^^^^^^^^^^^\n     |\n    ::: /Users/graysonnocera/.cargo/registry/src/index.crates.io-6f17d22bba15001f/num-traits-0.2.15/src/float.rs:2062:1\n     |\n2062 | float_impl_std!(f64 integer_decode_f64);\n     | --------------------------------------- in this macro invocation\nnote: candidate #2 is defined in an impl of the trait `FloatCore` for the type `f64`\n    --> /Users/graysonnocera/.cargo/registry/src/index.crates.io-6f17d22bba15001f/num-traits-0.2.15/src/macros.rs:9:13\n     |\n9    |               fn $method(self $( , $arg : $ty )* ) -> $ret {\n     |               ^^^^^^^^^^^^^^^^^^^^^^^^^^^^^^^^^^^^^^^^^^^^\n     |\n    ::: /Users/graysonnocera/.cargo/registry/src/index.crates.io-6f17d22bba15001f/num-traits-0.2.15/src/float.rs:913:5\n     |\n913  | /     forward! {\n914  | |         Self::is_nan(self) -> bool;\n915  | |         Self::is_infinite(self) -> bool;\n916  | |         Self::is_finite(self) -> bool;\n...    |\n933  | |         Self::to_radians(self) -> Self;\n934  | |     }\n     | |_____- in this macro invocation\n     = note: this error originates in the macro `float_impl_std` which comes from the expansion of the macro `forward` (in Nightly builds, run with -Z macro-backtrace for more info)\n\nerror[E0034]: multiple applicable items in scope\n    --> /Users/graysonnocera/.cargo/registry/src/index.crates.io-6f17d22bba15001f/num-traits-0.2.15/src/float.rs:1931:23\n     |\n1931 |                 Self::trunc(self) -> Self;\n     |                       ^^^^^ multiple `trunc` found\n...\n2062 | float_impl_std!(f64 integer_decode_f64);\n     | --------------------------------------- in this macro invocation\n     |\nnote: candidate #1 is defined in an impl of the trait `Float` for the type `f64`\n    --> /Users/graysonnocera/.cargo/registry/src/index.crates.io-6f17d22bba15001f/num-traits-0.2.15/src/macros.rs:9:13\n     |\n9    |             fn $method(self $( , $arg : $ty )* ) -> $ret {\n     |             ^^^^^^^^^^^^^^^^^^^^^^^^^^^^^^^^^^^^^^^^^^^^\n     |\n    ::: /Users/graysonnocera/.cargo/registry/src/index.crates.io-6f17d22bba15001f/num-traits-0.2.15/src/float.rs:2062:1\n     |\n2062 | float_impl_std!(f64 integer_decode_f64);\n     | --------------------------------------- in this macro invocation\nnote: candidate #2 is defined in an impl of the trait `FloatCore` for the type `f64`\n    --> /Users/graysonnocera/.cargo/registry/src/index.crates.io-6f17d22bba15001f/num-traits-0.2.15/src/macros.rs:9:13\n     |\n9    |               fn $method(self $( , $arg : $ty )* ) -> $ret {\n     |               ^^^^^^^^^^^^^^^^^^^^^^^^^^^^^^^^^^^^^^^^^^^^\n     |\n    ::: /Users/graysonnocera/.cargo/registry/src/index.crates.io-6f17d22bba15001f/num-traits-0.2.15/src/float.rs:913:5\n     |\n913  | /     forward! {\n914  | |         Self::is_nan(self) -> bool;\n915  | |         Self::is_infinite(self) -> bool;\n916  | |         Self::is_finite(self) -> bool;\n...    |\n933  | |         Self::to_radians(self) -> Self;\n934  | |     }\n     | |_____- in this macro invocation\n     = note: this error originates in the macro `float_impl_std` which comes from the expansion of the macro `forward` (in Nightly builds, run with -Z macro-backtrace for more info)\n\nerror[E0034]: multiple applicable items in scope\n    --> /Users/graysonnocera/.cargo/registry/src/index.crates.io-6f17d22bba15001f/num-traits-0.2.15/src/float.rs:1932:23\n     |\n1932 |                 Self::fract(self) -> Self;\n     |                       ^^^^^ multiple `fract` found\n...\n2062 | float_impl_std!(f64 integer_decode_f64);\n     | --------------------------------------- in this macro invocation\n     |\nnote: candidate #1 is defined in an impl of the trait `Float` for the type `f64`\n    --> /Users/graysonnocera/.cargo/registry/src/index.crates.io-6f17d22bba15001f/num-traits-0.2.15/src/macros.rs:9:13\n     |\n9    |             fn $method(self $( , $arg : $ty )* ) -> $ret {\n     |             ^^^^^^^^^^^^^^^^^^^^^^^^^^^^^^^^^^^^^^^^^^^^\n     |\n    ::: /Users/graysonnocera/.cargo/registry/src/index.crates.io-6f17d22bba15001f/num-traits-0.2.15/src/float.rs:2062:1\n     |\n2062 | float_impl_std!(f64 integer_decode_f64);\n     | --------------------------------------- in this macro invocation\nnote: candidate #2 is defined in an impl of the trait `FloatCore` for the type `f64`\n    --> /Users/graysonnocera/.cargo/registry/src/index.crates.io-6f17d22bba15001f/num-traits-0.2.15/src/macros.rs:9:13\n     |\n9    |               fn $method(self $( , $arg : $ty )* ) -> $ret {\n     |               ^^^^^^^^^^^^^^^^^^^^^^^^^^^^^^^^^^^^^^^^^^^^\n     |\n    ::: /Users/graysonnocera/.cargo/registry/src/index.crates.io-6f17d22bba15001f/num-traits-0.2.15/src/float.rs:913:5\n     |\n913  | /     forward! {\n914  | |         Self::is_nan(self) -> bool;\n915  | |         Self::is_infinite(self) -> bool;\n916  | |         Self::is_finite(self) -> bool;\n...    |\n933  | |         Self::to_radians(self) -> Self;\n934  | |     }\n     | |_____- in this macro invocation\n     = note: this error originates in the macro `float_impl_std` which comes from the expansion of the macro `forward` (in Nightly builds, run with -Z macro-backtrace for more info)\n\nerror[E0034]: multiple applicable items in scope\n    --> /Users/graysonnocera/.cargo/registry/src/index.crates.io-6f17d22bba15001f/num-traits-0.2.15/src/float.rs:1933:23\n     |\n1933 |                 Self::abs(self) -> Self;\n     |                       ^^^ multiple `abs` found\n...\n2062 | float_impl_std!(f64 integer_decode_f64);\n     | --------------------------------------- in this macro invocation\n     |\nnote: candidate #1 is defined in an impl of the trait `Float` for the type `f64`\n    --> /Users/graysonnocera/.cargo/registry/src/index.crates.io-6f17d22bba15001f/num-traits-0.2.15/src/macros.rs:9:13\n     |\n9    |             fn $method(self $( , $arg : $ty )* ) -> $ret {\n     |             ^^^^^^^^^^^^^^^^^^^^^^^^^^^^^^^^^^^^^^^^^^^^\n     |\n    ::: /Users/graysonnocera/.cargo/registry/src/index.crates.io-6f17d22bba15001f/num-traits-0.2.15/src/float.rs:2062:1\n     |\n2062 | float_impl_std!(f64 integer_decode_f64);\n     | --------------------------------------- in this macro invocation\nnote: candidate #2 is defined in an impl of the trait `FloatCore` for the type `f64`\n    --> /Users/graysonnocera/.cargo/registry/src/index.crates.io-6f17d22bba15001f/num-traits-0.2.15/src/macros.rs:9:13\n     |\n9    |               fn $method(self $( , $arg : $ty )* ) -> $ret {\n     |               ^^^^^^^^^^^^^^^^^^^^^^^^^^^^^^^^^^^^^^^^^^^^\n     |\n    ::: /Users/graysonnocera/.cargo/registry/src/index.crates.io-6f17d22bba15001f/num-traits-0.2.15/src/float.rs:913:5\n     |\n913  | /     forward! {\n914  | |         Self::is_nan(self) -> bool;\n915  | |         Self::is_infinite(self) -> bool;\n916  | |         Self::is_finite(self) -> bool;\n...    |\n933  | |         Self::to_radians(self) -> Self;\n934  | |     }\n     | |_____- in this macro invocation\n     = note: this error originates in the macro `float_impl_std` which comes from the expansion of the macro `forward` (in Nightly builds, run with -Z macro-backtrace for more info)\n\nerror[E0034]: multiple applicable items in scope\n    --> /Users/graysonnocera/.cargo/registry/src/index.crates.io-6f17d22bba15001f/num-traits-0.2.15/src/float.rs:1934:23\n     |\n1934 |                 Self::signum(self) -> Self;\n     |                       ^^^^^^ multiple `signum` found\n...\n2062 | float_impl_std!(f64 integer_decode_f64);\n     | --------------------------------------- in this macro invocation\n     |\nnote: candidate #1 is defined in an impl of the trait `Float` for the type `f64`\n    --> /Users/graysonnocera/.cargo/registry/src/index.crates.io-6f17d22bba15001f/num-traits-0.2.15/src/macros.rs:9:13\n     |\n9    |             fn $method(self $( , $arg : $ty )* ) -> $ret {\n     |             ^^^^^^^^^^^^^^^^^^^^^^^^^^^^^^^^^^^^^^^^^^^^\n     |\n    ::: /Users/graysonnocera/.cargo/registry/src/index.crates.io-6f17d22bba15001f/num-traits-0.2.15/src/float.rs:2062:1\n     |\n2062 | float_impl_std!(f64 integer_decode_f64);\n     | --------------------------------------- in this macro invocation\nnote: candidate #2 is defined in an impl of the trait `FloatCore` for the type `f64`\n    --> /Users/graysonnocera/.cargo/registry/src/index.crates.io-6f17d22bba15001f/num-traits-0.2.15/src/macros.rs:9:13\n     |\n9    |               fn $method(self $( , $arg : $ty )* ) -> $ret {\n     |               ^^^^^^^^^^^^^^^^^^^^^^^^^^^^^^^^^^^^^^^^^^^^\n     |\n    ::: /Users/graysonnocera/.cargo/registry/src/index.crates.io-6f17d22bba15001f/num-traits-0.2.15/src/float.rs:913:5\n     |\n913  | /     forward! {\n914  | |         Self::is_nan(self) -> bool;\n915  | |         Self::is_infinite(self) -> bool;\n916  | |         Self::is_finite(self) -> bool;\n...    |\n933  | |         Self::to_radians(self) -> Self;\n934  | |     }\n     | |_____- in this macro invocation\n     = note: this error originates in the macro `float_impl_std` which comes from the expansion of the macro `forward` (in Nightly builds, run with -Z macro-backtrace for more info)\n\nerror[E0034]: multiple applicable items in scope\n    --> /Users/graysonnocera/.cargo/registry/src/index.crates.io-6f17d22bba15001f/num-traits-0.2.15/src/float.rs:1939:23\n     |\n1939 |                 Self::powi(self, n: i32) -> Self;\n     |                       ^^^^ multiple `powi` found\n...\n2062 | float_impl_std!(f64 integer_decode_f64);\n     | --------------------------------------- in this macro invocation\n     |\nnote: candidate #1 is defined in an impl of the trait `Float` for the type `f64`\n    --> /Users/graysonnocera/.cargo/registry/src/index.crates.io-6f17d22bba15001f/num-traits-0.2.15/src/macros.rs:9:13\n     |\n9    |             fn $method(self $( , $arg : $ty )* ) -> $ret {\n     |             ^^^^^^^^^^^^^^^^^^^^^^^^^^^^^^^^^^^^^^^^^^^^\n     |\n    ::: /Users/graysonnocera/.cargo/registry/src/index.crates.io-6f17d22bba15001f/num-traits-0.2.15/src/float.rs:2062:1\n     |\n2062 | float_impl_std!(f64 integer_decode_f64);\n     | --------------------------------------- in this macro invocation\nnote: candidate #2 is defined in an impl of the trait `FloatCore` for the type `f64`\n    --> /Users/graysonnocera/.cargo/registry/src/index.crates.io-6f17d22bba15001f/num-traits-0.2.15/src/macros.rs:9:13\n     |\n9    |               fn $method(self $( , $arg : $ty )* ) -> $ret {\n     |               ^^^^^^^^^^^^^^^^^^^^^^^^^^^^^^^^^^^^^^^^^^^^\n     |\n    ::: /Users/graysonnocera/.cargo/registry/src/index.crates.io-6f17d22bba15001f/num-traits-0.2.15/src/float.rs:913:5\n     |\n913  | /     forward! {\n914  | |         Self::is_nan(self) -> bool;\n915  | |         Self::is_infinite(self) -> bool;\n916  | |         Self::is_finite(self) -> bool;\n...    |\n933  | |         Self::to_radians(self) -> Self;\n934  | |     }\n     | |_____- in this macro invocation\n     = note: this error originates in the macro `float_impl_std` which comes from the expansion of the macro `forward` (in Nightly builds, run with -Z macro-backtrace for more info)\n\nerror[E0308]: arguments to this function are incorrect\n   --> /Users/graysonnocera/.cargo/registry/src/index.crates.io-6f17d22bba15001f/num-traits-0.2.15/src/ops/euclid.rs:57:17\n    |\n57  |                 <$t>::div_euclid(*self, *v)\n    |                 ^^^^^^^^^^^^^^^^ -----  -- expected `&f32`, found `f32`\n    |                                  |\n    |                                  expected `&f32`, found `f32`\n...\n127 | euclid_forward_impl!(f32 f64);\n    | ----------------------------- in this macro invocation\n    |\nnote: method defined here\n   --> /Users/graysonnocera/.cargo/registry/src/index.crates.io-6f17d22bba15001f/num-traits-0.2.15/src/ops/euclid.rs:23:8\n    |\n23  |     fn div_euclid(&self, v: &Self) -> Self;\n    |        ^^^^^^^^^^\n    = note: this error originates in the macro `euclid_forward_impl` (in Nightly builds, run with -Z macro-backtrace for more info)\nhelp: consider removing deref here\n    |\n57  -                 <$t>::div_euclid(*self, *v)\n57  +                 <$t>::div_euclid(self, *v)\n    |\nhelp: consider removing deref here\n    |\n57  -                 <$t>::div_euclid(*self, *v)\n57  +                 <$t>::div_euclid(*self, v)\n    |\n\nerror[E0308]: arguments to this function are incorrect\n   --> /Users/graysonnocera/.cargo/registry/src/index.crates.io-6f17d22bba15001f/num-traits-0.2.15/src/ops/euclid.rs:62:17\n    |\n62  |                 <$t>::rem_euclid(*self, *v)\n    |                 ^^^^^^^^^^^^^^^^ -----  -- expected `&f32`, found `f32`\n    |                                  |\n    |                                  expected `&f32`, found `f32`\n...\n127 | euclid_forward_impl!(f32 f64);\n    | ----------------------------- in this macro invocation\n    |\nnote: method defined here\n   --> /Users/graysonnocera/.cargo/registry/src/index.crates.io-6f17d22bba15001f/num-traits-0.2.15/src/ops/euclid.rs:48:8\n    |\n48  |     fn rem_euclid(&self, v: &Self) -> Self;\n    |        ^^^^^^^^^^\n    = note: this error originates in the macro `euclid_forward_impl` (in Nightly builds, run with -Z macro-backtrace for more info)\nhelp: consider removing deref here\n    |\n62  -                 <$t>::rem_euclid(*self, *v)\n62  +                 <$t>::rem_euclid(self, *v)\n    |\nhelp: consider removing deref here\n    |\n62  -                 <$t>::rem_euclid(*self, *v)\n62  +                 <$t>::rem_euclid(*self, v)\n    |\n\nerror[E0308]: arguments to this function are incorrect\n   --> /Users/graysonnocera/.cargo/registry/src/index.crates.io-6f17d22bba15001f/num-traits-0.2.15/src/ops/euclid.rs:57:17\n    |\n57  |                 <$t>::div_euclid(*self, *v)\n    |                 ^^^^^^^^^^^^^^^^ -----  -- expected `&f64`, found `f64`\n    |                                  |\n    |                                  expected `&f64`, found `f64`\n...\n127 | euclid_forward_impl!(f32 f64);\n    | ----------------------------- in this macro invocation\n    |\nnote: method defined here\n   --> /Users/graysonnocera/.cargo/registry/src/index.crates.io-6f17d22bba15001f/num-traits-0.2.15/src/ops/euclid.rs:23:8\n    |\n23  |     fn div_euclid(&self, v: &Self) -> Self;\n    |        ^^^^^^^^^^\n    = note: this error originates in the macro `euclid_forward_impl` (in Nightly builds, run with -Z macro-backtrace for more info)\nhelp: consider removing deref here\n    |\n57  -                 <$t>::div_euclid(*self, *v)\n57  +                 <$t>::div_euclid(self, *v)\n    |\nhelp: consider removing deref here\n    |\n57  -                 <$t>::div_euclid(*self, *v)\n57  +                 <$t>::div_euclid(*self, v)\n    |\n\nerror[E0308]: arguments to this function are incorrect\n   --> /Users/graysonnocera/.cargo/registry/src/index.crates.io-6f17d22bba15001f/num-traits-0.2.15/src/ops/euclid.rs:62:17\n    |\n62  |                 <$t>::rem_euclid(*self, *v)\n    |                 ^^^^^^^^^^^^^^^^ -----  -- expected `&f64`, found `f64`\n    |                                  |\n    |                                  expected `&f64`, found `f64`\n...\n127 | euclid_forward_impl!(f32 f64);\n    | ----------------------------- in this macro invocation\n    |\nnote: method defined here\n   --> /Users/graysonnocera/.cargo/registry/src/index.crates.io-6f17d22bba15001f/num-traits-0.2.15/src/ops/euclid.rs:48:8\n    |\n48  |     fn rem_euclid(&self, v: &Self) -> Self;\n    |        ^^^^^^^^^^\n    = note: this error originates in the macro `euclid_forward_impl` (in Nightly builds, run with -Z macro-backtrace for more info)\nhelp: consider removing deref here\n    |\n62  -                 <$t>::rem_euclid(*self, *v)\n62  +                 <$t>::rem_euclid(self, *v)\n    |\nhelp: consider removing deref here\n    |\n62  -                 <$t>::rem_euclid(*self, *v)\n62  +                 <$t>::rem_euclid(*self, v)\n    |\n\nSome errors have detailed explanations: E0034, E0308, E0463.\nFor more information about an error, try `rustc --explain E0034`.\nerror: could not compile `num-traits` (lib) due to 37 previous errors\n",
      "stdout": ""
    },
    "features": [
      "std"
    ],
    "project": "../../../Downloads/695-Project/dataset/nostd-failed-crates/crates/echonet-lite-0.1.6/src",
    "time_to_build": 1614,
    "time_to_solve": 89
  }
]