[
  {
    "built_with_features": null,
    "command": {
      "args": [
        "build",
        "--target",
        "thumbv7m-none-eabi",
        "--no-default-features"
      ],
      "code": 101,
      "stderr": "   Compiling thiserror v1.0.69\n   Compiling ppv-lite86 v0.2.20\nerror[E0463]: can't find crate for `std`\n  |\n  = note: the `thumbv7m-none-eabi` target may not support the standard library\n  = note: `std` is required by `thiserror` because it does not declare `#![no_std]`\n\nerror[E0463]: can't find crate for `std`\n --> /Users/graysonnocera/.cargo/registry/src/index.crates.io-6f17d22bba15001f/thiserror-1.0.69/src/aserror.rs:2:5\n  |\n2 | use std::error::Error;\n  |     ^^^ can't find crate\n  |\n  = note: the `thumbv7m-none-eabi` target may not support the standard library\n\nerror[E0463]: can't find crate for `std`\n --> /Users/graysonnocera/.cargo/registry/src/index.crates.io-6f17d22bba15001f/thiserror-1.0.69/src/display.rs:2:5\n  |\n2 | use std::path::{self, Path, PathBuf};\n  |     ^^^ can't find crate\n  |\n  = note: the `thumbv7m-none-eabi` target may not support the standard library\n\nerror[E0405]: cannot find trait `Send` in this scope\n  --> /Users/graysonnocera/.cargo/registry/src/index.crates.io-6f17d22bba15001f/thiserror-1.0.69/src/aserror.rs:23:41\n   |\n23 | impl<'a> AsDynError<'a> for dyn Error + Send + 'a {\n   |                                         ^^^^ not found in this scope\n   |\nhelp: consider importing this trait\n   |\n1  + use core::marker::Send;\n   |\n\nerror[E0405]: cannot find trait `Send` in this scope\n  --> /Users/graysonnocera/.cargo/registry/src/index.crates.io-6f17d22bba15001f/thiserror-1.0.69/src/aserror.rs:30:41\n   |\n30 | impl<'a> AsDynError<'a> for dyn Error + Send + Sync + 'a {\n   |                                         ^^^^ not found in this scope\n   |\nhelp: consider importing this trait\n   |\n1  + use core::marker::Send;\n   |\n\nerror[E0405]: cannot find trait `Sync` in this scope\n  --> /Users/graysonnocera/.cargo/registry/src/index.crates.io-6f17d22bba15001f/thiserror-1.0.69/src/aserror.rs:30:48\n   |\n30 | impl<'a> AsDynError<'a> for dyn Error + Send + Sync + 'a {\n   |                                                ^^^^ not found in this scope\n   |\nhelp: consider importing this trait\n   |\n1  + use core::marker::Sync;\n   |\n\nerror[E0405]: cannot find trait `Send` in this scope\n  --> /Users/graysonnocera/.cargo/registry/src/index.crates.io-6f17d22bba15001f/thiserror-1.0.69/src/aserror.rs:37:41\n   |\n37 | impl<'a> AsDynError<'a> for dyn Error + Send + Sync + UnwindSafe + 'a {\n   |                                         ^^^^ not found in this scope\n   |\nhelp: consider importing this trait\n   |\n1  + use core::marker::Send;\n   |\n\nerror[E0405]: cannot find trait `Sync` in this scope\n  --> /Users/graysonnocera/.cargo/registry/src/index.crates.io-6f17d22bba15001f/thiserror-1.0.69/src/aserror.rs:37:48\n   |\n37 | impl<'a> AsDynError<'a> for dyn Error + Send + Sync + UnwindSafe + 'a {\n   |                                                ^^^^ not found in this scope\n   |\nhelp: consider importing this trait\n   |\n1  + use core::marker::Sync;\n   |\n\nerror[E0405]: cannot find trait `Send` in this scope\n  --> /Users/graysonnocera/.cargo/registry/src/index.crates.io-6f17d22bba15001f/thiserror-1.0.69/src/aserror.rs:48:33\n   |\n48 | impl<'a> Sealed for dyn Error + Send + 'a {}\n   |                                 ^^^^ not found in this scope\n   |\nhelp: consider importing this trait\n   |\n1  + use core::marker::Send;\n   |\n\nerror[E0405]: cannot find trait `Send` in this scope\n  --> /Users/graysonnocera/.cargo/registry/src/index.crates.io-6f17d22bba15001f/thiserror-1.0.69/src/aserror.rs:49:33\n   |\n49 | impl<'a> Sealed for dyn Error + Send + Sync + 'a {}\n   |                                 ^^^^ not found in this scope\n   |\nhelp: consider importing this trait\n   |\n1  + use core::marker::Send;\n   |\n\nerror[E0405]: cannot find trait `Sync` in this scope\n  --> /Users/graysonnocera/.cargo/registry/src/index.crates.io-6f17d22bba15001f/thiserror-1.0.69/src/aserror.rs:49:40\n   |\n49 | impl<'a> Sealed for dyn Error + Send + Sync + 'a {}\n   |                                        ^^^^ not found in this scope\n   |\nhelp: consider importing this trait\n   |\n1  + use core::marker::Sync;\n   |\n\nerror[E0405]: cannot find trait `Send` in this scope\n  --> /Users/graysonnocera/.cargo/registry/src/index.crates.io-6f17d22bba15001f/thiserror-1.0.69/src/aserror.rs:50:33\n   |\n50 | impl<'a> Sealed for dyn Error + Send + Sync + UnwindSafe + 'a {}\n   |                                 ^^^^ not found in this scope\n   |\nhelp: consider importing this trait\n   |\n1  + use core::marker::Send;\n   |\n\nerror[E0405]: cannot find trait `Sync` in this scope\n  --> /Users/graysonnocera/.cargo/registry/src/index.crates.io-6f17d22bba15001f/thiserror-1.0.69/src/aserror.rs:50:40\n   |\n50 | impl<'a> Sealed for dyn Error + Send + Sync + UnwindSafe + 'a {}\n   |                                        ^^^^ not found in this scope\n   |\nhelp: consider importing this trait\n   |\n1  + use core::marker::Sync;\n   |\n\nSome errors have detailed explanations: E0405, E0463.\nFor more information about an error, try `rustc --explain E0405`.\nerror: could not compile `thiserror` (lib) due to 13 previous errors\nwarning: build failed, waiting for other jobs to finish...\n",
      "stdout": ""
    },
    "features": [
      "std"
    ],
    "project": "../../../Downloads/695-Project/dataset/nostd-failed-crates/crates/ed25519-dalek-bip32-feeless-0.1.1/src",
    "time_to_build": 12465,
    "time_to_solve": 26
  }
]