[
  {
    "built_with_features": null,
    "command": {
      "args": [
        "build",
        "--target",
        "thumbv7m-none-eabi",
        "--no-default-features"
      ],
      "code": 101,
      "stderr": "   Compiling num-traits v0.2.14\n   Compiling byteorder v1.4.3\n   Compiling ab_glyph_rasterizer v0.1.4\nerror: You need to activate either the `std` or `libm` feature.\n  --> /Users/graysonnocera/.cargo/registry/src/index.crates.io-6f17d22bba15001f/ab_glyph_rasterizer-0.1.4/src/lib.rs:30:1\n   |\n30 | compile_error!(\"You need to activate either the `std` or `libm` feature.\");\n   | ^^^^^^^^^^^^^^^^^^^^^^^^^^^^^^^^^^^^^^^^^^^^^^^^^^^^^^^^^^^^^^^^^^^^^^^^^^\n\nerror[E0463]: can't find crate for `std`\n  |\n  = note: the `thumbv7m-none-eabi` target may not support the standard library\n  = note: `std` is required by `byteorder` because it does not declare `#![no_std]`\n\nerror[E0463]: can't find crate for `std`\n --> /Users/graysonnocera/.cargo/registry/src/index.crates.io-6f17d22bba15001f/byteorder-1.4.3/src/io.rs:1:5\n  |\n1 | use std::{\n  |     ^^^ can't find crate\n  |\n  = note: the `thumbv7m-none-eabi` target may not support the standard library\n\nerror[E0463]: can't find crate for `std`\n    --> /Users/graysonnocera/.cargo/registry/src/index.crates.io-6f17d22bba15001f/byteorder-1.4.3/src/io.rs:1588:9\n     |\n1588 |     use std::mem::size_of;\n     |         ^^^ can't find crate\n     |\n     = note: the `thumbv7m-none-eabi` target may not support the standard library\n\nerror[E0599]: no method named `sqrt` found for type `f32` in the current scope\n  --> /Users/graysonnocera/.cargo/registry/src/index.crates.io-6f17d22bba15001f/ab_glyph_rasterizer-0.1.4/src/geometry.rs:27:33\n   |\n27 |         (d.x * d.x + d.y * d.y).sqrt()\n   |                                 ^^^^ method not found in `f32`\n\nerror: cannot find attribute `derive` in this scope\n    --> /Users/graysonnocera/.cargo/registry/src/index.crates.io-6f17d22bba15001f/byteorder-1.4.3/src/lib.rs:1806:3\n     |\n1806 | #[derive(Clone, Copy, Debug, Eq, Hash, Ord, PartialEq, PartialOrd)]\n     |   ^^^^^^\n     |\nhelp: consider importing this attribute macro\n     |\n73   + use core::prelude::rust_2024::derive;\n     |\n\nerror: cannot find macro `panic` in this scope\n    --> /Users/graysonnocera/.cargo/registry/src/index.crates.io-6f17d22bba15001f/byteorder-1.4.3/src/lib.rs:1811:9\n     |\n1811 |         panic!(\"BigEndian default\")\n     |         ^^^^^\n     |\nhelp: consider importing this macro\n     |\n73   + use core::panic;\n     |\n\nerror: cannot find attribute `derive` in this scope\n    --> /Users/graysonnocera/.cargo/registry/src/index.crates.io-6f17d22bba15001f/byteorder-1.4.3/src/lib.rs:1836:3\n     |\n1836 | #[derive(Clone, Copy, Debug, Eq, Hash, Ord, PartialEq, PartialOrd)]\n     |   ^^^^^^\n     |\nhelp: consider importing this attribute macro\n     |\n73   + use core::prelude::rust_2024::derive;\n     |\n\nerror: cannot find macro `panic` in this scope\n    --> /Users/graysonnocera/.cargo/registry/src/index.crates.io-6f17d22bba15001f/byteorder-1.4.3/src/lib.rs:1841:9\n     |\n1841 |         panic!(\"LittleEndian default\")\n     |         ^^^^^\n     |\nhelp: consider importing this macro\n     |\n73   + use core::panic;\n     |\n\nerror: cannot find macro `assert` in this scope\n    --> /Users/graysonnocera/.cargo/registry/src/index.crates.io-6f17d22bba15001f/byteorder-1.4.3/src/lib.rs:1993:9\n     |\n1993 |         assert!(1 <= nbytes && nbytes <= 8 && nbytes <= buf.len());\n     |         ^^^^^^\n     |\nhelp: consider importing this macro\n     |\n73   + use core::assert;\n     |\n\nerror: cannot find macro `assert` in this scope\n    --> /Users/graysonnocera/.cargo/registry/src/index.crates.io-6f17d22bba15001f/byteorder-1.4.3/src/lib.rs:2008:9\n     |\n2008 |         assert!(1 <= nbytes && nbytes <= 16 && nbytes <= buf.len());\n     |         ^^^^^^\n     |\nhelp: consider importing this macro\n     |\n73   + use core::assert;\n     |\n\nerror[E0599]: no method named `abs` found for type `f32` in the current scope\n  --> /Users/graysonnocera/.cargo/registry/src/index.crates.io-6f17d22bba15001f/ab_glyph_rasterizer-0.1.4/src/raster.rs:98:26\n   |\n98 |         if (p0.y - p1.y).abs() <= core::f32::EPSILON {\n   |                          ^^^ method not found in `f32`\n\nerror: cannot find macro `assert` in this scope\n    --> /Users/graysonnocera/.cargo/registry/src/index.crates.io-6f17d22bba15001f/byteorder-1.4.3/src/lib.rs:1906:9\n     |\n1906 |         assert!($size <= $dst.len());\n     |         ^^^^^^\n...\n2023 |         unsafe_write_num_bytes!(u16, 2, n, buf, to_be);\n     |         ---------------------------------------------- in this macro invocation\n     |\n     = note: this error originates in the macro `unsafe_write_num_bytes` (in Nightly builds, run with -Z macro-backtrace for more info)\nhelp: consider importing this macro\n     |\n73   + use core::assert;\n     |\n\nerror: cannot find macro `assert` in this scope\n    --> /Users/graysonnocera/.cargo/registry/src/index.crates.io-6f17d22bba15001f/byteorder-1.4.3/src/lib.rs:1906:9\n     |\n1906 |         assert!($size <= $dst.len());\n     |         ^^^^^^\n...\n2028 |         unsafe_write_num_bytes!(u32, 4, n, buf, to_be);\n     |         ---------------------------------------------- in this macro invocation\n     |\n     = note: this error originates in the macro `unsafe_write_num_bytes` (in Nightly builds, run with -Z macro-backtrace for more info)\nhelp: consider importing this macro\n     |\n73   + use core::assert;\n     |\n\nerror: cannot find macro `assert` in this scope\n    --> /Users/graysonnocera/.cargo/registry/src/index.crates.io-6f17d22bba15001f/byteorder-1.4.3/src/lib.rs:1906:9\n     |\n1906 |         assert!($size <= $dst.len());\n     |         ^^^^^^\n...\n2033 |         unsafe_write_num_bytes!(u64, 8, n, buf, to_be);\n     |         ---------------------------------------------- in this macro invocation\n     |\n     = note: this error originates in the macro `unsafe_write_num_bytes` (in Nightly builds, run with -Z macro-backtrace for more info)\nhelp: consider importing this macro\n     |\n73   + use core::assert;\n     |\n\nerror: cannot find macro `assert` in this scope\n    --> /Users/graysonnocera/.cargo/registry/src/index.crates.io-6f17d22bba15001f/byteorder-1.4.3/src/lib.rs:1906:9\n     |\n1906 |         assert!($size <= $dst.len());\n     |         ^^^^^^\n...\n2038 |         unsafe_write_num_bytes!(u128, 16, n, buf, to_be);\n     |         ------------------------------------------------ in this macro invocation\n     |\n     = note: this error originates in the macro `unsafe_write_num_bytes` (in Nightly builds, run with -Z macro-backtrace for more info)\nhelp: consider importing this macro\n     |\n73   + use core::assert;\n     |\n\nerror: cannot find macro `assert` in this scope\n    --> /Users/graysonnocera/.cargo/registry/src/index.crates.io-6f17d22bba15001f/byteorder-1.4.3/src/lib.rs:2043:9\n     |\n2043 |         assert!(pack_size(n) <= nbytes && nbytes <= 8);\n     |         ^^^^^^\n     |\nhelp: consider importing this macro\n     |\n73   + use core::assert;\n     |\n\nerror[E0599]: no method named `ceil` found for type `f32` in the current scope\n   --> /Users/graysonnocera/.cargo/registry/src/index.crates.io-6f17d22bba15001f/ab_glyph_rasterizer-0.1.4/src/raster.rs:112:43\n    |\n112 |         for y in y0..self.height.min(p1.y.ceil() as usize) {\n    |                                           ^^^^ method not found in `f32`\n\nerror: cannot find macro `assert` in this scope\n    --> /Users/graysonnocera/.cargo/registry/src/index.crates.io-6f17d22bba15001f/byteorder-1.4.3/src/lib.rs:2044:9\n     |\n2044 |         assert!(nbytes <= buf.len());\n     |         ^^^^^^\n     |\nhelp: consider importing this macro\n     |\n73   + use core::assert;\n     |\n\nerror: cannot find macro `assert` in this scope\n    --> /Users/graysonnocera/.cargo/registry/src/index.crates.io-6f17d22bba15001f/byteorder-1.4.3/src/lib.rs:2057:9\n     |\n2057 |         assert!(pack_size128(n) <= nbytes && nbytes <= 16);\n     |         ^^^^^^\n     |\nhelp: consider importing this macro\n     |\n73   + use core::assert;\n     |\n\nerror: cannot find macro `assert` in this scope\n    --> /Users/graysonnocera/.cargo/registry/src/index.crates.io-6f17d22bba15001f/byteorder-1.4.3/src/lib.rs:2058:9\n     |\n2058 |         assert!(nbytes <= buf.len());\n     |         ^^^^^^\n     |\nhelp: consider importing this macro\n     |\n73   + use core::assert;\n     |\n\nerror: cannot find macro `assert_eq` in this scope\n    --> /Users/graysonnocera/.cargo/registry/src/index.crates.io-6f17d22bba15001f/byteorder-1.4.3/src/lib.rs:1923:9\n     |\n1923 |         assert_eq!($src.len(), $size * $dst.len());\n     |         ^^^^^^^^^\n...\n2071 |         unsafe_read_slice!(src, dst, 2, to_be);\n     |         -------------------------------------- in this macro invocation\n     |\n     = note: this error originates in the macro `unsafe_read_slice` (in Nightly builds, run with -Z macro-backtrace for more info)\nhelp: consider importing this macro\n     |\n73   + use core::assert_eq;\n     |\n\nerror[E0599]: no method named `floor` found for type `f32` in the current scope\n   --> /Users/graysonnocera/.cargo/registry/src/index.crates.io-6f17d22bba15001f/ab_glyph_rasterizer-0.1.4/src/raster.rs:118:30\n    |\n118 |             let x0floor = x0.floor();\n    |                              ^^^^^ method not found in `f32`\n\nerror: cannot find macro `assert_eq` in this scope\n    --> /Users/graysonnocera/.cargo/registry/src/index.crates.io-6f17d22bba15001f/byteorder-1.4.3/src/lib.rs:1923:9\n     |\n1923 |         assert_eq!($src.len(), $size * $dst.len());\n     |         ^^^^^^^^^\n...\n2076 |         unsafe_read_slice!(src, dst, 4, to_be);\n     |         -------------------------------------- in this macro invocation\n     |\n     = note: this error originates in the macro `unsafe_read_slice` (in Nightly builds, run with -Z macro-backtrace for more info)\nhelp: consider importing this macro\n     |\n73   + use core::assert_eq;\n     |\n\nerror: cannot find macro `assert_eq` in this scope\n    --> /Users/graysonnocera/.cargo/registry/src/index.crates.io-6f17d22bba15001f/byteorder-1.4.3/src/lib.rs:1923:9\n     |\n1923 |         assert_eq!($src.len(), $size * $dst.len());\n     |         ^^^^^^^^^\n...\n2081 |         unsafe_read_slice!(src, dst, 8, to_be);\n     |         -------------------------------------- in this macro invocation\n     |\n     = note: this error originates in the macro `unsafe_read_slice` (in Nightly builds, run with -Z macro-backtrace for more info)\nhelp: consider importing this macro\n     |\n73   + use core::assert_eq;\n     |\n\nerror: cannot find macro `assert_eq` in this scope\n    --> /Users/graysonnocera/.cargo/registry/src/index.crates.io-6f17d22bba15001f/byteorder-1.4.3/src/lib.rs:1923:9\n     |\n1923 |         assert_eq!($src.len(), $size * $dst.len());\n     |         ^^^^^^^^^\n...\n2086 |         unsafe_read_slice!(src, dst, 16, to_be);\n     |         --------------------------------------- in this macro invocation\n     |\n     = note: this error originates in the macro `unsafe_read_slice` (in Nightly builds, run with -Z macro-backtrace for more info)\nhelp: consider importing this macro\n     |\n73   + use core::assert_eq;\n     |\n\nerror[E0599]: no method named `ceil` found for type `f32` in the current scope\n   --> /Users/graysonnocera/.cargo/registry/src/index.crates.io-6f17d22bba15001f/ab_glyph_rasterizer-0.1.4/src/raster.rs:120:29\n    |\n120 |             let x1ceil = x1.ceil();\n    |                             ^^^^ method not found in `f32`\n\nerror: cannot find macro `cfg` in this scope\n    --> /Users/graysonnocera/.cargo/registry/src/index.crates.io-6f17d22bba15001f/byteorder-1.4.3/src/lib.rs:2091:12\n     |\n2091 |         if cfg!(target_endian = \"big\") {\n     |            ^^^\n     |\n     = note: `cfg` is in scope, but it is an attribute: `#[cfg]`\nhelp: consider importing this macro\n     |\n73   + use core::cfg;\n     |\n\nerror: cannot find macro `assert_eq` in this scope\n    --> /Users/graysonnocera/.cargo/registry/src/index.crates.io-6f17d22bba15001f/byteorder-1.4.3/src/lib.rs:1947:9\n     |\n1947 |         assert_eq!(size * $src.len(), $dst.len());\n     |         ^^^^^^^^^\n...\n2092 |             unsafe_write_slice_native!(src, dst, u16);\n     |             ----------------------------------------- in this macro invocation\n     |\n     = note: this error originates in the macro `unsafe_write_slice_native` (in Nightly builds, run with -Z macro-backtrace for more info)\nhelp: consider importing this macro\n     |\n73   + use core::assert_eq;\n     |\n\nerror: cannot find macro `assert` in this scope\n    --> /Users/graysonnocera/.cargo/registry/src/index.crates.io-6f17d22bba15001f/byteorder-1.4.3/src/lib.rs:1961:9\n     |\n1961 |         assert!($size == ::core::mem::size_of::<$ty>());\n     |         ^^^^^^\n...\n2094 |             write_slice!(src, dst, u16, 2, Self::write_u16);\n     |             ----------------------------------------------- in this macro invocation\n     |\n     = note: this error originates in the macro `write_slice` (in Nightly builds, run with -Z macro-backtrace for more info)\nhelp: consider importing this macro\n     |\n73   + use core::assert;\n     |\n\nerror: cannot find macro `assert_eq` in this scope\n    --> /Users/graysonnocera/.cargo/registry/src/index.crates.io-6f17d22bba15001f/byteorder-1.4.3/src/lib.rs:1962:9\n     |\n1962 |         assert_eq!($size * $src.len(), $dst.len());\n     |         ^^^^^^^^^\n...\n2094 |             write_slice!(src, dst, u16, 2, Self::write_u16);\n     |             ----------------------------------------------- in this macro invocation\n     |\n     = note: this error originates in the macro `write_slice` (in Nightly builds, run with -Z macro-backtrace for more info)\nhelp: consider importing this macro\n     |\n73   + use core::assert_eq;\n     |\n\nerror: cannot find macro `cfg` in this scope\n    --> /Users/graysonnocera/.cargo/registry/src/index.crates.io-6f17d22bba15001f/byteorder-1.4.3/src/lib.rs:2100:12\n     |\n2100 |         if cfg!(target_endian = \"big\") {\n     |            ^^^\n     |\n     = note: `cfg` is in scope, but it is an attribute: `#[cfg]`\nhelp: consider importing this macro\n     |\n73   + use core::cfg;\n     |\n\nerror: cannot find macro `assert_eq` in this scope\n    --> /Users/graysonnocera/.cargo/registry/src/index.crates.io-6f17d22bba15001f/byteorder-1.4.3/src/lib.rs:1947:9\n     |\n1947 |         assert_eq!(size * $src.len(), $dst.len());\n     |         ^^^^^^^^^\n...\n2101 |             unsafe_write_slice_native!(src, dst, u32);\n     |             ----------------------------------------- in this macro invocation\n     |\n     = note: this error originates in the macro `unsafe_write_slice_native` (in Nightly builds, run with -Z macro-backtrace for more info)\nhelp: consider importing this macro\n     |\n73   + use core::assert_eq;\n     |\n\nerror[E0599]: no method named `sqrt` found for type `f32` in the current scope\n   --> /Users/graysonnocera/.cargo/registry/src/index.crates.io-6f17d22bba15001f/ab_glyph_rasterizer-0.1.4/src/raster.rs:174:35\n    |\n174 |         let n = 1 + (tol * devsq).sqrt().sqrt().floor() as usize;\n    |                                   ^^^^ method not found in `f32`\n\nerror: cannot find macro `assert` in this scope\n    --> /Users/graysonnocera/.cargo/registry/src/index.crates.io-6f17d22bba15001f/byteorder-1.4.3/src/lib.rs:1961:9\n     |\n1961 |         assert!($size == ::core::mem::size_of::<$ty>());\n     |         ^^^^^^\n...\n2103 |             write_slice!(src, dst, u32, 4, Self::write_u32);\n     |             ----------------------------------------------- in this macro invocation\n     |\n     = note: this error originates in the macro `write_slice` (in Nightly builds, run with -Z macro-backtrace for more info)\nhelp: consider importing this macro\n     |\n73   + use core::assert;\n     |\n\nerror: cannot find macro `assert_eq` in this scope\n    --> /Users/graysonnocera/.cargo/registry/src/index.crates.io-6f17d22bba15001f/byteorder-1.4.3/src/lib.rs:1962:9\n     |\n1962 |         assert_eq!($size * $src.len(), $dst.len());\n     |         ^^^^^^^^^\n...\n2103 |             write_slice!(src, dst, u32, 4, Self::write_u32);\n     |             ----------------------------------------------- in this macro invocation\n     |\n     = note: this error originates in the macro `write_slice` (in Nightly builds, run with -Z macro-backtrace for more info)\nhelp: consider importing this macro\n     |\n73   + use core::assert_eq;\n     |\n\nerror: cannot find macro `cfg` in this scope\n    --> /Users/graysonnocera/.cargo/registry/src/index.crates.io-6f17d22bba15001f/byteorder-1.4.3/src/lib.rs:2109:12\n     |\n2109 |         if cfg!(target_endian = \"big\") {\n     |            ^^^\n     |\n     = note: `cfg` is in scope, but it is an attribute: `#[cfg]`\nhelp: consider importing this macro\n     |\n73   + use core::cfg;\n     |\n\nerror: cannot find macro `assert_eq` in this scope\n    --> /Users/graysonnocera/.cargo/registry/src/index.crates.io-6f17d22bba15001f/byteorder-1.4.3/src/lib.rs:1947:9\n     |\n1947 |         assert_eq!(size * $src.len(), $dst.len());\n     |         ^^^^^^^^^\n...\n2110 |             unsafe_write_slice_native!(src, dst, u64);\n     |             ----------------------------------------- in this macro invocation\n     |\n     = note: this error originates in the macro `unsafe_write_slice_native` (in Nightly builds, run with -Z macro-backtrace for more info)\nhelp: consider importing this macro\n     |\n73   + use core::assert_eq;\n     |\n\nerror: cannot find macro `assert` in this scope\n    --> /Users/graysonnocera/.cargo/registry/src/index.crates.io-6f17d22bba15001f/byteorder-1.4.3/src/lib.rs:1961:9\n     |\n1961 |         assert!($size == ::core::mem::size_of::<$ty>());\n     |         ^^^^^^\n...\n2112 |             write_slice!(src, dst, u64, 8, Self::write_u64);\n     |             ----------------------------------------------- in this macro invocation\n     |\n     = note: this error originates in the macro `write_slice` (in Nightly builds, run with -Z macro-backtrace for more info)\nhelp: consider importing this macro\n     |\n73   + use core::assert;\n     |\n\nerror: cannot find macro `assert_eq` in this scope\n    --> /Users/graysonnocera/.cargo/registry/src/index.crates.io-6f17d22bba15001f/byteorder-1.4.3/src/lib.rs:1962:9\n     |\n1962 |         assert_eq!($size * $src.len(), $dst.len());\n     |         ^^^^^^^^^\n...\n2112 |             write_slice!(src, dst, u64, 8, Self::write_u64);\n     |             ----------------------------------------------- in this macro invocation\n     |\n     = note: this error originates in the macro `write_slice` (in Nightly builds, run with -Z macro-backtrace for more info)\nhelp: consider importing this macro\n     |\n73   + use core::assert_eq;\n     |\n\nerror: cannot find macro `cfg` in this scope\n    --> /Users/graysonnocera/.cargo/registry/src/index.crates.io-6f17d22bba15001f/byteorder-1.4.3/src/lib.rs:2118:12\n     |\n2118 |         if cfg!(target_endian = \"big\") {\n     |            ^^^\n     |\n     = note: `cfg` is in scope, but it is an attribute: `#[cfg]`\nhelp: consider importing this macro\n     |\n73   + use core::cfg;\n     |\n\nerror[E0599]: no method named `abs` found for type `f32` in the current scope\n   --> /Users/graysonnocera/.cargo/registry/src/index.crates.io-6f17d22bba15001f/ab_glyph_rasterizer-0.1.4/src/raster.rs:250:32\n    |\n250 |                 px_fn(idx, acc.abs().min(1.0));\n    |                                ^^^ method not found in `f32`\n\nerror: cannot find macro `assert_eq` in this scope\n    --> /Users/graysonnocera/.cargo/registry/src/index.crates.io-6f17d22bba15001f/byteorder-1.4.3/src/lib.rs:1947:9\n     |\n1947 |         assert_eq!(size * $src.len(), $dst.len());\n     |         ^^^^^^^^^\n...\n2119 |             unsafe_write_slice_native!(src, dst, u128);\n     |             ------------------------------------------ in this macro invocation\n     |\n     = note: this error originates in the macro `unsafe_write_slice_native` (in Nightly builds, run with -Z macro-backtrace for more info)\nhelp: consider importing this macro\n     |\n73   + use core::assert_eq;\n     |\n\nerror: cannot find macro `assert` in this scope\n    --> /Users/graysonnocera/.cargo/registry/src/index.crates.io-6f17d22bba15001f/byteorder-1.4.3/src/lib.rs:1961:9\n     |\n1961 |         assert!($size == ::core::mem::size_of::<$ty>());\n     |         ^^^^^^\n...\n2121 |             write_slice!(src, dst, u128, 16, Self::write_u128);\n     |             -------------------------------------------------- in this macro invocation\n     |\n     = note: this error originates in the macro `write_slice` (in Nightly builds, run with -Z macro-backtrace for more info)\nhelp: consider importing this macro\n     |\n73   + use core::assert;\n     |\n\nerror: cannot find macro `assert_eq` in this scope\n    --> /Users/graysonnocera/.cargo/registry/src/index.crates.io-6f17d22bba15001f/byteorder-1.4.3/src/lib.rs:1962:9\n     |\n1962 |         assert_eq!($size * $src.len(), $dst.len());\n     |         ^^^^^^^^^\n...\n2121 |             write_slice!(src, dst, u128, 16, Self::write_u128);\n     |             -------------------------------------------------- in this macro invocation\n     |\n     = note: this error originates in the macro `write_slice` (in Nightly builds, run with -Z macro-backtrace for more info)\nhelp: consider importing this macro\n     |\n73   + use core::assert_eq;\n     |\n\nerror: cannot find macro `cfg` in this scope\n    --> /Users/graysonnocera/.cargo/registry/src/index.crates.io-6f17d22bba15001f/byteorder-1.4.3/src/lib.rs:2127:12\n     |\n2127 |         if cfg!(target_endian = \"little\") {\n     |            ^^^\n     |\n     = note: `cfg` is in scope, but it is an attribute: `#[cfg]`\nhelp: consider importing this macro\n     |\n73   + use core::cfg;\n     |\n\nerror: cannot find macro `cfg` in this scope\n    --> /Users/graysonnocera/.cargo/registry/src/index.crates.io-6f17d22bba15001f/byteorder-1.4.3/src/lib.rs:2136:12\n     |\n2136 |         if cfg!(target_endian = \"little\") {\n     |            ^^^\n     |\n     = note: `cfg` is in scope, but it is an attribute: `#[cfg]`\nhelp: consider importing this macro\n     |\n73   + use core::cfg;\n     |\n\nerror: cannot find macro `cfg` in this scope\n    --> /Users/graysonnocera/.cargo/registry/src/index.crates.io-6f17d22bba15001f/byteorder-1.4.3/src/lib.rs:2145:12\n     |\n2145 |         if cfg!(target_endian = \"little\") {\n     |            ^^^\n     |\n     = note: `cfg` is in scope, but it is an attribute: `#[cfg]`\nhelp: consider importing this macro\n     |\n73   + use core::cfg;\n     |\n\nerror: cannot find macro `cfg` in this scope\n    --> /Users/graysonnocera/.cargo/registry/src/index.crates.io-6f17d22bba15001f/byteorder-1.4.3/src/lib.rs:2154:12\n     |\n2154 |         if cfg!(target_endian = \"little\") {\n     |            ^^^\n     |\n     = note: `cfg` is in scope, but it is an attribute: `#[cfg]`\nhelp: consider importing this macro\n     |\n73   + use core::cfg;\n     |\n\nerror: cannot find macro `cfg` in this scope\n    --> /Users/graysonnocera/.cargo/registry/src/index.crates.io-6f17d22bba15001f/byteorder-1.4.3/src/lib.rs:2163:12\n     |\n2163 |         if cfg!(target_endian = \"little\") {\n     |            ^^^\n     |\n     = note: `cfg` is in scope, but it is an attribute: `#[cfg]`\nhelp: consider importing this macro\n     |\n73   + use core::cfg;\n     |\n\nerror: cannot find macro `cfg` in this scope\n    --> /Users/graysonnocera/.cargo/registry/src/index.crates.io-6f17d22bba15001f/byteorder-1.4.3/src/lib.rs:2175:12\n     |\n2175 |         if cfg!(target_endian = \"little\") {\n     |            ^^^\n     |\n     = note: `cfg` is in scope, but it is an attribute: `#[cfg]`\nhelp: consider importing this macro\n     |\n73   + use core::cfg;\n     |\n\nerror: cannot find macro `assert` in this scope\n    --> /Users/graysonnocera/.cargo/registry/src/index.crates.io-6f17d22bba15001f/byteorder-1.4.3/src/lib.rs:2209:9\n     |\n2209 |         assert!(1 <= nbytes && nbytes <= 8 && nbytes <= buf.len());\n     |         ^^^^^^\n     |\nhelp: consider importing this macro\n     |\n73   + use core::assert;\n     |\n\nerror: cannot find macro `assert` in this scope\n    --> /Users/graysonnocera/.cargo/registry/src/index.crates.io-6f17d22bba15001f/byteorder-1.4.3/src/lib.rs:2220:9\n     |\n2220 |         assert!(1 <= nbytes && nbytes <= 16 && nbytes <= buf.len());\n     |         ^^^^^^\n     |\nhelp: consider importing this macro\n     |\n73   + use core::assert;\n     |\n\nerror: cannot find macro `assert` in this scope\n    --> /Users/graysonnocera/.cargo/registry/src/index.crates.io-6f17d22bba15001f/byteorder-1.4.3/src/lib.rs:1906:9\n     |\n1906 |         assert!($size <= $dst.len());\n     |         ^^^^^^\n...\n2231 |         unsafe_write_num_bytes!(u16, 2, n, buf, to_le);\n     |         ---------------------------------------------- in this macro invocation\n     |\n     = note: this error originates in the macro `unsafe_write_num_bytes` (in Nightly builds, run with -Z macro-backtrace for more info)\nhelp: consider importing this macro\n     |\n73   + use core::assert;\n     |\n\nerror: cannot find macro `assert` in this scope\n    --> /Users/graysonnocera/.cargo/registry/src/index.crates.io-6f17d22bba15001f/byteorder-1.4.3/src/lib.rs:1906:9\n     |\n1906 |         assert!($size <= $dst.len());\n     |         ^^^^^^\n...\n2236 |         unsafe_write_num_bytes!(u32, 4, n, buf, to_le);\n     |         ---------------------------------------------- in this macro invocation\n     |\n     = note: this error originates in the macro `unsafe_write_num_bytes` (in Nightly builds, run with -Z macro-backtrace for more info)\nhelp: consider importing this macro\n     |\n73   + use core::assert;\n     |\n\nerror: cannot find macro `assert` in this scope\n    --> /Users/graysonnocera/.cargo/registry/src/index.crates.io-6f17d22bba15001f/byteorder-1.4.3/src/lib.rs:1906:9\n     |\n1906 |         assert!($size <= $dst.len());\n     |         ^^^^^^\n...\n2241 |         unsafe_write_num_bytes!(u64, 8, n, buf, to_le);\n     |         ---------------------------------------------- in this macro invocation\n     |\n     = note: this error originates in the macro `unsafe_write_num_bytes` (in Nightly builds, run with -Z macro-backtrace for more info)\nhelp: consider importing this macro\n     |\n73   + use core::assert;\n     |\n\nerror: cannot find macro `assert` in this scope\n    --> /Users/graysonnocera/.cargo/registry/src/index.crates.io-6f17d22bba15001f/byteorder-1.4.3/src/lib.rs:1906:9\n     |\n1906 |         assert!($size <= $dst.len());\n     |         ^^^^^^\n...\n2246 |         unsafe_write_num_bytes!(u128, 16, n, buf, to_le);\n     |         ------------------------------------------------ in this macro invocation\n     |\n     = note: this error originates in the macro `unsafe_write_num_bytes` (in Nightly builds, run with -Z macro-backtrace for more info)\nhelp: consider importing this macro\n     |\n73   + use core::assert;\n     |\n\nFor more information about this error, try `rustc --explain E0599`.\nerror: cannot find macro `assert` in this scope\n    --> /Users/graysonnocera/.cargo/registry/src/index.crates.io-6f17d22bba15001f/byteorder-1.4.3/src/lib.rs:2251:9\n     |\n2251 |         assert!(pack_size(n as u64) <= nbytes && nbytes <= 8);\n     |         ^^^^^^\n     |\nhelp: consider importing this macro\n     |\n73   + use core::assert;\n     |\n\nerror: cannot find macro `assert` in this scope\n    --> /Users/graysonnocera/.cargo/registry/src/index.crates.io-6f17d22bba15001f/byteorder-1.4.3/src/lib.rs:2252:9\n     |\n2252 |         assert!(nbytes <= buf.len());\n     |         ^^^^^^\n     |\nhelp: consider importing this macro\n     |\n73   + use core::assert;\n     |\n\nerror: cannot find macro `assert` in this scope\n    --> /Users/graysonnocera/.cargo/registry/src/index.crates.io-6f17d22bba15001f/byteorder-1.4.3/src/lib.rs:2261:9\n     |\n2261 |         assert!(pack_size128(n as u128) <= nbytes && nbytes <= 16);\n     |         ^^^^^^\n     |\nhelp: consider importing this macro\n     |\n73   + use core::assert;\n     |\n\nerror: cannot find macro `assert` in this scope\n    --> /Users/graysonnocera/.cargo/registry/src/index.crates.io-6f17d22bba15001f/byteorder-1.4.3/src/lib.rs:2262:9\n     |\n2262 |         assert!(nbytes <= buf.len());\n     |         ^^^^^^\n     |\nhelp: consider importing this macro\n     |\n73   + use core::assert;\n     |\n\nerror: cannot find macro `assert_eq` in this scope\n    --> /Users/graysonnocera/.cargo/registry/src/index.crates.io-6f17d22bba15001f/byteorder-1.4.3/src/lib.rs:1923:9\n     |\n1923 |         assert_eq!($src.len(), $size * $dst.len());\n     |         ^^^^^^^^^\n...\n2271 |         unsafe_read_slice!(src, dst, 2, to_le);\n     |         -------------------------------------- in this macro invocation\n     |\n     = note: this error originates in the macro `unsafe_read_slice` (in Nightly builds, run with -Z macro-backtrace for more info)\nhelp: consider importing this macro\n     |\n73   + use core::assert_eq;\n     |\n\nerror: could not compile `ab_glyph_rasterizer` (lib) due to 8 previous errors\nwarning: build failed, waiting for other jobs to finish...\nerror: cannot find macro `assert_eq` in this scope\n    --> /Users/graysonnocera/.cargo/registry/src/index.crates.io-6f17d22bba15001f/byteorder-1.4.3/src/lib.rs:1923:9\n     |\n1923 |         assert_eq!($src.len(), $size * $dst.len());\n     |         ^^^^^^^^^\n...\n2276 |         unsafe_read_slice!(src, dst, 4, to_le);\n     |         -------------------------------------- in this macro invocation\n     |\n     = note: this error originates in the macro `unsafe_read_slice` (in Nightly builds, run with -Z macro-backtrace for more info)\nhelp: consider importing this macro\n     |\n73   + use core::assert_eq;\n     |\n\nerror: cannot find macro `assert_eq` in this scope\n    --> /Users/graysonnocera/.cargo/registry/src/index.crates.io-6f17d22bba15001f/byteorder-1.4.3/src/lib.rs:1923:9\n     |\n1923 |         assert_eq!($src.len(), $size * $dst.len());\n     |         ^^^^^^^^^\n...\n2281 |         unsafe_read_slice!(src, dst, 8, to_le);\n     |         -------------------------------------- in this macro invocation\n     |\n     = note: this error originates in the macro `unsafe_read_slice` (in Nightly builds, run with -Z macro-backtrace for more info)\nhelp: consider importing this macro\n     |\n73   + use core::assert_eq;\n     |\n\nerror: cannot find macro `assert_eq` in this scope\n    --> /Users/graysonnocera/.cargo/registry/src/index.crates.io-6f17d22bba15001f/byteorder-1.4.3/src/lib.rs:1923:9\n     |\n1923 |         assert_eq!($src.len(), $size * $dst.len());\n     |         ^^^^^^^^^\n...\n2286 |         unsafe_read_slice!(src, dst, 16, to_le);\n     |         --------------------------------------- in this macro invocation\n     |\n     = note: this error originates in the macro `unsafe_read_slice` (in Nightly builds, run with -Z macro-backtrace for more info)\nhelp: consider importing this macro\n     |\n73   + use core::assert_eq;\n     |\n\nerror: cannot find macro `cfg` in this scope\n    --> /Users/graysonnocera/.cargo/registry/src/index.crates.io-6f17d22bba15001f/byteorder-1.4.3/src/lib.rs:2291:12\n     |\n2291 |         if cfg!(target_endian = \"little\") {\n     |            ^^^\n     |\n     = note: `cfg` is in scope, but it is an attribute: `#[cfg]`\nhelp: consider importing this macro\n     |\n73   + use core::cfg;\n     |\n\nerror: cannot find macro `assert_eq` in this scope\n    --> /Users/graysonnocera/.cargo/registry/src/index.crates.io-6f17d22bba15001f/byteorder-1.4.3/src/lib.rs:1947:9\n     |\n1947 |         assert_eq!(size * $src.len(), $dst.len());\n     |         ^^^^^^^^^\n...\n2292 |             unsafe_write_slice_native!(src, dst, u16);\n     |             ----------------------------------------- in this macro invocation\n     |\n     = note: this error originates in the macro `unsafe_write_slice_native` (in Nightly builds, run with -Z macro-backtrace for more info)\nhelp: consider importing this macro\n     |\n73   + use core::assert_eq;\n     |\n\nerror: cannot find macro `assert` in this scope\n    --> /Users/graysonnocera/.cargo/registry/src/index.crates.io-6f17d22bba15001f/byteorder-1.4.3/src/lib.rs:1961:9\n     |\n1961 |         assert!($size == ::core::mem::size_of::<$ty>());\n     |         ^^^^^^\n...\n2294 |             write_slice!(src, dst, u16, 2, Self::write_u16);\n     |             ----------------------------------------------- in this macro invocation\n     |\n     = note: this error originates in the macro `write_slice` (in Nightly builds, run with -Z macro-backtrace for more info)\nhelp: consider importing this macro\n     |\n73   + use core::assert;\n     |\n\nerror: cannot find macro `assert_eq` in this scope\n    --> /Users/graysonnocera/.cargo/registry/src/index.crates.io-6f17d22bba15001f/byteorder-1.4.3/src/lib.rs:1962:9\n     |\n1962 |         assert_eq!($size * $src.len(), $dst.len());\n     |         ^^^^^^^^^\n...\n2294 |             write_slice!(src, dst, u16, 2, Self::write_u16);\n     |             ----------------------------------------------- in this macro invocation\n     |\n     = note: this error originates in the macro `write_slice` (in Nightly builds, run with -Z macro-backtrace for more info)\nhelp: consider importing this macro\n     |\n73   + use core::assert_eq;\n     |\n\nerror: cannot find macro `cfg` in this scope\n    --> /Users/graysonnocera/.cargo/registry/src/index.crates.io-6f17d22bba15001f/byteorder-1.4.3/src/lib.rs:2300:12\n     |\n2300 |         if cfg!(target_endian = \"little\") {\n     |            ^^^\n     |\n     = note: `cfg` is in scope, but it is an attribute: `#[cfg]`\nhelp: consider importing this macro\n     |\n73   + use core::cfg;\n     |\n\nerror: cannot find macro `assert_eq` in this scope\n    --> /Users/graysonnocera/.cargo/registry/src/index.crates.io-6f17d22bba15001f/byteorder-1.4.3/src/lib.rs:1947:9\n     |\n1947 |         assert_eq!(size * $src.len(), $dst.len());\n     |         ^^^^^^^^^\n...\n2301 |             unsafe_write_slice_native!(src, dst, u32);\n     |             ----------------------------------------- in this macro invocation\n     |\n     = note: this error originates in the macro `unsafe_write_slice_native` (in Nightly builds, run with -Z macro-backtrace for more info)\nhelp: consider importing this macro\n     |\n73   + use core::assert_eq;\n     |\n\nerror: cannot find macro `assert` in this scope\n    --> /Users/graysonnocera/.cargo/registry/src/index.crates.io-6f17d22bba15001f/byteorder-1.4.3/src/lib.rs:1961:9\n     |\n1961 |         assert!($size == ::core::mem::size_of::<$ty>());\n     |         ^^^^^^\n...\n2303 |             write_slice!(src, dst, u32, 4, Self::write_u32);\n     |             ----------------------------------------------- in this macro invocation\n     |\n     = note: this error originates in the macro `write_slice` (in Nightly builds, run with -Z macro-backtrace for more info)\nhelp: consider importing this macro\n     |\n73   + use core::assert;\n     |\n\nerror: cannot find macro `assert_eq` in this scope\n    --> /Users/graysonnocera/.cargo/registry/src/index.crates.io-6f17d22bba15001f/byteorder-1.4.3/src/lib.rs:1962:9\n     |\n1962 |         assert_eq!($size * $src.len(), $dst.len());\n     |         ^^^^^^^^^\n...\n2303 |             write_slice!(src, dst, u32, 4, Self::write_u32);\n     |             ----------------------------------------------- in this macro invocation\n     |\n     = note: this error originates in the macro `write_slice` (in Nightly builds, run with -Z macro-backtrace for more info)\nhelp: consider importing this macro\n     |\n73   + use core::assert_eq;\n     |\n\nerror: cannot find macro `cfg` in this scope\n    --> /Users/graysonnocera/.cargo/registry/src/index.crates.io-6f17d22bba15001f/byteorder-1.4.3/src/lib.rs:2309:12\n     |\n2309 |         if cfg!(target_endian = \"little\") {\n     |            ^^^\n     |\n     = note: `cfg` is in scope, but it is an attribute: `#[cfg]`\nhelp: consider importing this macro\n     |\n73   + use core::cfg;\n     |\n\nerror: cannot find macro `assert_eq` in this scope\n    --> /Users/graysonnocera/.cargo/registry/src/index.crates.io-6f17d22bba15001f/byteorder-1.4.3/src/lib.rs:1947:9\n     |\n1947 |         assert_eq!(size * $src.len(), $dst.len());\n     |         ^^^^^^^^^\n...\n2310 |             unsafe_write_slice_native!(src, dst, u64);\n     |             ----------------------------------------- in this macro invocation\n     |\n     = note: this error originates in the macro `unsafe_write_slice_native` (in Nightly builds, run with -Z macro-backtrace for more info)\nhelp: consider importing this macro\n     |\n73   + use core::assert_eq;\n     |\n\nerror: cannot find macro `assert` in this scope\n    --> /Users/graysonnocera/.cargo/registry/src/index.crates.io-6f17d22bba15001f/byteorder-1.4.3/src/lib.rs:1961:9\n     |\n1961 |         assert!($size == ::core::mem::size_of::<$ty>());\n     |         ^^^^^^\n...\n2312 |             write_slice!(src, dst, u64, 8, Self::write_u64);\n     |             ----------------------------------------------- in this macro invocation\n     |\n     = note: this error originates in the macro `write_slice` (in Nightly builds, run with -Z macro-backtrace for more info)\nhelp: consider importing this macro\n     |\n73   + use core::assert;\n     |\n\nerror: cannot find macro `assert_eq` in this scope\n    --> /Users/graysonnocera/.cargo/registry/src/index.crates.io-6f17d22bba15001f/byteorder-1.4.3/src/lib.rs:1962:9\n     |\n1962 |         assert_eq!($size * $src.len(), $dst.len());\n     |         ^^^^^^^^^\n...\n2312 |             write_slice!(src, dst, u64, 8, Self::write_u64);\n     |             ----------------------------------------------- in this macro invocation\n     |\n     = note: this error originates in the macro `write_slice` (in Nightly builds, run with -Z macro-backtrace for more info)\nhelp: consider importing this macro\n     |\n73   + use core::assert_eq;\n     |\n\nerror: cannot find macro `cfg` in this scope\n    --> /Users/graysonnocera/.cargo/registry/src/index.crates.io-6f17d22bba15001f/byteorder-1.4.3/src/lib.rs:2318:12\n     |\n2318 |         if cfg!(target_endian = \"little\") {\n     |            ^^^\n     |\n     = note: `cfg` is in scope, but it is an attribute: `#[cfg]`\nhelp: consider importing this macro\n     |\n73   + use core::cfg;\n     |\n\nerror: cannot find macro `assert_eq` in this scope\n    --> /Users/graysonnocera/.cargo/registry/src/index.crates.io-6f17d22bba15001f/byteorder-1.4.3/src/lib.rs:1947:9\n     |\n1947 |         assert_eq!(size * $src.len(), $dst.len());\n     |         ^^^^^^^^^\n...\n2319 |             unsafe_write_slice_native!(src, dst, u128);\n     |             ------------------------------------------ in this macro invocation\n     |\n     = note: this error originates in the macro `unsafe_write_slice_native` (in Nightly builds, run with -Z macro-backtrace for more info)\nhelp: consider importing this macro\n     |\n73   + use core::assert_eq;\n     |\n\nerror: cannot find macro `assert` in this scope\n    --> /Users/graysonnocera/.cargo/registry/src/index.crates.io-6f17d22bba15001f/byteorder-1.4.3/src/lib.rs:1961:9\n     |\n1961 |         assert!($size == ::core::mem::size_of::<$ty>());\n     |         ^^^^^^\n...\n2321 |             write_slice!(src, dst, u128, 16, Self::write_u128);\n     |             -------------------------------------------------- in this macro invocation\n     |\n     = note: this error originates in the macro `write_slice` (in Nightly builds, run with -Z macro-backtrace for more info)\nhelp: consider importing this macro\n     |\n73   + use core::assert;\n     |\n\nerror: cannot find macro `assert_eq` in this scope\n    --> /Users/graysonnocera/.cargo/registry/src/index.crates.io-6f17d22bba15001f/byteorder-1.4.3/src/lib.rs:1962:9\n     |\n1962 |         assert_eq!($size * $src.len(), $dst.len());\n     |         ^^^^^^^^^\n...\n2321 |             write_slice!(src, dst, u128, 16, Self::write_u128);\n     |             -------------------------------------------------- in this macro invocation\n     |\n     = note: this error originates in the macro `write_slice` (in Nightly builds, run with -Z macro-backtrace for more info)\nhelp: consider importing this macro\n     |\n73   + use core::assert_eq;\n     |\n\nerror: cannot find macro `cfg` in this scope\n    --> /Users/graysonnocera/.cargo/registry/src/index.crates.io-6f17d22bba15001f/byteorder-1.4.3/src/lib.rs:2327:12\n     |\n2327 |         if cfg!(target_endian = \"big\") {\n     |            ^^^\n     |\n     = note: `cfg` is in scope, but it is an attribute: `#[cfg]`\nhelp: consider importing this macro\n     |\n73   + use core::cfg;\n     |\n\nerror: cannot find macro `cfg` in this scope\n    --> /Users/graysonnocera/.cargo/registry/src/index.crates.io-6f17d22bba15001f/byteorder-1.4.3/src/lib.rs:2336:12\n     |\n2336 |         if cfg!(target_endian = \"big\") {\n     |            ^^^\n     |\n     = note: `cfg` is in scope, but it is an attribute: `#[cfg]`\nhelp: consider importing this macro\n     |\n73   + use core::cfg;\n     |\n\nerror: cannot find macro `cfg` in this scope\n    --> /Users/graysonnocera/.cargo/registry/src/index.crates.io-6f17d22bba15001f/byteorder-1.4.3/src/lib.rs:2345:12\n     |\n2345 |         if cfg!(target_endian = \"big\") {\n     |            ^^^\n     |\n     = note: `cfg` is in scope, but it is an attribute: `#[cfg]`\nhelp: consider importing this macro\n     |\n73   + use core::cfg;\n     |\n\nerror: cannot find macro `cfg` in this scope\n    --> /Users/graysonnocera/.cargo/registry/src/index.crates.io-6f17d22bba15001f/byteorder-1.4.3/src/lib.rs:2354:12\n     |\n2354 |         if cfg!(target_endian = \"big\") {\n     |            ^^^\n     |\n     = note: `cfg` is in scope, but it is an attribute: `#[cfg]`\nhelp: consider importing this macro\n     |\n73   + use core::cfg;\n     |\n\nerror: cannot find macro `cfg` in this scope\n    --> /Users/graysonnocera/.cargo/registry/src/index.crates.io-6f17d22bba15001f/byteorder-1.4.3/src/lib.rs:2363:12\n     |\n2363 |         if cfg!(target_endian = \"big\") {\n     |            ^^^\n     |\n     = note: `cfg` is in scope, but it is an attribute: `#[cfg]`\nhelp: consider importing this macro\n     |\n73   + use core::cfg;\n     |\n\nerror: cannot find macro `cfg` in this scope\n    --> /Users/graysonnocera/.cargo/registry/src/index.crates.io-6f17d22bba15001f/byteorder-1.4.3/src/lib.rs:2375:12\n     |\n2375 |         if cfg!(target_endian = \"big\") {\n     |            ^^^\n     |\n     = note: `cfg` is in scope, but it is an attribute: `#[cfg]`\nhelp: consider importing this macro\n     |\n73   + use core::cfg;\n     |\n\nerror[E0425]: cannot find function, tuple struct or tuple variant `Ok` in this scope\n  --> /Users/graysonnocera/.cargo/registry/src/index.crates.io-6f17d22bba15001f/byteorder-1.4.3/src/io.rs:58:9\n   |\n58 |         Ok(buf[0])\n   |         ^^ not found in this scope\n   |\nhelp: consider importing this tuple variant\n   |\n1  + use core::result::Result::Ok;\n   |\n\nerror[E0425]: cannot find function, tuple struct or tuple variant `Ok` in this scope\n  --> /Users/graysonnocera/.cargo/registry/src/index.crates.io-6f17d22bba15001f/byteorder-1.4.3/src/io.rs:88:9\n   |\n88 |         Ok(buf[0] as i8)\n   |         ^^ not found in this scope\n   |\nhelp: consider importing this tuple variant\n   |\n1  + use core::result::Result::Ok;\n   |\n\nerror[E0425]: cannot find function, tuple struct or tuple variant `Ok` in this scope\n   --> /Users/graysonnocera/.cargo/registry/src/index.crates.io-6f17d22bba15001f/byteorder-1.4.3/src/io.rs:115:9\n    |\n115 |         Ok(T::read_u16(&buf))\n    |         ^^ not found in this scope\n    |\nhelp: consider importing this tuple variant\n    |\n1   + use core::result::Result::Ok;\n    |\n\nerror[E0425]: cannot find function, tuple struct or tuple variant `Ok` in this scope\n   --> /Users/graysonnocera/.cargo/registry/src/index.crates.io-6f17d22bba15001f/byteorder-1.4.3/src/io.rs:142:9\n    |\n142 |         Ok(T::read_i16(&buf))\n    |         ^^ not found in this scope\n    |\nhelp: consider importing this tuple variant\n    |\n1   + use core::result::Result::Ok;\n    |\n\nerror[E0425]: cannot find function, tuple struct or tuple variant `Ok` in this scope\n   --> /Users/graysonnocera/.cargo/registry/src/index.crates.io-6f17d22bba15001f/byteorder-1.4.3/src/io.rs:168:9\n    |\n168 |         Ok(T::read_u24(&buf))\n    |         ^^ not found in this scope\n    |\nhelp: consider importing this tuple variant\n    |\n1   + use core::result::Result::Ok;\n    |\n\nerror[E0425]: cannot find function, tuple struct or tuple variant `Ok` in this scope\n   --> /Users/graysonnocera/.cargo/registry/src/index.crates.io-6f17d22bba15001f/byteorder-1.4.3/src/io.rs:194:9\n    |\n194 |         Ok(T::read_i24(&buf))\n    |         ^^ not found in this scope\n    |\nhelp: consider importing this tuple variant\n    |\n1   + use core::result::Result::Ok;\n    |\n\nerror[E0425]: cannot find function, tuple struct or tuple variant `Ok` in this scope\n   --> /Users/graysonnocera/.cargo/registry/src/index.crates.io-6f17d22bba15001f/byteorder-1.4.3/src/io.rs:220:9\n    |\n220 |         Ok(T::read_u32(&buf))\n    |         ^^ not found in this scope\n    |\nhelp: consider importing this tuple variant\n    |\n1   + use core::result::Result::Ok;\n    |\n\nerror[E0425]: cannot find function, tuple struct or tuple variant `Ok` in this scope\n   --> /Users/graysonnocera/.cargo/registry/src/index.crates.io-6f17d22bba15001f/byteorder-1.4.3/src/io.rs:246:9\n    |\n246 |         Ok(T::read_i32(&buf))\n    |         ^^ not found in this scope\n    |\nhelp: consider importing this tuple variant\n    |\n1   + use core::result::Result::Ok;\n    |\n\nerror[E0425]: cannot find function, tuple struct or tuple variant `Ok` in this scope\n   --> /Users/graysonnocera/.cargo/registry/src/index.crates.io-6f17d22bba15001f/byteorder-1.4.3/src/io.rs:272:9\n    |\n272 |         Ok(T::read_u48(&buf))\n    |         ^^ not found in this scope\n    |\nhelp: consider importing this tuple variant\n    |\n1   + use core::result::Result::Ok;\n    |\n\nerror[E0425]: cannot find function, tuple struct or tuple variant `Ok` in this scope\n   --> /Users/graysonnocera/.cargo/registry/src/index.crates.io-6f17d22bba15001f/byteorder-1.4.3/src/io.rs:298:9\n    |\n298 |         Ok(T::read_i48(&buf))\n    |         ^^ not found in this scope\n    |\nhelp: consider importing this tuple variant\n    |\n1   + use core::result::Result::Ok;\n    |\n\nerror[E0425]: cannot find function, tuple struct or tuple variant `Ok` in this scope\n   --> /Users/graysonnocera/.cargo/registry/src/index.crates.io-6f17d22bba15001f/byteorder-1.4.3/src/io.rs:324:9\n    |\n324 |         Ok(T::read_u64(&buf))\n    |         ^^ not found in this scope\n    |\nhelp: consider importing this tuple variant\n    |\n1   + use core::result::Result::Ok;\n    |\n\nerror[E0425]: cannot find function, tuple struct or tuple variant `Ok` in this scope\n   --> /Users/graysonnocera/.cargo/registry/src/index.crates.io-6f17d22bba15001f/byteorder-1.4.3/src/io.rs:350:9\n    |\n350 |         Ok(T::read_i64(&buf))\n    |         ^^ not found in this scope\n    |\nhelp: consider importing this tuple variant\n    |\n1   + use core::result::Result::Ok;\n    |\n\nerror[E0425]: cannot find function, tuple struct or tuple variant `Ok` in this scope\n   --> /Users/graysonnocera/.cargo/registry/src/index.crates.io-6f17d22bba15001f/byteorder-1.4.3/src/io.rs:379:9\n    |\n379 |         Ok(T::read_u128(&buf))\n    |         ^^ not found in this scope\n    |\nhelp: consider importing this tuple variant\n    |\n1   + use core::result::Result::Ok;\n    |\n\nerror[E0425]: cannot find function, tuple struct or tuple variant `Ok` in this scope\n   --> /Users/graysonnocera/.cargo/registry/src/index.crates.io-6f17d22bba15001f/byteorder-1.4.3/src/io.rs:405:9\n    |\n405 |         Ok(T::read_i128(&buf))\n    |         ^^ not found in this scope\n    |\nhelp: consider importing this tuple variant\n    |\n1   + use core::result::Result::Ok;\n    |\n\nerror[E0425]: cannot find function, tuple struct or tuple variant `Ok` in this scope\n   --> /Users/graysonnocera/.cargo/registry/src/index.crates.io-6f17d22bba15001f/byteorder-1.4.3/src/io.rs:430:9\n    |\n430 |         Ok(T::read_uint(&buf[..nbytes], nbytes))\n    |         ^^ not found in this scope\n    |\nhelp: consider importing this tuple variant\n    |\n1   + use core::result::Result::Ok;\n    |\n\nerror[E0425]: cannot find function, tuple struct or tuple variant `Ok` in this scope\n   --> /Users/graysonnocera/.cargo/registry/src/index.crates.io-6f17d22bba15001f/byteorder-1.4.3/src/io.rs:455:9\n    |\n455 |         Ok(T::read_int(&buf[..nbytes], nbytes))\n    |         ^^ not found in this scope\n    |\nhelp: consider importing this tuple variant\n    |\n1   + use core::result::Result::Ok;\n    |\n\nerror[E0425]: cannot find function, tuple struct or tuple variant `Ok` in this scope\n   --> /Users/graysonnocera/.cargo/registry/src/index.crates.io-6f17d22bba15001f/byteorder-1.4.3/src/io.rs:463:9\n    |\n463 |         Ok(T::read_uint128(&buf[..nbytes], nbytes))\n    |         ^^ not found in this scope\n    |\nhelp: consider importing this tuple variant\n    |\n1   + use core::result::Result::Ok;\n    |\n\nerror[E0425]: cannot find function, tuple struct or tuple variant `Ok` in this scope\n   --> /Users/graysonnocera/.cargo/registry/src/index.crates.io-6f17d22bba15001f/byteorder-1.4.3/src/io.rs:471:9\n    |\n471 |         Ok(T::read_int128(&buf[..nbytes], nbytes))\n    |         ^^ not found in this scope\n    |\nhelp: consider importing this tuple variant\n    |\n1   + use core::result::Result::Ok;\n    |\n\nerror[E0425]: cannot find function, tuple struct or tuple variant `Ok` in this scope\n   --> /Users/graysonnocera/.cargo/registry/src/index.crates.io-6f17d22bba15001f/byteorder-1.4.3/src/io.rs:502:9\n    |\n502 |         Ok(T::read_f32(&buf))\n    |         ^^ not found in this scope\n    |\nhelp: consider importing this tuple variant\n    |\n1   + use core::result::Result::Ok;\n    |\n\nerror[E0425]: cannot find function, tuple struct or tuple variant `Ok` in this scope\n   --> /Users/graysonnocera/.cargo/registry/src/index.crates.io-6f17d22bba15001f/byteorder-1.4.3/src/io.rs:533:9\n    |\n533 |         Ok(T::read_f64(&buf))\n    |         ^^ not found in this scope\n    |\nhelp: consider importing this tuple variant\n    |\n1   + use core::result::Result::Ok;\n    |\n\nerror[E0425]: cannot find function, tuple struct or tuple variant `Ok` in this scope\n   --> /Users/graysonnocera/.cargo/registry/src/index.crates.io-6f17d22bba15001f/byteorder-1.4.3/src/io.rs:568:9\n    |\n568 |         Ok(())\n    |         ^^ not found in this scope\n    |\nhelp: consider importing this tuple variant\n    |\n1   + use core::result::Result::Ok;\n    |\n\nerror[E0425]: cannot find function, tuple struct or tuple variant `Ok` in this scope\n   --> /Users/graysonnocera/.cargo/registry/src/index.crates.io-6f17d22bba15001f/byteorder-1.4.3/src/io.rs:603:9\n    |\n603 |         Ok(())\n    |         ^^ not found in this scope\n    |\nhelp: consider importing this tuple variant\n    |\n1   + use core::result::Result::Ok;\n    |\n\nerror[E0425]: cannot find function, tuple struct or tuple variant `Ok` in this scope\n   --> /Users/graysonnocera/.cargo/registry/src/index.crates.io-6f17d22bba15001f/byteorder-1.4.3/src/io.rs:641:9\n    |\n641 |         Ok(())\n    |         ^^ not found in this scope\n    |\nhelp: consider importing this tuple variant\n    |\n1   + use core::result::Result::Ok;\n    |\n\nerror[E0425]: cannot find function, tuple struct or tuple variant `Ok` in this scope\n   --> /Users/graysonnocera/.cargo/registry/src/index.crates.io-6f17d22bba15001f/byteorder-1.4.3/src/io.rs:682:9\n    |\n682 |         Ok(())\n    |         ^^ not found in this scope\n    |\nhelp: consider importing this tuple variant\n    |\n1   + use core::result::Result::Ok;\n    |\n\nerror[E0425]: cannot find function, tuple struct or tuple variant `Ok` in this scope\n   --> /Users/graysonnocera/.cargo/registry/src/index.crates.io-6f17d22bba15001f/byteorder-1.4.3/src/io.rs:753:9\n    |\n753 |         Ok(())\n    |         ^^ not found in this scope\n    |\nhelp: consider importing this tuple variant\n    |\n1   + use core::result::Result::Ok;\n    |\n\nerror[E0425]: cannot find function, tuple struct or tuple variant `Ok` in this scope\n   --> /Users/graysonnocera/.cargo/registry/src/index.crates.io-6f17d22bba15001f/byteorder-1.4.3/src/io.rs:788:9\n    |\n788 |         Ok(())\n    |         ^^ not found in this scope\n    |\nhelp: consider importing this tuple variant\n    |\n1   + use core::result::Result::Ok;\n    |\n\nerror[E0425]: cannot find function, tuple struct or tuple variant `Ok` in this scope\n   --> /Users/graysonnocera/.cargo/registry/src/index.crates.io-6f17d22bba15001f/byteorder-1.4.3/src/io.rs:826:9\n    |\n826 |         Ok(())\n    |         ^^ not found in this scope\n    |\nhelp: consider importing this tuple variant\n    |\n1   + use core::result::Result::Ok;\n    |\n\nerror[E0425]: cannot find function, tuple struct or tuple variant `Ok` in this scope\n   --> /Users/graysonnocera/.cargo/registry/src/index.crates.io-6f17d22bba15001f/byteorder-1.4.3/src/io.rs:867:9\n    |\n867 |         Ok(())\n    |         ^^ not found in this scope\n    |\nhelp: consider importing this tuple variant\n    |\n1   + use core::result::Result::Ok;\n    |\n\nerror[E0425]: cannot find function, tuple struct or tuple variant `Ok` in this scope\n   --> /Users/graysonnocera/.cargo/registry/src/index.crates.io-6f17d22bba15001f/byteorder-1.4.3/src/io.rs:908:9\n    |\n908 |         Ok(())\n    |         ^^ not found in this scope\n    |\nhelp: consider importing this tuple variant\n    |\n1   + use core::result::Result::Ok;\n    |\n\nerror[E0425]: cannot find function, tuple struct or tuple variant `Ok` in this scope\n   --> /Users/graysonnocera/.cargo/registry/src/index.crates.io-6f17d22bba15001f/byteorder-1.4.3/src/io.rs:993:9\n    |\n993 |         Ok(())\n    |         ^^ not found in this scope\n    |\nhelp: consider importing this tuple variant\n    |\n1   + use core::result::Result::Ok;\n    |\n\nerror[E0405]: cannot find trait `Sized` in this scope\n    --> /Users/graysonnocera/.cargo/registry/src/index.crates.io-6f17d22bba15001f/byteorder-1.4.3/src/io.rs:1049:21\n     |\n1049 | impl<R: io::Read + ?Sized> ReadBytesExt for R {}\n     |                     ^^^^^ not found in this scope\n     |\nhelp: consider importing this trait\n     |\n1    + use core::marker::Sized;\n     |\n\nerror[E0405]: cannot find trait `Sized` in this scope\n    --> /Users/graysonnocera/.cargo/registry/src/index.crates.io-6f17d22bba15001f/byteorder-1.4.3/src/io.rs:1579:22\n     |\n1579 | impl<W: io::Write + ?Sized> WriteBytesExt for W {}\n     |                      ^^^^^ not found in this scope\n     |\nhelp: consider importing this trait\n     |\n1    + use core::marker::Sized;\n     |\n\nerror[E0405]: cannot find trait `Copy` in this scope\n    --> /Users/graysonnocera/.cargo/registry/src/index.crates.io-6f17d22bba15001f/byteorder-1.4.3/src/io.rs:1587:30\n     |\n1587 | unsafe fn slice_to_u8_mut<T: Copy>(slice: &mut [T]) -> &mut [u8] {\n     |                              ^^^^ not found in this scope\n     |\nhelp: consider importing this trait\n     |\n1    + use core::marker::Copy;\n     |\n\nerror[E0405]: cannot find trait `Clone` in this scope\n   --> /Users/graysonnocera/.cargo/registry/src/index.crates.io-6f17d22bba15001f/byteorder-1.4.3/src/lib.rs:209:5\n    |\n209 |     Clone\n    |     ^^^^^ not found in this scope\n    |\nhelp: consider importing this trait\n    |\n73  + use core::clone::Clone;\n    |\n\nerror[E0405]: cannot find trait `Copy` in this scope\n   --> /Users/graysonnocera/.cargo/registry/src/index.crates.io-6f17d22bba15001f/byteorder-1.4.3/src/lib.rs:210:7\n    |\n210 |     + Copy\n    |       ^^^^ not found in this scope\n    |\nhelp: consider importing this trait\n    |\n73  + use core::marker::Copy;\n    |\n\nerror[E0405]: cannot find trait `Default` in this scope\n   --> /Users/graysonnocera/.cargo/registry/src/index.crates.io-6f17d22bba15001f/byteorder-1.4.3/src/lib.rs:212:7\n    |\n212 |     + Default\n    |       ^^^^^^^ not found in this scope\n    |\nhelp: consider importing this trait\n    |\n73  + use core::default::Default;\n    |\n\nerror[E0405]: cannot find trait `Eq` in this scope\n   --> /Users/graysonnocera/.cargo/registry/src/index.crates.io-6f17d22bba15001f/byteorder-1.4.3/src/lib.rs:213:7\n    |\n213 |     + Eq\n    |       ^^ not found in this scope\n    |\nhelp: consider importing this trait\n    |\n73  + use core::cmp::Eq;\n    |\n\nerror[E0405]: cannot find trait `Ord` in this scope\n   --> /Users/graysonnocera/.cargo/registry/src/index.crates.io-6f17d22bba15001f/byteorder-1.4.3/src/lib.rs:215:7\n    |\n215 |     + Ord\n    |       ^^^ not found in this scope\n    |\nhelp: consider importing this trait\n    |\n73  + use core::cmp::Ord;\n    |\n\nerror[E0405]: cannot find trait `PartialEq` in this scope\n   --> /Users/graysonnocera/.cargo/registry/src/index.crates.io-6f17d22bba15001f/byteorder-1.4.3/src/lib.rs:216:7\n    |\n216 |     + PartialEq\n    |       ^^^^^^^^^ not found in this scope\n    |\nhelp: consider importing this trait\n    |\n73  + use core::cmp::PartialEq;\n    |\n\nerror[E0405]: cannot find trait `PartialOrd` in this scope\n   --> /Users/graysonnocera/.cargo/registry/src/index.crates.io-6f17d22bba15001f/byteorder-1.4.3/src/lib.rs:217:7\n    |\n217 |     + PartialOrd\n    |       ^^^^^^^^^^ not found in this scope\n    |\nhelp: consider importing this trait\n    |\n73  + use core::cmp::PartialOrd;\n    |\n\nerror[E0405]: cannot find trait `Default` in this scope\n    --> /Users/graysonnocera/.cargo/registry/src/index.crates.io-6f17d22bba15001f/byteorder-1.4.3/src/lib.rs:1809:6\n     |\n1809 | impl Default for BigEndian {\n     |      ^^^^^^^ not found in this scope\n     |\nhelp: consider importing this trait\n     |\n73   + use core::default::Default;\n     |\n\nerror[E0405]: cannot find trait `Default` in this scope\n    --> /Users/graysonnocera/.cargo/registry/src/index.crates.io-6f17d22bba15001f/byteorder-1.4.3/src/lib.rs:1839:6\n     |\n1839 | impl Default for LittleEndian {\n     |      ^^^^^^^ not found in this scope\n     |\nhelp: consider importing this trait\n     |\n73   + use core::default::Default;\n     |\n\nSome errors have detailed explanations: E0405, E0425, E0463.\nFor more information about an error, try `rustc --explain E0405`.\nerror: could not compile `byteorder` (lib) due to 121 previous errors\n",
      "stdout": ""
    },
    "features": [
      "std"
    ],
    "project": "../../../Downloads/695-Project/dataset/nostd-failed-crates/crates/embedded_font-0.1.3/src",
    "time_to_build": 486,
    "time_to_solve": 24
  }
]