[
  {
    "built_with_features": null,
    "command": {
      "args": [
        "build",
        "--target",
        "thumbv7m-none-eabi",
        "--no-default-features"
      ],
      "code": 101,
      "stderr": "   Compiling winnow v0.6.20\n   Compiling bytes v1.9.0\n   Compiling byte-slice-cast v1.2.2\n   Compiling arrayvec v0.7.6\n   Compiling syn v1.0.109\n   Compiling memchr v2.7.4\n   Compiling regex-syntax v0.8.5\n   Compiling byteorder v1.5.0\n   Compiling syn v2.0.90\n   Compiling crunchy v0.2.2\n   Compiling sp-std v12.0.0\n   Compiling serde v1.0.215\n   Compiling lazy_static v1.5.0\n   Compiling generic-array v0.12.4\n   Compiling ref-cast v1.0.23\n   Compiling static_assertions v1.1.0\n   Compiling serde_json v1.0.133\n   Compiling winnow v0.5.40\n   Compiling aho-corasick v1.1.3\n   Compiling ryu v1.0.18\n   Compiling itoa v1.0.14\n   Compiling byte-tools v0.3.1\n   Compiling digest v0.8.1\n   Compiling tracing-core v0.1.33\n   Compiling block-padding v0.1.5\n   Compiling hex v0.4.3\n   Compiling rand_core v0.5.1\n   Compiling pin-project-lite v0.2.15\n   Compiling unicode-xid v0.2.6\n   Compiling once_cell v1.20.2\n   Compiling uint v0.9.5\n   Compiling block-buffer v0.7.3\n   Compiling fixed-hash v0.8.0\n   Compiling keccak v0.1.5\n   Compiling tracing v0.1.41\n   Compiling environmental v1.1.4\n   Compiling rustversion v1.0.18\n   Compiling subtle v2.4.1\n   Compiling fake-simd v0.1.2\n   Compiling paste v1.0.15\n   Compiling opaque-debug v0.2.3\n   Compiling num-traits v0.2.19\n   Compiling sha2 v0.8.2\n   Compiling arrayvec v0.5.2\n   Compiling arrayref v0.3.9\n   Compiling log v0.4.22\n   Compiling hash256-std-hasher v0.15.2\n   Compiling toml_edit v0.22.22\n   Compiling hash-db v0.16.0\n   Compiling bitflags v1.3.2\n   Compiling substrate-typenum v1.16.0\n   Compiling substrate-fixed v0.5.9\n   Compiling sp-io v27.0.0\n   Compiling smallvec v1.13.2\n   Compiling regex-automata v0.4.9\n   Compiling toml_edit v0.19.15\n   Compiling either v1.13.0\n   Compiling integer-sqrt v0.1.5\n   Compiling array-bytes v6.2.3\n   Compiling proc-macro-crate v3.2.0\n   Compiling proc-macro-crate v1.3.1\n   Compiling parity-scale-codec-derive v3.6.12\n   Compiling regex v1.11.1\n   Compiling Inflector v0.11.4\n   Compiling impl-trait-for-tuples v0.2.3\n   Compiling derive_more-impl v1.0.0\n   Compiling scale-info-derive v2.11.6\n   Compiling serde_derive v1.0.215\n   Compiling zeroize_derive v1.4.2\n   Compiling ref-cast-impl v1.0.23\n   Compiling sp-debug-derive v12.0.0\n   Compiling sp-runtime-interface-proc-macro v15.0.0\n   Compiling zeroize v1.8.1\n   Compiling merlin v2.0.1\n   Compiling curve25519-dalek v2.1.3\n   Compiling secrecy v0.8.0\n   Compiling derive_more v1.0.0\n   Compiling parity-scale-codec v3.6.12\n   Compiling schnorrkel v0.9.1\n   Compiling scale-info v2.11.6\n   Compiling impl-codec v0.6.0\n   Compiling sp-storage v17.0.0\n   Compiling sp-tracing v14.0.0\n   Compiling sp-wasm-interface v18.0.0\n   Compiling sp-externalities v0.23.0\n   Compiling primitive-types v0.12.2\n   Compiling bounded-collections v0.1.9\n   Compiling sp-arithmetic v20.0.0\n   Compiling sp-runtime-interface v21.0.0\n   Compiling ss58-registry v1.51.0\n   Compiling sp-core v25.0.0\n   Compiling sp-weights v24.0.0\nerror[E0433]: failed to resolve: could not find `wasm32` in `arch`\n    --> /Users/graysonnocera/.cargo/registry/src/index.crates.io-6f17d22bba15001f/sp-io-27.0.0/src/lib.rs:1777:15\n     |\n1777 |         core::arch::wasm32::unreachable();\n     |                     ^^^^^^ could not find `wasm32` in `arch`\n\nerror[E0308]: mismatched types\n    --> /Users/graysonnocera/.cargo/registry/src/index.crates.io-6f17d22bba15001f/sp-io-27.0.0/src/lib.rs:1775:2\n     |\n1775 | /     {\n1776 | |         logging::log(LogLevel::Error, \"runtime\", message.as_bytes());\n1777 | |         core::arch::wasm32::unreachable();\n1778 | |     }\n     | |_____^ expected `!`, found `()`\n     |\n     = note:   expected type `!`\n             found unit type `()`\n\nSome errors have detailed explanations: E0308, E0433.\nFor more information about an error, try `rustc --explain E0308`.\nerror: could not compile `sp-io` (lib) due to 2 previous errors\n",
      "stdout": ""
    },
    "features": [
      "std"
    ],
    "project": "../../../Downloads/695-Project/dataset/nostd-failed-crates/crates/ep-core-3.0.2/src",
    "time_to_build": 12177,
    "time_to_solve": 33
  }
]