[
  {
    "built_with_features": "alloc",
    "command": {
      "args": [
        "build",
        "--target",
        "thumbv7m-none-eabi",
        "--no-default-features",
        "--features",
        "alloc"
      ],
      "code": 101,
      "stderr": "   Compiling anyhow v1.0.79\n   Compiling sealed v0.5.0\nerror[E0463]: can't find crate for `std`\n  |\n  = note: the `thumbv7m-none-eabi` target may not support the standard library\n  = note: `std` is required by `anyhow` because it does not declare `#![no_std]`\n\nerror[E0463]: can't find crate for `std`\n --> /Users/graysonnocera/.cargo/registry/src/index.crates.io-6f17d22bba15001f/anyhow-1.0.79/src/backtrace.rs:2:16\n  |\n2 | pub(crate) use std::backtrace::{Backtrace, BacktraceStatus};\n  |                ^^^ can't find crate\n  |\n  = note: the `thumbv7m-none-eabi` target may not support the standard library\n\nerror[E0463]: can't find crate for `std`\n --> /Users/graysonnocera/.cargo/registry/src/index.crates.io-6f17d22bba15001f/anyhow-1.0.79/src/chain.rs:5:5\n  |\n5 | use std::vec;\n  |     ^^^ can't find crate\n  |\n  = note: the `thumbv7m-none-eabi` target may not support the standard library\n\nerror[E0463]: can't find crate for `std`\n   --> /Users/graysonnocera/.cargo/registry/src/index.crates.io-6f17d22bba15001f/anyhow-1.0.79/src/lib.rs:269:5\n    |\n269 | use std::error::Error as StdError;\n    |     ^^^ can't find crate\n    |\n    = note: the `thumbv7m-none-eabi` target may not support the standard library\n\nerror[E0432]: unresolved imports `crate::StdError`, `crate::StdError`, `crate::backtrace::Backtrace`, `crate::StdError`, `crate::backtrace::BacktraceStatus`, `crate::StdError`, `crate::StdError`\n  --> /Users/graysonnocera/.cargo/registry/src/index.crates.io-6f17d22bba15001f/anyhow-1.0.79/src/chain.rs:2:5\n   |\n2  | use crate::StdError;\n   |     ^^^^^^^^^^^^^^^\n   |\n  ::: /Users/graysonnocera/.cargo/registry/src/index.crates.io-6f17d22bba15001f/anyhow-1.0.79/src/context.rs:2:29\n   |\n2  | use crate::{Context, Error, StdError};\n   |                             ^^^^^^^^\n   |\n  ::: /Users/graysonnocera/.cargo/registry/src/index.crates.io-6f17d22bba15001f/anyhow-1.0.79/src/error.rs:1:5\n   |\n1  | use crate::backtrace::Backtrace;\n   |     ^^^^^^^^^^^^^^^^^^^^^^^^^^^\n...\n6  | use crate::{Error, StdError};\n   |                    ^^^^^^^^\n   |\n  ::: /Users/graysonnocera/.cargo/registry/src/index.crates.io-6f17d22bba15001f/anyhow-1.0.79/src/fmt.rs:45:17\n   |\n45 |             use crate::backtrace::BacktraceStatus;\n   |                 ^^^^^^^^^^^^^^^^^^^^^^^^^^^^^^^^^\n   |\n  ::: /Users/graysonnocera/.cargo/registry/src/index.crates.io-6f17d22bba15001f/anyhow-1.0.79/src/kind.rs:51:5\n   |\n51 | use crate::StdError;\n   |     ^^^^^^^^^^^^^^^\n   |\n  ::: /Users/graysonnocera/.cargo/registry/src/index.crates.io-6f17d22bba15001f/anyhow-1.0.79/src/wrapper.rs:1:5\n   |\n1  | use crate::StdError;\n   |     ^^^^^^^^^^^^^^^\n\nerror: cannot find attribute `derive` in this scope\n  --> /Users/graysonnocera/.cargo/registry/src/index.crates.io-6f17d22bba15001f/anyhow-1.0.79/src/chain.rs:15:3\n   |\n15 | #[derive(Clone)]\n   |   ^^^^^^\n   |\nhelp: consider importing this attribute macro\n   |\n1  + use core::prelude::rust_2024::derive;\n   |\n\nerror: cannot find macro `format_args` in this scope\n   --> /Users/graysonnocera/.cargo/registry/src/index.crates.io-6f17d22bba15001f/anyhow-1.0.79/src/context.rs:174:43\n    |\n174 |         Quoted(&mut *formatter).write_fmt(format_args!(\"{}\", self.0))?;\n    |                                           ^^^^^^^^^^^\n    |\nhelp: consider importing one of these macros\n    |\n1   + use crate::__private::format_args;\n    |\n1   + use core::format_args;\n    |\n\nerror: cannot find macro `format_args` in this scope\n  --> /Users/graysonnocera/.cargo/registry/src/index.crates.io-6f17d22bba15001f/anyhow-1.0.79/src/ensure.rs:83:33\n   |\n83 |     if fmt::write(&mut lhs_buf, format_args!(\"{:?}\", lhs)).is_ok() {\n   |                                 ^^^^^^^^^^^\n   |\nhelp: consider importing one of these macros\n   |\n1  + use crate::__private::format_args;\n   |\n1  + use core::format_args;\n   |\n\nerror: cannot find macro `format_args` in this scope\n  --> /Users/graysonnocera/.cargo/registry/src/index.crates.io-6f17d22bba15001f/anyhow-1.0.79/src/ensure.rs:85:37\n   |\n85 |         if fmt::write(&mut rhs_buf, format_args!(\"{:?}\", rhs)).is_ok() {\n   |                                     ^^^^^^^^^^^\n   |\nhelp: consider importing one of these macros\n   |\n1  + use crate::__private::format_args;\n   |\n1  + use core::format_args;\n   |\n\nerror: cannot find macro `write` in this scope\n --> /Users/graysonnocera/.cargo/registry/src/index.crates.io-6f17d22bba15001f/anyhow-1.0.79/src/fmt.rs:8:9\n  |\n8 |         write!(f, \"{}\", unsafe { Self::error(this) })?;\n  |         ^^^^^\n  |\nhelp: consider importing this macro\n  |\n1 + use core::write;\n  |\n\nerror: cannot find macro `write` in this scope\n  --> /Users/graysonnocera/.cargo/registry/src/index.crates.io-6f17d22bba15001f/anyhow-1.0.79/src/fmt.rs:13:17\n   |\n13 |                 write!(f, \": {}\", cause)?;\n   |                 ^^^^^\n   |\nhelp: consider importing this macro\n   |\n1  + use core::write;\n   |\n\nerror: cannot find macro `write` in this scope\n  --> /Users/graysonnocera/.cargo/registry/src/index.crates.io-6f17d22bba15001f/anyhow-1.0.79/src/fmt.rs:27:9\n   |\n27 |         write!(f, \"{}\", error)?;\n   |         ^^^^^\n   |\nhelp: consider importing this macro\n   |\n1  + use core::write;\n   |\n\nerror: cannot find macro `write` in this scope\n  --> /Users/graysonnocera/.cargo/registry/src/index.crates.io-6f17d22bba15001f/anyhow-1.0.79/src/fmt.rs:30:13\n   |\n30 |             write!(f, \"\\n\\nCaused by:\")?;\n   |             ^^^^^\n   |\nhelp: consider importing this macro\n   |\n1  + use core::write;\n   |\n\nerror: cannot find macro `writeln` in this scope\n  --> /Users/graysonnocera/.cargo/registry/src/index.crates.io-6f17d22bba15001f/anyhow-1.0.79/src/fmt.rs:33:17\n   |\n33 |                 writeln!(f)?;\n   |                 ^^^^^^^\n   |\nhelp: consider importing this macro\n   |\n1  + use core::writeln;\n   |\n\nerror: cannot find macro `write` in this scope\n  --> /Users/graysonnocera/.cargo/registry/src/index.crates.io-6f17d22bba15001f/anyhow-1.0.79/src/fmt.rs:39:17\n   |\n39 |                 write!(indented, \"{}\", error)?;\n   |                 ^^^^^\n   |\nhelp: consider importing this macro\n   |\n1  + use core::write;\n   |\n\nerror: cannot find macro `write` in this scope\n  --> /Users/graysonnocera/.cargo/registry/src/index.crates.io-6f17d22bba15001f/anyhow-1.0.79/src/fmt.rs:50:17\n   |\n50 |                 write!(f, \"\\n\\n\")?;\n   |                 ^^^^^\n   |\nhelp: consider importing this macro\n   |\n1  + use core::write;\n   |\n\nerror: cannot find macro `writeln` in this scope\n  --> /Users/graysonnocera/.cargo/registry/src/index.crates.io-6f17d22bba15001f/anyhow-1.0.79/src/fmt.rs:57:21\n   |\n57 |                     writeln!(f, \"Stack backtrace:\")?;\n   |                     ^^^^^^^\n   |\nhelp: consider importing this macro\n   |\n1  + use core::writeln;\n   |\n\nerror: cannot find macro `write` in this scope\n  --> /Users/graysonnocera/.cargo/registry/src/index.crates.io-6f17d22bba15001f/anyhow-1.0.79/src/fmt.rs:60:17\n   |\n60 |                 write!(f, \"{}\", backtrace)?;\n   |                 ^^^^^\n   |\nhelp: consider importing this macro\n   |\n1  + use core::write;\n   |\n\nerror: cannot find macro `write` in this scope\n  --> /Users/graysonnocera/.cargo/registry/src/index.crates.io-6f17d22bba15001f/anyhow-1.0.79/src/fmt.rs:83:37\n   |\n83 |                     Some(number) => write!(self.inner, \"{: >5}: \", number)?,\n   |                                     ^^^^^\n   |\nhelp: consider importing this macro\n   |\n1  + use core::write;\n   |\n\nerror: cannot find attribute `derive` in this scope\n   --> /Users/graysonnocera/.cargo/registry/src/index.crates.io-6f17d22bba15001f/anyhow-1.0.79/src/lib.rs:408:3\n    |\n408 | #[derive(Clone)]\n    |   ^^^^^^\n    |\nhelp: consider importing this attribute macro\n    |\n261 + use core::prelude::rust_2024::derive;\n    |\n\nerror[E0463]: can't find crate for `std`\n  --> /Users/graysonnocera/.cargo/registry/src/index.crates.io-6f17d22bba15001f/anyhow-1.0.79/src/context.rs:21:12\n   |\n21 |         E: std::error::Error + Send + Sync + 'static,\n   |            ^^^ can't find crate\n   |\n   = note: the `thumbv7m-none-eabi` target may not support the standard library\n\nerror[E0463]: can't find crate for `std`\n  --> /Users/graysonnocera/.cargo/registry/src/index.crates.io-6f17d22bba15001f/anyhow-1.0.79/src/backtrace.rs:13:9\n   |\n13 |         std::backtrace::Backtrace\n   |         ^^^ can't find crate\n   |\n   = note: the `thumbv7m-none-eabi` target may not support the standard library\n\nerror[E0405]: cannot find trait `Send` in this scope\n   --> /Users/graysonnocera/.cargo/registry/src/index.crates.io-6f17d22bba15001f/anyhow-1.0.79/src/backtrace.rs:403:19\n    |\n403 |     fn _assert<T: Send + Sync>() {}\n    |                   ^^^^ not found in this scope\n    |\nhelp: consider importing this trait\n    |\n1   + use core::marker::Send;\n    |\n\nerror[E0405]: cannot find trait `Sync` in this scope\n   --> /Users/graysonnocera/.cargo/registry/src/index.crates.io-6f17d22bba15001f/anyhow-1.0.79/src/backtrace.rs:403:26\n    |\n403 |     fn _assert<T: Send + Sync>() {}\n    |                          ^^^^ not found in this scope\n    |\nhelp: consider importing this trait\n    |\n1   + use core::marker::Sync;\n    |\n\nerror[E0412]: cannot find type `Option` in this scope\n  --> /Users/graysonnocera/.cargo/registry/src/index.crates.io-6f17d22bba15001f/anyhow-1.0.79/src/chain.rs:18:15\n   |\n18 |         next: Option<&'a (dyn StdError + 'static)>,\n   |               ^^^^^^ not found in this scope\n   |\nhelp: consider importing this enum\n   |\n1  + use core::option::Option;\n   |\n\nerror[E0425]: cannot find function, tuple struct or tuple variant `Some` in this scope\n  --> /Users/graysonnocera/.cargo/registry/src/index.crates.io-6f17d22bba15001f/anyhow-1.0.79/src/chain.rs:30:47\n   |\n30 |             state: ChainState::Linked { next: Some(head) },\n   |                                               ^^^^ not found in this scope\n   |\nhelp: consider importing this tuple variant\n   |\n1  + use core::option::Option::Some;\n   |\n\nerror[E0405]: cannot find trait `Iterator` in this scope\n  --> /Users/graysonnocera/.cargo/registry/src/index.crates.io-6f17d22bba15001f/anyhow-1.0.79/src/chain.rs:35:10\n   |\n35 | impl<'a> Iterator for Chain<'a> {\n   |          ^^^^^^^^ not found in this scope\n   |\nhelp: consider importing this trait\n   |\n1  + use core::iter::Iterator;\n   |\n\nerror[E0412]: cannot find type `Option` in this scope\n  --> /Users/graysonnocera/.cargo/registry/src/index.crates.io-6f17d22bba15001f/anyhow-1.0.79/src/chain.rs:38:27\n   |\n38 |     fn next(&mut self) -> Option<Self::Item> {\n   |                           ^^^^^^ not found in this scope\n   |\nhelp: consider importing this enum\n   |\n1  + use core::option::Option;\n   |\n\nerror[E0425]: cannot find function, tuple struct or tuple variant `Some` in this scope\n  --> /Users/graysonnocera/.cargo/registry/src/index.crates.io-6f17d22bba15001f/anyhow-1.0.79/src/chain.rs:43:17\n   |\n43 |                 Some(error)\n   |                 ^^^^ not found in this scope\n   |\nhelp: consider importing this tuple variant\n   |\n1  + use core::option::Option::Some;\n   |\n\nerror[E0412]: cannot find type `Option` in this scope\n  --> /Users/graysonnocera/.cargo/registry/src/index.crates.io-6f17d22bba15001f/anyhow-1.0.79/src/chain.rs:50:36\n   |\n50 |     fn size_hint(&self) -> (usize, Option<usize>) {\n   |                                    ^^^^^^ not found in this scope\n   |\nhelp: consider importing this enum\n   |\n1  + use core::option::Option;\n   |\n\nerror[E0425]: cannot find function, tuple struct or tuple variant `Some` in this scope\n  --> /Users/graysonnocera/.cargo/registry/src/index.crates.io-6f17d22bba15001f/anyhow-1.0.79/src/chain.rs:52:15\n   |\n52 |         (len, Some(len))\n   |               ^^^^ not found in this scope\n   |\nhelp: consider importing this tuple variant\n   |\n1  + use core::option::Option::Some;\n   |\n\nerror[E0405]: cannot find trait `DoubleEndedIterator` in this scope\n  --> /Users/graysonnocera/.cargo/registry/src/index.crates.io-6f17d22bba15001f/anyhow-1.0.79/src/chain.rs:57:6\n   |\n57 | impl DoubleEndedIterator for Chain<'_> {\n   |      ^^^^^^^^^^^^^^^^^^^ not found in this scope\n   |\nhelp: consider importing this trait\n   |\n1  + use core::iter::DoubleEndedIterator;\n   |\n\nerror[E0412]: cannot find type `Option` in this scope\n  --> /Users/graysonnocera/.cargo/registry/src/index.crates.io-6f17d22bba15001f/anyhow-1.0.79/src/chain.rs:58:32\n   |\n58 |     fn next_back(&mut self) -> Option<Self::Item> {\n   |                                ^^^^^^ not found in this scope\n   |\nhelp: consider importing this enum\n   |\n1  + use core::option::Option;\n   |\n\nerror[E0433]: failed to resolve: use of undeclared type `Vec`\n  --> /Users/graysonnocera/.cargo/registry/src/index.crates.io-6f17d22bba15001f/anyhow-1.0.79/src/chain.rs:61:32\n   |\n61 |                 let mut rest = Vec::new();\n   |                                ^^^ use of undeclared type `Vec`\n   |\nhelp: consider importing this struct\n   |\n1  + use alloc::vec::Vec;\n   |\n\nerror[E0531]: cannot find tuple struct or tuple variant `Some` in this scope\n  --> /Users/graysonnocera/.cargo/registry/src/index.crates.io-6f17d22bba15001f/anyhow-1.0.79/src/chain.rs:62:27\n   |\n62 |                 while let Some(cause) = next {\n   |                           ^^^^ not found in this scope\n   |\nhelp: consider importing this tuple variant\n   |\n1  + use core::option::Option::Some;\n   |\n\nerror[E0405]: cannot find trait `ExactSizeIterator` in this scope\n  --> /Users/graysonnocera/.cargo/registry/src/index.crates.io-6f17d22bba15001f/anyhow-1.0.79/src/chain.rs:76:6\n   |\n76 | impl ExactSizeIterator for Chain<'_> {\n   |      ^^^^^^^^^^^^^^^^^ not found in this scope\n   |\nhelp: consider importing this trait\n   |\n1  + use core::iter::ExactSizeIterator;\n   |\n\nerror[E0531]: cannot find tuple struct or tuple variant `Some` in this scope\n  --> /Users/graysonnocera/.cargo/registry/src/index.crates.io-6f17d22bba15001f/anyhow-1.0.79/src/chain.rs:81:27\n   |\n81 |                 while let Some(cause) = next {\n   |                           ^^^^ not found in this scope\n   |\nhelp: consider importing this tuple variant\n   |\n1  + use core::option::Option::Some;\n   |\n\nerror[E0405]: cannot find trait `Default` in this scope\n  --> /Users/graysonnocera/.cargo/registry/src/index.crates.io-6f17d22bba15001f/anyhow-1.0.79/src/chain.rs:94:6\n   |\n94 | impl Default for Chain<'_> {\n   |      ^^^^^^^ not found in this scope\n   |\nhelp: consider importing this trait\n   |\n1  + use core::default::Default;\n   |\n\nerror[E0433]: failed to resolve: use of undeclared type `Vec`\n  --> /Users/graysonnocera/.cargo/registry/src/index.crates.io-6f17d22bba15001f/anyhow-1.0.79/src/chain.rs:98:23\n   |\n98 |                 rest: Vec::new().into_iter(),\n   |                       ^^^ use of undeclared type `Vec`\n   |\nhelp: consider importing this struct\n   |\n1  + use alloc::vec::Vec;\n   |\n\nerror[E0405]: cannot find trait `Send` in this scope\n  --> /Users/graysonnocera/.cargo/registry/src/index.crates.io-6f17d22bba15001f/anyhow-1.0.79/src/context.rs:15:26\n   |\n15 |             C: Display + Send + Sync + 'static;\n   |                          ^^^^ not found in this scope\n   |\nhelp: consider importing this trait\n   |\n10 +     use core::marker::Send;\n   |\n\nerror[E0405]: cannot find trait `Sync` in this scope\n  --> /Users/graysonnocera/.cargo/registry/src/index.crates.io-6f17d22bba15001f/anyhow-1.0.79/src/context.rs:15:33\n   |\n15 |             C: Display + Send + Sync + 'static;\n   |                                 ^^^^ not found in this scope\n   |\nhelp: consider importing this trait\n   |\n10 +     use core::marker::Sync;\n   |\n\nerror[E0405]: cannot find trait `Send` in this scope\n  --> /Users/graysonnocera/.cargo/registry/src/index.crates.io-6f17d22bba15001f/anyhow-1.0.79/src/context.rs:21:32\n   |\n21 |         E: std::error::Error + Send + Sync + 'static,\n   |                                ^^^^ not found in this scope\n   |\nhelp: consider importing this trait\n   |\n10 +     use core::marker::Send;\n   |\n\nerror[E0405]: cannot find trait `Sync` in this scope\n  --> /Users/graysonnocera/.cargo/registry/src/index.crates.io-6f17d22bba15001f/anyhow-1.0.79/src/context.rs:21:39\n   |\n21 |         E: std::error::Error + Send + Sync + 'static,\n   |                                       ^^^^ not found in this scope\n   |\nhelp: consider importing this trait\n   |\n10 +     use core::marker::Sync;\n   |\n\nerror[E0405]: cannot find trait `Send` in this scope\n  --> /Users/graysonnocera/.cargo/registry/src/index.crates.io-6f17d22bba15001f/anyhow-1.0.79/src/context.rs:25:26\n   |\n25 |             C: Display + Send + Sync + 'static,\n   |                          ^^^^ not found in this scope\n   |\nhelp: consider importing this trait\n   |\n10 +     use core::marker::Send;\n   |\n\nerror[E0405]: cannot find trait `Sync` in this scope\n  --> /Users/graysonnocera/.cargo/registry/src/index.crates.io-6f17d22bba15001f/anyhow-1.0.79/src/context.rs:25:33\n   |\n25 |             C: Display + Send + Sync + 'static,\n   |                                 ^^^^ not found in this scope\n   |\nhelp: consider importing this trait\n   |\n10 +     use core::marker::Sync;\n   |\n\nerror[E0425]: cannot find function, tuple struct or tuple variant `Some` in this scope\n  --> /Users/graysonnocera/.cargo/registry/src/index.crates.io-6f17d22bba15001f/anyhow-1.0.79/src/backtrace.rs:27:9\n   |\n27 |         Some(crate::backtrace::Backtrace::capture())\n   |         ^^^^ not found in this scope\n   |\n  ::: /Users/graysonnocera/.cargo/registry/src/index.crates.io-6f17d22bba15001f/anyhow-1.0.79/src/context.rs:27:29\n   |\n27 |             let backtrace = backtrace_if_absent!(&self);\n   |                             --------------------------- in this macro invocation\n   |\n   = note: this error originates in the macro `backtrace` which comes from the expansion of the macro `backtrace_if_absent` (in Nightly builds, run with -Z macro-backtrace for more info)\nhelp: consider importing this tuple variant\n  --> /Users/graysonnocera/.cargo/registry/src/index.crates.io-6f17d22bba15001f/anyhow-1.0.79/src/context.rs:10:5\n   |\n10 +     use core::option::Option::Some;\n   |\n\nerror[E0405]: cannot find trait `Send` in this scope\n  --> /Users/graysonnocera/.cargo/registry/src/index.crates.io-6f17d22bba15001f/anyhow-1.0.79/src/context.rs:35:26\n   |\n35 |             C: Display + Send + Sync + 'static,\n   |                          ^^^^ not found in this scope\n   |\nhelp: consider importing this trait\n   |\n10 +     use core::marker::Send;\n   |\n\nerror[E0405]: cannot find trait `Sync` in this scope\n  --> /Users/graysonnocera/.cargo/registry/src/index.crates.io-6f17d22bba15001f/anyhow-1.0.79/src/context.rs:35:33\n   |\n35 |             C: Display + Send + Sync + 'static,\n   |                                 ^^^^ not found in this scope\n   |\nhelp: consider importing this trait\n   |\n10 +     use core::marker::Sync;\n   |\n\nerror[E0412]: cannot find type `Result` in this scope\n  --> /Users/graysonnocera/.cargo/registry/src/index.crates.io-6f17d22bba15001f/anyhow-1.0.79/src/context.rs:42:30\n   |\n42 | impl<T, E> Context<T, E> for Result<T, E>\n   |                              ^^^^^^ not found in this scope\n   |\nhelp: consider importing one of these items\n   |\n1  + use crate::Result;\n   |\n1  + use crate::context::fmt::Result;\n   |\n1  + use core::fmt::Result;\n   |\n1  + use core::result::Result;\n   |\n     and 1 other candidate\n\nerror[E0405]: cannot find trait `Send` in this scope\n  --> /Users/graysonnocera/.cargo/registry/src/index.crates.io-6f17d22bba15001f/anyhow-1.0.79/src/context.rs:44:24\n   |\n44 |     E: ext::StdError + Send + Sync + 'static,\n   |                        ^^^^ not found in this scope\n   |\nhelp: consider importing this trait\n   |\n1  + use core::marker::Send;\n   |\n\nerror[E0405]: cannot find trait `Sync` in this scope\n  --> /Users/graysonnocera/.cargo/registry/src/index.crates.io-6f17d22bba15001f/anyhow-1.0.79/src/context.rs:44:31\n   |\n44 |     E: ext::StdError + Send + Sync + 'static,\n   |                               ^^^^ not found in this scope\n   |\nhelp: consider importing this trait\n   |\n1  + use core::marker::Sync;\n   |\n\nerror[E0405]: cannot find trait `Send` in this scope\n  --> /Users/graysonnocera/.cargo/registry/src/index.crates.io-6f17d22bba15001f/anyhow-1.0.79/src/context.rs:48:22\n   |\n48 |         C: Display + Send + Sync + 'static,\n   |                      ^^^^ not found in this scope\n   |\nhelp: consider importing this trait\n   |\n1  + use core::marker::Send;\n   |\n\nerror[E0405]: cannot find trait `Sync` in this scope\n  --> /Users/graysonnocera/.cargo/registry/src/index.crates.io-6f17d22bba15001f/anyhow-1.0.79/src/context.rs:48:29\n   |\n48 |         C: Display + Send + Sync + 'static,\n   |                             ^^^^ not found in this scope\n   |\nhelp: consider importing this trait\n   |\n1  + use core::marker::Sync;\n   |\n\nerror[E0412]: cannot find type `Result` in this scope\n  --> /Users/graysonnocera/.cargo/registry/src/index.crates.io-6f17d22bba15001f/anyhow-1.0.79/src/context.rs:46:40\n   |\n46 |     fn context<C>(self, context: C) -> Result<T, Error>\n   |                                        ^^^^^^ not found in this scope\n   |\nhelp: consider importing one of these items\n   |\n1  + use crate::Result;\n   |\n1  + use crate::context::fmt::Result;\n   |\n1  + use core::fmt::Result;\n   |\n1  + use core::result::Result;\n   |\n     and 1 other candidate\n\nerror[E0531]: cannot find tuple struct or tuple variant `Ok` in this scope\n  --> /Users/graysonnocera/.cargo/registry/src/index.crates.io-6f17d22bba15001f/anyhow-1.0.79/src/context.rs:53:13\n   |\n53 |             Ok(ok) => Ok(ok),\n   |             ^^ not found in this scope\n   |\nhelp: consider importing this tuple variant\n   |\n1  + use core::result::Result::Ok;\n   |\n\nerror[E0425]: cannot find function, tuple struct or tuple variant `Ok` in this scope\n  --> /Users/graysonnocera/.cargo/registry/src/index.crates.io-6f17d22bba15001f/anyhow-1.0.79/src/context.rs:53:23\n   |\n53 |             Ok(ok) => Ok(ok),\n   |                       ^^\n   |\nhelp: a local variable with a similar name exists (notice the capitalization difference)\n   |\n53 |             Ok(ok) => ok(ok),\n   |                       ~~\nhelp: consider importing one of these items\n   |\n1  + use crate::Ok;\n   |\n1  + use core::result::Result::Ok;\n   |\n\nerror[E0531]: cannot find tuple struct or tuple variant `Err` in this scope\n  --> /Users/graysonnocera/.cargo/registry/src/index.crates.io-6f17d22bba15001f/anyhow-1.0.79/src/context.rs:54:13\n   |\n54 |             Err(error) => Err(error.ext_context(context)),\n   |             ^^^ not found in this scope\n   |\nhelp: consider importing this tuple variant\n   |\n1  + use core::result::Result::Err;\n   |\n\nerror[E0425]: cannot find function, tuple struct or tuple variant `Err` in this scope\n  --> /Users/graysonnocera/.cargo/registry/src/index.crates.io-6f17d22bba15001f/anyhow-1.0.79/src/context.rs:54:27\n   |\n54 |             Err(error) => Err(error.ext_context(context)),\n   |                           ^^^ not found in this scope\n   |\nhelp: consider importing this tuple variant\n   |\n1  + use core::result::Result::Err;\n   |\n\nerror[E0405]: cannot find trait `Send` in this scope\n  --> /Users/graysonnocera/.cargo/registry/src/index.crates.io-6f17d22bba15001f/anyhow-1.0.79/src/context.rs:60:22\n   |\n60 |         C: Display + Send + Sync + 'static,\n   |                      ^^^^ not found in this scope\n   |\nhelp: consider importing this trait\n   |\n1  + use core::marker::Send;\n   |\n\nerror[E0405]: cannot find trait `Sync` in this scope\n  --> /Users/graysonnocera/.cargo/registry/src/index.crates.io-6f17d22bba15001f/anyhow-1.0.79/src/context.rs:60:29\n   |\n60 |         C: Display + Send + Sync + 'static,\n   |                             ^^^^ not found in this scope\n   |\nhelp: consider importing this trait\n   |\n1  + use core::marker::Sync;\n   |\n\nerror[E0405]: cannot find trait `FnOnce` in this scope\n  --> /Users/graysonnocera/.cargo/registry/src/index.crates.io-6f17d22bba15001f/anyhow-1.0.79/src/context.rs:61:12\n   |\n61 |         F: FnOnce() -> C,\n   |            ^^^^^^ not found in this scope\n   |\nhelp: consider importing this trait\n   |\n1  + use core::ops::FnOnce;\n   |\n\nerror[E0412]: cannot find type `Result` in this scope\n  --> /Users/graysonnocera/.cargo/registry/src/index.crates.io-6f17d22bba15001f/anyhow-1.0.79/src/context.rs:58:48\n   |\n58 |     fn with_context<C, F>(self, context: F) -> Result<T, Error>\n   |                                                ^^^^^^ not found in this scope\n   |\nhelp: consider importing one of these items\n   |\n1  + use crate::Result;\n   |\n1  + use crate::context::fmt::Result;\n   |\n1  + use core::fmt::Result;\n   |\n1  + use core::result::Result;\n   |\n     and 1 other candidate\n\nerror[E0531]: cannot find tuple struct or tuple variant `Ok` in this scope\n  --> /Users/graysonnocera/.cargo/registry/src/index.crates.io-6f17d22bba15001f/anyhow-1.0.79/src/context.rs:64:13\n   |\n64 |             Ok(ok) => Ok(ok),\n   |             ^^ not found in this scope\n   |\nhelp: consider importing this tuple variant\n   |\n1  + use core::result::Result::Ok;\n   |\n\nerror[E0425]: cannot find function, tuple struct or tuple variant `Ok` in this scope\n  --> /Users/graysonnocera/.cargo/registry/src/index.crates.io-6f17d22bba15001f/anyhow-1.0.79/src/context.rs:64:23\n   |\n64 |             Ok(ok) => Ok(ok),\n   |                       ^^\n   |\nhelp: a local variable with a similar name exists (notice the capitalization difference)\n   |\n64 |             Ok(ok) => ok(ok),\n   |                       ~~\nhelp: consider importing one of these items\n   |\n1  + use crate::Ok;\n   |\n1  + use core::result::Result::Ok;\n   |\n\nerror[E0531]: cannot find tuple struct or tuple variant `Err` in this scope\n  --> /Users/graysonnocera/.cargo/registry/src/index.crates.io-6f17d22bba15001f/anyhow-1.0.79/src/context.rs:65:13\n   |\n65 |             Err(error) => Err(error.ext_context(context())),\n   |             ^^^ not found in this scope\n   |\nhelp: consider importing this tuple variant\n   |\n1  + use core::result::Result::Err;\n   |\n\nerror[E0425]: cannot find function, tuple struct or tuple variant `Err` in this scope\n  --> /Users/graysonnocera/.cargo/registry/src/index.crates.io-6f17d22bba15001f/anyhow-1.0.79/src/context.rs:65:27\n   |\n65 |             Err(error) => Err(error.ext_context(context())),\n   |                           ^^^ not found in this scope\n   |\nhelp: consider importing this tuple variant\n   |\n1  + use core::result::Result::Err;\n   |\n\nerror[E0412]: cannot find type `Option` in this scope\n  --> /Users/graysonnocera/.cargo/registry/src/index.crates.io-6f17d22bba15001f/anyhow-1.0.79/src/context.rs:90:36\n   |\n90 | impl<T> Context<T, Infallible> for Option<T> {\n   |                                    ^^^^^^ not found in this scope\n   |\nhelp: consider importing this enum\n   |\n1  + use core::option::Option;\n   |\n\nerror[E0405]: cannot find trait `Send` in this scope\n  --> /Users/graysonnocera/.cargo/registry/src/index.crates.io-6f17d22bba15001f/anyhow-1.0.79/src/context.rs:93:22\n   |\n93 |         C: Display + Send + Sync + 'static,\n   |                      ^^^^ not found in this scope\n   |\nhelp: consider importing this trait\n   |\n1  + use core::marker::Send;\n   |\n\nerror[E0405]: cannot find trait `Sync` in this scope\n  --> /Users/graysonnocera/.cargo/registry/src/index.crates.io-6f17d22bba15001f/anyhow-1.0.79/src/context.rs:93:29\n   |\n93 |         C: Display + Send + Sync + 'static,\n   |                             ^^^^ not found in this scope\n   |\nhelp: consider importing this trait\n   |\n1  + use core::marker::Sync;\n   |\n\nerror[E0412]: cannot find type `Result` in this scope\n  --> /Users/graysonnocera/.cargo/registry/src/index.crates.io-6f17d22bba15001f/anyhow-1.0.79/src/context.rs:91:40\n   |\n91 |     fn context<C>(self, context: C) -> Result<T, Error>\n   |                                        ^^^^^^ not found in this scope\n   |\nhelp: consider importing one of these items\n   |\n1  + use crate::Result;\n   |\n1  + use crate::context::fmt::Result;\n   |\n1  + use core::fmt::Result;\n   |\n1  + use core::result::Result;\n   |\n     and 1 other candidate\n\nerror[E0531]: cannot find tuple struct or tuple variant `Some` in this scope\n  --> /Users/graysonnocera/.cargo/registry/src/index.crates.io-6f17d22bba15001f/anyhow-1.0.79/src/context.rs:98:13\n   |\n98 |             Some(ok) => Ok(ok),\n   |             ^^^^ not found in this scope\n   |\nhelp: consider importing this tuple variant\n   |\n1  + use core::option::Option::Some;\n   |\n\nerror[E0425]: cannot find function, tuple struct or tuple variant `Ok` in this scope\n  --> /Users/graysonnocera/.cargo/registry/src/index.crates.io-6f17d22bba15001f/anyhow-1.0.79/src/context.rs:98:25\n   |\n98 |             Some(ok) => Ok(ok),\n   |                         ^^\n   |\nhelp: a local variable with a similar name exists (notice the capitalization difference)\n   |\n98 |             Some(ok) => ok(ok),\n   |                         ~~\nhelp: consider importing one of these items\n   |\n1  + use crate::Ok;\n   |\n1  + use core::result::Result::Ok;\n   |\n\nerror[E0425]: cannot find function, tuple struct or tuple variant `Err` in this scope\n  --> /Users/graysonnocera/.cargo/registry/src/index.crates.io-6f17d22bba15001f/anyhow-1.0.79/src/context.rs:99:21\n   |\n99 |             None => Err(Error::from_display(context, backtrace!())),\n   |                     ^^^ not found in this scope\n   |\nhelp: consider importing this tuple variant\n   |\n1  + use core::result::Result::Err;\n   |\n\nerror[E0425]: cannot find function, tuple struct or tuple variant `Some` in this scope\n  --> /Users/graysonnocera/.cargo/registry/src/index.crates.io-6f17d22bba15001f/anyhow-1.0.79/src/backtrace.rs:27:9\n   |\n27 |         Some(crate::backtrace::Backtrace::capture())\n   |         ^^^^ not found in this scope\n   |\n  ::: /Users/graysonnocera/.cargo/registry/src/index.crates.io-6f17d22bba15001f/anyhow-1.0.79/src/context.rs:99:54\n   |\n99 |             None => Err(Error::from_display(context, backtrace!())),\n   |                                                      ------------ in this macro invocation\n   |\n   = note: this error originates in the macro `backtrace` (in Nightly builds, run with -Z macro-backtrace for more info)\nhelp: consider importing this tuple variant\n  --> /Users/graysonnocera/.cargo/registry/src/index.crates.io-6f17d22bba15001f/anyhow-1.0.79/src/context.rs:1:1\n   |\n1  + use core::option::Option::Some;\n   |\n\nerror[E0405]: cannot find trait `Send` in this scope\n   --> /Users/graysonnocera/.cargo/registry/src/index.crates.io-6f17d22bba15001f/anyhow-1.0.79/src/context.rs:105:22\n    |\n105 |         C: Display + Send + Sync + 'static,\n    |                      ^^^^ not found in this scope\n    |\nhelp: consider importing this trait\n    |\n1   + use core::marker::Send;\n    |\n\nerror[E0405]: cannot find trait `Sync` in this scope\n   --> /Users/graysonnocera/.cargo/registry/src/index.crates.io-6f17d22bba15001f/anyhow-1.0.79/src/context.rs:105:29\n    |\n105 |         C: Display + Send + Sync + 'static,\n    |                             ^^^^ not found in this scope\n    |\nhelp: consider importing this trait\n    |\n1   + use core::marker::Sync;\n    |\n\nerror[E0405]: cannot find trait `FnOnce` in this scope\n   --> /Users/graysonnocera/.cargo/registry/src/index.crates.io-6f17d22bba15001f/anyhow-1.0.79/src/context.rs:106:12\n    |\n106 |         F: FnOnce() -> C,\n    |            ^^^^^^ not found in this scope\n    |\nhelp: consider importing this trait\n    |\n1   + use core::ops::FnOnce;\n    |\n\nerror[E0412]: cannot find type `Result` in this scope\n   --> /Users/graysonnocera/.cargo/registry/src/index.crates.io-6f17d22bba15001f/anyhow-1.0.79/src/context.rs:103:48\n    |\n103 |     fn with_context<C, F>(self, context: F) -> Result<T, Error>\n    |                                                ^^^^^^ not found in this scope\n    |\nhelp: consider importing one of these items\n    |\n1   + use crate::Result;\n    |\n1   + use crate::context::fmt::Result;\n    |\n1   + use core::fmt::Result;\n    |\n1   + use core::result::Result;\n    |\n      and 1 other candidate\n\nerror[E0531]: cannot find tuple struct or tuple variant `Some` in this scope\n   --> /Users/graysonnocera/.cargo/registry/src/index.crates.io-6f17d22bba15001f/anyhow-1.0.79/src/context.rs:109:13\n    |\n109 |             Some(ok) => Ok(ok),\n    |             ^^^^ not found in this scope\n    |\nhelp: consider importing this tuple variant\n    |\n1   + use core::option::Option::Some;\n    |\n\nerror[E0425]: cannot find function, tuple struct or tuple variant `Ok` in this scope\n   --> /Users/graysonnocera/.cargo/registry/src/index.crates.io-6f17d22bba15001f/anyhow-1.0.79/src/context.rs:109:25\n    |\n109 |             Some(ok) => Ok(ok),\n    |                         ^^\n    |\nhelp: a local variable with a similar name exists (notice the capitalization difference)\n    |\n109 |             Some(ok) => ok(ok),\n    |                         ~~\nhelp: consider importing one of these items\n    |\n1   + use crate::Ok;\n    |\n1   + use core::result::Result::Ok;\n    |\n\nerror[E0425]: cannot find function, tuple struct or tuple variant `Err` in this scope\n   --> /Users/graysonnocera/.cargo/registry/src/index.crates.io-6f17d22bba15001f/anyhow-1.0.79/src/context.rs:110:21\n    |\n110 |             None => Err(Error::from_display(context(), backtrace!())),\n    |                     ^^^ not found in this scope\n    |\nhelp: consider importing this tuple variant\n    |\n1   + use core::result::Result::Err;\n    |\n\nerror[E0425]: cannot find function, tuple struct or tuple variant `Some` in this scope\n   --> /Users/graysonnocera/.cargo/registry/src/index.crates.io-6f17d22bba15001f/anyhow-1.0.79/src/backtrace.rs:27:9\n    |\n27  |         Some(crate::backtrace::Backtrace::capture())\n    |         ^^^^ not found in this scope\n    |\n   ::: /Users/graysonnocera/.cargo/registry/src/index.crates.io-6f17d22bba15001f/anyhow-1.0.79/src/context.rs:110:56\n    |\n110 |             None => Err(Error::from_display(context(), backtrace!())),\n    |                                                        ------------ in this macro invocation\n    |\n    = note: this error originates in the macro `backtrace` (in Nightly builds, run with -Z macro-backtrace for more info)\nhelp: consider importing this tuple variant\n   --> /Users/graysonnocera/.cargo/registry/src/index.crates.io-6f17d22bba15001f/anyhow-1.0.79/src/context.rs:1:1\n    |\n1   + use core::option::Option::Some;\n    |\n\nerror[E0412]: cannot find type `Option` in this scope\n   --> /Users/graysonnocera/.cargo/registry/src/index.crates.io-6f17d22bba15001f/anyhow-1.0.79/src/context.rs:142:25\n    |\n142 |     fn source(&self) -> Option<&(dyn StdError + 'static)> {\n    |                         ^^^^^^ not found in this scope\n    |\nhelp: consider importing this enum\n    |\n1   + use core::option::Option;\n    |\n\nerror[E0425]: cannot find function, tuple struct or tuple variant `Some` in this scope\n   --> /Users/graysonnocera/.cargo/registry/src/index.crates.io-6f17d22bba15001f/anyhow-1.0.79/src/context.rs:143:9\n    |\n143 |         Some(&self.error)\n    |         ^^^^ not found in this scope\n    |\nhelp: consider importing this tuple variant\n    |\n1   + use core::option::Option::Some;\n    |\n\nerror[E0412]: cannot find type `Option` in this scope\n   --> /Users/graysonnocera/.cargo/registry/src/index.crates.io-6f17d22bba15001f/anyhow-1.0.79/src/context.rs:156:25\n    |\n156 |     fn source(&self) -> Option<&(dyn StdError + 'static)> {\n    |                         ^^^^^^ not found in this scope\n    |\nhelp: consider importing this enum\n    |\n1   + use core::option::Option;\n    |\n\nerror[E0425]: cannot find function, tuple struct or tuple variant `Some` in this scope\n   --> /Users/graysonnocera/.cargo/registry/src/index.crates.io-6f17d22bba15001f/anyhow-1.0.79/src/context.rs:157:9\n    |\n157 |         Some(unsafe { crate::ErrorImpl::error(self.error.inner.by_ref()) })\n    |         ^^^^ not found in this scope\n    |\nhelp: consider importing this tuple variant\n    |\n1   + use core::option::Option::Some;\n    |\n\nerror[E0425]: cannot find function, tuple struct or tuple variant `Ok` in this scope\n   --> /Users/graysonnocera/.cargo/registry/src/index.crates.io-6f17d22bba15001f/anyhow-1.0.79/src/context.rs:176:9\n    |\n176 |         Ok(())\n    |         ^^ not found in this scope\n    |\nhelp: consider importing one of these items\n    |\n1   + use crate::Ok;\n    |\n1   + use core::result::Result::Ok;\n    |\n\nerror[E0412]: cannot find type `Result` in this scope\n   --> /Users/graysonnocera/.cargo/registry/src/index.crates.io-6f17d22bba15001f/anyhow-1.0.79/src/context.rs:191:27\n    |\n191 |     impl<T, E> Sealed for Result<T, E> where E: ext::StdError {}\n    |                           ^^^^^^ not found in this scope\n    |\nhelp: consider importing one of these items\n    |\n187 +     use crate::Result;\n    |\n187 +     use crate::context::fmt::Result;\n    |\n187 +     use core::fmt::Result;\n    |\n187 +     use core::result::Result;\n    |\n      and 1 other candidate\n\nerror[E0412]: cannot find type `Option` in this scope\n   --> /Users/graysonnocera/.cargo/registry/src/index.crates.io-6f17d22bba15001f/anyhow-1.0.79/src/context.rs:192:24\n    |\n192 |     impl<T> Sealed for Option<T> {}\n    |                        ^^^^^^ not found in this scope\n    |\nhelp: consider importing this enum\n    |\n187 +     use core::option::Option;\n    |\n\nerror[E0425]: cannot find function, tuple struct or tuple variant `Err` in this scope\n  --> /Users/graysonnocera/.cargo/registry/src/index.crates.io-6f17d22bba15001f/anyhow-1.0.79/src/ensure.rs:61:20\n   |\n61 |             return Err(fmt::Error);\n   |                    ^^^ not found in this scope\n   |\nhelp: consider importing this tuple variant\n   |\n1  + use core::result::Result::Err;\n   |\n\nerror[E0425]: cannot find function, tuple struct or tuple variant `Err` in this scope\n  --> /Users/graysonnocera/.cargo/registry/src/index.crates.io-6f17d22bba15001f/anyhow-1.0.79/src/ensure.rs:66:20\n   |\n66 |             return Err(fmt::Error);\n   |                    ^^^ not found in this scope\n   |\nhelp: consider importing this tuple variant\n   |\n1  + use core::result::Result::Err;\n   |\n\nerror[E0425]: cannot find function, tuple struct or tuple variant `Ok` in this scope\n  --> /Users/graysonnocera/.cargo/registry/src/index.crates.io-6f17d22bba15001f/anyhow-1.0.79/src/ensure.rs:77:9\n   |\n77 |         Ok(())\n   |         ^^ not found in this scope\n   |\nhelp: consider importing one of these items\n   |\n1  + use crate::Ok;\n   |\n1  + use core::result::Result::Ok;\n   |\n\nerror[E0405]: cannot find trait `Send` in this scope\n  --> /Users/graysonnocera/.cargo/registry/src/index.crates.io-6f17d22bba15001f/anyhow-1.0.79/src/error.rs:34:23\n   |\n34 |         E: StdError + Send + Sync + 'static,\n   |                       ^^^^ not found in this scope\n   |\nhelp: consider importing this trait\n   |\n1  + use core::marker::Send;\n   |\n\nerror[E0405]: cannot find trait `Sync` in this scope\n  --> /Users/graysonnocera/.cargo/registry/src/index.crates.io-6f17d22bba15001f/anyhow-1.0.79/src/error.rs:34:30\n   |\n34 |         E: StdError + Send + Sync + 'static,\n   |                              ^^^^ not found in this scope\n   |\nhelp: consider importing this trait\n   |\n1  + use core::marker::Sync;\n   |\n\nerror[E0425]: cannot find function, tuple struct or tuple variant `Some` in this scope\n  --> /Users/graysonnocera/.cargo/registry/src/index.crates.io-6f17d22bba15001f/anyhow-1.0.79/src/backtrace.rs:27:9\n   |\n27 |         Some(crate::backtrace::Backtrace::capture())\n   |         ^^^^ not found in this scope\n   |\n  ::: /Users/graysonnocera/.cargo/registry/src/index.crates.io-6f17d22bba15001f/anyhow-1.0.79/src/error.rs:36:25\n   |\n36 |         let backtrace = backtrace_if_absent!(&error);\n   |                         ---------------------------- in this macro invocation\n   |\n   = note: this error originates in the macro `backtrace` which comes from the expansion of the macro `backtrace_if_absent` (in Nightly builds, run with -Z macro-backtrace for more info)\nhelp: consider importing this tuple variant\n  --> /Users/graysonnocera/.cargo/registry/src/index.crates.io-6f17d22bba15001f/anyhow-1.0.79/src/error.rs:1:1\n   |\n1  + use core::option::Option::Some;\n   |\n\nerror[E0405]: cannot find trait `Send` in this scope\n  --> /Users/graysonnocera/.cargo/registry/src/index.crates.io-6f17d22bba15001f/anyhow-1.0.79/src/error.rs:81:30\n   |\n81 |         M: Display + Debug + Send + Sync + 'static,\n   |                              ^^^^ not found in this scope\n   |\nhelp: consider importing this trait\n   |\n1  + use core::marker::Send;\n   |\n\nerror[E0405]: cannot find trait `Sync` in this scope\n  --> /Users/graysonnocera/.cargo/registry/src/index.crates.io-6f17d22bba15001f/anyhow-1.0.79/src/error.rs:81:37\n   |\n81 |         M: Display + Debug + Send + Sync + 'static,\n   |                                     ^^^^ not found in this scope\n   |\nhelp: consider importing this trait\n   |\n1  + use core::marker::Sync;\n   |\n\nerror[E0425]: cannot find function, tuple struct or tuple variant `Some` in this scope\n  --> /Users/graysonnocera/.cargo/registry/src/index.crates.io-6f17d22bba15001f/anyhow-1.0.79/src/backtrace.rs:27:9\n   |\n27 |         Some(crate::backtrace::Backtrace::capture())\n   |         ^^^^ not found in this scope\n   |\n  ::: /Users/graysonnocera/.cargo/registry/src/index.crates.io-6f17d22bba15001f/anyhow-1.0.79/src/error.rs:83:36\n   |\n83 |         Error::from_adhoc(message, backtrace!())\n   |                                    ------------ in this macro invocation\n   |\n   = note: this error originates in the macro `backtrace` (in Nightly builds, run with -Z macro-backtrace for more info)\nhelp: consider importing this tuple variant\n  --> /Users/graysonnocera/.cargo/registry/src/index.crates.io-6f17d22bba15001f/anyhow-1.0.79/src/error.rs:1:1\n   |\n1  + use core::option::Option::Some;\n   |\n\nerror[E0405]: cannot find trait `Send` in this scope\n  --> /Users/graysonnocera/.cargo/registry/src/index.crates.io-6f17d22bba15001f/anyhow-1.0.79/src/error.rs:90:23\n   |\n90 |         E: StdError + Send + Sync + 'static,\n   |                       ^^^^ not found in this scope\n   |\nhelp: consider importing this trait\n   |\n1  + use core::marker::Send;\n   |\n\nerror[E0405]: cannot find trait `Sync` in this scope\n  --> /Users/graysonnocera/.cargo/registry/src/index.crates.io-6f17d22bba15001f/anyhow-1.0.79/src/error.rs:90:30\n   |\n90 |         E: StdError + Send + Sync + 'static,\n   |                              ^^^^ not found in this scope\n   |\nhelp: consider importing this trait\n   |\n1  + use core::marker::Sync;\n   |\n\nerror[E0412]: cannot find type `Option` in this scope\n  --> /Users/graysonnocera/.cargo/registry/src/index.crates.io-6f17d22bba15001f/anyhow-1.0.79/src/error.rs:88:52\n   |\n88 |     pub(crate) fn from_std<E>(error: E, backtrace: Option<Backtrace>) -> Self\n   |                                                    ^^^^^^ not found in this scope\n   |\nhelp: consider importing this enum\n   |\n1  + use core::option::Option;\n   |\n\nerror[E0405]: cannot find trait `Send` in this scope\n   --> /Users/graysonnocera/.cargo/registry/src/index.crates.io-6f17d22bba15001f/anyhow-1.0.79/src/error.rs:116:30\n    |\n116 |         M: Display + Debug + Send + Sync + 'static,\n    |                              ^^^^ not found in this scope\n    |\nhelp: consider importing this trait\n    |\n1   + use core::marker::Send;\n    |\n\nerror[E0405]: cannot find trait `Sync` in this scope\n   --> /Users/graysonnocera/.cargo/registry/src/index.crates.io-6f17d22bba15001f/anyhow-1.0.79/src/error.rs:116:37\n    |\n116 |         M: Display + Debug + Send + Sync + 'static,\n    |                                     ^^^^ not found in this scope\n    |\nhelp: consider importing this trait\n    |\n1   + use core::marker::Sync;\n    |\n\nerror[E0412]: cannot find type `Option` in this scope\n   --> /Users/graysonnocera/.cargo/registry/src/index.crates.io-6f17d22bba15001f/anyhow-1.0.79/src/error.rs:114:56\n    |\n114 |     pub(crate) fn from_adhoc<M>(message: M, backtrace: Option<Backtrace>) -> Self\n    |                                                        ^^^^^^ not found in this scope\n    |\nhelp: consider importing this enum\n    |\n1   + use core::option::Option;\n    |\n\nerror[E0405]: cannot find trait `Send` in this scope\n   --> /Users/graysonnocera/.cargo/registry/src/index.crates.io-6f17d22bba15001f/anyhow-1.0.79/src/error.rs:145:22\n    |\n145 |         M: Display + Send + Sync + 'static,\n    |                      ^^^^ not found in this scope\n    |\nhelp: consider importing this trait\n    |\n1   + use core::marker::Send;\n    |\n\nerror[E0405]: cannot find trait `Sync` in this scope\n   --> /Users/graysonnocera/.cargo/registry/src/index.crates.io-6f17d22bba15001f/anyhow-1.0.79/src/error.rs:145:29\n    |\n145 |         M: Display + Send + Sync + 'static,\n    |                             ^^^^ not found in this scope\n    |\nhelp: consider importing this trait\n    |\n1   + use core::marker::Sync;\n    |\n\nerror[E0412]: cannot find type `Option` in this scope\n   --> /Users/graysonnocera/.cargo/registry/src/index.crates.io-6f17d22bba15001f/anyhow-1.0.79/src/error.rs:143:58\n    |\n143 |     pub(crate) fn from_display<M>(message: M, backtrace: Option<Backtrace>) -> Self\n    |                                                          ^^^^^^ not found in this scope\n    |\nhelp: consider importing this enum\n    |\n1   + use core::option::Option;\n    |\n\nerror[E0405]: cannot find trait `Send` in this scope\n   --> /Users/graysonnocera/.cargo/registry/src/index.crates.io-6f17d22bba15001f/anyhow-1.0.79/src/error.rs:175:22\n    |\n175 |         C: Display + Send + Sync + 'static,\n    |                      ^^^^ not found in this scope\n    |\nhelp: consider importing this trait\n    |\n1   + use core::marker::Send;\n    |\n\nerror[E0405]: cannot find trait `Sync` in this scope\n   --> /Users/graysonnocera/.cargo/registry/src/index.crates.io-6f17d22bba15001f/anyhow-1.0.79/src/error.rs:175:29\n    |\n175 |         C: Display + Send + Sync + 'static,\n    |                             ^^^^ not found in this scope\n    |\nhelp: consider importing this trait\n    |\n1   + use core::marker::Sync;\n    |\n\nerror[E0405]: cannot find trait `Send` in this scope\n   --> /Users/graysonnocera/.cargo/registry/src/index.crates.io-6f17d22bba15001f/anyhow-1.0.79/src/error.rs:176:23\n    |\n176 |         E: StdError + Send + Sync + 'static,\n    |                       ^^^^ not found in this scope\n    |\nhelp: consider importing this trait\n    |\n1   + use core::marker::Send;\n    |\n\nerror[E0405]: cannot find trait `Sync` in this scope\n   --> /Users/graysonnocera/.cargo/registry/src/index.crates.io-6f17d22bba15001f/anyhow-1.0.79/src/error.rs:176:30\n    |\n176 |         E: StdError + Send + Sync + 'static,\n    |                              ^^^^ not found in this scope\n    |\nhelp: consider importing this trait\n    |\n1   + use core::marker::Sync;\n    |\n\nerror[E0412]: cannot find type `Option` in this scope\n   --> /Users/graysonnocera/.cargo/registry/src/index.crates.io-6f17d22bba15001f/anyhow-1.0.79/src/error.rs:173:71\n    |\n173 |     pub(crate) fn from_context<C, E>(context: C, error: E, backtrace: Option<Backtrace>) -> Self\n    |                                                                       ^^^^^^ not found in this scope\n    |\nhelp: consider importing this enum\n    |\n1   + use core::option::Option;\n    |\n\nerror[E0405]: cannot find trait `Send` in this scope\n   --> /Users/graysonnocera/.cargo/registry/src/index.crates.io-6f17d22bba15001f/anyhow-1.0.79/src/error.rs:204:35\n    |\n204 |         error: Box<dyn StdError + Send + Sync>,\n    |                                   ^^^^ not found in this scope\n    |\nhelp: consider importing this trait\n    |\n1   + use core::marker::Send;\n    |\n\nerror[E0405]: cannot find trait `Sync` in this scope\n   --> /Users/graysonnocera/.cargo/registry/src/index.crates.io-6f17d22bba15001f/anyhow-1.0.79/src/error.rs:204:42\n    |\n204 |         error: Box<dyn StdError + Send + Sync>,\n    |                                          ^^^^ not found in this scope\n    |\nhelp: consider importing this trait\n    |\n1   + use core::marker::Sync;\n    |\n\nerror[E0412]: cannot find type `Option` in this scope\n   --> /Users/graysonnocera/.cargo/registry/src/index.crates.io-6f17d22bba15001f/anyhow-1.0.79/src/error.rs:205:20\n    |\n205 |         backtrace: Option<Backtrace>,\n    |                    ^^^^^^ not found in this scope\n    |\nhelp: consider importing this enum\n    |\n1   + use core::option::Option;\n    |\n\nerror[E0405]: cannot find trait `Send` in this scope\n   --> /Users/graysonnocera/.cargo/registry/src/index.crates.io-6f17d22bba15001f/anyhow-1.0.79/src/error.rs:215:67\n    |\n215 |             object_downcast: object_downcast::<Box<dyn StdError + Send + Sync>>,\n    |                                                                   ^^^^ not found in this scope\n    |\nhelp: consider importing this trait\n    |\n1   + use core::marker::Send;\n    |\n\nerror[E0405]: cannot find trait `Sync` in this scope\n   --> /Users/graysonnocera/.cargo/registry/src/index.crates.io-6f17d22bba15001f/anyhow-1.0.79/src/error.rs:215:74\n    |\n215 |             object_downcast: object_downcast::<Box<dyn StdError + Send + Sync>>,\n    |                                                                          ^^^^ not found in this scope\n    |\nhelp: consider importing this trait\n    |\n1   + use core::marker::Sync;\n    |\n\nerror[E0405]: cannot find trait `Send` in this scope\n   --> /Users/graysonnocera/.cargo/registry/src/index.crates.io-6f17d22bba15001f/anyhow-1.0.79/src/error.rs:218:70\n    |\n218 |             object_drop_rest: object_drop_front::<Box<dyn StdError + Send + Sync>>,\n    |                                                                      ^^^^ not found in this scope\n    |\nhelp: consider importing this trait\n    |\n1   + use core::marker::Send;\n    |\n\nerror[E0405]: cannot find trait `Sync` in this scope\n   --> /Users/graysonnocera/.cargo/registry/src/index.crates.io-6f17d22bba15001f/anyhow-1.0.79/src/error.rs:218:77\n    |\n218 |             object_drop_rest: object_drop_front::<Box<dyn StdError + Send + Sync>>,\n    |                                                                             ^^^^ not found in this scope\n    |\nhelp: consider importing this trait\n    |\n1   + use core::marker::Sync;\n    |\n\nerror[E0405]: cannot find trait `Send` in this scope\n   --> /Users/graysonnocera/.cargo/registry/src/index.crates.io-6f17d22bba15001f/anyhow-1.0.79/src/error.rs:243:23\n    |\n243 |         E: StdError + Send + Sync + 'static,\n    |                       ^^^^ not found in this scope\n    |\nhelp: consider importing this trait\n    |\n1   + use core::marker::Send;\n    |\n\nerror[E0405]: cannot find trait `Sync` in this scope\n   --> /Users/graysonnocera/.cargo/registry/src/index.crates.io-6f17d22bba15001f/anyhow-1.0.79/src/error.rs:243:30\n    |\n243 |         E: StdError + Send + Sync + 'static,\n    |                              ^^^^ not found in this scope\n    |\nhelp: consider importing this trait\n    |\n1   + use core::marker::Sync;\n    |\n\nerror[E0412]: cannot find type `Option` in this scope\n   --> /Users/graysonnocera/.cargo/registry/src/index.crates.io-6f17d22bba15001f/anyhow-1.0.79/src/error.rs:240:20\n    |\n240 |         backtrace: Option<Backtrace>,\n    |                    ^^^^^^ not found in this scope\n    |\nhelp: consider importing this enum\n    |\n1   + use core::option::Option;\n    |\n\nerror[E0405]: cannot find trait `Send` in this scope\n   --> /Users/graysonnocera/.cargo/registry/src/index.crates.io-6f17d22bba15001f/anyhow-1.0.79/src/error.rs:318:22\n    |\n318 |         C: Display + Send + Sync + 'static,\n    |                      ^^^^ not found in this scope\n    |\nhelp: consider importing this trait\n    |\n1   + use core::marker::Send;\n    |\n\nerror[E0405]: cannot find trait `Sync` in this scope\n   --> /Users/graysonnocera/.cargo/registry/src/index.crates.io-6f17d22bba15001f/anyhow-1.0.79/src/error.rs:318:29\n    |\n318 |         C: Display + Send + Sync + 'static,\n    |                             ^^^^ not found in this scope\n    |\nhelp: consider importing this trait\n    |\n1   + use core::marker::Sync;\n    |\n\nerror[E0425]: cannot find value `None` in this scope\n   --> /Users/graysonnocera/.cargo/registry/src/index.crates.io-6f17d22bba15001f/anyhow-1.0.79/src/error.rs:343:25\n    |\n343 |         let backtrace = None;\n    |                         ^^^^ not found in this scope\n    |\nhelp: consider importing this unit variant\n    |\n1   + use core::option::Option::None;\n    |\n\nerror[E0405]: cannot find trait `Send` in this scope\n   --> /Users/graysonnocera/.cargo/registry/src/index.crates.io-6f17d22bba15001f/anyhow-1.0.79/src/error.rs:430:30\n    |\n430 |         E: Display + Debug + Send + Sync + 'static,\n    |                              ^^^^ not found in this scope\n    |\nhelp: consider importing this trait\n    |\n1   + use core::marker::Send;\n    |\n\nerror[E0405]: cannot find trait `Sync` in this scope\n   --> /Users/graysonnocera/.cargo/registry/src/index.crates.io-6f17d22bba15001f/anyhow-1.0.79/src/error.rs:430:37\n    |\n430 |         E: Display + Debug + Send + Sync + 'static,\n    |                                     ^^^^ not found in this scope\n    |\nhelp: consider importing this trait\n    |\n1   + use core::marker::Sync;\n    |\n\nerror[E0405]: cannot find trait `Send` in this scope\n   --> /Users/graysonnocera/.cargo/registry/src/index.crates.io-6f17d22bba15001f/anyhow-1.0.79/src/error.rs:438:30\n    |\n438 |         E: Display + Debug + Send + Sync + 'static,\n    |                              ^^^^ not found in this scope\n    |\nhelp: consider importing this trait\n    |\n1   + use core::marker::Send;\n    |\n\nerror[E0405]: cannot find trait `Sync` in this scope\n   --> /Users/graysonnocera/.cargo/registry/src/index.crates.io-6f17d22bba15001f/anyhow-1.0.79/src/error.rs:438:37\n    |\n438 |         E: Display + Debug + Send + Sync + 'static,\n    |                                     ^^^^ not found in this scope\n    |\nhelp: consider importing this trait\n    |\n1   + use core::marker::Sync;\n    |\n\nerror[E0412]: cannot find type `Result` in this scope\n   --> /Users/graysonnocera/.cargo/registry/src/index.crates.io-6f17d22bba15001f/anyhow-1.0.79/src/error.rs:436:37\n    |\n436 |     pub fn downcast<E>(mut self) -> Result<E, Self>\n    |                                     ^^^^^^ not found in this scope\n    |\nhelp: consider importing one of these items\n    |\n1   + use crate::Result;\n    |\n1   + use crate::error::fmt::Result;\n    |\n1   + use core::fmt::Result;\n    |\n1   + use core::result::Result;\n    |\n      and 1 other candidate\n\nerror[E0531]: cannot find tuple struct or tuple variant `Some` in this scope\n   --> /Users/graysonnocera/.cargo/registry/src/index.crates.io-6f17d22bba15001f/anyhow-1.0.79/src/error.rs:447:17\n    |\n447 |                 Some(addr) => addr.by_mut().extend(),\n    |                 ^^^^ not found in this scope\n    |\nhelp: consider importing this tuple variant\n    |\n1   + use core::option::Option::Some;\n    |\n\nerror[E0425]: cannot find function, tuple struct or tuple variant `Err` in this scope\n   --> /Users/graysonnocera/.cargo/registry/src/index.crates.io-6f17d22bba15001f/anyhow-1.0.79/src/error.rs:448:32\n    |\n448 |                 None => return Err(self),\n    |                                ^^^\n    |\nhelp: try calling `Err` as a method\n    |\n448 |                 None => return self.Err(),\n    |                                ~~~~~~~~~~\nhelp: consider importing this tuple variant\n    |\n1   + use core::result::Result::Err;\n    |\n\nerror[E0425]: cannot find function, tuple struct or tuple variant `Ok` in this scope\n   --> /Users/graysonnocera/.cargo/registry/src/index.crates.io-6f17d22bba15001f/anyhow-1.0.79/src/error.rs:466:13\n    |\n466 |             Ok(error)\n    |             ^^ not found in this scope\n    |\nhelp: consider importing one of these items\n    |\n1   + use crate::Ok;\n    |\n1   + use core::result::Result::Ok;\n    |\n\nerror[E0405]: cannot find trait `Send` in this scope\n   --> /Users/graysonnocera/.cargo/registry/src/index.crates.io-6f17d22bba15001f/anyhow-1.0.79/src/error.rs:508:30\n    |\n508 |         E: Display + Debug + Send + Sync + 'static,\n    |                              ^^^^ not found in this scope\n    |\nhelp: consider importing this trait\n    |\n1   + use core::marker::Send;\n    |\n\nerror[E0405]: cannot find trait `Sync` in this scope\n   --> /Users/graysonnocera/.cargo/registry/src/index.crates.io-6f17d22bba15001f/anyhow-1.0.79/src/error.rs:508:37\n    |\n508 |         E: Display + Debug + Send + Sync + 'static,\n    |                                     ^^^^ not found in this scope\n    |\nhelp: consider importing this trait\n    |\n1   + use core::marker::Sync;\n    |\n\nerror[E0412]: cannot find type `Option` in this scope\n   --> /Users/graysonnocera/.cargo/registry/src/index.crates.io-6f17d22bba15001f/anyhow-1.0.79/src/error.rs:506:38\n    |\n506 |     pub fn downcast_ref<E>(&self) -> Option<&E>\n    |                                      ^^^^^^ not found in this scope\n    |\nhelp: consider importing this enum\n    |\n1   + use core::option::Option;\n    |\n\nerror[E0425]: cannot find function, tuple struct or tuple variant `Some` in this scope\n   --> /Users/graysonnocera/.cargo/registry/src/index.crates.io-6f17d22bba15001f/anyhow-1.0.79/src/error.rs:515:13\n    |\n515 |             Some(addr.cast::<E>().deref())\n    |             ^^^^ not found in this scope\n    |\nhelp: consider importing this tuple variant\n    |\n1   + use core::option::Option::Some;\n    |\n\nerror[E0405]: cannot find trait `Send` in this scope\n   --> /Users/graysonnocera/.cargo/registry/src/index.crates.io-6f17d22bba15001f/anyhow-1.0.79/src/error.rs:522:30\n    |\n522 |         E: Display + Debug + Send + Sync + 'static,\n    |                              ^^^^ not found in this scope\n    |\nhelp: consider importing this trait\n    |\n1   + use core::marker::Send;\n    |\n\nerror[E0405]: cannot find trait `Sync` in this scope\n   --> /Users/graysonnocera/.cargo/registry/src/index.crates.io-6f17d22bba15001f/anyhow-1.0.79/src/error.rs:522:37\n    |\n522 |         E: Display + Debug + Send + Sync + 'static,\n    |                                     ^^^^ not found in this scope\n    |\nhelp: consider importing this trait\n    |\n1   + use core::marker::Sync;\n    |\n\nerror[E0412]: cannot find type `Option` in this scope\n   --> /Users/graysonnocera/.cargo/registry/src/index.crates.io-6f17d22bba15001f/anyhow-1.0.79/src/error.rs:520:42\n    |\n520 |     pub fn downcast_mut<E>(&mut self) -> Option<&mut E>\n    |                                          ^^^^^^ not found in this scope\n    |\nhelp: consider importing this enum\n    |\n1   + use core::option::Option;\n    |\n\nerror[E0425]: cannot find function, tuple struct or tuple variant `Some` in this scope\n   --> /Users/graysonnocera/.cargo/registry/src/index.crates.io-6f17d22bba15001f/anyhow-1.0.79/src/error.rs:536:13\n    |\n536 |             Some(addr.cast::<E>().deref_mut())\n    |             ^^^^ not found in this scope\n    |\nhelp: consider importing this tuple variant\n    |\n1   + use core::option::Option::Some;\n    |\n\nerror[E0405]: cannot find trait `From` in this scope\n   --> /Users/graysonnocera/.cargo/registry/src/index.crates.io-6f17d22bba15001f/anyhow-1.0.79/src/error.rs:559:9\n    |\n559 | impl<E> From<E> for Error\n    |         ^^^^ not found in this scope\n    |\nhelp: consider importing this trait\n    |\n1   + use core::convert::From;\n    |\n\nerror[E0405]: cannot find trait `Send` in this scope\n   --> /Users/graysonnocera/.cargo/registry/src/index.crates.io-6f17d22bba15001f/anyhow-1.0.79/src/error.rs:561:19\n    |\n561 |     E: StdError + Send + Sync + 'static,\n    |                   ^^^^ not found in this scope\n    |\nhelp: consider importing this trait\n    |\n1   + use core::marker::Send;\n    |\n\nerror[E0405]: cannot find trait `Sync` in this scope\n   --> /Users/graysonnocera/.cargo/registry/src/index.crates.io-6f17d22bba15001f/anyhow-1.0.79/src/error.rs:561:26\n    |\n561 |     E: StdError + Send + Sync + 'static,\n    |                          ^^^^ not found in this scope\n    |\nhelp: consider importing this trait\n    |\n1   + use core::marker::Sync;\n    |\n\nerror[E0425]: cannot find function, tuple struct or tuple variant `Some` in this scope\n   --> /Users/graysonnocera/.cargo/registry/src/index.crates.io-6f17d22bba15001f/anyhow-1.0.79/src/backtrace.rs:27:9\n    |\n27  |         Some(crate::backtrace::Backtrace::capture())\n    |         ^^^^ not found in this scope\n    |\n   ::: /Users/graysonnocera/.cargo/registry/src/index.crates.io-6f17d22bba15001f/anyhow-1.0.79/src/error.rs:565:25\n    |\n565 |         let backtrace = backtrace_if_absent!(&error);\n    |                         ---------------------------- in this macro invocation\n    |\n    = note: this error originates in the macro `backtrace` which comes from the expansion of the macro `backtrace_if_absent` (in Nightly builds, run with -Z macro-backtrace for more info)\nhelp: consider importing this tuple variant\n   --> /Users/graysonnocera/.cargo/registry/src/index.crates.io-6f17d22bba15001f/anyhow-1.0.79/src/error.rs:1:1\n    |\n1   + use core::option::Option::Some;\n    |\n\nerror[E0405]: cannot find trait `Send` in this scope\n   --> /Users/graysonnocera/.cargo/registry/src/index.crates.io-6f17d22bba15001f/anyhow-1.0.79/src/error.rs:573:34\n    |\n573 |     type Target = dyn StdError + Send + Sync + 'static;\n    |                                  ^^^^ not found in this scope\n    |\nhelp: consider importing this trait\n    |\n1   + use core::marker::Send;\n    |\n\nerror[E0405]: cannot find trait `Sync` in this scope\n   --> /Users/graysonnocera/.cargo/registry/src/index.crates.io-6f17d22bba15001f/anyhow-1.0.79/src/error.rs:573:41\n    |\n573 |     type Target = dyn StdError + Send + Sync + 'static;\n    |                                         ^^^^ not found in this scope\n    |\nhelp: consider importing this trait\n    |\n1   + use core::marker::Sync;\n    |\n\nerror[E0405]: cannot find trait `Drop` in this scope\n   --> /Users/graysonnocera/.cargo/registry/src/index.crates.io-6f17d22bba15001f/anyhow-1.0.79/src/error.rs:600:6\n    |\n600 | impl Drop for Error {\n    |      ^^^^ not found in this scope\n    |\nhelp: consider importing this trait\n    |\n1   + use core::ops::Drop;\n    |\n\nerror[E0405]: cannot find trait `Send` in this scope\n   --> /Users/graysonnocera/.cargo/registry/src/index.crates.io-6f17d22bba15001f/anyhow-1.0.79/src/error.rs:611:65\n    |\n611 |     object_ref: unsafe fn(Ref<ErrorImpl>) -> Ref<dyn StdError + Send + Sync + 'static>,\n    |                                                                 ^^^^ not found in this scope\n    |\nhelp: consider importing this trait\n    |\n1   + use core::marker::Send;\n    |\n\nerror[E0405]: cannot find trait `Sync` in this scope\n   --> /Users/graysonnocera/.cargo/registry/src/index.crates.io-6f17d22bba15001f/anyhow-1.0.79/src/error.rs:611:72\n    |\n611 |     object_ref: unsafe fn(Ref<ErrorImpl>) -> Ref<dyn StdError + Send + Sync + 'static>,\n    |                                                                        ^^^^ not found in this scope\n    |\nhelp: consider importing this trait\n    |\n1   + use core::marker::Sync;\n    |\n\nerror[E0405]: cannot find trait `Send` in this scope\n   --> /Users/graysonnocera/.cargo/registry/src/index.crates.io-6f17d22bba15001f/anyhow-1.0.79/src/error.rs:614:67\n    |\n614 |     object_boxed: unsafe fn(Own<ErrorImpl>) -> Box<dyn StdError + Send + Sync + 'static>,\n    |                                                                   ^^^^ not found in this scope\n    |\nhelp: consider importing this trait\n    |\n1   + use core::marker::Send;\n    |\n\nerror[E0405]: cannot find trait `Sync` in this scope\n   --> /Users/graysonnocera/.cargo/registry/src/index.crates.io-6f17d22bba15001f/anyhow-1.0.79/src/error.rs:614:74\n    |\n614 |     object_boxed: unsafe fn(Own<ErrorImpl>) -> Box<dyn StdError + Send + Sync + 'static>,\n    |                                                                          ^^^^ not found in this scope\n    |\nhelp: consider importing this trait\n    |\n1   + use core::marker::Sync;\n    |\n\nerror[E0412]: cannot find type `Option` in this scope\n   --> /Users/graysonnocera/.cargo/registry/src/index.crates.io-6f17d22bba15001f/anyhow-1.0.79/src/error.rs:615:59\n    |\n615 |     object_downcast: unsafe fn(Ref<ErrorImpl>, TypeId) -> Option<Ref<()>>,\n    |                                                           ^^^^^^ not found in this scope\n    |\nhelp: consider importing this enum\n    |\n1   + use core::option::Option;\n    |\n\nerror[E0412]: cannot find type `Option` in this scope\n   --> /Users/graysonnocera/.cargo/registry/src/index.crates.io-6f17d22bba15001f/anyhow-1.0.79/src/error.rs:623:52\n    |\n623 |     object_backtrace: unsafe fn(Ref<ErrorImpl>) -> Option<&Backtrace>,\n    |                                                    ^^^^^^ not found in this scope\n    |\nhelp: consider importing this enum\n    |\n1   + use core::option::Option;\n    |\n\nerror[E0425]: cannot find function `drop` in this scope\n   --> /Users/graysonnocera/.cargo/registry/src/index.crates.io-6f17d22bba15001f/anyhow-1.0.79/src/error.rs:631:5\n    |\n631 |     drop(unsafe { unerased_own.boxed() });\n    |     ^^^^ not found in this scope\n    |\nhelp: consider importing this function\n    |\n1   + use core::mem::drop;\n    |\n\nerror[E0425]: cannot find function `drop` in this scope\n   --> /Users/graysonnocera/.cargo/registry/src/index.crates.io-6f17d22bba15001f/anyhow-1.0.79/src/error.rs:641:5\n    |\n641 |     drop(unsafe { unerased_own.boxed() });\n    |     ^^^^ not found in this scope\n    |\nhelp: consider importing this function\n    |\n1   + use core::mem::drop;\n    |\n\nerror[E0405]: cannot find trait `Send` in this scope\n   --> /Users/graysonnocera/.cargo/registry/src/index.crates.io-6f17d22bba15001f/anyhow-1.0.79/src/error.rs:647:19\n    |\n647 |     E: StdError + Send + Sync + 'static,\n    |                   ^^^^ not found in this scope\n    |\nhelp: consider importing this trait\n    |\n1   + use core::marker::Send;\n    |\n\nerror[E0405]: cannot find trait `Sync` in this scope\n   --> /Users/graysonnocera/.cargo/registry/src/index.crates.io-6f17d22bba15001f/anyhow-1.0.79/src/error.rs:647:26\n    |\n647 |     E: StdError + Send + Sync + 'static,\n    |                          ^^^^ not found in this scope\n    |\nhelp: consider importing this trait\n    |\n1   + use core::marker::Sync;\n    |\n\nerror[E0405]: cannot find trait `Send` in this scope\n   --> /Users/graysonnocera/.cargo/registry/src/index.crates.io-6f17d22bba15001f/anyhow-1.0.79/src/error.rs:645:66\n    |\n645 | unsafe fn object_ref<E>(e: Ref<ErrorImpl>) -> Ref<dyn StdError + Send + Sync + 'static>\n    |                                                                  ^^^^ not found in this scope\n    |\nhelp: consider importing this trait\n    |\n1   + use core::marker::Send;\n    |\n\nerror[E0405]: cannot find trait `Sync` in this scope\n   --> /Users/graysonnocera/.cargo/registry/src/index.crates.io-6f17d22bba15001f/anyhow-1.0.79/src/error.rs:645:73\n    |\n645 | unsafe fn object_ref<E>(e: Ref<ErrorImpl>) -> Ref<dyn StdError + Send + Sync + 'static>\n    |                                                                         ^^^^ not found in this scope\n    |\nhelp: consider importing this trait\n    |\n1   + use core::marker::Sync;\n    |\n\nerror[E0405]: cannot find trait `Send` in this scope\n   --> /Users/graysonnocera/.cargo/registry/src/index.crates.io-6f17d22bba15001f/anyhow-1.0.79/src/error.rs:677:19\n    |\n677 |     E: StdError + Send + Sync + 'static,\n    |                   ^^^^ not found in this scope\n    |\nhelp: consider importing this trait\n    |\n1   + use core::marker::Send;\n    |\n\nerror[E0405]: cannot find trait `Sync` in this scope\n   --> /Users/graysonnocera/.cargo/registry/src/index.crates.io-6f17d22bba15001f/anyhow-1.0.79/src/error.rs:677:26\n    |\n677 |     E: StdError + Send + Sync + 'static,\n    |                          ^^^^ not found in this scope\n    |\nhelp: consider importing this trait\n    |\n1   + use core::marker::Sync;\n    |\n\nerror[E0405]: cannot find trait `Send` in this scope\n   --> /Users/graysonnocera/.cargo/registry/src/index.crates.io-6f17d22bba15001f/anyhow-1.0.79/src/error.rs:675:68\n    |\n675 | unsafe fn object_boxed<E>(e: Own<ErrorImpl>) -> Box<dyn StdError + Send + Sync + 'static>\n    |                                                                    ^^^^ not found in this scope\n    |\nhelp: consider importing this trait\n    |\n1   + use core::marker::Send;\n    |\n\nerror[E0405]: cannot find trait `Sync` in this scope\n   --> /Users/graysonnocera/.cargo/registry/src/index.crates.io-6f17d22bba15001f/anyhow-1.0.79/src/error.rs:675:75\n    |\n675 | unsafe fn object_boxed<E>(e: Own<ErrorImpl>) -> Box<dyn StdError + Send + Sync + 'static>\n    |                                                                           ^^^^ not found in this scope\n    |\nhelp: consider importing this trait\n    |\n1   + use core::marker::Sync;\n    |\n\nerror[E0412]: cannot find type `Option` in this scope\n   --> /Users/graysonnocera/.cargo/registry/src/index.crates.io-6f17d22bba15001f/anyhow-1.0.79/src/error.rs:685:68\n    |\n685 | unsafe fn object_downcast<E>(e: Ref<ErrorImpl>, target: TypeId) -> Option<Ref<()>>\n    |                                                                    ^^^^^^ not found in this scope\n    |\nhelp: consider importing this enum\n    |\n1   + use core::option::Option;\n    |\n\nerror[E0425]: cannot find function, tuple struct or tuple variant `Some` in this scope\n   --> /Users/graysonnocera/.cargo/registry/src/index.crates.io-6f17d22bba15001f/anyhow-1.0.79/src/error.rs:696:16\n    |\n696 |         return Some(\n    |                ^^^^ not found in this scope\n    |\nhelp: consider importing this tuple variant\n    |\n1   + use core::option::Option::Some;\n    |\n\nerror[E0425]: cannot find value `None` in this scope\n   --> /Users/graysonnocera/.cargo/registry/src/index.crates.io-6f17d22bba15001f/anyhow-1.0.79/src/error.rs:706:9\n    |\n706 |         None\n    |         ^^^^ not found in this scope\n    |\nhelp: consider importing this unit variant\n    |\n1   + use core::option::Option::None;\n    |\n\nerror[E0412]: cannot find type `Option` in this scope\n   --> /Users/graysonnocera/.cargo/registry/src/index.crates.io-6f17d22bba15001f/anyhow-1.0.79/src/error.rs:731:39\n    |\n731 | fn no_backtrace(e: Ref<ErrorImpl>) -> Option<&Backtrace> {\n    |                                       ^^^^^^ not found in this scope\n    |\nhelp: consider importing this enum\n    |\n1   + use core::option::Option;\n    |\n\nerror[E0425]: cannot find value `None` in this scope\n   --> /Users/graysonnocera/.cargo/registry/src/index.crates.io-6f17d22bba15001f/anyhow-1.0.79/src/error.rs:733:5\n    |\n733 |     None\n    |     ^^^^ not found in this scope\n    |\nhelp: consider importing this unit variant\n    |\n1   + use core::option::Option::None;\n    |\n\nerror[E0412]: cannot find type `Option` in this scope\n   --> /Users/graysonnocera/.cargo/registry/src/index.crates.io-6f17d22bba15001f/anyhow-1.0.79/src/error.rs:738:72\n    |\n738 | unsafe fn context_downcast<C, E>(e: Ref<ErrorImpl>, target: TypeId) -> Option<Ref<()>>\n    |                                                                        ^^^^^^ not found in this scope\n    |\nhelp: consider importing this enum\n    |\n1   + use core::option::Option;\n    |\n\nerror[E0425]: cannot find function, tuple struct or tuple variant `Some` in this scope\n   --> /Users/graysonnocera/.cargo/registry/src/index.crates.io-6f17d22bba15001f/anyhow-1.0.79/src/error.rs:746:9\n    |\n746 |         Some(Ref::new(&unerased._object.context).cast::<()>())\n    |         ^^^^ not found in this scope\n    |\nhelp: consider importing this tuple variant\n    |\n1   + use core::option::Option::Some;\n    |\n\nerror[E0425]: cannot find function, tuple struct or tuple variant `Some` in this scope\n   --> /Users/graysonnocera/.cargo/registry/src/index.crates.io-6f17d22bba15001f/anyhow-1.0.79/src/error.rs:750:9\n    |\n750 |         Some(Ref::new(&unerased._object.error).cast::<()>())\n    |         ^^^^ not found in this scope\n    |\nhelp: consider importing this tuple variant\n    |\n1   + use core::option::Option::Some;\n    |\n\nerror[E0425]: cannot find value `None` in this scope\n   --> /Users/graysonnocera/.cargo/registry/src/index.crates.io-6f17d22bba15001f/anyhow-1.0.79/src/error.rs:752:9\n    |\n752 |         None\n    |         ^^^^ not found in this scope\n    |\nhelp: consider importing this unit variant\n    |\n1   + use core::option::Option::None;\n    |\n\nerror[E0425]: cannot find function `drop` in this scope\n   --> /Users/graysonnocera/.cargo/registry/src/index.crates.io-6f17d22bba15001f/anyhow-1.0.79/src/error.rs:787:9\n    |\n787 |         drop(unsafe { unerased_own.boxed() });\n    |         ^^^^ not found in this scope\n    |\nhelp: consider importing this function\n    |\n1   + use core::mem::drop;\n    |\n\nerror[E0425]: cannot find function `drop` in this scope\n   --> /Users/graysonnocera/.cargo/registry/src/index.crates.io-6f17d22bba15001f/anyhow-1.0.79/src/error.rs:790:9\n    |\n790 |         drop(unsafe { unerased_own.boxed() });\n    |         ^^^^ not found in this scope\n    |\nhelp: consider importing this function\n    |\n1   + use core::mem::drop;\n    |\n\nerror[E0412]: cannot find type `Option` in this scope\n   --> /Users/graysonnocera/.cargo/registry/src/index.crates.io-6f17d22bba15001f/anyhow-1.0.79/src/error.rs:795:75\n    |\n795 | unsafe fn context_chain_downcast<C>(e: Ref<ErrorImpl>, target: TypeId) -> Option<Ref<()>>\n    |                                                                           ^^^^^^ not found in this scope\n    |\nhelp: consider importing this enum\n    |\n1   + use core::option::Option;\n    |\n\nerror[E0425]: cannot find function, tuple struct or tuple variant `Some` in this scope\n   --> /Users/graysonnocera/.cargo/registry/src/index.crates.io-6f17d22bba15001f/anyhow-1.0.79/src/error.rs:802:9\n    |\n802 |         Some(Ref::new(&unerased._object.context).cast::<()>())\n    |         ^^^^ not found in this scope\n    |\nhelp: consider importing this tuple variant\n    |\n1   + use core::option::Option::Some;\n    |\n\nerror[E0425]: cannot find function `drop` in this scope\n   --> /Users/graysonnocera/.cargo/registry/src/index.crates.io-6f17d22bba15001f/anyhow-1.0.79/src/error.rs:837:9\n    |\n837 |         drop(unsafe { unerased_own.boxed() });\n    |         ^^^^ not found in this scope\n    |\nhelp: consider importing this function\n    |\n1   + use core::mem::drop;\n    |\n\nerror[E0425]: cannot find function `drop` in this scope\n   --> /Users/graysonnocera/.cargo/registry/src/index.crates.io-6f17d22bba15001f/anyhow-1.0.79/src/error.rs:843:9\n    |\n843 |         drop(unerased);\n    |         ^^^^ not found in this scope\n    |\nhelp: consider importing this function\n    |\n1   + use core::mem::drop;\n    |\n\nerror[E0412]: cannot find type `Option` in this scope\n   --> /Users/graysonnocera/.cargo/registry/src/index.crates.io-6f17d22bba15001f/anyhow-1.0.79/src/error.rs:856:54\n    |\n856 | unsafe fn context_backtrace<C>(e: Ref<ErrorImpl>) -> Option<&Backtrace>\n    |                                                      ^^^^^^ not found in this scope\n    |\nhelp: consider importing this enum\n    |\n1   + use core::option::Option;\n    |\n\nerror[E0425]: cannot find function, tuple struct or tuple variant `Some` in this scope\n   --> /Users/graysonnocera/.cargo/registry/src/index.crates.io-6f17d22bba15001f/anyhow-1.0.79/src/error.rs:863:5\n    |\n863 |     Some(backtrace)\n    |     ^^^^ not found in this scope\n    |\nhelp: consider importing this tuple variant\n    |\n1   + use core::option::Option::Some;\n    |\n\nerror[E0412]: cannot find type `Option` in this scope\n   --> /Users/graysonnocera/.cargo/registry/src/index.crates.io-6f17d22bba15001f/anyhow-1.0.79/src/error.rs:872:16\n    |\n872 |     backtrace: Option<Backtrace>,\n    |                ^^^^^^ not found in this scope\n    |\nhelp: consider importing this enum\n    |\n1   + use core::option::Option;\n    |\n\nerror[E0405]: cannot find trait `Send` in this scope\n   --> /Users/graysonnocera/.cargo/registry/src/index.crates.io-6f17d22bba15001f/anyhow-1.0.79/src/error.rs:903:69\n    |\n903 |     pub(crate) unsafe fn error(this: Ref<Self>) -> &(dyn StdError + Send + Sync + 'static) {\n    |                                                                     ^^^^ not found in this scope\n    |\nhelp: consider importing this trait\n    |\n1   + use core::marker::Send;\n    |\n\nerror[E0405]: cannot find trait `Sync` in this scope\n   --> /Users/graysonnocera/.cargo/registry/src/index.crates.io-6f17d22bba15001f/anyhow-1.0.79/src/error.rs:903:76\n    |\n903 |     pub(crate) unsafe fn error(this: Ref<Self>) -> &(dyn StdError + Send + Sync + 'static) {\n    |                                                                            ^^^^ not found in this scope\n    |\nhelp: consider importing this trait\n    |\n1   + use core::marker::Sync;\n    |\n\nerror[E0405]: cannot find trait `Send` in this scope\n   --> /Users/graysonnocera/.cargo/registry/src/index.crates.io-6f17d22bba15001f/anyhow-1.0.79/src/error.rs:910:77\n    |\n910 |     pub(crate) unsafe fn error_mut(this: Mut<Self>) -> &mut (dyn StdError + Send + Sync + 'static) {\n    |                                                                             ^^^^ not found in this scope\n    |\nhelp: consider importing this trait\n    |\n1   + use core::marker::Send;\n    |\n\nerror[E0405]: cannot find trait `Sync` in this scope\n   --> /Users/graysonnocera/.cargo/registry/src/index.crates.io-6f17d22bba15001f/anyhow-1.0.79/src/error.rs:910:84\n    |\n910 |     pub(crate) unsafe fn error_mut(this: Mut<Self>) -> &mut (dyn StdError + Send + Sync + 'static) {\n    |                                                                                    ^^^^ not found in this scope\n    |\nhelp: consider importing this trait\n    |\n1   + use core::marker::Sync;\n    |\n\nerror[E0412]: cannot find type `Option` in this scope\n   --> /Users/graysonnocera/.cargo/registry/src/index.crates.io-6f17d22bba15001f/anyhow-1.0.79/src/error.rs:960:25\n    |\n960 |     fn source(&self) -> Option<&(dyn StdError + 'static)> {\n    |                         ^^^^^^ not found in this scope\n    |\nhelp: consider importing this enum\n    |\n1   + use core::option::Option;\n    |\n\nerror[E0405]: cannot find trait `From` in this scope\n   --> /Users/graysonnocera/.cargo/registry/src/index.crates.io-6f17d22bba15001f/anyhow-1.0.79/src/error.rs:988:6\n    |\n988 | impl From<Error> for Box<dyn StdError + Send + Sync + 'static> {\n    |      ^^^^ not found in this scope\n    |\nhelp: consider importing this trait\n    |\n1   + use core::convert::From;\n    |\n\nerror[E0405]: cannot find trait `Send` in this scope\n   --> /Users/graysonnocera/.cargo/registry/src/index.crates.io-6f17d22bba15001f/anyhow-1.0.79/src/error.rs:988:41\n    |\n988 | impl From<Error> for Box<dyn StdError + Send + Sync + 'static> {\n    |                                         ^^^^ not found in this scope\n    |\nhelp: consider importing this trait\n    |\n1   + use core::marker::Send;\n    |\n\nerror[E0405]: cannot find trait `Sync` in this scope\n   --> /Users/graysonnocera/.cargo/registry/src/index.crates.io-6f17d22bba15001f/anyhow-1.0.79/src/error.rs:988:48\n    |\n988 | impl From<Error> for Box<dyn StdError + Send + Sync + 'static> {\n    |                                                ^^^^ not found in this scope\n    |\nhelp: consider importing this trait\n    |\n1   + use core::marker::Sync;\n    |\n\nerror[E0405]: cannot find trait `From` in this scope\n    --> /Users/graysonnocera/.cargo/registry/src/index.crates.io-6f17d22bba15001f/anyhow-1.0.79/src/error.rs:1000:6\n     |\n1000 | impl From<Error> for Box<dyn StdError + Send + 'static> {\n     |      ^^^^ not found in this scope\n     |\nhelp: consider importing this trait\n     |\n1    + use core::convert::From;\n     |\n\nerror[E0405]: cannot find trait `Send` in this scope\n    --> /Users/graysonnocera/.cargo/registry/src/index.crates.io-6f17d22bba15001f/anyhow-1.0.79/src/error.rs:1000:41\n     |\n1000 | impl From<Error> for Box<dyn StdError + Send + 'static> {\n     |                                         ^^^^ not found in this scope\n     |\nhelp: consider importing this trait\n     |\n1    + use core::marker::Send;\n     |\n\nerror[E0405]: cannot find trait `Send` in this scope\n    --> /Users/graysonnocera/.cargo/registry/src/index.crates.io-6f17d22bba15001f/anyhow-1.0.79/src/error.rs:1002:30\n     |\n1002 |         Box::<dyn StdError + Send + Sync>::from(error)\n     |                              ^^^^ not found in this scope\n     |\nhelp: consider importing this trait\n     |\n1    + use core::marker::Send;\n     |\n\nerror[E0405]: cannot find trait `Sync` in this scope\n    --> /Users/graysonnocera/.cargo/registry/src/index.crates.io-6f17d22bba15001f/anyhow-1.0.79/src/error.rs:1002:37\n     |\n1002 |         Box::<dyn StdError + Send + Sync>::from(error)\n     |                                     ^^^^ not found in this scope\n     |\nhelp: consider importing this trait\n     |\n1    + use core::marker::Sync;\n     |\n\nerror[E0405]: cannot find trait `From` in this scope\n    --> /Users/graysonnocera/.cargo/registry/src/index.crates.io-6f17d22bba15001f/anyhow-1.0.79/src/error.rs:1006:6\n     |\n1006 | impl From<Error> for Box<dyn StdError + 'static> {\n     |      ^^^^ not found in this scope\n     |\nhelp: consider importing this trait\n     |\n1    + use core::convert::From;\n     |\n\nerror[E0405]: cannot find trait `Send` in this scope\n    --> /Users/graysonnocera/.cargo/registry/src/index.crates.io-6f17d22bba15001f/anyhow-1.0.79/src/error.rs:1008:30\n     |\n1008 |         Box::<dyn StdError + Send + Sync>::from(error)\n     |                              ^^^^ not found in this scope\n     |\nhelp: consider importing this trait\n     |\n1    + use core::marker::Send;\n     |\n\nerror[E0405]: cannot find trait `Sync` in this scope\n    --> /Users/graysonnocera/.cargo/registry/src/index.crates.io-6f17d22bba15001f/anyhow-1.0.79/src/error.rs:1008:37\n     |\n1008 |         Box::<dyn StdError + Send + Sync>::from(error)\n     |                                     ^^^^ not found in this scope\n     |\nhelp: consider importing this trait\n     |\n1    + use core::marker::Sync;\n     |\n\nerror[E0405]: cannot find trait `AsRef` in this scope\n    --> /Users/graysonnocera/.cargo/registry/src/index.crates.io-6f17d22bba15001f/anyhow-1.0.79/src/error.rs:1013:6\n     |\n1013 | impl AsRef<dyn StdError + Send + Sync> for Error {\n     |      ^^^^^ not found in this scope\n     |\nhelp: consider importing this trait\n     |\n1    + use core::convert::AsRef;\n     |\n\nerror[E0405]: cannot find trait `Send` in this scope\n    --> /Users/graysonnocera/.cargo/registry/src/index.crates.io-6f17d22bba15001f/anyhow-1.0.79/src/error.rs:1013:27\n     |\n1013 | impl AsRef<dyn StdError + Send + Sync> for Error {\n     |                           ^^^^ not found in this scope\n     |\nhelp: consider importing this trait\n     |\n1    + use core::marker::Send;\n     |\n\nerror[E0405]: cannot find trait `Sync` in this scope\n    --> /Users/graysonnocera/.cargo/registry/src/index.crates.io-6f17d22bba15001f/anyhow-1.0.79/src/error.rs:1013:34\n     |\n1013 | impl AsRef<dyn StdError + Send + Sync> for Error {\n     |                                  ^^^^ not found in this scope\n     |\nhelp: consider importing this trait\n     |\n1    + use core::marker::Sync;\n     |\n\nerror[E0405]: cannot find trait `Send` in this scope\n    --> /Users/graysonnocera/.cargo/registry/src/index.crates.io-6f17d22bba15001f/anyhow-1.0.79/src/error.rs:1014:42\n     |\n1014 |     fn as_ref(&self) -> &(dyn StdError + Send + Sync + 'static) {\n     |                                          ^^^^ not found in this scope\n     |\nhelp: consider importing this trait\n     |\n1    + use core::marker::Send;\n     |\n\nerror[E0405]: cannot find trait `Sync` in this scope\n    --> /Users/graysonnocera/.cargo/registry/src/index.crates.io-6f17d22bba15001f/anyhow-1.0.79/src/error.rs:1014:49\n     |\n1014 |     fn as_ref(&self) -> &(dyn StdError + Send + Sync + 'static) {\n     |                                                 ^^^^ not found in this scope\n     |\nhelp: consider importing this trait\n     |\n1    + use core::marker::Sync;\n     |\n\nerror[E0405]: cannot find trait `AsRef` in this scope\n    --> /Users/graysonnocera/.cargo/registry/src/index.crates.io-6f17d22bba15001f/anyhow-1.0.79/src/error.rs:1020:6\n     |\n1020 | impl AsRef<dyn StdError> for Error {\n     |      ^^^^^ not found in this scope\n     |\nhelp: consider importing this trait\n     |\n1    + use core::convert::AsRef;\n     |\n\nerror[E0425]: cannot find function, tuple struct or tuple variant `Ok` in this scope\n  --> /Users/graysonnocera/.cargo/registry/src/index.crates.io-6f17d22bba15001f/anyhow-1.0.79/src/fmt.rs:17:9\n   |\n17 |         Ok(())\n   |         ^^ not found in this scope\n   |\nhelp: consider importing one of these items\n   |\n1  + use crate::Ok;\n   |\n1  + use core::result::Result::Ok;\n   |\n\nerror[E0531]: cannot find tuple struct or tuple variant `Some` in this scope\n  --> /Users/graysonnocera/.cargo/registry/src/index.crates.io-6f17d22bba15001f/anyhow-1.0.79/src/fmt.rs:29:16\n   |\n29 |         if let Some(cause) = error.source() {\n   |                ^^^^ not found in this scope\n   |\nhelp: consider importing this tuple variant\n   |\n1  + use core::option::Option::Some;\n   |\n\nerror[E0425]: cannot find function, tuple struct or tuple variant `Some` in this scope\n  --> /Users/graysonnocera/.cargo/registry/src/index.crates.io-6f17d22bba15001f/anyhow-1.0.79/src/fmt.rs:36:43\n   |\n36 |                     number: if multiple { Some(n) } else { None },\n   |                                           ^^^^ not found in this scope\n   |\nhelp: consider importing this tuple variant\n   |\n1  + use core::option::Option::Some;\n   |\n\nerror[E0425]: cannot find value `None` in this scope\n  --> /Users/graysonnocera/.cargo/registry/src/index.crates.io-6f17d22bba15001f/anyhow-1.0.79/src/fmt.rs:36:60\n   |\n36 |                     number: if multiple { Some(n) } else { None },\n   |                                                            ^^^^ not found in this scope\n   |\nhelp: consider importing this unit variant\n   |\n1  + use core::option::Option::None;\n   |\n\nerror[E0425]: cannot find function, tuple struct or tuple variant `Ok` in this scope\n  --> /Users/graysonnocera/.cargo/registry/src/index.crates.io-6f17d22bba15001f/anyhow-1.0.79/src/fmt.rs:64:9\n   |\n64 |         Ok(())\n   |         ^^ not found in this scope\n   |\nhelp: consider importing one of these items\n   |\n1  + use crate::Ok;\n   |\n1  + use core::result::Result::Ok;\n   |\n\nerror[E0412]: cannot find type `Option` in this scope\n  --> /Users/graysonnocera/.cargo/registry/src/index.crates.io-6f17d22bba15001f/anyhow-1.0.79/src/fmt.rs:70:13\n   |\n70 |     number: Option<usize>,\n   |             ^^^^^^ not found in this scope\n   |\nhelp: consider importing this enum\n   |\n1  + use core::option::Option;\n   |\n\nerror[E0531]: cannot find tuple struct or tuple variant `Some` in this scope\n  --> /Users/graysonnocera/.cargo/registry/src/index.crates.io-6f17d22bba15001f/anyhow-1.0.79/src/fmt.rs:83:21\n   |\n83 |                     Some(number) => write!(self.inner, \"{: >5}: \", number)?,\n   |                     ^^^^ not found in this scope\n   |\nhelp: consider importing this tuple variant\n   |\n1  + use core::option::Option::Some;\n   |\n\nerror[E0425]: cannot find function, tuple struct or tuple variant `Ok` in this scope\n  --> /Users/graysonnocera/.cargo/registry/src/index.crates.io-6f17d22bba15001f/anyhow-1.0.79/src/fmt.rs:98:9\n   |\n98 |         Ok(())\n   |         ^^ not found in this scope\n   |\nhelp: consider importing one of these items\n   |\n1  + use crate::Ok;\n   |\n1  + use core::result::Result::Ok;\n   |\n\nerror[E0405]: cannot find trait `Sized` in this scope\n  --> /Users/graysonnocera/.cargo/registry/src/index.crates.io-6f17d22bba15001f/anyhow-1.0.79/src/kind.rs:56:22\n   |\n56 | pub trait AdhocKind: Sized {\n   |                      ^^^^^ not found in this scope\n   |\nhelp: consider importing this trait\n   |\n47 + use core::marker::Sized;\n   |\n\nerror[E0405]: cannot find trait `Sized` in this scope\n  --> /Users/graysonnocera/.cargo/registry/src/index.crates.io-6f17d22bba15001f/anyhow-1.0.79/src/kind.rs:63:36\n   |\n63 | impl<T> AdhocKind for &T where T: ?Sized + Display + Debug + Send + Sync + 'static {}\n   |                                    ^^^^^ not found in this scope\n   |\nhelp: consider importing this trait\n   |\n47 + use core::marker::Sized;\n   |\n\nerror[E0405]: cannot find trait `Send` in this scope\n  --> /Users/graysonnocera/.cargo/registry/src/index.crates.io-6f17d22bba15001f/anyhow-1.0.79/src/kind.rs:63:62\n   |\n63 | impl<T> AdhocKind for &T where T: ?Sized + Display + Debug + Send + Sync + 'static {}\n   |                                                              ^^^^ not found in this scope\n   |\nhelp: consider importing this trait\n   |\n47 + use core::marker::Send;\n   |\n\nerror[E0405]: cannot find trait `Sync` in this scope\n  --> /Users/graysonnocera/.cargo/registry/src/index.crates.io-6f17d22bba15001f/anyhow-1.0.79/src/kind.rs:63:69\n   |\n63 | impl<T> AdhocKind for &T where T: ?Sized + Display + Debug + Send + Sync + 'static {}\n   |                                                                     ^^^^ not found in this scope\n   |\nhelp: consider importing this trait\n   |\n47 + use core::marker::Sync;\n   |\n\nerror[E0405]: cannot find trait `Send` in this scope\n  --> /Users/graysonnocera/.cargo/registry/src/index.crates.io-6f17d22bba15001f/anyhow-1.0.79/src/kind.rs:69:30\n   |\n69 |         M: Display + Debug + Send + Sync + 'static,\n   |                              ^^^^ not found in this scope\n   |\nhelp: consider importing this trait\n   |\n47 + use core::marker::Send;\n   |\n\nerror[E0405]: cannot find trait `Sync` in this scope\n  --> /Users/graysonnocera/.cargo/registry/src/index.crates.io-6f17d22bba15001f/anyhow-1.0.79/src/kind.rs:69:37\n   |\n69 |         M: Display + Debug + Send + Sync + 'static,\n   |                                     ^^^^ not found in this scope\n   |\nhelp: consider importing this trait\n   |\n47 + use core::marker::Sync;\n   |\n\nerror[E0425]: cannot find function, tuple struct or tuple variant `Some` in this scope\n  --> /Users/graysonnocera/.cargo/registry/src/index.crates.io-6f17d22bba15001f/anyhow-1.0.79/src/backtrace.rs:27:9\n   |\n27 |         Some(crate::backtrace::Backtrace::capture())\n   |         ^^^^ not found in this scope\n   |\n  ::: /Users/graysonnocera/.cargo/registry/src/index.crates.io-6f17d22bba15001f/anyhow-1.0.79/src/kind.rs:71:36\n   |\n71 |         Error::from_adhoc(message, backtrace!())\n   |                                    ------------ in this macro invocation\n   |\n   = note: this error originates in the macro `backtrace` (in Nightly builds, run with -Z macro-backtrace for more info)\nhelp: consider importing this tuple variant\n  --> /Users/graysonnocera/.cargo/registry/src/index.crates.io-6f17d22bba15001f/anyhow-1.0.79/src/kind.rs:47:1\n   |\n47 + use core::option::Option::Some;\n   |\n\nerror[E0405]: cannot find trait `Sized` in this scope\n  --> /Users/graysonnocera/.cargo/registry/src/index.crates.io-6f17d22bba15001f/anyhow-1.0.79/src/kind.rs:78:22\n   |\n78 | pub trait TraitKind: Sized {\n   |                      ^^^^^ not found in this scope\n   |\nhelp: consider importing this trait\n   |\n47 + use core::marker::Sized;\n   |\n\nerror[E0405]: cannot find trait `Into` in this scope\n  --> /Users/graysonnocera/.cargo/registry/src/index.crates.io-6f17d22bba15001f/anyhow-1.0.79/src/kind.rs:85:34\n   |\n85 | impl<E> TraitKind for E where E: Into<Error> {}\n   |                                  ^^^^ not found in this scope\n   |\nhelp: consider importing this trait\n   |\n47 + use core::convert::Into;\n   |\n\nerror[E0405]: cannot find trait `Into` in this scope\n  --> /Users/graysonnocera/.cargo/registry/src/index.crates.io-6f17d22bba15001f/anyhow-1.0.79/src/kind.rs:91:12\n   |\n91 |         E: Into<Error>,\n   |            ^^^^ not found in this scope\n   |\nhelp: consider importing this trait\n   |\n47 + use core::convert::Into;\n   |\n\nerror[E0405]: cannot find trait `Sized` in this scope\n   --> /Users/graysonnocera/.cargo/registry/src/index.crates.io-6f17d22bba15001f/anyhow-1.0.79/src/kind.rs:102:22\n    |\n102 | pub trait BoxedKind: Sized {\n    |                      ^^^^^ not found in this scope\n    |\nhelp: consider importing this trait\n    |\n47  + use core::marker::Sized;\n    |\n\nerror[E0412]: cannot find type `Box` in this scope\n   --> /Users/graysonnocera/.cargo/registry/src/index.crates.io-6f17d22bba15001f/anyhow-1.0.79/src/kind.rs:110:20\n    |\n110 | impl BoxedKind for Box<dyn StdError + Send + Sync> {}\n    |                    ^^^ not found in this scope\n    |\nhelp: consider importing this struct\n    |\n47  + use alloc::boxed::Box;\n    |\n\nerror[E0405]: cannot find trait `Send` in this scope\n   --> /Users/graysonnocera/.cargo/registry/src/index.crates.io-6f17d22bba15001f/anyhow-1.0.79/src/kind.rs:110:39\n    |\n110 | impl BoxedKind for Box<dyn StdError + Send + Sync> {}\n    |                                       ^^^^ not found in this scope\n    |\nhelp: consider importing this trait\n    |\n47  + use core::marker::Send;\n    |\n\nerror[E0405]: cannot find trait `Sync` in this scope\n   --> /Users/graysonnocera/.cargo/registry/src/index.crates.io-6f17d22bba15001f/anyhow-1.0.79/src/kind.rs:110:46\n    |\n110 | impl BoxedKind for Box<dyn StdError + Send + Sync> {}\n    |                                              ^^^^ not found in this scope\n    |\nhelp: consider importing this trait\n    |\n47  + use core::marker::Sync;\n    |\n\nerror[E0412]: cannot find type `Box` in this scope\n   --> /Users/graysonnocera/.cargo/registry/src/index.crates.io-6f17d22bba15001f/anyhow-1.0.79/src/kind.rs:115:29\n    |\n115 |     pub fn new(self, error: Box<dyn StdError + Send + Sync>) -> Error {\n    |                             ^^^ not found in this scope\n    |\nhelp: consider importing this struct\n    |\n47  + use alloc::boxed::Box;\n    |\n\nerror[E0405]: cannot find trait `Send` in this scope\n   --> /Users/graysonnocera/.cargo/registry/src/index.crates.io-6f17d22bba15001f/anyhow-1.0.79/src/kind.rs:115:48\n    |\n115 |     pub fn new(self, error: Box<dyn StdError + Send + Sync>) -> Error {\n    |                                                ^^^^ not found in this scope\n    |\nhelp: consider importing this trait\n    |\n47  + use core::marker::Send;\n    |\n\nerror[E0405]: cannot find trait `Sync` in this scope\n   --> /Users/graysonnocera/.cargo/registry/src/index.crates.io-6f17d22bba15001f/anyhow-1.0.79/src/kind.rs:115:55\n    |\n115 |     pub fn new(self, error: Box<dyn StdError + Send + Sync>) -> Error {\n    |                                                       ^^^^ not found in this scope\n    |\nhelp: consider importing this trait\n    |\n47  + use core::marker::Sync;\n    |\n\nerror[E0425]: cannot find function, tuple struct or tuple variant `Some` in this scope\n   --> /Users/graysonnocera/.cargo/registry/src/index.crates.io-6f17d22bba15001f/anyhow-1.0.79/src/backtrace.rs:27:9\n    |\n27  |         Some(crate::backtrace::Backtrace::capture())\n    |         ^^^^ not found in this scope\n    |\n   ::: /Users/graysonnocera/.cargo/registry/src/index.crates.io-6f17d22bba15001f/anyhow-1.0.79/src/kind.rs:116:25\n    |\n116 |         let backtrace = backtrace_if_absent!(&*error);\n    |                         ----------------------------- in this macro invocation\n    |\n    = note: this error originates in the macro `backtrace` which comes from the expansion of the macro `backtrace_if_absent` (in Nightly builds, run with -Z macro-backtrace for more info)\nhelp: consider importing this tuple variant\n   --> /Users/graysonnocera/.cargo/registry/src/index.crates.io-6f17d22bba15001f/anyhow-1.0.79/src/kind.rs:47:1\n    |\n47  + use core::option::Option::Some;\n    |\n\nerror[E0405]: cannot find trait `Sized` in this scope\n --> /Users/graysonnocera/.cargo/registry/src/index.crates.io-6f17d22bba15001f/anyhow-1.0.79/src/ptr.rs:8:9\n  |\n8 |     T: ?Sized,\n  |         ^^^^^ not found in this scope\n  |\nhelp: consider importing this trait\n  |\n1 + use core::marker::Sized;\n  |\n\nerror[E0405]: cannot find trait `Send` in this scope\n  --> /Users/graysonnocera/.cargo/registry/src/index.crates.io-6f17d22bba15001f/anyhow-1.0.79/src/ptr.rs:13:16\n   |\n13 | unsafe impl<T> Send for Own<T> where T: ?Sized {}\n   |                ^^^^ not found in this scope\n   |\nhelp: consider importing this trait\n   |\n1  + use core::marker::Send;\n   |\n\nerror[E0405]: cannot find trait `Sized` in this scope\n  --> /Users/graysonnocera/.cargo/registry/src/index.crates.io-6f17d22bba15001f/anyhow-1.0.79/src/ptr.rs:13:42\n   |\n13 | unsafe impl<T> Send for Own<T> where T: ?Sized {}\n   |                                          ^^^^^ not found in this scope\n   |\nhelp: consider importing this trait\n   |\n1  + use core::marker::Sized;\n   |\n\nerror[E0405]: cannot find trait `Sync` in this scope\n  --> /Users/graysonnocera/.cargo/registry/src/index.crates.io-6f17d22bba15001f/anyhow-1.0.79/src/ptr.rs:15:16\n   |\n15 | unsafe impl<T> Sync for Own<T> where T: ?Sized {}\n   |                ^^^^ not found in this scope\n   |\nhelp: consider importing this trait\n   |\n1  + use core::marker::Sync;\n   |\n\nerror[E0405]: cannot find trait `Sized` in this scope\n  --> /Users/graysonnocera/.cargo/registry/src/index.crates.io-6f17d22bba15001f/anyhow-1.0.79/src/ptr.rs:15:42\n   |\n15 | unsafe impl<T> Sync for Own<T> where T: ?Sized {}\n   |                                          ^^^^^ not found in this scope\n   |\nhelp: consider importing this trait\n   |\n1  + use core::marker::Sized;\n   |\n\nerror[E0405]: cannot find trait `Copy` in this scope\n  --> /Users/graysonnocera/.cargo/registry/src/index.crates.io-6f17d22bba15001f/anyhow-1.0.79/src/ptr.rs:17:9\n   |\n17 | impl<T> Copy for Own<T> where T: ?Sized {}\n   |         ^^^^ not found in this scope\n   |\nhelp: consider importing this trait\n   |\n1  + use core::marker::Copy;\n   |\n\nerror[E0405]: cannot find trait `Sized` in this scope\n  --> /Users/graysonnocera/.cargo/registry/src/index.crates.io-6f17d22bba15001f/anyhow-1.0.79/src/ptr.rs:17:35\n   |\n17 | impl<T> Copy for Own<T> where T: ?Sized {}\n   |                                   ^^^^^ not found in this scope\n   |\nhelp: consider importing this trait\n   |\n1  + use core::marker::Sized;\n   |\n\nerror[E0405]: cannot find trait `Clone` in this scope\n  --> /Users/graysonnocera/.cargo/registry/src/index.crates.io-6f17d22bba15001f/anyhow-1.0.79/src/ptr.rs:19:9\n   |\n19 | impl<T> Clone for Own<T>\n   |         ^^^^^ not found in this scope\n   |\nhelp: consider importing this trait\n   |\n1  + use core::clone::Clone;\n   |\n\nerror[E0405]: cannot find trait `Sized` in this scope\n  --> /Users/graysonnocera/.cargo/registry/src/index.crates.io-6f17d22bba15001f/anyhow-1.0.79/src/ptr.rs:21:9\n   |\n21 |     T: ?Sized,\n   |         ^^^^^ not found in this scope\n   |\nhelp: consider importing this trait\n   |\n1  + use core::marker::Sized;\n   |\n\nerror[E0405]: cannot find trait `Sized` in this scope\n  --> /Users/graysonnocera/.cargo/registry/src/index.crates.io-6f17d22bba15001f/anyhow-1.0.79/src/ptr.rs:30:9\n   |\n30 |     T: ?Sized,\n   |         ^^^^^ not found in this scope\n   |\nhelp: consider importing this trait\n   |\n1  + use core::marker::Sized;\n   |\n\nerror[E0405]: cannot find trait `Sized` in this scope\n  --> /Users/graysonnocera/.cargo/registry/src/index.crates.io-6f17d22bba15001f/anyhow-1.0.79/src/ptr.rs:66:9\n   |\n66 |     T: ?Sized,\n   |         ^^^^^ not found in this scope\n   |\nhelp: consider importing this trait\n   |\n1  + use core::marker::Sized;\n   |\n\nerror[E0405]: cannot find trait `Copy` in this scope\n  --> /Users/graysonnocera/.cargo/registry/src/index.crates.io-6f17d22bba15001f/anyhow-1.0.79/src/ptr.rs:72:13\n   |\n72 | impl<'a, T> Copy for Ref<'a, T> where T: ?Sized {}\n   |             ^^^^ not found in this scope\n   |\nhelp: consider importing this trait\n   |\n1  + use core::marker::Copy;\n   |\n\nerror[E0405]: cannot find trait `Sized` in this scope\n  --> /Users/graysonnocera/.cargo/registry/src/index.crates.io-6f17d22bba15001f/anyhow-1.0.79/src/ptr.rs:72:43\n   |\n72 | impl<'a, T> Copy for Ref<'a, T> where T: ?Sized {}\n   |                                           ^^^^^ not found in this scope\n   |\nhelp: consider importing this trait\n   |\n1  + use core::marker::Sized;\n   |\n\nerror[E0405]: cannot find trait `Clone` in this scope\n  --> /Users/graysonnocera/.cargo/registry/src/index.crates.io-6f17d22bba15001f/anyhow-1.0.79/src/ptr.rs:74:13\n   |\n74 | impl<'a, T> Clone for Ref<'a, T>\n   |             ^^^^^ not found in this scope\n   |\nhelp: consider importing this trait\n   |\n1  + use core::clone::Clone;\n   |\n\nerror[E0405]: cannot find trait `Sized` in this scope\n  --> /Users/graysonnocera/.cargo/registry/src/index.crates.io-6f17d22bba15001f/anyhow-1.0.79/src/ptr.rs:76:9\n   |\n76 |     T: ?Sized,\n   |         ^^^^^ not found in this scope\n   |\nhelp: consider importing this trait\n   |\n1  + use core::marker::Sized;\n   |\n\nerror[E0405]: cannot find trait `Sized` in this scope\n  --> /Users/graysonnocera/.cargo/registry/src/index.crates.io-6f17d22bba15001f/anyhow-1.0.79/src/ptr.rs:85:9\n   |\n85 |     T: ?Sized,\n   |         ^^^^^ not found in this scope\n   |\nhelp: consider importing this trait\n   |\n1  + use core::marker::Sized;\n   |\n\nerror[E0405]: cannot find trait `Sized` in this scope\n   --> /Users/graysonnocera/.cargo/registry/src/index.crates.io-6f17d22bba15001f/anyhow-1.0.79/src/ptr.rs:130:9\n    |\n130 |     T: ?Sized,\n    |         ^^^^^ not found in this scope\n    |\nhelp: consider importing this trait\n    |\n1   + use core::marker::Sized;\n    |\n\nerror[E0405]: cannot find trait `Copy` in this scope\n   --> /Users/graysonnocera/.cargo/registry/src/index.crates.io-6f17d22bba15001f/anyhow-1.0.79/src/ptr.rs:136:13\n    |\n136 | impl<'a, T> Copy for Mut<'a, T> where T: ?Sized {}\n    |             ^^^^ not found in this scope\n    |\nhelp: consider importing this trait\n    |\n1   + use core::marker::Copy;\n    |\n\nerror[E0405]: cannot find trait `Sized` in this scope\n   --> /Users/graysonnocera/.cargo/registry/src/index.crates.io-6f17d22bba15001f/anyhow-1.0.79/src/ptr.rs:136:43\n    |\n136 | impl<'a, T> Copy for Mut<'a, T> where T: ?Sized {}\n    |                                           ^^^^^ not found in this scope\n    |\nhelp: consider importing this trait\n    |\n1   + use core::marker::Sized;\n    |\n\nerror[E0405]: cannot find trait `Clone` in this scope\n   --> /Users/graysonnocera/.cargo/registry/src/index.crates.io-6f17d22bba15001f/anyhow-1.0.79/src/ptr.rs:138:13\n    |\n138 | impl<'a, T> Clone for Mut<'a, T>\n    |             ^^^^^ not found in this scope\n    |\nhelp: consider importing this trait\n    |\n1   + use core::clone::Clone;\n    |\n\nerror[E0405]: cannot find trait `Sized` in this scope\n   --> /Users/graysonnocera/.cargo/registry/src/index.crates.io-6f17d22bba15001f/anyhow-1.0.79/src/ptr.rs:140:9\n    |\n140 |     T: ?Sized,\n    |         ^^^^^ not found in this scope\n    |\nhelp: consider importing this trait\n    |\n1   + use core::marker::Sized;\n    |\n\nerror[E0405]: cannot find trait `Sized` in this scope\n   --> /Users/graysonnocera/.cargo/registry/src/index.crates.io-6f17d22bba15001f/anyhow-1.0.79/src/ptr.rs:149:9\n    |\n149 |     T: ?Sized,\n    |         ^^^^^ not found in this scope\n    |\nhelp: consider importing this trait\n    |\n1   + use core::marker::Sized;\n    |\n\nerror[E0412]: cannot find type `Box` in this scope\n  --> /Users/graysonnocera/.cargo/registry/src/index.crates.io-6f17d22bba15001f/anyhow-1.0.79/src/wrapper.rs:55:27\n   |\n55 | pub struct BoxedError(pub Box<dyn StdError + Send + Sync>);\n   |                           ^^^ not found in this scope\n   |\nhelp: consider importing this struct\n   |\n1  + use alloc::boxed::Box;\n   |\n\nerror[E0405]: cannot find trait `Send` in this scope\n  --> /Users/graysonnocera/.cargo/registry/src/index.crates.io-6f17d22bba15001f/anyhow-1.0.79/src/wrapper.rs:55:46\n   |\n55 | pub struct BoxedError(pub Box<dyn StdError + Send + Sync>);\n   |                                              ^^^^ not found in this scope\n   |\nhelp: consider importing this trait\n   |\n1  + use core::marker::Send;\n   |\n\nerror[E0405]: cannot find trait `Sync` in this scope\n  --> /Users/graysonnocera/.cargo/registry/src/index.crates.io-6f17d22bba15001f/anyhow-1.0.79/src/wrapper.rs:55:53\n   |\n55 | pub struct BoxedError(pub Box<dyn StdError + Send + Sync>);\n   |                                                     ^^^^ not found in this scope\n   |\nhelp: consider importing this trait\n   |\n1  + use core::marker::Sync;\n   |\n\nerror[E0412]: cannot find type `Option` in this scope\n  --> /Users/graysonnocera/.cargo/registry/src/index.crates.io-6f17d22bba15001f/anyhow-1.0.79/src/wrapper.rs:73:25\n   |\n73 |     fn source(&self) -> Option<&(dyn StdError + 'static)> {\n   |                         ^^^^^^ not found in this scope\n   |\nhelp: consider importing this enum\n   |\n1  + use core::option::Option;\n   |\n\nerror[E0405]: cannot find trait `Send` in this scope\n   --> /Users/graysonnocera/.cargo/registry/src/index.crates.io-6f17d22bba15001f/anyhow-1.0.79/src/lib.rs:614:22\n    |\n614 |         C: Display + Send + Sync + 'static;\n    |                      ^^^^ not found in this scope\n    |\nhelp: consider importing this trait\n    |\n261 + use core::marker::Send;\n    |\n\nerror[E0405]: cannot find trait `Sync` in this scope\n   --> /Users/graysonnocera/.cargo/registry/src/index.crates.io-6f17d22bba15001f/anyhow-1.0.79/src/lib.rs:614:29\n    |\n614 |         C: Display + Send + Sync + 'static;\n    |                             ^^^^ not found in this scope\n    |\nhelp: consider importing this trait\n    |\n261 + use core::marker::Sync;\n    |\n\nerror[E0405]: cannot find trait `Send` in this scope\n   --> /Users/graysonnocera/.cargo/registry/src/index.crates.io-6f17d22bba15001f/anyhow-1.0.79/src/lib.rs:620:22\n    |\n620 |         C: Display + Send + Sync + 'static,\n    |                      ^^^^ not found in this scope\n    |\nhelp: consider importing this trait\n    |\n261 + use core::marker::Send;\n    |\n\nerror[E0405]: cannot find trait `Sync` in this scope\n   --> /Users/graysonnocera/.cargo/registry/src/index.crates.io-6f17d22bba15001f/anyhow-1.0.79/src/lib.rs:620:29\n    |\n620 |         C: Display + Send + Sync + 'static,\n    |                             ^^^^ not found in this scope\n    |\nhelp: consider importing this trait\n    |\n261 + use core::marker::Sync;\n    |\n\nerror[E0405]: cannot find trait `FnOnce` in this scope\n   --> /Users/graysonnocera/.cargo/registry/src/index.crates.io-6f17d22bba15001f/anyhow-1.0.79/src/lib.rs:621:12\n    |\n621 |         F: FnOnce() -> C;\n    |            ^^^^^^ not found in this scope\n    |\nhelp: consider importing this trait\n    |\n261 + use core::ops::FnOnce;\n    |\n\nerror[E0531]: cannot find tuple struct or tuple variant `Some` in this scope\n   --> /Users/graysonnocera/.cargo/registry/src/index.crates.io-6f17d22bba15001f/anyhow-1.0.79/src/lib.rs:682:16\n    |\n682 |         if let Some(message) = fmt_arguments_as_str {\n    |                ^^^^ not found in this scope\n    |\nhelp: consider importing this tuple variant\n    |\n650 +     use core::option::Option::Some;\n    |\n\nSome errors have detailed explanations: E0405, E0412, E0425, E0432, E0433, E0463, E0531.\nFor more information about an error, try `rustc --explain E0405`.\nerror: could not compile `anyhow` (lib) due to 261 previous errors\nwarning: build failed, waiting for other jobs to finish...\n",
      "stdout": ""
    },
    "features": [
      "std",
      "alloc"
    ],
    "project": "../../../Downloads/695-Project/dataset/nostd-failed-crates/crates/epserde-0.4.0/src",
    "time_to_build": 348,
    "time_to_solve": 108
  }
]