[
  {
    "built_with_features": null,
    "command": {
      "args": [
        "build",
        "--target",
        "thumbv7m-none-eabi",
        "--no-default-features"
      ],
      "code": 101,
      "stderr": "warning: no edition set: defaulting to the 2015 edition while the latest is 2021\n   Compiling elastic-array-plus v0.10.0\n   Compiling etcommon-hexutil v0.2.4\n   Compiling byteorder v1.5.0\n   Compiling block-buffer v0.2.0\n   Compiling digest v0.6.1\nerror[E0463]: can't find crate for `std`\n  |\n  = note: the `thumbv7m-none-eabi` target may not support the standard library\n  = note: `std` is required by `hexutil` because it does not declare `#![no_std]`\n\nerror: cannot find macro `write` in this scope\n  --> /Users/graysonnocera/.cargo/registry/src/index.crates.io-6f17d22bba15001f/etcommon-hexutil-0.2.4/src/lib.rs:80:9\n   |\n80 |         write!(s, \"{:02x}\", *v).unwrap();\n   |         ^^^^^\n\nerror: cannot find macro `write` in this scope\n  --> /Users/graysonnocera/.cargo/registry/src/index.crates.io-6f17d22bba15001f/etcommon-hexutil-0.2.4/src/lib.rs:78:5\n   |\n78 |     write!(s, \"0x\").unwrap();\n   |     ^^^^^\n\nerror: cannot find attribute `derive` in this scope\n  --> /Users/graysonnocera/.cargo/registry/src/index.crates.io-6f17d22bba15001f/etcommon-hexutil-0.2.4/src/lib.rs:17:3\n   |\n17 | #[derive(Debug)]\n   |   ^^^^^^\n\nerror[E0412]: cannot find type `Result` in this scope\n  --> /Users/graysonnocera/.cargo/registry/src/index.crates.io-6f17d22bba15001f/etcommon-hexutil-0.2.4/src/lib.rs:38:29\n   |\n38 | pub fn read_hex(s: &str) -> Result<Vec<u8>, ParseHexError> {\n   |                             ^^^^^^ not found in this scope\n\nerror[E0412]: cannot find type `Vec` in this scope\n  --> /Users/graysonnocera/.cargo/registry/src/index.crates.io-6f17d22bba15001f/etcommon-hexutil-0.2.4/src/lib.rs:38:36\n   |\n38 | pub fn read_hex(s: &str) -> Result<Vec<u8>, ParseHexError> {\n   |                                    ^^^ not found in this scope\n\nerror[E0412]: cannot find type `String` in this scope\n  --> /Users/graysonnocera/.cargo/registry/src/index.crates.io-6f17d22bba15001f/etcommon-hexutil-0.2.4/src/lib.rs:76:28\n   |\n76 | pub fn to_hex(a: &[u8]) -> String {\n   |                            ^^^^^^ not found in this scope\n\nerror: requires `sized` lang_item\n  --> /Users/graysonnocera/.cargo/registry/src/index.crates.io-6f17d22bba15001f/etcommon-hexutil-0.2.4/src/lib.rs:76:18\n   |\n76 | pub fn to_hex(a: &[u8]) -> String {\n   |                  ^^^^^\n\nerror[E0433]: failed to resolve: use of undeclared type `Vec`\n  --> /Users/graysonnocera/.cargo/registry/src/index.crates.io-6f17d22bba15001f/etcommon-hexutil-0.2.4/src/lib.rs:49:19\n   |\n49 |     let mut res = Vec::<u8>::new();\n   |                   ^^^ use of undeclared type `Vec`\n\nerror[E0433]: failed to resolve: use of undeclared type `String`\n  --> /Users/graysonnocera/.cargo/registry/src/index.crates.io-6f17d22bba15001f/etcommon-hexutil-0.2.4/src/lib.rs:77:17\n   |\n77 |     let mut s = String::new();\n   |                 ^^^^^^ use of undeclared type `String`\n\nerror[E0425]: cannot find function, tuple struct or tuple variant `Err` in this scope\n  --> /Users/graysonnocera/.cargo/registry/src/index.crates.io-6f17d22bba15001f/etcommon-hexutil-0.2.4/src/lib.rs:57:20\n   |\n57 |             return Err(ParseHexError::InvalidCharacter);\n   |                    ^^^ not found in this scope\n\nerror[E0425]: cannot find function, tuple struct or tuple variant `Ok` in this scope\n  --> /Users/graysonnocera/.cargo/registry/src/index.crates.io-6f17d22bba15001f/etcommon-hexutil-0.2.4/src/lib.rs:72:12\n   |\n72 |     return Ok(res);\n   |            ^^ not found in this scope\n\nSome errors have detailed explanations: E0412, E0425, E0433, E0463.\nFor more information about an error, try `rustc --explain E0412`.\nerror: could not compile `etcommon-hexutil` (lib) due to 12 previous errors\nwarning: build failed, waiting for other jobs to finish...\nerror[E0554]: `#![feature]` may not be used on the stable release channel\n --> /Users/graysonnocera/.cargo/registry/src/index.crates.io-6f17d22bba15001f/elastic-array-plus-0.10.0/src/lib.rs:2:35\n  |\n2 | #![cfg_attr(not(feature = \"std\"), feature(alloc))]\n  |                                   ^^^^^^^^^^^^^^\n\nFor more information about this error, try `rustc --explain E0554`.\nerror: could not compile `elastic-array-plus` (lib) due to 1 previous error\n",
      "stdout": ""
    },
    "features": [
      "std"
    ],
    "project": "../../../Downloads/695-Project/dataset/nostd-failed-crates/crates/etcommon-block-core-0.3.1/src",
    "time_to_build": 400,
    "time_to_solve": 20
  }
]