[
  {
    "built_with_features": "nostd",
    "command": {
      "args": [
        "build",
        "--target",
        "thumbv7m-none-eabi",
        "--no-default-features",
        "--features",
        "nostd"
      ],
      "code": 101,
      "stderr": "warning: `default_features` is deprecated in favor of `default-features` and will not work in the 2024 edition\n(in the `axum` dependency)\n   Compiling arrayvec v0.7.6\n   Compiling memchr v2.7.4\n   Compiling num-traits v0.2.19\n   Compiling serde_derive v1.0.215\n   Compiling serde_repr v0.1.19\nerror[E0463]: can't find crate for `std`\n  |\n  = note: the `thumbv7m-none-eabi` target may not support the standard library\n  = note: `std` is required by `arrayvec` because it does not declare `#![no_std]`\n\nerror[E0463]: can't find crate for `std`\n  --> /Users/graysonnocera/.cargo/registry/src/index.crates.io-6f17d22bba15001f/num-traits-0.2.19/src/lib.rs:23:1\n   |\n23 | extern crate std;\n   | ^^^^^^^^^^^^^^^^^ can't find crate\n   |\n   = note: the `thumbv7m-none-eabi` target may not support the standard library\n\nerror[E0463]: can't find crate for `std`\n   --> /Users/graysonnocera/.cargo/registry/src/index.crates.io-6f17d22bba15001f/memchr-2.7.4/src/lib.rs:198:1\n    |\n198 | extern crate std;\n    | ^^^^^^^^^^^^^^^^^ can't find crate\n    |\n    = note: the `thumbv7m-none-eabi` target may not support the standard library\n\nerror[E0463]: can't find crate for `std`\n --> /Users/graysonnocera/.cargo/registry/src/index.crates.io-6f17d22bba15001f/arrayvec-0.7.6/src/arrayvec_impl.rs:1:5\n  |\n1 | use std::ptr;\n  |     ^^^ can't find crate\n  |\n  = note: the `thumbv7m-none-eabi` target may not support the standard library\n\nerror[E0463]: can't find crate for `std`\n --> /Users/graysonnocera/.cargo/registry/src/index.crates.io-6f17d22bba15001f/arrayvec-0.7.6/src/arrayvec_impl.rs:2:5\n  |\n2 | use std::slice;\n  |     ^^^ can't find crate\n  |\n  = note: the `thumbv7m-none-eabi` target may not support the standard library\n\nerror[E0463]: can't find crate for `std`\n --> /Users/graysonnocera/.cargo/registry/src/index.crates.io-6f17d22bba15001f/arrayvec-0.7.6/src/arrayvec.rs:2:5\n  |\n2 | use std::cmp;\n  |     ^^^ can't find crate\n  |\n  = note: the `thumbv7m-none-eabi` target may not support the standard library\n\nerror[E0463]: can't find crate for `std`\n --> /Users/graysonnocera/.cargo/registry/src/index.crates.io-6f17d22bba15001f/arrayvec-0.7.6/src/arrayvec.rs:3:5\n  |\n3 | use std::iter;\n  |     ^^^ can't find crate\n  |\n  = note: the `thumbv7m-none-eabi` target may not support the standard library\n\nerror[E0463]: can't find crate for `std`\n --> /Users/graysonnocera/.cargo/registry/src/index.crates.io-6f17d22bba15001f/arrayvec-0.7.6/src/arrayvec.rs:4:5\n  |\n4 | use std::mem;\n  |     ^^^ can't find crate\n  |\n  = note: the `thumbv7m-none-eabi` target may not support the standard library\n\nerror[E0463]: can't find crate for `std`\n --> /Users/graysonnocera/.cargo/registry/src/index.crates.io-6f17d22bba15001f/arrayvec-0.7.6/src/arrayvec.rs:5:5\n  |\n5 | use std::ops::{Bound, Deref, DerefMut, RangeBounds};\n  |     ^^^ can't find crate\n  |\n  = note: the `thumbv7m-none-eabi` target may not support the standard library\n\nerror[E0463]: can't find crate for `std`\n --> /Users/graysonnocera/.cargo/registry/src/index.crates.io-6f17d22bba15001f/arrayvec-0.7.6/src/arrayvec.rs:6:5\n  |\n6 | use std::ptr;\n  |     ^^^ can't find crate\n  |\n  = note: the `thumbv7m-none-eabi` target may not support the standard library\n\nerror[E0463]: can't find crate for `std`\n --> /Users/graysonnocera/.cargo/registry/src/index.crates.io-6f17d22bba15001f/arrayvec-0.7.6/src/arrayvec.rs:7:5\n  |\n7 | use std::slice;\n  |     ^^^ can't find crate\n  |\n  = note: the `thumbv7m-none-eabi` target may not support the standard library\n\nerror[E0463]: can't find crate for `std`\n  --> /Users/graysonnocera/.cargo/registry/src/index.crates.io-6f17d22bba15001f/arrayvec-0.7.6/src/arrayvec.rs:10:5\n   |\n10 | use std::borrow::{Borrow, BorrowMut};\n   |     ^^^ can't find crate\n   |\n   = note: the `thumbv7m-none-eabi` target may not support the standard library\n\nerror[E0463]: can't find crate for `std`\n  --> /Users/graysonnocera/.cargo/registry/src/index.crates.io-6f17d22bba15001f/arrayvec-0.7.6/src/arrayvec.rs:11:5\n   |\n11 | use std::hash::{Hash, Hasher};\n   |     ^^^ can't find crate\n   |\n   = note: the `thumbv7m-none-eabi` target may not support the standard library\n\nerror[E0463]: can't find crate for `std`\n  --> /Users/graysonnocera/.cargo/registry/src/index.crates.io-6f17d22bba15001f/arrayvec-0.7.6/src/arrayvec.rs:12:5\n   |\n12 | use std::fmt;\n   |     ^^^ can't find crate\n   |\n   = note: the `thumbv7m-none-eabi` target may not support the standard library\n\nerror[E0463]: can't find crate for `std`\n  --> /Users/graysonnocera/.cargo/registry/src/index.crates.io-6f17d22bba15001f/arrayvec-0.7.6/src/arrayvec.rs:15:5\n   |\n15 | use std::io;\n   |     ^^^ can't find crate\n   |\n   = note: the `thumbv7m-none-eabi` target may not support the standard library\n\nerror[E0463]: can't find crate for `std`\n  --> /Users/graysonnocera/.cargo/registry/src/index.crates.io-6f17d22bba15001f/arrayvec-0.7.6/src/arrayvec.rs:17:5\n   |\n17 | use std::mem::ManuallyDrop;\n   |     ^^^ can't find crate\n   |\n   = note: the `thumbv7m-none-eabi` target may not support the standard library\n\nerror[E0463]: can't find crate for `std`\n  --> /Users/graysonnocera/.cargo/registry/src/index.crates.io-6f17d22bba15001f/arrayvec-0.7.6/src/arrayvec.rs:18:5\n   |\n18 | use std::mem::MaybeUninit;\n   |     ^^^ can't find crate\n   |\n   = note: the `thumbv7m-none-eabi` target may not support the standard library\n\nerror[E0463]: can't find crate for `std`\n --> /Users/graysonnocera/.cargo/registry/src/index.crates.io-6f17d22bba15001f/arrayvec-0.7.6/src/utils.rs:1:5\n  |\n1 | use std::marker::PhantomData;\n  |     ^^^ can't find crate\n  |\n  = note: the `thumbv7m-none-eabi` target may not support the standard library\n\nerror[E0463]: can't find crate for `std`\n --> /Users/graysonnocera/.cargo/registry/src/index.crates.io-6f17d22bba15001f/arrayvec-0.7.6/src/utils.rs:2:5\n  |\n2 | use std::mem::MaybeUninit;\n  |     ^^^ can't find crate\n  |\n  = note: the `thumbv7m-none-eabi` target may not support the standard library\n\nerror[E0463]: can't find crate for `std`\n --> /Users/graysonnocera/.cargo/registry/src/index.crates.io-6f17d22bba15001f/arrayvec-0.7.6/src/array_string.rs:1:5\n  |\n1 | use std::borrow::{Borrow, BorrowMut};\n  |     ^^^ can't find crate\n  |\n  = note: the `thumbv7m-none-eabi` target may not support the standard library\n\nerror[E0463]: can't find crate for `std`\n --> /Users/graysonnocera/.cargo/registry/src/index.crates.io-6f17d22bba15001f/arrayvec-0.7.6/src/array_string.rs:2:5\n  |\n2 | use std::cmp;\n  |     ^^^ can't find crate\n  |\n  = note: the `thumbv7m-none-eabi` target may not support the standard library\n\nerror[E0463]: can't find crate for `std`\n --> /Users/graysonnocera/.cargo/registry/src/index.crates.io-6f17d22bba15001f/arrayvec-0.7.6/src/array_string.rs:3:5\n  |\n3 | use std::convert::TryFrom;\n  |     ^^^ can't find crate\n  |\n  = note: the `thumbv7m-none-eabi` target may not support the standard library\n\nerror[E0463]: can't find crate for `std`\n --> /Users/graysonnocera/.cargo/registry/src/index.crates.io-6f17d22bba15001f/arrayvec-0.7.6/src/array_string.rs:4:5\n  |\n4 | use std::fmt;\n  |     ^^^ can't find crate\n  |\n  = note: the `thumbv7m-none-eabi` target may not support the standard library\n\nerror[E0463]: can't find crate for `std`\n --> /Users/graysonnocera/.cargo/registry/src/index.crates.io-6f17d22bba15001f/arrayvec-0.7.6/src/array_string.rs:5:5\n  |\n5 | use std::hash::{Hash, Hasher};\n  |     ^^^ can't find crate\n  |\n  = note: the `thumbv7m-none-eabi` target may not support the standard library\n\nerror[E0463]: can't find crate for `std`\n --> /Users/graysonnocera/.cargo/registry/src/index.crates.io-6f17d22bba15001f/arrayvec-0.7.6/src/array_string.rs:6:5\n  |\n6 | use std::mem::MaybeUninit;\n  |     ^^^ can't find crate\n  |\n  = note: the `thumbv7m-none-eabi` target may not support the standard library\n\nerror[E0463]: can't find crate for `std`\n --> /Users/graysonnocera/.cargo/registry/src/index.crates.io-6f17d22bba15001f/arrayvec-0.7.6/src/array_string.rs:7:5\n  |\n7 | use std::ops::{Deref, DerefMut};\n  |     ^^^ can't find crate\n  |\n  = note: the `thumbv7m-none-eabi` target may not support the standard library\n\nerror[E0463]: can't find crate for `std`\n --> /Users/graysonnocera/.cargo/registry/src/index.crates.io-6f17d22bba15001f/arrayvec-0.7.6/src/array_string.rs:9:5\n  |\n9 | use std::path::Path;\n  |     ^^^ can't find crate\n  |\n  = note: the `thumbv7m-none-eabi` target may not support the standard library\n\nerror[E0463]: can't find crate for `std`\n  --> /Users/graysonnocera/.cargo/registry/src/index.crates.io-6f17d22bba15001f/arrayvec-0.7.6/src/array_string.rs:10:5\n   |\n10 | use std::ptr;\n   |     ^^^ can't find crate\n   |\n   = note: the `thumbv7m-none-eabi` target may not support the standard library\n\nerror[E0463]: can't find crate for `std`\n  --> /Users/graysonnocera/.cargo/registry/src/index.crates.io-6f17d22bba15001f/arrayvec-0.7.6/src/array_string.rs:11:5\n   |\n11 | use std::slice;\n   |     ^^^ can't find crate\n   |\n   = note: the `thumbv7m-none-eabi` target may not support the standard library\n\nerror[E0463]: can't find crate for `std`\n  --> /Users/graysonnocera/.cargo/registry/src/index.crates.io-6f17d22bba15001f/arrayvec-0.7.6/src/array_string.rs:12:5\n   |\n12 | use std::str;\n   |     ^^^ can't find crate\n   |\n   = note: the `thumbv7m-none-eabi` target may not support the standard library\n\nerror[E0463]: can't find crate for `std`\n  --> /Users/graysonnocera/.cargo/registry/src/index.crates.io-6f17d22bba15001f/arrayvec-0.7.6/src/array_string.rs:13:5\n   |\n13 | use std::str::FromStr;\n   |     ^^^ can't find crate\n   |\n   = note: the `thumbv7m-none-eabi` target may not support the standard library\n\nerror[E0463]: can't find crate for `std`\n  --> /Users/graysonnocera/.cargo/registry/src/index.crates.io-6f17d22bba15001f/arrayvec-0.7.6/src/array_string.rs:14:5\n   |\n14 | use std::str::Utf8Error;\n   |     ^^^ can't find crate\n   |\n   = note: the `thumbv7m-none-eabi` target may not support the standard library\n\nerror[E0463]: can't find crate for `std`\n --> /Users/graysonnocera/.cargo/registry/src/index.crates.io-6f17d22bba15001f/arrayvec-0.7.6/src/errors.rs:1:5\n  |\n1 | use std::fmt;\n  |     ^^^ can't find crate\n  |\n  = note: the `thumbv7m-none-eabi` target may not support the standard library\n\nerror[E0463]: can't find crate for `std`\n --> /Users/graysonnocera/.cargo/registry/src/index.crates.io-6f17d22bba15001f/arrayvec-0.7.6/src/errors.rs:3:5\n  |\n3 | use std::any::Any;\n  |     ^^^ can't find crate\n  |\n  = note: the `thumbv7m-none-eabi` target may not support the standard library\n\nerror[E0463]: can't find crate for `std`\n --> /Users/graysonnocera/.cargo/registry/src/index.crates.io-6f17d22bba15001f/arrayvec-0.7.6/src/errors.rs:5:5\n  |\n5 | use std::error::Error;\n  |     ^^^ can't find crate\n  |\n  = note: the `thumbv7m-none-eabi` target may not support the standard library\n\nerror[E0432]: unresolved import `fmt::Write`\n   --> /Users/graysonnocera/.cargo/registry/src/index.crates.io-6f17d22bba15001f/arrayvec-0.7.6/src/array_string.rs:687:13\n    |\n687 |         use fmt::Write;\n    |             ^^^^^^^^^^\n\nerror: cannot find macro `panic` in this scope\n  --> /Users/graysonnocera/.cargo/registry/src/index.crates.io-6f17d22bba15001f/arrayvec-0.7.6/src/lib.rs:37:17\n   |\n37 |                 panic!(\"ArrayVec: largest supported capacity is u32::MAX\")\n   |                 ^^^^^\n   |\n  ::: /Users/graysonnocera/.cargo/registry/src/index.crates.io-6f17d22bba15001f/arrayvec-0.7.6/src/arrayvec.rs:84:9\n   |\n84 |         assert_capacity_limit!(CAP);\n   |         --------------------------- in this macro invocation\n   |\n   = note: this error originates in the macro `assert_capacity_limit` (in Nightly builds, run with -Z macro-backtrace for more info)\nhelp: consider importing this macro\n  --> /Users/graysonnocera/.cargo/registry/src/index.crates.io-6f17d22bba15001f/arrayvec-0.7.6/src/arrayvec.rs:2:1\n   |\n2  + use core::panic;\n   |\n\nerror: cannot find macro `panic` in this scope\n   --> /Users/graysonnocera/.cargo/registry/src/index.crates.io-6f17d22bba15001f/arrayvec-0.7.6/src/arrayvec.rs:59:9\n    |\n59  |         panic!(concat!(\"ArrayVec::\", $method_name, \": index {} is out of bounds in vector of length {}\"),\n    |         ^^^^^\n...\n311 |             panic_oob!(\"try_insert\", index, self.len())\n    |             ------------------------------------------- in this macro invocation\n    |\n    = note: this error originates in the macro `panic_oob` (in Nightly builds, run with -Z macro-backtrace for more info)\nhelp: consider importing this macro\n    |\n2   + use core::panic;\n    |\n\nerror: cannot find macro `panic` in this scope\n   --> /Users/graysonnocera/.cargo/registry/src/index.crates.io-6f17d22bba15001f/arrayvec-0.7.6/src/arrayvec.rs:59:9\n    |\n59  |         panic!(concat!(\"ArrayVec::\", $method_name, \": index {} is out of bounds in vector of length {}\"),\n    |         ^^^^^\n...\n375 |                 panic_oob!(\"swap_remove\", index, self.len())\n    |                 -------------------------------------------- in this macro invocation\n    |\n    = note: this error originates in the macro `panic_oob` (in Nightly builds, run with -Z macro-backtrace for more info)\nhelp: consider importing this macro\n    |\n2   + use core::panic;\n    |\n\nerror: cannot find macro `panic` in this scope\n   --> /Users/graysonnocera/.cargo/registry/src/index.crates.io-6f17d22bba15001f/arrayvec-0.7.6/src/arrayvec.rs:59:9\n    |\n59  |         panic!(concat!(\"ArrayVec::\", $method_name, \": index {} is out of bounds in vector of length {}\"),\n    |         ^^^^^\n...\n423 |                 panic_oob!(\"remove\", index, self.len())\n    |                 --------------------------------------- in this macro invocation\n    |\n    = note: this error originates in the macro `panic_oob` (in Nightly builds, run with -Z macro-backtrace for more info)\nhelp: consider importing this macro\n    |\n2   + use core::panic;\n    |\n\nerror: cannot find macro `debug_assert` in this scope\n  --> /Users/graysonnocera/.cargo/registry/src/index.crates.io-6f17d22bba15001f/arrayvec-0.7.6/src/arrayvec_impl.rs:56:9\n   |\n56 |         debug_assert!(len < Self::CAPACITY);\n   |         ^^^^^^^^^^^^\n   |\nhelp: consider importing this macro\n   |\n1  + use core::debug_assert;\n   |\n\nerror: cannot find macro `debug_assert` in this scope\n   --> /Users/graysonnocera/.cargo/registry/src/index.crates.io-6f17d22bba15001f/arrayvec-0.7.6/src/arrayvec.rs:547:9\n    |\n547 |         debug_assert!(length <= self.capacity());\n    |         ^^^^^^^^^^^^\n    |\nhelp: consider importing this macro\n    |\n2   + use core::debug_assert;\n    |\n\nerror: cannot find macro `debug_assert_eq` in this scope\n   --> /Users/graysonnocera/.cargo/registry/src/index.crates.io-6f17d22bba15001f/arrayvec-0.7.6/src/arrayvec.rs:670:9\n    |\n670 |         debug_assert_eq!(self.len(), self.capacity());\n    |         ^^^^^^^^^^^^^^^\n    |\nhelp: consider importing this macro\n    |\n2   + use core::debug_assert_eq;\n    |\n\nerror: cannot find macro `debug_assert` in this scope\n   --> /Users/graysonnocera/.cargo/registry/src/index.crates.io-6f17d22bba15001f/arrayvec-0.7.6/src/arrayvec.rs:717:9\n    |\n717 |         debug_assert!(length <= CAP);\n    |         ^^^^^^^^^^^^\n    |\nhelp: consider importing this macro\n    |\n2   + use core::debug_assert;\n    |\n\nerror: cannot find macro `panic` in this scope\n    --> /Users/graysonnocera/.cargo/registry/src/index.crates.io-6f17d22bba15001f/arrayvec-0.7.6/src/arrayvec.rs:1069:5\n     |\n1069 |     panic!(\"ArrayVec: capacity exceeded in extend/from_iter\");\n     |     ^^^^^\n     |\nhelp: consider importing this macro\n     |\n2    + use core::panic;\n     |\n\nerror: cannot find macro `debug_assert_ne` in this scope\n    --> /Users/graysonnocera/.cargo/registry/src/index.crates.io-6f17d22bba15001f/arrayvec-0.7.6/src/arrayvec.rs:1102:17\n     |\n1102 |                 debug_assert_ne!(ptr, end_ptr);\n     |                 ^^^^^^^^^^^^^^^\n     |\nhelp: consider importing this macro\n     |\n2    + use core::debug_assert_ne;\n     |\n\nerror: cannot find macro `debug_assert` in this scope\n    --> /Users/graysonnocera/.cargo/registry/src/index.crates.io-6f17d22bba15001f/arrayvec-0.7.6/src/arrayvec.rs:1120:9\n     |\n1120 |         debug_assert!(slice.len() <= take);\n     |         ^^^^^^^^^^^^\n     |\nhelp: consider importing this macro\n     |\n2    + use core::debug_assert;\n     |\n\nerror: cannot find macro `debug_assert` in this scope\n    --> /Users/graysonnocera/.cargo/registry/src/index.crates.io-6f17d22bba15001f/arrayvec-0.7.6/src/arrayvec.rs:1263:9\n     |\n1263 |         debug_assert!(_result.is_ok());\n     |         ^^^^^^^^^^^^\n     |\nhelp: consider importing this macro\n     |\n2    + use core::debug_assert;\n     |\n\nerror: cannot find attribute `derive` in this scope\n  --> /Users/graysonnocera/.cargo/registry/src/index.crates.io-6f17d22bba15001f/arrayvec-0.7.6/src/array_string.rs:35:3\n   |\n35 | #[derive(Copy)]\n   |   ^^^^^^\n   |\nhelp: consider importing this attribute macro\n   |\n1  + use core::prelude::rust_2024::derive;\n   |\n\nerror: cannot find macro `panic` in this scope\n  --> /Users/graysonnocera/.cargo/registry/src/index.crates.io-6f17d22bba15001f/arrayvec-0.7.6/src/lib.rs:37:17\n   |\n37 |                 panic!(\"ArrayVec: largest supported capacity is u32::MAX\")\n   |                 ^^^^^\n   |\n  ::: /Users/graysonnocera/.cargo/registry/src/index.crates.io-6f17d22bba15001f/arrayvec-0.7.6/src/array_string.rs:66:9\n   |\n66 |         assert_capacity_limit!(CAP);\n   |         --------------------------- in this macro invocation\n   |\n   = note: this error originates in the macro `assert_capacity_limit` (in Nightly builds, run with -Z macro-backtrace for more info)\nhelp: consider importing this macro\n  --> /Users/graysonnocera/.cargo/registry/src/index.crates.io-6f17d22bba15001f/arrayvec-0.7.6/src/array_string.rs:1:1\n   |\n1  + use core::panic;\n   |\n\nerror: cannot find macro `debug_assert_eq` in this scope\n   --> /Users/graysonnocera/.cargo/registry/src/index.crates.io-6f17d22bba15001f/arrayvec-0.7.6/src/array_string.rs:125:9\n    |\n125 |         debug_assert_eq!(len, CAP);\n    |         ^^^^^^^^^^^^^^^\n    |\nhelp: consider importing this macro\n    |\n1   + use core::debug_assert_eq;\n    |\n\nerror: cannot find macro `panic` in this scope\n   --> /Users/graysonnocera/.cargo/registry/src/index.crates.io-6f17d22bba15001f/arrayvec-0.7.6/src/lib.rs:37:17\n    |\n37  |                 panic!(\"ArrayVec: largest supported capacity is u32::MAX\")\n    |                 ^^^^^\n    |\n   ::: /Users/graysonnocera/.cargo/registry/src/index.crates.io-6f17d22bba15001f/arrayvec-0.7.6/src/array_string.rs:146:9\n    |\n146 |         assert_capacity_limit!(CAP);\n    |         --------------------------- in this macro invocation\n    |\n    = note: this error originates in the macro `assert_capacity_limit` (in Nightly builds, run with -Z macro-backtrace for more info)\nhelp: consider importing this macro\n   --> /Users/graysonnocera/.cargo/registry/src/index.crates.io-6f17d22bba15001f/arrayvec-0.7.6/src/array_string.rs:1:1\n    |\n1   + use core::panic;\n    |\n\nerror: cannot find macro `assert` in this scope\n   --> /Users/graysonnocera/.cargo/registry/src/index.crates.io-6f17d22bba15001f/arrayvec-0.7.6/src/array_string.rs:343:13\n    |\n343 |             assert!(self.is_char_boundary(new_len));\n    |             ^^^^^^\n    |\nhelp: consider importing this macro\n    |\n1   + use core::assert;\n    |\n\nerror: cannot find macro `panic` in this scope\n   --> /Users/graysonnocera/.cargo/registry/src/index.crates.io-6f17d22bba15001f/arrayvec-0.7.6/src/array_string.rs:374:21\n    |\n374 |             None => panic!(\"cannot remove a char from the end of a string\"),\n    |                     ^^^^^\n    |\nhelp: consider importing this macro\n    |\n1   + use core::panic;\n    |\n\nerror: cannot find macro `debug_assert` in this scope\n   --> /Users/graysonnocera/.cargo/registry/src/index.crates.io-6f17d22bba15001f/arrayvec-0.7.6/src/array_string.rs:406:9\n    |\n406 |         debug_assert!(length <= self.capacity());\n    |         ^^^^^^^^^^^^\n    |\nhelp: consider importing this macro\n    |\n1   + use core::debug_assert;\n    |\n\nerror: cannot find attribute `test` in this scope\n  --> /Users/graysonnocera/.cargo/registry/src/index.crates.io-6f17d22bba15001f/arrayvec-0.7.6/src/char.rs:58:3\n   |\n58 | #[test]\n   |   ^^^^\n   |\nhelp: consider importing this attribute macro\n   |\n14 + use core::prelude::rust_2024::test;\n   |\n\nerror: cannot find macro `assert_eq` in this scope\n  --> /Users/graysonnocera/.cargo/registry/src/index.crates.io-6f17d22bba15001f/arrayvec-0.7.6/src/char.rs:70:17\n   |\n70 |                 assert_eq!(res, ch.len_utf8());\n   |                 ^^^^^^^^^\n   |\nhelp: consider importing this macro\n   |\n14 + use core::assert_eq;\n   |\n\nerror: cannot find macro `assert_eq` in this scope\n  --> /Users/graysonnocera/.cargo/registry/src/index.crates.io-6f17d22bba15001f/arrayvec-0.7.6/src/char.rs:73:13\n   |\n73 |             assert_eq!(string.chars().next(), Some(ch));\n   |             ^^^^^^^^^\n   |\nhelp: consider importing this macro\n   |\n14 + use core::assert_eq;\n   |\n\nerror: cannot find attribute `test` in this scope\n  --> /Users/graysonnocera/.cargo/registry/src/index.crates.io-6f17d22bba15001f/arrayvec-0.7.6/src/char.rs:78:3\n   |\n78 | #[test]\n   |   ^^^^\n   |\nhelp: consider importing this attribute macro\n   |\n14 + use core::prelude::rust_2024::test;\n   |\n\nerror: cannot find macro `assert_eq` in this scope\n  --> /Users/graysonnocera/.cargo/registry/src/index.crates.io-6f17d22bba15001f/arrayvec-0.7.6/src/char.rs:84:9\n   |\n84 |         assert_eq!(len, ch.len_utf8(), \"Len of ch={}\", ch);\n   |         ^^^^^^^^^\n   |\nhelp: consider importing this macro\n   |\n14 + use core::assert_eq;\n   |\n\nerror: cannot find macro `assert` in this scope\n  --> /Users/graysonnocera/.cargo/registry/src/index.crates.io-6f17d22bba15001f/arrayvec-0.7.6/src/char.rs:87:13\n   |\n87 |             assert!(matches::matches!(encode_utf8(ch, ptr, len - 1), Err(_)));\n   |             ^^^^^^\n   |\nhelp: consider importing this macro\n   |\n14 + use core::assert;\n   |\n\nerror: cannot find macro `assert` in this scope\n  --> /Users/graysonnocera/.cargo/registry/src/index.crates.io-6f17d22bba15001f/arrayvec-0.7.6/src/char.rs:88:13\n   |\n88 |             assert!(matches::matches!(encode_utf8(ch, ptr, len), Ok(_)));\n   |             ^^^^^^\n   |\nhelp: consider importing this macro\n   |\n14 + use core::assert;\n   |\n\nerror: cannot find attribute `derive` in this scope\n --> /Users/graysonnocera/.cargo/registry/src/index.crates.io-6f17d22bba15001f/arrayvec-0.7.6/src/errors.rs:8:3\n  |\n8 | #[derive(Clone, Copy, Eq, Ord, PartialEq, PartialOrd)]\n  |   ^^^^^^\n  |\nhelp: consider importing this attribute macro\n  |\n1 + use core::prelude::rust_2024::derive;\n  |\n\nerror: cannot find macro `write` in this scope\n  --> /Users/graysonnocera/.cargo/registry/src/index.crates.io-6f17d22bba15001f/arrayvec-0.7.6/src/errors.rs:40:9\n   |\n40 |         write!(f, \"{}\", CAPERROR)\n   |         ^^^^^\n   |\nhelp: consider importing this macro\n   |\n1  + use core::write;\n   |\n\nerror: cannot find macro `write` in this scope\n  --> /Users/graysonnocera/.cargo/registry/src/index.crates.io-6f17d22bba15001f/arrayvec-0.7.6/src/errors.rs:46:9\n   |\n46 |         write!(f, \"{}: {}\", \"CapacityError\", CAPERROR)\n   |         ^^^^^\n   |\nhelp: consider importing this macro\n   |\n1  + use core::write;\n   |\n\nerror[E0463]: can't find crate for `std`\n  --> /Users/graysonnocera/.cargo/registry/src/index.crates.io-6f17d22bba15001f/arrayvec-0.7.6/src/arrayvec_impl.rs:28:13\n   |\n28 |             std::slice::from_raw_parts_mut(self.as_mut_ptr(), len)\n   |             ^^^ can't find crate\n   |\n   = note: the `thumbv7m-none-eabi` target may not support the standard library\n\nerror[E0463]: can't find crate for `std`\n  --> /Users/graysonnocera/.cargo/registry/src/index.crates.io-6f17d22bba15001f/arrayvec-0.7.6/src/lib.rs:35:12\n   |\n35 |         if std::mem::size_of::<usize>() > std::mem::size_of::<LenUint>() {\n   |            ^^^ can't find crate\n   |\n   = note: the `thumbv7m-none-eabi` target may not support the standard library\n\nerror[E0463]: can't find crate for `std`\n  --> /Users/graysonnocera/.cargo/registry/src/index.crates.io-6f17d22bba15001f/arrayvec-0.7.6/src/lib.rs:35:43\n   |\n35 |         if std::mem::size_of::<usize>() > std::mem::size_of::<LenUint>() {\n   |                                           ^^^ can't find crate\n   |\n   = note: the `thumbv7m-none-eabi` target may not support the standard library\n\nerror[E0463]: can't find crate for `std`\n  --> /Users/graysonnocera/.cargo/registry/src/index.crates.io-6f17d22bba15001f/arrayvec-0.7.6/src/lib.rs:45:12\n   |\n45 |         if std::mem::size_of::<usize>() > std::mem::size_of::<LenUint>() {\n   |            ^^^ can't find crate\n   |\n   = note: the `thumbv7m-none-eabi` target may not support the standard library\n\nerror[E0463]: can't find crate for `std`\n  --> /Users/graysonnocera/.cargo/registry/src/index.crates.io-6f17d22bba15001f/arrayvec-0.7.6/src/lib.rs:45:43\n   |\n45 |         if std::mem::size_of::<usize>() > std::mem::size_of::<LenUint>() {\n   |                                           ^^^ can't find crate\n   |\n   = note: the `thumbv7m-none-eabi` target may not support the standard library\n\nerror[E0463]: can't find crate for `std`\n   --> /Users/graysonnocera/.cargo/registry/src/index.crates.io-6f17d22bba15001f/arrayvec-0.7.6/src/arrayvec.rs:781:27\n    |\n781 | impl<T, const CAP: usize> std::convert::TryFrom<&[T]> for ArrayVec<T, CAP>\n    |                           ^^^ can't find crate\n    |\n    = note: the `thumbv7m-none-eabi` target may not support the standard library\n\nFor more information about this error, try `rustc --explain E0463`.\nerror: could not compile `memchr` (lib) due to 1 previous error\nwarning: build failed, waiting for other jobs to finish...\nerror[E0034]: multiple applicable items in scope\n    --> /Users/graysonnocera/.cargo/registry/src/index.crates.io-6f17d22bba15001f/num-traits-0.2.19/src/float.rs:837:15\n     |\n837  |         Self::floor(self) -> Self;\n     |               ^^^^^ multiple `floor` found\n     |\nnote: candidate #1 is defined in an impl of the trait `Float` for the type `f32`\n    --> /Users/graysonnocera/.cargo/registry/src/index.crates.io-6f17d22bba15001f/num-traits-0.2.19/src/macros.rs:9:13\n     |\n9    |             fn $method(self $( , $arg : $ty )* ) -> $ret {\n     |             ^^^^^^^^^^^^^^^^^^^^^^^^^^^^^^^^^^^^^^^^^^^^\n     |\n    ::: /Users/graysonnocera/.cargo/registry/src/index.crates.io-6f17d22bba15001f/num-traits-0.2.19/src/float.rs:2078:1\n     |\n2078 | float_impl_std!(f32 integer_decode_f32);\n     | --------------------------------------- in this macro invocation\nnote: candidate #2 is defined in an impl of the trait `FloatCore` for the type `f32`\n    --> /Users/graysonnocera/.cargo/registry/src/index.crates.io-6f17d22bba15001f/num-traits-0.2.19/src/macros.rs:9:13\n     |\n9    |               fn $method(self $( , $arg : $ty )* ) -> $ret {\n     |               ^^^^^^^^^^^^^^^^^^^^^^^^^^^^^^^^^^^^^^^^^^^^\n     |\n    ::: /Users/graysonnocera/.cargo/registry/src/index.crates.io-6f17d22bba15001f/num-traits-0.2.19/src/float.rs:836:5\n     |\n836  | /     forward! {\n837  | |         Self::floor(self) -> Self;\n838  | |         Self::ceil(self) -> Self;\n839  | |         Self::round(self) -> Self;\n...    |\n844  | |         Self::powi(self, n: i32) -> Self;\n845  | |     }\n     | |_____- in this macro invocation\n     = note: this error originates in the macro `forward` (in Nightly builds, run with -Z macro-backtrace for more info)\n\nerror[E0034]: multiple applicable items in scope\n    --> /Users/graysonnocera/.cargo/registry/src/index.crates.io-6f17d22bba15001f/num-traits-0.2.19/src/float.rs:838:15\n     |\n838  |         Self::ceil(self) -> Self;\n     |               ^^^^ multiple `ceil` found\n     |\nnote: candidate #1 is defined in an impl of the trait `Float` for the type `f32`\n    --> /Users/graysonnocera/.cargo/registry/src/index.crates.io-6f17d22bba15001f/num-traits-0.2.19/src/macros.rs:9:13\n     |\n9    |             fn $method(self $( , $arg : $ty )* ) -> $ret {\n     |             ^^^^^^^^^^^^^^^^^^^^^^^^^^^^^^^^^^^^^^^^^^^^\n     |\n    ::: /Users/graysonnocera/.cargo/registry/src/index.crates.io-6f17d22bba15001f/num-traits-0.2.19/src/float.rs:2078:1\n     |\n2078 | float_impl_std!(f32 integer_decode_f32);\n     | --------------------------------------- in this macro invocation\nnote: candidate #2 is defined in an impl of the trait `FloatCore` for the type `f32`\n    --> /Users/graysonnocera/.cargo/registry/src/index.crates.io-6f17d22bba15001f/num-traits-0.2.19/src/macros.rs:9:13\n     |\n9    |               fn $method(self $( , $arg : $ty )* ) -> $ret {\n     |               ^^^^^^^^^^^^^^^^^^^^^^^^^^^^^^^^^^^^^^^^^^^^\n     |\n    ::: /Users/graysonnocera/.cargo/registry/src/index.crates.io-6f17d22bba15001f/num-traits-0.2.19/src/float.rs:836:5\n     |\n836  | /     forward! {\n837  | |         Self::floor(self) -> Self;\n838  | |         Self::ceil(self) -> Self;\n839  | |         Self::round(self) -> Self;\n...    |\n844  | |         Self::powi(self, n: i32) -> Self;\n845  | |     }\n     | |_____- in this macro invocation\n     = note: this error originates in the macro `forward` (in Nightly builds, run with -Z macro-backtrace for more info)\n\nerror[E0034]: multiple applicable items in scope\n    --> /Users/graysonnocera/.cargo/registry/src/index.crates.io-6f17d22bba15001f/num-traits-0.2.19/src/float.rs:839:15\n     |\n839  |         Self::round(self) -> Self;\n     |               ^^^^^ multiple `round` found\n     |\nnote: candidate #1 is defined in an impl of the trait `Float` for the type `f32`\n    --> /Users/graysonnocera/.cargo/registry/src/index.crates.io-6f17d22bba15001f/num-traits-0.2.19/src/macros.rs:9:13\n     |\n9    |             fn $method(self $( , $arg : $ty )* ) -> $ret {\n     |             ^^^^^^^^^^^^^^^^^^^^^^^^^^^^^^^^^^^^^^^^^^^^\n     |\n    ::: /Users/graysonnocera/.cargo/registry/src/index.crates.io-6f17d22bba15001f/num-traits-0.2.19/src/float.rs:2078:1\n     |\n2078 | float_impl_std!(f32 integer_decode_f32);\n     | --------------------------------------- in this macro invocation\nnote: candidate #2 is defined in an impl of the trait `FloatCore` for the type `f32`\n    --> /Users/graysonnocera/.cargo/registry/src/index.crates.io-6f17d22bba15001f/num-traits-0.2.19/src/macros.rs:9:13\n     |\n9    |               fn $method(self $( , $arg : $ty )* ) -> $ret {\n     |               ^^^^^^^^^^^^^^^^^^^^^^^^^^^^^^^^^^^^^^^^^^^^\n     |\n    ::: /Users/graysonnocera/.cargo/registry/src/index.crates.io-6f17d22bba15001f/num-traits-0.2.19/src/float.rs:836:5\n     |\n836  | /     forward! {\n837  | |         Self::floor(self) -> Self;\n838  | |         Self::ceil(self) -> Self;\n839  | |         Self::round(self) -> Self;\n...    |\n844  | |         Self::powi(self, n: i32) -> Self;\n845  | |     }\n     | |_____- in this macro invocation\n     = note: this error originates in the macro `forward` (in Nightly builds, run with -Z macro-backtrace for more info)\n\nerror[E0034]: multiple applicable items in scope\n    --> /Users/graysonnocera/.cargo/registry/src/index.crates.io-6f17d22bba15001f/num-traits-0.2.19/src/float.rs:840:15\n     |\n840  |         Self::trunc(self) -> Self;\n     |               ^^^^^ multiple `trunc` found\n     |\nnote: candidate #1 is defined in an impl of the trait `Float` for the type `f32`\n    --> /Users/graysonnocera/.cargo/registry/src/index.crates.io-6f17d22bba15001f/num-traits-0.2.19/src/macros.rs:9:13\n     |\n9    |             fn $method(self $( , $arg : $ty )* ) -> $ret {\n     |             ^^^^^^^^^^^^^^^^^^^^^^^^^^^^^^^^^^^^^^^^^^^^\n     |\n    ::: /Users/graysonnocera/.cargo/registry/src/index.crates.io-6f17d22bba15001f/num-traits-0.2.19/src/float.rs:2078:1\n     |\n2078 | float_impl_std!(f32 integer_decode_f32);\n     | --------------------------------------- in this macro invocation\nnote: candidate #2 is defined in an impl of the trait `FloatCore` for the type `f32`\n    --> /Users/graysonnocera/.cargo/registry/src/index.crates.io-6f17d22bba15001f/num-traits-0.2.19/src/macros.rs:9:13\n     |\n9    |               fn $method(self $( , $arg : $ty )* ) -> $ret {\n     |               ^^^^^^^^^^^^^^^^^^^^^^^^^^^^^^^^^^^^^^^^^^^^\n     |\n    ::: /Users/graysonnocera/.cargo/registry/src/index.crates.io-6f17d22bba15001f/num-traits-0.2.19/src/float.rs:836:5\n     |\n836  | /     forward! {\n837  | |         Self::floor(self) -> Self;\n838  | |         Self::ceil(self) -> Self;\n839  | |         Self::round(self) -> Self;\n...    |\n844  | |         Self::powi(self, n: i32) -> Self;\n845  | |     }\n     | |_____- in this macro invocation\n     = note: this error originates in the macro `forward` (in Nightly builds, run with -Z macro-backtrace for more info)\n\nerror[E0034]: multiple applicable items in scope\n    --> /Users/graysonnocera/.cargo/registry/src/index.crates.io-6f17d22bba15001f/num-traits-0.2.19/src/float.rs:841:15\n     |\n841  |         Self::fract(self) -> Self;\n     |               ^^^^^ multiple `fract` found\n     |\nnote: candidate #1 is defined in an impl of the trait `Float` for the type `f32`\n    --> /Users/graysonnocera/.cargo/registry/src/index.crates.io-6f17d22bba15001f/num-traits-0.2.19/src/macros.rs:9:13\n     |\n9    |             fn $method(self $( , $arg : $ty )* ) -> $ret {\n     |             ^^^^^^^^^^^^^^^^^^^^^^^^^^^^^^^^^^^^^^^^^^^^\n     |\n    ::: /Users/graysonnocera/.cargo/registry/src/index.crates.io-6f17d22bba15001f/num-traits-0.2.19/src/float.rs:2078:1\n     |\n2078 | float_impl_std!(f32 integer_decode_f32);\n     | --------------------------------------- in this macro invocation\nnote: candidate #2 is defined in an impl of the trait `FloatCore` for the type `f32`\n    --> /Users/graysonnocera/.cargo/registry/src/index.crates.io-6f17d22bba15001f/num-traits-0.2.19/src/macros.rs:9:13\n     |\n9    |               fn $method(self $( , $arg : $ty )* ) -> $ret {\n     |               ^^^^^^^^^^^^^^^^^^^^^^^^^^^^^^^^^^^^^^^^^^^^\n     |\n    ::: /Users/graysonnocera/.cargo/registry/src/index.crates.io-6f17d22bba15001f/num-traits-0.2.19/src/float.rs:836:5\n     |\n836  | /     forward! {\n837  | |         Self::floor(self) -> Self;\n838  | |         Self::ceil(self) -> Self;\n839  | |         Self::round(self) -> Self;\n...    |\n844  | |         Self::powi(self, n: i32) -> Self;\n845  | |     }\n     | |_____- in this macro invocation\n     = note: this error originates in the macro `forward` (in Nightly builds, run with -Z macro-backtrace for more info)\n\nerror[E0034]: multiple applicable items in scope\n    --> /Users/graysonnocera/.cargo/registry/src/index.crates.io-6f17d22bba15001f/num-traits-0.2.19/src/float.rs:842:15\n     |\n842  |         Self::abs(self) -> Self;\n     |               ^^^ multiple `abs` found\n     |\nnote: candidate #1 is defined in an impl of the trait `Float` for the type `f32`\n    --> /Users/graysonnocera/.cargo/registry/src/index.crates.io-6f17d22bba15001f/num-traits-0.2.19/src/macros.rs:9:13\n     |\n9    |             fn $method(self $( , $arg : $ty )* ) -> $ret {\n     |             ^^^^^^^^^^^^^^^^^^^^^^^^^^^^^^^^^^^^^^^^^^^^\n     |\n    ::: /Users/graysonnocera/.cargo/registry/src/index.crates.io-6f17d22bba15001f/num-traits-0.2.19/src/float.rs:2078:1\n     |\n2078 | float_impl_std!(f32 integer_decode_f32);\n     | --------------------------------------- in this macro invocation\nnote: candidate #2 is defined in an impl of the trait `FloatCore` for the type `f32`\n    --> /Users/graysonnocera/.cargo/registry/src/index.crates.io-6f17d22bba15001f/num-traits-0.2.19/src/macros.rs:9:13\n     |\n9    |               fn $method(self $( , $arg : $ty )* ) -> $ret {\n     |               ^^^^^^^^^^^^^^^^^^^^^^^^^^^^^^^^^^^^^^^^^^^^\n     |\n    ::: /Users/graysonnocera/.cargo/registry/src/index.crates.io-6f17d22bba15001f/num-traits-0.2.19/src/float.rs:836:5\n     |\n836  | /     forward! {\n837  | |         Self::floor(self) -> Self;\n838  | |         Self::ceil(self) -> Self;\n839  | |         Self::round(self) -> Self;\n...    |\n844  | |         Self::powi(self, n: i32) -> Self;\n845  | |     }\n     | |_____- in this macro invocation\n     = note: this error originates in the macro `forward` (in Nightly builds, run with -Z macro-backtrace for more info)\n\nerror[E0034]: multiple applicable items in scope\n    --> /Users/graysonnocera/.cargo/registry/src/index.crates.io-6f17d22bba15001f/num-traits-0.2.19/src/float.rs:843:15\n     |\n843  |         Self::signum(self) -> Self;\n     |               ^^^^^^ multiple `signum` found\n     |\nnote: candidate #1 is defined in an impl of the trait `Float` for the type `f32`\n    --> /Users/graysonnocera/.cargo/registry/src/index.crates.io-6f17d22bba15001f/num-traits-0.2.19/src/macros.rs:9:13\n     |\n9    |             fn $method(self $( , $arg : $ty )* ) -> $ret {\n     |             ^^^^^^^^^^^^^^^^^^^^^^^^^^^^^^^^^^^^^^^^^^^^\n     |\n    ::: /Users/graysonnocera/.cargo/registry/src/index.crates.io-6f17d22bba15001f/num-traits-0.2.19/src/float.rs:2078:1\n     |\n2078 | float_impl_std!(f32 integer_decode_f32);\n     | --------------------------------------- in this macro invocation\nnote: candidate #2 is defined in an impl of the trait `FloatCore` for the type `f32`\n    --> /Users/graysonnocera/.cargo/registry/src/index.crates.io-6f17d22bba15001f/num-traits-0.2.19/src/macros.rs:9:13\n     |\n9    |               fn $method(self $( , $arg : $ty )* ) -> $ret {\n     |               ^^^^^^^^^^^^^^^^^^^^^^^^^^^^^^^^^^^^^^^^^^^^\n     |\n    ::: /Users/graysonnocera/.cargo/registry/src/index.crates.io-6f17d22bba15001f/num-traits-0.2.19/src/float.rs:836:5\n     |\n836  | /     forward! {\n837  | |         Self::floor(self) -> Self;\n838  | |         Self::ceil(self) -> Self;\n839  | |         Self::round(self) -> Self;\n...    |\n844  | |         Self::powi(self, n: i32) -> Self;\n845  | |     }\n     | |_____- in this macro invocation\n     = note: this error originates in the macro `forward` (in Nightly builds, run with -Z macro-backtrace for more info)\n\nerror[E0034]: multiple applicable items in scope\n    --> /Users/graysonnocera/.cargo/registry/src/index.crates.io-6f17d22bba15001f/num-traits-0.2.19/src/float.rs:844:15\n     |\n844  |         Self::powi(self, n: i32) -> Self;\n     |               ^^^^ multiple `powi` found\n     |\nnote: candidate #1 is defined in an impl of the trait `Float` for the type `f32`\n    --> /Users/graysonnocera/.cargo/registry/src/index.crates.io-6f17d22bba15001f/num-traits-0.2.19/src/macros.rs:9:13\n     |\n9    |             fn $method(self $( , $arg : $ty )* ) -> $ret {\n     |             ^^^^^^^^^^^^^^^^^^^^^^^^^^^^^^^^^^^^^^^^^^^^\n     |\n    ::: /Users/graysonnocera/.cargo/registry/src/index.crates.io-6f17d22bba15001f/num-traits-0.2.19/src/float.rs:2078:1\n     |\n2078 | float_impl_std!(f32 integer_decode_f32);\n     | --------------------------------------- in this macro invocation\nnote: candidate #2 is defined in an impl of the trait `FloatCore` for the type `f32`\n    --> /Users/graysonnocera/.cargo/registry/src/index.crates.io-6f17d22bba15001f/num-traits-0.2.19/src/macros.rs:9:13\n     |\n9    |               fn $method(self $( , $arg : $ty )* ) -> $ret {\n     |               ^^^^^^^^^^^^^^^^^^^^^^^^^^^^^^^^^^^^^^^^^^^^\n     |\n    ::: /Users/graysonnocera/.cargo/registry/src/index.crates.io-6f17d22bba15001f/num-traits-0.2.19/src/float.rs:836:5\n     |\n836  | /     forward! {\n837  | |         Self::floor(self) -> Self;\n838  | |         Self::ceil(self) -> Self;\n839  | |         Self::round(self) -> Self;\n...    |\n844  | |         Self::powi(self, n: i32) -> Self;\n845  | |     }\n     | |_____- in this macro invocation\n     = note: this error originates in the macro `forward` (in Nightly builds, run with -Z macro-backtrace for more info)\n\nerror[E0034]: multiple applicable items in scope\n    --> /Users/graysonnocera/.cargo/registry/src/index.crates.io-6f17d22bba15001f/num-traits-0.2.19/src/float.rs:899:15\n     |\n899  |         Self::floor(self) -> Self;\n     |               ^^^^^ multiple `floor` found\n     |\nnote: candidate #1 is defined in an impl of the trait `Float` for the type `f64`\n    --> /Users/graysonnocera/.cargo/registry/src/index.crates.io-6f17d22bba15001f/num-traits-0.2.19/src/macros.rs:9:13\n     |\n9    |             fn $method(self $( , $arg : $ty )* ) -> $ret {\n     |             ^^^^^^^^^^^^^^^^^^^^^^^^^^^^^^^^^^^^^^^^^^^^\n     |\n    ::: /Users/graysonnocera/.cargo/registry/src/index.crates.io-6f17d22bba15001f/num-traits-0.2.19/src/float.rs:2080:1\n     |\n2080 | float_impl_std!(f64 integer_decode_f64);\n     | --------------------------------------- in this macro invocation\nnote: candidate #2 is defined in an impl of the trait `FloatCore` for the type `f64`\n    --> /Users/graysonnocera/.cargo/registry/src/index.crates.io-6f17d22bba15001f/num-traits-0.2.19/src/macros.rs:9:13\n     |\n9    |               fn $method(self $( , $arg : $ty )* ) -> $ret {\n     |               ^^^^^^^^^^^^^^^^^^^^^^^^^^^^^^^^^^^^^^^^^^^^\n     |\n    ::: /Users/graysonnocera/.cargo/registry/src/index.crates.io-6f17d22bba15001f/num-traits-0.2.19/src/float.rs:898:5\n     |\n898  | /     forward! {\n899  | |         Self::floor(self) -> Self;\n900  | |         Self::ceil(self) -> Self;\n901  | |         Self::round(self) -> Self;\n...    |\n906  | |         Self::powi(self, n: i32) -> Self;\n907  | |     }\n     | |_____- in this macro invocation\n     = note: this error originates in the macro `forward` (in Nightly builds, run with -Z macro-backtrace for more info)\n\nerror[E0034]: multiple applicable items in scope\n    --> /Users/graysonnocera/.cargo/registry/src/index.crates.io-6f17d22bba15001f/num-traits-0.2.19/src/float.rs:900:15\n     |\n900  |         Self::ceil(self) -> Self;\n     |               ^^^^ multiple `ceil` found\n     |\nnote: candidate #1 is defined in an impl of the trait `Float` for the type `f64`\n    --> /Users/graysonnocera/.cargo/registry/src/index.crates.io-6f17d22bba15001f/num-traits-0.2.19/src/macros.rs:9:13\n     |\n9    |             fn $method(self $( , $arg : $ty )* ) -> $ret {\n     |             ^^^^^^^^^^^^^^^^^^^^^^^^^^^^^^^^^^^^^^^^^^^^\n     |\n    ::: /Users/graysonnocera/.cargo/registry/src/index.crates.io-6f17d22bba15001f/num-traits-0.2.19/src/float.rs:2080:1\n     |\n2080 | float_impl_std!(f64 integer_decode_f64);\n     | --------------------------------------- in this macro invocation\nnote: candidate #2 is defined in an impl of the trait `FloatCore` for the type `f64`\n    --> /Users/graysonnocera/.cargo/registry/src/index.crates.io-6f17d22bba15001f/num-traits-0.2.19/src/macros.rs:9:13\n     |\n9    |               fn $method(self $( , $arg : $ty )* ) -> $ret {\n     |               ^^^^^^^^^^^^^^^^^^^^^^^^^^^^^^^^^^^^^^^^^^^^\n     |\n    ::: /Users/graysonnocera/.cargo/registry/src/index.crates.io-6f17d22bba15001f/num-traits-0.2.19/src/float.rs:898:5\n     |\n898  | /     forward! {\n899  | |         Self::floor(self) -> Self;\n900  | |         Self::ceil(self) -> Self;\n901  | |         Self::round(self) -> Self;\n...    |\n906  | |         Self::powi(self, n: i32) -> Self;\n907  | |     }\n     | |_____- in this macro invocation\n     = note: this error originates in the macro `forward` (in Nightly builds, run with -Z macro-backtrace for more info)\n\nerror[E0034]: multiple applicable items in scope\n    --> /Users/graysonnocera/.cargo/registry/src/index.crates.io-6f17d22bba15001f/num-traits-0.2.19/src/float.rs:901:15\n     |\n901  |         Self::round(self) -> Self;\n     |               ^^^^^ multiple `round` found\n     |\nnote: candidate #1 is defined in an impl of the trait `Float` for the type `f64`\n    --> /Users/graysonnocera/.cargo/registry/src/index.crates.io-6f17d22bba15001f/num-traits-0.2.19/src/macros.rs:9:13\n     |\n9    |             fn $method(self $( , $arg : $ty )* ) -> $ret {\n     |             ^^^^^^^^^^^^^^^^^^^^^^^^^^^^^^^^^^^^^^^^^^^^\n     |\n    ::: /Users/graysonnocera/.cargo/registry/src/index.crates.io-6f17d22bba15001f/num-traits-0.2.19/src/float.rs:2080:1\n     |\n2080 | float_impl_std!(f64 integer_decode_f64);\n     | --------------------------------------- in this macro invocation\nnote: candidate #2 is defined in an impl of the trait `FloatCore` for the type `f64`\n    --> /Users/graysonnocera/.cargo/registry/src/index.crates.io-6f17d22bba15001f/num-traits-0.2.19/src/macros.rs:9:13\n     |\n9    |               fn $method(self $( , $arg : $ty )* ) -> $ret {\n     |               ^^^^^^^^^^^^^^^^^^^^^^^^^^^^^^^^^^^^^^^^^^^^\n     |\n    ::: /Users/graysonnocera/.cargo/registry/src/index.crates.io-6f17d22bba15001f/num-traits-0.2.19/src/float.rs:898:5\n     |\n898  | /     forward! {\n899  | |         Self::floor(self) -> Self;\n900  | |         Self::ceil(self) -> Self;\n901  | |         Self::round(self) -> Self;\n...    |\n906  | |         Self::powi(self, n: i32) -> Self;\n907  | |     }\n     | |_____- in this macro invocation\n     = note: this error originates in the macro `forward` (in Nightly builds, run with -Z macro-backtrace for more info)\n\nerror[E0034]: multiple applicable items in scope\n    --> /Users/graysonnocera/.cargo/registry/src/index.crates.io-6f17d22bba15001f/num-traits-0.2.19/src/float.rs:902:15\n     |\n902  |         Self::trunc(self) -> Self;\n     |               ^^^^^ multiple `trunc` found\n     |\nnote: candidate #1 is defined in an impl of the trait `Float` for the type `f64`\n    --> /Users/graysonnocera/.cargo/registry/src/index.crates.io-6f17d22bba15001f/num-traits-0.2.19/src/macros.rs:9:13\n     |\n9    |             fn $method(self $( , $arg : $ty )* ) -> $ret {\n     |             ^^^^^^^^^^^^^^^^^^^^^^^^^^^^^^^^^^^^^^^^^^^^\n     |\n    ::: /Users/graysonnocera/.cargo/registry/src/index.crates.io-6f17d22bba15001f/num-traits-0.2.19/src/float.rs:2080:1\n     |\n2080 | float_impl_std!(f64 integer_decode_f64);\n     | --------------------------------------- in this macro invocation\nnote: candidate #2 is defined in an impl of the trait `FloatCore` for the type `f64`\n    --> /Users/graysonnocera/.cargo/registry/src/index.crates.io-6f17d22bba15001f/num-traits-0.2.19/src/macros.rs:9:13\n     |\n9    |               fn $method(self $( , $arg : $ty )* ) -> $ret {\n     |               ^^^^^^^^^^^^^^^^^^^^^^^^^^^^^^^^^^^^^^^^^^^^\n     |\n    ::: /Users/graysonnocera/.cargo/registry/src/index.crates.io-6f17d22bba15001f/num-traits-0.2.19/src/float.rs:898:5\n     |\n898  | /     forward! {\n899  | |         Self::floor(self) -> Self;\n900  | |         Self::ceil(self) -> Self;\n901  | |         Self::round(self) -> Self;\n...    |\n906  | |         Self::powi(self, n: i32) -> Self;\n907  | |     }\n     | |_____- in this macro invocation\n     = note: this error originates in the macro `forward` (in Nightly builds, run with -Z macro-backtrace for more info)\n\nerror[E0034]: multiple applicable items in scope\n    --> /Users/graysonnocera/.cargo/registry/src/index.crates.io-6f17d22bba15001f/num-traits-0.2.19/src/float.rs:903:15\n     |\n903  |         Self::fract(self) -> Self;\n     |               ^^^^^ multiple `fract` found\n     |\nnote: candidate #1 is defined in an impl of the trait `Float` for the type `f64`\n    --> /Users/graysonnocera/.cargo/registry/src/index.crates.io-6f17d22bba15001f/num-traits-0.2.19/src/macros.rs:9:13\n     |\n9    |             fn $method(self $( , $arg : $ty )* ) -> $ret {\n     |             ^^^^^^^^^^^^^^^^^^^^^^^^^^^^^^^^^^^^^^^^^^^^\n     |\n    ::: /Users/graysonnocera/.cargo/registry/src/index.crates.io-6f17d22bba15001f/num-traits-0.2.19/src/float.rs:2080:1\n     |\n2080 | float_impl_std!(f64 integer_decode_f64);\n     | --------------------------------------- in this macro invocation\nnote: candidate #2 is defined in an impl of the trait `FloatCore` for the type `f64`\n    --> /Users/graysonnocera/.cargo/registry/src/index.crates.io-6f17d22bba15001f/num-traits-0.2.19/src/macros.rs:9:13\n     |\n9    |               fn $method(self $( , $arg : $ty )* ) -> $ret {\n     |               ^^^^^^^^^^^^^^^^^^^^^^^^^^^^^^^^^^^^^^^^^^^^\n     |\n    ::: /Users/graysonnocera/.cargo/registry/src/index.crates.io-6f17d22bba15001f/num-traits-0.2.19/src/float.rs:898:5\n     |\n898  | /     forward! {\n899  | |         Self::floor(self) -> Self;\n900  | |         Self::ceil(self) -> Self;\n901  | |         Self::round(self) -> Self;\n...    |\n906  | |         Self::powi(self, n: i32) -> Self;\n907  | |     }\n     | |_____- in this macro invocation\n     = note: this error originates in the macro `forward` (in Nightly builds, run with -Z macro-backtrace for more info)\n\nerror[E0034]: multiple applicable items in scope\n    --> /Users/graysonnocera/.cargo/registry/src/index.crates.io-6f17d22bba15001f/num-traits-0.2.19/src/float.rs:904:15\n     |\n904  |         Self::abs(self) -> Self;\n     |               ^^^ multiple `abs` found\n     |\nnote: candidate #1 is defined in an impl of the trait `Float` for the type `f64`\n    --> /Users/graysonnocera/.cargo/registry/src/index.crates.io-6f17d22bba15001f/num-traits-0.2.19/src/macros.rs:9:13\n     |\n9    |             fn $method(self $( , $arg : $ty )* ) -> $ret {\n     |             ^^^^^^^^^^^^^^^^^^^^^^^^^^^^^^^^^^^^^^^^^^^^\n     |\n    ::: /Users/graysonnocera/.cargo/registry/src/index.crates.io-6f17d22bba15001f/num-traits-0.2.19/src/float.rs:2080:1\n     |\n2080 | float_impl_std!(f64 integer_decode_f64);\n     | --------------------------------------- in this macro invocation\nnote: candidate #2 is defined in an impl of the trait `FloatCore` for the type `f64`\n    --> /Users/graysonnocera/.cargo/registry/src/index.crates.io-6f17d22bba15001f/num-traits-0.2.19/src/macros.rs:9:13\n     |\n9    |               fn $method(self $( , $arg : $ty )* ) -> $ret {\n     |               ^^^^^^^^^^^^^^^^^^^^^^^^^^^^^^^^^^^^^^^^^^^^\n     |\n    ::: /Users/graysonnocera/.cargo/registry/src/index.crates.io-6f17d22bba15001f/num-traits-0.2.19/src/float.rs:898:5\n     |\n898  | /     forward! {\n899  | |         Self::floor(self) -> Self;\n900  | |         Self::ceil(self) -> Self;\n901  | |         Self::round(self) -> Self;\n...    |\n906  | |         Self::powi(self, n: i32) -> Self;\n907  | |     }\n     | |_____- in this macro invocation\n     = note: this error originates in the macro `forward` (in Nightly builds, run with -Z macro-backtrace for more info)\n\nerror[E0034]: multiple applicable items in scope\n    --> /Users/graysonnocera/.cargo/registry/src/index.crates.io-6f17d22bba15001f/num-traits-0.2.19/src/float.rs:905:15\n     |\n905  |         Self::signum(self) -> Self;\n     |               ^^^^^^ multiple `signum` found\n     |\nnote: candidate #1 is defined in an impl of the trait `Float` for the type `f64`\n    --> /Users/graysonnocera/.cargo/registry/src/index.crates.io-6f17d22bba15001f/num-traits-0.2.19/src/macros.rs:9:13\n     |\n9    |             fn $method(self $( , $arg : $ty )* ) -> $ret {\n     |             ^^^^^^^^^^^^^^^^^^^^^^^^^^^^^^^^^^^^^^^^^^^^\n     |\n    ::: /Users/graysonnocera/.cargo/registry/src/index.crates.io-6f17d22bba15001f/num-traits-0.2.19/src/float.rs:2080:1\n     |\n2080 | float_impl_std!(f64 integer_decode_f64);\n     | --------------------------------------- in this macro invocation\nnote: candidate #2 is defined in an impl of the trait `FloatCore` for the type `f64`\n    --> /Users/graysonnocera/.cargo/registry/src/index.crates.io-6f17d22bba15001f/num-traits-0.2.19/src/macros.rs:9:13\n     |\n9    |               fn $method(self $( , $arg : $ty )* ) -> $ret {\n     |               ^^^^^^^^^^^^^^^^^^^^^^^^^^^^^^^^^^^^^^^^^^^^\n     |\n    ::: /Users/graysonnocera/.cargo/registry/src/index.crates.io-6f17d22bba15001f/num-traits-0.2.19/src/float.rs:898:5\n     |\n898  | /     forward! {\n899  | |         Self::floor(self) -> Self;\n900  | |         Self::ceil(self) -> Self;\n901  | |         Self::round(self) -> Self;\n...    |\n906  | |         Self::powi(self, n: i32) -> Self;\n907  | |     }\n     | |_____- in this macro invocation\n     = note: this error originates in the macro `forward` (in Nightly builds, run with -Z macro-backtrace for more info)\n\nerror[E0034]: multiple applicable items in scope\n    --> /Users/graysonnocera/.cargo/registry/src/index.crates.io-6f17d22bba15001f/num-traits-0.2.19/src/float.rs:906:15\n     |\n906  |         Self::powi(self, n: i32) -> Self;\n     |               ^^^^ multiple `powi` found\n     |\nnote: candidate #1 is defined in an impl of the trait `Float` for the type `f64`\n    --> /Users/graysonnocera/.cargo/registry/src/index.crates.io-6f17d22bba15001f/num-traits-0.2.19/src/macros.rs:9:13\n     |\n9    |             fn $method(self $( , $arg : $ty )* ) -> $ret {\n     |             ^^^^^^^^^^^^^^^^^^^^^^^^^^^^^^^^^^^^^^^^^^^^\n     |\n    ::: /Users/graysonnocera/.cargo/registry/src/index.crates.io-6f17d22bba15001f/num-traits-0.2.19/src/float.rs:2080:1\n     |\n2080 | float_impl_std!(f64 integer_decode_f64);\n     | --------------------------------------- in this macro invocation\nnote: candidate #2 is defined in an impl of the trait `FloatCore` for the type `f64`\n    --> /Users/graysonnocera/.cargo/registry/src/index.crates.io-6f17d22bba15001f/num-traits-0.2.19/src/macros.rs:9:13\n     |\n9    |               fn $method(self $( , $arg : $ty )* ) -> $ret {\n     |               ^^^^^^^^^^^^^^^^^^^^^^^^^^^^^^^^^^^^^^^^^^^^\n     |\n    ::: /Users/graysonnocera/.cargo/registry/src/index.crates.io-6f17d22bba15001f/num-traits-0.2.19/src/float.rs:898:5\n     |\n898  | /     forward! {\n899  | |         Self::floor(self) -> Self;\n900  | |         Self::ceil(self) -> Self;\n901  | |         Self::round(self) -> Self;\n...    |\n906  | |         Self::powi(self, n: i32) -> Self;\n907  | |     }\n     | |_____- in this macro invocation\n     = note: this error originates in the macro `forward` (in Nightly builds, run with -Z macro-backtrace for more info)\n\nerror[E0034]: multiple applicable items in scope\n    --> /Users/graysonnocera/.cargo/registry/src/index.crates.io-6f17d22bba15001f/num-traits-0.2.19/src/float.rs:1948:23\n     |\n1948 |                 Self::floor(self) -> Self;\n     |                       ^^^^^ multiple `floor` found\n...\n2078 | float_impl_std!(f32 integer_decode_f32);\n     | --------------------------------------- in this macro invocation\n     |\nnote: candidate #1 is defined in an impl of the trait `Float` for the type `f32`\n    --> /Users/graysonnocera/.cargo/registry/src/index.crates.io-6f17d22bba15001f/num-traits-0.2.19/src/macros.rs:9:13\n     |\n9    |             fn $method(self $( , $arg : $ty )* ) -> $ret {\n     |             ^^^^^^^^^^^^^^^^^^^^^^^^^^^^^^^^^^^^^^^^^^^^\n     |\n    ::: /Users/graysonnocera/.cargo/registry/src/index.crates.io-6f17d22bba15001f/num-traits-0.2.19/src/float.rs:2078:1\n     |\n2078 | float_impl_std!(f32 integer_decode_f32);\n     | --------------------------------------- in this macro invocation\nnote: candidate #2 is defined in an impl of the trait `FloatCore` for the type `f32`\n    --> /Users/graysonnocera/.cargo/registry/src/index.crates.io-6f17d22bba15001f/num-traits-0.2.19/src/macros.rs:9:13\n     |\n9    |               fn $method(self $( , $arg : $ty )* ) -> $ret {\n     |               ^^^^^^^^^^^^^^^^^^^^^^^^^^^^^^^^^^^^^^^^^^^^\n     |\n    ::: /Users/graysonnocera/.cargo/registry/src/index.crates.io-6f17d22bba15001f/num-traits-0.2.19/src/float.rs:836:5\n     |\n836  | /     forward! {\n837  | |         Self::floor(self) -> Self;\n838  | |         Self::ceil(self) -> Self;\n839  | |         Self::round(self) -> Self;\n...    |\n844  | |         Self::powi(self, n: i32) -> Self;\n845  | |     }\n     | |_____- in this macro invocation\n     = note: this error originates in the macro `float_impl_std` which comes from the expansion of the macro `forward` (in Nightly builds, run with -Z macro-backtrace for more info)\n\nerror[E0034]: multiple applicable items in scope\n    --> /Users/graysonnocera/.cargo/registry/src/index.crates.io-6f17d22bba15001f/num-traits-0.2.19/src/float.rs:1949:23\n     |\n1949 |                 Self::ceil(self) -> Self;\n     |                       ^^^^ multiple `ceil` found\n...\n2078 | float_impl_std!(f32 integer_decode_f32);\n     | --------------------------------------- in this macro invocation\n     |\nnote: candidate #1 is defined in an impl of the trait `Float` for the type `f32`\n    --> /Users/graysonnocera/.cargo/registry/src/index.crates.io-6f17d22bba15001f/num-traits-0.2.19/src/macros.rs:9:13\n     |\n9    |             fn $method(self $( , $arg : $ty )* ) -> $ret {\n     |             ^^^^^^^^^^^^^^^^^^^^^^^^^^^^^^^^^^^^^^^^^^^^\n     |\n    ::: /Users/graysonnocera/.cargo/registry/src/index.crates.io-6f17d22bba15001f/num-traits-0.2.19/src/float.rs:2078:1\n     |\n2078 | float_impl_std!(f32 integer_decode_f32);\n     | --------------------------------------- in this macro invocation\nnote: candidate #2 is defined in an impl of the trait `FloatCore` for the type `f32`\n    --> /Users/graysonnocera/.cargo/registry/src/index.crates.io-6f17d22bba15001f/num-traits-0.2.19/src/macros.rs:9:13\n     |\n9    |               fn $method(self $( , $arg : $ty )* ) -> $ret {\n     |               ^^^^^^^^^^^^^^^^^^^^^^^^^^^^^^^^^^^^^^^^^^^^\n     |\n    ::: /Users/graysonnocera/.cargo/registry/src/index.crates.io-6f17d22bba15001f/num-traits-0.2.19/src/float.rs:836:5\n     |\n836  | /     forward! {\n837  | |         Self::floor(self) -> Self;\n838  | |         Self::ceil(self) -> Self;\n839  | |         Self::round(self) -> Self;\n...    |\n844  | |         Self::powi(self, n: i32) -> Self;\n845  | |     }\n     | |_____- in this macro invocation\n     = note: this error originates in the macro `float_impl_std` which comes from the expansion of the macro `forward` (in Nightly builds, run with -Z macro-backtrace for more info)\n\nerror[E0034]: multiple applicable items in scope\n    --> /Users/graysonnocera/.cargo/registry/src/index.crates.io-6f17d22bba15001f/num-traits-0.2.19/src/float.rs:1950:23\n     |\n1950 |                 Self::round(self) -> Self;\n     |                       ^^^^^ multiple `round` found\n...\n2078 | float_impl_std!(f32 integer_decode_f32);\n     | --------------------------------------- in this macro invocation\n     |\nnote: candidate #1 is defined in an impl of the trait `Float` for the type `f32`\n    --> /Users/graysonnocera/.cargo/registry/src/index.crates.io-6f17d22bba15001f/num-traits-0.2.19/src/macros.rs:9:13\n     |\n9    |             fn $method(self $( , $arg : $ty )* ) -> $ret {\n     |             ^^^^^^^^^^^^^^^^^^^^^^^^^^^^^^^^^^^^^^^^^^^^\n     |\n    ::: /Users/graysonnocera/.cargo/registry/src/index.crates.io-6f17d22bba15001f/num-traits-0.2.19/src/float.rs:2078:1\n     |\n2078 | float_impl_std!(f32 integer_decode_f32);\n     | --------------------------------------- in this macro invocation\nnote: candidate #2 is defined in an impl of the trait `FloatCore` for the type `f32`\n    --> /Users/graysonnocera/.cargo/registry/src/index.crates.io-6f17d22bba15001f/num-traits-0.2.19/src/macros.rs:9:13\n     |\n9    |               fn $method(self $( , $arg : $ty )* ) -> $ret {\n     |               ^^^^^^^^^^^^^^^^^^^^^^^^^^^^^^^^^^^^^^^^^^^^\n     |\n    ::: /Users/graysonnocera/.cargo/registry/src/index.crates.io-6f17d22bba15001f/num-traits-0.2.19/src/float.rs:836:5\n     |\n836  | /     forward! {\n837  | |         Self::floor(self) -> Self;\n838  | |         Self::ceil(self) -> Self;\n839  | |         Self::round(self) -> Self;\n...    |\n844  | |         Self::powi(self, n: i32) -> Self;\n845  | |     }\n     | |_____- in this macro invocation\n     = note: this error originates in the macro `float_impl_std` which comes from the expansion of the macro `forward` (in Nightly builds, run with -Z macro-backtrace for more info)\n\nerror[E0034]: multiple applicable items in scope\n    --> /Users/graysonnocera/.cargo/registry/src/index.crates.io-6f17d22bba15001f/num-traits-0.2.19/src/float.rs:1951:23\n     |\n1951 |                 Self::trunc(self) -> Self;\n     |                       ^^^^^ multiple `trunc` found\n...\n2078 | float_impl_std!(f32 integer_decode_f32);\n     | --------------------------------------- in this macro invocation\n     |\nnote: candidate #1 is defined in an impl of the trait `Float` for the type `f32`\n    --> /Users/graysonnocera/.cargo/registry/src/index.crates.io-6f17d22bba15001f/num-traits-0.2.19/src/macros.rs:9:13\n     |\n9    |             fn $method(self $( , $arg : $ty )* ) -> $ret {\n     |             ^^^^^^^^^^^^^^^^^^^^^^^^^^^^^^^^^^^^^^^^^^^^\n     |\n    ::: /Users/graysonnocera/.cargo/registry/src/index.crates.io-6f17d22bba15001f/num-traits-0.2.19/src/float.rs:2078:1\n     |\n2078 | float_impl_std!(f32 integer_decode_f32);\n     | --------------------------------------- in this macro invocation\nnote: candidate #2 is defined in an impl of the trait `FloatCore` for the type `f32`\n    --> /Users/graysonnocera/.cargo/registry/src/index.crates.io-6f17d22bba15001f/num-traits-0.2.19/src/macros.rs:9:13\n     |\n9    |               fn $method(self $( , $arg : $ty )* ) -> $ret {\n     |               ^^^^^^^^^^^^^^^^^^^^^^^^^^^^^^^^^^^^^^^^^^^^\n     |\n    ::: /Users/graysonnocera/.cargo/registry/src/index.crates.io-6f17d22bba15001f/num-traits-0.2.19/src/float.rs:836:5\n     |\n836  | /     forward! {\n837  | |         Self::floor(self) -> Self;\n838  | |         Self::ceil(self) -> Self;\n839  | |         Self::round(self) -> Self;\n...    |\n844  | |         Self::powi(self, n: i32) -> Self;\n845  | |     }\n     | |_____- in this macro invocation\n     = note: this error originates in the macro `float_impl_std` which comes from the expansion of the macro `forward` (in Nightly builds, run with -Z macro-backtrace for more info)\n\nerror[E0034]: multiple applicable items in scope\n    --> /Users/graysonnocera/.cargo/registry/src/index.crates.io-6f17d22bba15001f/num-traits-0.2.19/src/float.rs:1952:23\n     |\n1952 |                 Self::fract(self) -> Self;\n     |                       ^^^^^ multiple `fract` found\n...\n2078 | float_impl_std!(f32 integer_decode_f32);\n     | --------------------------------------- in this macro invocation\n     |\nnote: candidate #1 is defined in an impl of the trait `Float` for the type `f32`\n    --> /Users/graysonnocera/.cargo/registry/src/index.crates.io-6f17d22bba15001f/num-traits-0.2.19/src/macros.rs:9:13\n     |\n9    |             fn $method(self $( , $arg : $ty )* ) -> $ret {\n     |             ^^^^^^^^^^^^^^^^^^^^^^^^^^^^^^^^^^^^^^^^^^^^\n     |\n    ::: /Users/graysonnocera/.cargo/registry/src/index.crates.io-6f17d22bba15001f/num-traits-0.2.19/src/float.rs:2078:1\n     |\n2078 | float_impl_std!(f32 integer_decode_f32);\n     | --------------------------------------- in this macro invocation\nnote: candidate #2 is defined in an impl of the trait `FloatCore` for the type `f32`\n    --> /Users/graysonnocera/.cargo/registry/src/index.crates.io-6f17d22bba15001f/num-traits-0.2.19/src/macros.rs:9:13\n     |\n9    |               fn $method(self $( , $arg : $ty )* ) -> $ret {\n     |               ^^^^^^^^^^^^^^^^^^^^^^^^^^^^^^^^^^^^^^^^^^^^\n     |\n    ::: /Users/graysonnocera/.cargo/registry/src/index.crates.io-6f17d22bba15001f/num-traits-0.2.19/src/float.rs:836:5\n     |\n836  | /     forward! {\n837  | |         Self::floor(self) -> Self;\n838  | |         Self::ceil(self) -> Self;\n839  | |         Self::round(self) -> Self;\n...    |\n844  | |         Self::powi(self, n: i32) -> Self;\n845  | |     }\n     | |_____- in this macro invocation\n     = note: this error originates in the macro `float_impl_std` which comes from the expansion of the macro `forward` (in Nightly builds, run with -Z macro-backtrace for more info)\n\nerror[E0034]: multiple applicable items in scope\n    --> /Users/graysonnocera/.cargo/registry/src/index.crates.io-6f17d22bba15001f/num-traits-0.2.19/src/float.rs:1953:23\n     |\n1953 |                 Self::abs(self) -> Self;\n     |                       ^^^ multiple `abs` found\n...\n2078 | float_impl_std!(f32 integer_decode_f32);\n     | --------------------------------------- in this macro invocation\n     |\nnote: candidate #1 is defined in an impl of the trait `Float` for the type `f32`\n    --> /Users/graysonnocera/.cargo/registry/src/index.crates.io-6f17d22bba15001f/num-traits-0.2.19/src/macros.rs:9:13\n     |\n9    |             fn $method(self $( , $arg : $ty )* ) -> $ret {\n     |             ^^^^^^^^^^^^^^^^^^^^^^^^^^^^^^^^^^^^^^^^^^^^\n     |\n    ::: /Users/graysonnocera/.cargo/registry/src/index.crates.io-6f17d22bba15001f/num-traits-0.2.19/src/float.rs:2078:1\n     |\n2078 | float_impl_std!(f32 integer_decode_f32);\n     | --------------------------------------- in this macro invocation\nnote: candidate #2 is defined in an impl of the trait `FloatCore` for the type `f32`\n    --> /Users/graysonnocera/.cargo/registry/src/index.crates.io-6f17d22bba15001f/num-traits-0.2.19/src/macros.rs:9:13\n     |\n9    |               fn $method(self $( , $arg : $ty )* ) -> $ret {\n     |               ^^^^^^^^^^^^^^^^^^^^^^^^^^^^^^^^^^^^^^^^^^^^\n     |\n    ::: /Users/graysonnocera/.cargo/registry/src/index.crates.io-6f17d22bba15001f/num-traits-0.2.19/src/float.rs:836:5\n     |\n836  | /     forward! {\n837  | |         Self::floor(self) -> Self;\n838  | |         Self::ceil(self) -> Self;\n839  | |         Self::round(self) -> Self;\n...    |\n844  | |         Self::powi(self, n: i32) -> Self;\n845  | |     }\n     | |_____- in this macro invocation\n     = note: this error originates in the macro `float_impl_std` which comes from the expansion of the macro `forward` (in Nightly builds, run with -Z macro-backtrace for more info)\n\nerror[E0034]: multiple applicable items in scope\n    --> /Users/graysonnocera/.cargo/registry/src/index.crates.io-6f17d22bba15001f/num-traits-0.2.19/src/float.rs:1954:23\n     |\n1954 |                 Self::signum(self) -> Self;\n     |                       ^^^^^^ multiple `signum` found\n...\n2078 | float_impl_std!(f32 integer_decode_f32);\n     | --------------------------------------- in this macro invocation\n     |\nnote: candidate #1 is defined in an impl of the trait `Float` for the type `f32`\n    --> /Users/graysonnocera/.cargo/registry/src/index.crates.io-6f17d22bba15001f/num-traits-0.2.19/src/macros.rs:9:13\n     |\n9    |             fn $method(self $( , $arg : $ty )* ) -> $ret {\n     |             ^^^^^^^^^^^^^^^^^^^^^^^^^^^^^^^^^^^^^^^^^^^^\n     |\n    ::: /Users/graysonnocera/.cargo/registry/src/index.crates.io-6f17d22bba15001f/num-traits-0.2.19/src/float.rs:2078:1\n     |\n2078 | float_impl_std!(f32 integer_decode_f32);\n     | --------------------------------------- in this macro invocation\nnote: candidate #2 is defined in an impl of the trait `FloatCore` for the type `f32`\n    --> /Users/graysonnocera/.cargo/registry/src/index.crates.io-6f17d22bba15001f/num-traits-0.2.19/src/macros.rs:9:13\n     |\n9    |               fn $method(self $( , $arg : $ty )* ) -> $ret {\n     |               ^^^^^^^^^^^^^^^^^^^^^^^^^^^^^^^^^^^^^^^^^^^^\n     |\n    ::: /Users/graysonnocera/.cargo/registry/src/index.crates.io-6f17d22bba15001f/num-traits-0.2.19/src/float.rs:836:5\n     |\n836  | /     forward! {\n837  | |         Self::floor(self) -> Self;\n838  | |         Self::ceil(self) -> Self;\n839  | |         Self::round(self) -> Self;\n...    |\n844  | |         Self::powi(self, n: i32) -> Self;\n845  | |     }\n     | |_____- in this macro invocation\n     = note: this error originates in the macro `float_impl_std` which comes from the expansion of the macro `forward` (in Nightly builds, run with -Z macro-backtrace for more info)\n\nerror[E0034]: multiple applicable items in scope\n    --> /Users/graysonnocera/.cargo/registry/src/index.crates.io-6f17d22bba15001f/num-traits-0.2.19/src/float.rs:1959:23\n     |\n1959 |                 Self::powi(self, n: i32) -> Self;\n     |                       ^^^^ multiple `powi` found\n...\n2078 | float_impl_std!(f32 integer_decode_f32);\n     | --------------------------------------- in this macro invocation\n     |\nnote: candidate #1 is defined in an impl of the trait `Float` for the type `f32`\n    --> /Users/graysonnocera/.cargo/registry/src/index.crates.io-6f17d22bba15001f/num-traits-0.2.19/src/macros.rs:9:13\n     |\n9    |             fn $method(self $( , $arg : $ty )* ) -> $ret {\n     |             ^^^^^^^^^^^^^^^^^^^^^^^^^^^^^^^^^^^^^^^^^^^^\n     |\n    ::: /Users/graysonnocera/.cargo/registry/src/index.crates.io-6f17d22bba15001f/num-traits-0.2.19/src/float.rs:2078:1\n     |\n2078 | float_impl_std!(f32 integer_decode_f32);\n     | --------------------------------------- in this macro invocation\nnote: candidate #2 is defined in an impl of the trait `FloatCore` for the type `f32`\n    --> /Users/graysonnocera/.cargo/registry/src/index.crates.io-6f17d22bba15001f/num-traits-0.2.19/src/macros.rs:9:13\n     |\n9    |               fn $method(self $( , $arg : $ty )* ) -> $ret {\n     |               ^^^^^^^^^^^^^^^^^^^^^^^^^^^^^^^^^^^^^^^^^^^^\n     |\n    ::: /Users/graysonnocera/.cargo/registry/src/index.crates.io-6f17d22bba15001f/num-traits-0.2.19/src/float.rs:836:5\n     |\n836  | /     forward! {\n837  | |         Self::floor(self) -> Self;\n838  | |         Self::ceil(self) -> Self;\n839  | |         Self::round(self) -> Self;\n...    |\n844  | |         Self::powi(self, n: i32) -> Self;\n845  | |     }\n     | |_____- in this macro invocation\n     = note: this error originates in the macro `float_impl_std` which comes from the expansion of the macro `forward` (in Nightly builds, run with -Z macro-backtrace for more info)\n\nerror[E0034]: multiple applicable items in scope\n    --> /Users/graysonnocera/.cargo/registry/src/index.crates.io-6f17d22bba15001f/num-traits-0.2.19/src/float.rs:1948:23\n     |\n1948 |                 Self::floor(self) -> Self;\n     |                       ^^^^^ multiple `floor` found\n...\n2080 | float_impl_std!(f64 integer_decode_f64);\n     | --------------------------------------- in this macro invocation\n     |\nnote: candidate #1 is defined in an impl of the trait `Float` for the type `f64`\n    --> /Users/graysonnocera/.cargo/registry/src/index.crates.io-6f17d22bba15001f/num-traits-0.2.19/src/macros.rs:9:13\n     |\n9    |             fn $method(self $( , $arg : $ty )* ) -> $ret {\n     |             ^^^^^^^^^^^^^^^^^^^^^^^^^^^^^^^^^^^^^^^^^^^^\n     |\n    ::: /Users/graysonnocera/.cargo/registry/src/index.crates.io-6f17d22bba15001f/num-traits-0.2.19/src/float.rs:2080:1\n     |\n2080 | float_impl_std!(f64 integer_decode_f64);\n     | --------------------------------------- in this macro invocation\nnote: candidate #2 is defined in an impl of the trait `FloatCore` for the type `f64`\n    --> /Users/graysonnocera/.cargo/registry/src/index.crates.io-6f17d22bba15001f/num-traits-0.2.19/src/macros.rs:9:13\n     |\n9    |               fn $method(self $( , $arg : $ty )* ) -> $ret {\n     |               ^^^^^^^^^^^^^^^^^^^^^^^^^^^^^^^^^^^^^^^^^^^^\n     |\n    ::: /Users/graysonnocera/.cargo/registry/src/index.crates.io-6f17d22bba15001f/num-traits-0.2.19/src/float.rs:898:5\n     |\n898  | /     forward! {\n899  | |         Self::floor(self) -> Self;\n900  | |         Self::ceil(self) -> Self;\n901  | |         Self::round(self) -> Self;\n...    |\n906  | |         Self::powi(self, n: i32) -> Self;\n907  | |     }\n     | |_____- in this macro invocation\n     = note: this error originates in the macro `float_impl_std` which comes from the expansion of the macro `forward` (in Nightly builds, run with -Z macro-backtrace for more info)\n\nerror[E0034]: multiple applicable items in scope\n    --> /Users/graysonnocera/.cargo/registry/src/index.crates.io-6f17d22bba15001f/num-traits-0.2.19/src/float.rs:1949:23\n     |\n1949 |                 Self::ceil(self) -> Self;\n     |                       ^^^^ multiple `ceil` found\n...\n2080 | float_impl_std!(f64 integer_decode_f64);\n     | --------------------------------------- in this macro invocation\n     |\nnote: candidate #1 is defined in an impl of the trait `Float` for the type `f64`\n    --> /Users/graysonnocera/.cargo/registry/src/index.crates.io-6f17d22bba15001f/num-traits-0.2.19/src/macros.rs:9:13\n     |\n9    |             fn $method(self $( , $arg : $ty )* ) -> $ret {\n     |             ^^^^^^^^^^^^^^^^^^^^^^^^^^^^^^^^^^^^^^^^^^^^\n     |\n    ::: /Users/graysonnocera/.cargo/registry/src/index.crates.io-6f17d22bba15001f/num-traits-0.2.19/src/float.rs:2080:1\n     |\n2080 | float_impl_std!(f64 integer_decode_f64);\n     | --------------------------------------- in this macro invocation\nnote: candidate #2 is defined in an impl of the trait `FloatCore` for the type `f64`\n    --> /Users/graysonnocera/.cargo/registry/src/index.crates.io-6f17d22bba15001f/num-traits-0.2.19/src/macros.rs:9:13\n     |\n9    |               fn $method(self $( , $arg : $ty )* ) -> $ret {\n     |               ^^^^^^^^^^^^^^^^^^^^^^^^^^^^^^^^^^^^^^^^^^^^\n     |\n    ::: /Users/graysonnocera/.cargo/registry/src/index.crates.io-6f17d22bba15001f/num-traits-0.2.19/src/float.rs:898:5\n     |\n898  | /     forward! {\n899  | |         Self::floor(self) -> Self;\n900  | |         Self::ceil(self) -> Self;\n901  | |         Self::round(self) -> Self;\n...    |\n906  | |         Self::powi(self, n: i32) -> Self;\n907  | |     }\n     | |_____- in this macro invocation\n     = note: this error originates in the macro `float_impl_std` which comes from the expansion of the macro `forward` (in Nightly builds, run with -Z macro-backtrace for more info)\n\nerror[E0034]: multiple applicable items in scope\n    --> /Users/graysonnocera/.cargo/registry/src/index.crates.io-6f17d22bba15001f/num-traits-0.2.19/src/float.rs:1950:23\n     |\n1950 |                 Self::round(self) -> Self;\n     |                       ^^^^^ multiple `round` found\n...\n2080 | float_impl_std!(f64 integer_decode_f64);\n     | --------------------------------------- in this macro invocation\n     |\nnote: candidate #1 is defined in an impl of the trait `Float` for the type `f64`\n    --> /Users/graysonnocera/.cargo/registry/src/index.crates.io-6f17d22bba15001f/num-traits-0.2.19/src/macros.rs:9:13\n     |\n9    |             fn $method(self $( , $arg : $ty )* ) -> $ret {\n     |             ^^^^^^^^^^^^^^^^^^^^^^^^^^^^^^^^^^^^^^^^^^^^\n     |\n    ::: /Users/graysonnocera/.cargo/registry/src/index.crates.io-6f17d22bba15001f/num-traits-0.2.19/src/float.rs:2080:1\n     |\n2080 | float_impl_std!(f64 integer_decode_f64);\n     | --------------------------------------- in this macro invocation\nnote: candidate #2 is defined in an impl of the trait `FloatCore` for the type `f64`\n    --> /Users/graysonnocera/.cargo/registry/src/index.crates.io-6f17d22bba15001f/num-traits-0.2.19/src/macros.rs:9:13\n     |\n9    |               fn $method(self $( , $arg : $ty )* ) -> $ret {\n     |               ^^^^^^^^^^^^^^^^^^^^^^^^^^^^^^^^^^^^^^^^^^^^\n     |\n    ::: /Users/graysonnocera/.cargo/registry/src/index.crates.io-6f17d22bba15001f/num-traits-0.2.19/src/float.rs:898:5\n     |\n898  | /     forward! {\n899  | |         Self::floor(self) -> Self;\n900  | |         Self::ceil(self) -> Self;\n901  | |         Self::round(self) -> Self;\n...    |\n906  | |         Self::powi(self, n: i32) -> Self;\n907  | |     }\n     | |_____- in this macro invocation\n     = note: this error originates in the macro `float_impl_std` which comes from the expansion of the macro `forward` (in Nightly builds, run with -Z macro-backtrace for more info)\n\nerror[E0034]: multiple applicable items in scope\n    --> /Users/graysonnocera/.cargo/registry/src/index.crates.io-6f17d22bba15001f/num-traits-0.2.19/src/float.rs:1951:23\n     |\n1951 |                 Self::trunc(self) -> Self;\n     |                       ^^^^^ multiple `trunc` found\n...\n2080 | float_impl_std!(f64 integer_decode_f64);\n     | --------------------------------------- in this macro invocation\n     |\nnote: candidate #1 is defined in an impl of the trait `Float` for the type `f64`\n    --> /Users/graysonnocera/.cargo/registry/src/index.crates.io-6f17d22bba15001f/num-traits-0.2.19/src/macros.rs:9:13\n     |\n9    |             fn $method(self $( , $arg : $ty )* ) -> $ret {\n     |             ^^^^^^^^^^^^^^^^^^^^^^^^^^^^^^^^^^^^^^^^^^^^\n     |\n    ::: /Users/graysonnocera/.cargo/registry/src/index.crates.io-6f17d22bba15001f/num-traits-0.2.19/src/float.rs:2080:1\n     |\n2080 | float_impl_std!(f64 integer_decode_f64);\n     | --------------------------------------- in this macro invocation\nnote: candidate #2 is defined in an impl of the trait `FloatCore` for the type `f64`\n    --> /Users/graysonnocera/.cargo/registry/src/index.crates.io-6f17d22bba15001f/num-traits-0.2.19/src/macros.rs:9:13\n     |\n9    |               fn $method(self $( , $arg : $ty )* ) -> $ret {\n     |               ^^^^^^^^^^^^^^^^^^^^^^^^^^^^^^^^^^^^^^^^^^^^\n     |\n    ::: /Users/graysonnocera/.cargo/registry/src/index.crates.io-6f17d22bba15001f/num-traits-0.2.19/src/float.rs:898:5\n     |\n898  | /     forward! {\n899  | |         Self::floor(self) -> Self;\n900  | |         Self::ceil(self) -> Self;\n901  | |         Self::round(self) -> Self;\n...    |\n906  | |         Self::powi(self, n: i32) -> Self;\n907  | |     }\n     | |_____- in this macro invocation\n     = note: this error originates in the macro `float_impl_std` which comes from the expansion of the macro `forward` (in Nightly builds, run with -Z macro-backtrace for more info)\n\nerror[E0034]: multiple applicable items in scope\n    --> /Users/graysonnocera/.cargo/registry/src/index.crates.io-6f17d22bba15001f/num-traits-0.2.19/src/float.rs:1952:23\n     |\n1952 |                 Self::fract(self) -> Self;\n     |                       ^^^^^ multiple `fract` found\n...\n2080 | float_impl_std!(f64 integer_decode_f64);\n     | --------------------------------------- in this macro invocation\n     |\nnote: candidate #1 is defined in an impl of the trait `Float` for the type `f64`\n    --> /Users/graysonnocera/.cargo/registry/src/index.crates.io-6f17d22bba15001f/num-traits-0.2.19/src/macros.rs:9:13\n     |\n9    |             fn $method(self $( , $arg : $ty )* ) -> $ret {\n     |             ^^^^^^^^^^^^^^^^^^^^^^^^^^^^^^^^^^^^^^^^^^^^\n     |\n    ::: /Users/graysonnocera/.cargo/registry/src/index.crates.io-6f17d22bba15001f/num-traits-0.2.19/src/float.rs:2080:1\n     |\n2080 | float_impl_std!(f64 integer_decode_f64);\n     | --------------------------------------- in this macro invocation\nnote: candidate #2 is defined in an impl of the trait `FloatCore` for the type `f64`\n    --> /Users/graysonnocera/.cargo/registry/src/index.crates.io-6f17d22bba15001f/num-traits-0.2.19/src/macros.rs:9:13\n     |\n9    |               fn $method(self $( , $arg : $ty )* ) -> $ret {\n     |               ^^^^^^^^^^^^^^^^^^^^^^^^^^^^^^^^^^^^^^^^^^^^\n     |\n    ::: /Users/graysonnocera/.cargo/registry/src/index.crates.io-6f17d22bba15001f/num-traits-0.2.19/src/float.rs:898:5\n     |\n898  | /     forward! {\n899  | |         Self::floor(self) -> Self;\n900  | |         Self::ceil(self) -> Self;\n901  | |         Self::round(self) -> Self;\n...    |\n906  | |         Self::powi(self, n: i32) -> Self;\n907  | |     }\n     | |_____- in this macro invocation\n     = note: this error originates in the macro `float_impl_std` which comes from the expansion of the macro `forward` (in Nightly builds, run with -Z macro-backtrace for more info)\n\nerror[E0034]: multiple applicable items in scope\n    --> /Users/graysonnocera/.cargo/registry/src/index.crates.io-6f17d22bba15001f/num-traits-0.2.19/src/float.rs:1953:23\n     |\n1953 |                 Self::abs(self) -> Self;\n     |                       ^^^ multiple `abs` found\n...\n2080 | float_impl_std!(f64 integer_decode_f64);\n     | --------------------------------------- in this macro invocation\n     |\nnote: candidate #1 is defined in an impl of the trait `Float` for the type `f64`\n    --> /Users/graysonnocera/.cargo/registry/src/index.crates.io-6f17d22bba15001f/num-traits-0.2.19/src/macros.rs:9:13\n     |\n9    |             fn $method(self $( , $arg : $ty )* ) -> $ret {\n     |             ^^^^^^^^^^^^^^^^^^^^^^^^^^^^^^^^^^^^^^^^^^^^\n     |\n    ::: /Users/graysonnocera/.cargo/registry/src/index.crates.io-6f17d22bba15001f/num-traits-0.2.19/src/float.rs:2080:1\n     |\n2080 | float_impl_std!(f64 integer_decode_f64);\n     | --------------------------------------- in this macro invocation\nnote: candidate #2 is defined in an impl of the trait `FloatCore` for the type `f64`\n    --> /Users/graysonnocera/.cargo/registry/src/index.crates.io-6f17d22bba15001f/num-traits-0.2.19/src/macros.rs:9:13\n     |\n9    |               fn $method(self $( , $arg : $ty )* ) -> $ret {\n     |               ^^^^^^^^^^^^^^^^^^^^^^^^^^^^^^^^^^^^^^^^^^^^\n     |\n    ::: /Users/graysonnocera/.cargo/registry/src/index.crates.io-6f17d22bba15001f/num-traits-0.2.19/src/float.rs:898:5\n     |\n898  | /     forward! {\n899  | |         Self::floor(self) -> Self;\n900  | |         Self::ceil(self) -> Self;\n901  | |         Self::round(self) -> Self;\n...    |\n906  | |         Self::powi(self, n: i32) -> Self;\n907  | |     }\n     | |_____- in this macro invocation\n     = note: this error originates in the macro `float_impl_std` which comes from the expansion of the macro `forward` (in Nightly builds, run with -Z macro-backtrace for more info)\n\nerror[E0034]: multiple applicable items in scope\n    --> /Users/graysonnocera/.cargo/registry/src/index.crates.io-6f17d22bba15001f/num-traits-0.2.19/src/float.rs:1954:23\n     |\n1954 |                 Self::signum(self) -> Self;\n     |                       ^^^^^^ multiple `signum` found\n...\n2080 | float_impl_std!(f64 integer_decode_f64);\n     | --------------------------------------- in this macro invocation\n     |\nnote: candidate #1 is defined in an impl of the trait `Float` for the type `f64`\n    --> /Users/graysonnocera/.cargo/registry/src/index.crates.io-6f17d22bba15001f/num-traits-0.2.19/src/macros.rs:9:13\n     |\n9    |             fn $method(self $( , $arg : $ty )* ) -> $ret {\n     |             ^^^^^^^^^^^^^^^^^^^^^^^^^^^^^^^^^^^^^^^^^^^^\n     |\n    ::: /Users/graysonnocera/.cargo/registry/src/index.crates.io-6f17d22bba15001f/num-traits-0.2.19/src/float.rs:2080:1\n     |\n2080 | float_impl_std!(f64 integer_decode_f64);\n     | --------------------------------------- in this macro invocation\nnote: candidate #2 is defined in an impl of the trait `FloatCore` for the type `f64`\n    --> /Users/graysonnocera/.cargo/registry/src/index.crates.io-6f17d22bba15001f/num-traits-0.2.19/src/macros.rs:9:13\n     |\n9    |               fn $method(self $( , $arg : $ty )* ) -> $ret {\n     |               ^^^^^^^^^^^^^^^^^^^^^^^^^^^^^^^^^^^^^^^^^^^^\n     |\n    ::: /Users/graysonnocera/.cargo/registry/src/index.crates.io-6f17d22bba15001f/num-traits-0.2.19/src/float.rs:898:5\n     |\n898  | /     forward! {\n899  | |         Self::floor(self) -> Self;\n900  | |         Self::ceil(self) -> Self;\n901  | |         Self::round(self) -> Self;\n...    |\n906  | |         Self::powi(self, n: i32) -> Self;\n907  | |     }\n     | |_____- in this macro invocation\n     = note: this error originates in the macro `float_impl_std` which comes from the expansion of the macro `forward` (in Nightly builds, run with -Z macro-backtrace for more info)\n\nerror[E0034]: multiple applicable items in scope\n    --> /Users/graysonnocera/.cargo/registry/src/index.crates.io-6f17d22bba15001f/num-traits-0.2.19/src/float.rs:1959:23\n     |\n1959 |                 Self::powi(self, n: i32) -> Self;\n     |                       ^^^^ multiple `powi` found\n...\n2080 | float_impl_std!(f64 integer_decode_f64);\n     | --------------------------------------- in this macro invocation\n     |\nnote: candidate #1 is defined in an impl of the trait `Float` for the type `f64`\n    --> /Users/graysonnocera/.cargo/registry/src/index.crates.io-6f17d22bba15001f/num-traits-0.2.19/src/macros.rs:9:13\n     |\n9    |             fn $method(self $( , $arg : $ty )* ) -> $ret {\n     |             ^^^^^^^^^^^^^^^^^^^^^^^^^^^^^^^^^^^^^^^^^^^^\n     |\n    ::: /Users/graysonnocera/.cargo/registry/src/index.crates.io-6f17d22bba15001f/num-traits-0.2.19/src/float.rs:2080:1\n     |\n2080 | float_impl_std!(f64 integer_decode_f64);\n     | --------------------------------------- in this macro invocation\nnote: candidate #2 is defined in an impl of the trait `FloatCore` for the type `f64`\n    --> /Users/graysonnocera/.cargo/registry/src/index.crates.io-6f17d22bba15001f/num-traits-0.2.19/src/macros.rs:9:13\n     |\n9    |               fn $method(self $( , $arg : $ty )* ) -> $ret {\n     |               ^^^^^^^^^^^^^^^^^^^^^^^^^^^^^^^^^^^^^^^^^^^^\n     |\n    ::: /Users/graysonnocera/.cargo/registry/src/index.crates.io-6f17d22bba15001f/num-traits-0.2.19/src/float.rs:898:5\n     |\n898  | /     forward! {\n899  | |         Self::floor(self) -> Self;\n900  | |         Self::ceil(self) -> Self;\n901  | |         Self::round(self) -> Self;\n...    |\n906  | |         Self::powi(self, n: i32) -> Self;\n907  | |     }\n     | |_____- in this macro invocation\n     = note: this error originates in the macro `float_impl_std` which comes from the expansion of the macro `forward` (in Nightly builds, run with -Z macro-backtrace for more info)\n\nerror[E0463]: can't find crate for `std`\n  --> /Users/graysonnocera/.cargo/registry/src/index.crates.io-6f17d22bba15001f/arrayvec-0.7.6/src/char.rs:63:27\n   |\n63 |     for codepoint in 0..=(std::char::MAX as u32) {\n   |                           ^^^ can't find crate\n   |\n   = note: the `thumbv7m-none-eabi` target may not support the standard library\n\nerror[E0463]: can't find crate for `std`\n  --> /Users/graysonnocera/.cargo/registry/src/index.crates.io-6f17d22bba15001f/arrayvec-0.7.6/src/char.rs:64:27\n   |\n64 |         if let Some(ch) = std::char::from_u32(codepoint) {\n   |                           ^^^ can't find crate\n   |\n   = note: the `thumbv7m-none-eabi` target may not support the standard library\n\nerror[E0463]: can't find crate for `std`\n  --> /Users/graysonnocera/.cargo/registry/src/index.crates.io-6f17d22bba15001f/arrayvec-0.7.6/src/char.rs:72:26\n   |\n72 |             let string = std::str::from_utf8(&data).unwrap();\n   |                          ^^^ can't find crate\n   |\n   = note: the `thumbv7m-none-eabi` target may not support the standard library\n\nerror[E0412]: cannot find type `Result` in this scope\n  --> /Users/graysonnocera/.cargo/registry/src/index.crates.io-6f17d22bba15001f/arrayvec-0.7.6/src/arrayvec_impl.rs:43:52\n   |\n43 |     fn try_push(&mut self, element: Self::Item) -> Result<(), CapacityError<Self::Item>> {\n   |                                                    ^^^^^^ not found in this scope\n   |\nhelp: consider importing one of these items\n   |\n1  + use core::fmt::Result;\n   |\n1  + use core::result::Result;\n   |\n\nerror[E0425]: cannot find function, tuple struct or tuple variant `Ok` in this scope\n  --> /Users/graysonnocera/.cargo/registry/src/index.crates.io-6f17d22bba15001f/arrayvec-0.7.6/src/arrayvec_impl.rs:48:13\n   |\n48 |             Ok(())\n   |             ^^ not found in this scope\n   |\nhelp: consider importing this tuple variant\n   |\n1  + use core::result::Result::Ok;\n   |\n\nerror[E0425]: cannot find function, tuple struct or tuple variant `Err` in this scope\n  --> /Users/graysonnocera/.cargo/registry/src/index.crates.io-6f17d22bba15001f/arrayvec-0.7.6/src/arrayvec_impl.rs:50:13\n   |\n50 |             Err(CapacityError::new(element))\n   |             ^^^ not found in this scope\n   |\nhelp: consider importing this tuple variant\n   |\n1  + use core::result::Result::Err;\n   |\n\nerror[E0412]: cannot find type `Option` in this scope\n  --> /Users/graysonnocera/.cargo/registry/src/index.crates.io-6f17d22bba15001f/arrayvec-0.7.6/src/arrayvec_impl.rs:61:26\n   |\n61 |     fn pop(&mut self) -> Option<Self::Item> {\n   |                          ^^^^^^ not found in this scope\n   |\nhelp: consider importing this enum\n   |\n1  + use core::option::Option;\n   |\n\nerror[E0425]: cannot find value `None` in this scope\n  --> /Users/graysonnocera/.cargo/registry/src/index.crates.io-6f17d22bba15001f/arrayvec-0.7.6/src/arrayvec_impl.rs:63:20\n   |\n63 |             return None;\n   |                    ^^^^ not found in this scope\n   |\nhelp: consider importing this unit variant\n   |\n1  + use core::option::Option::None;\n   |\n\nerror[E0425]: cannot find function, tuple struct or tuple variant `Some` in this scope\n  --> /Users/graysonnocera/.cargo/registry/src/index.crates.io-6f17d22bba15001f/arrayvec-0.7.6/src/arrayvec_impl.rs:68:13\n   |\n68 |             Some(ptr::read(self.as_ptr().add(new_len)))\n   |             ^^^^ not found in this scope\n   |\nhelp: consider importing this tuple variant\n   |\n1  + use core::option::Option::Some;\n   |\n\nerror[E0405]: cannot find trait `Drop` in this scope\n  --> /Users/graysonnocera/.cargo/registry/src/index.crates.io-6f17d22bba15001f/arrayvec-0.7.6/src/arrayvec.rs:49:27\n   |\n49 | impl<T, const CAP: usize> Drop for ArrayVec<T, CAP> {\n   |                           ^^^^ not found in this scope\n   |\nhelp: consider importing this trait\n   |\n2  + use core::ops::Drop;\n   |\n\nerror[E0412]: cannot find type `Result` in this scope\n   --> /Users/graysonnocera/.cargo/registry/src/index.crates.io-6f17d22bba15001f/arrayvec-0.7.6/src/arrayvec.rs:205:47\n    |\n205 |     pub fn try_push(&mut self, element: T) -> Result<(), CapacityError<T>> {\n    |                                               ^^^^^^ not found in this scope\n    |\nhelp: consider importing one of these items\n    |\n2   + use core::fmt::Result;\n    |\n2   + use core::result::Result;\n    |\n\nerror[E0412]: cannot find type `Result` in this scope\n   --> /Users/graysonnocera/.cargo/registry/src/index.crates.io-6f17d22bba15001f/arrayvec-0.7.6/src/arrayvec.rs:309:63\n    |\n309 |     pub fn try_insert(&mut self, index: usize, element: T) -> Result<(), CapacityError<T>> {\n    |                                                               ^^^^^^ not found in this scope\n    |\nhelp: consider importing one of these items\n    |\n2   + use core::fmt::Result;\n    |\n2   + use core::result::Result;\n    |\n\nerror[E0425]: cannot find function, tuple struct or tuple variant `Err` in this scope\n   --> /Users/graysonnocera/.cargo/registry/src/index.crates.io-6f17d22bba15001f/arrayvec-0.7.6/src/arrayvec.rs:314:20\n    |\n314 |             return Err(CapacityError::new(element));\n    |                    ^^^ not found in this scope\n    |\nhelp: consider importing this tuple variant\n    |\n2   + use core::result::Result::Err;\n    |\n\nerror[E0425]: cannot find function, tuple struct or tuple variant `Ok` in this scope\n   --> /Users/graysonnocera/.cargo/registry/src/index.crates.io-6f17d22bba15001f/arrayvec-0.7.6/src/arrayvec.rs:332:9\n    |\n332 |         Ok(())\n    |         ^^ not found in this scope\n    |\nhelp: consider importing this tuple variant\n    |\n2   + use core::result::Result::Ok;\n    |\n\nerror[E0412]: cannot find type `Option` in this scope\n   --> /Users/graysonnocera/.cargo/registry/src/index.crates.io-6f17d22bba15001f/arrayvec-0.7.6/src/arrayvec.rs:349:30\n    |\n349 |     pub fn pop(&mut self) -> Option<T> {\n    |                              ^^^^^^ not found in this scope\n    |\nhelp: consider importing this enum\n    |\n2   + use core::option::Option;\n    |\n\nerror[E0412]: cannot find type `Option` in this scope\n   --> /Users/graysonnocera/.cargo/registry/src/index.crates.io-6f17d22bba15001f/arrayvec-0.7.6/src/arrayvec.rs:396:49\n    |\n396 |     pub fn swap_pop(&mut self, index: usize) -> Option<T> {\n    |                                                 ^^^^^^ not found in this scope\n    |\nhelp: consider importing this enum\n    |\n2   + use core::option::Option;\n    |\n\nerror[E0425]: cannot find value `None` in this scope\n   --> /Users/graysonnocera/.cargo/registry/src/index.crates.io-6f17d22bba15001f/arrayvec-0.7.6/src/arrayvec.rs:399:20\n    |\n399 |             return None;\n    |                    ^^^^ not found in this scope\n    |\nhelp: consider importing this unit variant\n    |\n2   + use core::option::Option::None;\n    |\n\nerror[E0412]: cannot find type `Option` in this scope\n   --> /Users/graysonnocera/.cargo/registry/src/index.crates.io-6f17d22bba15001f/arrayvec-0.7.6/src/arrayvec.rs:443:47\n    |\n443 |     pub fn pop_at(&mut self, index: usize) -> Option<T> {\n    |                                               ^^^^^^ not found in this scope\n    |\nhelp: consider importing this enum\n    |\n2   + use core::option::Option;\n    |\n\nerror[E0425]: cannot find value `None` in this scope\n   --> /Users/graysonnocera/.cargo/registry/src/index.crates.io-6f17d22bba15001f/arrayvec-0.7.6/src/arrayvec.rs:445:13\n    |\n445 |             None\n    |             ^^^^ not found in this scope\n    |\nhelp: consider importing this unit variant\n    |\n2   + use core::option::Option::None;\n    |\n\nerror[E0405]: cannot find trait `FnMut` in this scope\n   --> /Users/graysonnocera/.cargo/registry/src/index.crates.io-6f17d22bba15001f/arrayvec-0.7.6/src/arrayvec.rs:465:18\n    |\n465 |         where F: FnMut(&mut T) -> bool\n    |                  ^^^^^ not found in this scope\n    |\nhelp: consider importing this trait\n    |\n2   + use core::ops::FnMut;\n    |\n\nerror[E0405]: cannot find trait `Drop` in this scope\n   --> /Users/graysonnocera/.cargo/registry/src/index.crates.io-6f17d22bba15001f/arrayvec-0.7.6/src/arrayvec.rs:482:35\n    |\n482 |         impl<T, const CAP: usize> Drop for BackshiftOnDrop<'_, T, CAP> {\n    |                                   ^^^^ not found in this scope\n    |\nhelp: consider importing this trait\n    |\n2   + use core::ops::Drop;\n    |\n\nerror[E0405]: cannot find trait `FnMut` in this scope\n   --> /Users/graysonnocera/.cargo/registry/src/index.crates.io-6f17d22bba15001f/arrayvec-0.7.6/src/arrayvec.rs:502:27\n    |\n502 |         fn process_one<F: FnMut(&mut T) -> bool, T, const CAP: usize, const DELETED: bool>(\n    |                           ^^^^^ not found in this scope\n    |\nhelp: consider importing this trait\n    |\n2   + use core::ops::FnMut;\n    |\n\nerror[E0425]: cannot find function `drop` in this scope\n   --> /Users/graysonnocera/.cargo/registry/src/index.crates.io-6f17d22bba15001f/arrayvec-0.7.6/src/arrayvec.rs:535:9\n    |\n535 |         drop(g);\n    |         ^^^^ not found in this scope\n    |\nhelp: consider importing this function\n    |\n2   + use core::mem::drop;\n    |\n\nerror[E0405]: cannot find trait `Copy` in this scope\n   --> /Users/graysonnocera/.cargo/registry/src/index.crates.io-6f17d22bba15001f/arrayvec-0.7.6/src/arrayvec.rs:570:18\n    |\n570 |         where T: Copy,\n    |                  ^^^^ not found in this scope\n    |\nhelp: consider importing this trait\n    |\n2   + use core::marker::Copy;\n    |\n\nerror[E0412]: cannot find type `Result` in this scope\n   --> /Users/graysonnocera/.cargo/registry/src/index.crates.io-6f17d22bba15001f/arrayvec-0.7.6/src/arrayvec.rs:569:61\n    |\n569 |     pub fn try_extend_from_slice(&mut self, other: &[T]) -> Result<(), CapacityError>\n    |                                                             ^^^^^^ not found in this scope\n    |\nhelp: consider importing one of these items\n    |\n2   + use core::fmt::Result;\n    |\n2   + use core::result::Result;\n    |\n\nerror[E0425]: cannot find function, tuple struct or tuple variant `Err` in this scope\n   --> /Users/graysonnocera/.cargo/registry/src/index.crates.io-6f17d22bba15001f/arrayvec-0.7.6/src/arrayvec.rs:573:20\n    |\n573 |             return Err(CapacityError::new(()));\n    |                    ^^^ not found in this scope\n    |\nhelp: consider importing this tuple variant\n    |\n2   + use core::result::Result::Err;\n    |\n\nerror[E0425]: cannot find function, tuple struct or tuple variant `Ok` in this scope\n   --> /Users/graysonnocera/.cargo/registry/src/index.crates.io-6f17d22bba15001f/arrayvec-0.7.6/src/arrayvec.rs:584:9\n    |\n584 |         Ok(())\n    |         ^^ not found in this scope\n    |\nhelp: consider importing this tuple variant\n    |\n2   + use core::result::Result::Ok;\n    |\n\nerror[E0412]: cannot find type `Result` in this scope\n   --> /Users/graysonnocera/.cargo/registry/src/index.crates.io-6f17d22bba15001f/arrayvec-0.7.6/src/arrayvec.rs:657:32\n    |\n657 |     pub fn into_inner(self) -> Result<[T; CAP], Self> {\n    |                                ^^^^^^ not found in this scope\n    |\nhelp: consider importing one of these items\n    |\n2   + use core::fmt::Result;\n    |\n2   + use core::result::Result;\n    |\n\nerror[E0425]: cannot find function, tuple struct or tuple variant `Err` in this scope\n   --> /Users/graysonnocera/.cargo/registry/src/index.crates.io-6f17d22bba15001f/arrayvec-0.7.6/src/arrayvec.rs:659:13\n    |\n659 |             Err(self)\n    |             ^^^\n    |\nhelp: try calling `Err` as a method\n    |\n659 |             self.Err()\n    |\nhelp: consider importing this tuple variant\n    |\n2   + use core::result::Result::Err;\n    |\n\nerror[E0425]: cannot find function, tuple struct or tuple variant `Ok` in this scope\n   --> /Users/graysonnocera/.cargo/registry/src/index.crates.io-6f17d22bba15001f/arrayvec-0.7.6/src/arrayvec.rs:661:22\n    |\n661 |             unsafe { Ok(self.into_inner_unchecked()) }\n    |                      ^^ not found in this scope\n    |\nhelp: consider importing this tuple variant\n    |\n2   + use core::result::Result::Ok;\n    |\n\nerror[E0405]: cannot find trait `From` in this scope\n   --> /Users/graysonnocera/.cargo/registry/src/index.crates.io-6f17d22bba15001f/arrayvec-0.7.6/src/arrayvec.rs:755:27\n    |\n755 | impl<T, const CAP: usize> From<[T; CAP]> for ArrayVec<T, CAP> {\n    |                           ^^^^ not found in this scope\n    |\nhelp: consider importing this trait\n    |\n2   + use core::convert::From;\n    |\n\nerror[E0405]: cannot find trait `Clone` in this scope\n   --> /Users/graysonnocera/.cargo/registry/src/index.crates.io-6f17d22bba15001f/arrayvec-0.7.6/src/arrayvec.rs:782:14\n    |\n782 |     where T: Clone,\n    |              ^^^^^ not found in this scope\n    |\nhelp: consider importing this trait\n    |\n2   + use core::clone::Clone;\n    |\n\nerror[E0412]: cannot find type `Result` in this scope\n   --> /Users/graysonnocera/.cargo/registry/src/index.crates.io-6f17d22bba15001f/arrayvec-0.7.6/src/arrayvec.rs:786:33\n    |\n786 |     fn try_from(slice: &[T]) -> Result<Self, Self::Error> {\n    |                                 ^^^^^^ not found in this scope\n    |\nhelp: consider importing one of these items\n    |\n2   + use core::fmt::Result;\n    |\n2   + use core::result::Result;\n    |\n\nerror[E0425]: cannot find function, tuple struct or tuple variant `Err` in this scope\n   --> /Users/graysonnocera/.cargo/registry/src/index.crates.io-6f17d22bba15001f/arrayvec-0.7.6/src/arrayvec.rs:788:13\n    |\n788 |             Err(CapacityError::new(()))\n    |             ^^^ not found in this scope\n    |\nhelp: consider importing this tuple variant\n    |\n2   + use core::result::Result::Err;\n    |\n\nerror[E0425]: cannot find function, tuple struct or tuple variant `Ok` in this scope\n   --> /Users/graysonnocera/.cargo/registry/src/index.crates.io-6f17d22bba15001f/arrayvec-0.7.6/src/arrayvec.rs:792:13\n    |\n792 |             Ok(array)\n    |             ^^ not found in this scope\n    |\nhelp: consider importing this tuple variant\n    |\n2   + use core::result::Result::Ok;\n    |\n\nerror[E0405]: cannot find trait `IntoIterator` in this scope\n   --> /Users/graysonnocera/.cargo/registry/src/index.crates.io-6f17d22bba15001f/arrayvec-0.7.6/src/arrayvec.rs:809:35\n    |\n809 | impl<'a, T: 'a, const CAP: usize> IntoIterator for &'a ArrayVec<T, CAP> {\n    |                                   ^^^^^^^^^^^^ not found in this scope\n    |\nhelp: consider importing this trait\n    |\n2   + use core::iter::IntoIterator;\n    |\n\nerror[E0405]: cannot find trait `IntoIterator` in this scope\n   --> /Users/graysonnocera/.cargo/registry/src/index.crates.io-6f17d22bba15001f/arrayvec-0.7.6/src/arrayvec.rs:826:35\n    |\n826 | impl<'a, T: 'a, const CAP: usize> IntoIterator for &'a mut ArrayVec<T, CAP> {\n    |                                   ^^^^^^^^^^^^ not found in this scope\n    |\nhelp: consider importing this trait\n    |\n2   + use core::iter::IntoIterator;\n    |\n\nerror[E0405]: cannot find trait `IntoIterator` in this scope\n   --> /Users/graysonnocera/.cargo/registry/src/index.crates.io-6f17d22bba15001f/arrayvec-0.7.6/src/arrayvec.rs:843:27\n    |\n843 | impl<T, const CAP: usize> IntoIterator for ArrayVec<T, CAP> {\n    |                           ^^^^^^^^^^^^ not found in this scope\n    |\nhelp: consider importing this trait\n    |\n2   + use core::iter::IntoIterator;\n    |\n\nerror[E0405]: cannot find trait `Iterator` in this scope\n   --> /Users/graysonnocera/.cargo/registry/src/index.crates.io-6f17d22bba15001f/arrayvec-0.7.6/src/arrayvec.rs:895:27\n    |\n895 | impl<T, const CAP: usize> Iterator for IntoIter<T, CAP> {\n    |                           ^^^^^^^^ not found in this scope\n    |\nhelp: consider importing this trait\n    |\n2   + use core::iter::Iterator;\n    |\n\nerror[E0412]: cannot find type `Option` in this scope\n   --> /Users/graysonnocera/.cargo/registry/src/index.crates.io-6f17d22bba15001f/arrayvec-0.7.6/src/arrayvec.rs:898:27\n    |\n898 |     fn next(&mut self) -> Option<Self::Item> {\n    |                           ^^^^^^ not found in this scope\n    |\nhelp: consider importing this enum\n    |\n2   + use core::option::Option;\n    |\n\nerror[E0425]: cannot find value `None` in this scope\n   --> /Users/graysonnocera/.cargo/registry/src/index.crates.io-6f17d22bba15001f/arrayvec-0.7.6/src/arrayvec.rs:900:13\n    |\n900 |             None\n    |             ^^^^ not found in this scope\n    |\nhelp: consider importing this unit variant\n    |\n2   + use core::option::Option::None;\n    |\n\nerror[E0425]: cannot find function, tuple struct or tuple variant `Some` in this scope\n   --> /Users/graysonnocera/.cargo/registry/src/index.crates.io-6f17d22bba15001f/arrayvec-0.7.6/src/arrayvec.rs:905:17\n    |\n905 |                 Some(ptr::read(self.v.get_unchecked_ptr(index)))\n    |                 ^^^^ not found in this scope\n    |\nhelp: consider importing this tuple variant\n    |\n2   + use core::option::Option::Some;\n    |\n\nerror[E0412]: cannot find type `Option` in this scope\n   --> /Users/graysonnocera/.cargo/registry/src/index.crates.io-6f17d22bba15001f/arrayvec-0.7.6/src/arrayvec.rs:910:36\n    |\n910 |     fn size_hint(&self) -> (usize, Option<usize>) {\n    |                                    ^^^^^^ not found in this scope\n    |\nhelp: consider importing this enum\n    |\n2   + use core::option::Option;\n    |\n\nerror[E0425]: cannot find function, tuple struct or tuple variant `Some` in this scope\n   --> /Users/graysonnocera/.cargo/registry/src/index.crates.io-6f17d22bba15001f/arrayvec-0.7.6/src/arrayvec.rs:912:15\n    |\n912 |         (len, Some(len))\n    |               ^^^^ not found in this scope\n    |\nhelp: consider importing this tuple variant\n    |\n2   + use core::option::Option::Some;\n    |\n\nerror[E0405]: cannot find trait `DoubleEndedIterator` in this scope\n   --> /Users/graysonnocera/.cargo/registry/src/index.crates.io-6f17d22bba15001f/arrayvec-0.7.6/src/arrayvec.rs:916:27\n    |\n916 | impl<T, const CAP: usize> DoubleEndedIterator for IntoIter<T, CAP> {\n    |                           ^^^^^^^^^^^^^^^^^^^ not found in this scope\n    |\nhelp: consider importing this trait\n    |\n2   + use core::iter::DoubleEndedIterator;\n    |\n\nerror[E0412]: cannot find type `Option` in this scope\n   --> /Users/graysonnocera/.cargo/registry/src/index.crates.io-6f17d22bba15001f/arrayvec-0.7.6/src/arrayvec.rs:917:32\n    |\n917 |     fn next_back(&mut self) -> Option<Self::Item> {\n    |                                ^^^^^^ not found in this scope\n    |\nhelp: consider importing this enum\n    |\n2   + use core::option::Option;\n    |\n\nerror[E0425]: cannot find value `None` in this scope\n   --> /Users/graysonnocera/.cargo/registry/src/index.crates.io-6f17d22bba15001f/arrayvec-0.7.6/src/arrayvec.rs:919:13\n    |\n919 |             None\n    |             ^^^^ not found in this scope\n    |\nhelp: consider importing this unit variant\n    |\n2   + use core::option::Option::None;\n    |\n\nerror[E0425]: cannot find function, tuple struct or tuple variant `Some` in this scope\n   --> /Users/graysonnocera/.cargo/registry/src/index.crates.io-6f17d22bba15001f/arrayvec-0.7.6/src/arrayvec.rs:924:17\n    |\n924 |                 Some(ptr::read(self.v.get_unchecked_ptr(new_len)))\n    |                 ^^^^ not found in this scope\n    |\nhelp: consider importing this tuple variant\n    |\n2   + use core::option::Option::Some;\n    |\n\nerror[E0405]: cannot find trait `ExactSizeIterator` in this scope\n   --> /Users/graysonnocera/.cargo/registry/src/index.crates.io-6f17d22bba15001f/arrayvec-0.7.6/src/arrayvec.rs:930:27\n    |\n930 | impl<T, const CAP: usize> ExactSizeIterator for IntoIter<T, CAP> { }\n    |                           ^^^^^^^^^^^^^^^^^ not found in this scope\n    |\nhelp: consider importing this trait\n    |\n2   + use core::iter::ExactSizeIterator;\n    |\n\nerror[E0405]: cannot find trait `Drop` in this scope\n   --> /Users/graysonnocera/.cargo/registry/src/index.crates.io-6f17d22bba15001f/arrayvec-0.7.6/src/arrayvec.rs:932:27\n    |\n932 | impl<T, const CAP: usize> Drop for IntoIter<T, CAP> {\n    |                           ^^^^ not found in this scope\n    |\nhelp: consider importing this trait\n    |\n2   + use core::ops::Drop;\n    |\n\nerror[E0405]: cannot find trait `Clone` in this scope\n   --> /Users/graysonnocera/.cargo/registry/src/index.crates.io-6f17d22bba15001f/arrayvec-0.7.6/src/arrayvec.rs:947:27\n    |\n947 | impl<T, const CAP: usize> Clone for IntoIter<T, CAP>\n    |                           ^^^^^ not found in this scope\n    |\nhelp: consider importing this trait\n    |\n2   + use core::clone::Clone;\n    |\n\nerror[E0405]: cannot find trait `Clone` in this scope\n   --> /Users/graysonnocera/.cargo/registry/src/index.crates.io-6f17d22bba15001f/arrayvec-0.7.6/src/arrayvec.rs:948:10\n    |\n948 | where T: Clone,\n    |          ^^^^^ not found in this scope\n    |\nhelp: consider importing this trait\n    |\n2   + use core::clone::Clone;\n    |\n\nerror[E0405]: cannot find trait `Sync` in this scope\n   --> /Users/graysonnocera/.cargo/registry/src/index.crates.io-6f17d22bba15001f/arrayvec-0.7.6/src/arrayvec.rs:979:44\n    |\n979 | unsafe impl<'a, T: Sync, const CAP: usize> Sync for Drain<'a, T, CAP> {}\n    |                                            ^^^^ not found in this scope\n    |\nhelp: consider importing this trait\n    |\n2   + use core::marker::Sync;\n    |\n\nerror[E0405]: cannot find trait `Sync` in this scope\n   --> /Users/graysonnocera/.cargo/registry/src/index.crates.io-6f17d22bba15001f/arrayvec-0.7.6/src/arrayvec.rs:979:20\n    |\n979 | unsafe impl<'a, T: Sync, const CAP: usize> Sync for Drain<'a, T, CAP> {}\n    |                    ^^^^ not found in this scope\n    |\nhelp: consider importing this trait\n    |\n2   + use core::marker::Sync;\n    |\n\nerror[E0405]: cannot find trait `Send` in this scope\n   --> /Users/graysonnocera/.cargo/registry/src/index.crates.io-6f17d22bba15001f/arrayvec-0.7.6/src/arrayvec.rs:980:44\n    |\n980 | unsafe impl<'a, T: Send, const CAP: usize> Send for Drain<'a, T, CAP> {}\n    |                                            ^^^^ not found in this scope\n    |\nhelp: consider importing this trait\n    |\n2   + use core::marker::Send;\n    |\n\nerror[E0405]: cannot find trait `Send` in this scope\n   --> /Users/graysonnocera/.cargo/registry/src/index.crates.io-6f17d22bba15001f/arrayvec-0.7.6/src/arrayvec.rs:980:20\n    |\n980 | unsafe impl<'a, T: Send, const CAP: usize> Send for Drain<'a, T, CAP> {}\n    |                    ^^^^ not found in this scope\n    |\nhelp: consider importing this trait\n    |\n2   + use core::marker::Send;\n    |\n\nerror[E0405]: cannot find trait `Iterator` in this scope\n   --> /Users/graysonnocera/.cargo/registry/src/index.crates.io-6f17d22bba15001f/arrayvec-0.7.6/src/arrayvec.rs:982:35\n    |\n982 | impl<'a, T: 'a, const CAP: usize> Iterator for Drain<'a, T, CAP> {\n    |                                   ^^^^^^^^ not found in this scope\n    |\nhelp: consider importing this trait\n    |\n2   + use core::iter::Iterator;\n    |\n\nerror[E0412]: cannot find type `Option` in this scope\n   --> /Users/graysonnocera/.cargo/registry/src/index.crates.io-6f17d22bba15001f/arrayvec-0.7.6/src/arrayvec.rs:985:27\n    |\n985 |     fn next(&mut self) -> Option<Self::Item> {\n    |                           ^^^^^^ not found in this scope\n    |\nhelp: consider importing this enum\n    |\n2   + use core::option::Option;\n    |\n\nerror[E0412]: cannot find type `Option` in this scope\n   --> /Users/graysonnocera/.cargo/registry/src/index.crates.io-6f17d22bba15001f/arrayvec-0.7.6/src/arrayvec.rs:993:36\n    |\n993 |     fn size_hint(&self) -> (usize, Option<usize>) {\n    |                                    ^^^^^^ not found in this scope\n    |\nhelp: consider importing this enum\n    |\n2   + use core::option::Option;\n    |\n\nerror[E0405]: cannot find trait `DoubleEndedIterator` in this scope\n   --> /Users/graysonnocera/.cargo/registry/src/index.crates.io-6f17d22bba15001f/arrayvec-0.7.6/src/arrayvec.rs:998:35\n    |\n998 | impl<'a, T: 'a, const CAP: usize> DoubleEndedIterator for Drain<'a, T, CAP>\n    |                                   ^^^^^^^^^^^^^^^^^^^ not found in this scope\n    |\nhelp: consider importing this trait\n    |\n2   + use core::iter::DoubleEndedIterator;\n    |\n\nerror[E0412]: cannot find type `Option` in this scope\n    --> /Users/graysonnocera/.cargo/registry/src/index.crates.io-6f17d22bba15001f/arrayvec-0.7.6/src/arrayvec.rs:1000:32\n     |\n1000 |     fn next_back(&mut self) -> Option<Self::Item> {\n     |                                ^^^^^^ not found in this scope\n     |\nhelp: consider importing this enum\n     |\n2    + use core::option::Option;\n     |\n\nerror[E0405]: cannot find trait `ExactSizeIterator` in this scope\n    --> /Users/graysonnocera/.cargo/registry/src/index.crates.io-6f17d22bba15001f/arrayvec-0.7.6/src/arrayvec.rs:1009:35\n     |\n1009 | impl<'a, T: 'a, const CAP: usize> ExactSizeIterator for Drain<'a, T, CAP> {}\n     |                                   ^^^^^^^^^^^^^^^^^ not found in this scope\n     |\nhelp: consider importing this trait\n     |\n2    + use core::iter::ExactSizeIterator;\n     |\n\nerror[E0405]: cannot find trait `Drop` in this scope\n    --> /Users/graysonnocera/.cargo/registry/src/index.crates.io-6f17d22bba15001f/arrayvec-0.7.6/src/arrayvec.rs:1011:35\n     |\n1011 | impl<'a, T: 'a, const CAP: usize> Drop for Drain<'a, T, CAP> {\n     |                                   ^^^^ not found in this scope\n     |\nhelp: consider importing this trait\n     |\n2    + use core::ops::Drop;\n     |\n\nerror[E0531]: cannot find tuple struct or tuple variant `Some` in this scope\n    --> /Users/graysonnocera/.cargo/registry/src/index.crates.io-6f17d22bba15001f/arrayvec-0.7.6/src/arrayvec.rs:1016:19\n     |\n1016 |         while let Some(_) = self.next() { }\n     |                   ^^^^ not found in this scope\n     |\nhelp: consider importing this tuple variant\n     |\n2    + use core::option::Option::Some;\n     |\n\nerror[E0405]: cannot find trait `FnMut` in this scope\n    --> /Users/graysonnocera/.cargo/registry/src/index.crates.io-6f17d22bba15001f/arrayvec-0.7.6/src/arrayvec.rs:1033:14\n     |\n1033 |     where F: FnMut(&Data, &mut T)\n     |              ^^^^^ not found in this scope\n     |\nhelp: consider importing this trait\n     |\n2    + use core::ops::FnMut;\n     |\n\nerror[E0405]: cannot find trait `Drop` in this scope\n    --> /Users/graysonnocera/.cargo/registry/src/index.crates.io-6f17d22bba15001f/arrayvec-0.7.6/src/arrayvec.rs:1040:18\n     |\n1040 | impl<T, Data, F> Drop for ScopeExitGuard<T, Data, F>\n     |                  ^^^^ not found in this scope\n     |\nhelp: consider importing this trait\n     |\n2    + use core::ops::Drop;\n     |\n\nerror[E0405]: cannot find trait `FnMut` in this scope\n    --> /Users/graysonnocera/.cargo/registry/src/index.crates.io-6f17d22bba15001f/arrayvec-0.7.6/src/arrayvec.rs:1041:14\n     |\n1041 |     where F: FnMut(&Data, &mut T)\n     |              ^^^^^ not found in this scope\n     |\nhelp: consider importing this trait\n     |\n2    + use core::ops::FnMut;\n     |\n\nerror[E0405]: cannot find trait `Extend` in this scope\n    --> /Users/graysonnocera/.cargo/registry/src/index.crates.io-6f17d22bba15001f/arrayvec-0.7.6/src/arrayvec.rs:1053:27\n     |\n1053 | impl<T, const CAP: usize> Extend<T> for ArrayVec<T, CAP> {\n     |                           ^^^^^^ not found in this scope\n     |\nhelp: consider importing this trait\n     |\n2    + use core::iter::Extend;\n     |\n\nerror[E0405]: cannot find trait `IntoIterator` in this scope\n    --> /Users/graysonnocera/.cargo/registry/src/index.crates.io-6f17d22bba15001f/arrayvec-0.7.6/src/arrayvec.rs:1058:18\n     |\n1058 |     fn extend<I: IntoIterator<Item=T>>(&mut self, iter: I) {\n     |                  ^^^^^^^^^^^^ not found in this scope\n     |\nhelp: consider importing this trait\n     |\n2    + use core::iter::IntoIterator;\n     |\n\nerror[E0405]: cannot find trait `IntoIterator` in this scope\n    --> /Users/graysonnocera/.cargo/registry/src/index.crates.io-6f17d22bba15001f/arrayvec-0.7.6/src/arrayvec.rs:1081:18\n     |\n1081 |         where I: IntoIterator<Item = T>\n     |                  ^^^^^^^^^^^^ not found in this scope\n     |\nhelp: consider importing this trait\n     |\n2    + use core::iter::IntoIterator;\n     |\n\nerror[E0531]: cannot find tuple struct or tuple variant `Some` in this scope\n    --> /Users/graysonnocera/.cargo/registry/src/index.crates.io-6f17d22bba15001f/arrayvec-0.7.6/src/arrayvec.rs:1100:20\n     |\n1100 |             if let Some(elt) = iter.next() {\n     |                    ^^^^ not found in this scope\n     |\nhelp: consider importing this tuple variant\n     |\n2    + use core::option::Option::Some;\n     |\n\nerror[E0405]: cannot find trait `Clone` in this scope\n    --> /Users/graysonnocera/.cargo/registry/src/index.crates.io-6f17d22bba15001f/arrayvec-0.7.6/src/arrayvec.rs:1117:18\n     |\n1117 |         where T: Clone\n     |                  ^^^^^ not found in this scope\n     |\nhelp: consider importing this trait\n     |\n2    + use core::clone::Clone;\n     |\n\nerror[E0405]: cannot find trait `IntoIterator` in this scope\n    --> /Users/graysonnocera/.cargo/registry/src/index.crates.io-6f17d22bba15001f/arrayvec-0.7.6/src/arrayvec.rs:1145:21\n     |\n1145 |     fn from_iter<I: IntoIterator<Item=T>>(iter: I) -> Self {\n     |                     ^^^^^^^^^^^^ not found in this scope\n     |\nhelp: consider importing this trait\n     |\n2    + use core::iter::IntoIterator;\n     |\n\nerror[E0405]: cannot find trait `Clone` in this scope\n    --> /Users/graysonnocera/.cargo/registry/src/index.crates.io-6f17d22bba15001f/arrayvec-0.7.6/src/arrayvec.rs:1152:27\n     |\n1152 | impl<T, const CAP: usize> Clone for ArrayVec<T, CAP>\n     |                           ^^^^^ not found in this scope\n     |\nhelp: consider importing this trait\n     |\n2    + use core::clone::Clone;\n     |\n\nerror[E0405]: cannot find trait `Clone` in this scope\n    --> /Users/graysonnocera/.cargo/registry/src/index.crates.io-6f17d22bba15001f/arrayvec-0.7.6/src/arrayvec.rs:1153:14\n     |\n1153 |     where T: Clone\n     |              ^^^^^ not found in this scope\n     |\nhelp: consider importing this trait\n     |\n2    + use core::clone::Clone;\n     |\n\nerror[E0405]: cannot find trait `PartialEq` in this scope\n    --> /Users/graysonnocera/.cargo/registry/src/index.crates.io-6f17d22bba15001f/arrayvec-0.7.6/src/arrayvec.rs:1182:27\n     |\n1182 | impl<T, const CAP: usize> PartialEq for ArrayVec<T, CAP>\n     |                           ^^^^^^^^^ not found in this scope\n     |\nhelp: consider importing this trait\n     |\n2    + use core::cmp::PartialEq;\n     |\n\nerror[E0405]: cannot find trait `PartialEq` in this scope\n    --> /Users/graysonnocera/.cargo/registry/src/index.crates.io-6f17d22bba15001f/arrayvec-0.7.6/src/arrayvec.rs:1183:14\n     |\n1183 |     where T: PartialEq\n     |              ^^^^^^^^^ not found in this scope\n     |\nhelp: consider importing this trait\n     |\n2    + use core::cmp::PartialEq;\n     |\n\nerror[E0405]: cannot find trait `PartialEq` in this scope\n    --> /Users/graysonnocera/.cargo/registry/src/index.crates.io-6f17d22bba15001f/arrayvec-0.7.6/src/arrayvec.rs:1190:27\n     |\n1190 | impl<T, const CAP: usize> PartialEq<[T]> for ArrayVec<T, CAP>\n     |                           ^^^^^^^^^ not found in this scope\n     |\nhelp: consider importing this trait\n     |\n2    + use core::cmp::PartialEq;\n     |\n\nerror[E0405]: cannot find trait `PartialEq` in this scope\n    --> /Users/graysonnocera/.cargo/registry/src/index.crates.io-6f17d22bba15001f/arrayvec-0.7.6/src/arrayvec.rs:1191:14\n     |\n1191 |     where T: PartialEq\n     |              ^^^^^^^^^ not found in this scope\n     |\nhelp: consider importing this trait\n     |\n2    + use core::cmp::PartialEq;\n     |\n\nerror[E0405]: cannot find trait `Eq` in this scope\n    --> /Users/graysonnocera/.cargo/registry/src/index.crates.io-6f17d22bba15001f/arrayvec-0.7.6/src/arrayvec.rs:1198:27\n     |\n1198 | impl<T, const CAP: usize> Eq for ArrayVec<T, CAP> where T: Eq { }\n     |                           ^^ not found in this scope\n     |\nhelp: consider importing this trait\n     |\n2    + use core::cmp::Eq;\n     |\n\nerror[E0405]: cannot find trait `Eq` in this scope\n    --> /Users/graysonnocera/.cargo/registry/src/index.crates.io-6f17d22bba15001f/arrayvec-0.7.6/src/arrayvec.rs:1198:60\n     |\n1198 | impl<T, const CAP: usize> Eq for ArrayVec<T, CAP> where T: Eq { }\n     |                                                            ^^ not found in this scope\n     |\nhelp: consider importing this trait\n     |\n2    + use core::cmp::Eq;\n     |\n\nerror[E0405]: cannot find trait `AsRef` in this scope\n    --> /Users/graysonnocera/.cargo/registry/src/index.crates.io-6f17d22bba15001f/arrayvec-0.7.6/src/arrayvec.rs:1208:27\n     |\n1208 | impl<T, const CAP: usize> AsRef<[T]> for ArrayVec<T, CAP> {\n     |                           ^^^^^ not found in this scope\n     |\nhelp: consider importing this trait\n     |\n2    + use core::convert::AsRef;\n     |\n\nerror[E0405]: cannot find trait `AsMut` in this scope\n    --> /Users/graysonnocera/.cargo/registry/src/index.crates.io-6f17d22bba15001f/arrayvec-0.7.6/src/arrayvec.rs:1212:27\n     |\n1212 | impl<T, const CAP: usize> AsMut<[T]> for ArrayVec<T, CAP> {\n     |                           ^^^^^ not found in this scope\n     |\nhelp: consider importing this trait\n     |\n2    + use core::convert::AsMut;\n     |\n\nerror[E0405]: cannot find trait `Default` in this scope\n    --> /Users/graysonnocera/.cargo/registry/src/index.crates.io-6f17d22bba15001f/arrayvec-0.7.6/src/arrayvec.rs:1220:27\n     |\n1220 | impl<T, const CAP: usize> Default for ArrayVec<T, CAP> {\n     |                           ^^^^^^^ not found in this scope\n     |\nhelp: consider importing this trait\n     |\n2    + use core::default::Default;\n     |\n\nerror[E0405]: cannot find trait `PartialOrd` in this scope\n    --> /Users/graysonnocera/.cargo/registry/src/index.crates.io-6f17d22bba15001f/arrayvec-0.7.6/src/arrayvec.rs:1227:27\n     |\n1227 | impl<T, const CAP: usize> PartialOrd for ArrayVec<T, CAP> where T: PartialOrd {\n     |                           ^^^^^^^^^^ not found in this scope\n     |\nhelp: consider importing this trait\n     |\n2    + use core::cmp::PartialOrd;\n     |\n\nerror[E0405]: cannot find trait `PartialOrd` in this scope\n    --> /Users/graysonnocera/.cargo/registry/src/index.crates.io-6f17d22bba15001f/arrayvec-0.7.6/src/arrayvec.rs:1227:68\n     |\n1227 | impl<T, const CAP: usize> PartialOrd for ArrayVec<T, CAP> where T: PartialOrd {\n     |                                                                    ^^^^^^^^^^ not found in this scope\n     |\nhelp: consider importing this trait\n     |\n2    + use core::cmp::PartialOrd;\n     |\n\nerror[E0412]: cannot find type `Option` in this scope\n    --> /Users/graysonnocera/.cargo/registry/src/index.crates.io-6f17d22bba15001f/arrayvec-0.7.6/src/arrayvec.rs:1228:44\n     |\n1228 |     fn partial_cmp(&self, other: &Self) -> Option<cmp::Ordering> {\n     |                                            ^^^^^^ not found in this scope\n     |\nhelp: consider importing this enum\n     |\n2    + use core::option::Option;\n     |\n\nerror[E0405]: cannot find trait `Ord` in this scope\n    --> /Users/graysonnocera/.cargo/registry/src/index.crates.io-6f17d22bba15001f/arrayvec-0.7.6/src/arrayvec.rs:1249:27\n     |\n1249 | impl<T, const CAP: usize> Ord for ArrayVec<T, CAP> where T: Ord {\n     |                           ^^^ not found in this scope\n     |\nhelp: consider importing this trait\n     |\n2    + use core::cmp::Ord;\n     |\n\nerror[E0405]: cannot find trait `Ord` in this scope\n    --> /Users/graysonnocera/.cargo/registry/src/index.crates.io-6f17d22bba15001f/arrayvec-0.7.6/src/arrayvec.rs:1249:61\n     |\n1249 | impl<T, const CAP: usize> Ord for ArrayVec<T, CAP> where T: Ord {\n     |                                                             ^^^ not found in this scope\n     |\nhelp: consider importing this trait\n     |\n2    + use core::cmp::Ord;\n     |\n\nerror[E0425]: cannot find function, tuple struct or tuple variant `Ok` in this scope\n    --> /Users/graysonnocera/.cargo/registry/src/index.crates.io-6f17d22bba15001f/arrayvec-0.7.6/src/arrayvec.rs:1264:9\n     |\n1264 |         Ok(len)\n     |         ^^ not found in this scope\n     |\nhelp: consider importing this tuple variant\n     |\n2    + use core::result::Result::Ok;\n     |\n\nerror[E0425]: cannot find function, tuple struct or tuple variant `Ok` in this scope\n    --> /Users/graysonnocera/.cargo/registry/src/index.crates.io-6f17d22bba15001f/arrayvec-0.7.6/src/arrayvec.rs:1266:45\n     |\n1266 |     fn flush(&mut self) -> io::Result<()> { Ok(()) }\n     |                                             ^^ not found in this scope\n     |\nhelp: consider importing this tuple variant\n     |\n2    + use core::result::Result::Ok;\n     |\n\nerror[E0405]: cannot find trait `Default` in this scope\n  --> /Users/graysonnocera/.cargo/registry/src/index.crates.io-6f17d22bba15001f/arrayvec-0.7.6/src/array_string.rs:43:24\n   |\n43 | impl<const CAP: usize> Default for ArrayString<CAP>\n   |                        ^^^^^^^ not found in this scope\n   |\nhelp: consider importing this trait\n   |\n1  + use core::default::Default;\n   |\n\nerror[E0412]: cannot find type `Result` in this scope\n   --> /Users/graysonnocera/.cargo/registry/src/index.crates.io-6f17d22bba15001f/arrayvec-0.7.6/src/array_string.rs:108:29\n    |\n108 |     pub fn from(s: &str) -> Result<Self, CapacityError<&str>> {\n    |                             ^^^^^^ not found in this scope\n    |\nhelp: consider importing one of these items\n    |\n1   + use core::fmt::Result;\n    |\n1   + use core::result::Result;\n    |\n\nerror[E0425]: cannot find function, tuple struct or tuple variant `Ok` in this scope\n   --> /Users/graysonnocera/.cargo/registry/src/index.crates.io-6f17d22bba15001f/arrayvec-0.7.6/src/array_string.rs:111:9\n    |\n111 |         Ok(arraystr)\n    |         ^^ not found in this scope\n    |\nhelp: consider importing this tuple variant\n    |\n1   + use core::result::Result::Ok;\n    |\n\nerror[E0412]: cannot find type `Result` in this scope\n   --> /Users/graysonnocera/.cargo/registry/src/index.crates.io-6f17d22bba15001f/arrayvec-0.7.6/src/array_string.rs:123:47\n    |\n123 |     pub fn from_byte_string(b: &[u8; CAP]) -> Result<Self, Utf8Error> {\n    |                                               ^^^^^^ not found in this scope\n    |\nhelp: consider importing one of these items\n    |\n1   + use core::fmt::Result;\n    |\n1   + use core::result::Result;\n    |\n\nerror[E0425]: cannot find function, tuple struct or tuple variant `Ok` in this scope\n   --> /Users/graysonnocera/.cargo/registry/src/index.crates.io-6f17d22bba15001f/arrayvec-0.7.6/src/array_string.rs:132:9\n    |\n132 |         Ok(vec)\n    |         ^^ not found in this scope\n    |\nhelp: consider importing this tuple variant\n    |\n1   + use core::result::Result::Ok;\n    |\n\nerror[E0412]: cannot find type `Result` in this scope\n   --> /Users/graysonnocera/.cargo/registry/src/index.crates.io-6f17d22bba15001f/arrayvec-0.7.6/src/array_string.rs:230:44\n    |\n230 |     pub fn try_push(&mut self, c: char) -> Result<(), CapacityError<char>> {\n    |                                            ^^^^^^ not found in this scope\n    |\nhelp: consider importing one of these items\n    |\n1   + use core::fmt::Result;\n    |\n1   + use core::result::Result;\n    |\n\nerror[E0531]: cannot find tuple struct or tuple variant `Ok` in this scope\n   --> /Users/graysonnocera/.cargo/registry/src/index.crates.io-6f17d22bba15001f/arrayvec-0.7.6/src/array_string.rs:236:17\n    |\n236 |                 Ok(n) => {\n    |                 ^^ not found in this scope\n    |\nhelp: consider importing this tuple variant\n    |\n1   + use core::result::Result::Ok;\n    |\n\nerror[E0425]: cannot find function, tuple struct or tuple variant `Ok` in this scope\n   --> /Users/graysonnocera/.cargo/registry/src/index.crates.io-6f17d22bba15001f/arrayvec-0.7.6/src/array_string.rs:238:21\n    |\n238 |                     Ok(())\n    |                     ^^ not found in this scope\n    |\nhelp: consider importing this tuple variant\n    |\n1   + use core::result::Result::Ok;\n    |\n\nerror[E0531]: cannot find tuple struct or tuple variant `Err` in this scope\n   --> /Users/graysonnocera/.cargo/registry/src/index.crates.io-6f17d22bba15001f/arrayvec-0.7.6/src/array_string.rs:240:17\n    |\n240 |                 Err(_) => Err(CapacityError::new(c)),\n    |                 ^^^ not found in this scope\n    |\nhelp: consider importing this tuple variant\n    |\n1   + use core::result::Result::Err;\n    |\n\nerror[E0425]: cannot find function, tuple struct or tuple variant `Err` in this scope\n   --> /Users/graysonnocera/.cargo/registry/src/index.crates.io-6f17d22bba15001f/arrayvec-0.7.6/src/array_string.rs:240:27\n    |\n240 |                 Err(_) => Err(CapacityError::new(c)),\n    |                           ^^^ not found in this scope\n    |\nhelp: consider importing this tuple variant\n    |\n1   + use core::result::Result::Err;\n    |\n\nerror[E0412]: cannot find type `Result` in this scope\n   --> /Users/graysonnocera/.cargo/registry/src/index.crates.io-6f17d22bba15001f/arrayvec-0.7.6/src/array_string.rs:284:55\n    |\n284 |     pub fn try_push_str<'a>(&mut self, s: &'a str) -> Result<(), CapacityError<&'a str>> {\n    |                                                       ^^^^^^ not found in this scope\n    |\nhelp: consider importing one of these items\n    |\n1   + use core::fmt::Result;\n    |\n1   + use core::result::Result;\n    |\n\nerror[E0425]: cannot find function, tuple struct or tuple variant `Err` in this scope\n   --> /Users/graysonnocera/.cargo/registry/src/index.crates.io-6f17d22bba15001f/arrayvec-0.7.6/src/array_string.rs:286:20\n    |\n286 |             return Err(CapacityError::new(s));\n    |                    ^^^ not found in this scope\n    |\nhelp: consider importing this tuple variant\n    |\n1   + use core::result::Result::Err;\n    |\n\nerror[E0425]: cannot find function, tuple struct or tuple variant `Ok` in this scope\n   --> /Users/graysonnocera/.cargo/registry/src/index.crates.io-6f17d22bba15001f/arrayvec-0.7.6/src/array_string.rs:295:9\n    |\n295 |         Ok(())\n    |         ^^ not found in this scope\n    |\nhelp: consider importing this tuple variant\n    |\n1   + use core::result::Result::Ok;\n    |\n\nerror[E0412]: cannot find type `Option` in this scope\n   --> /Users/graysonnocera/.cargo/registry/src/index.crates.io-6f17d22bba15001f/arrayvec-0.7.6/src/array_string.rs:313:30\n    |\n313 |     pub fn pop(&mut self) -> Option<char> {\n    |                              ^^^^^^ not found in this scope\n    |\nhelp: consider importing this enum\n    |\n1   + use core::option::Option;\n    |\n\nerror[E0531]: cannot find tuple struct or tuple variant `Some` in this scope\n   --> /Users/graysonnocera/.cargo/registry/src/index.crates.io-6f17d22bba15001f/arrayvec-0.7.6/src/array_string.rs:315:13\n    |\n315 |             Some(ch) => ch,\n    |             ^^^^ not found in this scope\n    |\nhelp: consider importing this tuple variant\n    |\n1   + use core::option::Option::Some;\n    |\n\nerror[E0425]: cannot find function, tuple struct or tuple variant `Some` in this scope\n   --> /Users/graysonnocera/.cargo/registry/src/index.crates.io-6f17d22bba15001f/arrayvec-0.7.6/src/array_string.rs:322:9\n    |\n322 |         Some(ch)\n    |         ^^^^ not found in this scope\n    |\nhelp: consider importing this tuple variant\n    |\n1   + use core::option::Option::Some;\n    |\n\nerror[E0531]: cannot find tuple struct or tuple variant `Some` in this scope\n   --> /Users/graysonnocera/.cargo/registry/src/index.crates.io-6f17d22bba15001f/arrayvec-0.7.6/src/array_string.rs:373:13\n    |\n373 |             Some(ch) => ch,\n    |             ^^^^ not found in this scope\n    |\nhelp: consider importing this tuple variant\n    |\n1   + use core::option::Option::Some;\n    |\n\nerror[E0405]: cannot find trait `PartialEq` in this scope\n   --> /Users/graysonnocera/.cargo/registry/src/index.crates.io-6f17d22bba15001f/arrayvec-0.7.6/src/array_string.rs:455:24\n    |\n455 | impl<const CAP: usize> PartialEq for ArrayString<CAP>\n    |                        ^^^^^^^^^ not found in this scope\n    |\nhelp: consider importing this trait\n    |\n1   + use core::cmp::PartialEq;\n    |\n\nerror[E0405]: cannot find trait `PartialEq` in this scope\n   --> /Users/graysonnocera/.cargo/registry/src/index.crates.io-6f17d22bba15001f/arrayvec-0.7.6/src/array_string.rs:462:24\n    |\n462 | impl<const CAP: usize> PartialEq<str> for ArrayString<CAP>\n    |                        ^^^^^^^^^ not found in this scope\n    |\nhelp: consider importing this trait\n    |\n1   + use core::cmp::PartialEq;\n    |\n\nerror[E0405]: cannot find trait `PartialEq` in this scope\n   --> /Users/graysonnocera/.cargo/registry/src/index.crates.io-6f17d22bba15001f/arrayvec-0.7.6/src/array_string.rs:469:24\n    |\n469 | impl<const CAP: usize> PartialEq<ArrayString<CAP>> for str\n    |                        ^^^^^^^^^ not found in this scope\n    |\nhelp: consider importing this trait\n    |\n1   + use core::cmp::PartialEq;\n    |\n\nerror[E0405]: cannot find trait `Eq` in this scope\n   --> /Users/graysonnocera/.cargo/registry/src/index.crates.io-6f17d22bba15001f/arrayvec-0.7.6/src/array_string.rs:476:24\n    |\n476 | impl<const CAP: usize> Eq for ArrayString<CAP> \n    |                        ^^ not found in this scope\n    |\nhelp: consider importing this trait\n    |\n1   + use core::cmp::Eq;\n    |\n\nerror[E0405]: cannot find trait `AsRef` in this scope\n   --> /Users/graysonnocera/.cargo/registry/src/index.crates.io-6f17d22bba15001f/arrayvec-0.7.6/src/array_string.rs:496:24\n    |\n496 | impl<const CAP: usize> AsRef<str> for ArrayString<CAP>\n    |                        ^^^^^ not found in this scope\n    |\nhelp: consider importing this trait\n    |\n1   + use core::convert::AsRef;\n    |\n\nerror[E0405]: cannot find trait `AsRef` in this scope\n   --> /Users/graysonnocera/.cargo/registry/src/index.crates.io-6f17d22bba15001f/arrayvec-0.7.6/src/array_string.rs:507:24\n    |\n507 | impl<const CAP: usize> AsRef<Path> for ArrayString<CAP> {\n    |                        ^^^^^ not found in this scope\n    |\nhelp: consider importing this trait\n    |\n1   + use core::convert::AsRef;\n    |\n\nerror[E0405]: cannot find trait `Clone` in this scope\n   --> /Users/graysonnocera/.cargo/registry/src/index.crates.io-6f17d22bba15001f/arrayvec-0.7.6/src/array_string.rs:530:24\n    |\n530 | impl<const CAP: usize> Clone for ArrayString<CAP>\n    |                        ^^^^^ not found in this scope\n    |\nhelp: consider importing this trait\n    |\n1   + use core::clone::Clone;\n    |\n\nerror[E0405]: cannot find trait `PartialOrd` in this scope\n   --> /Users/graysonnocera/.cargo/registry/src/index.crates.io-6f17d22bba15001f/arrayvec-0.7.6/src/array_string.rs:542:24\n    |\n542 | impl<const CAP: usize> PartialOrd for ArrayString<CAP>\n    |                        ^^^^^^^^^^ not found in this scope\n    |\nhelp: consider importing this trait\n    |\n1   + use core::cmp::PartialOrd;\n    |\n\nerror[E0412]: cannot find type `Option` in this scope\n   --> /Users/graysonnocera/.cargo/registry/src/index.crates.io-6f17d22bba15001f/arrayvec-0.7.6/src/array_string.rs:544:42\n    |\n544 |     fn partial_cmp(&self, rhs: &Self) -> Option<cmp::Ordering> {\n    |                                          ^^^^^^ not found in this scope\n    |\nhelp: consider importing this enum\n    |\n1   + use core::option::Option;\n    |\n\nerror[E0405]: cannot find trait `PartialOrd` in this scope\n   --> /Users/graysonnocera/.cargo/registry/src/index.crates.io-6f17d22bba15001f/arrayvec-0.7.6/src/array_string.rs:553:24\n    |\n553 | impl<const CAP: usize> PartialOrd<str> for ArrayString<CAP>\n    |                        ^^^^^^^^^^ not found in this scope\n    |\nhelp: consider importing this trait\n    |\n1   + use core::cmp::PartialOrd;\n    |\n\nerror[E0412]: cannot find type `Option` in this scope\n   --> /Users/graysonnocera/.cargo/registry/src/index.crates.io-6f17d22bba15001f/arrayvec-0.7.6/src/array_string.rs:555:41\n    |\n555 |     fn partial_cmp(&self, rhs: &str) -> Option<cmp::Ordering> {\n    |                                         ^^^^^^ not found in this scope\n    |\nhelp: consider importing this enum\n    |\n1   + use core::option::Option;\n    |\n\nerror[E0405]: cannot find trait `PartialOrd` in this scope\n   --> /Users/graysonnocera/.cargo/registry/src/index.crates.io-6f17d22bba15001f/arrayvec-0.7.6/src/array_string.rs:564:24\n    |\n564 | impl<const CAP: usize> PartialOrd<ArrayString<CAP>> for str\n    |                        ^^^^^^^^^^ not found in this scope\n    |\nhelp: consider importing this trait\n    |\n1   + use core::cmp::PartialOrd;\n    |\n\nerror[E0412]: cannot find type `Option` in this scope\n   --> /Users/graysonnocera/.cargo/registry/src/index.crates.io-6f17d22bba15001f/arrayvec-0.7.6/src/array_string.rs:566:54\n    |\n566 |     fn partial_cmp(&self, rhs: &ArrayString<CAP>) -> Option<cmp::Ordering> {\n    |                                                      ^^^^^^ not found in this scope\n    |\nhelp: consider importing this enum\n    |\n1   + use core::option::Option;\n    |\n\nerror[E0405]: cannot find trait `Ord` in this scope\n   --> /Users/graysonnocera/.cargo/registry/src/index.crates.io-6f17d22bba15001f/arrayvec-0.7.6/src/array_string.rs:575:24\n    |\n575 | impl<const CAP: usize> Ord for ArrayString<CAP>\n    |                        ^^^ not found in this scope\n    |\nhelp: consider importing this trait\n    |\n1   + use core::cmp::Ord;\n    |\n\nerror[E0412]: cannot find type `Result` in this scope\n   --> /Users/graysonnocera/.cargo/registry/src/index.crates.io-6f17d22bba15001f/arrayvec-0.7.6/src/array_string.rs:586:29\n    |\n586 |     fn from_str(s: &str) -> Result<Self, Self::Err> {\n    |                             ^^^^^^ not found in this scope\n    |\nhelp: consider importing one of these items\n    |\n1   + use core::fmt::Result;\n    |\n1   + use core::result::Result;\n    |\n\nerror[E0412]: cannot find type `Result` in this scope\n   --> /Users/graysonnocera/.cargo/registry/src/index.crates.io-6f17d22bba15001f/arrayvec-0.7.6/src/array_string.rs:675:32\n    |\n675 |     fn try_from(f: &'a str) -> Result<Self, Self::Error> {\n    |                                ^^^^^^ not found in this scope\n    |\nhelp: consider importing one of these items\n    |\n1   + use core::fmt::Result;\n    |\n1   + use core::result::Result;\n    |\n\nerror[E0425]: cannot find function, tuple struct or tuple variant `Ok` in this scope\n   --> /Users/graysonnocera/.cargo/registry/src/index.crates.io-6f17d22bba15001f/arrayvec-0.7.6/src/array_string.rs:678:9\n    |\n678 |         Ok(v)\n    |         ^^ not found in this scope\n    |\nhelp: consider importing this tuple variant\n    |\n1   + use core::result::Result::Ok;\n    |\n\nerror[E0412]: cannot find type `Result` in this scope\n   --> /Users/graysonnocera/.cargo/registry/src/index.crates.io-6f17d22bba15001f/arrayvec-0.7.6/src/array_string.rs:686:43\n    |\n686 |     fn try_from(f: fmt::Arguments<'a>) -> Result<Self, Self::Error> {\n    |                                           ^^^^^^ not found in this scope\n    |\nhelp: consider importing one of these items\n    |\n1   + use core::fmt::Result;\n    |\n1   + use core::result::Result;\n    |\n\nerror[E0425]: cannot find function, tuple struct or tuple variant `Ok` in this scope\n   --> /Users/graysonnocera/.cargo/registry/src/index.crates.io-6f17d22bba15001f/arrayvec-0.7.6/src/array_string.rs:690:9\n    |\n690 |         Ok(v)\n    |         ^^ not found in this scope\n    |\nhelp: consider importing this tuple variant\n    |\n1   + use core::result::Result::Ok;\n    |\n\nerror[E0412]: cannot find type `Result` in this scope\n  --> /Users/graysonnocera/.cargo/registry/src/index.crates.io-6f17d22bba15001f/arrayvec-0.7.6/src/char.rs:32:66\n   |\n32 | pub unsafe fn encode_utf8(ch: char, ptr: *mut u8, len: usize) -> Result<usize, EncodeUtf8Error>\n   |                                                                  ^^^^^^ not found in this scope\n   |\nhelp: consider importing one of these items\n   |\n14 + use core::fmt::Result;\n   |\n14 + use core::result::Result;\n   |\n\nerror[E0425]: cannot find function, tuple struct or tuple variant `Ok` in this scope\n  --> /Users/graysonnocera/.cargo/registry/src/index.crates.io-6f17d22bba15001f/arrayvec-0.7.6/src/char.rs:37:16\n   |\n37 |         return Ok(1);\n   |                ^^ not found in this scope\n   |\nhelp: consider importing this tuple variant\n   |\n14 + use core::result::Result::Ok;\n   |\n\nerror[E0425]: cannot find function, tuple struct or tuple variant `Ok` in this scope\n  --> /Users/graysonnocera/.cargo/registry/src/index.crates.io-6f17d22bba15001f/arrayvec-0.7.6/src/char.rs:41:16\n   |\n41 |         return Ok(2);\n   |                ^^ not found in this scope\n   |\nhelp: consider importing this tuple variant\n   |\n14 + use core::result::Result::Ok;\n   |\n\nerror[E0425]: cannot find function, tuple struct or tuple variant `Ok` in this scope\n  --> /Users/graysonnocera/.cargo/registry/src/index.crates.io-6f17d22bba15001f/arrayvec-0.7.6/src/char.rs:46:16\n   |\n46 |         return Ok(3);\n   |                ^^ not found in this scope\n   |\nhelp: consider importing this tuple variant\n   |\n14 + use core::result::Result::Ok;\n   |\n\nerror[E0425]: cannot find function, tuple struct or tuple variant `Ok` in this scope\n  --> /Users/graysonnocera/.cargo/registry/src/index.crates.io-6f17d22bba15001f/arrayvec-0.7.6/src/char.rs:52:16\n   |\n52 |         return Ok(4);\n   |                ^^ not found in this scope\n   |\nhelp: consider importing this tuple variant\n   |\n14 + use core::result::Result::Ok;\n   |\n\nerror[E0425]: cannot find function, tuple struct or tuple variant `Err` in this scope\n  --> /Users/graysonnocera/.cargo/registry/src/index.crates.io-6f17d22bba15001f/arrayvec-0.7.6/src/char.rs:54:5\n   |\n54 |     Err(EncodeUtf8Error)\n   |     ^^^ not found in this scope\n   |\nhelp: consider importing this tuple variant\n   |\n14 + use core::result::Result::Err;\n   |\n\nerror[E0531]: cannot find tuple struct or tuple variant `Some` in this scope\n  --> /Users/graysonnocera/.cargo/registry/src/index.crates.io-6f17d22bba15001f/arrayvec-0.7.6/src/char.rs:64:16\n   |\n64 |         if let Some(ch) = std::char::from_u32(codepoint) {\n   |                ^^^^ not found in this scope\n   |\nhelp: consider importing this tuple variant\n   |\n14 + use core::option::Option::Some;\n   |\n\nerror[E0308]: arguments to this function are incorrect\n  --> /Users/graysonnocera/.cargo/registry/src/index.crates.io-6f17d22bba15001f/num-traits-0.2.19/src/ops/euclid.rs:77:17\n   |\n77 |                 <$t>::div_euclid(*self, *v)\n   |                 ^^^^^^^^^^^^^^^^ -----  -- expected `&f32`, found `f32`\n   |                                  |\n   |                                  expected `&f32`, found `f32`\n...\n92 | euclid_forward_impl!(f32 f64);\n   | ----------------------------- in this macro invocation\n   |\nnote: method defined here\n  --> /Users/graysonnocera/.cargo/registry/src/index.crates.io-6f17d22bba15001f/num-traits-0.2.19/src/ops/euclid.rs:23:8\n   |\n23 |     fn div_euclid(&self, v: &Self) -> Self;\n   |        ^^^^^^^^^^\n   = note: this error originates in the macro `euclid_forward_impl` (in Nightly builds, run with -Z macro-backtrace for more info)\nhelp: consider removing deref here\n   |\n77 -                 <$t>::div_euclid(*self, *v)\n77 +                 <$t>::div_euclid(self, *v)\n   |\nhelp: consider removing deref here\n   |\n77 -                 <$t>::div_euclid(*self, *v)\n77 +                 <$t>::div_euclid(*self, v)\n   |\n\nerror[E0308]: arguments to this function are incorrect\n  --> /Users/graysonnocera/.cargo/registry/src/index.crates.io-6f17d22bba15001f/num-traits-0.2.19/src/ops/euclid.rs:82:17\n   |\n82 |                 <$t>::rem_euclid(*self, *v)\n   |                 ^^^^^^^^^^^^^^^^ -----  -- expected `&f32`, found `f32`\n   |                                  |\n   |                                  expected `&f32`, found `f32`\n...\n92 | euclid_forward_impl!(f32 f64);\n   | ----------------------------- in this macro invocation\n   |\nnote: method defined here\n  --> /Users/graysonnocera/.cargo/registry/src/index.crates.io-6f17d22bba15001f/num-traits-0.2.19/src/ops/euclid.rs:48:8\n   |\n48 |     fn rem_euclid(&self, v: &Self) -> Self;\n   |        ^^^^^^^^^^\n   = note: this error originates in the macro `euclid_forward_impl` (in Nightly builds, run with -Z macro-backtrace for more info)\nhelp: consider removing deref here\n   |\n82 -                 <$t>::rem_euclid(*self, *v)\n82 +                 <$t>::rem_euclid(self, *v)\n   |\nhelp: consider removing deref here\n   |\n82 -                 <$t>::rem_euclid(*self, *v)\n82 +                 <$t>::rem_euclid(*self, v)\n   |\n\nerror[E0308]: arguments to this function are incorrect\n  --> /Users/graysonnocera/.cargo/registry/src/index.crates.io-6f17d22bba15001f/num-traits-0.2.19/src/ops/euclid.rs:77:17\n   |\n77 |                 <$t>::div_euclid(*self, *v)\n   |                 ^^^^^^^^^^^^^^^^ -----  -- expected `&f64`, found `f64`\n   |                                  |\n   |                                  expected `&f64`, found `f64`\n...\n92 | euclid_forward_impl!(f32 f64);\n   | ----------------------------- in this macro invocation\n   |\nnote: method defined here\n  --> /Users/graysonnocera/.cargo/registry/src/index.crates.io-6f17d22bba15001f/num-traits-0.2.19/src/ops/euclid.rs:23:8\n   |\n23 |     fn div_euclid(&self, v: &Self) -> Self;\n   |        ^^^^^^^^^^\n   = note: this error originates in the macro `euclid_forward_impl` (in Nightly builds, run with -Z macro-backtrace for more info)\nhelp: consider removing deref here\n   |\n77 -                 <$t>::div_euclid(*self, *v)\n77 +                 <$t>::div_euclid(self, *v)\n   |\nhelp: consider removing deref here\n   |\n77 -                 <$t>::div_euclid(*self, *v)\n77 +                 <$t>::div_euclid(*self, v)\n   |\n\nerror[E0308]: arguments to this function are incorrect\n  --> /Users/graysonnocera/.cargo/registry/src/index.crates.io-6f17d22bba15001f/num-traits-0.2.19/src/ops/euclid.rs:82:17\n   |\n82 |                 <$t>::rem_euclid(*self, *v)\n   |                 ^^^^^^^^^^^^^^^^ -----  -- expected `&f64`, found `f64`\n   |                                  |\n   |                                  expected `&f64`, found `f64`\n...\n92 | euclid_forward_impl!(f32 f64);\n   | ----------------------------- in this macro invocation\n   |\nnote: method defined here\n  --> /Users/graysonnocera/.cargo/registry/src/index.crates.io-6f17d22bba15001f/num-traits-0.2.19/src/ops/euclid.rs:48:8\n   |\n48 |     fn rem_euclid(&self, v: &Self) -> Self;\n   |        ^^^^^^^^^^\n   = note: this error originates in the macro `euclid_forward_impl` (in Nightly builds, run with -Z macro-backtrace for more info)\nhelp: consider removing deref here\n   |\n82 -                 <$t>::rem_euclid(*self, *v)\n82 +                 <$t>::rem_euclid(self, *v)\n   |\nhelp: consider removing deref here\n   |\n82 -                 <$t>::rem_euclid(*self, *v)\n82 +                 <$t>::rem_euclid(*self, v)\n   |\n\nerror: requires `receiver` lang_item\n  --> /Users/graysonnocera/.cargo/registry/src/index.crates.io-6f17d22bba15001f/arrayvec-0.7.6/src/arrayvec_impl.rs:12:12\n   |\n12 |     fn len(&self) -> usize;\n   |            ^^^^^\n\nerror: requires `receiver` lang_item\n  --> /Users/graysonnocera/.cargo/registry/src/index.crates.io-6f17d22bba15001f/arrayvec-0.7.6/src/arrayvec_impl.rs:14:23\n   |\n14 |     unsafe fn set_len(&mut self, new_len: usize);\n   |                       ^^^^^^^^^\n\nerror: requires `receiver` lang_item\n  --> /Users/graysonnocera/.cargo/registry/src/index.crates.io-6f17d22bba15001f/arrayvec-0.7.6/src/arrayvec_impl.rs:17:17\n   |\n17 |     fn as_slice(&self) -> &[Self::Item] {\n   |                 ^^^^^\n\nerror: requires `receiver` lang_item\n  --> /Users/graysonnocera/.cargo/registry/src/index.crates.io-6f17d22bba15001f/arrayvec-0.7.6/src/arrayvec_impl.rs:25:21\n   |\n25 |     fn as_mut_slice(&mut self) -> &mut [Self::Item] {\n   |                     ^^^^^^^^^\n\nerror: requires `receiver` lang_item\n  --> /Users/graysonnocera/.cargo/registry/src/index.crates.io-6f17d22bba15001f/arrayvec-0.7.6/src/arrayvec_impl.rs:33:15\n   |\n33 |     fn as_ptr(&self) -> *const Self::Item;\n   |               ^^^^^\n\nerror: requires `receiver` lang_item\n  --> /Users/graysonnocera/.cargo/registry/src/index.crates.io-6f17d22bba15001f/arrayvec-0.7.6/src/arrayvec_impl.rs:36:19\n   |\n36 |     fn as_mut_ptr(&mut self) -> *mut Self::Item;\n   |                   ^^^^^^^^^\n\nerror: requires `receiver` lang_item\n  --> /Users/graysonnocera/.cargo/registry/src/index.crates.io-6f17d22bba15001f/arrayvec-0.7.6/src/arrayvec_impl.rs:39:13\n   |\n39 |     fn push(&mut self, element: Self::Item) {\n   |             ^^^^^^^^^\n\nerror: requires `receiver` lang_item\n  --> /Users/graysonnocera/.cargo/registry/src/index.crates.io-6f17d22bba15001f/arrayvec-0.7.6/src/arrayvec_impl.rs:43:17\n   |\n43 |     fn try_push(&mut self, element: Self::Item) -> Result<(), CapacityError<Self::Item>> {\n   |                 ^^^^^^^^^\n\nerror: requires `receiver` lang_item\n  --> /Users/graysonnocera/.cargo/registry/src/index.crates.io-6f17d22bba15001f/arrayvec-0.7.6/src/arrayvec_impl.rs:54:30\n   |\n54 |     unsafe fn push_unchecked(&mut self, element: Self::Item) {\n   |                              ^^^^^^^^^\n\nerror: requires `receiver` lang_item\n  --> /Users/graysonnocera/.cargo/registry/src/index.crates.io-6f17d22bba15001f/arrayvec-0.7.6/src/arrayvec_impl.rs:61:12\n   |\n61 |     fn pop(&mut self) -> Option<Self::Item> {\n   |            ^^^^^^^^^\n\nerror: requires `receiver` lang_item\n  --> /Users/graysonnocera/.cargo/registry/src/index.crates.io-6f17d22bba15001f/arrayvec-0.7.6/src/arrayvec_impl.rs:72:14\n   |\n72 |     fn clear(&mut self) {\n   |              ^^^^^^^^^\n\nerror: requires `receiver` lang_item\n  --> /Users/graysonnocera/.cargo/registry/src/index.crates.io-6f17d22bba15001f/arrayvec-0.7.6/src/arrayvec_impl.rs:76:17\n   |\n76 |     fn truncate(&mut self, new_len: usize) {\n   |                 ^^^^^^^^^\n\nerror: requires `sized` lang_item\n\nerror[E0223]: ambiguous associated type\n   --> /Users/graysonnocera/.cargo/registry/src/index.crates.io-6f17d22bba15001f/arrayvec-0.7.6/src/arrayvec.rs:733:25\n    |\n733 |     fn deref(&self) -> &Self::Target {\n    |                         ^^^^^^^^^^^^\n    |\nhelp: if there were a trait named `Example` with associated type `Target` implemented for `ArrayVec<T, CAP>`, you could use the fully-qualified path\n    |\n733 |     fn deref(&self) -> &<ArrayVec<T, CAP> as Example>::Target {\n    |                         ~~~~~~~~~~~~~~~~~~~~~~~~~~~~~~~~~~~~~\n\nerror[E0223]: ambiguous associated type\n   --> /Users/graysonnocera/.cargo/registry/src/index.crates.io-6f17d22bba15001f/arrayvec-0.7.6/src/arrayvec.rs:740:37\n    |\n740 |     fn deref_mut(&mut self) -> &mut Self::Target {\n    |                                     ^^^^^^^^^^^^\n    |\nhelp: if there were a trait named `Example` with associated type `Target` implemented for `ArrayVec<T, CAP>`, you could use the fully-qualified path\n    |\n740 |     fn deref_mut(&mut self) -> &mut <ArrayVec<T, CAP> as Example>::Target {\n    |                                     ~~~~~~~~~~~~~~~~~~~~~~~~~~~~~~~~~~~~~\n\nerror[E0223]: ambiguous associated type\n   --> /Users/graysonnocera/.cargo/registry/src/index.crates.io-6f17d22bba15001f/arrayvec-0.7.6/src/arrayvec.rs:812:27\n    |\n812 |     fn into_iter(self) -> Self::IntoIter { self.iter() }\n    |                           ^^^^^^^^^^^^^^ help: use fully-qualified syntax: `<&'a ArrayVec<T, CAP> as core::iter::IntoIterator>::IntoIter`\n\nerror[E0223]: ambiguous associated type\n   --> /Users/graysonnocera/.cargo/registry/src/index.crates.io-6f17d22bba15001f/arrayvec-0.7.6/src/arrayvec.rs:829:27\n    |\n829 |     fn into_iter(self) -> Self::IntoIter { self.iter_mut() }\n    |                           ^^^^^^^^^^^^^^ help: use fully-qualified syntax: `<&'a mut ArrayVec<T, CAP> as core::iter::IntoIterator>::IntoIter`\n\nerror: requires `sized` lang_item\n --> /Users/graysonnocera/.cargo/registry/src/index.crates.io-6f17d22bba15001f/arrayvec-0.7.6/src/utils.rs:9:5\n  |\n9 |     pub(crate) const ARRAY: [MaybeUninit<T>; N] = [Self::VALUE; N];\n  |     ^^^^^^^^^^^^^^^^^^^^^^^^^^^^^^^^^^^^^^^^^^^^^^^^^^^^^^^^^^^^^^^\n\nSome errors have detailed explanations: E0223, E0405, E0412, E0425, E0432, E0463, E0531.\nFor more information about an error, try `rustc --explain E0223`.\nerror: could not compile `arrayvec` (lib) due to 221 previous errors\nSome errors have detailed explanations: E0034, E0308, E0463.\nFor more information about an error, try `rustc --explain E0034`.\nerror: could not compile `num-traits` (lib) due to 37 previous errors\n",
      "stdout": ""
    },
    "features": [
      "nostd"
    ],
    "project": "../../../Downloads/695-Project/dataset/nostd-failed-crates/crates/eva-common-0.3.39/src",
    "time_to_build": 1315,
    "time_to_solve": 423
  }
]