[
  {
    "built_with_features": "alloc",
    "command": {
      "args": [
        "build",
        "--target",
        "thumbv7m-none-eabi",
        "--no-default-features",
        "--features",
        "alloc"
      ],
      "code": 101,
      "stderr": "warning: no edition set: defaulting to the 2015 edition while the latest is 2021\n   Compiling log v0.4.17\nerror[E0463]: can't find crate for `std`\n  |\n  = note: the `thumbv7m-none-eabi` target may not support the standard library\n  = note: `std` is required by `log` because it does not declare `#![no_std]`\n\nerror: cannot find attribute `derive` in this scope\n   --> /Users/graysonnocera/.cargo/registry/src/index.crates.io-6f17d22bba15001f/log-0.4.17/src/lib.rs:424:3\n    |\n424 | #[derive(Copy, Eq, Debug, Hash)]\n    |   ^^^^^^\n\nerror: cannot find attribute `derive` in this scope\n   --> /Users/graysonnocera/.cargo/registry/src/index.crates.io-6f17d22bba15001f/log-0.4.17/src/lib.rs:640:3\n    |\n640 | #[derive(Copy, Eq, Debug, Hash)]\n    |   ^^^^^^\n\nerror: cannot find attribute `derive` in this scope\n   --> /Users/graysonnocera/.cargo/registry/src/index.crates.io-6f17d22bba15001f/log-0.4.17/src/lib.rs:812:3\n    |\n812 | #[derive(Copy, Clone, Eq, PartialEq, Ord, PartialOrd, Hash, Debug)]\n    |   ^^^^^^\n\nerror: cannot find attribute `derive` in this scope\n   --> /Users/graysonnocera/.cargo/registry/src/index.crates.io-6f17d22bba15001f/log-0.4.17/src/lib.rs:873:3\n    |\n873 | #[derive(Clone, Debug)]\n    |   ^^^^^^\n\nerror: cannot find attribute `derive` in this scope\n    --> /Users/graysonnocera/.cargo/registry/src/index.crates.io-6f17d22bba15001f/log-0.4.17/src/lib.rs:1034:3\n     |\n1034 | #[derive(Debug)]\n     |   ^^^^^^\n\nerror: cannot find macro `format_args` in this scope\n    --> /Users/graysonnocera/.cargo/registry/src/index.crates.io-6f17d22bba15001f/log-0.4.17/src/lib.rs:1056:23\n     |\n1056 |                 args: format_args!(\"\"),\n     |                       ^^^^^^^^^^^\n\nerror: cannot find attribute `derive` in this scope\n    --> /Users/graysonnocera/.cargo/registry/src/index.crates.io-6f17d22bba15001f/log-0.4.17/src/lib.rs:1183:3\n     |\n1183 | #[derive(Clone, Eq, PartialEq, Ord, PartialOrd, Hash, Debug)]\n     |   ^^^^^^\n\nerror: cannot find attribute `derive` in this scope\n    --> /Users/graysonnocera/.cargo/registry/src/index.crates.io-6f17d22bba15001f/log-0.4.17/src/lib.rs:1225:3\n     |\n1225 | #[derive(Eq, PartialEq, Ord, PartialOrd, Hash, Debug)]\n     |   ^^^^^^\n\nerror: cannot find macro `unreachable` in this scope\n    --> /Users/graysonnocera/.cargo/registry/src/index.crates.io-6f17d22bba15001f/log-0.4.17/src/lib.rs:1530:13\n     |\n1530 |             unreachable!(\"set_logger_racy must not be used with other initialization functions\")\n     |             ^^^^^^^^^^^\n\nerror: cannot find attribute `derive` in this scope\n    --> /Users/graysonnocera/.cargo/registry/src/index.crates.io-6f17d22bba15001f/log-0.4.17/src/lib.rs:1540:3\n     |\n1540 | #[derive(Debug)]\n     |   ^^^^^^\n\nerror: cannot find attribute `derive` in this scope\n    --> /Users/graysonnocera/.cargo/registry/src/index.crates.io-6f17d22bba15001f/log-0.4.17/src/lib.rs:1557:3\n     |\n1557 | #[derive(Debug, PartialEq)]\n     |   ^^^^^^\n\nerror: cannot find macro `panic` in this scope\n    --> /Users/graysonnocera/.cargo/registry/src/index.crates.io-6f17d22bba15001f/log-0.4.17/src/lib.rs:1592:9\n     |\n1592 |         panic!(\n     |         ^^^^^\n\nerror[E0405]: cannot find trait `Clone` in this scope\n   --> /Users/graysonnocera/.cargo/registry/src/index.crates.io-6f17d22bba15001f/log-0.4.17/src/lib.rs:451:6\n    |\n451 | impl Clone for Level {\n    |      ^^^^^ not found in this scope\n\nerror[E0405]: cannot find trait `PartialEq` in this scope\n   --> /Users/graysonnocera/.cargo/registry/src/index.crates.io-6f17d22bba15001f/log-0.4.17/src/lib.rs:458:6\n    |\n458 | impl PartialEq for Level {\n    |      ^^^^^^^^^ not found in this scope\n\nerror[E0405]: cannot find trait `PartialEq` in this scope\n   --> /Users/graysonnocera/.cargo/registry/src/index.crates.io-6f17d22bba15001f/log-0.4.17/src/lib.rs:465:6\n    |\n465 | impl PartialEq<LevelFilter> for Level {\n    |      ^^^^^^^^^ not found in this scope\n\nerror[E0405]: cannot find trait `PartialOrd` in this scope\n   --> /Users/graysonnocera/.cargo/registry/src/index.crates.io-6f17d22bba15001f/log-0.4.17/src/lib.rs:472:6\n    |\n472 | impl PartialOrd for Level {\n    |      ^^^^^^^^^^ not found in this scope\n\nerror[E0412]: cannot find type `Option` in this scope\n   --> /Users/graysonnocera/.cargo/registry/src/index.crates.io-6f17d22bba15001f/log-0.4.17/src/lib.rs:474:45\n    |\n474 |     fn partial_cmp(&self, other: &Level) -> Option<cmp::Ordering> {\n    |                                             ^^^^^^ not found in this scope\n\nerror[E0405]: cannot find trait `PartialOrd` in this scope\n   --> /Users/graysonnocera/.cargo/registry/src/index.crates.io-6f17d22bba15001f/log-0.4.17/src/lib.rs:499:6\n    |\n499 | impl PartialOrd<LevelFilter> for Level {\n    |      ^^^^^^^^^^ not found in this scope\n\nerror[E0412]: cannot find type `Option` in this scope\n   --> /Users/graysonnocera/.cargo/registry/src/index.crates.io-6f17d22bba15001f/log-0.4.17/src/lib.rs:501:51\n    |\n501 |     fn partial_cmp(&self, other: &LevelFilter) -> Option<cmp::Ordering> {\n    |                                                   ^^^^^^ not found in this scope\n\nerror[E0405]: cannot find trait `Ord` in this scope\n   --> /Users/graysonnocera/.cargo/registry/src/index.crates.io-6f17d22bba15001f/log-0.4.17/src/lib.rs:526:6\n    |\n526 | impl Ord for Level {\n    |      ^^^ not found in this scope\n\nerror[E0412]: cannot find type `Option` in this scope\n   --> /Users/graysonnocera/.cargo/registry/src/index.crates.io-6f17d22bba15001f/log-0.4.17/src/lib.rs:533:19\n    |\n533 | fn ok_or<T, E>(t: Option<T>, e: E) -> Result<T, E> {\n    |                   ^^^^^^ not found in this scope\n\nerror[E0412]: cannot find type `Result` in this scope\n   --> /Users/graysonnocera/.cargo/registry/src/index.crates.io-6f17d22bba15001f/log-0.4.17/src/lib.rs:533:39\n    |\n533 | fn ok_or<T, E>(t: Option<T>, e: E) -> Result<T, E> {\n    |                                       ^^^^^^ not found in this scope\n\nerror[E0531]: cannot find tuple struct or tuple variant `Some` in this scope\n   --> /Users/graysonnocera/.cargo/registry/src/index.crates.io-6f17d22bba15001f/log-0.4.17/src/lib.rs:535:9\n    |\n535 |         Some(t) => Ok(t),\n    |         ^^^^ not found in this scope\n\nerror[E0412]: cannot find type `Result` in this scope\n   --> /Users/graysonnocera/.cargo/registry/src/index.crates.io-6f17d22bba15001f/log-0.4.17/src/lib.rs:561:33\n    |\n561 |     fn from_str(level: &str) -> Result<Level, Self::Err> {\n    |                                 ^^^^^^ not found in this scope\n\nerror[E0412]: cannot find type `Option` in this scope\n   --> /Users/graysonnocera/.cargo/registry/src/index.crates.io-6f17d22bba15001f/log-0.4.17/src/lib.rs:582:32\n    |\n582 |     fn from_usize(u: usize) -> Option<Level> {\n    |                                ^^^^^^ not found in this scope\n\nerror[E0425]: cannot find value `None` in this scope\n   --> /Users/graysonnocera/.cargo/registry/src/index.crates.io-6f17d22bba15001f/log-0.4.17/src/lib.rs:589:18\n    |\n589 |             _ => None,\n    |                  ^^^^ not found in this scope\n\nerror[E0405]: cannot find trait `Iterator` in this scope\n   --> /Users/graysonnocera/.cargo/registry/src/index.crates.io-6f17d22bba15001f/log-0.4.17/src/lib.rs:626:27\n    |\n626 |     pub fn iter() -> impl Iterator<Item = Self> {\n    |                           ^^^^^^^^ not found in this scope\n\nerror[E0405]: cannot find trait `Clone` in this scope\n   --> /Users/graysonnocera/.cargo/registry/src/index.crates.io-6f17d22bba15001f/log-0.4.17/src/lib.rs:658:6\n    |\n658 | impl Clone for LevelFilter {\n    |      ^^^^^ not found in this scope\n\nerror[E0405]: cannot find trait `PartialEq` in this scope\n   --> /Users/graysonnocera/.cargo/registry/src/index.crates.io-6f17d22bba15001f/log-0.4.17/src/lib.rs:665:6\n    |\n665 | impl PartialEq for LevelFilter {\n    |      ^^^^^^^^^ not found in this scope\n\nerror[E0405]: cannot find trait `PartialEq` in this scope\n   --> /Users/graysonnocera/.cargo/registry/src/index.crates.io-6f17d22bba15001f/log-0.4.17/src/lib.rs:672:6\n    |\n672 | impl PartialEq<Level> for LevelFilter {\n    |      ^^^^^^^^^ not found in this scope\n\nerror[E0405]: cannot find trait `PartialOrd` in this scope\n   --> /Users/graysonnocera/.cargo/registry/src/index.crates.io-6f17d22bba15001f/log-0.4.17/src/lib.rs:679:6\n    |\n679 | impl PartialOrd for LevelFilter {\n    |      ^^^^^^^^^^ not found in this scope\n\nerror[E0412]: cannot find type `Option` in this scope\n   --> /Users/graysonnocera/.cargo/registry/src/index.crates.io-6f17d22bba15001f/log-0.4.17/src/lib.rs:681:51\n    |\n681 |     fn partial_cmp(&self, other: &LevelFilter) -> Option<cmp::Ordering> {\n    |                                                   ^^^^^^ not found in this scope\n\nerror[E0405]: cannot find trait `PartialOrd` in this scope\n   --> /Users/graysonnocera/.cargo/registry/src/index.crates.io-6f17d22bba15001f/log-0.4.17/src/lib.rs:706:6\n    |\n706 | impl PartialOrd<Level> for LevelFilter {\n    |      ^^^^^^^^^^ not found in this scope\n\nerror[E0412]: cannot find type `Option` in this scope\n   --> /Users/graysonnocera/.cargo/registry/src/index.crates.io-6f17d22bba15001f/log-0.4.17/src/lib.rs:708:45\n    |\n708 |     fn partial_cmp(&self, other: &Level) -> Option<cmp::Ordering> {\n    |                                             ^^^^^^ not found in this scope\n\nerror[E0405]: cannot find trait `Ord` in this scope\n   --> /Users/graysonnocera/.cargo/registry/src/index.crates.io-6f17d22bba15001f/log-0.4.17/src/lib.rs:733:6\n    |\n733 | impl Ord for LevelFilter {\n    |      ^^^ not found in this scope\n\nerror[E0412]: cannot find type `Result` in this scope\n   --> /Users/graysonnocera/.cargo/registry/src/index.crates.io-6f17d22bba15001f/log-0.4.17/src/lib.rs:742:33\n    |\n742 |     fn from_str(level: &str) -> Result<LevelFilter, Self::Err> {\n    |                                 ^^^^^^ not found in this scope\n\nerror[E0412]: cannot find type `Option` in this scope\n   --> /Users/graysonnocera/.cargo/registry/src/index.crates.io-6f17d22bba15001f/log-0.4.17/src/lib.rs:760:32\n    |\n760 |     fn from_usize(u: usize) -> Option<LevelFilter> {\n    |                                ^^^^^^ not found in this scope\n\nerror[E0425]: cannot find value `None` in this scope\n   --> /Users/graysonnocera/.cargo/registry/src/index.crates.io-6f17d22bba15001f/log-0.4.17/src/lib.rs:768:18\n    |\n768 |             _ => None,\n    |                  ^^^^ not found in this scope\n\nerror[E0412]: cannot find type `Option` in this scope\n   --> /Users/graysonnocera/.cargo/registry/src/index.crates.io-6f17d22bba15001f/log-0.4.17/src/lib.rs:782:31\n    |\n782 |     pub fn to_level(&self) -> Option<Level> {\n    |                               ^^^^^^ not found in this scope\n\nerror[E0405]: cannot find trait `Iterator` in this scope\n   --> /Users/graysonnocera/.cargo/registry/src/index.crates.io-6f17d22bba15001f/log-0.4.17/src/lib.rs:807:27\n    |\n807 |     pub fn iter() -> impl Iterator<Item = Self> {\n    |                           ^^^^^^^^ not found in this scope\n\nerror[E0412]: cannot find type `Option` in this scope\n   --> /Users/graysonnocera/.cargo/registry/src/index.crates.io-6f17d22bba15001f/log-0.4.17/src/lib.rs:877:18\n    |\n877 |     module_path: Option<MaybeStaticStr<'a>>,\n    |                  ^^^^^^ not found in this scope\n\nerror[E0412]: cannot find type `Option` in this scope\n   --> /Users/graysonnocera/.cargo/registry/src/index.crates.io-6f17d22bba15001f/log-0.4.17/src/lib.rs:878:11\n    |\n878 |     file: Option<MaybeStaticStr<'a>>,\n    |           ^^^^^^ not found in this scope\n\nerror[E0412]: cannot find type `Option` in this scope\n   --> /Users/graysonnocera/.cargo/registry/src/index.crates.io-6f17d22bba15001f/log-0.4.17/src/lib.rs:879:11\n    |\n879 |     line: Option<u32>,\n    |           ^^^^^^ not found in this scope\n\nerror[E0412]: cannot find type `Option` in this scope\n   --> /Users/graysonnocera/.cargo/registry/src/index.crates.io-6f17d22bba15001f/log-0.4.17/src/lib.rs:934:34\n    |\n934 |     pub fn module_path(&self) -> Option<&'a str> {\n    |                                  ^^^^^^ not found in this scope\n\nerror[E0412]: cannot find type `Option` in this scope\n   --> /Users/graysonnocera/.cargo/registry/src/index.crates.io-6f17d22bba15001f/log-0.4.17/src/lib.rs:940:41\n    |\n940 |     pub fn module_path_static(&self) -> Option<&'static str> {\n    |                                         ^^^^^^ not found in this scope\n\nerror[E0531]: cannot find tuple struct or tuple variant `Some` in this scope\n   --> /Users/graysonnocera/.cargo/registry/src/index.crates.io-6f17d22bba15001f/log-0.4.17/src/lib.rs:942:13\n    |\n942 |             Some(MaybeStaticStr::Static(s)) => Some(s),\n    |             ^^^^ not found in this scope\n\nerror[E0425]: cannot find value `None` in this scope\n   --> /Users/graysonnocera/.cargo/registry/src/index.crates.io-6f17d22bba15001f/log-0.4.17/src/lib.rs:943:18\n    |\n943 |             _ => None,\n    |                  ^^^^ not found in this scope\n\nerror[E0412]: cannot find type `Option` in this scope\n   --> /Users/graysonnocera/.cargo/registry/src/index.crates.io-6f17d22bba15001f/log-0.4.17/src/lib.rs:949:27\n    |\n949 |     pub fn file(&self) -> Option<&'a str> {\n    |                           ^^^^^^ not found in this scope\n\nerror[E0412]: cannot find type `Option` in this scope\n   --> /Users/graysonnocera/.cargo/registry/src/index.crates.io-6f17d22bba15001f/log-0.4.17/src/lib.rs:955:34\n    |\n955 |     pub fn file_static(&self) -> Option<&'static str> {\n    |                                  ^^^^^^ not found in this scope\n\nerror[E0531]: cannot find tuple struct or tuple variant `Some` in this scope\n   --> /Users/graysonnocera/.cargo/registry/src/index.crates.io-6f17d22bba15001f/log-0.4.17/src/lib.rs:957:13\n    |\n957 |             Some(MaybeStaticStr::Static(s)) => Some(s),\n    |             ^^^^ not found in this scope\n\nerror[E0425]: cannot find value `None` in this scope\n   --> /Users/graysonnocera/.cargo/registry/src/index.crates.io-6f17d22bba15001f/log-0.4.17/src/lib.rs:958:18\n    |\n958 |             _ => None,\n    |                  ^^^^ not found in this scope\n\nerror[E0412]: cannot find type `Option` in this scope\n   --> /Users/graysonnocera/.cargo/registry/src/index.crates.io-6f17d22bba15001f/log-0.4.17/src/lib.rs:964:27\n    |\n964 |     pub fn line(&self) -> Option<u32> {\n    |                           ^^^^^^ not found in this scope\n\nerror[E0425]: cannot find value `None` in this scope\n    --> /Users/graysonnocera/.cargo/registry/src/index.crates.io-6f17d22bba15001f/log-0.4.17/src/lib.rs:1058:30\n     |\n1058 |                 module_path: None,\n     |                              ^^^^ not found in this scope\n\nerror[E0425]: cannot find value `None` in this scope\n    --> /Users/graysonnocera/.cargo/registry/src/index.crates.io-6f17d22bba15001f/log-0.4.17/src/lib.rs:1059:23\n     |\n1059 |                 file: None,\n     |                       ^^^^ not found in this scope\n\nerror[E0425]: cannot find value `None` in this scope\n    --> /Users/graysonnocera/.cargo/registry/src/index.crates.io-6f17d22bba15001f/log-0.4.17/src/lib.rs:1060:23\n     |\n1060 |                 line: None,\n     |                       ^^^^ not found in this scope\n\nerror[E0412]: cannot find type `Option` in this scope\n    --> /Users/graysonnocera/.cargo/registry/src/index.crates.io-6f17d22bba15001f/log-0.4.17/src/lib.rs:1097:41\n     |\n1097 |     pub fn module_path(&mut self, path: Option<&'a str>) -> &mut RecordBuilder<'a> {\n     |                                         ^^^^^^ not found in this scope\n\nerror[E0412]: cannot find type `Option` in this scope\n    --> /Users/graysonnocera/.cargo/registry/src/index.crates.io-6f17d22bba15001f/log-0.4.17/src/lib.rs:1104:48\n     |\n1104 |     pub fn module_path_static(&mut self, path: Option<&'static str>) -> &mut RecordBuilder<'a> {\n     |                                                ^^^^^^ not found in this scope\n\nerror[E0412]: cannot find type `Option` in this scope\n    --> /Users/graysonnocera/.cargo/registry/src/index.crates.io-6f17d22bba15001f/log-0.4.17/src/lib.rs:1111:34\n     |\n1111 |     pub fn file(&mut self, file: Option<&'a str>) -> &mut RecordBuilder<'a> {\n     |                                  ^^^^^^ not found in this scope\n\nerror[E0412]: cannot find type `Option` in this scope\n    --> /Users/graysonnocera/.cargo/registry/src/index.crates.io-6f17d22bba15001f/log-0.4.17/src/lib.rs:1118:41\n     |\n1118 |     pub fn file_static(&mut self, file: Option<&'static str>) -> &mut RecordBuilder<'a> {\n     |                                         ^^^^^^ not found in this scope\n\nerror[E0412]: cannot find type `Option` in this scope\n    --> /Users/graysonnocera/.cargo/registry/src/index.crates.io-6f17d22bba15001f/log-0.4.17/src/lib.rs:1125:34\n     |\n1125 |     pub fn line(&mut self, line: Option<u32>) -> &mut RecordBuilder<'a> {\n     |                                  ^^^^^^ not found in this scope\n\nerror[E0405]: cannot find trait `Sync` in this scope\n    --> /Users/graysonnocera/.cargo/registry/src/index.crates.io-6f17d22bba15001f/log-0.4.17/src/lib.rs:1269:16\n     |\n1269 | pub trait Log: Sync + Send {\n     |                ^^^^ not found in this scope\n\nerror[E0405]: cannot find trait `Send` in this scope\n    --> /Users/graysonnocera/.cargo/registry/src/index.crates.io-6f17d22bba15001f/log-0.4.17/src/lib.rs:1269:23\n     |\n1269 | pub trait Log: Sync + Send {\n     |                       ^^^^ not found in this scope\n\nerror[E0405]: cannot find trait `Sized` in this scope\n    --> /Users/graysonnocera/.cargo/registry/src/index.crates.io-6f17d22bba15001f/log-0.4.17/src/lib.rs:1311:9\n     |\n1311 |     T: ?Sized + Log,\n     |         ^^^^^ not found in this scope\n\nerror[E0405]: cannot find trait `Sized` in this scope\n    --> /Users/graysonnocera/.cargo/registry/src/index.crates.io-6f17d22bba15001f/log-0.4.17/src/lib.rs:1328:9\n     |\n1328 |     T: ?Sized + Log,\n     |         ^^^^^ not found in this scope\n\nerror[E0405]: cannot find trait `Sized` in this scope\n    --> /Users/graysonnocera/.cargo/registry/src/index.crates.io-6f17d22bba15001f/log-0.4.17/src/lib.rs:1345:9\n     |\n1345 |     T: ?Sized + Log,\n     |         ^^^^^ not found in this scope\n\nerror[E0412]: cannot find type `Box` in this scope\n    --> /Users/graysonnocera/.cargo/registry/src/index.crates.io-6f17d22bba15001f/log-0.4.17/src/lib.rs:1407:33\n     |\n1407 | pub fn set_boxed_logger(logger: Box<dyn Log>) -> Result<(), SetLoggerError> {\n     |                                 ^^^ not found in this scope\n\nerror[E0412]: cannot find type `Result` in this scope\n    --> /Users/graysonnocera/.cargo/registry/src/index.crates.io-6f17d22bba15001f/log-0.4.17/src/lib.rs:1407:50\n     |\n1407 | pub fn set_boxed_logger(logger: Box<dyn Log>) -> Result<(), SetLoggerError> {\n     |                                                  ^^^^^^ not found in this scope\n\nerror[E0412]: cannot find type `Result` in this scope\n    --> /Users/graysonnocera/.cargo/registry/src/index.crates.io-6f17d22bba15001f/log-0.4.17/src/lib.rs:1465:48\n     |\n1465 | pub fn set_logger(logger: &'static dyn Log) -> Result<(), SetLoggerError> {\n     |                                                ^^^^^^ not found in this scope\n\nerror[E0405]: cannot find trait `FnOnce` in this scope\n    --> /Users/graysonnocera/.cargo/registry/src/index.crates.io-6f17d22bba15001f/log-0.4.17/src/lib.rs:1472:8\n     |\n1472 |     F: FnOnce() -> &'static dyn Log,\n     |        ^^^^^^ not found in this scope\n\nerror[E0412]: cannot find type `Result` in this scope\n    --> /Users/graysonnocera/.cargo/registry/src/index.crates.io-6f17d22bba15001f/log-0.4.17/src/lib.rs:1470:43\n     |\n1470 | fn set_logger_inner<F>(make_logger: F) -> Result<(), SetLoggerError>\n     |                                           ^^^^^^ not found in this scope\n\nerror[E0531]: cannot find tuple struct or tuple variant `Ok` in this scope\n    --> /Users/graysonnocera/.cargo/registry/src/index.crates.io-6f17d22bba15001f/log-0.4.17/src/lib.rs:1480:9\n     |\n1480 |         Ok(s) | Err(s) => s,\n     |         ^^ not found in this scope\n\nerror[E0531]: cannot find tuple struct or tuple variant `Err` in this scope\n    --> /Users/graysonnocera/.cargo/registry/src/index.crates.io-6f17d22bba15001f/log-0.4.17/src/lib.rs:1480:17\n     |\n1480 |         Ok(s) | Err(s) => s,\n     |                 ^^^ not found in this scope\n\nerror[E0412]: cannot find type `Result` in this scope\n    --> /Users/graysonnocera/.cargo/registry/src/index.crates.io-6f17d22bba15001f/log-0.4.17/src/lib.rs:1521:60\n     |\n1521 | pub unsafe fn set_logger_racy(logger: &'static dyn Log) -> Result<(), SetLoggerError> {\n     |                                                            ^^^^^^ not found in this scope\n\nerror[E0412]: cannot find type `Option` in this scope\n    --> /Users/graysonnocera/.cargo/registry/src/index.crates.io-6f17d22bba15001f/log-0.4.17/src/lib.rs:1589:10\n     |\n1589 |     kvs: Option<&[(&str, &str)]>,\n     |          ^^^^^^ not found in this scope\n\nerror[E0433]: failed to resolve: use of undeclared type `Box`\n    --> /Users/graysonnocera/.cargo/registry/src/index.crates.io-6f17d22bba15001f/log-0.4.17/src/lib.rs:1408:25\n     |\n1408 |     set_logger_inner(|| Box::leak(logger))\n     |                         ^^^ use of undeclared type `Box`\n\nerror[E0425]: cannot find function, tuple struct or tuple variant `Some` in this scope\n   --> /Users/graysonnocera/.cargo/registry/src/index.crates.io-6f17d22bba15001f/log-0.4.17/src/lib.rs:475:9\n    |\n475 |         Some(self.cmp(other))\n    |         ^^^^ not found in this scope\n\nerror[E0425]: cannot find function, tuple struct or tuple variant `Some` in this scope\n   --> /Users/graysonnocera/.cargo/registry/src/index.crates.io-6f17d22bba15001f/log-0.4.17/src/lib.rs:502:9\n    |\n502 |         Some((*self as usize).cmp(&(*other as usize)))\n    |         ^^^^ not found in this scope\n\nerror[E0425]: cannot find function, tuple struct or tuple variant `Ok` in this scope\n   --> /Users/graysonnocera/.cargo/registry/src/index.crates.io-6f17d22bba15001f/log-0.4.17/src/lib.rs:535:20\n    |\n535 |         Some(t) => Ok(t),\n    |                    ^^ not found in this scope\n\nerror[E0425]: cannot find function, tuple struct or tuple variant `Err` in this scope\n   --> /Users/graysonnocera/.cargo/registry/src/index.crates.io-6f17d22bba15001f/log-0.4.17/src/lib.rs:536:17\n    |\n536 |         None => Err(e),\n    |                 ^^^ not found in this scope\n\nerror[E0425]: cannot find function, tuple struct or tuple variant `Some` in this scope\n   --> /Users/graysonnocera/.cargo/registry/src/index.crates.io-6f17d22bba15001f/log-0.4.17/src/lib.rs:584:18\n    |\n584 |             1 => Some(Level::Error),\n    |                  ^^^^ not found in this scope\n\nerror[E0425]: cannot find function, tuple struct or tuple variant `Some` in this scope\n   --> /Users/graysonnocera/.cargo/registry/src/index.crates.io-6f17d22bba15001f/log-0.4.17/src/lib.rs:585:18\n    |\n585 |             2 => Some(Level::Warn),\n    |                  ^^^^ not found in this scope\n\nerror[E0425]: cannot find function, tuple struct or tuple variant `Some` in this scope\n   --> /Users/graysonnocera/.cargo/registry/src/index.crates.io-6f17d22bba15001f/log-0.4.17/src/lib.rs:586:18\n    |\n586 |             3 => Some(Level::Info),\n    |                  ^^^^ not found in this scope\n\nerror[E0425]: cannot find function, tuple struct or tuple variant `Some` in this scope\n   --> /Users/graysonnocera/.cargo/registry/src/index.crates.io-6f17d22bba15001f/log-0.4.17/src/lib.rs:587:18\n    |\n587 |             4 => Some(Level::Debug),\n    |                  ^^^^ not found in this scope\n\nerror[E0425]: cannot find function, tuple struct or tuple variant `Some` in this scope\n   --> /Users/graysonnocera/.cargo/registry/src/index.crates.io-6f17d22bba15001f/log-0.4.17/src/lib.rs:588:18\n    |\n588 |             5 => Some(Level::Trace),\n    |                  ^^^^ not found in this scope\n\nerror[E0425]: cannot find function, tuple struct or tuple variant `Some` in this scope\n   --> /Users/graysonnocera/.cargo/registry/src/index.crates.io-6f17d22bba15001f/log-0.4.17/src/lib.rs:682:9\n    |\n682 |         Some(self.cmp(other))\n    |         ^^^^ not found in this scope\n\nerror[E0425]: cannot find function, tuple struct or tuple variant `Some` in this scope\n   --> /Users/graysonnocera/.cargo/registry/src/index.crates.io-6f17d22bba15001f/log-0.4.17/src/lib.rs:709:9\n    |\n709 |         Some((*self as usize).cmp(&(*other as usize)))\n    |         ^^^^ not found in this scope\n\nerror[E0425]: cannot find function, tuple struct or tuple variant `Some` in this scope\n   --> /Users/graysonnocera/.cargo/registry/src/index.crates.io-6f17d22bba15001f/log-0.4.17/src/lib.rs:762:18\n    |\n762 |             0 => Some(LevelFilter::Off),\n    |                  ^^^^ not found in this scope\n\nerror[E0425]: cannot find function, tuple struct or tuple variant `Some` in this scope\n   --> /Users/graysonnocera/.cargo/registry/src/index.crates.io-6f17d22bba15001f/log-0.4.17/src/lib.rs:763:18\n    |\n763 |             1 => Some(LevelFilter::Error),\n    |                  ^^^^ not found in this scope\n\nerror[E0425]: cannot find function, tuple struct or tuple variant `Some` in this scope\n   --> /Users/graysonnocera/.cargo/registry/src/index.crates.io-6f17d22bba15001f/log-0.4.17/src/lib.rs:764:18\n    |\n764 |             2 => Some(LevelFilter::Warn),\n    |                  ^^^^ not found in this scope\n\nerror[E0425]: cannot find function, tuple struct or tuple variant `Some` in this scope\n   --> /Users/graysonnocera/.cargo/registry/src/index.crates.io-6f17d22bba15001f/log-0.4.17/src/lib.rs:765:18\n    |\n765 |             3 => Some(LevelFilter::Info),\n    |                  ^^^^ not found in this scope\n\nerror[E0425]: cannot find function, tuple struct or tuple variant `Some` in this scope\n   --> /Users/graysonnocera/.cargo/registry/src/index.crates.io-6f17d22bba15001f/log-0.4.17/src/lib.rs:766:18\n    |\n766 |             4 => Some(LevelFilter::Debug),\n    |                  ^^^^ not found in this scope\n\nerror[E0425]: cannot find function, tuple struct or tuple variant `Some` in this scope\n   --> /Users/graysonnocera/.cargo/registry/src/index.crates.io-6f17d22bba15001f/log-0.4.17/src/lib.rs:767:18\n    |\n767 |             5 => Some(LevelFilter::Trace),\n    |                  ^^^^ not found in this scope\n\nerror[E0425]: cannot find function, tuple struct or tuple variant `Some` in this scope\n   --> /Users/graysonnocera/.cargo/registry/src/index.crates.io-6f17d22bba15001f/log-0.4.17/src/lib.rs:942:48\n    |\n942 |             Some(MaybeStaticStr::Static(s)) => Some(s),\n    |                                                ^^^^ not found in this scope\n\nerror[E0425]: cannot find function, tuple struct or tuple variant `Some` in this scope\n   --> /Users/graysonnocera/.cargo/registry/src/index.crates.io-6f17d22bba15001f/log-0.4.17/src/lib.rs:957:48\n    |\n957 |             Some(MaybeStaticStr::Static(s)) => Some(s),\n    |                                                ^^^^ not found in this scope\n\nerror[E0425]: cannot find function, tuple struct or tuple variant `Ok` in this scope\n    --> /Users/graysonnocera/.cargo/registry/src/index.crates.io-6f17d22bba15001f/log-0.4.17/src/lib.rs:1488:13\n     |\n1488 |             Ok(())\n     |             ^^ not found in this scope\n\nerror[E0425]: cannot find function, tuple struct or tuple variant `Err` in this scope\n    --> /Users/graysonnocera/.cargo/registry/src/index.crates.io-6f17d22bba15001f/log-0.4.17/src/lib.rs:1496:13\n     |\n1496 |             Err(SetLoggerError(()))\n     |             ^^^ not found in this scope\n\nerror[E0425]: cannot find function, tuple struct or tuple variant `Err` in this scope\n    --> /Users/graysonnocera/.cargo/registry/src/index.crates.io-6f17d22bba15001f/log-0.4.17/src/lib.rs:1498:14\n     |\n1498 |         _ => Err(SetLoggerError(())),\n     |              ^^^ not found in this scope\n\nerror[E0425]: cannot find function, tuple struct or tuple variant `Ok` in this scope\n    --> /Users/graysonnocera/.cargo/registry/src/index.crates.io-6f17d22bba15001f/log-0.4.17/src/lib.rs:1526:13\n     |\n1526 |             Ok(())\n     |             ^^ not found in this scope\n\nerror[E0425]: cannot find function, tuple struct or tuple variant `Err` in this scope\n    --> /Users/graysonnocera/.cargo/registry/src/index.crates.io-6f17d22bba15001f/log-0.4.17/src/lib.rs:1532:14\n     |\n1532 |         _ => Err(SetLoggerError(())),\n     |              ^^^ not found in this scope\n\nerror[E0425]: cannot find function, tuple struct or tuple variant `Some` in this scope\n    --> /Users/graysonnocera/.cargo/registry/src/index.crates.io-6f17d22bba15001f/log-0.4.17/src/lib.rs:1602:33\n     |\n1602 |             .module_path_static(Some(module_path))\n     |                                 ^^^^ not found in this scope\n\nerror[E0425]: cannot find function, tuple struct or tuple variant `Some` in this scope\n    --> /Users/graysonnocera/.cargo/registry/src/index.crates.io-6f17d22bba15001f/log-0.4.17/src/lib.rs:1603:26\n     |\n1603 |             .file_static(Some(file))\n     |                          ^^^^ not found in this scope\n\nerror[E0425]: cannot find function, tuple struct or tuple variant `Some` in this scope\n    --> /Users/graysonnocera/.cargo/registry/src/index.crates.io-6f17d22bba15001f/log-0.4.17/src/lib.rs:1604:19\n     |\n1604 |             .line(Some(line))\n     |                   ^^^^ not found in this scope\n\nSome errors have detailed explanations: E0405, E0412, E0425, E0433, E0463, E0531.\nFor more information about an error, try `rustc --explain E0405`.\nerror: could not compile `log` (lib) due to 103 previous errors\n",
      "stdout": ""
    },
    "features": [
      "alloc",
      "std"
    ],
    "project": "../../../Downloads/695-Project/dataset/nostd-failed-crates/crates/fatfs-0.3.6/src",
    "time_to_build": 197,
    "time_to_solve": 270
  }
]