[
  {
    "built_with_features": null,
    "command": {
      "args": [
        "build",
        "--target",
        "thumbv7m-none-eabi",
        "--no-default-features"
      ],
      "code": 101,
      "stderr": "   Compiling blake3 v1.5.5\nerror[E0463]: can't find crate for `std`\n  |\n  = note: the `thumbv7m-none-eabi` target may not support the standard library\n  = note: `std` is required by `blake3` because it does not declare `#![no_std]`\n\nerror: cannot find attribute `derive` in this scope\n  --> /Users/graysonnocera/.cargo/registry/src/index.crates.io-6f17d22bba15001f/blake3-1.5.5/src/guts.rs:12:3\n   |\n12 | #[derive(Clone, Debug)]\n   |   ^^^^^^\n   |\nhelp: consider importing this attribute macro\n   |\n9  + use core::prelude::rust_2024::derive;\n   |\n\nerror: cannot find attribute `derive` in this scope\n  --> /Users/graysonnocera/.cargo/registry/src/index.crates.io-6f17d22bba15001f/blake3-1.5.5/src/platform.rs:40:3\n   |\n40 | #[derive(Clone, Copy, Debug)]\n   |   ^^^^^^\n   |\nhelp: consider importing this attribute macro\n   |\n1  + use core::prelude::rust_2024::derive;\n   |\n\nerror: cannot find macro `debug_assert` in this scope\n   --> /Users/graysonnocera/.cargo/registry/src/index.crates.io-6f17d22bba15001f/blake3-1.5.5/src/platform.rs:106:9\n    |\n106 |         debug_assert!(degree <= MAX_SIMD_DEGREE);\n    |         ^^^^^^^^^^^^\n    |\nhelp: consider importing this macro\n    |\n1   + use core::debug_assert;\n    |\n\nerror: cannot find macro `debug_assert_eq` in this scope\n   --> /Users/graysonnocera/.cargo/registry/src/index.crates.io-6f17d22bba15001f/blake3-1.5.5/src/platform.rs:289:9\n    |\n289 |         debug_assert_eq!(0, out.len() % BLOCK_LEN, \"whole blocks only\");\n    |         ^^^^^^^^^^^^^^^\n    |\nhelp: consider importing this macro\n    |\n1   + use core::debug_assert_eq;\n    |\n\nerror: cannot find macro `debug_assert_eq` in this scope\n   --> /Users/graysonnocera/.cargo/registry/src/index.crates.io-6f17d22bba15001f/blake3-1.5.5/src/portable.rs:132:5\n    |\n132 |     debug_assert_eq!(N % BLOCK_LEN, 0, \"uneven blocks\");\n    |     ^^^^^^^^^^^^^^^\n    |\nhelp: consider importing this macro\n    |\n1   + use core::debug_assert_eq;\n    |\n\nerror: cannot find macro `debug_assert` in this scope\n   --> /Users/graysonnocera/.cargo/registry/src/index.crates.io-6f17d22bba15001f/blake3-1.5.5/src/portable.rs:163:5\n    |\n163 |     debug_assert!(out.len() >= inputs.len() * OUT_LEN, \"out too short\");\n    |     ^^^^^^^^^^^^\n    |\nhelp: consider importing this macro\n    |\n1   + use core::debug_assert;\n    |\n\nerror: cannot find attribute `derive` in this scope\n   --> /Users/graysonnocera/.cargo/registry/src/index.crates.io-6f17d22bba15001f/blake3-1.5.5/src/lib.rs:222:3\n    |\n222 | #[derive(Clone, Copy, Hash)]\n    |   ^^^^^^\n    |\nhelp: consider importing this attribute macro\n    |\n136 + use core::prelude::rust_2024::derive;\n    |\n\nerror: cannot find attribute `derive` in this scope\n   --> /Users/graysonnocera/.cargo/registry/src/index.crates.io-6f17d22bba15001f/blake3-1.5.5/src/lib.rs:373:3\n    |\n373 | #[derive(Clone, Debug)]\n    |   ^^^^^^\n    |\nhelp: consider importing this attribute macro\n    |\n136 + use core::prelude::rust_2024::derive;\n    |\n\nerror: cannot find attribute `derive` in this scope\n   --> /Users/graysonnocera/.cargo/registry/src/index.crates.io-6f17d22bba15001f/blake3-1.5.5/src/lib.rs:376:3\n    |\n376 | #[derive(Clone, Debug)]\n    |   ^^^^^^\n    |\nhelp: consider importing this attribute macro\n    |\n136 + use core::prelude::rust_2024::derive;\n    |\n\nerror: cannot find macro `write` in this scope\n   --> /Users/graysonnocera/.cargo/registry/src/index.crates.io-6f17d22bba15001f/blake3-1.5.5/src/lib.rs:387:21\n    |\n387 |                     write!(f, \"invalid hex character: {:?}\", byte as char)\n    |                     ^^^^^\n    |\nhelp: consider importing this macro\n    |\n136 + use core::write;\n    |\n\nerror: cannot find macro `write` in this scope\n   --> /Users/graysonnocera/.cargo/registry/src/index.crates.io-6f17d22bba15001f/blake3-1.5.5/src/lib.rs:389:21\n    |\n389 |                     write!(f, \"invalid hex character: 0x{:x}\", byte)\n    |                     ^^^^^\n    |\nhelp: consider importing this macro\n    |\n136 + use core::write;\n    |\n\nerror: cannot find macro `write` in this scope\n   --> /Users/graysonnocera/.cargo/registry/src/index.crates.io-6f17d22bba15001f/blake3-1.5.5/src/lib.rs:393:17\n    |\n393 |                 write!(f, \"expected 64 hex bytes, received {}\", len)\n    |                 ^^^^^\n    |\nhelp: consider importing this macro\n    |\n136 + use core::write;\n    |\n\nerror: cannot find attribute `derive` in this scope\n   --> /Users/graysonnocera/.cargo/registry/src/index.crates.io-6f17d22bba15001f/blake3-1.5.5/src/lib.rs:405:3\n    |\n405 | #[derive(Clone)]\n    |   ^^^^^^\n    |\nhelp: consider importing this attribute macro\n    |\n136 + use core::prelude::rust_2024::derive;\n    |\n\nerror: cannot find macro `debug_assert_eq` in this scope\n   --> /Users/graysonnocera/.cargo/registry/src/index.crates.io-6f17d22bba15001f/blake3-1.5.5/src/lib.rs:429:9\n    |\n429 |         debug_assert_eq!(self.counter, 0);\n    |         ^^^^^^^^^^^^^^^\n    |\nhelp: consider importing this macro\n    |\n136 + use core::debug_assert_eq;\n    |\n\nerror: cannot find attribute `derive` in this scope\n   --> /Users/graysonnocera/.cargo/registry/src/index.crates.io-6f17d22bba15001f/blake3-1.5.5/src/lib.rs:468:3\n    |\n468 | #[derive(Clone)]\n    |   ^^^^^^\n    |\nhelp: consider importing this attribute macro\n    |\n136 + use core::prelude::rust_2024::derive;\n    |\n\nerror: cannot find macro `debug_assert_eq` in this scope\n   --> /Users/graysonnocera/.cargo/registry/src/index.crates.io-6f17d22bba15001f/blake3-1.5.5/src/lib.rs:518:17\n    |\n518 |                 debug_assert_eq!(self.buf_len as usize, BLOCK_LEN);\n    |                 ^^^^^^^^^^^^^^^\n    |\nhelp: consider importing this macro\n    |\n136 + use core::debug_assert_eq;\n    |\n\nerror: cannot find macro `debug_assert_eq` in this scope\n   --> /Users/graysonnocera/.cargo/registry/src/index.crates.io-6f17d22bba15001f/blake3-1.5.5/src/lib.rs:534:13\n    |\n534 |             debug_assert_eq!(self.buf_len, 0);\n    |             ^^^^^^^^^^^^^^^\n    |\nhelp: consider importing this macro\n    |\n136 + use core::debug_assert_eq;\n    |\n\nerror: cannot find macro `debug_assert` in this scope\n   --> /Users/graysonnocera/.cargo/registry/src/index.crates.io-6f17d22bba15001f/blake3-1.5.5/src/lib.rs:548:9\n    |\n548 |         debug_assert!(input.is_empty());\n    |         ^^^^^^^^^^^^\n    |\nhelp: consider importing this macro\n    |\n136 + use core::debug_assert;\n    |\n\nerror: cannot find macro `debug_assert` in this scope\n   --> /Users/graysonnocera/.cargo/registry/src/index.crates.io-6f17d22bba15001f/blake3-1.5.5/src/lib.rs:549:9\n    |\n549 |         debug_assert!(self.len() <= CHUNK_LEN);\n    |         ^^^^^^^^^^^^\n    |\nhelp: consider importing this macro\n    |\n136 + use core::debug_assert;\n    |\n\nerror: cannot find attribute `derive` in this scope\n   --> /Users/graysonnocera/.cargo/registry/src/index.crates.io-6f17d22bba15001f/blake3-1.5.5/src/lib.rs:618:3\n    |\n618 | #[derive(Clone, Copy)]\n    |   ^^^^^^\n    |\nhelp: consider importing this attribute macro\n    |\n136 + use core::prelude::rust_2024::derive;\n    |\n\nerror: cannot find macro `debug_assert` in this scope\n   --> /Users/graysonnocera/.cargo/registry/src/index.crates.io-6f17d22bba15001f/blake3-1.5.5/src/lib.rs:644:5\n    |\n644 |     debug_assert!(content_len > CHUNK_LEN);\n    |     ^^^^^^^^^^^^\n    |\nhelp: consider importing this macro\n    |\n136 + use core::debug_assert;\n    |\n\nerror: cannot find macro `debug_assert` in this scope\n   --> /Users/graysonnocera/.cargo/registry/src/index.crates.io-6f17d22bba15001f/blake3-1.5.5/src/lib.rs:662:5\n    |\n662 |     debug_assert!(!input.is_empty(), \"empty chunks below the root\");\n    |     ^^^^^^^^^^^^\n    |\nhelp: consider importing this macro\n    |\n136 + use core::debug_assert;\n    |\n\nerror: cannot find macro `debug_assert` in this scope\n   --> /Users/graysonnocera/.cargo/registry/src/index.crates.io-6f17d22bba15001f/blake3-1.5.5/src/lib.rs:663:5\n    |\n663 |     debug_assert!(input.len() <= MAX_SIMD_DEGREE * CHUNK_LEN);\n    |     ^^^^^^^^^^^^\n    |\nhelp: consider importing this macro\n    |\n136 + use core::debug_assert;\n    |\n\nerror: cannot find macro `debug_assert_eq` in this scope\n   --> /Users/graysonnocera/.cargo/registry/src/index.crates.io-6f17d22bba15001f/blake3-1.5.5/src/lib.rs:708:5\n    |\n708 |     debug_assert_eq!(child_chaining_values.len() % OUT_LEN, 0, \"wacky hash bytes\");\n    |     ^^^^^^^^^^^^^^^\n    |\nhelp: consider importing this macro\n    |\n136 + use core::debug_assert_eq;\n    |\n\nerror: cannot find macro `debug_assert` in this scope\n   --> /Users/graysonnocera/.cargo/registry/src/index.crates.io-6f17d22bba15001f/blake3-1.5.5/src/lib.rs:710:5\n    |\n710 |     debug_assert!(num_children >= 2, \"not enough children\");\n    |     ^^^^^^^^^^^^\n    |\nhelp: consider importing this macro\n    |\n136 + use core::debug_assert;\n    |\n\nerror: cannot find macro `debug_assert` in this scope\n   --> /Users/graysonnocera/.cargo/registry/src/index.crates.io-6f17d22bba15001f/blake3-1.5.5/src/lib.rs:711:5\n    |\n711 |     debug_assert!(num_children <= 2 * MAX_SIMD_DEGREE_OR_2, \"too many\");\n    |     ^^^^^^^^^^^^\n    |\nhelp: consider importing this macro\n    |\n136 + use core::debug_assert;\n    |\n\nerror: cannot find macro `debug_assert_eq` in this scope\n   --> /Users/graysonnocera/.cargo/registry/src/index.crates.io-6f17d22bba15001f/blake3-1.5.5/src/lib.rs:777:5\n    |\n777 |     debug_assert_eq!(platform.simd_degree().count_ones(), 1, \"power of 2\");\n    |     ^^^^^^^^^^^^^^^\n    |\nhelp: consider importing this macro\n    |\n136 + use core::debug_assert_eq;\n    |\n\nerror: cannot find macro `debug_assert_eq` in this scope\n   --> /Users/graysonnocera/.cargo/registry/src/index.crates.io-6f17d22bba15001f/blake3-1.5.5/src/lib.rs:787:9\n    |\n787 |         debug_assert_eq!(platform.simd_degree(), 1);\n    |         ^^^^^^^^^^^^^^^\n    |\nhelp: consider importing this macro\n    |\n136 + use core::debug_assert_eq;\n    |\n\nerror: cannot find macro `debug_assert_eq` in this scope\n   --> /Users/graysonnocera/.cargo/registry/src/index.crates.io-6f17d22bba15001f/blake3-1.5.5/src/lib.rs:804:5\n    |\n804 |     debug_assert_eq!(left_n, degree);\n    |     ^^^^^^^^^^^^^^^\n    |\nhelp: consider importing this macro\n    |\n136 + use core::debug_assert_eq;\n    |\n\nerror: cannot find macro `debug_assert` in this scope\n   --> /Users/graysonnocera/.cargo/registry/src/index.crates.io-6f17d22bba15001f/blake3-1.5.5/src/lib.rs:805:5\n    |\n805 |     debug_assert!(right_n >= 1 && right_n <= left_n);\n    |     ^^^^^^^^^^^^\n    |\nhelp: consider importing this macro\n    |\n136 + use core::debug_assert;\n    |\n\nerror: cannot find macro `debug_assert` in this scope\n   --> /Users/graysonnocera/.cargo/registry/src/index.crates.io-6f17d22bba15001f/blake3-1.5.5/src/lib.rs:839:5\n    |\n839 |     debug_assert!(input.len() > CHUNK_LEN);\n    |     ^^^^^^^^^^^^\n    |\nhelp: consider importing this macro\n    |\n136 + use core::debug_assert;\n    |\n\nerror: cannot find macro `debug_assert` in this scope\n   --> /Users/graysonnocera/.cargo/registry/src/index.crates.io-6f17d22bba15001f/blake3-1.5.5/src/lib.rs:843:5\n    |\n843 |     debug_assert!(num_cvs >= 2);\n    |     ^^^^^^^^^^^^\n    |\nhelp: consider importing this macro\n    |\n136 + use core::debug_assert;\n    |\n\nerror: cannot find attribute `derive` in this scope\n    --> /Users/graysonnocera/.cargo/registry/src/index.crates.io-6f17d22bba15001f/blake3-1.5.5/src/lib.rs:1047:3\n     |\n1047 | #[derive(Clone)]\n     |   ^^^^^^\n     |\nhelp: consider importing this attribute macro\n     |\n136  + use core::prelude::rust_2024::derive;\n     |\n\nerror: cannot find macro `debug_assert_eq` in this scope\n    --> /Users/graysonnocera/.cargo/registry/src/index.crates.io-6f17d22bba15001f/blake3-1.5.5/src/lib.rs:1198:17\n     |\n1198 |                 debug_assert_eq!(self.chunk_state.len(), CHUNK_LEN);\n     |                 ^^^^^^^^^^^^^^^\n     |\nhelp: consider importing this macro\n     |\n136  + use core::debug_assert_eq;\n     |\n\nerror: cannot find macro `debug_assert_eq` in this scope\n    --> /Users/graysonnocera/.cargo/registry/src/index.crates.io-6f17d22bba15001f/blake3-1.5.5/src/lib.rs:1226:13\n     |\n1226 |             debug_assert_eq!(self.chunk_state.len(), 0, \"no partial chunk data\");\n     |             ^^^^^^^^^^^^^^^\n     |\nhelp: consider importing this macro\n     |\n136  + use core::debug_assert_eq;\n     |\n\nerror: cannot find macro `debug_assert_eq` in this scope\n    --> /Users/graysonnocera/.cargo/registry/src/index.crates.io-6f17d22bba15001f/blake3-1.5.5/src/lib.rs:1227:13\n     |\n1227 |             debug_assert_eq!(CHUNK_LEN.count_ones(), 1, \"power of 2 chunk len\");\n     |             ^^^^^^^^^^^^^^^\n     |\nhelp: consider importing this macro\n     |\n136  + use core::debug_assert_eq;\n     |\n\nerror: cannot find macro `debug_assert_eq` in this scope\n    --> /Users/graysonnocera/.cargo/registry/src/index.crates.io-6f17d22bba15001f/blake3-1.5.5/src/lib.rs:1255:17\n     |\n1255 |                 debug_assert_eq!(subtree_len, CHUNK_LEN);\n     |                 ^^^^^^^^^^^^^^^\n     |\nhelp: consider importing this macro\n     |\n136  + use core::debug_assert_eq;\n     |\n\nerror: cannot find macro `debug_assert` in this scope\n    --> /Users/graysonnocera/.cargo/registry/src/index.crates.io-6f17d22bba15001f/blake3-1.5.5/src/lib.rs:1294:9\n     |\n1294 |         debug_assert!(input.len() <= CHUNK_LEN);\n     |         ^^^^^^^^^^^^\n     |\nhelp: consider importing this macro\n     |\n136  + use core::debug_assert;\n     |\n\nerror: cannot find macro `debug_assert_eq` in this scope\n    --> /Users/graysonnocera/.cargo/registry/src/index.crates.io-6f17d22bba15001f/blake3-1.5.5/src/lib.rs:1311:13\n     |\n1311 |             debug_assert_eq!(self.chunk_state.chunk_counter, 0);\n     |             ^^^^^^^^^^^^^^^\n     |\nhelp: consider importing this macro\n     |\n136  + use core::debug_assert_eq;\n     |\n\nerror: cannot find macro `debug_assert_eq` in this scope\n    --> /Users/graysonnocera/.cargo/registry/src/index.crates.io-6f17d22bba15001f/blake3-1.5.5/src/lib.rs:1330:13\n     |\n1330 |             debug_assert_eq!(\n     |             ^^^^^^^^^^^^^^^\n     |\nhelp: consider importing this macro\n     |\n136  + use core::debug_assert_eq;\n     |\n\nerror: cannot find macro `debug_assert` in this scope\n    --> /Users/graysonnocera/.cargo/registry/src/index.crates.io-6f17d22bba15001f/blake3-1.5.5/src/lib.rs:1337:13\n     |\n1337 |             debug_assert!(self.cv_stack.len() >= 2);\n     |             ^^^^^^^^^^^^\n     |\nhelp: consider importing this macro\n     |\n136  + use core::debug_assert;\n     |\n\nerror: cannot find attribute `derive` in this scope\n    --> /Users/graysonnocera/.cargo/registry/src/index.crates.io-6f17d22bba15001f/blake3-1.5.5/src/lib.rs:1633:3\n     |\n1633 | #[derive(Clone)]\n     |   ^^^^^^\n     |\nhelp: consider importing this attribute macro\n     |\n136  + use core::prelude::rust_2024::derive;\n     |\n\nerror: cannot find macro `debug_assert_eq` in this scope\n    --> /Users/graysonnocera/.cargo/registry/src/index.crates.io-6f17d22bba15001f/blake3-1.5.5/src/lib.rs:1692:13\n     |\n1692 |             debug_assert_eq!(0, self.position_within_block);\n     |             ^^^^^^^^^^^^^^^\n     |\nhelp: consider importing this macro\n     |\n136  + use core::debug_assert_eq;\n     |\n\nerror: cannot find macro `debug_assert` in this scope\n    --> /Users/graysonnocera/.cargo/registry/src/index.crates.io-6f17d22bba15001f/blake3-1.5.5/src/lib.rs:1706:13\n     |\n1706 |             debug_assert!(buf.len() < BLOCK_LEN);\n     |             ^^^^^^^^^^^^\n     |\nhelp: consider importing this macro\n     |\n136  + use core::debug_assert;\n     |\n\nerror: cannot find macro `debug_assert` in this scope\n    --> /Users/graysonnocera/.cargo/registry/src/index.crates.io-6f17d22bba15001f/blake3-1.5.5/src/lib.rs:1708:13\n     |\n1708 |             debug_assert!(buf.is_empty());\n     |             ^^^^^^^^^^^^\n     |\nhelp: consider importing this macro\n     |\n136  + use core::debug_assert;\n     |\n\nerror[E0463]: can't find crate for `std`\n --> /Users/graysonnocera/.cargo/registry/src/index.crates.io-6f17d22bba15001f/blake3-1.5.5/src/io.rs:5:22\n  |\n5 |     mut reader: impl std::io::Read,\n  |                      ^^^ can't find crate\n  |\n  = note: the `thumbv7m-none-eabi` target may not support the standard library\n\nerror[E0463]: can't find crate for `std`\n --> /Users/graysonnocera/.cargo/registry/src/index.crates.io-6f17d22bba15001f/blake3-1.5.5/src/io.rs:7:6\n  |\n7 | ) -> std::io::Result<u64> {\n  |      ^^^ can't find crate\n  |\n  = note: the `thumbv7m-none-eabi` target may not support the standard library\n\nerror[E0463]: can't find crate for `std`\n  --> /Users/graysonnocera/.cargo/registry/src/index.crates.io-6f17d22bba15001f/blake3-1.5.5/src/io.rs:18:35\n   |\n18 |             Err(e) if e.kind() == std::io::ErrorKind::Interrupted => continue,\n   |                                   ^^^ can't find crate\n   |\n   = note: the `thumbv7m-none-eabi` target may not support the standard library\n\nerror[E0463]: can't find crate for `std`\n   --> /Users/graysonnocera/.cargo/registry/src/index.crates.io-6f17d22bba15001f/blake3-1.5.5/src/lib.rs:400:6\n    |\n400 | impl std::error::Error for HexError {}\n    |      ^^^ can't find crate\n    |\n    = note: the `thumbv7m-none-eabi` target may not support the standard library\n\nerror[E0463]: can't find crate for `std`\n    --> /Users/graysonnocera/.cargo/registry/src/index.crates.io-6f17d22bba15001f/blake3-1.5.5/src/lib.rs:1424:50\n     |\n1424 |     pub fn update_reader(&mut self, reader: impl std::io::Read) -> std::io::Result<&mut Self> {\n     |                                                  ^^^ can't find crate\n     |\n     = note: the `thumbv7m-none-eabi` target may not support the standard library\n\nerror[E0463]: can't find crate for `std`\n    --> /Users/graysonnocera/.cargo/registry/src/index.crates.io-6f17d22bba15001f/blake3-1.5.5/src/lib.rs:1424:68\n     |\n1424 |     pub fn update_reader(&mut self, reader: impl std::io::Read) -> std::io::Result<&mut Self> {\n     |                                                                    ^^^ can't find crate\n     |\n     = note: the `thumbv7m-none-eabi` target may not support the standard library\n\nerror[E0463]: can't find crate for `std`\n    --> /Users/graysonnocera/.cargo/registry/src/index.crates.io-6f17d22bba15001f/blake3-1.5.5/src/lib.rs:1580:6\n     |\n1580 | impl std::io::Write for Hasher {\n     |      ^^^ can't find crate\n     |\n     = note: the `thumbv7m-none-eabi` target may not support the standard library\n\nerror[E0463]: can't find crate for `std`\n    --> /Users/graysonnocera/.cargo/registry/src/index.crates.io-6f17d22bba15001f/blake3-1.5.5/src/lib.rs:1583:42\n     |\n1583 |     fn write(&mut self, input: &[u8]) -> std::io::Result<usize> {\n     |                                          ^^^ can't find crate\n     |\n     = note: the `thumbv7m-none-eabi` target may not support the standard library\n\nerror[E0463]: can't find crate for `std`\n    --> /Users/graysonnocera/.cargo/registry/src/index.crates.io-6f17d22bba15001f/blake3-1.5.5/src/lib.rs:1589:28\n     |\n1589 |     fn flush(&mut self) -> std::io::Result<()> {\n     |                            ^^^ can't find crate\n     |\n     = note: the `thumbv7m-none-eabi` target may not support the standard library\n\nerror[E0463]: can't find crate for `std`\n    --> /Users/graysonnocera/.cargo/registry/src/index.crates.io-6f17d22bba15001f/blake3-1.5.5/src/lib.rs:1747:6\n     |\n1747 | impl std::io::Read for OutputReader {\n     |      ^^^ can't find crate\n     |\n     = note: the `thumbv7m-none-eabi` target may not support the standard library\n\nerror[E0463]: can't find crate for `std`\n    --> /Users/graysonnocera/.cargo/registry/src/index.crates.io-6f17d22bba15001f/blake3-1.5.5/src/lib.rs:1749:43\n     |\n1749 |     fn read(&mut self, buf: &mut [u8]) -> std::io::Result<usize> {\n     |                                           ^^^ can't find crate\n     |\n     = note: the `thumbv7m-none-eabi` target may not support the standard library\n\nerror[E0463]: can't find crate for `std`\n    --> /Users/graysonnocera/.cargo/registry/src/index.crates.io-6f17d22bba15001f/blake3-1.5.5/src/lib.rs:1756:6\n     |\n1756 | impl std::io::Seek for OutputReader {\n     |      ^^^ can't find crate\n     |\n     = note: the `thumbv7m-none-eabi` target may not support the standard library\n\nerror[E0463]: can't find crate for `std`\n    --> /Users/graysonnocera/.cargo/registry/src/index.crates.io-6f17d22bba15001f/blake3-1.5.5/src/lib.rs:1757:29\n     |\n1757 |     fn seek(&mut self, pos: std::io::SeekFrom) -> std::io::Result<u64> {\n     |                             ^^^ can't find crate\n     |\n     = note: the `thumbv7m-none-eabi` target may not support the standard library\n\nerror[E0463]: can't find crate for `std`\n    --> /Users/graysonnocera/.cargo/registry/src/index.crates.io-6f17d22bba15001f/blake3-1.5.5/src/lib.rs:1757:51\n     |\n1757 |     fn seek(&mut self, pos: std::io::SeekFrom) -> std::io::Result<u64> {\n     |                                                   ^^^ can't find crate\n     |\n     = note: the `thumbv7m-none-eabi` target may not support the standard library\n\nerror[E0463]: can't find crate for `std`\n    --> /Users/graysonnocera/.cargo/registry/src/index.crates.io-6f17d22bba15001f/blake3-1.5.5/src/lib.rs:1760:13\n     |\n1760 |             std::io::SeekFrom::Start(x) => x as i128,\n     |             ^^^ can't find crate\n     |\n     = note: the `thumbv7m-none-eabi` target may not support the standard library\n\nerror[E0463]: can't find crate for `std`\n    --> /Users/graysonnocera/.cargo/registry/src/index.crates.io-6f17d22bba15001f/blake3-1.5.5/src/lib.rs:1761:13\n     |\n1761 |             std::io::SeekFrom::Current(x) => self.position() as i128 + x as i128,\n     |             ^^^ can't find crate\n     |\n     = note: the `thumbv7m-none-eabi` target may not support the standard library\n\nerror[E0463]: can't find crate for `std`\n    --> /Users/graysonnocera/.cargo/registry/src/index.crates.io-6f17d22bba15001f/blake3-1.5.5/src/lib.rs:1762:13\n     |\n1762 |             std::io::SeekFrom::End(_) => {\n     |             ^^^ can't find crate\n     |\n     = note: the `thumbv7m-none-eabi` target may not support the standard library\n\nerror[E0463]: can't find crate for `std`\n    --> /Users/graysonnocera/.cargo/registry/src/index.crates.io-6f17d22bba15001f/blake3-1.5.5/src/lib.rs:1763:28\n     |\n1763 |                 return Err(std::io::Error::new(\n     |                            ^^^ can't find crate\n     |\n     = note: the `thumbv7m-none-eabi` target may not support the standard library\n\nerror[E0463]: can't find crate for `std`\n    --> /Users/graysonnocera/.cargo/registry/src/index.crates.io-6f17d22bba15001f/blake3-1.5.5/src/lib.rs:1764:21\n     |\n1764 |                     std::io::ErrorKind::InvalidInput,\n     |                     ^^^ can't find crate\n     |\n     = note: the `thumbv7m-none-eabi` target may not support the standard library\n\nerror[E0463]: can't find crate for `std`\n    --> /Users/graysonnocera/.cargo/registry/src/index.crates.io-6f17d22bba15001f/blake3-1.5.5/src/lib.rs:1770:24\n     |\n1770 |             return Err(std::io::Error::new(\n     |                        ^^^ can't find crate\n     |\n     = note: the `thumbv7m-none-eabi` target may not support the standard library\n\nerror[E0463]: can't find crate for `std`\n    --> /Users/graysonnocera/.cargo/registry/src/index.crates.io-6f17d22bba15001f/blake3-1.5.5/src/lib.rs:1771:17\n     |\n1771 |                 std::io::ErrorKind::InvalidInput,\n     |                 ^^^ can't find crate\n     |\n     = note: the `thumbv7m-none-eabi` target may not support the standard library\n\nerror[E0531]: cannot find tuple struct or tuple variant `Ok` in this scope\n  --> /Users/graysonnocera/.cargo/registry/src/index.crates.io-6f17d22bba15001f/blake3-1.5.5/src/io.rs:12:13\n   |\n12 |             Ok(0) => return Ok(total),\n   |             ^^ not found in this scope\n   |\nhelp: consider importing this tuple variant\n   |\n3  + use core::result::Result::Ok;\n   |\n\nerror[E0425]: cannot find function, tuple struct or tuple variant `Ok` in this scope\n  --> /Users/graysonnocera/.cargo/registry/src/index.crates.io-6f17d22bba15001f/blake3-1.5.5/src/io.rs:12:29\n   |\n12 |             Ok(0) => return Ok(total),\n   |                             ^^ not found in this scope\n   |\nhelp: consider importing this tuple variant\n   |\n3  + use core::result::Result::Ok;\n   |\n\nerror[E0531]: cannot find tuple struct or tuple variant `Ok` in this scope\n  --> /Users/graysonnocera/.cargo/registry/src/index.crates.io-6f17d22bba15001f/blake3-1.5.5/src/io.rs:13:13\n   |\n13 |             Ok(n) => {\n   |             ^^ not found in this scope\n   |\nhelp: consider importing this tuple variant\n   |\n3  + use core::result::Result::Ok;\n   |\n\nerror[E0531]: cannot find tuple struct or tuple variant `Err` in this scope\n  --> /Users/graysonnocera/.cargo/registry/src/index.crates.io-6f17d22bba15001f/blake3-1.5.5/src/io.rs:18:13\n   |\n18 |             Err(e) if e.kind() == std::io::ErrorKind::Interrupted => continue,\n   |             ^^^ not found in this scope\n   |\nhelp: consider importing this tuple variant\n   |\n3  + use core::result::Result::Err;\n   |\n\nerror[E0531]: cannot find tuple struct or tuple variant `Err` in this scope\n  --> /Users/graysonnocera/.cargo/registry/src/index.crates.io-6f17d22bba15001f/blake3-1.5.5/src/io.rs:19:13\n   |\n19 |             Err(e) => return Err(e),\n   |             ^^^ not found in this scope\n   |\nhelp: consider importing this tuple variant\n   |\n3  + use core::result::Result::Err;\n   |\n\nerror[E0425]: cannot find function, tuple struct or tuple variant `Err` in this scope\n  --> /Users/graysonnocera/.cargo/registry/src/index.crates.io-6f17d22bba15001f/blake3-1.5.5/src/io.rs:19:30\n   |\n19 |             Err(e) => return Err(e),\n   |                              ^^^ not found in this scope\n   |\nhelp: consider importing this tuple variant\n   |\n3  + use core::result::Result::Err;\n   |\n\nerror[E0405]: cannot find trait `FnOnce` in this scope\n  --> /Users/graysonnocera/.cargo/registry/src/index.crates.io-6f17d22bba15001f/blake3-1.5.5/src/join.rs:25:12\n   |\n25 |         A: FnOnce() -> RA + Send,\n   |            ^^^^^^ not found in this scope\n   |\nhelp: consider importing this trait\n   |\n19 + use core::ops::FnOnce;\n   |\n\nerror[E0405]: cannot find trait `Send` in this scope\n  --> /Users/graysonnocera/.cargo/registry/src/index.crates.io-6f17d22bba15001f/blake3-1.5.5/src/join.rs:25:29\n   |\n25 |         A: FnOnce() -> RA + Send,\n   |                             ^^^^ not found in this scope\n   |\nhelp: consider importing this trait\n   |\n19 + use core::marker::Send;\n   |\n\nerror[E0405]: cannot find trait `FnOnce` in this scope\n  --> /Users/graysonnocera/.cargo/registry/src/index.crates.io-6f17d22bba15001f/blake3-1.5.5/src/join.rs:26:12\n   |\n26 |         B: FnOnce() -> RB + Send,\n   |            ^^^^^^ not found in this scope\n   |\nhelp: consider importing this trait\n   |\n19 + use core::ops::FnOnce;\n   |\n\nerror[E0405]: cannot find trait `Send` in this scope\n  --> /Users/graysonnocera/.cargo/registry/src/index.crates.io-6f17d22bba15001f/blake3-1.5.5/src/join.rs:26:29\n   |\n26 |         B: FnOnce() -> RB + Send,\n   |                             ^^^^ not found in this scope\n   |\nhelp: consider importing this trait\n   |\n19 + use core::marker::Send;\n   |\n\nerror[E0405]: cannot find trait `Send` in this scope\n  --> /Users/graysonnocera/.cargo/registry/src/index.crates.io-6f17d22bba15001f/blake3-1.5.5/src/join.rs:27:13\n   |\n27 |         RA: Send,\n   |             ^^^^ not found in this scope\n   |\nhelp: consider importing this trait\n   |\n19 + use core::marker::Send;\n   |\n\nerror[E0405]: cannot find trait `Send` in this scope\n  --> /Users/graysonnocera/.cargo/registry/src/index.crates.io-6f17d22bba15001f/blake3-1.5.5/src/join.rs:28:13\n   |\n28 |         RB: Send;\n   |             ^^^^ not found in this scope\n   |\nhelp: consider importing this trait\n   |\n19 + use core::marker::Send;\n   |\n\nerror[E0405]: cannot find trait `FnOnce` in this scope\n  --> /Users/graysonnocera/.cargo/registry/src/index.crates.io-6f17d22bba15001f/blake3-1.5.5/src/join.rs:43:12\n   |\n43 |         A: FnOnce() -> RA + Send,\n   |            ^^^^^^ not found in this scope\n   |\nhelp: consider importing this trait\n   |\n19 + use core::ops::FnOnce;\n   |\n\nerror[E0405]: cannot find trait `Send` in this scope\n  --> /Users/graysonnocera/.cargo/registry/src/index.crates.io-6f17d22bba15001f/blake3-1.5.5/src/join.rs:43:29\n   |\n43 |         A: FnOnce() -> RA + Send,\n   |                             ^^^^ not found in this scope\n   |\nhelp: consider importing this trait\n   |\n19 + use core::marker::Send;\n   |\n\nerror[E0405]: cannot find trait `FnOnce` in this scope\n  --> /Users/graysonnocera/.cargo/registry/src/index.crates.io-6f17d22bba15001f/blake3-1.5.5/src/join.rs:44:12\n   |\n44 |         B: FnOnce() -> RB + Send,\n   |            ^^^^^^ not found in this scope\n   |\nhelp: consider importing this trait\n   |\n19 + use core::ops::FnOnce;\n   |\n\nerror[E0405]: cannot find trait `Send` in this scope\n  --> /Users/graysonnocera/.cargo/registry/src/index.crates.io-6f17d22bba15001f/blake3-1.5.5/src/join.rs:44:29\n   |\n44 |         B: FnOnce() -> RB + Send,\n   |                             ^^^^ not found in this scope\n   |\nhelp: consider importing this trait\n   |\n19 + use core::marker::Send;\n   |\n\nerror[E0405]: cannot find trait `Send` in this scope\n  --> /Users/graysonnocera/.cargo/registry/src/index.crates.io-6f17d22bba15001f/blake3-1.5.5/src/join.rs:45:13\n   |\n45 |         RA: Send,\n   |             ^^^^ not found in this scope\n   |\nhelp: consider importing this trait\n   |\n19 + use core::marker::Send;\n   |\n\nerror[E0405]: cannot find trait `Send` in this scope\n  --> /Users/graysonnocera/.cargo/registry/src/index.crates.io-6f17d22bba15001f/blake3-1.5.5/src/join.rs:46:13\n   |\n46 |         RB: Send,\n   |             ^^^^ not found in this scope\n   |\nhelp: consider importing this trait\n   |\n19 + use core::marker::Send;\n   |\n\nerror[E0405]: cannot find trait `AsRef` in this scope\n   --> /Users/graysonnocera/.cargo/registry/src/index.crates.io-6f17d22bba15001f/blake3-1.5.5/src/lib.rs:266:31\n    |\n266 |     pub fn from_hex(hex: impl AsRef<[u8]>) -> Result<Self, HexError> {\n    |                               ^^^^^ not found in this scope\n    |\nhelp: consider importing this trait\n    |\n136 + use core::convert::AsRef;\n    |\n\nerror[E0412]: cannot find type `Result` in this scope\n   --> /Users/graysonnocera/.cargo/registry/src/index.crates.io-6f17d22bba15001f/blake3-1.5.5/src/lib.rs:266:47\n    |\n266 |     pub fn from_hex(hex: impl AsRef<[u8]>) -> Result<Self, HexError> {\n    |                                               ^^^^^^ not found in this scope\n    |\nhelp: consider importing one of these items\n    |\n136 + use crate::fmt::Result;\n    |\n136 + use core::fmt::Result;\n    |\n136 + use core::result::Result;\n    |\n\nerror[E0412]: cannot find type `Result` in this scope\n   --> /Users/graysonnocera/.cargo/registry/src/index.crates.io-6f17d22bba15001f/blake3-1.5.5/src/lib.rs:267:33\n    |\n267 |         fn hex_val(byte: u8) -> Result<u8, HexError> {\n    |                                 ^^^^^^ not found in this scope\n    |\nhelp: consider importing one of these items\n    |\n136 + use crate::fmt::Result;\n    |\n136 + use core::fmt::Result;\n    |\n136 + use core::result::Result;\n    |\n\nerror[E0425]: cannot find function, tuple struct or tuple variant `Ok` in this scope\n   --> /Users/graysonnocera/.cargo/registry/src/index.crates.io-6f17d22bba15001f/blake3-1.5.5/src/lib.rs:269:32\n    |\n269 |                 b'A'..=b'F' => Ok(byte - b'A' + 10),\n    |                                ^^ not found in this scope\n    |\nhelp: consider importing this tuple variant\n    |\n136 + use core::result::Result::Ok;\n    |\n\nerror[E0425]: cannot find function, tuple struct or tuple variant `Ok` in this scope\n   --> /Users/graysonnocera/.cargo/registry/src/index.crates.io-6f17d22bba15001f/blake3-1.5.5/src/lib.rs:270:32\n    |\n270 |                 b'a'..=b'f' => Ok(byte - b'a' + 10),\n    |                                ^^ not found in this scope\n    |\nhelp: consider importing this tuple variant\n    |\n136 + use core::result::Result::Ok;\n    |\n\nerror[E0425]: cannot find function, tuple struct or tuple variant `Ok` in this scope\n   --> /Users/graysonnocera/.cargo/registry/src/index.crates.io-6f17d22bba15001f/blake3-1.5.5/src/lib.rs:271:32\n    |\n271 |                 b'0'..=b'9' => Ok(byte - b'0'),\n    |                                ^^ not found in this scope\n    |\nhelp: consider importing this tuple variant\n    |\n136 + use core::result::Result::Ok;\n    |\n\nerror[E0425]: cannot find function, tuple struct or tuple variant `Err` in this scope\n   --> /Users/graysonnocera/.cargo/registry/src/index.crates.io-6f17d22bba15001f/blake3-1.5.5/src/lib.rs:272:22\n    |\n272 |                 _ => Err(HexError(HexErrorInner::InvalidByte(byte))),\n    |                      ^^^ not found in this scope\n    |\nhelp: consider importing this tuple variant\n    |\n136 + use core::result::Result::Err;\n    |\n\nerror[E0425]: cannot find function, tuple struct or tuple variant `Err` in this scope\n   --> /Users/graysonnocera/.cargo/registry/src/index.crates.io-6f17d22bba15001f/blake3-1.5.5/src/lib.rs:277:20\n    |\n277 |             return Err(HexError(HexErrorInner::InvalidLen(hex_bytes.len())));\n    |                    ^^^ not found in this scope\n    |\nhelp: consider importing this tuple variant\n    |\n136 + use core::result::Result::Err;\n    |\n\nerror[E0425]: cannot find function, tuple struct or tuple variant `Ok` in this scope\n   --> /Users/graysonnocera/.cargo/registry/src/index.crates.io-6f17d22bba15001f/blake3-1.5.5/src/lib.rs:283:9\n    |\n283 |         Ok(Hash::from(hash_bytes))\n    |         ^^ not found in this scope\n    |\nhelp: consider importing this tuple variant\n    |\n136 + use core::result::Result::Ok;\n    |\n\nerror[E0405]: cannot find trait `From` in this scope\n   --> /Users/graysonnocera/.cargo/registry/src/index.crates.io-6f17d22bba15001f/blake3-1.5.5/src/lib.rs:287:6\n    |\n287 | impl From<[u8; OUT_LEN]> for Hash {\n    |      ^^^^ not found in this scope\n    |\nhelp: consider importing this trait\n    |\n136 + use core::convert::From;\n    |\n\nerror[E0405]: cannot find trait `From` in this scope\n   --> /Users/graysonnocera/.cargo/registry/src/index.crates.io-6f17d22bba15001f/blake3-1.5.5/src/lib.rs:294:6\n    |\n294 | impl From<Hash> for [u8; OUT_LEN] {\n    |      ^^^^ not found in this scope\n    |\nhelp: consider importing this trait\n    |\n136 + use core::convert::From;\n    |\n\nerror[E0412]: cannot find type `Result` in this scope\n   --> /Users/graysonnocera/.cargo/registry/src/index.crates.io-6f17d22bba15001f/blake3-1.5.5/src/lib.rs:304:29\n    |\n304 |     fn from_str(s: &str) -> Result<Self, Self::Err> {\n    |                             ^^^^^^ not found in this scope\n    |\nhelp: consider importing one of these items\n    |\n136 + use crate::fmt::Result;\n    |\n136 + use core::fmt::Result;\n    |\n136 + use core::result::Result;\n    |\n\nerror[E0405]: cannot find trait `PartialEq` in this scope\n   --> /Users/graysonnocera/.cargo/registry/src/index.crates.io-6f17d22bba15001f/blake3-1.5.5/src/lib.rs:319:6\n    |\n319 | impl PartialEq for Hash {\n    |      ^^^^^^^^^ not found in this scope\n    |\nhelp: consider importing one of these traits\n    |\n136 + use crate::cmp::PartialEq;\n    |\n136 + use core::cmp::PartialEq;\n    |\n\nerror[E0405]: cannot find trait `PartialEq` in this scope\n   --> /Users/graysonnocera/.cargo/registry/src/index.crates.io-6f17d22bba15001f/blake3-1.5.5/src/lib.rs:327:6\n    |\n327 | impl PartialEq<[u8; OUT_LEN]> for Hash {\n    |      ^^^^^^^^^ not found in this scope\n    |\nhelp: consider importing one of these traits\n    |\n136 + use crate::cmp::PartialEq;\n    |\n136 + use core::cmp::PartialEq;\n    |\n\nerror[E0405]: cannot find trait `PartialEq` in this scope\n   --> /Users/graysonnocera/.cargo/registry/src/index.crates.io-6f17d22bba15001f/blake3-1.5.5/src/lib.rs:335:6\n    |\n335 | impl PartialEq<[u8]> for Hash {\n    |      ^^^^^^^^^ not found in this scope\n    |\nhelp: consider importing one of these traits\n    |\n136 + use crate::cmp::PartialEq;\n    |\n136 + use core::cmp::PartialEq;\n    |\n\nerror[E0405]: cannot find trait `Eq` in this scope\n   --> /Users/graysonnocera/.cargo/registry/src/index.crates.io-6f17d22bba15001f/blake3-1.5.5/src/lib.rs:342:6\n    |\n342 | impl Eq for Hash {}\n    |      ^^ not found in this scope\n    |\nhelp: consider importing one of these traits\n    |\n136 + use crate::cmp::Eq;\n    |\n136 + use core::cmp::Eq;\n    |\n\nerror[E0425]: cannot find function, tuple struct or tuple variant `Ok` in this scope\n    --> /Users/graysonnocera/.cargo/registry/src/index.crates.io-6f17d22bba15001f/blake3-1.5.5/src/lib.rs:1426:9\n     |\n1426 |         Ok(self)\n     |         ^^\n     |\nhelp: try calling `Ok` as a method\n     |\n1426 |         self.Ok()\n     |\nhelp: consider importing this tuple variant\n     |\n136  + use core::result::Result::Ok;\n     |\n\nerror[E0405]: cannot find trait `Default` in this scope\n    --> /Users/graysonnocera/.cargo/registry/src/index.crates.io-6f17d22bba15001f/blake3-1.5.5/src/lib.rs:1572:6\n     |\n1572 | impl Default for Hasher {\n     |      ^^^^^^^ not found in this scope\n     |\nhelp: consider importing this trait\n     |\n136  + use core::default::Default;\n     |\n\nerror[E0425]: cannot find function, tuple struct or tuple variant `Ok` in this scope\n    --> /Users/graysonnocera/.cargo/registry/src/index.crates.io-6f17d22bba15001f/blake3-1.5.5/src/lib.rs:1585:9\n     |\n1585 |         Ok(input.len())\n     |         ^^ not found in this scope\n     |\nhelp: consider importing this tuple variant\n     |\n136  + use core::result::Result::Ok;\n     |\n\nerror[E0425]: cannot find function, tuple struct or tuple variant `Ok` in this scope\n    --> /Users/graysonnocera/.cargo/registry/src/index.crates.io-6f17d22bba15001f/blake3-1.5.5/src/lib.rs:1590:9\n     |\n1590 |         Ok(())\n     |         ^^ not found in this scope\n     |\nhelp: consider importing this tuple variant\n     |\n136  + use core::result::Result::Ok;\n     |\n\nerror[E0425]: cannot find function, tuple struct or tuple variant `Ok` in this scope\n    --> /Users/graysonnocera/.cargo/registry/src/index.crates.io-6f17d22bba15001f/blake3-1.5.5/src/lib.rs:1751:9\n     |\n1751 |         Ok(buf.len())\n     |         ^^ not found in this scope\n     |\nhelp: consider importing this tuple variant\n     |\n136  + use core::result::Result::Ok;\n     |\n\nerror[E0425]: cannot find function, tuple struct or tuple variant `Err` in this scope\n    --> /Users/graysonnocera/.cargo/registry/src/index.crates.io-6f17d22bba15001f/blake3-1.5.5/src/lib.rs:1763:24\n     |\n1763 |                 return Err(std::io::Error::new(\n     |                        ^^^ not found in this scope\n     |\nhelp: consider importing this tuple variant\n     |\n136  + use core::result::Result::Err;\n     |\n\nerror[E0425]: cannot find function, tuple struct or tuple variant `Err` in this scope\n    --> /Users/graysonnocera/.cargo/registry/src/index.crates.io-6f17d22bba15001f/blake3-1.5.5/src/lib.rs:1770:20\n     |\n1770 |             return Err(std::io::Error::new(\n     |                    ^^^ not found in this scope\n     |\nhelp: consider importing this tuple variant\n     |\n136  + use core::result::Result::Err;\n     |\n\nerror[E0425]: cannot find function, tuple struct or tuple variant `Ok` in this scope\n    --> /Users/graysonnocera/.cargo/registry/src/index.crates.io-6f17d22bba15001f/blake3-1.5.5/src/lib.rs:1776:9\n     |\n1776 |         Ok(self.position())\n     |         ^^ not found in this scope\n     |\nhelp: consider importing this tuple variant\n     |\n136  + use core::result::Result::Ok;\n     |\n\nSome errors have detailed explanations: E0405, E0412, E0425, E0463, E0531.\nFor more information about an error, try `rustc --explain E0405`.\nerror: could not compile `blake3` (lib) due to 109 previous errors\n",
      "stdout": ""
    },
    "features": [
      "std"
    ],
    "project": "../../../Downloads/695-Project/dataset/nostd-failed-crates/crates/fleek-blake3-1.5.0/src",
    "time_to_build": 307,
    "time_to_solve": 144
  }
]