[
  {
    "built_with_features": null,
    "command": {
      "args": [
        "build",
        "--target",
        "thumbv7m-none-eabi",
        "--no-default-features"
      ],
      "code": 101,
      "stderr": "warning: no edition set: defaulting to the 2015 edition while the latest is 2021\n   Compiling log v0.4.22\nerror[E0463]: can't find crate for `std`\n  |\n  = note: the `thumbv7m-none-eabi` target may not support the standard library\n  = note: `std` is required by `log` because it does not declare `#![no_std]`\n\nerror[E0463]: can't find crate for `std`\n   --> /Users/graysonnocera/.cargo/registry/src/index.crates.io-6f17d22bba15001f/log-0.4.22/src/lib.rs:387:5\n    |\n387 | use std::cfg;\n    |     ^^^ can't find crate\n    |\n    = note: the `thumbv7m-none-eabi` target may not support the standard library\n\nerror[E0463]: can't find crate for `std`\n   --> /Users/graysonnocera/.cargo/registry/src/index.crates.io-6f17d22bba15001f/log-0.4.22/src/lib.rs:389:5\n    |\n389 | use std::error;\n    |     ^^^ can't find crate\n    |\n    = note: the `thumbv7m-none-eabi` target may not support the standard library\n\nerror[E0463]: can't find crate for `std`\n   --> /Users/graysonnocera/.cargo/registry/src/index.crates.io-6f17d22bba15001f/log-0.4.22/src/lib.rs:390:5\n    |\n390 | use std::str::FromStr;\n    |     ^^^ can't find crate\n    |\n    = note: the `thumbv7m-none-eabi` target may not support the standard library\n\nerror[E0463]: can't find crate for `std`\n   --> /Users/graysonnocera/.cargo/registry/src/index.crates.io-6f17d22bba15001f/log-0.4.22/src/lib.rs:391:5\n    |\n391 | use std::{cmp, fmt, mem};\n    |     ^^^ can't find crate\n    |\n    = note: the `thumbv7m-none-eabi` target may not support the standard library\n\nerror[E0463]: can't find crate for `std`\n   --> /Users/graysonnocera/.cargo/registry/src/index.crates.io-6f17d22bba15001f/log-0.4.22/src/lib.rs:401:5\n    |\n401 | use std::sync::atomic::{AtomicUsize, Ordering};\n    |     ^^^ can't find crate\n    |\n    = note: the `thumbv7m-none-eabi` target may not support the standard library\n\nerror[E0463]: can't find crate for `std`\n --> /Users/graysonnocera/.cargo/registry/src/index.crates.io-6f17d22bba15001f/log-0.4.22/src/__private_api.rs:5:5\n  |\n5 | use std::fmt::Arguments;\n  |     ^^^ can't find crate\n  |\n  = note: the `thumbv7m-none-eabi` target may not support the standard library\n\nerror[E0463]: can't find crate for `std`\n --> /Users/graysonnocera/.cargo/registry/src/index.crates.io-6f17d22bba15001f/log-0.4.22/src/__private_api.rs:6:5\n  |\n6 | use std::panic::Location;\n  |     ^^^ can't find crate\n  |\n  = note: the `thumbv7m-none-eabi` target may not support the standard library\n\nerror[E0463]: can't find crate for `std`\n --> /Users/graysonnocera/.cargo/registry/src/index.crates.io-6f17d22bba15001f/log-0.4.22/src/__private_api.rs:7:9\n  |\n7 | pub use std::{format_args, module_path, stringify};\n  |         ^^^ can't find crate\n  |\n  = note: the `thumbv7m-none-eabi` target may not support the standard library\n\nerror: cannot find macro `panic` in this scope\n  --> /Users/graysonnocera/.cargo/registry/src/index.crates.io-6f17d22bba15001f/log-0.4.22/src/__private_api.rs:45:9\n   |\n45 |         panic!(\"key-value support is experimental and must be enabled using the `kv` feature\")\n   |         ^^^^^\n   |\nhelp: consider importing this macro\n   |\n3  + use core::panic;\n   |\n\nerror: cannot find attribute `derive` in this scope\n    --> /Users/graysonnocera/.cargo/registry/src/index.crates.io-6f17d22bba15001f/log-0.4.22/src/lib.rs:1482:3\n     |\n1482 | #[derive(Debug, PartialEq, Eq)]\n     |   ^^^^^^\n     |\nhelp: consider importing this attribute macro\n     |\n387  + use core::prelude::rust_2024::derive;\n     |\n\nerror: cannot find attribute `derive` in this scope\n    --> /Users/graysonnocera/.cargo/registry/src/index.crates.io-6f17d22bba15001f/log-0.4.22/src/lib.rs:1465:3\n     |\n1465 | #[derive(Debug)]\n     |   ^^^^^^\n     |\nhelp: consider importing this attribute macro\n     |\n387  + use core::prelude::rust_2024::derive;\n     |\n\nerror: cannot find macro `unreachable` in this scope\n    --> /Users/graysonnocera/.cargo/registry/src/index.crates.io-6f17d22bba15001f/log-0.4.22/src/lib.rs:1455:13\n     |\n1455 |             unreachable!(\"set_logger_racy must not be used with other initialization functions\")\n     |             ^^^^^^^^^^^\n     |\nhelp: consider importing this macro\n     |\n387  + use core::unreachable;\n     |\n\nerror: cannot find attribute `derive` in this scope\n    --> /Users/graysonnocera/.cargo/registry/src/index.crates.io-6f17d22bba15001f/log-0.4.22/src/lib.rs:1116:3\n     |\n1116 | #[derive(Eq, PartialEq, Ord, PartialOrd, Hash, Debug)]\n     |   ^^^^^^\n     |\nhelp: consider importing this attribute macro\n     |\n387  + use core::prelude::rust_2024::derive;\n     |\n\nerror: cannot find attribute `derive` in this scope\n    --> /Users/graysonnocera/.cargo/registry/src/index.crates.io-6f17d22bba15001f/log-0.4.22/src/lib.rs:1074:3\n     |\n1074 | #[derive(Clone, Eq, PartialEq, Ord, PartialOrd, Hash, Debug)]\n     |   ^^^^^^\n     |\nhelp: consider importing this attribute macro\n     |\n387  + use core::prelude::rust_2024::derive;\n     |\n\nerror: cannot find macro `format_args` in this scope\n   --> /Users/graysonnocera/.cargo/registry/src/index.crates.io-6f17d22bba15001f/log-0.4.22/src/lib.rs:941:23\n    |\n941 |                 args: format_args!(\"\"),\n    |                       ^^^^^^^^^^^\n    |\nhelp: consider importing this macro\n    |\n387 + use core::format_args;\n    |\n\nerror: cannot find attribute `derive` in this scope\n   --> /Users/graysonnocera/.cargo/registry/src/index.crates.io-6f17d22bba15001f/log-0.4.22/src/lib.rs:919:3\n    |\n919 | #[derive(Debug)]\n    |   ^^^^^^\n    |\nhelp: consider importing this attribute macro\n    |\n387 + use core::prelude::rust_2024::derive;\n    |\n\nerror: cannot find attribute `derive` in this scope\n   --> /Users/graysonnocera/.cargo/registry/src/index.crates.io-6f17d22bba15001f/log-0.4.22/src/lib.rs:758:3\n    |\n758 | #[derive(Clone, Debug)]\n    |   ^^^^^^\n    |\nhelp: consider importing this attribute macro\n    |\n387 + use core::prelude::rust_2024::derive;\n    |\n\nerror: cannot find attribute `derive` in this scope\n   --> /Users/graysonnocera/.cargo/registry/src/index.crates.io-6f17d22bba15001f/log-0.4.22/src/lib.rs:697:3\n    |\n697 | #[derive(Copy, Clone, Eq, PartialEq, Ord, PartialOrd, Hash, Debug)]\n    |   ^^^^^^\n    |\nhelp: consider importing this attribute macro\n    |\n387 + use core::prelude::rust_2024::derive;\n    |\n\nerror: cannot find attribute `derive` in this scope\n   --> /Users/graysonnocera/.cargo/registry/src/index.crates.io-6f17d22bba15001f/log-0.4.22/src/lib.rs:597:3\n    |\n597 | #[derive(Clone, Copy, PartialEq, Eq, PartialOrd, Ord, Debug, Hash)]\n    |   ^^^^^^\n    |\nhelp: consider importing this attribute macro\n    |\n387 + use core::prelude::rust_2024::derive;\n    |\n\nerror: cannot find attribute `derive` in this scope\n   --> /Users/graysonnocera/.cargo/registry/src/index.crates.io-6f17d22bba15001f/log-0.4.22/src/lib.rs:477:3\n    |\n477 | #[derive(Clone, Copy, PartialEq, Eq, PartialOrd, Ord, Debug, Hash)]\n    |   ^^^^^^\n    |\nhelp: consider importing this attribute macro\n    |\n387 + use core::prelude::rust_2024::derive;\n    |\n\nerror[E0463]: can't find crate for `std`\n    --> /Users/graysonnocera/.cargo/registry/src/index.crates.io-6f17d22bba15001f/log-0.4.22/src/lib.rs:1228:17\n     |\n1228 | impl<T> Log for std::boxed::Box<T>\n     |                 ^^^ can't find crate\n     |\n     = note: the `thumbv7m-none-eabi` target may not support the standard library\n\nerror[E0463]: can't find crate for `std`\n    --> /Users/graysonnocera/.cargo/registry/src/index.crates.io-6f17d22bba15001f/log-0.4.22/src/lib.rs:1245:17\n     |\n1245 | impl<T> Log for std::sync::Arc<T>\n     |                 ^^^ can't find crate\n     |\n     = note: the `thumbv7m-none-eabi` target may not support the standard library\n\nerror[E0463]: can't find crate for `std`\n    --> /Users/graysonnocera/.cargo/registry/src/index.crates.io-6f17d22bba15001f/log-0.4.22/src/lib.rs:1419:17\n     |\n1419 |                 std::hint::spin_loop();\n     |                 ^^^ can't find crate\n     |\n     = note: the `thumbv7m-none-eabi` target may not support the standard library\n\nerror[E0405]: cannot find trait `PartialEq` in this scope\n   --> /Users/graysonnocera/.cargo/registry/src/index.crates.io-6f17d22bba15001f/log-0.4.22/src/lib.rs:504:6\n    |\n504 | impl PartialEq<LevelFilter> for Level {\n    |      ^^^^^^^^^ not found in this scope\n    |\nhelp: consider importing this trait\n    |\n387 + use core::cmp::PartialEq;\n    |\n\nerror[E0405]: cannot find trait `PartialOrd` in this scope\n   --> /Users/graysonnocera/.cargo/registry/src/index.crates.io-6f17d22bba15001f/log-0.4.22/src/lib.rs:511:6\n    |\n511 | impl PartialOrd<LevelFilter> for Level {\n    |      ^^^^^^^^^^ not found in this scope\n    |\nhelp: consider importing this trait\n    |\n387 + use core::cmp::PartialOrd;\n    |\n\nerror[E0412]: cannot find type `Option` in this scope\n   --> /Users/graysonnocera/.cargo/registry/src/index.crates.io-6f17d22bba15001f/log-0.4.22/src/lib.rs:513:51\n    |\n513 |     fn partial_cmp(&self, other: &LevelFilter) -> Option<cmp::Ordering> {\n    |                                                   ^^^^^^ not found in this scope\n    |\nhelp: consider importing this enum\n    |\n387 + use core::option::Option;\n    |\n\nerror[E0425]: cannot find function, tuple struct or tuple variant `Some` in this scope\n   --> /Users/graysonnocera/.cargo/registry/src/index.crates.io-6f17d22bba15001f/log-0.4.22/src/lib.rs:514:9\n    |\n514 |         Some((*self as usize).cmp(&(*other as usize)))\n    |         ^^^^ not found in this scope\n    |\nhelp: consider importing this tuple variant\n    |\n387 + use core::option::Option::Some;\n    |\n\nerror[E0412]: cannot find type `Result` in this scope\n   --> /Users/graysonnocera/.cargo/registry/src/index.crates.io-6f17d22bba15001f/log-0.4.22/src/lib.rs:520:33\n    |\n520 |     fn from_str(level: &str) -> Result<Level, Self::Err> {\n    |                                 ^^^^^^ not found in this scope\n    |\nhelp: consider importing one of these items\n    |\n387 + use core::fmt::Result;\n    |\n387 + use core::result::Result;\n    |\n\nerror[E0412]: cannot find type `Option` in this scope\n   --> /Users/graysonnocera/.cargo/registry/src/index.crates.io-6f17d22bba15001f/log-0.4.22/src/lib.rs:539:32\n    |\n539 |     fn from_usize(u: usize) -> Option<Level> {\n    |                                ^^^^^^ not found in this scope\n    |\nhelp: consider importing this enum\n    |\n387 + use core::option::Option;\n    |\n\nerror[E0425]: cannot find function, tuple struct or tuple variant `Some` in this scope\n   --> /Users/graysonnocera/.cargo/registry/src/index.crates.io-6f17d22bba15001f/log-0.4.22/src/lib.rs:541:18\n    |\n541 |             1 => Some(Level::Error),\n    |                  ^^^^ not found in this scope\n    |\nhelp: consider importing this tuple variant\n    |\n387 + use core::option::Option::Some;\n    |\n\nerror[E0425]: cannot find function, tuple struct or tuple variant `Some` in this scope\n   --> /Users/graysonnocera/.cargo/registry/src/index.crates.io-6f17d22bba15001f/log-0.4.22/src/lib.rs:542:18\n    |\n542 |             2 => Some(Level::Warn),\n    |                  ^^^^ not found in this scope\n    |\nhelp: consider importing this tuple variant\n    |\n387 + use core::option::Option::Some;\n    |\n\nerror[E0425]: cannot find function, tuple struct or tuple variant `Some` in this scope\n   --> /Users/graysonnocera/.cargo/registry/src/index.crates.io-6f17d22bba15001f/log-0.4.22/src/lib.rs:543:18\n    |\n543 |             3 => Some(Level::Info),\n    |                  ^^^^ not found in this scope\n    |\nhelp: consider importing this tuple variant\n    |\n387 + use core::option::Option::Some;\n    |\n\nerror[E0425]: cannot find function, tuple struct or tuple variant `Some` in this scope\n   --> /Users/graysonnocera/.cargo/registry/src/index.crates.io-6f17d22bba15001f/log-0.4.22/src/lib.rs:544:18\n    |\n544 |             4 => Some(Level::Debug),\n    |                  ^^^^ not found in this scope\n    |\nhelp: consider importing this tuple variant\n    |\n387 + use core::option::Option::Some;\n    |\n\nerror[E0425]: cannot find function, tuple struct or tuple variant `Some` in this scope\n   --> /Users/graysonnocera/.cargo/registry/src/index.crates.io-6f17d22bba15001f/log-0.4.22/src/lib.rs:545:18\n    |\n545 |             5 => Some(Level::Trace),\n    |                  ^^^^ not found in this scope\n    |\nhelp: consider importing this tuple variant\n    |\n387 + use core::option::Option::Some;\n    |\n\nerror[E0425]: cannot find value `None` in this scope\n   --> /Users/graysonnocera/.cargo/registry/src/index.crates.io-6f17d22bba15001f/log-0.4.22/src/lib.rs:546:18\n    |\n546 |             _ => None,\n    |                  ^^^^ not found in this scope\n    |\nhelp: consider importing this unit variant\n    |\n387 + use core::option::Option::None;\n    |\n\nerror[E0405]: cannot find trait `Iterator` in this scope\n   --> /Users/graysonnocera/.cargo/registry/src/index.crates.io-6f17d22bba15001f/log-0.4.22/src/lib.rs:583:27\n    |\n583 |     pub fn iter() -> impl Iterator<Item = Self> {\n    |                           ^^^^^^^^ not found in this scope\n    |\nhelp: consider importing this trait\n    |\n387 + use core::iter::Iterator;\n    |\n\nerror[E0405]: cannot find trait `PartialEq` in this scope\n   --> /Users/graysonnocera/.cargo/registry/src/index.crates.io-6f17d22bba15001f/log-0.4.22/src/lib.rs:613:6\n    |\n613 | impl PartialEq<Level> for LevelFilter {\n    |      ^^^^^^^^^ not found in this scope\n    |\nhelp: consider importing this trait\n    |\n387 + use core::cmp::PartialEq;\n    |\n\nerror[E0405]: cannot find trait `PartialOrd` in this scope\n   --> /Users/graysonnocera/.cargo/registry/src/index.crates.io-6f17d22bba15001f/log-0.4.22/src/lib.rs:620:6\n    |\n620 | impl PartialOrd<Level> for LevelFilter {\n    |      ^^^^^^^^^^ not found in this scope\n    |\nhelp: consider importing this trait\n    |\n387 + use core::cmp::PartialOrd;\n    |\n\nerror[E0412]: cannot find type `Option` in this scope\n   --> /Users/graysonnocera/.cargo/registry/src/index.crates.io-6f17d22bba15001f/log-0.4.22/src/lib.rs:622:45\n    |\n622 |     fn partial_cmp(&self, other: &Level) -> Option<cmp::Ordering> {\n    |                                             ^^^^^^ not found in this scope\n    |\nhelp: consider importing this enum\n    |\n387 + use core::option::Option;\n    |\n\nerror[E0425]: cannot find function, tuple struct or tuple variant `Some` in this scope\n   --> /Users/graysonnocera/.cargo/registry/src/index.crates.io-6f17d22bba15001f/log-0.4.22/src/lib.rs:623:9\n    |\n623 |         Some((*self as usize).cmp(&(*other as usize)))\n    |         ^^^^ not found in this scope\n    |\nhelp: consider importing this tuple variant\n    |\n387 + use core::option::Option::Some;\n    |\n\nerror[E0412]: cannot find type `Result` in this scope\n   --> /Users/graysonnocera/.cargo/registry/src/index.crates.io-6f17d22bba15001f/log-0.4.22/src/lib.rs:629:33\n    |\n629 |     fn from_str(level: &str) -> Result<LevelFilter, Self::Err> {\n    |                                 ^^^^^^ not found in this scope\n    |\nhelp: consider importing one of these items\n    |\n387 + use core::fmt::Result;\n    |\n387 + use core::result::Result;\n    |\n\nerror[E0412]: cannot find type `Option` in this scope\n   --> /Users/graysonnocera/.cargo/registry/src/index.crates.io-6f17d22bba15001f/log-0.4.22/src/lib.rs:645:32\n    |\n645 |     fn from_usize(u: usize) -> Option<LevelFilter> {\n    |                                ^^^^^^ not found in this scope\n    |\nhelp: consider importing this enum\n    |\n387 + use core::option::Option;\n    |\n\nerror[E0425]: cannot find function, tuple struct or tuple variant `Some` in this scope\n   --> /Users/graysonnocera/.cargo/registry/src/index.crates.io-6f17d22bba15001f/log-0.4.22/src/lib.rs:647:18\n    |\n647 |             0 => Some(LevelFilter::Off),\n    |                  ^^^^ not found in this scope\n    |\nhelp: consider importing this tuple variant\n    |\n387 + use core::option::Option::Some;\n    |\n\nerror[E0425]: cannot find function, tuple struct or tuple variant `Some` in this scope\n   --> /Users/graysonnocera/.cargo/registry/src/index.crates.io-6f17d22bba15001f/log-0.4.22/src/lib.rs:648:18\n    |\n648 |             1 => Some(LevelFilter::Error),\n    |                  ^^^^ not found in this scope\n    |\nhelp: consider importing this tuple variant\n    |\n387 + use core::option::Option::Some;\n    |\n\nerror[E0425]: cannot find function, tuple struct or tuple variant `Some` in this scope\n   --> /Users/graysonnocera/.cargo/registry/src/index.crates.io-6f17d22bba15001f/log-0.4.22/src/lib.rs:649:18\n    |\n649 |             2 => Some(LevelFilter::Warn),\n    |                  ^^^^ not found in this scope\n    |\nhelp: consider importing this tuple variant\n    |\n387 + use core::option::Option::Some;\n    |\n\nerror[E0425]: cannot find function, tuple struct or tuple variant `Some` in this scope\n   --> /Users/graysonnocera/.cargo/registry/src/index.crates.io-6f17d22bba15001f/log-0.4.22/src/lib.rs:650:18\n    |\n650 |             3 => Some(LevelFilter::Info),\n    |                  ^^^^ not found in this scope\n    |\nhelp: consider importing this tuple variant\n    |\n387 + use core::option::Option::Some;\n    |\n\nerror[E0425]: cannot find function, tuple struct or tuple variant `Some` in this scope\n   --> /Users/graysonnocera/.cargo/registry/src/index.crates.io-6f17d22bba15001f/log-0.4.22/src/lib.rs:651:18\n    |\n651 |             4 => Some(LevelFilter::Debug),\n    |                  ^^^^ not found in this scope\n    |\nhelp: consider importing this tuple variant\n    |\n387 + use core::option::Option::Some;\n    |\n\nerror[E0425]: cannot find function, tuple struct or tuple variant `Some` in this scope\n   --> /Users/graysonnocera/.cargo/registry/src/index.crates.io-6f17d22bba15001f/log-0.4.22/src/lib.rs:652:18\n    |\n652 |             5 => Some(LevelFilter::Trace),\n    |                  ^^^^ not found in this scope\n    |\nhelp: consider importing this tuple variant\n    |\n387 + use core::option::Option::Some;\n    |\n\nerror[E0425]: cannot find value `None` in this scope\n   --> /Users/graysonnocera/.cargo/registry/src/index.crates.io-6f17d22bba15001f/log-0.4.22/src/lib.rs:653:18\n    |\n653 |             _ => None,\n    |                  ^^^^ not found in this scope\n    |\nhelp: consider importing this unit variant\n    |\n387 + use core::option::Option::None;\n    |\n\nerror[E0412]: cannot find type `Option` in this scope\n   --> /Users/graysonnocera/.cargo/registry/src/index.crates.io-6f17d22bba15001f/log-0.4.22/src/lib.rs:667:31\n    |\n667 |     pub fn to_level(&self) -> Option<Level> {\n    |                               ^^^^^^ not found in this scope\n    |\nhelp: consider importing this enum\n    |\n387 + use core::option::Option;\n    |\n\nerror[E0405]: cannot find trait `Iterator` in this scope\n   --> /Users/graysonnocera/.cargo/registry/src/index.crates.io-6f17d22bba15001f/log-0.4.22/src/lib.rs:692:27\n    |\n692 |     pub fn iter() -> impl Iterator<Item = Self> {\n    |                           ^^^^^^^^ not found in this scope\n    |\nhelp: consider importing this trait\n    |\n387 + use core::iter::Iterator;\n    |\n\nerror[E0412]: cannot find type `Option` in this scope\n   --> /Users/graysonnocera/.cargo/registry/src/index.crates.io-6f17d22bba15001f/log-0.4.22/src/lib.rs:762:18\n    |\n762 |     module_path: Option<MaybeStaticStr<'a>>,\n    |                  ^^^^^^ not found in this scope\n    |\nhelp: consider importing this enum\n    |\n387 + use core::option::Option;\n    |\n\nerror[E0412]: cannot find type `Option` in this scope\n   --> /Users/graysonnocera/.cargo/registry/src/index.crates.io-6f17d22bba15001f/log-0.4.22/src/lib.rs:763:11\n    |\n763 |     file: Option<MaybeStaticStr<'a>>,\n    |           ^^^^^^ not found in this scope\n    |\nhelp: consider importing this enum\n    |\n387 + use core::option::Option;\n    |\n\nerror[E0412]: cannot find type `Option` in this scope\n   --> /Users/graysonnocera/.cargo/registry/src/index.crates.io-6f17d22bba15001f/log-0.4.22/src/lib.rs:764:11\n    |\n764 |     line: Option<u32>,\n    |           ^^^^^^ not found in this scope\n    |\nhelp: consider importing this enum\n    |\n387 + use core::option::Option;\n    |\n\nerror[E0412]: cannot find type `Option` in this scope\n   --> /Users/graysonnocera/.cargo/registry/src/index.crates.io-6f17d22bba15001f/log-0.4.22/src/lib.rs:819:34\n    |\n819 |     pub fn module_path(&self) -> Option<&'a str> {\n    |                                  ^^^^^^ not found in this scope\n    |\nhelp: consider importing this enum\n    |\n387 + use core::option::Option;\n    |\n\nerror[E0412]: cannot find type `Option` in this scope\n   --> /Users/graysonnocera/.cargo/registry/src/index.crates.io-6f17d22bba15001f/log-0.4.22/src/lib.rs:825:41\n    |\n825 |     pub fn module_path_static(&self) -> Option<&'static str> {\n    |                                         ^^^^^^ not found in this scope\n    |\nhelp: consider importing this enum\n    |\n387 + use core::option::Option;\n    |\n\nerror[E0531]: cannot find tuple struct or tuple variant `Some` in this scope\n   --> /Users/graysonnocera/.cargo/registry/src/index.crates.io-6f17d22bba15001f/log-0.4.22/src/lib.rs:827:13\n    |\n827 |             Some(MaybeStaticStr::Static(s)) => Some(s),\n    |             ^^^^ not found in this scope\n    |\nhelp: consider importing this tuple variant\n    |\n387 + use core::option::Option::Some;\n    |\n\nerror[E0425]: cannot find function, tuple struct or tuple variant `Some` in this scope\n   --> /Users/graysonnocera/.cargo/registry/src/index.crates.io-6f17d22bba15001f/log-0.4.22/src/lib.rs:827:48\n    |\n827 |             Some(MaybeStaticStr::Static(s)) => Some(s),\n    |                                                ^^^^ not found in this scope\n    |\nhelp: consider importing this tuple variant\n    |\n387 + use core::option::Option::Some;\n    |\n\nerror[E0425]: cannot find value `None` in this scope\n   --> /Users/graysonnocera/.cargo/registry/src/index.crates.io-6f17d22bba15001f/log-0.4.22/src/lib.rs:828:18\n    |\n828 |             _ => None,\n    |                  ^^^^ not found in this scope\n    |\nhelp: consider importing this unit variant\n    |\n387 + use core::option::Option::None;\n    |\n\nerror[E0412]: cannot find type `Option` in this scope\n   --> /Users/graysonnocera/.cargo/registry/src/index.crates.io-6f17d22bba15001f/log-0.4.22/src/lib.rs:834:27\n    |\n834 |     pub fn file(&self) -> Option<&'a str> {\n    |                           ^^^^^^ not found in this scope\n    |\nhelp: consider importing this enum\n    |\n387 + use core::option::Option;\n    |\n\nerror[E0412]: cannot find type `Option` in this scope\n   --> /Users/graysonnocera/.cargo/registry/src/index.crates.io-6f17d22bba15001f/log-0.4.22/src/lib.rs:840:34\n    |\n840 |     pub fn file_static(&self) -> Option<&'static str> {\n    |                                  ^^^^^^ not found in this scope\n    |\nhelp: consider importing this enum\n    |\n387 + use core::option::Option;\n    |\n\nerror[E0531]: cannot find tuple struct or tuple variant `Some` in this scope\n   --> /Users/graysonnocera/.cargo/registry/src/index.crates.io-6f17d22bba15001f/log-0.4.22/src/lib.rs:842:13\n    |\n842 |             Some(MaybeStaticStr::Static(s)) => Some(s),\n    |             ^^^^ not found in this scope\n    |\nhelp: consider importing this tuple variant\n    |\n387 + use core::option::Option::Some;\n    |\n\nerror[E0425]: cannot find function, tuple struct or tuple variant `Some` in this scope\n   --> /Users/graysonnocera/.cargo/registry/src/index.crates.io-6f17d22bba15001f/log-0.4.22/src/lib.rs:842:48\n    |\n842 |             Some(MaybeStaticStr::Static(s)) => Some(s),\n    |                                                ^^^^ not found in this scope\n    |\nhelp: consider importing this tuple variant\n    |\n387 + use core::option::Option::Some;\n    |\n\nerror[E0425]: cannot find value `None` in this scope\n   --> /Users/graysonnocera/.cargo/registry/src/index.crates.io-6f17d22bba15001f/log-0.4.22/src/lib.rs:843:18\n    |\n843 |             _ => None,\n    |                  ^^^^ not found in this scope\n    |\nhelp: consider importing this unit variant\n    |\n387 + use core::option::Option::None;\n    |\n\nerror[E0412]: cannot find type `Option` in this scope\n   --> /Users/graysonnocera/.cargo/registry/src/index.crates.io-6f17d22bba15001f/log-0.4.22/src/lib.rs:849:27\n    |\n849 |     pub fn line(&self) -> Option<u32> {\n    |                           ^^^^^^ not found in this scope\n    |\nhelp: consider importing this enum\n    |\n387 + use core::option::Option;\n    |\n\nerror[E0425]: cannot find value `None` in this scope\n   --> /Users/graysonnocera/.cargo/registry/src/index.crates.io-6f17d22bba15001f/log-0.4.22/src/lib.rs:943:30\n    |\n943 |                 module_path: None,\n    |                              ^^^^ not found in this scope\n    |\nhelp: consider importing this unit variant\n    |\n387 + use core::option::Option::None;\n    |\n\nerror[E0425]: cannot find value `None` in this scope\n   --> /Users/graysonnocera/.cargo/registry/src/index.crates.io-6f17d22bba15001f/log-0.4.22/src/lib.rs:944:23\n    |\n944 |                 file: None,\n    |                       ^^^^ not found in this scope\n    |\nhelp: consider importing this unit variant\n    |\n387 + use core::option::Option::None;\n    |\n\nerror[E0425]: cannot find value `None` in this scope\n   --> /Users/graysonnocera/.cargo/registry/src/index.crates.io-6f17d22bba15001f/log-0.4.22/src/lib.rs:945:23\n    |\n945 |                 line: None,\n    |                       ^^^^ not found in this scope\n    |\nhelp: consider importing this unit variant\n    |\n387 + use core::option::Option::None;\n    |\n\nerror[E0412]: cannot find type `Option` in this scope\n   --> /Users/graysonnocera/.cargo/registry/src/index.crates.io-6f17d22bba15001f/log-0.4.22/src/lib.rs:982:41\n    |\n982 |     pub fn module_path(&mut self, path: Option<&'a str>) -> &mut RecordBuilder<'a> {\n    |                                         ^^^^^^ not found in this scope\n    |\nhelp: consider importing this enum\n    |\n387 + use core::option::Option;\n    |\n\nerror[E0412]: cannot find type `Option` in this scope\n   --> /Users/graysonnocera/.cargo/registry/src/index.crates.io-6f17d22bba15001f/log-0.4.22/src/lib.rs:989:48\n    |\n989 |     pub fn module_path_static(&mut self, path: Option<&'static str>) -> &mut RecordBuilder<'a> {\n    |                                                ^^^^^^ not found in this scope\n    |\nhelp: consider importing this enum\n    |\n387 + use core::option::Option;\n    |\n\nerror[E0412]: cannot find type `Option` in this scope\n   --> /Users/graysonnocera/.cargo/registry/src/index.crates.io-6f17d22bba15001f/log-0.4.22/src/lib.rs:996:34\n    |\n996 |     pub fn file(&mut self, file: Option<&'a str>) -> &mut RecordBuilder<'a> {\n    |                                  ^^^^^^ not found in this scope\n    |\nhelp: consider importing this enum\n    |\n387 + use core::option::Option;\n    |\n\nerror[E0412]: cannot find type `Option` in this scope\n    --> /Users/graysonnocera/.cargo/registry/src/index.crates.io-6f17d22bba15001f/log-0.4.22/src/lib.rs:1003:41\n     |\n1003 |     pub fn file_static(&mut self, file: Option<&'static str>) -> &mut RecordBuilder<'a> {\n     |                                         ^^^^^^ not found in this scope\n     |\nhelp: consider importing this enum\n     |\n387  + use core::option::Option;\n     |\n\nerror[E0412]: cannot find type `Option` in this scope\n    --> /Users/graysonnocera/.cargo/registry/src/index.crates.io-6f17d22bba15001f/log-0.4.22/src/lib.rs:1010:34\n     |\n1010 |     pub fn line(&mut self, line: Option<u32>) -> &mut RecordBuilder<'a> {\n     |                                  ^^^^^^ not found in this scope\n     |\nhelp: consider importing this enum\n     |\n387  + use core::option::Option;\n     |\n\nerror[E0405]: cannot find trait `Default` in this scope\n    --> /Users/graysonnocera/.cargo/registry/src/index.crates.io-6f17d22bba15001f/log-0.4.22/src/lib.rs:1030:10\n     |\n1030 | impl<'a> Default for RecordBuilder<'a> {\n     |          ^^^^^^^ not found in this scope\n     |\nhelp: consider importing this trait\n     |\n387  + use core::default::Default;\n     |\n\nerror[E0405]: cannot find trait `Default` in this scope\n    --> /Users/graysonnocera/.cargo/registry/src/index.crates.io-6f17d22bba15001f/log-0.4.22/src/lib.rs:1159:10\n     |\n1159 | impl<'a> Default for MetadataBuilder<'a> {\n     |          ^^^^^^^ not found in this scope\n     |\nhelp: consider importing this trait\n     |\n387  + use core::default::Default;\n     |\n\nerror[E0405]: cannot find trait `Sync` in this scope\n    --> /Users/graysonnocera/.cargo/registry/src/index.crates.io-6f17d22bba15001f/log-0.4.22/src/lib.rs:1166:16\n     |\n1166 | pub trait Log: Sync + Send {\n     |                ^^^^ not found in this scope\n     |\nhelp: consider importing this trait\n     |\n387  + use core::marker::Sync;\n     |\n\nerror[E0405]: cannot find trait `Send` in this scope\n    --> /Users/graysonnocera/.cargo/registry/src/index.crates.io-6f17d22bba15001f/log-0.4.22/src/lib.rs:1166:23\n     |\n1166 | pub trait Log: Sync + Send {\n     |                       ^^^^ not found in this scope\n     |\nhelp: consider importing this trait\n     |\n387  + use core::marker::Send;\n     |\n\nerror[E0405]: cannot find trait `Sized` in this scope\n    --> /Users/graysonnocera/.cargo/registry/src/index.crates.io-6f17d22bba15001f/log-0.4.22/src/lib.rs:1213:9\n     |\n1213 |     T: ?Sized + Log,\n     |         ^^^^^ not found in this scope\n     |\nhelp: consider importing this trait\n     |\n387  + use core::marker::Sized;\n     |\n\nerror[E0405]: cannot find trait `Sized` in this scope\n    --> /Users/graysonnocera/.cargo/registry/src/index.crates.io-6f17d22bba15001f/log-0.4.22/src/lib.rs:1230:9\n     |\n1230 |     T: ?Sized + Log,\n     |         ^^^^^ not found in this scope\n     |\nhelp: consider importing this trait\n     |\n387  + use core::marker::Sized;\n     |\n\nerror[E0405]: cannot find trait `Sized` in this scope\n    --> /Users/graysonnocera/.cargo/registry/src/index.crates.io-6f17d22bba15001f/log-0.4.22/src/lib.rs:1247:9\n     |\n1247 |     T: ?Sized + Log,\n     |         ^^^^^ not found in this scope\n     |\nhelp: consider importing this trait\n     |\n387  + use core::marker::Sized;\n     |\n\nerror[E0412]: cannot find type `Box` in this scope\n    --> /Users/graysonnocera/.cargo/registry/src/index.crates.io-6f17d22bba15001f/log-0.4.22/src/lib.rs:1337:33\n     |\n1337 | pub fn set_boxed_logger(logger: Box<dyn Log>) -> Result<(), SetLoggerError> {\n     |                                 ^^^ not found in this scope\n\nerror[E0412]: cannot find type `Result` in this scope\n    --> /Users/graysonnocera/.cargo/registry/src/index.crates.io-6f17d22bba15001f/log-0.4.22/src/lib.rs:1337:50\n     |\n1337 | pub fn set_boxed_logger(logger: Box<dyn Log>) -> Result<(), SetLoggerError> {\n     |                                                  ^^^^^^ not found in this scope\n     |\nhelp: consider importing one of these items\n     |\n387  + use core::fmt::Result;\n     |\n387  + use core::result::Result;\n     |\n\nerror[E0412]: cannot find type `Result` in this scope\n    --> /Users/graysonnocera/.cargo/registry/src/index.crates.io-6f17d22bba15001f/log-0.4.22/src/lib.rs:1395:48\n     |\n1395 | pub fn set_logger(logger: &'static dyn Log) -> Result<(), SetLoggerError> {\n     |                                                ^^^^^^ not found in this scope\n     |\nhelp: consider importing one of these items\n     |\n387  + use core::fmt::Result;\n     |\n387  + use core::result::Result;\n     |\n\nerror[E0405]: cannot find trait `FnOnce` in this scope\n    --> /Users/graysonnocera/.cargo/registry/src/index.crates.io-6f17d22bba15001f/log-0.4.22/src/lib.rs:1402:8\n     |\n1402 |     F: FnOnce() -> &'static dyn Log,\n     |        ^^^^^^ not found in this scope\n     |\nhelp: consider importing this trait\n     |\n387  + use core::ops::FnOnce;\n     |\n\nerror[E0412]: cannot find type `Result` in this scope\n    --> /Users/graysonnocera/.cargo/registry/src/index.crates.io-6f17d22bba15001f/log-0.4.22/src/lib.rs:1400:43\n     |\n1400 | fn set_logger_inner<F>(make_logger: F) -> Result<(), SetLoggerError>\n     |                                           ^^^^^^ not found in this scope\n     |\nhelp: consider importing one of these items\n     |\n387  + use core::fmt::Result;\n     |\n387  + use core::result::Result;\n     |\n\nerror[E0531]: cannot find tuple struct or tuple variant `Ok` in this scope\n    --> /Users/graysonnocera/.cargo/registry/src/index.crates.io-6f17d22bba15001f/log-0.4.22/src/lib.rs:1410:9\n     |\n1410 |         Ok(UNINITIALIZED) => {\n     |         ^^ not found in this scope\n     |\nhelp: consider importing this tuple variant\n     |\n387  + use core::result::Result::Ok;\n     |\n\nerror[E0425]: cannot find function, tuple struct or tuple variant `Ok` in this scope\n    --> /Users/graysonnocera/.cargo/registry/src/index.crates.io-6f17d22bba15001f/log-0.4.22/src/lib.rs:1415:13\n     |\n1415 |             Ok(())\n     |             ^^ not found in this scope\n     |\nhelp: consider importing this tuple variant\n     |\n387  + use core::result::Result::Ok;\n     |\n\nerror[E0531]: cannot find tuple struct or tuple variant `Err` in this scope\n    --> /Users/graysonnocera/.cargo/registry/src/index.crates.io-6f17d22bba15001f/log-0.4.22/src/lib.rs:1417:9\n     |\n1417 |         Err(INITIALIZING) => {\n     |         ^^^ not found in this scope\n     |\nhelp: consider importing this tuple variant\n     |\n387  + use core::result::Result::Err;\n     |\n\nerror[E0425]: cannot find function, tuple struct or tuple variant `Err` in this scope\n    --> /Users/graysonnocera/.cargo/registry/src/index.crates.io-6f17d22bba15001f/log-0.4.22/src/lib.rs:1421:13\n     |\n1421 |             Err(SetLoggerError(()))\n     |             ^^^ not found in this scope\n     |\nhelp: consider importing this tuple variant\n     |\n387  + use core::result::Result::Err;\n     |\n\nerror[E0425]: cannot find function, tuple struct or tuple variant `Err` in this scope\n    --> /Users/graysonnocera/.cargo/registry/src/index.crates.io-6f17d22bba15001f/log-0.4.22/src/lib.rs:1423:14\n     |\n1423 |         _ => Err(SetLoggerError(())),\n     |              ^^^ not found in this scope\n     |\nhelp: consider importing this tuple variant\n     |\n387  + use core::result::Result::Err;\n     |\n\nerror[E0412]: cannot find type `Result` in this scope\n    --> /Users/graysonnocera/.cargo/registry/src/index.crates.io-6f17d22bba15001f/log-0.4.22/src/lib.rs:1446:60\n     |\n1446 | pub unsafe fn set_logger_racy(logger: &'static dyn Log) -> Result<(), SetLoggerError> {\n     |                                                            ^^^^^^ not found in this scope\n     |\nhelp: consider importing one of these items\n     |\n387  + use core::fmt::Result;\n     |\n387  + use core::result::Result;\n     |\n\nerror[E0425]: cannot find function, tuple struct or tuple variant `Ok` in this scope\n    --> /Users/graysonnocera/.cargo/registry/src/index.crates.io-6f17d22bba15001f/log-0.4.22/src/lib.rs:1451:13\n     |\n1451 |             Ok(())\n     |             ^^ not found in this scope\n     |\nhelp: consider importing this tuple variant\n     |\n387  + use core::result::Result::Ok;\n     |\n\nerror[E0425]: cannot find function, tuple struct or tuple variant `Err` in this scope\n    --> /Users/graysonnocera/.cargo/registry/src/index.crates.io-6f17d22bba15001f/log-0.4.22/src/lib.rs:1457:14\n     |\n1457 |         _ => Err(SetLoggerError(())),\n     |              ^^^ not found in this scope\n     |\nhelp: consider importing this tuple variant\n     |\n387  + use core::result::Result::Err;\n     |\n\nerror[E0412]: cannot find type `Option` in this scope\n  --> /Users/graysonnocera/.cargo/registry/src/index.crates.io-6f17d22bba15001f/log-0.4.22/src/__private_api.rs:15:30\n   |\n15 |         fn into_kvs(self) -> Option<&'a [(&'a str, super::Value<'a>)]>;\n   |                              ^^^^^^ not found in this scope\n   |\nhelp: consider importing this enum\n   |\n13 +     use core::option::Option;\n   |\n\nerror[E0412]: cannot find type `Option` in this scope\n  --> /Users/graysonnocera/.cargo/registry/src/index.crates.io-6f17d22bba15001f/log-0.4.22/src/__private_api.rs:23:26\n   |\n23 |     fn into_kvs(self) -> Option<&'a [(&'a str, Value<'a>)]> {\n   |                          ^^^^^^ not found in this scope\n   |\nhelp: consider importing this enum\n   |\n3  + use core::option::Option;\n   |\n\nerror[E0425]: cannot find function, tuple struct or tuple variant `Some` in this scope\n  --> /Users/graysonnocera/.cargo/registry/src/index.crates.io-6f17d22bba15001f/log-0.4.22/src/__private_api.rs:24:9\n   |\n24 |         Some(self)\n   |         ^^^^\n   |\nhelp: try calling `Some` as a method\n   |\n24 |         self.Some()\n   |\nhelp: consider importing this tuple variant\n   |\n3  + use core::option::Option::Some;\n   |\n\nerror[E0412]: cannot find type `Option` in this scope\n  --> /Users/graysonnocera/.cargo/registry/src/index.crates.io-6f17d22bba15001f/log-0.4.22/src/__private_api.rs:30:26\n   |\n30 |     fn into_kvs(self) -> Option<&'a [(&'a str, Value<'a>)]> {\n   |                          ^^^^^^ not found in this scope\n   |\nhelp: consider importing this enum\n   |\n3  + use core::option::Option;\n   |\n\nerror[E0425]: cannot find value `None` in this scope\n  --> /Users/graysonnocera/.cargo/registry/src/index.crates.io-6f17d22bba15001f/log-0.4.22/src/__private_api.rs:31:9\n   |\n31 |         None\n   |         ^^^^ not found in this scope\n   |\nhelp: consider importing this unit variant\n   |\n3  + use core::option::Option::None;\n   |\n\nerror[E0412]: cannot find type `Option` in this scope\n  --> /Users/graysonnocera/.cargo/registry/src/index.crates.io-6f17d22bba15001f/log-0.4.22/src/__private_api.rs:41:10\n   |\n41 |     kvs: Option<&[(&str, Value)]>,\n   |          ^^^^^^ not found in this scope\n   |\nhelp: consider importing this enum\n   |\n3  + use core::option::Option;\n   |\n\nerror[E0425]: cannot find function, tuple struct or tuple variant `Some` in this scope\n  --> /Users/graysonnocera/.cargo/registry/src/index.crates.io-6f17d22bba15001f/log-0.4.22/src/__private_api.rs:54:29\n   |\n54 |         .module_path_static(Some(module_path))\n   |                             ^^^^ not found in this scope\n   |\nhelp: consider importing this tuple variant\n   |\n3  + use core::option::Option::Some;\n   |\n\nerror[E0425]: cannot find function, tuple struct or tuple variant `Some` in this scope\n  --> /Users/graysonnocera/.cargo/registry/src/index.crates.io-6f17d22bba15001f/log-0.4.22/src/__private_api.rs:55:22\n   |\n55 |         .file_static(Some(loc.file()))\n   |                      ^^^^ not found in this scope\n   |\nhelp: consider importing this tuple variant\n   |\n3  + use core::option::Option::Some;\n   |\n\nerror[E0425]: cannot find function, tuple struct or tuple variant `Some` in this scope\n  --> /Users/graysonnocera/.cargo/registry/src/index.crates.io-6f17d22bba15001f/log-0.4.22/src/__private_api.rs:56:15\n   |\n56 |         .line(Some(loc.line()));\n   |               ^^^^ not found in this scope\n   |\nhelp: consider importing this tuple variant\n   |\n3  + use core::option::Option::Some;\n   |\n\nerror[E0659]: `cfg` is ambiguous\n   --> /Users/graysonnocera/.cargo/registry/src/index.crates.io-6f17d22bba15001f/log-0.4.22/src/lib.rs:388:3\n    |\n388 | #[cfg(feature = \"std\")]\n    |   ^^^ ambiguous name\n    |\n    = note: ambiguous because of a name conflict with a builtin attribute\n    = note: `cfg` could refer to a built-in attribute\nnote: `cfg` could also refer to the unresolved item imported here\n   --> /Users/graysonnocera/.cargo/registry/src/index.crates.io-6f17d22bba15001f/log-0.4.22/src/lib.rs:387:5\n    |\n387 | use std::cfg;\n    |     ^^^^^^^^\n    = help: use `crate::cfg` to refer to this unresolved item unambiguously\n\nerror[E0659]: `cfg` is ambiguous\n   --> /Users/graysonnocera/.cargo/registry/src/index.crates.io-6f17d22bba15001f/log-0.4.22/src/lib.rs:400:3\n    |\n400 | #[cfg(target_has_atomic = \"ptr\")]\n    |   ^^^ ambiguous name\n    |\n    = note: ambiguous because of a name conflict with a builtin attribute\n    = note: `cfg` could refer to a built-in attribute\nnote: `cfg` could also refer to the unresolved item imported here\n   --> /Users/graysonnocera/.cargo/registry/src/index.crates.io-6f17d22bba15001f/log-0.4.22/src/lib.rs:387:5\n    |\n387 | use std::cfg;\n    |     ^^^^^^^^\n    = help: use `crate::cfg` to refer to this unresolved item unambiguously\n\nerror[E0659]: `cfg` is ambiguous\n    --> /Users/graysonnocera/.cargo/registry/src/index.crates.io-6f17d22bba15001f/log-0.4.22/src/lib.rs:1227:3\n     |\n1227 | #[cfg(feature = \"std\")]\n     |   ^^^ ambiguous name\n     |\n     = note: ambiguous because of a name conflict with a builtin attribute\n     = note: `cfg` could refer to a built-in attribute\nnote: `cfg` could also refer to the unresolved item imported here\n    --> /Users/graysonnocera/.cargo/registry/src/index.crates.io-6f17d22bba15001f/log-0.4.22/src/lib.rs:387:5\n     |\n387  | use std::cfg;\n     |     ^^^^^^^^\n     = help: use `crate::cfg` to refer to this unresolved item unambiguously\n\nerror[E0659]: `cfg` is ambiguous\n    --> /Users/graysonnocera/.cargo/registry/src/index.crates.io-6f17d22bba15001f/log-0.4.22/src/lib.rs:1244:3\n     |\n1244 | #[cfg(feature = \"std\")]\n     |   ^^^ ambiguous name\n     |\n     = note: ambiguous because of a name conflict with a builtin attribute\n     = note: `cfg` could refer to a built-in attribute\nnote: `cfg` could also refer to the unresolved item imported here\n    --> /Users/graysonnocera/.cargo/registry/src/index.crates.io-6f17d22bba15001f/log-0.4.22/src/lib.rs:387:5\n     |\n387  | use std::cfg;\n     |     ^^^^^^^^\n     = help: use `crate::cfg` to refer to this unresolved item unambiguously\n\nerror[E0659]: `cfg` is ambiguous\n    --> /Users/graysonnocera/.cargo/registry/src/index.crates.io-6f17d22bba15001f/log-0.4.22/src/lib.rs:1267:3\n     |\n1267 | #[cfg(target_has_atomic = \"ptr\")]\n     |   ^^^ ambiguous name\n     |\n     = note: ambiguous because of a name conflict with a builtin attribute\n     = note: `cfg` could refer to a built-in attribute\nnote: `cfg` could also refer to the unresolved item imported here\n    --> /Users/graysonnocera/.cargo/registry/src/index.crates.io-6f17d22bba15001f/log-0.4.22/src/lib.rs:387:5\n     |\n387  | use std::cfg;\n     |     ^^^^^^^^\n     = help: use `crate::cfg` to refer to this unresolved item unambiguously\n\nerror[E0659]: `cfg` is ambiguous\n    --> /Users/graysonnocera/.cargo/registry/src/index.crates.io-6f17d22bba15001f/log-0.4.22/src/lib.rs:1336:3\n     |\n1336 | #[cfg(all(feature = \"std\", target_has_atomic = \"ptr\"))]\n     |   ^^^ ambiguous name\n     |\n     = note: ambiguous because of a name conflict with a builtin attribute\n     = note: `cfg` could refer to a built-in attribute\nnote: `cfg` could also refer to the unresolved item imported here\n    --> /Users/graysonnocera/.cargo/registry/src/index.crates.io-6f17d22bba15001f/log-0.4.22/src/lib.rs:387:5\n     |\n387  | use std::cfg;\n     |     ^^^^^^^^\n     = help: use `crate::cfg` to refer to this unresolved item unambiguously\n\nerror[E0659]: `cfg` is ambiguous\n    --> /Users/graysonnocera/.cargo/registry/src/index.crates.io-6f17d22bba15001f/log-0.4.22/src/lib.rs:1394:3\n     |\n1394 | #[cfg(target_has_atomic = \"ptr\")]\n     |   ^^^ ambiguous name\n     |\n     = note: ambiguous because of a name conflict with a builtin attribute\n     = note: `cfg` could refer to a built-in attribute\nnote: `cfg` could also refer to the unresolved item imported here\n    --> /Users/graysonnocera/.cargo/registry/src/index.crates.io-6f17d22bba15001f/log-0.4.22/src/lib.rs:387:5\n     |\n387  | use std::cfg;\n     |     ^^^^^^^^\n     = help: use `crate::cfg` to refer to this unresolved item unambiguously\n\nerror[E0659]: `cfg` is ambiguous\n    --> /Users/graysonnocera/.cargo/registry/src/index.crates.io-6f17d22bba15001f/log-0.4.22/src/lib.rs:1399:3\n     |\n1399 | #[cfg(target_has_atomic = \"ptr\")]\n     |   ^^^ ambiguous name\n     |\n     = note: ambiguous because of a name conflict with a builtin attribute\n     = note: `cfg` could refer to a built-in attribute\nnote: `cfg` could also refer to the unresolved item imported here\n    --> /Users/graysonnocera/.cargo/registry/src/index.crates.io-6f17d22bba15001f/log-0.4.22/src/lib.rs:387:5\n     |\n387  | use std::cfg;\n     |     ^^^^^^^^\n     = help: use `crate::cfg` to refer to this unresolved item unambiguously\n\nerror[E0659]: `cfg` is ambiguous\n    --> /Users/graysonnocera/.cargo/registry/src/index.crates.io-6f17d22bba15001f/log-0.4.22/src/lib.rs:1475:3\n     |\n1475 | #[cfg(feature = \"std\")]\n     |   ^^^ ambiguous name\n     |\n     = note: ambiguous because of a name conflict with a builtin attribute\n     = note: `cfg` could refer to a built-in attribute\nnote: `cfg` could also refer to the unresolved item imported here\n    --> /Users/graysonnocera/.cargo/registry/src/index.crates.io-6f17d22bba15001f/log-0.4.22/src/lib.rs:387:5\n     |\n387  | use std::cfg;\n     |     ^^^^^^^^\n     = help: use `crate::cfg` to refer to this unresolved item unambiguously\n\nerror[E0659]: `cfg` is ambiguous\n    --> /Users/graysonnocera/.cargo/registry/src/index.crates.io-6f17d22bba15001f/log-0.4.22/src/lib.rs:1492:3\n     |\n1492 | #[cfg(feature = \"std\")]\n     |   ^^^ ambiguous name\n     |\n     = note: ambiguous because of a name conflict with a builtin attribute\n     = note: `cfg` could refer to a built-in attribute\nnote: `cfg` could also refer to the unresolved item imported here\n    --> /Users/graysonnocera/.cargo/registry/src/index.crates.io-6f17d22bba15001f/log-0.4.22/src/lib.rs:387:5\n     |\n387  | use std::cfg;\n     |     ^^^^^^^^\n     = help: use `crate::cfg` to refer to this unresolved item unambiguously\n\nerror: requires `sized` lang_item\n\nerror: requires `sized` lang_item\n  --> /Users/graysonnocera/.cargo/registry/src/index.crates.io-6f17d22bba15001f/log-0.4.22/src/__private_api.rs:21:22\n   |\n21 | impl<'a> KVs<'a> for &'a [(&'a str, Value<'a>)] {\n   |                      ^^^^^^^^^^^^^^^^^^^^^^^^^^\n\nerror: requires `sized` lang_item\n  --> /Users/graysonnocera/.cargo/registry/src/index.crates.io-6f17d22bba15001f/log-0.4.22/src/__private_api.rs:40:34\n   |\n40 |     &(target, module_path, loc): &(&str, &'static str, &'static Location),\n   |                                  ^^^^^^^^^^^^^^^^^^^^^^^^^^^^^^^^^^^^^^^^\n\nerror: requires `sized` lang_item\n  --> /Users/graysonnocera/.cargo/registry/src/index.crates.io-6f17d22bba15001f/log-0.4.22/src/__private_api.rs:67:33\n   |\n67 |     target_module_path_and_loc: &(&str, &'static str, &'static Location),\n   |                                 ^^^^^^^^^^^^^^^^^^^^^^^^^^^^^^^^^^^^^^^^\n\nerror[E0433]: failed to resolve: use of undeclared type `Box`\n    --> /Users/graysonnocera/.cargo/registry/src/index.crates.io-6f17d22bba15001f/log-0.4.22/src/lib.rs:1338:25\n     |\n1338 |     set_logger_inner(|| Box::leak(logger))\n     |                         ^^^ use of undeclared type `Box`\n\nSome errors have detailed explanations: E0405, E0412, E0425, E0433, E0463, E0531, E0659.\nFor more information about an error, try `rustc --explain E0405`.\nerror: could not compile `log` (lib) due to 118 previous errors\n",
      "stdout": ""
    },
    "features": [
      "std"
    ],
    "project": "../../../Downloads/695-Project/dataset/nostd-failed-crates/crates/fscommon-0.1.1/src",
    "time_to_build": 342,
    "time_to_solve": 28
  }
]