[
  {
    "built_with_features": null,
    "command": {
      "args": [
        "build",
        "--target",
        "thumbv7m-none-eabi",
        "--no-default-features"
      ],
      "code": 101,
      "stderr": "   Compiling percent-encoding v2.3.1\n   Compiling indexmap v2.7.0\n   Compiling leb128 v0.2.5\n   Compiling semver v1.0.23\n   Compiling anyhow v1.0.94\n   Compiling zerofrom-derive v0.1.5\n   Compiling yoke-derive v0.7.5\nerror[E0463]: can't find crate for `std`\n  --> /Users/graysonnocera/.cargo/registry/src/index.crates.io-6f17d22bba15001f/percent-encoding-2.3.1/src/lib.rs:43:1\n   |\n43 | extern crate std as _;\n   | ^^^^^^^^^^^^^^^^^^^^^^ can't find crate\n   |\n   = note: the `thumbv7m-none-eabi` target may not support the standard library\n\nerror[E0463]: can't find crate for `std`\n  |\n  = note: the `thumbv7m-none-eabi` target may not support the standard library\n  = note: `std` is required by `leb128` because it does not declare `#![no_std]`\n\nerror[E0463]: can't find crate for `std`\n   --> /Users/graysonnocera/.cargo/registry/src/index.crates.io-6f17d22bba15001f/leb128-0.2.5/src/lib.rs:182:9\n    |\n182 |     use std::io;\n    |         ^^^ can't find crate\n    |\n    = note: the `thumbv7m-none-eabi` target may not support the standard library\n\nerror[E0463]: can't find crate for `std`\n  --> /Users/graysonnocera/.cargo/registry/src/index.crates.io-6f17d22bba15001f/leb128-0.2.5/src/lib.rs:66:9\n   |\n66 |     use std::fmt;\n   |         ^^^ can't find crate\n   |\n   = note: the `thumbv7m-none-eabi` target may not support the standard library\n\nerror[E0463]: can't find crate for `std`\n  --> /Users/graysonnocera/.cargo/registry/src/index.crates.io-6f17d22bba15001f/leb128-0.2.5/src/lib.rs:67:9\n   |\n67 |     use std::io;\n   |         ^^^ can't find crate\n   |\n   = note: the `thumbv7m-none-eabi` target may not support the standard library\n\nerror[E0463]: can't find crate for `std`\n  |\n  = note: the `thumbv7m-none-eabi` target may not support the standard library\n  = note: `std` is required by `semver` because it does not declare `#![no_std]`\n\nerror: cannot find macro `write` in this scope\n  --> /Users/graysonnocera/.cargo/registry/src/index.crates.io-6f17d22bba15001f/leb128-0.2.5/src/lib.rs:89:21\n   |\n89 |                     write!(f, \"The number being read is larger than can be represented\")\n   |                     ^^^^^\n   |\nhelp: consider importing this macro\n   |\n65 +     use core::write;\n   |\n\nerror: cannot find attribute `derive` in this scope\n  --> /Users/graysonnocera/.cargo/registry/src/index.crates.io-6f17d22bba15001f/leb128-0.2.5/src/lib.rs:70:7\n   |\n70 |     #[derive(Debug)]\n   |       ^^^^^^\n   |\nhelp: consider importing this attribute macro\n   |\n65 +     use core::prelude::rust_2024::derive;\n   |\n\nerror[E0463]: can't find crate for `std`\n  --> /Users/graysonnocera/.cargo/registry/src/index.crates.io-6f17d22bba15001f/leb128-0.2.5/src/lib.rs:59:23\n   |\n59 |     let byte = val & (std::u8::MAX as u64);\n   |                       ^^^ can't find crate\n   |\n   = note: the `thumbv7m-none-eabi` target may not support the standard library\n\nerror: cannot find attribute `derive` in this scope\n   --> /Users/graysonnocera/.cargo/registry/src/index.crates.io-6f17d22bba15001f/semver-1.0.23/src/lib.rs:375:3\n    |\n375 | #[derive(Default, Clone, Eq, PartialEq, Hash)]\n    |   ^^^^^^\n    |\nhelp: consider importing this attribute macro\n    |\n103 + use core::prelude::rust_2024::derive;\n    |\n\nerror: cannot find attribute `derive` in this scope\n   --> /Users/graysonnocera/.cargo/registry/src/index.crates.io-6f17d22bba15001f/semver-1.0.23/src/lib.rs:317:3\n    |\n317 | #[derive(Default, Clone, Eq, PartialEq, Hash)]\n    |   ^^^^^^\n    |\nhelp: consider importing this attribute macro\n    |\n103 + use core::prelude::rust_2024::derive;\n    |\n\nerror: cannot find attribute `derive` in this scope\n   --> /Users/graysonnocera/.cargo/registry/src/index.crates.io-6f17d22bba15001f/semver-1.0.23/src/lib.rs:251:3\n    |\n251 | #[derive(Copy, Clone, Eq, PartialEq, Hash, Debug)]\n    |   ^^^^^^\n    |\nhelp: consider importing this attribute macro\n    |\n103 + use core::prelude::rust_2024::derive;\n    |\n\nerror[E0463]: can't find crate for `std`\n   --> /Users/graysonnocera/.cargo/registry/src/index.crates.io-6f17d22bba15001f/anyhow-1.0.94/src/lib.rs:251:1\n    |\n251 | extern crate std;\n    | ^^^^^^^^^^^^^^^^^ can't find crate\n    |\n    = note: the `thumbv7m-none-eabi` target may not support the standard library\n\nerror[E0463]: can't find crate for `std`\n  --> /Users/graysonnocera/.cargo/registry/src/index.crates.io-6f17d22bba15001f/leb128-0.2.5/src/lib.rs:95:10\n   |\n95 |     impl std::error::Error for Error {\n   |          ^^^ can't find crate\n   |\n   = note: the `thumbv7m-none-eabi` target may not support the standard library\n\nerror: cannot find attribute `derive` in this scope\n   --> /Users/graysonnocera/.cargo/registry/src/index.crates.io-6f17d22bba15001f/semver-1.0.23/src/lib.rs:195:3\n    |\n195 | #[derive(Clone, Eq, PartialEq, Hash, Debug)]\n    |   ^^^^^^\n    |\nhelp: consider importing this attribute macro\n    |\n103 + use core::prelude::rust_2024::derive;\n    |\n\nerror: cannot find attribute `derive` in this scope\n   --> /Users/graysonnocera/.cargo/registry/src/index.crates.io-6f17d22bba15001f/semver-1.0.23/src/lib.rs:187:3\n    |\n187 | #[derive(Clone, Eq, PartialEq, Hash, Debug)]\n    |   ^^^^^^\n    |\nhelp: consider importing this attribute macro\n    |\n103 + use core::prelude::rust_2024::derive;\n    |\n\nerror[E0463]: can't find crate for `std`\n   --> /Users/graysonnocera/.cargo/registry/src/index.crates.io-6f17d22bba15001f/indexmap-2.7.0/src/lib.rs:110:1\n    |\n110 | extern crate std;\n    | ^^^^^^^^^^^^^^^^^ can't find crate\n    |\n    = note: the `thumbv7m-none-eabi` target may not support the standard library\n\nerror: cannot find attribute `derive` in this scope\n   --> /Users/graysonnocera/.cargo/registry/src/index.crates.io-6f17d22bba15001f/semver-1.0.23/src/lib.rs:161:3\n    |\n161 | #[derive(Clone, Eq, PartialEq, Ord, PartialOrd, Hash)]\n    |   ^^^^^^\n    |\nhelp: consider importing this attribute macro\n    |\n103 + use core::prelude::rust_2024::derive;\n    |\n\nerror: cannot find macro `unreachable` in this scope\n   --> /Users/graysonnocera/.cargo/registry/src/index.crates.io-6f17d22bba15001f/semver-1.0.23/src/identifier.rs:164:17\n    |\n164 |                 unreachable!(\"please refrain from storing >64 petabytes of text in semver version\");\n    |                 ^^^^^^^^^^^\n    |\nhelp: consider importing this macro\n    |\n69  + use core::unreachable;\n    |\n\nerror[E0463]: can't find crate for `std`\n  --> /Users/graysonnocera/.cargo/registry/src/index.crates.io-6f17d22bba15001f/leb128-0.2.5/src/lib.rs:96:42\n   |\n96 |         fn source(&self) -> Option<&(dyn std::error::Error + 'static)> {\n   |                                          ^^^ can't find crate\n   |\n   = note: the `thumbv7m-none-eabi` target may not support the standard library\n\nerror: cannot find macro `assert` in this scope\n   --> /Users/graysonnocera/.cargo/registry/src/index.crates.io-6f17d22bba15001f/semver-1.0.23/src/identifier.rs:135:21\n    |\n135 |                     assert!(size <= max_alloc);\n    |                     ^^^^^^\n    |\nhelp: consider importing this macro\n    |\n69  + use core::assert;\n    |\n\nerror: cannot find macro `debug_assert` in this scope\n   --> /Users/graysonnocera/.cargo/registry/src/index.crates.io-6f17d22bba15001f/semver-1.0.23/src/identifier.rs:108:9\n    |\n108 |         debug_assert!(len <= isize::MAX as usize);\n    |         ^^^^^^^^^^^^\n    |\nhelp: consider importing this macro\n    |\n69  + use core::debug_assert;\n    |\n\nerror[E0432]: unresolved imports `crate::StdError`, `crate::StdError`, `crate::backtrace::Backtrace`, `crate::StdError`, `crate::backtrace::BacktraceStatus`, `crate::StdError`, `crate::StdError`\n  --> /Users/graysonnocera/.cargo/registry/src/index.crates.io-6f17d22bba15001f/anyhow-1.0.94/src/chain.rs:2:5\n   |\n2  | use crate::StdError;\n   |     ^^^^^^^^^^^^^^^\n   |\n  ::: /Users/graysonnocera/.cargo/registry/src/index.crates.io-6f17d22bba15001f/anyhow-1.0.94/src/context.rs:2:29\n   |\n2  | use crate::{Context, Error, StdError};\n   |                             ^^^^^^^^\n   |\n  ::: /Users/graysonnocera/.cargo/registry/src/index.crates.io-6f17d22bba15001f/anyhow-1.0.94/src/error.rs:1:5\n   |\n1  | use crate::backtrace::Backtrace;\n   |     ^^^^^^^^^^^^^^^^^^^^^^^^^^^\n...\n6  | use crate::{Error, StdError};\n   |                    ^^^^^^^^\n   |\n  ::: /Users/graysonnocera/.cargo/registry/src/index.crates.io-6f17d22bba15001f/anyhow-1.0.94/src/fmt.rs:45:17\n   |\n45 |             use crate::backtrace::BacktraceStatus;\n   |                 ^^^^^^^^^^^^^^^^^^^^^^^^^^^^^^^^^\n   |\n  ::: /Users/graysonnocera/.cargo/registry/src/index.crates.io-6f17d22bba15001f/anyhow-1.0.94/src/kind.rs:51:5\n   |\n51 | use crate::StdError;\n   |     ^^^^^^^^^^^^^^^\n   |\n  ::: /Users/graysonnocera/.cargo/registry/src/index.crates.io-6f17d22bba15001f/anyhow-1.0.94/src/wrapper.rs:1:5\n   |\n1  | use crate::StdError;\n   |     ^^^^^^^^^^^^^^^\n\nerror: cannot find macro `write` in this scope\n   --> /Users/graysonnocera/.cargo/registry/src/index.crates.io-6f17d22bba15001f/semver-1.0.23/src/error.rs:123:13\n    |\n123 |             write!(formatter, \"{:?}\", self.0)\n    |             ^^^^^\n    |\nhelp: consider importing this macro\n    |\n1   + use core::write;\n    |\n\nerror: cannot find macro `write` in this scope\n  --> /Users/graysonnocera/.cargo/registry/src/index.crates.io-6f17d22bba15001f/semver-1.0.23/src/error.rs:76:17\n   |\n76 |                 write!(\n   |                 ^^^^^\n   |\nhelp: consider importing this macro\n   |\n1  + use core::write;\n   |\n\nerror: cannot find macro `write` in this scope\n  --> /Users/graysonnocera/.cargo/registry/src/index.crates.io-6f17d22bba15001f/semver-1.0.23/src/error.rs:73:17\n   |\n73 |                 write!(formatter, \"unexpected character in {}\", pos)\n   |                 ^^^^^\n   |\nhelp: consider importing this macro\n   |\n1  + use core::write;\n   |\n\nerror: cannot find macro `write` in this scope\n  --> /Users/graysonnocera/.cargo/registry/src/index.crates.io-6f17d22bba15001f/semver-1.0.23/src/error.rs:70:17\n   |\n70 |                 write!(formatter, \"empty identifier segment in {}\", pos)\n   |                 ^^^^^\n   |\nhelp: consider importing this macro\n   |\n1  + use core::write;\n   |\n\nerror: cannot find macro `write` in this scope\n  --> /Users/graysonnocera/.cargo/registry/src/index.crates.io-6f17d22bba15001f/semver-1.0.23/src/error.rs:67:17\n   |\n67 |                 write!(formatter, \"value of {} exceeds u64::MAX\", pos)\n   |                 ^^^^^\n   |\nhelp: consider importing this macro\n   |\n1  + use core::write;\n   |\n\nerror: cannot find macro `write` in this scope\n  --> /Users/graysonnocera/.cargo/registry/src/index.crates.io-6f17d22bba15001f/semver-1.0.23/src/error.rs:64:17\n   |\n64 |                 write!(formatter, \"invalid leading zero in {}\", pos)\n   |                 ^^^^^\n   |\nhelp: consider importing this macro\n   |\n1  + use core::write;\n   |\n\nerror: cannot find macro `write` in this scope\n  --> /Users/graysonnocera/.cargo/registry/src/index.crates.io-6f17d22bba15001f/semver-1.0.23/src/error.rs:56:17\n   |\n56 |                 write!(\n   |                 ^^^^^\n   |\nhelp: consider importing this macro\n   |\n1  + use core::write;\n   |\n\nerror: cannot find macro `write` in this scope\n  --> /Users/graysonnocera/.cargo/registry/src/index.crates.io-6f17d22bba15001f/semver-1.0.23/src/error.rs:48:17\n   |\n48 |                 write!(\n   |                 ^^^^^\n   |\nhelp: consider importing this macro\n   |\n1  + use core::write;\n   |\n\nerror: cannot find macro `write` in this scope\n  --> /Users/graysonnocera/.cargo/registry/src/index.crates.io-6f17d22bba15001f/semver-1.0.23/src/error.rs:40:17\n   |\n40 |                 write!(\n   |                 ^^^^^\n   |\nhelp: consider importing this macro\n   |\n1  + use core::write;\n   |\n\nerror: cannot find macro `write` in this scope\n  --> /Users/graysonnocera/.cargo/registry/src/index.crates.io-6f17d22bba15001f/semver-1.0.23/src/error.rs:37:17\n   |\n37 |                 write!(formatter, \"unexpected end of input while parsing {}\", pos)\n   |                 ^^^^^\n   |\nhelp: consider importing this macro\n   |\n1  + use core::write;\n   |\n\nerror: cannot find attribute `derive` in this scope\n  --> /Users/graysonnocera/.cargo/registry/src/index.crates.io-6f17d22bba15001f/semver-1.0.23/src/error.rs:19:3\n   |\n19 | #[derive(Copy, Clone, Eq, PartialEq)]\n   |   ^^^^^^\n   |\nhelp: consider importing this attribute macro\n   |\n1  + use core::prelude::rust_2024::derive;\n   |\n\nerror: cannot find macro `write` in this scope\n   --> /Users/graysonnocera/.cargo/registry/src/index.crates.io-6f17d22bba15001f/semver-1.0.23/src/display.rs:118:9\n    |\n118 |         write!(formatter, \"BuildMetadata(\\\"{}\\\")\", self)\n    |         ^^^^^\n    |\nhelp: consider importing this macro\n    |\n1   + use core::write;\n    |\n\nerror: cannot find macro `write` in this scope\n   --> /Users/graysonnocera/.cargo/registry/src/index.crates.io-6f17d22bba15001f/semver-1.0.23/src/display.rs:112:9\n    |\n112 |         write!(formatter, \"Prerelease(\\\"{}\\\")\", self)\n    |         ^^^^^\n    |\nhelp: consider importing this macro\n    |\n1   + use core::write;\n    |\n\nerror: cannot find macro `write` in this scope\n  --> /Users/graysonnocera/.cargo/registry/src/index.crates.io-6f17d22bba15001f/semver-1.0.23/src/display.rs:69:21\n   |\n69 |                     write!(formatter, \"-{}\", self.pre)?;\n   |                     ^^^^^\n   |\nhelp: consider importing this macro\n   |\n1  + use core::write;\n   |\n\nerror: cannot find macro `write` in this scope\n  --> /Users/graysonnocera/.cargo/registry/src/index.crates.io-6f17d22bba15001f/semver-1.0.23/src/display.rs:67:17\n   |\n67 |                 write!(formatter, \".{}\", patch)?;\n   |                 ^^^^^\n   |\nhelp: consider importing this macro\n   |\n1  + use core::write;\n   |\n\nerror: cannot find macro `write` in this scope\n  --> /Users/graysonnocera/.cargo/registry/src/index.crates.io-6f17d22bba15001f/semver-1.0.23/src/display.rs:65:13\n   |\n65 |             write!(formatter, \".{}\", minor)?;\n   |             ^^^^^\n   |\nhelp: consider importing this macro\n   |\n1  + use core::write;\n   |\n\nerror: cannot find macro `write` in this scope\n  --> /Users/graysonnocera/.cargo/registry/src/index.crates.io-6f17d22bba15001f/semver-1.0.23/src/display.rs:63:9\n   |\n63 |         write!(formatter, \"{}\", self.major)?;\n   |         ^^^^^\n   |\nhelp: consider importing this macro\n   |\n1  + use core::write;\n   |\n\nerror: cannot find macro `write` in this scope\n  --> /Users/graysonnocera/.cargo/registry/src/index.crates.io-6f17d22bba15001f/semver-1.0.23/src/display.rs:42:13\n   |\n42 |             write!(formatter, \"{}\", comparator)?;\n   |             ^^^^^\n   |\nhelp: consider importing this macro\n   |\n1  + use core::write;\n   |\n\nerror: cannot find macro `write` in this scope\n  --> /Users/graysonnocera/.cargo/registry/src/index.crates.io-6f17d22bba15001f/semver-1.0.23/src/display.rs:12:17\n   |\n12 |                 write!(formatter, \"+{}\", self.build)?;\n   |                 ^^^^^\n   |\nhelp: consider importing this macro\n   |\n1  + use core::write;\n   |\n\nerror: cannot find macro `write` in this scope\n --> /Users/graysonnocera/.cargo/registry/src/index.crates.io-6f17d22bba15001f/semver-1.0.23/src/display.rs:9:17\n  |\n9 |                 write!(formatter, \"-{}\", self.pre)?;\n  |                 ^^^^^\n  |\nhelp: consider importing this macro\n  |\n1 + use core::write;\n  |\n\nerror: cannot find macro `write` in this scope\n --> /Users/graysonnocera/.cargo/registry/src/index.crates.io-6f17d22bba15001f/semver-1.0.23/src/display.rs:7:13\n  |\n7 |             write!(formatter, \"{}.{}.{}\", self.major, self.minor, self.patch)?;\n  |             ^^^^^\n  |\nhelp: consider importing this macro\n  |\n1 + use core::write;\n  |\n\nerror[E0405]: cannot find trait `From` in this scope\n  --> /Users/graysonnocera/.cargo/registry/src/index.crates.io-6f17d22bba15001f/leb128-0.2.5/src/lib.rs:78:10\n   |\n78 |     impl From<io::Error> for Error {\n   |          ^^^^ not found in this scope\n   |\nhelp: consider importing this trait\n   |\n65 +     use core::convert::From;\n   |\n\nerror[E0412]: cannot find type `Result` in this scope\n  --> /Users/graysonnocera/.cargo/registry/src/index.crates.io-6f17d22bba15001f/leb128-0.2.5/src/lib.rs:85:50\n   |\n85 |         fn fmt(&self, f: &mut fmt::Formatter) -> Result<(), fmt::Error> {\n   |                                                  ^^^^^^ not found in this scope\n   |\nhelp: consider importing one of these items\n   |\n65 +     use core::fmt::Result;\n   |\n65 +     use core::result::Result;\n   |\n\nerror[E0412]: cannot find type `Option` in this scope\n  --> /Users/graysonnocera/.cargo/registry/src/index.crates.io-6f17d22bba15001f/leb128-0.2.5/src/lib.rs:96:29\n   |\n96 |         fn source(&self) -> Option<&(dyn std::error::Error + 'static)> {\n   |                             ^^^^^^ not found in this scope\n   |\nhelp: consider importing this enum\n   |\n65 +     use core::option::Option;\n   |\n\nSome errors have detailed explanations: E0432, E0463.\nerror[E0425]: cannot find function, tuple struct or tuple variant `Some` in this scope\n  --> /Users/graysonnocera/.cargo/registry/src/index.crates.io-6f17d22bba15001f/leb128-0.2.5/src/lib.rs:98:42\n   |\n98 |                 Error::IoError(ref e) => Some(e),\n   |                                          ^^^^ not found in this scope\n   |\nhelp: consider importing this tuple variant\n   |\n65 +     use core::option::Option::Some;\n   |\n\nFor more information about an error, try `rustc --explain E0432`.\nerror[E0425]: cannot find value `None` in this scope\n  --> /Users/graysonnocera/.cargo/registry/src/index.crates.io-6f17d22bba15001f/leb128-0.2.5/src/lib.rs:99:36\n   |\n99 |                 Error::Overflow => None,\n   |                                    ^^^^ not found in this scope\n   |\nhelp: consider importing this unit variant\n   |\n65 +     use core::option::Option::None;\n   |\n\nerror[E0405]: cannot find trait `Sized` in this scope\n   --> /Users/graysonnocera/.cargo/registry/src/index.crates.io-6f17d22bba15001f/leb128-0.2.5/src/lib.rs:110:13\n    |\n110 |         R: ?Sized + io::Read,\n    |             ^^^^^ not found in this scope\n    |\nhelp: consider importing this trait\n    |\n65  +     use core::marker::Sized;\n    |\n\nerror[E0412]: cannot find type `Result` in this scope\n   --> /Users/graysonnocera/.cargo/registry/src/index.crates.io-6f17d22bba15001f/leb128-0.2.5/src/lib.rs:108:38\n    |\n108 |     pub fn unsigned<R>(r: &mut R) -> Result<u64, Error>\n    |                                      ^^^^^^ not found in this scope\n    |\nhelp: consider importing one of these items\n    |\n65  +     use core::fmt::Result;\n    |\n65  +     use core::result::Result;\n    |\n\nFor more information about this error, try `rustc --explain E0463`.\nerror[E0425]: cannot find function, tuple struct or tuple variant `Err` in this scope\n   --> /Users/graysonnocera/.cargo/registry/src/index.crates.io-6f17d22bba15001f/leb128-0.2.5/src/lib.rs:123:24\n    |\n123 |                 return Err(Error::Overflow);\n    |                        ^^^ not found in this scope\n    |\nhelp: consider importing this tuple variant\n    |\n65  +     use core::result::Result::Err;\n    |\n\nerror[E0425]: cannot find function, tuple struct or tuple variant `Ok` in this scope\n   --> /Users/graysonnocera/.cargo/registry/src/index.crates.io-6f17d22bba15001f/leb128-0.2.5/src/lib.rs:130:24\n    |\n130 |                 return Ok(result);\n    |                        ^^ not found in this scope\n    |\nhelp: consider importing this tuple variant\n    |\n65  +     use core::result::Result::Ok;\n    |\n\nerror[E0405]: cannot find trait `Sized` in this scope\n   --> /Users/graysonnocera/.cargo/registry/src/index.crates.io-6f17d22bba15001f/leb128-0.2.5/src/lib.rs:142:13\n    |\n142 |         R: ?Sized + io::Read,\n    |             ^^^^^ not found in this scope\n    |\nhelp: consider importing this trait\n    |\n65  +     use core::marker::Sized;\n    |\n\nerror[E0412]: cannot find type `Result` in this scope\n   --> /Users/graysonnocera/.cargo/registry/src/index.crates.io-6f17d22bba15001f/leb128-0.2.5/src/lib.rs:140:36\n    |\n140 |     pub fn signed<R>(r: &mut R) -> Result<i64, Error>\n    |                                    ^^^^^^ not found in this scope\n    |\nhelp: consider importing one of these items\n    |\n65  +     use core::fmt::Result;\n    |\n65  +     use core::result::Result;\n    |\n\nerror[E0425]: cannot find function, tuple struct or tuple variant `Err` in this scope\n   --> /Users/graysonnocera/.cargo/registry/src/index.crates.io-6f17d22bba15001f/leb128-0.2.5/src/lib.rs:158:24\n    |\n158 |                 return Err(Error::Overflow);\n    |                        ^^^ not found in this scope\n    |\nhelp: consider importing this tuple variant\n    |\n65  +     use core::result::Result::Err;\n    |\n\nerror[E0425]: cannot find function, tuple struct or tuple variant `Ok` in this scope\n   --> /Users/graysonnocera/.cargo/registry/src/index.crates.io-6f17d22bba15001f/leb128-0.2.5/src/lib.rs:175:9\n    |\n175 |         Ok(result)\n    |         ^^ not found in this scope\n    |\nhelp: consider importing this tuple variant\n    |\n65  +     use core::result::Result::Ok;\n    |\n\nerror[E0405]: cannot find trait `Sized` in this scope\n   --> /Users/graysonnocera/.cargo/registry/src/index.crates.io-6f17d22bba15001f/leb128-0.2.5/src/lib.rs:189:13\n    |\n189 |         W: ?Sized + io::Write,\n    |             ^^^^^ not found in this scope\n    |\nhelp: consider importing this trait\n    |\n181 +     use core::marker::Sized;\n    |\n\nerror[E0412]: cannot find type `Result` in this scope\n   --> /Users/graysonnocera/.cargo/registry/src/index.crates.io-6f17d22bba15001f/leb128-0.2.5/src/lib.rs:187:52\n    |\n187 |     pub fn unsigned<W>(w: &mut W, mut val: u64) -> Result<usize, io::Error>\n    |                                                    ^^^^^^ not found in this scope\n    |\nhelp: consider importing one of these items\n    |\n181 +     use core::fmt::Result;\n    |\n181 +     use core::result::Result;\n    |\n\nerror[E0425]: cannot find function, tuple struct or tuple variant `Ok` in this scope\n   --> /Users/graysonnocera/.cargo/registry/src/index.crates.io-6f17d22bba15001f/leb128-0.2.5/src/lib.rs:205:24\n    |\n205 |                 return Ok(bytes_written);\n    |                        ^^ not found in this scope\n    |\nhelp: consider importing this tuple variant\n    |\n181 +     use core::result::Result::Ok;\n    |\n\nerror[E0405]: cannot find trait `Sized` in this scope\n   --> /Users/graysonnocera/.cargo/registry/src/index.crates.io-6f17d22bba15001f/leb128-0.2.5/src/lib.rs:215:13\n    |\n215 |         W: ?Sized + io::Write,\n    |             ^^^^^ not found in this scope\n    |\nhelp: consider importing this trait\n    |\n181 +     use core::marker::Sized;\n    |\n\nerror[E0412]: cannot find type `Result` in this scope\n   --> /Users/graysonnocera/.cargo/registry/src/index.crates.io-6f17d22bba15001f/leb128-0.2.5/src/lib.rs:213:50\n    |\n213 |     pub fn signed<W>(w: &mut W, mut val: i64) -> Result<usize, io::Error>\n    |                                                  ^^^^^^ not found in this scope\n    |\nhelp: consider importing one of these items\n    |\n181 +     use core::fmt::Result;\n    |\n181 +     use core::result::Result;\n    |\n\nerror[E0425]: cannot find function, tuple struct or tuple variant `Ok` in this scope\n   --> /Users/graysonnocera/.cargo/registry/src/index.crates.io-6f17d22bba15001f/leb128-0.2.5/src/lib.rs:237:24\n    |\n237 |                 return Ok(bytes_written);\n    |                        ^^ not found in this scope\n    |\nhelp: consider importing this tuple variant\n    |\n181 +     use core::result::Result::Ok;\n    |\n\nerror: requires `sized` lang_item\n\nerror[E0463]: can't find crate for `std`\n  --> /Users/graysonnocera/.cargo/registry/src/index.crates.io-6f17d22bba15001f/semver-1.0.23/src/error.rs:30:6\n   |\n30 | impl std::error::Error for Error {}\n   |      ^^^ can't find crate\n   |\n   = note: the `thumbv7m-none-eabi` target may not support the standard library\n\nSome errors have detailed explanations: E0405, E0412, E0425, E0463.\nFor more information about an error, try `rustc --explain E0405`.\nerror: could not compile `percent-encoding` (lib) due to 1 previous error\nwarning: build failed, waiting for other jobs to finish...\nerror: could not compile `anyhow` (lib) due to 2 previous errors\nerror: could not compile `leb128` (lib) due to 29 previous errors\nerror: could not compile `indexmap` (lib) due to 1 previous error\nerror[E0425]: cannot find function, tuple struct or tuple variant `Ok` in this scope\n  --> /Users/graysonnocera/.cargo/registry/src/index.crates.io-6f17d22bba15001f/semver-1.0.23/src/display.rs:14:13\n   |\n14 |             Ok(())\n   |             ^^ not found in this scope\n   |\nhelp: consider importing this tuple variant\n   |\n1  + use core::result::Result::Ok;\n   |\n\nerror[E0425]: cannot find function, tuple struct or tuple variant `Ok` in this scope\n  --> /Users/graysonnocera/.cargo/registry/src/index.crates.io-6f17d22bba15001f/semver-1.0.23/src/display.rs:44:9\n   |\n44 |         Ok(())\n   |         ^^ not found in this scope\n   |\nhelp: consider importing this tuple variant\n   |\n1  + use core::result::Result::Ok;\n   |\n\nerror[E0531]: cannot find tuple struct or tuple variant `Some` in this scope\n  --> /Users/graysonnocera/.cargo/registry/src/index.crates.io-6f17d22bba15001f/semver-1.0.23/src/display.rs:64:16\n   |\n64 |         if let Some(minor) = &self.minor {\n   |                ^^^^ not found in this scope\n   |\nhelp: consider importing this tuple variant\n   |\n1  + use core::option::Option::Some;\n   |\n\nerror[E0531]: cannot find tuple struct or tuple variant `Some` in this scope\n  --> /Users/graysonnocera/.cargo/registry/src/index.crates.io-6f17d22bba15001f/semver-1.0.23/src/display.rs:66:20\n   |\n66 |             if let Some(patch) = &self.patch {\n   |                    ^^^^ not found in this scope\n   |\nhelp: consider importing this tuple variant\n   |\n1  + use core::option::Option::Some;\n   |\n\nerror[E0425]: cannot find function, tuple struct or tuple variant `Ok` in this scope\n  --> /Users/graysonnocera/.cargo/registry/src/index.crates.io-6f17d22bba15001f/semver-1.0.23/src/display.rs:77:9\n   |\n77 |         Ok(())\n   |         ^^ not found in this scope\n   |\nhelp: consider importing this tuple variant\n   |\n1  + use core::result::Result::Ok;\n   |\n\nerror[E0405]: cannot find trait `FnOnce` in this scope\n   --> /Users/graysonnocera/.cargo/registry/src/index.crates.io-6f17d22bba15001f/semver-1.0.23/src/display.rs:124:22\n    |\n124 |     do_display: impl FnOnce(&mut fmt::Formatter) -> fmt::Result,\n    |                      ^^^^^^ not found in this scope\n    |\nhelp: consider importing this trait\n    |\n1   + use core::ops::FnOnce;\n    |\n\nerror[E0405]: cannot find trait `FnOnce` in this scope\n   --> /Users/graysonnocera/.cargo/registry/src/index.crates.io-6f17d22bba15001f/semver-1.0.23/src/display.rs:125:18\n    |\n125 |     do_len: impl FnOnce() -> usize,\n    |                  ^^^^^^ not found in this scope\n    |\nhelp: consider importing this trait\n    |\n1   + use core::ops::FnOnce;\n    |\n\nerror[E0531]: cannot find tuple struct or tuple variant `Some` in this scope\n   --> /Users/graysonnocera/.cargo/registry/src/index.crates.io-6f17d22bba15001f/semver-1.0.23/src/display.rs:128:9\n    |\n128 |         Some(min_width) => min_width,\n    |         ^^^^ not found in this scope\n    |\nhelp: consider importing this tuple variant\n    |\n1   + use core::option::Option::Some;\n    |\n\nerror[E0425]: cannot find function, tuple struct or tuple variant `Ok` in this scope\n   --> /Users/graysonnocera/.cargo/registry/src/index.crates.io-6f17d22bba15001f/semver-1.0.23/src/display.rs:156:5\n    |\n156 |     Ok(())\n    |     ^^ not found in this scope\n    |\nhelp: consider importing this tuple variant\n    |\n1   + use core::result::Result::Ok;\n    |\n\nerror[E0425]: cannot find function, tuple struct or tuple variant `Ok` in this scope\n   --> /Users/graysonnocera/.cargo/registry/src/index.crates.io-6f17d22bba15001f/semver-1.0.23/src/error.rs:109:9\n    |\n109 |         Ok(())\n    |         ^^ not found in this scope\n    |\nhelp: consider importing this tuple variant\n    |\n1   + use core::result::Result::Ok;\n    |\n\nerror[E0531]: cannot find tuple struct or tuple variant `Some` in this scope\n  --> /Users/graysonnocera/.cargo/registry/src/index.crates.io-6f17d22bba15001f/semver-1.0.23/src/eval.rs:49:12\n   |\n49 |     if let Some(minor) = cmp.minor {\n   |            ^^^^ not found in this scope\n   |\nhelp: consider importing this tuple variant\n   |\n1  + use core::option::Option::Some;\n   |\n\nerror[E0531]: cannot find tuple struct or tuple variant `Some` in this scope\n  --> /Users/graysonnocera/.cargo/registry/src/index.crates.io-6f17d22bba15001f/semver-1.0.23/src/eval.rs:55:12\n   |\n55 |     if let Some(patch) = cmp.patch {\n   |            ^^^^ not found in this scope\n   |\nhelp: consider importing this tuple variant\n   |\n1  + use core::option::Option::Some;\n   |\n\nerror[E0531]: cannot find tuple struct or tuple variant `Some` in this scope\n  --> /Users/graysonnocera/.cargo/registry/src/index.crates.io-6f17d22bba15001f/semver-1.0.23/src/eval.rs:71:9\n   |\n71 |         Some(minor) => {\n   |         ^^^^ not found in this scope\n   |\nhelp: consider importing this tuple variant\n   |\n1  + use core::option::Option::Some;\n   |\n\nerror[E0531]: cannot find tuple struct or tuple variant `Some` in this scope\n  --> /Users/graysonnocera/.cargo/registry/src/index.crates.io-6f17d22bba15001f/semver-1.0.23/src/eval.rs:80:9\n   |\n80 |         Some(patch) => {\n   |         ^^^^ not found in this scope\n   |\nhelp: consider importing this tuple variant\n   |\n1  + use core::option::Option::Some;\n   |\n\nerror[E0531]: cannot find tuple struct or tuple variant `Some` in this scope\n  --> /Users/graysonnocera/.cargo/registry/src/index.crates.io-6f17d22bba15001f/semver-1.0.23/src/eval.rs:97:9\n   |\n97 |         Some(minor) => {\n   |         ^^^^ not found in this scope\n   |\nhelp: consider importing this tuple variant\n   |\n1  + use core::option::Option::Some;\n   |\n\nerror[E0531]: cannot find tuple struct or tuple variant `Some` in this scope\n   --> /Users/graysonnocera/.cargo/registry/src/index.crates.io-6f17d22bba15001f/semver-1.0.23/src/eval.rs:106:9\n    |\n106 |         Some(patch) => {\n    |         ^^^^ not found in this scope\n    |\nhelp: consider importing this tuple variant\n    |\n1   + use core::option::Option::Some;\n    |\n\nerror[E0531]: cannot find tuple struct or tuple variant `Some` in this scope\n   --> /Users/graysonnocera/.cargo/registry/src/index.crates.io-6f17d22bba15001f/semver-1.0.23/src/eval.rs:121:12\n    |\n121 |     if let Some(minor) = cmp.minor {\n    |            ^^^^ not found in this scope\n    |\nhelp: consider importing this tuple variant\n    |\n1   + use core::option::Option::Some;\n    |\n\nerror[E0531]: cannot find tuple struct or tuple variant `Some` in this scope\n   --> /Users/graysonnocera/.cargo/registry/src/index.crates.io-6f17d22bba15001f/semver-1.0.23/src/eval.rs:127:12\n    |\n127 |     if let Some(patch) = cmp.patch {\n    |            ^^^^ not found in this scope\n    |\nhelp: consider importing this tuple variant\n    |\n1   + use core::option::Option::Some;\n    |\n\nerror[E0531]: cannot find tuple struct or tuple variant `Some` in this scope\n   --> /Users/graysonnocera/.cargo/registry/src/index.crates.io-6f17d22bba15001f/semver-1.0.23/src/eval.rs:143:9\n    |\n143 |         Some(minor) => minor,\n    |         ^^^^ not found in this scope\n    |\nhelp: consider importing this tuple variant\n    |\n1   + use core::option::Option::Some;\n    |\n\nerror[E0531]: cannot find tuple struct or tuple variant `Some` in this scope\n   --> /Users/graysonnocera/.cargo/registry/src/index.crates.io-6f17d22bba15001f/semver-1.0.23/src/eval.rs:154:9\n    |\n154 |         Some(patch) => patch,\n    |         ^^^^ not found in this scope\n    |\nhelp: consider importing this tuple variant\n    |\n1   + use core::option::Option::Some;\n    |\n\nerror[E0425]: cannot find function, tuple struct or tuple variant `Some` in this scope\n   --> /Users/graysonnocera/.cargo/registry/src/index.crates.io-6f17d22bba15001f/semver-1.0.23/src/eval.rs:178:25\n    |\n178 |         && cmp.minor == Some(ver.minor)\n    |                         ^^^^ not found in this scope\n    |\nhelp: consider importing this tuple variant\n    |\n1   + use core::option::Option::Some;\n    |\n\nerror[E0425]: cannot find function, tuple struct or tuple variant `Some` in this scope\n   --> /Users/graysonnocera/.cargo/registry/src/index.crates.io-6f17d22bba15001f/semver-1.0.23/src/eval.rs:179:25\n    |\n179 |         && cmp.patch == Some(ver.patch)\n    |                         ^^^^ not found in this scope\n    |\nhelp: consider importing this tuple variant\n    |\n1   + use core::option::Option::Some;\n    |\n\nerror[E0405]: cannot find trait `Clone` in this scope\n   --> /Users/graysonnocera/.cargo/registry/src/index.crates.io-6f17d22bba15001f/semver-1.0.23/src/identifier.rs:205:6\n    |\n205 | impl Clone for Identifier {\n    |      ^^^^^ not found in this scope\n    |\nhelp: consider importing this trait\n    |\n69  + use core::clone::Clone;\n    |\n\nerror[E0405]: cannot find trait `Drop` in this scope\n   --> /Users/graysonnocera/.cargo/registry/src/index.crates.io-6f17d22bba15001f/semver-1.0.23/src/identifier.rs:240:6\n    |\n240 | impl Drop for Identifier {\n    |      ^^^^ not found in this scope\n    |\nhelp: consider importing this trait\n    |\n69  + use core::ops::Drop;\n    |\n\nerror[E0405]: cannot find trait `PartialEq` in this scope\n   --> /Users/graysonnocera/.cargo/registry/src/index.crates.io-6f17d22bba15001f/semver-1.0.23/src/identifier.rs:260:6\n    |\n260 | impl PartialEq for Identifier {\n    |      ^^^^^^^^^ not found in this scope\n    |\nhelp: consider importing this trait\n    |\n69  + use core::cmp::PartialEq;\n    |\n\nerror[E0405]: cannot find trait `Send` in this scope\n   --> /Users/graysonnocera/.cargo/registry/src/index.crates.io-6f17d22bba15001f/semver-1.0.23/src/identifier.rs:274:13\n    |\n274 | unsafe impl Send for Identifier {}\n    |             ^^^^ not found in this scope\n    |\nhelp: consider importing this trait\n    |\n69  + use core::marker::Send;\n    |\n\nerror[E0405]: cannot find trait `Sync` in this scope\n   --> /Users/graysonnocera/.cargo/registry/src/index.crates.io-6f17d22bba15001f/semver-1.0.23/src/identifier.rs:275:13\n    |\n275 | unsafe impl Sync for Identifier {}\n    |             ^^^^ not found in this scope\n    |\nhelp: consider importing this trait\n    |\n69  + use core::marker::Sync;\n    |\n\nerror[E0405]: cannot find trait `Default` in this scope\n --> /Users/graysonnocera/.cargo/registry/src/index.crates.io-6f17d22bba15001f/semver-1.0.23/src/impls.rs:9:6\n  |\n9 | impl Default for Identifier {\n  |      ^^^^^^^ not found in this scope\n  |\nhelp: consider importing this trait\n  |\n1 + use core::default::Default;\n  |\n\nerror[E0405]: cannot find trait `Eq` in this scope\n  --> /Users/graysonnocera/.cargo/registry/src/index.crates.io-6f17d22bba15001f/semver-1.0.23/src/impls.rs:15:6\n   |\n15 | impl Eq for Identifier {}\n   |      ^^ not found in this scope\n   |\nhelp: consider importing this trait\n   |\n1  + use core::cmp::Eq;\n   |\n\nerror[E0405]: cannot find trait `PartialOrd` in this scope\n  --> /Users/graysonnocera/.cargo/registry/src/index.crates.io-6f17d22bba15001f/semver-1.0.23/src/impls.rs:39:6\n   |\n39 | impl PartialOrd for Prerelease {\n   |      ^^^^^^^^^^ not found in this scope\n   |\nhelp: consider importing this trait\n   |\n1  + use core::cmp::PartialOrd;\n   |\n\nerror[E0412]: cannot find type `Option` in this scope\n  --> /Users/graysonnocera/.cargo/registry/src/index.crates.io-6f17d22bba15001f/semver-1.0.23/src/impls.rs:40:42\n   |\n40 |     fn partial_cmp(&self, rhs: &Self) -> Option<Ordering> {\n   |                                          ^^^^^^ not found in this scope\n   |\nhelp: consider importing this enum\n   |\n1  + use core::option::Option;\n   |\n\nerror[E0425]: cannot find function, tuple struct or tuple variant `Some` in this scope\n  --> /Users/graysonnocera/.cargo/registry/src/index.crates.io-6f17d22bba15001f/semver-1.0.23/src/impls.rs:41:9\n   |\n41 |         Some(self.cmp(rhs))\n   |         ^^^^ not found in this scope\n   |\nhelp: consider importing this tuple variant\n   |\n1  + use core::option::Option::Some;\n   |\n\nerror[E0405]: cannot find trait `PartialOrd` in this scope\n  --> /Users/graysonnocera/.cargo/registry/src/index.crates.io-6f17d22bba15001f/semver-1.0.23/src/impls.rs:45:6\n   |\n45 | impl PartialOrd for BuildMetadata {\n   |      ^^^^^^^^^^ not found in this scope\n   |\nhelp: consider importing this trait\n   |\n1  + use core::cmp::PartialOrd;\n   |\n\nerror[E0412]: cannot find type `Option` in this scope\n  --> /Users/graysonnocera/.cargo/registry/src/index.crates.io-6f17d22bba15001f/semver-1.0.23/src/impls.rs:46:42\n   |\n46 |     fn partial_cmp(&self, rhs: &Self) -> Option<Ordering> {\n   |                                          ^^^^^^ not found in this scope\n   |\nhelp: consider importing this enum\n   |\n1  + use core::option::Option;\n   |\n\nerror[E0425]: cannot find function, tuple struct or tuple variant `Some` in this scope\n  --> /Users/graysonnocera/.cargo/registry/src/index.crates.io-6f17d22bba15001f/semver-1.0.23/src/impls.rs:47:9\n   |\n47 |         Some(self.cmp(rhs))\n   |         ^^^^ not found in this scope\n   |\nhelp: consider importing this tuple variant\n   |\n1  + use core::option::Option::Some;\n   |\n\nerror[E0405]: cannot find trait `Ord` in this scope\n  --> /Users/graysonnocera/.cargo/registry/src/index.crates.io-6f17d22bba15001f/semver-1.0.23/src/impls.rs:51:6\n   |\n51 | impl Ord for Prerelease {\n   |      ^^^ not found in this scope\n   |\nhelp: consider importing this trait\n   |\n1  + use core::cmp::Ord;\n   |\n\nerror[E0531]: cannot find tuple struct or tuple variant `Some` in this scope\n  --> /Users/graysonnocera/.cargo/registry/src/index.crates.io-6f17d22bba15001f/semver-1.0.23/src/impls.rs:71:17\n   |\n71 |                 Some(rhs) => rhs,\n   |                 ^^^^ not found in this scope\n   |\nhelp: consider importing this tuple variant\n   |\n1  + use core::option::Option::Some;\n   |\n\nerror[E0433]: failed to resolve: use of undeclared type `Ord`\n  --> /Users/graysonnocera/.cargo/registry/src/index.crates.io-6f17d22bba15001f/semver-1.0.23/src/impls.rs:74:33\n   |\n74 |             let string_cmp = || Ord::cmp(lhs, rhs);\n   |                                 ^^^ use of undeclared type `Ord`\n   |\nhelp: consider importing this trait\n   |\n1  + use core::cmp::Ord;\n   |\n\nerror[E0433]: failed to resolve: use of undeclared type `Ord`\n  --> /Users/graysonnocera/.cargo/registry/src/index.crates.io-6f17d22bba15001f/semver-1.0.23/src/impls.rs:83:33\n   |\n83 |                 (true, true) => Ord::cmp(&lhs.len(), &rhs.len()).then_with(string_cmp),\n   |                                 ^^^ use of undeclared type `Ord`\n   |\nhelp: consider importing this trait\n   |\n1  + use core::cmp::Ord;\n   |\n\nerror[E0405]: cannot find trait `Ord` in this scope\n   --> /Users/graysonnocera/.cargo/registry/src/index.crates.io-6f17d22bba15001f/semver-1.0.23/src/impls.rs:106:6\n    |\n106 | impl Ord for BuildMetadata {\n    |      ^^^ not found in this scope\n    |\nhelp: consider importing this trait\n    |\n1   + use core::cmp::Ord;\n    |\n\nerror[E0531]: cannot find tuple struct or tuple variant `Some` in this scope\n   --> /Users/graysonnocera/.cargo/registry/src/index.crates.io-6f17d22bba15001f/semver-1.0.23/src/impls.rs:114:17\n    |\n114 |                 Some(rhs) => rhs,\n    |                 ^^^^ not found in this scope\n    |\nhelp: consider importing this tuple variant\n    |\n1   + use core::option::Option::Some;\n    |\n\nerror[E0433]: failed to resolve: use of undeclared type `Ord`\n   --> /Users/graysonnocera/.cargo/registry/src/index.crates.io-6f17d22bba15001f/semver-1.0.23/src/impls.rs:126:21\n    |\n126 |                     Ord::cmp(&lhval.len(), &rhval.len())\n    |                     ^^^ use of undeclared type `Ord`\n    |\nhelp: consider importing this trait\n    |\n1   + use core::cmp::Ord;\n    |\n\nerror[E0433]: failed to resolve: use of undeclared type `Ord`\n   --> /Users/graysonnocera/.cargo/registry/src/index.crates.io-6f17d22bba15001f/semver-1.0.23/src/impls.rs:127:39\n    |\n127 |                         .then_with(|| Ord::cmp(lhval, rhval))\n    |                                       ^^^ use of undeclared type `Ord`\n    |\nhelp: consider importing this trait\n    |\n1   + use core::cmp::Ord;\n    |\n\nerror[E0433]: failed to resolve: use of undeclared type `Ord`\n   --> /Users/graysonnocera/.cargo/registry/src/index.crates.io-6f17d22bba15001f/semver-1.0.23/src/impls.rs:128:39\n    |\n128 |                         .then_with(|| Ord::cmp(&lhs.len(), &rhs.len()))\n    |                                       ^^^ use of undeclared type `Ord`\n    |\nhelp: consider importing this trait\n    |\n1   + use core::cmp::Ord;\n    |\n\nerror[E0433]: failed to resolve: use of undeclared type `Ord`\n   --> /Users/graysonnocera/.cargo/registry/src/index.crates.io-6f17d22bba15001f/semver-1.0.23/src/impls.rs:132:35\n    |\n132 |                 (false, false) => Ord::cmp(lhs, rhs),\n    |                                   ^^^ use of undeclared type `Ord`\n    |\nhelp: consider importing this trait\n    |\n1   + use core::cmp::Ord;\n    |\n\nerror[E0405]: cannot find trait `IntoIterator` in this scope\n   --> /Users/graysonnocera/.cargo/registry/src/index.crates.io-6f17d22bba15001f/semver-1.0.23/src/impls.rs:151:12\n    |\n151 |         I: IntoIterator<Item = Comparator>,\n    |            ^^^^^^^^^^^^\n    |\n   ::: /Users/graysonnocera/.rustup/toolchains/stable-aarch64-apple-darwin/lib/rustlib/src/rust/library/core/src/iter/traits/collect.rs:134:1\n    |\n134 | pub trait FromIterator<A>: Sized {\n    | -------------------------------- similarly named trait `FromIterator` defined here\n    |\nhelp: a trait with a similar name exists\n    |\n151 |         I: FromIterator<Item = Comparator>,\n    |            ~~~~~~~~~~~~\nhelp: consider importing this trait\n    |\n1   + use core::iter::IntoIterator;\n    |\n\nerror[E0412]: cannot find type `Result` in this scope\n  --> /Users/graysonnocera/.cargo/registry/src/index.crates.io-6f17d22bba15001f/semver-1.0.23/src/parse.rs:28:32\n   |\n28 |     fn from_str(text: &str) -> Result<Self, Self::Err> {\n   |                                ^^^^^^ not found in this scope\n   |\nhelp: consider importing one of these items\n   |\n1  + use core::fmt::Result;\n   |\n1  + use core::result::Result;\n   |\n1  + use alloc::fmt::Result;\n   |\n\nerror[E0425]: cannot find function, tuple struct or tuple variant `Err` in this scope\n  --> /Users/graysonnocera/.cargo/registry/src/index.crates.io-6f17d22bba15001f/semver-1.0.23/src/parse.rs:30:20\n   |\n30 |             return Err(Error::new(ErrorKind::Empty));\n   |                    ^^^ not found in this scope\n   |\nhelp: consider importing this tuple variant\n   |\n1  + use core::result::Result::Err;\n   |\n\nerror[E0425]: cannot find function, tuple struct or tuple variant `Ok` in this scope\n  --> /Users/graysonnocera/.cargo/registry/src/index.crates.io-6f17d22bba15001f/semver-1.0.23/src/parse.rs:45:20\n   |\n45 |             return Ok(Version::new(major, minor, patch));\n   |                    ^^ not found in this scope\n   |\nhelp: consider importing this tuple variant\n   |\n1  + use core::result::Result::Ok;\n   |\n\nerror[E0531]: cannot find tuple struct or tuple variant `Some` in this scope\n  --> /Users/graysonnocera/.cargo/registry/src/index.crates.io-6f17d22bba15001f/semver-1.0.23/src/parse.rs:48:34\n   |\n48 |         let (pre, text) = if let Some(text) = text.strip_prefix('-') {\n   |                                  ^^^^ not found in this scope\n   |\nhelp: consider importing this tuple variant\n   |\n1  + use core::option::Option::Some;\n   |\n\nerror[E0425]: cannot find function, tuple struct or tuple variant `Err` in this scope\n  --> /Users/graysonnocera/.cargo/registry/src/index.crates.io-6f17d22bba15001f/semver-1.0.23/src/parse.rs:52:24\n   |\n52 |                 return Err(Error::new(ErrorKind::EmptySegment(pos)));\n   |                        ^^^ not found in this scope\n   |\nhelp: consider importing this tuple variant\n   |\n1  + use core::result::Result::Err;\n   |\n\nerror[E0531]: cannot find tuple struct or tuple variant `Some` in this scope\n  --> /Users/graysonnocera/.cargo/registry/src/index.crates.io-6f17d22bba15001f/semver-1.0.23/src/parse.rs:59:36\n   |\n59 |         let (build, text) = if let Some(text) = text.strip_prefix('+') {\n   |                                    ^^^^ not found in this scope\n   |\nhelp: consider importing this tuple variant\n   |\n1  + use core::option::Option::Some;\n   |\n\nerror[E0425]: cannot find function, tuple struct or tuple variant `Err` in this scope\n  --> /Users/graysonnocera/.cargo/registry/src/index.crates.io-6f17d22bba15001f/semver-1.0.23/src/parse.rs:63:24\n   |\n63 |                 return Err(Error::new(ErrorKind::EmptySegment(pos)));\n   |                        ^^^ not found in this scope\n   |\nhelp: consider importing this tuple variant\n   |\n1  + use core::result::Result::Err;\n   |\n\nerror[E0531]: cannot find tuple struct or tuple variant `Some` in this scope\n  --> /Users/graysonnocera/.cargo/registry/src/index.crates.io-6f17d22bba15001f/semver-1.0.23/src/parse.rs:70:16\n   |\n70 |         if let Some(unexpected) = text.chars().next() {\n   |                ^^^^ not found in this scope\n   |\nhelp: consider importing this tuple variant\n   |\n1  + use core::option::Option::Some;\n   |\n\nerror[E0425]: cannot find function, tuple struct or tuple variant `Err` in this scope\n  --> /Users/graysonnocera/.cargo/registry/src/index.crates.io-6f17d22bba15001f/semver-1.0.23/src/parse.rs:71:20\n   |\n71 |             return Err(Error::new(ErrorKind::UnexpectedCharAfter(pos, unexpected)));\n   |                    ^^^ not found in this scope\n   |\nhelp: consider importing this tuple variant\n   |\n1  + use core::result::Result::Err;\n   |\n\nerror[E0425]: cannot find function, tuple struct or tuple variant `Ok` in this scope\n  --> /Users/graysonnocera/.cargo/registry/src/index.crates.io-6f17d22bba15001f/semver-1.0.23/src/parse.rs:74:9\n   |\n74 |         Ok(Version {\n   |         ^^ not found in this scope\n   |\nhelp: consider importing this tuple variant\n   |\n1  + use core::result::Result::Ok;\n   |\n\nerror[E0412]: cannot find type `Result` in this scope\n  --> /Users/graysonnocera/.cargo/registry/src/index.crates.io-6f17d22bba15001f/semver-1.0.23/src/parse.rs:87:32\n   |\n87 |     fn from_str(text: &str) -> Result<Self, Self::Err> {\n   |                                ^^^^^^ not found in this scope\n   |\nhelp: consider importing one of these items\n   |\n1  + use core::fmt::Result;\n   |\n1  + use core::result::Result;\n   |\n1  + use alloc::fmt::Result;\n   |\n\nerror[E0531]: cannot find tuple struct or tuple variant `Some` in this scope\n  --> /Users/graysonnocera/.cargo/registry/src/index.crates.io-6f17d22bba15001f/semver-1.0.23/src/parse.rs:89:16\n   |\n89 |         if let Some((ch, text)) = wildcard(text) {\n   |                ^^^^ not found in this scope\n   |\nhelp: consider importing this tuple variant\n   |\n1  + use core::option::Option::Some;\n   |\n\nerror[E0425]: cannot find function, tuple struct or tuple variant `Ok` in this scope\n  --> /Users/graysonnocera/.cargo/registry/src/index.crates.io-6f17d22bba15001f/semver-1.0.23/src/parse.rs:93:24\n   |\n93 |                 return Ok(VersionReq::STAR);\n   |                        ^^ not found in this scope\n   |\nhelp: consider importing this tuple variant\n   |\n1  + use core::result::Result::Ok;\n   |\n\nerror[E0425]: cannot find function, tuple struct or tuple variant `Err` in this scope\n  --> /Users/graysonnocera/.cargo/registry/src/index.crates.io-6f17d22bba15001f/semver-1.0.23/src/parse.rs:99:24\n   |\n99 |                 return Err(Error::new(ErrorKind::WildcardNotTheOnlyComparator(ch)));\n   |                        ^^^ not found in this scope\n   |\nhelp: consider importing this tuple variant\n   |\n1  + use core::result::Result::Err;\n   |\n\nerror[E0425]: cannot find function, tuple struct or tuple variant `Err` in this scope\n   --> /Users/graysonnocera/.cargo/registry/src/index.crates.io-6f17d22bba15001f/semver-1.0.23/src/parse.rs:101:24\n    |\n101 |                 return Err(Error::new(ErrorKind::UnexpectedAfterWildcard));\n    |                        ^^^ not found in this scope\n    |\nhelp: consider importing this tuple variant\n    |\n1   + use core::result::Result::Err;\n    |\n\nerror[E0425]: cannot find function, tuple struct or tuple variant `Ok` in this scope\n   --> /Users/graysonnocera/.cargo/registry/src/index.crates.io-6f17d22bba15001f/semver-1.0.23/src/parse.rs:109:9\n    |\n109 |         Ok(VersionReq { comparators })\n    |         ^^ not found in this scope\n    |\nhelp: consider importing this tuple variant\n    |\n1   + use core::result::Result::Ok;\n    |\n\nerror[E0412]: cannot find type `Result` in this scope\n   --> /Users/graysonnocera/.cargo/registry/src/index.crates.io-6f17d22bba15001f/semver-1.0.23/src/parse.rs:116:32\n    |\n116 |     fn from_str(text: &str) -> Result<Self, Self::Err> {\n    |                                ^^^^^^ not found in this scope\n    |\nhelp: consider importing one of these items\n    |\n1   + use core::fmt::Result;\n    |\n1   + use core::result::Result;\n    |\n1   + use alloc::fmt::Result;\n    |\n\nerror[E0425]: cannot find function, tuple struct or tuple variant `Err` in this scope\n   --> /Users/graysonnocera/.cargo/registry/src/index.crates.io-6f17d22bba15001f/semver-1.0.23/src/parse.rs:121:20\n    |\n121 |             return Err(Error::new(ErrorKind::UnexpectedCharAfter(pos, unexpected)));\n    |                    ^^^ not found in this scope\n    |\nhelp: consider importing this tuple variant\n    |\n1   + use core::result::Result::Err;\n    |\n\nerror[E0425]: cannot find function, tuple struct or tuple variant `Ok` in this scope\n   --> /Users/graysonnocera/.cargo/registry/src/index.crates.io-6f17d22bba15001f/semver-1.0.23/src/parse.rs:123:9\n    |\n123 |         Ok(comparator)\n    |         ^^ not found in this scope\n    |\nhelp: consider importing this tuple variant\n    |\n1   + use core::result::Result::Ok;\n    |\n\nerror[E0412]: cannot find type `Result` in this scope\n   --> /Users/graysonnocera/.cargo/registry/src/index.crates.io-6f17d22bba15001f/semver-1.0.23/src/parse.rs:130:32\n    |\n130 |     fn from_str(text: &str) -> Result<Self, Self::Err> {\n    |                                ^^^^^^ not found in this scope\n    |\nhelp: consider importing one of these items\n    |\n1   + use core::fmt::Result;\n    |\n1   + use core::result::Result;\n    |\n1   + use alloc::fmt::Result;\n    |\n\nerror[E0425]: cannot find function, tuple struct or tuple variant `Err` in this scope\n   --> /Users/graysonnocera/.cargo/registry/src/index.crates.io-6f17d22bba15001f/semver-1.0.23/src/parse.rs:133:20\n    |\n133 |             return Err(Error::new(ErrorKind::IllegalCharacter(Position::Pre)));\n    |                    ^^^ not found in this scope\n    |\nhelp: consider importing this tuple variant\n    |\n1   + use core::result::Result::Err;\n    |\n\nerror[E0425]: cannot find function, tuple struct or tuple variant `Ok` in this scope\n   --> /Users/graysonnocera/.cargo/registry/src/index.crates.io-6f17d22bba15001f/semver-1.0.23/src/parse.rs:135:9\n    |\n135 |         Ok(pre)\n    |         ^^ not found in this scope\n    |\nhelp: consider importing this tuple variant\n    |\n1   + use core::result::Result::Ok;\n    |\n\nerror[E0412]: cannot find type `Result` in this scope\n   --> /Users/graysonnocera/.cargo/registry/src/index.crates.io-6f17d22bba15001f/semver-1.0.23/src/parse.rs:142:32\n    |\n142 |     fn from_str(text: &str) -> Result<Self, Self::Err> {\n    |                                ^^^^^^ not found in this scope\n    |\nhelp: consider importing one of these items\n    |\n1   + use core::fmt::Result;\n    |\n1   + use core::result::Result;\n    |\n1   + use alloc::fmt::Result;\n    |\n\nerror[E0425]: cannot find function, tuple struct or tuple variant `Err` in this scope\n   --> /Users/graysonnocera/.cargo/registry/src/index.crates.io-6f17d22bba15001f/semver-1.0.23/src/parse.rs:145:20\n    |\n145 |             return Err(Error::new(ErrorKind::IllegalCharacter(Position::Build)));\n    |                    ^^^ not found in this scope\n    |\nhelp: consider importing this tuple variant\n    |\n1   + use core::result::Result::Err;\n    |\n\nerror[E0425]: cannot find function, tuple struct or tuple variant `Ok` in this scope\n   --> /Users/graysonnocera/.cargo/registry/src/index.crates.io-6f17d22bba15001f/semver-1.0.23/src/parse.rs:147:9\n    |\n147 |         Ok(build)\n    |         ^^ not found in this scope\n    |\nhelp: consider importing this tuple variant\n    |\n1   + use core::result::Result::Ok;\n    |\n\nerror[E0412]: cannot find type `Result` in this scope\n   --> /Users/graysonnocera/.cargo/registry/src/index.crates.io-6f17d22bba15001f/semver-1.0.23/src/parse.rs:161:54\n    |\n161 | fn numeric_identifier(input: &str, pos: Position) -> Result<(u64, &str), Error> {\n    |                                                      ^^^^^^ not found in this scope\n    |\nhelp: consider importing one of these items\n    |\n1   + use core::fmt::Result;\n    |\n1   + use core::result::Result;\n    |\n1   + use alloc::fmt::Result;\n    |\n\nerror[E0531]: cannot find tuple struct or tuple variant `Some` in this scope\n   --> /Users/graysonnocera/.cargo/registry/src/index.crates.io-6f17d22bba15001f/semver-1.0.23/src/parse.rs:165:15\n    |\n165 |     while let Some(&digit) = input.as_bytes().get(len) {\n    |               ^^^^ not found in this scope\n    |\nhelp: consider importing this tuple variant\n    |\n1   + use core::option::Option::Some;\n    |\n\nerror[E0425]: cannot find function, tuple struct or tuple variant `Err` in this scope\n   --> /Users/graysonnocera/.cargo/registry/src/index.crates.io-6f17d22bba15001f/semver-1.0.23/src/parse.rs:170:20\n    |\n170 |             return Err(Error::new(ErrorKind::LeadingZero(pos)));\n    |                    ^^^ not found in this scope\n    |\nhelp: consider importing this tuple variant\n    |\n1   + use core::result::Result::Err;\n    |\n\nerror[E0531]: cannot find tuple struct or tuple variant `Some` in this scope\n   --> /Users/graysonnocera/.cargo/registry/src/index.crates.io-6f17d22bba15001f/semver-1.0.23/src/parse.rs:176:13\n    |\n176 |             Some(sum) => value = sum,\n    |             ^^^^ not found in this scope\n    |\nhelp: consider importing this tuple variant\n    |\n1   + use core::option::Option::Some;\n    |\n\nerror[E0425]: cannot find function, tuple struct or tuple variant `Err` in this scope\n   --> /Users/graysonnocera/.cargo/registry/src/index.crates.io-6f17d22bba15001f/semver-1.0.23/src/parse.rs:177:28\n    |\n177 |             None => return Err(Error::new(ErrorKind::Overflow(pos))),\n    |                            ^^^ not found in this scope\n    |\nhelp: consider importing this tuple variant\n    |\n1   + use core::result::Result::Err;\n    |\n\nerror[E0425]: cannot find function, tuple struct or tuple variant `Ok` in this scope\n   --> /Users/graysonnocera/.cargo/registry/src/index.crates.io-6f17d22bba15001f/semver-1.0.23/src/parse.rs:183:9\n    |\n183 |         Ok((value, &input[len..]))\n    |         ^^ not found in this scope\n    |\nhelp: consider importing this tuple variant\n    |\n1   + use core::result::Result::Ok;\n    |\n\nerror[E0531]: cannot find tuple struct or tuple variant `Some` in this scope\n   --> /Users/graysonnocera/.cargo/registry/src/index.crates.io-6f17d22bba15001f/semver-1.0.23/src/parse.rs:184:19\n    |\n184 |     } else if let Some(unexpected) = input[len..].chars().next() {\n    |                   ^^^^ not found in this scope\n    |\nhelp: consider importing this tuple variant\n    |\n1   + use core::option::Option::Some;\n    |\n\nerror[E0425]: cannot find function, tuple struct or tuple variant `Err` in this scope\n   --> /Users/graysonnocera/.cargo/registry/src/index.crates.io-6f17d22bba15001f/semver-1.0.23/src/parse.rs:185:9\n    |\n185 |         Err(Error::new(ErrorKind::UnexpectedChar(pos, unexpected)))\n    |         ^^^ not found in this scope\n    |\nhelp: consider importing this tuple variant\n    |\n1   + use core::result::Result::Err;\n    |\n\nerror[E0425]: cannot find function, tuple struct or tuple variant `Err` in this scope\n   --> /Users/graysonnocera/.cargo/registry/src/index.crates.io-6f17d22bba15001f/semver-1.0.23/src/parse.rs:187:9\n    |\n187 |         Err(Error::new(ErrorKind::UnexpectedEnd(pos)))\n    |         ^^^ not found in this scope\n    |\nhelp: consider importing this tuple variant\n    |\n1   + use core::result::Result::Err;\n    |\n\nerror[E0412]: cannot find type `Option` in this scope\n   --> /Users/graysonnocera/.cargo/registry/src/index.crates.io-6f17d22bba15001f/semver-1.0.23/src/parse.rs:191:29\n    |\n191 | fn wildcard(input: &str) -> Option<(char, &str)> {\n    |                             ^^^^^^ not found in this scope\n    |\nhelp: consider importing this enum\n    |\n1   + use core::option::Option;\n    |\n\nerror[E0531]: cannot find tuple struct or tuple variant `Some` in this scope\n   --> /Users/graysonnocera/.cargo/registry/src/index.crates.io-6f17d22bba15001f/semver-1.0.23/src/parse.rs:192:12\n    |\n192 |     if let Some(rest) = input.strip_prefix('*') {\n    |            ^^^^ not found in this scope\n    |\nhelp: consider importing this tuple variant\n    |\n1   + use core::option::Option::Some;\n    |\n\nerror[E0425]: cannot find function, tuple struct or tuple variant `Some` in this scope\n   --> /Users/graysonnocera/.cargo/registry/src/index.crates.io-6f17d22bba15001f/semver-1.0.23/src/parse.rs:193:9\n    |\n193 |         Some(('*', rest))\n    |         ^^^^ not found in this scope\n    |\nhelp: consider importing this tuple variant\n    |\n1   + use core::option::Option::Some;\n    |\n\nerror[E0531]: cannot find tuple struct or tuple variant `Some` in this scope\n   --> /Users/graysonnocera/.cargo/registry/src/index.crates.io-6f17d22bba15001f/semver-1.0.23/src/parse.rs:194:19\n    |\n194 |     } else if let Some(rest) = input.strip_prefix('x') {\n    |                   ^^^^ not found in this scope\n    |\nhelp: consider importing this tuple variant\n    |\n1   + use core::option::Option::Some;\n    |\n\nerror[E0425]: cannot find function, tuple struct or tuple variant `Some` in this scope\n   --> /Users/graysonnocera/.cargo/registry/src/index.crates.io-6f17d22bba15001f/semver-1.0.23/src/parse.rs:195:9\n    |\n195 |         Some(('x', rest))\n    |         ^^^^ not found in this scope\n    |\nhelp: consider importing this tuple variant\n    |\n1   + use core::option::Option::Some;\n    |\n\nerror[E0531]: cannot find tuple struct or tuple variant `Some` in this scope\n   --> /Users/graysonnocera/.cargo/registry/src/index.crates.io-6f17d22bba15001f/semver-1.0.23/src/parse.rs:196:19\n    |\n196 |     } else if let Some(rest) = input.strip_prefix('X') {\n    |                   ^^^^ not found in this scope\n    |\nhelp: consider importing this tuple variant\n    |\n1   + use core::option::Option::Some;\n    |\n\nerror[E0425]: cannot find function, tuple struct or tuple variant `Some` in this scope\n   --> /Users/graysonnocera/.cargo/registry/src/index.crates.io-6f17d22bba15001f/semver-1.0.23/src/parse.rs:197:9\n    |\n197 |         Some(('X', rest))\n    |         ^^^^ not found in this scope\n    |\nhelp: consider importing this tuple variant\n    |\n1   + use core::option::Option::Some;\n    |\n\nerror[E0425]: cannot find value `None` in this scope\n   --> /Users/graysonnocera/.cargo/registry/src/index.crates.io-6f17d22bba15001f/semver-1.0.23/src/parse.rs:199:9\n    |\n199 |         None\n    |         ^^^^ not found in this scope\n    |\nhelp: consider importing this unit variant\n    |\n1   + use core::option::Option::None;\n    |\n\nerror[E0412]: cannot find type `Result` in this scope\n   --> /Users/graysonnocera/.cargo/registry/src/index.crates.io-6f17d22bba15001f/semver-1.0.23/src/parse.rs:203:39\n    |\n203 | fn dot(input: &str, pos: Position) -> Result<&str, Error> {\n    |                                       ^^^^^^ not found in this scope\n    |\nhelp: consider importing one of these items\n    |\n1   + use core::fmt::Result;\n    |\n1   + use core::result::Result;\n    |\n1   + use alloc::fmt::Result;\n    |\n\nerror[E0531]: cannot find tuple struct or tuple variant `Some` in this scope\n   --> /Users/graysonnocera/.cargo/registry/src/index.crates.io-6f17d22bba15001f/semver-1.0.23/src/parse.rs:204:12\n    |\n204 |     if let Some(rest) = input.strip_prefix('.') {\n    |            ^^^^ not found in this scope\n    |\nhelp: consider importing this tuple variant\n    |\n1   + use core::option::Option::Some;\n    |\n\nerror[E0425]: cannot find function, tuple struct or tuple variant `Ok` in this scope\n   --> /Users/graysonnocera/.cargo/registry/src/index.crates.io-6f17d22bba15001f/semver-1.0.23/src/parse.rs:205:9\n    |\n205 |         Ok(rest)\n    |         ^^ not found in this scope\n    |\nhelp: consider importing this tuple variant\n    |\n1   + use core::result::Result::Ok;\n    |\n\nerror[E0531]: cannot find tuple struct or tuple variant `Some` in this scope\n   --> /Users/graysonnocera/.cargo/registry/src/index.crates.io-6f17d22bba15001f/semver-1.0.23/src/parse.rs:206:19\n    |\n206 |     } else if let Some(unexpected) = input.chars().next() {\n    |                   ^^^^ not found in this scope\n    |\nhelp: consider importing this tuple variant\n    |\n1   + use core::option::Option::Some;\n    |\n\nerror[E0425]: cannot find function, tuple struct or tuple variant `Err` in this scope\n   --> /Users/graysonnocera/.cargo/registry/src/index.crates.io-6f17d22bba15001f/semver-1.0.23/src/parse.rs:207:9\n    |\n207 |         Err(Error::new(ErrorKind::UnexpectedCharAfter(pos, unexpected)))\n    |         ^^^ not found in this scope\n    |\nhelp: consider importing this tuple variant\n    |\n1   + use core::result::Result::Err;\n    |\n\nerror[E0425]: cannot find function, tuple struct or tuple variant `Err` in this scope\n   --> /Users/graysonnocera/.cargo/registry/src/index.crates.io-6f17d22bba15001f/semver-1.0.23/src/parse.rs:209:9\n    |\n209 |         Err(Error::new(ErrorKind::UnexpectedEnd(pos)))\n    |         ^^^ not found in this scope\n    |\nhelp: consider importing this tuple variant\n    |\n1   + use core::result::Result::Err;\n    |\n\nerror[E0412]: cannot find type `Result` in this scope\n   --> /Users/graysonnocera/.cargo/registry/src/index.crates.io-6f17d22bba15001f/semver-1.0.23/src/parse.rs:213:42\n    |\n213 | fn prerelease_identifier(input: &str) -> Result<(Prerelease, &str), Error> {\n    |                                          ^^^^^^ not found in this scope\n    |\nhelp: consider importing one of these items\n    |\n1   + use core::fmt::Result;\n    |\n1   + use core::result::Result;\n    |\n1   + use alloc::fmt::Result;\n    |\n\nerror[E0425]: cannot find function, tuple struct or tuple variant `Ok` in this scope\n   --> /Users/graysonnocera/.cargo/registry/src/index.crates.io-6f17d22bba15001f/semver-1.0.23/src/parse.rs:216:5\n    |\n216 |     Ok((Prerelease { identifier }, rest))\n    |     ^^ not found in this scope\n    |\nhelp: consider importing this tuple variant\n    |\n1   + use core::result::Result::Ok;\n    |\n\nerror[E0412]: cannot find type `Result` in this scope\n   --> /Users/graysonnocera/.cargo/registry/src/index.crates.io-6f17d22bba15001f/semver-1.0.23/src/parse.rs:219:37\n    |\n219 | fn build_identifier(input: &str) -> Result<(BuildMetadata, &str), Error> {\n    |                                     ^^^^^^ not found in this scope\n    |\nhelp: consider importing one of these items\n    |\n1   + use core::fmt::Result;\n    |\n1   + use core::result::Result;\n    |\n1   + use alloc::fmt::Result;\n    |\n\nerror[E0425]: cannot find function, tuple struct or tuple variant `Ok` in this scope\n   --> /Users/graysonnocera/.cargo/registry/src/index.crates.io-6f17d22bba15001f/semver-1.0.23/src/parse.rs:222:5\n    |\n222 |     Ok((BuildMetadata { identifier }, rest))\n    |     ^^ not found in this scope\n    |\nhelp: consider importing this tuple variant\n    |\n1   + use core::result::Result::Ok;\n    |\n\nerror[E0412]: cannot find type `Result` in this scope\n   --> /Users/graysonnocera/.cargo/registry/src/index.crates.io-6f17d22bba15001f/semver-1.0.23/src/parse.rs:225:46\n    |\n225 | fn identifier(input: &str, pos: Position) -> Result<(&str, &str), Error> {\n    |                                              ^^^^^^ not found in this scope\n    |\nhelp: consider importing one of these items\n    |\n1   + use core::fmt::Result;\n    |\n1   + use core::result::Result;\n    |\n1   + use alloc::fmt::Result;\n    |\n\nerror[E0531]: cannot find tuple struct or tuple variant `Some` in this scope\n   --> /Users/graysonnocera/.cargo/registry/src/index.crates.io-6f17d22bba15001f/semver-1.0.23/src/parse.rs:232:13\n    |\n232 |             Some(b'A'..=b'Z') | Some(b'a'..=b'z') | Some(b'-') => {\n    |             ^^^^ not found in this scope\n    |\nhelp: consider importing this tuple variant\n    |\n1   + use core::option::Option::Some;\n    |\n\nerror[E0531]: cannot find tuple struct or tuple variant `Some` in this scope\n   --> /Users/graysonnocera/.cargo/registry/src/index.crates.io-6f17d22bba15001f/semver-1.0.23/src/parse.rs:232:33\n    |\n232 |             Some(b'A'..=b'Z') | Some(b'a'..=b'z') | Some(b'-') => {\n    |                                 ^^^^ not found in this scope\n    |\nhelp: consider importing this tuple variant\n    |\n1   + use core::option::Option::Some;\n    |\n\nerror[E0531]: cannot find tuple struct or tuple variant `Some` in this scope\n   --> /Users/graysonnocera/.cargo/registry/src/index.crates.io-6f17d22bba15001f/semver-1.0.23/src/parse.rs:232:53\n    |\n232 |             Some(b'A'..=b'Z') | Some(b'a'..=b'z') | Some(b'-') => {\n    |                                                     ^^^^ not found in this scope\n    |\nhelp: consider importing this tuple variant\n    |\n1   + use core::option::Option::Some;\n    |\n\nerror[E0531]: cannot find tuple struct or tuple variant `Some` in this scope\n   --> /Users/graysonnocera/.cargo/registry/src/index.crates.io-6f17d22bba15001f/semver-1.0.23/src/parse.rs:236:13\n    |\n236 |             Some(b'0'..=b'9') => {\n    |             ^^^^ not found in this scope\n    |\nhelp: consider importing this tuple variant\n    |\n1   + use core::option::Option::Some;\n    |\n\nerror[E0425]: cannot find function, tuple struct or tuple variant `Some` in this scope\n   --> /Users/graysonnocera/.cargo/registry/src/index.crates.io-6f17d22bba15001f/semver-1.0.23/src/parse.rs:241:60\n    |\n241 |                     if accumulated_len == 0 && boundary != Some(&b'.') {\n    |                                                            ^^^^ not found in this scope\n    |\nhelp: consider importing this tuple variant\n    |\n1   + use core::option::Option::Some;\n    |\n\nerror[E0425]: cannot find function, tuple struct or tuple variant `Ok` in this scope\n   --> /Users/graysonnocera/.cargo/registry/src/index.crates.io-6f17d22bba15001f/semver-1.0.23/src/parse.rs:242:32\n    |\n242 |                         return Ok((\"\", input));\n    |                                ^^ not found in this scope\n    |\nhelp: consider importing this tuple variant\n    |\n1   + use core::result::Result::Ok;\n    |\n\nerror[E0425]: cannot find function, tuple struct or tuple variant `Err` in this scope\n   --> /Users/graysonnocera/.cargo/registry/src/index.crates.io-6f17d22bba15001f/semver-1.0.23/src/parse.rs:244:32\n    |\n244 |                         return Err(Error::new(ErrorKind::EmptySegment(pos)));\n    |                                ^^^ not found in this scope\n    |\nhelp: consider importing this tuple variant\n    |\n1   + use core::result::Result::Err;\n    |\n\nerror[E0425]: cannot find function, tuple struct or tuple variant `Err` in this scope\n   --> /Users/graysonnocera/.cargo/registry/src/index.crates.io-6f17d22bba15001f/semver-1.0.23/src/parse.rs:252:28\n    |\n252 |                     return Err(Error::new(ErrorKind::LeadingZero(pos)));\n    |                            ^^^ not found in this scope\n    |\nhelp: consider importing this tuple variant\n    |\n1   + use core::result::Result::Err;\n    |\n\nerror[E0425]: cannot find function, tuple struct or tuple variant `Some` in this scope\n   --> /Users/graysonnocera/.cargo/registry/src/index.crates.io-6f17d22bba15001f/semver-1.0.23/src/parse.rs:255:32\n    |\n255 |                 if boundary == Some(&b'.') {\n    |                                ^^^^ not found in this scope\n    |\nhelp: consider importing this tuple variant\n    |\n1   + use core::option::Option::Some;\n    |\n\nerror[E0425]: cannot find function, tuple struct or tuple variant `Ok` in this scope\n   --> /Users/graysonnocera/.cargo/registry/src/index.crates.io-6f17d22bba15001f/semver-1.0.23/src/parse.rs:260:28\n    |\n260 |                     return Ok(input.split_at(accumulated_len));\n    |                            ^^ not found in this scope\n    |\nhelp: consider importing this tuple variant\n    |\n1   + use core::result::Result::Ok;\n    |\n\nerror[E0425]: cannot find function, tuple struct or tuple variant `Some` in this scope\n   --> /Users/graysonnocera/.cargo/registry/src/index.crates.io-6f17d22bba15001f/semver-1.0.23/src/parse.rs:269:25\n    |\n269 |     if bytes.first() == Some(&b'=') {\n    |                         ^^^^ not found in this scope\n    |\nhelp: consider importing this tuple variant\n    |\n1   + use core::option::Option::Some;\n    |\n\nerror[E0425]: cannot find function, tuple struct or tuple variant `Some` in this scope\n   --> /Users/graysonnocera/.cargo/registry/src/index.crates.io-6f17d22bba15001f/semver-1.0.23/src/parse.rs:271:32\n    |\n271 |     } else if bytes.first() == Some(&b'>') {\n    |                                ^^^^ not found in this scope\n    |\nhelp: consider importing this tuple variant\n    |\n1   + use core::option::Option::Some;\n    |\n\nerror[E0425]: cannot find function, tuple struct or tuple variant `Some` in this scope\n   --> /Users/graysonnocera/.cargo/registry/src/index.crates.io-6f17d22bba15001f/semver-1.0.23/src/parse.rs:272:28\n    |\n272 |         if bytes.get(1) == Some(&b'=') {\n    |                            ^^^^ not found in this scope\n    |\nhelp: consider importing this tuple variant\n    |\n1   + use core::option::Option::Some;\n    |\n\nerror[E0425]: cannot find function, tuple struct or tuple variant `Some` in this scope\n   --> /Users/graysonnocera/.cargo/registry/src/index.crates.io-6f17d22bba15001f/semver-1.0.23/src/parse.rs:277:32\n    |\n277 |     } else if bytes.first() == Some(&b'<') {\n    |                                ^^^^ not found in this scope\n    |\nhelp: consider importing this tuple variant\n    |\n1   + use core::option::Option::Some;\n    |\n\nerror[E0425]: cannot find function, tuple struct or tuple variant `Some` in this scope\n   --> /Users/graysonnocera/.cargo/registry/src/index.crates.io-6f17d22bba15001f/semver-1.0.23/src/parse.rs:278:28\n    |\n278 |         if bytes.get(1) == Some(&b'=') {\n    |                            ^^^^ not found in this scope\n    |\nhelp: consider importing this tuple variant\n    |\n1   + use core::option::Option::Some;\n    |\n\nerror[E0425]: cannot find function, tuple struct or tuple variant `Some` in this scope\n   --> /Users/graysonnocera/.cargo/registry/src/index.crates.io-6f17d22bba15001f/semver-1.0.23/src/parse.rs:283:32\n    |\n283 |     } else if bytes.first() == Some(&b'~') {\n    |                                ^^^^ not found in this scope\n    |\nhelp: consider importing this tuple variant\n    |\n1   + use core::option::Option::Some;\n    |\n\nerror[E0425]: cannot find function, tuple struct or tuple variant `Some` in this scope\n   --> /Users/graysonnocera/.cargo/registry/src/index.crates.io-6f17d22bba15001f/semver-1.0.23/src/parse.rs:285:32\n    |\n285 |     } else if bytes.first() == Some(&b'^') {\n    |                                ^^^^ not found in this scope\n    |\nhelp: consider importing this tuple variant\n    |\n1   + use core::option::Option::Some;\n    |\n\nerror[E0412]: cannot find type `Result` in this scope\n   --> /Users/graysonnocera/.cargo/registry/src/index.crates.io-6f17d22bba15001f/semver-1.0.23/src/parse.rs:292:31\n    |\n292 | fn comparator(input: &str) -> Result<(Comparator, Position, &str), Error> {\n    |                               ^^^^^^ not found in this scope\n    |\nhelp: consider importing one of these items\n    |\n1   + use core::fmt::Result;\n    |\n1   + use core::result::Result;\n    |\n1   + use alloc::fmt::Result;\n    |\n\nerror[E0531]: cannot find tuple struct or tuple variant `Some` in this scope\n   --> /Users/graysonnocera/.cargo/registry/src/index.crates.io-6f17d22bba15001f/semver-1.0.23/src/parse.rs:301:32\n    |\n301 |     let (minor, text) = if let Some(text) = text.strip_prefix('.') {\n    |                                ^^^^ not found in this scope\n    |\nhelp: consider importing this tuple variant\n    |\n1   + use core::option::Option::Some;\n    |\n\nerror[E0531]: cannot find tuple struct or tuple variant `Some` in this scope\n   --> /Users/graysonnocera/.cargo/registry/src/index.crates.io-6f17d22bba15001f/semver-1.0.23/src/parse.rs:303:16\n    |\n303 |         if let Some((_, text)) = wildcard(text) {\n    |                ^^^^ not found in this scope\n    |\nhelp: consider importing this tuple variant\n    |\n1   + use core::option::Option::Some;\n    |\n\nerror[E0425]: cannot find value `None` in this scope\n   --> /Users/graysonnocera/.cargo/registry/src/index.crates.io-6f17d22bba15001f/semver-1.0.23/src/parse.rs:308:14\n    |\n308 |             (None, text)\n    |              ^^^^ not found in this scope\n    |\nhelp: consider importing this unit variant\n    |\n1   + use core::option::Option::None;\n    |\n\nerror[E0425]: cannot find function, tuple struct or tuple variant `Some` in this scope\n   --> /Users/graysonnocera/.cargo/registry/src/index.crates.io-6f17d22bba15001f/semver-1.0.23/src/parse.rs:311:14\n    |\n311 |             (Some(minor), text)\n    |              ^^^^ not found in this scope\n    |\nhelp: consider importing this tuple variant\n    |\n1   + use core::option::Option::Some;\n    |\n\nerror[E0425]: cannot find value `None` in this scope\n   --> /Users/graysonnocera/.cargo/registry/src/index.crates.io-6f17d22bba15001f/semver-1.0.23/src/parse.rs:314:10\n    |\n314 |         (None, text)\n    |          ^^^^ not found in this scope\n    |\nhelp: consider importing this unit variant\n    |\n1   + use core::option::Option::None;\n    |\n\nerror[E0531]: cannot find tuple struct or tuple variant `Some` in this scope\n   --> /Users/graysonnocera/.cargo/registry/src/index.crates.io-6f17d22bba15001f/semver-1.0.23/src/parse.rs:317:32\n    |\n317 |     let (patch, text) = if let Some(text) = text.strip_prefix('.') {\n    |                                ^^^^ not found in this scope\n    |\nhelp: consider importing this tuple variant\n    |\n1   + use core::option::Option::Some;\n    |\n\nerror[E0531]: cannot find tuple struct or tuple variant `Some` in this scope\n   --> /Users/graysonnocera/.cargo/registry/src/index.crates.io-6f17d22bba15001f/semver-1.0.23/src/parse.rs:319:16\n    |\n319 |         if let Some((_, text)) = wildcard(text) {\n    |                ^^^^ not found in this scope\n    |\nhelp: consider importing this tuple variant\n    |\n1   + use core::option::Option::Some;\n    |\n\nerror[E0425]: cannot find value `None` in this scope\n   --> /Users/graysonnocera/.cargo/registry/src/index.crates.io-6f17d22bba15001f/semver-1.0.23/src/parse.rs:323:14\n    |\n323 |             (None, text)\n    |              ^^^^ not found in this scope\n    |\nhelp: consider importing this unit variant\n    |\n1   + use core::option::Option::None;\n    |\n\nerror[E0425]: cannot find function, tuple struct or tuple variant `Err` in this scope\n   --> /Users/graysonnocera/.cargo/registry/src/index.crates.io-6f17d22bba15001f/semver-1.0.23/src/parse.rs:325:20\n    |\n325 |             return Err(Error::new(ErrorKind::UnexpectedAfterWildcard));\n    |                    ^^^ not found in this scope\n    |\nhelp: consider importing this tuple variant\n    |\n1   + use core::result::Result::Err;\n    |\n\nerror[E0425]: cannot find function, tuple struct or tuple variant `Some` in this scope\n   --> /Users/graysonnocera/.cargo/registry/src/index.crates.io-6f17d22bba15001f/semver-1.0.23/src/parse.rs:328:14\n    |\n328 |             (Some(patch), text)\n    |              ^^^^ not found in this scope\n    |\nhelp: consider importing this tuple variant\n    |\n1   + use core::option::Option::Some;\n    |\n\nerror[E0425]: cannot find value `None` in this scope\n   --> /Users/graysonnocera/.cargo/registry/src/index.crates.io-6f17d22bba15001f/semver-1.0.23/src/parse.rs:331:10\n    |\n331 |         (None, text)\n    |          ^^^^ not found in this scope\n    |\nhelp: consider importing this unit variant\n    |\n1   + use core::option::Option::None;\n    |\n\nerror[E0425]: cannot find function, tuple struct or tuple variant `Err` in this scope\n   --> /Users/graysonnocera/.cargo/registry/src/index.crates.io-6f17d22bba15001f/semver-1.0.23/src/parse.rs:339:20\n    |\n339 |             return Err(Error::new(ErrorKind::EmptySegment(pos)));\n    |                    ^^^ not found in this scope\n    |\nhelp: consider importing this tuple variant\n    |\n1   + use core::result::Result::Err;\n    |\n\nerror[E0425]: cannot find function, tuple struct or tuple variant `Err` in this scope\n   --> /Users/graysonnocera/.cargo/registry/src/index.crates.io-6f17d22bba15001f/semver-1.0.23/src/parse.rs:351:20\n    |\n351 |             return Err(Error::new(ErrorKind::EmptySegment(pos)));\n    |                    ^^^ not found in this scope\n    |\nhelp: consider importing this tuple variant\n    |\n1   + use core::result::Result::Err;\n    |\n\nerror[E0425]: cannot find function, tuple struct or tuple variant `Ok` in this scope\n   --> /Users/graysonnocera/.cargo/registry/src/index.crates.io-6f17d22bba15001f/semver-1.0.23/src/parse.rs:368:5\n    |\n368 |     Ok((comparator, pos, text))\n    |     ^^ not found in this scope\n    |\nhelp: consider importing this tuple variant\n    |\n1   + use core::result::Result::Ok;\n    |\n\nerror[E0412]: cannot find type `Result` in this scope\n   --> /Users/graysonnocera/.cargo/registry/src/index.crates.io-6f17d22bba15001f/semver-1.0.23/src/parse.rs:371:73\n    |\n371 | fn version_req(input: &str, out: &mut Vec<Comparator>, depth: usize) -> Result<usize, Error> {\n    |                                                                         ^^^^^^ not found in this scope\n    |\nhelp: consider importing one of these items\n    |\n1   + use core::fmt::Result;\n    |\n1   + use core::result::Result;\n    |\n1   + use alloc::fmt::Result;\n    |\n\nerror[E0531]: cannot find tuple struct or tuple variant `Ok` in this scope\n   --> /Users/graysonnocera/.cargo/registry/src/index.crates.io-6f17d22bba15001f/semver-1.0.23/src/parse.rs:373:9\n    |\n373 |         Ok(success) => success,\n    |         ^^ not found in this scope\n    |\nhelp: consider importing this tuple variant\n    |\n1   + use core::result::Result::Ok;\n    |\n\nerror[E0531]: cannot find tuple struct or tuple variant `Err` in this scope\n   --> /Users/graysonnocera/.cargo/registry/src/index.crates.io-6f17d22bba15001f/semver-1.0.23/src/parse.rs:374:9\n    |\n374 |         Err(mut error) => {\n    |         ^^^ not found in this scope\n    |\nhelp: consider importing this tuple variant\n    |\n1   + use core::result::Result::Err;\n    |\n\nerror[E0531]: cannot find tuple struct or tuple variant `Some` in this scope\n   --> /Users/graysonnocera/.cargo/registry/src/index.crates.io-6f17d22bba15001f/semver-1.0.23/src/parse.rs:375:20\n    |\n375 |             if let Some((ch, mut rest)) = wildcard(input) {\n    |                    ^^^^ not found in this scope\n    |\nhelp: consider importing this tuple variant\n    |\n1   + use core::option::Option::Some;\n    |\n\nerror[E0425]: cannot find function, tuple struct or tuple variant `Err` in this scope\n   --> /Users/graysonnocera/.cargo/registry/src/index.crates.io-6f17d22bba15001f/semver-1.0.23/src/parse.rs:381:20\n    |\n381 |             return Err(error);\n    |                    ^^^ not found in this scope\n    |\nhelp: consider importing this tuple variant\n    |\n1   + use core::result::Result::Err;\n    |\n\nerror[E0425]: cannot find function, tuple struct or tuple variant `Ok` in this scope\n   --> /Users/graysonnocera/.cargo/registry/src/index.crates.io-6f17d22bba15001f/semver-1.0.23/src/parse.rs:388:16\n    |\n388 |         return Ok(depth + 1);\n    |                ^^ not found in this scope\n    |\nhelp: consider importing this tuple variant\n    |\n1   + use core::result::Result::Ok;\n    |\n\nerror[E0531]: cannot find tuple struct or tuple variant `Some` in this scope\n   --> /Users/graysonnocera/.cargo/registry/src/index.crates.io-6f17d22bba15001f/semver-1.0.23/src/parse.rs:391:23\n    |\n391 |     let text = if let Some(text) = text.strip_prefix(',') {\n    |                       ^^^^ not found in this scope\n    |\nhelp: consider importing this tuple variant\n    |\n1   + use core::option::Option::Some;\n    |\n\nerror[E0425]: cannot find function, tuple struct or tuple variant `Err` in this scope\n   --> /Users/graysonnocera/.cargo/registry/src/index.crates.io-6f17d22bba15001f/semver-1.0.23/src/parse.rs:395:16\n    |\n395 |         return Err(Error::new(ErrorKind::ExpectedCommaFound(pos, unexpected)));\n    |                ^^^ not found in this scope\n    |\nhelp: consider importing this tuple variant\n    |\n1   + use core::result::Result::Err;\n    |\n\nerror[E0425]: cannot find function, tuple struct or tuple variant `Err` in this scope\n   --> /Users/graysonnocera/.cargo/registry/src/index.crates.io-6f17d22bba15001f/semver-1.0.23/src/parse.rs:400:16\n    |\n400 |         return Err(Error::new(ErrorKind::ExcessiveComparators));\n    |                ^^^ not found in this scope\n    |\nhelp: consider importing this tuple variant\n    |\n1   + use core::result::Result::Err;\n    |\n\nerror[E0425]: cannot find function, tuple struct or tuple variant `Ok` in this scope\n   --> /Users/graysonnocera/.cargo/registry/src/index.crates.io-6f17d22bba15001f/semver-1.0.23/src/parse.rs:408:5\n    |\n408 |     Ok(len)\n    |     ^^ not found in this scope\n    |\nhelp: consider importing this tuple variant\n    |\n1   + use core::result::Result::Ok;\n    |\n\nerror[E0412]: cannot find type `Option` in this scope\n   --> /Users/graysonnocera/.cargo/registry/src/index.crates.io-6f17d22bba15001f/semver-1.0.23/src/lib.rs:199:16\n    |\n199 |     pub minor: Option<u64>,\n    |                ^^^^^^ not found in this scope\n    |\nhelp: consider importing this enum\n    |\n103 + use core::option::Option;\n    |\n\nerror[E0412]: cannot find type `Option` in this scope\n   --> /Users/graysonnocera/.cargo/registry/src/index.crates.io-6f17d22bba15001f/semver-1.0.23/src/lib.rs:201:16\n    |\n201 |     pub patch: Option<u64>,\n    |                ^^^^^^ not found in this scope\n    |\nhelp: consider importing this enum\n    |\n103 + use core::option::Option;\n    |\n\nerror[E0412]: cannot find type `Result` in this scope\n   --> /Users/graysonnocera/.cargo/registry/src/index.crates.io-6f17d22bba15001f/semver-1.0.23/src/lib.rs:431:33\n    |\n431 |     pub fn parse(text: &str) -> Result<Self, Error> {\n    |                                 ^^^^^^ not found in this scope\n    |\nhelp: consider importing one of these items\n    |\n103 + use core::fmt::Result;\n    |\n103 + use core::result::Result;\n    |\n103 + use alloc::fmt::Result;\n    |\n\nerror[E0433]: failed to resolve: use of undeclared type `Ord`\n   --> /Users/graysonnocera/.cargo/registry/src/index.crates.io-6f17d22bba15001f/semver-1.0.23/src/lib.rs:476:9\n    |\n476 |         Ord::cmp(\n    |         ^^^ use of undeclared type `Ord`\n    |\nhelp: consider importing this trait\n    |\n103 + use core::cmp::Ord;\n    |\n\nerror[E0412]: cannot find type `Result` in this scope\n   --> /Users/graysonnocera/.cargo/registry/src/index.crates.io-6f17d22bba15001f/semver-1.0.23/src/lib.rs:517:33\n    |\n517 |     pub fn parse(text: &str) -> Result<Self, Error> {\n    |                                 ^^^^^^ not found in this scope\n    |\nhelp: consider importing one of these items\n    |\n103 + use core::fmt::Result;\n    |\n103 + use core::result::Result;\n    |\n103 + use alloc::fmt::Result;\n    |\n\nerror[E0405]: cannot find trait `Default` in this scope\n   --> /Users/graysonnocera/.cargo/registry/src/index.crates.io-6f17d22bba15001f/semver-1.0.23/src/lib.rs:530:6\n    |\n530 | impl Default for VersionReq {\n    |      ^^^^^^^ not found in this scope\n    |\nhelp: consider importing this trait\n    |\n103 + use core::default::Default;\n    |\n\nerror[E0412]: cannot find type `Result` in this scope\n   --> /Users/graysonnocera/.cargo/registry/src/index.crates.io-6f17d22bba15001f/semver-1.0.23/src/lib.rs:537:33\n    |\n537 |     pub fn parse(text: &str) -> Result<Self, Error> {\n    |                                 ^^^^^^ not found in this scope\n    |\nhelp: consider importing one of these items\n    |\n103 + use core::fmt::Result;\n    |\n103 + use core::result::Result;\n    |\n103 + use alloc::fmt::Result;\n    |\n\nerror[E0412]: cannot find type `Result` in this scope\n   --> /Users/graysonnocera/.cargo/registry/src/index.crates.io-6f17d22bba15001f/semver-1.0.23/src/lib.rs:551:31\n    |\n551 |     pub fn new(text: &str) -> Result<Self, Error> {\n    |                               ^^^^^^ not found in this scope\n    |\nhelp: consider importing one of these items\n    |\n103 + use core::fmt::Result;\n    |\n103 + use core::result::Result;\n    |\n103 + use alloc::fmt::Result;\n    |\n\nerror[E0412]: cannot find type `Result` in this scope\n   --> /Users/graysonnocera/.cargo/registry/src/index.crates.io-6f17d22bba15001f/semver-1.0.23/src/lib.rs:569:31\n    |\n569 |     pub fn new(text: &str) -> Result<Self, Error> {\n    |                               ^^^^^^ not found in this scope\n    |\nhelp: consider importing one of these items\n    |\n103 + use core::fmt::Result;\n    |\n103 + use core::result::Result;\n    |\n103 + use alloc::fmt::Result;\n    |\n\nSome errors have detailed explanations: E0405, E0412, E0425, E0433, E0463, E0531.\nerror: could not compile `semver` (lib) due to 182 previous errors\n",
      "stdout": ""
    },
    "features": [
      "std"
    ],
    "project": "../../../Downloads/695-Project/dataset/nostd-failed-crates/crates/fvm-wasm-instrument-0.4.0/src",
    "time_to_build": 958,
    "time_to_solve": 181
  }
]