[
  {
    "built_with_features": "futures-lock",
    "command": {
      "args": [
        "build",
        "--target",
        "thumbv7m-none-eabi",
        "--no-default-features",
        "--features",
        "futures-lock"
      ],
      "code": 101,
      "stderr": "   Compiling futures-core v0.3.31\n   Compiling futures-sink v0.3.31\n   Compiling memchr v2.7.4\n   Compiling futures-task v0.3.31\n   Compiling futures-io v0.3.31\n   Compiling quote v1.0.37\n   Compiling slab v0.4.9\nerror[E0463]: can't find crate for `std`\n  --> /Users/graysonnocera/.cargo/registry/src/index.crates.io-6f17d22bba15001f/futures-core-0.3.31/src/lib.rs:16:1\n   |\n16 | extern crate std;\n   | ^^^^^^^^^^^^^^^^^ can't find crate\n   |\n   = note: the `thumbv7m-none-eabi` target may not support the standard library\n\nerror[E0463]: can't find crate for `std`\n  --> /Users/graysonnocera/.cargo/registry/src/index.crates.io-6f17d22bba15001f/futures-sink-0.3.31/src/lib.rs:19:1\n   |\n19 | extern crate std;\n   | ^^^^^^^^^^^^^^^^^ can't find crate\n   |\n   = note: the `thumbv7m-none-eabi` target may not support the standard library\n\nerror[E0463]: can't find crate for `std`\n  --> /Users/graysonnocera/.cargo/registry/src/index.crates.io-6f17d22bba15001f/futures-io-0.3.31/src/lib.rs:23:1\n   |\n23 | extern crate std;\n   | ^^^^^^^^^^^^^^^^^ can't find crate\n   |\n   = note: the `thumbv7m-none-eabi` target may not support the standard library\n\nerror[E0463]: can't find crate for `std`\n  |\n  = note: the `thumbv7m-none-eabi` target may not support the standard library\n  = note: `std` is required by `slab` because it does not declare `#![no_std]`\n\nerror[E0463]: can't find crate for `std`\n   --> /Users/graysonnocera/.cargo/registry/src/index.crates.io-6f17d22bba15001f/slab-0.4.9/src/lib.rs:116:1\n    |\n116 | extern crate std as alloc;\n    | ^^^^^^^^^^^^^^^^^^^^^^^^^^ can't find crate\n    |\n    = note: the `thumbv7m-none-eabi` target may not support the standard library\n\nerror[E0432]: unresolved imports `io::Error`, `io::ErrorKind`, `io::IoSlice`, `io::IoSliceMut`, `io::Result`, `io::SeekFrom`\n  --> /Users/graysonnocera/.cargo/registry/src/index.crates.io-6f17d22bba15001f/futures-io-0.3.31/src/lib.rs:38:18\n   |\n38 |     pub use io::{Error, ErrorKind, IoSlice, IoSliceMut, Result, SeekFrom};\n   |                  ^^^^^  ^^^^^^^^^  ^^^^^^^  ^^^^^^^^^^  ^^^^^^  ^^^^^^^^\n\nerror[E0463]: can't find crate for `std`\n  --> /Users/graysonnocera/.cargo/registry/src/index.crates.io-6f17d22bba15001f/futures-task-0.3.31/src/lib.rs:16:1\n   |\n16 | extern crate std;\n   | ^^^^^^^^^^^^^^^^^ can't find crate\n   |\n   = note: the `thumbv7m-none-eabi` target may not support the standard library\n\nSome errors have detailed explanations: E0432, E0463.\nerror: cannot find macro `debug_assert_eq` in this scope\n    --> /Users/graysonnocera/.cargo/registry/src/index.crates.io-6f17d22bba15001f/slab-0.4.9/src/lib.rs:1578:9\n     |\n1578 |         debug_assert_eq!(self.len, 0);\n     |         ^^^^^^^^^^^^^^^\n     |\nhelp: consider importing this macro\n     |\n123  + use core::debug_assert_eq;\n     |\n\nFor more information about an error, try `rustc --explain E0432`.\nerror: cannot find macro `debug_assert_eq` in this scope\n    --> /Users/graysonnocera/.cargo/registry/src/index.crates.io-6f17d22bba15001f/slab-0.4.9/src/lib.rs:1560:9\n     |\n1560 |         debug_assert_eq!(self.len, 0);\n     |         ^^^^^^^^^^^^^^^\n     |\nhelp: consider importing this macro\n     |\n123  + use core::debug_assert_eq;\n     |\n\nerror: cannot find macro `debug_assert_eq` in this scope\n    --> /Users/graysonnocera/.cargo/registry/src/index.crates.io-6f17d22bba15001f/slab-0.4.9/src/lib.rs:1534:9\n     |\n1534 |         debug_assert_eq!(self.len, 0);\n     |         ^^^^^^^^^^^^^^^\n     |\nhelp: consider importing this macro\n     |\n123  + use core::debug_assert_eq;\n     |\n\nerror: cannot find macro `debug_assert_eq` in this scope\n    --> /Users/graysonnocera/.cargo/registry/src/index.crates.io-6f17d22bba15001f/slab-0.4.9/src/lib.rs:1516:9\n     |\n1516 |         debug_assert_eq!(self.len, 0);\n     |         ^^^^^^^^^^^^^^^\n     |\nhelp: consider importing this macro\n     |\n123  + use core::debug_assert_eq;\n     |\n\nerror: cannot find macro `debug_assert_eq` in this scope\n    --> /Users/graysonnocera/.cargo/registry/src/index.crates.io-6f17d22bba15001f/slab-0.4.9/src/lib.rs:1490:9\n     |\n1490 |         debug_assert_eq!(self.len, 0);\n     |         ^^^^^^^^^^^^^^^\n     |\nhelp: consider importing this macro\n     |\n123  + use core::debug_assert_eq;\n     |\n\nerror: cannot find macro `debug_assert_eq` in this scope\n    --> /Users/graysonnocera/.cargo/registry/src/index.crates.io-6f17d22bba15001f/slab-0.4.9/src/lib.rs:1472:9\n     |\n1472 |         debug_assert_eq!(self.len, 0);\n     |         ^^^^^^^^^^^^^^^\n     |\nhelp: consider importing this macro\n     |\n123  + use core::debug_assert_eq;\n     |\n\nerror: cannot find macro `debug_assert_eq` in this scope\n    --> /Users/graysonnocera/.cargo/registry/src/index.crates.io-6f17d22bba15001f/slab-0.4.9/src/lib.rs:1446:9\n     |\n1446 |         debug_assert_eq!(self.len, 0);\n     |         ^^^^^^^^^^^^^^^\n     |\nhelp: consider importing this macro\n     |\n123  + use core::debug_assert_eq;\n     |\n\nerror: cannot find macro `debug_assert_eq` in this scope\n    --> /Users/graysonnocera/.cargo/registry/src/index.crates.io-6f17d22bba15001f/slab-0.4.9/src/lib.rs:1428:9\n     |\n1428 |         debug_assert_eq!(self.len, 0);\n     |         ^^^^^^^^^^^^^^^\n     |\nhelp: consider importing this macro\n     |\n123  + use core::debug_assert_eq;\n     |\n\nerror: cannot find macro `unreachable` in this scope\n    --> /Users/graysonnocera/.cargo/registry/src/index.crates.io-6f17d22bba15001f/slab-0.4.9/src/lib.rs:1385:18\n     |\n1385 |             _ => unreachable!(),\n     |                  ^^^^^^^^^^^\n     |\nhelp: consider importing this macro\n     |\n123  + use core::unreachable;\n     |\n\nFor more information about this error, try `rustc --explain E0463`.\nerror: cannot find macro `panic` in this scope\n    --> /Users/graysonnocera/.cargo/registry/src/index.crates.io-6f17d22bba15001f/slab-0.4.9/src/lib.rs:1220:18\n     |\n1220 |             _ => panic!(\"invalid key\"),\n     |                  ^^^^^\n     |\nhelp: consider importing this macro\n     |\n123  + use core::panic;\n     |\n\nerror: cannot find macro `panic` in this scope\n    --> /Users/graysonnocera/.cargo/registry/src/index.crates.io-6f17d22bba15001f/slab-0.4.9/src/lib.rs:1210:18\n     |\n1210 |             _ => panic!(\"invalid key\"),\n     |                  ^^^^^\n     |\nhelp: consider importing this macro\n     |\n123  + use core::panic;\n     |\n\nerror: cannot find macro `unreachable` in this scope\n    --> /Users/graysonnocera/.cargo/registry/src/index.crates.io-6f17d22bba15001f/slab-0.4.9/src/lib.rs:1035:22\n     |\n1035 |                 _ => unreachable!(),\n     |                      ^^^^^^^^^^^\n     |\nhelp: consider importing this macro\n     |\n123  + use core::unreachable;\n     |\n\nerror: cannot find macro `panic` in this scope\n   --> /Users/graysonnocera/.cargo/registry/src/index.crates.io-6f17d22bba15001f/slab-0.4.9/src/lib.rs:940:13\n    |\n940 |             panic!(\"The reference points to a value outside this slab\");\n    |             ^^^^^\n    |\nhelp: consider importing this macro\n    |\n123 + use core::panic;\n    |\n\nerror: could not compile `futures-io` (lib) due to 2 previous errors\nwarning: build failed, waiting for other jobs to finish...\nerror: cannot find macro `unreachable` in this scope\n   --> /Users/graysonnocera/.cargo/registry/src/index.crates.io-6f17d22bba15001f/slab-0.4.9/src/lib.rs:890:18\n    |\n890 |             _ => unreachable!(),\n    |                  ^^^^^^^^^^^\n    |\nhelp: consider importing this macro\n    |\n123 + use core::unreachable;\n    |\n\nerror: cannot find macro `debug_assert_ne` in this scope\n   --> /Users/graysonnocera/.cargo/registry/src/index.crates.io-6f17d22bba15001f/slab-0.4.9/src/lib.rs:882:9\n    |\n882 |         debug_assert_ne!(key1, key2);\n    |         ^^^^^^^^^^^^^^^\n    |\nhelp: consider importing this macro\n    |\n123 + use core::debug_assert_ne;\n    |\n\nerror: cannot find macro `unreachable` in this scope\n   --> /Users/graysonnocera/.cargo/registry/src/index.crates.io-6f17d22bba15001f/slab-0.4.9/src/lib.rs:850:18\n    |\n850 |             _ => unreachable!(),\n    |                  ^^^^^^^^^^^\n    |\nhelp: consider importing this macro\n    |\n123 + use core::unreachable;\n    |\n\nerror: could not compile `futures-sink` (lib) due to 1 previous error\nerror[E0463]: can't find crate for `std`\n   --> /Users/graysonnocera/.cargo/registry/src/index.crates.io-6f17d22bba15001f/memchr-2.7.4/src/lib.rs:198:1\n    |\n198 | extern crate std;\n    | ^^^^^^^^^^^^^^^^^ can't find crate\n    |\n    = note: the `thumbv7m-none-eabi` target may not support the standard library\n\nerror: cannot find macro `unreachable` in this scope\n   --> /Users/graysonnocera/.cargo/registry/src/index.crates.io-6f17d22bba15001f/slab-0.4.9/src/lib.rs:818:18\n    |\n818 |             _ => unreachable!(),\n    |                  ^^^^^^^^^^^\n    |\nhelp: consider importing this macro\n    |\n123 + use core::unreachable;\n    |\n\nerror: cannot find macro `assert` in this scope\n   --> /Users/graysonnocera/.cargo/registry/src/index.crates.io-6f17d22bba15001f/slab-0.4.9/src/lib.rs:770:9\n    |\n770 |         assert!(key1 != key2);\n    |         ^^^^^^\n    |\nhelp: consider importing this macro\n    |\n123 + use core::assert;\n    |\n\nerror: cannot find attribute `derive` in this scope\n   --> /Users/graysonnocera/.cargo/registry/src/index.crates.io-6f17d22bba15001f/slab-0.4.9/src/lib.rs:230:3\n    |\n230 | #[derive(Clone)]\n    |   ^^^^^^\n    |\nhelp: consider importing this attribute macro\n    |\n123 + use core::prelude::rust_2024::derive;\n    |\n\nerror: cannot find attribute `derive` in this scope\n   --> /Users/graysonnocera/.cargo/registry/src/index.crates.io-6f17d22bba15001f/slab-0.4.9/src/lib.rs:191:3\n    |\n191 | #[derive(Debug)]\n    |   ^^^^^^\n    |\nhelp: consider importing this attribute macro\n    |\n123 + use core::prelude::rust_2024::derive;\n    |\n\nerror: cannot find macro `unreachable` in this scope\n  --> /Users/graysonnocera/.cargo/registry/src/index.crates.io-6f17d22bba15001f/slab-0.4.9/src/builder.rs:59:13\n   |\n59 |             unreachable!()\n   |             ^^^^^^^^^^^\n   |\nhelp: consider importing this macro\n   |\n1  + use core::unreachable;\n   |\n\nerror: cannot find macro `unreachable` in this scope\n  --> /Users/graysonnocera/.cargo/registry/src/index.crates.io-6f17d22bba15001f/slab-0.4.9/src/builder.rs:56:22\n   |\n56 |                 _ => unreachable!(),\n   |                      ^^^^^^^^^^^\n   |\nhelp: consider importing this macro\n   |\n1  + use core::unreachable;\n   |\n\nerror: could not compile `futures-core` (lib) due to 1 previous error\nerror: could not compile `futures-task` (lib) due to 1 previous error\nerror[E0412]: cannot find type `Option` in this scope\n --> /Users/graysonnocera/.cargo/registry/src/index.crates.io-6f17d22bba15001f/slab-0.4.9/src/builder.rs:7:25\n  |\n7 |     first_vacant_index: Option<usize>,\n  |                         ^^^^^^ not found in this scope\n  |\nhelp: consider importing this enum\n  |\n1 + use core::option::Option;\n  |\n\nerror[E0425]: cannot find value `None` in this scope\n  --> /Users/graysonnocera/.cargo/registry/src/index.crates.io-6f17d22bba15001f/slab-0.4.9/src/builder.rs:15:33\n   |\n15 |             first_vacant_index: None,\n   |                                 ^^^^ not found in this scope\n   |\nhelp: consider importing this unit variant\n   |\n1  + use core::option::Option::None;\n   |\n\nerror[E0425]: cannot find function, tuple struct or tuple variant `Some` in this scope\n  --> /Users/graysonnocera/.cargo/registry/src/index.crates.io-6f17d22bba15001f/slab-0.4.9/src/builder.rs:31:43\n   |\n31 |                 self.first_vacant_index = Some(slab.entries.len());\n   |                                           ^^^^ not found in this scope\n   |\nhelp: consider importing this tuple variant\n   |\n1  + use core::option::Option::Some;\n   |\n\nerror[E0531]: cannot find tuple struct or tuple variant `Some` in this scope\n  --> /Users/graysonnocera/.cargo/registry/src/index.crates.io-6f17d22bba15001f/slab-0.4.9/src/builder.rs:52:23\n   |\n52 |         } else if let Some(first_vacant_index) = self.first_vacant_index {\n   |                       ^^^^ not found in this scope\n   |\nhelp: consider importing this tuple variant\n   |\n1  + use core::option::Option::Some;\n   |\n\nerror[E0405]: cannot find trait `Clone` in this scope\n   --> /Users/graysonnocera/.cargo/registry/src/index.crates.io-6f17d22bba15001f/slab-0.4.9/src/lib.rs:144:9\n    |\n144 | impl<T> Clone for Slab<T>\n    |         ^^^^^ not found in this scope\n    |\nhelp: consider importing this trait\n    |\n123 + use core::clone::Clone;\n    |\n\nerror[E0405]: cannot find trait `Clone` in this scope\n   --> /Users/graysonnocera/.cargo/registry/src/index.crates.io-6f17d22bba15001f/slab-0.4.9/src/lib.rs:146:8\n    |\n146 |     T: Clone,\n    |        ^^^^^ not found in this scope\n    |\nhelp: consider importing this trait\n    |\n123 + use core::clone::Clone;\n    |\n\nerror[E0405]: cannot find trait `Default` in this scope\n   --> /Users/graysonnocera/.cargo/registry/src/index.crates.io-6f17d22bba15001f/slab-0.4.9/src/lib.rs:163:9\n    |\n163 | impl<T> Default for Slab<T> {\n    |         ^^^^^^^ not found in this scope\n    |\nhelp: consider importing this trait\n    |\n123 + use core::default::Default;\n    |\n\nerror[E0405]: cannot find trait `Clone` in this scope\n   --> /Users/graysonnocera/.cargo/registry/src/index.crates.io-6f17d22bba15001f/slab-0.4.9/src/lib.rs:209:13\n    |\n209 | impl<'a, T> Clone for Iter<'a, T> {\n    |             ^^^^^ not found in this scope\n    |\nhelp: consider importing this trait\n    |\n123 + use core::clone::Clone;\n    |\n\nerror[E0531]: cannot find tuple struct or tuple variant `Some` in this scope\n   --> /Users/graysonnocera/.cargo/registry/src/index.crates.io-6f17d22bba15001f/slab-0.4.9/src/lib.rs:436:19\n    |\n436 |         while let Some(&Entry::Vacant(_)) = self.entries.last() {\n    |                   ^^^^ not found in this scope\n    |\nhelp: consider importing this tuple variant\n    |\n123 + use core::option::Option::Some;\n    |\n\nerror[E0405]: cannot find trait `FnMut` in this scope\n   --> /Users/graysonnocera/.cargo/registry/src/index.crates.io-6f17d22bba15001f/slab-0.4.9/src/lib.rs:525:12\n    |\n525 |         F: FnMut(&mut T, usize, usize) -> bool,\n    |            ^^^^^ not found in this scope\n    |\nhelp: consider importing one of these traits\n    |\n123 + use crate::ops::FnMut;\n    |\n123 + use core::ops::FnMut;\n    |\n\nerror[E0405]: cannot find trait `Drop` in this scope\n   --> /Users/graysonnocera/.cargo/registry/src/index.crates.io-6f17d22bba15001f/slab-0.4.9/src/lib.rs:532:17\n    |\n532 |         impl<T> Drop for CleanupGuard<'_, T> {\n    |                 ^^^^ not found in this scope\n    |\nhelp: consider importing one of these traits\n    |\n123 + use crate::ops::Drop;\n    |\n123 + use core::ops::Drop;\n    |\n\nerror[E0531]: cannot find tuple struct or tuple variant `Some` in this scope\n   --> /Users/graysonnocera/.cargo/registry/src/index.crates.io-6f17d22bba15001f/slab-0.4.9/src/lib.rs:552:20\n    |\n552 |             if let Some(Entry::Occupied(mut value)) = guard.slab.entries.pop() {\n    |                    ^^^^ not found in this scope\n    |\nhelp: consider importing this tuple variant\n    |\n123 + use core::option::Option::Some;\n    |\n\nerror[E0531]: cannot find tuple struct or tuple variant `Some` in this scope\n   --> /Users/graysonnocera/.cargo/registry/src/index.crates.io-6f17d22bba15001f/slab-0.4.9/src/lib.rs:554:27\n    |\n554 |                 while let Some(&Entry::Occupied(_)) = guard.slab.entries.get(occupied_until) {\n    |                           ^^^^ not found in this scope\n    |\nhelp: consider importing this tuple variant\n    |\n123 + use core::option::Option::Some;\n    |\n\nerror[E0412]: cannot find type `Option` in this scope\n   --> /Users/graysonnocera/.cargo/registry/src/index.crates.io-6f17d22bba15001f/slab-0.4.9/src/lib.rs:711:38\n    |\n711 |     pub fn get(&self, key: usize) -> Option<&T> {\n    |                                      ^^^^^^ not found in this scope\n    |\nhelp: consider importing this enum\n    |\n123 + use core::option::Option;\n    |\n\nerror[E0531]: cannot find tuple struct or tuple variant `Some` in this scope\n   --> /Users/graysonnocera/.cargo/registry/src/index.crates.io-6f17d22bba15001f/slab-0.4.9/src/lib.rs:713:13\n    |\n713 |             Some(Entry::Occupied(val)) => Some(val),\n    |             ^^^^ not found in this scope\n    |\nhelp: consider importing this tuple variant\n    |\n123 + use core::option::Option::Some;\n    |\n\nerror[E0425]: cannot find function, tuple struct or tuple variant `Some` in this scope\n   --> /Users/graysonnocera/.cargo/registry/src/index.crates.io-6f17d22bba15001f/slab-0.4.9/src/lib.rs:713:43\n    |\n713 |             Some(Entry::Occupied(val)) => Some(val),\n    |                                           ^^^^ not found in this scope\n    |\nhelp: consider importing this tuple variant\n    |\n123 + use core::option::Option::Some;\n    |\n\nerror[E0425]: cannot find value `None` in this scope\n   --> /Users/graysonnocera/.cargo/registry/src/index.crates.io-6f17d22bba15001f/slab-0.4.9/src/lib.rs:714:18\n    |\n714 |             _ => None,\n    |                  ^^^^ not found in this scope\n    |\nhelp: consider importing this unit variant\n    |\n123 + use core::option::Option::None;\n    |\n\nerror[E0412]: cannot find type `Option` in this scope\n   --> /Users/graysonnocera/.cargo/registry/src/index.crates.io-6f17d22bba15001f/slab-0.4.9/src/lib.rs:735:46\n    |\n735 |     pub fn get_mut(&mut self, key: usize) -> Option<&mut T> {\n    |                                              ^^^^^^ not found in this scope\n    |\nhelp: consider importing this enum\n    |\n123 + use core::option::Option;\n    |\n\nerror[E0531]: cannot find tuple struct or tuple variant `Some` in this scope\n   --> /Users/graysonnocera/.cargo/registry/src/index.crates.io-6f17d22bba15001f/slab-0.4.9/src/lib.rs:737:13\n    |\n737 |             Some(&mut Entry::Occupied(ref mut val)) => Some(val),\n    |             ^^^^ not found in this scope\n    |\nhelp: consider importing this tuple variant\n    |\n123 + use core::option::Option::Some;\n    |\n\nerror[E0425]: cannot find function, tuple struct or tuple variant `Some` in this scope\n   --> /Users/graysonnocera/.cargo/registry/src/index.crates.io-6f17d22bba15001f/slab-0.4.9/src/lib.rs:737:56\n    |\n737 |             Some(&mut Entry::Occupied(ref mut val)) => Some(val),\n    |                                                        ^^^^ not found in this scope\n    |\nhelp: consider importing this tuple variant\n    |\n123 + use core::option::Option::Some;\n    |\n\nerror[E0425]: cannot find value `None` in this scope\n   --> /Users/graysonnocera/.cargo/registry/src/index.crates.io-6f17d22bba15001f/slab-0.4.9/src/lib.rs:738:18\n    |\n738 |             _ => None,\n    |                  ^^^^ not found in this scope\n    |\nhelp: consider importing this unit variant\n    |\n123 + use core::option::Option::None;\n    |\n\nerror[E0412]: cannot find type `Option` in this scope\n   --> /Users/graysonnocera/.cargo/registry/src/index.crates.io-6f17d22bba15001f/slab-0.4.9/src/lib.rs:769:61\n    |\n769 |     pub fn get2_mut(&mut self, key1: usize, key2: usize) -> Option<(&mut T, &mut T)> {\n    |                                                             ^^^^^^ not found in this scope\n    |\nhelp: consider importing this enum\n    |\n123 + use core::option::Option;\n    |\n\nerror[E0531]: cannot find tuple struct or tuple variant `Some` in this scope\n   --> /Users/graysonnocera/.cargo/registry/src/index.crates.io-6f17d22bba15001f/slab-0.4.9/src/lib.rs:786:17\n    |\n786 |                 Some(&mut Entry::Occupied(ref mut val1)),\n    |                 ^^^^ not found in this scope\n    |\nhelp: consider importing this tuple variant\n    |\n123 + use core::option::Option::Some;\n    |\n\nerror[E0531]: cannot find tuple struct or tuple variant `Some` in this scope\n   --> /Users/graysonnocera/.cargo/registry/src/index.crates.io-6f17d22bba15001f/slab-0.4.9/src/lib.rs:787:17\n    |\n787 |                 Some(&mut Entry::Occupied(ref mut val2)),\n    |                 ^^^^ not found in this scope\n    |\nhelp: consider importing this tuple variant\n    |\n123 + use core::option::Option::Some;\n    |\n\nerror[E0425]: cannot find function, tuple struct or tuple variant `Some` in this scope\n   --> /Users/graysonnocera/.cargo/registry/src/index.crates.io-6f17d22bba15001f/slab-0.4.9/src/lib.rs:788:18\n    |\n788 |             ) => Some((val1, val2)),\n    |                  ^^^^ not found in this scope\n    |\nhelp: consider importing this tuple variant\n    |\n123 + use core::option::Option::Some;\n    |\n\nerror[E0425]: cannot find value `None` in this scope\n   --> /Users/graysonnocera/.cargo/registry/src/index.crates.io-6f17d22bba15001f/slab-0.4.9/src/lib.rs:789:18\n    |\n789 |             _ => None,\n    |                  ^^^^ not found in this scope\n    |\nhelp: consider importing this unit variant\n    |\n123 + use core::option::Option::None;\n    |\n\nerror[E0531]: cannot find tuple struct or tuple variant `Some` in this scope\n    --> /Users/graysonnocera/.cargo/registry/src/index.crates.io-6f17d22bba15001f/slab-0.4.9/src/lib.rs:1034:17\n     |\n1034 |                 Some(&Entry::Vacant(next)) => next,\n     |                 ^^^^ not found in this scope\n     |\nhelp: consider importing this tuple variant\n     |\n123  + use core::option::Option::Some;\n     |\n\nerror[E0412]: cannot find type `Option` in this scope\n    --> /Users/graysonnocera/.cargo/registry/src/index.crates.io-6f17d22bba15001f/slab-0.4.9/src/lib.rs:1058:49\n     |\n1058 |     pub fn try_remove(&mut self, key: usize) -> Option<T> {\n     |                                                 ^^^^^^ not found in this scope\n     |\nhelp: consider importing this enum\n     |\n123  + use core::option::Option;\n     |\n\nerror[E0531]: cannot find tuple struct or tuple variant `Some` in this scope\n    --> /Users/graysonnocera/.cargo/registry/src/index.crates.io-6f17d22bba15001f/slab-0.4.9/src/lib.rs:1059:16\n     |\n1059 |         if let Some(entry) = self.entries.get_mut(key) {\n     |                ^^^^ not found in this scope\n     |\nhelp: consider importing this tuple variant\n     |\n123  + use core::option::Option::Some;\n     |\n\nerror[E0425]: cannot find value `None` in this scope\n    --> /Users/graysonnocera/.cargo/registry/src/index.crates.io-6f17d22bba15001f/slab-0.4.9/src/lib.rs:1075:9\n     |\n1075 |         None\n     |         ^^^^ not found in this scope\n     |\nhelp: consider importing this unit variant\n     |\n123  + use core::option::Option::None;\n     |\n\nerror[E0531]: cannot find tuple struct or tuple variant `Some` in this scope\n    --> /Users/graysonnocera/.cargo/registry/src/index.crates.io-6f17d22bba15001f/slab-0.4.9/src/lib.rs:1120:13\n     |\n1120 |             Some(&Entry::Occupied(_)) => true,\n     |             ^^^^ not found in this scope\n     |\nhelp: consider importing this tuple variant\n     |\n123  + use core::option::Option::Some;\n     |\n\nerror[E0405]: cannot find trait `FnMut` in this scope\n    --> /Users/graysonnocera/.cargo/registry/src/index.crates.io-6f17d22bba15001f/slab-0.4.9/src/lib.rs:1151:12\n     |\n1151 |         F: FnMut(usize, &mut T) -> bool,\n     |            ^^^^^ not found in this scope\n     |\nhelp: consider importing one of these traits\n     |\n123  + use crate::ops::FnMut;\n     |\n123  + use core::ops::FnMut;\n     |\n\nerror[E0531]: cannot find tuple struct or tuple variant `Some` in this scope\n    --> /Users/graysonnocera/.cargo/registry/src/index.crates.io-6f17d22bba15001f/slab-0.4.9/src/lib.rs:1209:13\n     |\n1209 |             Some(Entry::Occupied(v)) => v,\n     |             ^^^^ not found in this scope\n     |\nhelp: consider importing this tuple variant\n     |\n123  + use core::option::Option::Some;\n     |\n\nerror[E0531]: cannot find tuple struct or tuple variant `Some` in this scope\n    --> /Users/graysonnocera/.cargo/registry/src/index.crates.io-6f17d22bba15001f/slab-0.4.9/src/lib.rs:1219:13\n     |\n1219 |             Some(&mut Entry::Occupied(ref mut v)) => v,\n     |             ^^^^ not found in this scope\n     |\nhelp: consider importing this tuple variant\n     |\n123  + use core::option::Option::Some;\n     |\n\nerror[E0405]: cannot find trait `IntoIterator` in this scope\n    --> /Users/graysonnocera/.cargo/registry/src/index.crates.io-6f17d22bba15001f/slab-0.4.9/src/lib.rs:1225:9\n     |\n1225 | impl<T> IntoIterator for Slab<T> {\n     |         ^^^^^^^^^^^^\n     |\n    ::: /Users/graysonnocera/.rustup/toolchains/stable-aarch64-apple-darwin/lib/rustlib/src/rust/library/core/src/iter/traits/collect.rs:134:1\n     |\n134  | pub trait FromIterator<A>: Sized {\n     | -------------------------------- similarly named trait `FromIterator` defined here\n     |\nhelp: a trait with a similar name exists\n     |\n1225 | impl<T> FromIterator for Slab<T> {\n     |         ~~~~~~~~~~~~\nhelp: consider importing one of these traits\n     |\n123  + use crate::iter::IntoIterator;\n     |\n123  + use core::iter::IntoIterator;\n     |\n\nerror[E0405]: cannot find trait `IntoIterator` in this scope\n    --> /Users/graysonnocera/.cargo/registry/src/index.crates.io-6f17d22bba15001f/slab-0.4.9/src/lib.rs:1237:13\n     |\n1237 | impl<'a, T> IntoIterator for &'a Slab<T> {\n     |             ^^^^^^^^^^^^\n     |\n    ::: /Users/graysonnocera/.rustup/toolchains/stable-aarch64-apple-darwin/lib/rustlib/src/rust/library/core/src/iter/traits/collect.rs:134:1\n     |\n134  | pub trait FromIterator<A>: Sized {\n     | -------------------------------- similarly named trait `FromIterator` defined here\n     |\nhelp: a trait with a similar name exists\n     |\n1237 | impl<'a, T> FromIterator for &'a Slab<T> {\n     |             ~~~~~~~~~~~~\nhelp: consider importing one of these traits\n     |\n123  + use crate::iter::IntoIterator;\n     |\n123  + use core::iter::IntoIterator;\n     |\n\nerror[E0405]: cannot find trait `IntoIterator` in this scope\n    --> /Users/graysonnocera/.cargo/registry/src/index.crates.io-6f17d22bba15001f/slab-0.4.9/src/lib.rs:1246:13\n     |\n1246 | impl<'a, T> IntoIterator for &'a mut Slab<T> {\n     |             ^^^^^^^^^^^^\n     |\n    ::: /Users/graysonnocera/.rustup/toolchains/stable-aarch64-apple-darwin/lib/rustlib/src/rust/library/core/src/iter/traits/collect.rs:134:1\n     |\n134  | pub trait FromIterator<A>: Sized {\n     | -------------------------------- similarly named trait `FromIterator` defined here\n     |\nhelp: a trait with a similar name exists\n     |\n1246 | impl<'a, T> FromIterator for &'a mut Slab<T> {\n     |             ~~~~~~~~~~~~\nhelp: consider importing one of these traits\n     |\n123  + use crate::iter::IntoIterator;\n     |\n123  + use core::iter::IntoIterator;\n     |\n\nerror[E0405]: cannot find trait `IntoIterator` in this scope\n    --> /Users/graysonnocera/.cargo/registry/src/index.crates.io-6f17d22bba15001f/slab-0.4.9/src/lib.rs:1288:12\n     |\n1288 |         I: IntoIterator<Item = (usize, T)>,\n     |            ^^^^^^^^^^^^\n     |\n    ::: /Users/graysonnocera/.rustup/toolchains/stable-aarch64-apple-darwin/lib/rustlib/src/rust/library/core/src/iter/traits/collect.rs:134:1\n     |\n134  | pub trait FromIterator<A>: Sized {\n     | -------------------------------- similarly named trait `FromIterator` defined here\n     |\nhelp: a trait with a similar name exists\n     |\n1288 |         I: FromIterator<Item = (usize, T)>,\n     |            ~~~~~~~~~~~~\nhelp: consider importing one of these traits\n     |\n123  + use crate::iter::IntoIterator;\n     |\n123  + use core::iter::IntoIterator;\n     |\n\nerror[E0531]: cannot find tuple struct or tuple variant `Some` in this scope\n    --> /Users/graysonnocera/.cargo/registry/src/index.crates.io-6f17d22bba15001f/slab-0.4.9/src/lib.rs:1384:13\n     |\n1384 |             Some(&mut Entry::Occupied(ref mut v)) => v,\n     |             ^^^^ not found in this scope\n     |\nhelp: consider importing this tuple variant\n     |\n123  + use core::option::Option::Some;\n     |\n\nerror[E0405]: cannot find trait `Iterator` in this scope\n    --> /Users/graysonnocera/.cargo/registry/src/index.crates.io-6f17d22bba15001f/slab-0.4.9/src/lib.rs:1417:9\n     |\n1417 | impl<T> Iterator for IntoIter<T> {\n     |         ^^^^^^^^ not found in this scope\n     |\nhelp: consider importing one of these traits\n     |\n123  + use crate::iter::Iterator;\n     |\n123  + use core::iter::Iterator;\n     |\n\nerror[E0412]: cannot find type `Option` in this scope\n    --> /Users/graysonnocera/.cargo/registry/src/index.crates.io-6f17d22bba15001f/slab-0.4.9/src/lib.rs:1420:27\n     |\n1420 |     fn next(&mut self) -> Option<Self::Item> {\n     |                           ^^^^^^ not found in this scope\n     |\nhelp: consider importing this enum\n     |\n123  + use core::option::Option;\n     |\n\nerror[E0425]: cannot find function, tuple struct or tuple variant `Some` in this scope\n    --> /Users/graysonnocera/.cargo/registry/src/index.crates.io-6f17d22bba15001f/slab-0.4.9/src/lib.rs:1424:24\n     |\n1424 |                 return Some((key, v));\n     |                        ^^^^ not found in this scope\n     |\nhelp: consider importing this tuple variant\n     |\n123  + use core::option::Option::Some;\n     |\n\nerror[E0425]: cannot find value `None` in this scope\n    --> /Users/graysonnocera/.cargo/registry/src/index.crates.io-6f17d22bba15001f/slab-0.4.9/src/lib.rs:1429:9\n     |\n1429 |         None\n     |         ^^^^ not found in this scope\n     |\nhelp: consider importing this unit variant\n     |\n123  + use core::option::Option::None;\n     |\n\nerror[E0412]: cannot find type `Option` in this scope\n    --> /Users/graysonnocera/.cargo/registry/src/index.crates.io-6f17d22bba15001f/slab-0.4.9/src/lib.rs:1432:36\n     |\n1432 |     fn size_hint(&self) -> (usize, Option<usize>) {\n     |                                    ^^^^^^ not found in this scope\n     |\nhelp: consider importing this enum\n     |\n123  + use core::option::Option;\n     |\n\nerror[E0425]: cannot find function, tuple struct or tuple variant `Some` in this scope\n    --> /Users/graysonnocera/.cargo/registry/src/index.crates.io-6f17d22bba15001f/slab-0.4.9/src/lib.rs:1433:20\n     |\n1433 |         (self.len, Some(self.len))\n     |                    ^^^^ not found in this scope\n     |\nhelp: consider importing this tuple variant\n     |\n123  + use core::option::Option::Some;\n     |\n\nerror[E0405]: cannot find trait `DoubleEndedIterator` in this scope\n    --> /Users/graysonnocera/.cargo/registry/src/index.crates.io-6f17d22bba15001f/slab-0.4.9/src/lib.rs:1437:9\n     |\n1437 | impl<T> DoubleEndedIterator for IntoIter<T> {\n     |         ^^^^^^^^^^^^^^^^^^^ not found in this scope\n     |\nhelp: consider importing one of these traits\n     |\n123  + use crate::iter::DoubleEndedIterator;\n     |\n123  + use core::iter::DoubleEndedIterator;\n     |\n\nerror[E0412]: cannot find type `Option` in this scope\n    --> /Users/graysonnocera/.cargo/registry/src/index.crates.io-6f17d22bba15001f/slab-0.4.9/src/lib.rs:1438:32\n     |\n1438 |     fn next_back(&mut self) -> Option<Self::Item> {\n     |                                ^^^^^^ not found in this scope\n     |\nhelp: consider importing this enum\n     |\n123  + use core::option::Option;\n     |\n\nerror[E0531]: cannot find tuple struct or tuple variant `Some` in this scope\n    --> /Users/graysonnocera/.cargo/registry/src/index.crates.io-6f17d22bba15001f/slab-0.4.9/src/lib.rs:1439:19\n     |\n1439 |         while let Some((key, entry)) = self.entries.next_back() {\n     |                   ^^^^ not found in this scope\n     |\nhelp: consider importing this tuple variant\n     |\n123  + use core::option::Option::Some;\n     |\n\nerror[E0425]: cannot find function, tuple struct or tuple variant `Some` in this scope\n    --> /Users/graysonnocera/.cargo/registry/src/index.crates.io-6f17d22bba15001f/slab-0.4.9/src/lib.rs:1442:24\n     |\n1442 |                 return Some((key, v));\n     |                        ^^^^ not found in this scope\n     |\nhelp: consider importing this tuple variant\n     |\n123  + use core::option::Option::Some;\n     |\n\nerror[E0425]: cannot find value `None` in this scope\n    --> /Users/graysonnocera/.cargo/registry/src/index.crates.io-6f17d22bba15001f/slab-0.4.9/src/lib.rs:1447:9\n     |\n1447 |         None\n     |         ^^^^ not found in this scope\n     |\nhelp: consider importing this unit variant\n     |\n123  + use core::option::Option::None;\n     |\n\nerror[E0405]: cannot find trait `ExactSizeIterator` in this scope\n    --> /Users/graysonnocera/.cargo/registry/src/index.crates.io-6f17d22bba15001f/slab-0.4.9/src/lib.rs:1451:9\n     |\n1451 | impl<T> ExactSizeIterator for IntoIter<T> {\n     |         ^^^^^^^^^^^^^^^^^ not found in this scope\n     |\nhelp: consider importing one of these traits\n     |\n123  + use crate::iter::ExactSizeIterator;\n     |\n123  + use core::iter::ExactSizeIterator;\n     |\n\nerror[E0405]: cannot find trait `Iterator` in this scope\n    --> /Users/graysonnocera/.cargo/registry/src/index.crates.io-6f17d22bba15001f/slab-0.4.9/src/lib.rs:1461:13\n     |\n1461 | impl<'a, T> Iterator for Iter<'a, T> {\n     |             ^^^^^^^^ not found in this scope\n     |\nhelp: consider importing one of these traits\n     |\n123  + use crate::iter::Iterator;\n     |\n123  + use core::iter::Iterator;\n     |\n\nerror[E0412]: cannot find type `Option` in this scope\n    --> /Users/graysonnocera/.cargo/registry/src/index.crates.io-6f17d22bba15001f/slab-0.4.9/src/lib.rs:1464:27\n     |\n1464 |     fn next(&mut self) -> Option<Self::Item> {\n     |                           ^^^^^^ not found in this scope\n     |\nhelp: consider importing this enum\n     |\n123  + use core::option::Option;\n     |\n\nerror[E0425]: cannot find function, tuple struct or tuple variant `Some` in this scope\n    --> /Users/graysonnocera/.cargo/registry/src/index.crates.io-6f17d22bba15001f/slab-0.4.9/src/lib.rs:1468:24\n     |\n1468 |                 return Some((key, v));\n     |                        ^^^^ not found in this scope\n     |\nhelp: consider importing this tuple variant\n     |\n123  + use core::option::Option::Some;\n     |\n\nerror[E0425]: cannot find value `None` in this scope\n    --> /Users/graysonnocera/.cargo/registry/src/index.crates.io-6f17d22bba15001f/slab-0.4.9/src/lib.rs:1473:9\n     |\n1473 |         None\n     |         ^^^^ not found in this scope\n     |\nhelp: consider importing this unit variant\n     |\n123  + use core::option::Option::None;\n     |\n\nerror[E0412]: cannot find type `Option` in this scope\n    --> /Users/graysonnocera/.cargo/registry/src/index.crates.io-6f17d22bba15001f/slab-0.4.9/src/lib.rs:1476:36\n     |\n1476 |     fn size_hint(&self) -> (usize, Option<usize>) {\n     |                                    ^^^^^^ not found in this scope\n     |\nhelp: consider importing this enum\n     |\n123  + use core::option::Option;\n     |\n\nerror[E0425]: cannot find function, tuple struct or tuple variant `Some` in this scope\n    --> /Users/graysonnocera/.cargo/registry/src/index.crates.io-6f17d22bba15001f/slab-0.4.9/src/lib.rs:1477:20\n     |\n1477 |         (self.len, Some(self.len))\n     |                    ^^^^ not found in this scope\n     |\nhelp: consider importing this tuple variant\n     |\n123  + use core::option::Option::Some;\n     |\n\nerror[E0405]: cannot find trait `DoubleEndedIterator` in this scope\n    --> /Users/graysonnocera/.cargo/registry/src/index.crates.io-6f17d22bba15001f/slab-0.4.9/src/lib.rs:1481:9\n     |\n1481 | impl<T> DoubleEndedIterator for Iter<'_, T> {\n     |         ^^^^^^^^^^^^^^^^^^^ not found in this scope\n     |\nhelp: consider importing one of these traits\n     |\n123  + use crate::iter::DoubleEndedIterator;\n     |\n123  + use core::iter::DoubleEndedIterator;\n     |\n\nerror[E0412]: cannot find type `Option` in this scope\n    --> /Users/graysonnocera/.cargo/registry/src/index.crates.io-6f17d22bba15001f/slab-0.4.9/src/lib.rs:1482:32\n     |\n1482 |     fn next_back(&mut self) -> Option<Self::Item> {\n     |                                ^^^^^^ not found in this scope\n     |\nhelp: consider importing this enum\n     |\n123  + use core::option::Option;\n     |\n\nerror[E0531]: cannot find tuple struct or tuple variant `Some` in this scope\n    --> /Users/graysonnocera/.cargo/registry/src/index.crates.io-6f17d22bba15001f/slab-0.4.9/src/lib.rs:1483:19\n     |\n1483 |         while let Some((key, entry)) = self.entries.next_back() {\n     |                   ^^^^ not found in this scope\n     |\nhelp: consider importing this tuple variant\n     |\n123  + use core::option::Option::Some;\n     |\n\nerror[E0425]: cannot find function, tuple struct or tuple variant `Some` in this scope\n    --> /Users/graysonnocera/.cargo/registry/src/index.crates.io-6f17d22bba15001f/slab-0.4.9/src/lib.rs:1486:24\n     |\n1486 |                 return Some((key, v));\n     |                        ^^^^ not found in this scope\n     |\nhelp: consider importing this tuple variant\n     |\n123  + use core::option::Option::Some;\n     |\n\nerror[E0425]: cannot find value `None` in this scope\n    --> /Users/graysonnocera/.cargo/registry/src/index.crates.io-6f17d22bba15001f/slab-0.4.9/src/lib.rs:1491:9\n     |\n1491 |         None\n     |         ^^^^ not found in this scope\n     |\nhelp: consider importing this unit variant\n     |\n123  + use core::option::Option::None;\n     |\n\nerror[E0405]: cannot find trait `ExactSizeIterator` in this scope\n    --> /Users/graysonnocera/.cargo/registry/src/index.crates.io-6f17d22bba15001f/slab-0.4.9/src/lib.rs:1495:9\n     |\n1495 | impl<T> ExactSizeIterator for Iter<'_, T> {\n     |         ^^^^^^^^^^^^^^^^^ not found in this scope\n     |\nhelp: consider importing one of these traits\n     |\n123  + use crate::iter::ExactSizeIterator;\n     |\n123  + use core::iter::ExactSizeIterator;\n     |\n\nerror[E0405]: cannot find trait `Iterator` in this scope\n    --> /Users/graysonnocera/.cargo/registry/src/index.crates.io-6f17d22bba15001f/slab-0.4.9/src/lib.rs:1505:13\n     |\n1505 | impl<'a, T> Iterator for IterMut<'a, T> {\n     |             ^^^^^^^^ not found in this scope\n     |\nhelp: consider importing one of these traits\n     |\n123  + use crate::iter::Iterator;\n     |\n123  + use core::iter::Iterator;\n     |\n\nerror[E0412]: cannot find type `Option` in this scope\n    --> /Users/graysonnocera/.cargo/registry/src/index.crates.io-6f17d22bba15001f/slab-0.4.9/src/lib.rs:1508:27\n     |\n1508 |     fn next(&mut self) -> Option<Self::Item> {\n     |                           ^^^^^^ not found in this scope\n     |\nhelp: consider importing this enum\n     |\n123  + use core::option::Option;\n     |\n\nerror[E0425]: cannot find function, tuple struct or tuple variant `Some` in this scope\n    --> /Users/graysonnocera/.cargo/registry/src/index.crates.io-6f17d22bba15001f/slab-0.4.9/src/lib.rs:1512:24\n     |\n1512 |                 return Some((key, v));\n     |                        ^^^^ not found in this scope\n     |\nhelp: consider importing this tuple variant\n     |\n123  + use core::option::Option::Some;\n     |\n\nerror[E0425]: cannot find value `None` in this scope\n    --> /Users/graysonnocera/.cargo/registry/src/index.crates.io-6f17d22bba15001f/slab-0.4.9/src/lib.rs:1517:9\n     |\n1517 |         None\n     |         ^^^^ not found in this scope\n     |\nhelp: consider importing this unit variant\n     |\n123  + use core::option::Option::None;\n     |\n\nerror[E0412]: cannot find type `Option` in this scope\n    --> /Users/graysonnocera/.cargo/registry/src/index.crates.io-6f17d22bba15001f/slab-0.4.9/src/lib.rs:1520:36\n     |\n1520 |     fn size_hint(&self) -> (usize, Option<usize>) {\n     |                                    ^^^^^^ not found in this scope\n     |\nhelp: consider importing this enum\n     |\n123  + use core::option::Option;\n     |\n\nerror[E0425]: cannot find function, tuple struct or tuple variant `Some` in this scope\n    --> /Users/graysonnocera/.cargo/registry/src/index.crates.io-6f17d22bba15001f/slab-0.4.9/src/lib.rs:1521:20\n     |\n1521 |         (self.len, Some(self.len))\n     |                    ^^^^ not found in this scope\n     |\nhelp: consider importing this tuple variant\n     |\n123  + use core::option::Option::Some;\n     |\n\nerror[E0405]: cannot find trait `DoubleEndedIterator` in this scope\n    --> /Users/graysonnocera/.cargo/registry/src/index.crates.io-6f17d22bba15001f/slab-0.4.9/src/lib.rs:1525:9\n     |\n1525 | impl<T> DoubleEndedIterator for IterMut<'_, T> {\n     |         ^^^^^^^^^^^^^^^^^^^ not found in this scope\n     |\nhelp: consider importing one of these traits\n     |\n123  + use crate::iter::DoubleEndedIterator;\n     |\n123  + use core::iter::DoubleEndedIterator;\n     |\n\nerror[E0412]: cannot find type `Option` in this scope\n    --> /Users/graysonnocera/.cargo/registry/src/index.crates.io-6f17d22bba15001f/slab-0.4.9/src/lib.rs:1526:32\n     |\n1526 |     fn next_back(&mut self) -> Option<Self::Item> {\n     |                                ^^^^^^ not found in this scope\n     |\nhelp: consider importing this enum\n     |\n123  + use core::option::Option;\n     |\n\nerror[E0531]: cannot find tuple struct or tuple variant `Some` in this scope\n    --> /Users/graysonnocera/.cargo/registry/src/index.crates.io-6f17d22bba15001f/slab-0.4.9/src/lib.rs:1527:19\n     |\n1527 |         while let Some((key, entry)) = self.entries.next_back() {\n     |                   ^^^^ not found in this scope\n     |\nhelp: consider importing this tuple variant\n     |\n123  + use core::option::Option::Some;\n     |\n\nerror[E0425]: cannot find function, tuple struct or tuple variant `Some` in this scope\n    --> /Users/graysonnocera/.cargo/registry/src/index.crates.io-6f17d22bba15001f/slab-0.4.9/src/lib.rs:1530:24\n     |\n1530 |                 return Some((key, v));\n     |                        ^^^^ not found in this scope\n     |\nhelp: consider importing this tuple variant\n     |\n123  + use core::option::Option::Some;\n     |\n\nerror[E0425]: cannot find value `None` in this scope\n    --> /Users/graysonnocera/.cargo/registry/src/index.crates.io-6f17d22bba15001f/slab-0.4.9/src/lib.rs:1535:9\n     |\n1535 |         None\n     |         ^^^^ not found in this scope\n     |\nhelp: consider importing this unit variant\n     |\n123  + use core::option::Option::None;\n     |\n\nerror[E0405]: cannot find trait `ExactSizeIterator` in this scope\n    --> /Users/graysonnocera/.cargo/registry/src/index.crates.io-6f17d22bba15001f/slab-0.4.9/src/lib.rs:1539:9\n     |\n1539 | impl<T> ExactSizeIterator for IterMut<'_, T> {\n     |         ^^^^^^^^^^^^^^^^^ not found in this scope\n     |\nhelp: consider importing one of these traits\n     |\n123  + use crate::iter::ExactSizeIterator;\n     |\n123  + use core::iter::ExactSizeIterator;\n     |\n\nerror[E0405]: cannot find trait `Iterator` in this scope\n    --> /Users/graysonnocera/.cargo/registry/src/index.crates.io-6f17d22bba15001f/slab-0.4.9/src/lib.rs:1549:9\n     |\n1549 | impl<T> Iterator for Drain<'_, T> {\n     |         ^^^^^^^^ not found in this scope\n     |\nhelp: consider importing one of these traits\n     |\n123  + use crate::iter::Iterator;\n     |\n123  + use core::iter::Iterator;\n     |\n\nerror[E0412]: cannot find type `Option` in this scope\n    --> /Users/graysonnocera/.cargo/registry/src/index.crates.io-6f17d22bba15001f/slab-0.4.9/src/lib.rs:1552:27\n     |\n1552 |     fn next(&mut self) -> Option<Self::Item> {\n     |                           ^^^^^^ not found in this scope\n     |\nhelp: consider importing this enum\n     |\n123  + use core::option::Option;\n     |\n\nerror[E0425]: cannot find function, tuple struct or tuple variant `Some` in this scope\n    --> /Users/graysonnocera/.cargo/registry/src/index.crates.io-6f17d22bba15001f/slab-0.4.9/src/lib.rs:1556:24\n     |\n1556 |                 return Some(v);\n     |                        ^^^^ not found in this scope\n     |\nhelp: consider importing this tuple variant\n     |\n123  + use core::option::Option::Some;\n     |\n\nerror[E0425]: cannot find value `None` in this scope\n    --> /Users/graysonnocera/.cargo/registry/src/index.crates.io-6f17d22bba15001f/slab-0.4.9/src/lib.rs:1561:9\n     |\n1561 |         None\n     |         ^^^^ not found in this scope\n     |\nhelp: consider importing this unit variant\n     |\n123  + use core::option::Option::None;\n     |\n\nerror[E0412]: cannot find type `Option` in this scope\n    --> /Users/graysonnocera/.cargo/registry/src/index.crates.io-6f17d22bba15001f/slab-0.4.9/src/lib.rs:1564:36\n     |\n1564 |     fn size_hint(&self) -> (usize, Option<usize>) {\n     |                                    ^^^^^^ not found in this scope\n     |\nhelp: consider importing this enum\n     |\n123  + use core::option::Option;\n     |\n\nerror[E0425]: cannot find function, tuple struct or tuple variant `Some` in this scope\n    --> /Users/graysonnocera/.cargo/registry/src/index.crates.io-6f17d22bba15001f/slab-0.4.9/src/lib.rs:1565:20\n     |\n1565 |         (self.len, Some(self.len))\n     |                    ^^^^ not found in this scope\n     |\nhelp: consider importing this tuple variant\n     |\n123  + use core::option::Option::Some;\n     |\n\nerror[E0405]: cannot find trait `DoubleEndedIterator` in this scope\n    --> /Users/graysonnocera/.cargo/registry/src/index.crates.io-6f17d22bba15001f/slab-0.4.9/src/lib.rs:1569:9\n     |\n1569 | impl<T> DoubleEndedIterator for Drain<'_, T> {\n     |         ^^^^^^^^^^^^^^^^^^^ not found in this scope\n     |\nhelp: consider importing one of these traits\n     |\n123  + use crate::iter::DoubleEndedIterator;\n     |\n123  + use core::iter::DoubleEndedIterator;\n     |\n\nerror[E0412]: cannot find type `Option` in this scope\n    --> /Users/graysonnocera/.cargo/registry/src/index.crates.io-6f17d22bba15001f/slab-0.4.9/src/lib.rs:1570:32\n     |\n1570 |     fn next_back(&mut self) -> Option<Self::Item> {\n     |                                ^^^^^^ not found in this scope\n     |\nhelp: consider importing this enum\n     |\n123  + use core::option::Option;\n     |\n\nerror[E0531]: cannot find tuple struct or tuple variant `Some` in this scope\n    --> /Users/graysonnocera/.cargo/registry/src/index.crates.io-6f17d22bba15001f/slab-0.4.9/src/lib.rs:1571:19\n     |\n1571 |         while let Some(entry) = self.inner.next_back() {\n     |                   ^^^^ not found in this scope\n     |\nhelp: consider importing this tuple variant\n     |\n123  + use core::option::Option::Some;\n     |\n\nerror[E0425]: cannot find function, tuple struct or tuple variant `Some` in this scope\n    --> /Users/graysonnocera/.cargo/registry/src/index.crates.io-6f17d22bba15001f/slab-0.4.9/src/lib.rs:1574:24\n     |\n1574 |                 return Some(v);\n     |                        ^^^^ not found in this scope\n     |\nhelp: consider importing this tuple variant\n     |\n123  + use core::option::Option::Some;\n     |\n\nerror[E0425]: cannot find value `None` in this scope\n    --> /Users/graysonnocera/.cargo/registry/src/index.crates.io-6f17d22bba15001f/slab-0.4.9/src/lib.rs:1579:9\n     |\n1579 |         None\n     |         ^^^^ not found in this scope\n     |\nhelp: consider importing this unit variant\n     |\n123  + use core::option::Option::None;\n     |\n\nerror[E0405]: cannot find trait `ExactSizeIterator` in this scope\n    --> /Users/graysonnocera/.cargo/registry/src/index.crates.io-6f17d22bba15001f/slab-0.4.9/src/lib.rs:1583:9\n     |\n1583 | impl<T> ExactSizeIterator for Drain<'_, T> {\n     |         ^^^^^^^^^^^^^^^^^ not found in this scope\n     |\nhelp: consider importing one of these traits\n     |\n123  + use crate::iter::ExactSizeIterator;\n     |\n123  + use core::iter::ExactSizeIterator;\n     |\n\nerror[E0277]: `IntoIter<T>` is not an iterator\n    --> /Users/graysonnocera/.cargo/registry/src/index.crates.io-6f17d22bba15001f/slab-0.4.9/src/lib.rs:1457:27\n     |\n1457 | impl<T> FusedIterator for IntoIter<T> {}\n     |                           ^^^^^^^^^^^ `IntoIter<T>` is not an iterator\n     |\n     = help: the trait `Iterator` is not implemented for `IntoIter<T>`\nnote: required by a bound in `FusedIterator`\n    --> /Users/graysonnocera/.rustup/toolchains/stable-aarch64-apple-darwin/lib/rustlib/src/rust/library/core/src/iter/traits/marker.rs:32:26\n     |\n32   | pub trait FusedIterator: Iterator {}\n     |                          ^^^^^^^^ required by this bound in `FusedIterator`\n\nerror[E0277]: `Iter<'_, T>` is not an iterator\n    --> /Users/graysonnocera/.cargo/registry/src/index.crates.io-6f17d22bba15001f/slab-0.4.9/src/lib.rs:1501:27\n     |\n1501 | impl<T> FusedIterator for Iter<'_, T> {}\n     |                           ^^^^^^^^^^^ `Iter<'_, T>` is not an iterator\n     |\n     = help: the trait `Iterator` is not implemented for `Iter<'_, T>`\nnote: required by a bound in `FusedIterator`\n    --> /Users/graysonnocera/.rustup/toolchains/stable-aarch64-apple-darwin/lib/rustlib/src/rust/library/core/src/iter/traits/marker.rs:32:26\n     |\n32   | pub trait FusedIterator: Iterator {}\n     |                          ^^^^^^^^ required by this bound in `FusedIterator`\n\nerror[E0277]: `IterMut<'_, T>` is not an iterator\n    --> /Users/graysonnocera/.cargo/registry/src/index.crates.io-6f17d22bba15001f/slab-0.4.9/src/lib.rs:1545:27\n     |\n1545 | impl<T> FusedIterator for IterMut<'_, T> {}\n     |                           ^^^^^^^^^^^^^^ `IterMut<'_, T>` is not an iterator\n     |\n     = help: the trait `Iterator` is not implemented for `IterMut<'_, T>`\nnote: required by a bound in `FusedIterator`\n    --> /Users/graysonnocera/.rustup/toolchains/stable-aarch64-apple-darwin/lib/rustlib/src/rust/library/core/src/iter/traits/marker.rs:32:26\n     |\n32   | pub trait FusedIterator: Iterator {}\n     |                          ^^^^^^^^ required by this bound in `FusedIterator`\n\nerror[E0277]: `Drain<'_, T>` is not an iterator\n    --> /Users/graysonnocera/.cargo/registry/src/index.crates.io-6f17d22bba15001f/slab-0.4.9/src/lib.rs:1589:27\n     |\n1589 | impl<T> FusedIterator for Drain<'_, T> {}\n     |                           ^^^^^^^^^^^^ `Drain<'_, T>` is not an iterator\n     |\n     = help: the trait `Iterator` is not implemented for `Drain<'_, T>`\nnote: required by a bound in `FusedIterator`\n    --> /Users/graysonnocera/.rustup/toolchains/stable-aarch64-apple-darwin/lib/rustlib/src/rust/library/core/src/iter/traits/marker.rs:32:26\n     |\n32   | pub trait FusedIterator: Iterator {}\n     |                          ^^^^^^^^ required by this bound in `FusedIterator`\n\nSome errors have detailed explanations: E0277, E0405, E0412, E0425, E0463, E0531.\nFor more information about an error, try `rustc --explain E0277`.\nerror: could not compile `slab` (lib) due to 115 previous errors\nerror: could not compile `memchr` (lib) due to 1 previous error\n",
      "stdout": ""
    },
    "features": [
      "std"
    ],
    "project": "../../../Downloads/695-Project/dataset/nostd-failed-crates/crates/gpp-solver-0.2.2/src",
    "time_to_build": 226,
    "time_to_solve": 51
  }
]