[
  {
    "built_with_features": null,
    "command": {
      "args": [
        "build",
        "--target",
        "thumbv7m-none-eabi",
        "--no-default-features"
      ],
      "code": 101,
      "stderr": "warning: no edition set: defaulting to the 2015 edition while the latest is 2021\n   Compiling httparse v1.9.5\nerror[E0463]: can't find crate for `std`\n  |\n  = note: the `thumbv7m-none-eabi` target may not support the standard library\n  = note: `std` is required by `httparse` because it does not declare `#![no_std]`\n\nerror: cannot find macro `debug_assert` in this scope\n  --> /Users/graysonnocera/.cargo/registry/src/index.crates.io-6f17d22bba15001f/httparse-1.9.5/src/iter.rs:83:9\n   |\n83 |         debug_assert!(self.cursor <= self.end, \"overflow\");\n   |         ^^^^^^^^^^^^\n   |\nhelp: consider importing this macro\n   |\n1  + use core::debug_assert;\n   |\n\nerror: cannot find macro `debug_assert` in this scope\n   --> /Users/graysonnocera/.cargo/registry/src/index.crates.io-6f17d22bba15001f/httparse-1.9.5/src/iter.rs:112:9\n    |\n112 |         debug_assert!(self.cursor.sub(skip) >= self.start);\n    |         ^^^^^^^^^^^^\n    |\nhelp: consider importing this macro\n    |\n1   + use core::debug_assert;\n    |\n\nerror: cannot find macro `debug_assert` in this scope\n   --> /Users/graysonnocera/.cargo/registry/src/index.crates.io-6f17d22bba15001f/httparse-1.9.5/src/iter.rs:152:9\n    |\n152 |         debug_assert!(ptr >= self.start);\n    |         ^^^^^^^^^^^^\n    |\nhelp: consider importing this macro\n    |\n1   + use core::debug_assert;\n    |\n\nerror: cannot find macro `debug_assert` in this scope\n   --> /Users/graysonnocera/.cargo/registry/src/index.crates.io-6f17d22bba15001f/httparse-1.9.5/src/iter.rs:153:9\n    |\n153 |         debug_assert!(ptr <= self.end);\n    |         ^^^^^^^^^^^^\n    |\nhelp: consider importing this macro\n    |\n1   + use core::debug_assert;\n    |\n\nerror: cannot find macro `debug_assert` in this scope\n   --> /Users/graysonnocera/.cargo/registry/src/index.crates.io-6f17d22bba15001f/httparse-1.9.5/src/iter.rs:171:5\n    |\n171 |     debug_assert!(start <= end);\n    |     ^^^^^^^^^^^^\n    |\nhelp: consider importing this macro\n    |\n1   + use core::debug_assert;\n    |\n\nerror: cannot find macro `unreachable` in this scope\n   --> /Users/graysonnocera/.cargo/registry/src/index.crates.io-6f17d22bba15001f/httparse-1.9.5/src/simd/swar.rs:194:5\n    |\n194 |     unreachable!()\n    |     ^^^^^^^^^^^\n    |\nhelp: consider importing this macro\n    |\n1   + use core::unreachable;\n    |\n\nerror: cannot find attribute `test` in this scope\n   --> /Users/graysonnocera/.cargo/registry/src/index.crates.io-6f17d22bba15001f/httparse-1.9.5/src/simd/swar.rs:197:3\n    |\n197 | #[test]\n    |   ^^^^\n    |\nhelp: consider importing this attribute macro\n    |\n1   + use core::prelude::rust_2024::test;\n    |\n\nerror: cannot find macro `assert` in this scope\n   --> /Users/graysonnocera/.cargo/registry/src/index.crates.io-6f17d22bba15001f/httparse-1.9.5/src/simd/swar.rs:203:9\n    |\n203 |         assert!(!is_header_value_block([b; BLOCK_SIZE]), \"b={}\", b);\n    |         ^^^^^^\n    |\nhelp: consider importing this macro\n    |\n1   + use core::assert;\n    |\n\nerror: cannot find macro `assert` in this scope\n   --> /Users/graysonnocera/.cargo/registry/src/index.crates.io-6f17d22bba15001f/httparse-1.9.5/src/simd/swar.rs:207:9\n    |\n207 |         assert!(is_header_value_block([b; BLOCK_SIZE]), \"b={}\", b);\n    |         ^^^^^^\n    |\nhelp: consider importing this macro\n    |\n1   + use core::assert;\n    |\n\nerror: cannot find macro `assert` in this scope\n   --> /Users/graysonnocera/.cargo/registry/src/index.crates.io-6f17d22bba15001f/httparse-1.9.5/src/simd/swar.rs:211:9\n    |\n211 |         assert!(!is_header_value_block([b; BLOCK_SIZE]), \"b={}\", b);\n    |         ^^^^^^\n    |\nhelp: consider importing this macro\n    |\n1   + use core::assert;\n    |\n\nerror: cannot find attribute `test` in this scope\n   --> /Users/graysonnocera/.cargo/registry/src/index.crates.io-6f17d22bba15001f/httparse-1.9.5/src/simd/swar.rs:223:3\n    |\n223 | #[test]\n    |   ^^^^\n    |\nhelp: consider importing this attribute macro\n    |\n1   + use core::prelude::rust_2024::test;\n    |\n\nerror: cannot find macro `assert` in this scope\n   --> /Users/graysonnocera/.cargo/registry/src/index.crates.io-6f17d22bba15001f/httparse-1.9.5/src/simd/swar.rs:229:9\n    |\n229 |         assert!(!is_uri_block([b; BLOCK_SIZE]), \"b={}\", b);\n    |         ^^^^^^\n    |\nhelp: consider importing this macro\n    |\n1   + use core::assert;\n    |\n\nerror: cannot find macro `assert_eq` in this scope\n   --> /Users/graysonnocera/.cargo/registry/src/index.crates.io-6f17d22bba15001f/httparse-1.9.5/src/simd/swar.rs:234:9\n    |\n234 |         assert_eq!(is_uri_block([b; BLOCK_SIZE]), !falsy(b), \"b={}\", b);\n    |         ^^^^^^^^^\n    |\nhelp: consider importing this macro\n    |\n1   + use core::assert_eq;\n    |\n\nerror: cannot find macro `assert` in this scope\n   --> /Users/graysonnocera/.cargo/registry/src/index.crates.io-6f17d22bba15001f/httparse-1.9.5/src/simd/swar.rs:238:9\n    |\n238 |         assert!(!is_uri_block([b; BLOCK_SIZE]), \"b={}\", b);\n    |         ^^^^^^\n    |\nhelp: consider importing this macro\n    |\n1   + use core::assert;\n    |\n\nerror: cannot find attribute `test` in this scope\n   --> /Users/graysonnocera/.cargo/registry/src/index.crates.io-6f17d22bba15001f/httparse-1.9.5/src/simd/swar.rs:242:3\n    |\n242 | #[test]\n    |   ^^^^\n    |\nhelp: consider importing this attribute macro\n    |\n1   + use core::prelude::rust_2024::test;\n    |\n\nerror: cannot find macro `assert_eq` in this scope\n   --> /Users/graysonnocera/.cargo/registry/src/index.crates.io-6f17d22bba15001f/httparse-1.9.5/src/simd/swar.rs:249:9\n    |\n249 |         assert_eq!(offsetnz(x), i);\n    |         ^^^^^^^^^\n    |\nhelp: consider importing this macro\n    |\n1   + use core::assert_eq;\n    |\n\nerror: cannot find attribute `derive` in this scope\n   --> /Users/graysonnocera/.cargo/registry/src/index.crates.io-6f17d22bba15001f/httparse-1.9.5/src/lib.rs:148:3\n    |\n148 | #[derive(Copy, Clone, PartialEq, Eq, Debug)]\n    |   ^^^^^^\n    |\nhelp: consider importing this attribute macro\n    |\n28  + use core::prelude::rust_2024::derive;\n    |\n\nerror: cannot find attribute `derive` in this scope\n   --> /Users/graysonnocera/.cargo/registry/src/index.crates.io-6f17d22bba15001f/httparse-1.9.5/src/lib.rs:196:3\n    |\n196 | #[derive(Debug, PartialEq, Eq)]\n    |   ^^^^^^\n    |\nhelp: consider importing this attribute macro\n    |\n28  + use core::prelude::rust_2024::derive;\n    |\n\nerror: cannot find attribute `derive` in this scope\n   --> /Users/graysonnocera/.cargo/registry/src/index.crates.io-6f17d22bba15001f/httparse-1.9.5/src/lib.rs:217:3\n    |\n217 | #[derive(Copy, Clone, Eq, PartialEq, Debug)]\n    |   ^^^^^^\n    |\nhelp: consider importing this attribute macro\n    |\n28  + use core::prelude::rust_2024::derive;\n    |\n\nerror: cannot find macro `panic` in this scope\n   --> /Users/graysonnocera/.cargo/registry/src/index.crates.io-6f17d22bba15001f/httparse-1.9.5/src/lib.rs:250:32\n    |\n250 |             Status::Partial => panic!(\"Tried to unwrap Status::Partial\")\n    |                                ^^^^^\n    |\nhelp: consider importing this macro\n    |\n28  + use core::panic;\n    |\n\nerror: cannot find attribute `derive` in this scope\n   --> /Users/graysonnocera/.cargo/registry/src/index.crates.io-6f17d22bba15001f/httparse-1.9.5/src/lib.rs:256:3\n    |\n256 | #[derive(Clone, Debug, Default)]\n    |   ^^^^^^\n    |\nhelp: consider importing this attribute macro\n    |\n28  + use core::prelude::rust_2024::derive;\n    |\n\nerror: cannot find attribute `derive` in this scope\n   --> /Users/graysonnocera/.cargo/registry/src/index.crates.io-6f17d22bba15001f/httparse-1.9.5/src/lib.rs:504:3\n    |\n504 | #[derive(Debug, Eq, PartialEq)]\n    |   ^^^^^^\n    |\nhelp: consider importing this attribute macro\n    |\n28  + use core::prelude::rust_2024::derive;\n    |\n\nerror: cannot find attribute `derive` in this scope\n   --> /Users/graysonnocera/.cargo/registry/src/index.crates.io-6f17d22bba15001f/httparse-1.9.5/src/lib.rs:650:3\n    |\n650 | #[derive(Debug, Eq, PartialEq)]\n    |   ^^^^^^\n    |\nhelp: consider importing this attribute macro\n    |\n28  + use core::prelude::rust_2024::derive;\n    |\n\nerror: cannot find attribute `derive` in this scope\n   --> /Users/graysonnocera/.cargo/registry/src/index.crates.io-6f17d22bba15001f/httparse-1.9.5/src/lib.rs:765:3\n    |\n765 | #[derive(Copy, Clone, Eq, PartialEq)]\n    |   ^^^^^^\n    |\nhelp: consider importing this attribute macro\n    |\n28  + use core::prelude::rust_2024::derive;\n    |\n\nerror: cannot find attribute `derive` in this scope\n    --> /Users/graysonnocera/.cargo/registry/src/index.crates.io-6f17d22bba15001f/httparse-1.9.5/src/lib.rs:1038:3\n     |\n1038 | #[derive(Clone, Debug, Default)]\n     |   ^^^^^^\n     |\nhelp: consider importing this attribute macro\n     |\n28   + use core::prelude::rust_2024::derive;\n     |\n\nerror: cannot find macro `cfg` in this scope\n    --> /Users/graysonnocera/.cargo/registry/src/index.crates.io-6f17d22bba15001f/httparse-1.9.5/src/lib.rs:1322:20\n     |\n1322 |                 if cfg!(debug_assertions) && size > (core::u64::MAX / RADIX) {\n     |                    ^^^\n     |\n     = note: `cfg` is in scope, but it is an attribute: `#[cfg]`\nhelp: consider importing this macro\n     |\n28   + use core::cfg;\n     |\n\nerror: cannot find macro `cfg` in this scope\n    --> /Users/graysonnocera/.cargo/registry/src/index.crates.io-6f17d22bba15001f/httparse-1.9.5/src/lib.rs:1337:20\n     |\n1337 |                 if cfg!(debug_assertions) && size > (core::u64::MAX / RADIX) {\n     |                    ^^^\n     |\n     = note: `cfg` is in scope, but it is an attribute: `#[cfg]`\nhelp: consider importing this macro\n     |\n28   + use core::cfg;\n     |\n\nerror: cannot find macro `cfg` in this scope\n    --> /Users/graysonnocera/.cargo/registry/src/index.crates.io-6f17d22bba15001f/httparse-1.9.5/src/lib.rs:1348:20\n     |\n1348 |                 if cfg!(debug_assertions) && size > (core::u64::MAX / RADIX) {\n     |                    ^^^\n     |\n     = note: `cfg` is in scope, but it is an attribute: `#[cfg]`\nhelp: consider importing this macro\n     |\n28   + use core::cfg;\n     |\n\nerror[E0463]: can't find crate for `std`\n   --> /Users/graysonnocera/.cargo/registry/src/index.crates.io-6f17d22bba15001f/httparse-1.9.5/src/lib.rs:188:6\n    |\n188 | impl std::error::Error for Error {\n    |      ^^^ can't find crate\n    |\n    = note: the `thumbv7m-none-eabi` target may not support the standard library\n\nerror[E0412]: cannot find type `Option` in this scope\n  --> /Users/graysonnocera/.cargo/registry/src/index.crates.io-6f17d22bba15001f/httparse-1.9.5/src/iter.rs:35:27\n   |\n35 |     pub fn peek(&self) -> Option<u8> {\n   |                           ^^^^^^ not found in this scope\n   |\nhelp: consider importing this enum\n   |\n1  + use core::option::Option;\n   |\n\nerror[E0425]: cannot find function, tuple struct or tuple variant `Some` in this scope\n  --> /Users/graysonnocera/.cargo/registry/src/index.crates.io-6f17d22bba15001f/httparse-1.9.5/src/iter.rs:38:13\n   |\n38 |             Some(unsafe { *self.cursor })\n   |             ^^^^ not found in this scope\n   |\nhelp: consider importing this tuple variant\n   |\n1  + use core::option::Option::Some;\n   |\n\nerror[E0425]: cannot find value `None` in this scope\n  --> /Users/graysonnocera/.cargo/registry/src/index.crates.io-6f17d22bba15001f/httparse-1.9.5/src/iter.rs:40:13\n   |\n40 |             None\n   |             ^^^^ not found in this scope\n   |\nhelp: consider importing this unit variant\n   |\n1  + use core::option::Option::None;\n   |\n\nerror[E0412]: cannot find type `Option` in this scope\n  --> /Users/graysonnocera/.cargo/registry/src/index.crates.io-6f17d22bba15001f/httparse-1.9.5/src/iter.rs:45:43\n   |\n45 |     pub fn peek_ahead(&self, n: usize) -> Option<u8> {\n   |                                           ^^^^^^ not found in this scope\n   |\nhelp: consider importing this enum\n   |\n1  + use core::option::Option;\n   |\n\nerror[E0425]: cannot find function, tuple struct or tuple variant `Some` in this scope\n  --> /Users/graysonnocera/.cargo/registry/src/index.crates.io-6f17d22bba15001f/httparse-1.9.5/src/iter.rs:51:13\n   |\n51 |             Some(unsafe { *ptr })\n   |             ^^^^ not found in this scope\n   |\nhelp: consider importing this tuple variant\n   |\n1  + use core::option::Option::Some;\n   |\n\nerror[E0425]: cannot find value `None` in this scope\n  --> /Users/graysonnocera/.cargo/registry/src/index.crates.io-6f17d22bba15001f/httparse-1.9.5/src/iter.rs:53:13\n   |\n53 |             None\n   |             ^^^^ not found in this scope\n   |\nhelp: consider importing this unit variant\n   |\n1  + use core::option::Option::None;\n   |\n\nerror[E0412]: cannot find type `Option` in this scope\n  --> /Users/graysonnocera/.cargo/registry/src/index.crates.io-6f17d22bba15001f/httparse-1.9.5/src/iter.rs:58:72\n   |\n58 |     pub fn peek_n<'b: 'a, U: TryFrom<&'a [u8]>>(&'b self, n: usize) -> Option<U> {\n   |                                                                        ^^^^^^ not found in this scope\n   |\nhelp: consider importing this enum\n   |\n1  + use core::option::Option;\n   |\n\nerror[E0405]: cannot find trait `AsRef` in this scope\n   --> /Users/graysonnocera/.cargo/registry/src/index.crates.io-6f17d22bba15001f/httparse-1.9.5/src/iter.rs:158:10\n    |\n158 | impl<'a> AsRef<[u8]> for Bytes<'a> {\n    |          ^^^^^ not found in this scope\n    |\nhelp: consider importing this trait\n    |\n1   + use core::convert::AsRef;\n    |\n\nerror[E0405]: cannot find trait `Iterator` in this scope\n   --> /Users/graysonnocera/.cargo/registry/src/index.crates.io-6f17d22bba15001f/httparse-1.9.5/src/iter.rs:175:10\n    |\n175 | impl<'a> Iterator for Bytes<'a> {\n    |          ^^^^^^^^ not found in this scope\n    |\nhelp: consider importing this trait\n    |\n1   + use core::iter::Iterator;\n    |\n\nerror[E0412]: cannot find type `Option` in this scope\n   --> /Users/graysonnocera/.cargo/registry/src/index.crates.io-6f17d22bba15001f/httparse-1.9.5/src/iter.rs:179:27\n    |\n179 |     fn next(&mut self) -> Option<u8> {\n    |                           ^^^^^^ not found in this scope\n    |\nhelp: consider importing this enum\n    |\n1   + use core::option::Option;\n    |\n\nerror[E0425]: cannot find function, tuple struct or tuple variant `Some` in this scope\n   --> /Users/graysonnocera/.cargo/registry/src/index.crates.io-6f17d22bba15001f/httparse-1.9.5/src/iter.rs:185:17\n    |\n185 |                 Some(b)\n    |                 ^^^^ not found in this scope\n    |\nhelp: consider importing this tuple variant\n    |\n1   + use core::option::Option::Some;\n    |\n\nerror[E0425]: cannot find value `None` in this scope\n   --> /Users/graysonnocera/.cargo/registry/src/index.crates.io-6f17d22bba15001f/httparse-1.9.5/src/iter.rs:188:13\n    |\n188 |             None\n    |             ^^^^ not found in this scope\n    |\nhelp: consider importing this unit variant\n    |\n1   + use core::option::Option::None;\n    |\n\nerror[E0531]: cannot find tuple struct or tuple variant `Some` in this scope\n  --> /Users/graysonnocera/.cargo/registry/src/index.crates.io-6f17d22bba15001f/httparse-1.9.5/src/simd/swar.rs:12:16\n   |\n12 |         if let Some(bytes8) = bytes.peek_n::<ByteBlock>(BLOCK_SIZE) {\n   |                ^^^^ not found in this scope\n   |\nhelp: consider importing this tuple variant\n   |\n1  + use core::option::Option::Some;\n   |\n\nerror[E0531]: cannot find tuple struct or tuple variant `Some` in this scope\n  --> /Users/graysonnocera/.cargo/registry/src/index.crates.io-6f17d22bba15001f/httparse-1.9.5/src/simd/swar.rs:23:16\n   |\n23 |         if let Some(b) = bytes.peek() {\n   |                ^^^^ not found in this scope\n   |\nhelp: consider importing this tuple variant\n   |\n1  + use core::option::Option::Some;\n   |\n\nerror[E0531]: cannot find tuple struct or tuple variant `Some` in this scope\n  --> /Users/graysonnocera/.cargo/registry/src/index.crates.io-6f17d22bba15001f/httparse-1.9.5/src/simd/swar.rs:40:16\n   |\n40 |         if let Some(bytes8) = bytes.peek_n::<ByteBlock>(BLOCK_SIZE) {\n   |                ^^^^ not found in this scope\n   |\nhelp: consider importing this tuple variant\n   |\n1  + use core::option::Option::Some;\n   |\n\nerror[E0531]: cannot find tuple struct or tuple variant `Some` in this scope\n  --> /Users/graysonnocera/.cargo/registry/src/index.crates.io-6f17d22bba15001f/httparse-1.9.5/src/simd/swar.rs:51:16\n   |\n51 |         if let Some(b) = bytes.peek() {\n   |                ^^^^ not found in this scope\n   |\nhelp: consider importing this tuple variant\n   |\n1  + use core::option::Option::Some;\n   |\n\nerror[E0531]: cannot find tuple struct or tuple variant `Some` in this scope\n  --> /Users/graysonnocera/.cargo/registry/src/index.crates.io-6f17d22bba15001f/httparse-1.9.5/src/simd/swar.rs:67:15\n   |\n67 |     while let Some(block) = bytes.peek_n::<ByteBlock>(BLOCK_SIZE) {\n   |               ^^^^ not found in this scope\n   |\nhelp: consider importing this tuple variant\n   |\n1  + use core::option::Option::Some;\n   |\n\nerror[E0405]: cannot find trait `Fn` in this scope\n  --> /Users/graysonnocera/.cargo/registry/src/index.crates.io-6f17d22bba15001f/httparse-1.9.5/src/simd/swar.rs:86:23\n   |\n86 | fn match_tail(f: impl Fn(u8) -> bool, bytes: &[u8]) -> usize {\n   |                       ^^ not found in this scope\n   |\nhelp: consider importing this trait\n   |\n1  + use core::ops::Fn;\n   |\n\nerror[E0405]: cannot find trait `Fn` in this scope\n  --> /Users/graysonnocera/.cargo/registry/src/index.crates.io-6f17d22bba15001f/httparse-1.9.5/src/simd/swar.rs:97:24\n   |\n97 | fn match_block(f: impl Fn(u8) -> bool, block: ByteBlock) -> usize {\n   |                        ^^ not found in this scope\n   |\nhelp: consider importing this trait\n   |\n1  + use core::ops::Fn;\n   |\n\nerror[E0412]: cannot find type `Option` in this scope\n   --> /Users/graysonnocera/.cargo/registry/src/index.crates.io-6f17d22bba15001f/httparse-1.9.5/src/lib.rs:507:17\n    |\n507 |     pub method: Option<&'buf str>,\n    |                 ^^^^^^ not found in this scope\n    |\nhelp: consider importing this enum\n    |\n28  + use core::option::Option;\n    |\n\nerror[E0412]: cannot find type `Option` in this scope\n   --> /Users/graysonnocera/.cargo/registry/src/index.crates.io-6f17d22bba15001f/httparse-1.9.5/src/lib.rs:509:15\n    |\n509 |     pub path: Option<&'buf str>,\n    |               ^^^^^^ not found in this scope\n    |\nhelp: consider importing this enum\n    |\n28  + use core::option::Option;\n    |\n\nerror[E0412]: cannot find type `Option` in this scope\n   --> /Users/graysonnocera/.cargo/registry/src/index.crates.io-6f17d22bba15001f/httparse-1.9.5/src/lib.rs:511:18\n    |\n511 |     pub version: Option<u8>,\n    |                  ^^^^^^ not found in this scope\n    |\nhelp: consider importing this enum\n    |\n28  + use core::option::Option;\n    |\n\nerror[E0425]: cannot find value `None` in this scope\n   --> /Users/graysonnocera/.cargo/registry/src/index.crates.io-6f17d22bba15001f/httparse-1.9.5/src/lib.rs:521:21\n    |\n521 |             method: None,\n    |                     ^^^^ not found in this scope\n    |\nhelp: consider importing this unit variant\n    |\n28  + use core::option::Option::None;\n    |\n\nerror[E0425]: cannot find value `None` in this scope\n   --> /Users/graysonnocera/.cargo/registry/src/index.crates.io-6f17d22bba15001f/httparse-1.9.5/src/lib.rs:522:19\n    |\n522 |             path: None,\n    |                   ^^^^ not found in this scope\n    |\nhelp: consider importing this unit variant\n    |\n28  + use core::option::Option::None;\n    |\n\nerror[E0425]: cannot find value `None` in this scope\n   --> /Users/graysonnocera/.cargo/registry/src/index.crates.io-6f17d22bba15001f/httparse-1.9.5/src/lib.rs:523:22\n    |\n523 |             version: None,\n    |                      ^^^^ not found in this scope\n    |\nhelp: consider importing this unit variant\n    |\n28  + use core::option::Option::None;\n    |\n\nerror[E0425]: cannot find function, tuple struct or tuple variant `Ok` in this scope\n   --> /Users/graysonnocera/.cargo/registry/src/index.crates.io-6f17d22bba15001f/httparse-1.9.5/src/macros.rs:28:39\n    |\n28  |             Status::Partial => return Ok(Status::Partial)\n    |                                       ^^ not found in this scope\n    |\n   ::: /Users/graysonnocera/.cargo/registry/src/index.crates.io-6f17d22bba15001f/httparse-1.9.5/src/lib.rs:536:9\n    |\n536 |         complete!(skip_empty_lines(&mut bytes));\n    |         --------------------------------------- in this macro invocation\n    |\n    = note: this error originates in the macro `complete` (in Nightly builds, run with -Z macro-backtrace for more info)\nhelp: consider importing one of these tuple variants\n   --> /Users/graysonnocera/.cargo/registry/src/index.crates.io-6f17d22bba15001f/httparse-1.9.5/src/lib.rs:28:1\n    |\n28  + use crate::result::Result::Ok;\n   --> |/Users/graysonnocera/.cargo/registry/src/index.crates.io-6f17d22bba15001f/httparse-1.9.5/src/lib.rs:28:1\n    |\n28  + use core::result::Result::Ok;\n    |\n\nerror[E0425]: cannot find function, tuple struct or tuple variant `Ok` in this scope\n   --> /Users/graysonnocera/.cargo/registry/src/index.crates.io-6f17d22bba15001f/httparse-1.9.5/src/macros.rs:28:39\n    |\n28  |             Status::Partial => return Ok(Status::Partial)\n    |                                       ^^ not found in this scope\n    |\n   ::: /Users/graysonnocera/.cargo/registry/src/index.crates.io-6f17d22bba15001f/httparse-1.9.5/src/lib.rs:537:22\n    |\n537 |         let method = complete!(parse_method(&mut bytes));\n    |                      ----------------------------------- in this macro invocation\n    |\n    = note: this error originates in the macro `complete` (in Nightly builds, run with -Z macro-backtrace for more info)\nhelp: consider importing one of these tuple variants\n   --> /Users/graysonnocera/.cargo/registry/src/index.crates.io-6f17d22bba15001f/httparse-1.9.5/src/lib.rs:28:1\n    |\n28  + use crate::result::Result::Ok;\n   --> |/Users/graysonnocera/.cargo/registry/src/index.crates.io-6f17d22bba15001f/httparse-1.9.5/src/lib.rs:28:1\n    |\n28  + use core::result::Result::Ok;\n    |\n\nerror[E0425]: cannot find function, tuple struct or tuple variant `Some` in this scope\n   --> /Users/graysonnocera/.cargo/registry/src/index.crates.io-6f17d22bba15001f/httparse-1.9.5/src/lib.rs:538:23\n    |\n538 |         self.method = Some(method);\n    |                       ^^^^ not found in this scope\n    |\nhelp: consider importing this tuple variant\n    |\n28  + use core::option::Option::Some;\n    |\n\nerror[E0425]: cannot find function, tuple struct or tuple variant `Ok` in this scope\n   --> /Users/graysonnocera/.cargo/registry/src/index.crates.io-6f17d22bba15001f/httparse-1.9.5/src/macros.rs:28:39\n    |\n28  |             Status::Partial => return Ok(Status::Partial)\n    |                                       ^^ not found in this scope\n    |\n   ::: /Users/graysonnocera/.cargo/registry/src/index.crates.io-6f17d22bba15001f/httparse-1.9.5/src/lib.rs:540:13\n    |\n540 |             complete!(skip_spaces(&mut bytes));\n    |             ---------------------------------- in this macro invocation\n    |\n    = note: this error originates in the macro `complete` (in Nightly builds, run with -Z macro-backtrace for more info)\nhelp: consider importing one of these tuple variants\n   --> /Users/graysonnocera/.cargo/registry/src/index.crates.io-6f17d22bba15001f/httparse-1.9.5/src/lib.rs:28:1\n    |\n28  + use crate::result::Result::Ok;\n   --> |/Users/graysonnocera/.cargo/registry/src/index.crates.io-6f17d22bba15001f/httparse-1.9.5/src/lib.rs:28:1\n    |\n28  + use core::result::Result::Ok;\n    |\n\nerror[E0425]: cannot find function, tuple struct or tuple variant `Some` in this scope\n   --> /Users/graysonnocera/.cargo/registry/src/index.crates.io-6f17d22bba15001f/httparse-1.9.5/src/lib.rs:542:21\n    |\n542 |         self.path = Some(complete!(parse_uri(&mut bytes)));\n    |                     ^^^^ not found in this scope\n    |\nhelp: consider importing this tuple variant\n    |\n28  + use core::option::Option::Some;\n    |\n\nerror[E0425]: cannot find function, tuple struct or tuple variant `Ok` in this scope\n   --> /Users/graysonnocera/.cargo/registry/src/index.crates.io-6f17d22bba15001f/httparse-1.9.5/src/macros.rs:28:39\n    |\n28  |             Status::Partial => return Ok(Status::Partial)\n    |                                       ^^ not found in this scope\n    |\n   ::: /Users/graysonnocera/.cargo/registry/src/index.crates.io-6f17d22bba15001f/httparse-1.9.5/src/lib.rs:542:26\n    |\n542 |         self.path = Some(complete!(parse_uri(&mut bytes)));\n    |                          -------------------------------- in this macro invocation\n    |\n    = note: this error originates in the macro `complete` (in Nightly builds, run with -Z macro-backtrace for more info)\nhelp: consider importing one of these tuple variants\n   --> /Users/graysonnocera/.cargo/registry/src/index.crates.io-6f17d22bba15001f/httparse-1.9.5/src/lib.rs:28:1\n    |\n28  + use crate::result::Result::Ok;\n   --> |/Users/graysonnocera/.cargo/registry/src/index.crates.io-6f17d22bba15001f/httparse-1.9.5/src/lib.rs:28:1\n    |\n28  + use core::result::Result::Ok;\n    |\n\nerror[E0425]: cannot find function, tuple struct or tuple variant `Ok` in this scope\n   --> /Users/graysonnocera/.cargo/registry/src/index.crates.io-6f17d22bba15001f/httparse-1.9.5/src/macros.rs:28:39\n    |\n28  |             Status::Partial => return Ok(Status::Partial)\n    |                                       ^^ not found in this scope\n    |\n   ::: /Users/graysonnocera/.cargo/registry/src/index.crates.io-6f17d22bba15001f/httparse-1.9.5/src/lib.rs:544:13\n    |\n544 |             complete!(skip_spaces(&mut bytes));\n    |             ---------------------------------- in this macro invocation\n    |\n    = note: this error originates in the macro `complete` (in Nightly builds, run with -Z macro-backtrace for more info)\nhelp: consider importing one of these tuple variants\n   --> /Users/graysonnocera/.cargo/registry/src/index.crates.io-6f17d22bba15001f/httparse-1.9.5/src/lib.rs:28:1\n    |\n28  + use crate::result::Result::Ok;\n   --> |/Users/graysonnocera/.cargo/registry/src/index.crates.io-6f17d22bba15001f/httparse-1.9.5/src/lib.rs:28:1\n    |\n28  + use core::result::Result::Ok;\n    |\n\nerror[E0425]: cannot find function, tuple struct or tuple variant `Some` in this scope\n   --> /Users/graysonnocera/.cargo/registry/src/index.crates.io-6f17d22bba15001f/httparse-1.9.5/src/lib.rs:546:24\n    |\n546 |         self.version = Some(complete!(parse_version(&mut bytes)));\n    |                        ^^^^ not found in this scope\n    |\nhelp: consider importing this tuple variant\n    |\n28  + use core::option::Option::Some;\n    |\n\nerror[E0425]: cannot find function, tuple struct or tuple variant `Ok` in this scope\n   --> /Users/graysonnocera/.cargo/registry/src/index.crates.io-6f17d22bba15001f/httparse-1.9.5/src/macros.rs:28:39\n    |\n28  |             Status::Partial => return Ok(Status::Partial)\n    |                                       ^^ not found in this scope\n    |\n   ::: /Users/graysonnocera/.cargo/registry/src/index.crates.io-6f17d22bba15001f/httparse-1.9.5/src/lib.rs:546:29\n    |\n546 |         self.version = Some(complete!(parse_version(&mut bytes)));\n    |                             ------------------------------------ in this macro invocation\n    |\n    = note: this error originates in the macro `complete` (in Nightly builds, run with -Z macro-backtrace for more info)\nhelp: consider importing one of these tuple variants\n   --> /Users/graysonnocera/.cargo/registry/src/index.crates.io-6f17d22bba15001f/httparse-1.9.5/src/lib.rs:28:1\n    |\n28  + use crate::result::Result::Ok;\n   --> |/Users/graysonnocera/.cargo/registry/src/index.crates.io-6f17d22bba15001f/httparse-1.9.5/src/lib.rs:28:1\n    |\n28  + use core::result::Result::Ok;\n    |\n\nerror[E0531]: cannot find tuple struct or tuple variant `Some` in this scope\n   --> /Users/graysonnocera/.cargo/registry/src/index.crates.io-6f17d22bba15001f/httparse-1.9.5/src/macros.rs:6:13\n    |\n6   |             Some(b) => b,\n    |             ^^^^ not found in this scope\n    |\n   ::: /Users/graysonnocera/.cargo/registry/src/index.crates.io-6f17d22bba15001f/httparse-1.9.5/src/lib.rs:547:9\n    |\n547 |         newline!(bytes);\n    |         --------------- in this macro invocation\n    |\n    = note: this error originates in the macro `next` which comes from the expansion of the macro `newline` (in Nightly builds, run with -Z macro-backtrace for more info)\nhelp: consider importing this tuple variant\n   --> /Users/graysonnocera/.cargo/registry/src/index.crates.io-6f17d22bba15001f/httparse-1.9.5/src/lib.rs:28:1\n    |\n28  + use core::option::Option::Some;\n    |\n\nerror[E0425]: cannot find function, tuple struct or tuple variant `Ok` in this scope\n   --> /Users/graysonnocera/.cargo/registry/src/index.crates.io-6f17d22bba15001f/httparse-1.9.5/src/macros.rs:7:28\n    |\n7   |             None => return Ok(Status::Partial)\n    |                            ^^ not found in this scope\n    |\n   ::: /Users/graysonnocera/.cargo/registry/src/index.crates.io-6f17d22bba15001f/httparse-1.9.5/src/lib.rs:547:9\n    |\n547 |         newline!(bytes);\n    |         --------------- in this macro invocation\n    |\n    = note: this error originates in the macro `next` which comes from the expansion of the macro `newline` (in Nightly builds, run with -Z macro-backtrace for more info)\nhelp: consider importing one of these tuple variants\n   --> /Users/graysonnocera/.cargo/registry/src/index.crates.io-6f17d22bba15001f/httparse-1.9.5/src/lib.rs:28:1\n    |\n28  + use crate::result::Result::Ok;\n   --> |/Users/graysonnocera/.cargo/registry/src/index.crates.io-6f17d22bba15001f/httparse-1.9.5/src/lib.rs:28:1\n    |\n28  + use core::result::Result::Ok;\n    |\n\nerror[E0425]: cannot find function, tuple struct or tuple variant `Err` in this scope\n   --> /Users/graysonnocera/.cargo/registry/src/index.crates.io-6f17d22bba15001f/httparse-1.9.5/src/macros.rs:50:51\n    |\n50  |                 expect!($bytes.next() == b'\\n' => Err(Error::NewLine));\n    |                                                   ^^^ not found in this scope\n    |\n   ::: /Users/graysonnocera/.cargo/registry/src/index.crates.io-6f17d22bba15001f/httparse-1.9.5/src/lib.rs:547:9\n    |\n547 |         newline!(bytes);\n    |         --------------- in this macro invocation\n    |\n    = note: this error originates in the macro `newline` (in Nightly builds, run with -Z macro-backtrace for more info)\nhelp: consider importing one of these tuple variants\n   --> /Users/graysonnocera/.cargo/registry/src/index.crates.io-6f17d22bba15001f/httparse-1.9.5/src/lib.rs:28:1\n    |\n28  + use crate::result::Result::Err;\n   --> |/Users/graysonnocera/.cargo/registry/src/index.crates.io-6f17d22bba15001f/httparse-1.9.5/src/lib.rs:28:1\n    |\n28  + use core::result::Result::Err;\n    |\n\nerror[E0425]: cannot find function, tuple struct or tuple variant `Err` in this scope\n   --> /Users/graysonnocera/.cargo/registry/src/index.crates.io-6f17d22bba15001f/httparse-1.9.5/src/macros.rs:56:25\n    |\n56  |             _ => return Err(Error::NewLine)\n    |                         ^^^ not found in this scope\n    |\n   ::: /Users/graysonnocera/.cargo/registry/src/index.crates.io-6f17d22bba15001f/httparse-1.9.5/src/lib.rs:547:9\n    |\n547 |         newline!(bytes);\n    |         --------------- in this macro invocation\n    |\n    = note: this error originates in the macro `newline` (in Nightly builds, run with -Z macro-backtrace for more info)\nhelp: consider importing one of these tuple variants\n   --> /Users/graysonnocera/.cargo/registry/src/index.crates.io-6f17d22bba15001f/httparse-1.9.5/src/lib.rs:28:1\n    |\n28  + use crate::result::Result::Err;\n   --> |/Users/graysonnocera/.cargo/registry/src/index.crates.io-6f17d22bba15001f/httparse-1.9.5/src/lib.rs:28:1\n    |\n28  + use core::result::Result::Err;\n    |\n\nerror[E0425]: cannot find function, tuple struct or tuple variant `Ok` in this scope\n   --> /Users/graysonnocera/.cargo/registry/src/index.crates.io-6f17d22bba15001f/httparse-1.9.5/src/macros.rs:28:39\n    |\n28  |               Status::Partial => return Ok(Status::Partial)\n    |                                         ^^ not found in this scope\n    |\n   ::: /Users/graysonnocera/.cargo/registry/src/index.crates.io-6f17d22bba15001f/httparse-1.9.5/src/lib.rs:550:27\n    |\n550 |           let headers_len = complete!(parse_headers_iter_uninit(\n    |  ___________________________-\n551 | |             &mut headers,\n552 | |             &mut bytes,\n553 | |             &HeaderParserConfig {\n...   |\n558 | |             },\n559 | |         ));\n    | |__________- in this macro invocation\n    |\n    = note: this error originates in the macro `complete` (in Nightly builds, run with -Z macro-backtrace for more info)\nhelp: consider importing one of these tuple variants\n   --> /Users/graysonnocera/.cargo/registry/src/index.crates.io-6f17d22bba15001f/httparse-1.9.5/src/lib.rs:28:1\n    |\n28  + use crate::result::Result::Ok;\n   --> |/Users/graysonnocera/.cargo/registry/src/index.crates.io-6f17d22bba15001f/httparse-1.9.5/src/lib.rs:28:1\n    |\n28  + use core::result::Result::Ok;\n    |\n\nerror[E0425]: cannot find function, tuple struct or tuple variant `Ok` in this scope\n   --> /Users/graysonnocera/.cargo/registry/src/index.crates.io-6f17d22bba15001f/httparse-1.9.5/src/lib.rs:563:9\n    |\n563 |         Ok(Status::Complete(len + headers_len))\n    |         ^^ not found in this scope\n    |\nhelp: consider importing one of these tuple variants\n    |\n28  + use crate::result::Result::Ok;\n    |\n28  + use core::result::Result::Ok;\n    |\n\nerror[E0433]: failed to resolve: use of undeclared type `Default`\n   --> /Users/graysonnocera/.cargo/registry/src/index.crates.io-6f17d22bba15001f/httparse-1.9.5/src/lib.rs:575:57\n    |\n575 |         self.parse_with_config_and_uninit_headers(buf, &Default::default(), headers)\n    |                                                         ^^^^^^^ use of undeclared type `Default`\n    |\nhelp: consider importing this trait\n    |\n28  + use core::default::Default;\n    |\n\nerror[E0531]: cannot find tuple struct or tuple variant `Ok` in this scope\n   --> /Users/graysonnocera/.cargo/registry/src/index.crates.io-6f17d22bba15001f/httparse-1.9.5/src/lib.rs:586:17\n    |\n586 |                 Ok(Status::Complete(idx)) => Ok(Status::Complete(idx)),\n    |                 ^^ not found in this scope\n    |\nhelp: consider importing one of these tuple variants\n    |\n28  + use crate::result::Result::Ok;\n    |\n28  + use core::result::Result::Ok;\n    |\n\nerror[E0425]: cannot find function, tuple struct or tuple variant `Ok` in this scope\n   --> /Users/graysonnocera/.cargo/registry/src/index.crates.io-6f17d22bba15001f/httparse-1.9.5/src/lib.rs:586:46\n    |\n586 |                 Ok(Status::Complete(idx)) => Ok(Status::Complete(idx)),\n    |                                              ^^ not found in this scope\n    |\nhelp: consider importing one of these tuple variants\n    |\n28  + use crate::result::Result::Ok;\n    |\n28  + use core::result::Result::Ok;\n    |\n\nerror[E0433]: failed to resolve: use of undeclared type `Default`\n   --> /Users/graysonnocera/.cargo/registry/src/index.crates.io-6f17d22bba15001f/httparse-1.9.5/src/lib.rs:600:38\n    |\n600 |         self.parse_with_config(buf, &Default::default())\n    |                                      ^^^^^^^ use of undeclared type `Default`\n    |\nhelp: consider importing this trait\n    |\n28  + use core::default::Default;\n    |\n\nerror[E0531]: cannot find tuple struct or tuple variant `Some` in this scope\n   --> /Users/graysonnocera/.cargo/registry/src/index.crates.io-6f17d22bba15001f/httparse-1.9.5/src/lib.rs:609:13\n    |\n609 |             Some(b'\\r') => {\n    |             ^^^^ not found in this scope\n    |\nhelp: consider importing this tuple variant\n    |\n28  + use core::option::Option::Some;\n    |\n\nerror[E0531]: cannot find tuple struct or tuple variant `Some` in this scope\n   --> /Users/graysonnocera/.cargo/registry/src/index.crates.io-6f17d22bba15001f/httparse-1.9.5/src/macros.rs:6:13\n    |\n6   |             Some(b) => b,\n    |             ^^^^ not found in this scope\n    |\n   ::: /Users/graysonnocera/.cargo/registry/src/index.crates.io-6f17d22bba15001f/httparse-1.9.5/src/lib.rs:612:17\n    |\n612 |                 expect!(bytes.next() == b'\\n' => Err(Error::NewLine));\n    |                 ----------------------------------------------------- in this macro invocation\n    |\n    = note: this error originates in the macro `next` which comes from the expansion of the macro `expect` (in Nightly builds, run with -Z macro-backtrace for more info)\nhelp: consider importing this tuple variant\n   --> /Users/graysonnocera/.cargo/registry/src/index.crates.io-6f17d22bba15001f/httparse-1.9.5/src/lib.rs:28:1\n    |\n28  + use core::option::Option::Some;\n    |\n\nerror[E0425]: cannot find function, tuple struct or tuple variant `Ok` in this scope\n   --> /Users/graysonnocera/.cargo/registry/src/index.crates.io-6f17d22bba15001f/httparse-1.9.5/src/macros.rs:7:28\n    |\n7   |             None => return Ok(Status::Partial)\n    |                            ^^ not found in this scope\n    |\n   ::: /Users/graysonnocera/.cargo/registry/src/index.crates.io-6f17d22bba15001f/httparse-1.9.5/src/lib.rs:612:17\n    |\n612 |                 expect!(bytes.next() == b'\\n' => Err(Error::NewLine));\n    |                 ----------------------------------------------------- in this macro invocation\n    |\n    = note: this error originates in the macro `next` which comes from the expansion of the macro `expect` (in Nightly builds, run with -Z macro-backtrace for more info)\nhelp: consider importing one of these tuple variants\n   --> /Users/graysonnocera/.cargo/registry/src/index.crates.io-6f17d22bba15001f/httparse-1.9.5/src/lib.rs:28:1\n    |\n28  + use crate::result::Result::Ok;\n   --> |/Users/graysonnocera/.cargo/registry/src/index.crates.io-6f17d22bba15001f/httparse-1.9.5/src/lib.rs:28:1\n    |\n28  + use core::result::Result::Ok;\n    |\n\nerror[E0425]: cannot find function, tuple struct or tuple variant `Err` in this scope\n   --> /Users/graysonnocera/.cargo/registry/src/index.crates.io-6f17d22bba15001f/httparse-1.9.5/src/lib.rs:612:50\n    |\n612 |                 expect!(bytes.next() == b'\\n' => Err(Error::NewLine));\n    |                                                  ^^^ not found in this scope\n    |\nhelp: consider importing one of these tuple variants\n    |\n28  + use crate::result::Result::Err;\n    |\n28  + use core::result::Result::Err;\n    |\n\nerror[E0531]: cannot find tuple struct or tuple variant `Some` in this scope\n   --> /Users/graysonnocera/.cargo/registry/src/index.crates.io-6f17d22bba15001f/httparse-1.9.5/src/lib.rs:614:13\n    |\n614 |             Some(b'\\n') => {\n    |             ^^^^ not found in this scope\n    |\nhelp: consider importing this tuple variant\n    |\n28  + use core::option::Option::Some;\n    |\n\nerror[E0531]: cannot find tuple struct or tuple variant `Some` in this scope\n   --> /Users/graysonnocera/.cargo/registry/src/index.crates.io-6f17d22bba15001f/httparse-1.9.5/src/lib.rs:620:13\n    |\n620 |             Some(..) => {\n    |             ^^^^ not found in this scope\n    |\nhelp: consider importing this tuple variant\n    |\n28  + use core::option::Option::Some;\n    |\n\nerror[E0425]: cannot find function, tuple struct or tuple variant `Ok` in this scope\n   --> /Users/graysonnocera/.cargo/registry/src/index.crates.io-6f17d22bba15001f/httparse-1.9.5/src/lib.rs:622:24\n    |\n622 |                 return Ok(Status::Complete(()));\n    |                        ^^ not found in this scope\n    |\nhelp: consider importing one of these tuple variants\n    |\n28  + use crate::result::Result::Ok;\n    |\n28  + use core::result::Result::Ok;\n    |\n\nerror[E0425]: cannot find function, tuple struct or tuple variant `Ok` in this scope\n   --> /Users/graysonnocera/.cargo/registry/src/index.crates.io-6f17d22bba15001f/httparse-1.9.5/src/lib.rs:624:28\n    |\n624 |             None => return Ok(Status::Partial),\n    |                            ^^ not found in this scope\n    |\nhelp: consider importing one of these tuple variants\n    |\n28  + use crate::result::Result::Ok;\n    |\n28  + use core::result::Result::Ok;\n    |\n\nerror[E0531]: cannot find tuple struct or tuple variant `Some` in this scope\n   --> /Users/graysonnocera/.cargo/registry/src/index.crates.io-6f17d22bba15001f/httparse-1.9.5/src/lib.rs:634:13\n    |\n634 |             Some(b' ') => {\n    |             ^^^^ not found in this scope\n    |\nhelp: consider importing this tuple variant\n    |\n28  + use core::option::Option::Some;\n    |\n\nerror[E0531]: cannot find tuple struct or tuple variant `Some` in this scope\n   --> /Users/graysonnocera/.cargo/registry/src/index.crates.io-6f17d22bba15001f/httparse-1.9.5/src/lib.rs:638:13\n    |\n638 |             Some(..) => {\n    |             ^^^^ not found in this scope\n    |\nhelp: consider importing this tuple variant\n    |\n28  + use core::option::Option::Some;\n    |\n\nerror[E0425]: cannot find function, tuple struct or tuple variant `Ok` in this scope\n   --> /Users/graysonnocera/.cargo/registry/src/index.crates.io-6f17d22bba15001f/httparse-1.9.5/src/lib.rs:640:24\n    |\n640 |                 return Ok(Status::Complete(()));\n    |                        ^^ not found in this scope\n    |\nhelp: consider importing one of these tuple variants\n    |\n28  + use crate::result::Result::Ok;\n    |\n28  + use core::result::Result::Ok;\n    |\n\nerror[E0425]: cannot find function, tuple struct or tuple variant `Ok` in this scope\n   --> /Users/graysonnocera/.cargo/registry/src/index.crates.io-6f17d22bba15001f/httparse-1.9.5/src/lib.rs:642:28\n    |\n642 |             None => return Ok(Status::Partial),\n    |                            ^^ not found in this scope\n    |\nhelp: consider importing one of these tuple variants\n    |\n28  + use crate::result::Result::Ok;\n    |\n28  + use core::result::Result::Ok;\n    |\n\nerror[E0412]: cannot find type `Option` in this scope\n   --> /Users/graysonnocera/.cargo/registry/src/index.crates.io-6f17d22bba15001f/httparse-1.9.5/src/lib.rs:653:18\n    |\n653 |     pub version: Option<u8>,\n    |                  ^^^^^^ not found in this scope\n    |\nhelp: consider importing this enum\n    |\n28  + use core::option::Option;\n    |\n\nerror[E0412]: cannot find type `Option` in this scope\n   --> /Users/graysonnocera/.cargo/registry/src/index.crates.io-6f17d22bba15001f/httparse-1.9.5/src/lib.rs:655:15\n    |\n655 |     pub code: Option<u16>,\n    |               ^^^^^^ not found in this scope\n    |\nhelp: consider importing this enum\n    |\n28  + use core::option::Option;\n    |\n\nerror[E0412]: cannot find type `Option` in this scope\n   --> /Users/graysonnocera/.cargo/registry/src/index.crates.io-6f17d22bba15001f/httparse-1.9.5/src/lib.rs:659:17\n    |\n659 |     pub reason: Option<&'buf str>,\n    |                 ^^^^^^ not found in this scope\n    |\nhelp: consider importing this enum\n    |\n28  + use core::option::Option;\n    |\n\nerror[E0425]: cannot find value `None` in this scope\n   --> /Users/graysonnocera/.cargo/registry/src/index.crates.io-6f17d22bba15001f/httparse-1.9.5/src/lib.rs:669:22\n    |\n669 |             version: None,\n    |                      ^^^^ not found in this scope\n    |\nhelp: consider importing this unit variant\n    |\n28  + use core::option::Option::None;\n    |\n\nerror[E0425]: cannot find value `None` in this scope\n   --> /Users/graysonnocera/.cargo/registry/src/index.crates.io-6f17d22bba15001f/httparse-1.9.5/src/lib.rs:670:19\n    |\n670 |             code: None,\n    |                   ^^^^ not found in this scope\n    |\nhelp: consider importing this unit variant\n    |\n28  + use core::option::Option::None;\n    |\n\nerror[E0425]: cannot find value `None` in this scope\n   --> /Users/graysonnocera/.cargo/registry/src/index.crates.io-6f17d22bba15001f/httparse-1.9.5/src/lib.rs:671:21\n    |\n671 |             reason: None,\n    |                     ^^^^ not found in this scope\n    |\nhelp: consider importing this unit variant\n    |\n28  + use core::option::Option::None;\n    |\n\nerror[E0531]: cannot find tuple struct or tuple variant `Ok` in this scope\n   --> /Users/graysonnocera/.cargo/registry/src/index.crates.io-6f17d22bba15001f/httparse-1.9.5/src/lib.rs:690:17\n    |\n690 |                 Ok(Status::Complete(idx)) => Ok(Status::Complete(idx)),\n    |                 ^^ not found in this scope\n    |\nhelp: consider importing one of these tuple variants\n    |\n28  + use crate::result::Result::Ok;\n    |\n28  + use core::result::Result::Ok;\n    |\n\nerror[E0425]: cannot find function, tuple struct or tuple variant `Ok` in this scope\n   --> /Users/graysonnocera/.cargo/registry/src/index.crates.io-6f17d22bba15001f/httparse-1.9.5/src/lib.rs:690:46\n    |\n690 |                 Ok(Status::Complete(idx)) => Ok(Status::Complete(idx)),\n    |                                              ^^ not found in this scope\n    |\nhelp: consider importing one of these tuple variants\n    |\n28  + use crate::result::Result::Ok;\n    |\n28  + use core::result::Result::Ok;\n    |\n\nerror[E0425]: cannot find function, tuple struct or tuple variant `Ok` in this scope\n   --> /Users/graysonnocera/.cargo/registry/src/index.crates.io-6f17d22bba15001f/httparse-1.9.5/src/macros.rs:28:39\n    |\n28  |             Status::Partial => return Ok(Status::Partial)\n    |                                       ^^ not found in this scope\n    |\n   ::: /Users/graysonnocera/.cargo/registry/src/index.crates.io-6f17d22bba15001f/httparse-1.9.5/src/lib.rs:709:9\n    |\n709 |         complete!(skip_empty_lines(&mut bytes));\n    |         --------------------------------------- in this macro invocation\n    |\n    = note: this error originates in the macro `complete` (in Nightly builds, run with -Z macro-backtrace for more info)\nhelp: consider importing one of these tuple variants\n   --> /Users/graysonnocera/.cargo/registry/src/index.crates.io-6f17d22bba15001f/httparse-1.9.5/src/lib.rs:28:1\n    |\n28  + use crate::result::Result::Ok;\n   --> |/Users/graysonnocera/.cargo/registry/src/index.crates.io-6f17d22bba15001f/httparse-1.9.5/src/lib.rs:28:1\n    |\n28  + use core::result::Result::Ok;\n    |\n\nerror[E0425]: cannot find function, tuple struct or tuple variant `Some` in this scope\n   --> /Users/graysonnocera/.cargo/registry/src/index.crates.io-6f17d22bba15001f/httparse-1.9.5/src/lib.rs:710:24\n    |\n710 |         self.version = Some(complete!(parse_version(&mut bytes)));\n    |                        ^^^^ not found in this scope\n    |\nhelp: consider importing this tuple variant\n    |\n28  + use core::option::Option::Some;\n    |\n\nerror[E0425]: cannot find function, tuple struct or tuple variant `Ok` in this scope\n   --> /Users/graysonnocera/.cargo/registry/src/index.crates.io-6f17d22bba15001f/httparse-1.9.5/src/macros.rs:28:39\n    |\n28  |             Status::Partial => return Ok(Status::Partial)\n    |                                       ^^ not found in this scope\n    |\n   ::: /Users/graysonnocera/.cargo/registry/src/index.crates.io-6f17d22bba15001f/httparse-1.9.5/src/lib.rs:710:29\n    |\n710 |         self.version = Some(complete!(parse_version(&mut bytes)));\n    |                             ------------------------------------ in this macro invocation\n    |\n    = note: this error originates in the macro `complete` (in Nightly builds, run with -Z macro-backtrace for more info)\nhelp: consider importing one of these tuple variants\n   --> /Users/graysonnocera/.cargo/registry/src/index.crates.io-6f17d22bba15001f/httparse-1.9.5/src/lib.rs:28:1\n    |\n28  + use crate::result::Result::Ok;\n   --> |/Users/graysonnocera/.cargo/registry/src/index.crates.io-6f17d22bba15001f/httparse-1.9.5/src/lib.rs:28:1\n    |\n28  + use core::result::Result::Ok;\n    |\n\nerror[E0531]: cannot find tuple struct or tuple variant `Some` in this scope\n   --> /Users/graysonnocera/.cargo/registry/src/index.crates.io-6f17d22bba15001f/httparse-1.9.5/src/macros.rs:6:13\n    |\n6   |             Some(b) => b,\n    |             ^^^^ not found in this scope\n    |\n   ::: /Users/graysonnocera/.cargo/registry/src/index.crates.io-6f17d22bba15001f/httparse-1.9.5/src/lib.rs:711:9\n    |\n711 |         space!(bytes or Error::Version);\n    |         ------------------------------- in this macro invocation\n    |\n    = note: this error originates in the macro `next` which comes from the expansion of the macro `space` (in Nightly builds, run with -Z macro-backtrace for more info)\nhelp: consider importing this tuple variant\n   --> /Users/graysonnocera/.cargo/registry/src/index.crates.io-6f17d22bba15001f/httparse-1.9.5/src/lib.rs:28:1\n    |\n28  + use core::option::Option::Some;\n    |\n\nerror[E0425]: cannot find function, tuple struct or tuple variant `Ok` in this scope\n   --> /Users/graysonnocera/.cargo/registry/src/index.crates.io-6f17d22bba15001f/httparse-1.9.5/src/macros.rs:7:28\n    |\n7   |             None => return Ok(Status::Partial)\n    |                            ^^ not found in this scope\n    |\n   ::: /Users/graysonnocera/.cargo/registry/src/index.crates.io-6f17d22bba15001f/httparse-1.9.5/src/lib.rs:711:9\n    |\n711 |         space!(bytes or Error::Version);\n    |         ------------------------------- in this macro invocation\n    |\n    = note: this error originates in the macro `next` which comes from the expansion of the macro `space` (in Nightly builds, run with -Z macro-backtrace for more info)\nhelp: consider importing one of these tuple variants\n   --> /Users/graysonnocera/.cargo/registry/src/index.crates.io-6f17d22bba15001f/httparse-1.9.5/src/lib.rs:28:1\n    |\n28  + use crate::result::Result::Ok;\n   --> |/Users/graysonnocera/.cargo/registry/src/index.crates.io-6f17d22bba15001f/httparse-1.9.5/src/lib.rs:28:1\n    |\n28  + use core::result::Result::Ok;\n    |\n\nerror[E0425]: cannot find function, tuple struct or tuple variant `Err` in this scope\n   --> /Users/graysonnocera/.cargo/registry/src/index.crates.io-6f17d22bba15001f/httparse-1.9.5/src/macros.rs:41:42\n    |\n41  |         expect!($bytes.next() == b' ' => Err($err));\n    |                                          ^^^ not found in this scope\n    |\n   ::: /Users/graysonnocera/.cargo/registry/src/index.crates.io-6f17d22bba15001f/httparse-1.9.5/src/lib.rs:711:9\n    |\n711 |         space!(bytes or Error::Version);\n    |         ------------------------------- in this macro invocation\n    |\n    = note: this error originates in the macro `space` (in Nightly builds, run with -Z macro-backtrace for more info)\nhelp: consider importing one of these tuple variants\n   --> /Users/graysonnocera/.cargo/registry/src/index.crates.io-6f17d22bba15001f/httparse-1.9.5/src/lib.rs:28:1\n    |\n28  + use crate::result::Result::Err;\n   --> |/Users/graysonnocera/.cargo/registry/src/index.crates.io-6f17d22bba15001f/httparse-1.9.5/src/lib.rs:28:1\n    |\n28  + use core::result::Result::Err;\n    |\n\nerror[E0425]: cannot find function, tuple struct or tuple variant `Ok` in this scope\n   --> /Users/graysonnocera/.cargo/registry/src/index.crates.io-6f17d22bba15001f/httparse-1.9.5/src/macros.rs:28:39\n    |\n28  |             Status::Partial => return Ok(Status::Partial)\n    |                                       ^^ not found in this scope\n    |\n   ::: /Users/graysonnocera/.cargo/registry/src/index.crates.io-6f17d22bba15001f/httparse-1.9.5/src/lib.rs:713:13\n    |\n713 |             complete!(skip_spaces(&mut bytes));\n    |             ---------------------------------- in this macro invocation\n    |\n    = note: this error originates in the macro `complete` (in Nightly builds, run with -Z macro-backtrace for more info)\nhelp: consider importing one of these tuple variants\n   --> /Users/graysonnocera/.cargo/registry/src/index.crates.io-6f17d22bba15001f/httparse-1.9.5/src/lib.rs:28:1\n    |\n28  + use crate::result::Result::Ok;\n   --> |/Users/graysonnocera/.cargo/registry/src/index.crates.io-6f17d22bba15001f/httparse-1.9.5/src/lib.rs:28:1\n    |\n28  + use core::result::Result::Ok;\n    |\n\nerror[E0425]: cannot find function, tuple struct or tuple variant `Some` in this scope\n   --> /Users/graysonnocera/.cargo/registry/src/index.crates.io-6f17d22bba15001f/httparse-1.9.5/src/lib.rs:715:21\n    |\n715 |         self.code = Some(complete!(parse_code(&mut bytes)));\n    |                     ^^^^ not found in this scope\n    |\nhelp: consider importing this tuple variant\n    |\n28  + use core::option::Option::Some;\n    |\n\nerror[E0425]: cannot find function, tuple struct or tuple variant `Ok` in this scope\n   --> /Users/graysonnocera/.cargo/registry/src/index.crates.io-6f17d22bba15001f/httparse-1.9.5/src/macros.rs:28:39\n    |\n28  |             Status::Partial => return Ok(Status::Partial)\n    |                                       ^^ not found in this scope\n    |\n   ::: /Users/graysonnocera/.cargo/registry/src/index.crates.io-6f17d22bba15001f/httparse-1.9.5/src/lib.rs:715:26\n    |\n715 |         self.code = Some(complete!(parse_code(&mut bytes)));\n    |                          --------------------------------- in this macro invocation\n    |\n    = note: this error originates in the macro `complete` (in Nightly builds, run with -Z macro-backtrace for more info)\nhelp: consider importing one of these tuple variants\n   --> /Users/graysonnocera/.cargo/registry/src/index.crates.io-6f17d22bba15001f/httparse-1.9.5/src/lib.rs:28:1\n    |\n28  + use crate::result::Result::Ok;\n   --> |/Users/graysonnocera/.cargo/registry/src/index.crates.io-6f17d22bba15001f/httparse-1.9.5/src/lib.rs:28:1\n    |\n28  + use core::result::Result::Ok;\n    |\n\nerror[E0531]: cannot find tuple struct or tuple variant `Some` in this scope\n   --> /Users/graysonnocera/.cargo/registry/src/index.crates.io-6f17d22bba15001f/httparse-1.9.5/src/macros.rs:6:13\n    |\n6   |             Some(b) => b,\n    |             ^^^^ not found in this scope\n    |\n   ::: /Users/graysonnocera/.cargo/registry/src/index.crates.io-6f17d22bba15001f/httparse-1.9.5/src/lib.rs:726:15\n    |\n726 |         match next!(bytes) {\n    |               ------------ in this macro invocation\n    |\n    = note: this error originates in the macro `next` (in Nightly builds, run with -Z macro-backtrace for more info)\nhelp: consider importing this tuple variant\n   --> /Users/graysonnocera/.cargo/registry/src/index.crates.io-6f17d22bba15001f/httparse-1.9.5/src/lib.rs:28:1\n    |\n28  + use core::option::Option::Some;\n    |\n\nerror[E0425]: cannot find function, tuple struct or tuple variant `Ok` in this scope\n   --> /Users/graysonnocera/.cargo/registry/src/index.crates.io-6f17d22bba15001f/httparse-1.9.5/src/macros.rs:7:28\n    |\n7   |             None => return Ok(Status::Partial)\n    |                            ^^ not found in this scope\n    |\n   ::: /Users/graysonnocera/.cargo/registry/src/index.crates.io-6f17d22bba15001f/httparse-1.9.5/src/lib.rs:726:15\n    |\n726 |         match next!(bytes) {\n    |               ------------ in this macro invocation\n    |\n    = note: this error originates in the macro `next` (in Nightly builds, run with -Z macro-backtrace for more info)\nhelp: consider importing one of these tuple variants\n   --> /Users/graysonnocera/.cargo/registry/src/index.crates.io-6f17d22bba15001f/httparse-1.9.5/src/lib.rs:28:1\n    |\n28  + use crate::result::Result::Ok;\n   --> |/Users/graysonnocera/.cargo/registry/src/index.crates.io-6f17d22bba15001f/httparse-1.9.5/src/lib.rs:28:1\n    |\n28  + use core::result::Result::Ok;\n    |\n\nerror[E0425]: cannot find function, tuple struct or tuple variant `Ok` in this scope\n   --> /Users/graysonnocera/.cargo/registry/src/index.crates.io-6f17d22bba15001f/httparse-1.9.5/src/macros.rs:28:39\n    |\n28  |             Status::Partial => return Ok(Status::Partial)\n    |                                       ^^ not found in this scope\n    |\n   ::: /Users/graysonnocera/.cargo/registry/src/index.crates.io-6f17d22bba15001f/httparse-1.9.5/src/lib.rs:729:21\n    |\n729 |                     complete!(skip_spaces(&mut bytes));\n    |                     ---------------------------------- in this macro invocation\n    |\n    = note: this error originates in the macro `complete` (in Nightly builds, run with -Z macro-backtrace for more info)\nhelp: consider importing one of these tuple variants\n   --> /Users/graysonnocera/.cargo/registry/src/index.crates.io-6f17d22bba15001f/httparse-1.9.5/src/lib.rs:28:1\n    |\n28  + use crate::result::Result::Ok;\n   --> |/Users/graysonnocera/.cargo/registry/src/index.crates.io-6f17d22bba15001f/httparse-1.9.5/src/lib.rs:28:1\n    |\n28  + use core::result::Result::Ok;\n    |\n\nerror[E0425]: cannot find function, tuple struct or tuple variant `Some` in this scope\n   --> /Users/graysonnocera/.cargo/registry/src/index.crates.io-6f17d22bba15001f/httparse-1.9.5/src/lib.rs:732:31\n    |\n732 |                 self.reason = Some(complete!(parse_reason(&mut bytes)));\n    |                               ^^^^ not found in this scope\n    |\nhelp: consider importing this tuple variant\n    |\n28  + use core::option::Option::Some;\n    |\n\nerror[E0425]: cannot find function, tuple struct or tuple variant `Ok` in this scope\n   --> /Users/graysonnocera/.cargo/registry/src/index.crates.io-6f17d22bba15001f/httparse-1.9.5/src/macros.rs:28:39\n    |\n28  |             Status::Partial => return Ok(Status::Partial)\n    |                                       ^^ not found in this scope\n    |\n   ::: /Users/graysonnocera/.cargo/registry/src/index.crates.io-6f17d22bba15001f/httparse-1.9.5/src/lib.rs:732:36\n    |\n732 |                 self.reason = Some(complete!(parse_reason(&mut bytes)));\n    |                                    ----------------------------------- in this macro invocation\n    |\n    = note: this error originates in the macro `complete` (in Nightly builds, run with -Z macro-backtrace for more info)\nhelp: consider importing one of these tuple variants\n   --> /Users/graysonnocera/.cargo/registry/src/index.crates.io-6f17d22bba15001f/httparse-1.9.5/src/lib.rs:28:1\n    |\n28  + use crate::result::Result::Ok;\n   --> |/Users/graysonnocera/.cargo/registry/src/index.crates.io-6f17d22bba15001f/httparse-1.9.5/src/lib.rs:28:1\n    |\n28  + use core::result::Result::Ok;\n    |\n\nerror[E0531]: cannot find tuple struct or tuple variant `Some` in this scope\n   --> /Users/graysonnocera/.cargo/registry/src/index.crates.io-6f17d22bba15001f/httparse-1.9.5/src/macros.rs:6:13\n    |\n6   |             Some(b) => b,\n    |             ^^^^ not found in this scope\n    |\n   ::: /Users/graysonnocera/.cargo/registry/src/index.crates.io-6f17d22bba15001f/httparse-1.9.5/src/lib.rs:735:17\n    |\n735 |                 expect!(bytes.next() == b'\\n' => Err(Error::Status));\n    |                 ---------------------------------------------------- in this macro invocation\n    |\n    = note: this error originates in the macro `next` which comes from the expansion of the macro `expect` (in Nightly builds, run with -Z macro-backtrace for more info)\nhelp: consider importing this tuple variant\n   --> /Users/graysonnocera/.cargo/registry/src/index.crates.io-6f17d22bba15001f/httparse-1.9.5/src/lib.rs:28:1\n    |\n28  + use core::option::Option::Some;\n    |\n\nerror[E0425]: cannot find function, tuple struct or tuple variant `Ok` in this scope\n   --> /Users/graysonnocera/.cargo/registry/src/index.crates.io-6f17d22bba15001f/httparse-1.9.5/src/macros.rs:7:28\n    |\n7   |             None => return Ok(Status::Partial)\n    |                            ^^ not found in this scope\n    |\n   ::: /Users/graysonnocera/.cargo/registry/src/index.crates.io-6f17d22bba15001f/httparse-1.9.5/src/lib.rs:735:17\n    |\n735 |                 expect!(bytes.next() == b'\\n' => Err(Error::Status));\n    |                 ---------------------------------------------------- in this macro invocation\n    |\n    = note: this error originates in the macro `next` which comes from the expansion of the macro `expect` (in Nightly builds, run with -Z macro-backtrace for more info)\nhelp: consider importing one of these tuple variants\n   --> /Users/graysonnocera/.cargo/registry/src/index.crates.io-6f17d22bba15001f/httparse-1.9.5/src/lib.rs:28:1\n    |\n28  + use crate::result::Result::Ok;\n   --> |/Users/graysonnocera/.cargo/registry/src/index.crates.io-6f17d22bba15001f/httparse-1.9.5/src/lib.rs:28:1\n    |\n28  + use core::result::Result::Ok;\n    |\n\nerror[E0425]: cannot find function, tuple struct or tuple variant `Err` in this scope\n   --> /Users/graysonnocera/.cargo/registry/src/index.crates.io-6f17d22bba15001f/httparse-1.9.5/src/lib.rs:735:50\n    |\n735 |                 expect!(bytes.next() == b'\\n' => Err(Error::Status));\n    |                                                  ^^^ not found in this scope\n    |\nhelp: consider importing one of these tuple variants\n    |\n28  + use crate::result::Result::Err;\n    |\n28  + use core::result::Result::Err;\n    |\n\nerror[E0425]: cannot find function, tuple struct or tuple variant `Some` in this scope\n   --> /Users/graysonnocera/.cargo/registry/src/index.crates.io-6f17d22bba15001f/httparse-1.9.5/src/lib.rs:737:31\n    |\n737 |                 self.reason = Some(\"\");\n    |                               ^^^^ not found in this scope\n    |\nhelp: consider importing this tuple variant\n    |\n28  + use core::option::Option::Some;\n    |\n\nerror[E0425]: cannot find function, tuple struct or tuple variant `Some` in this scope\n   --> /Users/graysonnocera/.cargo/registry/src/index.crates.io-6f17d22bba15001f/httparse-1.9.5/src/lib.rs:741:31\n    |\n741 |                 self.reason = Some(\"\");\n    |                               ^^^^ not found in this scope\n    |\nhelp: consider importing this tuple variant\n    |\n28  + use core::option::Option::Some;\n    |\n\nerror[E0425]: cannot find function, tuple struct or tuple variant `Err` in this scope\n   --> /Users/graysonnocera/.cargo/registry/src/index.crates.io-6f17d22bba15001f/httparse-1.9.5/src/lib.rs:743:25\n    |\n743 |             _ => return Err(Error::Status),\n    |                         ^^^ not found in this scope\n    |\nhelp: consider importing one of these tuple variants\n    |\n28  + use crate::result::Result::Err;\n    |\n28  + use core::result::Result::Err;\n    |\n\nerror[E0425]: cannot find function, tuple struct or tuple variant `Ok` in this scope\n   --> /Users/graysonnocera/.cargo/registry/src/index.crates.io-6f17d22bba15001f/httparse-1.9.5/src/macros.rs:28:39\n    |\n28  |               Status::Partial => return Ok(Status::Partial)\n    |                                         ^^ not found in this scope\n    |\n   ::: /Users/graysonnocera/.cargo/registry/src/index.crates.io-6f17d22bba15001f/httparse-1.9.5/src/lib.rs:748:27\n    |\n748 |           let headers_len = complete!(parse_headers_iter_uninit(\n    |  ___________________________-\n749 | |             &mut headers,\n750 | |             &mut bytes,\n751 | |             &HeaderParserConfig {\n...   |\n756 | |             }\n757 | |         ));\n    | |__________- in this macro invocation\n    |\n    = note: this error originates in the macro `complete` (in Nightly builds, run with -Z macro-backtrace for more info)\nhelp: consider importing one of these tuple variants\n   --> /Users/graysonnocera/.cargo/registry/src/index.crates.io-6f17d22bba15001f/httparse-1.9.5/src/lib.rs:28:1\n    |\n28  + use crate::result::Result::Ok;\n   --> |/Users/graysonnocera/.cargo/registry/src/index.crates.io-6f17d22bba15001f/httparse-1.9.5/src/lib.rs:28:1\n    |\n28  + use core::result::Result::Ok;\n    |\n\nerror[E0425]: cannot find function, tuple struct or tuple variant `Ok` in this scope\n   --> /Users/graysonnocera/.cargo/registry/src/index.crates.io-6f17d22bba15001f/httparse-1.9.5/src/lib.rs:760:9\n    |\n760 |         Ok(Status::Complete(len + headers_len))\n    |         ^^ not found in this scope\n    |\nhelp: consider importing one of these tuple variants\n    |\n28  + use crate::result::Result::Ok;\n    |\n28  + use core::result::Result::Ok;\n    |\n\nerror[E0531]: cannot find tuple struct or tuple variant `Ok` in this scope\n   --> /Users/graysonnocera/.cargo/registry/src/index.crates.io-6f17d22bba15001f/httparse-1.9.5/src/lib.rs:782:16\n    |\n782 |         if let Ok(value) = str::from_utf8(self.value) {\n    |                ^^ not found in this scope\n    |\nhelp: consider importing one of these tuple variants\n    |\n28  + use crate::result::Result::Ok;\n    |\n28  + use core::result::Result::Ok;\n    |\n\nerror[E0531]: cannot find tuple struct or tuple variant `Some` in this scope\n   --> /Users/graysonnocera/.cargo/registry/src/index.crates.io-6f17d22bba15001f/httparse-1.9.5/src/lib.rs:806:12\n    |\n806 |     if let Some(eight) = bytes.peek_n::<[u8; 8]>(8) {\n    |            ^^^^ not found in this scope\n    |\nhelp: consider importing this tuple variant\n    |\n28  + use core::option::Option::Some;\n    |\n\nerror[E0425]: cannot find function, tuple struct or tuple variant `Ok` in this scope\n   --> /Users/graysonnocera/.cargo/registry/src/index.crates.io-6f17d22bba15001f/httparse-1.9.5/src/lib.rs:817:13\n    |\n817 |             Ok(Status::Complete(0))\n    |             ^^ not found in this scope\n    |\nhelp: consider importing one of these tuple variants\n    |\n28  + use crate::result::Result::Ok;\n    |\n28  + use core::result::Result::Ok;\n    |\n\nerror[E0425]: cannot find function, tuple struct or tuple variant `Ok` in this scope\n   --> /Users/graysonnocera/.cargo/registry/src/index.crates.io-6f17d22bba15001f/httparse-1.9.5/src/lib.rs:819:13\n    |\n819 |             Ok(Status::Complete(1))\n    |             ^^ not found in this scope\n    |\nhelp: consider importing one of these tuple variants\n    |\n28  + use crate::result::Result::Ok;\n    |\n28  + use core::result::Result::Ok;\n    |\n\nerror[E0425]: cannot find function, tuple struct or tuple variant `Err` in this scope\n   --> /Users/graysonnocera/.cargo/registry/src/index.crates.io-6f17d22bba15001f/httparse-1.9.5/src/lib.rs:821:13\n    |\n821 |             Err(Error::Version)\n    |             ^^^ not found in this scope\n    |\nhelp: consider importing one of these tuple variants\n    |\n28  + use crate::result::Result::Err;\n    |\n28  + use core::result::Result::Err;\n    |\n\nerror[E0531]: cannot find tuple struct or tuple variant `Some` in this scope\n   --> /Users/graysonnocera/.cargo/registry/src/index.crates.io-6f17d22bba15001f/httparse-1.9.5/src/macros.rs:6:13\n    |\n6   |             Some(b) => b,\n    |             ^^^^ not found in this scope\n    |\n   ::: /Users/graysonnocera/.cargo/registry/src/index.crates.io-6f17d22bba15001f/httparse-1.9.5/src/lib.rs:829:5\n    |\n829 |     expect!(bytes.next() == b'H' => Err(Error::Version));\n    |     ---------------------------------------------------- in this macro invocation\n    |\n    = note: this error originates in the macro `next` which comes from the expansion of the macro `expect` (in Nightly builds, run with -Z macro-backtrace for more info)\nhelp: consider importing this tuple variant\n   --> /Users/graysonnocera/.cargo/registry/src/index.crates.io-6f17d22bba15001f/httparse-1.9.5/src/lib.rs:28:1\n    |\n28  + use core::option::Option::Some;\n    |\n\nerror[E0425]: cannot find function, tuple struct or tuple variant `Ok` in this scope\n   --> /Users/graysonnocera/.cargo/registry/src/index.crates.io-6f17d22bba15001f/httparse-1.9.5/src/macros.rs:7:28\n    |\n7   |             None => return Ok(Status::Partial)\n    |                            ^^ not found in this scope\n    |\n   ::: /Users/graysonnocera/.cargo/registry/src/index.crates.io-6f17d22bba15001f/httparse-1.9.5/src/lib.rs:829:5\n    |\n829 |     expect!(bytes.next() == b'H' => Err(Error::Version));\n    |     ---------------------------------------------------- in this macro invocation\n    |\n    = note: this error originates in the macro `next` which comes from the expansion of the macro `expect` (in Nightly builds, run with -Z macro-backtrace for more info)\nhelp: consider importing one of these tuple variants\n   --> /Users/graysonnocera/.cargo/registry/src/index.crates.io-6f17d22bba15001f/httparse-1.9.5/src/lib.rs:28:1\n    |\n28  + use crate::result::Result::Ok;\n   --> |/Users/graysonnocera/.cargo/registry/src/index.crates.io-6f17d22bba15001f/httparse-1.9.5/src/lib.rs:28:1\n    |\n28  + use core::result::Result::Ok;\n    |\n\nerror[E0425]: cannot find function, tuple struct or tuple variant `Err` in this scope\n   --> /Users/graysonnocera/.cargo/registry/src/index.crates.io-6f17d22bba15001f/httparse-1.9.5/src/lib.rs:829:37\n    |\n829 |     expect!(bytes.next() == b'H' => Err(Error::Version));\n    |                                     ^^^ not found in this scope\n    |\nhelp: consider importing one of these tuple variants\n    |\n28  + use crate::result::Result::Err;\n    |\n28  + use core::result::Result::Err;\n    |\n\nerror[E0531]: cannot find tuple struct or tuple variant `Some` in this scope\n   --> /Users/graysonnocera/.cargo/registry/src/index.crates.io-6f17d22bba15001f/httparse-1.9.5/src/macros.rs:6:13\n    |\n6   |             Some(b) => b,\n    |             ^^^^ not found in this scope\n    |\n   ::: /Users/graysonnocera/.cargo/registry/src/index.crates.io-6f17d22bba15001f/httparse-1.9.5/src/lib.rs:830:5\n    |\n830 |     expect!(bytes.next() == b'T' => Err(Error::Version));\n    |     ---------------------------------------------------- in this macro invocation\n    |\n    = note: this error originates in the macro `next` which comes from the expansion of the macro `expect` (in Nightly builds, run with -Z macro-backtrace for more info)\nhelp: consider importing this tuple variant\n   --> /Users/graysonnocera/.cargo/registry/src/index.crates.io-6f17d22bba15001f/httparse-1.9.5/src/lib.rs:28:1\n    |\n28  + use core::option::Option::Some;\n    |\n\nerror[E0425]: cannot find function, tuple struct or tuple variant `Ok` in this scope\n   --> /Users/graysonnocera/.cargo/registry/src/index.crates.io-6f17d22bba15001f/httparse-1.9.5/src/macros.rs:7:28\n    |\n7   |             None => return Ok(Status::Partial)\n    |                            ^^ not found in this scope\n    |\n   ::: /Users/graysonnocera/.cargo/registry/src/index.crates.io-6f17d22bba15001f/httparse-1.9.5/src/lib.rs:830:5\n    |\n830 |     expect!(bytes.next() == b'T' => Err(Error::Version));\n    |     ---------------------------------------------------- in this macro invocation\n    |\n    = note: this error originates in the macro `next` which comes from the expansion of the macro `expect` (in Nightly builds, run with -Z macro-backtrace for more info)\nhelp: consider importing one of these tuple variants\n   --> /Users/graysonnocera/.cargo/registry/src/index.crates.io-6f17d22bba15001f/httparse-1.9.5/src/lib.rs:28:1\n    |\n28  + use crate::result::Result::Ok;\n   --> |/Users/graysonnocera/.cargo/registry/src/index.crates.io-6f17d22bba15001f/httparse-1.9.5/src/lib.rs:28:1\n    |\n28  + use core::result::Result::Ok;\n    |\n\nerror[E0425]: cannot find function, tuple struct or tuple variant `Err` in this scope\n   --> /Users/graysonnocera/.cargo/registry/src/index.crates.io-6f17d22bba15001f/httparse-1.9.5/src/lib.rs:830:37\n    |\n830 |     expect!(bytes.next() == b'T' => Err(Error::Version));\n    |                                     ^^^ not found in this scope\n    |\nhelp: consider importing one of these tuple variants\n    |\n28  + use crate::result::Result::Err;\n    |\n28  + use core::result::Result::Err;\n    |\n\nerror[E0531]: cannot find tuple struct or tuple variant `Some` in this scope\n   --> /Users/graysonnocera/.cargo/registry/src/index.crates.io-6f17d22bba15001f/httparse-1.9.5/src/macros.rs:6:13\n    |\n6   |             Some(b) => b,\n    |             ^^^^ not found in this scope\n    |\n   ::: /Users/graysonnocera/.cargo/registry/src/index.crates.io-6f17d22bba15001f/httparse-1.9.5/src/lib.rs:831:5\n    |\n831 |     expect!(bytes.next() == b'T' => Err(Error::Version));\n    |     ---------------------------------------------------- in this macro invocation\n    |\n    = note: this error originates in the macro `next` which comes from the expansion of the macro `expect` (in Nightly builds, run with -Z macro-backtrace for more info)\nhelp: consider importing this tuple variant\n   --> /Users/graysonnocera/.cargo/registry/src/index.crates.io-6f17d22bba15001f/httparse-1.9.5/src/lib.rs:28:1\n    |\n28  + use core::option::Option::Some;\n    |\n\nerror[E0425]: cannot find function, tuple struct or tuple variant `Ok` in this scope\n   --> /Users/graysonnocera/.cargo/registry/src/index.crates.io-6f17d22bba15001f/httparse-1.9.5/src/macros.rs:7:28\n    |\n7   |             None => return Ok(Status::Partial)\n    |                            ^^ not found in this scope\n    |\n   ::: /Users/graysonnocera/.cargo/registry/src/index.crates.io-6f17d22bba15001f/httparse-1.9.5/src/lib.rs:831:5\n    |\n831 |     expect!(bytes.next() == b'T' => Err(Error::Version));\n    |     ---------------------------------------------------- in this macro invocation\n    |\n    = note: this error originates in the macro `next` which comes from the expansion of the macro `expect` (in Nightly builds, run with -Z macro-backtrace for more info)\nhelp: consider importing one of these tuple variants\n   --> /Users/graysonnocera/.cargo/registry/src/index.crates.io-6f17d22bba15001f/httparse-1.9.5/src/lib.rs:28:1\n    |\n28  + use crate::result::Result::Ok;\n   --> |/Users/graysonnocera/.cargo/registry/src/index.crates.io-6f17d22bba15001f/httparse-1.9.5/src/lib.rs:28:1\n    |\n28  + use core::result::Result::Ok;\n    |\n\nerror[E0425]: cannot find function, tuple struct or tuple variant `Err` in this scope\n   --> /Users/graysonnocera/.cargo/registry/src/index.crates.io-6f17d22bba15001f/httparse-1.9.5/src/lib.rs:831:37\n    |\n831 |     expect!(bytes.next() == b'T' => Err(Error::Version));\n    |                                     ^^^ not found in this scope\n    |\nhelp: consider importing one of these tuple variants\n    |\n28  + use crate::result::Result::Err;\n    |\n28  + use core::result::Result::Err;\n    |\n\nerror[E0531]: cannot find tuple struct or tuple variant `Some` in this scope\n   --> /Users/graysonnocera/.cargo/registry/src/index.crates.io-6f17d22bba15001f/httparse-1.9.5/src/macros.rs:6:13\n    |\n6   |             Some(b) => b,\n    |             ^^^^ not found in this scope\n    |\n   ::: /Users/graysonnocera/.cargo/registry/src/index.crates.io-6f17d22bba15001f/httparse-1.9.5/src/lib.rs:832:5\n    |\n832 |     expect!(bytes.next() == b'P' => Err(Error::Version));\n    |     ---------------------------------------------------- in this macro invocation\n    |\n    = note: this error originates in the macro `next` which comes from the expansion of the macro `expect` (in Nightly builds, run with -Z macro-backtrace for more info)\nhelp: consider importing this tuple variant\n   --> /Users/graysonnocera/.cargo/registry/src/index.crates.io-6f17d22bba15001f/httparse-1.9.5/src/lib.rs:28:1\n    |\n28  + use core::option::Option::Some;\n    |\n\nerror[E0425]: cannot find function, tuple struct or tuple variant `Ok` in this scope\n   --> /Users/graysonnocera/.cargo/registry/src/index.crates.io-6f17d22bba15001f/httparse-1.9.5/src/macros.rs:7:28\n    |\n7   |             None => return Ok(Status::Partial)\n    |                            ^^ not found in this scope\n    |\n   ::: /Users/graysonnocera/.cargo/registry/src/index.crates.io-6f17d22bba15001f/httparse-1.9.5/src/lib.rs:832:5\n    |\n832 |     expect!(bytes.next() == b'P' => Err(Error::Version));\n    |     ---------------------------------------------------- in this macro invocation\n    |\n    = note: this error originates in the macro `next` which comes from the expansion of the macro `expect` (in Nightly builds, run with -Z macro-backtrace for more info)\nhelp: consider importing one of these tuple variants\n   --> /Users/graysonnocera/.cargo/registry/src/index.crates.io-6f17d22bba15001f/httparse-1.9.5/src/lib.rs:28:1\n    |\n28  + use crate::result::Result::Ok;\n   --> |/Users/graysonnocera/.cargo/registry/src/index.crates.io-6f17d22bba15001f/httparse-1.9.5/src/lib.rs:28:1\n    |\n28  + use core::result::Result::Ok;\n    |\n\nerror[E0425]: cannot find function, tuple struct or tuple variant `Err` in this scope\n   --> /Users/graysonnocera/.cargo/registry/src/index.crates.io-6f17d22bba15001f/httparse-1.9.5/src/lib.rs:832:37\n    |\n832 |     expect!(bytes.next() == b'P' => Err(Error::Version));\n    |                                     ^^^ not found in this scope\n    |\nhelp: consider importing one of these tuple variants\n    |\n28  + use crate::result::Result::Err;\n    |\n28  + use core::result::Result::Err;\n    |\n\nerror[E0531]: cannot find tuple struct or tuple variant `Some` in this scope\n   --> /Users/graysonnocera/.cargo/registry/src/index.crates.io-6f17d22bba15001f/httparse-1.9.5/src/macros.rs:6:13\n    |\n6   |             Some(b) => b,\n    |             ^^^^ not found in this scope\n    |\n   ::: /Users/graysonnocera/.cargo/registry/src/index.crates.io-6f17d22bba15001f/httparse-1.9.5/src/lib.rs:833:5\n    |\n833 |     expect!(bytes.next() == b'/' => Err(Error::Version));\n    |     ---------------------------------------------------- in this macro invocation\n    |\n    = note: this error originates in the macro `next` which comes from the expansion of the macro `expect` (in Nightly builds, run with -Z macro-backtrace for more info)\nhelp: consider importing this tuple variant\n   --> /Users/graysonnocera/.cargo/registry/src/index.crates.io-6f17d22bba15001f/httparse-1.9.5/src/lib.rs:28:1\n    |\n28  + use core::option::Option::Some;\n    |\n\nerror[E0425]: cannot find function, tuple struct or tuple variant `Ok` in this scope\n   --> /Users/graysonnocera/.cargo/registry/src/index.crates.io-6f17d22bba15001f/httparse-1.9.5/src/macros.rs:7:28\n    |\n7   |             None => return Ok(Status::Partial)\n    |                            ^^ not found in this scope\n    |\n   ::: /Users/graysonnocera/.cargo/registry/src/index.crates.io-6f17d22bba15001f/httparse-1.9.5/src/lib.rs:833:5\n    |\n833 |     expect!(bytes.next() == b'/' => Err(Error::Version));\n    |     ---------------------------------------------------- in this macro invocation\n    |\n    = note: this error originates in the macro `next` which comes from the expansion of the macro `expect` (in Nightly builds, run with -Z macro-backtrace for more info)\nhelp: consider importing one of these tuple variants\n   --> /Users/graysonnocera/.cargo/registry/src/index.crates.io-6f17d22bba15001f/httparse-1.9.5/src/lib.rs:28:1\n    |\n28  + use crate::result::Result::Ok;\n   --> |/Users/graysonnocera/.cargo/registry/src/index.crates.io-6f17d22bba15001f/httparse-1.9.5/src/lib.rs:28:1\n    |\n28  + use core::result::Result::Ok;\n    |\n\nerror[E0425]: cannot find function, tuple struct or tuple variant `Err` in this scope\n   --> /Users/graysonnocera/.cargo/registry/src/index.crates.io-6f17d22bba15001f/httparse-1.9.5/src/lib.rs:833:37\n    |\n833 |     expect!(bytes.next() == b'/' => Err(Error::Version));\n    |                                     ^^^ not found in this scope\n    |\nhelp: consider importing one of these tuple variants\n    |\n28  + use crate::result::Result::Err;\n    |\n28  + use core::result::Result::Err;\n    |\n\nerror[E0531]: cannot find tuple struct or tuple variant `Some` in this scope\n   --> /Users/graysonnocera/.cargo/registry/src/index.crates.io-6f17d22bba15001f/httparse-1.9.5/src/macros.rs:6:13\n    |\n6   |             Some(b) => b,\n    |             ^^^^ not found in this scope\n    |\n   ::: /Users/graysonnocera/.cargo/registry/src/index.crates.io-6f17d22bba15001f/httparse-1.9.5/src/lib.rs:834:5\n    |\n834 |     expect!(bytes.next() == b'1' => Err(Error::Version));\n    |     ---------------------------------------------------- in this macro invocation\n    |\n    = note: this error originates in the macro `next` which comes from the expansion of the macro `expect` (in Nightly builds, run with -Z macro-backtrace for more info)\nhelp: consider importing this tuple variant\n   --> /Users/graysonnocera/.cargo/registry/src/index.crates.io-6f17d22bba15001f/httparse-1.9.5/src/lib.rs:28:1\n    |\n28  + use core::option::Option::Some;\n    |\n\nerror[E0425]: cannot find function, tuple struct or tuple variant `Ok` in this scope\n   --> /Users/graysonnocera/.cargo/registry/src/index.crates.io-6f17d22bba15001f/httparse-1.9.5/src/macros.rs:7:28\n    |\n7   |             None => return Ok(Status::Partial)\n    |                            ^^ not found in this scope\n    |\n   ::: /Users/graysonnocera/.cargo/registry/src/index.crates.io-6f17d22bba15001f/httparse-1.9.5/src/lib.rs:834:5\n    |\n834 |     expect!(bytes.next() == b'1' => Err(Error::Version));\n    |     ---------------------------------------------------- in this macro invocation\n    |\n    = note: this error originates in the macro `next` which comes from the expansion of the macro `expect` (in Nightly builds, run with -Z macro-backtrace for more info)\nhelp: consider importing one of these tuple variants\n   --> /Users/graysonnocera/.cargo/registry/src/index.crates.io-6f17d22bba15001f/httparse-1.9.5/src/lib.rs:28:1\n    |\n28  + use crate::result::Result::Ok;\n   --> |/Users/graysonnocera/.cargo/registry/src/index.crates.io-6f17d22bba15001f/httparse-1.9.5/src/lib.rs:28:1\n    |\n28  + use core::result::Result::Ok;\n    |\n\nerror[E0425]: cannot find function, tuple struct or tuple variant `Err` in this scope\n   --> /Users/graysonnocera/.cargo/registry/src/index.crates.io-6f17d22bba15001f/httparse-1.9.5/src/lib.rs:834:37\n    |\n834 |     expect!(bytes.next() == b'1' => Err(Error::Version));\n    |                                     ^^^ not found in this scope\n    |\nhelp: consider importing one of these tuple variants\n    |\n28  + use crate::result::Result::Err;\n    |\n28  + use core::result::Result::Err;\n    |\n\nerror[E0531]: cannot find tuple struct or tuple variant `Some` in this scope\n   --> /Users/graysonnocera/.cargo/registry/src/index.crates.io-6f17d22bba15001f/httparse-1.9.5/src/macros.rs:6:13\n    |\n6   |             Some(b) => b,\n    |             ^^^^ not found in this scope\n    |\n   ::: /Users/graysonnocera/.cargo/registry/src/index.crates.io-6f17d22bba15001f/httparse-1.9.5/src/lib.rs:835:5\n    |\n835 |     expect!(bytes.next() == b'.' => Err(Error::Version));\n    |     ---------------------------------------------------- in this macro invocation\n    |\n    = note: this error originates in the macro `next` which comes from the expansion of the macro `expect` (in Nightly builds, run with -Z macro-backtrace for more info)\nhelp: consider importing this tuple variant\n   --> /Users/graysonnocera/.cargo/registry/src/index.crates.io-6f17d22bba15001f/httparse-1.9.5/src/lib.rs:28:1\n    |\n28  + use core::option::Option::Some;\n    |\n\nerror[E0425]: cannot find function, tuple struct or tuple variant `Ok` in this scope\n   --> /Users/graysonnocera/.cargo/registry/src/index.crates.io-6f17d22bba15001f/httparse-1.9.5/src/macros.rs:7:28\n    |\n7   |             None => return Ok(Status::Partial)\n    |                            ^^ not found in this scope\n    |\n   ::: /Users/graysonnocera/.cargo/registry/src/index.crates.io-6f17d22bba15001f/httparse-1.9.5/src/lib.rs:835:5\n    |\n835 |     expect!(bytes.next() == b'.' => Err(Error::Version));\n    |     ---------------------------------------------------- in this macro invocation\n    |\n    = note: this error originates in the macro `next` which comes from the expansion of the macro `expect` (in Nightly builds, run with -Z macro-backtrace for more info)\nhelp: consider importing one of these tuple variants\n   --> /Users/graysonnocera/.cargo/registry/src/index.crates.io-6f17d22bba15001f/httparse-1.9.5/src/lib.rs:28:1\n    |\n28  + use crate::result::Result::Ok;\n   --> |/Users/graysonnocera/.cargo/registry/src/index.crates.io-6f17d22bba15001f/httparse-1.9.5/src/lib.rs:28:1\n    |\n28  + use core::result::Result::Ok;\n    |\n\nerror[E0425]: cannot find function, tuple struct or tuple variant `Err` in this scope\n   --> /Users/graysonnocera/.cargo/registry/src/index.crates.io-6f17d22bba15001f/httparse-1.9.5/src/lib.rs:835:37\n    |\n835 |     expect!(bytes.next() == b'.' => Err(Error::Version));\n    |                                     ^^^ not found in this scope\n    |\nhelp: consider importing one of these tuple variants\n    |\n28  + use crate::result::Result::Err;\n    |\n28  + use core::result::Result::Err;\n    |\n\nerror[E0425]: cannot find function, tuple struct or tuple variant `Ok` in this scope\n   --> /Users/graysonnocera/.cargo/registry/src/index.crates.io-6f17d22bba15001f/httparse-1.9.5/src/lib.rs:836:5\n    |\n836 |     Ok(Status::Partial)\n    |     ^^ not found in this scope\n    |\nhelp: consider importing one of these tuple variants\n    |\n28  + use crate::result::Result::Ok;\n    |\n28  + use core::result::Result::Ok;\n    |\n\nerror[E0531]: cannot find tuple struct or tuple variant `Some` in this scope\n   --> /Users/graysonnocera/.cargo/registry/src/index.crates.io-6f17d22bba15001f/httparse-1.9.5/src/lib.rs:847:9\n    |\n847 |         Some(GET) => {\n    |         ^^^^ not found in this scope\n    |\nhelp: consider importing this tuple variant\n    |\n28  + use core::option::Option::Some;\n    |\n\nerror[E0425]: cannot find function, tuple struct or tuple variant `Ok` in this scope\n   --> /Users/graysonnocera/.cargo/registry/src/index.crates.io-6f17d22bba15001f/httparse-1.9.5/src/lib.rs:854:13\n    |\n854 |             Ok(Status::Complete(method))\n    |             ^^ not found in this scope\n    |\nhelp: consider importing one of these tuple variants\n    |\n28  + use crate::result::Result::Ok;\n    |\n28  + use core::result::Result::Ok;\n    |\n\nerror[E0531]: cannot find tuple struct or tuple variant `Some` in this scope\n   --> /Users/graysonnocera/.cargo/registry/src/index.crates.io-6f17d22bba15001f/httparse-1.9.5/src/lib.rs:856:9\n    |\n856 |         Some(POST) if bytes.peek_ahead(4) == Some(b' ') => {\n    |         ^^^^ not found in this scope\n    |\nhelp: consider importing this tuple variant\n    |\n28  + use core::option::Option::Some;\n    |\n\nerror[E0425]: cannot find function, tuple struct or tuple variant `Some` in this scope\n   --> /Users/graysonnocera/.cargo/registry/src/index.crates.io-6f17d22bba15001f/httparse-1.9.5/src/lib.rs:856:46\n    |\n856 |         Some(POST) if bytes.peek_ahead(4) == Some(b' ') => {\n    |                                              ^^^^ not found in this scope\n    |\nhelp: consider importing this tuple variant\n    |\n28  + use core::option::Option::Some;\n    |\n\nerror[E0425]: cannot find function, tuple struct or tuple variant `Ok` in this scope\n   --> /Users/graysonnocera/.cargo/registry/src/index.crates.io-6f17d22bba15001f/httparse-1.9.5/src/lib.rs:863:13\n    |\n863 |             Ok(Status::Complete(method))\n    |             ^^ not found in this scope\n    |\nhelp: consider importing one of these tuple variants\n    |\n28  + use crate::result::Result::Ok;\n    |\n28  + use core::result::Result::Ok;\n    |\n\nerror[E0531]: cannot find tuple struct or tuple variant `Some` in this scope\n   --> /Users/graysonnocera/.cargo/registry/src/index.crates.io-6f17d22bba15001f/httparse-1.9.5/src/macros.rs:6:13\n    |\n6   |             Some(b) => b,\n    |             ^^^^ not found in this scope\n    |\n   ::: /Users/graysonnocera/.cargo/registry/src/index.crates.io-6f17d22bba15001f/httparse-1.9.5/src/lib.rs:886:17\n    |\n886 |         let b = next!(bytes);\n    |                 ------------ in this macro invocation\n    |\n    = note: this error originates in the macro `next` (in Nightly builds, run with -Z macro-backtrace for more info)\nhelp: consider importing this tuple variant\n   --> /Users/graysonnocera/.cargo/registry/src/index.crates.io-6f17d22bba15001f/httparse-1.9.5/src/lib.rs:28:1\n    |\n28  + use core::option::Option::Some;\n    |\n\nerror[E0425]: cannot find function, tuple struct or tuple variant `Ok` in this scope\n   --> /Users/graysonnocera/.cargo/registry/src/index.crates.io-6f17d22bba15001f/httparse-1.9.5/src/macros.rs:7:28\n    |\n7   |             None => return Ok(Status::Partial)\n    |                            ^^ not found in this scope\n    |\n   ::: /Users/graysonnocera/.cargo/registry/src/index.crates.io-6f17d22bba15001f/httparse-1.9.5/src/lib.rs:886:17\n    |\n886 |         let b = next!(bytes);\n    |                 ------------ in this macro invocation\n    |\n    = note: this error originates in the macro `next` (in Nightly builds, run with -Z macro-backtrace for more info)\nhelp: consider importing one of these tuple variants\n   --> /Users/graysonnocera/.cargo/registry/src/index.crates.io-6f17d22bba15001f/httparse-1.9.5/src/lib.rs:28:1\n    |\n28  + use crate::result::Result::Ok;\n   --> |/Users/graysonnocera/.cargo/registry/src/index.crates.io-6f17d22bba15001f/httparse-1.9.5/src/lib.rs:28:1\n    |\n28  + use core::result::Result::Ok;\n    |\n\nerror[E0531]: cannot find tuple struct or tuple variant `Some` in this scope\n   --> /Users/graysonnocera/.cargo/registry/src/index.crates.io-6f17d22bba15001f/httparse-1.9.5/src/macros.rs:6:13\n    |\n6   |             Some(b) => b,\n    |             ^^^^ not found in this scope\n    |\n   ::: /Users/graysonnocera/.cargo/registry/src/index.crates.io-6f17d22bba15001f/httparse-1.9.5/src/lib.rs:888:13\n    |\n888 |             expect!(bytes.next() == b'\\n' => Err(Error::Status));\n    |             ---------------------------------------------------- in this macro invocation\n    |\n    = note: this error originates in the macro `next` which comes from the expansion of the macro `expect` (in Nightly builds, run with -Z macro-backtrace for more info)\nhelp: consider importing this tuple variant\n   --> /Users/graysonnocera/.cargo/registry/src/index.crates.io-6f17d22bba15001f/httparse-1.9.5/src/lib.rs:28:1\n    |\n28  + use core::option::Option::Some;\n    |\n\nerror[E0425]: cannot find function, tuple struct or tuple variant `Ok` in this scope\n   --> /Users/graysonnocera/.cargo/registry/src/index.crates.io-6f17d22bba15001f/httparse-1.9.5/src/macros.rs:7:28\n    |\n7   |             None => return Ok(Status::Partial)\n    |                            ^^ not found in this scope\n    |\n   ::: /Users/graysonnocera/.cargo/registry/src/index.crates.io-6f17d22bba15001f/httparse-1.9.5/src/lib.rs:888:13\n    |\n888 |             expect!(bytes.next() == b'\\n' => Err(Error::Status));\n    |             ---------------------------------------------------- in this macro invocation\n    |\n    = note: this error originates in the macro `next` which comes from the expansion of the macro `expect` (in Nightly builds, run with -Z macro-backtrace for more info)\nhelp: consider importing one of these tuple variants\n   --> /Users/graysonnocera/.cargo/registry/src/index.crates.io-6f17d22bba15001f/httparse-1.9.5/src/lib.rs:28:1\n    |\n28  + use crate::result::Result::Ok;\n   --> |/Users/graysonnocera/.cargo/registry/src/index.crates.io-6f17d22bba15001f/httparse-1.9.5/src/lib.rs:28:1\n    |\n28  + use core::result::Result::Ok;\n    |\n\nerror[E0425]: cannot find function, tuple struct or tuple variant `Err` in this scope\n   --> /Users/graysonnocera/.cargo/registry/src/index.crates.io-6f17d22bba15001f/httparse-1.9.5/src/lib.rs:888:46\n    |\n888 |             expect!(bytes.next() == b'\\n' => Err(Error::Status));\n    |                                              ^^^ not found in this scope\n    |\nhelp: consider importing one of these tuple variants\n    |\n28  + use crate::result::Result::Err;\n    |\n28  + use core::result::Result::Err;\n    |\n\nerror[E0425]: cannot find function, tuple struct or tuple variant `Ok` in this scope\n   --> /Users/graysonnocera/.cargo/registry/src/index.crates.io-6f17d22bba15001f/httparse-1.9.5/src/lib.rs:889:20\n    |\n889 |             return Ok(Status::Complete(\n    |                    ^^ not found in this scope\n    |\nhelp: consider importing one of these tuple variants\n    |\n28  + use crate::result::Result::Ok;\n    |\n28  + use core::result::Result::Ok;\n    |\n\nerror[E0425]: cannot find function, tuple struct or tuple variant `Ok` in this scope\n   --> /Users/graysonnocera/.cargo/registry/src/index.crates.io-6f17d22bba15001f/httparse-1.9.5/src/lib.rs:907:20\n    |\n907 |             return Ok(Status::Complete(\n    |                    ^^ not found in this scope\n    |\nhelp: consider importing one of these tuple variants\n    |\n28  + use crate::result::Result::Ok;\n    |\n28  + use core::result::Result::Ok;\n    |\n\nerror[E0425]: cannot find function, tuple struct or tuple variant `Err` in this scope\n   --> /Users/graysonnocera/.cargo/registry/src/index.crates.io-6f17d22bba15001f/httparse-1.9.5/src/lib.rs:923:20\n    |\n923 |             return Err(Error::Status);\n    |                    ^^^ not found in this scope\n    |\nhelp: consider importing one of these tuple variants\n    |\n28  + use crate::result::Result::Err;\n    |\n28  + use core::result::Result::Err;\n    |\n\nerror[E0531]: cannot find tuple struct or tuple variant `Some` in this scope\n   --> /Users/graysonnocera/.cargo/registry/src/index.crates.io-6f17d22bba15001f/httparse-1.9.5/src/macros.rs:6:13\n    |\n6   |             Some(b) => b,\n    |             ^^^^ not found in this scope\n    |\n   ::: /Users/graysonnocera/.cargo/registry/src/index.crates.io-6f17d22bba15001f/httparse-1.9.5/src/lib.rs:932:13\n    |\n932 |     let b = next!(bytes);\n    |             ------------ in this macro invocation\n    |\n    = note: this error originates in the macro `next` (in Nightly builds, run with -Z macro-backtrace for more info)\nhelp: consider importing this tuple variant\n   --> /Users/graysonnocera/.cargo/registry/src/index.crates.io-6f17d22bba15001f/httparse-1.9.5/src/lib.rs:28:1\n    |\n28  + use core::option::Option::Some;\n    |\n\nerror[E0425]: cannot find function, tuple struct or tuple variant `Ok` in this scope\n   --> /Users/graysonnocera/.cargo/registry/src/index.crates.io-6f17d22bba15001f/httparse-1.9.5/src/macros.rs:7:28\n    |\n7   |             None => return Ok(Status::Partial)\n    |                            ^^ not found in this scope\n    |\n   ::: /Users/graysonnocera/.cargo/registry/src/index.crates.io-6f17d22bba15001f/httparse-1.9.5/src/lib.rs:932:13\n    |\n932 |     let b = next!(bytes);\n    |             ------------ in this macro invocation\n    |\n    = note: this error originates in the macro `next` (in Nightly builds, run with -Z macro-backtrace for more info)\nhelp: consider importing one of these tuple variants\n   --> /Users/graysonnocera/.cargo/registry/src/index.crates.io-6f17d22bba15001f/httparse-1.9.5/src/lib.rs:28:1\n    |\n28  + use crate::result::Result::Ok;\n   --> |/Users/graysonnocera/.cargo/registry/src/index.crates.io-6f17d22bba15001f/httparse-1.9.5/src/lib.rs:28:1\n    |\n28  + use core::result::Result::Ok;\n    |\n\nerror[E0425]: cannot find function, tuple struct or tuple variant `Err` in this scope\n   --> /Users/graysonnocera/.cargo/registry/src/index.crates.io-6f17d22bba15001f/httparse-1.9.5/src/lib.rs:935:16\n    |\n935 |         return Err(Error::Token);\n    |                ^^^ not found in this scope\n    |\nhelp: consider importing one of these tuple variants\n    |\n28  + use crate::result::Result::Err;\n    |\n28  + use core::result::Result::Err;\n    |\n\nerror[E0531]: cannot find tuple struct or tuple variant `Some` in this scope\n   --> /Users/graysonnocera/.cargo/registry/src/index.crates.io-6f17d22bba15001f/httparse-1.9.5/src/macros.rs:6:13\n    |\n6   |             Some(b) => b,\n    |             ^^^^ not found in this scope\n    |\n   ::: /Users/graysonnocera/.cargo/registry/src/index.crates.io-6f17d22bba15001f/httparse-1.9.5/src/lib.rs:939:17\n    |\n939 |         let b = next!(bytes);\n    |                 ------------ in this macro invocation\n    |\n    = note: this error originates in the macro `next` (in Nightly builds, run with -Z macro-backtrace for more info)\nhelp: consider importing this tuple variant\n   --> /Users/graysonnocera/.cargo/registry/src/index.crates.io-6f17d22bba15001f/httparse-1.9.5/src/lib.rs:28:1\n    |\n28  + use core::option::Option::Some;\n    |\n\nerror[E0425]: cannot find function, tuple struct or tuple variant `Ok` in this scope\n   --> /Users/graysonnocera/.cargo/registry/src/index.crates.io-6f17d22bba15001f/httparse-1.9.5/src/macros.rs:7:28\n    |\n7   |             None => return Ok(Status::Partial)\n    |                            ^^ not found in this scope\n    |\n   ::: /Users/graysonnocera/.cargo/registry/src/index.crates.io-6f17d22bba15001f/httparse-1.9.5/src/lib.rs:939:17\n    |\n939 |         let b = next!(bytes);\n    |                 ------------ in this macro invocation\n    |\n    = note: this error originates in the macro `next` (in Nightly builds, run with -Z macro-backtrace for more info)\nhelp: consider importing one of these tuple variants\n   --> /Users/graysonnocera/.cargo/registry/src/index.crates.io-6f17d22bba15001f/httparse-1.9.5/src/lib.rs:28:1\n    |\n28  + use crate::result::Result::Ok;\n   --> |/Users/graysonnocera/.cargo/registry/src/index.crates.io-6f17d22bba15001f/httparse-1.9.5/src/lib.rs:28:1\n    |\n28  + use core::result::Result::Ok;\n    |\n\nerror[E0425]: cannot find function, tuple struct or tuple variant `Ok` in this scope\n   --> /Users/graysonnocera/.cargo/registry/src/index.crates.io-6f17d22bba15001f/httparse-1.9.5/src/lib.rs:941:20\n    |\n941 |             return Ok(Status::Complete(\n    |                    ^^ not found in this scope\n    |\nhelp: consider importing one of these tuple variants\n    |\n28  + use crate::result::Result::Ok;\n    |\n28  + use core::result::Result::Ok;\n    |\n\nerror[E0425]: cannot find function, tuple struct or tuple variant `Err` in this scope\n   --> /Users/graysonnocera/.cargo/registry/src/index.crates.io-6f17d22bba15001f/httparse-1.9.5/src/lib.rs:946:20\n    |\n946 |             return Err(Error::Token);\n    |                    ^^^ not found in this scope\n    |\nhelp: consider importing one of these tuple variants\n    |\n28  + use crate::result::Result::Err;\n    |\n28  + use core::result::Result::Err;\n    |\n\nerror[E0531]: cannot find tuple struct or tuple variant `Some` in this scope\n   --> /Users/graysonnocera/.cargo/registry/src/index.crates.io-6f17d22bba15001f/httparse-1.9.5/src/macros.rs:6:13\n    |\n6   |             Some(b) => b,\n    |             ^^^^ not found in this scope\n    |\n   ::: /Users/graysonnocera/.cargo/registry/src/index.crates.io-6f17d22bba15001f/httparse-1.9.5/src/lib.rs:960:8\n    |\n960 |     if next!(bytes) == b' ' {\n    |        ------------ in this macro invocation\n    |\n    = note: this error originates in the macro `next` (in Nightly builds, run with -Z macro-backtrace for more info)\nhelp: consider importing this tuple variant\n   --> /Users/graysonnocera/.cargo/registry/src/index.crates.io-6f17d22bba15001f/httparse-1.9.5/src/lib.rs:28:1\n    |\n28  + use core::option::Option::Some;\n    |\n\nerror[E0425]: cannot find function, tuple struct or tuple variant `Ok` in this scope\n   --> /Users/graysonnocera/.cargo/registry/src/index.crates.io-6f17d22bba15001f/httparse-1.9.5/src/macros.rs:7:28\n    |\n7   |             None => return Ok(Status::Partial)\n    |                            ^^ not found in this scope\n    |\n   ::: /Users/graysonnocera/.cargo/registry/src/index.crates.io-6f17d22bba15001f/httparse-1.9.5/src/lib.rs:960:8\n    |\n960 |     if next!(bytes) == b' ' {\n    |        ------------ in this macro invocation\n    |\n    = note: this error originates in the macro `next` (in Nightly builds, run with -Z macro-backtrace for more info)\nhelp: consider importing one of these tuple variants\n   --> /Users/graysonnocera/.cargo/registry/src/index.crates.io-6f17d22bba15001f/httparse-1.9.5/src/lib.rs:28:1\n    |\n28  + use crate::result::Result::Ok;\n   --> |/Users/graysonnocera/.cargo/registry/src/index.crates.io-6f17d22bba15001f/httparse-1.9.5/src/lib.rs:28:1\n    |\n28  + use core::result::Result::Ok;\n    |\n\nerror[E0425]: cannot find function, tuple struct or tuple variant `Err` in this scope\n   --> /Users/graysonnocera/.cargo/registry/src/index.crates.io-6f17d22bba15001f/httparse-1.9.5/src/lib.rs:963:20\n    |\n963 |             return Err(Error::Token);\n    |                    ^^^ not found in this scope\n    |\nhelp: consider importing one of these tuple variants\n    |\n28  + use crate::result::Result::Err;\n    |\n28  + use core::result::Result::Err;\n    |\n\nerror[E0425]: cannot find function, tuple struct or tuple variant `Ok` in this scope\n   --> /Users/graysonnocera/.cargo/registry/src/index.crates.io-6f17d22bba15001f/httparse-1.9.5/src/lib.rs:966:16\n    |\n966 |         return Ok(Status::Complete(\n    |                ^^ not found in this scope\n    |\nhelp: consider importing one of these tuple variants\n    |\n28  + use crate::result::Result::Ok;\n    |\n28  + use core::result::Result::Ok;\n    |\n\nerror[E0425]: cannot find function, tuple struct or tuple variant `Err` in this scope\n   --> /Users/graysonnocera/.cargo/registry/src/index.crates.io-6f17d22bba15001f/httparse-1.9.5/src/lib.rs:971:9\n    |\n971 |         Err(Error::Token)\n    |         ^^^ not found in this scope\n    |\nhelp: consider importing one of these tuple variants\n    |\n28  + use crate::result::Result::Err;\n    |\n28  + use core::result::Result::Err;\n    |\n\nerror[E0531]: cannot find tuple struct or tuple variant `Some` in this scope\n   --> /Users/graysonnocera/.cargo/registry/src/index.crates.io-6f17d22bba15001f/httparse-1.9.5/src/macros.rs:6:13\n    |\n6   |             Some(b) => b,\n    |             ^^^^ not found in this scope\n    |\n   ::: /Users/graysonnocera/.cargo/registry/src/index.crates.io-6f17d22bba15001f/httparse-1.9.5/src/lib.rs:977:20\n    |\n977 |     let hundreds = expect!(bytes.next() == b'0'..=b'9' => Err(Error::Status));\n    |                    ---------------------------------------------------------- in this macro invocation\n    |\n    = note: this error originates in the macro `next` which comes from the expansion of the macro `expect` (in Nightly builds, run with -Z macro-backtrace for more info)\nhelp: consider importing this tuple variant\n   --> /Users/graysonnocera/.cargo/registry/src/index.crates.io-6f17d22bba15001f/httparse-1.9.5/src/lib.rs:28:1\n    |\n28  + use core::option::Option::Some;\n    |\n\nerror[E0425]: cannot find function, tuple struct or tuple variant `Ok` in this scope\n   --> /Users/graysonnocera/.cargo/registry/src/index.crates.io-6f17d22bba15001f/httparse-1.9.5/src/macros.rs:7:28\n    |\n7   |             None => return Ok(Status::Partial)\n    |                            ^^ not found in this scope\n    |\n   ::: /Users/graysonnocera/.cargo/registry/src/index.crates.io-6f17d22bba15001f/httparse-1.9.5/src/lib.rs:977:20\n    |\n977 |     let hundreds = expect!(bytes.next() == b'0'..=b'9' => Err(Error::Status));\n    |                    ---------------------------------------------------------- in this macro invocation\n    |\n    = note: this error originates in the macro `next` which comes from the expansion of the macro `expect` (in Nightly builds, run with -Z macro-backtrace for more info)\nhelp: consider importing one of these tuple variants\n   --> /Users/graysonnocera/.cargo/registry/src/index.crates.io-6f17d22bba15001f/httparse-1.9.5/src/lib.rs:28:1\n    |\n28  + use crate::result::Result::Ok;\n   --> |/Users/graysonnocera/.cargo/registry/src/index.crates.io-6f17d22bba15001f/httparse-1.9.5/src/lib.rs:28:1\n    |\n28  + use core::result::Result::Ok;\n    |\n\nerror[E0425]: cannot find function, tuple struct or tuple variant `Err` in this scope\n   --> /Users/graysonnocera/.cargo/registry/src/index.crates.io-6f17d22bba15001f/httparse-1.9.5/src/lib.rs:977:59\n    |\n977 |     let hundreds = expect!(bytes.next() == b'0'..=b'9' => Err(Error::Status));\n    |                                                           ^^^ not found in this scope\n    |\nhelp: consider importing one of these tuple variants\n    |\n28  + use crate::result::Result::Err;\n    |\n28  + use core::result::Result::Err;\n    |\n\nerror[E0531]: cannot find tuple struct or tuple variant `Some` in this scope\n   --> /Users/graysonnocera/.cargo/registry/src/index.crates.io-6f17d22bba15001f/httparse-1.9.5/src/macros.rs:6:13\n    |\n6   |             Some(b) => b,\n    |             ^^^^ not found in this scope\n    |\n   ::: /Users/graysonnocera/.cargo/registry/src/index.crates.io-6f17d22bba15001f/httparse-1.9.5/src/lib.rs:978:16\n    |\n978 |     let tens = expect!(bytes.next() == b'0'..=b'9' => Err(Error::Status));\n    |                ---------------------------------------------------------- in this macro invocation\n    |\n    = note: this error originates in the macro `next` which comes from the expansion of the macro `expect` (in Nightly builds, run with -Z macro-backtrace for more info)\nhelp: consider importing this tuple variant\n   --> /Users/graysonnocera/.cargo/registry/src/index.crates.io-6f17d22bba15001f/httparse-1.9.5/src/lib.rs:28:1\n    |\n28  + use core::option::Option::Some;\n    |\n\nerror[E0425]: cannot find function, tuple struct or tuple variant `Ok` in this scope\n   --> /Users/graysonnocera/.cargo/registry/src/index.crates.io-6f17d22bba15001f/httparse-1.9.5/src/macros.rs:7:28\n    |\n7   |             None => return Ok(Status::Partial)\n    |                            ^^ not found in this scope\n    |\n   ::: /Users/graysonnocera/.cargo/registry/src/index.crates.io-6f17d22bba15001f/httparse-1.9.5/src/lib.rs:978:16\n    |\n978 |     let tens = expect!(bytes.next() == b'0'..=b'9' => Err(Error::Status));\n    |                ---------------------------------------------------------- in this macro invocation\n    |\n    = note: this error originates in the macro `next` which comes from the expansion of the macro `expect` (in Nightly builds, run with -Z macro-backtrace for more info)\nhelp: consider importing one of these tuple variants\n   --> /Users/graysonnocera/.cargo/registry/src/index.crates.io-6f17d22bba15001f/httparse-1.9.5/src/lib.rs:28:1\n    |\n28  + use crate::result::Result::Ok;\n   --> |/Users/graysonnocera/.cargo/registry/src/index.crates.io-6f17d22bba15001f/httparse-1.9.5/src/lib.rs:28:1\n    |\n28  + use core::result::Result::Ok;\n    |\n\nerror[E0425]: cannot find function, tuple struct or tuple variant `Err` in this scope\n   --> /Users/graysonnocera/.cargo/registry/src/index.crates.io-6f17d22bba15001f/httparse-1.9.5/src/lib.rs:978:55\n    |\n978 |     let tens = expect!(bytes.next() == b'0'..=b'9' => Err(Error::Status));\n    |                                                       ^^^ not found in this scope\n    |\nhelp: consider importing one of these tuple variants\n    |\n28  + use crate::result::Result::Err;\n    |\n28  + use core::result::Result::Err;\n    |\n\nerror[E0531]: cannot find tuple struct or tuple variant `Some` in this scope\n   --> /Users/graysonnocera/.cargo/registry/src/index.crates.io-6f17d22bba15001f/httparse-1.9.5/src/macros.rs:6:13\n    |\n6   |             Some(b) => b,\n    |             ^^^^ not found in this scope\n    |\n   ::: /Users/graysonnocera/.cargo/registry/src/index.crates.io-6f17d22bba15001f/httparse-1.9.5/src/lib.rs:979:16\n    |\n979 |     let ones = expect!(bytes.next() == b'0'..=b'9' => Err(Error::Status));\n    |                ---------------------------------------------------------- in this macro invocation\n    |\n    = note: this error originates in the macro `next` which comes from the expansion of the macro `expect` (in Nightly builds, run with -Z macro-backtrace for more info)\nhelp: consider importing this tuple variant\n   --> /Users/graysonnocera/.cargo/registry/src/index.crates.io-6f17d22bba15001f/httparse-1.9.5/src/lib.rs:28:1\n    |\n28  + use core::option::Option::Some;\n    |\n\nerror[E0425]: cannot find function, tuple struct or tuple variant `Ok` in this scope\n   --> /Users/graysonnocera/.cargo/registry/src/index.crates.io-6f17d22bba15001f/httparse-1.9.5/src/macros.rs:7:28\n    |\n7   |             None => return Ok(Status::Partial)\n    |                            ^^ not found in this scope\n    |\n   ::: /Users/graysonnocera/.cargo/registry/src/index.crates.io-6f17d22bba15001f/httparse-1.9.5/src/lib.rs:979:16\n    |\n979 |     let ones = expect!(bytes.next() == b'0'..=b'9' => Err(Error::Status));\n    |                ---------------------------------------------------------- in this macro invocation\n    |\n    = note: this error originates in the macro `next` which comes from the expansion of the macro `expect` (in Nightly builds, run with -Z macro-backtrace for more info)\nhelp: consider importing one of these tuple variants\n   --> /Users/graysonnocera/.cargo/registry/src/index.crates.io-6f17d22bba15001f/httparse-1.9.5/src/lib.rs:28:1\n    |\n28  + use crate::result::Result::Ok;\n   --> |/Users/graysonnocera/.cargo/registry/src/index.crates.io-6f17d22bba15001f/httparse-1.9.5/src/lib.rs:28:1\n    |\n28  + use core::result::Result::Ok;\n    |\n\nerror[E0425]: cannot find function, tuple struct or tuple variant `Err` in this scope\n   --> /Users/graysonnocera/.cargo/registry/src/index.crates.io-6f17d22bba15001f/httparse-1.9.5/src/lib.rs:979:55\n    |\n979 |     let ones = expect!(bytes.next() == b'0'..=b'9' => Err(Error::Status));\n    |                                                       ^^^ not found in this scope\n    |\nhelp: consider importing one of these tuple variants\n    |\n28  + use crate::result::Result::Err;\n    |\n28  + use core::result::Result::Err;\n    |\n\nerror[E0425]: cannot find function, tuple struct or tuple variant `Ok` in this scope\n   --> /Users/graysonnocera/.cargo/registry/src/index.crates.io-6f17d22bba15001f/httparse-1.9.5/src/lib.rs:981:5\n    |\n981 |     Ok(Status::Complete((hundreds - b'0') as u16 * 100 +\n    |     ^^ not found in this scope\n    |\nhelp: consider importing one of these tuple variants\n    |\n28  + use crate::result::Result::Ok;\n    |\n28  + use core::result::Result::Ok;\n    |\n\nerror[E0425]: cannot find function, tuple struct or tuple variant `Ok` in this scope\n    --> /Users/graysonnocera/.cargo/registry/src/index.crates.io-6f17d22bba15001f/httparse-1.9.5/src/macros.rs:28:39\n     |\n28   |             Status::Partial => return Ok(Status::Partial)\n     |                                       ^^ not found in this scope\n     |\n    ::: /Users/graysonnocera/.cargo/registry/src/index.crates.io-6f17d22bba15001f/httparse-1.9.5/src/lib.rs:1009:15\n     |\n1009 |     let pos = complete!(parse_headers_iter(&mut dst, &mut iter, &HeaderParserConfig::default()));\n     |               ---------------------------------------------------------------------------------- in this macro invocation\n     |\n     = note: this error originates in the macro `complete` (in Nightly builds, run with -Z macro-backtrace for more info)\nhelp: consider importing one of these tuple variants\n    -->  /Users/graysonnocera/.cargo/registry/src/index.crates.io-6f17d22bba15001f/httparse-1.9.5/src/lib.rs:28:1\n     |\n28   + use crate::result::Result::Ok;\n    -->  |/Users/graysonnocera/.cargo/registry/src/index.crates.io-6f17d22bba15001f/httparse-1.9.5/src/lib.rs:28:1\n     |\n28   + use core::result::Result::Ok;\n     |\n\nerror[E0425]: cannot find function, tuple struct or tuple variant `Ok` in this scope\n    --> /Users/graysonnocera/.cargo/registry/src/index.crates.io-6f17d22bba15001f/httparse-1.9.5/src/lib.rs:1010:5\n     |\n1010 |     Ok(Status::Complete((pos, dst)))\n     |     ^^ not found in this scope\n     |\nhelp: consider importing one of these tuple variants\n     |\n28   + use crate::result::Result::Ok;\n     |\n28   + use core::result::Result::Ok;\n     |\n\nerror[E0405]: cannot find trait `Drop` in this scope\n    --> /Users/graysonnocera/.cargo/registry/src/index.crates.io-6f17d22bba15001f/httparse-1.9.5/src/lib.rs:1070:24\n     |\n1070 |     impl<'r1, 'r2, 'a> Drop for ShrinkOnDrop<'r1, 'r2, 'a> {\n     |                        ^^^^ not found in this scope\n     |\nhelp: consider importing this trait\n     |\n28   + use core::ops::Drop;\n     |\n\nerror[E0425]: cannot find function, tuple struct or tuple variant `Err` in this scope\n    --> /Users/graysonnocera/.cargo/registry/src/index.crates.io-6f17d22bba15001f/httparse-1.9.5/src/lib.rs:1087:22\n     |\n1087 |     let mut result = Err(Error::TooManyHeaders);\n     |                      ^^^ not found in this scope\n     |\nhelp: consider importing one of these tuple variants\n     |\n28   + use crate::result::Result::Err;\n     |\n28   + use core::result::Result::Err;\n     |\n\nerror[E0531]: cannot find tuple struct or tuple variant `Some` in this scope\n    --> /Users/graysonnocera/.cargo/registry/src/index.crates.io-6f17d22bba15001f/httparse-1.9.5/src/macros.rs:6:13\n     |\n6    |             Some(b) => b,\n     |             ^^^^ not found in this scope\n     |\n    ::: /Users/graysonnocera/.cargo/registry/src/index.crates.io-6f17d22bba15001f/httparse-1.9.5/src/lib.rs:1149:17\n     |\n1149 |         let b = next!(bytes);\n     |                 ------------ in this macro invocation\n     |\n     = note: this error originates in the macro `next` (in Nightly builds, run with -Z macro-backtrace for more info)\nhelp: consider importing this tuple variant\n    -->  /Users/graysonnocera/.cargo/registry/src/index.crates.io-6f17d22bba15001f/httparse-1.9.5/src/lib.rs:28:1\n     |\n28   + use core::option::Option::Some;\n     |\n\nerror[E0425]: cannot find function, tuple struct or tuple variant `Ok` in this scope\n    --> /Users/graysonnocera/.cargo/registry/src/index.crates.io-6f17d22bba15001f/httparse-1.9.5/src/macros.rs:7:28\n     |\n7    |             None => return Ok(Status::Partial)\n     |                            ^^ not found in this scope\n     |\n    ::: /Users/graysonnocera/.cargo/registry/src/index.crates.io-6f17d22bba15001f/httparse-1.9.5/src/lib.rs:1149:17\n     |\n1149 |         let b = next!(bytes);\n     |                 ------------ in this macro invocation\n     |\n     = note: this error originates in the macro `next` (in Nightly builds, run with -Z macro-backtrace for more info)\nhelp: consider importing one of these tuple variants\n    -->  /Users/graysonnocera/.cargo/registry/src/index.crates.io-6f17d22bba15001f/httparse-1.9.5/src/lib.rs:28:1\n     |\n28   + use crate::result::Result::Ok;\n    -->  |/Users/graysonnocera/.cargo/registry/src/index.crates.io-6f17d22bba15001f/httparse-1.9.5/src/lib.rs:28:1\n     |\n28   + use core::result::Result::Ok;\n     |\n\nerror[E0531]: cannot find tuple struct or tuple variant `Some` in this scope\n    --> /Users/graysonnocera/.cargo/registry/src/index.crates.io-6f17d22bba15001f/httparse-1.9.5/src/macros.rs:6:13\n     |\n6    |             Some(b) => b,\n     |             ^^^^ not found in this scope\n     |\n    ::: /Users/graysonnocera/.cargo/registry/src/index.crates.io-6f17d22bba15001f/httparse-1.9.5/src/lib.rs:1151:13\n     |\n1151 |             expect!(bytes.next() == b'\\n' => Err(Error::NewLine));\n     |             ----------------------------------------------------- in this macro invocation\n     |\n     = note: this error originates in the macro `next` which comes from the expansion of the macro `expect` (in Nightly builds, run with -Z macro-backtrace for more info)\nhelp: consider importing this tuple variant\n    -->  /Users/graysonnocera/.cargo/registry/src/index.crates.io-6f17d22bba15001f/httparse-1.9.5/src/lib.rs:28:1\n     |\n28   + use core::option::Option::Some;\n     |\n\nerror[E0425]: cannot find function, tuple struct or tuple variant `Ok` in this scope\n    --> /Users/graysonnocera/.cargo/registry/src/index.crates.io-6f17d22bba15001f/httparse-1.9.5/src/macros.rs:7:28\n     |\n7    |             None => return Ok(Status::Partial)\n     |                            ^^ not found in this scope\n     |\n    ::: /Users/graysonnocera/.cargo/registry/src/index.crates.io-6f17d22bba15001f/httparse-1.9.5/src/lib.rs:1151:13\n     |\n1151 |             expect!(bytes.next() == b'\\n' => Err(Error::NewLine));\n     |             ----------------------------------------------------- in this macro invocation\n     |\n     = note: this error originates in the macro `next` which comes from the expansion of the macro `expect` (in Nightly builds, run with -Z macro-backtrace for more info)\nhelp: consider importing one of these tuple variants\n    -->  /Users/graysonnocera/.cargo/registry/src/index.crates.io-6f17d22bba15001f/httparse-1.9.5/src/lib.rs:28:1\n     |\n28   + use crate::result::Result::Ok;\n    -->  |/Users/graysonnocera/.cargo/registry/src/index.crates.io-6f17d22bba15001f/httparse-1.9.5/src/lib.rs:28:1\n     |\n28   + use core::result::Result::Ok;\n     |\n\nerror[E0425]: cannot find function, tuple struct or tuple variant `Err` in this scope\n    --> /Users/graysonnocera/.cargo/registry/src/index.crates.io-6f17d22bba15001f/httparse-1.9.5/src/lib.rs:1151:46\n     |\n1151 |             expect!(bytes.next() == b'\\n' => Err(Error::NewLine));\n     |                                              ^^^ not found in this scope\n     |\nhelp: consider importing one of these tuple variants\n     |\n28   + use crate::result::Result::Err;\n     |\n28   + use core::result::Result::Err;\n     |\n\nerror[E0425]: cannot find function, tuple struct or tuple variant `Ok` in this scope\n    --> /Users/graysonnocera/.cargo/registry/src/index.crates.io-6f17d22bba15001f/httparse-1.9.5/src/lib.rs:1153:22\n     |\n1153 |             result = Ok(Status::Complete(end - start));\n     |                      ^^ not found in this scope\n     |\nhelp: consider importing one of these tuple variants\n     |\n28   + use crate::result::Result::Ok;\n     |\n28   + use core::result::Result::Ok;\n     |\n\nerror[E0425]: cannot find function, tuple struct or tuple variant `Ok` in this scope\n    --> /Users/graysonnocera/.cargo/registry/src/index.crates.io-6f17d22bba15001f/httparse-1.9.5/src/lib.rs:1158:22\n     |\n1158 |             result = Ok(Status::Complete(end - start));\n     |                      ^^ not found in this scope\n     |\nhelp: consider importing one of these tuple variants\n     |\n28   + use crate::result::Result::Ok;\n     |\n28   + use core::result::Result::Ok;\n     |\n\nerror[E0531]: cannot find tuple struct or tuple variant `Some` in this scope\n    --> /Users/graysonnocera/.cargo/registry/src/index.crates.io-6f17d22bba15001f/httparse-1.9.5/src/lib.rs:1167:27\n     |\n1167 |                 while let Some(peek) = bytes.peek() {\n     |                           ^^^^ not found in this scope\n     |\nhelp: consider importing this tuple variant\n     |\n28   + use core::option::Option::Some;\n     |\n\nerror[E0531]: cannot find tuple struct or tuple variant `Some` in this scope\n    --> /Users/graysonnocera/.cargo/registry/src/index.crates.io-6f17d22bba15001f/httparse-1.9.5/src/macros.rs:6:13\n     |\n6    |             Some(b) => b,\n     |             ^^^^ not found in this scope\n     |\n    ::: /Users/graysonnocera/.cargo/registry/src/index.crates.io-6f17d22bba15001f/httparse-1.9.5/src/lib.rs:1169:25\n     |\n1169 |                         next!(bytes);\n     |                         ------------ in this macro invocation\n     |\n     = note: this error originates in the macro `next` (in Nightly builds, run with -Z macro-backtrace for more info)\nhelp: consider importing this tuple variant\n    -->  /Users/graysonnocera/.cargo/registry/src/index.crates.io-6f17d22bba15001f/httparse-1.9.5/src/lib.rs:28:1\n     |\n28   + use core::option::Option::Some;\n     |\n\nerror[E0425]: cannot find function, tuple struct or tuple variant `Ok` in this scope\n    --> /Users/graysonnocera/.cargo/registry/src/index.crates.io-6f17d22bba15001f/httparse-1.9.5/src/macros.rs:7:28\n     |\n7    |             None => return Ok(Status::Partial)\n     |                            ^^ not found in this scope\n     |\n    ::: /Users/graysonnocera/.cargo/registry/src/index.crates.io-6f17d22bba15001f/httparse-1.9.5/src/lib.rs:1169:25\n     |\n1169 |                         next!(bytes);\n     |                         ------------ in this macro invocation\n     |\n     = note: this error originates in the macro `next` (in Nightly builds, run with -Z macro-backtrace for more info)\nhelp: consider importing one of these tuple variants\n    -->  /Users/graysonnocera/.cargo/registry/src/index.crates.io-6f17d22bba15001f/httparse-1.9.5/src/lib.rs:28:1\n     |\n28   + use crate::result::Result::Ok;\n    -->  |/Users/graysonnocera/.cargo/registry/src/index.crates.io-6f17d22bba15001f/httparse-1.9.5/src/lib.rs:28:1\n     |\n28   + use core::result::Result::Ok;\n     |\n\nerror[E0425]: cannot find function, tuple struct or tuple variant `Err` in this scope\n    --> /Users/graysonnocera/.cargo/registry/src/index.crates.io-6f17d22bba15001f/httparse-1.9.5/src/lib.rs:1123:28\n     |\n1123 |                     return Err(Error::$err);\n     |                            ^^^ not found in this scope\n...\n1177 |                 handle_invalid_char!(bytes, b, HeaderName);\n     |                 ------------------------------------------ in this macro invocation\n     |\n     = note: this error originates in the macro `handle_invalid_char` (in Nightly builds, run with -Z macro-backtrace for more info)\nhelp: consider importing one of these tuple variants\n     |\n28   + use crate::result::Result::Err;\n     |\n28   + use core::result::Result::Err;\n     |\n\nerror[E0531]: cannot find tuple struct or tuple variant `Some` in this scope\n    --> /Users/graysonnocera/.cargo/registry/src/index.crates.io-6f17d22bba15001f/httparse-1.9.5/src/macros.rs:6:13\n     |\n6    |             Some(b) => b,\n     |             ^^^^ not found in this scope\n     |\n    ::: /Users/graysonnocera/.cargo/registry/src/index.crates.io-6f17d22bba15001f/httparse-1.9.5/src/lib.rs:1177:17\n     |\n1177 |                 handle_invalid_char!(bytes, b, HeaderName);\n     |                 ------------------------------------------ in this macro invocation\n     |\n     = note: this error originates in the macro `next` which comes from the expansion of the macro `handle_invalid_char` (in Nightly builds, run with -Z macro-backtrace for more info)\nhelp: consider importing this tuple variant\n    -->  /Users/graysonnocera/.cargo/registry/src/index.crates.io-6f17d22bba15001f/httparse-1.9.5/src/lib.rs:28:1\n     |\n28   + use core::option::Option::Some;\n     |\n\nerror[E0425]: cannot find function, tuple struct or tuple variant `Ok` in this scope\n    --> /Users/graysonnocera/.cargo/registry/src/index.crates.io-6f17d22bba15001f/httparse-1.9.5/src/macros.rs:7:28\n     |\n7    |             None => return Ok(Status::Partial)\n     |                            ^^ not found in this scope\n     |\n    ::: /Users/graysonnocera/.cargo/registry/src/index.crates.io-6f17d22bba15001f/httparse-1.9.5/src/lib.rs:1177:17\n     |\n1177 |                 handle_invalid_char!(bytes, b, HeaderName);\n     |                 ------------------------------------------ in this macro invocation\n     |\n     = note: this error originates in the macro `next` which comes from the expansion of the macro `handle_invalid_char` (in Nightly builds, run with -Z macro-backtrace for more info)\nhelp: consider importing one of these tuple variants\n    -->  /Users/graysonnocera/.cargo/registry/src/index.crates.io-6f17d22bba15001f/httparse-1.9.5/src/lib.rs:28:1\n     |\n28   + use crate::result::Result::Ok;\n    -->  |/Users/graysonnocera/.cargo/registry/src/index.crates.io-6f17d22bba15001f/httparse-1.9.5/src/lib.rs:28:1\n     |\n28   + use core::result::Result::Ok;\n     |\n\nerror[E0425]: cannot find function, tuple struct or tuple variant `Err` in this scope\n    --> /Users/graysonnocera/.cargo/registry/src/index.crates.io-6f17d22bba15001f/httparse-1.9.5/src/lib.rs:1130:58\n     |\n1130 |                         expect!(bytes.next() == b'\\n' => Err(Error::$err));\n     |                                                          ^^^ not found in this scope\n...\n1177 |                 handle_invalid_char!(bytes, b, HeaderName);\n     |                 ------------------------------------------ in this macro invocation\n     |\n     = note: this error originates in the macro `handle_invalid_char` (in Nightly builds, run with -Z macro-backtrace for more info)\nhelp: consider importing one of these tuple variants\n     |\n28   + use crate::result::Result::Err;\n     |\n28   + use core::result::Result::Err;\n     |\n\nerror[E0425]: cannot find function, tuple struct or tuple variant `Err` in this scope\n    --> /Users/graysonnocera/.cargo/registry/src/index.crates.io-6f17d22bba15001f/httparse-1.9.5/src/lib.rs:1137:32\n     |\n1137 |                         return Err(Error::$err);\n     |                                ^^^ not found in this scope\n...\n1177 |                 handle_invalid_char!(bytes, b, HeaderName);\n     |                 ------------------------------------------ in this macro invocation\n     |\n     = note: this error originates in the macro `handle_invalid_char` (in Nightly builds, run with -Z macro-backtrace for more info)\nhelp: consider importing one of these tuple variants\n     |\n28   + use crate::result::Result::Err;\n     |\n28   + use core::result::Result::Err;\n     |\n\nerror[E0531]: cannot find tuple struct or tuple variant `Some` in this scope\n    --> /Users/graysonnocera/.cargo/registry/src/index.crates.io-6f17d22bba15001f/httparse-1.9.5/src/macros.rs:6:13\n     |\n6    |             Some(b) => b,\n     |             ^^^^ not found in this scope\n     |\n    ::: /Users/graysonnocera/.cargo/registry/src/index.crates.io-6f17d22bba15001f/httparse-1.9.5/src/lib.rs:1185:25\n     |\n1185 |             let mut b = next!(bytes);\n     |                         ------------ in this macro invocation\n     |\n     = note: this error originates in the macro `next` (in Nightly builds, run with -Z macro-backtrace for more info)\nhelp: consider importing this tuple variant\n    -->  /Users/graysonnocera/.cargo/registry/src/index.crates.io-6f17d22bba15001f/httparse-1.9.5/src/lib.rs:28:1\n     |\n28   + use core::option::Option::Some;\n     |\n\nerror[E0425]: cannot find function, tuple struct or tuple variant `Ok` in this scope\n    --> /Users/graysonnocera/.cargo/registry/src/index.crates.io-6f17d22bba15001f/httparse-1.9.5/src/macros.rs:7:28\n     |\n7    |             None => return Ok(Status::Partial)\n     |                            ^^ not found in this scope\n     |\n    ::: /Users/graysonnocera/.cargo/registry/src/index.crates.io-6f17d22bba15001f/httparse-1.9.5/src/lib.rs:1185:25\n     |\n1185 |             let mut b = next!(bytes);\n     |                         ------------ in this macro invocation\n     |\n     = note: this error originates in the macro `next` (in Nightly builds, run with -Z macro-backtrace for more info)\nhelp: consider importing one of these tuple variants\n    -->  /Users/graysonnocera/.cargo/registry/src/index.crates.io-6f17d22bba15001f/httparse-1.9.5/src/lib.rs:28:1\n     |\n28   + use crate::result::Result::Ok;\n    -->  |/Users/graysonnocera/.cargo/registry/src/index.crates.io-6f17d22bba15001f/httparse-1.9.5/src/lib.rs:28:1\n     |\n28   + use core::result::Result::Ok;\n     |\n\nerror[E0531]: cannot find tuple struct or tuple variant `Some` in this scope\n    --> /Users/graysonnocera/.cargo/registry/src/index.crates.io-6f17d22bba15001f/httparse-1.9.5/src/macros.rs:6:13\n     |\n6    |             Some(b) => b,\n     |             ^^^^ not found in this scope\n     |\n    ::: /Users/graysonnocera/.cargo/registry/src/index.crates.io-6f17d22bba15001f/httparse-1.9.5/src/lib.rs:1199:25\n     |\n1199 |                     b = next!(bytes);\n     |                         ------------ in this macro invocation\n     |\n     = note: this error originates in the macro `next` (in Nightly builds, run with -Z macro-backtrace for more info)\nhelp: consider importing this tuple variant\n    -->  /Users/graysonnocera/.cargo/registry/src/index.crates.io-6f17d22bba15001f/httparse-1.9.5/src/lib.rs:28:1\n     |\n28   + use core::option::Option::Some;\n     |\n\nerror[E0425]: cannot find function, tuple struct or tuple variant `Ok` in this scope\n    --> /Users/graysonnocera/.cargo/registry/src/index.crates.io-6f17d22bba15001f/httparse-1.9.5/src/macros.rs:7:28\n     |\n7    |             None => return Ok(Status::Partial)\n     |                            ^^ not found in this scope\n     |\n    ::: /Users/graysonnocera/.cargo/registry/src/index.crates.io-6f17d22bba15001f/httparse-1.9.5/src/lib.rs:1199:25\n     |\n1199 |                     b = next!(bytes);\n     |                         ------------ in this macro invocation\n     |\n     = note: this error originates in the macro `next` (in Nightly builds, run with -Z macro-backtrace for more info)\nhelp: consider importing one of these tuple variants\n    -->  /Users/graysonnocera/.cargo/registry/src/index.crates.io-6f17d22bba15001f/httparse-1.9.5/src/lib.rs:28:1\n     |\n28   + use crate::result::Result::Ok;\n    -->  |/Users/graysonnocera/.cargo/registry/src/index.crates.io-6f17d22bba15001f/httparse-1.9.5/src/lib.rs:28:1\n     |\n28   + use core::result::Result::Ok;\n     |\n\nerror[E0425]: cannot find function, tuple struct or tuple variant `Err` in this scope\n    --> /Users/graysonnocera/.cargo/registry/src/index.crates.io-6f17d22bba15001f/httparse-1.9.5/src/lib.rs:1123:28\n     |\n1123 |                     return Err(Error::$err);\n     |                            ^^^ not found in this scope\n...\n1208 |             handle_invalid_char!(bytes, b, HeaderName);\n     |             ------------------------------------------ in this macro invocation\n     |\n     = note: this error originates in the macro `handle_invalid_char` (in Nightly builds, run with -Z macro-backtrace for more info)\nhelp: consider importing one of these tuple variants\n     |\n28   + use crate::result::Result::Err;\n     |\n28   + use core::result::Result::Err;\n     |\n\nerror[E0531]: cannot find tuple struct or tuple variant `Some` in this scope\n    --> /Users/graysonnocera/.cargo/registry/src/index.crates.io-6f17d22bba15001f/httparse-1.9.5/src/macros.rs:6:13\n     |\n6    |             Some(b) => b,\n     |             ^^^^ not found in this scope\n     |\n    ::: /Users/graysonnocera/.cargo/registry/src/index.crates.io-6f17d22bba15001f/httparse-1.9.5/src/lib.rs:1208:13\n     |\n1208 |             handle_invalid_char!(bytes, b, HeaderName);\n     |             ------------------------------------------ in this macro invocation\n     |\n     = note: this error originates in the macro `next` which comes from the expansion of the macro `handle_invalid_char` (in Nightly builds, run with -Z macro-backtrace for more info)\nhelp: consider importing this tuple variant\n    -->  /Users/graysonnocera/.cargo/registry/src/index.crates.io-6f17d22bba15001f/httparse-1.9.5/src/lib.rs:28:1\n     |\n28   + use core::option::Option::Some;\n     |\n\nerror[E0425]: cannot find function, tuple struct or tuple variant `Ok` in this scope\n    --> /Users/graysonnocera/.cargo/registry/src/index.crates.io-6f17d22bba15001f/httparse-1.9.5/src/macros.rs:7:28\n     |\n7    |             None => return Ok(Status::Partial)\n     |                            ^^ not found in this scope\n     |\n    ::: /Users/graysonnocera/.cargo/registry/src/index.crates.io-6f17d22bba15001f/httparse-1.9.5/src/lib.rs:1208:13\n     |\n1208 |             handle_invalid_char!(bytes, b, HeaderName);\n     |             ------------------------------------------ in this macro invocation\n     |\n     = note: this error originates in the macro `next` which comes from the expansion of the macro `handle_invalid_char` (in Nightly builds, run with -Z macro-backtrace for more info)\nhelp: consider importing one of these tuple variants\n    -->  /Users/graysonnocera/.cargo/registry/src/index.crates.io-6f17d22bba15001f/httparse-1.9.5/src/lib.rs:28:1\n     |\n28   + use crate::result::Result::Ok;\n    -->  |/Users/graysonnocera/.cargo/registry/src/index.crates.io-6f17d22bba15001f/httparse-1.9.5/src/lib.rs:28:1\n     |\n28   + use core::result::Result::Ok;\n     |\n\nerror[E0425]: cannot find function, tuple struct or tuple variant `Err` in this scope\n    --> /Users/graysonnocera/.cargo/registry/src/index.crates.io-6f17d22bba15001f/httparse-1.9.5/src/lib.rs:1130:58\n     |\n1130 |                         expect!(bytes.next() == b'\\n' => Err(Error::$err));\n     |                                                          ^^^ not found in this scope\n...\n1208 |             handle_invalid_char!(bytes, b, HeaderName);\n     |             ------------------------------------------ in this macro invocation\n     |\n     = note: this error originates in the macro `handle_invalid_char` (in Nightly builds, run with -Z macro-backtrace for more info)\nhelp: consider importing one of these tuple variants\n     |\n28   + use crate::result::Result::Err;\n     |\n28   + use core::result::Result::Err;\n     |\n\nerror[E0425]: cannot find function, tuple struct or tuple variant `Err` in this scope\n    --> /Users/graysonnocera/.cargo/registry/src/index.crates.io-6f17d22bba15001f/httparse-1.9.5/src/lib.rs:1137:32\n     |\n1137 |                         return Err(Error::$err);\n     |                                ^^^ not found in this scope\n...\n1208 |             handle_invalid_char!(bytes, b, HeaderName);\n     |             ------------------------------------------ in this macro invocation\n     |\n     = note: this error originates in the macro `handle_invalid_char` (in Nightly builds, run with -Z macro-backtrace for more info)\nhelp: consider importing one of these tuple variants\n     |\n28   + use crate::result::Result::Err;\n     |\n28   + use core::result::Result::Err;\n     |\n\nerror[E0531]: cannot find tuple struct or tuple variant `Some` in this scope\n    --> /Users/graysonnocera/.cargo/registry/src/index.crates.io-6f17d22bba15001f/httparse-1.9.5/src/macros.rs:6:13\n     |\n6    |             Some(b) => b,\n     |             ^^^^ not found in this scope\n     |\n    ::: /Users/graysonnocera/.cargo/registry/src/index.crates.io-6f17d22bba15001f/httparse-1.9.5/src/lib.rs:1217:21\n     |\n1217 |                 b = next!(bytes);\n     |                     ------------ in this macro invocation\n     |\n     = note: this error originates in the macro `next` (in Nightly builds, run with -Z macro-backtrace for more info)\nhelp: consider importing this tuple variant\n    -->  /Users/graysonnocera/.cargo/registry/src/index.crates.io-6f17d22bba15001f/httparse-1.9.5/src/lib.rs:28:1\n     |\n28   + use core::option::Option::Some;\n     |\n\nerror[E0425]: cannot find function, tuple struct or tuple variant `Ok` in this scope\n    --> /Users/graysonnocera/.cargo/registry/src/index.crates.io-6f17d22bba15001f/httparse-1.9.5/src/macros.rs:7:28\n     |\n7    |             None => return Ok(Status::Partial)\n     |                            ^^ not found in this scope\n     |\n    ::: /Users/graysonnocera/.cargo/registry/src/index.crates.io-6f17d22bba15001f/httparse-1.9.5/src/lib.rs:1217:21\n     |\n1217 |                 b = next!(bytes);\n     |                     ------------ in this macro invocation\n     |\n     = note: this error originates in the macro `next` (in Nightly builds, run with -Z macro-backtrace for more info)\nhelp: consider importing one of these tuple variants\n    -->  /Users/graysonnocera/.cargo/registry/src/index.crates.io-6f17d22bba15001f/httparse-1.9.5/src/lib.rs:28:1\n     |\n28   + use crate::result::Result::Ok;\n    -->  |/Users/graysonnocera/.cargo/registry/src/index.crates.io-6f17d22bba15001f/httparse-1.9.5/src/lib.rs:28:1\n     |\n28   + use core::result::Result::Ok;\n     |\n\nerror[E0531]: cannot find tuple struct or tuple variant `Some` in this scope\n    --> /Users/graysonnocera/.cargo/registry/src/index.crates.io-6f17d22bba15001f/httparse-1.9.5/src/macros.rs:6:13\n     |\n6    |             Some(b) => b,\n     |             ^^^^ not found in this scope\n     |\n    ::: /Users/graysonnocera/.cargo/registry/src/index.crates.io-6f17d22bba15001f/httparse-1.9.5/src/lib.rs:1227:21\n     |\n1227 |                     expect!(bytes.next() == b'\\n' => Err(Error::HeaderValue));\n     |                     --------------------------------------------------------- in this macro invocation\n     |\n     = note: this error originates in the macro `next` which comes from the expansion of the macro `expect` (in Nightly builds, run with -Z macro-backtrace for more info)\nhelp: consider importing this tuple variant\n    -->  /Users/graysonnocera/.cargo/registry/src/index.crates.io-6f17d22bba15001f/httparse-1.9.5/src/lib.rs:28:1\n     |\n28   + use core::option::Option::Some;\n     |\n\nerror[E0425]: cannot find function, tuple struct or tuple variant `Ok` in this scope\n    --> /Users/graysonnocera/.cargo/registry/src/index.crates.io-6f17d22bba15001f/httparse-1.9.5/src/macros.rs:7:28\n     |\n7    |             None => return Ok(Status::Partial)\n     |                            ^^ not found in this scope\n     |\n    ::: /Users/graysonnocera/.cargo/registry/src/index.crates.io-6f17d22bba15001f/httparse-1.9.5/src/lib.rs:1227:21\n     |\n1227 |                     expect!(bytes.next() == b'\\n' => Err(Error::HeaderValue));\n     |                     --------------------------------------------------------- in this macro invocation\n     |\n     = note: this error originates in the macro `next` which comes from the expansion of the macro `expect` (in Nightly builds, run with -Z macro-backtrace for more info)\nhelp: consider importing one of these tuple variants\n    -->  /Users/graysonnocera/.cargo/registry/src/index.crates.io-6f17d22bba15001f/httparse-1.9.5/src/lib.rs:28:1\n     |\n28   + use crate::result::Result::Ok;\n    -->  |/Users/graysonnocera/.cargo/registry/src/index.crates.io-6f17d22bba15001f/httparse-1.9.5/src/lib.rs:28:1\n     |\n28   + use core::result::Result::Ok;\n     |\n\nerror[E0425]: cannot find function, tuple struct or tuple variant `Err` in this scope\n    --> /Users/graysonnocera/.cargo/registry/src/index.crates.io-6f17d22bba15001f/httparse-1.9.5/src/lib.rs:1227:54\n     |\n1227 |                     expect!(bytes.next() == b'\\n' => Err(Error::HeaderValue));\n     |                                                      ^^^ not found in this scope\n     |\nhelp: consider importing one of these tuple variants\n     |\n28   + use crate::result::Result::Err;\n     |\n28   + use core::result::Result::Err;\n     |\n\nerror[E0425]: cannot find function, tuple struct or tuple variant `Err` in this scope\n    --> /Users/graysonnocera/.cargo/registry/src/index.crates.io-6f17d22bba15001f/httparse-1.9.5/src/lib.rs:1123:28\n     |\n1123 |                     return Err(Error::$err);\n     |                            ^^^ not found in this scope\n...\n1229 |                     handle_invalid_char!(bytes, b, HeaderValue);\n     |                     ------------------------------------------- in this macro invocation\n     |\n     = note: this error originates in the macro `handle_invalid_char` (in Nightly builds, run with -Z macro-backtrace for more info)\nhelp: consider importing one of these tuple variants\n     |\n28   + use crate::result::Result::Err;\n     |\n28   + use core::result::Result::Err;\n     |\n\nerror[E0531]: cannot find tuple struct or tuple variant `Some` in this scope\n    --> /Users/graysonnocera/.cargo/registry/src/index.crates.io-6f17d22bba15001f/httparse-1.9.5/src/macros.rs:6:13\n     |\n6    |             Some(b) => b,\n     |             ^^^^ not found in this scope\n     |\n    ::: /Users/graysonnocera/.cargo/registry/src/index.crates.io-6f17d22bba15001f/httparse-1.9.5/src/lib.rs:1229:21\n     |\n1229 |                     handle_invalid_char!(bytes, b, HeaderValue);\n     |                     ------------------------------------------- in this macro invocation\n     |\n     = note: this error originates in the macro `next` which comes from the expansion of the macro `handle_invalid_char` (in Nightly builds, run with -Z macro-backtrace for more info)\nhelp: consider importing this tuple variant\n    -->  /Users/graysonnocera/.cargo/registry/src/index.crates.io-6f17d22bba15001f/httparse-1.9.5/src/lib.rs:28:1\n     |\n28   + use core::option::Option::Some;\n     |\n\nerror[E0425]: cannot find function, tuple struct or tuple variant `Ok` in this scope\n    --> /Users/graysonnocera/.cargo/registry/src/index.crates.io-6f17d22bba15001f/httparse-1.9.5/src/macros.rs:7:28\n     |\n7    |             None => return Ok(Status::Partial)\n     |                            ^^ not found in this scope\n     |\n    ::: /Users/graysonnocera/.cargo/registry/src/index.crates.io-6f17d22bba15001f/httparse-1.9.5/src/lib.rs:1229:21\n     |\n1229 |                     handle_invalid_char!(bytes, b, HeaderValue);\n     |                     ------------------------------------------- in this macro invocation\n     |\n     = note: this error originates in the macro `next` which comes from the expansion of the macro `handle_invalid_char` (in Nightly builds, run with -Z macro-backtrace for more info)\nhelp: consider importing one of these tuple variants\n    -->  /Users/graysonnocera/.cargo/registry/src/index.crates.io-6f17d22bba15001f/httparse-1.9.5/src/lib.rs:28:1\n     |\n28   + use crate::result::Result::Ok;\n    -->  |/Users/graysonnocera/.cargo/registry/src/index.crates.io-6f17d22bba15001f/httparse-1.9.5/src/lib.rs:28:1\n     |\n28   + use core::result::Result::Ok;\n     |\n\nerror[E0425]: cannot find function, tuple struct or tuple variant `Err` in this scope\n    --> /Users/graysonnocera/.cargo/registry/src/index.crates.io-6f17d22bba15001f/httparse-1.9.5/src/lib.rs:1130:58\n     |\n1130 |                         expect!(bytes.next() == b'\\n' => Err(Error::$err));\n     |                                                          ^^^ not found in this scope\n...\n1229 |                     handle_invalid_char!(bytes, b, HeaderValue);\n     |                     ------------------------------------------- in this macro invocation\n     |\n     = note: this error originates in the macro `handle_invalid_char` (in Nightly builds, run with -Z macro-backtrace for more info)\nhelp: consider importing one of these tuple variants\n     |\n28   + use crate::result::Result::Err;\n     |\n28   + use core::result::Result::Err;\n     |\n\nerror[E0425]: cannot find function, tuple struct or tuple variant `Err` in this scope\n    --> /Users/graysonnocera/.cargo/registry/src/index.crates.io-6f17d22bba15001f/httparse-1.9.5/src/lib.rs:1137:32\n     |\n1137 |                         return Err(Error::$err);\n     |                                ^^^ not found in this scope\n...\n1229 |                     handle_invalid_char!(bytes, b, HeaderValue);\n     |                     ------------------------------------------- in this macro invocation\n     |\n     = note: this error originates in the macro `handle_invalid_char` (in Nightly builds, run with -Z macro-backtrace for more info)\nhelp: consider importing one of these tuple variants\n     |\n28   + use crate::result::Result::Err;\n     |\n28   + use core::result::Result::Err;\n     |\n\nerror[E0425]: cannot find function, tuple struct or tuple variant `Ok` in this scope\n    --> /Users/graysonnocera/.cargo/registry/src/index.crates.io-6f17d22bba15001f/httparse-1.9.5/src/lib.rs:1099:32\n     |\n1099 |                         return Ok(Status::Partial);\n     |                                ^^ not found in this scope\n...\n1232 |                 maybe_continue_after_obsolete_line_folding!(bytes, 'whitespace_after_colon);\n     |                 --------------------------------------------------------------------------- in this macro invocation\n     |\n     = note: this error originates in the macro `maybe_continue_after_obsolete_line_folding` (in Nightly builds, run with -Z macro-backtrace for more info)\nhelp: consider importing one of these tuple variants\n     |\n28   + use crate::result::Result::Ok;\n     |\n28   + use core::result::Result::Ok;\n     |\n\nerror[E0531]: cannot find tuple struct or tuple variant `Some` in this scope\n    --> /Users/graysonnocera/.cargo/registry/src/index.crates.io-6f17d22bba15001f/httparse-1.9.5/src/lib.rs:1101:21\n     |\n1101 |                     Some(b' ') | Some(b'\\t') => {\n     |                     ^^^^ not found in this scope\n...\n1232 |                 maybe_continue_after_obsolete_line_folding!(bytes, 'whitespace_after_colon);\n     |                 --------------------------------------------------------------------------- in this macro invocation\n     |\n     = note: this error originates in the macro `maybe_continue_after_obsolete_line_folding` (in Nightly builds, run with -Z macro-backtrace for more info)\nhelp: consider importing this tuple variant\n     |\n28   + use core::option::Option::Some;\n     |\n\nerror[E0531]: cannot find tuple struct or tuple variant `Some` in this scope\n    --> /Users/graysonnocera/.cargo/registry/src/index.crates.io-6f17d22bba15001f/httparse-1.9.5/src/lib.rs:1101:34\n     |\n1101 |                     Some(b' ') | Some(b'\\t') => {\n     |                                  ^^^^ not found in this scope\n...\n1232 |                 maybe_continue_after_obsolete_line_folding!(bytes, 'whitespace_after_colon);\n     |                 --------------------------------------------------------------------------- in this macro invocation\n     |\n     = note: this error originates in the macro `maybe_continue_after_obsolete_line_folding` (in Nightly builds, run with -Z macro-backtrace for more info)\nhelp: consider importing this tuple variant\n     |\n28   + use core::option::Option::Some;\n     |\n\nerror[E0531]: cannot find tuple struct or tuple variant `Some` in this scope\n    --> /Users/graysonnocera/.cargo/registry/src/index.crates.io-6f17d22bba15001f/httparse-1.9.5/src/macros.rs:6:13\n     |\n6    |             Some(b) => b,\n     |             ^^^^ not found in this scope\n     |\n    ::: /Users/graysonnocera/.cargo/registry/src/index.crates.io-6f17d22bba15001f/httparse-1.9.5/src/lib.rs:1245:25\n     |\n1245 |                 let b = next!(bytes);\n     |                         ------------ in this macro invocation\n     |\n     = note: this error originates in the macro `next` (in Nightly builds, run with -Z macro-backtrace for more info)\nhelp: consider importing this tuple variant\n    -->  /Users/graysonnocera/.cargo/registry/src/index.crates.io-6f17d22bba15001f/httparse-1.9.5/src/lib.rs:28:1\n     |\n28   + use core::option::Option::Some;\n     |\n\nerror[E0425]: cannot find function, tuple struct or tuple variant `Ok` in this scope\n    --> /Users/graysonnocera/.cargo/registry/src/index.crates.io-6f17d22bba15001f/httparse-1.9.5/src/macros.rs:7:28\n     |\n7    |             None => return Ok(Status::Partial)\n     |                            ^^ not found in this scope\n     |\n    ::: /Users/graysonnocera/.cargo/registry/src/index.crates.io-6f17d22bba15001f/httparse-1.9.5/src/lib.rs:1245:25\n     |\n1245 |                 let b = next!(bytes);\n     |                         ------------ in this macro invocation\n     |\n     = note: this error originates in the macro `next` (in Nightly builds, run with -Z macro-backtrace for more info)\nhelp: consider importing one of these tuple variants\n    -->  /Users/graysonnocera/.cargo/registry/src/index.crates.io-6f17d22bba15001f/httparse-1.9.5/src/lib.rs:28:1\n     |\n28   + use crate::result::Result::Ok;\n    -->  |/Users/graysonnocera/.cargo/registry/src/index.crates.io-6f17d22bba15001f/httparse-1.9.5/src/lib.rs:28:1\n     |\n28   + use core::result::Result::Ok;\n     |\n\nerror[E0531]: cannot find tuple struct or tuple variant `Some` in this scope\n    --> /Users/graysonnocera/.cargo/registry/src/index.crates.io-6f17d22bba15001f/httparse-1.9.5/src/macros.rs:6:13\n     |\n6    |             Some(b) => b,\n     |             ^^^^ not found in this scope\n     |\n    ::: /Users/graysonnocera/.cargo/registry/src/index.crates.io-6f17d22bba15001f/httparse-1.9.5/src/lib.rs:1249:21\n     |\n1249 |                     expect!(bytes.next() == b'\\n' => Err(Error::HeaderValue));\n     |                     --------------------------------------------------------- in this macro invocation\n     |\n     = note: this error originates in the macro `next` which comes from the expansion of the macro `expect` (in Nightly builds, run with -Z macro-backtrace for more info)\nhelp: consider importing this tuple variant\n    -->  /Users/graysonnocera/.cargo/registry/src/index.crates.io-6f17d22bba15001f/httparse-1.9.5/src/lib.rs:28:1\n     |\n28   + use core::option::Option::Some;\n     |\n\nerror[E0425]: cannot find function, tuple struct or tuple variant `Ok` in this scope\n    --> /Users/graysonnocera/.cargo/registry/src/index.crates.io-6f17d22bba15001f/httparse-1.9.5/src/macros.rs:7:28\n     |\n7    |             None => return Ok(Status::Partial)\n     |                            ^^ not found in this scope\n     |\n    ::: /Users/graysonnocera/.cargo/registry/src/index.crates.io-6f17d22bba15001f/httparse-1.9.5/src/lib.rs:1249:21\n     |\n1249 |                     expect!(bytes.next() == b'\\n' => Err(Error::HeaderValue));\n     |                     --------------------------------------------------------- in this macro invocation\n     |\n     = note: this error originates in the macro `next` which comes from the expansion of the macro `expect` (in Nightly builds, run with -Z macro-backtrace for more info)\nhelp: consider importing one of these tuple variants\n    -->  /Users/graysonnocera/.cargo/registry/src/index.crates.io-6f17d22bba15001f/httparse-1.9.5/src/lib.rs:28:1\n     |\n28   + use crate::result::Result::Ok;\n    -->  |/Users/graysonnocera/.cargo/registry/src/index.crates.io-6f17d22bba15001f/httparse-1.9.5/src/lib.rs:28:1\n     |\n28   + use core::result::Result::Ok;\n     |\n\nerror[E0425]: cannot find function, tuple struct or tuple variant `Err` in this scope\n    --> /Users/graysonnocera/.cargo/registry/src/index.crates.io-6f17d22bba15001f/httparse-1.9.5/src/lib.rs:1249:54\n     |\n1249 |                     expect!(bytes.next() == b'\\n' => Err(Error::HeaderValue));\n     |                                                      ^^^ not found in this scope\n     |\nhelp: consider importing one of these tuple variants\n     |\n28   + use crate::result::Result::Err;\n     |\n28   + use core::result::Result::Err;\n     |\n\nerror[E0425]: cannot find function, tuple struct or tuple variant `Err` in this scope\n    --> /Users/graysonnocera/.cargo/registry/src/index.crates.io-6f17d22bba15001f/httparse-1.9.5/src/lib.rs:1123:28\n     |\n1123 |                     return Err(Error::$err);\n     |                            ^^^ not found in this scope\n...\n1254 |                     handle_invalid_char!(bytes, b, HeaderValue);\n     |                     ------------------------------------------- in this macro invocation\n     |\n     = note: this error originates in the macro `handle_invalid_char` (in Nightly builds, run with -Z macro-backtrace for more info)\nhelp: consider importing one of these tuple variants\n     |\n28   + use crate::result::Result::Err;\n     |\n28   + use core::result::Result::Err;\n     |\n\nerror[E0531]: cannot find tuple struct or tuple variant `Some` in this scope\n    --> /Users/graysonnocera/.cargo/registry/src/index.crates.io-6f17d22bba15001f/httparse-1.9.5/src/macros.rs:6:13\n     |\n6    |             Some(b) => b,\n     |             ^^^^ not found in this scope\n     |\n    ::: /Users/graysonnocera/.cargo/registry/src/index.crates.io-6f17d22bba15001f/httparse-1.9.5/src/lib.rs:1254:21\n     |\n1254 |                     handle_invalid_char!(bytes, b, HeaderValue);\n     |                     ------------------------------------------- in this macro invocation\n     |\n     = note: this error originates in the macro `next` which comes from the expansion of the macro `handle_invalid_char` (in Nightly builds, run with -Z macro-backtrace for more info)\nhelp: consider importing this tuple variant\n    -->  /Users/graysonnocera/.cargo/registry/src/index.crates.io-6f17d22bba15001f/httparse-1.9.5/src/lib.rs:28:1\n     |\n28   + use core::option::Option::Some;\n     |\n\nerror[E0425]: cannot find function, tuple struct or tuple variant `Ok` in this scope\n    --> /Users/graysonnocera/.cargo/registry/src/index.crates.io-6f17d22bba15001f/httparse-1.9.5/src/macros.rs:7:28\n     |\n7    |             None => return Ok(Status::Partial)\n     |                            ^^ not found in this scope\n     |\n    ::: /Users/graysonnocera/.cargo/registry/src/index.crates.io-6f17d22bba15001f/httparse-1.9.5/src/lib.rs:1254:21\n     |\n1254 |                     handle_invalid_char!(bytes, b, HeaderValue);\n     |                     ------------------------------------------- in this macro invocation\n     |\n     = note: this error originates in the macro `next` which comes from the expansion of the macro `handle_invalid_char` (in Nightly builds, run with -Z macro-backtrace for more info)\nhelp: consider importing one of these tuple variants\n    -->  /Users/graysonnocera/.cargo/registry/src/index.crates.io-6f17d22bba15001f/httparse-1.9.5/src/lib.rs:28:1\n     |\n28   + use crate::result::Result::Ok;\n    -->  |/Users/graysonnocera/.cargo/registry/src/index.crates.io-6f17d22bba15001f/httparse-1.9.5/src/lib.rs:28:1\n     |\n28   + use core::result::Result::Ok;\n     |\n\nerror[E0425]: cannot find function, tuple struct or tuple variant `Err` in this scope\n    --> /Users/graysonnocera/.cargo/registry/src/index.crates.io-6f17d22bba15001f/httparse-1.9.5/src/lib.rs:1130:58\n     |\n1130 |                         expect!(bytes.next() == b'\\n' => Err(Error::$err));\n     |                                                          ^^^ not found in this scope\n...\n1254 |                     handle_invalid_char!(bytes, b, HeaderValue);\n     |                     ------------------------------------------- in this macro invocation\n     |\n     = note: this error originates in the macro `handle_invalid_char` (in Nightly builds, run with -Z macro-backtrace for more info)\nhelp: consider importing one of these tuple variants\n     |\n28   + use crate::result::Result::Err;\n     |\n28   + use core::result::Result::Err;\n     |\n\nerror[E0425]: cannot find function, tuple struct or tuple variant `Err` in this scope\n    --> /Users/graysonnocera/.cargo/registry/src/index.crates.io-6f17d22bba15001f/httparse-1.9.5/src/lib.rs:1137:32\n     |\n1137 |                         return Err(Error::$err);\n     |                                ^^^ not found in this scope\n...\n1254 |                     handle_invalid_char!(bytes, b, HeaderValue);\n     |                     ------------------------------------------- in this macro invocation\n     |\n     = note: this error originates in the macro `handle_invalid_char` (in Nightly builds, run with -Z macro-backtrace for more info)\nhelp: consider importing one of these tuple variants\n     |\n28   + use crate::result::Result::Err;\n     |\n28   + use core::result::Result::Err;\n     |\n\nerror[E0425]: cannot find function, tuple struct or tuple variant `Ok` in this scope\n    --> /Users/graysonnocera/.cargo/registry/src/index.crates.io-6f17d22bba15001f/httparse-1.9.5/src/lib.rs:1099:32\n     |\n1099 |                         return Ok(Status::Partial);\n     |                                ^^ not found in this scope\n...\n1257 |                 maybe_continue_after_obsolete_line_folding!(bytes, 'value_lines);\n     |                 ---------------------------------------------------------------- in this macro invocation\n     |\n     = note: this error originates in the macro `maybe_continue_after_obsolete_line_folding` (in Nightly builds, run with -Z macro-backtrace for more info)\nhelp: consider importing one of these tuple variants\n     |\n28   + use crate::result::Result::Ok;\n     |\n28   + use core::result::Result::Ok;\n     |\n\nerror[E0531]: cannot find tuple struct or tuple variant `Some` in this scope\n    --> /Users/graysonnocera/.cargo/registry/src/index.crates.io-6f17d22bba15001f/httparse-1.9.5/src/lib.rs:1101:21\n     |\n1101 |                     Some(b' ') | Some(b'\\t') => {\n     |                     ^^^^ not found in this scope\n...\n1257 |                 maybe_continue_after_obsolete_line_folding!(bytes, 'value_lines);\n     |                 ---------------------------------------------------------------- in this macro invocation\n     |\n     = note: this error originates in the macro `maybe_continue_after_obsolete_line_folding` (in Nightly builds, run with -Z macro-backtrace for more info)\nhelp: consider importing this tuple variant\n     |\n28   + use core::option::Option::Some;\n     |\n\nerror[E0531]: cannot find tuple struct or tuple variant `Some` in this scope\n    --> /Users/graysonnocera/.cargo/registry/src/index.crates.io-6f17d22bba15001f/httparse-1.9.5/src/lib.rs:1101:34\n     |\n1101 |                     Some(b' ') | Some(b'\\t') => {\n     |                                  ^^^^ not found in this scope\n...\n1257 |                 maybe_continue_after_obsolete_line_folding!(bytes, 'value_lines);\n     |                 ---------------------------------------------------------------- in this macro invocation\n     |\n     = note: this error originates in the macro `maybe_continue_after_obsolete_line_folding` (in Nightly builds, run with -Z macro-backtrace for more info)\nhelp: consider importing this tuple variant\n     |\n28   + use core::option::Option::Some;\n     |\n\nerror[E0531]: cannot find tuple struct or tuple variant `Some` in this scope\n    --> /Users/graysonnocera/.cargo/registry/src/index.crates.io-6f17d22bba15001f/httparse-1.9.5/src/lib.rs:1267:13\n     |\n1267 |             Some(header) => header,\n     |             ^^^^ not found in this scope\n     |\nhelp: consider importing this tuple variant\n     |\n28   + use core::option::Option::Some;\n     |\n\nerror[E0531]: cannot find tuple struct or tuple variant `Some` in this scope\n    --> /Users/graysonnocera/.cargo/registry/src/index.crates.io-6f17d22bba15001f/httparse-1.9.5/src/lib.rs:1272:35\n     |\n1272 |         let header_value = if let Some(last_visible) = value_slice\n     |                                   ^^^^ not found in this scope\n     |\nhelp: consider importing this tuple variant\n     |\n28   + use core::option::Option::Some;\n     |\n\nerror[E0531]: cannot find tuple struct or tuple variant `Some` in this scope\n    --> /Users/graysonnocera/.cargo/registry/src/index.crates.io-6f17d22bba15001f/httparse-1.9.5/src/macros.rs:6:13\n     |\n6    |             Some(b) => b,\n     |             ^^^^ not found in this scope\n     |\n    ::: /Users/graysonnocera/.cargo/registry/src/index.crates.io-6f17d22bba15001f/httparse-1.9.5/src/lib.rs:1315:17\n     |\n1315 |         let b = next!(bytes);\n     |                 ------------ in this macro invocation\n     |\n     = note: this error originates in the macro `next` (in Nightly builds, run with -Z macro-backtrace for more info)\nhelp: consider importing this tuple variant\n    -->  /Users/graysonnocera/.cargo/registry/src/index.crates.io-6f17d22bba15001f/httparse-1.9.5/src/lib.rs:28:1\n     |\n28   + use core::option::Option::Some;\n     |\n\nerror[E0425]: cannot find function, tuple struct or tuple variant `Ok` in this scope\n    --> /Users/graysonnocera/.cargo/registry/src/index.crates.io-6f17d22bba15001f/httparse-1.9.5/src/macros.rs:7:28\n     |\n7    |             None => return Ok(Status::Partial)\n     |                            ^^ not found in this scope\n     |\n    ::: /Users/graysonnocera/.cargo/registry/src/index.crates.io-6f17d22bba15001f/httparse-1.9.5/src/lib.rs:1315:17\n     |\n1315 |         let b = next!(bytes);\n     |                 ------------ in this macro invocation\n     |\n     = note: this error originates in the macro `next` (in Nightly builds, run with -Z macro-backtrace for more info)\nhelp: consider importing one of these tuple variants\n    -->  /Users/graysonnocera/.cargo/registry/src/index.crates.io-6f17d22bba15001f/httparse-1.9.5/src/lib.rs:28:1\n     |\n28   + use crate::result::Result::Ok;\n    -->  |/Users/graysonnocera/.cargo/registry/src/index.crates.io-6f17d22bba15001f/httparse-1.9.5/src/lib.rs:28:1\n     |\n28   + use core::result::Result::Ok;\n     |\n\nerror[E0425]: cannot find function, tuple struct or tuple variant `Err` in this scope\n    --> /Users/graysonnocera/.cargo/registry/src/index.crates.io-6f17d22bba15001f/httparse-1.9.5/src/lib.rs:1319:28\n     |\n1319 |                     return Err(InvalidChunkSize);\n     |                            ^^^ not found in this scope\n     |\nhelp: consider importing one of these tuple variants\n     |\n28   + use crate::result::Result::Err;\n     |\n28   + use core::result::Result::Err;\n     |\n\nerror[E0425]: cannot find function, tuple struct or tuple variant `Err` in this scope\n    --> /Users/graysonnocera/.cargo/registry/src/index.crates.io-6f17d22bba15001f/httparse-1.9.5/src/lib.rs:1327:28\n     |\n1327 |                     return Err(InvalidChunkSize);\n     |                            ^^^ not found in this scope\n     |\nhelp: consider importing one of these tuple variants\n     |\n28   + use crate::result::Result::Err;\n     |\n28   + use core::result::Result::Err;\n     |\n\nerror[E0425]: cannot find function, tuple struct or tuple variant `Err` in this scope\n    --> /Users/graysonnocera/.cargo/registry/src/index.crates.io-6f17d22bba15001f/httparse-1.9.5/src/lib.rs:1334:28\n     |\n1334 |                     return Err(InvalidChunkSize);\n     |                            ^^^ not found in this scope\n     |\nhelp: consider importing one of these tuple variants\n     |\n28   + use crate::result::Result::Err;\n     |\n28   + use core::result::Result::Err;\n     |\n\nerror[E0425]: cannot find function, tuple struct or tuple variant `Err` in this scope\n    --> /Users/graysonnocera/.cargo/registry/src/index.crates.io-6f17d22bba15001f/httparse-1.9.5/src/lib.rs:1338:28\n     |\n1338 |                     return Err(InvalidChunkSize);\n     |                            ^^^ not found in this scope\n     |\nhelp: consider importing one of these tuple variants\n     |\n28   + use crate::result::Result::Err;\n     |\n28   + use core::result::Result::Err;\n     |\n\nerror[E0425]: cannot find function, tuple struct or tuple variant `Err` in this scope\n    --> /Users/graysonnocera/.cargo/registry/src/index.crates.io-6f17d22bba15001f/httparse-1.9.5/src/lib.rs:1345:28\n     |\n1345 |                     return Err(InvalidChunkSize);\n     |                            ^^^ not found in this scope\n     |\nhelp: consider importing one of these tuple variants\n     |\n28   + use crate::result::Result::Err;\n     |\n28   + use core::result::Result::Err;\n     |\n\nerror[E0425]: cannot find function, tuple struct or tuple variant `Err` in this scope\n    --> /Users/graysonnocera/.cargo/registry/src/index.crates.io-6f17d22bba15001f/httparse-1.9.5/src/lib.rs:1349:28\n     |\n1349 |                     return Err(InvalidChunkSize);\n     |                            ^^^ not found in this scope\n     |\nhelp: consider importing one of these tuple variants\n     |\n28   + use crate::result::Result::Err;\n     |\n28   + use core::result::Result::Err;\n     |\n\nerror[E0531]: cannot find tuple struct or tuple variant `Some` in this scope\n    --> /Users/graysonnocera/.cargo/registry/src/index.crates.io-6f17d22bba15001f/httparse-1.9.5/src/macros.rs:6:13\n     |\n6    |             Some(b) => b,\n     |             ^^^^ not found in this scope\n     |\n    ::: /Users/graysonnocera/.cargo/registry/src/index.crates.io-6f17d22bba15001f/httparse-1.9.5/src/lib.rs:1355:23\n     |\n1355 |                 match next!(bytes) {\n     |                       ------------ in this macro invocation\n     |\n     = note: this error originates in the macro `next` (in Nightly builds, run with -Z macro-backtrace for more info)\nhelp: consider importing this tuple variant\n    -->  /Users/graysonnocera/.cargo/registry/src/index.crates.io-6f17d22bba15001f/httparse-1.9.5/src/lib.rs:28:1\n     |\n28   + use core::option::Option::Some;\n     |\n\nerror[E0425]: cannot find function, tuple struct or tuple variant `Ok` in this scope\n    --> /Users/graysonnocera/.cargo/registry/src/index.crates.io-6f17d22bba15001f/httparse-1.9.5/src/macros.rs:7:28\n     |\n7    |             None => return Ok(Status::Partial)\n     |                            ^^ not found in this scope\n     |\n    ::: /Users/graysonnocera/.cargo/registry/src/index.crates.io-6f17d22bba15001f/httparse-1.9.5/src/lib.rs:1355:23\n     |\n1355 |                 match next!(bytes) {\n     |                       ------------ in this macro invocation\n     |\n     = note: this error originates in the macro `next` (in Nightly builds, run with -Z macro-backtrace for more info)\nhelp: consider importing one of these tuple variants\n    -->  /Users/graysonnocera/.cargo/registry/src/index.crates.io-6f17d22bba15001f/httparse-1.9.5/src/lib.rs:28:1\n     |\n28   + use crate::result::Result::Ok;\n    -->  |/Users/graysonnocera/.cargo/registry/src/index.crates.io-6f17d22bba15001f/httparse-1.9.5/src/lib.rs:28:1\n     |\n28   + use core::result::Result::Ok;\n     |\n\nerror[E0425]: cannot find function, tuple struct or tuple variant `Err` in this scope\n    --> /Users/graysonnocera/.cargo/registry/src/index.crates.io-6f17d22bba15001f/httparse-1.9.5/src/lib.rs:1357:33\n     |\n1357 |                     _ => return Err(InvalidChunkSize),\n     |                                 ^^^ not found in this scope\n     |\nhelp: consider importing one of these tuple variants\n     |\n28   + use crate::result::Result::Err;\n     |\n28   + use core::result::Result::Err;\n     |\n\nerror[E0425]: cannot find function, tuple struct or tuple variant `Err` in this scope\n    --> /Users/graysonnocera/.cargo/registry/src/index.crates.io-6f17d22bba15001f/httparse-1.9.5/src/lib.rs:1378:25\n     |\n1378 |             _ => return Err(InvalidChunkSize),\n     |                         ^^^ not found in this scope\n     |\nhelp: consider importing one of these tuple variants\n     |\n28   + use crate::result::Result::Err;\n     |\n28   + use core::result::Result::Err;\n     |\n\nerror[E0425]: cannot find function, tuple struct or tuple variant `Ok` in this scope\n    --> /Users/graysonnocera/.cargo/registry/src/index.crates.io-6f17d22bba15001f/httparse-1.9.5/src/lib.rs:1381:5\n     |\n1381 |     Ok(Status::Complete((bytes.pos(), size)))\n     |     ^^ not found in this scope\n     |\nhelp: consider importing one of these tuple variants\n     |\n28   + use crate::result::Result::Ok;\n     |\n28   + use core::result::Result::Ok;\n     |\n\nSome errors have detailed explanations: E0405, E0412, E0425, E0433, E0463, E0531.\nFor more information about an error, try `rustc --explain E0405`.\nThe following warnings were emitted during compilation:\n\nwarning: httparse@1.9.5: CARGO_CFG_TARGET_FEATURE was not set\n\nerror: could not compile `httparse` (lib) due to 257 previous errors\n",
      "stdout": ""
    },
    "features": [
      "std"
    ],
    "project": "../../../Downloads/695-Project/dataset/nostd-failed-crates/crates/icaparse-0.2.0/src",
    "time_to_build": 668,
    "time_to_solve": 58
  }
]