[
  {
    "built_with_features": null,
    "command": {
      "args": [
        "build",
        "--target",
        "thumbv7m-none-eabi",
        "--no-default-features"
      ],
      "code": 101,
      "stderr": "   Compiling void v1.0.2\nerror[E0463]: can't find crate for `std`\n  |\n  = note: the `thumbv7m-none-eabi` target may not support the standard library\n  = note: `std` is required by `void` because it does not declare `#![no_std]`\n\nerror: cannot find attribute `derive` in this scope\n  --> /Users/graysonnocera/.cargo/registry/src/index.crates.io-6f17d22bba15001f/void-1.0.2/src/lib.rs:28:3\n   |\n28 | #[derive(Copy)]\n   |   ^^^^^^\n\nerror[E0405]: cannot find trait `Clone` in this scope\n  --> /Users/graysonnocera/.cargo/registry/src/index.crates.io-6f17d22bba15001f/void-1.0.2/src/lib.rs:31:6\n   |\n31 | impl Clone for Void {\n   |      ^^^^^ not found in this scope\n\nerror[E0412]: cannot find type `Option` in this scope\n  --> /Users/graysonnocera/.cargo/registry/src/index.crates.io-6f17d22bba15001f/void-1.0.2/src/lib.rs:56:37\n   |\n56 |     fn partial_cmp(&self, _: &T) -> Option<cmp::Ordering> {\n   |                                     ^^^^^^ not found in this scope\n\nerror[E0412]: cannot find type `Option` in this scope\n  --> /Users/graysonnocera/.cargo/registry/src/index.crates.io-6f17d22bba15001f/void-1.0.2/src/lib.rs:67:24\n   |\n67 |     fn cause(&self) -> Option<&error::Error> {\n   |                        ^^^^^^ not found in this scope\n\nerror[E0405]: cannot find trait `Sized` in this scope\n  --> /Users/graysonnocera/.cargo/registry/src/index.crates.io-6f17d22bba15001f/void-1.0.2/src/lib.rs:85:29\n   |\n85 | pub trait ResultVoidExt<T>: Sized {\n   |                             ^^^^^ not found in this scope\n\nerror[E0412]: cannot find type `Result` in this scope\n  --> /Users/graysonnocera/.cargo/registry/src/index.crates.io-6f17d22bba15001f/void-1.0.2/src/lib.rs:90:30\n   |\n90 | impl<T> ResultVoidExt<T> for Result<T, Void> {\n   |                              ^^^^^^ not found in this scope\n\nerror[E0531]: cannot find tuple struct or tuple variant `Ok` in this scope\n  --> /Users/graysonnocera/.cargo/registry/src/index.crates.io-6f17d22bba15001f/void-1.0.2/src/lib.rs:97:13\n   |\n97 |             Ok(val) => val,\n   |             ^^ not found in this scope\n\nerror[E0531]: cannot find tuple struct or tuple variant `Err` in this scope\n  --> /Users/graysonnocera/.cargo/registry/src/index.crates.io-6f17d22bba15001f/void-1.0.2/src/lib.rs:98:13\n   |\n98 |             Err(e) => unreachable(e)\n   |             ^^^ not found in this scope\n\nerror[E0405]: cannot find trait `Sized` in this scope\n   --> /Users/graysonnocera/.cargo/registry/src/index.crates.io-6f17d22bba15001f/void-1.0.2/src/lib.rs:104:32\n    |\n104 | pub trait ResultVoidErrExt<E>: Sized {\n    |                                ^^^^^ not found in this scope\n\nerror[E0412]: cannot find type `Result` in this scope\n   --> /Users/graysonnocera/.cargo/registry/src/index.crates.io-6f17d22bba15001f/void-1.0.2/src/lib.rs:109:33\n    |\n109 | impl<E> ResultVoidErrExt<E> for Result<Void, E> {\n    |                                 ^^^^^^ not found in this scope\n\nerror[E0531]: cannot find tuple struct or tuple variant `Ok` in this scope\n   --> /Users/graysonnocera/.cargo/registry/src/index.crates.io-6f17d22bba15001f/void-1.0.2/src/lib.rs:116:13\n    |\n116 |             Ok(v) => unreachable(v),\n    |             ^^ not found in this scope\n\nerror[E0531]: cannot find tuple struct or tuple variant `Err` in this scope\n   --> /Users/graysonnocera/.cargo/registry/src/index.crates.io-6f17d22bba15001f/void-1.0.2/src/lib.rs:117:13\n    |\n117 |             Err(e) => e\n    |             ^^^ not found in this scope\n\nSome errors have detailed explanations: E0405, E0412, E0463, E0531.\nFor more information about an error, try `rustc --explain E0405`.\nerror: could not compile `void` (lib) due to 13 previous errors\n",
      "stdout": ""
    },
    "features": [],
    "project": "../../../Downloads/695-Project/dataset/nostd-failed-crates/crates/icm20948-0.0.1/src",
    "time_to_build": 212,
    "time_to_solve": 43
  }
]