[
  {
    "built_with_features": "no-std",
    "command": {
      "args": [
        "build",
        "--target",
        "thumbv7m-none-eabi",
        "--no-default-features",
        "--features",
        "no-std"
      ],
      "code": 101,
      "stderr": "warning: no edition set: defaulting to the 2015 edition while the latest is 2021\n   Compiling rand_core v0.4.2\n   Compiling secp256k1-sys v0.5.2\n   Compiling hashbrown v0.8.2\n   Compiling core2 v0.3.3\nerror[E0463]: can't find crate for `std`\n  |\n  = note: the `thumbv7m-none-eabi` target may not support the standard library\n  = note: `std` is required by `rand_core` because it does not declare `#![no_std]`\n\nerror: cannot find macro `cfg` in this scope\n   --> /Users/graysonnocera/.cargo/registry/src/index.crates.io-6f17d22bba15001f/rand_core-0.4.2/src/impls.rs:84:12\n    |\n84  |         if cfg!(target_endian=\"little\") {\n    |            ^^^\n...\n138 |     fill_via_chunks!(src, dest, u32, 4)\n    |     ----------------------------------- in this macro invocation\n    |\n    = note: `cfg` is in scope, but it is an attribute: `#[cfg]`\n    = note: this error originates in the macro `fill_via_chunks` (in Nightly builds, run with -Z macro-backtrace for more info)\nhelp: consider importing this macro\n    |\n20  + use core::cfg;\n    |\n\nerror: cannot find macro `cfg` in this scope\n   --> /Users/graysonnocera/.cargo/registry/src/index.crates.io-6f17d22bba15001f/rand_core-0.4.2/src/impls.rs:84:12\n    |\n84  |         if cfg!(target_endian=\"little\") {\n    |            ^^^\n...\n152 |     fill_via_chunks!(src, dest, u64, 8)\n    |     ----------------------------------- in this macro invocation\n    |\n    = note: `cfg` is in scope, but it is an attribute: `#[cfg]`\n    = note: this error originates in the macro `fill_via_chunks` (in Nightly builds, run with -Z macro-backtrace for more info)\nhelp: consider importing this macro\n    |\n20  + use core::cfg;\n    |\n\nerror: cannot find attribute `derive` in this scope\n  --> /Users/graysonnocera/.cargo/registry/src/index.crates.io-6f17d22bba15001f/rand_core-0.4.2/src/error.rs:19:3\n   |\n19 | #[derive(PartialEq, Eq, Debug, Copy, Clone)]\n   |   ^^^^^^\n   |\nhelp: consider importing this attribute macro\n   |\n11 + use core::prelude::rust_2024::derive;\n   |\n\nerror: cannot find macro `unreachable` in this scope\n  --> /Users/graysonnocera/.cargo/registry/src/index.crates.io-6f17d22bba15001f/rand_core-0.4.2/src/error.rs:74:43\n   |\n74 |             ErrorKind::__Nonexhaustive => unreachable!(),\n   |                                           ^^^^^^^^^^^\n   |\nhelp: consider importing this macro\n   |\n11 + use core::unreachable;\n   |\n\nerror: cannot find attribute `derive` in this scope\n  --> /Users/graysonnocera/.cargo/registry/src/index.crates.io-6f17d22bba15001f/rand_core-0.4.2/src/error.rs:88:3\n   |\n88 | #[derive(Debug)]\n   |   ^^^^^^\n   |\nhelp: consider importing this attribute macro\n   |\n11 + use core::prelude::rust_2024::derive;\n   |\n\nerror: cannot find macro `write` in this scope\n   --> /Users/graysonnocera/.cargo/registry/src/index.crates.io-6f17d22bba15001f/rand_core-0.4.2/src/error.rs:146:24\n    |\n146 |                 return write!(f, \"{} ({}); cause: {}\",\n    |                        ^^^^^\n    |\nhelp: consider importing this macro\n    |\n11  + use core::write;\n    |\n\nerror: cannot find macro `write` in this scope\n   --> /Users/graysonnocera/.cargo/registry/src/index.crates.io-6f17d22bba15001f/rand_core-0.4.2/src/error.rs:150:9\n    |\n150 |         write!(f, \"{} ({})\", self.msg, self.kind.description())\n    |         ^^^^^\n    |\nhelp: consider importing this macro\n    |\n11  + use core::write;\n    |\n\nerror: cannot find macro `unreachable` in this scope\n   --> /Users/graysonnocera/.cargo/registry/src/index.crates.io-6f17d22bba15001f/rand_core-0.4.2/src/error.rs:174:43\n    |\n174 |             ErrorKind::__Nonexhaustive => unreachable!(),\n    |                                           ^^^^^^^^^^^\n    |\nhelp: consider importing this macro\n    |\n11  + use core::unreachable;\n    |\n\nerror: cannot find attribute `derive` in this scope\n   --> /Users/graysonnocera/.cargo/registry/src/index.crates.io-6f17d22bba15001f/rand_core-0.4.2/src/block.rs:111:3\n    |\n111 | #[derive(Clone)]\n    |   ^^^^^^\n    |\nhelp: consider importing this attribute macro\n    |\n53  + use core::prelude::rust_2024::derive;\n    |\n\nerror: cannot find macro `assert` in this scope\n   --> /Users/graysonnocera/.cargo/registry/src/index.crates.io-6f17d22bba15001f/rand_core-0.4.2/src/block.rs:165:9\n    |\n165 |         assert!(index < self.results.as_ref().len());\n    |         ^^^^^^\n    |\nhelp: consider importing this macro\n    |\n53  + use core::assert;\n    |\n\nerror: cannot find macro `cfg` in this scope\n   --> /Users/graysonnocera/.cargo/registry/src/index.crates.io-6f17d22bba15001f/rand_core-0.4.2/src/block.rs:188:16\n    |\n188 |             if cfg!(any(target_endian = \"little\")) {\n    |                ^^^\n    |\n    = note: `cfg` is in scope, but it is an attribute: `#[cfg]`\nhelp: consider importing this macro\n    |\n53  + use core::cfg;\n    |\n\nerror: cannot find attribute `derive` in this scope\n   --> /Users/graysonnocera/.cargo/registry/src/index.crates.io-6f17d22bba15001f/rand_core-0.4.2/src/block.rs:282:3\n    |\n282 | #[derive(Clone)]\n    |   ^^^^^^\n    |\nhelp: consider importing this attribute macro\n    |\n53  + use core::prelude::rust_2024::derive;\n    |\n\nerror: cannot find macro `assert` in this scope\n   --> /Users/graysonnocera/.cargo/registry/src/index.crates.io-6f17d22bba15001f/rand_core-0.4.2/src/block.rs:340:9\n    |\n340 |         assert!(index < self.results.as_ref().len());\n    |         ^^^^^^\n    |\nhelp: consider importing this macro\n    |\n53  + use core::assert;\n    |\n\nerror: cannot find macro `cfg` in this scope\n   --> /Users/graysonnocera/.cargo/registry/src/index.crates.io-6f17d22bba15001f/rand_core-0.4.2/src/block.rs:368:16\n    |\n368 |             if cfg!(target_endian = \"little\") {\n    |                ^^^\n    |\n    = note: `cfg` is in scope, but it is an attribute: `#[cfg]`\nhelp: consider importing this macro\n    |\n53  + use core::cfg;\n    |\n\nerror: cannot find macro `debug_assert` in this scope\n   --> /Users/graysonnocera/.cargo/registry/src/index.crates.io-6f17d22bba15001f/rand_core-0.4.2/src/impls.rs:68:9\n    |\n68  |         debug_assert!($N == size_of::<$ty>());\n    |         ^^^^^^^^^^^^\n...\n157 |     impl_uint_from_fill!(rng, u32, 4)\n    |     --------------------------------- in this macro invocation\n    |\n    = note: this error originates in the macro `impl_uint_from_fill` (in Nightly builds, run with -Z macro-backtrace for more info)\nhelp: consider importing this macro\n    |\n20  + use core::debug_assert;\n    |\n\nerror: cannot find macro `debug_assert` in this scope\n   --> /Users/graysonnocera/.cargo/registry/src/index.crates.io-6f17d22bba15001f/rand_core-0.4.2/src/impls.rs:68:9\n    |\n68  |         debug_assert!($N == size_of::<$ty>());\n    |         ^^^^^^^^^^^^\n...\n162 |     impl_uint_from_fill!(rng, u64, 8)\n    |     --------------------------------- in this macro invocation\n    |\n    = note: this error originates in the macro `impl_uint_from_fill` (in Nightly builds, run with -Z macro-backtrace for more info)\nhelp: consider importing this macro\n    |\n20  + use core::debug_assert;\n    |\n\nerror: cannot find macro `assert_eq` in this scope\n  --> /Users/graysonnocera/.cargo/registry/src/index.crates.io-6f17d22bba15001f/rand_core-0.4.2/src/le.rs:18:9\n   |\n18 |         assert_eq!($src.len(), $size * $dst.len());\n   |         ^^^^^^^^^\n...\n36 |     read_slice!(src, dst, 4, to_le);\n   |     ------------------------------- in this macro invocation\n   |\n   = note: this error originates in the macro `read_slice` (in Nightly builds, run with -Z macro-backtrace for more info)\nhelp: consider importing this macro\n   |\n14 + use core::assert_eq;\n   |\n\nerror: cannot find macro `assert_eq` in this scope\n  --> /Users/graysonnocera/.cargo/registry/src/index.crates.io-6f17d22bba15001f/rand_core-0.4.2/src/le.rs:18:9\n   |\n18 |         assert_eq!($src.len(), $size * $dst.len());\n   |         ^^^^^^^^^\n...\n43 |     read_slice!(src, dst, 8, to_le);\n   |     ------------------------------- in this macro invocation\n   |\n   = note: this error originates in the macro `read_slice` (in Nightly builds, run with -Z macro-backtrace for more info)\nhelp: consider importing this macro\n   |\n14 + use core::assert_eq;\n   |\n\nerror: cannot find attribute `test` in this scope\n  --> /Users/graysonnocera/.cargo/registry/src/index.crates.io-6f17d22bba15001f/rand_core-0.4.2/src/le.rs:46:3\n   |\n46 | #[test]\n   |   ^^^^\n   |\nhelp: consider importing this attribute macro\n   |\n14 + use core::prelude::rust_2024::test;\n   |\n\nerror: cannot find macro `assert_eq` in this scope\n  --> /Users/graysonnocera/.cargo/registry/src/index.crates.io-6f17d22bba15001f/rand_core-0.4.2/src/le.rs:52:5\n   |\n52 |     assert_eq!(buf[0], 0x04030201);\n   |     ^^^^^^^^^\n   |\nhelp: consider importing this macro\n   |\n14 + use core::assert_eq;\n   |\n\nerror: cannot find macro `assert_eq` in this scope\n  --> /Users/graysonnocera/.cargo/registry/src/index.crates.io-6f17d22bba15001f/rand_core-0.4.2/src/le.rs:53:5\n   |\n53 |     assert_eq!(buf[3], 0x100F0E0D);\n   |     ^^^^^^^^^\n   |\nhelp: consider importing this macro\n   |\n14 + use core::assert_eq;\n   |\n\nerror: cannot find macro `assert_eq` in this scope\n  --> /Users/graysonnocera/.cargo/registry/src/index.crates.io-6f17d22bba15001f/rand_core-0.4.2/src/le.rs:57:5\n   |\n57 |     assert_eq!(buf[0], 0x05040302);\n   |     ^^^^^^^^^\n   |\nhelp: consider importing this macro\n   |\n14 + use core::assert_eq;\n   |\n\nerror: cannot find macro `assert_eq` in this scope\n  --> /Users/graysonnocera/.cargo/registry/src/index.crates.io-6f17d22bba15001f/rand_core-0.4.2/src/le.rs:58:5\n   |\n58 |     assert_eq!(buf[2], 0x0D0C0B0A);\n   |     ^^^^^^^^^\n   |\nhelp: consider importing this macro\n   |\n14 + use core::assert_eq;\n   |\n\nerror: cannot find macro `assert_eq` in this scope\n  --> /Users/graysonnocera/.cargo/registry/src/index.crates.io-6f17d22bba15001f/rand_core-0.4.2/src/le.rs:62:5\n   |\n62 |     assert_eq!(buf[0], 0x0807060504030201);\n   |     ^^^^^^^^^\n   |\nhelp: consider importing this macro\n   |\n14 + use core::assert_eq;\n   |\n\nerror: cannot find macro `assert_eq` in this scope\n  --> /Users/graysonnocera/.cargo/registry/src/index.crates.io-6f17d22bba15001f/rand_core-0.4.2/src/le.rs:63:5\n   |\n63 |     assert_eq!(buf[1], 0x100F0E0D0C0B0A09);\n   |     ^^^^^^^^^\n   |\nhelp: consider importing this macro\n   |\n14 + use core::assert_eq;\n   |\n\nerror: cannot find macro `assert_eq` in this scope\n  --> /Users/graysonnocera/.cargo/registry/src/index.crates.io-6f17d22bba15001f/rand_core-0.4.2/src/le.rs:67:5\n   |\n67 |     assert_eq!(buf[0], 0x0F0E0D0C0B0A0908);\n   |     ^^^^^^^^^\n   |\nhelp: consider importing this macro\n   |\n14 + use core::assert_eq;\n   |\n\nerror[E0412]: cannot find type `Option` in this scope\n  --> /Users/graysonnocera/.cargo/registry/src/index.crates.io-6f17d22bba15001f/rand_core-0.4.2/src/error.rs:95:12\n   |\n95 |     cause: Option<Box<stdError + Send + Sync>>,\n   |            ^^^^^^ not found in this scope\n   |\nhelp: consider importing this enum\n   |\n11 + use core::option::Option;\n   |\n\nerror[E0412]: cannot find type `Box` in this scope\n  --> /Users/graysonnocera/.cargo/registry/src/index.crates.io-6f17d22bba15001f/rand_core-0.4.2/src/error.rs:95:19\n   |\n95 |     cause: Option<Box<stdError + Send + Sync>>,\n   |                   ^^^ not found in this scope\n\nerror[E0405]: cannot find trait `Send` in this scope\n  --> /Users/graysonnocera/.cargo/registry/src/index.crates.io-6f17d22bba15001f/rand_core-0.4.2/src/error.rs:95:34\n   |\n95 |     cause: Option<Box<stdError + Send + Sync>>,\n   |                                  ^^^^ not found in this scope\n   |\nhelp: consider importing this trait\n   |\n11 + use core::marker::Send;\n   |\n\nerror[E0405]: cannot find trait `Sync` in this scope\n  --> /Users/graysonnocera/.cargo/registry/src/index.crates.io-6f17d22bba15001f/rand_core-0.4.2/src/error.rs:95:41\n   |\n95 |     cause: Option<Box<stdError + Send + Sync>>,\n   |                                         ^^^^ not found in this scope\n   |\nhelp: consider importing this trait\n   |\n11 + use core::marker::Sync;\n   |\n\nerror[E0425]: cannot find value `None` in this scope\n   --> /Users/graysonnocera/.cargo/registry/src/index.crates.io-6f17d22bba15001f/rand_core-0.4.2/src/error.rs:102:39\n    |\n102 |             Error { kind, msg, cause: None }\n    |                                       ^^^^ not found in this scope\n    |\nhelp: consider importing this unit variant\n    |\n11  + use core::option::Option::None;\n    |\n\nerror[E0405]: cannot find trait `Into` in this scope\n   --> /Users/graysonnocera/.cargo/registry/src/index.crates.io-6f17d22bba15001f/rand_core-0.4.2/src/error.rs:120:18\n    |\n120 |         where E: Into<Box<stdError + Send + Sync>>\n    |                  ^^^^ not found in this scope\n    |\nhelp: consider importing this trait\n    |\n11  + use core::convert::Into;\n    |\n\nerror[E0412]: cannot find type `Box` in this scope\n   --> /Users/graysonnocera/.cargo/registry/src/index.crates.io-6f17d22bba15001f/rand_core-0.4.2/src/error.rs:120:23\n    |\n120 |         where E: Into<Box<stdError + Send + Sync>>\n    |                       ^^^ not found in this scope\n\nerror[E0405]: cannot find trait `Send` in this scope\n   --> /Users/graysonnocera/.cargo/registry/src/index.crates.io-6f17d22bba15001f/rand_core-0.4.2/src/error.rs:120:38\n    |\n120 |         where E: Into<Box<stdError + Send + Sync>>\n    |                                      ^^^^ not found in this scope\n    |\nhelp: consider importing this trait\n    |\n11  + use core::marker::Send;\n    |\n\nerror[E0405]: cannot find trait `Sync` in this scope\n   --> /Users/graysonnocera/.cargo/registry/src/index.crates.io-6f17d22bba15001f/rand_core-0.4.2/src/error.rs:120:45\n    |\n120 |         where E: Into<Box<stdError + Send + Sync>>\n    |                                             ^^^^ not found in this scope\n    |\nhelp: consider importing this trait\n    |\n11  + use core::marker::Sync;\n    |\n\nerror[E0425]: cannot find function, tuple struct or tuple variant `Some` in this scope\n   --> /Users/graysonnocera/.cargo/registry/src/index.crates.io-6f17d22bba15001f/rand_core-0.4.2/src/error.rs:122:35\n    |\n122 |         Error { kind, msg, cause: Some(cause.into()) }\n    |                                   ^^^^ not found in this scope\n    |\nhelp: consider importing this tuple variant\n    |\n11  + use core::option::Option::Some;\n    |\n\nerror[E0412]: cannot find type `Option` in this scope\n   --> /Users/graysonnocera/.cargo/registry/src/index.crates.io-6f17d22bba15001f/rand_core-0.4.2/src/error.rs:137:37\n    |\n137 |     pub fn take_cause(&mut self) -> Option<Box<stdError + Send + Sync>> {\n    |                                     ^^^^^^ not found in this scope\n    |\nhelp: consider importing this enum\n    |\n11  + use core::option::Option;\n    |\n\nerror[E0412]: cannot find type `Box` in this scope\n   --> /Users/graysonnocera/.cargo/registry/src/index.crates.io-6f17d22bba15001f/rand_core-0.4.2/src/error.rs:137:44\n    |\n137 |     pub fn take_cause(&mut self) -> Option<Box<stdError + Send + Sync>> {\n    |                                            ^^^ not found in this scope\n\nerror[E0405]: cannot find trait `Send` in this scope\n   --> /Users/graysonnocera/.cargo/registry/src/index.crates.io-6f17d22bba15001f/rand_core-0.4.2/src/error.rs:137:59\n    |\n137 |     pub fn take_cause(&mut self) -> Option<Box<stdError + Send + Sync>> {\n    |                                                           ^^^^ not found in this scope\n    |\nhelp: consider importing this trait\n    |\n11  + use core::marker::Send;\n    |\n\nerror[E0405]: cannot find trait `Sync` in this scope\n   --> /Users/graysonnocera/.cargo/registry/src/index.crates.io-6f17d22bba15001f/rand_core-0.4.2/src/error.rs:137:66\n    |\n137 |     pub fn take_cause(&mut self) -> Option<Box<stdError + Send + Sync>> {\n    |                                                                  ^^^^ not found in this scope\n    |\nhelp: consider importing this trait\n    |\n11  + use core::marker::Sync;\n    |\n\nerror[E0531]: cannot find tuple struct or tuple variant `Some` in this scope\n   --> /Users/graysonnocera/.cargo/registry/src/index.crates.io-6f17d22bba15001f/rand_core-0.4.2/src/error.rs:145:20\n    |\n145 |             if let Some(ref cause) = self.cause {\n    |                    ^^^^ not found in this scope\n    |\nhelp: consider importing this tuple variant\n    |\n11  + use core::option::Option::Some;\n    |\n\nerror[E0412]: cannot find type `Option` in this scope\n   --> /Users/graysonnocera/.cargo/registry/src/index.crates.io-6f17d22bba15001f/rand_core-0.4.2/src/error.rs:160:24\n    |\n160 |     fn cause(&self) -> Option<&stdError> {\n    |                        ^^^^^^ not found in this scope\n    |\nhelp: consider importing this enum\n    |\n11  + use core::option::Option;\n    |\n\nerror[E0405]: cannot find trait `From` in this scope\n   --> /Users/graysonnocera/.cargo/registry/src/index.crates.io-6f17d22bba15001f/rand_core-0.4.2/src/error.rs:166:6\n    |\n166 | impl From<Error> for io::Error {\n    |      ^^^^ not found in this scope\n    |\nhelp: consider importing this trait\n    |\n11  + use core::convert::From;\n    |\n\nerror[E0425]: cannot find value `NotFound` in this scope\n   --> /Users/graysonnocera/.cargo/registry/src/index.crates.io-6f17d22bba15001f/rand_core-0.4.2/src/error.rs:170:54\n    |\n170 |             ErrorKind::Unavailable => io::Error::new(NotFound, error),\n    |                                                      ^^^^^^^^ not found in this scope\n\nerror[E0425]: cannot find value `Other` in this scope\n   --> /Users/graysonnocera/.cargo/registry/src/index.crates.io-6f17d22bba15001f/rand_core-0.4.2/src/error.rs:172:52\n    |\n172 |             ErrorKind::Transient => io::Error::new(Other, error),\n    |                                                    ^^^^^ not found in this scope\n\nerror[E0425]: cannot find value `WouldBlock` in this scope\n   --> /Users/graysonnocera/.cargo/registry/src/index.crates.io-6f17d22bba15001f/rand_core-0.4.2/src/error.rs:173:51\n    |\n173 |             ErrorKind::NotReady => io::Error::new(WouldBlock, error),\n    |                                                   ^^^^^^^^^^ not found in this scope\n\nerror[E0405]: cannot find trait `AsMut` in this scope\n  --> /Users/graysonnocera/.cargo/registry/src/index.crates.io-6f17d22bba15001f/rand_core-0.4.2/src/block.rs:69:41\n   |\n69 |     type Results: AsRef<[Self::Item]> + AsMut<[Self::Item]> + Default;\n   |                                         ^^^^^ not found in this scope\n   |\nhelp: consider importing this trait through its public re-export\n   |\n53 + use AsMut;\n   |\n\nerror[E0405]: cannot find trait `Default` in this scope\n  --> /Users/graysonnocera/.cargo/registry/src/index.crates.io-6f17d22bba15001f/rand_core-0.4.2/src/block.rs:69:63\n   |\n69 |     type Results: AsRef<[Self::Item]> + AsMut<[Self::Item]> + Default;\n   |                                                               ^^^^^^^ not found in this scope\n   |\nhelp: consider importing this trait through its public re-export\n   |\n53 + use Default;\n   |\n\nerror[E0405]: cannot find trait `Sized` in this scope\n   --> /Users/graysonnocera/.cargo/registry/src/index.crates.io-6f17d22bba15001f/rand_core-0.4.2/src/block.rs:113:40\n    |\n113 | pub struct BlockRng<R: BlockRngCore + ?Sized> {\n    |                                        ^^^^^ not found in this scope\n    |\nhelp: consider importing this trait\n    |\n53  + use core::marker::Sized;\n    |\n\nerror[E0405]: cannot find trait `AsMut` in this scope\n   --> /Users/graysonnocera/.cargo/registry/src/index.crates.io-6f17d22bba15001f/rand_core-0.4.2/src/block.rs:172:52\n    |\n172 | where <R as BlockRngCore>::Results: AsRef<[u32]> + AsMut<[u32]>\n    |                                                    ^^^^^ not found in this scope\n    |\nhelp: consider importing this trait through its public re-export\n    |\n53  + use AsMut;\n    |\n\nerror[E0412]: cannot find type `Result` in this scope\n   --> /Users/graysonnocera/.cargo/registry/src/index.crates.io-6f17d22bba15001f/rand_core-0.4.2/src/block.rs:234:54\n    |\n234 |     fn try_fill_bytes(&mut self, dest: &mut [u8]) -> Result<(), Error> {\n    |                                                      ^^^^^^ not found in this scope\n    |\nhelp: consider importing one of these items\n    |\n53  + use core::result::Result;\n    |\n53  + use block::fmt::Result;\n    |\n\nerror[E0425]: cannot find function, tuple struct or tuple variant `Ok` in this scope\n   --> /Users/graysonnocera/.cargo/registry/src/index.crates.io-6f17d22bba15001f/rand_core-0.4.2/src/block.rs:235:9\n    |\n235 |         Ok(self.fill_bytes(dest))\n    |         ^^ not found in this scope\n    |\nhelp: consider importing this tuple variant\n    |\n53  + use core::result::Result::Ok;\n    |\n\nerror[E0412]: cannot find type `Result` in this scope\n   --> /Users/graysonnocera/.cargo/registry/src/index.crates.io-6f17d22bba15001f/rand_core-0.4.2/src/block.rs:253:40\n    |\n253 |     fn from_rng<S: RngCore>(rng: S) -> Result<Self, Error> {\n    |                                        ^^^^^^ not found in this scope\n    |\nhelp: consider importing one of these items\n    |\n53  + use core::result::Result;\n    |\n53  + use block::fmt::Result;\n    |\n\nerror[E0425]: cannot find function, tuple struct or tuple variant `Ok` in this scope\n   --> /Users/graysonnocera/.cargo/registry/src/index.crates.io-6f17d22bba15001f/rand_core-0.4.2/src/block.rs:254:9\n    |\n254 |         Ok(Self::new(R::from_rng(rng)?))\n    |         ^^ not found in this scope\n    |\nhelp: consider importing this tuple variant\n    |\n53  + use core::result::Result::Ok;\n    |\n\nerror[E0405]: cannot find trait `Sized` in this scope\n   --> /Users/graysonnocera/.cargo/registry/src/index.crates.io-6f17d22bba15001f/rand_core-0.4.2/src/block.rs:284:42\n    |\n284 | pub struct BlockRng64<R: BlockRngCore + ?Sized> {\n    |                                          ^^^^^ not found in this scope\n    |\nhelp: consider importing this trait\n    |\n53  + use core::marker::Sized;\n    |\n\nerror[E0405]: cannot find trait `AsMut` in this scope\n   --> /Users/graysonnocera/.cargo/registry/src/index.crates.io-6f17d22bba15001f/rand_core-0.4.2/src/block.rs:348:52\n    |\n348 | where <R as BlockRngCore>::Results: AsRef<[u64]> + AsMut<[u64]>\n    |                                                    ^^^^^ not found in this scope\n    |\nhelp: consider importing this trait through its public re-export\n    |\n53  + use AsMut;\n    |\n\nerror[E0412]: cannot find type `Result` in this scope\n   --> /Users/graysonnocera/.cargo/registry/src/index.crates.io-6f17d22bba15001f/rand_core-0.4.2/src/block.rs:409:54\n    |\n409 |     fn try_fill_bytes(&mut self, dest: &mut [u8]) -> Result<(), Error> {\n    |                                                      ^^^^^^ not found in this scope\n    |\nhelp: consider importing one of these items\n    |\n53  + use core::result::Result;\n    |\n53  + use block::fmt::Result;\n    |\n\nerror[E0425]: cannot find function, tuple struct or tuple variant `Ok` in this scope\n   --> /Users/graysonnocera/.cargo/registry/src/index.crates.io-6f17d22bba15001f/rand_core-0.4.2/src/block.rs:410:9\n    |\n410 |         Ok(self.fill_bytes(dest))\n    |         ^^ not found in this scope\n    |\nhelp: consider importing this tuple variant\n    |\n53  + use core::result::Result::Ok;\n    |\n\nerror[E0412]: cannot find type `Result` in this scope\n   --> /Users/graysonnocera/.cargo/registry/src/index.crates.io-6f17d22bba15001f/rand_core-0.4.2/src/block.rs:428:40\n    |\n428 |     fn from_rng<S: RngCore>(rng: S) -> Result<Self, Error> {\n    |                                        ^^^^^^ not found in this scope\n    |\nhelp: consider importing one of these items\n    |\n53  + use core::result::Result;\n    |\n53  + use block::fmt::Result;\n    |\n\nerror[E0425]: cannot find function, tuple struct or tuple variant `Ok` in this scope\n   --> /Users/graysonnocera/.cargo/registry/src/index.crates.io-6f17d22bba15001f/rand_core-0.4.2/src/block.rs:429:9\n    |\n429 |         Ok(Self::new(R::from_rng(rng)?))\n    |         ^^ not found in this scope\n    |\nhelp: consider importing this tuple variant\n    |\n53  + use core::result::Result::Ok;\n    |\n\nerror[E0405]: cannot find trait `Sized` in this scope\n  --> /Users/graysonnocera/.cargo/registry/src/index.crates.io-6f17d22bba15001f/rand_core-0.4.2/src/impls.rs:29:39\n   |\n29 | pub fn next_u64_via_u32<R: RngCore + ?Sized>(rng: &mut R) -> u64 {\n   |                                       ^^^^^ not found in this scope\n   |\nhelp: consider importing this trait\n   |\n20 + use core::marker::Sized;\n   |\n\nerror[E0405]: cannot find trait `Sized` in this scope\n  --> /Users/graysonnocera/.cargo/registry/src/index.crates.io-6f17d22bba15001f/rand_core-0.4.2/src/impls.rs:42:42\n   |\n42 | pub fn fill_bytes_via_next<R: RngCore + ?Sized>(rng: &mut R, dest: &mut [u8]) {\n   |                                          ^^^^^ not found in this scope\n   |\nhelp: consider importing this trait\n   |\n20 + use core::marker::Sized;\n   |\n\nerror[E0405]: cannot find trait `Sized` in this scope\n   --> /Users/graysonnocera/.cargo/registry/src/index.crates.io-6f17d22bba15001f/rand_core-0.4.2/src/impls.rs:156:40\n    |\n156 | pub fn next_u32_via_fill<R: RngCore + ?Sized>(rng: &mut R) -> u32 {\n    |                                        ^^^^^ not found in this scope\n    |\nhelp: consider importing this trait\n    |\n20  + use core::marker::Sized;\n    |\n\nerror[E0405]: cannot find trait `Sized` in this scope\n   --> /Users/graysonnocera/.cargo/registry/src/index.crates.io-6f17d22bba15001f/rand_core-0.4.2/src/impls.rs:161:40\n    |\n161 | pub fn next_u64_via_fill<R: RngCore + ?Sized>(rng: &mut R) -> u64 {\n    |                                        ^^^^^ not found in this scope\n    |\nhelp: consider importing this trait\n    |\n20  + use core::marker::Sized;\n    |\n\nerror[E0412]: cannot find type `Result` in this scope\n   --> /Users/graysonnocera/.cargo/registry/src/index.crates.io-6f17d22bba15001f/rand_core-0.4.2/src/lib.rs:184:54\n    |\n184 |     fn try_fill_bytes(&mut self, dest: &mut [u8]) -> Result<(), Error>;\n    |                                                      ^^^^^^ not found in this scope\n    |\nhelp: consider importing one of these items\n    |\n47  + use core::fmt::Result;\n    |\n47  + use core::result::Result;\n    |\n\nerror[E0405]: cannot find trait `Sized` in this scope\n   --> /Users/graysonnocera/.cargo/registry/src/index.crates.io-6f17d22bba15001f/rand_core-0.4.2/src/lib.rs:221:24\n    |\n221 | pub trait SeedableRng: Sized {\n    |                        ^^^^^ not found in this scope\n    |\nhelp: consider importing this trait\n    |\n47  + use core::marker::Sized;\n    |\n\nerror[E0405]: cannot find trait `Sized` in this scope\n   --> /Users/graysonnocera/.cargo/registry/src/index.crates.io-6f17d22bba15001f/rand_core-0.4.2/src/lib.rs:267:16\n    |\n267 |     type Seed: Sized + Default + AsMut<[u8]>;\n    |                ^^^^^ not found in this scope\n    |\nhelp: consider importing this trait\n    |\n47  + use core::marker::Sized;\n    |\n\nerror[E0412]: cannot find type `Result` in this scope\n   --> /Users/graysonnocera/.cargo/registry/src/index.crates.io-6f17d22bba15001f/rand_core-0.4.2/src/lib.rs:363:44\n    |\n363 |     fn from_rng<R: RngCore>(mut rng: R) -> Result<Self, Error> {\n    |                                            ^^^^^^ not found in this scope\n    |\nhelp: consider importing one of these items\n    |\n47  + use core::fmt::Result;\n    |\n47  + use core::result::Result;\n    |\n\nerror[E0425]: cannot find function, tuple struct or tuple variant `Ok` in this scope\n   --> /Users/graysonnocera/.cargo/registry/src/index.crates.io-6f17d22bba15001f/rand_core-0.4.2/src/lib.rs:366:9\n    |\n366 |         Ok(Self::from_seed(seed))\n    |         ^^ not found in this scope\n    |\nhelp: consider importing this tuple variant\n    |\n47  + use core::result::Result::Ok;\n    |\n\nerror[E0405]: cannot find trait `Sized` in this scope\n   --> /Users/graysonnocera/.cargo/registry/src/index.crates.io-6f17d22bba15001f/rand_core-0.4.2/src/lib.rs:373:24\n    |\n373 | impl<'a, R: RngCore + ?Sized> RngCore for &'a mut R {\n    |                        ^^^^^ not found in this scope\n    |\nhelp: consider importing this trait\n    |\n47  + use core::marker::Sized;\n    |\n\nerror[E0412]: cannot find type `Result` in this scope\n   --> /Users/graysonnocera/.cargo/registry/src/index.crates.io-6f17d22bba15001f/rand_core-0.4.2/src/lib.rs:390:54\n    |\n390 |     fn try_fill_bytes(&mut self, dest: &mut [u8]) -> Result<(), Error> {\n    |                                                      ^^^^^^ not found in this scope\n    |\nhelp: consider importing one of these items\n    |\n47  + use core::fmt::Result;\n    |\n47  + use core::result::Result;\n    |\n\nerror[E0412]: cannot find type `Box` in this scope\n   --> /Users/graysonnocera/.cargo/registry/src/index.crates.io-6f17d22bba15001f/rand_core-0.4.2/src/lib.rs:399:39\n    |\n399 | impl<R: RngCore + ?Sized> RngCore for Box<R> {\n    |                                       ^^^ not found in this scope\n\nerror[E0405]: cannot find trait `Sized` in this scope\n   --> /Users/graysonnocera/.cargo/registry/src/index.crates.io-6f17d22bba15001f/rand_core-0.4.2/src/lib.rs:399:20\n    |\n399 | impl<R: RngCore + ?Sized> RngCore for Box<R> {\n    |                    ^^^^^ not found in this scope\n    |\nhelp: consider importing this trait\n    |\n47  + use core::marker::Sized;\n    |\n\nerror[E0412]: cannot find type `Result` in this scope\n   --> /Users/graysonnocera/.cargo/registry/src/index.crates.io-6f17d22bba15001f/rand_core-0.4.2/src/lib.rs:416:54\n    |\n416 |     fn try_fill_bytes(&mut self, dest: &mut [u8]) -> Result<(), Error> {\n    |                                                      ^^^^^^ not found in this scope\n    |\nhelp: consider importing one of these items\n    |\n47  + use core::fmt::Result;\n    |\n47  + use core::result::Result;\n    |\n\nerror[E0412]: cannot find type `Result` in this scope\n   --> /Users/graysonnocera/.cargo/registry/src/index.crates.io-6f17d22bba15001f/rand_core-0.4.2/src/lib.rs:423:43\n    |\n423 |     fn read(&mut self, buf: &mut [u8]) -> Result<usize, std::io::Error> {\n    |                                           ^^^^^^ not found in this scope\n    |\nhelp: consider importing one of these items\n    |\n47  + use core::fmt::Result;\n    |\n47  + use core::result::Result;\n    |\n\nerror[E0425]: cannot find function, tuple struct or tuple variant `Ok` in this scope\n   --> /Users/graysonnocera/.cargo/registry/src/index.crates.io-6f17d22bba15001f/rand_core-0.4.2/src/lib.rs:425:9\n    |\n425 |         Ok(buf.len())\n    |         ^^ not found in this scope\n    |\nhelp: consider importing this tuple variant\n    |\n47  + use core::result::Result::Ok;\n    |\n\nerror[E0405]: cannot find trait `Sized` in this scope\n   --> /Users/graysonnocera/.cargo/registry/src/index.crates.io-6f17d22bba15001f/rand_core-0.4.2/src/lib.rs:430:26\n    |\n430 | impl<'a, R: CryptoRng + ?Sized> CryptoRng for &'a mut R {}\n    |                          ^^^^^ not found in this scope\n    |\nhelp: consider importing this trait\n    |\n47  + use core::marker::Sized;\n    |\n\nerror[E0412]: cannot find type `Box` in this scope\n   --> /Users/graysonnocera/.cargo/registry/src/index.crates.io-6f17d22bba15001f/rand_core-0.4.2/src/lib.rs:434:43\n    |\n434 | impl<R: CryptoRng + ?Sized> CryptoRng for Box<R> {}\n    |                                           ^^^ not found in this scope\n\nerror[E0405]: cannot find trait `Sized` in this scope\n   --> /Users/graysonnocera/.cargo/registry/src/index.crates.io-6f17d22bba15001f/rand_core-0.4.2/src/lib.rs:434:22\n    |\n434 | impl<R: CryptoRng + ?Sized> CryptoRng for Box<R> {}\n    |                      ^^^^^ not found in this scope\n    |\nhelp: consider importing this trait\n    |\n47  + use core::marker::Sized;\n    |\n\nSome errors have detailed explanations: E0405, E0412, E0425, E0463, E0531.\nFor more information about an error, try `rustc --explain E0405`.\nerror: could not compile `rand_core` (lib) due to 80 previous errors\nwarning: build failed, waiting for other jobs to finish...\nerror: failed to run custom build command for `secp256k1-sys v0.5.2`\n\nCaused by:\n  process didn't exit successfully: `/Users/graysonnocera/Downloads/695-Project/dataset/nostd-failed-crates/crates/litcoinlib-0.29.4/target/debug/build/secp256k1-sys-b666e44e18a79722/build-script-build` (exit status: 1)\n  --- stdout\n  TARGET = Some(\"thumbv7m-none-eabi\")\n  OPT_LEVEL = Some(\"0\")\n  HOST = Some(\"aarch64-apple-darwin\")\n  cargo:rerun-if-env-changed=CC_thumbv7m-none-eabi\n  CC_thumbv7m-none-eabi = None\n  cargo:rerun-if-env-changed=CC_thumbv7m_none_eabi\n  CC_thumbv7m_none_eabi = None\n  cargo:rerun-if-env-changed=TARGET_CC\n  TARGET_CC = None\n  cargo:rerun-if-env-changed=CC\n  CC = None\n  RUSTC_LINKER = None\n  cargo:rerun-if-env-changed=CROSS_COMPILE\n  CROSS_COMPILE = None\n  cargo:rerun-if-env-changed=CFLAGS_thumbv7m-none-eabi\n  CFLAGS_thumbv7m-none-eabi = None\n  cargo:rerun-if-env-changed=CFLAGS_thumbv7m_none_eabi\n  CFLAGS_thumbv7m_none_eabi = None\n  cargo:rerun-if-env-changed=TARGET_CFLAGS\n  TARGET_CFLAGS = None\n  cargo:rerun-if-env-changed=CFLAGS\n  CFLAGS = None\n  cargo:rerun-if-env-changed=CRATE_CC_NO_DEFAULTS\n  CRATE_CC_NO_DEFAULTS = None\n  DEBUG = Some(\"true\")\n  CARGO_CFG_TARGET_FEATURE = None\n  cargo:rerun-if-env-changed=CC_thumbv7m-none-eabi\n  CC_thumbv7m-none-eabi = None\n  cargo:rerun-if-env-changed=CC_thumbv7m_none_eabi\n  CC_thumbv7m_none_eabi = None\n  cargo:rerun-if-env-changed=TARGET_CC\n  TARGET_CC = None\n  cargo:rerun-if-env-changed=CC\n  CC = None\n  RUSTC_LINKER = None\n  cargo:rerun-if-env-changed=CROSS_COMPILE\n  CROSS_COMPILE = None\n  cargo:rerun-if-env-changed=CFLAGS_thumbv7m-none-eabi\n  CFLAGS_thumbv7m-none-eabi = None\n  cargo:rerun-if-env-changed=CFLAGS_thumbv7m_none_eabi\n  CFLAGS_thumbv7m_none_eabi = None\n  cargo:rerun-if-env-changed=TARGET_CFLAGS\n  TARGET_CFLAGS = None\n  cargo:rerun-if-env-changed=CFLAGS\n  CFLAGS = None\n  cargo:rerun-if-env-changed=CRATE_CC_NO_DEFAULTS\n  CRATE_CC_NO_DEFAULTS = None\n  CARGO_CFG_TARGET_FEATURE = None\n  running: \"arm-none-eabi-gcc\" \"-O0\" \"-ffunction-sections\" \"-fdata-sections\" \"-g\" \"-fno-omit-frame-pointer\" \"-mthumb\" \"-march=armv7-m\" \"-I\" \"depend/secp256k1/\" \"-I\" \"depend/secp256k1/include\" \"-I\" \"depend/secp256k1/src\" \"-Wall\" \"-Wextra\" \"-DSECP256K1_API=\" \"-DENABLE_MODULE_ECDH=1\" \"-DENABLE_MODULE_SCHNORRSIG=1\" \"-DENABLE_MODULE_EXTRAKEYS=1\" \"-DUSE_NUM_NONE=1\" \"-DUSE_FIELD_INV_BUILTIN=1\" \"-DUSE_SCALAR_INV_BUILTIN=1\" \"-DECMULT_GEN_PREC_BITS=4\" \"-DECMULT_WINDOW_SIZE=15\" \"-DUSE_EXTERNAL_DEFAULT_CALLBACKS=1\" \"-DENABLE_MODULE_RECOVERY=1\" \"-o\" \"/Users/graysonnocera/Downloads/695-Project/dataset/nostd-failed-crates/crates/litcoinlib-0.29.4/target/thumbv7m-none-eabi/debug/build/secp256k1-sys-5b4774b1f03c9657/out/depend/secp256k1/contrib/lax_der_parsing.o\" \"-c\" \"depend/secp256k1/contrib/lax_der_parsing.c\"\n\n  --- stderr\n\n\n  error occurred: Failed to find tool. Is `arm-none-eabi-gcc` installed?\n\n\n",
      "stdout": ""
    },
    "features": [
      "no-std",
      "std"
    ],
    "project": "../../../Downloads/695-Project/dataset/nostd-failed-crates/crates/litcoinlib-0.29.4/src",
    "time_to_build": 227,
    "time_to_solve": 993
  }
]