[
  {
    "built_with_features": null,
    "command": {
      "args": [
        "build",
        "--target",
        "thumbv7m-none-eabi",
        "--no-default-features"
      ],
      "code": 101,
      "stderr": "   Compiling makepad-miniz v0.4.0 (/Users/graysonnocera/Downloads/695-Project/dataset/nostd-failed-crates/crates/makepad-miniz-0.4.0)\nerror[E0463]: can't find crate for `std`\n  |\n  = note: the `thumbv7m-none-eabi` target may not support the standard library\n  = note: `std` is required by `makepad_miniz` because it does not declare `#![no_std]`\n\nerror[E0463]: can't find crate for `std`\n --> src/adler32/algo.rs:2:5\n  |\n2 | use std::ops::{AddAssign, MulAssign, RemAssign};\n  |     ^^^ can't find crate\n  |\n  = note: the `thumbv7m-none-eabi` target may not support the standard library\n\nerror[E0463]: can't find crate for `std`\n --> src/zip_file.rs:3:5\n  |\n3 | use std::io::{Read, Seek, SeekFrom};\n  |     ^^^ can't find crate\n  |\n  = note: the `thumbv7m-none-eabi` target may not support the standard library\n\nerror: cannot find attribute `derive` in this scope\n   --> src/adler32/algo.rs:110:3\n    |\n110 | #[derive(Copy, Clone)]\n    |   ^^^^^^\n    |\nhelp: consider importing this attribute macro\n    |\n1   + use core::prelude::rust_2024::derive;\n    |\n\nerror: cannot find attribute `derive` in this scope\n  --> src/adler32/mod.rs:86:3\n   |\n86 | #[derive(Debug, Copy, Clone)]\n   |   ^^^^^^\n   |\nhelp: consider importing this attribute macro\n   |\n22 + use core::prelude::rust_2024::derive;\n   |\n\nerror: cannot find attribute `derive` in this scope\n   --> src/deflate/core.rs:162:3\n    |\n162 | #[derive(Copy, Clone)]\n    |   ^^^^^^\n    |\nhelp: consider importing this attribute macro\n    |\n4   + use core::prelude::rust_2024::derive;\n    |\n\nerror: cannot find attribute `derive` in this scope\n   --> src/deflate/core.rs:194:3\n    |\n194 | #[derive(Debug, Copy, Clone, PartialEq, Eq, Hash)]\n    |   ^^^^^^\n    |\nhelp: consider importing this attribute macro\n    |\n4   + use core::prelude::rust_2024::derive;\n    |\n\nerror: cannot find attribute `derive` in this scope\n   --> src/deflate/core.rs:210:3\n    |\n210 | #[derive(Debug, Copy, Clone, PartialEq, Eq, Hash)]\n    |   ^^^^^^\n    |\nhelp: consider importing this attribute macro\n    |\n4   + use core::prelude::rust_2024::derive;\n    |\n\nerror: cannot find attribute `derive` in this scope\n   --> src/deflate/core.rs:256:3\n    |\n256 | #[derive(Debug, Copy, Clone, PartialEq, Eq, Hash)]\n    |   ^^^^^^\n    |\nhelp: consider importing this attribute macro\n    |\n4   + use core::prelude::rust_2024::derive;\n    |\n\nerror: cannot find macro `assert` in this scope\n   --> src/deflate/core.rs:687:9\n    |\n687 |         assert!(bits <= ((1u32 << len) - 1u32));\n    |         ^^^^^^\n    |\nhelp: consider importing this macro\n    |\n4   + use core::assert;\n    |\n\nerror: cannot find macro `assert` in this scope\n    --> src/deflate/core.rs:1180:13\n     |\n1180 |             assert!(code < MAX_HUFF_SYMBOLS_2);\n     |             ^^^^^^\n     |\nhelp: consider importing this macro\n     |\n4    + use core::assert;\n     |\n\nerror: cannot find macro `assert` in this scope\n    --> src/deflate/core.rs:1251:9\n     |\n1251 |         assert!(end < LZ_DICT_FULL_SIZE);\n     |         ^^^^^^\n     |\nhelp: consider importing this macro\n     |\n4    + use core::assert;\n     |\n\nerror: cannot find macro `debug_assert` in this scope\n    --> src/deflate/core.rs:1547:13\n     |\n1547 |             debug_assert!(huff.code_sizes[0][LEN_SYM[match_len] as usize] != 0);\n     |             ^^^^^^^^^^^^\n     |\nhelp: consider importing this macro\n     |\n4    + use core::debug_assert;\n     |\n\nerror: cannot find macro `debug_assert` in this scope\n    --> src/deflate/core.rs:1565:13\n     |\n1565 |             debug_assert!(huff.code_sizes[1][sym] != 0);\n     |             ^^^^^^^^^^^^\n     |\nhelp: consider importing this macro\n     |\n4    + use core::debug_assert;\n     |\n\nerror: cannot find macro `debug_assert` in this scope\n    --> src/deflate/core.rs:1581:17\n     |\n1581 |                 debug_assert!(huff.code_sizes[0][lit as usize] != 0);\n     |                 ^^^^^^^^^^^^\n     |\nhelp: consider importing this macro\n     |\n4    + use core::debug_assert;\n     |\n\nerror: cannot find macro `assert` in this scope\n    --> src/deflate/core.rs:1645:9\n     |\n1645 |         assert!(d.params.flush_remaining == 0);\n     |         ^^^^^^\n     |\nhelp: consider importing this macro\n     |\n4    + use core::assert;\n     |\n\nerror: cannot find macro `assert` in this scope\n    --> src/deflate/core.rs:1757:5\n     |\n1757 |     assert!(match_len >= MIN_MATCH_LEN.into());\n     |     ^^^^^^\n     |\nhelp: consider importing this macro\n     |\n4    + use core::assert;\n     |\n\nerror: cannot find macro `assert` in this scope\n    --> src/deflate/core.rs:1758:5\n     |\n1758 |     assert!(match_dist >= 1);\n     |     ^^^^^^\n     |\nhelp: consider importing this macro\n     |\n4    + use core::assert;\n     |\n\nerror: cannot find macro `assert` in this scope\n    --> src/deflate/core.rs:1759:5\n     |\n1759 |     assert!(match_dist as usize <= LZ_DICT_SIZE);\n     |     ^^^^^^\n     |\nhelp: consider importing this macro\n     |\n4    + use core::assert;\n     |\n\nerror: cannot find macro `assert` in this scope\n    --> src/deflate/core.rs:1941:9\n     |\n1941 |         assert!(lookahead_size >= len_to_move);\n     |         ^^^^^^\n     |\nhelp: consider importing this macro\n     |\n4    + use core::assert;\n     |\n\nerror: cannot find macro `debug_assert` in this scope\n    --> src/deflate/core.rs:1989:5\n     |\n1989 |     debug_assert!(d.lz.code_position < LZ_CODE_BUF_SIZE - 2);\n     |     ^^^^^^^^^^^^\n     |\nhelp: consider importing this macro\n     |\n4    + use core::debug_assert;\n     |\n\nerror: cannot find macro `debug_assert` in this scope\n    --> src/deflate/core.rs:2073:25\n     |\n2073 |                         debug_assert!(cur_match_len >= MIN_MATCH_LEN.into());\n     |                         ^^^^^^^^^^^^\n     |\nhelp: consider importing this macro\n     |\n4    + use core::debug_assert;\n     |\n\nerror: cannot find macro `debug_assert` in this scope\n    --> src/deflate/core.rs:2074:25\n     |\n2074 |                         debug_assert!(cur_match_dist >= 1);\n     |                         ^^^^^^^^^^^^\n     |\nhelp: consider importing this macro\n     |\n4    + use core::debug_assert;\n     |\n\nerror: cannot find macro `debug_assert` in this scope\n    --> src/deflate/core.rs:2075:25\n     |\n2075 |                         debug_assert!(cur_match_dist as usize <= LZ_DICT_SIZE);\n     |                         ^^^^^^^^^^^^\n     |\nhelp: consider importing this macro\n     |\n4    + use core::debug_assert;\n     |\n\nerror: cannot find macro `debug_assert` in this scope\n    --> src/deflate/core.rs:2124:21\n     |\n2124 |                     debug_assert!(d.lz.code_position < LZ_CODE_BUF_SIZE - 2);\n     |                     ^^^^^^^^^^^^\n     |\nhelp: consider importing this macro\n     |\n4    + use core::debug_assert;\n     |\n\nerror: cannot find attribute `derive` in this scope\n  --> src/deflate/mod.rs:15:3\n   |\n15 | #[derive(Debug, Copy, Clone, PartialEq, Eq, Hash)]\n   |   ^^^^^^\n   |\nhelp: consider importing this attribute macro\n   |\n9  + use ::core::prelude::rust_2024::derive;\n   |\n\nerror: cannot find macro `vec` in this scope\n   --> src/deflate/mod.rs:125:22\n    |\n125 |     let mut output = vec![0; ::core::cmp::max(input.len() / 2, 2)];\n    |                      ^^^\n\nerror: cannot find macro `panic` in this scope\n   --> src/deflate/mod.rs:152:18\n    |\n152 |             _ => panic!(\"Bug! Unexpectedly failed to compress!\"),\n    |                  ^^^^^\n    |\nhelp: consider importing this macro\n    |\n9   + use ::core::panic;\n    |\n\nerror: cannot find attribute `derive` in this scope\n   --> src/inflate/core.rs:263:3\n    |\n263 | #[derive(Copy, Clone, PartialEq, Eq, Debug)]\n    |   ^^^^^^\n    |\nhelp: consider importing this attribute macro\n    |\n3   + use ::core::prelude::rust_2024::derive;\n    |\n\nerror: cannot find macro `matches` in this scope\n   --> src/inflate/core.rs:307:9\n    |\n307 |         matches!(\n    |         ^^^^^^^\n    |\nhelp: consider importing this macro\n    |\n3   + use ::core::matches;\n    |\n\nerror: cannot find attribute `derive` in this scope\n   --> src/inflate/core.rs:782:3\n    |\n782 | #[derive(Copy, Clone)]\n    |   ^^^^^^\n    |\nhelp: consider importing this attribute macro\n    |\n3   + use ::core::prelude::rust_2024::derive;\n    |\n\nerror: cannot find macro `unreachable` in this scope\n   --> src/inflate/core.rs:820:14\n    |\n820 |         _ => unreachable!(),\n    |              ^^^^^^^^^^^\n    |\nhelp: consider importing this macro\n    |\n3   + use ::core::unreachable;\n    |\n\nerror: cannot find macro `debug_assert` in this scope\n   --> src/inflate/core.rs:833:5\n    |\n833 |     debug_assert!(out_pos + match_len <= out_slice.len());\n    |     ^^^^^^^^^^^^\n    |\nhelp: consider importing this macro\n    |\n3   + use core::debug_assert;\n    |\n\nerror: cannot find macro `cfg` in this scope\n   --> src/inflate/core.rs:845:8\n    |\n845 |     if cfg!(not(any(target_arch = \"x86\", target_arch = \"x86_64\"))) {\n    |        ^^^\n    |\n    = note: `cfg` is in scope, but it is an attribute: `#[cfg]`\nhelp: consider importing this macro\n    |\n3   + use core::cfg;\n    |\n\nerror: cannot find macro `cfg` in this scope\n   --> src/inflate/core.rs:916:24\n    |\n916 |                     if cfg!(not(target_pointer_width = \"64\")) {\n    |                        ^^^\n    |\n    = note: `cfg` is in scope, but it is an attribute: `#[cfg]`\nhelp: consider importing this macro\n    |\n3   + use ::core::cfg;\n    |\n\nerror: cannot find macro `cfg` in this scope\n   --> src/inflate/core.rs:977:16\n    |\n977 |             if cfg!(not(target_pointer_width = \"64\")) {\n    |                ^^^\n    |\n    = note: `cfg` is in scope, but it is an attribute: `#[cfg]`\nhelp: consider importing this macro\n    |\n3   + use ::core::cfg;\n    |\n\nerror: cannot find macro `unreachable` in this scope\n    --> src/inflate/core.rs:1155:30\n     |\n1155 |                         _ => unreachable!()\n     |                              ^^^^^^^^^^^\n     |\nhelp: consider importing this macro\n     |\n3    + use ::core::unreachable;\n     |\n\nerror: cannot find macro `cfg` in this scope\n    --> src/inflate/core.rs:1414:28\n     |\n1414 |                         if cfg!(not(target_pointer_width = \"64\")) {\n     |                            ^^^\n     |\n     = note: `cfg` is in scope, but it is an attribute: `#[cfg]`\nhelp: consider importing this macro\n     |\n3    + use ::core::cfg;\n     |\n\nerror: cannot find macro `debug_assert_eq` in this scope\n    --> src/inflate/core.rs:1597:21\n     |\n1597 |                     debug_assert_eq!(l.num_bits, 0);\n     |                     ^^^^^^^^^^^^^^^\n     |\nhelp: consider importing this macro\n     |\n3    + use core::debug_assert_eq;\n     |\n\nerror: cannot find macro `cfg` in this scope\n    --> src/inflate/core.rs:1684:13\n     |\n1684 |         if !cfg!(fuzzing) {\n     |             ^^^\n     |\n     = note: `cfg` is in scope, but it is an attribute: `#[cfg]`\nhelp: consider importing this macro\n     |\n3    + use ::core::cfg;\n     |\n\nerror: cannot find attribute `derive` in this scope\n  --> src/inflate/mod.rs:22:3\n   |\n22 | #[derive(Debug, Copy, Clone, PartialEq, Eq, Hash)]\n   |   ^^^^^^\n   |\nhelp: consider importing this attribute macro\n   |\n5  + use ::core::prelude::rust_2024::derive;\n   |\n\nerror: cannot find macro `vec` in this scope\n   --> src/inflate/mod.rs:131:28\n    |\n131 |     let mut ret: Vec<u8> = vec![0; input.len().saturating_mul(2).min(max_output_size)];\n    |                            ^^^\n\nerror: cannot find attribute `derive` in this scope\n  --> src/zip_file.rs:11:3\n   |\n11 | #[derive(Clone, Debug)]\n   |   ^^^^^^\n   |\nhelp: consider importing this attribute macro\n   |\n3  + use core::prelude::rust_2024::derive;\n   |\n\nerror: cannot find attribute `derive` in this scope\n  --> src/zip_file.rs:66:3\n   |\n66 | #[derive(Clone, Debug)]\n   |   ^^^^^^\n   |\nhelp: consider importing this attribute macro\n   |\n3  + use core::prelude::rust_2024::derive;\n   |\n\nerror: cannot find attribute `derive` in this scope\n   --> src/zip_file.rs:142:3\n    |\n142 | #[derive(Clone, Debug)]\n    |   ^^^^^^\n    |\nhelp: consider importing this attribute macro\n    |\n3   + use core::prelude::rust_2024::derive;\n    |\n\nerror: cannot find attribute `derive` in this scope\n   --> src/zip_file.rs:249:3\n    |\n249 | #[derive(Debug)]\n    |   ^^^^^^\n    |\nhelp: consider importing this attribute macro\n    |\n3   + use core::prelude::rust_2024::derive;\n    |\n\nerror: cannot find attribute `derive` in this scope\n  --> src/lib.rs:43:3\n   |\n43 | #[derive(Debug, Copy, Clone, PartialEq, Eq, Hash)]\n   |   ^^^^^^\n   |\nhelp: consider importing this attribute macro\n   |\n30 + use core::prelude::rust_2024::derive;\n   |\n\nerror: cannot find attribute `derive` in this scope\n  --> src/lib.rs:85:3\n   |\n85 | #[derive(Debug, Copy, Clone, PartialEq, Eq, Hash)]\n   |   ^^^^^^\n   |\nhelp: consider importing this attribute macro\n   |\n30 + use core::prelude::rust_2024::derive;\n   |\n\nerror: cannot find attribute `derive` in this scope\n   --> src/lib.rs:109:3\n    |\n109 | #[derive(Debug, Copy, Clone, PartialEq, Eq, Hash)]\n    |   ^^^^^^\n    |\nhelp: consider importing this attribute macro\n    |\n30  + use core::prelude::rust_2024::derive;\n    |\n\nerror: cannot find attribute `derive` in this scope\n   --> src/lib.rs:147:3\n    |\n147 | #[derive(Debug, Copy, Clone, PartialEq, Eq, Hash)]\n    |   ^^^^^^\n    |\nhelp: consider importing this attribute macro\n    |\n30  + use core::prelude::rust_2024::derive;\n    |\n\nerror: cannot find attribute `derive` in this scope\n   --> src/lib.rs:180:3\n    |\n180 | #[derive(Debug, Copy, Clone, PartialEq, Eq, Hash)]\n    |   ^^^^^^\n    |\nhelp: consider importing this attribute macro\n    |\n30  + use core::prelude::rust_2024::derive;\n    |\n\nerror[E0463]: can't find crate for `std`\n   --> src/adler32/mod.rs:154:6\n    |\n154 | impl std::hash::Hasher for Adler32 {\n    |      ^^^ can't find crate\n    |\n    = note: the `thumbv7m-none-eabi` target may not support the standard library\n\nerror[E0405]: cannot find trait `Default` in this scope\n   --> src/adler32/mod.rs:147:6\n    |\n147 | impl Default for Adler32 {\n    |      ^^^^^^^ not found in this scope\n    |\nhelp: consider importing this trait\n    |\n22  + use core::default::Default;\n    |\n\nerror[E0405]: cannot find trait `Default` in this scope\n  --> src/deflate/buffer.rs:38:6\n   |\n38 | impl Default for HashBuffers {\n   |      ^^^^^^^ not found in this scope\n   |\nhelp: consider importing this trait\n   |\n5  + use core::default::Default;\n   |\n\nerror[E0405]: cannot find trait `Default` in this scope\n  --> src/deflate/buffer.rs:52:6\n   |\n52 | impl Default for LocalBuf {\n   |      ^^^^^^^ not found in this scope\n   |\nhelp: consider importing this trait\n   |\n5  + use core::default::Default;\n   |\n\nerror[E0405]: cannot find trait `From` in this scope\n   --> src/deflate/core.rs:230:6\n    |\n230 | impl From<MZFlush> for TDEFLFlush {\n    |      ^^^^ not found in this scope\n    |\nhelp: consider importing this trait\n    |\n4   + use core::convert::From;\n    |\n\nerror[E0425]: cannot find function, tuple struct or tuple variant `Ok` in this scope\n   --> src/deflate/core.rs:245:18\n    |\n245 |             0 => Ok(TDEFLFlush::None),\n    |                  ^^ not found in this scope\n    |\nhelp: consider importing one of these items\n    |\n4   + use crate::MZStatus::Ok;\n    |\n4   + use core::result::Result::Ok;\n    |\n\nerror[E0425]: cannot find function, tuple struct or tuple variant `Ok` in this scope\n   --> src/deflate/core.rs:246:18\n    |\n246 |             2 => Ok(TDEFLFlush::Sync),\n    |                  ^^ not found in this scope\n    |\nhelp: consider importing one of these items\n    |\n4   + use crate::MZStatus::Ok;\n    |\n4   + use core::result::Result::Ok;\n    |\n\nerror[E0425]: cannot find function, tuple struct or tuple variant `Ok` in this scope\n   --> src/deflate/core.rs:247:18\n    |\n247 |             3 => Ok(TDEFLFlush::Full),\n    |                  ^^ not found in this scope\n    |\nhelp: consider importing one of these items\n    |\n4   + use crate::MZStatus::Ok;\n    |\n4   + use core::result::Result::Ok;\n    |\n\nerror[E0425]: cannot find function, tuple struct or tuple variant `Ok` in this scope\n   --> src/deflate/core.rs:248:18\n    |\n248 |             4 => Ok(TDEFLFlush::Finish),\n    |                  ^^ not found in this scope\n    |\nhelp: consider importing one of these items\n    |\n4   + use crate::MZStatus::Ok;\n    |\n4   + use core::result::Result::Ok;\n    |\n\nerror[E0425]: cannot find function, tuple struct or tuple variant `Err` in this scope\n   --> src/deflate/core.rs:249:18\n    |\n249 |             _ => Err(MZError::Param),\n    |                  ^^^ not found in this scope\n    |\nhelp: consider importing this tuple variant\n    |\n4   + use core::result::Result::Err;\n    |\n\nerror[E0405]: cannot find trait `Copy` in this scope\n   --> src/deflate/core.rs:393:14\n    |\n393 | fn memset<T: Copy>(slice: &mut [T], val: T) {\n    |              ^^^^ not found in this scope\n    |\nhelp: consider importing this trait\n    |\n4   + use core::marker::Copy;\n    |\n\nerror[E0412]: cannot find type `Box` in this scope\n   --> src/deflate/core.rs:417:11\n    |\n417 |     huff: Box<HuffmanOxide>,\n    |           ^^^ not found in this scope\n\nerror[E0405]: cannot find trait `Default` in this scope\n   --> src/deflate/core.rs:517:6\n    |\n517 | impl Default for CompressorOxide {\n    |      ^^^^^^^ not found in this scope\n    |\nhelp: consider importing this trait\n    |\n4   + use core::default::Default;\n    |\n\nerror[E0405]: cannot find trait `FnMut` in this scope\n   --> src/deflate/core.rs:535:35\n    |\n535 |     pub put_buf_func: &'a mut dyn FnMut(&[u8]) -> bool,\n    |                                   ^^^^^ not found in this scope\n    |\nhelp: consider importing this trait\n    |\n4   + use core::ops::FnMut;\n    |\n\nerror[E0412]: cannot find type `Option` in this scope\n   --> src/deflate/core.rs:624:13\n    |\n624 |     in_buf: Option<&'a [u8]>,\n    |             ^^^^^^ not found in this scope\n    |\nhelp: consider importing this enum\n    |\n4   + use core::option::Option;\n    |\n\nerror[E0412]: cannot find type `Option` in this scope\n   --> src/deflate/core.rs:625:18\n    |\n625 |     in_buf_size: Option<&'a mut usize>,\n    |                  ^^^^^^ not found in this scope\n    |\nhelp: consider importing this enum\n    |\n4   + use core::option::Option;\n    |\n\nerror[E0412]: cannot find type `Option` in this scope\n   --> src/deflate/core.rs:626:19\n    |\n626 |     out_buf_size: Option<&'a mut usize>,\n    |                   ^^^^^^ not found in this scope\n    |\nhelp: consider importing this enum\n    |\n4   + use core::option::Option;\n    |\n\nerror[E0425]: cannot find function, tuple struct or tuple variant `Some` in this scope\n   --> src/deflate/core.rs:633:21\n    |\n633 |             in_buf: Some(in_buf),\n    |                     ^^^^ not found in this scope\n    |\nhelp: consider importing this tuple variant\n    |\n4   + use core::option::Option::Some;\n    |\n\nerror[E0425]: cannot find value `None` in this scope\n   --> src/deflate/core.rs:634:26\n    |\n634 |             in_buf_size: None,\n    |                          ^^^^ not found in this scope\n    |\nhelp: consider importing one of these unit variants\n    |\n4   + use crate::MZFlush::None;\n    |\n4   + use crate::deflate::TDEFLFlush::None;\n    |\n4   + use core::option::Option::None;\n    |\n\nerror[E0425]: cannot find value `None` in this scope\n   --> src/deflate/core.rs:635:27\n    |\n635 |             out_buf_size: None,\n    |                           ^^^^ not found in this scope\n    |\nhelp: consider importing one of these unit variants\n    |\n4   + use crate::MZFlush::None;\n    |\n4   + use crate::deflate::TDEFLFlush::None;\n    |\n4   + use core::option::Option::None;\n    |\n\nerror[E0425]: cannot find function, tuple struct or tuple variant `Some` in this scope\n   --> src/deflate/core.rs:642:21\n    |\n642 |             in_buf: Some(in_buf),\n    |                     ^^^^ not found in this scope\n    |\nhelp: consider importing this tuple variant\n    |\n4   + use core::option::Option::Some;\n    |\n\nerror[E0425]: cannot find value `None` in this scope\n   --> src/deflate/core.rs:643:26\n    |\n643 |             in_buf_size: None,\n    |                          ^^^^ not found in this scope\n    |\nhelp: consider importing one of these unit variants\n    |\n4   + use crate::MZFlush::None;\n    |\n4   + use crate::deflate::TDEFLFlush::None;\n    |\n4   + use core::option::Option::None;\n    |\n\nerror[E0425]: cannot find value `None` in this scope\n   --> src/deflate/core.rs:644:27\n    |\n644 |             out_buf_size: None,\n    |                           ^^^^ not found in this scope\n    |\nhelp: consider importing one of these unit variants\n    |\n4   + use crate::MZFlush::None;\n    |\n4   + use crate::deflate::TDEFLFlush::None;\n    |\n4   + use core::option::Option::None;\n    |\n\nerror[E0412]: cannot find type `Option` in this scope\n   --> src/deflate/core.rs:649:40\n    |\n649 |     fn update_size(&mut self, in_size: Option<usize>, out_size: Option<usize>) {\n    |                                        ^^^^^^ not found in this scope\n    |\nhelp: consider importing this enum\n    |\n4   + use core::option::Option;\n    |\n\nerror[E0412]: cannot find type `Option` in this scope\n   --> src/deflate/core.rs:649:65\n    |\n649 |     fn update_size(&mut self, in_size: Option<usize>, out_size: Option<usize>) {\n    |                                                                 ^^^^^^ not found in this scope\n    |\nhelp: consider importing this enum\n    |\n4   + use core::option::Option;\n    |\n\nerror[E0531]: cannot find tuple struct or tuple variant `Some` in this scope\n   --> src/deflate/core.rs:650:17\n    |\n650 |         if let (Some(in_size), Some(size)) = (in_size, self.in_buf_size.as_mut()) {\n    |                 ^^^^ not found in this scope\n    |\nhelp: consider importing this tuple variant\n    |\n4   + use core::option::Option::Some;\n    |\n\nerror[E0531]: cannot find tuple struct or tuple variant `Some` in this scope\n   --> src/deflate/core.rs:650:32\n    |\n650 |         if let (Some(in_size), Some(size)) = (in_size, self.in_buf_size.as_mut()) {\n    |                                ^^^^ not found in this scope\n    |\nhelp: consider importing this tuple variant\n    |\n4   + use core::option::Option::Some;\n    |\n\nerror[E0531]: cannot find tuple struct or tuple variant `Some` in this scope\n   --> src/deflate/core.rs:654:17\n    |\n654 |         if let (Some(out_size), Some(size)) = (out_size, self.out_buf_size.as_mut()) {\n    |                 ^^^^ not found in this scope\n    |\nhelp: consider importing this tuple variant\n    |\n4   + use core::option::Option::Some;\n    |\n\nerror[E0531]: cannot find tuple struct or tuple variant `Some` in this scope\n   --> src/deflate/core.rs:654:33\n    |\n654 |         if let (Some(out_size), Some(size)) = (out_size, self.out_buf_size.as_mut()) {\n    |                                 ^^^^ not found in this scope\n    |\nhelp: consider importing this tuple variant\n    |\n4   + use core::option::Option::Some;\n    |\n\nerror[E0425]: cannot find function, tuple struct or tuple variant `Some` in this scope\n   --> src/deflate/core.rs:668:26\n    |\n668 |         self.update_size(Some(params.src_pos), None);\n    |                          ^^^^ not found in this scope\n    |\nhelp: consider importing this tuple variant\n    |\n4   + use core::option::Option::Some;\n    |\n\nerror[E0425]: cannot find value `None` in this scope\n   --> src/deflate/core.rs:668:48\n    |\n668 |         self.update_size(Some(params.src_pos), None);\n    |                                                ^^^^ not found in this scope\n    |\nhelp: consider importing one of these unit variants\n    |\n4   + use crate::MZFlush::None;\n    |\n4   + use crate::deflate::TDEFLFlush::None;\n    |\n4   + use core::option::Option::None;\n    |\n\nerror[E0531]: cannot find tuple struct or tuple variant `Some` in this scope\n   --> src/deflate/core.rs:749:13\n    |\n749 |             Some(n) if n <= output.inner.len() => output.inner_pos = n,\n    |             ^^^^ not found in this scope\n    |\nhelp: consider importing this tuple variant\n    |\n4   + use core::option::Option::Some;\n    |\n\nerror[E0425]: cannot find function, tuple struct or tuple variant `Err` in this scope\n   --> src/deflate/core.rs:750:25\n    |\n750 |             _ => return Err(Error {}),\n    |                         ^^^ not found in this scope\n    |\nhelp: consider importing this tuple variant\n    |\n4   + use core::result::Result::Err;\n    |\n\nerror[E0425]: cannot find function, tuple struct or tuple variant `Ok` in this scope\n   --> src/deflate/core.rs:754:9\n    |\n754 |         Ok(())\n    |         ^^ not found in this scope\n    |\nhelp: consider importing one of these items\n    |\n4   + use crate::MZStatus::Ok;\n    |\n4   + use core::result::Result::Ok;\n    |\n\nerror[E0425]: cannot find function, tuple struct or tuple variant `Ok` in this scope\n   --> src/deflate/core.rs:808:9\n    |\n808 |         Ok(())\n    |         ^^ not found in this scope\n    |\nhelp: consider importing one of these items\n    |\n4   + use crate::MZStatus::Ok;\n    |\n4   + use core::result::Result::Ok;\n    |\n\nerror[E0425]: cannot find function, tuple struct or tuple variant `Ok` in this scope\n   --> src/deflate/core.rs:833:9\n    |\n833 |         Ok(())\n    |         ^^ not found in this scope\n    |\nhelp: consider importing one of these items\n    |\n4   + use crate::MZStatus::Ok;\n    |\n4   + use core::result::Result::Ok;\n    |\n\nerror[E0531]: cannot find tuple struct or tuple variant `Some` in this scope\n   --> src/deflate/core.rs:839:9\n    |\n839 |         Some(s) => s.copy_from_slice(src),\n    |         ^^^^ not found in this scope\n    |\nhelp: consider importing this tuple variant\n    |\n4   + use core::option::Option::Some;\n    |\n\nerror[E0425]: cannot find function, tuple struct or tuple variant `Err` in this scope\n   --> src/deflate/core.rs:840:24\n    |\n840 |         None => return Err(Error {}),\n    |                        ^^^ not found in this scope\n    |\nhelp: consider importing this tuple variant\n    |\n4   + use core::result::Result::Err;\n    |\n\nerror[E0425]: cannot find function, tuple struct or tuple variant `Ok` in this scope\n   --> src/deflate/core.rs:843:5\n    |\n843 |     Ok(())\n    |     ^^ not found in this scope\n    |\nhelp: consider importing one of these items\n    |\n4   + use crate::MZStatus::Ok;\n    |\n4   + use core::result::Result::Ok;\n    |\n\nerror[E0405]: cannot find trait `Default` in this scope\n   --> src/deflate/core.rs:846:6\n    |\n846 | impl Default for HuffmanOxide {\n    |      ^^^^^^^ not found in this scope\n    |\nhelp: consider importing this trait\n    |\n4   + use core::default::Default;\n    |\n\nerror[E0425]: cannot find function, tuple struct or tuple variant `Ok` in this scope\n    --> src/deflate/core.rs:1194:9\n     |\n1194 |         Ok(())\n     |         ^^ not found in this scope\n     |\nhelp: consider importing one of these items\n     |\n4    + use crate::MZStatus::Ok;\n     |\n4    + use core::result::Result::Ok;\n     |\n\nerror[E0412]: cannot find type `Box` in this scope\n    --> src/deflate/core.rs:1204:12\n     |\n1204 |     pub b: Box<HashBuffers>,\n     |            ^^^ not found in this scope\n\nerror[E0412]: cannot find type `Box` in this scope\n    --> src/deflate/core.rs:1411:20\n     |\n1411 |     pub local_buf: Box<LocalBuf>,\n     |                    ^^^ not found in this scope\n\nerror[E0425]: cannot find function, tuple struct or tuple variant `Ok` in this scope\n    --> src/deflate/core.rs:1611:5\n     |\n1611 |     Ok(true)\n     |     ^^ not found in this scope\n     |\nhelp: consider importing one of these items\n     |\n4    + use crate::MZStatus::Ok;\n     |\n4    + use core::result::Result::Ok;\n     |\n\nerror[E0425]: cannot find function, tuple struct or tuple variant `Ok` in this scope\n    --> src/deflate/core.rs:1743:5\n     |\n1743 |     Ok(callback.flush_output(saved_buffer, &mut d.params))\n     |     ^^ not found in this scope\n     |\nhelp: consider importing one of these items\n     |\n4    + use crate::MZStatus::Ok;\n     |\n4    + use core::result::Result::Ok;\n     |\n\nerror[E0531]: cannot find tuple struct or tuple variant `Some` in this scope\n    --> src/deflate/core.rs:1785:9\n     |\n1785 |         Some(in_buf) => in_buf,\n     |         ^^^^ not found in this scope\n     |\nhelp: consider importing this tuple variant\n     |\n4    + use core::option::Option::Some;\n     |\n\nerror[E0531]: cannot find tuple struct or tuple variant `Some` in this scope\n    --> src/deflate/core.rs:1986:9\n     |\n1986 |         Some(in_buf) => in_buf,\n     |         ^^^^ not found in this scope\n     |\nhelp: consider importing this tuple variant\n     |\n4    + use core::option::Option::Some;\n     |\n\nerror[E0531]: cannot find tuple struct or tuple variant `Err` in this scope\n    --> src/deflate/core.rs:2113:25\n     |\n2113 |                         Err(_) => {\n     |                         ^^^ not found in this scope\n     |\nhelp: consider importing this tuple variant\n     |\n4    + use core::result::Result::Err;\n     |\n\nerror[E0531]: cannot find tuple struct or tuple variant `Ok` in this scope\n    --> src/deflate/core.rs:2118:25\n     |\n2118 |                         Ok(status) => status,\n     |                         ^^ not found in this scope\n     |\nhelp: consider importing this tuple variant\n     |\n4    + use core::result::Result::Ok;\n     |\n\nerror[E0531]: cannot find tuple struct or tuple variant `Err` in this scope\n    --> src/deflate/core.rs:2151:21\n     |\n2151 |                     Err(_) => {\n     |                     ^^^ not found in this scope\n     |\nhelp: consider importing this tuple variant\n     |\n4    + use core::result::Result::Err;\n     |\n\nerror[E0531]: cannot find tuple struct or tuple variant `Ok` in this scope\n    --> src/deflate/core.rs:2156:21\n     |\n2156 |                     Ok(status) => status,\n     |                     ^^ not found in this scope\n     |\nhelp: consider importing this tuple variant\n     |\n4    + use core::result::Result::Ok;\n     |\n\nerror[E0405]: cannot find trait `FnMut` in this scope\n    --> src/deflate/core.rs:2236:29\n     |\n2236 |     mut callback_func: impl FnMut(&[u8]) -> bool,\n     |                             ^^^^^ not found in this scope\n     |\nhelp: consider importing this trait\n     |\n4    + use core::ops::FnMut;\n     |\n\nerror[E0531]: cannot find tuple struct or tuple variant `Some` in this scope\n    --> src/deflate/core.rs:2295:12\n     |\n2295 |     if let Some(in_buf) = callback.in_buf {\n     |            ^^^^ not found in this scope\n     |\nhelp: consider importing this tuple variant\n     |\n4    + use core::option::Option::Some;\n     |\n\nerror[E0531]: cannot find tuple struct or tuple variant `Err` in this scope\n    --> src/deflate/core.rs:2307:13\n     |\n2307 |             Err(_) => {\n     |             ^^^ not found in this scope\n     |\nhelp: consider importing this tuple variant\n     |\n4    + use core::result::Result::Err;\n     |\n\nerror[E0531]: cannot find tuple struct or tuple variant `Ok` in this scope\n    --> src/deflate/core.rs:2315:13\n     |\n2315 |             Ok(x) if x < 0 => {\n     |             ^^ not found in this scope\n     |\nhelp: consider importing this tuple variant\n     |\n4    + use core::result::Result::Ok;\n     |\n\nerror[E0412]: cannot find type `Vec` in this scope\n   --> src/deflate/mod.rs:110:52\n    |\n110 | pub fn compress_to_vec(input: &[u8], level: u8) -> Vec<u8> {\n    |                                                    ^^^ not found in this scope\n\nerror[E0412]: cannot find type `Vec` in this scope\n   --> src/deflate/mod.rs:116:57\n    |\n116 | pub fn compress_to_vec_zlib(input: &[u8], level: u8) -> Vec<u8> {\n    |                                                         ^^^ not found in this scope\n\nerror[E0412]: cannot find type `Vec` in this scope\n   --> src/deflate/mod.rs:121:87\n    |\n121 | fn compress_to_vec_inner(input: &[u8], level: u8, window_bits: i32, strategy: i32) -> Vec<u8> {\n    |                                                                                       ^^^ not found in this scope\n\nerror[E0412]: cannot find type `Option` in this scope\n   --> src/inflate/core.rs:72:45\n    |\n72  |     fn lookup(&self, bit_buf: BitBuffer) -> Option<(i32, u32)> {\n    |                                             ^^^^^^\n...\n465 | enum Action {\n    | ----------- similarly named enum `Action` defined here\n    |\nhelp: an enum with a similar name exists\n    |\n72  |     fn lookup(&self, bit_buf: BitBuffer) -> Action<(i32, u32)> {\n    |                                             ~~~~~~\nhelp: consider importing this enum\n    |\n3   + use ::core::option::Option;\n    |\n\nerror[E0425]: cannot find function, tuple struct or tuple variant `Some` in this scope\n  --> src/inflate/core.rs:76:17\n   |\n76 |                 Some((symbol, (symbol >> 9) as u32))\n   |                 ^^^^ not found in this scope\n   |\nhelp: consider importing this tuple variant\n   |\n3  + use ::core::option::Option::Some;\n   |\n\nerror[E0425]: cannot find value `None` in this scope\n  --> src/inflate/core.rs:79:17\n   |\n79 |                 None\n   |                 ^^^^ not found in this scope\n   |\nhelp: consider importing one of these unit variants\n   |\n3  + use crate::MZFlush::None;\n   |\n3  + use crate::deflate::core::TDEFLFlush::None;\n   |\n3  + use crate::inflate::core::Action::None;\n   |\n3  + use ::core::option::Option::None;\n   |\n\nerror[E0425]: cannot find function, tuple struct or tuple variant `Some` in this scope\n  --> src/inflate/core.rs:83:13\n   |\n83 |             Some(self.tree_lookup(symbol, bit_buf, FAST_LOOKUP_BITS.into()))\n   |             ^^^^ not found in this scope\n   |\nhelp: consider importing this tuple variant\n   |\n3  + use ::core::option::Option::Some;\n   |\n\nerror[E0412]: cannot find type `Option` in this scope\n   --> src/inflate/core.rs:214:30\n    |\n214 |     pub fn adler32(&self) -> Option<u32> {\n    |                              ^^^^^^\n...\n465 | enum Action {\n    | ----------- similarly named enum `Action` defined here\n    |\nhelp: an enum with a similar name exists\n    |\n214 |     pub fn adler32(&self) -> Action<u32> {\n    |                              ~~~~~~\nhelp: consider importing this enum\n    |\n3   + use ::core::option::Option;\n    |\n\nerror[E0425]: cannot find function, tuple struct or tuple variant `Some` in this scope\n   --> src/inflate/core.rs:216:13\n    |\n216 |             Some(self.check_adler32)\n    |             ^^^^ not found in this scope\n    |\nhelp: consider importing this tuple variant\n    |\n3   + use ::core::option::Option::Some;\n    |\n\nerror[E0425]: cannot find value `None` in this scope\n   --> src/inflate/core.rs:218:13\n    |\n218 |             None\n    |             ^^^^ not found in this scope\n    |\nhelp: consider importing one of these unit variants\n    |\n3   + use crate::MZFlush::None;\n    |\n3   + use crate::deflate::core::TDEFLFlush::None;\n    |\n3   + use crate::inflate::core::Action::None;\n    |\n3   + use ::core::option::Option::None;\n    |\n\nerror[E0412]: cannot find type `Option` in this scope\n   --> src/inflate/core.rs:224:37\n    |\n224 |     pub fn adler32_header(&self) -> Option<u32> {\n    |                                     ^^^^^^\n...\n465 | enum Action {\n    | ----------- similarly named enum `Action` defined here\n    |\nhelp: an enum with a similar name exists\n    |\n224 |     pub fn adler32_header(&self) -> Action<u32> {\n    |                                     ~~~~~~\nhelp: consider importing this enum\n    |\n3   + use ::core::option::Option;\n    |\n\nerror[E0425]: cannot find function, tuple struct or tuple variant `Some` in this scope\n   --> src/inflate/core.rs:226:13\n    |\n226 |             Some(self.z_adler32)\n    |             ^^^^ not found in this scope\n    |\nhelp: consider importing this tuple variant\n    |\n3   + use ::core::option::Option::Some;\n    |\n\nerror[E0425]: cannot find value `None` in this scope\n   --> src/inflate/core.rs:228:13\n    |\n228 |             None\n    |             ^^^^ not found in this scope\n    |\nhelp: consider importing one of these unit variants\n    |\n3   + use crate::MZFlush::None;\n    |\n3   + use crate::deflate::core::TDEFLFlush::None;\n    |\n3   + use crate::inflate::core::Action::None;\n    |\n3   + use ::core::option::Option::None;\n    |\n\nerror[E0405]: cannot find trait `Default` in this scope\n   --> src/inflate/core.rs:233:6\n    |\n233 | impl Default for DecompressorOxide {\n    |      ^^^^^^^ not found in this scope\n    |\nhelp: consider importing this trait\n    |\n3   + use ::core::default::Default;\n    |\n\nerror[E0405]: cannot find trait `Copy` in this scope\n   --> src/inflate/core.rs:372:14\n    |\n372 | fn memset<T: Copy>(slice: &mut [T], val: T) {\n    |              ^^^^ not found in this scope\n    |\nhelp: consider importing this trait\n    |\n3   + use ::core::marker::Copy;\n    |\n\nerror[E0405]: cannot find trait `FnOnce` in this scope\n   --> src/inflate/core.rs:486:8\n    |\n486 |     F: FnOnce(&mut DecompressorOxide, &mut LocalVars, i32) -> Action,\n    |        ^^^^^^ not found in this scope\n    |\nhelp: consider importing this trait\n    |\n3   + use ::core::ops::FnOnce;\n    |\n\nerror[E0405]: cannot find trait `FnOnce` in this scope\n   --> src/inflate/core.rs:592:8\n    |\n592 |     F: FnOnce(u8) -> Action,\n    |        ^^^^^^ not found in this scope\n    |\nhelp: consider importing this trait\n    |\n3   + use ::core::ops::FnOnce;\n    |\n\nerror[E0531]: cannot find tuple struct or tuple variant `Some` in this scope\n   --> src/inflate/core.rs:596:9\n    |\n596 |         Some(&byte) => f(byte),\n    |         ^^^^ not found in this scope\n    |\nhelp: consider importing this tuple variant\n    |\n3   + use ::core::option::Option::Some;\n    |\n\nerror[E0405]: cannot find trait `FnOnce` in this scope\n   --> src/inflate/core.rs:614:8\n    |\n614 |     F: FnOnce(&mut LocalVars, BitBuffer) -> Action,\n    |        ^^^^^^ not found in this scope\n    |\nhelp: consider importing this trait\n    |\n3   + use ::core::ops::FnOnce;\n    |\n\nerror[E0405]: cannot find trait `FnOnce` in this scope\n   --> src/inflate/core.rs:640:8\n    |\n640 |     F: FnOnce(&mut LocalVars) -> Action,\n    |        ^^^^^^ not found in this scope\n    |\nhelp: consider importing this trait\n    |\n3   + use ::core::ops::FnOnce;\n    |\n\nerror[E0531]: cannot find tuple struct or tuple variant `Some` in this scope\n   --> src/inflate/core.rs:905:20\n    |\n905 |             if let Some((symbol, code_len)) = r.tables[LITLEN_TABLE].lookup(l.bit_buf) {\n    |                    ^^^^ not found in this scope\n    |\nhelp: consider importing this tuple variant\n    |\n3   + use ::core::option::Option::Some;\n    |\n\nerror[E0531]: cannot find tuple struct or tuple variant `Some` in this scope\n   --> src/inflate/core.rs:920:28\n    |\n920 |                     if let Some((symbol, code_len)) = r.tables[LITLEN_TABLE].lookup(l.bit_buf) {\n    |                            ^^^^ not found in this scope\n    |\nhelp: consider importing this tuple variant\n    |\n3   + use ::core::option::Option::Some;\n    |\n\nerror[E0531]: cannot find tuple struct or tuple variant `Some` in this scope\n   --> src/inflate/core.rs:981:20\n    |\n981 |             if let Some((mut symbol, code_len)) = r.tables[DIST_TABLE].lookup(l.bit_buf) {\n    |                    ^^^^ not found in this scope\n    |\nhelp: consider importing this tuple variant\n    |\n3   + use ::core::option::Option::Some;\n    |\n\nerror[E0531]: cannot find tuple struct or tuple variant `Some` in this scope\n    --> src/inflate/core.rs:1402:28\n     |\n1402 |                     if let Some((symbol, code_len)) = r.tables[LITLEN_TABLE].lookup(l.bit_buf) {\n     |                            ^^^^ not found in this scope\n     |\nhelp: consider importing this tuple variant\n     |\n3    + use ::core::option::Option::Some;\n     |\n\nerror[E0531]: cannot find tuple struct or tuple variant `Some` in this scope\n    --> src/inflate/core.rs:1418:32\n     |\n1418 |                         if let Some((symbol, code_len)) = r.tables[LITLEN_TABLE].lookup(l.bit_buf) {\n     |                                ^^^^ not found in this scope\n     |\nhelp: consider importing this tuple variant\n     |\n3    + use ::core::option::Option::Some;\n     |\n\nerror[E0412]: cannot find type `Option` in this scope\n  --> src/inflate/mod.rs:64:36\n   |\n64 |     pub fn from_i32(value: i32) -> Option<TINFLStatus> {\n   |                                    ^^^^^^ not found in this scope\n   |\nhelp: consider importing this enum\n   |\n5  + use ::core::option::Option;\n   |\n\nerror[E0425]: cannot find function, tuple struct or tuple variant `Some` in this scope\n  --> src/inflate/mod.rs:67:57\n   |\n67 |             TINFL_STATUS_FAILED_CANNOT_MAKE_PROGRESS => Some(FailedCannotMakeProgress),\n   |                                                         ^^^^ not found in this scope\n   |\nhelp: consider importing this tuple variant\n   |\n5  + use core::option::Option::Some;\n   |\n\nerror[E0425]: cannot find function, tuple struct or tuple variant `Some` in this scope\n  --> src/inflate/mod.rs:68:39\n   |\n68 |             TINFL_STATUS_BAD_PARAM => Some(BadParam),\n   |                                       ^^^^ not found in this scope\n   |\nhelp: consider importing this tuple variant\n   |\n5  + use core::option::Option::Some;\n   |\n\nerror[E0425]: cannot find function, tuple struct or tuple variant `Some` in this scope\n  --> src/inflate/mod.rs:69:46\n   |\n69 |             TINFL_STATUS_ADLER32_MISMATCH => Some(Adler32Mismatch),\n   |                                              ^^^^ not found in this scope\n   |\nhelp: consider importing this tuple variant\n   |\n5  + use core::option::Option::Some;\n   |\n\nerror[E0425]: cannot find function, tuple struct or tuple variant `Some` in this scope\n  --> src/inflate/mod.rs:70:36\n   |\n70 |             TINFL_STATUS_FAILED => Some(Failed),\n   |                                    ^^^^ not found in this scope\n   |\nhelp: consider importing this tuple variant\n   |\n5  + use core::option::Option::Some;\n   |\n\nerror[E0425]: cannot find function, tuple struct or tuple variant `Some` in this scope\n  --> src/inflate/mod.rs:71:34\n   |\n71 |             TINFL_STATUS_DONE => Some(Done),\n   |                                  ^^^^ not found in this scope\n   |\nhelp: consider importing this tuple variant\n   |\n5  + use core::option::Option::Some;\n   |\n\nerror[E0425]: cannot find function, tuple struct or tuple variant `Some` in this scope\n  --> src/inflate/mod.rs:72:46\n   |\n72 |             TINFL_STATUS_NEEDS_MORE_INPUT => Some(NeedsMoreInput),\n   |                                              ^^^^ not found in this scope\n   |\nhelp: consider importing this tuple variant\n   |\n5  + use core::option::Option::Some;\n   |\n\nerror[E0425]: cannot find function, tuple struct or tuple variant `Some` in this scope\n  --> src/inflate/mod.rs:73:45\n   |\n73 |             TINFL_STATUS_HAS_MORE_OUTPUT => Some(HasMoreOutput),\n   |                                             ^^^^ not found in this scope\n   |\nhelp: consider importing this tuple variant\n   |\n5  + use core::option::Option::Some;\n   |\n\nerror[E0425]: cannot find value `None` in this scope\n  --> src/inflate/mod.rs:74:18\n   |\n47 |     Done = TINFL_STATUS_DONE as i8,\n   |     ------------------------------ similarly named unit variant `Done` defined here\n...\n74 |             _ => None,\n   |                  ^^^^\n   |\nhelp: a unit variant with a similar name exists\n   |\n74 |             _ => Done,\n   |                  ~~~~\nhelp: consider importing one of these unit variants\n   |\n5  + use crate::MZFlush::None;\n   |\n5  + use crate::deflate::core::TDEFLFlush::None;\n   |\n5  + use core::option::Option::None;\n   |\n\nerror[E0412]: cannot find type `Result` in this scope\n  --> src/inflate/mod.rs:83:43\n   |\n83 | pub fn decompress_to_vec(input: &[u8]) -> Result<Vec<u8>, TINFLStatus> {\n   |                                           ^^^^^^ not found in this scope\n   |\nhelp: consider importing one of these items\n   |\n5  + use ::core::fmt::Result;\n   |\n5  + use ::core::result::Result;\n   |\n\nerror[E0412]: cannot find type `Vec` in this scope\n  --> src/inflate/mod.rs:83:50\n   |\n83 | pub fn decompress_to_vec(input: &[u8]) -> Result<Vec<u8>, TINFLStatus> {\n   |                                                  ^^^ not found in this scope\n\nerror[E0412]: cannot find type `Result` in this scope\n  --> src/inflate/mod.rs:91:48\n   |\n91 | pub fn decompress_to_vec_zlib(input: &[u8]) -> Result<Vec<u8>, TINFLStatus> {\n   |                                                ^^^^^^ not found in this scope\n   |\nhelp: consider importing one of these items\n   |\n5  + use ::core::fmt::Result;\n   |\n5  + use ::core::result::Result;\n   |\n\nerror[E0412]: cannot find type `Vec` in this scope\n  --> src/inflate/mod.rs:91:55\n   |\n91 | pub fn decompress_to_vec_zlib(input: &[u8]) -> Result<Vec<u8>, TINFLStatus> {\n   |                                                       ^^^ not found in this scope\n\nerror[E0412]: cannot find type `Result` in this scope\n   --> src/inflate/mod.rs:105:71\n    |\n105 | pub fn decompress_to_vec_with_limit(input: &[u8], max_size: usize) -> Result<Vec<u8>, TINFLStatus> {\n    |                                                                       ^^^^^^ not found in this scope\n    |\nhelp: consider importing one of these items\n    |\n5   + use ::core::fmt::Result;\n    |\n5   + use ::core::result::Result;\n    |\n\nerror[E0412]: cannot find type `Vec` in this scope\n   --> src/inflate/mod.rs:105:78\n    |\n105 | pub fn decompress_to_vec_with_limit(input: &[u8], max_size: usize) -> Result<Vec<u8>, TINFLStatus> {\n    |                                                                              ^^^ not found in this scope\n\nerror[E0412]: cannot find type `Result` in this scope\n   --> src/inflate/mod.rs:118:6\n    |\n118 | ) -> Result<Vec<u8>, TINFLStatus> {\n    |      ^^^^^^ not found in this scope\n    |\nhelp: consider importing one of these items\n    |\n5   + use ::core::fmt::Result;\n    |\n5   + use ::core::result::Result;\n    |\n\nerror[E0412]: cannot find type `Vec` in this scope\n   --> src/inflate/mod.rs:118:13\n    |\n118 | ) -> Result<Vec<u8>, TINFLStatus> {\n    |             ^^^ not found in this scope\n\nerror[E0412]: cannot find type `Result` in this scope\n   --> src/inflate/mod.rs:129:6\n    |\n129 | ) -> Result<Vec<u8>, TINFLStatus> {\n    |      ^^^^^^ not found in this scope\n    |\nhelp: consider importing one of these items\n    |\n5   + use ::core::fmt::Result;\n    |\n5   + use ::core::result::Result;\n    |\n\nerror[E0412]: cannot find type `Vec` in this scope\n   --> src/inflate/mod.rs:129:13\n    |\n129 | ) -> Result<Vec<u8>, TINFLStatus> {\n    |             ^^^ not found in this scope\n\nerror[E0412]: cannot find type `Vec` in this scope\n   --> src/inflate/mod.rs:131:18\n    |\n131 |     let mut ret: Vec<u8> = vec![0; input.len().saturating_mul(2).min(max_output_size)];\n    |                  ^^^ not found in this scope\n\nerror[E0425]: cannot find function, tuple struct or tuple variant `Ok` in this scope\n   --> src/inflate/mod.rs:148:24\n    |\n148 |                 return Ok(ret);\n    |                        ^^ not found in this scope\n    |\nhelp: consider importing one of these items\n    |\n5   + use crate::MZStatus::Ok;\n    |\n5   + use ::core::result::Result::Ok;\n    |\n\nerror[E0425]: cannot find function, tuple struct or tuple variant `Err` in this scope\n   --> src/inflate/mod.rs:158:28\n    |\n158 |                     return Err(TINFLStatus::HasMoreOutput);\n    |                            ^^^ not found in this scope\n    |\nhelp: consider importing this tuple variant\n    |\n5   + use ::core::result::Result::Err;\n    |\n\nerror[E0425]: cannot find function, tuple struct or tuple variant `Err` in this scope\n   --> src/inflate/mod.rs:163:25\n    |\n163 |             _ => return Err(status),\n    |                         ^^^ not found in this scope\n    |\nhelp: consider importing this tuple variant\n    |\n5   + use ::core::result::Result::Err;\n    |\n\nerror[E0405]: cannot find trait `Iterator` in this scope\n   --> src/inflate/mod.rs:183:14\n    |\n183 |     it: impl Iterator<Item = &'inp [u8]>,\n    |              ^^^^^^^^ not found in this scope\n    |\nhelp: consider importing this trait\n    |\n5   + use ::core::iter::Iterator;\n    |\n\nerror[E0412]: cannot find type `Result` in this scope\n   --> src/inflate/mod.rs:186:6\n    |\n186 | ) -> Result<usize, TINFLStatus> {\n    |      ^^^^^^ not found in this scope\n    |\nhelp: consider importing one of these items\n    |\n5   + use ::core::fmt::Result;\n    |\n5   + use ::core::result::Result;\n    |\n\nerror[E0531]: cannot find tuple struct or tuple variant `Some` in this scope\n   --> src/inflate/mod.rs:192:15\n    |\n192 |     while let Some(in_buf) = it.next() {\n    |               ^^^^ not found in this scope\n    |\nhelp: consider importing this tuple variant\n    |\n5   + use core::option::Option::Some;\n    |\n\nerror[E0425]: cannot find function, tuple struct or tuple variant `Ok` in this scope\n   --> src/inflate/mod.rs:211:41\n    |\n211 |             TINFLStatus::Done => return Ok(out_pos),\n    |                                         ^^ not found in this scope\n    |\nhelp: consider importing one of these items\n    |\n5   + use crate::MZStatus::Ok;\n    |\n5   + use core::result::Result::Ok;\n    |\n\nerror[E0425]: cannot find function, tuple struct or tuple variant `Err` in this scope\n   --> src/inflate/mod.rs:212:25\n    |\n212 |             e => return Err(e),\n    |                         ^^^ not found in this scope\n    |\nhelp: consider importing this tuple variant\n    |\n5   + use core::result::Result::Err;\n    |\n\nerror[E0425]: cannot find function, tuple struct or tuple variant `Err` in this scope\n   --> src/inflate/mod.rs:217:5\n    |\n217 |     Err(TINFLStatus::FailedCannotMakeProgress)\n    |     ^^^ not found in this scope\n    |\nhelp: consider importing this tuple variant\n    |\n5   + use core::result::Result::Err;\n    |\n\nerror[E0412]: cannot find type `String` in this scope\n  --> src/zip_file.rs:24:20\n   |\n24 |     pub file_name: String,\n   |                    ^^^^^^ not found in this scope\n\nerror[E0412]: cannot find type `Result` in this scope\n  --> src/zip_file.rs:28:57\n   |\n28 |     pub fn from_stream(zip_data:&mut (impl Seek+Read))->Result<Self, ZipError>{\n   |                                                         ^^^^^^ not found in this scope\n   |\nhelp: consider importing one of these items\n   |\n3  + use core::fmt::Result;\n   |\n3  + use core::result::Result;\n   |\n\nerror[E0425]: cannot find function, tuple struct or tuple variant `Err` in this scope\n  --> src/zip_file.rs:31:20\n   |\n31 |             return Err(ZipError::LocalFileHeaderInvalid)\n   |                    ^^^ not found in this scope\n   |\nhelp: consider importing this tuple variant\n   |\n3  + use core::result::Result::Err;\n   |\n\nerror[E0425]: cannot find function, tuple struct or tuple variant `Ok` in this scope\n  --> src/zip_file.rs:47:9\n   |\n47 |         Ok(Self{\n   |         ^^ not found in this scope\n   |\nhelp: consider importing one of these items\n   |\n3  + use crate::MZStatus::Ok;\n   |\n3  + use core::result::Result::Ok;\n   |\n\nerror[E0412]: cannot find type `String` in this scope\n  --> src/zip_file.rs:86:20\n   |\n86 |     pub file_name: String,\n   |                    ^^^^^^ not found in this scope\n\nerror[E0412]: cannot find type `String` in this scope\n  --> src/zip_file.rs:87:23\n   |\n87 |     pub file_comment: String,\n   |                       ^^^^^^ not found in this scope\n\nerror[E0412]: cannot find type `Result` in this scope\n  --> src/zip_file.rs:91:57\n   |\n91 |     pub fn from_stream(zip_data:&mut (impl Seek+Read))->Result<Self, ZipError>{\n   |                                                         ^^^^^^ not found in this scope\n   |\nhelp: consider importing one of these items\n   |\n3  + use core::fmt::Result;\n   |\n3  + use core::result::Result;\n   |\n\nerror[E0425]: cannot find function, tuple struct or tuple variant `Err` in this scope\n  --> src/zip_file.rs:94:20\n   |\n94 |             return Err(ZipError::CentralDirectoryFileHeaderInvalid)\n   |                    ^^^ not found in this scope\n   |\nhelp: consider importing this tuple variant\n   |\n3  + use core::result::Result::Err;\n   |\n\nerror[E0425]: cannot find function, tuple struct or tuple variant `Ok` in this scope\n   --> src/zip_file.rs:116:9\n    |\n116 |         Ok(Self{\n    |         ^^ not found in this scope\n    |\nhelp: consider importing one of these items\n    |\n3   + use crate::MZStatus::Ok;\n    |\n3   + use core::result::Result::Ok;\n    |\n\nerror[E0412]: cannot find type `Result` in this scope\n   --> src/zip_file.rs:155:50\n    |\n155 |     pub fn from_stream(zip_data:&mut impl Read)->Result<Self, ZipError>{\n    |                                                  ^^^^^^ not found in this scope\n    |\nhelp: consider importing one of these items\n    |\n3   + use core::fmt::Result;\n    |\n3   + use core::result::Result;\n    |\n\nerror[E0425]: cannot find function, tuple struct or tuple variant `Err` in this scope\n   --> src/zip_file.rs:158:20\n    |\n158 |             return Err(ZipError::EndOfCentralDirectoryInvalid)\n    |                    ^^^ not found in this scope\n    |\nhelp: consider importing this tuple variant\n    |\n3   + use core::result::Result::Err;\n    |\n\nerror[E0425]: cannot find function, tuple struct or tuple variant `Ok` in this scope\n   --> src/zip_file.rs:160:9\n    |\n160 |         Ok(Self{\n    |         ^^ not found in this scope\n    |\nhelp: consider importing one of these items\n    |\n3   + use crate::MZStatus::Ok;\n    |\n3   + use core::result::Result::Ok;\n    |\n\nerror[E0412]: cannot find type `Result` in this scope\n   --> src/zip_file.rs:173:39\n    |\n173 | fn read_u16(zip_data:&mut impl Read)->Result<u16, ZipError>{\n    |                                       ^^^^^^ not found in this scope\n    |\nhelp: consider importing one of these items\n    |\n3   + use core::fmt::Result;\n    |\n3   + use core::result::Result;\n    |\n\nerror[E0531]: cannot find tuple struct or tuple variant `Ok` in this scope\n   --> src/zip_file.rs:175:12\n    |\n175 |     if let Ok(size) = zip_data.read(&mut bytes){\n    |            ^^ not found in this scope\n    |\nhelp: consider importing this tuple variant\n    |\n3   + use core::result::Result::Ok;\n    |\n\nerror[E0425]: cannot find function, tuple struct or tuple variant `Err` in this scope\n   --> src/zip_file.rs:177:20\n    |\n177 |             return Err(ZipError::DataReadError)\n    |                    ^^^ not found in this scope\n    |\nhelp: consider importing this tuple variant\n    |\n3   + use core::result::Result::Err;\n    |\n\nerror[E0425]: cannot find function, tuple struct or tuple variant `Ok` in this scope\n   --> src/zip_file.rs:179:16\n    |\n179 |         return Ok(u16::from_le_bytes(bytes))\n    |                ^^ not found in this scope\n    |\nhelp: consider importing one of these items\n    |\n3   + use crate::MZStatus::Ok;\n    |\n3   + use core::result::Result::Ok;\n    |\n\nerror[E0425]: cannot find function, tuple struct or tuple variant `Err` in this scope\n   --> src/zip_file.rs:181:5\n    |\n181 |     Err(ZipError::DataReadError)\n    |     ^^^ not found in this scope\n    |\nhelp: consider importing this tuple variant\n    |\n3   + use core::result::Result::Err;\n    |\n\nerror[E0412]: cannot find type `Result` in this scope\n   --> src/zip_file.rs:184:39\n    |\n184 | fn read_u32(zip_data:&mut impl Read)->Result<u32, ZipError>{\n    |                                       ^^^^^^ not found in this scope\n    |\nhelp: consider importing one of these items\n    |\n3   + use core::fmt::Result;\n    |\n3   + use core::result::Result;\n    |\n\nerror[E0531]: cannot find tuple struct or tuple variant `Ok` in this scope\n   --> src/zip_file.rs:186:12\n    |\n186 |     if let Ok(size) = zip_data.read(&mut bytes){\n    |            ^^ not found in this scope\n    |\nhelp: consider importing this tuple variant\n    |\n3   + use core::result::Result::Ok;\n    |\n\nerror[E0425]: cannot find function, tuple struct or tuple variant `Err` in this scope\n   --> src/zip_file.rs:188:20\n    |\n188 |             return Err(ZipError::DataReadError)\n    |                    ^^^ not found in this scope\n    |\nhelp: consider importing this tuple variant\n    |\n3   + use core::result::Result::Err;\n    |\n\nerror[E0425]: cannot find function, tuple struct or tuple variant `Ok` in this scope\n   --> src/zip_file.rs:190:16\n    |\n190 |         return Ok(u32::from_le_bytes(bytes))\n    |                ^^ not found in this scope\n    |\nhelp: consider importing one of these items\n    |\n3   + use crate::MZStatus::Ok;\n    |\n3   + use core::result::Result::Ok;\n    |\n\nerror[E0425]: cannot find function, tuple struct or tuple variant `Err` in this scope\n   --> src/zip_file.rs:192:5\n    |\n192 |     Err(ZipError::DataReadError)\n    |     ^^^ not found in this scope\n    |\nhelp: consider importing this tuple variant\n    |\n3   + use core::result::Result::Err;\n    |\n\nerror[E0412]: cannot find type `Result` in this scope\n   --> src/zip_file.rs:195:53\n    |\n195 | fn read_string(zip_data:&mut impl Read, len:usize)->Result<String, ZipError>{\n    |                                                     ^^^^^^ not found in this scope\n    |\nhelp: consider importing one of these items\n    |\n3   + use core::fmt::Result;\n    |\n3   + use core::result::Result;\n    |\n\nerror[E0412]: cannot find type `String` in this scope\n   --> src/zip_file.rs:195:60\n    |\n195 | fn read_string(zip_data:&mut impl Read, len:usize)->Result<String, ZipError>{\n    |                                                            ^^^^^^ not found in this scope\n    |\nhelp: you might be missing a type parameter\n    |\n195 | fn read_string<String>(zip_data:&mut impl Read, len:usize)->Result<String, ZipError>{\n    |               ++++++++\n\nerror[E0531]: cannot find tuple struct or tuple variant `Ok` in this scope\n   --> src/zip_file.rs:198:12\n    |\n198 |     if let Ok(size) = zip_data.read(&mut data){\n    |            ^^ not found in this scope\n    |\nhelp: consider importing this tuple variant\n    |\n3   + use core::result::Result::Ok;\n    |\n\nerror[E0425]: cannot find function, tuple struct or tuple variant `Err` in this scope\n   --> src/zip_file.rs:200:20\n    |\n200 |             return Err(ZipError::DataReadError)\n    |                    ^^^ not found in this scope\n    |\nhelp: consider importing this tuple variant\n    |\n3   + use core::result::Result::Err;\n    |\n\nerror[E0531]: cannot find tuple struct or tuple variant `Ok` in this scope\n   --> src/zip_file.rs:202:16\n    |\n202 |         if let Ok(s) = String::from_utf8(data){\n    |                ^^ not found in this scope\n    |\nhelp: consider importing this tuple variant\n    |\n3   + use core::result::Result::Ok;\n    |\n\nerror[E0425]: cannot find function, tuple struct or tuple variant `Ok` in this scope\n   --> src/zip_file.rs:203:20\n    |\n203 |             return Ok(s)\n    |                    ^^ not found in this scope\n    |\nhelp: consider importing one of these items\n    |\n3   + use crate::MZStatus::Ok;\n    |\n3   + use core::result::Result::Ok;\n    |\n\nerror[E0425]: cannot find function, tuple struct or tuple variant `Err` in this scope\n   --> src/zip_file.rs:205:16\n    |\n205 |         return Err(ZipError::ReadStringError)\n    |                ^^^ not found in this scope\n    |\nhelp: consider importing this tuple variant\n    |\n3   + use core::result::Result::Err;\n    |\n\nerror[E0425]: cannot find function, tuple struct or tuple variant `Err` in this scope\n   --> src/zip_file.rs:207:5\n    |\n207 |     Err(ZipError::DataReadError)\n    |     ^^^ not found in this scope\n    |\nhelp: consider importing this tuple variant\n    |\n3   + use core::result::Result::Err;\n    |\n\nerror[E0412]: cannot find type `Result` in this scope\n   --> src/zip_file.rs:210:53\n    |\n210 | fn read_binary(zip_data:&mut impl Read, len:usize)->Result<Vec<u8>, ZipError>{\n    |                                                     ^^^^^^ not found in this scope\n    |\nhelp: consider importing one of these items\n    |\n3   + use core::fmt::Result;\n    |\n3   + use core::result::Result;\n    |\n\nerror[E0412]: cannot find type `Vec` in this scope\n   --> src/zip_file.rs:210:60\n    |\n210 | fn read_binary(zip_data:&mut impl Read, len:usize)->Result<Vec<u8>, ZipError>{\n    |                                                            ^^^ not found in this scope\n\nerror[E0531]: cannot find tuple struct or tuple variant `Ok` in this scope\n   --> src/zip_file.rs:213:12\n    |\n213 |     if let Ok(size) = zip_data.read(&mut data){\n    |            ^^ not found in this scope\n    |\nhelp: consider importing this tuple variant\n    |\n3   + use core::result::Result::Ok;\n    |\n\nerror[E0425]: cannot find function, tuple struct or tuple variant `Err` in this scope\n   --> src/zip_file.rs:215:20\n    |\n215 |             return Err(ZipError::DataReadError)\n    |                    ^^^ not found in this scope\n    |\nhelp: consider importing this tuple variant\n    |\n3   + use core::result::Result::Err;\n    |\n\nerror[E0425]: cannot find function, tuple struct or tuple variant `Ok` in this scope\n   --> src/zip_file.rs:217:16\n    |\n217 |         return Ok(data)\n    |                ^^ not found in this scope\n    |\nhelp: consider importing one of these items\n    |\n3   + use crate::MZStatus::Ok;\n    |\n3   + use core::result::Result::Ok;\n    |\n\nerror[E0425]: cannot find function, tuple struct or tuple variant `Err` in this scope\n   --> src/zip_file.rs:219:5\n    |\n219 |     Err(ZipError::DataReadError)\n    |     ^^^ not found in this scope\n    |\nhelp: consider importing this tuple variant\n    |\n3   + use core::result::Result::Err;\n    |\n\nerror[E0412]: cannot find type `Vec` in this scope\n   --> src/zip_file.rs:224:23\n    |\n224 |     pub file_headers: Vec<CentralDirectoryFileHeader>,\n    |                       ^^^ not found in this scope\n\nerror[E0412]: cannot find type `Result` in this scope\n   --> src/zip_file.rs:229:61\n    |\n229 |     pub fn extract(&self, zip_data: &mut (impl Seek+Read))->Result<Vec<u8>, ZipError>{\n    |                                                             ^^^^^^ not found in this scope\n    |\nhelp: consider importing one of these items\n    |\n3   + use core::fmt::Result;\n    |\n3   + use core::result::Result;\n    |\n\nerror[E0412]: cannot find type `Vec` in this scope\n   --> src/zip_file.rs:229:68\n    |\n229 |     pub fn extract(&self, zip_data: &mut (impl Seek+Read))->Result<Vec<u8>, ZipError>{\n    |                                                                    ^^^ not found in this scope\n\nerror[E0425]: cannot find function, tuple struct or tuple variant `Ok` in this scope\n   --> src/zip_file.rs:234:20\n    |\n234 |             return Ok(decompressed)\n    |                    ^^ not found in this scope\n    |\nhelp: consider importing one of these items\n    |\n3   + use crate::MZStatus::Ok;\n    |\n3   + use core::result::Result::Ok;\n    |\n\nerror[E0531]: cannot find tuple struct or tuple variant `Ok` in this scope\n   --> src/zip_file.rs:238:20\n    |\n238 |             if let Ok(decompressed) = decompress_to_vec(&compressed){\n    |                    ^^ not found in this scope\n    |\nhelp: consider importing this tuple variant\n    |\n3   + use core::result::Result::Ok;\n    |\n\nerror[E0425]: cannot find function, tuple struct or tuple variant `Ok` in this scope\n   --> src/zip_file.rs:239:24\n    |\n239 |                 return Ok(decompressed);\n    |                        ^^ not found in this scope\n    |\nhelp: consider importing one of these items\n    |\n3   + use crate::MZStatus::Ok;\n    |\n3   + use core::result::Result::Ok;\n    |\n\nerror[E0425]: cannot find function, tuple struct or tuple variant `Err` in this scope\n   --> src/zip_file.rs:242:24\n    |\n242 |                 return Err(ZipError::DecompressionError)\n    |                        ^^^ not found in this scope\n    |\nhelp: consider importing this tuple variant\n    |\n3   + use core::result::Result::Err;\n    |\n\nerror[E0425]: cannot find function, tuple struct or tuple variant `Err` in this scope\n   --> src/zip_file.rs:245:9\n    |\n245 |         Err(ZipError::UnsupportedCompressionMethod)\n    |         ^^^ not found in this scope\n    |\nhelp: consider importing this tuple variant\n    |\n3   + use core::result::Result::Err;\n    |\n\nerror[E0412]: cannot find type `Result` in this scope\n   --> src/zip_file.rs:265:68\n    |\n265 | pub fn zip_read_central_directory(zip_data:&mut (impl Seek+Read))->Result<ZipCentralDirectory, ZipError>{\n    |                                                                    ^^^^^^ not found in this scope\n    |\nhelp: consider importing one of these items\n    |\n3   + use core::fmt::Result;\n    |\n3   + use core::result::Result;\n    |\n\nerror[E0425]: cannot find function, tuple struct or tuple variant `Ok` in this scope\n   --> src/zip_file.rs:274:5\n    |\n274 |     Ok(ZipCentralDirectory{\n    |     ^^ not found in this scope\n    |\nhelp: consider importing one of these items\n    |\n3   + use crate::MZStatus::Ok;\n    |\n3   + use core::result::Result::Ok;\n    |\n\nerror[E0412]: cannot find type `Result` in this scope\n   --> src/lib.rs:69:31\n    |\n69  |     pub fn new(flush: i32) -> Result<Self, MZError> {\n    |                               ^^^^^^\n...\n177 | pub type MZResult = Result<MZStatus, MZError>;\n    | ---------------------------------------------- similarly named type alias `MZResult` defined here\n    |\nhelp: a type alias with a similar name exists\n    |\n69  |     pub fn new(flush: i32) -> MZResult<Self, MZError> {\n    |                               ~~~~~~~~\nhelp: consider importing one of these items\n    |\n30  + use core::fmt::Result;\n    |\n30  + use core::result::Result;\n    |\n\nerror[E0425]: cannot find function, tuple struct or tuple variant `Ok` in this scope\n  --> src/lib.rs:71:18\n   |\n71 |             0 => Ok(MZFlush::None),\n   |                  ^^ not found in this scope\n   |\nhelp: consider importing one of these items\n   |\n30 + use crate::MZStatus::Ok;\n   |\n30 + use core::result::Result::Ok;\n   |\n\nerror[E0425]: cannot find function, tuple struct or tuple variant `Ok` in this scope\n  --> src/lib.rs:72:22\n   |\n72 |             1 | 2 => Ok(MZFlush::Sync),\n   |                      ^^ not found in this scope\n   |\nhelp: consider importing one of these items\n   |\n30 + use crate::MZStatus::Ok;\n   |\n30 + use core::result::Result::Ok;\n   |\n\nerror[E0425]: cannot find function, tuple struct or tuple variant `Ok` in this scope\n  --> src/lib.rs:73:18\n   |\n73 |             3 => Ok(MZFlush::Full),\n   |                  ^^ not found in this scope\n   |\nhelp: consider importing one of these items\n   |\n30 + use crate::MZStatus::Ok;\n   |\n30 + use core::result::Result::Ok;\n   |\n\nerror[E0425]: cannot find function, tuple struct or tuple variant `Ok` in this scope\n  --> src/lib.rs:74:18\n   |\n74 |             4 => Ok(MZFlush::Finish),\n   |                  ^^ not found in this scope\n   |\nhelp: consider importing one of these items\n   |\n30 + use crate::MZStatus::Ok;\n   |\n30 + use core::result::Result::Ok;\n   |\n\nerror[E0425]: cannot find function, tuple struct or tuple variant `Err` in this scope\n  --> src/lib.rs:75:18\n   |\n75 |             _ => Err(MZError::Param),\n   |                  ^^^ not found in this scope\n   |\nhelp: consider importing this tuple variant\n   |\n30 + use core::result::Result::Err;\n   |\n\nerror[E0412]: cannot find type `Result` in this scope\n   --> src/lib.rs:177:21\n    |\n177 | pub type MZResult = Result<MZStatus, MZError>;\n    |                     ^^^^^^ not found in this scope\n    |\nhelp: consider importing one of these items\n    |\n30  + use core::fmt::Result;\n    |\n30  + use core::result::Result;\n    |\n\nerror[E0425]: cannot find function, tuple struct or tuple variant `Err` in this scope\n   --> src/lib.rs:196:21\n    |\n196 |             status: Err(error),\n    |                     ^^^ not found in this scope\n    |\nhelp: consider importing this tuple variant\n    |\n30  + use core::result::Result::Err;\n    |\n\nwarning: unused import: `LZ_DICT_FULL_SIZE`\n  --> src/deflate/core.rs:11:59\n   |\n11 |     update_hash, HashBuffers, LocalBuf, LZ_CODE_BUF_SIZE, LZ_DICT_FULL_SIZE, LZ_HASH_BITS,\n   |                                                           ^^^^^^^^^^^^^^^^^\n   |\n   = note: `#[warn(unused_imports)]` on by default\n\nwarning: unexpected `cfg` condition value: `with-alloc`\n --> src/inflate/mod.rs:3:7\n  |\n3 | #[cfg(feature = \"with-alloc\")]\n  |       ^^^^^^^^^^^^^^^^^^^^^^ help: remove the condition\n  |\n  = note: no expected values for `feature`\n  = help: consider adding `with-alloc` as a feature in `Cargo.toml`\n  = note: see <https://doc.rust-lang.org/nightly/rustc/check-cfg/cargo-specifics.html> for more information about checking conditional configuration\n  = note: `#[warn(unexpected_cfgs)]` on by default\n\nerror[E0433]: failed to resolve: use of undeclared type `Box`\n   --> src/deflate/core.rs:432:19\n    |\n432 |             huff: Box::default(),\n    |                   ^^^ use of undeclared type `Box`\n\nerror[E0433]: failed to resolve: use of undeclared type `Box`\n   --> src/deflate/core.rs:527:19\n    |\n527 |             huff: Box::default(),\n    |                   ^^^ use of undeclared type `Box`\n\nerror[E0433]: failed to resolve: use of undeclared type `Box`\n    --> src/deflate/core.rs:1223:16\n     |\n1223 |             b: Box::default(),\n     |                ^^^ use of undeclared type `Box`\n\nerror[E0433]: failed to resolve: use of undeclared type `Box`\n    --> src/deflate/core.rs:1433:24\n     |\n1433 |             local_buf: Box::default(),\n     |                        ^^^ use of undeclared type `Box`\n\nerror[E0433]: failed to resolve: use of undeclared type `Box`\n   --> src/inflate/mod.rs:133:22\n    |\n133 |     let mut decomp = Box::<DecompressorOxide>::default();\n    |                      ^^^ use of undeclared type `Box`\n\nerror[E0433]: failed to resolve: use of undeclared type `Vec`\n   --> src/zip_file.rs:196:20\n    |\n196 |     let mut data = Vec::new();\n    |                    ^^^ use of undeclared type `Vec`\n\nerror[E0433]: failed to resolve: use of undeclared type `String`\n   --> src/zip_file.rs:202:24\n    |\n202 |         if let Ok(s) = String::from_utf8(data){\n    |                        ^^^^^^ use of undeclared type `String`\n\nerror[E0433]: failed to resolve: use of undeclared type `Vec`\n   --> src/zip_file.rs:211:20\n    |\n211 |     let mut data = Vec::new();\n    |                    ^^^ use of undeclared type `Vec`\n\nerror[E0433]: failed to resolve: use of undeclared type `Vec`\n   --> src/zip_file.rs:270:28\n    |\n270 |     let mut file_headers = Vec::new();\n    |                            ^^^ use of undeclared type `Vec`\n\nSome errors have detailed explanations: E0405, E0412, E0425, E0433, E0463, E0531.\nFor more information about an error, try `rustc --explain E0405`.\nwarning: `makepad-miniz` (lib) generated 2 warnings\nerror: could not compile `makepad-miniz` (lib) due to 223 previous errors; 2 warnings emitted\n",
      "stdout": ""
    },
    "features": [],
    "project": "../../../Downloads/695-Project/dataset/nostd-failed-crates/crates/makepad-miniz-0.4.0/src",
    "time_to_build": 630,
    "time_to_solve": 253
  }
]