[
  {
    "built_with_features": null,
    "command": {
      "args": [
        "build",
        "--target",
        "thumbv7m-none-eabi",
        "--no-default-features"
      ],
      "code": 101,
      "stderr": "   Compiling byteorder v1.5.0\n   Compiling syn v1.0.109\n   Compiling mavlink v0.12.2 (/Users/graysonnocera/Downloads/695-Project/dataset/nostd-failed-crates/crates/mavlink-0.12.2)\n   Compiling num-derive v0.3.3\nerror[E0405]: cannot find trait `Read` in this scope\n   --> src/lib.rs:221:42\n    |\n221 | pub fn read_versioned_msg<M: Message, R: Read>(\n    |                                          ^^^^ not found in this scope\n\nerror[E0405]: cannot find trait `Read` in this scope\n   --> src/lib.rs:369:31\n    |\n369 | pub fn read_v1_raw_message<R: Read>(\n    |                               ^^^^ not found in this scope\n\nerror[E0405]: cannot find trait `Read` in this scope\n   --> src/lib.rs:389:35\n    |\n389 | pub fn read_v1_msg<M: Message, R: Read>(\n    |                                   ^^^^ not found in this scope\n\nerror[E0405]: cannot find trait `Read` in this scope\n   --> src/lib.rs:588:31\n    |\n588 | pub fn read_v2_raw_message<R: Read>(\n    |                               ^^^^ not found in this scope\n\nerror[E0405]: cannot find trait `Read` in this scope\n   --> src/lib.rs:608:35\n    |\n608 | pub fn read_v2_msg<M: Message, R: Read>(\n    |                                   ^^^^ not found in this scope\n\nerror[E0405]: cannot find trait `Write` in this scope\n   --> src/lib.rs:634:43\n    |\n634 | pub fn write_versioned_msg<M: Message, W: Write>(\n    |                                           ^^^^^ not found in this scope\n    |\nhelp: consider importing this trait\n    |\n25  + use core::fmt::Write;\n    |\n\nerror[E0405]: cannot find trait `Write` in this scope\n   --> src/lib.rs:647:36\n    |\n647 | pub fn write_v2_msg<M: Message, W: Write>(\n    |                                    ^^^^^ not found in this scope\n    |\nhelp: consider importing this trait\n    |\n25  + use core::fmt::Write;\n    |\n\nerror[E0405]: cannot find trait `Write` in this scope\n   --> src/lib.rs:664:36\n    |\n664 | pub fn write_v1_msg<M: Message, W: Write>(\n    |                                    ^^^^^ not found in this scope\n    |\nhelp: consider importing this trait\n    |\n25  + use core::fmt::Write;\n    |\n\nwarning: unexpected `cfg` condition value: `storm32`\n --> /Users/graysonnocera/Downloads/695-Project/dataset/nostd-failed-crates/crates/mavlink-0.12.2/target/thumbv7m-none-eabi/debug/build/mavlink-0ed6661a9a8e6f77/out/mod.rs:1:3961\n  |\n1 | ...essary_cast)] # [allow (clippy :: bad_bit_mask)] # [cfg (feature = \"storm32\")] pub mod storm32 ; # [allow (non_camel_case_types)] # [a...\n  |                                                             ^^^^^^^^^^^^^^^^^^^\n  |\n  = note: expected values for `feature` are: `all`, `all-dialects`, `ardupilotmega`, `asluav`, `avssuas`, `common`, `cubepilot`, `default`, `development`, `direct-serial`, `embedded`, `embedded-hal`, `emit-description`, `emit-extensions`, `format-generated-code`, `icarous`, `matrixpilot`, `minimal`, `nb`, `paparazzi`, `python_array_test`, `serde`, `serial`, `slugs`, `standard`, `std`, `tcp`, `test`, `ualberta`, `uavionix`, and `udp`\n  = help: consider adding `storm32` as a feature in `Cargo.toml`\n  = note: see <https://doc.rust-lang.org/nightly/rustc/check-cfg/cargo-specifics.html> for more information about checking conditional configuration\n  = note: `#[warn(unexpected_cfgs)]` on by default\n\nFor more information about this error, try `rustc --explain E0405`.\nwarning: `mavlink` (lib) generated 1 warning\nerror: could not compile `mavlink` (lib) due to 8 previous errors; 1 warning emitted\n",
      "stdout": ""
    },
    "features": [
      "std"
    ],
    "project": "../../../Downloads/695-Project/dataset/nostd-failed-crates/crates/mavlink-0.12.2/src",
    "time_to_build": 4220,
    "time_to_solve": 82
  }
]