[
  {
    "built_with_features": null,
    "command": {
      "args": [
        "build",
        "--target",
        "thumbv7m-none-eabi",
        "--no-default-features"
      ],
      "code": 101,
      "stderr": "   Compiling libc v0.2.140\n   Compiling once_cell v1.17.1\n   Compiling fastrand v1.9.0\n   Compiling fnv v1.0.7\n   Compiling tikv-jemalloc-sys v0.5.3+5.3.0-patched\n   Compiling bytes v1.4.0\n   Compiling lazy_static v1.4.0\n   Compiling thiserror-impl v1.0.40\n   Compiling tracing-attributes v0.1.23\nerror[E0463]: can't find crate for `std`\n --> /Users/graysonnocera/.cargo/registry/src/index.crates.io-6f17d22bba15001f/lazy_static-1.4.0/src/inline_lazy.rs:9:1\n  |\n9 | extern crate std;\n  | ^^^^^^^^^^^^^^^^^ can't find crate\n  |\n  = note: the `thumbv7m-none-eabi` target may not support the standard library\n\nerror[E0463]: can't find crate for `std`\n  |\n  = note: the `thumbv7m-none-eabi` target may not support the standard library\n  = note: `std` is required by `once_cell` because it does not declare `#![no_std]`\n\nerror[E0463]: can't find crate for `std`\n  --> /Users/graysonnocera/.cargo/registry/src/index.crates.io-6f17d22bba15001f/bytes-1.4.0/src/lib.rs:82:1\n   |\n82 | extern crate std;\n   | ^^^^^^^^^^^^^^^^^ can't find crate\n   |\n   = note: the `thumbv7m-none-eabi` target may not support the standard library\n\nerror[E0463]: can't find crate for `std`\n  |\n  = note: the `thumbv7m-none-eabi` target may not support the standard library\n  = note: `std` is required by `fnv` because it does not declare `#![no_std]`\n\nFor more information about this error, try `rustc --explain E0463`.\nerror[E0463]: can't find crate for `std`\n  |\n  = note: the `thumbv7m-none-eabi` target may not support the standard library\n  = note: `std` is required by `fastrand` because it does not declare `#![no_std]`\n\nerror: could not compile `fnv` (lib) due to 1 previous error\nwarning: build failed, waiting for other jobs to finish...\nerror: could not compile `lazy_static` (lib) due to 1 previous error\nerror[E0463]: can't find crate for `std`\n --> /Users/graysonnocera/.cargo/registry/src/index.crates.io-6f17d22bba15001f/once_cell-1.17.1/src/imp_std.rs:6:5\n  |\n6 | use std::{\n  |     ^^^ can't find crate\n  |\n  = note: the `thumbv7m-none-eabi` target may not support the standard library\n\nerror: cannot find macro `panic` in this scope\n   --> /Users/graysonnocera/.cargo/registry/src/index.crates.io-6f17d22bba15001f/once_cell-1.17.1/src/lib.rs:726:47\n    |\n726 |                 init.take().unwrap_or_else(|| panic!(\"Lazy instance has previously been poisoned\"))\n    |                                               ^^^^^\n    |\nhelp: consider importing this macro\n    |\n355 +     use core::panic;\n    |\n\nerror: cannot find macro `panic` in this scope\n   --> /Users/graysonnocera/.cargo/registry/src/index.crates.io-6f17d22bba15001f/once_cell-1.17.1/src/lib.rs:749:25\n    |\n749 |                 None => panic!(\"Lazy instance has previously been poisoned\"),\n    |                         ^^^^^\n    |\nhelp: consider importing this macro\n    |\n355 +     use core::panic;\n    |\n\nerror: cannot find macro `unreachable` in this scope\n   --> /Users/graysonnocera/.cargo/registry/src/index.crates.io-6f17d22bba15001f/once_cell-1.17.1/src/lib.rs:769:51\n    |\n769 |             Self::get_mut(this).unwrap_or_else(|| unreachable!())\n    |                                                   ^^^^^^^^^^^\n    |\nhelp: consider importing this macro\n    |\n355 +     use core::unreachable;\n    |\n\nerror: cannot find macro `unreachable` in this scope\n   --> /Users/graysonnocera/.cargo/registry/src/index.crates.io-6f17d22bba15001f/once_cell-1.17.1/src/lib.rs:817:51\n    |\n817 |             self.cell.get_mut().unwrap_or_else(|| unreachable!())\n    |                                                   ^^^^^^^^^^^\n    |\nhelp: consider importing this macro\n    |\n355 +     use core::unreachable;\n    |\n\nerror[E0463]: can't find crate for `std`\n  --> /Users/graysonnocera/.cargo/registry/src/index.crates.io-6f17d22bba15001f/fastrand-1.9.0/src/lib.rs:71:5\n   |\n71 | use std::cell::Cell;\n   |     ^^^ can't find crate\n   |\n   = note: the `thumbv7m-none-eabi` target may not support the standard library\n\nerror: cannot find macro `panic` in this scope\n    --> /Users/graysonnocera/.cargo/registry/src/index.crates.io-6f17d22bba15001f/once_cell-1.17.1/src/lib.rs:1257:47\n     |\n1257 |                 init.take().unwrap_or_else(|| panic!(\"Lazy instance has previously been poisoned\"))\n     |                                               ^^^^^\n     |\nhelp: consider importing this macro\n     |\n832  +     use core::panic;\n     |\n\nerror[E0463]: can't find crate for `std`\n  --> /Users/graysonnocera/.cargo/registry/src/index.crates.io-6f17d22bba15001f/fastrand-1.9.0/src/lib.rs:72:5\n   |\n72 | use std::collections::hash_map::DefaultHasher;\n   |     ^^^ can't find crate\n   |\n   = note: the `thumbv7m-none-eabi` target may not support the standard library\n\nerror: cannot find macro `panic` in this scope\n    --> /Users/graysonnocera/.cargo/registry/src/index.crates.io-6f17d22bba15001f/once_cell-1.17.1/src/lib.rs:1279:25\n     |\n1279 |                 None => panic!(\"Lazy instance has previously been poisoned\"),\n     |                         ^^^^^\n     |\nhelp: consider importing this macro\n     |\n832  +     use core::panic;\n     |\n\nerror[E0463]: can't find crate for `std`\n  --> /Users/graysonnocera/.cargo/registry/src/index.crates.io-6f17d22bba15001f/fastrand-1.9.0/src/lib.rs:73:5\n   |\n73 | use std::convert::TryInto;\n   |     ^^^ can't find crate\n   |\n   = note: the `thumbv7m-none-eabi` target may not support the standard library\n\nerror[E0463]: can't find crate for `std`\n  --> /Users/graysonnocera/.cargo/registry/src/index.crates.io-6f17d22bba15001f/fastrand-1.9.0/src/lib.rs:74:5\n   |\n74 | use std::hash::{Hash, Hasher};\n   |     ^^^ can't find crate\n   |\n   = note: the `thumbv7m-none-eabi` target may not support the standard library\n\nerror: cannot find macro `unreachable` in this scope\n    --> /Users/graysonnocera/.cargo/registry/src/index.crates.io-6f17d22bba15001f/once_cell-1.17.1/src/lib.rs:1297:51\n     |\n1297 |             Self::get_mut(this).unwrap_or_else(|| unreachable!())\n     |                                                   ^^^^^^^^^^^\n     |\nhelp: consider importing this macro\n     |\n832  +     use core::unreachable;\n     |\n\nerror[E0463]: can't find crate for `std`\n  --> /Users/graysonnocera/.cargo/registry/src/index.crates.io-6f17d22bba15001f/fastrand-1.9.0/src/lib.rs:75:5\n   |\n75 | use std::ops::{Bound, RangeBounds};\n   |     ^^^ can't find crate\n   |\n   = note: the `thumbv7m-none-eabi` target may not support the standard library\n\nerror: cannot find macro `unreachable` in this scope\n    --> /Users/graysonnocera/.cargo/registry/src/index.crates.io-6f17d22bba15001f/once_cell-1.17.1/src/lib.rs:1345:51\n     |\n1345 |             self.cell.get_mut().unwrap_or_else(|| unreachable!())\n     |                                                   ^^^^^^^^^^^\n     |\nhelp: consider importing this macro\n     |\n832  +     use core::unreachable;\n     |\n\nerror[E0463]: can't find crate for `std`\n  --> /Users/graysonnocera/.cargo/registry/src/index.crates.io-6f17d22bba15001f/fastrand-1.9.0/src/lib.rs:76:5\n   |\n76 | use std::thread;\n   |     ^^^ can't find crate\n   |\n   = note: the `thumbv7m-none-eabi` target may not support the standard library\n\nerror[E0463]: can't find crate for `std`\n  --> /Users/graysonnocera/.cargo/registry/src/index.crates.io-6f17d22bba15001f/fastrand-1.9.0/src/lib.rs:81:5\n   |\n81 | use std::time::Instant;\n   |     ^^^ can't find crate\n   |\n   = note: the `thumbv7m-none-eabi` target may not support the standard library\n\nerror: cannot find attribute `derive` in this scope\n  --> /Users/graysonnocera/.cargo/registry/src/index.crates.io-6f17d22bba15001f/once_cell-1.17.1/src/imp_std.rs:14:3\n   |\n14 | #[derive(Debug)]\n   |   ^^^^^^\n   |\nhelp: consider importing this attribute macro\n   |\n6  + use core::prelude::rust_2024::derive;\n   |\n\nerror[E0463]: can't find crate for `std`\n   --> /Users/graysonnocera/.cargo/registry/src/index.crates.io-6f17d22bba15001f/fastrand-1.9.0/src/lib.rs:557:13\n    |\n557 |         use std::convert::TryFrom;\n    |             ^^^ can't find crate\n    |\n    = note: the `thumbv7m-none-eabi` target may not support the standard library\n\nerror: cannot find macro `debug_assert` in this scope\n   --> /Users/graysonnocera/.cargo/registry/src/index.crates.io-6f17d22bba15001f/once_cell-1.17.1/src/imp_std.rs:110:9\n    |\n110 |         debug_assert!(self.is_initialized());\n    |         ^^^^^^^^^^^^\n    |\nhelp: consider importing this macro\n    |\n6   + use core::debug_assert;\n    |\n\nerror: cannot find macro `assert_eq` in this scope\n   --> /Users/graysonnocera/.cargo/registry/src/index.crates.io-6f17d22bba15001f/once_cell-1.17.1/src/imp_std.rs:165:9\n    |\n165 |         assert_eq!(state, RUNNING);\n    |         ^^^^^^^^^\n    |\nhelp: consider importing this macro\n    |\n6   + use core::assert_eq;\n    |\n\nerror: cannot find macro `debug_assert` in this scope\n   --> /Users/graysonnocera/.cargo/registry/src/index.crates.io-6f17d22bba15001f/once_cell-1.17.1/src/imp_std.rs:215:18\n    |\n215 |             _ => debug_assert!(false),\n    |                  ^^^^^^^^^^^^\n    |\nhelp: consider importing this macro\n    |\n6   + use core::debug_assert;\n    |\n\nerror: cannot find macro `assert` in this scope\n   --> /Users/graysonnocera/.cargo/registry/src/index.crates.io-6f17d22bba15001f/once_cell-1.17.1/src/lib.rs:607:13\n    |\n607 |             assert!(self.set(val).is_ok(), \"reentrant init\");\n    |             ^^^^^^\n    |\nhelp: consider importing this macro\n    |\n355 +     use core::assert;\n    |\n\nerror: cannot find macro `debug_assert` in this scope\n   --> /Users/graysonnocera/.cargo/registry/src/index.crates.io-6f17d22bba15001f/once_cell-1.17.1/src/lib.rs:965:13\n    |\n965 |             debug_assert!(self.0.is_initialized());\n    |             ^^^^^^^^^^^^\n    |\nhelp: consider importing this macro\n    |\n832 +     use core::debug_assert;\n    |\n\nerror: cannot find macro `debug_assert` in this scope\n    --> /Users/graysonnocera/.cargo/registry/src/index.crates.io-6f17d22bba15001f/once_cell-1.17.1/src/lib.rs:1132:13\n     |\n1132 |             debug_assert!(self.0.is_initialized());\n     |             ^^^^^^^^^^^^\n     |\nhelp: consider importing this macro\n     |\n832  +     use core::debug_assert;\n     |\n\nerror: cannot find attribute `derive` in this scope\n  --> /Users/graysonnocera/.cargo/registry/src/index.crates.io-6f17d22bba15001f/fastrand-1.9.0/src/lib.rs:84:3\n   |\n84 | #[derive(Debug, PartialEq, Eq)]\n   |   ^^^^^^\n   |\nhelp: consider importing this attribute macro\n   |\n71 + use core::prelude::rust_2024::derive;\n   |\n\nerror: cannot find attribute `derive` in this scope\n  --> /Users/graysonnocera/.cargo/registry/src/index.crates.io-6f17d22bba15001f/once_cell-1.17.1/src/race.rs:34:3\n   |\n34 | #[derive(Default, Debug)]\n   |   ^^^^^^\n   |\nhelp: consider importing this attribute macro\n   |\n24 + use core::prelude::rust_2024::derive;\n   |\n\nerror: cannot find macro `thread_local` in this scope\n   --> /Users/graysonnocera/.cargo/registry/src/index.crates.io-6f17d22bba15001f/fastrand-1.9.0/src/lib.rs:197:1\n    |\n197 | thread_local! {\n    | ^^^^^^^^^^^^\n    |\n    = note: `thread_local` is in scope, but it is an attribute: `#[thread_local]`\n\nerror: cannot find attribute `derive` in this scope\n   --> /Users/graysonnocera/.cargo/registry/src/index.crates.io-6f17d22bba15001f/once_cell-1.17.1/src/race.rs:113:3\n    |\n113 | #[derive(Default, Debug)]\n    |   ^^^^^^\n    |\nhelp: consider importing this attribute macro\n    |\n24  + use core::prelude::rust_2024::derive;\n    |\n\nerror: cannot find macro `panic` in this scope\n   --> /Users/graysonnocera/.cargo/registry/src/index.crates.io-6f17d22bba15001f/fastrand-1.9.0/src/lib.rs:325:13\n    |\n325 |             panic!(\"base cannot be zero\");\n    |             ^^^^^\n    |\nhelp: consider importing this macro\n    |\n71  + use core::panic;\n    |\n\nerror: cannot find macro `panic` in this scope\n   --> /Users/graysonnocera/.cargo/registry/src/index.crates.io-6f17d22bba15001f/fastrand-1.9.0/src/lib.rs:328:13\n    |\n328 |             panic!(\"base cannot be larger than 36\");\n    |             ^^^^^\n    |\nhelp: consider importing this macro\n    |\n71  + use core::panic;\n    |\n\nerror: cannot find macro `panic` in this scope\n   --> /Users/graysonnocera/.cargo/registry/src/index.crates.io-6f17d22bba15001f/fastrand-1.9.0/src/lib.rs:240:17\n    |\n240 |                   panic!(\n    |                   ^^^^^\n...\n352 | /     rng_integer!(\n353 | |         i8,\n354 | |         u8,\n355 | |         gen_u32,\n356 | |         gen_mod_u32,\n357 | |         \"Generates a random `i8` in the given range.\"\n358 | |     );\n    | |_____- in this macro invocation\n    |\n    = note: this error originates in the macro `rng_integer` (in Nightly builds, run with -Z macro-backtrace for more info)\nhelp: consider importing this macro\n    |\n71  + use core::panic;\n    |\n\nerror: cannot find macro `write` in this scope\n   --> /Users/graysonnocera/.cargo/registry/src/index.crates.io-6f17d22bba15001f/once_cell-1.17.1/src/race.rs:189:9\n    |\n189 |         write!(f, \"OnceRef({:?})\", self.inner)\n    |         ^^^^^\n    |\nhelp: consider importing this macro\n    |\n24  + use core::write;\n    |\n\nerror: cannot find macro `panic` in this scope\n   --> /Users/graysonnocera/.cargo/registry/src/index.crates.io-6f17d22bba15001f/fastrand-1.9.0/src/lib.rs:240:17\n    |\n240 |                   panic!(\n    |                   ^^^^^\n...\n360 | /     rng_integer!(\n361 | |         i16,\n362 | |         u16,\n363 | |         gen_u32,\n364 | |         gen_mod_u32,\n365 | |         \"Generates a random `i16` in the given range.\"\n366 | |     );\n    | |_____- in this macro invocation\n    |\n    = note: this error originates in the macro `rng_integer` (in Nightly builds, run with -Z macro-backtrace for more info)\nhelp: consider importing this macro\n    |\n71  + use core::panic;\n    |\n\nerror: cannot find macro `panic` in this scope\n   --> /Users/graysonnocera/.cargo/registry/src/index.crates.io-6f17d22bba15001f/fastrand-1.9.0/src/lib.rs:240:17\n    |\n240 |                   panic!(\n    |                   ^^^^^\n...\n368 | /     rng_integer!(\n369 | |         i32,\n370 | |         u32,\n371 | |         gen_u32,\n372 | |         gen_mod_u32,\n373 | |         \"Generates a random `i32` in the given range.\"\n374 | |     );\n    | |_____- in this macro invocation\n    |\n    = note: this error originates in the macro `rng_integer` (in Nightly builds, run with -Z macro-backtrace for more info)\nhelp: consider importing this macro\n    |\n71  + use core::panic;\n    |\n\nerror: cannot find macro `panic` in this scope\n   --> /Users/graysonnocera/.cargo/registry/src/index.crates.io-6f17d22bba15001f/fastrand-1.9.0/src/lib.rs:240:17\n    |\n240 |                   panic!(\n    |                   ^^^^^\n...\n376 | /     rng_integer!(\n377 | |         i64,\n378 | |         u64,\n379 | |         gen_u64,\n380 | |         gen_mod_u64,\n381 | |         \"Generates a random `i64` in the given range.\"\n382 | |     );\n    | |_____- in this macro invocation\n    |\n    = note: this error originates in the macro `rng_integer` (in Nightly builds, run with -Z macro-backtrace for more info)\nhelp: consider importing this macro\n    |\n71  + use core::panic;\n    |\n\nerror: cannot find macro `write` in this scope\n   --> /Users/graysonnocera/.cargo/registry/src/index.crates.io-6f17d22bba15001f/once_cell-1.17.1/src/race.rs:308:13\n    |\n308 |             write!(f, \"OnceBox({:?})\", self.inner.load(Ordering::Relaxed))\n    |             ^^^^^\n    |\nhelp: consider importing this macro\n    |\n295 +     use core::write;\n    |\n\nerror: cannot find macro `panic` in this scope\n   --> /Users/graysonnocera/.cargo/registry/src/index.crates.io-6f17d22bba15001f/fastrand-1.9.0/src/lib.rs:240:17\n    |\n240 |                   panic!(\n    |                   ^^^^^\n...\n384 | /     rng_integer!(\n385 | |         i128,\n386 | |         u128,\n387 | |         gen_u128,\n388 | |         gen_mod_u128,\n389 | |         \"Generates a random `i128` in the given range.\"\n390 | |     );\n    | |_____- in this macro invocation\n    |\n    = note: this error originates in the macro `rng_integer` (in Nightly builds, run with -Z macro-backtrace for more info)\nhelp: consider importing this macro\n    |\n71  + use core::panic;\n    |\n\nerror: cannot find macro `panic` in this scope\n   --> /Users/graysonnocera/.cargo/registry/src/index.crates.io-6f17d22bba15001f/fastrand-1.9.0/src/lib.rs:240:17\n    |\n240 |                   panic!(\n    |                   ^^^^^\n...\n401 | /     rng_integer!(\n402 | |         isize,\n403 | |         usize,\n404 | |         gen_u32,\n405 | |         gen_mod_u32,\n406 | |         \"Generates a random `isize` in the given range.\"\n407 | |     );\n    | |_____- in this macro invocation\n    |\n    = note: this error originates in the macro `rng_integer` (in Nightly builds, run with -Z macro-backtrace for more info)\nhelp: consider importing this macro\n    |\n71  + use core::panic;\n    |\n\nerror: cannot find macro `debug_assert` in this scope\n    --> /Users/graysonnocera/.cargo/registry/src/index.crates.io-6f17d22bba15001f/once_cell-1.17.1/src/lib.rs:1383:13\n     |\n1383 |             debug_assert!(false);\n     |             ^^^^^^^^^^^^\n     |\nhelp: consider importing this macro\n     |\n338  + use core::debug_assert;\n     |\n\nerror: cannot find macro `panic` in this scope\n   --> /Users/graysonnocera/.cargo/registry/src/index.crates.io-6f17d22bba15001f/fastrand-1.9.0/src/lib.rs:240:17\n    |\n240 |                   panic!(\n    |                   ^^^^^\n...\n470 | /     rng_integer!(\n471 | |         u8,\n472 | |         u8,\n473 | |         gen_u32,\n474 | |         gen_mod_u32,\n475 | |         \"Generates a random `u8` in the given range.\"\n476 | |     );\n    | |_____- in this macro invocation\n    |\n    = note: this error originates in the macro `rng_integer` (in Nightly builds, run with -Z macro-backtrace for more info)\nhelp: consider importing this macro\n    |\n71  + use core::panic;\n    |\n\nerror: cannot find macro `panic` in this scope\n   --> /Users/graysonnocera/.cargo/registry/src/index.crates.io-6f17d22bba15001f/fastrand-1.9.0/src/lib.rs:240:17\n    |\n240 |                   panic!(\n    |                   ^^^^^\n...\n478 | /     rng_integer!(\n479 | |         u16,\n480 | |         u16,\n481 | |         gen_u32,\n482 | |         gen_mod_u32,\n483 | |         \"Generates a random `u16` in the given range.\"\n484 | |     );\n    | |_____- in this macro invocation\n    |\n    = note: this error originates in the macro `rng_integer` (in Nightly builds, run with -Z macro-backtrace for more info)\nhelp: consider importing this macro\n    |\n71  + use core::panic;\n    |\n\nerror: cannot find macro `panic` in this scope\n   --> /Users/graysonnocera/.cargo/registry/src/index.crates.io-6f17d22bba15001f/fastrand-1.9.0/src/lib.rs:240:17\n    |\n240 |                   panic!(\n    |                   ^^^^^\n...\n486 | /     rng_integer!(\n487 | |         u32,\n488 | |         u32,\n489 | |         gen_u32,\n490 | |         gen_mod_u32,\n491 | |         \"Generates a random `u32` in the given range.\"\n492 | |     );\n    | |_____- in this macro invocation\n    |\n    = note: this error originates in the macro `rng_integer` (in Nightly builds, run with -Z macro-backtrace for more info)\nhelp: consider importing this macro\n    |\n71  + use core::panic;\n    |\n\nerror: cannot find macro `panic` in this scope\n   --> /Users/graysonnocera/.cargo/registry/src/index.crates.io-6f17d22bba15001f/fastrand-1.9.0/src/lib.rs:240:17\n    |\n240 |                   panic!(\n    |                   ^^^^^\n...\n494 | /     rng_integer!(\n495 | |         u64,\n496 | |         u64,\n497 | |         gen_u64,\n498 | |         gen_mod_u64,\n499 | |         \"Generates a random `u64` in the given range.\"\n500 | |     );\n    | |_____- in this macro invocation\n    |\n    = note: this error originates in the macro `rng_integer` (in Nightly builds, run with -Z macro-backtrace for more info)\nhelp: consider importing this macro\n    |\n71  + use core::panic;\n    |\n\nerror: cannot find macro `panic` in this scope\n   --> /Users/graysonnocera/.cargo/registry/src/index.crates.io-6f17d22bba15001f/fastrand-1.9.0/src/lib.rs:240:17\n    |\n240 |                   panic!(\n    |                   ^^^^^\n...\n502 | /     rng_integer!(\n503 | |         u128,\n504 | |         u128,\n505 | |         gen_u128,\n506 | |         gen_mod_u128,\n507 | |         \"Generates a random `u128` in the given range.\"\n508 | |     );\n    | |_____- in this macro invocation\n    |\n    = note: this error originates in the macro `rng_integer` (in Nightly builds, run with -Z macro-backtrace for more info)\nhelp: consider importing this macro\n    |\n71  + use core::panic;\n    |\n\nerror: cannot find macro `panic` in this scope\n   --> /Users/graysonnocera/.cargo/registry/src/index.crates.io-6f17d22bba15001f/fastrand-1.9.0/src/lib.rs:240:17\n    |\n240 |                   panic!(\n    |                   ^^^^^\n...\n519 | /     rng_integer!(\n520 | |         usize,\n521 | |         usize,\n522 | |         gen_u32,\n523 | |         gen_mod_u32,\n524 | |         \"Generates a random `usize` in the given range.\"\n525 | |     );\n    | |_____- in this macro invocation\n    |\n    = note: this error originates in the macro `rng_integer` (in Nightly builds, run with -Z macro-backtrace for more info)\nhelp: consider importing this macro\n    |\n71  + use core::panic;\n    |\n\nerror: cannot find macro `panic` in this scope\n   --> /Users/graysonnocera/.cargo/registry/src/index.crates.io-6f17d22bba15001f/fastrand-1.9.0/src/lib.rs:560:13\n    |\n560 |             panic!(\n    |             ^^^^^\n    |\nhelp: consider importing this macro\n    |\n71  + use core::panic;\n    |\n\nerror[E0463]: can't find crate for `std`\n   --> /Users/graysonnocera/.cargo/registry/src/index.crates.io-6f17d22bba15001f/fastrand-1.9.0/src/lib.rs:341:17\n    |\n341 |         let f = std::f32::MANTISSA_DIGITS - 1;\n    |                 ^^^ can't find crate\n    |\n    = note: the `thumbv7m-none-eabi` target may not support the standard library\n\nerror[E0463]: can't find crate for `std`\n   --> /Users/graysonnocera/.cargo/registry/src/index.crates.io-6f17d22bba15001f/fastrand-1.9.0/src/lib.rs:348:17\n    |\n348 |         let f = std::f64::MANTISSA_DIGITS - 1;\n    |                 ^^^ can't find crate\n    |\n    = note: the `thumbv7m-none-eabi` target may not support the standard library\n\nerror[E0463]: can't find crate for `std`\n   --> /Users/graysonnocera/.cargo/registry/src/index.crates.io-6f17d22bba15001f/fastrand-1.9.0/src/lib.rs:248:37\n    |\n248 |                 Bound::Unbounded => std::$t::MIN,\n    |                                     ^^^ can't find crate\n    |\n    = note: the `thumbv7m-none-eabi` target may not support the standard library\n\nerror[E0463]: can't find crate for `std`\n   --> /Users/graysonnocera/.cargo/registry/src/index.crates.io-6f17d22bba15001f/fastrand-1.9.0/src/lib.rs:254:37\n    |\n254 |                 Bound::Unbounded => std::$t::MAX,\n    |                                     ^^^ can't find crate\n    |\n    = note: the `thumbv7m-none-eabi` target may not support the standard library\n\nerror[E0463]: can't find crate for `std`\n   --> /Users/graysonnocera/.cargo/registry/src/index.crates.io-6f17d22bba15001f/fastrand-1.9.0/src/lib.rs:263:23\n    |\n263 |             if low == std::$t::MIN && high == std::$t::MAX {\n    |                       ^^^ can't find crate\n    |\n    = note: the `thumbv7m-none-eabi` target may not support the standard library\n\nerror[E0463]: can't find crate for `std`\n   --> /Users/graysonnocera/.cargo/registry/src/index.crates.io-6f17d22bba15001f/fastrand-1.9.0/src/lib.rs:263:47\n    |\n263 |             if low == std::$t::MIN && high == std::$t::MAX {\n    |                                               ^^^ can't find crate\n    |\n    = note: the `thumbv7m-none-eabi` target may not support the standard library\n\nerror: could not compile `bytes` (lib) due to 1 previous error\nerror[E0463]: can't find crate for `std`\n   --> /Users/graysonnocera/.cargo/registry/src/index.crates.io-6f17d22bba15001f/fastrand-1.9.0/src/lib.rs:584:33\n    |\n584 |             Bound::Unbounded => std::char::MAX,\n    |                                 ^^^ can't find crate\n    |\n    = note: the `thumbv7m-none-eabi` target may not support the standard library\n\nerror[E0408]: variable `None` is not bound in all patterns\n   --> /Users/graysonnocera/.cargo/registry/src/index.crates.io-6f17d22bba15001f/once_cell-1.17.1/src/imp_std.rs:211:34\n    |\n211 |             (INCOMPLETE, None) | (RUNNING, _) => {\n    |                          ----    ^^^^^^^^^^^^ pattern doesn't bind `None`\n    |                          |\n    |                          variable not in all patterns\n    |\nhelp: if you meant to match on unit variant `core::option::Option::None`, use the full path in the pattern\n    |\n211 |             (INCOMPLETE, core::option::Option::None) | (RUNNING, _) => {\n    |                          ~~~~~~~~~~~~~~~~~~~~~~~~~~\n\nerror[E0405]: cannot find trait `Default` in this scope\n  --> /Users/graysonnocera/.cargo/registry/src/index.crates.io-6f17d22bba15001f/fastrand-1.9.0/src/lib.rs:87:6\n   |\n87 | impl Default for Rng {\n   |      ^^^^^^^ not found in this scope\n   |\nhelp: consider importing this trait\n   |\n71 + use core::default::Default;\n   |\n\nerror[E0405]: cannot find trait `Clone` in this scope\n  --> /Users/graysonnocera/.cargo/registry/src/index.crates.io-6f17d22bba15001f/fastrand-1.9.0/src/lib.rs:94:6\n   |\n94 | impl Clone for Rng {\n   |      ^^^^^ not found in this scope\n   |\nhelp: consider importing this trait\n   |\n71 + use core::clone::Clone;\n   |\n\nerror[E0425]: cannot find value `RNG` in this scope\n   --> /Users/graysonnocera/.cargo/registry/src/index.crates.io-6f17d22bba15001f/fastrand-1.9.0/src/lib.rs:278:13\n    |\n85  | pub struct Rng(Cell<u64>);\n    | -------------------------- similarly named tuple struct `Rng` defined here\n...\n278 |             RNG.try_with(|rng| rng.u64(..))\n    |             ^^^ help: a tuple struct with a similar name exists: `Rng`\n\nerror[E0425]: cannot find value `RNG` in this scope\n   --> /Users/graysonnocera/.cargo/registry/src/index.crates.io-6f17d22bba15001f/fastrand-1.9.0/src/lib.rs:617:5\n    |\n85  | pub struct Rng(Cell<u64>);\n    | -------------------------- similarly named tuple struct `Rng` defined here\n...\n617 |     RNG.with(|rng| rng.seed(seed))\n    |     ^^^ help: a tuple struct with a similar name exists: `Rng`\n\nerror[E0425]: cannot find value `RNG` in this scope\n   --> /Users/graysonnocera/.cargo/registry/src/index.crates.io-6f17d22bba15001f/fastrand-1.9.0/src/lib.rs:623:5\n    |\n85  | pub struct Rng(Cell<u64>);\n    | -------------------------- similarly named tuple struct `Rng` defined here\n...\n623 |     RNG.with(|rng| rng.get_seed())\n    |     ^^^ help: a tuple struct with a similar name exists: `Rng`\n\nerror[E0425]: cannot find value `RNG` in this scope\n   --> /Users/graysonnocera/.cargo/registry/src/index.crates.io-6f17d22bba15001f/fastrand-1.9.0/src/lib.rs:629:5\n    |\n85  | pub struct Rng(Cell<u64>);\n    | -------------------------- similarly named tuple struct `Rng` defined here\n...\n629 |     RNG.with(|rng| rng.bool())\n    |     ^^^ help: a tuple struct with a similar name exists: `Rng`\n\nerror[E0425]: cannot find value `RNG` in this scope\n   --> /Users/graysonnocera/.cargo/registry/src/index.crates.io-6f17d22bba15001f/fastrand-1.9.0/src/lib.rs:635:5\n    |\n85  | pub struct Rng(Cell<u64>);\n    | -------------------------- similarly named tuple struct `Rng` defined here\n...\n635 |     RNG.with(|rng| rng.alphabetic())\n    |     ^^^ help: a tuple struct with a similar name exists: `Rng`\n\nerror[E0425]: cannot find value `RNG` in this scope\n   --> /Users/graysonnocera/.cargo/registry/src/index.crates.io-6f17d22bba15001f/fastrand-1.9.0/src/lib.rs:641:5\n    |\n85  | pub struct Rng(Cell<u64>);\n    | -------------------------- similarly named tuple struct `Rng` defined here\n...\n641 |     RNG.with(|rng| rng.alphanumeric())\n    |     ^^^ help: a tuple struct with a similar name exists: `Rng`\n\nerror[E0425]: cannot find value `RNG` in this scope\n   --> /Users/graysonnocera/.cargo/registry/src/index.crates.io-6f17d22bba15001f/fastrand-1.9.0/src/lib.rs:647:5\n    |\n85  | pub struct Rng(Cell<u64>);\n    | -------------------------- similarly named tuple struct `Rng` defined here\n...\n647 |     RNG.with(|rng| rng.lowercase())\n    |     ^^^ help: a tuple struct with a similar name exists: `Rng`\n\nerror[E0425]: cannot find value `RNG` in this scope\n   --> /Users/graysonnocera/.cargo/registry/src/index.crates.io-6f17d22bba15001f/fastrand-1.9.0/src/lib.rs:653:5\n    |\n85  | pub struct Rng(Cell<u64>);\n    | -------------------------- similarly named tuple struct `Rng` defined here\n...\n653 |     RNG.with(|rng| rng.uppercase())\n    |     ^^^ help: a tuple struct with a similar name exists: `Rng`\n\nerror[E0425]: cannot find value `RNG` in this scope\n   --> /Users/graysonnocera/.cargo/registry/src/index.crates.io-6f17d22bba15001f/fastrand-1.9.0/src/lib.rs:663:5\n    |\n85  | pub struct Rng(Cell<u64>);\n    | -------------------------- similarly named tuple struct `Rng` defined here\n...\n663 |     RNG.with(|rng| rng.digit(base))\n    |     ^^^ help: a tuple struct with a similar name exists: `Rng`\n\nerror[E0425]: cannot find value `RNG` in this scope\n   --> /Users/graysonnocera/.cargo/registry/src/index.crates.io-6f17d22bba15001f/fastrand-1.9.0/src/lib.rs:669:5\n    |\n85  | pub struct Rng(Cell<u64>);\n    | -------------------------- similarly named tuple struct `Rng` defined here\n...\n669 |     RNG.with(|rng| rng.shuffle(slice))\n    |     ^^^ help: a tuple struct with a similar name exists: `Rng`\n\nerror[E0425]: cannot find value `RNG` in this scope\n   --> /Users/graysonnocera/.cargo/registry/src/index.crates.io-6f17d22bba15001f/fastrand-1.9.0/src/lib.rs:679:13\n    |\n679 |             RNG.with(|rng| rng.$t(range))\n    |             ^^^ not found in this scope\n...\n684 | integer!(u8, \"Generates a random `u8` in the given range.\");\n    | ----------------------------------------------------------- in this macro invocation\n    |\n    = note: this error originates in the macro `integer` (in Nightly builds, run with -Z macro-backtrace for more info)\n\nerror[E0425]: cannot find value `RNG` in this scope\n   --> /Users/graysonnocera/.cargo/registry/src/index.crates.io-6f17d22bba15001f/fastrand-1.9.0/src/lib.rs:679:13\n    |\n679 |             RNG.with(|rng| rng.$t(range))\n    |             ^^^ not found in this scope\n...\n685 | integer!(i8, \"Generates a random `i8` in the given range.\");\n    | ----------------------------------------------------------- in this macro invocation\n    |\n    = note: this error originates in the macro `integer` (in Nightly builds, run with -Z macro-backtrace for more info)\n\nerror[E0425]: cannot find value `RNG` in this scope\n   --> /Users/graysonnocera/.cargo/registry/src/index.crates.io-6f17d22bba15001f/fastrand-1.9.0/src/lib.rs:679:13\n    |\n679 |             RNG.with(|rng| rng.$t(range))\n    |             ^^^ not found in this scope\n...\n686 | integer!(u16, \"Generates a random `u16` in the given range.\");\n    | ------------------------------------------------------------- in this macro invocation\n    |\n    = note: this error originates in the macro `integer` (in Nightly builds, run with -Z macro-backtrace for more info)\n\nerror[E0425]: cannot find value `RNG` in this scope\n   --> /Users/graysonnocera/.cargo/registry/src/index.crates.io-6f17d22bba15001f/fastrand-1.9.0/src/lib.rs:679:13\n    |\n679 |             RNG.with(|rng| rng.$t(range))\n    |             ^^^ not found in this scope\n...\n687 | integer!(i16, \"Generates a random `i16` in the given range.\");\n    | ------------------------------------------------------------- in this macro invocation\n    |\n    = note: this error originates in the macro `integer` (in Nightly builds, run with -Z macro-backtrace for more info)\n\nerror[E0425]: cannot find value `RNG` in this scope\n   --> /Users/graysonnocera/.cargo/registry/src/index.crates.io-6f17d22bba15001f/fastrand-1.9.0/src/lib.rs:679:13\n    |\n679 |             RNG.with(|rng| rng.$t(range))\n    |             ^^^ not found in this scope\n...\n688 | integer!(u32, \"Generates a random `u32` in the given range.\");\n    | ------------------------------------------------------------- in this macro invocation\n    |\n    = note: this error originates in the macro `integer` (in Nightly builds, run with -Z macro-backtrace for more info)\n\nerror[E0425]: cannot find value `RNG` in this scope\n   --> /Users/graysonnocera/.cargo/registry/src/index.crates.io-6f17d22bba15001f/fastrand-1.9.0/src/lib.rs:679:13\n    |\n679 |             RNG.with(|rng| rng.$t(range))\n    |             ^^^ not found in this scope\n...\n689 | integer!(i32, \"Generates a random `i32` in the given range.\");\n    | ------------------------------------------------------------- in this macro invocation\n    |\n    = note: this error originates in the macro `integer` (in Nightly builds, run with -Z macro-backtrace for more info)\n\nerror[E0425]: cannot find value `RNG` in this scope\n   --> /Users/graysonnocera/.cargo/registry/src/index.crates.io-6f17d22bba15001f/fastrand-1.9.0/src/lib.rs:679:13\n    |\n679 |             RNG.with(|rng| rng.$t(range))\n    |             ^^^ not found in this scope\n...\n690 | integer!(u64, \"Generates a random `u64` in the given range.\");\n    | ------------------------------------------------------------- in this macro invocation\n    |\n    = note: this error originates in the macro `integer` (in Nightly builds, run with -Z macro-backtrace for more info)\n\nerror[E0425]: cannot find value `RNG` in this scope\n   --> /Users/graysonnocera/.cargo/registry/src/index.crates.io-6f17d22bba15001f/fastrand-1.9.0/src/lib.rs:679:13\n    |\n679 |             RNG.with(|rng| rng.$t(range))\n    |             ^^^ not found in this scope\n...\n691 | integer!(i64, \"Generates a random `i64` in the given range.\");\n    | ------------------------------------------------------------- in this macro invocation\n    |\n    = note: this error originates in the macro `integer` (in Nightly builds, run with -Z macro-backtrace for more info)\n\nerror[E0425]: cannot find value `RNG` in this scope\n   --> /Users/graysonnocera/.cargo/registry/src/index.crates.io-6f17d22bba15001f/fastrand-1.9.0/src/lib.rs:679:13\n    |\n679 |             RNG.with(|rng| rng.$t(range))\n    |             ^^^ not found in this scope\n...\n692 | integer!(u128, \"Generates a random `u128` in the given range.\");\n    | --------------------------------------------------------------- in this macro invocation\n    |\n    = note: this error originates in the macro `integer` (in Nightly builds, run with -Z macro-backtrace for more info)\n\nerror[E0425]: cannot find value `RNG` in this scope\n   --> /Users/graysonnocera/.cargo/registry/src/index.crates.io-6f17d22bba15001f/fastrand-1.9.0/src/lib.rs:679:13\n    |\n679 |             RNG.with(|rng| rng.$t(range))\n    |             ^^^ not found in this scope\n...\n693 | integer!(i128, \"Generates a random `i128` in the given range.\");\n    | --------------------------------------------------------------- in this macro invocation\n    |\n    = note: this error originates in the macro `integer` (in Nightly builds, run with -Z macro-backtrace for more info)\n\nerror[E0425]: cannot find value `RNG` in this scope\n   --> /Users/graysonnocera/.cargo/registry/src/index.crates.io-6f17d22bba15001f/fastrand-1.9.0/src/lib.rs:679:13\n    |\n679 |             RNG.with(|rng| rng.$t(range))\n    |             ^^^ not found in this scope\n...\n694 | integer!(usize, \"Generates a random `usize` in the given range.\");\n    | ----------------------------------------------------------------- in this macro invocation\n    |\n    = note: this error originates in the macro `integer` (in Nightly builds, run with -Z macro-backtrace for more info)\n\nerror[E0425]: cannot find value `RNG` in this scope\n   --> /Users/graysonnocera/.cargo/registry/src/index.crates.io-6f17d22bba15001f/fastrand-1.9.0/src/lib.rs:679:13\n    |\n679 |             RNG.with(|rng| rng.$t(range))\n    |             ^^^ not found in this scope\n...\n695 | integer!(isize, \"Generates a random `isize` in the given range.\");\n    | ----------------------------------------------------------------- in this macro invocation\n    |\n    = note: this error originates in the macro `integer` (in Nightly builds, run with -Z macro-backtrace for more info)\n\nerror[E0425]: cannot find value `RNG` in this scope\n   --> /Users/graysonnocera/.cargo/registry/src/index.crates.io-6f17d22bba15001f/fastrand-1.9.0/src/lib.rs:679:13\n    |\n679 |             RNG.with(|rng| rng.$t(range))\n    |             ^^^ not found in this scope\n...\n696 | integer!(char, \"Generates a random `char` in the given range.\");\n    | --------------------------------------------------------------- in this macro invocation\n    |\n    = note: this error originates in the macro `integer` (in Nightly builds, run with -Z macro-backtrace for more info)\n\nerror[E0425]: cannot find value `RNG` in this scope\n   --> /Users/graysonnocera/.cargo/registry/src/index.crates.io-6f17d22bba15001f/fastrand-1.9.0/src/lib.rs:700:5\n    |\n85  | pub struct Rng(Cell<u64>);\n    | -------------------------- similarly named tuple struct `Rng` defined here\n...\n700 |     RNG.with(|rng| rng.f32())\n    |     ^^^ help: a tuple struct with a similar name exists: `Rng`\n\nerror[E0425]: cannot find value `RNG` in this scope\n   --> /Users/graysonnocera/.cargo/registry/src/index.crates.io-6f17d22bba15001f/fastrand-1.9.0/src/lib.rs:705:5\n    |\n85  | pub struct Rng(Cell<u64>);\n    | -------------------------- similarly named tuple struct `Rng` defined here\n...\n705 |     RNG.with(|rng| rng.f64())\n    |     ^^^ help: a tuple struct with a similar name exists: `Rng`\n\nSome errors have detailed explanations: E0405, E0425, E0463.\nFor more information about an error, try `rustc --explain E0405`.\nerror: could not compile `fastrand` (lib) due to 60 previous errors\nerror[E0412]: cannot find type `Option` in this scope\n  --> /Users/graysonnocera/.cargo/registry/src/index.crates.io-6f17d22bba15001f/once_cell-1.17.1/src/imp_std.rs:26:23\n   |\n26 |     value: UnsafeCell<Option<T>>,\n   |                       ^^^^^^ not found in this scope\n   |\nhelp: consider importing this enum\n   |\n6  + use core::option::Option;\n   |\n\nerror[E0405]: cannot find trait `Sync` in this scope\n  --> /Users/graysonnocera/.cargo/registry/src/index.crates.io-6f17d22bba15001f/once_cell-1.17.1/src/imp_std.rs:34:29\n   |\n34 | unsafe impl<T: Sync + Send> Sync for OnceCell<T> {}\n   |                             ^^^^ not found in this scope\n   |\nhelp: consider importing this trait\n   |\n6  + use core::marker::Sync;\n   |\n\nerror[E0405]: cannot find trait `Sync` in this scope\n  --> /Users/graysonnocera/.cargo/registry/src/index.crates.io-6f17d22bba15001f/once_cell-1.17.1/src/imp_std.rs:34:16\n   |\n34 | unsafe impl<T: Sync + Send> Sync for OnceCell<T> {}\n   |                ^^^^ not found in this scope\n   |\nhelp: consider importing this trait\n   |\n6  + use core::marker::Sync;\n   |\n\nerror[E0405]: cannot find trait `Send` in this scope\n  --> /Users/graysonnocera/.cargo/registry/src/index.crates.io-6f17d22bba15001f/once_cell-1.17.1/src/imp_std.rs:34:23\n   |\n34 | unsafe impl<T: Sync + Send> Sync for OnceCell<T> {}\n   |                       ^^^^ not found in this scope\n   |\nhelp: consider importing this trait\n   |\n6  + use core::marker::Send;\n   |\n\nerror[E0405]: cannot find trait `Send` in this scope\n  --> /Users/graysonnocera/.cargo/registry/src/index.crates.io-6f17d22bba15001f/once_cell-1.17.1/src/imp_std.rs:35:22\n   |\n35 | unsafe impl<T: Send> Send for OnceCell<T> {}\n   |                      ^^^^ not found in this scope\n   |\nhelp: consider importing this trait\n   |\n6  + use core::marker::Send;\n   |\n\nerror[E0405]: cannot find trait `Send` in this scope\n  --> /Users/graysonnocera/.cargo/registry/src/index.crates.io-6f17d22bba15001f/once_cell-1.17.1/src/imp_std.rs:35:16\n   |\n35 | unsafe impl<T: Send> Send for OnceCell<T> {}\n   |                ^^^^ not found in this scope\n   |\nhelp: consider importing this trait\n   |\n6  + use core::marker::Send;\n   |\n\nerror[E0425]: cannot find value `None` in this scope\n  --> /Users/graysonnocera/.cargo/registry/src/index.crates.io-6f17d22bba15001f/once_cell-1.17.1/src/imp_std.rs:45:36\n   |\n45 |             value: UnsafeCell::new(None),\n   |                                    ^^^^ not found in this scope\n   |\nhelp: consider importing this unit variant\n   |\n6  + use core::option::Option::None;\n   |\n\nerror[E0425]: cannot find function, tuple struct or tuple variant `Some` in this scope\n  --> /Users/graysonnocera/.cargo/registry/src/index.crates.io-6f17d22bba15001f/once_cell-1.17.1/src/imp_std.rs:53:36\n   |\n53 |             value: UnsafeCell::new(Some(value)),\n   |                                    ^^^^ not found in this scope\n   |\nhelp: consider importing this tuple variant\n   |\n6  + use core::option::Option::Some;\n   |\n\nerror[E0405]: cannot find trait `FnOnce` in this scope\n  --> /Users/graysonnocera/.cargo/registry/src/index.crates.io-6f17d22bba15001f/once_cell-1.17.1/src/imp_std.rs:73:12\n   |\n73 |         F: FnOnce() -> Result<T, E>,\n   |            ^^^^^^ not found in this scope\n   |\nhelp: consider importing this trait\n   |\n6  + use core::ops::FnOnce;\n   |\n\nerror[E0412]: cannot find type `Result` in this scope\n  --> /Users/graysonnocera/.cargo/registry/src/index.crates.io-6f17d22bba15001f/once_cell-1.17.1/src/imp_std.rs:73:24\n   |\n73 |         F: FnOnce() -> Result<T, E>,\n   |                        ^^^^^^ not found in this scope\n   |\nhelp: consider importing one of these items\n   |\n6  + use core::fmt::Result;\n   |\n6  + use core::result::Result;\n   |\n6  + use alloc::fmt::Result;\n   |\n\nerror[E0412]: cannot find type `Result` in this scope\n  --> /Users/graysonnocera/.cargo/registry/src/index.crates.io-6f17d22bba15001f/once_cell-1.17.1/src/imp_std.rs:71:52\n   |\n71 |     pub(crate) fn initialize<F, E>(&self, f: F) -> Result<(), E>\n   |                                                    ^^^^^^ not found in this scope\n   |\nhelp: consider importing one of these items\n   |\n6  + use core::fmt::Result;\n   |\n6  + use core::result::Result;\n   |\n6  + use alloc::fmt::Result;\n   |\n\nerror[E0425]: cannot find function, tuple struct or tuple variant `Some` in this scope\n  --> /Users/graysonnocera/.cargo/registry/src/index.crates.io-6f17d22bba15001f/once_cell-1.17.1/src/imp_std.rs:75:21\n   |\n75 |         let mut f = Some(f);\n   |                     ^^^^ not found in this scope\n   |\nhelp: consider importing this tuple variant\n   |\n6  + use core::option::Option::Some;\n   |\n\nerror[E0412]: cannot find type `Result` in this scope\n  --> /Users/graysonnocera/.cargo/registry/src/index.crates.io-6f17d22bba15001f/once_cell-1.17.1/src/imp_std.rs:76:22\n   |\n76 |         let mut res: Result<(), E> = Ok(());\n   |                      ^^^^^^ not found in this scope\n   |\nhelp: consider importing one of these items\n   |\n6  + use core::fmt::Result;\n   |\n6  + use core::result::Result;\n   |\n6  + use alloc::fmt::Result;\n   |\n\nerror[E0425]: cannot find function, tuple struct or tuple variant `Ok` in this scope\n  --> /Users/graysonnocera/.cargo/registry/src/index.crates.io-6f17d22bba15001f/once_cell-1.17.1/src/imp_std.rs:76:38\n   |\n76 |         let mut res: Result<(), E> = Ok(());\n   |                                      ^^ not found in this scope\n   |\nhelp: consider importing this tuple variant\n   |\n6  + use core::result::Result::Ok;\n   |\n\nerror[E0412]: cannot find type `Option` in this scope\n  --> /Users/graysonnocera/.cargo/registry/src/index.crates.io-6f17d22bba15001f/once_cell-1.17.1/src/imp_std.rs:77:24\n   |\n77 |         let slot: *mut Option<T> = self.value.get();\n   |                        ^^^^^^ not found in this scope\n   |\nhelp: consider importing this enum\n   |\n6  + use core::option::Option;\n   |\n\nerror[E0425]: cannot find function, tuple struct or tuple variant `Some` in this scope\n  --> /Users/graysonnocera/.cargo/registry/src/index.crates.io-6f17d22bba15001f/once_cell-1.17.1/src/imp_std.rs:80:13\n   |\n80 |             Some(&mut || {\n   |             ^^^^ not found in this scope\n   |\nhelp: consider importing this tuple variant\n   |\n6  + use core::option::Option::Some;\n   |\n\nerror[E0531]: cannot find tuple struct or tuple variant `Ok` in this scope\n  --> /Users/graysonnocera/.cargo/registry/src/index.crates.io-6f17d22bba15001f/once_cell-1.17.1/src/imp_std.rs:83:21\n   |\n83 |                     Ok(value) => {\n   |                     ^^ not found in this scope\n   |\nhelp: consider importing this tuple variant\n   |\n6  + use core::result::Result::Ok;\n   |\n\nerror[E0425]: cannot find function, tuple struct or tuple variant `Some` in this scope\n  --> /Users/graysonnocera/.cargo/registry/src/index.crates.io-6f17d22bba15001f/once_cell-1.17.1/src/imp_std.rs:84:42\n   |\n84 |                         unsafe { *slot = Some(value) };\n   |                                          ^^^^ not found in this scope\n   |\nhelp: consider importing this tuple variant\n   |\n6  + use core::option::Option::Some;\n   |\n\nerror[E0531]: cannot find tuple struct or tuple variant `Err` in this scope\n  --> /Users/graysonnocera/.cargo/registry/src/index.crates.io-6f17d22bba15001f/once_cell-1.17.1/src/imp_std.rs:87:21\n   |\n87 |                     Err(err) => {\n   |                     ^^^ not found in this scope\n   |\nhelp: consider importing this tuple variant\n   |\n6  + use core::result::Result::Err;\n   |\n\nerror[E0425]: cannot find function, tuple struct or tuple variant `Err` in this scope\n  --> /Users/graysonnocera/.cargo/registry/src/index.crates.io-6f17d22bba15001f/once_cell-1.17.1/src/imp_std.rs:88:31\n   |\n88 |                         res = Err(err);\n   |                               ^^^\n   |\nhelp: a local variable with a similar name exists\n   |\n88 |                         res = err(err);\n   |                               ~~~\nhelp: consider importing this tuple variant\n   |\n6  + use core::result::Result::Err;\n   |\n\nerror[E0425]: cannot find value `None` in this scope\n  --> /Users/graysonnocera/.cargo/registry/src/index.crates.io-6f17d22bba15001f/once_cell-1.17.1/src/imp_std.rs:99:41\n   |\n99 |         initialize_or_wait(&self.queue, None);\n   |                                         ^^^^ not found in this scope\n   |\nhelp: consider importing this unit variant\n   |\n6  + use core::option::Option::None;\n   |\n\nerror[E0412]: cannot find type `Option` in this scope\n   --> /Users/graysonnocera/.cargo/registry/src/index.crates.io-6f17d22bba15001f/once_cell-1.17.1/src/imp_std.rs:117:41\n    |\n117 |     pub(crate) fn get_mut(&mut self) -> Option<&mut T> {\n    |                                         ^^^^^^ not found in this scope\n    |\nhelp: consider importing this enum\n    |\n6   + use core::option::Option;\n    |\n\nerror[E0412]: cannot find type `Option` in this scope\n   --> /Users/graysonnocera/.cargo/registry/src/index.crates.io-6f17d22bba15001f/once_cell-1.17.1/src/imp_std.rs:125:39\n    |\n125 |     pub(crate) fn into_inner(self) -> Option<T> {\n    |                                       ^^^^^^ not found in this scope\n    |\nhelp: consider importing this enum\n    |\n6   + use core::option::Option;\n    |\n\nerror[E0412]: cannot find type `Option` in this scope\n   --> /Users/graysonnocera/.cargo/registry/src/index.crates.io-6f17d22bba15001f/once_cell-1.17.1/src/imp_std.rs:149:18\n    |\n149 |     thread: Cell<Option<Thread>>,\n    |                  ^^^^^^ not found in this scope\n    |\nhelp: consider importing this enum\n    |\n6   + use core::option::Option;\n    |\n\nerror[E0405]: cannot find trait `Drop` in this scope\n   --> /Users/graysonnocera/.cargo/registry/src/index.crates.io-6f17d22bba15001f/once_cell-1.17.1/src/imp_std.rs:160:6\n    |\n160 | impl Drop for Guard<'_> {\n    |      ^^^^ not found in this scope\n    |\nhelp: consider importing this trait\n    |\n6   + use core::ops::Drop;\n    |\n\nerror[E0412]: cannot find type `Option` in this scope\n   --> /Users/graysonnocera/.cargo/registry/src/index.crates.io-6f17d22bba15001f/once_cell-1.17.1/src/imp_std.rs:187:60\n    |\n187 | fn initialize_or_wait(queue: &AtomicPtr<Waiter>, mut init: Option<&mut dyn FnMut() -> bool>) {\n    |                                                            ^^^^^^ not found in this scope\n    |\nhelp: consider importing this enum\n    |\n6   + use core::option::Option;\n    |\n\nerror[E0405]: cannot find trait `FnMut` in this scope\n   --> /Users/graysonnocera/.cargo/registry/src/index.crates.io-6f17d22bba15001f/once_cell-1.17.1/src/imp_std.rs:187:76\n    |\n187 | fn initialize_or_wait(queue: &AtomicPtr<Waiter>, mut init: Option<&mut dyn FnMut() -> bool>) {\n    |                                                                            ^^^^^ not found in this scope\n    |\nhelp: consider importing this trait\n    |\n6   + use core::ops::FnMut;\n    |\n\nerror[E0531]: cannot find tuple struct or tuple variant `Some` in this scope\n   --> /Users/graysonnocera/.cargo/registry/src/index.crates.io-6f17d22bba15001f/once_cell-1.17.1/src/imp_std.rs:194:26\n    |\n194 |             (INCOMPLETE, Some(init)) => {\n    |                          ^^^^ not found in this scope\n    |\nhelp: consider importing this tuple variant\n    |\n6   + use core::option::Option::Some;\n    |\n\nerror[E0531]: cannot find tuple struct or tuple variant `Err` in this scope\n   --> /Users/graysonnocera/.cargo/registry/src/index.crates.io-6f17d22bba15001f/once_cell-1.17.1/src/imp_std.rs:201:24\n    |\n201 |                 if let Err(new_queue) = exchange {\n    |                        ^^^ not found in this scope\n    |\nhelp: consider importing this tuple variant\n    |\n6   + use core::result::Result::Err;\n    |\n\nerror[E0425]: cannot find function, tuple struct or tuple variant `Some` in this scope\n   --> /Users/graysonnocera/.cargo/registry/src/index.crates.io-6f17d22bba15001f/once_cell-1.17.1/src/imp_std.rs:224:31\n    |\n224 |             thread: Cell::new(Some(thread::current())),\n    |                               ^^^^ not found in this scope\n    |\nhelp: consider importing this tuple variant\n    |\n6   + use core::option::Option::Some;\n    |\n\nerror[E0531]: cannot find tuple struct or tuple variant `Err` in this scope\n   --> /Users/graysonnocera/.cargo/registry/src/index.crates.io-6f17d22bba15001f/once_cell-1.17.1/src/imp_std.rs:236:16\n    |\n236 |         if let Err(new_queue) = exchange {\n    |                ^^^ not found in this scope\n    |\nhelp: consider importing this tuple variant\n    |\n6   + use core::result::Result::Err;\n    |\n\nerror[E0405]: cannot find trait `Sized` in this scope\n   --> /Users/graysonnocera/.cargo/registry/src/index.crates.io-6f17d22bba15001f/once_cell-1.17.1/src/imp_std.rs:260:12\n    |\n260 |         T: Sized,\n    |            ^^^^^ not found in this scope\n    |\nhelp: consider importing this trait\n    |\n256 +     use core::marker::Sized;\n    |\n\nerror[E0405]: cannot find trait `Sized` in this scope\n   --> /Users/graysonnocera/.cargo/registry/src/index.crates.io-6f17d22bba15001f/once_cell-1.17.1/src/imp_std.rs:272:12\n    |\n272 |         T: Sized,\n    |            ^^^^^ not found in this scope\n    |\nhelp: consider importing this trait\n    |\n256 +     use core::marker::Sized;\n    |\n\nerror[E0405]: cannot find trait `Sized` in this scope\n   --> /Users/graysonnocera/.cargo/registry/src/index.crates.io-6f17d22bba15001f/once_cell-1.17.1/src/imp_std.rs:293:12\n    |\n293 |         T: Sized,\n    |            ^^^^^ not found in this scope\n    |\nhelp: consider importing this trait\n    |\n256 +     use core::marker::Sized;\n    |\n\nerror[E0405]: cannot find trait `FnOnce` in this scope\n   --> /Users/graysonnocera/.cargo/registry/src/index.crates.io-6f17d22bba15001f/once_cell-1.17.1/src/imp_std.rs:291:52\n    |\n291 |     pub(crate) fn map_addr<T>(ptr: *mut T, f: impl FnOnce(usize) -> usize) -> *mut T\n    |                                                    ^^^^^^ not found in this scope\n    |\nhelp: consider importing this trait\n    |\n256 +     use core::ops::FnOnce;\n    |\n\nerror[E0412]: cannot find type `Option` in this scope\n   --> /Users/graysonnocera/.cargo/registry/src/index.crates.io-6f17d22bba15001f/once_cell-1.17.1/src/lib.rs:386:27\n    |\n386 |         inner: UnsafeCell<Option<T>>,\n    |                           ^^^^^^ not found in this scope\n    |\nhelp: consider importing this enum\n    |\n355 +     use core::option::Option;\n    |\n\nerror[E0405]: cannot find trait `Default` in this scope\n   --> /Users/graysonnocera/.cargo/registry/src/index.crates.io-6f17d22bba15001f/once_cell-1.17.1/src/lib.rs:396:13\n    |\n396 |     impl<T> Default for OnceCell<T> {\n    |             ^^^^^^^ not found in this scope\n    |\nhelp: consider importing this trait\n    |\n355 +     use core::default::Default;\n    |\n\nerror[E0531]: cannot find tuple struct or tuple variant `Some` in this scope\n   --> /Users/graysonnocera/.cargo/registry/src/index.crates.io-6f17d22bba15001f/once_cell-1.17.1/src/lib.rs:405:17\n    |\n405 |                 Some(v) => f.debug_tuple(\"OnceCell\").field(v).finish(),\n    |                 ^^^^ not found in this scope\n    |\nhelp: consider importing this tuple variant\n    |\n355 +     use core::option::Option::Some;\n    |\n\nerror[E0405]: cannot find trait `Clone` in this scope\n   --> /Users/graysonnocera/.cargo/registry/src/index.crates.io-6f17d22bba15001f/once_cell-1.17.1/src/lib.rs:411:20\n    |\n411 |     impl<T: Clone> Clone for OnceCell<T> {\n    |                    ^^^^^ not found in this scope\n    |\nhelp: consider importing this trait\n    |\n355 +     use core::clone::Clone;\n    |\n\nerror[E0405]: cannot find trait `Clone` in this scope\n   --> /Users/graysonnocera/.cargo/registry/src/index.crates.io-6f17d22bba15001f/once_cell-1.17.1/src/lib.rs:411:13\n    |\n411 |     impl<T: Clone> Clone for OnceCell<T> {\n    |             ^^^^^ not found in this scope\n    |\nhelp: consider importing this trait\n    |\n355 +     use core::clone::Clone;\n    |\n\nerror[E0531]: cannot find tuple struct or tuple variant `Some` in this scope\n   --> /Users/graysonnocera/.cargo/registry/src/index.crates.io-6f17d22bba15001f/once_cell-1.17.1/src/lib.rs:414:17\n    |\n414 |                 Some(value) => OnceCell::with_value(value.clone()),\n    |                 ^^^^ not found in this scope\n    |\nhelp: consider importing this tuple variant\n    |\n355 +     use core::option::Option::Some;\n    |\n\nerror[E0531]: cannot find tuple struct or tuple variant `Some` in this scope\n   --> /Users/graysonnocera/.cargo/registry/src/index.crates.io-6f17d22bba15001f/once_cell-1.17.1/src/lib.rs:421:18\n    |\n421 |                 (Some(this), Some(source)) => this.clone_from(source),\n    |                  ^^^^ not found in this scope\n    |\nhelp: consider importing this tuple variant\n    |\n355 +     use core::option::Option::Some;\n    |\n\nerror[E0531]: cannot find tuple struct or tuple variant `Some` in this scope\n   --> /Users/graysonnocera/.cargo/registry/src/index.crates.io-6f17d22bba15001f/once_cell-1.17.1/src/lib.rs:421:30\n    |\n421 |                 (Some(this), Some(source)) => this.clone_from(source),\n    |                              ^^^^ not found in this scope\n    |\nhelp: consider importing this tuple variant\n    |\n355 +     use core::option::Option::Some;\n    |\n\nerror[E0405]: cannot find trait `PartialEq` in this scope\n   --> /Users/graysonnocera/.cargo/registry/src/index.crates.io-6f17d22bba15001f/once_cell-1.17.1/src/lib.rs:427:24\n    |\n427 |     impl<T: PartialEq> PartialEq for OnceCell<T> {\n    |                        ^^^^^^^^^ not found in this scope\n    |\nhelp: consider importing this trait\n    |\n355 +     use core::cmp::PartialEq;\n    |\n\nerror[E0405]: cannot find trait `PartialEq` in this scope\n   --> /Users/graysonnocera/.cargo/registry/src/index.crates.io-6f17d22bba15001f/once_cell-1.17.1/src/lib.rs:427:13\n    |\n427 |     impl<T: PartialEq> PartialEq for OnceCell<T> {\n    |             ^^^^^^^^^ not found in this scope\n    |\nhelp: consider importing this trait\n    |\n355 +     use core::cmp::PartialEq;\n    |\n\nerror[E0405]: cannot find trait `Eq` in this scope\n   --> /Users/graysonnocera/.cargo/registry/src/index.crates.io-6f17d22bba15001f/once_cell-1.17.1/src/lib.rs:433:17\n    |\n433 |     impl<T: Eq> Eq for OnceCell<T> {}\n    |                 ^^ not found in this scope\n    |\nhelp: consider importing this trait\n    |\n355 +     use core::cmp::Eq;\n    |\n\nerror[E0405]: cannot find trait `Eq` in this scope\n   --> /Users/graysonnocera/.cargo/registry/src/index.crates.io-6f17d22bba15001f/once_cell-1.17.1/src/lib.rs:433:13\n    |\n433 |     impl<T: Eq> Eq for OnceCell<T> {}\n    |             ^^ not found in this scope\n    |\nhelp: consider importing this trait\n    |\n355 +     use core::cmp::Eq;\n    |\n\nerror[E0405]: cannot find trait `From` in this scope\n   --> /Users/graysonnocera/.cargo/registry/src/index.crates.io-6f17d22bba15001f/once_cell-1.17.1/src/lib.rs:435:13\n    |\n435 |     impl<T> From<T> for OnceCell<T> {\n    |             ^^^^ not found in this scope\n    |\nhelp: consider importing this trait\n    |\n355 +     use core::convert::From;\n    |\n\nerror[E0425]: cannot find value `None` in this scope\n   --> /Users/graysonnocera/.cargo/registry/src/index.crates.io-6f17d22bba15001f/once_cell-1.17.1/src/lib.rs:444:47\n    |\n444 |             OnceCell { inner: UnsafeCell::new(None) }\n    |                                               ^^^^ not found in this scope\n    |\nhelp: consider importing this unit variant\n    |\n355 +     use core::option::Option::None;\n    |\n\nerror[E0425]: cannot find function, tuple struct or tuple variant `Some` in this scope\n   --> /Users/graysonnocera/.cargo/registry/src/index.crates.io-6f17d22bba15001f/once_cell-1.17.1/src/lib.rs:449:47\n    |\n449 |             OnceCell { inner: UnsafeCell::new(Some(value)) }\n    |                                               ^^^^ not found in this scope\n    |\nhelp: consider importing this tuple variant\n    |\n355 +     use core::option::Option::Some;\n    |\n\nerror[E0412]: cannot find type `Option` in this scope\n   --> /Users/graysonnocera/.cargo/registry/src/index.crates.io-6f17d22bba15001f/once_cell-1.17.1/src/lib.rs:456:30\n    |\n456 |         pub fn get(&self) -> Option<&T> {\n    |                              ^^^^^^ not found in this scope\n    |\nhelp: consider importing this enum\n    |\n355 +     use core::option::Option;\n    |\n\nerror[E0412]: cannot find type `Option` in this scope\n   --> /Users/graysonnocera/.cargo/registry/src/index.crates.io-6f17d22bba15001f/once_cell-1.17.1/src/lib.rs:481:38\n    |\n481 |         pub fn get_mut(&mut self) -> Option<&mut T> {\n    |                                      ^^^^^^ not found in this scope\n    |\nhelp: consider importing this enum\n    |\n355 +     use core::option::Option;\n    |\n\nerror[E0412]: cannot find type `Result` in this scope\n   --> /Users/graysonnocera/.cargo/registry/src/index.crates.io-6f17d22bba15001f/once_cell-1.17.1/src/lib.rs:503:40\n    |\n503 |         pub fn set(&self, value: T) -> Result<(), T> {\n    |                                        ^^^^^^ not found in this scope\n    |\nhelp: consider importing one of these items\n    |\n355 +     use crate::unsync::fmt::Result;\n    |\n355 +     use core::fmt::Result;\n    |\n355 +     use core::result::Result;\n    |\n355 +     use alloc::fmt::Result;\n    |\n\nerror[E0531]: cannot find tuple struct or tuple variant `Ok` in this scope\n   --> /Users/graysonnocera/.cargo/registry/src/index.crates.io-6f17d22bba15001f/once_cell-1.17.1/src/lib.rs:505:17\n    |\n505 |                 Ok(_) => Ok(()),\n    |                 ^^ not found in this scope\n    |\nhelp: consider importing this tuple variant\n    |\n355 +     use core::result::Result::Ok;\n    |\n\nerror[E0425]: cannot find function, tuple struct or tuple variant `Ok` in this scope\n   --> /Users/graysonnocera/.cargo/registry/src/index.crates.io-6f17d22bba15001f/once_cell-1.17.1/src/lib.rs:505:26\n    |\n505 |                 Ok(_) => Ok(()),\n    |                          ^^ not found in this scope\n    |\nhelp: consider importing this tuple variant\n    |\n355 +     use core::result::Result::Ok;\n    |\n\nerror[E0531]: cannot find tuple struct or tuple variant `Err` in this scope\n   --> /Users/graysonnocera/.cargo/registry/src/index.crates.io-6f17d22bba15001f/once_cell-1.17.1/src/lib.rs:506:17\n    |\n506 |                 Err((_, value)) => Err(value),\n    |                 ^^^ not found in this scope\n    |\nhelp: consider importing this tuple variant\n    |\n355 +     use core::result::Result::Err;\n    |\n\nerror[E0425]: cannot find function, tuple struct or tuple variant `Err` in this scope\n   --> /Users/graysonnocera/.cargo/registry/src/index.crates.io-6f17d22bba15001f/once_cell-1.17.1/src/lib.rs:506:36\n    |\n506 |                 Err((_, value)) => Err(value),\n    |                                    ^^^ not found in this scope\n    |\nhelp: consider importing this tuple variant\n    |\n355 +     use core::result::Result::Err;\n    |\n\nerror[E0412]: cannot find type `Result` in this scope\n   --> /Users/graysonnocera/.cargo/registry/src/index.crates.io-6f17d22bba15001f/once_cell-1.17.1/src/lib.rs:524:47\n    |\n524 |         pub fn try_insert(&self, value: T) -> Result<&T, (&T, T)> {\n    |                                               ^^^^^^ not found in this scope\n    |\nhelp: consider importing one of these items\n    |\n355 +     use crate::unsync::fmt::Result;\n    |\n355 +     use core::fmt::Result;\n    |\n355 +     use core::result::Result;\n    |\n355 +     use alloc::fmt::Result;\n    |\n\nerror[E0531]: cannot find tuple struct or tuple variant `Some` in this scope\n   --> /Users/graysonnocera/.cargo/registry/src/index.crates.io-6f17d22bba15001f/once_cell-1.17.1/src/lib.rs:525:20\n    |\n525 |             if let Some(old) = self.get() {\n    |                    ^^^^ not found in this scope\n    |\nhelp: consider importing this tuple variant\n    |\n355 +     use core::option::Option::Some;\n    |\n\nerror[E0425]: cannot find function, tuple struct or tuple variant `Err` in this scope\n   --> /Users/graysonnocera/.cargo/registry/src/index.crates.io-6f17d22bba15001f/once_cell-1.17.1/src/lib.rs:526:24\n    |\n526 |                 return Err((old, value));\n    |                        ^^^ not found in this scope\n    |\nhelp: consider importing this tuple variant\n    |\n355 +     use core::result::Result::Err;\n    |\n\nerror[E0425]: cannot find function, tuple struct or tuple variant `Some` in this scope\n   --> /Users/graysonnocera/.cargo/registry/src/index.crates.io-6f17d22bba15001f/once_cell-1.17.1/src/lib.rs:534:21\n    |\n534 |             *slot = Some(value);\n    |                     ^^^^ not found in this scope\n    |\nhelp: consider importing this tuple variant\n    |\n355 +     use core::option::Option::Some;\n    |\n\nerror[E0425]: cannot find function, tuple struct or tuple variant `Ok` in this scope\n   --> /Users/graysonnocera/.cargo/registry/src/index.crates.io-6f17d22bba15001f/once_cell-1.17.1/src/lib.rs:535:13\n    |\n535 |             Ok(unsafe { unwrap_unchecked(slot.as_ref()) })\n    |             ^^ not found in this scope\n    |\nhelp: consider importing this tuple variant\n    |\n355 +     use core::result::Result::Ok;\n    |\n\nerror[E0405]: cannot find trait `FnOnce` in this scope\n   --> /Users/graysonnocera/.cargo/registry/src/index.crates.io-6f17d22bba15001f/once_cell-1.17.1/src/lib.rs:561:16\n    |\n561 |             F: FnOnce() -> T,\n    |                ^^^^^^ not found in this scope\n    |\nhelp: consider importing this trait\n    |\n355 +     use core::ops::FnOnce;\n    |\n\nerror[E0425]: cannot find function, tuple struct or tuple variant `Ok` in this scope\n   --> /Users/graysonnocera/.cargo/registry/src/index.crates.io-6f17d22bba15001f/once_cell-1.17.1/src/lib.rs:564:43\n    |\n564 |             match self.get_or_try_init(|| Ok::<T, Void>(f())) {\n    |                                           ^^ not found in this scope\n    |\nhelp: consider importing this tuple variant\n    |\n355 +     use core::result::Result::Ok;\n    |\n\nerror[E0531]: cannot find tuple struct or tuple variant `Ok` in this scope\n   --> /Users/graysonnocera/.cargo/registry/src/index.crates.io-6f17d22bba15001f/once_cell-1.17.1/src/lib.rs:565:17\n    |\n565 |                 Ok(val) => val,\n    |                 ^^ not found in this scope\n    |\nhelp: consider importing this tuple variant\n    |\n355 +     use core::result::Result::Ok;\n    |\n\nerror[E0531]: cannot find tuple struct or tuple variant `Err` in this scope\n   --> /Users/graysonnocera/.cargo/registry/src/index.crates.io-6f17d22bba15001f/once_cell-1.17.1/src/lib.rs:566:17\n    |\n566 |                 Err(void) => match void {},\n    |                 ^^^ not found in this scope\n    |\nhelp: consider importing this tuple variant\n    |\n355 +     use core::result::Result::Err;\n    |\n\nerror[E0405]: cannot find trait `FnOnce` in this scope\n   --> /Users/graysonnocera/.cargo/registry/src/index.crates.io-6f17d22bba15001f/once_cell-1.17.1/src/lib.rs:597:16\n    |\n597 |             F: FnOnce() -> Result<T, E>,\n    |                ^^^^^^ not found in this scope\n    |\nhelp: consider importing this trait\n    |\n355 +     use core::ops::FnOnce;\n    |\n\nerror[E0412]: cannot find type `Result` in this scope\n   --> /Users/graysonnocera/.cargo/registry/src/index.crates.io-6f17d22bba15001f/once_cell-1.17.1/src/lib.rs:597:28\n    |\n597 |             F: FnOnce() -> Result<T, E>,\n    |                            ^^^^^^ not found in this scope\n    |\nhelp: consider importing one of these items\n    |\n355 +     use crate::unsync::fmt::Result;\n    |\n355 +     use core::fmt::Result;\n    |\n355 +     use core::result::Result;\n    |\n355 +     use alloc::fmt::Result;\n    |\n\nerror[E0412]: cannot find type `Result` in this scope\n   --> /Users/graysonnocera/.cargo/registry/src/index.crates.io-6f17d22bba15001f/once_cell-1.17.1/src/lib.rs:595:54\n    |\n595 |         pub fn get_or_try_init<F, E>(&self, f: F) -> Result<&T, E>\n    |                                                      ^^^^^^ not found in this scope\n    |\nhelp: consider importing one of these items\n    |\n355 +     use crate::unsync::fmt::Result;\n    |\n355 +     use core::fmt::Result;\n    |\n355 +     use core::result::Result;\n    |\n355 +     use alloc::fmt::Result;\n    |\n\nerror[E0531]: cannot find tuple struct or tuple variant `Some` in this scope\n   --> /Users/graysonnocera/.cargo/registry/src/index.crates.io-6f17d22bba15001f/once_cell-1.17.1/src/lib.rs:599:20\n    |\n599 |             if let Some(val) = self.get() {\n    |                    ^^^^ not found in this scope\n    |\nhelp: consider importing this tuple variant\n    |\n355 +     use core::option::Option::Some;\n    |\n\nerror[E0425]: cannot find function, tuple struct or tuple variant `Ok` in this scope\n   --> /Users/graysonnocera/.cargo/registry/src/index.crates.io-6f17d22bba15001f/once_cell-1.17.1/src/lib.rs:600:24\n    |\n600 |                 return Ok(val);\n    |                        ^^ not found in this scope\n    |\nhelp: consider importing this tuple variant\n    |\n355 +     use core::result::Result::Ok;\n    |\n\nerror[E0425]: cannot find function, tuple struct or tuple variant `Ok` in this scope\n   --> /Users/graysonnocera/.cargo/registry/src/index.crates.io-6f17d22bba15001f/once_cell-1.17.1/src/lib.rs:608:13\n    |\n608 |             Ok(unsafe { unwrap_unchecked(self.get()) })\n    |             ^^ not found in this scope\n    |\nhelp: consider importing this tuple variant\n    |\n355 +     use core::result::Result::Ok;\n    |\n\nerror[E0412]: cannot find type `Option` in this scope\n   --> /Users/graysonnocera/.cargo/registry/src/index.crates.io-6f17d22bba15001f/once_cell-1.17.1/src/lib.rs:640:35\n    |\n640 |         pub fn take(&mut self) -> Option<T> {\n    |                                   ^^^^^^ not found in this scope\n    |\nhelp: consider importing this enum\n    |\n355 +     use core::option::Option;\n    |\n\nerror[E0412]: cannot find type `Option` in this scope\n   --> /Users/graysonnocera/.cargo/registry/src/index.crates.io-6f17d22bba15001f/once_cell-1.17.1/src/lib.rs:660:36\n    |\n660 |         pub fn into_inner(self) -> Option<T> {\n    |                                    ^^^^^^ not found in this scope\n    |\nhelp: consider importing this enum\n    |\n355 +     use core::option::Option;\n    |\n\nerror[E0412]: cannot find type `Option` in this scope\n   --> /Users/graysonnocera/.cargo/registry/src/index.crates.io-6f17d22bba15001f/once_cell-1.17.1/src/lib.rs:689:20\n    |\n689 |         init: Cell<Option<F>>,\n    |                    ^^^^^^ not found in this scope\n    |\nhelp: consider importing this enum\n    |\n355 +     use core::option::Option;\n    |\n\nerror[E0425]: cannot find function, tuple struct or tuple variant `Some` in this scope\n   --> /Users/graysonnocera/.cargo/registry/src/index.crates.io-6f17d22bba15001f/once_cell-1.17.1/src/lib.rs:716:59\n    |\n716 |             Lazy { cell: OnceCell::new(), init: Cell::new(Some(init)) }\n    |                                                           ^^^^ not found in this scope\n    |\nhelp: consider importing this tuple variant\n    |\n355 +     use core::option::Option::Some;\n    |\n\nerror[E0412]: cannot find type `Result` in this scope\n   --> /Users/graysonnocera/.cargo/registry/src/index.crates.io-6f17d22bba15001f/once_cell-1.17.1/src/lib.rs:722:48\n    |\n722 |         pub fn into_value(this: Lazy<T, F>) -> Result<T, F> {\n    |                                                ^^^^^^ not found in this scope\n    |\nhelp: consider importing one of these items\n    |\n355 +     use crate::unsync::fmt::Result;\n    |\n355 +     use core::fmt::Result;\n    |\n355 +     use core::result::Result;\n    |\n355 +     use alloc::fmt::Result;\n    |\n\nerror[E0405]: cannot find trait `FnOnce` in this scope\n   --> /Users/graysonnocera/.cargo/registry/src/index.crates.io-6f17d22bba15001f/once_cell-1.17.1/src/lib.rs:731:16\n    |\n731 |     impl<T, F: FnOnce() -> T> Lazy<T, F> {\n    |                ^^^^^^ not found in this scope\n    |\nhelp: consider importing this trait\n    |\n355 +     use core::ops::FnOnce;\n    |\n\nerror[E0531]: cannot find tuple struct or tuple variant `Some` in this scope\n   --> /Users/graysonnocera/.cargo/registry/src/index.crates.io-6f17d22bba15001f/once_cell-1.17.1/src/lib.rs:748:17\n    |\n748 |                 Some(f) => f(),\n    |                 ^^^^ not found in this scope\n    |\nhelp: consider importing this tuple variant\n    |\n355 +     use core::option::Option::Some;\n    |\n\nerror[E0412]: cannot find type `Option` in this scope\n   --> /Users/graysonnocera/.cargo/registry/src/index.crates.io-6f17d22bba15001f/once_cell-1.17.1/src/lib.rs:785:42\n    |\n785 |         pub fn get(this: &Lazy<T, F>) -> Option<&T> {\n    |                                          ^^^^^^ not found in this scope\n    |\nhelp: consider importing this enum\n    |\n355 +     use core::option::Option;\n    |\n\nerror[E0412]: cannot find type `Option` in this scope\n   --> /Users/graysonnocera/.cargo/registry/src/index.crates.io-6f17d22bba15001f/once_cell-1.17.1/src/lib.rs:802:50\n    |\n802 |         pub fn get_mut(this: &mut Lazy<T, F>) -> Option<&mut T> {\n    |                                                  ^^^^^^ not found in this scope\n    |\nhelp: consider importing this enum\n    |\n355 +     use core::option::Option;\n    |\n\nerror[E0405]: cannot find trait `FnOnce` in this scope\n   --> /Users/graysonnocera/.cargo/registry/src/index.crates.io-6f17d22bba15001f/once_cell-1.17.1/src/lib.rs:807:16\n    |\n807 |     impl<T, F: FnOnce() -> T> Deref for Lazy<T, F> {\n    |                ^^^^^^ not found in this scope\n    |\nhelp: consider importing this trait\n    |\n355 +     use core::ops::FnOnce;\n    |\n\nerror[E0405]: cannot find trait `FnOnce` in this scope\n   --> /Users/graysonnocera/.cargo/registry/src/index.crates.io-6f17d22bba15001f/once_cell-1.17.1/src/lib.rs:814:16\n    |\n814 |     impl<T, F: FnOnce() -> T> DerefMut for Lazy<T, F> {\n    |                ^^^^^^ not found in this scope\n    |\nhelp: consider importing this trait\n    |\n355 +     use core::ops::FnOnce;\n    |\n\nerror[E0405]: cannot find trait `Default` in this scope\n   --> /Users/graysonnocera/.cargo/registry/src/index.crates.io-6f17d22bba15001f/once_cell-1.17.1/src/lib.rs:821:22\n    |\n821 |     impl<T: Default> Default for Lazy<T> {\n    |                      ^^^^^^^ not found in this scope\n    |\nhelp: consider importing this trait\n    |\n355 +     use core::default::Default;\n    |\n\nerror[E0405]: cannot find trait `Default` in this scope\n   --> /Users/graysonnocera/.cargo/registry/src/index.crates.io-6f17d22bba15001f/once_cell-1.17.1/src/lib.rs:821:13\n    |\n821 |     impl<T: Default> Default for Lazy<T> {\n    |             ^^^^^^^ not found in this scope\n    |\nhelp: consider importing this trait\n    |\n355 +     use core::default::Default;\n    |\n\nerror[E0405]: cannot find trait `Default` in this scope\n   --> /Users/graysonnocera/.cargo/registry/src/index.crates.io-6f17d22bba15001f/once_cell-1.17.1/src/lib.rs:871:13\n    |\n871 |     impl<T> Default for OnceCell<T> {\n    |             ^^^^^^^ not found in this scope\n    |\nhelp: consider importing this trait\n    |\n832 +     use core::default::Default;\n    |\n\nerror[E0531]: cannot find tuple struct or tuple variant `Some` in this scope\n   --> /Users/graysonnocera/.cargo/registry/src/index.crates.io-6f17d22bba15001f/once_cell-1.17.1/src/lib.rs:880:17\n    |\n880 |                 Some(v) => f.debug_tuple(\"OnceCell\").field(v).finish(),\n    |                 ^^^^ not found in this scope\n    |\nhelp: consider importing this tuple variant\n    |\n832 +     use core::option::Option::Some;\n    |\n\nerror[E0405]: cannot find trait `Clone` in this scope\n   --> /Users/graysonnocera/.cargo/registry/src/index.crates.io-6f17d22bba15001f/once_cell-1.17.1/src/lib.rs:886:20\n    |\n886 |     impl<T: Clone> Clone for OnceCell<T> {\n    |                    ^^^^^ not found in this scope\n    |\nhelp: consider importing this trait\n    |\n832 +     use core::clone::Clone;\n    |\n\nerror[E0405]: cannot find trait `Clone` in this scope\n   --> /Users/graysonnocera/.cargo/registry/src/index.crates.io-6f17d22bba15001f/once_cell-1.17.1/src/lib.rs:886:13\n    |\n886 |     impl<T: Clone> Clone for OnceCell<T> {\n    |             ^^^^^ not found in this scope\n    |\nhelp: consider importing this trait\n    |\n832 +     use core::clone::Clone;\n    |\n\nerror[E0531]: cannot find tuple struct or tuple variant `Some` in this scope\n   --> /Users/graysonnocera/.cargo/registry/src/index.crates.io-6f17d22bba15001f/once_cell-1.17.1/src/lib.rs:889:17\n    |\n889 |                 Some(value) => Self::with_value(value.clone()),\n    |                 ^^^^ not found in this scope\n    |\nhelp: consider importing this tuple variant\n    |\n832 +     use core::option::Option::Some;\n    |\n\nerror[E0531]: cannot find tuple struct or tuple variant `Some` in this scope\n   --> /Users/graysonnocera/.cargo/registry/src/index.crates.io-6f17d22bba15001f/once_cell-1.17.1/src/lib.rs:896:18\n    |\n896 |                 (Some(this), Some(source)) => this.clone_from(source),\n    |                  ^^^^ not found in this scope\n    |\nhelp: consider importing this tuple variant\n    |\n832 +     use core::option::Option::Some;\n    |\n\nerror[E0531]: cannot find tuple struct or tuple variant `Some` in this scope\n   --> /Users/graysonnocera/.cargo/registry/src/index.crates.io-6f17d22bba15001f/once_cell-1.17.1/src/lib.rs:896:30\n    |\n896 |                 (Some(this), Some(source)) => this.clone_from(source),\n    |                              ^^^^ not found in this scope\n    |\nhelp: consider importing this tuple variant\n    |\n832 +     use core::option::Option::Some;\n    |\n\nerror[E0405]: cannot find trait `From` in this scope\n   --> /Users/graysonnocera/.cargo/registry/src/index.crates.io-6f17d22bba15001f/once_cell-1.17.1/src/lib.rs:902:13\n    |\n902 |     impl<T> From<T> for OnceCell<T> {\n    |             ^^^^ not found in this scope\n    |\nhelp: consider importing this trait\n    |\n832 +     use core::convert::From;\n    |\n\nerror[E0405]: cannot find trait `PartialEq` in this scope\n   --> /Users/graysonnocera/.cargo/registry/src/index.crates.io-6f17d22bba15001f/once_cell-1.17.1/src/lib.rs:908:24\n    |\n908 |     impl<T: PartialEq> PartialEq for OnceCell<T> {\n    |                        ^^^^^^^^^ not found in this scope\n    |\nhelp: consider importing this trait\n    |\n832 +     use core::cmp::PartialEq;\n    |\n\nerror[E0405]: cannot find trait `PartialEq` in this scope\n   --> /Users/graysonnocera/.cargo/registry/src/index.crates.io-6f17d22bba15001f/once_cell-1.17.1/src/lib.rs:908:13\n    |\n908 |     impl<T: PartialEq> PartialEq for OnceCell<T> {\n    |             ^^^^^^^^^ not found in this scope\n    |\nhelp: consider importing this trait\n    |\n832 +     use core::cmp::PartialEq;\n    |\n\nerror[E0405]: cannot find trait `Eq` in this scope\n   --> /Users/graysonnocera/.cargo/registry/src/index.crates.io-6f17d22bba15001f/once_cell-1.17.1/src/lib.rs:914:17\n    |\n914 |     impl<T: Eq> Eq for OnceCell<T> {}\n    |                 ^^ not found in this scope\n    |\nhelp: consider importing this trait\n    |\n832 +     use core::cmp::Eq;\n    |\n\nerror[E0405]: cannot find trait `Eq` in this scope\n   --> /Users/graysonnocera/.cargo/registry/src/index.crates.io-6f17d22bba15001f/once_cell-1.17.1/src/lib.rs:914:13\n    |\n914 |     impl<T: Eq> Eq for OnceCell<T> {}\n    |             ^^ not found in this scope\n    |\nhelp: consider importing this trait\n    |\n832 +     use core::cmp::Eq;\n    |\n\nerror[E0412]: cannot find type `Option` in this scope\n   --> /Users/graysonnocera/.cargo/registry/src/index.crates.io-6f17d22bba15001f/once_cell-1.17.1/src/lib.rs:931:30\n    |\n931 |         pub fn get(&self) -> Option<&T> {\n    |                              ^^^^^^ not found in this scope\n    |\nhelp: consider importing this enum\n    |\n832 +     use core::option::Option;\n    |\n\nerror[E0425]: cannot find function, tuple struct or tuple variant `Some` in this scope\n   --> /Users/graysonnocera/.cargo/registry/src/index.crates.io-6f17d22bba15001f/once_cell-1.17.1/src/lib.rs:934:17\n    |\n934 |                 Some(unsafe { self.get_unchecked() })\n    |                 ^^^^ not found in this scope\n    |\nhelp: consider importing this tuple variant\n    |\n832 +     use core::option::Option::Some;\n    |\n\nerror[E0425]: cannot find value `None` in this scope\n   --> /Users/graysonnocera/.cargo/registry/src/index.crates.io-6f17d22bba15001f/once_cell-1.17.1/src/lib.rs:936:17\n    |\n936 |                 None\n    |                 ^^^^ not found in this scope\n    |\nhelp: consider importing this unit variant\n    |\n832 +     use core::option::Option::None;\n    |\n\nerror[E0412]: cannot find type `Option` in this scope\n   --> /Users/graysonnocera/.cargo/registry/src/index.crates.io-6f17d22bba15001f/once_cell-1.17.1/src/lib.rs:987:38\n    |\n987 |         pub fn get_mut(&mut self) -> Option<&mut T> {\n    |                                      ^^^^^^ not found in this scope\n    |\nhelp: consider importing this enum\n    |\n832 +     use core::option::Option;\n    |\n\nerror[E0412]: cannot find type `Result` in this scope\n    --> /Users/graysonnocera/.cargo/registry/src/index.crates.io-6f17d22bba15001f/once_cell-1.17.1/src/lib.rs:1026:40\n     |\n1026 |         pub fn set(&self, value: T) -> Result<(), T> {\n     |                                        ^^^^^^ not found in this scope\n     |\nhelp: consider importing one of these items\n     |\n832  +     use crate::sync::fmt::Result;\n     |\n832  +     use core::fmt::Result;\n     |\n832  +     use core::result::Result;\n     |\n832  +     use alloc::fmt::Result;\n     |\n\nerror[E0531]: cannot find tuple struct or tuple variant `Ok` in this scope\n    --> /Users/graysonnocera/.cargo/registry/src/index.crates.io-6f17d22bba15001f/once_cell-1.17.1/src/lib.rs:1028:17\n     |\n1028 |                 Ok(_) => Ok(()),\n     |                 ^^ not found in this scope\n     |\nhelp: consider importing this tuple variant\n     |\n832  +     use core::result::Result::Ok;\n     |\n\nerror[E0425]: cannot find function, tuple struct or tuple variant `Ok` in this scope\n    --> /Users/graysonnocera/.cargo/registry/src/index.crates.io-6f17d22bba15001f/once_cell-1.17.1/src/lib.rs:1028:26\n     |\n1028 |                 Ok(_) => Ok(()),\n     |                          ^^ not found in this scope\n     |\nhelp: consider importing this tuple variant\n     |\n832  +     use core::result::Result::Ok;\n     |\n\nerror[E0531]: cannot find tuple struct or tuple variant `Err` in this scope\n    --> /Users/graysonnocera/.cargo/registry/src/index.crates.io-6f17d22bba15001f/once_cell-1.17.1/src/lib.rs:1029:17\n     |\n1029 |                 Err((_, value)) => Err(value),\n     |                 ^^^ not found in this scope\n     |\nhelp: consider importing this tuple variant\n     |\n832  +     use core::result::Result::Err;\n     |\n\nerror[E0425]: cannot find function, tuple struct or tuple variant `Err` in this scope\n    --> /Users/graysonnocera/.cargo/registry/src/index.crates.io-6f17d22bba15001f/once_cell-1.17.1/src/lib.rs:1029:36\n     |\n1029 |                 Err((_, value)) => Err(value),\n     |                                    ^^^ not found in this scope\n     |\nhelp: consider importing this tuple variant\n     |\n832  +     use core::result::Result::Err;\n     |\n\nerror[E0412]: cannot find type `Result` in this scope\n    --> /Users/graysonnocera/.cargo/registry/src/index.crates.io-6f17d22bba15001f/once_cell-1.17.1/src/lib.rs:1048:47\n     |\n1048 |         pub fn try_insert(&self, value: T) -> Result<&T, (&T, T)> {\n     |                                               ^^^^^^ not found in this scope\n     |\nhelp: consider importing one of these items\n     |\n832  +     use crate::sync::fmt::Result;\n     |\n832  +     use core::fmt::Result;\n     |\n832  +     use core::result::Result;\n     |\n832  +     use alloc::fmt::Result;\n     |\n\nerror[E0425]: cannot find function, tuple struct or tuple variant `Some` in this scope\n    --> /Users/graysonnocera/.cargo/registry/src/index.crates.io-6f17d22bba15001f/once_cell-1.17.1/src/lib.rs:1049:29\n     |\n1049 |             let mut value = Some(value);\n     |                             ^^^^ not found in this scope\n     |\nhelp: consider importing this tuple variant\n     |\n832  +     use core::option::Option::Some;\n     |\n\nerror[E0425]: cannot find function, tuple struct or tuple variant `Ok` in this scope\n    --> /Users/graysonnocera/.cargo/registry/src/index.crates.io-6f17d22bba15001f/once_cell-1.17.1/src/lib.rs:1052:25\n     |\n1052 |                 None => Ok(res),\n     |                         ^^ not found in this scope\n     |\nhelp: consider importing this tuple variant\n     |\n832  +     use core::result::Result::Ok;\n     |\n\nerror[E0531]: cannot find tuple struct or tuple variant `Some` in this scope\n    --> /Users/graysonnocera/.cargo/registry/src/index.crates.io-6f17d22bba15001f/once_cell-1.17.1/src/lib.rs:1053:17\n     |\n1053 |                 Some(value) => Err((res, value)),\n     |                 ^^^^ not found in this scope\n     |\nhelp: consider importing this tuple variant\n     |\n832  +     use core::option::Option::Some;\n     |\n\nerror[E0425]: cannot find function, tuple struct or tuple variant `Err` in this scope\n    --> /Users/graysonnocera/.cargo/registry/src/index.crates.io-6f17d22bba15001f/once_cell-1.17.1/src/lib.rs:1053:32\n     |\n1053 |                 Some(value) => Err((res, value)),\n     |                                ^^^ not found in this scope\n     |\nhelp: consider importing this tuple variant\n     |\n832  +     use core::result::Result::Err;\n     |\n\nerror[E0405]: cannot find trait `FnOnce` in this scope\n    --> /Users/graysonnocera/.cargo/registry/src/index.crates.io-6f17d22bba15001f/once_cell-1.17.1/src/lib.rs:1085:16\n     |\n1085 |             F: FnOnce() -> T,\n     |                ^^^^^^ not found in this scope\n     |\nhelp: consider importing this trait\n     |\n832  +     use core::ops::FnOnce;\n     |\n\nerror[E0425]: cannot find function, tuple struct or tuple variant `Ok` in this scope\n    --> /Users/graysonnocera/.cargo/registry/src/index.crates.io-6f17d22bba15001f/once_cell-1.17.1/src/lib.rs:1088:43\n     |\n1088 |             match self.get_or_try_init(|| Ok::<T, Void>(f())) {\n     |                                           ^^ not found in this scope\n     |\nhelp: consider importing this tuple variant\n     |\n832  +     use core::result::Result::Ok;\n     |\n\nerror[E0531]: cannot find tuple struct or tuple variant `Ok` in this scope\n    --> /Users/graysonnocera/.cargo/registry/src/index.crates.io-6f17d22bba15001f/once_cell-1.17.1/src/lib.rs:1089:17\n     |\n1089 |                 Ok(val) => val,\n     |                 ^^ not found in this scope\n     |\nhelp: consider importing this tuple variant\n     |\n832  +     use core::result::Result::Ok;\n     |\n\nerror[E0531]: cannot find tuple struct or tuple variant `Err` in this scope\n    --> /Users/graysonnocera/.cargo/registry/src/index.crates.io-6f17d22bba15001f/once_cell-1.17.1/src/lib.rs:1090:17\n     |\n1090 |                 Err(void) => match void {},\n     |                 ^^^ not found in this scope\n     |\nhelp: consider importing this tuple variant\n     |\n832  +     use core::result::Result::Err;\n     |\n\nerror[E0405]: cannot find trait `FnOnce` in this scope\n    --> /Users/graysonnocera/.cargo/registry/src/index.crates.io-6f17d22bba15001f/once_cell-1.17.1/src/lib.rs:1122:16\n     |\n1122 |             F: FnOnce() -> Result<T, E>,\n     |                ^^^^^^ not found in this scope\n     |\nhelp: consider importing this trait\n     |\n832  +     use core::ops::FnOnce;\n     |\n\nerror[E0412]: cannot find type `Result` in this scope\n    --> /Users/graysonnocera/.cargo/registry/src/index.crates.io-6f17d22bba15001f/once_cell-1.17.1/src/lib.rs:1122:28\n     |\n1122 |             F: FnOnce() -> Result<T, E>,\n     |                            ^^^^^^ not found in this scope\n     |\nhelp: consider importing one of these items\n     |\n832  +     use crate::sync::fmt::Result;\n     |\n832  +     use core::fmt::Result;\n     |\n832  +     use core::result::Result;\n     |\n832  +     use alloc::fmt::Result;\n     |\n\nerror[E0412]: cannot find type `Result` in this scope\n    --> /Users/graysonnocera/.cargo/registry/src/index.crates.io-6f17d22bba15001f/once_cell-1.17.1/src/lib.rs:1120:54\n     |\n1120 |         pub fn get_or_try_init<F, E>(&self, f: F) -> Result<&T, E>\n     |                                                      ^^^^^^ not found in this scope\n     |\nhelp: consider importing one of these items\n     |\n832  +     use crate::sync::fmt::Result;\n     |\n832  +     use core::fmt::Result;\n     |\n832  +     use core::result::Result;\n     |\n832  +     use alloc::fmt::Result;\n     |\n\nerror[E0531]: cannot find tuple struct or tuple variant `Some` in this scope\n    --> /Users/graysonnocera/.cargo/registry/src/index.crates.io-6f17d22bba15001f/once_cell-1.17.1/src/lib.rs:1125:20\n     |\n1125 |             if let Some(value) = self.get() {\n     |                    ^^^^ not found in this scope\n     |\nhelp: consider importing this tuple variant\n     |\n832  +     use core::option::Option::Some;\n     |\n\nerror[E0425]: cannot find function, tuple struct or tuple variant `Ok` in this scope\n    --> /Users/graysonnocera/.cargo/registry/src/index.crates.io-6f17d22bba15001f/once_cell-1.17.1/src/lib.rs:1126:24\n     |\n1126 |                 return Ok(value);\n     |                        ^^ not found in this scope\n     |\nhelp: consider importing this tuple variant\n     |\n832  +     use core::result::Result::Ok;\n     |\n\nerror[E0425]: cannot find function, tuple struct or tuple variant `Ok` in this scope\n    --> /Users/graysonnocera/.cargo/registry/src/index.crates.io-6f17d22bba15001f/once_cell-1.17.1/src/lib.rs:1133:13\n     |\n1133 |             Ok(unsafe { self.get_unchecked() })\n     |             ^^ not found in this scope\n     |\nhelp: consider importing this tuple variant\n     |\n832  +     use core::result::Result::Ok;\n     |\n\nerror[E0412]: cannot find type `Option` in this scope\n    --> /Users/graysonnocera/.cargo/registry/src/index.crates.io-6f17d22bba15001f/once_cell-1.17.1/src/lib.rs:1165:35\n     |\n1165 |         pub fn take(&mut self) -> Option<T> {\n     |                                   ^^^^^^ not found in this scope\n     |\nhelp: consider importing this enum\n     |\n832  +     use core::option::Option;\n     |\n\nerror[E0412]: cannot find type `Option` in this scope\n    --> /Users/graysonnocera/.cargo/registry/src/index.crates.io-6f17d22bba15001f/once_cell-1.17.1/src/lib.rs:1185:36\n     |\n1185 |         pub fn into_inner(self) -> Option<T> {\n     |                                    ^^^^^^ not found in this scope\n     |\nhelp: consider importing this enum\n     |\n832  +     use core::option::Option;\n     |\n\nerror[E0412]: cannot find type `Option` in this scope\n    --> /Users/graysonnocera/.cargo/registry/src/index.crates.io-6f17d22bba15001f/once_cell-1.17.1/src/lib.rs:1225:20\n     |\n1225 |         init: Cell<Option<F>>,\n     |                    ^^^^^^ not found in this scope\n     |\nhelp: consider importing this enum\n     |\n832  +     use core::option::Option;\n     |\n\nerror[E0405]: cannot find trait `Sync` in this scope\n    --> /Users/graysonnocera/.cargo/registry/src/index.crates.io-6f17d22bba15001f/once_cell-1.17.1/src/lib.rs:1238:29\n     |\n1238 |     unsafe impl<T, F: Send> Sync for Lazy<T, F> where OnceCell<T>: Sync {}\n     |                             ^^^^ not found in this scope\n     |\nhelp: consider importing this trait\n     |\n832  +     use core::marker::Sync;\n     |\n\nerror[E0405]: cannot find trait `Send` in this scope\n    --> /Users/graysonnocera/.cargo/registry/src/index.crates.io-6f17d22bba15001f/once_cell-1.17.1/src/lib.rs:1238:23\n     |\n1238 |     unsafe impl<T, F: Send> Sync for Lazy<T, F> where OnceCell<T>: Sync {}\n     |                       ^^^^ not found in this scope\n     |\nhelp: consider importing this trait\n     |\n832  +     use core::marker::Send;\n     |\n\nerror[E0405]: cannot find trait `Sync` in this scope\n    --> /Users/graysonnocera/.cargo/registry/src/index.crates.io-6f17d22bba15001f/once_cell-1.17.1/src/lib.rs:1238:68\n     |\n1238 |     unsafe impl<T, F: Send> Sync for Lazy<T, F> where OnceCell<T>: Sync {}\n     |                                                                    ^^^^ not found in this scope\n     |\nhelp: consider importing this trait\n     |\n832  +     use core::marker::Sync;\n     |\n\nerror[E0425]: cannot find function, tuple struct or tuple variant `Some` in this scope\n    --> /Users/graysonnocera/.cargo/registry/src/index.crates.io-6f17d22bba15001f/once_cell-1.17.1/src/lib.rs:1247:59\n     |\n1247 |             Lazy { cell: OnceCell::new(), init: Cell::new(Some(f)) }\n     |                                                           ^^^^ not found in this scope\n     |\nhelp: consider importing this tuple variant\n     |\n832  +     use core::option::Option::Some;\n     |\n\nerror[E0412]: cannot find type `Result` in this scope\n    --> /Users/graysonnocera/.cargo/registry/src/index.crates.io-6f17d22bba15001f/once_cell-1.17.1/src/lib.rs:1253:48\n     |\n1253 |         pub fn into_value(this: Lazy<T, F>) -> Result<T, F> {\n     |                                                ^^^^^^ not found in this scope\n     |\nhelp: consider importing one of these items\n     |\n832  +     use crate::sync::fmt::Result;\n     |\n832  +     use core::fmt::Result;\n     |\n832  +     use core::result::Result;\n     |\n832  +     use alloc::fmt::Result;\n     |\n\nerror[E0405]: cannot find trait `FnOnce` in this scope\n    --> /Users/graysonnocera/.cargo/registry/src/index.crates.io-6f17d22bba15001f/once_cell-1.17.1/src/lib.rs:1262:16\n     |\n1262 |     impl<T, F: FnOnce() -> T> Lazy<T, F> {\n     |                ^^^^^^ not found in this scope\n     |\nhelp: consider importing this trait\n     |\n832  +     use core::ops::FnOnce;\n     |\n\nerror[E0531]: cannot find tuple struct or tuple variant `Some` in this scope\n    --> /Users/graysonnocera/.cargo/registry/src/index.crates.io-6f17d22bba15001f/once_cell-1.17.1/src/lib.rs:1278:17\n     |\n1278 |                 Some(f) => f(),\n     |                 ^^^^ not found in this scope\n     |\nhelp: consider importing this tuple variant\n     |\n832  +     use core::option::Option::Some;\n     |\n\nerror[E0412]: cannot find type `Option` in this scope\n    --> /Users/graysonnocera/.cargo/registry/src/index.crates.io-6f17d22bba15001f/once_cell-1.17.1/src/lib.rs:1313:42\n     |\n1313 |         pub fn get(this: &Lazy<T, F>) -> Option<&T> {\n     |                                          ^^^^^^ not found in this scope\n     |\nhelp: consider importing this enum\n     |\n832  +     use core::option::Option;\n     |\n\nerror[E0412]: cannot find type `Option` in this scope\n    --> /Users/graysonnocera/.cargo/registry/src/index.crates.io-6f17d22bba15001f/once_cell-1.17.1/src/lib.rs:1330:50\n     |\n1330 |         pub fn get_mut(this: &mut Lazy<T, F>) -> Option<&mut T> {\n     |                                                  ^^^^^^ not found in this scope\n     |\nhelp: consider importing this enum\n     |\n832  +     use core::option::Option;\n     |\n\nerror[E0405]: cannot find trait `FnOnce` in this scope\n    --> /Users/graysonnocera/.cargo/registry/src/index.crates.io-6f17d22bba15001f/once_cell-1.17.1/src/lib.rs:1335:16\n     |\n1335 |     impl<T, F: FnOnce() -> T> Deref for Lazy<T, F> {\n     |                ^^^^^^ not found in this scope\n     |\nhelp: consider importing this trait\n     |\n832  +     use core::ops::FnOnce;\n     |\n\nerror[E0405]: cannot find trait `FnOnce` in this scope\n    --> /Users/graysonnocera/.cargo/registry/src/index.crates.io-6f17d22bba15001f/once_cell-1.17.1/src/lib.rs:1342:16\n     |\n1342 |     impl<T, F: FnOnce() -> T> DerefMut for Lazy<T, F> {\n     |                ^^^^^^ not found in this scope\n     |\nhelp: consider importing this trait\n     |\n832  +     use core::ops::FnOnce;\n     |\n\nerror[E0405]: cannot find trait `Default` in this scope\n    --> /Users/graysonnocera/.cargo/registry/src/index.crates.io-6f17d22bba15001f/once_cell-1.17.1/src/lib.rs:1349:22\n     |\n1349 |     impl<T: Default> Default for Lazy<T> {\n     |                      ^^^^^^^ not found in this scope\n     |\nhelp: consider importing this trait\n     |\n832  +     use core::default::Default;\n     |\n\nerror[E0405]: cannot find trait `Default` in this scope\n    --> /Users/graysonnocera/.cargo/registry/src/index.crates.io-6f17d22bba15001f/once_cell-1.17.1/src/lib.rs:1349:13\n     |\n1349 |     impl<T: Default> Default for Lazy<T> {\n     |             ^^^^^^^ not found in this scope\n     |\nhelp: consider importing this trait\n     |\n832  +     use core::default::Default;\n     |\n\nerror[E0412]: cannot find type `Option` in this scope\n  --> /Users/graysonnocera/.cargo/registry/src/index.crates.io-6f17d22bba15001f/once_cell-1.17.1/src/race.rs:48:26\n   |\n48 |     pub fn get(&self) -> Option<NonZeroUsize> {\n   |                          ^^^^^^ not found in this scope\n   |\nhelp: consider importing this enum\n   |\n24 + use core::option::Option;\n   |\n\nerror[E0412]: cannot find type `Result` in this scope\n  --> /Users/graysonnocera/.cargo/registry/src/index.crates.io-6f17d22bba15001f/once_cell-1.17.1/src/race.rs:58:47\n   |\n58 |     pub fn set(&self, value: NonZeroUsize) -> Result<(), ()> {\n   |                                               ^^^^^^ not found in this scope\n   |\nhelp: consider importing one of these items\n   |\n24 + use core::fmt::Result;\n   |\n24 + use core::result::Result;\n   |\n24 + use alloc::fmt::Result;\n   |\n\nerror[E0531]: cannot find tuple struct or tuple variant `Ok` in this scope\n  --> /Users/graysonnocera/.cargo/registry/src/index.crates.io-6f17d22bba15001f/once_cell-1.17.1/src/race.rs:62:13\n   |\n62 |             Ok(_) => Ok(()),\n   |             ^^ not found in this scope\n   |\nhelp: consider importing this tuple variant\n   |\n24 + use core::result::Result::Ok;\n   |\n\nerror[E0425]: cannot find function, tuple struct or tuple variant `Ok` in this scope\n  --> /Users/graysonnocera/.cargo/registry/src/index.crates.io-6f17d22bba15001f/once_cell-1.17.1/src/race.rs:62:22\n   |\n62 |             Ok(_) => Ok(()),\n   |                      ^^ not found in this scope\n   |\nhelp: consider importing this tuple variant\n   |\n24 + use core::result::Result::Ok;\n   |\n\nerror[E0531]: cannot find tuple struct or tuple variant `Err` in this scope\n  --> /Users/graysonnocera/.cargo/registry/src/index.crates.io-6f17d22bba15001f/once_cell-1.17.1/src/race.rs:63:13\n   |\n63 |             Err(_) => Err(()),\n   |             ^^^ not found in this scope\n   |\nhelp: consider importing this tuple variant\n   |\n24 + use core::result::Result::Err;\n   |\n\nerror[E0425]: cannot find function, tuple struct or tuple variant `Err` in this scope\n  --> /Users/graysonnocera/.cargo/registry/src/index.crates.io-6f17d22bba15001f/once_cell-1.17.1/src/race.rs:63:23\n   |\n63 |             Err(_) => Err(()),\n   |                       ^^^ not found in this scope\n   |\nhelp: consider importing this tuple variant\n   |\n24 + use core::result::Result::Err;\n   |\n\nerror[E0405]: cannot find trait `FnOnce` in this scope\n  --> /Users/graysonnocera/.cargo/registry/src/index.crates.io-6f17d22bba15001f/once_cell-1.17.1/src/race.rs:75:12\n   |\n75 |         F: FnOnce() -> NonZeroUsize,\n   |            ^^^^^^ not found in this scope\n   |\nhelp: consider importing this trait\n   |\n24 + use core::ops::FnOnce;\n   |\n\nerror[E0425]: cannot find function, tuple struct or tuple variant `Ok` in this scope\n  --> /Users/graysonnocera/.cargo/registry/src/index.crates.io-6f17d22bba15001f/once_cell-1.17.1/src/race.rs:78:39\n   |\n78 |         match self.get_or_try_init(|| Ok::<NonZeroUsize, Void>(f())) {\n   |                                       ^^ not found in this scope\n   |\nhelp: consider importing this tuple variant\n   |\n24 + use core::result::Result::Ok;\n   |\n\nerror[E0531]: cannot find tuple struct or tuple variant `Ok` in this scope\n  --> /Users/graysonnocera/.cargo/registry/src/index.crates.io-6f17d22bba15001f/once_cell-1.17.1/src/race.rs:79:13\n   |\n79 |             Ok(val) => val,\n   |             ^^ not found in this scope\n   |\nhelp: consider importing this tuple variant\n   |\n24 + use core::result::Result::Ok;\n   |\n\nerror[E0531]: cannot find tuple struct or tuple variant `Err` in this scope\n  --> /Users/graysonnocera/.cargo/registry/src/index.crates.io-6f17d22bba15001f/once_cell-1.17.1/src/race.rs:80:13\n   |\n80 |             Err(void) => match void {},\n   |             ^^^ not found in this scope\n   |\nhelp: consider importing this tuple variant\n   |\n24 + use core::result::Result::Err;\n   |\n\nerror[E0405]: cannot find trait `FnOnce` in this scope\n  --> /Users/graysonnocera/.cargo/registry/src/index.crates.io-6f17d22bba15001f/once_cell-1.17.1/src/race.rs:93:12\n   |\n93 |         F: FnOnce() -> Result<NonZeroUsize, E>,\n   |            ^^^^^^ not found in this scope\n   |\nhelp: consider importing this trait\n   |\n24 + use core::ops::FnOnce;\n   |\n\nerror[E0412]: cannot find type `Result` in this scope\n  --> /Users/graysonnocera/.cargo/registry/src/index.crates.io-6f17d22bba15001f/once_cell-1.17.1/src/race.rs:93:24\n   |\n93 |         F: FnOnce() -> Result<NonZeroUsize, E>,\n   |                        ^^^^^^ not found in this scope\n   |\nhelp: consider importing one of these items\n   |\n24 + use core::fmt::Result;\n   |\n24 + use core::result::Result;\n   |\n24 + use alloc::fmt::Result;\n   |\n\nerror[E0412]: cannot find type `Result` in this scope\n  --> /Users/graysonnocera/.cargo/registry/src/index.crates.io-6f17d22bba15001f/once_cell-1.17.1/src/race.rs:91:50\n   |\n91 |     pub fn get_or_try_init<F, E>(&self, f: F) -> Result<NonZeroUsize, E>\n   |                                                  ^^^^^^ not found in this scope\n   |\nhelp: consider importing one of these items\n   |\n24 + use core::fmt::Result;\n   |\n24 + use core::result::Result;\n   |\n24 + use alloc::fmt::Result;\n   |\n\nerror[E0531]: cannot find tuple struct or tuple variant `Some` in this scope\n  --> /Users/graysonnocera/.cargo/registry/src/index.crates.io-6f17d22bba15001f/once_cell-1.17.1/src/race.rs:97:13\n   |\n97 |             Some(it) => it,\n   |             ^^^^ not found in this scope\n   |\nhelp: consider importing this tuple variant\n   |\n24 + use core::option::Option::Some;\n   |\n\nerror[E0531]: cannot find tuple struct or tuple variant `Err` in this scope\n   --> /Users/graysonnocera/.cargo/registry/src/index.crates.io-6f17d22bba15001f/once_cell-1.17.1/src/race.rs:102:24\n    |\n102 |                 if let Err(old) = exchange {\n    |                        ^^^ not found in this scope\n    |\nhelp: consider importing this tuple variant\n    |\n24  + use core::result::Result::Err;\n    |\n\nerror[E0425]: cannot find function, tuple struct or tuple variant `Ok` in this scope\n   --> /Users/graysonnocera/.cargo/registry/src/index.crates.io-6f17d22bba15001f/once_cell-1.17.1/src/race.rs:108:9\n    |\n108 |         Ok(res)\n    |         ^^ not found in this scope\n    |\nhelp: consider importing this tuple variant\n    |\n24  + use core::result::Result::Ok;\n    |\n\nerror[E0412]: cannot find type `Option` in this scope\n   --> /Users/graysonnocera/.cargo/registry/src/index.crates.io-6f17d22bba15001f/once_cell-1.17.1/src/race.rs:127:26\n    |\n127 |     pub fn get(&self) -> Option<bool> {\n    |                          ^^^^^^ not found in this scope\n    |\nhelp: consider importing this enum\n    |\n24  + use core::option::Option;\n    |\n\nerror[E0412]: cannot find type `Result` in this scope\n   --> /Users/graysonnocera/.cargo/registry/src/index.crates.io-6f17d22bba15001f/once_cell-1.17.1/src/race.rs:136:39\n    |\n136 |     pub fn set(&self, value: bool) -> Result<(), ()> {\n    |                                       ^^^^^^ not found in this scope\n    |\nhelp: consider importing one of these items\n    |\n24  + use core::fmt::Result;\n    |\n24  + use core::result::Result;\n    |\n24  + use alloc::fmt::Result;\n    |\n\nerror[E0405]: cannot find trait `FnOnce` in this scope\n   --> /Users/graysonnocera/.cargo/registry/src/index.crates.io-6f17d22bba15001f/once_cell-1.17.1/src/race.rs:148:12\n    |\n148 |         F: FnOnce() -> bool,\n    |            ^^^^^^ not found in this scope\n    |\nhelp: consider importing this trait\n    |\n24  + use core::ops::FnOnce;\n    |\n\nerror[E0405]: cannot find trait `FnOnce` in this scope\n   --> /Users/graysonnocera/.cargo/registry/src/index.crates.io-6f17d22bba15001f/once_cell-1.17.1/src/race.rs:162:12\n    |\n162 |         F: FnOnce() -> Result<bool, E>,\n    |            ^^^^^^ not found in this scope\n    |\nhelp: consider importing this trait\n    |\n24  + use core::ops::FnOnce;\n    |\n\nerror[E0412]: cannot find type `Result` in this scope\n   --> /Users/graysonnocera/.cargo/registry/src/index.crates.io-6f17d22bba15001f/once_cell-1.17.1/src/race.rs:162:24\n    |\n162 |         F: FnOnce() -> Result<bool, E>,\n    |                        ^^^^^^ not found in this scope\n    |\nhelp: consider importing one of these items\n    |\n24  + use core::fmt::Result;\n    |\n24  + use core::result::Result;\n    |\n24  + use alloc::fmt::Result;\n    |\n\nerror[E0412]: cannot find type `Result` in this scope\n   --> /Users/graysonnocera/.cargo/registry/src/index.crates.io-6f17d22bba15001f/once_cell-1.17.1/src/race.rs:160:50\n    |\n160 |     pub fn get_or_try_init<F, E>(&self, f: F) -> Result<bool, E>\n    |                                                  ^^^^^^ not found in this scope\n    |\nhelp: consider importing one of these items\n    |\n24  + use core::fmt::Result;\n    |\n24  + use core::result::Result;\n    |\n24  + use alloc::fmt::Result;\n    |\n\nerror[E0405]: cannot find trait `Sync` in this scope\n   --> /Users/graysonnocera/.cargo/registry/src/index.crates.io-6f17d22bba15001f/once_cell-1.17.1/src/race.rs:185:26\n    |\n185 | unsafe impl<'a, T: Sync> Sync for OnceRef<'a, T> {}\n    |                          ^^^^ not found in this scope\n    |\nhelp: consider importing this trait\n    |\n24  + use core::marker::Sync;\n    |\n\nerror[E0405]: cannot find trait `Sync` in this scope\n   --> /Users/graysonnocera/.cargo/registry/src/index.crates.io-6f17d22bba15001f/once_cell-1.17.1/src/race.rs:185:20\n    |\n185 | unsafe impl<'a, T: Sync> Sync for OnceRef<'a, T> {}\n    |                    ^^^^ not found in this scope\n    |\nhelp: consider importing this trait\n    |\n24  + use core::marker::Sync;\n    |\n\nerror[E0405]: cannot find trait `Default` in this scope\n   --> /Users/graysonnocera/.cargo/registry/src/index.crates.io-6f17d22bba15001f/once_cell-1.17.1/src/race.rs:193:13\n    |\n193 | impl<'a, T> Default for OnceRef<'a, T> {\n    |             ^^^^^^^ not found in this scope\n    |\nhelp: consider importing this trait\n    |\n24  + use core::default::Default;\n    |\n\nerror[E0412]: cannot find type `Option` in this scope\n   --> /Users/graysonnocera/.cargo/registry/src/index.crates.io-6f17d22bba15001f/once_cell-1.17.1/src/race.rs:206:26\n    |\n206 |     pub fn get(&self) -> Option<&'a T> {\n    |                          ^^^^^^ not found in this scope\n    |\nhelp: consider importing this enum\n    |\n24  + use core::option::Option;\n    |\n\nerror[E0412]: cannot find type `Result` in this scope\n   --> /Users/graysonnocera/.cargo/registry/src/index.crates.io-6f17d22bba15001f/once_cell-1.17.1/src/race.rs:215:40\n    |\n215 |     pub fn set(&self, value: &'a T) -> Result<(), ()> {\n    |                                        ^^^^^^ not found in this scope\n    |\nhelp: consider importing one of these items\n    |\n24  + use core::fmt::Result;\n    |\n24  + use core::result::Result;\n    |\n24  + use alloc::fmt::Result;\n    |\n\nerror[E0531]: cannot find tuple struct or tuple variant `Ok` in this scope\n   --> /Users/graysonnocera/.cargo/registry/src/index.crates.io-6f17d22bba15001f/once_cell-1.17.1/src/race.rs:220:13\n    |\n220 |             Ok(_) => Ok(()),\n    |             ^^ not found in this scope\n    |\nhelp: consider importing this tuple variant\n    |\n24  + use core::result::Result::Ok;\n    |\n\nerror[E0425]: cannot find function, tuple struct or tuple variant `Ok` in this scope\n   --> /Users/graysonnocera/.cargo/registry/src/index.crates.io-6f17d22bba15001f/once_cell-1.17.1/src/race.rs:220:22\n    |\n220 |             Ok(_) => Ok(()),\n    |                      ^^ not found in this scope\n    |\nhelp: consider importing this tuple variant\n    |\n24  + use core::result::Result::Ok;\n    |\n\nerror[E0531]: cannot find tuple struct or tuple variant `Err` in this scope\n   --> /Users/graysonnocera/.cargo/registry/src/index.crates.io-6f17d22bba15001f/once_cell-1.17.1/src/race.rs:221:13\n    |\n221 |             Err(_) => Err(()),\n    |             ^^^ not found in this scope\n    |\nhelp: consider importing this tuple variant\n    |\n24  + use core::result::Result::Err;\n    |\n\nerror[E0425]: cannot find function, tuple struct or tuple variant `Err` in this scope\n   --> /Users/graysonnocera/.cargo/registry/src/index.crates.io-6f17d22bba15001f/once_cell-1.17.1/src/race.rs:221:23\n    |\n221 |             Err(_) => Err(()),\n    |                       ^^^ not found in this scope\n    |\nhelp: consider importing this tuple variant\n    |\n24  + use core::result::Result::Err;\n    |\n\nerror[E0405]: cannot find trait `FnOnce` in this scope\n   --> /Users/graysonnocera/.cargo/registry/src/index.crates.io-6f17d22bba15001f/once_cell-1.17.1/src/race.rs:233:12\n    |\n233 |         F: FnOnce() -> &'a T,\n    |            ^^^^^^ not found in this scope\n    |\nhelp: consider importing this trait\n    |\n24  + use core::ops::FnOnce;\n    |\n\nerror[E0425]: cannot find function, tuple struct or tuple variant `Ok` in this scope\n   --> /Users/graysonnocera/.cargo/registry/src/index.crates.io-6f17d22bba15001f/once_cell-1.17.1/src/race.rs:236:39\n    |\n236 |         match self.get_or_try_init(|| Ok::<&'a T, Void>(f())) {\n    |                                       ^^ not found in this scope\n    |\nhelp: consider importing this tuple variant\n    |\n24  + use core::result::Result::Ok;\n    |\n\nerror[E0531]: cannot find tuple struct or tuple variant `Ok` in this scope\n   --> /Users/graysonnocera/.cargo/registry/src/index.crates.io-6f17d22bba15001f/once_cell-1.17.1/src/race.rs:237:13\n    |\n237 |             Ok(val) => val,\n    |             ^^ not found in this scope\n    |\nhelp: consider importing this tuple variant\n    |\n24  + use core::result::Result::Ok;\n    |\n\nerror[E0531]: cannot find tuple struct or tuple variant `Err` in this scope\n   --> /Users/graysonnocera/.cargo/registry/src/index.crates.io-6f17d22bba15001f/once_cell-1.17.1/src/race.rs:238:13\n    |\n238 |             Err(void) => match void {},\n    |             ^^^ not found in this scope\n    |\nhelp: consider importing this tuple variant\n    |\n24  + use core::result::Result::Err;\n    |\n\nerror[E0405]: cannot find trait `FnOnce` in this scope\n   --> /Users/graysonnocera/.cargo/registry/src/index.crates.io-6f17d22bba15001f/once_cell-1.17.1/src/race.rs:251:12\n    |\n251 |         F: FnOnce() -> Result<&'a T, E>,\n    |            ^^^^^^ not found in this scope\n    |\nhelp: consider importing this trait\n    |\n24  + use core::ops::FnOnce;\n    |\n\nerror[E0412]: cannot find type `Result` in this scope\n   --> /Users/graysonnocera/.cargo/registry/src/index.crates.io-6f17d22bba15001f/once_cell-1.17.1/src/race.rs:251:24\n    |\n251 |         F: FnOnce() -> Result<&'a T, E>,\n    |                        ^^^^^^ not found in this scope\n    |\nhelp: consider importing one of these items\n    |\n24  + use core::fmt::Result;\n    |\n24  + use core::result::Result;\n    |\n24  + use alloc::fmt::Result;\n    |\n\nerror[E0412]: cannot find type `Result` in this scope\n   --> /Users/graysonnocera/.cargo/registry/src/index.crates.io-6f17d22bba15001f/once_cell-1.17.1/src/race.rs:249:50\n    |\n249 |     pub fn get_or_try_init<F, E>(&self, f: F) -> Result<&'a T, E>\n    |                                                  ^^^^^^ not found in this scope\n    |\nhelp: consider importing one of these items\n    |\n24  + use core::fmt::Result;\n    |\n24  + use core::result::Result;\n    |\n24  + use alloc::fmt::Result;\n    |\n\nerror[E0531]: cannot find tuple struct or tuple variant `Err` in this scope\n   --> /Users/graysonnocera/.cargo/registry/src/index.crates.io-6f17d22bba15001f/once_cell-1.17.1/src/race.rs:264:20\n    |\n264 |             if let Err(old) = exchange {\n    |                    ^^^ not found in this scope\n    |\nhelp: consider importing this tuple variant\n    |\n24  + use core::result::Result::Err;\n    |\n\nerror[E0425]: cannot find function, tuple struct or tuple variant `Ok` in this scope\n   --> /Users/graysonnocera/.cargo/registry/src/index.crates.io-6f17d22bba15001f/once_cell-1.17.1/src/race.rs:269:9\n    |\n269 |         Ok(unsafe { &*ptr })\n    |         ^^ not found in this scope\n    |\nhelp: consider importing this tuple variant\n    |\n24  + use core::result::Result::Ok;\n    |\n\nerror[E0412]: cannot find type `Option` in this scope\n   --> /Users/graysonnocera/.cargo/registry/src/index.crates.io-6f17d22bba15001f/once_cell-1.17.1/src/race.rs:303:28\n    |\n303 |         ghost: PhantomData<Option<Box<T>>>,\n    |                            ^^^^^^ not found in this scope\n    |\nhelp: consider importing this enum\n    |\n295 +     use core::option::Option;\n    |\n\nerror[E0405]: cannot find trait `Default` in this scope\n   --> /Users/graysonnocera/.cargo/registry/src/index.crates.io-6f17d22bba15001f/once_cell-1.17.1/src/race.rs:312:13\n    |\n312 |     impl<T> Default for OnceBox<T> {\n    |             ^^^^^^^ not found in this scope\n    |\nhelp: consider importing this trait\n    |\n295 +     use core::default::Default;\n    |\n\nerror[E0405]: cannot find trait `Drop` in this scope\n   --> /Users/graysonnocera/.cargo/registry/src/index.crates.io-6f17d22bba15001f/once_cell-1.17.1/src/race.rs:318:13\n    |\n318 |     impl<T> Drop for OnceBox<T> {\n    |             ^^^^ not found in this scope\n    |\nhelp: consider importing this trait\n    |\n295 +     use core::ops::Drop;\n    |\n\nerror[E0425]: cannot find function `drop` in this scope\n   --> /Users/graysonnocera/.cargo/registry/src/index.crates.io-6f17d22bba15001f/once_cell-1.17.1/src/race.rs:322:17\n    |\n322 |                 drop(unsafe { Box::from_raw(ptr) })\n    |                 ^^^^ not found in this scope\n    |\nhelp: consider using the method on `Self`\n    |\n322 |                 self.drop(unsafe { Box::from_raw(ptr) })\n    |                 +++++\nhelp: consider importing this function\n    |\n295 +     use core::mem::drop;\n    |\n\nerror[E0412]: cannot find type `Option` in this scope\n   --> /Users/graysonnocera/.cargo/registry/src/index.crates.io-6f17d22bba15001f/once_cell-1.17.1/src/race.rs:334:30\n    |\n334 |         pub fn get(&self) -> Option<&T> {\n    |                              ^^^^^^ not found in this scope\n    |\nhelp: consider importing this enum\n    |\n295 +     use core::option::Option;\n    |\n\nerror[E0425]: cannot find value `None` in this scope\n   --> /Users/graysonnocera/.cargo/registry/src/index.crates.io-6f17d22bba15001f/once_cell-1.17.1/src/race.rs:337:24\n    |\n337 |                 return None;\n    |                        ^^^^ not found in this scope\n    |\nhelp: consider importing this unit variant\n    |\n295 +     use core::option::Option::None;\n    |\n\nerror[E0425]: cannot find function, tuple struct or tuple variant `Some` in this scope\n   --> /Users/graysonnocera/.cargo/registry/src/index.crates.io-6f17d22bba15001f/once_cell-1.17.1/src/race.rs:339:13\n    |\n339 |             Some(unsafe { &*ptr })\n    |             ^^^^ not found in this scope\n    |\nhelp: consider importing this tuple variant\n    |\n295 +     use core::option::Option::Some;\n    |\n\nerror[E0412]: cannot find type `Result` in this scope\n   --> /Users/graysonnocera/.cargo/registry/src/index.crates.io-6f17d22bba15001f/once_cell-1.17.1/src/race.rs:346:45\n    |\n346 |         pub fn set(&self, value: Box<T>) -> Result<(), Box<T>> {\n    |                                             ^^^^^^ not found in this scope\n    |\nhelp: consider importing one of these items\n    |\n295 +     use core::fmt::Result;\n    |\n295 +     use core::result::Result;\n    |\n295 +     use alloc::fmt::Result;\n    |\n\nerror[E0531]: cannot find tuple struct or tuple variant `Err` in this scope\n   --> /Users/graysonnocera/.cargo/registry/src/index.crates.io-6f17d22bba15001f/once_cell-1.17.1/src/race.rs:354:20\n    |\n354 |             if let Err(_) = exchange {\n    |                    ^^^ not found in this scope\n    |\nhelp: consider importing this tuple variant\n    |\n295 +     use core::result::Result::Err;\n    |\n\nerror[E0425]: cannot find function, tuple struct or tuple variant `Err` in this scope\n   --> /Users/graysonnocera/.cargo/registry/src/index.crates.io-6f17d22bba15001f/once_cell-1.17.1/src/race.rs:356:24\n    |\n356 |                 return Err(value);\n    |                        ^^^ not found in this scope\n    |\nhelp: consider importing this tuple variant\n    |\n295 +     use core::result::Result::Err;\n    |\n\nerror[E0425]: cannot find function, tuple struct or tuple variant `Ok` in this scope\n   --> /Users/graysonnocera/.cargo/registry/src/index.crates.io-6f17d22bba15001f/once_cell-1.17.1/src/race.rs:358:13\n    |\n358 |             Ok(())\n    |             ^^ not found in this scope\n    |\nhelp: consider importing this tuple variant\n    |\n295 +     use core::result::Result::Ok;\n    |\n\nerror[E0405]: cannot find trait `FnOnce` in this scope\n   --> /Users/graysonnocera/.cargo/registry/src/index.crates.io-6f17d22bba15001f/once_cell-1.17.1/src/race.rs:369:16\n    |\n369 |             F: FnOnce() -> Box<T>,\n    |                ^^^^^^ not found in this scope\n    |\nhelp: consider importing this trait\n    |\n295 +     use core::ops::FnOnce;\n    |\n\nerror[E0425]: cannot find function, tuple struct or tuple variant `Ok` in this scope\n   --> /Users/graysonnocera/.cargo/registry/src/index.crates.io-6f17d22bba15001f/once_cell-1.17.1/src/race.rs:372:43\n    |\n372 |             match self.get_or_try_init(|| Ok::<Box<T>, Void>(f())) {\n    |                                           ^^ not found in this scope\n    |\nhelp: consider importing this tuple variant\n    |\n295 +     use core::result::Result::Ok;\n    |\n\nerror[E0531]: cannot find tuple struct or tuple variant `Ok` in this scope\n   --> /Users/graysonnocera/.cargo/registry/src/index.crates.io-6f17d22bba15001f/once_cell-1.17.1/src/race.rs:373:17\n    |\n373 |                 Ok(val) => val,\n    |                 ^^ not found in this scope\n    |\nhelp: consider importing this tuple variant\n    |\n295 +     use core::result::Result::Ok;\n    |\n\nerror[E0531]: cannot find tuple struct or tuple variant `Err` in this scope\n   --> /Users/graysonnocera/.cargo/registry/src/index.crates.io-6f17d22bba15001f/once_cell-1.17.1/src/race.rs:374:17\n    |\n374 |                 Err(void) => match void {},\n    |                 ^^^ not found in this scope\n    |\nhelp: consider importing this tuple variant\n    |\n295 +     use core::result::Result::Err;\n    |\n\nerror[E0405]: cannot find trait `FnOnce` in this scope\n   --> /Users/graysonnocera/.cargo/registry/src/index.crates.io-6f17d22bba15001f/once_cell-1.17.1/src/race.rs:387:16\n    |\n387 |             F: FnOnce() -> Result<Box<T>, E>,\n    |                ^^^^^^ not found in this scope\n    |\nhelp: consider importing this trait\n    |\n295 +     use core::ops::FnOnce;\n    |\n\nerror[E0412]: cannot find type `Result` in this scope\n   --> /Users/graysonnocera/.cargo/registry/src/index.crates.io-6f17d22bba15001f/once_cell-1.17.1/src/race.rs:387:28\n    |\n387 |             F: FnOnce() -> Result<Box<T>, E>,\n    |                            ^^^^^^ not found in this scope\n    |\nhelp: consider importing one of these items\n    |\n295 +     use core::fmt::Result;\n    |\n295 +     use core::result::Result;\n    |\n295 +     use alloc::fmt::Result;\n    |\n\nerror[E0412]: cannot find type `Result` in this scope\n   --> /Users/graysonnocera/.cargo/registry/src/index.crates.io-6f17d22bba15001f/once_cell-1.17.1/src/race.rs:385:54\n    |\n385 |         pub fn get_or_try_init<F, E>(&self, f: F) -> Result<&T, E>\n    |                                                      ^^^^^^ not found in this scope\n    |\nhelp: consider importing one of these items\n    |\n295 +     use core::fmt::Result;\n    |\n295 +     use core::result::Result;\n    |\n295 +     use alloc::fmt::Result;\n    |\n\nerror[E0531]: cannot find tuple struct or tuple variant `Err` in this scope\n   --> /Users/graysonnocera/.cargo/registry/src/index.crates.io-6f17d22bba15001f/once_cell-1.17.1/src/race.rs:400:24\n    |\n400 |                 if let Err(old) = exchange {\n    |                        ^^^ not found in this scope\n    |\nhelp: consider importing this tuple variant\n    |\n295 +     use core::result::Result::Err;\n    |\n\nerror[E0425]: cannot find function `drop` in this scope\n   --> /Users/graysonnocera/.cargo/registry/src/index.crates.io-6f17d22bba15001f/once_cell-1.17.1/src/race.rs:401:21\n    |\n401 |                     drop(unsafe { Box::from_raw(ptr) });\n    |                     ^^^^ not found in this scope\n    |\nhelp: consider importing this function\n    |\n295 +     use core::mem::drop;\n    |\n\nerror[E0425]: cannot find function, tuple struct or tuple variant `Ok` in this scope\n   --> /Users/graysonnocera/.cargo/registry/src/index.crates.io-6f17d22bba15001f/once_cell-1.17.1/src/race.rs:405:13\n    |\n405 |             Ok(unsafe { &*ptr })\n    |             ^^ not found in this scope\n    |\nhelp: consider importing this tuple variant\n    |\n295 +     use core::result::Result::Ok;\n    |\n\nerror[E0405]: cannot find trait `Sync` in this scope\n   --> /Users/graysonnocera/.cargo/registry/src/index.crates.io-6f17d22bba15001f/once_cell-1.17.1/src/race.rs:409:33\n    |\n409 |     unsafe impl<T: Sync + Send> Sync for OnceBox<T> {}\n    |                                 ^^^^ not found in this scope\n    |\nhelp: consider importing this trait\n    |\n295 +     use core::marker::Sync;\n    |\n\nerror[E0405]: cannot find trait `Sync` in this scope\n   --> /Users/graysonnocera/.cargo/registry/src/index.crates.io-6f17d22bba15001f/once_cell-1.17.1/src/race.rs:409:20\n    |\n409 |     unsafe impl<T: Sync + Send> Sync for OnceBox<T> {}\n    |                    ^^^^ not found in this scope\n    |\nhelp: consider importing this trait\n    |\n295 +     use core::marker::Sync;\n    |\n\nerror[E0405]: cannot find trait `Send` in this scope\n   --> /Users/graysonnocera/.cargo/registry/src/index.crates.io-6f17d22bba15001f/once_cell-1.17.1/src/race.rs:409:27\n    |\n409 |     unsafe impl<T: Sync + Send> Sync for OnceBox<T> {}\n    |                           ^^^^ not found in this scope\n    |\nhelp: consider importing this trait\n    |\n295 +     use core::marker::Send;\n    |\n\nerror[E0412]: cannot find type `Option` in this scope\n    --> /Users/graysonnocera/.cargo/registry/src/index.crates.io-6f17d22bba15001f/once_cell-1.17.1/src/lib.rs:1379:36\n     |\n1379 | unsafe fn unwrap_unchecked<T>(val: Option<T>) -> T {\n     |                                    ^^^^^^ not found in this scope\n     |\nhelp: consider importing this enum\n     |\n338  + use core::option::Option;\n     |\n\nerror[E0531]: cannot find tuple struct or tuple variant `Some` in this scope\n    --> /Users/graysonnocera/.cargo/registry/src/index.crates.io-6f17d22bba15001f/once_cell-1.17.1/src/lib.rs:1381:9\n     |\n1381 |         Some(value) => value,\n     |         ^^^^ not found in this scope\n     |\nhelp: consider importing this tuple variant\n     |\n338  + use core::option::Option::Some;\n     |\n\nerror[E0392]: type parameter `T` is never used\n   --> /Users/graysonnocera/.cargo/registry/src/index.crates.io-6f17d22bba15001f/once_cell-1.17.1/src/lib.rs:869:25\n    |\n869 |     pub struct OnceCell<T>(Imp<T>);\n    |                         ^      - `T` is named here, but is likely unused in the containing type\n    |                         |\n    |                         unused type parameter\n    |\n    = help: consider removing `T`, referring to it in a field, or using a marker such as `PhantomData`\n    = help: if you intended `T` to be a const parameter, use `const T: /* Type */` instead\n\nSome errors have detailed explanations: E0392, E0405, E0408, E0412, E0425, E0463, E0531.\nFor more information about an error, try `rustc --explain E0392`.\nerror: could not compile `once_cell` (lib) due to 227 previous errors\nerror: failed to run custom build command for `tikv-jemalloc-sys v0.5.3+5.3.0-patched`\n\nCaused by:\n  process didn't exit successfully: `/Users/graysonnocera/Downloads/695-Project/dataset/nostd-failed-crates/crates/microchassis-0.0.5/target/debug/build/tikv-jemalloc-sys-1dc23d028fc9d2db/build-script-build` (exit status: 101)\n  --- stdout\n  TARGET=thumbv7m-none-eabi\n  HOST=aarch64-apple-darwin\n  NUM_JOBS=10\n  OUT_DIR=\"/Users/graysonnocera/Downloads/695-Project/dataset/nostd-failed-crates/crates/microchassis-0.0.5/target/thumbv7m-none-eabi/debug/build/tikv-jemalloc-sys-dfb2a623edf2f20f/out\"\n  BUILD_DIR=\"/Users/graysonnocera/Downloads/695-Project/dataset/nostd-failed-crates/crates/microchassis-0.0.5/target/thumbv7m-none-eabi/debug/build/tikv-jemalloc-sys-dfb2a623edf2f20f/out/build\"\n  SRC_DIR=\"/Users/graysonnocera/.cargo/registry/src/index.crates.io-6f17d22bba15001f/tikv-jemalloc-sys-0.5.3+5.3.0-patched\"\n  cargo:rustc-cfg=prefixed\n  cargo:rerun-if-env-changed=JEMALLOC_OVERRIDE\n  OPT_LEVEL = Some(\"0\")\n  TARGET = Some(\"thumbv7m-none-eabi\")\n  HOST = Some(\"aarch64-apple-darwin\")\n  cargo:rerun-if-env-changed=CC_thumbv7m-none-eabi\n  CC_thumbv7m-none-eabi = None\n  cargo:rerun-if-env-changed=CC_thumbv7m_none_eabi\n  CC_thumbv7m_none_eabi = None\n  cargo:rerun-if-env-changed=TARGET_CC\n  TARGET_CC = None\n  cargo:rerun-if-env-changed=CC\n  CC = None\n  RUSTC_LINKER = None\n  cargo:rerun-if-env-changed=CROSS_COMPILE\n  CROSS_COMPILE = None\n  cargo:rerun-if-env-changed=CFLAGS_thumbv7m-none-eabi\n  CFLAGS_thumbv7m-none-eabi = None\n  cargo:rerun-if-env-changed=CFLAGS_thumbv7m_none_eabi\n  CFLAGS_thumbv7m_none_eabi = None\n  cargo:rerun-if-env-changed=TARGET_CFLAGS\n  TARGET_CFLAGS = None\n  cargo:rerun-if-env-changed=CFLAGS\n  CFLAGS = None\n  cargo:rerun-if-env-changed=CRATE_CC_NO_DEFAULTS\n  CRATE_CC_NO_DEFAULTS = None\n  DEBUG = Some(\"true\")\n  CARGO_CFG_TARGET_FEATURE = None\n  CC=\"arm-none-eabi-gcc\"\n  CFLAGS=\"-O0 -ffunction-sections -fdata-sections -g -fno-omit-frame-pointer -mthumb -march=armv7-m -Wall\"\n  JEMALLOC_REPO_DIR=\"jemalloc\"\n  cargo:rerun-if-env-changed=JEMALLOC_SYS_WITH_MALLOC_CONF\n  cargo:rerun-if-env-changed=JEMALLOC_SYS_WITH_LG_PAGE\n  cargo:rerun-if-env-changed=JEMALLOC_SYS_WITH_LG_HUGEPAGE\n  cargo:rerun-if-env-changed=JEMALLOC_SYS_WITH_LG_QUANTUM\n  cargo:rerun-if-env-changed=JEMALLOC_SYS_WITH_LG_VADDR\n  --with-jemalloc-prefix=_rjem_\n  CARGO_FEATURE_PROFILING set\n  CARGO_FEATURE_STATS set\n  running: cd \"/Users/graysonnocera/Downloads/695-Project/dataset/nostd-failed-crates/crates/microchassis-0.0.5/target/thumbv7m-none-eabi/debug/build/tikv-jemalloc-sys-dfb2a623edf2f20f/out/build\" && CC=\"arm-none-eabi-gcc\" CFLAGS=\"-O0 -ffunction-sections -fdata-sections -g -fno-omit-frame-pointer -mthumb -march=armv7-m -Wall\" CPPFLAGS=\"-O0 -ffunction-sections -fdata-sections -g -fno-omit-frame-pointer -mthumb -march=armv7-m -Wall\" LDFLAGS=\"-O0 -ffunction-sections -fdata-sections -g -fno-omit-frame-pointer -mthumb -march=armv7-m -Wall\" \"sh\" \"/Users/graysonnocera/Downloads/695-Project/dataset/nostd-failed-crates/crates/microchassis-0.0.5/target/thumbv7m-none-eabi/debug/build/tikv-jemalloc-sys-dfb2a623edf2f20f/out/build/configure\" \"--disable-cxx\" \"--enable-doc=no\" \"--enable-shared=no\" \"--with-jemalloc-prefix=_rjem_\" \"--with-private-namespace=_rjem_\" \"--enable-prof\" \"--enable-stats\" \"--host=thumbv7m-none-eabi\" \"--build=aarch64-apple-darwin\" \"--prefix=/Users/graysonnocera/Downloads/695-Project/dataset/nostd-failed-crates/crates/microchassis-0.0.5/target/thumbv7m-none-eabi/debug/build/tikv-jemalloc-sys-dfb2a623edf2f20f/out\"\n  checking for xsltproc... /usr/bin/xsltproc\n  checking for thumbv7m-none-eabi-gcc... arm-none-eabi-gcc\n  checking whether the C compiler works... no\n  running: \"tail\" \"-n\" \"100\" \"/Users/graysonnocera/Downloads/695-Project/dataset/nostd-failed-crates/crates/microchassis-0.0.5/target/thumbv7m-none-eabi/debug/build/tikv-jemalloc-sys-dfb2a623edf2f20f/out/build/config.log\"\n  XSLROOT=''\n  XSLTPROC='/usr/bin/xsltproc'\n  a=''\n  abi=''\n  abs_objroot='/Users/graysonnocera/Downloads/695-Project/dataset/nostd-failed-crates/crates/microchassis-0.0.5/target/thumbv7m-none-eabi/debug/build/tikv-jemalloc-sys-dfb2a623edf2f20f/out/build/'\n  abs_srcroot='/Users/graysonnocera/Downloads/695-Project/dataset/nostd-failed-crates/crates/microchassis-0.0.5/target/thumbv7m-none-eabi/debug/build/tikv-jemalloc-sys-dfb2a623edf2f20f/out/build/'\n  ac_ct_CC=''\n  ac_ct_CXX=''\n  bindir='${exec_prefix}/bin'\n  build='aarch64-apple-darwin'\n  build_alias='aarch64-apple-darwin'\n  build_cpu=''\n  build_os=''\n  build_vendor=''\n  cfghdrs_in=''\n  cfghdrs_out=''\n  cfgoutputs_in=''\n  cfgoutputs_out=''\n  datadir='${datarootdir}'\n  datarootdir='${prefix}/share'\n  docdir='${datarootdir}/doc/${PACKAGE}'\n  dvidir='${docdir}'\n  enable_autogen=''\n  enable_cache_oblivious=''\n  enable_cxx='no'\n  enable_debug=''\n  enable_doc='no'\n  enable_experimental_smallocx=''\n  enable_fill=''\n  enable_initial_exec_tls=''\n  enable_lazy_lock=''\n  enable_log=''\n  enable_opt_safety_checks=''\n  enable_opt_size_checks=''\n  enable_prof='yes'\n  enable_readlinkat=''\n  enable_shared='no'\n  enable_static=''\n  enable_stats='yes'\n  enable_tls=''\n  enable_uaf_detection=''\n  enable_utrace=''\n  enable_xmalloc=''\n  enable_zone_allocator=''\n  exe=''\n  exec_prefix='/Users/graysonnocera/Downloads/695-Project/dataset/nostd-failed-crates/crates/microchassis-0.0.5/target/thumbv7m-none-eabi/debug/build/tikv-jemalloc-sys-dfb2a623edf2f20f/out'\n  host='thumbv7m-none-eabi'\n  host_alias='thumbv7m-none-eabi'\n  host_cpu=''\n  host_os=''\n  host_vendor=''\n  htmldir='${docdir}'\n  importlib=''\n  includedir='${prefix}/include'\n  infodir='${datarootdir}/info'\n  install_suffix=''\n  je_=''\n  jemalloc_version=''\n  jemalloc_version_bugfix=''\n  jemalloc_version_gid=''\n  jemalloc_version_major=''\n  jemalloc_version_minor=''\n  jemalloc_version_nrev=''\n  libdir='${exec_prefix}/lib'\n  libdl=''\n  libexecdir='${exec_prefix}/libexec'\n  libprefix=''\n  link_whole_archive=''\n  localedir='${datarootdir}/locale'\n  localstatedir='${prefix}/var'\n  mandir='${datarootdir}/man'\n  o=''\n  objroot=''\n  oldincludedir='/usr/include'\n  pdfdir='${docdir}'\n  prefix='/Users/graysonnocera/Downloads/695-Project/dataset/nostd-failed-crates/crates/microchassis-0.0.5/target/thumbv7m-none-eabi/debug/build/tikv-jemalloc-sys-dfb2a623edf2f20f/out'\n  private_namespace=''\n  program_transform_name='s,x,x,'\n  psdir='${docdir}'\n  rev='2'\n  sbindir='${exec_prefix}/sbin'\n  sharedstatedir='${prefix}/com'\n  so=''\n  srcroot=''\n  sysconfdir='${prefix}/etc'\n  target_alias=''\n\n  ## ----------- ##\n  ## confdefs.h. ##\n  ## ----------- ##\n\n  /* confdefs.h */\n  #define PACKAGE_NAME \"\"\n  #define PACKAGE_TARNAME \"\"\n  #define PACKAGE_VERSION \"\"\n  #define PACKAGE_STRING \"\"\n  #define PACKAGE_BUGREPORT \"\"\n  #define PACKAGE_URL \"\"\n\n  configure: exit 77\n\n  --- stderr\n  configure: error: in `/Users/graysonnocera/Downloads/695-Project/dataset/nostd-failed-crates/crates/microchassis-0.0.5/target/thumbv7m-none-eabi/debug/build/tikv-jemalloc-sys-dfb2a623edf2f20f/out/build':\n  configure: error: C compiler cannot create executables\n  See `config.log' for more details\n  thread 'main' panicked at /Users/graysonnocera/.cargo/registry/src/index.crates.io-6f17d22bba15001f/tikv-jemalloc-sys-0.5.3+5.3.0-patched/build.rs:346:9:\n  command did not execute successfully: cd \"/Users/graysonnocera/Downloads/695-Project/dataset/nostd-failed-crates/crates/microchassis-0.0.5/target/thumbv7m-none-eabi/debug/build/tikv-jemalloc-sys-dfb2a623edf2f20f/out/build\" && CC=\"arm-none-eabi-gcc\" CFLAGS=\"-O0 -ffunction-sections -fdata-sections -g -fno-omit-frame-pointer -mthumb -march=armv7-m -Wall\" CPPFLAGS=\"-O0 -ffunction-sections -fdata-sections -g -fno-omit-frame-pointer -mthumb -march=armv7-m -Wall\" LDFLAGS=\"-O0 -ffunction-sections -fdata-sections -g -fno-omit-frame-pointer -mthumb -march=armv7-m -Wall\" \"sh\" \"/Users/graysonnocera/Downloads/695-Project/dataset/nostd-failed-crates/crates/microchassis-0.0.5/target/thumbv7m-none-eabi/debug/build/tikv-jemalloc-sys-dfb2a623edf2f20f/out/build/configure\" \"--disable-cxx\" \"--enable-doc=no\" \"--enable-shared=no\" \"--with-jemalloc-prefix=_rjem_\" \"--with-private-namespace=_rjem_\" \"--enable-prof\" \"--enable-stats\" \"--host=thumbv7m-none-eabi\" \"--build=aarch64-apple-darwin\" \"--prefix=/Users/graysonnocera/Downloads/695-Project/dataset/nostd-failed-crates/crates/microchassis-0.0.5/target/thumbv7m-none-eabi/debug/build/tikv-jemalloc-sys-dfb2a623edf2f20f/out\"\n  expected success, got: exit status: 77\n  note: run with `RUST_BACKTRACE=1` environment variable to display a backtrace\n",
      "stdout": ""
    },
    "features": [
      "std"
    ],
    "project": "../../../Downloads/695-Project/dataset/nostd-failed-crates/crates/microchassis-0.0.5/src",
    "time_to_build": 2752,
    "time_to_solve": 36
  }
]