[
  {
    "built_with_features": null,
    "command": {
      "args": [
        "build",
        "--target",
        "thumbv7m-none-eabi",
        "--no-default-features"
      ],
      "code": 101,
      "stderr": "   Compiling bytes v1.9.0\n   Compiling anyhow v1.0.94\n   Compiling thiserror v1.0.69\nerror[E0463]: can't find crate for `std`\n  |\n  = note: the `thumbv7m-none-eabi` target may not support the standard library\n  = note: `std` is required by `thiserror` because it does not declare `#![no_std]`\n\nerror[E0463]: can't find crate for `std`\n --> /Users/graysonnocera/.cargo/registry/src/index.crates.io-6f17d22bba15001f/thiserror-1.0.69/src/aserror.rs:2:5\n  |\n2 | use std::error::Error;\n  |     ^^^ can't find crate\n  |\n  = note: the `thumbv7m-none-eabi` target may not support the standard library\n\nerror[E0463]: can't find crate for `std`\n --> /Users/graysonnocera/.cargo/registry/src/index.crates.io-6f17d22bba15001f/thiserror-1.0.69/src/display.rs:2:5\n  |\n2 | use std::path::{self, Path, PathBuf};\n  |     ^^^ can't find crate\n  |\n  = note: the `thumbv7m-none-eabi` target may not support the standard library\n\nerror[E0463]: can't find crate for `std`\n  --> /Users/graysonnocera/.cargo/registry/src/index.crates.io-6f17d22bba15001f/bytes-1.9.0/src/lib.rs:78:1\n   |\n78 | extern crate std;\n   | ^^^^^^^^^^^^^^^^^ can't find crate\n   |\n   = note: the `thumbv7m-none-eabi` target may not support the standard library\n\nerror[E0463]: can't find crate for `std`\n   --> /Users/graysonnocera/.cargo/registry/src/index.crates.io-6f17d22bba15001f/anyhow-1.0.94/src/lib.rs:251:1\n    |\n251 | extern crate std;\n    | ^^^^^^^^^^^^^^^^^ can't find crate\n    |\n    = note: the `thumbv7m-none-eabi` target may not support the standard library\n\nerror[E0432]: unresolved imports `crate::StdError`, `crate::StdError`, `crate::backtrace::Backtrace`, `crate::StdError`, `crate::backtrace::BacktraceStatus`, `crate::StdError`, `crate::StdError`\n  --> /Users/graysonnocera/.cargo/registry/src/index.crates.io-6f17d22bba15001f/anyhow-1.0.94/src/chain.rs:2:5\n   |\n2  | use crate::StdError;\n   |     ^^^^^^^^^^^^^^^\n   |\n  ::: /Users/graysonnocera/.cargo/registry/src/index.crates.io-6f17d22bba15001f/anyhow-1.0.94/src/context.rs:2:29\n   |\n2  | use crate::{Context, Error, StdError};\n   |                             ^^^^^^^^\n   |\n  ::: /Users/graysonnocera/.cargo/registry/src/index.crates.io-6f17d22bba15001f/anyhow-1.0.94/src/error.rs:1:5\n   |\n1  | use crate::backtrace::Backtrace;\n   |     ^^^^^^^^^^^^^^^^^^^^^^^^^^^\n...\n6  | use crate::{Error, StdError};\n   |                    ^^^^^^^^\n   |\n  ::: /Users/graysonnocera/.cargo/registry/src/index.crates.io-6f17d22bba15001f/anyhow-1.0.94/src/fmt.rs:45:17\n   |\n45 |             use crate::backtrace::BacktraceStatus;\n   |                 ^^^^^^^^^^^^^^^^^^^^^^^^^^^^^^^^^\n   |\n  ::: /Users/graysonnocera/.cargo/registry/src/index.crates.io-6f17d22bba15001f/anyhow-1.0.94/src/kind.rs:51:5\n   |\n51 | use crate::StdError;\n   |     ^^^^^^^^^^^^^^^\n   |\n  ::: /Users/graysonnocera/.cargo/registry/src/index.crates.io-6f17d22bba15001f/anyhow-1.0.94/src/wrapper.rs:1:5\n   |\n1  | use crate::StdError;\n   |     ^^^^^^^^^^^^^^^\n\nerror[E0405]: cannot find trait `Send` in this scope\n  --> /Users/graysonnocera/.cargo/registry/src/index.crates.io-6f17d22bba15001f/thiserror-1.0.69/src/aserror.rs:23:41\n   |\n23 | impl<'a> AsDynError<'a> for dyn Error + Send + 'a {\n   |                                         ^^^^ not found in this scope\n   |\nhelp: consider importing this trait\n   |\n1  + use core::marker::Send;\n   |\n\nerror[E0405]: cannot find trait `Send` in this scope\n  --> /Users/graysonnocera/.cargo/registry/src/index.crates.io-6f17d22bba15001f/thiserror-1.0.69/src/aserror.rs:30:41\n   |\n30 | impl<'a> AsDynError<'a> for dyn Error + Send + Sync + 'a {\n   |                                         ^^^^ not found in this scope\n   |\nhelp: consider importing this trait\n   |\n1  + use core::marker::Send;\n   |\n\nerror[E0405]: cannot find trait `Sync` in this scope\n  --> /Users/graysonnocera/.cargo/registry/src/index.crates.io-6f17d22bba15001f/thiserror-1.0.69/src/aserror.rs:30:48\n   |\n30 | impl<'a> AsDynError<'a> for dyn Error + Send + Sync + 'a {\n   |                                                ^^^^ not found in this scope\n   |\nhelp: consider importing this trait\n   |\n1  + use core::marker::Sync;\n   |\n\nerror[E0405]: cannot find trait `Send` in this scope\n  --> /Users/graysonnocera/.cargo/registry/src/index.crates.io-6f17d22bba15001f/thiserror-1.0.69/src/aserror.rs:37:41\n   |\n37 | impl<'a> AsDynError<'a> for dyn Error + Send + Sync + UnwindSafe + 'a {\n   |                                         ^^^^ not found in this scope\n   |\nhelp: consider importing this trait\n   |\n1  + use core::marker::Send;\n   |\n\nerror[E0405]: cannot find trait `Sync` in this scope\n  --> /Users/graysonnocera/.cargo/registry/src/index.crates.io-6f17d22bba15001f/thiserror-1.0.69/src/aserror.rs:37:48\n   |\n37 | impl<'a> AsDynError<'a> for dyn Error + Send + Sync + UnwindSafe + 'a {\n   |                                                ^^^^ not found in this scope\n   |\nhelp: consider importing this trait\n   |\n1  + use core::marker::Sync;\n   |\n\nerror[E0405]: cannot find trait `Send` in this scope\n  --> /Users/graysonnocera/.cargo/registry/src/index.crates.io-6f17d22bba15001f/thiserror-1.0.69/src/aserror.rs:48:33\n   |\n48 | impl<'a> Sealed for dyn Error + Send + 'a {}\n   |                                 ^^^^ not found in this scope\n   |\nhelp: consider importing this trait\n   |\n1  + use core::marker::Send;\n   |\n\nerror[E0405]: cannot find trait `Send` in this scope\n  --> /Users/graysonnocera/.cargo/registry/src/index.crates.io-6f17d22bba15001f/thiserror-1.0.69/src/aserror.rs:49:33\n   |\n49 | impl<'a> Sealed for dyn Error + Send + Sync + 'a {}\n   |                                 ^^^^ not found in this scope\n   |\nhelp: consider importing this trait\n   |\n1  + use core::marker::Send;\n   |\n\nerror[E0405]: cannot find trait `Sync` in this scope\n  --> /Users/graysonnocera/.cargo/registry/src/index.crates.io-6f17d22bba15001f/thiserror-1.0.69/src/aserror.rs:49:40\n   |\n49 | impl<'a> Sealed for dyn Error + Send + Sync + 'a {}\n   |                                        ^^^^ not found in this scope\n   |\nhelp: consider importing this trait\n   |\n1  + use core::marker::Sync;\n   |\n\nerror[E0405]: cannot find trait `Send` in this scope\n  --> /Users/graysonnocera/.cargo/registry/src/index.crates.io-6f17d22bba15001f/thiserror-1.0.69/src/aserror.rs:50:33\n   |\n50 | impl<'a> Sealed for dyn Error + Send + Sync + UnwindSafe + 'a {}\n   |                                 ^^^^ not found in this scope\n   |\nhelp: consider importing this trait\n   |\n1  + use core::marker::Send;\n   |\n\nerror[E0405]: cannot find trait `Sync` in this scope\n  --> /Users/graysonnocera/.cargo/registry/src/index.crates.io-6f17d22bba15001f/thiserror-1.0.69/src/aserror.rs:50:40\n   |\n50 | impl<'a> Sealed for dyn Error + Send + Sync + UnwindSafe + 'a {}\n   |                                        ^^^^ not found in this scope\n   |\nhelp: consider importing this trait\n   |\n1  + use core::marker::Sync;\n   |\n\nSome errors have detailed explanations: E0405, E0463.\nFor more information about an error, try `rustc --explain E0405`.\nerror: could not compile `thiserror` (lib) due to 13 previous errors\nwarning: build failed, waiting for other jobs to finish...\nSome errors have detailed explanations: E0432, E0463.\nFor more information about an error, try `rustc --explain E0432`.\nerror: could not compile `anyhow` (lib) due to 2 previous errors\nFor more information about this error, try `rustc --explain E0463`.\nerror: could not compile `bytes` (lib) due to 1 previous error\n",
      "stdout": ""
    },
    "features": [
      "std"
    ],
    "project": "../../../Downloads/695-Project/dataset/nostd-failed-crates/crates/minidsp-protocol-0.1.4/src",
    "time_to_build": 267,
    "time_to_solve": 493
  }
]