[
  {
    "built_with_features": null,
    "command": {
      "args": [
        "build",
        "--target",
        "thumbv7m-none-eabi",
        "--no-default-features"
      ],
      "code": 101,
      "stderr": "warning: `default_features` is deprecated in favor of `default-features` and will not work in the 2024 edition\n(in the `ockam_core` dependency)\nwarning: `default_features` is deprecated in favor of `default-features` and will not work in the 2024 edition\n(in the `ockam_node` dependency)\nwarning: `default_features` is deprecated in favor of `default-features` and will not work in the 2024 edition\n(in the `ockam_transport_core` dependency)\n   Compiling byteorder v1.5.0\n   Compiling iovec v0.1.4\n   Compiling futures v0.1.31\n   Compiling zerocopy v0.7.35\n   Compiling syn v1.0.109\n   Compiling minicbor v0.20.0\n   Compiling tracing-core v0.1.33\n   Compiling rand_core v0.6.4\n   Compiling tinyvec v1.8.0\n   Compiling serde v1.0.215\nerror[E0463]: can't find crate for `std`\n  |\n  = note: the `thumbv7m-none-eabi` target may not support the standard library\n  = note: `std` is required by `iovec` because it does not declare `#![no_std]`\n\nerror: cannot find macro `panic` in this scope\n   --> /Users/graysonnocera/.cargo/registry/src/index.crates.io-6f17d22bba15001f/iovec-0.1.4/src/lib.rs:139:9\n    |\n139 |         panic!(\"this implementation was accidentally provided but is \\\n    |         ^^^^^\n\nerror: cannot find macro `panic` in this scope\n   --> /Users/graysonnocera/.cargo/registry/src/index.crates.io-6f17d22bba15001f/iovec-0.1.4/src/lib.rs:130:9\n    |\n130 |         panic!(\"this implementation was accidentally provided but is \\\n    |         ^^^^^\n\nerror: cannot find macro `assert` in this scope\n  --> /Users/graysonnocera/.cargo/registry/src/index.crates.io-6f17d22bba15001f/iovec-0.1.4/src/sys/unknown.rs:49:9\n   |\n49 |         assert!(src.len() > 0);\n   |         ^^^^^^\n\nerror: cannot find macro `assert` in this scope\n  --> /Users/graysonnocera/.cargo/registry/src/index.crates.io-6f17d22bba15001f/iovec-0.1.4/src/sys/unknown.rs:37:9\n   |\n37 |         assert!(src.len() > 0);\n   |         ^^^^^^\n\nerror: cannot find attribute `derive` in this scope\n --> /Users/graysonnocera/.cargo/registry/src/index.crates.io-6f17d22bba15001f/iovec-0.1.4/src/sys/unknown.rs:3:3\n  |\n3 | #[derive(Clone)]\n  |   ^^^^^^\n\nerror[E0463]: can't find crate for `std`\n  |\n  = note: the `thumbv7m-none-eabi` target may not support the standard library\n  = note: `std` is required by `byteorder` because it does not declare `#![no_std]`\n\nerror[E0463]: can't find crate for `std`\n --> /Users/graysonnocera/.cargo/registry/src/index.crates.io-6f17d22bba15001f/byteorder-1.5.0/src/io.rs:1:5\n  |\n1 | use std::{\n  |     ^^^ can't find crate\n  |\n  = note: the `thumbv7m-none-eabi` target may not support the standard library\n\nerror[E0405]: cannot find trait `From` in this scope\n  --> /Users/graysonnocera/.cargo/registry/src/index.crates.io-6f17d22bba15001f/iovec-0.1.4/src/sys/unknown.rs:35:10\n   |\n35 | impl<'a> From<&'a [u8]> for &'a IoVec {\n   |          ^^^^ not found in this scope\n\nerror[E0405]: cannot find trait `From` in this scope\n  --> /Users/graysonnocera/.cargo/registry/src/index.crates.io-6f17d22bba15001f/iovec-0.1.4/src/sys/unknown.rs:47:10\n   |\n47 | impl<'a> From<&'a mut [u8]> for &'a mut IoVec {\n   |          ^^^^ not found in this scope\n\nerror[E0412]: cannot find type `Option` in this scope\n  --> /Users/graysonnocera/.cargo/registry/src/index.crates.io-6f17d22bba15001f/iovec-0.1.4/src/lib.rs:58:40\n   |\n58 |     pub fn from_bytes(slice: &[u8]) -> Option<&IoVec> {\n   |                                        ^^^^^^ not found in this scope\n\nerror[E0425]: cannot find value `None` in this scope\n  --> /Users/graysonnocera/.cargo/registry/src/index.crates.io-6f17d22bba15001f/iovec-0.1.4/src/lib.rs:60:20\n   |\n60 |             return None\n   |                    ^^^^ not found in this scope\n\nerror[E0412]: cannot find type `Option` in this scope\n  --> /Users/graysonnocera/.cargo/registry/src/index.crates.io-6f17d22bba15001f/iovec-0.1.4/src/lib.rs:68:48\n   |\n68 |     pub fn from_bytes_mut(slice: &mut [u8]) -> Option<&mut IoVec> {\n   |                                                ^^^^^^ not found in this scope\n\nerror[E0425]: cannot find value `None` in this scope\n  --> /Users/graysonnocera/.cargo/registry/src/index.crates.io-6f17d22bba15001f/iovec-0.1.4/src/lib.rs:70:20\n   |\n70 |             return None\n   |                    ^^^^ not found in this scope\n\nerror[E0405]: cannot find trait `From` in this scope\n   --> /Users/graysonnocera/.cargo/registry/src/index.crates.io-6f17d22bba15001f/iovec-0.1.4/src/lib.rs:106:10\n    |\n106 | impl<'a> From<&'a [u8]> for &'a IoVec {\n    |          ^^^^ not found in this scope\n\nerror[E0405]: cannot find trait `From` in this scope\n   --> /Users/graysonnocera/.cargo/registry/src/index.crates.io-6f17d22bba15001f/iovec-0.1.4/src/lib.rs:117:10\n    |\n117 | impl<'a> From<&'a mut [u8]> for &'a mut IoVec {\n    |          ^^^^ not found in this scope\n\nerror[E0405]: cannot find trait `Default` in this scope\n   --> /Users/graysonnocera/.cargo/registry/src/index.crates.io-6f17d22bba15001f/iovec-0.1.4/src/lib.rs:128:10\n    |\n128 | impl<'a> Default for &'a IoVec {\n    |          ^^^^^^^ not found in this scope\n\nerror[E0405]: cannot find trait `Default` in this scope\n   --> /Users/graysonnocera/.cargo/registry/src/index.crates.io-6f17d22bba15001f/iovec-0.1.4/src/lib.rs:137:10\n    |\n137 | impl<'a> Default for &'a mut IoVec {\n    |          ^^^^^^^ not found in this scope\n\nerror[E0463]: can't find crate for `std`\n    --> /Users/graysonnocera/.cargo/registry/src/index.crates.io-6f17d22bba15001f/byteorder-1.5.0/src/io.rs:1588:9\n     |\n1588 |     use std::mem::size_of;\n     |         ^^^ can't find crate\n     |\n     = note: the `thumbv7m-none-eabi` target may not support the standard library\n\nerror: requires `sized` lang_item\n\nerror: requires `sized` lang_item\n  --> /Users/graysonnocera/.cargo/registry/src/index.crates.io-6f17d22bba15001f/iovec-0.1.4/src/sys/unknown.rs:10:12\n   |\n10 |     inner: [u8],\n   |            ^^^^\n\nerror[E0425]: cannot find function, tuple struct or tuple variant `Some` in this scope\n  --> /Users/graysonnocera/.cargo/registry/src/index.crates.io-6f17d22bba15001f/iovec-0.1.4/src/lib.rs:64:13\n   |\n64 |             Some(mem::transmute(iovec))\n   |             ^^^^ not found in this scope\n\nerror[E0425]: cannot find function, tuple struct or tuple variant `Some` in this scope\n  --> /Users/graysonnocera/.cargo/registry/src/index.crates.io-6f17d22bba15001f/iovec-0.1.4/src/lib.rs:74:13\n   |\n74 |             Some(mem::transmute(iovec))\n   |             ^^^^ not found in this scope\n\nSome errors have detailed explanations: E0405, E0412, E0425, E0463.\nFor more information about an error, try `rustc --explain E0405`.\nerror: cannot find macro `assert` in this scope\n    --> /Users/graysonnocera/.cargo/registry/src/index.crates.io-6f17d22bba15001f/byteorder-1.5.0/src/lib.rs:1209:27\n     |\n1209 |             const _: () = assert!(align_of::<u32>() <= align_of::<f32>());\n     |                           ^^^^^^\n     |\nhelp: consider importing this macro\n     |\n76   + use core::assert;\n     |\n\nerror: could not compile `iovec` (lib) due to 20 previous errors\nwarning: build failed, waiting for other jobs to finish...\nerror: cannot find macro `assert` in this scope\n    --> /Users/graysonnocera/.cargo/registry/src/index.crates.io-6f17d22bba15001f/byteorder-1.5.0/src/lib.rs:1271:27\n     |\n1271 |             const _: () = assert!(align_of::<u64>() <= align_of::<f64>());\n     |                           ^^^^^^\n     |\nhelp: consider importing this macro\n     |\n76   + use core::assert;\n     |\n\nerror: cannot find attribute `derive` in this scope\n    --> /Users/graysonnocera/.cargo/registry/src/index.crates.io-6f17d22bba15001f/byteorder-1.5.0/src/lib.rs:1812:3\n     |\n1812 | #[derive(Clone, Copy, Debug, Eq, Hash, Ord, PartialEq, PartialOrd)]\n     |   ^^^^^^\n     |\nhelp: consider importing this attribute macro\n     |\n76   + use core::prelude::rust_2024::derive;\n     |\n\nerror: cannot find macro `panic` in this scope\n    --> /Users/graysonnocera/.cargo/registry/src/index.crates.io-6f17d22bba15001f/byteorder-1.5.0/src/lib.rs:1817:9\n     |\n1817 |         panic!(\"BigEndian default\")\n     |         ^^^^^\n     |\nhelp: consider importing this macro\n     |\n76   + use core::panic;\n     |\n\nerror: cannot find attribute `derive` in this scope\n    --> /Users/graysonnocera/.cargo/registry/src/index.crates.io-6f17d22bba15001f/byteorder-1.5.0/src/lib.rs:1842:3\n     |\n1842 | #[derive(Clone, Copy, Debug, Eq, Hash, Ord, PartialEq, PartialOrd)]\n     |   ^^^^^^\n     |\nhelp: consider importing this attribute macro\n     |\n76   + use core::prelude::rust_2024::derive;\n     |\n\nerror: cannot find macro `panic` in this scope\n    --> /Users/graysonnocera/.cargo/registry/src/index.crates.io-6f17d22bba15001f/byteorder-1.5.0/src/lib.rs:1847:9\n     |\n1847 |         panic!(\"LittleEndian default\")\n     |         ^^^^^\n     |\nhelp: consider importing this macro\n     |\n76   + use core::panic;\n     |\n\nerror: cannot find macro `assert` in this scope\n    --> /Users/graysonnocera/.cargo/registry/src/index.crates.io-6f17d22bba15001f/byteorder-1.5.0/src/lib.rs:1962:9\n     |\n1962 |         assert!(1 <= nbytes && nbytes <= out.len() && nbytes <= buf.len());\n     |         ^^^^^^\n     |\nhelp: consider importing this macro\n     |\n76   + use core::assert;\n     |\n\nerror: cannot find macro `assert` in this scope\n    --> /Users/graysonnocera/.cargo/registry/src/index.crates.io-6f17d22bba15001f/byteorder-1.5.0/src/lib.rs:1971:9\n     |\n1971 |         assert!(1 <= nbytes && nbytes <= out.len() && nbytes <= buf.len());\n     |         ^^^^^^\n     |\nhelp: consider importing this macro\n     |\n76   + use core::assert;\n     |\n\nerror: cannot find macro `assert` in this scope\n    --> /Users/graysonnocera/.cargo/registry/src/index.crates.io-6f17d22bba15001f/byteorder-1.5.0/src/lib.rs:1999:9\n     |\n1999 |         assert!(pack_size(n) <= nbytes && nbytes <= 8);\n     |         ^^^^^^\n     |\nhelp: consider importing this macro\n     |\n76   + use core::assert;\n     |\n\nerror: cannot find macro `assert` in this scope\n    --> /Users/graysonnocera/.cargo/registry/src/index.crates.io-6f17d22bba15001f/byteorder-1.5.0/src/lib.rs:2000:9\n     |\n2000 |         assert!(nbytes <= buf.len());\n     |         ^^^^^^\n     |\nhelp: consider importing this macro\n     |\n76   + use core::assert;\n     |\n\nerror: cannot find macro `assert` in this scope\n    --> /Users/graysonnocera/.cargo/registry/src/index.crates.io-6f17d22bba15001f/byteorder-1.5.0/src/lib.rs:2013:9\n     |\n2013 |         assert!(pack_size128(n) <= nbytes && nbytes <= 16);\n     |         ^^^^^^\n     |\nhelp: consider importing this macro\n     |\n76   + use core::assert;\n     |\n\nerror: cannot find macro `assert` in this scope\n    --> /Users/graysonnocera/.cargo/registry/src/index.crates.io-6f17d22bba15001f/byteorder-1.5.0/src/lib.rs:2014:9\n     |\n2014 |         assert!(nbytes <= buf.len());\n     |         ^^^^^^\n     |\nhelp: consider importing this macro\n     |\n76   + use core::assert;\n     |\n\nerror: cannot find macro `assert_eq` in this scope\n    --> /Users/graysonnocera/.cargo/registry/src/index.crates.io-6f17d22bba15001f/byteorder-1.5.0/src/lib.rs:1914:9\n     |\n1914 |         assert_eq!(src.len(), dst.len() * SIZE);\n     |         ^^^^^^^^^\n...\n2027 |         read_slice!(src, dst, u16, from_be_bytes);\n     |         ----------------------------------------- in this macro invocation\n     |\n     = note: this error originates in the macro `read_slice` (in Nightly builds, run with -Z macro-backtrace for more info)\nhelp: consider importing this macro\n     |\n76   + use core::assert_eq;\n     |\n\nerror: cannot find macro `assert_eq` in this scope\n    --> /Users/graysonnocera/.cargo/registry/src/index.crates.io-6f17d22bba15001f/byteorder-1.5.0/src/lib.rs:1914:9\n     |\n1914 |         assert_eq!(src.len(), dst.len() * SIZE);\n     |         ^^^^^^^^^\n...\n2032 |         read_slice!(src, dst, u32, from_be_bytes);\n     |         ----------------------------------------- in this macro invocation\n     |\n     = note: this error originates in the macro `read_slice` (in Nightly builds, run with -Z macro-backtrace for more info)\nhelp: consider importing this macro\n     |\n76   + use core::assert_eq;\n     |\n\nerror: cannot find macro `assert_eq` in this scope\n    --> /Users/graysonnocera/.cargo/registry/src/index.crates.io-6f17d22bba15001f/byteorder-1.5.0/src/lib.rs:1914:9\n     |\n1914 |         assert_eq!(src.len(), dst.len() * SIZE);\n     |         ^^^^^^^^^\n...\n2037 |         read_slice!(src, dst, u64, from_be_bytes);\n     |         ----------------------------------------- in this macro invocation\n     |\n     = note: this error originates in the macro `read_slice` (in Nightly builds, run with -Z macro-backtrace for more info)\nhelp: consider importing this macro\n     |\n76   + use core::assert_eq;\n     |\n\nerror: cannot find macro `assert_eq` in this scope\n    --> /Users/graysonnocera/.cargo/registry/src/index.crates.io-6f17d22bba15001f/byteorder-1.5.0/src/lib.rs:1914:9\n     |\n1914 |         assert_eq!(src.len(), dst.len() * SIZE);\n     |         ^^^^^^^^^\n...\n2042 |         read_slice!(src, dst, u128, from_be_bytes);\n     |         ------------------------------------------ in this macro invocation\n     |\n     = note: this error originates in the macro `read_slice` (in Nightly builds, run with -Z macro-backtrace for more info)\nhelp: consider importing this macro\n     |\n76   + use core::assert_eq;\n     |\n\nerror: cannot find macro `assert_eq` in this scope\n    --> /Users/graysonnocera/.cargo/registry/src/index.crates.io-6f17d22bba15001f/byteorder-1.5.0/src/lib.rs:1931:9\n     |\n1931 |         assert_eq!(src.len() * SIZE, dst.len());\n     |         ^^^^^^^^^\n...\n2047 |         write_slice!(src, dst, u16, to_be_bytes);\n     |         ---------------------------------------- in this macro invocation\n     |\n     = note: this error originates in the macro `write_slice` (in Nightly builds, run with -Z macro-backtrace for more info)\nhelp: consider importing this macro\n     |\n76   + use core::assert_eq;\n     |\n\nerror: cannot find macro `assert_eq` in this scope\n    --> /Users/graysonnocera/.cargo/registry/src/index.crates.io-6f17d22bba15001f/byteorder-1.5.0/src/lib.rs:1931:9\n     |\n1931 |         assert_eq!(src.len() * SIZE, dst.len());\n     |         ^^^^^^^^^\n...\n2052 |         write_slice!(src, dst, u32, to_be_bytes);\n     |         ---------------------------------------- in this macro invocation\n     |\n     = note: this error originates in the macro `write_slice` (in Nightly builds, run with -Z macro-backtrace for more info)\nhelp: consider importing this macro\n     |\n76   + use core::assert_eq;\n     |\n\nerror: cannot find macro `assert_eq` in this scope\n    --> /Users/graysonnocera/.cargo/registry/src/index.crates.io-6f17d22bba15001f/byteorder-1.5.0/src/lib.rs:1931:9\n     |\n1931 |         assert_eq!(src.len() * SIZE, dst.len());\n     |         ^^^^^^^^^\n...\n2057 |         write_slice!(src, dst, u64, to_be_bytes);\n     |         ---------------------------------------- in this macro invocation\n     |\n     = note: this error originates in the macro `write_slice` (in Nightly builds, run with -Z macro-backtrace for more info)\nhelp: consider importing this macro\n     |\n76   + use core::assert_eq;\n     |\n\nerror: cannot find macro `assert_eq` in this scope\n    --> /Users/graysonnocera/.cargo/registry/src/index.crates.io-6f17d22bba15001f/byteorder-1.5.0/src/lib.rs:1931:9\n     |\n1931 |         assert_eq!(src.len() * SIZE, dst.len());\n     |         ^^^^^^^^^\n...\n2062 |         write_slice!(src, dst, u128, to_be_bytes);\n     |         ----------------------------------------- in this macro invocation\n     |\n     = note: this error originates in the macro `write_slice` (in Nightly builds, run with -Z macro-backtrace for more info)\nhelp: consider importing this macro\n     |\n76   + use core::assert_eq;\n     |\n\nerror: cannot find macro `cfg` in this scope\n    --> /Users/graysonnocera/.cargo/registry/src/index.crates.io-6f17d22bba15001f/byteorder-1.5.0/src/lib.rs:2067:12\n     |\n2067 |         if cfg!(target_endian = \"little\") {\n     |            ^^^\n     |\n     = note: `cfg` is in scope, but it is an attribute: `#[cfg]`\nhelp: consider importing this macro\n     |\n76   + use core::cfg;\n     |\n\nerror: cannot find macro `cfg` in this scope\n    --> /Users/graysonnocera/.cargo/registry/src/index.crates.io-6f17d22bba15001f/byteorder-1.5.0/src/lib.rs:2076:12\n     |\n2076 |         if cfg!(target_endian = \"little\") {\n     |            ^^^\n     |\n     = note: `cfg` is in scope, but it is an attribute: `#[cfg]`\nhelp: consider importing this macro\n     |\n76   + use core::cfg;\n     |\n\nerror: cannot find macro `cfg` in this scope\n    --> /Users/graysonnocera/.cargo/registry/src/index.crates.io-6f17d22bba15001f/byteorder-1.5.0/src/lib.rs:2085:12\n     |\n2085 |         if cfg!(target_endian = \"little\") {\n     |            ^^^\n     |\n     = note: `cfg` is in scope, but it is an attribute: `#[cfg]`\nhelp: consider importing this macro\n     |\n76   + use core::cfg;\n     |\n\nerror: cannot find macro `cfg` in this scope\n    --> /Users/graysonnocera/.cargo/registry/src/index.crates.io-6f17d22bba15001f/byteorder-1.5.0/src/lib.rs:2094:12\n     |\n2094 |         if cfg!(target_endian = \"little\") {\n     |            ^^^\n     |\n     = note: `cfg` is in scope, but it is an attribute: `#[cfg]`\nhelp: consider importing this macro\n     |\n76   + use core::cfg;\n     |\n\nerror: cannot find macro `cfg` in this scope\n    --> /Users/graysonnocera/.cargo/registry/src/index.crates.io-6f17d22bba15001f/byteorder-1.5.0/src/lib.rs:2103:12\n     |\n2103 |         if cfg!(target_endian = \"little\") {\n     |            ^^^\n     |\n     = note: `cfg` is in scope, but it is an attribute: `#[cfg]`\nhelp: consider importing this macro\n     |\n76   + use core::cfg;\n     |\n\nerror: cannot find macro `cfg` in this scope\n    --> /Users/graysonnocera/.cargo/registry/src/index.crates.io-6f17d22bba15001f/byteorder-1.5.0/src/lib.rs:2115:12\n     |\n2115 |         if cfg!(target_endian = \"little\") {\n     |            ^^^\n     |\n     = note: `cfg` is in scope, but it is an attribute: `#[cfg]`\nhelp: consider importing this macro\n     |\n76   + use core::cfg;\n     |\n\nerror: cannot find macro `assert` in this scope\n    --> /Users/graysonnocera/.cargo/registry/src/index.crates.io-6f17d22bba15001f/byteorder-1.5.0/src/lib.rs:2150:9\n     |\n2150 |         assert!(1 <= nbytes && nbytes <= out.len() && nbytes <= buf.len());\n     |         ^^^^^^\n     |\nhelp: consider importing this macro\n     |\n76   + use core::assert;\n     |\n\nerror: cannot find macro `assert` in this scope\n    --> /Users/graysonnocera/.cargo/registry/src/index.crates.io-6f17d22bba15001f/byteorder-1.5.0/src/lib.rs:2158:9\n     |\n2158 |         assert!(1 <= nbytes && nbytes <= out.len() && nbytes <= buf.len());\n     |         ^^^^^^\n     |\nhelp: consider importing this macro\n     |\n76   + use core::assert;\n     |\n\nerror: cannot find macro `assert` in this scope\n    --> /Users/graysonnocera/.cargo/registry/src/index.crates.io-6f17d22bba15001f/byteorder-1.5.0/src/lib.rs:2185:9\n     |\n2185 |         assert!(pack_size(n as u64) <= nbytes && nbytes <= 8);\n     |         ^^^^^^\n     |\nhelp: consider importing this macro\n     |\n76   + use core::assert;\n     |\n\nerror: cannot find macro `assert` in this scope\n    --> /Users/graysonnocera/.cargo/registry/src/index.crates.io-6f17d22bba15001f/byteorder-1.5.0/src/lib.rs:2186:9\n     |\n2186 |         assert!(nbytes <= buf.len());\n     |         ^^^^^^\n     |\nhelp: consider importing this macro\n     |\n76   + use core::assert;\n     |\n\nerror: cannot find macro `assert` in this scope\n    --> /Users/graysonnocera/.cargo/registry/src/index.crates.io-6f17d22bba15001f/byteorder-1.5.0/src/lib.rs:2195:9\n     |\n2195 |         assert!(pack_size128(n as u128) <= nbytes && nbytes <= 16);\n     |         ^^^^^^\n     |\nhelp: consider importing this macro\n     |\n76   + use core::assert;\n     |\n\nerror: cannot find macro `assert` in this scope\n    --> /Users/graysonnocera/.cargo/registry/src/index.crates.io-6f17d22bba15001f/byteorder-1.5.0/src/lib.rs:2196:9\n     |\n2196 |         assert!(nbytes <= buf.len());\n     |         ^^^^^^\n     |\nhelp: consider importing this macro\n     |\n76   + use core::assert;\n     |\n\nerror: cannot find macro `assert_eq` in this scope\n    --> /Users/graysonnocera/.cargo/registry/src/index.crates.io-6f17d22bba15001f/byteorder-1.5.0/src/lib.rs:1914:9\n     |\n1914 |         assert_eq!(src.len(), dst.len() * SIZE);\n     |         ^^^^^^^^^\n...\n2205 |         read_slice!(src, dst, u16, from_le_bytes);\n     |         ----------------------------------------- in this macro invocation\n     |\n     = note: this error originates in the macro `read_slice` (in Nightly builds, run with -Z macro-backtrace for more info)\nhelp: consider importing this macro\n     |\n76   + use core::assert_eq;\n     |\n\nerror: cannot find macro `assert_eq` in this scope\n    --> /Users/graysonnocera/.cargo/registry/src/index.crates.io-6f17d22bba15001f/byteorder-1.5.0/src/lib.rs:1914:9\n     |\n1914 |         assert_eq!(src.len(), dst.len() * SIZE);\n     |         ^^^^^^^^^\n...\n2210 |         read_slice!(src, dst, u32, from_le_bytes);\n     |         ----------------------------------------- in this macro invocation\n     |\n     = note: this error originates in the macro `read_slice` (in Nightly builds, run with -Z macro-backtrace for more info)\nhelp: consider importing this macro\n     |\n76   + use core::assert_eq;\n     |\n\nerror: cannot find macro `assert_eq` in this scope\n    --> /Users/graysonnocera/.cargo/registry/src/index.crates.io-6f17d22bba15001f/byteorder-1.5.0/src/lib.rs:1914:9\n     |\n1914 |         assert_eq!(src.len(), dst.len() * SIZE);\n     |         ^^^^^^^^^\n...\n2215 |         read_slice!(src, dst, u64, from_le_bytes);\n     |         ----------------------------------------- in this macro invocation\n     |\n     = note: this error originates in the macro `read_slice` (in Nightly builds, run with -Z macro-backtrace for more info)\nhelp: consider importing this macro\n     |\n76   + use core::assert_eq;\n     |\n\nerror: cannot find macro `assert_eq` in this scope\n    --> /Users/graysonnocera/.cargo/registry/src/index.crates.io-6f17d22bba15001f/byteorder-1.5.0/src/lib.rs:1914:9\n     |\n1914 |         assert_eq!(src.len(), dst.len() * SIZE);\n     |         ^^^^^^^^^\n...\n2220 |         read_slice!(src, dst, u128, from_le_bytes);\n     |         ------------------------------------------ in this macro invocation\n     |\n     = note: this error originates in the macro `read_slice` (in Nightly builds, run with -Z macro-backtrace for more info)\nhelp: consider importing this macro\n     |\n76   + use core::assert_eq;\n     |\n\nerror: cannot find macro `assert_eq` in this scope\n    --> /Users/graysonnocera/.cargo/registry/src/index.crates.io-6f17d22bba15001f/byteorder-1.5.0/src/lib.rs:1931:9\n     |\n1931 |         assert_eq!(src.len() * SIZE, dst.len());\n     |         ^^^^^^^^^\n...\n2225 |         write_slice!(src, dst, u16, to_le_bytes);\n     |         ---------------------------------------- in this macro invocation\n     |\n     = note: this error originates in the macro `write_slice` (in Nightly builds, run with -Z macro-backtrace for more info)\nhelp: consider importing this macro\n     |\n76   + use core::assert_eq;\n     |\n\nerror: cannot find macro `assert_eq` in this scope\n    --> /Users/graysonnocera/.cargo/registry/src/index.crates.io-6f17d22bba15001f/byteorder-1.5.0/src/lib.rs:1931:9\n     |\n1931 |         assert_eq!(src.len() * SIZE, dst.len());\n     |         ^^^^^^^^^\n...\n2230 |         write_slice!(src, dst, u32, to_le_bytes);\n     |         ---------------------------------------- in this macro invocation\n     |\n     = note: this error originates in the macro `write_slice` (in Nightly builds, run with -Z macro-backtrace for more info)\nhelp: consider importing this macro\n     |\n76   + use core::assert_eq;\n     |\n\nerror: cannot find macro `assert_eq` in this scope\n    --> /Users/graysonnocera/.cargo/registry/src/index.crates.io-6f17d22bba15001f/byteorder-1.5.0/src/lib.rs:1931:9\n     |\n1931 |         assert_eq!(src.len() * SIZE, dst.len());\n     |         ^^^^^^^^^\n...\n2235 |         write_slice!(src, dst, u64, to_le_bytes);\n     |         ---------------------------------------- in this macro invocation\n     |\n     = note: this error originates in the macro `write_slice` (in Nightly builds, run with -Z macro-backtrace for more info)\nhelp: consider importing this macro\n     |\n76   + use core::assert_eq;\n     |\n\nerror: cannot find macro `assert_eq` in this scope\n    --> /Users/graysonnocera/.cargo/registry/src/index.crates.io-6f17d22bba15001f/byteorder-1.5.0/src/lib.rs:1931:9\n     |\n1931 |         assert_eq!(src.len() * SIZE, dst.len());\n     |         ^^^^^^^^^\n...\n2240 |         write_slice!(src, dst, u128, to_le_bytes);\n     |         ----------------------------------------- in this macro invocation\n     |\n     = note: this error originates in the macro `write_slice` (in Nightly builds, run with -Z macro-backtrace for more info)\nhelp: consider importing this macro\n     |\n76   + use core::assert_eq;\n     |\n\nerror: cannot find macro `cfg` in this scope\n    --> /Users/graysonnocera/.cargo/registry/src/index.crates.io-6f17d22bba15001f/byteorder-1.5.0/src/lib.rs:2245:12\n     |\n2245 |         if cfg!(target_endian = \"big\") {\n     |            ^^^\n     |\n     = note: `cfg` is in scope, but it is an attribute: `#[cfg]`\nhelp: consider importing this macro\n     |\n76   + use core::cfg;\n     |\n\nerror: cannot find macro `cfg` in this scope\n    --> /Users/graysonnocera/.cargo/registry/src/index.crates.io-6f17d22bba15001f/byteorder-1.5.0/src/lib.rs:2254:12\n     |\n2254 |         if cfg!(target_endian = \"big\") {\n     |            ^^^\n     |\n     = note: `cfg` is in scope, but it is an attribute: `#[cfg]`\nhelp: consider importing this macro\n     |\n76   + use core::cfg;\n     |\n\nerror: cannot find macro `cfg` in this scope\n    --> /Users/graysonnocera/.cargo/registry/src/index.crates.io-6f17d22bba15001f/byteorder-1.5.0/src/lib.rs:2263:12\n     |\n2263 |         if cfg!(target_endian = \"big\") {\n     |            ^^^\n     |\n     = note: `cfg` is in scope, but it is an attribute: `#[cfg]`\nhelp: consider importing this macro\n     |\n76   + use core::cfg;\n     |\n\nerror: cannot find macro `cfg` in this scope\n    --> /Users/graysonnocera/.cargo/registry/src/index.crates.io-6f17d22bba15001f/byteorder-1.5.0/src/lib.rs:2272:12\n     |\n2272 |         if cfg!(target_endian = \"big\") {\n     |            ^^^\n     |\n     = note: `cfg` is in scope, but it is an attribute: `#[cfg]`\nhelp: consider importing this macro\n     |\n76   + use core::cfg;\n     |\n\nerror: cannot find macro `cfg` in this scope\n    --> /Users/graysonnocera/.cargo/registry/src/index.crates.io-6f17d22bba15001f/byteorder-1.5.0/src/lib.rs:2281:12\n     |\n2281 |         if cfg!(target_endian = \"big\") {\n     |            ^^^\n     |\n     = note: `cfg` is in scope, but it is an attribute: `#[cfg]`\nhelp: consider importing this macro\n     |\n76   + use core::cfg;\n     |\n\nerror: cannot find macro `cfg` in this scope\n    --> /Users/graysonnocera/.cargo/registry/src/index.crates.io-6f17d22bba15001f/byteorder-1.5.0/src/lib.rs:2293:12\n     |\n2293 |         if cfg!(target_endian = \"big\") {\n     |            ^^^\n     |\n     = note: `cfg` is in scope, but it is an attribute: `#[cfg]`\nhelp: consider importing this macro\n     |\n76   + use core::cfg;\n     |\n\nerror[E0463]: can't find crate for `std`\n   --> /Users/graysonnocera/.cargo/registry/src/index.crates.io-6f17d22bba15001f/futures-0.1.31/src/lib.rs:165:1\n    |\n165 | extern crate std;\n    | ^^^^^^^^^^^^^^^^^ can't find crate\n    |\n    = note: the `thumbv7m-none-eabi` target may not support the standard library\n\nerror[E0432]: unresolved imports `super::core`, `super::BorrowedTask`, `super::NotifyHandle`, `super::Spawn`, `super::spawn`, `super::Notify`, `super::UnsafeNotify`, `task_impl::with`\n  --> /Users/graysonnocera/.cargo/registry/src/index.crates.io-6f17d22bba15001f/futures-0.1.31/src/task_impl/std/mod.rs:14:5\n   |\n14 | use super::core;\n   |     ^^^^^^^^^^^\n15 | use super::{BorrowedTask, NotifyHandle, Spawn, spawn, Notify, UnsafeNotify};\n   |             ^^^^^^^^^^^^  ^^^^^^^^^^^^  ^^^^^  ^^^^^  ^^^^^^  ^^^^^^^^^^^^\n   |\n  ::: /Users/graysonnocera/.cargo/registry/src/index.crates.io-6f17d22bba15001f/futures-0.1.31/src/task_impl/std/data.rs:8:5\n   |\n8  | use task_impl::with;\n   |     ^^^^^^^^^^^^^^^\n\nerror: cannot find macro `thread_local` in this scope\n  --> /Users/graysonnocera/.cargo/registry/src/index.crates.io-6f17d22bba15001f/futures-0.1.31/src/task_impl/std/mod.rs:30:1\n   |\n30 | thread_local!(static CURRENT_TASK: Cell<*mut u8> = Cell::new(ptr::null_mut()));\n   | ^^^^^^^^^^^^\n   |\n   = note: `thread_local` is in scope, but it is an attribute: `#[thread_local]`\n\nerror: cannot find macro `thread_local` in this scope\n   --> /Users/graysonnocera/.cargo/registry/src/index.crates.io-6f17d22bba15001f/futures-0.1.31/src/task_impl/std/mod.rs:474:1\n    |\n474 | thread_local! {\n    | ^^^^^^^^^^^^\n    |\n    = note: `thread_local` is in scope, but it is an attribute: `#[thread_local]`\n\nerror[E0425]: cannot find function, tuple struct or tuple variant `Ok` in this scope\n  --> /Users/graysonnocera/.cargo/registry/src/index.crates.io-6f17d22bba15001f/byteorder-1.5.0/src/io.rs:58:9\n   |\n58 |         Ok(buf[0])\n   |         ^^ not found in this scope\n   |\nhelp: consider importing this tuple variant\n   |\n1  + use core::result::Result::Ok;\n   |\n\nerror[E0425]: cannot find function, tuple struct or tuple variant `Ok` in this scope\n  --> /Users/graysonnocera/.cargo/registry/src/index.crates.io-6f17d22bba15001f/byteorder-1.5.0/src/io.rs:88:9\n   |\n88 |         Ok(buf[0] as i8)\n   |         ^^ not found in this scope\n   |\nhelp: consider importing this tuple variant\n   |\n1  + use core::result::Result::Ok;\n   |\n\nerror[E0425]: cannot find function, tuple struct or tuple variant `Ok` in this scope\n   --> /Users/graysonnocera/.cargo/registry/src/index.crates.io-6f17d22bba15001f/byteorder-1.5.0/src/io.rs:115:9\n    |\n115 |         Ok(T::read_u16(&buf))\n    |         ^^ not found in this scope\n    |\nhelp: consider importing this tuple variant\n    |\n1   + use core::result::Result::Ok;\n    |\n\nerror[E0425]: cannot find function, tuple struct or tuple variant `Ok` in this scope\n   --> /Users/graysonnocera/.cargo/registry/src/index.crates.io-6f17d22bba15001f/byteorder-1.5.0/src/io.rs:142:9\n    |\n142 |         Ok(T::read_i16(&buf))\n    |         ^^ not found in this scope\n    |\nhelp: consider importing this tuple variant\n    |\n1   + use core::result::Result::Ok;\n    |\n\nerror[E0425]: cannot find function, tuple struct or tuple variant `Ok` in this scope\n   --> /Users/graysonnocera/.cargo/registry/src/index.crates.io-6f17d22bba15001f/byteorder-1.5.0/src/io.rs:168:9\n    |\n168 |         Ok(T::read_u24(&buf))\n    |         ^^ not found in this scope\n    |\nhelp: consider importing this tuple variant\n    |\n1   + use core::result::Result::Ok;\n    |\n\nerror[E0425]: cannot find function, tuple struct or tuple variant `Ok` in this scope\n   --> /Users/graysonnocera/.cargo/registry/src/index.crates.io-6f17d22bba15001f/byteorder-1.5.0/src/io.rs:194:9\n    |\n194 |         Ok(T::read_i24(&buf))\n    |         ^^ not found in this scope\n    |\nhelp: consider importing this tuple variant\n    |\n1   + use core::result::Result::Ok;\n    |\n\nerror[E0425]: cannot find function, tuple struct or tuple variant `Ok` in this scope\n   --> /Users/graysonnocera/.cargo/registry/src/index.crates.io-6f17d22bba15001f/byteorder-1.5.0/src/io.rs:220:9\n    |\n220 |         Ok(T::read_u32(&buf))\n    |         ^^ not found in this scope\n    |\nhelp: consider importing this tuple variant\n    |\n1   + use core::result::Result::Ok;\n    |\n\nerror[E0425]: cannot find function, tuple struct or tuple variant `Ok` in this scope\n   --> /Users/graysonnocera/.cargo/registry/src/index.crates.io-6f17d22bba15001f/byteorder-1.5.0/src/io.rs:246:9\n    |\n246 |         Ok(T::read_i32(&buf))\n    |         ^^ not found in this scope\n    |\nhelp: consider importing this tuple variant\n    |\n1   + use core::result::Result::Ok;\n    |\n\nerror[E0425]: cannot find function, tuple struct or tuple variant `Ok` in this scope\n   --> /Users/graysonnocera/.cargo/registry/src/index.crates.io-6f17d22bba15001f/byteorder-1.5.0/src/io.rs:272:9\n    |\n272 |         Ok(T::read_u48(&buf))\n    |         ^^ not found in this scope\n    |\nhelp: consider importing this tuple variant\n    |\n1   + use core::result::Result::Ok;\n    |\n\nerror[E0425]: cannot find function, tuple struct or tuple variant `Ok` in this scope\n   --> /Users/graysonnocera/.cargo/registry/src/index.crates.io-6f17d22bba15001f/byteorder-1.5.0/src/io.rs:298:9\n    |\n298 |         Ok(T::read_i48(&buf))\n    |         ^^ not found in this scope\n    |\nhelp: consider importing this tuple variant\n    |\n1   + use core::result::Result::Ok;\n    |\n\nerror[E0425]: cannot find function, tuple struct or tuple variant `Ok` in this scope\n   --> /Users/graysonnocera/.cargo/registry/src/index.crates.io-6f17d22bba15001f/byteorder-1.5.0/src/io.rs:324:9\n    |\n324 |         Ok(T::read_u64(&buf))\n    |         ^^ not found in this scope\n    |\nhelp: consider importing this tuple variant\n    |\n1   + use core::result::Result::Ok;\n    |\n\nerror[E0425]: cannot find function, tuple struct or tuple variant `Ok` in this scope\n   --> /Users/graysonnocera/.cargo/registry/src/index.crates.io-6f17d22bba15001f/byteorder-1.5.0/src/io.rs:350:9\n    |\n350 |         Ok(T::read_i64(&buf))\n    |         ^^ not found in this scope\n    |\nhelp: consider importing this tuple variant\n    |\n1   + use core::result::Result::Ok;\n    |\n\nerror[E0425]: cannot find function, tuple struct or tuple variant `Ok` in this scope\n   --> /Users/graysonnocera/.cargo/registry/src/index.crates.io-6f17d22bba15001f/byteorder-1.5.0/src/io.rs:379:9\n    |\n379 |         Ok(T::read_u128(&buf))\n    |         ^^ not found in this scope\n    |\nhelp: consider importing this tuple variant\n    |\n1   + use core::result::Result::Ok;\n    |\n\nerror[E0425]: cannot find function, tuple struct or tuple variant `Ok` in this scope\n   --> /Users/graysonnocera/.cargo/registry/src/index.crates.io-6f17d22bba15001f/byteorder-1.5.0/src/io.rs:405:9\n    |\n405 |         Ok(T::read_i128(&buf))\n    |         ^^ not found in this scope\n    |\nhelp: consider importing this tuple variant\n    |\n1   + use core::result::Result::Ok;\n    |\n\nerror[E0425]: cannot find function, tuple struct or tuple variant `Ok` in this scope\n   --> /Users/graysonnocera/.cargo/registry/src/index.crates.io-6f17d22bba15001f/byteorder-1.5.0/src/io.rs:430:9\n    |\n430 |         Ok(T::read_uint(&buf[..nbytes], nbytes))\n    |         ^^ not found in this scope\n    |\nhelp: consider importing this tuple variant\n    |\n1   + use core::result::Result::Ok;\n    |\n\nerror[E0425]: cannot find function, tuple struct or tuple variant `Ok` in this scope\n   --> /Users/graysonnocera/.cargo/registry/src/index.crates.io-6f17d22bba15001f/byteorder-1.5.0/src/io.rs:455:9\n    |\n455 |         Ok(T::read_int(&buf[..nbytes], nbytes))\n    |         ^^ not found in this scope\n    |\nhelp: consider importing this tuple variant\n    |\n1   + use core::result::Result::Ok;\n    |\n\nerror[E0425]: cannot find function, tuple struct or tuple variant `Ok` in this scope\n   --> /Users/graysonnocera/.cargo/registry/src/index.crates.io-6f17d22bba15001f/byteorder-1.5.0/src/io.rs:463:9\n    |\n463 |         Ok(T::read_uint128(&buf[..nbytes], nbytes))\n    |         ^^ not found in this scope\n    |\nhelp: consider importing this tuple variant\n    |\n1   + use core::result::Result::Ok;\n    |\n\nerror[E0425]: cannot find function, tuple struct or tuple variant `Ok` in this scope\n   --> /Users/graysonnocera/.cargo/registry/src/index.crates.io-6f17d22bba15001f/byteorder-1.5.0/src/io.rs:471:9\n    |\n471 |         Ok(T::read_int128(&buf[..nbytes], nbytes))\n    |         ^^ not found in this scope\n    |\nhelp: consider importing this tuple variant\n    |\n1   + use core::result::Result::Ok;\n    |\n\nerror[E0425]: cannot find function, tuple struct or tuple variant `Ok` in this scope\n   --> /Users/graysonnocera/.cargo/registry/src/index.crates.io-6f17d22bba15001f/byteorder-1.5.0/src/io.rs:502:9\n    |\n502 |         Ok(T::read_f32(&buf))\n    |         ^^ not found in this scope\n    |\nhelp: consider importing this tuple variant\n    |\n1   + use core::result::Result::Ok;\n    |\n\nerror[E0425]: cannot find function, tuple struct or tuple variant `Ok` in this scope\n   --> /Users/graysonnocera/.cargo/registry/src/index.crates.io-6f17d22bba15001f/byteorder-1.5.0/src/io.rs:533:9\n    |\n533 |         Ok(T::read_f64(&buf))\n    |         ^^ not found in this scope\n    |\nhelp: consider importing this tuple variant\n    |\n1   + use core::result::Result::Ok;\n    |\n\nerror[E0425]: cannot find function, tuple struct or tuple variant `Ok` in this scope\n   --> /Users/graysonnocera/.cargo/registry/src/index.crates.io-6f17d22bba15001f/byteorder-1.5.0/src/io.rs:568:9\n    |\n568 |         Ok(())\n    |         ^^ not found in this scope\n    |\nhelp: consider importing this tuple variant\n    |\n1   + use core::result::Result::Ok;\n    |\n\nerror[E0425]: cannot find function, tuple struct or tuple variant `Ok` in this scope\n   --> /Users/graysonnocera/.cargo/registry/src/index.crates.io-6f17d22bba15001f/byteorder-1.5.0/src/io.rs:603:9\n    |\n603 |         Ok(())\n    |         ^^ not found in this scope\n    |\nhelp: consider importing this tuple variant\n    |\n1   + use core::result::Result::Ok;\n    |\n\nerror[E0425]: cannot find function, tuple struct or tuple variant `Ok` in this scope\n   --> /Users/graysonnocera/.cargo/registry/src/index.crates.io-6f17d22bba15001f/byteorder-1.5.0/src/io.rs:641:9\n    |\n641 |         Ok(())\n    |         ^^ not found in this scope\n    |\nhelp: consider importing this tuple variant\n    |\n1   + use core::result::Result::Ok;\n    |\n\nerror[E0425]: cannot find function, tuple struct or tuple variant `Ok` in this scope\n   --> /Users/graysonnocera/.cargo/registry/src/index.crates.io-6f17d22bba15001f/byteorder-1.5.0/src/io.rs:682:9\n    |\n682 |         Ok(())\n    |         ^^ not found in this scope\n    |\nhelp: consider importing this tuple variant\n    |\n1   + use core::result::Result::Ok;\n    |\n\nerror[E0425]: cannot find function, tuple struct or tuple variant `Ok` in this scope\n   --> /Users/graysonnocera/.cargo/registry/src/index.crates.io-6f17d22bba15001f/byteorder-1.5.0/src/io.rs:753:9\n    |\n753 |         Ok(())\n    |         ^^ not found in this scope\n    |\nhelp: consider importing this tuple variant\n    |\n1   + use core::result::Result::Ok;\n    |\n\nerror[E0425]: cannot find function, tuple struct or tuple variant `Ok` in this scope\n   --> /Users/graysonnocera/.cargo/registry/src/index.crates.io-6f17d22bba15001f/byteorder-1.5.0/src/io.rs:788:9\n    |\n788 |         Ok(())\n    |         ^^ not found in this scope\n    |\nhelp: consider importing this tuple variant\n    |\n1   + use core::result::Result::Ok;\n    |\n\nerror[E0425]: cannot find function, tuple struct or tuple variant `Ok` in this scope\n   --> /Users/graysonnocera/.cargo/registry/src/index.crates.io-6f17d22bba15001f/byteorder-1.5.0/src/io.rs:826:9\n    |\n826 |         Ok(())\n    |         ^^ not found in this scope\n    |\nhelp: consider importing this tuple variant\n    |\n1   + use core::result::Result::Ok;\n    |\n\nerror[E0425]: cannot find function, tuple struct or tuple variant `Ok` in this scope\n   --> /Users/graysonnocera/.cargo/registry/src/index.crates.io-6f17d22bba15001f/byteorder-1.5.0/src/io.rs:867:9\n    |\n867 |         Ok(())\n    |         ^^ not found in this scope\n    |\nhelp: consider importing this tuple variant\n    |\n1   + use core::result::Result::Ok;\n    |\n\nerror[E0425]: cannot find function, tuple struct or tuple variant `Ok` in this scope\n   --> /Users/graysonnocera/.cargo/registry/src/index.crates.io-6f17d22bba15001f/byteorder-1.5.0/src/io.rs:908:9\n    |\n908 |         Ok(())\n    |         ^^ not found in this scope\n    |\nhelp: consider importing this tuple variant\n    |\n1   + use core::result::Result::Ok;\n    |\n\nerror[E0425]: cannot find function, tuple struct or tuple variant `Ok` in this scope\n   --> /Users/graysonnocera/.cargo/registry/src/index.crates.io-6f17d22bba15001f/byteorder-1.5.0/src/io.rs:993:9\n    |\n993 |         Ok(())\n    |         ^^ not found in this scope\n    |\nhelp: consider importing this tuple variant\n    |\n1   + use core::result::Result::Ok;\n    |\n\nerror[E0405]: cannot find trait `Sized` in this scope\n    --> /Users/graysonnocera/.cargo/registry/src/index.crates.io-6f17d22bba15001f/byteorder-1.5.0/src/io.rs:1049:21\n     |\n1049 | impl<R: io::Read + ?Sized> ReadBytesExt for R {}\n     |                     ^^^^^ not found in this scope\n     |\nhelp: consider importing this trait\n     |\n1    + use core::marker::Sized;\n     |\n\nerror[E0405]: cannot find trait `Sized` in this scope\n    --> /Users/graysonnocera/.cargo/registry/src/index.crates.io-6f17d22bba15001f/byteorder-1.5.0/src/io.rs:1579:22\n     |\n1579 | impl<W: io::Write + ?Sized> WriteBytesExt for W {}\n     |                      ^^^^^ not found in this scope\n     |\nhelp: consider importing this trait\n     |\n1    + use core::marker::Sized;\n     |\n\nerror[E0405]: cannot find trait `Copy` in this scope\n    --> /Users/graysonnocera/.cargo/registry/src/index.crates.io-6f17d22bba15001f/byteorder-1.5.0/src/io.rs:1587:30\n     |\n1587 | unsafe fn slice_to_u8_mut<T: Copy>(slice: &mut [T]) -> &mut [u8] {\n     |                              ^^^^ not found in this scope\n     |\nhelp: consider importing this trait\n     |\n1    + use core::marker::Copy;\n     |\n\nerror[E0405]: cannot find trait `Clone` in this scope\n   --> /Users/graysonnocera/.cargo/registry/src/index.crates.io-6f17d22bba15001f/byteorder-1.5.0/src/lib.rs:213:5\n    |\n213 |     Clone\n    |     ^^^^^ not found in this scope\n    |\nhelp: consider importing this trait\n    |\n76  + use core::clone::Clone;\n    |\n\nerror[E0405]: cannot find trait `Copy` in this scope\n   --> /Users/graysonnocera/.cargo/registry/src/index.crates.io-6f17d22bba15001f/byteorder-1.5.0/src/lib.rs:214:7\n    |\n214 |     + Copy\n    |       ^^^^ not found in this scope\n    |\nhelp: consider importing this trait\n    |\n76  + use core::marker::Copy;\n    |\n\nerror[E0405]: cannot find trait `Default` in this scope\n   --> /Users/graysonnocera/.cargo/registry/src/index.crates.io-6f17d22bba15001f/byteorder-1.5.0/src/lib.rs:216:7\n    |\n216 |     + Default\n    |       ^^^^^^^ not found in this scope\n    |\nhelp: consider importing this trait\n    |\n76  + use core::default::Default;\n    |\n\nerror[E0405]: cannot find trait `Eq` in this scope\n   --> /Users/graysonnocera/.cargo/registry/src/index.crates.io-6f17d22bba15001f/byteorder-1.5.0/src/lib.rs:217:7\n    |\n217 |     + Eq\n    |       ^^ not found in this scope\n    |\nhelp: consider importing this trait\n    |\n76  + use core::cmp::Eq;\n    |\n\nerror[E0405]: cannot find trait `Ord` in this scope\n   --> /Users/graysonnocera/.cargo/registry/src/index.crates.io-6f17d22bba15001f/byteorder-1.5.0/src/lib.rs:219:7\n    |\n219 |     + Ord\n    |       ^^^ not found in this scope\n    |\nhelp: consider importing this trait\n    |\n76  + use core::cmp::Ord;\n    |\n\nerror[E0405]: cannot find trait `PartialEq` in this scope\n   --> /Users/graysonnocera/.cargo/registry/src/index.crates.io-6f17d22bba15001f/byteorder-1.5.0/src/lib.rs:220:7\n    |\n220 |     + PartialEq\n    |       ^^^^^^^^^ not found in this scope\n    |\nhelp: consider importing this trait\n    |\n76  + use core::cmp::PartialEq;\n    |\n\nerror[E0405]: cannot find trait `PartialOrd` in this scope\n   --> /Users/graysonnocera/.cargo/registry/src/index.crates.io-6f17d22bba15001f/byteorder-1.5.0/src/lib.rs:221:7\n    |\n221 |     + PartialOrd\n    |       ^^^^^^^^^^ not found in this scope\n    |\nhelp: consider importing this trait\n    |\n76  + use core::cmp::PartialOrd;\n    |\n\nerror[E0405]: cannot find trait `Default` in this scope\n    --> /Users/graysonnocera/.cargo/registry/src/index.crates.io-6f17d22bba15001f/byteorder-1.5.0/src/lib.rs:1815:6\n     |\n1815 | impl Default for BigEndian {\n     |      ^^^^^^^ not found in this scope\n     |\nhelp: consider importing this trait\n     |\n76   + use core::default::Default;\n     |\n\nerror[E0405]: cannot find trait `Default` in this scope\n    --> /Users/graysonnocera/.cargo/registry/src/index.crates.io-6f17d22bba15001f/byteorder-1.5.0/src/lib.rs:1845:6\n     |\n1845 | impl Default for LittleEndian {\n     |      ^^^^^^^ not found in this scope\n     |\nhelp: consider importing this trait\n     |\n76   + use core::default::Default;\n     |\n\nSome errors have detailed explanations: E0405, E0425, E0463.\nerror: could not compile `byteorder` (lib) due to 91 previous errors\nerror[E0412]: cannot find type `Box` in this scope\n  --> /Users/graysonnocera/.cargo/registry/src/index.crates.io-6f17d22bba15001f/futures-0.1.31/src/future/catch_unwind.rs:28:18\n   |\n28 |     type Error = Box<Any + Send>;\n   |                  ^^^ not found in this scope\n\nerror[E0412]: cannot find type `Vec` in this scope\n  --> /Users/graysonnocera/.cargo/registry/src/index.crates.io-6f17d22bba15001f/futures-0.1.31/src/future/join_all.rs:26:12\n   |\n26 |     elems: Vec<ElemState<<I::Item as IntoFuture>::Future>>,\n   |            ^^^ not found in this scope\n\nerror[E0412]: cannot find type `Vec` in this scope\n  --> /Users/graysonnocera/.cargo/registry/src/index.crates.io-6f17d22bba15001f/futures-0.1.31/src/future/join_all.rs:90:17\n   |\n90 |     type Item = Vec<<I::Item as IntoFuture>::Item>;\n   |                 ^^^ not found in this scope\n\nerror[E0412]: cannot find type `Vec` in this scope\n  --> /Users/graysonnocera/.cargo/registry/src/index.crates.io-6f17d22bba15001f/futures-0.1.31/src/future/select_all.rs:16:12\n   |\n16 |     inner: Vec<A>,\n   |            ^^^ not found in this scope\n\nerror[E0412]: cannot find type `Vec` in this scope\n  --> /Users/graysonnocera/.cargo/registry/src/index.crates.io-6f17d22bba15001f/futures-0.1.31/src/future/select_all.rs:48:34\n   |\n48 |     type Item = (A::Item, usize, Vec<A>);\n   |                                  ^^^ not found in this scope\n\nerror[E0412]: cannot find type `Vec` in this scope\n  --> /Users/graysonnocera/.cargo/registry/src/index.crates.io-6f17d22bba15001f/futures-0.1.31/src/future/select_all.rs:49:36\n   |\n49 |     type Error = (A::Error, usize, Vec<A>);\n   |                                    ^^^ not found in this scope\n\nerror[E0412]: cannot find type `Vec` in this scope\n  --> /Users/graysonnocera/.cargo/registry/src/index.crates.io-6f17d22bba15001f/futures-0.1.31/src/future/select_ok.rs:17:12\n   |\n17 |     inner: Vec<A>,\n   |            ^^^ not found in this scope\n\nerror[E0412]: cannot find type `Vec` in this scope\n  --> /Users/graysonnocera/.cargo/registry/src/index.crates.io-6f17d22bba15001f/futures-0.1.31/src/future/select_ok.rs:44:27\n   |\n44 |     type Item = (A::Item, Vec<A>);\n   |                           ^^^ not found in this scope\n\nerror[E0412]: cannot find type `Box` in this scope\n  --> /Users/graysonnocera/.cargo/registry/src/index.crates.io-6f17d22bba15001f/futures-0.1.31/src/stream/catch_unwind.rs:37:18\n   |\n37 |     type Error = Box<Any + Send>;\n   |                  ^^^ not found in this scope\n\nerror[E0412]: cannot find type `Vec` in this scope\n  --> /Users/graysonnocera/.cargo/registry/src/index.crates.io-6f17d22bba15001f/futures-0.1.31/src/stream/chunks.rs:17:12\n   |\n17 |     items: Vec<S::Item>,\n   |            ^^^ not found in this scope\n\nerror[E0412]: cannot find type `Vec` in this scope\n  --> /Users/graysonnocera/.cargo/registry/src/index.crates.io-6f17d22bba15001f/futures-0.1.31/src/stream/chunks.rs:58:27\n   |\n58 |     fn take(&mut self) -> Vec<S::Item> {\n   |                           ^^^ not found in this scope\n\nerror[E0412]: cannot find type `Vec` in this scope\n  --> /Users/graysonnocera/.cargo/registry/src/index.crates.io-6f17d22bba15001f/futures-0.1.31/src/stream/chunks.rs:90:17\n   |\n90 |     type Item = Vec<<S as Stream>::Item>;\n   |                 ^^^ not found in this scope\n\nerror[E0412]: cannot find type `Vec` in this scope\n  --> /Users/graysonnocera/.cargo/registry/src/index.crates.io-6f17d22bba15001f/futures-0.1.31/src/stream/collect.rs:15:12\n   |\n15 |     items: Vec<S::Item>,\n   |            ^^^ not found in this scope\n\nerror[E0412]: cannot find type `Vec` in this scope\n  --> /Users/graysonnocera/.cargo/registry/src/index.crates.io-6f17d22bba15001f/futures-0.1.31/src/stream/collect.rs:28:29\n   |\n28 |     fn finish(&mut self) -> Vec<S::Item> {\n   |                             ^^^ not found in this scope\n\nerror[E0412]: cannot find type `Vec` in this scope\n  --> /Users/graysonnocera/.cargo/registry/src/index.crates.io-6f17d22bba15001f/futures-0.1.31/src/stream/collect.rs:36:17\n   |\n36 |     type Item = Vec<S::Item>;\n   |                 ^^^ not found in this scope\n\nerror[E0412]: cannot find type `Vec` in this scope\n  --> /Users/graysonnocera/.cargo/registry/src/index.crates.io-6f17d22bba15001f/futures-0.1.31/src/stream/collect.rs:39:32\n   |\n39 |     fn poll(&mut self) -> Poll<Vec<S::Item>, S::Error> {\n   |                                ^^^ not found in this scope\n\nerror[E0412]: cannot find type `Box` in this scope\n  --> /Users/graysonnocera/.cargo/registry/src/index.crates.io-6f17d22bba15001f/futures-0.1.31/src/task_impl/std/data.rs:35:37\n   |\n35 | ...                   Box<Opaque>,\n   |                       ^^^ not found in this scope\n\nerror[E0425]: cannot find value `CURRENT_TASK` in this scope\n  --> /Users/graysonnocera/.cargo/registry/src/index.crates.io-6f17d22bba15001f/futures-0.1.31/src/task_impl/std/mod.rs:34:5\n   |\n34 |     CURRENT_TASK.with(|task| !task.get().is_null())\n   |     ^^^^^^^^^^^^ not found in this scope\n\nerror[E0425]: cannot find value `CURRENT_TASK` in this scope\n  --> /Users/graysonnocera/.cargo/registry/src/index.crates.io-6f17d22bba15001f/futures-0.1.31/src/task_impl/std/mod.rs:46:14\n   |\n46 |         Some(CURRENT_TASK.with(|c| c.get()))\n   |              ^^^^^^^^^^^^ not found in this scope\n\nerror[E0425]: cannot find value `CURRENT_TASK` in this scope\n  --> /Users/graysonnocera/.cargo/registry/src/index.crates.io-6f17d22bba15001f/futures-0.1.31/src/task_impl/std/mod.rs:53:5\n   |\n53 |     CURRENT_TASK.with(|c| c as *const _)\n   |     ^^^^^^^^^^^^ not found in this scope\n\nerror[E0412]: cannot find type `Box` in this scope\n   --> /Users/graysonnocera/.cargo/registry/src/index.crates.io-6f17d22bba15001f/futures-0.1.31/src/task_impl/std/mod.rs:119:10\n    |\n119 |     Many(Box<[UnparkEvent]>),\n    |          ^^^ not found in this scope\n\nerror[E0412]: cannot find type `Box` in this scope\n   --> /Users/graysonnocera/.cargo/registry/src/index.crates.io-6f17d22bba15001f/futures-0.1.31/src/task_impl/std/mod.rs:405:18\n    |\n405 |     spawn: Spawn<Box<Future<Item = (), Error = ()> + Send>>,\n    |                  ^^^ not found in this scope\n\nerror[E0425]: cannot find value `CURRENT_THREAD_NOTIFY` in this scope\n   --> /Users/graysonnocera/.cargo/registry/src/index.crates.io-6f17d22bba15001f/futures-0.1.31/src/task_impl/std/mod.rs:486:9\n    |\n486 |         CURRENT_THREAD_NOTIFY.with(|notify| f(notify))\n    |         ^^^^^^^^^^^^^^^^^^^^^ not found in this scope\n\nerror[E0392]: type parameter `T` is never used\n  --> /Users/graysonnocera/.cargo/registry/src/index.crates.io-6f17d22bba15001f/futures-0.1.31/src/stream/channel.rs:33:19\n   |\n33 | pub struct Sender<T, E> {\n   |                   ^ unused type parameter\n34 |     inner: mpsc::Sender<Result<T, E>>,\n   |                                - `T` is named here, but is likely unused in the containing type\n   |\n   = help: consider removing `T`, referring to it in a field, or using a marker such as `PhantomData`\n   = help: if you intended `T` to be a const parameter, use `const T: /* Type */` instead\n\nerror[E0392]: type parameter `E` is never used\n  --> /Users/graysonnocera/.cargo/registry/src/index.crates.io-6f17d22bba15001f/futures-0.1.31/src/stream/channel.rs:33:22\n   |\n33 | pub struct Sender<T, E> {\n   |                      ^ unused type parameter\n34 |     inner: mpsc::Sender<Result<T, E>>,\n   |                                   - `E` is named here, but is likely unused in the containing type\n   |\n   = help: consider removing `E`, referring to it in a field, or using a marker such as `PhantomData`\n   = help: if you intended `E` to be a const parameter, use `const E: /* Type */` instead\n\nerror[E0392]: type parameter `T` is never used\n  --> /Users/graysonnocera/.cargo/registry/src/index.crates.io-6f17d22bba15001f/futures-0.1.31/src/stream/channel.rs:44:21\n   |\n44 | pub struct Receiver<T, E> {\n   |                     ^ unused type parameter\n45 |     inner: mpsc::Receiver<Result<T, E>>,\n   |                                  - `T` is named here, but is likely unused in the containing type\n   |\n   = help: consider removing `T`, referring to it in a field, or using a marker such as `PhantomData`\n   = help: if you intended `T` to be a const parameter, use `const T: /* Type */` instead\n\nerror[E0392]: type parameter `E` is never used\n  --> /Users/graysonnocera/.cargo/registry/src/index.crates.io-6f17d22bba15001f/futures-0.1.31/src/stream/channel.rs:44:24\n   |\n44 | pub struct Receiver<T, E> {\n   |                        ^ unused type parameter\n45 |     inner: mpsc::Receiver<Result<T, E>>,\n   |                                     - `E` is named here, but is likely unused in the containing type\n   |\n   = help: consider removing `E`, referring to it in a field, or using a marker such as `PhantomData`\n   = help: if you intended `E` to be a const parameter, use `const E: /* Type */` instead\n\nerror[E0392]: type parameter `S` is never used\n  --> /Users/graysonnocera/.cargo/registry/src/index.crates.io-6f17d22bba15001f/futures-0.1.31/src/stream/split.rs:10:24\n   |\n10 | pub struct SplitStream<S>(BiLock<S>);\n   |                        ^         - `S` is named here, but is likely unused in the containing type\n   |                        |\n   |                        unused type parameter\n   |\n   = help: consider removing `S`, referring to it in a field, or using a marker such as `PhantomData`\n   = help: if you intended `S` to be a const parameter, use `const S: /* Type */` instead\n\nerror[E0392]: type parameter `S` is never used\n  --> /Users/graysonnocera/.cargo/registry/src/index.crates.io-6f17d22bba15001f/futures-0.1.31/src/stream/split.rs:35:22\n   |\n35 | pub struct SplitSink<S>(BiLock<S>);\n   |                      ^         - `S` is named here, but is likely unused in the containing type\n   |                      |\n   |                      unused type parameter\n   |\n   = help: consider removing `S`, referring to it in a field, or using a marker such as `PhantomData`\n   = help: if you intended `S` to be a const parameter, use `const S: /* Type */` instead\n\nerror[E0392]: type parameter `T` is never used\n  --> /Users/graysonnocera/.cargo/registry/src/index.crates.io-6f17d22bba15001f/futures-0.1.31/src/stream/split.rs:85:25\n   |\n85 | pub struct ReuniteError<T>(pub SplitSink<T>, pub SplitStream<T>);\n   |                         ^                -                   - `T` is named here, but is likely unused in the containing type\n   |                         |                |\n   |                         |                `T` is named here, but is likely unused in the containing type\n   |                         unused type parameter\n   |\n   = help: consider removing `T`, referring to it in a field, or using a marker such as `PhantomData`\n   = help: if you intended `T` to be a const parameter, use `const T: /* Type */` instead\n\nerror[E0392]: type parameter `T` is never used\n   --> /Users/graysonnocera/.cargo/registry/src/index.crates.io-6f17d22bba15001f/futures-0.1.31/src/stream/futures_unordered.rs:110:14\n    |\n110 | enum Dequeue<T> {\n    |              ^ unused type parameter\n111 |     Data(*const Node<T>),\n    |                      - `T` is named here, but is likely unused in the containing type\n    |\n    = help: consider removing `T`, referring to it in a field, or using a marker such as `PhantomData`\n    = help: if you intended `T` to be a const parameter, use `const T: /* Type */` instead\n\nerror[E0392]: type parameter `T` is never used\n   --> /Users/graysonnocera/.cargo/registry/src/index.crates.io-6f17d22bba15001f/futures-0.1.31/src/sync/mpsc/mod.rs:111:28\n    |\n111 | pub struct UnboundedSender<T>(Sender<T>);\n    |                            ^         - `T` is named here, but is likely unused in the containing type\n    |                            |\n    |                            unused type parameter\n    |\n    = help: consider removing `T`, referring to it in a field, or using a marker such as `PhantomData`\n    = help: if you intended `T` to be a const parameter, use `const T: /* Type */` instead\n\nerror[E0392]: type parameter `T` is never used\n   --> /Users/graysonnocera/.cargo/registry/src/index.crates.io-6f17d22bba15001f/futures-0.1.31/src/sync/mpsc/mod.rs:133:30\n    |\n133 | pub struct UnboundedReceiver<T>(Receiver<T>);\n    |                              ^           - `T` is named here, but is likely unused in the containing type\n    |                              |\n    |                              unused type parameter\n    |\n    = help: consider removing `T`, referring to it in a field, or using a marker such as `PhantomData`\n    = help: if you intended `T` to be a const parameter, use `const T: /* Type */` instead\n\nerror[E0392]: type parameter `Item` is never used\n    --> /Users/graysonnocera/.cargo/registry/src/index.crates.io-6f17d22bba15001f/futures-0.1.31/src/sync/mpsc/mod.rs:1017:24\n     |\n1017 | pub struct SpawnHandle<Item, Error> {\n     |                        ^^^^ unused type parameter\n1018 |     rx: Receiver<Result<Item, Error>>,\n     |                         ---- `Item` is named here, but is likely unused in the containing type\n     |\n     = help: consider removing `Item`, referring to it in a field, or using a marker such as `PhantomData`\n     = help: if you intended `Item` to be a const parameter, use `const Item: /* Type */` instead\n\nerror[E0392]: type parameter `Error` is never used\n    --> /Users/graysonnocera/.cargo/registry/src/index.crates.io-6f17d22bba15001f/futures-0.1.31/src/sync/mpsc/mod.rs:1017:30\n     |\n1017 | pub struct SpawnHandle<Item, Error> {\n     |                              ^^^^^ unused type parameter\n1018 |     rx: Receiver<Result<Item, Error>>,\n     |                               ----- `Error` is named here, but is likely unused in the containing type\n     |\n     = help: consider removing `Error`, referring to it in a field, or using a marker such as `PhantomData`\n     = help: if you intended `Error` to be a const parameter, use `const Error: /* Type */` instead\n\nerror[E0392]: type parameter `T` is never used\n   --> /Users/graysonnocera/.cargo/registry/src/index.crates.io-6f17d22bba15001f/futures-0.1.31/src/sync/bilock.rs:184:25\n    |\n184 | pub struct ReuniteError<T>(pub BiLock<T>, pub BiLock<T>);\n    |                         ^             -              - `T` is named here, but is likely unused in the containing type\n    |                         |             |\n    |                         |             `T` is named here, but is likely unused in the containing type\n    |                         unused type parameter\n    |\n    = help: consider removing `T`, referring to it in a field, or using a marker such as `PhantomData`\n    = help: if you intended `T` to be a const parameter, use `const T: /* Type */` instead\n\nerror[E0392]: type parameter `T` is never used\n   --> /Users/graysonnocera/.cargo/registry/src/index.crates.io-6f17d22bba15001f/futures-0.1.31/src/sync/bilock.rs:212:28\n    |\n212 | pub struct BiLockGuard<'a, T: 'a> {\n    |                            ^ unused type parameter\n213 |     inner: &'a BiLock<T>,\n    |                       - `T` is named here, but is likely unused in the containing type\n    |\n    = help: consider removing `T`, referring to it in a field, or using a marker such as `PhantomData`\n\nerror[E0392]: type parameter `T` is never used\n   --> /Users/graysonnocera/.cargo/registry/src/index.crates.io-6f17d22bba15001f/futures-0.1.31/src/sync/bilock.rs:238:26\n    |\n238 | pub struct BiLockAcquire<T> {\n    |                          ^ unused type parameter\n239 |     inner: Option<BiLock<T>>,\n    |                          - `T` is named here, but is likely unused in the containing type\n    |\n    = help: consider removing `T`, referring to it in a field, or using a marker such as `PhantomData`\n    = help: if you intended `T` to be a const parameter, use `const T: /* Type */` instead\n\nerror[E0392]: type parameter `T` is never used\n   --> /Users/graysonnocera/.cargo/registry/src/index.crates.io-6f17d22bba15001f/futures-0.1.31/src/sync/bilock.rs:264:27\n    |\n264 | pub struct BiLockAcquired<T> {\n    |                           ^ unused type parameter\n265 |     inner: Option<BiLock<T>>,\n    |                          - `T` is named here, but is likely unused in the containing type\n    |\n    = help: consider removing `T`, referring to it in a field, or using a marker such as `PhantomData`\n    = help: if you intended `T` to be a const parameter, use `const T: /* Type */` instead\n\nerror[E0392]: type parameter `T` is never used\n   --> /Users/graysonnocera/.cargo/registry/src/index.crates.io-6f17d22bba15001f/futures-0.1.31/src/unsync/mpsc.rs:130:21\n    |\n130 | pub struct Receiver<T> {\n    |                     ^ unused type parameter\n131 |     state: State<T>,\n    |                  - `T` is named here, but is likely unused in the containing type\n    |\n    = help: consider removing `T`, referring to it in a field, or using a marker such as `PhantomData`\n    = help: if you intended `T` to be a const parameter, use `const T: /* Type */` instead\n\nerror[E0392]: type parameter `T` is never used\n   --> /Users/graysonnocera/.cargo/registry/src/index.crates.io-6f17d22bba15001f/futures-0.1.31/src/unsync/mpsc.rs:206:28\n    |\n206 | pub struct UnboundedSender<T>(Sender<T>);\n    |                            ^         - `T` is named here, but is likely unused in the containing type\n    |                            |\n    |                            unused type parameter\n    |\n    = help: consider removing `T`, referring to it in a field, or using a marker such as `PhantomData`\n    = help: if you intended `T` to be a const parameter, use `const T: /* Type */` instead\n\nerror[E0392]: type parameter `T` is never used\n   --> /Users/graysonnocera/.cargo/registry/src/index.crates.io-6f17d22bba15001f/futures-0.1.31/src/unsync/mpsc.rs:282:30\n    |\n282 | pub struct UnboundedReceiver<T>(Receiver<T>);\n    |                              ^           - `T` is named here, but is likely unused in the containing type\n    |                              |\n    |                              unused type parameter\n    |\n    = help: consider removing `T`, referring to it in a field, or using a marker such as `PhantomData`\n    = help: if you intended `T` to be a const parameter, use `const T: /* Type */` instead\n\nerror[E0392]: type parameter `Item` is never used\n   --> /Users/graysonnocera/.cargo/registry/src/index.crates.io-6f17d22bba15001f/futures-0.1.31/src/unsync/mpsc.rs:351:24\n    |\n351 | pub struct SpawnHandle<Item, Error> {\n    |                        ^^^^ unused type parameter\n352 |     inner: Receiver<Result<Item, Error>>,\n    |                            ---- `Item` is named here, but is likely unused in the containing type\n    |\n    = help: consider removing `Item`, referring to it in a field, or using a marker such as `PhantomData`\n    = help: if you intended `Item` to be a const parameter, use `const Item: /* Type */` instead\n\nerror[E0392]: type parameter `Error` is never used\n   --> /Users/graysonnocera/.cargo/registry/src/index.crates.io-6f17d22bba15001f/futures-0.1.31/src/unsync/mpsc.rs:351:30\n    |\n351 | pub struct SpawnHandle<Item, Error> {\n    |                              ^^^^^ unused type parameter\n352 |     inner: Receiver<Result<Item, Error>>,\n    |                                  ----- `Error` is named here, but is likely unused in the containing type\n    |\n    = help: consider removing `Error`, referring to it in a field, or using a marker such as `PhantomData`\n    = help: if you intended `Error` to be a const parameter, use `const Error: /* Type */` instead\n\nerror[E0433]: failed to resolve: use of undeclared type `Vec`\n   --> /Users/graysonnocera/.cargo/registry/src/index.crates.io-6f17d22bba15001f/futures-0.1.31/src/future/join_all.rs:117:34\n    |\n117 |                     self.elems = Vec::new();\n    |                                  ^^^ use of undeclared type `Vec`\n\nerror[E0433]: failed to resolve: use of undeclared type `Vec`\n   --> /Users/graysonnocera/.cargo/registry/src/index.crates.io-6f17d22bba15001f/futures-0.1.31/src/future/join_all.rs:124:55\n    |\n124 |             let elems = mem::replace(&mut self.elems, Vec::new());\n    |                                                       ^^^ use of undeclared type `Vec`\n\nerror[E0433]: failed to resolve: use of undeclared type `Vec`\n  --> /Users/graysonnocera/.cargo/registry/src/index.crates.io-6f17d22bba15001f/futures-0.1.31/src/future/select_all.rs:62:58\n   |\n62 |                 let rest = mem::replace(&mut self.inner, Vec::new());\n   |                                                          ^^^ use of undeclared type `Vec`\n\nerror[E0433]: failed to resolve: use of undeclared type `Vec`\n  --> /Users/graysonnocera/.cargo/registry/src/index.crates.io-6f17d22bba15001f/futures-0.1.31/src/future/select_ok.rs:64:70\n   |\n64 | ...                   let rest = mem::replace(&mut self.inner, Vec::new());\n   |                                                                ^^^ use of undeclared type `Vec`\n\nerror[E0433]: failed to resolve: use of undeclared type `Vec`\n  --> /Users/graysonnocera/.cargo/registry/src/index.crates.io-6f17d22bba15001f/futures-0.1.31/src/stream/chunks.rs:29:16\n   |\n29 |         items: Vec::with_capacity(capacity),\n   |                ^^^ use of undeclared type `Vec`\n\nerror[E0433]: failed to resolve: use of undeclared type `Vec`\n  --> /Users/graysonnocera/.cargo/registry/src/index.crates.io-6f17d22bba15001f/futures-0.1.31/src/stream/chunks.rs:60:39\n   |\n60 |         mem::replace(&mut self.items, Vec::with_capacity(cap))\n   |                                       ^^^ use of undeclared type `Vec`\n\nerror[E0433]: failed to resolve: use of undeclared type `Vec`\n   --> /Users/graysonnocera/.cargo/registry/src/index.crates.io-6f17d22bba15001f/futures-0.1.31/src/stream/chunks.rs:116:70\n    |\n116 |                         let full_buf = mem::replace(&mut self.items, Vec::new());\n    |                                                                      ^^^ use of undeclared type `Vec`\n\nerror[E0433]: failed to resolve: use of undeclared type `Vec`\n  --> /Users/graysonnocera/.cargo/registry/src/index.crates.io-6f17d22bba15001f/futures-0.1.31/src/stream/collect.rs:23:16\n   |\n23 |         items: Vec::new(),\n   |                ^^^ use of undeclared type `Vec`\n\nerror[E0433]: failed to resolve: use of undeclared type `Vec`\n  --> /Users/graysonnocera/.cargo/registry/src/index.crates.io-6f17d22bba15001f/futures-0.1.31/src/stream/collect.rs:29:39\n   |\n29 |         mem::replace(&mut self.items, Vec::new())\n   |                                       ^^^ use of undeclared type `Vec`\n\nerror[E0433]: failed to resolve: use of undeclared type `Box`\n   --> /Users/graysonnocera/.cargo/registry/src/index.crates.io-6f17d22bba15001f/futures-0.1.31/src/task_impl/std/data.rs:122:21\n    |\n122 |                     Box::new((self.__init)())\n    |                     ^^^ use of undeclared type `Box`\n\nerror[E0433]: failed to resolve: use of undeclared type `Vec`\n   --> /Users/graysonnocera/.cargo/registry/src/index.crates.io-6f17d22bba15001f/futures-0.1.31/src/task_impl/std/mod.rs:146:24\n    |\n146 |         let mut list = Vec::new();\n    |                        ^^^ use of undeclared type `Vec`\n\nerror[E0433]: failed to resolve: use of undeclared type `Box`\n   --> /Users/graysonnocera/.cargo/registry/src/index.crates.io-6f17d22bba15001f/futures-0.1.31/src/task_impl/std/mod.rs:259:26\n    |\n259 |             spawn: spawn(Box::new(self.into_inner())),\n    |                          ^^^ use of undeclared type `Box`\n\nerror[E0433]: failed to resolve: use of undeclared type `Box`\n  --> /Users/graysonnocera/.cargo/registry/src/index.crates.io-6f17d22bba15001f/futures-0.1.31/src/sync/mpsc/queue.rs:84:9\n   |\n84 |         Box::into_raw(Box::new(Node {\n   |         ^^^ use of undeclared type `Box`\n\nerror[E0433]: failed to resolve: use of undeclared type `Box`\n  --> /Users/graysonnocera/.cargo/registry/src/index.crates.io-6f17d22bba15001f/futures-0.1.31/src/sync/mpsc/queue.rs:84:23\n   |\n84 |         Box::into_raw(Box::new(Node {\n   |                       ^^^ use of undeclared type `Box`\n\nerror[E0433]: failed to resolve: use of undeclared type `Box`\n   --> /Users/graysonnocera/.cargo/registry/src/index.crates.io-6f17d22bba15001f/futures-0.1.31/src/sync/mpsc/queue.rs:132:18\n    |\n132 |             drop(Box::from_raw(tail));\n    |                  ^^^ use of undeclared type `Box`\n\nerror[E0433]: failed to resolve: use of undeclared type `Box`\n   --> /Users/graysonnocera/.cargo/registry/src/index.crates.io-6f17d22bba15001f/futures-0.1.31/src/sync/mpsc/queue.rs:146:22\n    |\n146 |                 drop(Box::from_raw(cur));\n    |                      ^^^ use of undeclared type `Box`\n\nSome errors have detailed explanations: E0392, E0412, E0425, E0432, E0433, E0463.\nFor more information about an error, try `rustc --explain E0392`.\nerror: could not compile `futures` (lib) due to 64 previous errors\n",
      "stdout": ""
    },
    "features": [
      "std"
    ],
    "project": "../../../Downloads/695-Project/dataset/nostd-failed-crates/crates/ockam_transport_websocket-0.97.0/src",
    "time_to_build": 2973,
    "time_to_solve": 48
  }
]