[
  {
    "built_with_features": null,
    "command": {
      "args": [
        "build",
        "--target",
        "thumbv7m-none-eabi",
        "--no-default-features"
      ],
      "code": 101,
      "stderr": "warning: `default_features` is deprecated in favor of `default-features` and will not work in the 2024 edition\n(in the `tracing` dependency)\n   Compiling serde v1.0.136\n   Compiling rand_core v0.6.3\n   Compiling futures-util v0.3.19\n   Compiling syn v1.0.86\n   Compiling async-trait v0.1.52\n   Compiling ahash v0.7.6\n   Compiling pin-utils v0.1.0\n   Compiling futures-sink v0.3.19\n   Compiling tracing-core v0.1.21\n   Compiling heapless v0.7.10\n   Compiling subtle v2.4.1\n   Compiling byteorder v1.4.3\n   Compiling rand v0.8.4\n   Compiling block-buffer v0.9.0\n   Compiling ff v0.10.1\n   Compiling hash32 v0.2.1\n   Compiling digest v0.9.0\n   Compiling opaque-debug v0.3.0\n   Compiling tracing v0.1.29\n   Compiling stable_deref_trait v1.2.0\n   Compiling sha2 v0.9.9\n   Compiling group v0.10.0\n   Compiling synstructure v0.12.6\n   Compiling serde_derive v1.0.136\n   Compiling zeroize_derive v1.3.1\n   Compiling futures-macro v0.3.19\n   Compiling ockam_macros v0.6.0\n   Compiling zeroize v1.5.2\n   Compiling serde_bare v0.5.0\n   Compiling hashbrown v0.11.2\n   Compiling serde-big-array v0.3.2\nerror: compiling without one of either `std` or `alloc` features enabled is not supported yet\n  --> /Users/graysonnocera/.cargo/registry/src/index.crates.io-6f17d22bba15001f/serde_bare-0.5.0/src/lib.rs:93:1\n   |\n93 | compile_error!(\"compiling without one of either `std` or `alloc` features enabled is not supported yet\");\n   | ^^^^^^^^^^^^^^^^^^^^^^^^^^^^^^^^^^^^^^^^^^^^^^^^^^^^^^^^^^^^^^^^^^^^^^^^^^^^^^^^^^^^^^^^^^^^^^^^^^^^^^^^\n\nerror[E0433]: failed to resolve: use of undeclared crate or module `std`\n --> /Users/graysonnocera/.cargo/registry/src/index.crates.io-6f17d22bba15001f/serde_bare-0.5.0/src/de.rs:4:5\n  |\n4 | use std::{string::String, vec::Vec};\n  |     ^^^ use of undeclared crate or module `std`\n\nerror[E0433]: failed to resolve: use of undeclared crate or module `std`\n --> /Users/graysonnocera/.cargo/registry/src/index.crates.io-6f17d22bba15001f/serde_bare-0.5.0/src/error.rs:3:5\n  |\n3 | use std::boxed::Box;\n  |     ^^^ use of undeclared crate or module `std`\n\nerror[E0433]: failed to resolve: use of undeclared crate or module `std`\n --> /Users/graysonnocera/.cargo/registry/src/index.crates.io-6f17d22bba15001f/serde_bare-0.5.0/src/ser.rs:3:5\n  |\n3 | use std::vec::Vec;\n  |     ^^^ use of undeclared crate or module `std`\n\nerror[E0432]: unresolved import `std`\n   --> /Users/graysonnocera/.cargo/registry/src/index.crates.io-6f17d22bba15001f/serde_bare-0.5.0/src/lib.rs:154:13\n    |\n154 |         use std::fmt;\n    |             ^^^ use of undeclared crate or module `std`\n\nerror[E0433]: failed to resolve: use of undeclared crate or module `std`\n  --> /Users/graysonnocera/.cargo/registry/src/index.crates.io-6f17d22bba15001f/serde_bare-0.5.0/src/error.rs:66:48\n   |\n66 |             inner: Box::new(ErrorImpl::Message(std::string::ToString::to_string(&msg))),\n   |                                                ^^^ use of undeclared crate or module `std`\n\nerror[E0433]: failed to resolve: use of undeclared crate or module `std`\n  --> /Users/graysonnocera/.cargo/registry/src/index.crates.io-6f17d22bba15001f/serde_bare-0.5.0/src/error.rs:74:48\n   |\n74 |             inner: Box::new(ErrorImpl::Message(std::string::ToString::to_string(&msg))),\n   |                                                ^^^ use of undeclared crate or module `std`\n\nerror[E0433]: failed to resolve: use of undeclared crate or module `std`\n   --> /Users/graysonnocera/.cargo/registry/src/index.crates.io-6f17d22bba15001f/serde_bare-0.5.0/src/error.rs:142:13\n    |\n142 |     Message(std::string::String),\n    |             ^^^ use of undeclared crate or module `std`\n\nerror[E0046]: not all trait items implemented, missing: `collect_str`\n  --> /Users/graysonnocera/.cargo/registry/src/index.crates.io-6f17d22bba15001f/serde_bare-0.5.0/src/ser.rs:25:1\n   |\n25 | / impl<'a, W> ser::Serializer for &'a mut Serializer<W>\n26 | | where\n27 | |     W: Write,\n   | |_____________^ missing `collect_str` in implementation\n   |\n   = help: implement the missing item: `fn collect_str<T>(self, _: &T) -> core::result::Result<<Self as serde::Serializer>::Ok, <Self as serde::Serializer>::Error> where T: Display { todo!() }`\n\nerror[E0599]: no method named `visit_string` found for type parameter `V` in the current scope\n   --> /Users/graysonnocera/.cargo/registry/src/index.crates.io-6f17d22bba15001f/serde_bare-0.5.0/src/de.rs:205:17\n    |\n197 |     fn deserialize_string<V>(self, visitor: V) -> Result<V::Value, Self::Error>\n    |                           - method `visit_string` not found for this type parameter\n...\n205 |         visitor.visit_string(utf8)\n    |                 ^^^^^^^^^^^^\n    |\nhelp: there is a method `visit_str` with a similar name\n    |\n205 |         visitor.visit_str(utf8)\n    |                 ~~~~~~~~~\n\nerror[E0599]: no method named `visit_byte_buf` found for type parameter `V` in the current scope\n   --> /Users/graysonnocera/.cargo/registry/src/index.crates.io-6f17d22bba15001f/serde_bare-0.5.0/src/de.rs:227:17\n    |\n220 |     fn deserialize_byte_buf<V>(self, visitor: V) -> Result<V::Value, Self::Error>\n    |                             - method `visit_byte_buf` not found for this type parameter\n...\n227 |         visitor.visit_byte_buf(buf)\n    |                 ^^^^^^^^^^^^^^\n    |\nhelp: there is a method `visit_bytes` with a similar name\n    |\n227 |         visitor.visit_bytes(buf)\n    |                 ~~~~~~~~~~~\n\nSome errors have detailed explanations: E0046, E0432, E0433, E0599.\nFor more information about an error, try `rustc --explain E0046`.\nerror: could not compile `serde_bare` (lib) due to 11 previous errors\nwarning: build failed, waiting for other jobs to finish...\n",
      "stdout": ""
    },
    "features": [
      "std"
    ],
    "project": "../../../Downloads/695-Project/dataset/nostd-failed-crates/crates/ockam_entity-0.35.0/src",
    "time_to_build": 5036,
    "time_to_solve": 268
  }
]