[
  {
    "built_with_features": null,
    "command": {
      "args": [
        "build",
        "--target",
        "thumbv7m-none-eabi",
        "--no-default-features"
      ],
      "code": 101,
      "stderr": "   Compiling arrayvec v0.7.6\n   Compiling subtle v2.4.1\n   Compiling serde v1.0.215\n   Compiling byte-slice-cast v1.2.2\n   Compiling bytes v1.9.0\n   Compiling crunchy v0.2.2\n   Compiling libc v0.2.168\n   Compiling syn v2.0.90\n   Compiling syn v1.0.109\n   Compiling memchr v2.7.4\n   Compiling once_cell v1.20.2\n   Compiling regex-syntax v0.8.5\n   Compiling byteorder v1.5.0\n   Compiling lazy_static v1.5.0\n   Compiling sp-std v12.0.0\n   Compiling static_assertions v1.1.0\n   Compiling winnow v0.5.40\n   Compiling cfg-if v1.0.0\n   Compiling generic-array v0.14.7\n   Compiling typenum v1.17.0\n   Compiling aho-corasick v1.1.3\n   Compiling generic-array v0.12.4\n   Compiling ref-cast v1.0.23\n   Compiling serde_json v1.0.133\n   Compiling itoa v1.0.14\n   Compiling byte-tools v0.3.1\n   Compiling keccak v0.1.5\n   Compiling ryu v1.0.18\n   Compiling getrandom v0.2.15\n   Compiling block-padding v0.1.5\n   Compiling digest v0.8.1\n   Compiling tracing-core v0.1.33\n   Compiling hex v0.4.3\n   Compiling arrayref v0.3.9\n   Compiling rand_core v0.5.1\n   Compiling unicode-xid v0.2.6\n   Compiling pin-project-lite v0.2.15\n   Compiling uint v0.9.5\n   Compiling block-buffer v0.7.3\n   Compiling crypto-common v0.1.6\n   Compiling block-buffer v0.10.4\n   Compiling fixed-hash v0.8.0\n   Compiling constant_time_eq v0.3.1\n   Compiling tracing v0.1.41\n   Compiling fake-simd v0.1.2\n   Compiling rustversion v1.0.18\n   Compiling paste v1.0.15\n   Compiling opaque-debug v0.2.3\n   Compiling environmental v1.1.4\n   Compiling sha2 v0.8.2\n   Compiling digest v0.10.7\n   Compiling blake2b_simd v1.0.2\n   Compiling num-traits v0.2.19\n   Compiling regex-automata v0.4.9\n   Compiling arrayvec v0.5.2\n   Compiling log v0.4.22\n   Compiling hash256-std-hasher v0.15.2\n   Compiling bs58 v0.5.1\n   Compiling bitflags v1.3.2\n   Compiling array-bytes v6.2.3\n   Compiling hash-db v0.16.0\n   Compiling rand_core v0.6.4\n   Compiling cpufeatures v0.2.16\n   Compiling tiny-keccak v2.0.2\n   Compiling sp-io v27.0.0\n   Compiling smallvec v1.13.2\n   Compiling prettyplease v0.2.25\n   Compiling fs-err v2.11.0\n   Compiling integer-sqrt v0.1.5\n   Compiling either v1.13.0\n   Compiling sha3 v0.10.8\n   Compiling const-random-macro v0.1.16\n   Compiling sha2 v0.10.8\n   Compiling expander v2.2.1\n   Compiling blake2 v0.10.6\n   Compiling file-guard v0.2.0\n   Compiling const-random v0.1.18\n   Compiling ff v0.13.0\n   Compiling proc-macro-error-attr v1.0.4\n   Compiling base16ct v0.2.0\n   Compiling group v0.13.0\n   Compiling proc-macro-error v1.0.4\n   Compiling same-file v1.0.6\n   Compiling itertools v0.10.5\n   Compiling walkdir v2.5.0\n   Compiling include_dir_macros v0.7.4\n   Compiling regex v1.11.1\n   Compiling Inflector v0.11.4\n   Compiling termcolor v1.4.1\n   Compiling common-path v1.0.0\n   Compiling include_dir v0.7.4\n   Compiling proc-macro-warning v1.0.2\n   Compiling tt-call v1.0.9\n   Compiling cfg-expr v0.15.8\n   Compiling substrate-typenum v1.16.0\n   Compiling substrate-fixed v0.5.9\n   Compiling crc-catalog v1.1.1\n   Compiling derive-syn-parse v0.1.5\n   Compiling crc v2.1.0\n   Compiling bs58 v0.4.0\n   Compiling aquamarine v0.3.3\n   Compiling serde_derive v1.0.215\n   Compiling zeroize_derive v1.4.2\n   Compiling impl-trait-for-tuples v0.2.3\n   Compiling derive_more-impl v1.0.0\n   Compiling ref-cast-impl v1.0.23\n   Compiling sp-debug-derive v12.0.0\n   Compiling zerocopy-derive v0.7.35\n   Compiling derive-syn-parse v0.2.0\n   Compiling macro_magic_core_macros v0.5.1\n   Compiling frame-support-procedural-tools-derive v10.0.0\n   Compiling zeroize v1.8.1\n   Compiling macro_magic_core v0.5.1\n   Compiling curve25519-dalek v2.1.3\n   Compiling merlin v2.0.1\n   Compiling secrecy v0.8.0\n   Compiling zerocopy v0.7.35\n   Compiling der v0.7.9\n   Compiling derive_more v1.0.0\n   Compiling schnorrkel v0.9.1\n   Compiling crypto-bigint v0.5.5\n   Compiling twox-hash v1.6.3\n   Compiling hmac v0.12.1\n   Compiling macro_magic_macros v0.5.1\n   Compiling sp-core-hashing v13.0.0\n   Compiling sec1 v0.7.3\n   Compiling rfc6979 v0.4.0\n   Compiling signature v2.2.0\n   Compiling ppv-lite86 v0.2.20\n   Compiling macro_magic v0.5.1\n   Compiling rand_chacha v0.3.1\n   Compiling rand v0.8.5\n   Compiling elliptic-curve v0.13.8\n   Compiling ecdsa v0.16.9\n   Compiling k256 v0.13.4\n   Compiling sp-core-hashing-proc-macro v13.0.0\n   Compiling impl-serde v0.4.0\n   Compiling toml_datetime v0.6.8\n   Compiling serde_spanned v0.6.8\n   Compiling toml_edit v0.22.22\n   Compiling toml_edit v0.19.15\n   Compiling ss58-registry v1.51.0\n   Compiling proc-macro-crate v1.3.1\n   Compiling frame-support-procedural-tools v9.0.0\n   Compiling proc-macro-crate v3.2.0\n   Compiling toml v0.8.19\n   Compiling sp-runtime-interface-proc-macro v15.0.0\n   Compiling sp-api-proc-macro v12.0.0\n   Compiling frame-support-procedural v20.0.0\n   Compiling parity-scale-codec-derive v3.6.12\n   Compiling scale-info-derive v2.11.6\n   Compiling docify_macros v0.2.9\n   Compiling docify v0.2.9\n   Compiling parity-scale-codec v3.6.12\n   Compiling sp-version-proc-macro v12.0.0\n   Compiling scale-info v2.11.6\n   Compiling impl-codec v0.6.0\n   Compiling sp-storage v17.0.0\n   Compiling sp-wasm-interface v18.0.0\n   Compiling sp-tracing v14.0.0\n   Compiling sp-externalities v0.23.0\n   Compiling primitive-types v0.12.2\n   Compiling bounded-collections v0.1.9\n   Compiling sp-arithmetic v20.0.0\n   Compiling frame-metadata v16.0.0\n   Compiling sp-inherents v23.0.0\n   Compiling sp-metadata-ir v0.4.0\n   Compiling sp-runtime-interface v21.0.0\n   Compiling sp-core v25.0.0\n   Compiling sp-weights v24.0.0\nerror[E0433]: failed to resolve: could not find `wasm32` in `arch`\n    --> /Users/graysonnocera/.cargo/registry/src/index.crates.io-6f17d22bba15001f/sp-io-27.0.0/src/lib.rs:1777:15\n     |\n1777 |         core::arch::wasm32::unreachable();\n     |                     ^^^^^^ could not find `wasm32` in `arch`\n\nerror[E0308]: mismatched types\n    --> /Users/graysonnocera/.cargo/registry/src/index.crates.io-6f17d22bba15001f/sp-io-27.0.0/src/lib.rs:1775:2\n     |\n1775 | /     {\n1776 | |         logging::log(LogLevel::Error, \"runtime\", message.as_bytes());\n1777 | |         core::arch::wasm32::unreachable();\n1778 | |     }\n     | |_____^ expected `!`, found `()`\n     |\n     = note:   expected type `!`\n             found unit type `()`\n\nSome errors have detailed explanations: E0308, E0433.\nFor more information about an error, try `rustc --explain E0308`.\nerror: could not compile `sp-io` (lib) due to 2 previous errors\nwarning: build failed, waiting for other jobs to finish...\n",
      "stdout": ""
    },
    "features": [
      "std"
    ],
    "project": "../../../Downloads/695-Project/dataset/nostd-failed-crates/crates/pallet-encointer-reputation-commitments-3.0.2/src",
    "time_to_build": 17450,
    "time_to_solve": 33
  }
]