[
  {
    "built_with_features": null,
    "command": {
      "args": [
        "build",
        "--target",
        "thumbv7m-none-eabi",
        "--no-default-features"
      ],
      "code": 101,
      "stderr": "   Compiling syn v2.0.39\n   Compiling chrono v0.4.31\n   Compiling bytemuck_derive v1.5.0\n   Compiling num-derive v0.4.1\n   Compiling bytemuck v1.14.0\n   Compiling pe-parser v0.5.1 (/Users/graysonnocera/Downloads/695-Project/dataset/nostd-failed-crates/crates/pe-parser-0.5.1)\nerror[E0463]: can't find crate for `std`\n  |\n  = note: the `thumbv7m-none-eabi` target may not support the standard library\n  = note: `std` is required by `pe_parser` because it does not declare `#![no_std]`\n\nerror[E0463]: can't find crate for `std`\n --> src/main.rs:2:5\n  |\n2 | use std::fs;\n  |     ^^^ can't find crate\n  |\n  = note: the `thumbv7m-none-eabi` target may not support the standard library\n\nerror[E0432]: unresolved import `clap`\n --> src/main.rs:4:5\n  |\n4 | use clap::{Arg, command, ArgAction};\n  |     ^^^^ use of undeclared crate or module `clap`\n\nerror: cannot find macro `println` in this scope\n  --> src/main.rs:35:9\n   |\n35 |         println!(\"PE Parser - Version {}\", VERSION);\n   |         ^^^^^^^\n\nerror: cannot find macro `println` in this scope\n  --> src/main.rs:36:9\n   |\n36 |         println!(\"=========================\\n\");\n   |         ^^^^^^^\n\nerror: cannot find macro `print` in this scope\n  --> src/main.rs:45:13\n   |\n45 |             print!(\"{}\", pe);\n   |             ^^^^^\n\nerror: cannot find macro `println` in this scope\n  --> src/main.rs:48:17\n   |\n48 |                 println!(\"{}\", pe.coff);\n   |                 ^^^^^^^\n\nerror: cannot find macro `println` in this scope\n  --> src/main.rs:53:21\n   |\n53 |                     println!(\"{}\", optional);\n   |                     ^^^^^^^\n\nerror: cannot find macro `println` in this scope\n  --> src/main.rs:57:21\n   |\n57 |                     println!(\"{}\", optional);\n   |                     ^^^^^^^\n\nerror: cannot find macro `println` in this scope\n  --> src/main.rs:63:21\n   |\n63 |                     println!(\"{}\", section);\n   |                     ^^^^^^^\n\nerror: cannot find macro `println` in this scope\n  --> src/main.rs:68:9\n   |\n68 |         println!(\"No PE file passed to parse!\");\n   |         ^^^^^^^\n\nerror[E0463]: can't find crate for `std`\n --> src/main.rs:6:33\n  |\n6 | fn main() -> Result<(), Box<dyn std::error::Error>> {\n  |                                 ^^^ can't find crate\n  |\n  = note: the `thumbv7m-none-eabi` target may not support the standard library\n\nerror[E0412]: cannot find type `Result` in this scope\n --> src/main.rs:6:14\n  |\n6 | fn main() -> Result<(), Box<dyn std::error::Error>> {\n  |              ^^^^^^ not found in this scope\n  |\nhelp: consider importing one of these items\n  |\n1 + use core::fmt::Result;\n  |\n1 + use core::result::Result;\n  |\n\nerror[E0412]: cannot find type `Box` in this scope\n --> src/main.rs:6:25\n  |\n6 | fn main() -> Result<(), Box<dyn std::error::Error>> {\n  |                         ^^^ not found in this scope\n\nerror[E0412]: cannot find type `String` in this scope\n  --> src/main.rs:33:43\n   |\n33 |     if let Some(file) = matches.get_one::<String>(\"file\") {\n   |                                           ^^^^^^ not found in this scope\n\nerror[E0531]: cannot find tuple struct or tuple variant `Some` in this scope\n  --> src/main.rs:33:12\n   |\n33 |     if let Some(file) = matches.get_one::<String>(\"file\") {\n   |            ^^^^ not found in this scope\n   |\nhelp: consider importing this tuple variant\n   |\n1  + use core::option::Option::Some;\n   |\n\nerror[E0531]: cannot find tuple struct or tuple variant `Some` in this scope\n  --> src/main.rs:52:24\n   |\n52 |                 if let Some(optional) = pe.optional_header_32 {\n   |                        ^^^^ not found in this scope\n   |\nhelp: consider importing this tuple variant\n   |\n1  + use core::option::Option::Some;\n   |\n\nerror[E0531]: cannot find tuple struct or tuple variant `Some` in this scope\n  --> src/main.rs:56:24\n   |\n56 |                 if let Some(optional) = pe.optional_header_64 {\n   |                        ^^^^ not found in this scope\n   |\nhelp: consider importing this tuple variant\n   |\n1  + use core::option::Option::Some;\n   |\n\nerror[E0425]: cannot find function, tuple struct or tuple variant `Ok` in this scope\n  --> src/main.rs:71:5\n   |\n71 |     Ok(())\n   |     ^^ not found in this scope\n   |\nhelp: consider importing this tuple variant\n   |\n1  + use core::result::Result::Ok;\n   |\n\nerror: no global memory allocator found but one is required; link to std or add `#[global_allocator]` to a static item that implements the GlobalAlloc trait\n\nerror: `#[panic_handler]` function required, but not found\n\nSome errors have detailed explanations: E0412, E0425, E0432, E0463, E0531.\nFor more information about an error, try `rustc --explain E0412`.\nerror: could not compile `pe-parser` (bin \"pe-parser\") due to 21 previous errors\n",
      "stdout": ""
    },
    "features": [
      "std"
    ],
    "project": "../../../Downloads/695-Project/dataset/nostd-failed-crates/crates/pe-parser-0.5.1/src",
    "time_to_build": 2342,
    "time_to_solve": 54
  }
]