[
  {
    "built_with_features": null,
    "command": {
      "args": [
        "build",
        "--target",
        "thumbv7m-none-eabi",
        "--no-default-features"
      ],
      "code": 101,
      "stderr": "   Compiling nudge v0.2.2\nerror[E0463]: can't find crate for `std`\n  |\n  = note: the `thumbv7m-none-eabi` target may not support the standard library\n  = note: `std` is required by `nudge` because it does not declare `#![no_std]`\n\nerror[E0463]: can't find crate for `std`\n  --> /Users/graysonnocera/.cargo/registry/src/index.crates.io-6f17d22bba15001f/nudge-0.2.2/src/lib.rs:63:13\n   |\n63 |             std::process::abort()\n   |             ^^^ can't find crate\n   |\n   = note: the `thumbv7m-none-eabi` target may not support the standard library\n\nerror[E0405]: cannot find trait `FnOnce` in this scope\n  --> /Users/graysonnocera/.cargo/registry/src/index.crates.io-6f17d22bba15001f/nudge-0.2.2/src/lib.rs:76:48\n   |\n76 |     pub unsafe extern \"C\" fn assume_nopanic<F: FnOnce() -> T, T>(f: F) -> T {\n   |                                                ^^^^^^ not found in this scope\n   |\nhelp: consider importing this trait\n   |\n55 +     use core::ops::FnOnce;\n   |\n\nerror[E0405]: cannot find trait `Drop` in this scope\n  --> /Users/graysonnocera/.cargo/registry/src/index.crates.io-6f17d22bba15001f/nudge-0.2.2/src/lib.rs:78:14\n   |\n78 |         impl Drop for NoPanic {\n   |              ^^^^ not found in this scope\n   |\nhelp: consider importing this trait\n   |\n55 +     use core::ops::Drop;\n   |\n\nerror[E0405]: cannot find trait `FnOnce` in this scope\n   --> /Users/graysonnocera/.cargo/registry/src/index.crates.io-6f17d22bba15001f/nudge-0.2.2/src/lib.rs:139:33\n    |\n139 | pub unsafe fn assume_nopanic<F: FnOnce() -> T, T>(f: F) -> T {\n    |                                 ^^^^^^ not found in this scope\n    |\nhelp: consider importing this trait\n    |\n6   + use core::ops::FnOnce;\n    |\n\nSome errors have detailed explanations: E0405, E0463.\nFor more information about an error, try `rustc --explain E0405`.\nerror: could not compile `nudge` (lib) due to 5 previous errors\n",
      "stdout": ""
    },
    "features": [
      "std"
    ],
    "project": "../../../Downloads/695-Project/dataset/nostd-failed-crates/crates/phoenix-tls-0.1.0/src",
    "time_to_build": 131,
    "time_to_solve": 20
  }
]