[
  {
    "built_with_features": null,
    "command": {
      "args": [
        "build",
        "--target",
        "thumbv7m-none-eabi",
        "--no-default-features"
      ],
      "code": 101,
      "stderr": "   Compiling pkts-macros v0.1.3\n   Compiling pkts v0.1.3 (/Users/graysonnocera/Downloads/695-Project/dataset/nostd-failed-crates/crates/pkts-0.1.3)\nerror[E0433]: failed to resolve: use of undeclared crate or module `std`\n  --> src/layers/mysql.rs:12:5\n   |\n12 | use std::cmp::Ordering;\n   |     ^^^ use of undeclared crate or module `std`\n\nerror[E0433]: failed to resolve: use of undeclared crate or module `std`\n  --> src/layers/psql.rs:12:5\n   |\n12 | use std::collections::HashMap;\n   |     ^^^ use of undeclared crate or module `std`\n\nerror[E0432]: unresolved import `std`\n  --> src/layers/udp.rs:24:5\n   |\n24 | use std::cmp;\n   |     ^^^ use of undeclared crate or module `std`\n\nerror[E0412]: cannot find type `Vec` in this scope\n  --> src/layers/diameter.rs:31:11\n   |\n31 |     avps: Vec<GenericAvp>,\n   |           ^^^ not found in this scope\n\nerror[E0412]: cannot find type `Box` in this scope\n  --> src/layers/diameter.rs:32:21\n   |\n32 |     payload: Option<Box<dyn LayerObject>>, // Kept for compatibility purposes // TODO: remove?\n   |                     ^^^ not found in this scope\n\nerror[E0405]: cannot find trait `CustomLayerSelection` in this scope\n  --> src/layers/diameter.rs:21:31\n   |\n21 | #[derive(Clone, Debug, Layer, StatelessLayer)]\n   |                               ^^^^^^^^^^^^^^ not found in this scope\n   |\n   = note: this error originates in the derive macro `StatelessLayer` (in Nightly builds, run with -Z macro-backtrace for more info)\n\nerror[E0412]: cannot find type `Vec` in this scope\n   --> src/layers/diameter.rs:101:28\n    |\n101 |     pub fn avps(&self) -> &Vec<GenericAvp> {\n    |                            ^^^ not found in this scope\n\nerror[E0412]: cannot find type `Vec` in this scope\n   --> src/layers/diameter.rs:106:40\n    |\n106 |     pub fn avps_mut(&mut self) -> &mut Vec<GenericAvp> {\n    |                                        ^^^ not found in this scope\n\nerror[E0412]: cannot find type `Box` in this scope\n   --> src/layers/diameter.rs:170:37\n    |\n170 |     fn remove_payload(&mut self) -> Box<dyn LayerObject> {\n    |                                     ^^^ not found in this scope\n\nerror[E0412]: cannot find type `Box` in this scope\n   --> src/layers/diameter.rs:178:50\n    |\n178 |     fn set_payload_unchecked(&mut self, payload: Box<dyn LayerObject>) {\n    |                                                  ^^^ not found in this scope\n\nerror[E0412]: cannot find type `Vec` in this scope\n   --> src/layers/diameter.rs:185:46\n    |\n185 |     fn to_bytes_chksummed(&self, bytes: &mut Vec<u8>, _prev: Option<(LayerId, usize)>) {\n    |                                              ^^^ not found in this scope\n\nerror[E0412]: cannot find type `Vec` in this scope\n   --> src/layers/diameter.rs:215:30\n    |\n215 | #[derive(Clone, Copy, Debug, LayerRef, StatelessLayer)]\n    |                              ^^^^^^^^ not found in this scope\n    |\n    = note: this error originates in the derive macro `LayerRef` (in Nightly builds, run with -Z macro-backtrace for more info)\n\nerror[E0412]: cannot find type `Box` in this scope\n   --> src/layers/diameter.rs:436:21\n    |\n436 |     payload: Option<Box<dyn LayerObject>>, // Kept for compatibility purposes // TODO: remove?\n    |                     ^^^ not found in this scope\n\nerror[E0405]: cannot find trait `CustomLayerSelection` in this scope\n   --> src/layers/diameter.rs:426:31\n    |\n426 | #[derive(Clone, Debug, Layer, StatelessLayer)]\n    |                               ^^^^^^^^^^^^^^ not found in this scope\n    |\n    = note: this error originates in the derive macro `StatelessLayer` (in Nightly builds, run with -Z macro-backtrace for more info)\n\nerror[E0412]: cannot find type `Box` in this scope\n   --> src/layers/diameter.rs:562:37\n    |\n562 |     fn remove_payload(&mut self) -> Box<dyn LayerObject> {\n    |                                     ^^^ not found in this scope\n\nerror[E0412]: cannot find type `Box` in this scope\n   --> src/layers/diameter.rs:570:50\n    |\n570 |     fn set_payload_unchecked(&mut self, payload: Box<dyn LayerObject>) {\n    |                                                  ^^^ not found in this scope\n\nerror[E0412]: cannot find type `Vec` in this scope\n   --> src/layers/diameter.rs:577:46\n    |\n577 |     fn to_bytes_chksummed(&self, bytes: &mut Vec<u8>, _prev: Option<(LayerId, usize)>) {\n    |                                              ^^^ not found in this scope\n\nerror[E0412]: cannot find type `Vec` in this scope\n   --> src/layers/diameter.rs:607:30\n    |\n607 | #[derive(Clone, Copy, Debug, LayerRef, StatelessLayer)]\n    |                              ^^^^^^^^ not found in this scope\n    |\n    = note: this error originates in the derive macro `LayerRef` (in Nightly builds, run with -Z macro-backtrace for more info)\n\nerror[E0412]: cannot find type `Vec` in this scope\n    --> src/layers/diameter.rs:1097:31\n     |\n1097 |     pub fn to_bytes(&self) -> Vec<u8> {\n     |                               ^^^ not found in this scope\n\nerror[E0412]: cannot find type `Vec` in this scope\n    --> src/layers/diameter.rs:1104:50\n     |\n1104 |     pub fn to_bytes_extended(&self, _bytes: &mut Vec<u8>) {\n     |                                                  ^^^ not found in this scope\n\nerror[E0412]: cannot find type `Vec` in this scope\n    --> src/layers/diameter.rs:1129:11\n     |\n1129 |     avps: Vec<BaseAvp>,\n     |           ^^^ not found in this scope\n\nerror[E0412]: cannot find type `Vec` in this scope\n    --> src/layers/diameter.rs:1150:28\n     |\n1150 |     pub fn avps(&self) -> &Vec<BaseAvp> {\n     |                            ^^^ not found in this scope\n\nerror[E0412]: cannot find type `Vec` in this scope\n    --> src/layers/diameter.rs:1155:40\n     |\n1155 |     pub fn avps_mut(&mut self) -> &mut Vec<BaseAvp> {\n     |                                        ^^^ not found in this scope\n\nerror[E0412]: cannot find type `Vec` in this scope\n    --> src/layers/diameter.rs:1168:11\n     |\n1168 |     avps: Vec<BaseAvp>,\n     |           ^^^ not found in this scope\n\nerror[E0412]: cannot find type `Vec` in this scope\n    --> src/layers/diameter.rs:1173:11\n     |\n1173 |     avps: Vec<BaseAvp>,\n     |           ^^^ not found in this scope\n\nerror[E0412]: cannot find type `Vec` in this scope\n    --> src/layers/diameter.rs:1178:11\n     |\n1178 |     avps: Vec<BaseAvp>,\n     |           ^^^ not found in this scope\n\nerror[E0412]: cannot find type `Vec` in this scope\n    --> src/layers/diameter.rs:1183:11\n     |\n1183 |     avps: Vec<BaseAvp>,\n     |           ^^^ not found in this scope\n\nerror[E0412]: cannot find type `Vec` in this scope\n    --> src/layers/diameter.rs:1188:11\n     |\n1188 |     avps: Vec<BaseAvp>,\n     |           ^^^ not found in this scope\n\nerror[E0412]: cannot find type `Vec` in this scope\n    --> src/layers/diameter.rs:1193:11\n     |\n1193 |     avps: Vec<BaseAvp>,\n     |           ^^^ not found in this scope\n\nerror[E0412]: cannot find type `Vec` in this scope\n    --> src/layers/diameter.rs:1198:11\n     |\n1198 |     avps: Vec<BaseAvp>,\n     |           ^^^ not found in this scope\n\nerror[E0412]: cannot find type `Vec` in this scope\n    --> src/layers/diameter.rs:1203:11\n     |\n1203 |     avps: Vec<BaseAvp>,\n     |           ^^^ not found in this scope\n\nerror[E0412]: cannot find type `Vec` in this scope\n    --> src/layers/diameter.rs:1208:11\n     |\n1208 |     avps: Vec<BaseAvp>,\n     |           ^^^ not found in this scope\n\nerror[E0412]: cannot find type `Vec` in this scope\n    --> src/layers/diameter.rs:1213:11\n     |\n1213 |     avps: Vec<BaseAvp>,\n     |           ^^^ not found in this scope\n\nerror[E0412]: cannot find type `Vec` in this scope\n    --> src/layers/diameter.rs:1218:11\n     |\n1218 |     avps: Vec<BaseAvp>,\n     |           ^^^ not found in this scope\n\nerror[E0412]: cannot find type `Vec` in this scope\n    --> src/layers/diameter.rs:1223:11\n     |\n1223 |     avps: Vec<BaseAvp>,\n     |           ^^^ not found in this scope\n\nerror[E0412]: cannot find type `Vec` in this scope\n    --> src/layers/diameter.rs:1228:11\n     |\n1228 |     avps: Vec<BaseAvp>,\n     |           ^^^ not found in this scope\n\nerror[E0412]: cannot find type `String` in this scope\n    --> src/layers/diameter.rs:1321:21\n     |\n1321 |         session_id: String,\n     |                     ^^^^^^ not found in this scope\n\nerror[E0412]: cannot find type `Vec` in this scope\n    --> src/layers/diameter.rs:1337:21\n     |\n1337 |         session_id: Vec<u8>,\n     |                     ^^^ not found in this scope\n\nerror[E0412]: cannot find type `Vec` in this scope\n    --> src/layers/diameter.rs:1380:16\n     |\n1380 |         class: Vec<u8>,\n     |                ^^^ not found in this scope\n\nerror[E0412]: cannot find type `String` in this scope\n    --> src/layers/diameter.rs:1384:18\n     |\n1384 |         host_id: String, // Diameter Identity\n     |                  ^^^^^^ not found in this scope\n\nerror[E0412]: cannot find type `String` in this scope\n    --> src/layers/diameter.rs:1388:19\n     |\n1388 |         realm_id: String, // Diameter Identity\n     |                   ^^^^^^ not found in this scope\n\nerror[E0412]: cannot find type `String` in this scope\n    --> src/layers/diameter.rs:1399:18\n     |\n1399 |         message: String,\n     |                  ^^^^^^ not found in this scope\n\nerror[E0412]: cannot find type `String` in this scope\n    --> src/layers/diameter.rs:1403:13\n     |\n1403 |         id: String, // Diameter Identity\n     |             ^^^^^^ not found in this scope\n\nerror[E0412]: cannot find type `Vec` in this scope\n    --> src/layers/diameter.rs:1411:15\n     |\n1411 |         avps: Vec<BaseAvp>, // 1x Vendor-Id, 1x Experimental-Result-Code (any order)\n     |               ^^^ not found in this scope\n\nerror[E0412]: cannot find type `Vec` in this scope\n    --> src/layers/diameter.rs:1419:22\n     |\n1419 |         failed_avps: Vec<GenericAvp>,\n     |                      ^^^ not found in this scope\n\nerror[E0412]: cannot find type `Vec` in this scope\n    --> src/layers/diameter.rs:1429:21\n     |\n1429 |         addr_value: Vec<u8>,\n     |                     ^^^ not found in this scope\n\nerror[E0412]: cannot find type `String` in this scope\n    --> src/layers/diameter.rs:1441:13\n     |\n1441 |         id: String, // Diameter Identity\n     |             ^^^^^^ not found in this scope\n\nerror[E0412]: cannot find type `String` in this scope\n    --> src/layers/diameter.rs:1445:13\n     |\n1445 |         id: String, // Diameter Identity\n     |             ^^^^^^ not found in this scope\n\nerror[E0412]: cannot find type `String` in this scope\n    --> src/layers/diameter.rs:1453:15\n     |\n1453 |         name: String,\n     |               ^^^^^^ not found in this scope\n\nerror[E0412]: cannot find type `String` in this scope\n    --> src/layers/diameter.rs:1457:13\n     |\n1457 |         id: String, // Diameter Identity\n     |             ^^^^^^ not found in this scope\n\nerror[E0412]: cannot find type `Vec` in this scope\n    --> src/layers/diameter.rs:1461:15\n     |\n1461 |         apvs: Vec<BaseAvp>, // { Proxy-Host } { Proxy-State } *[ AVP ]\n     |               ^^^ not found in this scope\n\nerror[E0412]: cannot find type `Vec` in this scope\n    --> src/layers/diameter.rs:1465:16\n     |\n1465 |         state: Vec<u8>,\n     |                ^^^ not found in this scope\n\nerror[E0412]: cannot find type `String` in this scope\n    --> src/layers/diameter.rs:1469:14\n     |\n1469 |         uri: String, // Diameter URI\n     |              ^^^^^^ not found in this scope\n\nerror[E0412]: cannot find type `String` in this scope\n    --> src/layers/diameter.rs:1492:13\n     |\n1492 |         id: String, // Diameter Identity\n     |             ^^^^^^ not found in this scope\n\nerror[E0412]: cannot find type `String` in this scope\n    --> src/layers/diameter.rs:1496:13\n     |\n1496 |         id: String,\n     |             ^^^^^^ not found in this scope\n\nerror[E0412]: cannot find type `String` in this scope\n    --> src/layers/diameter.rs:1554:19\n     |\n1554 |         username: String,\n     |                   ^^^^^^ not found in this scope\n\nerror[E0412]: cannot find type `Vec` in this scope\n    --> src/layers/diameter.rs:1562:15\n     |\n1562 |         avps: Vec<BaseAvp>, // 1 Vendor-Id required, 1 Auth-Application-Id and 1 Acct-Application-Id both optional\n     |               ^^^ not found in this scope\n\nerror[E0412]: cannot find type `Vec` in this scope\n    --> src/layers/diameter.rs:1621:11\n     |\n1621 |     data: Vec<u8>,\n     |           ^^^ not found in this scope\n\nerror[E0412]: cannot find type `Vec` in this scope\n    --> src/layers/diameter.rs:1690:28\n     |\n1690 |     pub fn data(&self) -> &Vec<u8> {\n     |                            ^^^ not found in this scope\n\nerror[E0412]: cannot find type `Vec` in this scope\n    --> src/layers/diameter.rs:1695:40\n     |\n1695 |     pub fn data_mut(&mut self) -> &mut Vec<u8> {\n     |                                        ^^^ not found in this scope\n\nerror[E0412]: cannot find type `Vec` in this scope\n    --> src/layers/diameter.rs:1700:31\n     |\n1700 |     pub fn to_bytes(&self) -> Vec<u8> {\n     |                               ^^^ not found in this scope\n\nerror[E0412]: cannot find type `Vec` in this scope\n    --> src/layers/diameter.rs:1707:49\n     |\n1707 |     pub fn to_bytes_extended(&self, bytes: &mut Vec<u8>) {\n     |                                                 ^^^ not found in this scope\n\nerror[E0405]: cannot find trait `CustomLayerSelection` in this scope\n  --> src/layers/example.rs:15:31\n   |\n15 | #[derive(Clone, Debug, Layer, StatelessLayer)]\n   |                               ^^^^^^^^^^^^^^ not found in this scope\n   |\n   = note: this error originates in the derive macro `StatelessLayer` (in Nightly builds, run with -Z macro-backtrace for more info)\n\nerror[E0412]: cannot find type `Box` in this scope\n  --> src/layers/example.rs:55:37\n   |\n55 |     fn remove_payload(&mut self) -> Box<dyn LayerObject> {\n   |                                     ^^^ not found in this scope\n\nerror[E0412]: cannot find type `Box` in this scope\n  --> src/layers/example.rs:59:50\n   |\n59 |     fn set_payload_unchecked(&mut self, payload: Box<dyn LayerObject>) {\n   |                                                  ^^^ not found in this scope\n\nerror[E0412]: cannot find type `Vec` in this scope\n  --> src/layers/example.rs:65:46\n   |\n65 |     fn to_bytes_chksummed(&self, bytes: &mut Vec<u8>, prev: Option<(LayerId, usize)>) {\n   |                                              ^^^ not found in this scope\n\nerror[E0412]: cannot find type `Vec` in this scope\n  --> src/layers/example.rs:70:30\n   |\n70 | #[derive(Copy, Clone, Debug, LayerRef, StatelessLayer)]\n   |                              ^^^^^^^^ not found in this scope\n   |\n   = note: this error originates in the derive macro `LayerRef` (in Nightly builds, run with -Z macro-backtrace for more info)\n\nerror[E0412]: cannot find type `Box` in this scope\n   --> src/layers/ip.rs:443:21\n    |\n443 |     payload: Option<Box<dyn LayerObject>>,\n    |                     ^^^ not found in this scope\n\nerror[E0405]: cannot find trait `CustomLayerSelection` in this scope\n   --> src/layers/ip.rs:428:31\n    |\n428 | #[derive(Clone, Debug, Layer, StatelessLayer)]\n    |                               ^^^^^^^^^^^^^^ not found in this scope\n    |\n    = note: this error originates in the derive macro `StatelessLayer` (in Nightly builds, run with -Z macro-backtrace for more info)\n\nerror[E0412]: cannot find type `Box` in this scope\n   --> src/layers/ip.rs:768:50\n    |\n768 |     fn set_payload_unchecked(&mut self, payload: Box<dyn LayerObject>) {\n    |                                                  ^^^ not found in this scope\n\nerror[E0412]: cannot find type `Box` in this scope\n   --> src/layers/ip.rs:778:37\n    |\n778 |     fn remove_payload(&mut self) -> Box<dyn LayerObject> {\n    |                                     ^^^ not found in this scope\n\nerror[E0412]: cannot find type `Vec` in this scope\n   --> src/layers/ip.rs:787:46\n    |\n787 |     fn to_bytes_chksummed(&self, bytes: &mut Vec<u8>, _prev: Option<(LayerId, usize)>) {\n    |                                              ^^^ not found in this scope\n\nerror[E0412]: cannot find type `Vec` in this scope\n   --> src/layers/ip.rs:848:30\n    |\n848 | #[derive(Copy, Clone, Debug, LayerRef, StatelessLayer)]\n    |                              ^^^^^^^^ not found in this scope\n    |\n    = note: this error originates in the derive macro `LayerRef` (in Nightly builds, run with -Z macro-backtrace for more info)\n\nerror[E0412]: cannot find type `Vec` in this scope\n    --> src/layers/ip.rs:1268:17\n     |\n1268 | #[derive(Debug, LayerMut, StatelessLayer)]\n     |                 ^^^^^^^^ not found in this scope\n     |\n     = note: this error originates in the derive macro `LayerMut` (in Nightly builds, run with -Z macro-backtrace for more info)\n\nerror[E0412]: cannot find type `Vec` in this scope\n    --> src/layers/ip.rs:1749:21\n     |\n1749 |     options: Option<Vec<Ipv4Option>>,\n     |                     ^^^ not found in this scope\n\nerror[E0412]: cannot find type `Vec` in this scope\n    --> src/layers/ip.rs:1750:21\n     |\n1750 |     padding: Option<Vec<u8>>,\n     |                     ^^^ not found in this scope\n\nerror[E0412]: cannot find type `Vec` in this scope\n    --> src/layers/ip.rs:1786:50\n     |\n1786 |     pub fn options_mut(&mut self) -> &mut Option<Vec<Ipv4Option>> {\n     |                                                  ^^^ not found in this scope\n\nerror[E0412]: cannot find type `Vec` in this scope\n    --> src/layers/ip.rs:1799:27\n     |\n1799 |     fn to_bytes(&self) -> Vec<u8> {\n     |                           ^^^ not found in this scope\n\nerror[E0412]: cannot find type `Vec` in this scope\n    --> src/layers/ip.rs:1806:45\n     |\n1806 |     fn to_bytes_extended(&self, bytes: &mut Vec<u8>) {\n     |                                             ^^^ not found in this scope\n\nerror[E0412]: cannot find type `Vec` in this scope\n    --> src/layers/ip.rs:2082:19\n     |\n2082 |     value: Option<Vec<u8>>,\n     |                   ^^^ not found in this scope\n\nerror[E0412]: cannot find type `Vec` in this scope\n    --> src/layers/ip.rs:2087:45\n     |\n2087 |     fn to_bytes_extended(&self, bytes: &mut Vec<u8>) {\n     |                                             ^^^ not found in this scope\n\nerror[E0412]: cannot find type `Vec` in this scope\n    --> src/layers/ip.rs:2102:27\n     |\n2102 |     fn to_bytes(&self) -> Vec<u8> {\n     |                           ^^^ not found in this scope\n\nerror[E0412]: cannot find type `Box` in this scope\n    --> src/layers/ip.rs:2381:21\n     |\n2381 |     payload: Option<Box<dyn LayerObject>>,\n     |                     ^^^ not found in this scope\n\nerror[E0405]: cannot find trait `CustomLayerSelection` in this scope\n    --> src/layers/ip.rs:2371:31\n     |\n2371 | #[derive(Clone, Debug, Layer, StatelessLayer)]\n     |                               ^^^^^^^^^^^^^^ not found in this scope\n     |\n     = note: this error originates in the derive macro `StatelessLayer` (in Nightly builds, run with -Z macro-backtrace for more info)\n\nerror[E0412]: cannot find type `Box` in this scope\n    --> src/layers/ip.rs:2519:50\n     |\n2519 |     fn set_payload_unchecked(&mut self, payload: Box<dyn LayerObject>) {\n     |                                                  ^^^ not found in this scope\n\nerror[E0412]: cannot find type `Box` in this scope\n    --> src/layers/ip.rs:2529:37\n     |\n2529 |     fn remove_payload(&mut self) -> Box<dyn LayerObject> {\n     |                                     ^^^ not found in this scope\n\nerror[E0412]: cannot find type `Vec` in this scope\n    --> src/layers/ip.rs:2539:46\n     |\n2539 |     fn to_bytes_chksummed(&self, bytes: &mut Vec<u8>, _prev: Option<(LayerId, usize)>) {\n     |                                              ^^^ not found in this scope\n\nerror[E0412]: cannot find type `Vec` in this scope\n    --> src/layers/ip.rs:2597:30\n     |\n2597 | #[derive(Copy, Clone, Debug, LayerRef, StatelessLayer)]\n     |                              ^^^^^^^^ not found in this scope\n     |\n     = note: this error originates in the derive macro `LayerRef` (in Nightly builds, run with -Z macro-backtrace for more info)\n\nerror[E0412]: cannot find type `Vec` in this scope\n    --> src/layers/ip.rs:2858:17\n     |\n2858 | #[derive(Debug, LayerMut, StatelessLayer)]\n     |                 ^^^^^^^^ not found in this scope\n     |\n     = note: this error originates in the derive macro `LayerMut` (in Nightly builds, run with -Z macro-backtrace for more info)\n\nerror[E0412]: cannot find type `Vec` in this scope\n    --> src/layers/ip.rs:3209:11\n     |\n3209 |     data: Vec<u8>,\n     |           ^^^ not found in this scope\n\nerror[E0412]: cannot find type `Vec` in this scope\n    --> src/layers/ip.rs:3253:20\n     |\n3253 |     integrity_val: Vec<u8>,\n     |                    ^^^ not found in this scope\n\nerror[E0412]: cannot find type `Box` in this scope\n  --> src/layers/l2.rs:35:21\n   |\n35 |     payload: Option<Box<dyn LayerObject>>,\n   |                     ^^^ not found in this scope\n\nerror[E0405]: cannot find trait `CustomLayerSelection` in this scope\n  --> src/layers/l2.rs:29:31\n   |\n29 | #[derive(Clone, Debug, Layer, StatelessLayer)]\n   |                               ^^^^^^^^^^^^^^ not found in this scope\n   |\n   = note: this error originates in the derive macro `StatelessLayer` (in Nightly builds, run with -Z macro-backtrace for more info)\n\nerror[E0412]: cannot find type `Box` in this scope\n   --> src/layers/l2.rs:132:37\n    |\n132 |     fn remove_payload(&mut self) -> Box<dyn LayerObject> {\n    |                                     ^^^ not found in this scope\n\nerror[E0412]: cannot find type `Box` in this scope\n   --> src/layers/l2.rs:140:50\n    |\n140 |     fn set_payload_unchecked(&mut self, payload: Box<dyn LayerObject>) {\n    |                                                  ^^^ not found in this scope\n\nerror[E0412]: cannot find type `Vec` in this scope\n   --> src/layers/l2.rs:147:46\n    |\n147 |     fn to_bytes_chksummed(&self, bytes: &mut Vec<u8>, _prev: Option<(LayerId, usize)>) {\n    |                                              ^^^ not found in this scope\n\nerror[E0412]: cannot find type `Vec` in this scope\n   --> src/layers/l2.rs:177:30\n    |\n177 | #[derive(Copy, Clone, Debug, LayerRef, StatelessLayer)]\n    |                              ^^^^^^^^ not found in this scope\n    |\n    = note: this error originates in the derive macro `LayerRef` (in Nightly builds, run with -Z macro-backtrace for more info)\n\nerror[E0412]: cannot find type `Vec` in this scope\n   --> src/layers/l2.rs:299:17\n    |\n299 | #[derive(Debug, LayerMut, StatelessLayer)]\n    |                 ^^^^^^^^ not found in this scope\n    |\n    = note: this error originates in the derive macro `LayerMut` (in Nightly builds, run with -Z macro-backtrace for more info)\n\nerror[E0412]: cannot find type `Box` in this scope\n  --> src/layers/mysql.rs:36:21\n   |\n36 |     payload: Option<Box<dyn LayerObject>>,\n   |                     ^^^ not found in this scope\n\nerror[E0405]: cannot find trait `CustomLayerSelection` in this scope\n  --> src/layers/mysql.rs:31:31\n   |\n31 | #[derive(Clone, Debug, Layer, StatelessLayer)]\n   |                               ^^^^^^^^^^^^^^ not found in this scope\n   |\n   = note: this error originates in the derive macro `StatelessLayer` (in Nightly builds, run with -Z macro-backtrace for more info)\n\nerror[E0412]: cannot find type `Box` in this scope\n   --> src/layers/mysql.rs:104:50\n    |\n104 |     fn set_payload_unchecked(&mut self, payload: Box<dyn LayerObject>) {\n    |                                                  ^^^ not found in this scope\n\nerror[E0412]: cannot find type `Box` in this scope\n   --> src/layers/mysql.rs:114:37\n    |\n114 |     fn remove_payload(&mut self) -> Box<dyn LayerObject> {\n    |                                     ^^^ not found in this scope\n\nerror[E0412]: cannot find type `Vec` in this scope\n   --> src/layers/mysql.rs:124:46\n    |\n124 |     fn to_bytes_chksummed(&self, bytes: &mut Vec<u8>, prev: Option<(LayerId, usize)>) {\n    |                                              ^^^ not found in this scope\n\nerror[E0412]: cannot find type `Vec` in this scope\n   --> src/layers/mysql.rs:135:30\n    |\n135 | #[derive(Copy, Clone, Debug, LayerRef, StatelessLayer)]\n    |                              ^^^^^^^^ not found in this scope\n    |\n    = note: this error originates in the derive macro `LayerRef` (in Nightly builds, run with -Z macro-backtrace for more info)\n\nerror[E0412]: cannot find type `Box` in this scope\n   --> src/layers/mysql.rs:237:25\n    |\n237 |     pub payload: Option<Box<dyn LayerObject>>,\n    |                         ^^^ not found in this scope\n\nerror[E0412]: cannot find type `Box` in this scope\n   --> src/layers/mysql.rs:263:50\n    |\n263 |     fn set_payload_unchecked(&mut self, payload: Box<dyn LayerObject>) {\n    |                                                  ^^^ not found in this scope\n\nerror[E0412]: cannot find type `Box` in this scope\n   --> src/layers/mysql.rs:273:37\n    |\n273 |     fn remove_payload(&mut self) -> Box<dyn LayerObject> {\n    |                                     ^^^ not found in this scope\n\nerror[E0412]: cannot find type `Vec` in this scope\n   --> src/layers/mysql.rs:282:46\n    |\n282 |     fn to_bytes_chksummed(&self, bytes: &mut Vec<u8>, prev: Option<(LayerId, usize)>) {\n    |                                              ^^^ not found in this scope\n\nerror[E0412]: cannot find type `Vec` in this scope\n   --> src/layers/mysql.rs:293:30\n    |\n293 | #[derive(Copy, Clone, Debug, LayerRef)]\n    |                              ^^^^^^^^ not found in this scope\n    |\n    = note: this error originates in the derive macro `LayerRef` (in Nightly builds, run with -Z macro-backtrace for more info)\n\nerror[E0405]: cannot find trait `CustomLayerSelection` in this scope\n  --> src/layers/psql.rs:93:31\n   |\n93 | #[derive(Clone, Debug, Layer, StatelessLayer)]\n   |                               ^^^^^^^^^^^^^^ not found in this scope\n   |\n   = note: this error originates in the derive macro `StatelessLayer` (in Nightly builds, run with -Z macro-backtrace for more info)\n\nerror[E0412]: cannot find type `Box` in this scope\n   --> src/layers/psql.rs:146:37\n    |\n146 |     fn remove_payload(&mut self) -> Box<dyn LayerObject> {\n    |                                     ^^^ not found in this scope\n\nerror[E0412]: cannot find type `Box` in this scope\n   --> src/layers/psql.rs:150:50\n    |\n150 |     fn set_payload_unchecked(&mut self, payload: Box<dyn LayerObject>) {\n    |                                                  ^^^ not found in this scope\n\nerror[E0412]: cannot find type `Vec` in this scope\n   --> src/layers/psql.rs:156:46\n    |\n156 |     fn to_bytes_chksummed(&self, bytes: &mut Vec<u8>, prev: Option<(LayerId, usize)>) {\n    |                                              ^^^ not found in this scope\n\nerror[E0412]: cannot find type `Vec` in this scope\n   --> src/layers/psql.rs:279:49\n    |\n279 |     pub fn to_bytes_extended(&self, bytes: &mut Vec<u8>) {\n    |                                                 ^^^ not found in this scope\n\nerror[E0412]: cannot find type `Vec` in this scope\n   --> src/layers/psql.rs:325:11\n    |\n325 |     data: Vec<u8>,\n    |           ^^^ not found in this scope\n\nerror[E0412]: cannot find type `Vec` in this scope\n   --> src/layers/psql.rs:340:33\n    |\n340 |     pub fn auth_data(&self) -> &Vec<u8> {\n    |                                 ^^^ not found in this scope\n\nerror[E0412]: cannot find type `Vec` in this scope\n   --> src/layers/psql.rs:345:45\n    |\n345 |     pub fn auth_data_mut(&mut self) -> &mut Vec<u8> {\n    |                                             ^^^ not found in this scope\n\nerror[E0412]: cannot find type `Vec` in this scope\n   --> src/layers/psql.rs:350:49\n    |\n350 |     pub fn to_bytes_extended(&self, bytes: &mut Vec<u8>) {\n    |                                                 ^^^ not found in this scope\n\nerror[E0412]: cannot find type `Vec` in this scope\n   --> src/layers/psql.rs:400:49\n    |\n400 |     pub fn to_bytes_extended(&self, bytes: &mut Vec<u8>) {\n    |                                                 ^^^ not found in this scope\n\nerror[E0412]: cannot find type `String` in this scope\n   --> src/layers/psql.rs:410:18\n    |\n410 |     portal_name: String,\n    |                  ^^^^^^ not found in this scope\n\nerror[E0412]: cannot find type `String` in this scope\n   --> src/layers/psql.rs:435:38\n    |\n435 |     pub fn set_name(&mut self, name: String) {\n    |                                      ^^^^^^ not found in this scope\n\nerror[E0412]: cannot find type `Vec` in this scope\n   --> src/layers/psql.rs:440:49\n    |\n440 |     pub fn to_bytes_extended(&self, bytes: &mut Vec<u8>) {\n    |                                                 ^^^ not found in this scope\n\nerror[E0412]: cannot find type `String` in this scope\n   --> src/layers/psql.rs:450:16\n    |\n450 |     stmt_name: String,\n    |                ^^^^^^ not found in this scope\n\nerror[E0412]: cannot find type `String` in this scope\n   --> src/layers/psql.rs:475:43\n    |\n475 |     pub fn set_stmt_name(&mut self, name: String) {\n    |                                           ^^^^^^ not found in this scope\n\nerror[E0412]: cannot find type `Vec` in this scope\n   --> src/layers/psql.rs:480:49\n    |\n480 |     pub fn to_bytes_extended(&self, bytes: &mut Vec<u8>) {\n    |                                                 ^^^ not found in this scope\n\nerror[E0412]: cannot find type `Vec` in this scope\n   --> src/layers/psql.rs:491:18\n    |\n491 |     data_stream: Vec<u8>,\n    |                  ^^^ not found in this scope\n\nerror[E0412]: cannot find type `Vec` in this scope\n   --> src/layers/psql.rs:506:35\n    |\n506 |     pub fn data_stream(&self) -> &Vec<u8> {\n    |                                   ^^^ not found in this scope\n\nerror[E0412]: cannot find type `Vec` in this scope\n   --> src/layers/psql.rs:511:47\n    |\n511 |     pub fn data_stream_mut(&mut self) -> &mut Vec<u8> {\n    |                                               ^^^ not found in this scope\n\nerror[E0412]: cannot find type `Vec` in this scope\n   --> src/layers/psql.rs:516:49\n    |\n516 |     pub fn to_bytes_extended(&self, bytes: &mut Vec<u8>) {\n    |                                                 ^^^ not found in this scope\n\nerror[E0412]: cannot find type `String` in this scope\n   --> src/layers/psql.rs:525:14\n    |\n525 |     err_msg: String,\n    |              ^^^^^^ not found in this scope\n\nerror[E0412]: cannot find type `String` in this scope\n   --> src/layers/psql.rs:545:48\n    |\n545 |     pub fn set_err_message(&mut self, err_msg: String) {\n    |                                                ^^^^^^ not found in this scope\n\nerror[E0412]: cannot find type `Vec` in this scope\n   --> src/layers/psql.rs:550:49\n    |\n550 |     pub fn to_bytes_extended(&self, bytes: &mut Vec<u8>) {\n    |                                                 ^^^ not found in this scope\n\nerror[E0412]: cannot find type `String` in this scope\n   --> src/layers/psql.rs:560:18\n    |\n560 |     portal_name: String,\n    |                  ^^^^^^ not found in this scope\n\nerror[E0412]: cannot find type `String` in this scope\n   --> src/layers/psql.rs:585:38\n    |\n585 |     pub fn set_name(&mut self, name: String) {\n    |                                      ^^^^^^ not found in this scope\n\nerror[E0412]: cannot find type `Vec` in this scope\n   --> src/layers/psql.rs:590:49\n    |\n590 |     pub fn to_bytes_extended(&self, bytes: &mut Vec<u8>) {\n    |                                                 ^^^ not found in this scope\n\nerror[E0412]: cannot find type `String` in this scope\n   --> src/layers/psql.rs:601:16\n    |\n601 |     stmt_name: String,\n    |                ^^^^^^ not found in this scope\n\nerror[E0412]: cannot find type `String` in this scope\n   --> src/layers/psql.rs:626:38\n    |\n626 |     pub fn set_name(&mut self, name: String) {\n    |                                      ^^^^^^ not found in this scope\n\nerror[E0412]: cannot find type `Vec` in this scope\n   --> src/layers/psql.rs:631:49\n    |\n631 |     pub fn to_bytes_extended(&self, bytes: &mut Vec<u8>) {\n    |                                                 ^^^ not found in this scope\n\nerror[E0412]: cannot find type `String` in this scope\n   --> src/layers/psql.rs:642:18\n    |\n642 |     portal_name: String,   // empty string means unnamed portal\n    |                  ^^^^^^ not found in this scope\n\nerror[E0412]: cannot find type `String` in this scope\n   --> src/layers/psql.rs:663:45\n    |\n663 |     pub fn set_portal_name(&mut self, name: String) {\n    |                                             ^^^^^^ not found in this scope\n\nerror[E0412]: cannot find type `Vec` in this scope\n   --> src/layers/psql.rs:678:49\n    |\n678 |     pub fn to_bytes_extended(&self, bytes: &mut Vec<u8>) {\n    |                                                 ^^^ not found in this scope\n\nerror[E0412]: cannot find type `String` in this scope\n   --> src/layers/psql.rs:689:15\n    |\n689 |     dst_stmt: String,\n    |               ^^^^^^ not found in this scope\n\nerror[E0412]: cannot find type `String` in this scope\n   --> src/layers/psql.rs:690:12\n    |\n690 |     query: String,\n    |            ^^^^^^ not found in this scope\n\nerror[E0412]: cannot find type `Vec` in this scope\n   --> src/layers/psql.rs:691:15\n    |\n691 |     type_ids: Vec<Option<i32>>,\n    |               ^^^ not found in this scope\n\nerror[E0412]: cannot find type `String` in this scope\n   --> src/layers/psql.rs:711:42\n    |\n711 |     pub fn set_dst_stmt(&mut self, stmt: String) {\n    |                                          ^^^^^^ not found in this scope\n\nerror[E0412]: cannot find type `String` in this scope\n   --> src/layers/psql.rs:721:47\n    |\n721 |     pub fn set_parsed_query(&mut self, query: String) {\n    |                                               ^^^^^^ not found in this scope\n\nerror[E0412]: cannot find type `Vec` in this scope\n   --> src/layers/psql.rs:726:40\n    |\n726 |     pub fn param_data_types(&self) -> &Vec<Option<i32>> {\n    |                                        ^^^ not found in this scope\n\nerror[E0412]: cannot find type `Vec` in this scope\n   --> src/layers/psql.rs:731:52\n    |\n731 |     pub fn param_data_types_mut(&mut self) -> &mut Vec<Option<i32>> {\n    |                                                    ^^^ not found in this scope\n\nerror[E0412]: cannot find type `Vec` in this scope\n   --> src/layers/psql.rs:736:49\n    |\n736 |     pub fn to_bytes_extended(&self, bytes: &mut Vec<u8>) {\n    |                                                 ^^^ not found in this scope\n\nerror[E0412]: cannot find type `String` in this scope\n   --> src/layers/psql.rs:752:12\n    |\n752 |     query: String,\n    |            ^^^^^^ not found in this scope\n\nerror[E0412]: cannot find type `String` in this scope\n   --> src/layers/psql.rs:772:40\n    |\n772 |     pub fn set_query(&mut self, query: String) {\n    |                                        ^^^^^^ not found in this scope\n\nerror[E0412]: cannot find type `Vec` in this scope\n   --> src/layers/psql.rs:777:49\n    |\n777 |     pub fn to_bytes_extended(&self, bytes: &mut Vec<u8>) {\n    |                                                 ^^^ not found in this scope\n\nerror[E0412]: cannot find type `Vec` in this scope\n   --> src/layers/psql.rs:788:13\n    |\n788 |     params: Vec<(String, String)>,\n    |             ^^^ not found in this scope\n\nerror[E0412]: cannot find type `String` in this scope\n   --> src/layers/psql.rs:788:18\n    |\n788 |     params: Vec<(String, String)>,\n    |                  ^^^^^^ not found in this scope\n    |\nhelp: you might be missing a type parameter\n    |\n786 | pub struct StartupMessage<String> {\n    |                          ++++++++\n\nerror[E0412]: cannot find type `String` in this scope\n   --> src/layers/psql.rs:788:26\n    |\n788 |     params: Vec<(String, String)>,\n    |                          ^^^^^^ not found in this scope\n    |\nhelp: you might be missing a type parameter\n    |\n786 | pub struct StartupMessage<String> {\n    |                          ++++++++\n\nerror[E0412]: cannot find type `Vec` in this scope\n   --> src/layers/psql.rs:823:30\n    |\n823 |     pub fn params(&self) -> &Vec<(String, String)> {\n    |                              ^^^ not found in this scope\n\nerror[E0412]: cannot find type `String` in this scope\n   --> src/layers/psql.rs:823:35\n    |\n823 |     pub fn params(&self) -> &Vec<(String, String)> {\n    |                                   ^^^^^^ not found in this scope\n    |\nhelp: you might be missing a type parameter\n    |\n791 | impl<String> StartupMessage {\n    |     ++++++++\n\nerror[E0412]: cannot find type `String` in this scope\n   --> src/layers/psql.rs:823:43\n    |\n823 |     pub fn params(&self) -> &Vec<(String, String)> {\n    |                                           ^^^^^^ not found in this scope\n    |\nhelp: you might be missing a type parameter\n    |\n791 | impl<String> StartupMessage {\n    |     ++++++++\n\nerror[E0412]: cannot find type `Vec` in this scope\n   --> src/layers/psql.rs:828:42\n    |\n828 |     pub fn params_mut(&mut self) -> &mut Vec<(String, String)> {\n    |                                          ^^^ not found in this scope\n\nerror[E0412]: cannot find type `String` in this scope\n   --> src/layers/psql.rs:828:47\n    |\n828 |     pub fn params_mut(&mut self) -> &mut Vec<(String, String)> {\n    |                                               ^^^^^^ not found in this scope\n    |\nhelp: you might be missing a type parameter\n    |\n791 | impl<String> StartupMessage {\n    |     ++++++++\n\nerror[E0412]: cannot find type `String` in this scope\n   --> src/layers/psql.rs:828:55\n    |\n828 |     pub fn params_mut(&mut self) -> &mut Vec<(String, String)> {\n    |                                                       ^^^^^^ not found in this scope\n    |\nhelp: you might be missing a type parameter\n    |\n791 | impl<String> StartupMessage {\n    |     ++++++++\n\nerror[E0412]: cannot find type `Vec` in this scope\n   --> src/layers/psql.rs:833:49\n    |\n833 |     pub fn to_bytes_extended(&self, bytes: &mut Vec<u8>) {\n    |                                                 ^^^ not found in this scope\n\nerror[E0412]: cannot find type `String` in this scope\n   --> src/layers/psql.rs:848:17\n    |\n848 |     dst_portal: String,           // empty indicates unnamed portal\n    |                 ^^^^^^ not found in this scope\n\nerror[E0412]: cannot find type `String` in this scope\n   --> src/layers/psql.rs:849:19\n    |\n849 |     src_prepared: String,         // empty indicates the unnamed prepared statement\n    |                   ^^^^^^ not found in this scope\n\nerror[E0412]: cannot find type `Vec` in this scope\n   --> src/layers/psql.rs:850:17\n    |\n850 |     params_fmt: Vec<FormatCode>,  // 0 indicates text; 1 indicates binary.\n    |                 ^^^ not found in this scope\n\nerror[E0412]: cannot find type `Vec` in this scope\n   --> src/layers/psql.rs:851:13\n    |\n851 |     params: Vec<Option<Vec<u8>>>, // None means null parameter value\n    |             ^^^ not found in this scope\n\nerror[E0412]: cannot find type `Vec` in this scope\n   --> src/layers/psql.rs:851:24\n    |\n851 |     params: Vec<Option<Vec<u8>>>, // None means null parameter value\n    |                        ^^^ not found in this scope\n\nerror[E0412]: cannot find type `Vec` in this scope\n   --> src/layers/psql.rs:852:18\n    |\n852 |     results_fmt: Vec<FormatCode>,\n    |                  ^^^ not found in this scope\n\nerror[E0412]: cannot find type `String` in this scope\n   --> src/layers/psql.rs:885:50\n    |\n885 |     pub fn set_dst_portal(&mut self, dst_portal: String) {\n    |                                                  ^^^^^^ not found in this scope\n\nerror[E0412]: cannot find type `String` in this scope\n   --> src/layers/psql.rs:895:46\n    |\n895 |     pub fn set_src_stmt(&mut self, src_stmt: String) {\n    |                                              ^^^^^^ not found in this scope\n\nerror[E0412]: cannot find type `Vec` in this scope\n   --> src/layers/psql.rs:900:34\n    |\n900 |     pub fn params_fmt(&self) -> &Vec<FormatCode> {\n    |                                  ^^^ not found in this scope\n\nerror[E0412]: cannot find type `Vec` in this scope\n   --> src/layers/psql.rs:905:42\n    |\n905 |     pub fn params_fmt_mut(&mut self) -> &Vec<FormatCode> {\n    |                                          ^^^ not found in this scope\n\nerror[E0412]: cannot find type `Vec` in this scope\n   --> src/layers/psql.rs:910:30\n    |\n910 |     pub fn params(&self) -> &Vec<Option<Vec<u8>>> {\n    |                              ^^^ not found in this scope\n\nerror[E0412]: cannot find type `Vec` in this scope\n   --> src/layers/psql.rs:910:41\n    |\n910 |     pub fn params(&self) -> &Vec<Option<Vec<u8>>> {\n    |                                         ^^^ not found in this scope\n\nerror[E0412]: cannot find type `Vec` in this scope\n   --> src/layers/psql.rs:915:42\n    |\n915 |     pub fn params_mut(&mut self) -> &mut Vec<Option<Vec<u8>>> {\n    |                                          ^^^ not found in this scope\n\nerror[E0412]: cannot find type `Vec` in this scope\n   --> src/layers/psql.rs:915:53\n    |\n915 |     pub fn params_mut(&mut self) -> &mut Vec<Option<Vec<u8>>> {\n    |                                                     ^^^ not found in this scope\n\nerror[E0412]: cannot find type `Vec` in this scope\n   --> src/layers/psql.rs:920:35\n    |\n920 |     pub fn results_fmt(&self) -> &Vec<FormatCode> {\n    |                                   ^^^ not found in this scope\n\nerror[E0412]: cannot find type `Vec` in this scope\n   --> src/layers/psql.rs:925:47\n    |\n925 |     pub fn results_fmt_mut(&mut self) -> &mut Vec<FormatCode> {\n    |                                               ^^^ not found in this scope\n\nerror[E0412]: cannot find type `Vec` in this scope\n   --> src/layers/psql.rs:930:49\n    |\n930 |     pub fn to_bytes_extended(&self, bytes: &mut Vec<u8>) {\n    |                                                 ^^^ not found in this scope\n\nerror[E0412]: cannot find type `Vec` in this scope\n   --> src/layers/psql.rs:955:15\n    |\n955 |     args_fmt: Vec<FormatCode>,\n    |               ^^^ not found in this scope\n\nerror[E0412]: cannot find type `Vec` in this scope\n   --> src/layers/psql.rs:956:11\n    |\n956 |     args: Vec<Option<Vec<u8>>>,\n    |           ^^^ not found in this scope\n\nerror[E0412]: cannot find type `Vec` in this scope\n   --> src/layers/psql.rs:956:22\n    |\n956 |     args: Vec<Option<Vec<u8>>>,\n    |                      ^^^ not found in this scope\n\nerror[E0412]: cannot find type `Vec` in this scope\n   --> src/layers/psql.rs:991:32\n    |\n991 |     pub fn args_fmt(&self) -> &Vec<FormatCode> {\n    |                                ^^^ not found in this scope\n\nerror[E0412]: cannot find type `Vec` in this scope\n   --> src/layers/psql.rs:996:44\n    |\n996 |     pub fn args_fmt_mut(&mut self) -> &mut Vec<FormatCode> {\n    |                                            ^^^ not found in this scope\n\nerror[E0412]: cannot find type `Vec` in this scope\n    --> src/layers/psql.rs:1001:28\n     |\n1001 |     pub fn args(&self) -> &Vec<Option<Vec<u8>>> {\n     |                            ^^^ not found in this scope\n\nerror[E0412]: cannot find type `Vec` in this scope\n    --> src/layers/psql.rs:1001:39\n     |\n1001 |     pub fn args(&self) -> &Vec<Option<Vec<u8>>> {\n     |                                       ^^^ not found in this scope\n\nerror[E0412]: cannot find type `Vec` in this scope\n    --> src/layers/psql.rs:1006:40\n     |\n1006 |     pub fn args_mut(&mut self) -> &mut Vec<Option<Vec<u8>>> {\n     |                                        ^^^ not found in this scope\n\nerror[E0412]: cannot find type `Vec` in this scope\n    --> src/layers/psql.rs:1006:51\n     |\n1006 |     pub fn args_mut(&mut self) -> &mut Vec<Option<Vec<u8>>> {\n     |                                                   ^^^ not found in this scope\n\nerror[E0412]: cannot find type `Vec` in this scope\n    --> src/layers/psql.rs:1021:49\n     |\n1021 |     pub fn to_bytes_extended(&self, bytes: &mut Vec<u8>) {\n     |                                                 ^^^ not found in this scope\n\nerror[E0412]: cannot find type `Vec` in this scope\n    --> src/layers/psql.rs:1046:49\n     |\n1046 |     pub fn to_bytes_extended(&self, bytes: &mut Vec<u8>) {\n     |                                                 ^^^ not found in this scope\n\nerror[E0412]: cannot find type `Vec` in this scope\n    --> src/layers/psql.rs:1069:30\n     |\n1069 | #[derive(Clone, Copy, Debug, LayerRef, StatelessLayer)]\n     |                              ^^^^^^^^ not found in this scope\n     |\n     = note: this error originates in the derive macro `LayerRef` (in Nightly builds, run with -Z macro-backtrace for more info)\n\nerror[E0405]: cannot find trait `CustomLayerSelection` in this scope\n    --> src/layers/psql.rs:2598:31\n     |\n2598 | #[derive(Clone, Debug, Layer, StatelessLayer)]\n     |                               ^^^^^^^^^^^^^^ not found in this scope\n     |\n     = note: this error originates in the derive macro `StatelessLayer` (in Nightly builds, run with -Z macro-backtrace for more info)\n\nerror[E0412]: cannot find type `Box` in this scope\n    --> src/layers/psql.rs:2651:37\n     |\n2651 |     fn remove_payload(&mut self) -> Box<dyn LayerObject> {\n     |                                     ^^^ not found in this scope\n\nerror[E0412]: cannot find type `Box` in this scope\n    --> src/layers/psql.rs:2655:50\n     |\n2655 |     fn set_payload_unchecked(&mut self, payload: Box<dyn LayerObject>) {\n     |                                                  ^^^ not found in this scope\n\nerror[E0412]: cannot find type `Vec` in this scope\n    --> src/layers/psql.rs:2661:46\n     |\n2661 |     fn to_bytes_chksummed(&self, bytes: &mut Vec<u8>, _prev: Option<(LayerId, usize)>) {\n     |                                              ^^^ not found in this scope\n\nerror[E0412]: cannot find type `Vec` in this scope\n    --> src/layers/psql.rs:2681:31\n     |\n2681 |     AuthenticationGSSContinue(Vec<u8>),\n     |                               ^^^ not found in this scope\n\nerror[E0412]: cannot find type `Vec` in this scope\n    --> src/layers/psql.rs:2685:24\n     |\n2685 |     AuthenticationSASL(Vec<String>),\n     |                        ^^^ not found in this scope\n\nerror[E0412]: cannot find type `String` in this scope\n    --> src/layers/psql.rs:2685:28\n     |\n2685 |     AuthenticationSASL(Vec<String>),\n     |                            ^^^^^^ not found in this scope\n     |\nhelp: you might be missing a type parameter\n     |\n2667 | pub enum ServerMessage<String> {\n     |                       ++++++++\n\nerror[E0412]: cannot find type `Vec` in this scope\n    --> src/layers/psql.rs:2687:32\n     |\n2687 |     AuthenticationSASLContinue(Vec<u8>),\n     |                                ^^^ not found in this scope\n\nerror[E0412]: cannot find type `Vec` in this scope\n    --> src/layers/psql.rs:2689:29\n     |\n2689 |     AuthenticationSASLFinal(Vec<u8>),\n     |                             ^^^ not found in this scope\n\nerror[E0412]: cannot find type `String` in this scope\n    --> src/layers/psql.rs:2697:21\n     |\n2697 |     CommandComplete(String),\n     |                     ^^^^^^ not found in this scope\n\nerror[E0412]: cannot find type `Vec` in this scope\n    --> src/layers/psql.rs:2699:14\n     |\n2699 |     CopyData(Vec<u8>),\n     |              ^^^ not found in this scope\n\nerror[E0412]: cannot find type `Vec` in this scope\n    --> src/layers/psql.rs:2704:26\n     |\n2704 |     CopyInResponse(bool, Vec<bool>),\n     |                          ^^^ not found in this scope\n\nerror[E0412]: cannot find type `Vec` in this scope\n    --> src/layers/psql.rs:2707:27\n     |\n2707 |     CopyOutResponse(bool, Vec<bool>),\n     |                           ^^^ not found in this scope\n\nerror[E0412]: cannot find type `Vec` in this scope\n    --> src/layers/psql.rs:2709:28\n     |\n2709 |     CopyBothResponse(bool, Vec<bool>),\n     |                            ^^^ not found in this scope\n\nerror[E0412]: cannot find type `Vec` in this scope\n    --> src/layers/psql.rs:2711:13\n     |\n2711 |     DataRow(Vec<Option<Vec<u8>>>),\n     |             ^^^ not found in this scope\n\nerror[E0412]: cannot find type `Vec` in this scope\n    --> src/layers/psql.rs:2711:24\n     |\n2711 |     DataRow(Vec<Option<Vec<u8>>>),\n     |                        ^^^ not found in this scope\n\nerror[E0412]: cannot find type `String` in this scope\n    --> src/layers/psql.rs:2715:31\n     |\n2715 |     ErrorResponse(HashMap<u8, String>),\n     |                               ^^^^^^ not found in this scope\n     |\nhelp: you might be missing a type parameter\n     |\n2667 | pub enum ServerMessage<String> {\n     |                       ++++++++\n\nerror[E0412]: cannot find type `Vec` in this scope\n    --> src/layers/psql.rs:2717:33\n     |\n2717 |     FunctionCallResponse(Option<Vec<u8>>),\n     |                                 ^^^ not found in this scope\n\nerror[E0412]: cannot find type `Vec` in this scope\n    --> src/layers/psql.rs:2720:35\n     |\n2720 |     NegotiateProtocolVersion(i32, Vec<String>),\n     |                                   ^^^ not found in this scope\n\nerror[E0412]: cannot find type `String` in this scope\n    --> src/layers/psql.rs:2720:39\n     |\n2720 |     NegotiateProtocolVersion(i32, Vec<String>),\n     |                                       ^^^^^^ not found in this scope\n     |\nhelp: you might be missing a type parameter\n     |\n2667 | pub enum ServerMessage<String> {\n     |                       ++++++++\n\nerror[E0412]: cannot find type `String` in this scope\n    --> src/layers/psql.rs:2724:32\n     |\n2724 |     NoticeResponse(HashMap<u8, String>),\n     |                                ^^^^^^ not found in this scope\n     |\nhelp: you might be missing a type parameter\n     |\n2667 | pub enum ServerMessage<String> {\n     |                       ++++++++\n\nerror[E0412]: cannot find type `String` in this scope\n    --> src/layers/psql.rs:2727:31\n     |\n2727 |     NotificationResponse(i32, String, String),\n     |                               ^^^^^^ not found in this scope\n\nerror[E0412]: cannot find type `String` in this scope\n    --> src/layers/psql.rs:2727:39\n     |\n2727 |     NotificationResponse(i32, String, String),\n     |                                       ^^^^^^ not found in this scope\n\nerror[E0412]: cannot find type `Vec` in this scope\n    --> src/layers/psql.rs:2729:26\n     |\n2729 |     ParameterDescription(Vec<i32>),\n     |                          ^^^ not found in this scope\n\nerror[E0412]: cannot find type `String` in this scope\n    --> src/layers/psql.rs:2732:21\n     |\n2732 |     ParameterStatus(String, String),\n     |                     ^^^^^^ not found in this scope\n\nerror[E0412]: cannot find type `String` in this scope\n    --> src/layers/psql.rs:2732:29\n     |\n2732 |     ParameterStatus(String, String),\n     |                             ^^^^^^ not found in this scope\n\nerror[E0412]: cannot find type `Vec` in this scope\n    --> src/layers/psql.rs:2743:20\n     |\n2743 |     RowDescription(Vec<RowField>),\n     |                    ^^^ not found in this scope\n\nerror[E0412]: cannot find type `String` in this scope\n    --> src/layers/psql.rs:2755:11\n     |\n2755 |     name: String,\n     |           ^^^^^^ not found in this scope\n\nerror[E0412]: cannot find type `Vec` in this scope\n    --> src/layers/psql.rs:2764:30\n     |\n2764 | #[derive(Copy, Clone, Debug, LayerRef, StatelessLayer)]\n     |                              ^^^^^^^^ not found in this scope\n     |\n     = note: this error originates in the derive macro `LayerRef` (in Nightly builds, run with -Z macro-backtrace for more info)\n\nerror[E0412]: cannot find type `Vec` in this scope\n   --> src/layers/sctp.rs:105:21\n    |\n105 |     control_chunks: Vec<ControlChunk>,\n    |                     ^^^ not found in this scope\n\nerror[E0412]: cannot find type `Vec` in this scope\n   --> src/layers/sctp.rs:106:21\n    |\n106 |     payload_chunks: Vec<DataChunk>,\n    |                     ^^^ not found in this scope\n\nerror[E0405]: cannot find trait `CustomLayerSelection` in this scope\n  --> src/layers/sctp.rs:97:31\n   |\n97 | #[derive(Clone, Debug, Layer, StatelessLayer)]\n   |                               ^^^^^^^^^^^^^^ not found in this scope\n   |\n   = note: this error originates in the derive macro `StatelessLayer` (in Nightly builds, run with -Z macro-backtrace for more info)\n\nerror[E0412]: cannot find type `Vec` in this scope\n   --> src/layers/sctp.rs:210:38\n    |\n210 |     pub fn control_chunks(&self) -> &Vec<ControlChunk> {\n    |                                      ^^^ not found in this scope\n\nerror[E0412]: cannot find type `Vec` in this scope\n   --> src/layers/sctp.rs:229:50\n    |\n229 |     pub fn control_chunks_mut(&mut self) -> &mut Vec<ControlChunk> {\n    |                                                  ^^^ not found in this scope\n\nerror[E0412]: cannot find type `Vec` in this scope\n   --> src/layers/sctp.rs:246:38\n    |\n246 |     pub fn payload_chunks(&self) -> &Vec<DataChunk> {\n    |                                      ^^^ not found in this scope\n\nerror[E0412]: cannot find type `Vec` in this scope\n   --> src/layers/sctp.rs:264:50\n    |\n264 |     pub fn payload_chunks_mut(&mut self) -> &mut Vec<DataChunk> {\n    |                                                  ^^^ not found in this scope\n\nerror[E0412]: cannot find type `Box` in this scope\n   --> src/layers/sctp.rs:327:50\n    |\n327 |     fn set_payload_unchecked(&mut self, payload: Box<dyn LayerObject>) {\n    |                                                  ^^^ not found in this scope\n\nerror[E0412]: cannot find type `Box` in this scope\n   --> src/layers/sctp.rs:350:37\n    |\n350 |     fn remove_payload(&mut self) -> Box<dyn LayerObject> {\n    |                                     ^^^ not found in this scope\n\nerror[E0412]: cannot find type `Vec` in this scope\n   --> src/layers/sctp.rs:360:46\n    |\n360 |     fn to_bytes_chksummed(&self, bytes: &mut Vec<u8>, _prev: Option<(LayerId, usize)>) {\n    |                                              ^^^ not found in this scope\n\nerror[E0412]: cannot find type `Vec` in this scope\n   --> src/layers/sctp.rs:396:30\n    |\n396 | #[derive(Clone, Copy, Debug, LayerRef, StatelessLayer)]\n    |                              ^^^^^^^^ not found in this scope\n    |\n    = note: this error originates in the derive macro `LayerRef` (in Nightly builds, run with -Z macro-backtrace for more info)\n\nerror[E0412]: cannot find type `Vec` in this scope\n   --> src/layers/sctp.rs:724:17\n    |\n724 | #[derive(Debug, LayerMut, StatelessLayer)]\n    |                 ^^^^^^^^ not found in this scope\n    |\n    = note: this error originates in the derive macro `LayerMut` (in Nightly builds, run with -Z macro-backtrace for more info)\n\nerror[E0412]: cannot find type `Vec` in this scope\n   --> src/layers/sctp.rs:826:49\n    |\n826 |     pub fn to_bytes_extended(&self, bytes: &mut Vec<u8>) {\n    |                                                 ^^^ not found in this scope\n\nerror[E0412]: cannot find type `Vec` in this scope\n   --> src/layers/sctp.rs:975:14\n    |\n975 |     options: Vec<InitOption>,\n    |              ^^^ not found in this scope\n\nerror[E0412]: cannot find type `Vec` in this scope\n    --> src/layers/sctp.rs:1110:31\n     |\n1110 |     pub fn options(&self) -> &Vec<InitOption> {\n     |                               ^^^ not found in this scope\n\nerror[E0412]: cannot find type `Vec` in this scope\n    --> src/layers/sctp.rs:1116:43\n     |\n1116 |     pub fn options_mut(&mut self) -> &mut Vec<InitOption> {\n     |                                           ^^^ not found in this scope\n\nerror[E0412]: cannot find type `Vec` in this scope\n    --> src/layers/sctp.rs:1121:49\n     |\n1121 |     pub fn to_bytes_extended(&self, bytes: &mut Vec<u8>) {\n     |                                                 ^^^ not found in this scope\n\nerror[E0412]: cannot find type `Vec` in this scope\n    --> src/layers/sctp.rs:1397:21\n     |\n1397 |     HostnameAddress(Vec<u8>),\n     |                     ^^^ not found in this scope\n\nerror[E0412]: cannot find type `Vec` in this scope\n    --> src/layers/sctp.rs:1398:27\n     |\n1398 |     SupportedAddressTypes(Vec<u16>),\n     |                           ^^^ not found in this scope\n\nerror[E0412]: cannot find type `Vec` in this scope\n    --> src/layers/sctp.rs:1399:18\n     |\n1399 |     Unknown(u16, Vec<u8>),\n     |                  ^^^ not found in this scope\n\nerror[E0412]: cannot find type `Vec` in this scope\n    --> src/layers/sctp.rs:1464:45\n     |\n1464 |     fn to_bytes_extended(&self, bytes: &mut Vec<u8>) {\n     |                                             ^^^ not found in this scope\n\nerror[E0412]: cannot find type `Vec` in this scope\n    --> src/layers/sctp.rs:1679:14\n     |\n1679 |     options: Vec<InitAckOption>,\n     |              ^^^ not found in this scope\n\nerror[E0412]: cannot find type `Vec` in this scope\n    --> src/layers/sctp.rs:1775:31\n     |\n1775 |     pub fn options(&self) -> &Vec<InitAckOption> {\n     |                               ^^^ not found in this scope\n\nerror[E0412]: cannot find type `Vec` in this scope\n    --> src/layers/sctp.rs:1780:43\n     |\n1780 |     pub fn options_mut(&mut self) -> &mut Vec<InitAckOption> {\n     |                                           ^^^ not found in this scope\n\nerror[E0412]: cannot find type `Vec` in this scope\n    --> src/layers/sctp.rs:1785:49\n     |\n1785 |     pub fn to_bytes_extended(&self, bytes: &mut Vec<u8>) {\n     |                                                 ^^^ not found in this scope\n\nerror[E0412]: cannot find type `Vec` in this scope\n    --> src/layers/sctp.rs:2038:17\n     |\n2038 |     StateCookie(Vec<u8>),\n     |                 ^^^ not found in this scope\n\nerror[E0412]: cannot find type `Vec` in this scope\n    --> src/layers/sctp.rs:2042:21\n     |\n2042 |     HostnameAddress(Vec<u8>),\n     |                     ^^^ not found in this scope\n\nerror[E0412]: cannot find type `Vec` in this scope\n    --> src/layers/sctp.rs:2043:18\n     |\n2043 |     Unknown(u16, Vec<u8>),\n     |                  ^^^ not found in this scope\n\nerror[E0412]: cannot find type `Vec` in this scope\n    --> src/layers/sctp.rs:2094:49\n     |\n2094 |     pub fn to_bytes_extended(&self, bytes: &mut Vec<u8>) {\n     |                                                 ^^^ not found in this scope\n\nerror[E0412]: cannot find type `Vec` in this scope\n    --> src/layers/sctp.rs:2296:21\n     |\n2296 |     gap_ack_blocks: Vec<(u16, u16)>,\n     |                     ^^^ not found in this scope\n\nerror[E0412]: cannot find type `Vec` in this scope\n    --> src/layers/sctp.rs:2297:21\n     |\n2297 |     duplicate_tsns: Vec<u32>,\n     |                     ^^^ not found in this scope\n\nerror[E0412]: cannot find type `Vec` in this scope\n    --> src/layers/sctp.rs:2364:38\n     |\n2364 |     pub fn gap_ack_blocks(&self) -> &Vec<(u16, u16)> {\n     |                                      ^^^ not found in this scope\n\nerror[E0412]: cannot find type `Vec` in this scope\n    --> src/layers/sctp.rs:2369:50\n     |\n2369 |     pub fn gap_ack_blocks_mut(&mut self) -> &mut Vec<(u16, u16)> {\n     |                                                  ^^^ not found in this scope\n\nerror[E0412]: cannot find type `Vec` in this scope\n    --> src/layers/sctp.rs:2374:38\n     |\n2374 |     pub fn duplicate_tsns(&self) -> &Vec<u32> {\n     |                                      ^^^ not found in this scope\n\nerror[E0412]: cannot find type `Vec` in this scope\n    --> src/layers/sctp.rs:2379:50\n     |\n2379 |     pub fn duplicate_tsns_mut(&mut self) -> &mut Vec<u32> {\n     |                                                  ^^^ not found in this scope\n\nerror[E0412]: cannot find type `Vec` in this scope\n    --> src/layers/sctp.rs:2384:49\n     |\n2384 |     pub fn to_bytes_extended(&self, bytes: &mut Vec<u8>) {\n     |                                                 ^^^ not found in this scope\n\nerror[E0412]: cannot find type `Vec` in this scope\n    --> src/layers/sctp.rs:2659:16\n     |\n2659 |     heartbeat: Vec<u8>,\n     |                ^^^ not found in this scope\n\nerror[E0412]: cannot find type `Vec` in this scope\n    --> src/layers/sctp.rs:2701:33\n     |\n2701 |     pub fn heartbeat(&self) -> &Vec<u8> {\n     |                                 ^^^ not found in this scope\n\nerror[E0412]: cannot find type `Vec` in this scope\n    --> src/layers/sctp.rs:2706:45\n     |\n2706 |     pub fn heartbeat_mut(&mut self) -> &mut Vec<u8> {\n     |                                             ^^^ not found in this scope\n\nerror[E0412]: cannot find type `Vec` in this scope\n    --> src/layers/sctp.rs:2711:49\n     |\n2711 |     pub fn to_bytes_extended(&self, bytes: &mut Vec<u8>) {\n     |                                                 ^^^ not found in this scope\n\nerror[E0412]: cannot find type `Vec` in this scope\n    --> src/layers/sctp.rs:2931:16\n     |\n2931 |     heartbeat: Vec<u8>,\n     |                ^^^ not found in this scope\n\nerror[E0412]: cannot find type `Vec` in this scope\n    --> src/layers/sctp.rs:2974:33\n     |\n2974 |     pub fn heartbeat(&self) -> &Vec<u8> {\n     |                                 ^^^ not found in this scope\n\nerror[E0412]: cannot find type `Vec` in this scope\n    --> src/layers/sctp.rs:2979:45\n     |\n2979 |     pub fn heartbeat_mut(&mut self) -> &mut Vec<u8> {\n     |                                             ^^^ not found in this scope\n\nerror[E0412]: cannot find type `Vec` in this scope\n    --> src/layers/sctp.rs:2984:49\n     |\n2984 |     pub fn to_bytes_extended(&self, bytes: &mut Vec<u8>) {\n     |                                                 ^^^ not found in this scope\n\nerror[E0412]: cannot find type `Vec` in this scope\n    --> src/layers/sctp.rs:3110:13\n     |\n3110 |     causes: Vec<ErrorCause>,\n     |             ^^^ not found in this scope\n\nerror[E0412]: cannot find type `Vec` in this scope\n    --> src/layers/sctp.rs:3157:30\n     |\n3157 |     pub fn causes(&self) -> &Vec<ErrorCause> {\n     |                              ^^^ not found in this scope\n\nerror[E0412]: cannot find type `Vec` in this scope\n    --> src/layers/sctp.rs:3162:42\n     |\n3162 |     pub fn set_causes(&mut self) -> &mut Vec<ErrorCause> {\n     |                                          ^^^ not found in this scope\n\nerror[E0412]: cannot find type `Vec` in this scope\n    --> src/layers/sctp.rs:3167:49\n     |\n3167 |     pub fn to_bytes_extended(&self, bytes: &mut Vec<u8>) {\n     |                                                 ^^^ not found in this scope\n\nerror[E0412]: cannot find type `Vec` in this scope\n    --> src/layers/sctp.rs:3427:49\n     |\n3427 |     pub fn to_bytes_extended(&self, bytes: &mut Vec<u8>) {\n     |                                                 ^^^ not found in this scope\n\nerror[E0412]: cannot find type `Vec` in this scope\n    --> src/layers/sctp.rs:3727:49\n     |\n3727 |     pub fn to_bytes_extended(&self, bytes: &mut Vec<u8>) {\n     |                                                 ^^^ not found in this scope\n\nerror[E0412]: cannot find type `Vec` in this scope\n    --> src/layers/sctp.rs:3857:21\n     |\n3857 |     missing_params: Vec<u16>,\n     |                     ^^^ not found in this scope\n\nerror[E0412]: cannot find type `Vec` in this scope\n    --> src/layers/sctp.rs:3889:38\n     |\n3889 |     pub fn missing_params(&self) -> &Vec<u16> {\n     |                                      ^^^ not found in this scope\n\nerror[E0412]: cannot find type `Vec` in this scope\n    --> src/layers/sctp.rs:3894:50\n     |\n3894 |     pub fn missing_params_mut(&mut self) -> &mut Vec<u16> {\n     |                                                  ^^^ not found in this scope\n\nerror[E0412]: cannot find type `Vec` in this scope\n    --> src/layers/sctp.rs:3899:49\n     |\n3899 |     pub fn to_bytes_extended(&self, bytes: &mut Vec<u8>) {\n     |                                                 ^^^ not found in this scope\n\nerror[E0412]: cannot find type `Vec` in this scope\n    --> src/layers/sctp.rs:4107:49\n     |\n4107 |     pub fn to_bytes_extended(&self, bytes: &mut Vec<u8>) {\n     |                                                 ^^^ not found in this scope\n\nerror[E0412]: cannot find type `Vec` in this scope\n    --> src/layers/sctp.rs:4231:11\n     |\n4231 |     addr: Vec<u8>,\n     |           ^^^ not found in this scope\n\nerror[E0412]: cannot find type `Vec` in this scope\n    --> src/layers/sctp.rs:4266:28\n     |\n4266 |     pub fn addr(&self) -> &Vec<u8> {\n     |                            ^^^ not found in this scope\n\nerror[E0412]: cannot find type `Vec` in this scope\n    --> src/layers/sctp.rs:4271:40\n     |\n4271 |     pub fn addr_mut(&mut self) -> &mut Vec<u8> {\n     |                                        ^^^ not found in this scope\n\nerror[E0412]: cannot find type `Vec` in this scope\n    --> src/layers/sctp.rs:4276:49\n     |\n4276 |     pub fn to_bytes_extended(&self, bytes: &mut Vec<u8>) {\n     |                                                 ^^^ not found in this scope\n\nerror[E0412]: cannot find type `Vec` in this scope\n    --> src/layers/sctp.rs:4404:12\n     |\n4404 |     chunk: Vec<u8>,\n     |            ^^^ not found in this scope\n\nerror[E0412]: cannot find type `Vec` in this scope\n    --> src/layers/sctp.rs:4440:29\n     |\n4440 |     pub fn chunk(&self) -> &Vec<u8> {\n     |                             ^^^ not found in this scope\n\nerror[E0412]: cannot find type `Vec` in this scope\n    --> src/layers/sctp.rs:4445:41\n     |\n4445 |     pub fn chunk_mut(&mut self) -> &mut Vec<u8> {\n     |                                         ^^^ not found in this scope\n\nerror[E0412]: cannot find type `Vec` in this scope\n    --> src/layers/sctp.rs:4450:49\n     |\n4450 |     pub fn to_bytes_extended(&self, bytes: &mut Vec<u8>) {\n     |                                                 ^^^ not found in this scope\n\nerror[E0412]: cannot find type `Vec` in this scope\n    --> src/layers/sctp.rs:4560:13\n     |\n4560 |     params: Vec<GenericParam>,\n     |             ^^^ not found in this scope\n\nerror[E0412]: cannot find type `Vec` in this scope\n    --> src/layers/sctp.rs:4596:30\n     |\n4596 |     pub fn params(&self) -> &Vec<GenericParam> {\n     |                              ^^^ not found in this scope\n\nerror[E0412]: cannot find type `Vec` in this scope\n    --> src/layers/sctp.rs:4601:42\n     |\n4601 |     pub fn params_mut(&mut self) -> &mut Vec<GenericParam> {\n     |                                          ^^^ not found in this scope\n\nerror[E0412]: cannot find type `Vec` in this scope\n    --> src/layers/sctp.rs:4606:49\n     |\n4606 |     pub fn to_bytes_extended(&self, bytes: &mut Vec<u8>) {\n     |                                                 ^^^ not found in this scope\n\nerror[E0412]: cannot find type `Vec` in this scope\n    --> src/layers/sctp.rs:4794:49\n     |\n4794 |     pub fn to_bytes_extended(&self, bytes: &mut Vec<u8>) {\n     |                                                 ^^^ not found in this scope\n\nerror[E0412]: cannot find type `Vec` in this scope\n    --> src/layers/sctp.rs:4915:11\n     |\n4915 |     tlvs: Vec<GenericParam>,\n     |           ^^^ not found in this scope\n\nerror[E0412]: cannot find type `Vec` in this scope\n    --> src/layers/sctp.rs:4951:30\n     |\n4951 |     pub fn params(&self) -> &Vec<GenericParam> {\n     |                              ^^^ not found in this scope\n\nerror[E0412]: cannot find type `Vec` in this scope\n    --> src/layers/sctp.rs:4956:42\n     |\n4956 |     pub fn params_mut(&mut self) -> &mut Vec<GenericParam> {\n     |                                          ^^^ not found in this scope\n\nerror[E0412]: cannot find type `Vec` in this scope\n    --> src/layers/sctp.rs:4961:49\n     |\n4961 |     pub fn to_bytes_extended(&self, bytes: &mut Vec<u8>) {\n     |                                                 ^^^ not found in this scope\n\nerror[E0412]: cannot find type `Vec` in this scope\n    --> src/layers/sctp.rs:5077:13\n     |\n5077 |     reason: Vec<u8>,\n     |             ^^^ not found in this scope\n\nerror[E0412]: cannot find type `Vec` in this scope\n    --> src/layers/sctp.rs:5113:30\n     |\n5113 |     pub fn reason(&self) -> &Vec<u8> {\n     |                              ^^^ not found in this scope\n\nerror[E0412]: cannot find type `Vec` in this scope\n    --> src/layers/sctp.rs:5118:42\n     |\n5118 |     pub fn reason_mut(&mut self) -> &mut Vec<u8> {\n     |                                          ^^^ not found in this scope\n\nerror[E0412]: cannot find type `Vec` in this scope\n    --> src/layers/sctp.rs:5123:49\n     |\n5123 |     pub fn to_bytes_extended(&self, bytes: &mut Vec<u8>) {\n     |                                                 ^^^ not found in this scope\n\nerror[E0412]: cannot find type `Vec` in this scope\n    --> src/layers/sctp.rs:5232:18\n     |\n5232 |     information: Vec<u8>,\n     |                  ^^^ not found in this scope\n\nerror[E0412]: cannot find type `Vec` in this scope\n    --> src/layers/sctp.rs:5268:35\n     |\n5268 |     pub fn information(&self) -> &Vec<u8> {\n     |                                   ^^^ not found in this scope\n\nerror[E0412]: cannot find type `Vec` in this scope\n    --> src/layers/sctp.rs:5273:47\n     |\n5273 |     pub fn information_mut(&mut self) -> &mut Vec<u8> {\n     |                                               ^^^ not found in this scope\n\nerror[E0412]: cannot find type `Vec` in this scope\n    --> src/layers/sctp.rs:5278:49\n     |\n5278 |     pub fn to_bytes_extended(&self, bytes: &mut Vec<u8>) {\n     |                                                 ^^^ not found in this scope\n\nerror[E0412]: cannot find type `Vec` in this scope\n    --> src/layers/sctp.rs:5404:12\n     |\n5404 |     value: Vec<u8>,\n     |            ^^^ not found in this scope\n\nerror[E0412]: cannot find type `Vec` in this scope\n    --> src/layers/sctp.rs:5447:29\n     |\n5447 |     pub fn value(&self) -> &Vec<u8> {\n     |                             ^^^ not found in this scope\n\nerror[E0412]: cannot find type `Vec` in this scope\n    --> src/layers/sctp.rs:5452:41\n     |\n5452 |     pub fn value_mut(&mut self) -> &mut Vec<u8> {\n     |                                         ^^^ not found in this scope\n\nerror[E0412]: cannot find type `Vec` in this scope\n    --> src/layers/sctp.rs:5457:49\n     |\n5457 |     pub fn to_bytes_extended(&self, bytes: &mut Vec<u8>) {\n     |                                                 ^^^ not found in this scope\n\nerror[E0412]: cannot find type `Vec` in this scope\n    --> src/layers/sctp.rs:5686:49\n     |\n5686 |     pub fn to_bytes_extended(&self, bytes: &mut Vec<u8>) {\n     |                                                 ^^^ not found in this scope\n\nerror[E0412]: cannot find type `Vec` in this scope\n    --> src/layers/sctp.rs:5857:49\n     |\n5857 |     pub fn to_bytes_extended(&self, bytes: &mut Vec<u8>) {\n     |                                                 ^^^ not found in this scope\n\nerror[E0412]: cannot find type `Vec` in this scope\n    --> src/layers/sctp.rs:5969:13\n     |\n5969 |     causes: Vec<ErrorCause>,\n     |             ^^^ not found in this scope\n\nerror[E0412]: cannot find type `Vec` in this scope\n    --> src/layers/sctp.rs:6016:30\n     |\n6016 |     pub fn causes(&self) -> &Vec<ErrorCause> {\n     |                              ^^^ not found in this scope\n\nerror[E0412]: cannot find type `Vec` in this scope\n    --> src/layers/sctp.rs:6021:42\n     |\n6021 |     pub fn set_causes(&mut self) -> &mut Vec<ErrorCause> {\n     |                                          ^^^ not found in this scope\n\nerror[E0412]: cannot find type `Vec` in this scope\n    --> src/layers/sctp.rs:6026:49\n     |\n6026 |     pub fn to_bytes_extended(&self, bytes: &mut Vec<u8>) {\n     |                                                 ^^^ not found in this scope\n\nerror[E0412]: cannot find type `Vec` in this scope\n    --> src/layers/sctp.rs:6159:13\n     |\n6159 |     cookie: Vec<u8>,\n     |             ^^^ not found in this scope\n\nerror[E0412]: cannot find type `Vec` in this scope\n    --> src/layers/sctp.rs:6205:30\n     |\n6205 |     pub fn cookie(&self) -> &Vec<u8> {\n     |                              ^^^ not found in this scope\n\nerror[E0412]: cannot find type `Vec` in this scope\n    --> src/layers/sctp.rs:6210:42\n     |\n6210 |     pub fn cookie_mut(&mut self) -> &mut Vec<u8> {\n     |                                          ^^^ not found in this scope\n\nerror[E0412]: cannot find type `Vec` in this scope\n    --> src/layers/sctp.rs:6215:49\n     |\n6215 |     pub fn to_bytes_extended(&self, bytes: &mut Vec<u8>) {\n     |                                                 ^^^ not found in this scope\n\nerror[E0412]: cannot find type `Vec` in this scope\n    --> src/layers/sctp.rs:6399:49\n     |\n6399 |     pub fn to_bytes_extended(&self, bytes: &mut Vec<u8>) {\n     |                                                 ^^^ not found in this scope\n\nerror[E0412]: cannot find type `Vec` in this scope\n    --> src/layers/sctp.rs:6552:49\n     |\n6552 |     pub fn to_bytes_extended(&self, bytes: &mut Vec<u8>) {\n     |                                                 ^^^ not found in this scope\n\nerror[E0412]: cannot find type `Vec` in this scope\n    --> src/layers/sctp.rs:6710:12\n     |\n6710 |     value: Vec<u8>,\n     |            ^^^ not found in this scope\n\nerror[E0412]: cannot find type `Vec` in this scope\n    --> src/layers/sctp.rs:6756:29\n     |\n6756 |     pub fn value(&self) -> &Vec<u8> {\n     |                             ^^^ not found in this scope\n\nerror[E0412]: cannot find type `Vec` in this scope\n    --> src/layers/sctp.rs:6761:41\n     |\n6761 |     pub fn value_mut(&mut self) -> &mut Vec<u8> {\n     |                                         ^^^ not found in this scope\n\nerror[E0412]: cannot find type `Vec` in this scope\n    --> src/layers/sctp.rs:6766:49\n     |\n6766 |     pub fn to_bytes_extended(&self, bytes: &mut Vec<u8>) {\n     |                                                 ^^^ not found in this scope\n\nerror[E0412]: cannot find type `Box` in this scope\n    --> src/layers/sctp.rs:6940:14\n     |\n6940 |     payload: Box<dyn LayerObject>,\n     |              ^^^ not found in this scope\n\nerror[E0412]: cannot find type `Box` in this scope\n    --> src/layers/sctp.rs:7060:43\n     |\n7060 |     pub fn payload_mut(&mut self) -> &mut Box<dyn LayerObject> {\n     |                                           ^^^ not found in this scope\n\nerror[E0412]: cannot find type `Vec` in this scope\n    --> src/layers/sctp.rs:7067:46\n     |\n7067 |     fn to_bytes_chksummed(&self, bytes: &mut Vec<u8>, _prev: Option<(LayerId, usize)>) {\n     |                                              ^^^ not found in this scope\n\nerror[E0412]: cannot find type `Box` in this scope\n  --> src/layers/tcp.rs:63:21\n   |\n63 |     payload: Option<Box<dyn LayerObject>>,\n   |                     ^^^ not found in this scope\n\nerror[E0405]: cannot find trait `CustomLayerSelection` in this scope\n  --> src/layers/tcp.rs:50:31\n   |\n50 | #[derive(Clone, Debug, Layer, StatelessLayer)]\n   |                               ^^^^^^^^^^^^^^ not found in this scope\n   |\n   = note: this error originates in the derive macro `StatelessLayer` (in Nightly builds, run with -Z macro-backtrace for more info)\n\nerror[E0412]: cannot find type `Box` in this scope\n   --> src/layers/tcp.rs:245:50\n    |\n245 |     fn set_payload_unchecked(&mut self, payload: Box<dyn LayerObject>) {\n    |                                                  ^^^ not found in this scope\n\nerror[E0412]: cannot find type `Box` in this scope\n   --> src/layers/tcp.rs:255:37\n    |\n255 |     fn remove_payload(&mut self) -> Box<dyn LayerObject> {\n    |                                     ^^^ not found in this scope\n\nerror[E0412]: cannot find type `Vec` in this scope\n   --> src/layers/tcp.rs:265:46\n    |\n265 |     fn to_bytes_chksummed(&self, bytes: &mut Vec<u8>, prev: Option<(LayerId, usize)>) {\n    |                                              ^^^ not found in this scope\n\nerror[E0412]: cannot find type `Vec` in this scope\n   --> src/layers/tcp.rs:376:30\n    |\n376 | #[derive(Clone, Copy, Debug, LayerRef, StatelessLayer)]\n    |                              ^^^^^^^^ not found in this scope\n    |\n    = note: this error originates in the derive macro `LayerRef` (in Nightly builds, run with -Z macro-backtrace for more info)\n\nerror[E0412]: cannot find type `Vec` in this scope\n   --> src/layers/tcp.rs:555:17\n    |\n555 | #[derive(Debug, LayerMut, StatelessLayer)]\n    |                 ^^^^^^^^ not found in this scope\n    |\n    = note: this error originates in the derive macro `LayerMut` (in Nightly builds, run with -Z macro-backtrace for more info)\n\nerror[E0412]: cannot find type `Vec` in this scope\n    --> src/layers/tcp.rs:1070:21\n     |\n1070 |     options: Option<Vec<TcpOption>>,\n     |                     ^^^ not found in this scope\n\nerror[E0412]: cannot find type `Vec` in this scope\n    --> src/layers/tcp.rs:1071:21\n     |\n1071 |     padding: Option<Vec<u8>>,\n     |                     ^^^ not found in this scope\n\nerror[E0412]: cannot find type `Vec` in this scope\n    --> src/layers/tcp.rs:1111:50\n     |\n1111 |     pub fn options_mut(&mut self) -> &mut Option<Vec<TcpOption>> {\n     |                                                  ^^^ not found in this scope\n\nerror[E0412]: cannot find type `Vec` in this scope\n    --> src/layers/tcp.rs:1124:50\n     |\n1124 |     pub fn padding_mut(&mut self) -> &mut Option<Vec<u8>> {\n     |                                                  ^^^ not found in this scope\n\nerror[E0412]: cannot find type `Vec` in this scope\n    --> src/layers/tcp.rs:1128:49\n     |\n1128 |     pub fn to_bytes_extended(&self, bytes: &mut Vec<u8>) {\n     |                                                 ^^^ not found in this scope\n\nerror[E0412]: cannot find type `Vec` in this scope\n    --> src/layers/tcp.rs:1290:19\n     |\n1290 |     value: Option<Vec<u8>>,\n     |                   ^^^ not found in this scope\n\nerror[E0412]: cannot find type `Vec` in this scope\n    --> src/layers/tcp.rs:1348:49\n     |\n1348 |     pub fn to_bytes_extended(&self, bytes: &mut Vec<u8>) {\n     |                                                 ^^^ not found in this scope\n\nerror[E0412]: cannot find type `Vec` in this scope\n   --> src/layers/traits.rs:136:46\n    |\n136 |     fn to_bytes_chksummed(&self, bytes: &mut Vec<u8>, prev: Option<(LayerId, usize)>);\n    |                                              ^^^ not found in this scope\n\nerror[E0412]: cannot find type `Vec` in this scope\n   --> src/layers/traits.rs:147:27\n    |\n147 |     fn to_bytes(&self) -> Vec<u8> {\n    |                           ^^^ not found in this scope\n\nerror[E0412]: cannot find type `Box` in this scope\n   --> src/layers/traits.rs:187:40\n    |\n187 |     fn set_payload(&mut self, payload: Box<dyn LayerObject>) -> Result<(), ValidationError> {\n    |                                        ^^^ not found in this scope\n\nerror[E0412]: cannot find type `Box` in this scope\n   --> src/layers/traits.rs:208:37\n    |\n208 |     fn remove_payload(&mut self) -> Box<dyn LayerObject>;\n    |                                     ^^^ not found in this scope\n\nerror[E0412]: cannot find type `Box` in this scope\n   --> src/layers/traits.rs:224:50\n    |\n224 |     fn set_payload_unchecked(&mut self, payload: Box<dyn LayerObject>);\n    |                                                  ^^^ not found in this scope\n\nerror[E0412]: cannot find type `Vec` in this scope\n   --> src/layers/traits.rs:478:12\n    |\n478 |     + Into<Vec<u8>>\n    |            ^^^ not found in this scope\n\nerror[E0412]: cannot find type `Vec` in this scope\n   --> src/layers/traits.rs:562:12\n    |\n562 |     + Into<Vec<u8>>\n    |            ^^^ not found in this scope\n\nerror[E0412]: cannot find type `Box` in this scope\n   --> src/layers/traits.rs:893:38\n    |\n893 |         fn into_boxed_layer(self) -> Box<dyn LayerObject>;\n    |                                      ^^^ not found in this scope\n\nerror[E0412]: cannot find type `Box` in this scope\n   --> src/layers/traits.rs:895:37\n    |\n895 |         fn to_boxed_layer(&self) -> Box<dyn LayerObject>;\n    |                                     ^^^ not found in this scope\n\nerror[E0412]: cannot find type `Box` in this scope\n   --> src/layers/traits.rs:903:38\n    |\n903 |         fn into_boxed_layer(self) -> Box<dyn LayerObject> {\n    |                                      ^^^ not found in this scope\n\nerror[E0412]: cannot find type `Box` in this scope\n   --> src/layers/traits.rs:908:37\n    |\n908 |         fn to_boxed_layer(&self) -> Box<dyn LayerObject> {\n    |                                     ^^^ not found in this scope\n\nerror[E0412]: cannot find type `Box` in this scope\n   --> src/layers/traits.rs:925:20\n    |\n925 |     impl Clone for Box<dyn LayerObject> {\n    |                    ^^^ not found in this scope\n\nerror[E0412]: cannot find type `Box` in this scope\n   --> src/layers/traits.rs:967:20\n    |\n967 |             other: Box<dyn LayerObject>,\n    |                    ^^^ not found in this scope\n\nerror[E0412]: cannot find type `Box` in this scope\n   --> src/layers/traits.rs:982:55\n    |\n982 |         fn appended_with_boxed_unchecked(self, other: Box<dyn LayerObject>) -> Self::Output {\n    |                                                       ^^^ not found in this scope\n\nerror[E0412]: cannot find type `Box` in this scope\n  --> src/layers/udp.rs:51:21\n   |\n51 |     payload: Option<Box<dyn LayerObject>>,\n   |                     ^^^ not found in this scope\n\nerror[E0405]: cannot find trait `CustomLayerSelection` in this scope\n  --> src/layers/udp.rs:44:31\n   |\n44 | #[derive(Clone, Debug, Layer, StatelessLayer)]\n   |                               ^^^^^^^^^^^^^^ not found in this scope\n   |\n   = note: this error originates in the derive macro `StatelessLayer` (in Nightly builds, run with -Z macro-backtrace for more info)\n\nerror[E0412]: cannot find type `Box` in this scope\n   --> src/layers/udp.rs:149:50\n    |\n149 |     fn set_payload_unchecked(&mut self, payload: Box<dyn LayerObject>) {\n    |                                                  ^^^ not found in this scope\n\nerror[E0412]: cannot find type `Box` in this scope\n   --> src/layers/udp.rs:159:37\n    |\n159 |     fn remove_payload(&mut self) -> Box<dyn LayerObject> {\n    |                                     ^^^ not found in this scope\n\nerror[E0412]: cannot find type `Vec` in this scope\n   --> src/layers/udp.rs:169:46\n    |\n169 |     fn to_bytes_chksummed(&self, bytes: &mut Vec<u8>, prev: Option<(LayerId, usize)>) {\n    |                                              ^^^ not found in this scope\n\nerror[E0412]: cannot find type `Vec` in this scope\n   --> src/layers/udp.rs:260:24\n    |\n260 | #[derive(Clone, Debug, LayerRef, StatelessLayer)]\n    |                        ^^^^^^^^ not found in this scope\n    |\n    = note: this error originates in the derive macro `LayerRef` (in Nightly builds, run with -Z macro-backtrace for more info)\n\nerror[E0412]: cannot find type `Vec` in this scope\n   --> src/layers/udp.rs:407:17\n    |\n407 | #[derive(Debug, LayerMut, StatelessLayer)]\n    |                 ^^^^^^^^ not found in this scope\n    |\n    = note: this error originates in the derive macro `LayerMut` (in Nightly builds, run with -Z macro-backtrace for more info)\n\nerror[E0412]: cannot find type `Vec` in this scope\n  --> src/layers.rs:66:11\n   |\n66 |     data: Vec<u8>,\n   |           ^^^ not found in this scope\n\nerror[E0412]: cannot find type `Box` in this scope\n  --> src/layers.rs:68:21\n   |\n68 |     payload: Option<Box<dyn LayerObject>>,\n   |                     ^^^ not found in this scope\n\nerror[E0405]: cannot find trait `CustomLayerSelection` in this scope\n  --> src/layers.rs:62:31\n   |\n62 | #[derive(Clone, Debug, Layer, StatelessLayer)]\n   |                               ^^^^^^^^^^^^^^ not found in this scope\n   |\n   = note: this error originates in the derive macro `StatelessLayer` (in Nightly builds, run with -Z macro-backtrace for more info)\n\nerror[E0412]: cannot find type `Box` in this scope\n  --> src/layers.rs:99:50\n   |\n99 |     fn set_payload_unchecked(&mut self, payload: Box<dyn LayerObject>) {\n   |                                                  ^^^ not found in this scope\n\nerror[E0412]: cannot find type `Box` in this scope\n   --> src/layers.rs:109:37\n    |\n109 |     fn remove_payload(&mut self) -> Box<dyn LayerObject> {\n    |                                     ^^^ not found in this scope\n\nerror[E0412]: cannot find type `Vec` in this scope\n   --> src/layers.rs:117:46\n    |\n117 |     fn to_bytes_chksummed(&self, bytes: &mut Vec<u8>, _prev: Option<(LayerId, usize)>) {\n    |                                              ^^^ not found in this scope\n\nerror[E0412]: cannot find type `Vec` in this scope\n   --> src/layers.rs:145:28\n    |\n145 |     pub fn data(&self) -> &Vec<u8> {\n    |                            ^^^ not found in this scope\n\nerror[E0412]: cannot find type `Vec` in this scope\n   --> src/layers.rs:151:40\n    |\n151 |     pub fn data_mut(&mut self) -> &mut Vec<u8> {\n    |                                        ^^^ not found in this scope\n\nerror[E0412]: cannot find type `Vec` in this scope\n   --> src/layers.rs:171:24\n    |\n171 | #[derive(Clone, Debug, LayerRef, StatelessLayer)]\n    |                        ^^^^^^^^ not found in this scope\n    |\n    = note: this error originates in the derive macro `LayerRef` (in Nightly builds, run with -Z macro-backtrace for more info)\n\nerror[E0412]: cannot find type `Vec` in this scope\n   --> src/layers.rs:228:17\n    |\n228 | #[derive(Debug, LayerMut, StatelessLayer)]\n    |                 ^^^^^^^^ not found in this scope\n    |\n    = note: this error originates in the derive macro `LayerMut` (in Nightly builds, run with -Z macro-backtrace for more info)\n\nerror[E0412]: cannot find type `DataChunkFlags` in this scope\n   --> src/sequence.rs:935:74\n    |\n935 |     pub fn put(&mut self, data: &[u8], stream_seq: u16, tsn: u32, flags: DataChunkFlags) {\n    |                                                                          ^^^^^^^^^^^^^^ not found in this scope\n    |\nhelp: consider importing this struct\n    |\n50  + use crate::layers::sctp::DataChunkFlags;\n    |\n\nerror[E0433]: failed to resolve: use of undeclared crate or module `utils`\n    --> src/sequence.rs:1335:13\n     |\n1335 |             utils::to_array(self.data, 0)\n     |             ^^^^^ use of undeclared crate or module `utils`\n     |\nhelp: consider importing this module\n     |\n50   + use crate::utils;\n     |\n\nerror[E0433]: failed to resolve: use of undeclared crate or module `utils`\n    --> src/sequence.rs:1342:13\n     |\n1342 |             utils::to_array(self.data, 2).expect(\"internal error: FragHeader::tsn() out of bounds\"),\n     |             ^^^^^ use of undeclared crate or module `utils`\n     |\nhelp: consider importing this module\n     |\n50   + use crate::utils;\n     |\n\nerror[E0433]: failed to resolve: use of undeclared crate or module `utils`\n    --> src/sequence.rs:1360:13\n     |\n1360 |             utils::to_array(self.data, next_offset)\n     |             ^^^^^ use of undeclared crate or module `utils`\n     |\nhelp: consider importing this module\n     |\n50   + use crate::utils;\n     |\n\nerror[E0412]: cannot find type `Vec` in this scope\n   --> src/utils.rs:107:11\n    |\n107 |     bits: Vec<u64>,\n    |           ^^^ not found in this scope\n\nwarning: unused import: `RawRef`\n  --> src/layers/mysql.rs:14:18\n   |\n14 | use super::{Raw, RawRef};\n   |                  ^^^^^^\n   |\n   = note: `#[warn(unused_imports)]` on by default\n\nwarning: unused import: `LayerMut`\n  --> src/layers/psql.rs:17:26\n   |\n17 | use pkts_macros::{Layer, LayerMut, LayerRef, StatelessLayer};\n   |                          ^^^^^^^^\n\nwarning: unnecessary parentheses around const expression\n    --> src/sequence.rs:1088:15\n     |\n1088 |     buf: [u8; (65536 * 2)], // Must be this size to handle the case where a packet of size 65535 is fragmented into fragments of minimum ...\n     |               ^         ^\n     |\n     = note: `#[warn(unused_parens)]` on by default\nhelp: remove these parentheses\n     |\n1088 -     buf: [u8; (65536 * 2)], // Must be this size to handle the case where a packet of size 65535 is fragmented into fragments of minimum length (4 bytes, assuming padding is used efficiently)\n1088 +     buf: [u8; 65536 * 2], // Must be this size to handle the case where a packet of size 65535 is fragmented into fragments of minimum length (4 bytes, assuming padding is used efficiently)\n     |\n\nerror[E0433]: failed to resolve: use of undeclared type `Vec`\n   --> src/layers/diameter.rs:126:29\n    |\n126 |                 let mut v = Vec::new();\n    |                             ^^^ use of undeclared type `Vec`\n\nerror[E0433]: failed to resolve: use of undeclared type `Vec`\n   --> src/layers/diameter.rs:215:30\n    |\n215 | #[derive(Clone, Copy, Debug, LayerRef, StatelessLayer)]\n    |                              ^^^^^^^^ use of undeclared type `Vec`\n    |\n    = note: this error originates in the derive macro `LayerRef` (in Nightly builds, run with -Z macro-backtrace for more info)\n\nerror[E0433]: failed to resolve: use of undeclared type `Vec`\n   --> src/layers/diameter.rs:508:24\n    |\n508 |         let mut avps = Vec::new();\n    |                        ^^^ use of undeclared type `Vec`\n\nerror[E0433]: failed to resolve: use of undeclared type `Vec`\n   --> src/layers/diameter.rs:607:30\n    |\n607 | #[derive(Clone, Copy, Debug, LayerRef, StatelessLayer)]\n    |                              ^^^^^^^^ use of undeclared type `Vec`\n    |\n    = note: this error originates in the derive macro `LayerRef` (in Nightly builds, run with -Z macro-backtrace for more info)\n\nerror[E0433]: failed to resolve: use of undeclared type `Vec`\n    --> src/layers/diameter.rs:1098:21\n     |\n1098 |         let mut v = Vec::new();\n     |                     ^^^ use of undeclared type `Vec`\n\nerror[E0433]: failed to resolve: use of undeclared type `Vec`\n    --> src/layers/diameter.rs:1701:21\n     |\n1701 |         let mut v = Vec::new();\n     |                     ^^^ use of undeclared type `Vec`\n\nerror[E0433]: failed to resolve: use of undeclared type `Vec`\n    --> src/layers/diameter.rs:1739:19\n     |\n1739 |             data: Vec::from(value.data()),\n     |                   ^^^ use of undeclared type `Vec`\n\nerror[E0433]: failed to resolve: use of undeclared type `Vec`\n  --> src/layers/example.rs:70:30\n   |\n70 | #[derive(Copy, Clone, Debug, LayerRef, StatelessLayer)]\n   |                              ^^^^^^^^ use of undeclared type `Vec`\n   |\n   = note: this error originates in the derive macro `LayerRef` (in Nightly builds, run with -Z macro-backtrace for more info)\n\nerror[E0433]: failed to resolve: use of undeclared type `Box`\n   --> src/layers/ip.rs:726:40\n    |\n726 |                 DATA_PROTO_TCP => Some(Box::new(Tcp::from_bytes_unchecked(ipv4.payload_raw()))),\n    |                                        ^^^ use of undeclared type `Box`\n\nerror[E0433]: failed to resolve: use of undeclared type `Box`\n   --> src/layers/ip.rs:727:40\n    |\n727 |                 DATA_PROTO_UDP => Some(Box::new(Udp::from_bytes_unchecked(ipv4.payload_raw()))),\n    |                                        ^^^ use of undeclared type `Box`\n\nerror[E0433]: failed to resolve: use of undeclared type `Box`\n   --> src/layers/ip.rs:728:41\n    |\n728 |                 DATA_PROTO_SCTP => Some(Box::new(Sctp::from_bytes_unchecked(ipv4.payload_raw()))),\n    |                                         ^^^ use of undeclared type `Box`\n\nerror[E0433]: failed to resolve: use of undeclared type `Box`\n   --> src/layers/ip.rs:730:27\n    |\n730 |                 _ => Some(Box::new(Raw::from_bytes_unchecked(ipv4.payload_raw()))),\n    |                           ^^^ use of undeclared type `Box`\n\nerror[E0433]: failed to resolve: use of undeclared type `Vec`\n   --> src/layers/ip.rs:848:30\n    |\n848 | #[derive(Copy, Clone, Debug, LayerRef, StatelessLayer)]\n    |                              ^^^^^^^^ use of undeclared type `Vec`\n    |\n    = note: this error originates in the derive macro `LayerRef` (in Nightly builds, run with -Z macro-backtrace for more info)\n\nerror[E0433]: failed to resolve: use of undeclared type `Vec`\n    --> src/layers/ip.rs:1268:17\n     |\n1268 | #[derive(Debug, LayerMut, StatelessLayer)]\n     |                 ^^^^^^^^ use of undeclared type `Vec`\n     |\n     = note: this error originates in the derive macro `LayerMut` (in Nightly builds, run with -Z macro-backtrace for more info)\n\nerror[E0433]: failed to resolve: use of undeclared type `Vec`\n    --> src/layers/ip.rs:1800:21\n     |\n1800 |         let mut v = Vec::new();\n     |                     ^^^ use of undeclared type `Vec`\n\nerror[E0433]: failed to resolve: use of undeclared type `Vec`\n    --> src/layers/ip.rs:1828:28\n     |\n1828 |             let mut opts = Vec::new();\n     |                            ^^^ use of undeclared type `Vec`\n\nerror[E0433]: failed to resolve: use of undeclared type `Vec`\n    --> src/layers/ip.rs:1835:46\n     |\n1835 |                 padding => (Some(opts), Some(Vec::from(padding))),\n     |                                              ^^^ use of undeclared type `Vec`\n\nerror[E0433]: failed to resolve: use of undeclared type `Vec`\n    --> src/layers/ip.rs:2103:21\n     |\n2103 |         let mut v = Vec::new();\n     |                     ^^^ use of undeclared type `Vec`\n\nerror[E0433]: failed to resolve: use of undeclared type `Vec`\n    --> src/layers/ip.rs:2174:27\n     |\n2174 |                 _ => Some(Vec::from(ipv4_option.option_data())),\n     |                           ^^^ use of undeclared type `Vec`\n\nerror[E0433]: failed to resolve: use of undeclared type `Box`\n    --> src/layers/ip.rs:2481:40\n     |\n2481 |                 DATA_PROTO_TCP => Some(Box::new(Tcp::from_bytes_unchecked(ipv6.payload_raw()))),\n     |                                        ^^^ use of undeclared type `Box`\n\nerror[E0433]: failed to resolve: use of undeclared type `Box`\n    --> src/layers/ip.rs:2482:40\n     |\n2482 |                 DATA_PROTO_UDP => Some(Box::new(Udp::from_bytes_unchecked(ipv6.payload_raw()))),\n     |                                        ^^^ use of undeclared type `Box`\n\nerror[E0433]: failed to resolve: use of undeclared type `Box`\n    --> src/layers/ip.rs:2483:41\n     |\n2483 |                 DATA_PROTO_SCTP => Some(Box::new(Sctp::from_bytes_unchecked(ipv6.payload_raw()))),\n     |                                         ^^^ use of undeclared type `Box`\n\nerror[E0433]: failed to resolve: use of undeclared type `Box`\n    --> src/layers/ip.rs:2485:27\n     |\n2485 |                 _ => Some(Box::new(Raw::from_bytes_unchecked(ipv6.payload_raw()))),\n     |                           ^^^ use of undeclared type `Box`\n\nerror[E0433]: failed to resolve: use of undeclared type `Vec`\n    --> src/layers/ip.rs:2597:30\n     |\n2597 | #[derive(Copy, Clone, Debug, LayerRef, StatelessLayer)]\n     |                              ^^^^^^^^ use of undeclared type `Vec`\n     |\n     = note: this error originates in the derive macro `LayerRef` (in Nightly builds, run with -Z macro-backtrace for more info)\n\nerror[E0433]: failed to resolve: use of undeclared type `Vec`\n    --> src/layers/ip.rs:2858:17\n     |\n2858 | #[derive(Debug, LayerMut, StatelessLayer)]\n     |                 ^^^^^^^^ use of undeclared type `Vec`\n     |\n     = note: this error originates in the derive macro `LayerMut` (in Nightly builds, run with -Z macro-backtrace for more info)\n\nerror[E0433]: failed to resolve: use of undeclared type `Box`\n  --> src/layers/l2.rs:80:26\n   |\n80 |                     Some(Box::new(Ipv4::from_bytes_unchecked(ether.payload_raw())))\n   |                          ^^^ use of undeclared type `Box`\n\nerror[E0433]: failed to resolve: use of undeclared type `Box`\n  --> src/layers/l2.rs:83:27\n   |\n83 |                 _ => Some(Box::new(Raw::from_bytes_unchecked(ether.payload_raw()))),\n   |                           ^^^ use of undeclared type `Box`\n\nerror[E0433]: failed to resolve: use of undeclared type `Vec`\n   --> src/layers/l2.rs:177:30\n    |\n177 | #[derive(Copy, Clone, Debug, LayerRef, StatelessLayer)]\n    |                              ^^^^^^^^ use of undeclared type `Vec`\n    |\n    = note: this error originates in the derive macro `LayerRef` (in Nightly builds, run with -Z macro-backtrace for more info)\n\nerror[E0433]: failed to resolve: use of undeclared type `Vec`\n   --> src/layers/l2.rs:299:17\n    |\n299 | #[derive(Debug, LayerMut, StatelessLayer)]\n    |                 ^^^^^^^^ use of undeclared type `Vec`\n    |\n    = note: this error originates in the derive macro `LayerMut` (in Nightly builds, run with -Z macro-backtrace for more info)\n\nerror[E0433]: failed to resolve: use of undeclared type `Box`\n  --> src/layers/mysql.rs:65:29\n   |\n65 |         self.payload = Some(Box::new(Raw::from_bytes_unchecked(bytes)));\n   |                             ^^^ use of undeclared type `Box`\n\nerror[E0433]: failed to resolve: use of undeclared type `Vec`\n   --> src/layers/mysql.rs:135:30\n    |\n135 | #[derive(Copy, Clone, Debug, LayerRef, StatelessLayer)]\n    |                              ^^^^^^^^ use of undeclared type `Vec`\n    |\n    = note: this error originates in the derive macro `LayerRef` (in Nightly builds, run with -Z macro-backtrace for more info)\n\nerror[E0433]: failed to resolve: use of undeclared type `Vec`\n   --> src/layers/mysql.rs:293:30\n    |\n293 | #[derive(Copy, Clone, Debug, LayerRef)]\n    |                              ^^^^^^^^ use of undeclared type `Vec`\n    |\n    = note: this error originates in the derive macro `LayerRef` (in Nightly builds, run with -Z macro-backtrace for more info)\n\nerror[E0689]: can't call method `to_be_bytes` on ambiguous numeric type `{integer}`\n   --> src/layers/psql.rs:352:51\n    |\n352 |         bytes.extend((4 + self.data.len() as i32).to_be_bytes());\n    |                                                   ^^^^^^^^^^^\n\nerror[E0433]: failed to resolve: use of undeclared type `Vec`\n    --> src/layers/psql.rs:1069:30\n     |\n1069 | #[derive(Clone, Copy, Debug, LayerRef, StatelessLayer)]\n     |                              ^^^^^^^^ use of undeclared type `Vec`\n     |\n     = note: this error originates in the derive macro `LayerRef` (in Nightly builds, run with -Z macro-backtrace for more info)\n\nerror[E0433]: failed to resolve: use of undeclared type `Vec`\n    --> src/layers/psql.rs:2764:30\n     |\n2764 | #[derive(Copy, Clone, Debug, LayerRef, StatelessLayer)]\n     |                              ^^^^^^^^ use of undeclared type `Vec`\n     |\n     = note: this error originates in the derive macro `LayerRef` (in Nightly builds, run with -Z macro-backtrace for more info)\n\nerror[E0599]: the method `appended_with` exists for struct `Sctp`, but its trait bounds were not satisfied\n   --> src/layers/sctp.rs:97:24\n    |\n97  | #[derive(Clone, Debug, Layer, StatelessLayer)]\n    |                        ^^^^^ method cannot be called on `Sctp` due to unsatisfied trait bounds\n...\n100 | pub struct Sctp {\n    | --------------- method `appended_with` not found for this struct because it doesn't satisfy `Sctp: Sized`, `Sctp: extras::BaseLayerAppendBoxed` or `Sctp: traits::BaseLayerAppend`\n    |\nnote: the following trait bounds were not satisfied:\n      `&Sctp: extras::BaseLayerAppendBoxed`\n      `&mut Sctp: extras::BaseLayerAppendBoxed`\n      `Sctp: Sized`\n      `Sctp: extras::BaseLayerAppendBoxed`\n   --> src/layers/traits.rs:120:6\n    |\n120 | impl<T: BaseLayerAppendBoxed> BaseLayerAppend for T {}\n    |      ^  ^^^^^^^^^^^^^^^^^^^^  ---------------     -\n    |      |  |\n    |      |  unsatisfied trait bound introduced here\n    |      unsatisfied trait bound introduced here\nnote: the traits `Sized` and `extras::BaseLayerAppendBoxed` must be implemented\n   --> src/layers/traits.rs:951:5\n    |\n951 |     pub trait BaseLayerAppendBoxed: BaseLayer + IntoLayer + Sized + ToOwnedLayer {\n    |     ^^^^^^^^^^^^^^^^^^^^^^^^^^^^^^^^^^^^^^^^^^^^^^^^^^^^^^^^^^^^^^^^^^^^^^^^^^^^\n    |\n   ::: /Users/graysonnocera/.rustup/toolchains/stable-aarch64-apple-darwin/lib/rustlib/src/rust/library/core/src/marker.rs:145:1\n    |\n145 | pub trait Sized {\n    | ^^^^^^^^^^^^^^^\n    = help: items from traits can only be used if the trait is implemented and in scope\nnote: `traits::BaseLayerAppend` defines an item `appended_with`, perhaps you need to implement it\n   --> src/layers/traits.rs:80:1\n    |\n80  | pub trait BaseLayerAppend: BaseLayerAppendBoxed {\n    | ^^^^^^^^^^^^^^^^^^^^^^^^^^^^^^^^^^^^^^^^^^^^^^^\n    = note: this error originates in the derive macro `Layer` (in Nightly builds, run with -Z macro-backtrace for more info)\nhelp: consider relaxing the type parameter's implicit `Sized` bound\n   --> src/layers/traits.rs:120:8\n    |\n120 | impl<T: ?Sized + BaseLayerAppendBoxed> BaseLayerAppend for T {}\n    |         ++++++++\n\nerror[E0599]: the method `append_layer` exists for mutable reference `&mut Sctp`, but its trait bounds were not satisfied\n   --> src/layers/sctp.rs:97:24\n    |\n97  | #[derive(Clone, Debug, Layer, StatelessLayer)]\n    |                        ^^^^^ method cannot be called on `&mut Sctp` due to unsatisfied trait bounds\n...\n100 | pub struct Sctp {\n    | --------------- doesn't satisfy `Sctp: Sized`, `Sctp: traits::BaseLayerAppend` or `Sctp: traits::LayerAppend`\n    |\nnote: the following trait bounds were not satisfied:\n      `&mut Sctp: traits::BaseLayerAppend`\n      `&mut Sctp: traits::LayerObject`\n      `Sctp: Sized`\n      `Sctp: traits::BaseLayerAppend`\n   --> src/layers/traits.rs:392:6\n    |\n392 | impl<T: BaseLayerAppend + LayerObject> LayerAppend for T {}\n    |      ^  ^^^^^^^^^^^^^^^   ^^^^^^^^^^^  -----------     -\n    |      |  |                 |\n    |      |  |                 unsatisfied trait bound introduced here\n    |      |  unsatisfied trait bound introduced here\n    |      unsatisfied trait bound introduced here\nnote: the traits `Sized` and `traits::BaseLayerAppend` must be implemented\n   --> src/layers/traits.rs:80:1\n    |\n80  | pub trait BaseLayerAppend: BaseLayerAppendBoxed {\n    | ^^^^^^^^^^^^^^^^^^^^^^^^^^^^^^^^^^^^^^^^^^^^^^^\n    |\n   ::: /Users/graysonnocera/.rustup/toolchains/stable-aarch64-apple-darwin/lib/rustlib/src/rust/library/core/src/marker.rs:145:1\n    |\n145 | pub trait Sized {\n    | ^^^^^^^^^^^^^^^\n    = help: items from traits can only be used if the trait is implemented and in scope\nnote: `traits::LayerAppend` defines an item `append_layer`, perhaps you need to implement it\n   --> src/layers/traits.rs:357:1\n    |\n357 | pub trait LayerAppend: BaseLayerAppend + LayerObject {\n    | ^^^^^^^^^^^^^^^^^^^^^^^^^^^^^^^^^^^^^^^^^^^^^^^^^^^^\n    = note: this error originates in the derive macro `Layer` (in Nightly builds, run with -Z macro-backtrace for more info)\nhelp: consider relaxing the type parameter's implicit `Sized` bound\n   --> src/layers/traits.rs:392:8\n    |\n392 | impl<T: ?Sized + BaseLayerAppend + LayerObject> LayerAppend for T {}\n    |         ++++++++\nhelp: consider relaxing the type parameter's implicit `Sized` bound\n   --> src/layers/traits.rs:392:8\n    |\n392 | impl<T: ?Sized + BaseLayerAppend + LayerObject> LayerAppend for T {}\n    |         ++++++++\n\nerror[E0599]: the method `get_layer` exists for reference `&Sctp`, but its trait bounds were not satisfied\n   --> src/layers/sctp.rs:97:24\n    |\n97  | #[derive(Clone, Debug, Layer, StatelessLayer)]\n    |                        ^^^^^ method cannot be called on `&Sctp` due to unsatisfied trait bounds\n...\n100 | pub struct Sctp {\n    | --------------- doesn't satisfy `Sctp: Sized` or `Sctp: traits::LayerIndex`\n    |\nnote: the following trait bounds were not satisfied:\n      `&Sctp: traits::LayerObject`\n      `Sctp: Sized`\n   --> src/layers/traits.rs:354:6\n    |\n354 | impl<T: LayerObject> LayerIndex for T {}\n    |      ^  ^^^^^^^^^^^  ----------     -\n    |      |  |\n    |      |  unsatisfied trait bound introduced here\n    |      unsatisfied trait bound introduced here\nnote: the trait `Sized` must be implemented\n   --> /Users/graysonnocera/.rustup/toolchains/stable-aarch64-apple-darwin/lib/rustlib/src/rust/library/core/src/marker.rs:145:1\n    |\n145 | pub trait Sized {\n    | ^^^^^^^^^^^^^^^\n    = help: items from traits can only be used if the trait is implemented and in scope\n    = note: the following traits define an item `get_layer`, perhaps you need to implement one of them:\n            candidate #1: `traits::LayerIndex`\n            candidate #2: `traits::LayerRefIndex`\n    = note: this error originates in the derive macro `Layer` (in Nightly builds, run with -Z macro-backtrace for more info)\nhelp: consider relaxing the type parameter's implicit `Sized` bound\n   --> src/layers/traits.rs:354:8\n    |\n354 | impl<T: ?Sized + LayerObject> LayerIndex for T {}\n    |         ++++++++\nhelp: consider relaxing the type parameter's implicit `Sized` bound\n   --> src/layers/traits.rs:354:8\n    |\n354 | impl<T: ?Sized + LayerObject> LayerIndex for T {}\n    |         ++++++++\n\nerror[E0599]: the method `get_layer_mut` exists for mutable reference `&mut Sctp`, but its trait bounds were not satisfied\n   --> src/layers/sctp.rs:97:24\n    |\n97  | #[derive(Clone, Debug, Layer, StatelessLayer)]\n    |                        ^^^^^\n...\n100 | pub struct Sctp {\n    | --------------- doesn't satisfy `Sctp: Sized` or `Sctp: traits::LayerIndex`\n    |\nnote: the following trait bounds were not satisfied:\n      `&mut Sctp: traits::LayerObject`\n      `Sctp: Sized`\n   --> src/layers/traits.rs:354:6\n    |\n354 | impl<T: LayerObject> LayerIndex for T {}\n    |      ^  ^^^^^^^^^^^  ----------     -\n    |      |  |\n    |      |  unsatisfied trait bound introduced here\n    |      unsatisfied trait bound introduced here\nnote: the trait `Sized` must be implemented\n   --> /Users/graysonnocera/.rustup/toolchains/stable-aarch64-apple-darwin/lib/rustlib/src/rust/library/core/src/marker.rs:145:1\n    |\n145 | pub trait Sized {\n    | ^^^^^^^^^^^^^^^\n    = help: items from traits can only be used if the trait is implemented and in scope\n    = note: the following traits define an item `get_layer_mut`, perhaps you need to implement one of them:\n            candidate #1: `traits::LayerIndex`\n            candidate #2: `traits::LayerMutIndex`\n    = note: this error originates in the derive macro `Layer` (in Nightly builds, run with -Z macro-backtrace for more info)\nhelp: consider relaxing the type parameter's implicit `Sized` bound\n   --> src/layers/traits.rs:354:8\n    |\n354 | impl<T: ?Sized + LayerObject> LayerIndex for T {}\n    |         ++++++++\nhelp: consider relaxing the type parameter's implicit `Sized` bound\n   --> src/layers/traits.rs:354:8\n    |\n354 | impl<T: ?Sized + LayerObject> LayerIndex for T {}\n    |         ++++++++\n\nerror[E0433]: failed to resolve: use of undeclared type `Vec`\n   --> src/layers/sctp.rs:274:34\n    |\n274 |         let mut control_chunks = Vec::new();\n    |                                  ^^^ use of undeclared type `Vec`\n\nerror[E0433]: failed to resolve: use of undeclared type `Vec`\n   --> src/layers/sctp.rs:280:34\n    |\n280 |         let mut payload_chunks = Vec::new();\n    |                                  ^^^ use of undeclared type `Vec`\n\nerror[E0433]: failed to resolve: use of undeclared type `Vec`\n   --> src/layers/sctp.rs:396:30\n    |\n396 | #[derive(Clone, Copy, Debug, LayerRef, StatelessLayer)]\n    |                              ^^^^^^^^ use of undeclared type `Vec`\n    |\n    = note: this error originates in the derive macro `LayerRef` (in Nightly builds, run with -Z macro-backtrace for more info)\n\nerror[E0599]: the method `unwrap` exists for enum `Result<Sctp, &str>`, but its trait bounds were not satisfied\n   --> src/layers/sctp.rs:396:30\n    |\n100 | pub struct Sctp {\n    | --------------- doesn't satisfy `Sctp: Sized`\n...\n396 | #[derive(Clone, Copy, Debug, LayerRef, StatelessLayer)]\n    |                              ^^^^^^^^ method cannot be called on `Result<Sctp, &str>` due to unsatisfied trait bounds\n    |\n    = note: the following trait bounds were not satisfied:\n            `{type error}: Sized`\n            which is required by `Sctp: Sized`\n    = note: this error originates in the derive macro `LayerRef` (in Nightly builds, run with -Z macro-backtrace for more info)\n\nerror[E0433]: failed to resolve: use of undeclared type `Vec`\n   --> src/layers/sctp.rs:724:17\n    |\n724 | #[derive(Debug, LayerMut, StatelessLayer)]\n    |                 ^^^^^^^^ use of undeclared type `Vec`\n    |\n    = note: this error originates in the derive macro `LayerMut` (in Nightly builds, run with -Z macro-backtrace for more info)\n\nerror[E0433]: failed to resolve: use of undeclared type `Vec`\n    --> src/layers/sctp.rs:1147:27\n     |\n1147 |         let mut options = Vec::new();\n     |                           ^^^ use of undeclared type `Vec`\n\nerror[E0433]: failed to resolve: use of undeclared type `Vec`\n    --> src/layers/sctp.rs:1531:45\n     |\n1531 |                 InitOption::HostnameAddress(Vec::from(addr))\n     |                                             ^^^ use of undeclared type `Vec`\n\nerror[E0433]: failed to resolve: use of undeclared type `Vec`\n    --> src/layers/sctp.rs:1534:29\n     |\n1534 |                 let mut v = Vec::new();\n     |                             ^^^ use of undeclared type `Vec`\n\nerror[E0433]: failed to resolve: use of undeclared type `Vec`\n    --> src/layers/sctp.rs:1544:47\n     |\n1544 |                 InitOption::Unknown(opt_type, Vec::from(value))\n     |                                               ^^^ use of undeclared type `Vec`\n\nerror[E0433]: failed to resolve: use of undeclared type `Vec`\n    --> src/layers/sctp.rs:1810:27\n     |\n1810 |         let mut options = Vec::new();\n     |                           ^^^ use of undeclared type `Vec`\n\nerror[E0433]: failed to resolve: use of undeclared type `Vec`\n    --> src/layers/sctp.rs:2146:44\n     |\n2146 |                 InitAckOption::StateCookie(Vec::from(cookie))\n     |                                            ^^^ use of undeclared type `Vec`\n\nerror[E0433]: failed to resolve: use of undeclared type `Vec`\n    --> src/layers/sctp.rs:2154:48\n     |\n2154 |                 InitAckOption::HostnameAddress(Vec::from(host))\n     |                                                ^^^ use of undeclared type `Vec`\n\nerror[E0433]: failed to resolve: use of undeclared type `Vec`\n    --> src/layers/sctp.rs:2156:81\n     |\n2156 |             InitAckOptionPayloadRef::Unknown(t, v) => InitAckOption::Unknown(t, Vec::from(v)),\n     |                                                                                 ^^^ use of undeclared type `Vec`\n\nerror[E0433]: failed to resolve: use of undeclared type `Vec`\n    --> src/layers/sctp.rs:2414:34\n     |\n2414 |         let mut gap_ack_blocks = Vec::new();\n     |                                  ^^^ use of undeclared type `Vec`\n\nerror[E0433]: failed to resolve: use of undeclared type `Vec`\n    --> src/layers/sctp.rs:2419:34\n     |\n2419 |         let mut duplicate_tsns = Vec::new();\n     |                                  ^^^ use of undeclared type `Vec`\n\nerror[E0433]: failed to resolve: use of undeclared type `Vec`\n    --> src/layers/sctp.rs:2734:24\n     |\n2734 |             heartbeat: Vec::from(value.heartbeat_info().heartbeat()),\n     |                        ^^^ use of undeclared type `Vec`\n\nerror[E0433]: failed to resolve: use of undeclared type `Vec`\n    --> src/layers/sctp.rs:3007:24\n     |\n3007 |             heartbeat: Vec::from(value.heartbeat_info().heartbeat()),\n     |                        ^^^ use of undeclared type `Vec`\n\nerror[E0433]: failed to resolve: use of undeclared type `Vec`\n    --> src/layers/sctp.rs:3187:26\n     |\n3187 |         let mut causes = Vec::new();\n     |                          ^^^ use of undeclared type `Vec`\n\nerror[E0433]: failed to resolve: use of undeclared type `Vec`\n    --> src/layers/sctp.rs:3924:29\n     |\n3924 |             missing_params: Vec::from_iter(value.missing_params_iter()),\n     |                             ^^^ use of undeclared type `Vec`\n\nerror[E0433]: failed to resolve: use of undeclared type `Vec`\n    --> src/layers/sctp.rs:4295:19\n     |\n4295 |             addr: Vec::from(value.addr()),\n     |                   ^^^ use of undeclared type `Vec`\n\nerror[E0433]: failed to resolve: use of undeclared type `Vec`\n    --> src/layers/sctp.rs:4468:20\n     |\n4468 |             chunk: Vec::from(value.chunk()),\n     |                    ^^^ use of undeclared type `Vec`\n\nerror[E0433]: failed to resolve: use of undeclared type `Vec`\n    --> src/layers/sctp.rs:4625:26\n     |\n4625 |         let mut params = Vec::new();\n     |                          ^^^ use of undeclared type `Vec`\n\nerror[E0433]: failed to resolve: use of undeclared type `Vec`\n    --> src/layers/sctp.rs:4980:24\n     |\n4980 |         let mut tlvs = Vec::new();\n     |                        ^^^ use of undeclared type `Vec`\n\nerror[E0433]: failed to resolve: use of undeclared type `Vec`\n    --> src/layers/sctp.rs:5142:21\n     |\n5142 |             reason: Vec::from(value.reason()),\n     |                     ^^^ use of undeclared type `Vec`\n\nerror[E0433]: failed to resolve: use of undeclared type `Vec`\n    --> src/layers/sctp.rs:5297:26\n     |\n5297 |             information: Vec::from(value.information()),\n     |                          ^^^ use of undeclared type `Vec`\n\nerror[E0433]: failed to resolve: use of undeclared type `Vec`\n    --> src/layers/sctp.rs:5477:20\n     |\n5477 |             value: Vec::from(value.value()),\n     |                    ^^^ use of undeclared type `Vec`\n\nerror[E0433]: failed to resolve: use of undeclared type `Vec`\n    --> src/layers/sctp.rs:6046:26\n     |\n6046 |         let mut causes = Vec::new();\n     |                          ^^^ use of undeclared type `Vec`\n\nerror[E0433]: failed to resolve: use of undeclared type `Vec`\n    --> src/layers/sctp.rs:6236:21\n     |\n6236 |             cookie: Vec::from(value.cookie()),\n     |                     ^^^ use of undeclared type `Vec`\n\nerror[E0433]: failed to resolve: use of undeclared type `Vec`\n    --> src/layers/sctp.rs:6788:20\n     |\n6788 |             value: Vec::from(value.value()),\n     |                    ^^^ use of undeclared type `Vec`\n\nerror[E0433]: failed to resolve: use of undeclared type `Box`\n    --> src/layers/sctp.rs:7091:22\n     |\n7091 |             payload: Box::new(Raw::from_bytes_unchecked(value.user_data())),\n     |                      ^^^ use of undeclared type `Box`\n\nerror[E0433]: failed to resolve: use of undeclared type `Box`\n   --> src/layers/tcp.rs:343:18\n    |\n343 |             Some(Box::new(Raw::from_bytes_unchecked(&bytes[start..])))\n    |                  ^^^ use of undeclared type `Box`\n\nerror[E0433]: failed to resolve: use of undeclared type `Vec`\n   --> src/layers/tcp.rs:376:30\n    |\n376 | #[derive(Clone, Copy, Debug, LayerRef, StatelessLayer)]\n    |                              ^^^^^^^^ use of undeclared type `Vec`\n    |\n    = note: this error originates in the derive macro `LayerRef` (in Nightly builds, run with -Z macro-backtrace for more info)\n\nerror[E0433]: failed to resolve: use of undeclared type `Vec`\n   --> src/layers/tcp.rs:555:17\n    |\n555 | #[derive(Debug, LayerMut, StatelessLayer)]\n    |                 ^^^^^^^^ use of undeclared type `Vec`\n    |\n    = note: this error originates in the derive macro `LayerMut` (in Nightly builds, run with -Z macro-backtrace for more info)\n\nerror[E0433]: failed to resolve: use of undeclared type `Vec`\n    --> src/layers/tcp.rs:1150:28\n     |\n1150 |             let mut opts = Vec::new();\n     |                            ^^^ use of undeclared type `Vec`\n\nerror[E0433]: failed to resolve: use of undeclared type `Vec`\n    --> src/layers/tcp.rs:1157:46\n     |\n1157 |                 padding => (Some(opts), Some(Vec::from(padding))),\n     |                                              ^^^ use of undeclared type `Vec`\n\nerror[E0433]: failed to resolve: use of undeclared type `Vec`\n    --> src/layers/tcp.rs:1308:22\n     |\n1308 |                 Some(Vec::from(&bytes[2..(bytes[1] as usize)]))\n     |                      ^^^ use of undeclared type `Vec`\n\nerror[E0433]: failed to resolve: use of undeclared type `Vec`\n    --> src/layers/tcp.rs:1369:27\n     |\n1369 |                 _ => Some(Vec::from(value.option_data())),\n     |                           ^^^ use of undeclared type `Vec`\n\nerror[E0433]: failed to resolve: use of undeclared type `Vec`\n   --> src/layers/traits.rs:148:25\n    |\n148 |         let mut bytes = Vec::new();\n    |                         ^^^ use of undeclared type `Vec`\n\nerror[E0433]: failed to resolve: use of undeclared type `Box`\n   --> src/layers/traits.rs:904:13\n    |\n904 |             Box::new(self.into())\n    |             ^^^ use of undeclared type `Box`\n\nerror[E0433]: failed to resolve: use of undeclared type `Box`\n   --> src/layers/traits.rs:909:13\n    |\n909 |             Box::new(self.to_owned())\n    |             ^^^ use of undeclared type `Box`\n\nerror[E0433]: failed to resolve: use of undeclared type `Box`\n   --> src/layers/udp.rs:239:23\n    |\n239 |             _ => Some(Box::new(Raw::from_bytes_unchecked(&bytes[8..]))),\n    |                       ^^^ use of undeclared type `Box`\n\nerror[E0433]: failed to resolve: use of undeclared type `Vec`\n   --> src/layers/udp.rs:260:24\n    |\n260 | #[derive(Clone, Debug, LayerRef, StatelessLayer)]\n    |                        ^^^^^^^^ use of undeclared type `Vec`\n    |\n    = note: this error originates in the derive macro `LayerRef` (in Nightly builds, run with -Z macro-backtrace for more info)\n\nerror[E0433]: failed to resolve: use of undeclared type `Vec`\n   --> src/layers/udp.rs:407:17\n    |\n407 | #[derive(Debug, LayerMut, StatelessLayer)]\n    |                 ^^^^^^^^ use of undeclared type `Vec`\n    |\n    = note: this error originates in the derive macro `LayerMut` (in Nightly builds, run with -Z macro-backtrace for more info)\n\nerror[E0433]: failed to resolve: use of undeclared type `Vec`\n   --> src/layers.rs:136:19\n    |\n136 |             data: Vec::from(bytes),\n    |                   ^^^ use of undeclared type `Vec`\n\nerror[E0433]: failed to resolve: use of undeclared type `Vec`\n   --> src/layers.rs:171:24\n    |\n171 | #[derive(Clone, Debug, LayerRef, StatelessLayer)]\n    |                        ^^^^^^^^ use of undeclared type `Vec`\n    |\n    = note: this error originates in the derive macro `LayerRef` (in Nightly builds, run with -Z macro-backtrace for more info)\n\nerror[E0433]: failed to resolve: use of undeclared type `Vec`\n   --> src/layers.rs:228:17\n    |\n228 | #[derive(Debug, LayerMut, StatelessLayer)]\n    |                 ^^^^^^^^ use of undeclared type `Vec`\n    |\n    = note: this error originates in the derive macro `LayerMut` (in Nightly builds, run with -Z macro-backtrace for more info)\n\nerror[E0433]: failed to resolve: use of undeclared type `Vec`\n   --> src/utils.rs:115:19\n    |\n115 |             bits: Vec::new(),\n    |                   ^^^ use of undeclared type `Vec`\n\nSome errors have detailed explanations: E0405, E0412, E0432, E0433, E0599, E0689.\nFor more information about an error, try `rustc --explain E0405`.\nwarning: `pkts` (lib) generated 3 warnings\nerror: could not compile `pkts` (lib) due to 459 previous errors; 3 warnings emitted\n",
      "stdout": ""
    },
    "features": [
      "std"
    ],
    "project": "../../../Downloads/695-Project/dataset/nostd-failed-crates/crates/pkts-0.1.3/src",
    "time_to_build": 4707,
    "time_to_solve": 719
  }
]