[
  {
    "built_with_features": null,
    "command": {
      "args": [
        "build",
        "--target",
        "thumbv7m-none-eabi",
        "--no-default-features"
      ],
      "code": 101,
      "stderr": "   Compiling serde v1.0.215\n   Compiling arrayvec v0.7.6\n   Compiling radium v0.7.0\n   Compiling tap v1.0.1\n   Compiling funty v2.0.0\n   Compiling memchr v2.7.4\n   Compiling byte-slice-cast v1.2.2\n   Compiling syn v2.0.90\n   Compiling syn v1.0.109\n   Compiling libc v0.2.168\n   Compiling wyz v0.5.1\n   Compiling bytes v1.9.0\n   Compiling block-buffer v0.10.4\n   Compiling crypto-common v0.1.6\n   Compiling subtle v2.4.1\n   Compiling regex-syntax v0.8.5\n   Compiling digest v0.10.7\n   Compiling aho-corasick v1.1.3\n   Compiling static_assertions v1.1.0\n   Compiling sp-std v14.0.0\n   Compiling lazy_static v1.5.0\n   Compiling prettyplease v0.2.25\n   Compiling semver v1.0.23\n   Compiling fs-err v2.11.0\n   Compiling crunchy v0.2.2\n   Compiling byteorder v1.5.0\n   Compiling serde_json v1.0.133\n   Compiling expander v2.2.1\n   Compiling ref-cast v1.0.23\n   Compiling rustc_version v0.4.1\n   Compiling file-guard v0.2.0\n   Compiling blake2 v0.10.6\n   Compiling regex-automata v0.4.9\n   Compiling bitcoin-internals v0.2.0\n   Compiling itoa v1.0.14\n   Compiling keccak v0.1.5\n   Compiling ryu v1.0.18\n   Compiling curve25519-dalek v4.1.3\n   Compiling rustversion v1.0.18\n   Compiling rand_core v0.6.4\n   Compiling unicode-xid v0.2.6\n   Compiling hex v0.4.3\n   Compiling pin-project-lite v0.2.15\n   Compiling arrayref v0.3.9\n   Compiling tracing-core v0.1.33\n   Compiling sha2 v0.10.8\n   Compiling uint v0.9.5\n   Compiling fixed-hash v0.8.0\n   Compiling num-traits v0.2.19\n   Compiling hex-conservative v0.1.2\n   Compiling tracing v0.1.41\n   Compiling paste v1.0.15\n   Compiling environmental v1.1.4\n   Compiling constant_time_eq v0.3.1\n   Compiling log v0.4.22\n   Compiling bitcoin_hashes v0.13.0\n   Compiling blake2b_simd v1.0.2\n   Compiling getrandom_or_panic v0.0.3\n   Compiling sha3 v0.10.8\n   Compiling twox-hash v1.6.3\n   Compiling sp-io v30.0.0\n   Compiling sp-core-hashing v15.0.0\n   Compiling regex v1.11.1\n   Compiling bip39 v2.1.0\n   Compiling hash256-std-hasher v0.15.2\n   Compiling bs58 v0.5.1\n   Compiling Inflector v0.11.4\n   Compiling same-file v1.0.6\n   Compiling hash-db v0.16.0\n   Compiling bitflags v1.3.2\n   Compiling array-bytes v6.2.3\n   Compiling walkdir v2.5.0\n   Compiling integer-sqrt v0.1.5\n   Compiling once_cell v1.20.2\n   Compiling termcolor v1.4.1\n   Compiling common-path v1.0.0\n   Compiling smallvec v1.13.2\n   Compiling either v1.13.0\n   Compiling cpufeatures v0.2.16\n   Compiling cfg-if v1.0.0\n   Compiling convert_case v0.4.0\n   Compiling hex-literal v0.4.1\n   Compiling serde_derive v1.0.215\n   Compiling impl-trait-for-tuples v0.2.3\n   Compiling derive_more-impl v1.0.0\n   Compiling zeroize_derive v1.4.2\n   Compiling sp-debug-derive v14.0.0\n   Compiling ref-cast-impl v1.0.23\n   Compiling derive-syn-parse v0.2.0\n   Compiling derive_more v0.99.18\n   Compiling zeroize v1.8.1\n   Compiling sp-core-hashing-proc-macro v15.0.0\n   Compiling derive_more v1.0.0\n   Compiling merlin v3.0.0\n   Compiling secrecy v0.8.0\n   Compiling schnorrkel v0.11.4\n   Compiling bitvec v1.0.1\n   Compiling impl-serde v0.4.0\n   Compiling toml_datetime v0.6.8\n   Compiling serde_spanned v0.6.8\n   Compiling toml_edit v0.22.22\n   Compiling ss58-registry v1.51.0\n   Compiling proc-macro-crate v3.2.0\n   Compiling toml v0.8.19\n   Compiling parity-scale-codec-derive v3.6.12\n   Compiling scale-info-derive v2.11.6\n   Compiling sp-runtime-interface-proc-macro v17.0.0\n   Compiling docify_macros v0.2.9\n   Compiling sp-api-proc-macro v15.0.1\n   Compiling parity-scale-codec v3.6.12\n   Compiling docify v0.2.9\n   Compiling sp-version-proc-macro v13.0.0\n   Compiling scale-info v2.11.6\n   Compiling sp-storage v19.0.0\n   Compiling impl-codec v0.6.0\n   Compiling sp-tracing v16.0.0\n   Compiling sp-wasm-interface v20.0.0\n   Compiling sp-externalities v0.25.0\n   Compiling primitive-types v0.12.2\n   Compiling bounded-collections v0.1.9\n   Compiling sp-arithmetic v23.0.0\n   Compiling sp-inherents v26.0.0\n   Compiling sp-weights v27.0.0\n   Compiling sp-runtime-interface v24.0.0\n   Compiling sp-core v28.0.0\nerror[E0433]: failed to resolve: could not find `wasm32` in `arch`\n    --> /Users/graysonnocera/.cargo/registry/src/index.crates.io-6f17d22bba15001f/sp-io-30.0.0/src/lib.rs:1777:15\n     |\n1777 |         core::arch::wasm32::unreachable();\n     |                     ^^^^^^ could not find `wasm32` in `arch`\n\nerror[E0308]: mismatched types\n    --> /Users/graysonnocera/.cargo/registry/src/index.crates.io-6f17d22bba15001f/sp-io-30.0.0/src/lib.rs:1775:2\n     |\n1775 | /     {\n1776 | |         logging::log(LogLevel::Error, \"runtime\", message.as_bytes());\n1777 | |         core::arch::wasm32::unreachable();\n1778 | |     }\n     | |_____^ expected `!`, found `()`\n     |\n     = note:   expected type `!`\n             found unit type `()`\n\nSome errors have detailed explanations: E0308, E0433.\nFor more information about an error, try `rustc --explain E0308`.\nerror: could not compile `sp-io` (lib) due to 2 previous errors\nwarning: build failed, waiting for other jobs to finish...\n",
      "stdout": ""
    },
    "features": [
      "std"
    ],
    "project": "../../../Downloads/695-Project/dataset/nostd-failed-crates/crates/polkadot-primitives-7.0.0/src",
    "time_to_build": 13390,
    "time_to_solve": 105
  }
]