[
  {
    "built_with_features": null,
    "command": {
      "args": [
        "build",
        "--target",
        "thumbv7m-none-eabi",
        "--no-default-features"
      ],
      "code": 101,
      "stderr": "   Compiling yansi v0.5.1\n   Compiling diff v0.1.13\nerror[E0463]: can't find crate for `std`\n  |\n  = note: the `thumbv7m-none-eabi` target may not support the standard library\n  = note: `std` is required by `diff` because it does not declare `#![no_std]`\n\nerror: cannot find macro `debug_assert` in this scope\n   --> /Users/graysonnocera/.cargo/registry/src/index.crates.io-6f17d22bba15001f/diff-0.1.13/src/lib.rs:164:9\n    |\n164 |         debug_assert!(index[1] < self.len[1]);\n    |         ^^^^^^^^^^^^\n\nerror: cannot find macro `debug_assert` in this scope\n   --> /Users/graysonnocera/.cargo/registry/src/index.crates.io-6f17d22bba15001f/diff-0.1.13/src/lib.rs:163:9\n    |\n163 |         debug_assert!(index[0] < self.len[0]);\n    |         ^^^^^^^^^^^^\n\nerror: cannot find macro `debug_assert` in this scope\n   --> /Users/graysonnocera/.cargo/registry/src/index.crates.io-6f17d22bba15001f/diff-0.1.13/src/lib.rs:157:9\n    |\n157 |         debug_assert!(index[1] < self.len[1]);\n    |         ^^^^^^^^^^^^\n\nerror: cannot find macro `debug_assert` in this scope\n   --> /Users/graysonnocera/.cargo/registry/src/index.crates.io-6f17d22bba15001f/diff-0.1.13/src/lib.rs:156:9\n    |\n156 |         debug_assert!(index[0] < self.len[0]);\n    |         ^^^^^^^^^^^^\n\nerror: cannot find macro `vec` in this scope\n   --> /Users/graysonnocera/.cargo/registry/src/index.crates.io-6f17d22bba15001f/diff-0.1.13/src/lib.rs:150:19\n    |\n150 |             data: vec![value; len[0] * len[1]],\n    |                   ^^^\n\nerror: cannot find attribute `derive` in this scope\n --> /Users/graysonnocera/.cargo/registry/src/index.crates.io-6f17d22bba15001f/diff-0.1.13/src/lib.rs:2:3\n  |\n2 | #[derive(Clone, Debug, PartialEq)]\n  |   ^^^^^^\n\nerror[E0463]: can't find crate for `std`\n  |\n  = note: the `thumbv7m-none-eabi` target may not support the standard library\n  = note: `std` is required by `yansi` because it does not declare `#![no_std]`\n\nerror: cannot find attribute `derive` in this scope\n  --> /Users/graysonnocera/.cargo/registry/src/index.crates.io-6f17d22bba15001f/yansi-0.5.1/src/paint.rs:79:3\n   |\n79 | #[derive(Default, Eq, PartialEq, Ord, PartialOrd, Hash, Copy, Clone)]\n   |   ^^^^^^\n\nerror: cannot find macro `concat` in this scope\n   --> /Users/graysonnocera/.cargo/registry/src/index.crates.io-6f17d22bba15001f/yansi-0.5.1/src/paint.rs:87:17\n    |\n87  |           #[doc = concat!(\n    |                   ^^^^^^\n...\n205 | /     constructors_for!(T, black: Black, red: Red, green: Green, yellow: Yellow,\n206 | |         blue: Blue, magenta: Magenta, cyan: Cyan, white: White);\n    | |_______________________________________________________________- in this macro invocation\n    |\n    = note: this error originates in the macro `constructors_for` (in Nightly builds, run with -Z macro-backtrace for more info)\n\nerror: cannot find macro `concat` in this scope\n   --> /Users/graysonnocera/.cargo/registry/src/index.crates.io-6f17d22bba15001f/yansi-0.5.1/src/macros.rs:3:17\n    |\n3   |           #[doc = concat!(\n    |                   ^^^^^^\n    |\n   ::: /Users/graysonnocera/.cargo/registry/src/index.crates.io-6f17d22bba15001f/yansi-0.5.1/src/paint.rs:335:5\n    |\n335 | /     style_builder_for!(Paint<T>, |paint| paint.style.properties,\n336 | |                        bold: BOLD, dimmed: DIMMED, italic: ITALIC,\n337 | |                        underline: UNDERLINE, blink: BLINK, invert: INVERT,\n338 | |                        hidden: HIDDEN, strikethrough: STRIKETHROUGH);\n    | |____________________________________________________________________- in this macro invocation\n    |\n    = note: this error originates in the macro `style_builder_for` (in Nightly builds, run with -Z macro-backtrace for more info)\n\nerror: cannot find macro `format` in this scope\n   --> /Users/graysonnocera/.cargo/registry/src/index.crates.io-6f17d22bba15001f/yansi-0.5.1/src/paint.rs:351:32\n    |\n351 |                     let item = format!($fmt, self.item).replace(\"\\x1B[0m\", &prefix);\n    |                                ^^^^^^\n...\n368 | impl_fmt_trait!(Display, \"{}\");\n    | ------------------------------ in this macro invocation\n    |\n    = note: this error originates in the macro `impl_fmt_trait` (in Nightly builds, run with -Z macro-backtrace for more info)\n\nerror: cannot find macro `format` in this scope\n   --> /Users/graysonnocera/.cargo/registry/src/index.crates.io-6f17d22bba15001f/yansi-0.5.1/src/paint.rs:351:32\n    |\n351 |                     let item = format!($fmt, self.item).replace(\"\\x1B[0m\", &prefix);\n    |                                ^^^^^^\n...\n369 | impl_fmt_trait!(Debug, \"{:?}\");\n    | ------------------------------ in this macro invocation\n    |\n    = note: this error originates in the macro `impl_fmt_trait` (in Nightly builds, run with -Z macro-backtrace for more info)\n\nerror: cannot find attribute `derive` in this scope\n --> /Users/graysonnocera/.cargo/registry/src/index.crates.io-6f17d22bba15001f/yansi-0.5.1/src/style.rs:7:3\n  |\n7 | #[derive(Default, Debug, Eq, PartialEq, Ord, PartialOrd, Hash, Copy, Clone)]\n  |   ^^^^^^\n\nerror: cannot find attribute `derive` in this scope\n   --> /Users/graysonnocera/.cargo/registry/src/index.crates.io-6f17d22bba15001f/yansi-0.5.1/src/style.rs:137:3\n    |\n137 | #[derive(Default, Debug, Eq, Ord, PartialOrd, Copy, Clone)]\n    |   ^^^^^^\n\nerror: cannot find macro `write` in this scope\n   --> /Users/graysonnocera/.cargo/registry/src/index.crates.io-6f17d22bba15001f/yansi-0.5.1/src/style.rs:186:9\n    |\n186 |         write!(f, \";{}\", t)\n    |         ^^^^^\n\nerror: cannot find macro `write` in this scope\n   --> /Users/graysonnocera/.cargo/registry/src/index.crates.io-6f17d22bba15001f/yansi-0.5.1/src/style.rs:189:9\n    |\n189 |         write!(f, \"{}\", t)\n    |         ^^^^^\n\nerror: cannot find macro `concat` in this scope\n   --> /Users/graysonnocera/.cargo/registry/src/index.crates.io-6f17d22bba15001f/yansi-0.5.1/src/macros.rs:3:17\n    |\n3   |           #[doc = concat!(\n    |                   ^^^^^^\n    |\n   ::: /Users/graysonnocera/.cargo/registry/src/index.crates.io-6f17d22bba15001f/yansi-0.5.1/src/style.rs:283:5\n    |\n283 | /     style_builder_for!(Style, |style| style.properties,\n284 | |                        bold: BOLD, dimmed: DIMMED, italic: ITALIC,\n285 | |                        underline: UNDERLINE, blink: BLINK, invert: INVERT,\n286 | |                        hidden: HIDDEN, strikethrough: STRIKETHROUGH);\n    | |____________________________________________________________________- in this macro invocation\n    |\n    = note: this error originates in the macro `style_builder_for` (in Nightly builds, run with -Z macro-backtrace for more info)\n\nerror: cannot find macro `concat` in this scope\n   --> /Users/graysonnocera/.cargo/registry/src/index.crates.io-6f17d22bba15001f/yansi-0.5.1/src/style.rs:164:17\n    |\n164 |           #[doc = concat!(\n    |                   ^^^^^^\n...\n366 | /     checker_for!(bold (is_bold): BOLD, dimmed (is_dimmed): DIMMED,\n367 | |         italic (is_italic): ITALIC, underline (is_underline): UNDERLINE,\n368 | |         blink (is_blink): BLINK, invert (is_invert): INVERT,\n369 | |         hidden (is_hidden): HIDDEN,\n370 | |         strikethrough (is_strikethrough): STRIKETHROUGH);\n    | |________________________________________________________- in this macro invocation\n    |\n    = note: this error originates in the macro `checker_for` (in Nightly builds, run with -Z macro-backtrace for more info)\n\nerror: cannot find macro `write` in this scope\n   --> /Users/graysonnocera/.cargo/registry/src/index.crates.io-6f17d22bba15001f/yansi-0.5.1/src/style.rs:418:9\n    |\n418 |         write!(f, \"\\x1B[\")?;\n    |         ^^^^^\n\nerror: cannot find macro `write` in this scope\n   --> /Users/graysonnocera/.cargo/registry/src/index.crates.io-6f17d22bba15001f/yansi-0.5.1/src/style.rs:436:9\n    |\n436 |         write!(f, \"m\")\n    |         ^^^^^\n\nerror: cannot find macro `write` in this scope\n   --> /Users/graysonnocera/.cargo/registry/src/index.crates.io-6f17d22bba15001f/yansi-0.5.1/src/style.rs:478:9\n    |\n478 |         write!(f, \"\\x1B[0m\")\n    |         ^^^^^\n\nerror: cannot find attribute `derive` in this scope\n --> /Users/graysonnocera/.cargo/registry/src/index.crates.io-6f17d22bba15001f/yansi-0.5.1/src/color.rs:6:3\n  |\n6 | #[derive(Debug, Eq, PartialEq, Ord, PartialOrd, Hash, Copy, Clone)]\n  |   ^^^^^^\n\nerror: cannot find macro `write` in this scope\n  --> /Users/graysonnocera/.cargo/registry/src/index.crates.io-6f17d22bba15001f/yansi-0.5.1/src/color.rs:76:31\n   |\n76 |             Color::Default => write!(f, \"9\"),\n   |                               ^^^^^\n\nerror: cannot find macro `write` in this scope\n  --> /Users/graysonnocera/.cargo/registry/src/index.crates.io-6f17d22bba15001f/yansi-0.5.1/src/color.rs:77:29\n   |\n77 |             Color::Black => write!(f, \"0\"),\n   |                             ^^^^^\n\nerror: cannot find macro `write` in this scope\n  --> /Users/graysonnocera/.cargo/registry/src/index.crates.io-6f17d22bba15001f/yansi-0.5.1/src/color.rs:78:27\n   |\n78 |             Color::Red => write!(f, \"1\"),\n   |                           ^^^^^\n\nerror: cannot find macro `write` in this scope\n  --> /Users/graysonnocera/.cargo/registry/src/index.crates.io-6f17d22bba15001f/yansi-0.5.1/src/color.rs:79:29\n   |\n79 |             Color::Green => write!(f, \"2\"),\n   |                             ^^^^^\n\nerror: cannot find macro `write` in this scope\n  --> /Users/graysonnocera/.cargo/registry/src/index.crates.io-6f17d22bba15001f/yansi-0.5.1/src/color.rs:80:30\n   |\n80 |             Color::Yellow => write!(f, \"3\"),\n   |                              ^^^^^\n\nerror: cannot find macro `write` in this scope\n  --> /Users/graysonnocera/.cargo/registry/src/index.crates.io-6f17d22bba15001f/yansi-0.5.1/src/color.rs:81:28\n   |\n81 |             Color::Blue => write!(f, \"4\"),\n   |                            ^^^^^\n\nerror: cannot find macro `write` in this scope\n  --> /Users/graysonnocera/.cargo/registry/src/index.crates.io-6f17d22bba15001f/yansi-0.5.1/src/color.rs:82:31\n   |\n82 |             Color::Magenta => write!(f, \"5\"),\n   |                               ^^^^^\n\nerror: cannot find macro `write` in this scope\n  --> /Users/graysonnocera/.cargo/registry/src/index.crates.io-6f17d22bba15001f/yansi-0.5.1/src/color.rs:83:28\n   |\n83 |             Color::Cyan => write!(f, \"6\"),\n   |                            ^^^^^\n\nerror: cannot find macro `write` in this scope\n  --> /Users/graysonnocera/.cargo/registry/src/index.crates.io-6f17d22bba15001f/yansi-0.5.1/src/color.rs:84:29\n   |\n84 |             Color::White => write!(f, \"7\"),\n   |                             ^^^^^\n\nerror: cannot find macro `write` in this scope\n  --> /Users/graysonnocera/.cargo/registry/src/index.crates.io-6f17d22bba15001f/yansi-0.5.1/src/color.rs:85:34\n   |\n85 |             Color::Fixed(num) => write!(f, \"8;5;{}\", num),\n   |                                  ^^^^^\n\nerror: cannot find macro `write` in this scope\n  --> /Users/graysonnocera/.cargo/registry/src/index.crates.io-6f17d22bba15001f/yansi-0.5.1/src/color.rs:86:36\n   |\n86 |             Color::RGB(r, g, b) => write!(f, \"8;2;{};{};{}\", r, g, b),\n   |                                    ^^^^^\n\nerror[E0405]: cannot find trait `PartialEq` in this scope\n  --> /Users/graysonnocera/.cargo/registry/src/index.crates.io-6f17d22bba15001f/diff-0.1.13/src/lib.rs:13:21\n   |\n13 | pub fn slice<'a, T: PartialEq>(left: &'a [T], right: &'a [T]) -> Vec<Result<&'a T>> {\n   |                     ^^^^^^^^^ not found in this scope\n\nerror[E0412]: cannot find type `Vec` in this scope\n   --> /Users/graysonnocera/.cargo/registry/src/index.crates.io-6f17d22bba15001f/diff-0.1.13/src/lib.rs:13:66\n    |\n13  | pub fn slice<'a, T: PartialEq>(left: &'a [T], right: &'a [T]) -> Vec<Result<&'a T>> {\n    |                                                                  ^^^ help: a struct with a similar name exists: `Vec2`\n...\n137 | struct Vec2<T> {\n    | -------------- similarly named struct `Vec2` defined here\n\nerror[E0412]: cannot find type `Vec` in this scope\n   --> /Users/graysonnocera/.cargo/registry/src/index.crates.io-6f17d22bba15001f/diff-0.1.13/src/lib.rs:18:52\n    |\n18  | pub fn lines<'a>(left: &'a str, right: &'a str) -> Vec<Result<&'a str>> {\n    |                                                    ^^^ help: a struct with a similar name exists: `Vec2`\n...\n137 | struct Vec2<T> {\n    | -------------- similarly named struct `Vec2` defined here\n\nerror[E0412]: cannot find type `Vec` in this scope\n   --> /Users/graysonnocera/.cargo/registry/src/index.crates.io-6f17d22bba15001f/diff-0.1.13/src/lib.rs:20:33\n    |\n20  |         &left.lines().collect::<Vec<_>>(),\n    |                                 ^^^ help: a struct with a similar name exists: `Vec2`\n...\n137 | struct Vec2<T> {\n    | -------------- similarly named struct `Vec2` defined here\n\nerror[E0412]: cannot find type `Vec` in this scope\n   --> /Users/graysonnocera/.cargo/registry/src/index.crates.io-6f17d22bba15001f/diff-0.1.13/src/lib.rs:21:34\n    |\n21  |         &right.lines().collect::<Vec<_>>(),\n    |                                  ^^^ help: a struct with a similar name exists: `Vec2`\n...\n137 | struct Vec2<T> {\n    | -------------- similarly named struct `Vec2` defined here\n\nerror[E0531]: cannot find tuple struct or tuple variant `Some` in this scope\n  --> /Users/graysonnocera/.cargo/registry/src/index.crates.io-6f17d22bba15001f/diff-0.1.13/src/lib.rs:32:10\n   |\n32 |         (Some(b'\\n'), Some(b'\\n')) => {\n   |          ^^^^ not found in this scope\n\nerror[E0531]: cannot find tuple struct or tuple variant `Some` in this scope\n  --> /Users/graysonnocera/.cargo/registry/src/index.crates.io-6f17d22bba15001f/diff-0.1.13/src/lib.rs:32:23\n   |\n32 |         (Some(b'\\n'), Some(b'\\n')) => {\n   |                       ^^^^ not found in this scope\n\nerror[E0531]: cannot find tuple struct or tuple variant `Some` in this scope\n  --> /Users/graysonnocera/.cargo/registry/src/index.crates.io-6f17d22bba15001f/diff-0.1.13/src/lib.rs:35:10\n   |\n35 |         (Some(b'\\n'), _) => diff.push(Result::Left(&left[left.len()..])),\n   |          ^^^^ not found in this scope\n\nerror[E0531]: cannot find tuple struct or tuple variant `Some` in this scope\n  --> /Users/graysonnocera/.cargo/registry/src/index.crates.io-6f17d22bba15001f/diff-0.1.13/src/lib.rs:36:13\n   |\n36 |         (_, Some(b'\\n')) => diff.push(Result::Right(&right[right.len()..])),\n   |             ^^^^ not found in this scope\n\nerror[E0412]: cannot find type `Vec` in this scope\n   --> /Users/graysonnocera/.cargo/registry/src/index.crates.io-6f17d22bba15001f/diff-0.1.13/src/lib.rs:43:52\n    |\n43  | pub fn chars<'a>(left: &'a str, right: &'a str) -> Vec<Result<char>> {\n    |                                                    ^^^ help: a struct with a similar name exists: `Vec2`\n...\n137 | struct Vec2<T> {\n    | -------------- similarly named struct `Vec2` defined here\n\nerror[E0412]: cannot find type `Vec` in this scope\n   --> /Users/graysonnocera/.cargo/registry/src/index.crates.io-6f17d22bba15001f/diff-0.1.13/src/lib.rs:45:33\n    |\n45  |         &left.chars().collect::<Vec<_>>(),\n    |                                 ^^^ help: a struct with a similar name exists: `Vec2`\n...\n137 | struct Vec2<T> {\n    | -------------- similarly named struct `Vec2` defined here\n\nerror[E0412]: cannot find type `Vec` in this scope\n   --> /Users/graysonnocera/.cargo/registry/src/index.crates.io-6f17d22bba15001f/diff-0.1.13/src/lib.rs:46:34\n    |\n46  |         &right.chars().collect::<Vec<_>>(),\n    |                                  ^^^ help: a struct with a similar name exists: `Vec2`\n...\n137 | struct Vec2<T> {\n    | -------------- similarly named struct `Vec2` defined here\n\nerror[E0405]: cannot find trait `PartialEq` in this scope\n  --> /Users/graysonnocera/.cargo/registry/src/index.crates.io-6f17d22bba15001f/diff-0.1.13/src/lib.rs:53:8\n   |\n53 |     T: PartialEq,\n   |        ^^^^^^^^^ not found in this scope\n\nerror[E0405]: cannot find trait `Fn` in this scope\n  --> /Users/graysonnocera/.cargo/registry/src/index.crates.io-6f17d22bba15001f/diff-0.1.13/src/lib.rs:54:8\n   |\n54 |     F: Fn(&'a T) -> U,\n   |        ^^ not found in this scope\n\nerror[E0412]: cannot find type `Vec` in this scope\n   --> /Users/graysonnocera/.cargo/registry/src/index.crates.io-6f17d22bba15001f/diff-0.1.13/src/lib.rs:51:70\n    |\n51  | fn do_diff<'a, T, F, U>(left: &'a [T], right: &'a [T], mapper: F) -> Vec<Result<U>>\n    |                                                                      ^^^ help: a struct with a similar name exists: `Vec2`\n...\n137 | struct Vec2<T> {\n    | -------------- similarly named struct `Vec2` defined here\n\nerror[E0412]: cannot find type `Vec` in this scope\n   --> /Users/graysonnocera/.cargo/registry/src/index.crates.io-6f17d22bba15001f/diff-0.1.13/src/lib.rs:139:11\n    |\n139 |     data: Vec<T>,\n    |           ^^^ not found in this scope\n\nerror[E0405]: cannot find trait `Clone` in this scope\n   --> /Users/graysonnocera/.cargo/registry/src/index.crates.io-6f17d22bba15001f/diff-0.1.13/src/lib.rs:146:12\n    |\n146 |         T: Clone,\n    |            ^^^^^ not found in this scope\n\nerror[E0405]: cannot find trait `Iterator` in this scope\n  --> /Users/graysonnocera/.cargo/registry/src/index.crates.io-6f17d22bba15001f/yansi-0.5.1/src/style.rs:50:6\n   |\n50 | impl Iterator for Iter {\n   |      ^^^^^^^^ not found in this scope\n\nerror[E0412]: cannot find type `Option` in this scope\n  --> /Users/graysonnocera/.cargo/registry/src/index.crates.io-6f17d22bba15001f/yansi-0.5.1/src/style.rs:53:27\n   |\n53 |     fn next(&mut self) -> Option<Self::Item> {\n   |                           ^^^^^^ not found in this scope\n\nerror[E0425]: cannot find value `None` in this scope\n  --> /Users/graysonnocera/.cargo/registry/src/index.crates.io-6f17d22bba15001f/yansi-0.5.1/src/style.rs:63:9\n   |\n63 |         None\n   |         ^^^^ not found in this scope\n\nerror[E0405]: cannot find trait `PartialEq` in this scope\n   --> /Users/graysonnocera/.cargo/registry/src/index.crates.io-6f17d22bba15001f/yansi-0.5.1/src/style.rs:146:6\n    |\n146 | impl PartialEq for Style {\n    |      ^^^^^^^^^ not found in this scope\n\nerror[E0405]: cannot find trait `Default` in this scope\n  --> /Users/graysonnocera/.cargo/registry/src/index.crates.io-6f17d22bba15001f/yansi-0.5.1/src/color.rs:91:6\n   |\n91 | impl Default for Color {\n   |      ^^^^^^^ not found in this scope\n\nerror: requires `sized` lang_item\n\nerror[E0433]: failed to resolve: use of undeclared type `Vec`\n  --> /Users/graysonnocera/.cargo/registry/src/index.crates.io-6f17d22bba15001f/diff-0.1.13/src/lib.rs:93:20\n   |\n93 |     let mut diff = Vec::with_capacity(left.len().max(right.len()));\n   |                    ^^^\n   |                    |\n   |                    use of undeclared type `Vec`\n   |                    help: a struct with a similar name exists: `Vec2`\n\nSome errors have detailed explanations: E0405, E0412, E0433, E0463, E0531.\nFor more information about an error, try `rustc --explain E0405`.\nerror: could not compile `diff` (lib) due to 26 previous errors\nwarning: build failed, waiting for other jobs to finish...\nerror[E0433]: failed to resolve: use of undeclared type `String`\n   --> /Users/graysonnocera/.cargo/registry/src/index.crates.io-6f17d22bba15001f/yansi-0.5.1/src/paint.rs:346:38\n    |\n346 |                     let mut prefix = String::new();\n    |                                      ^^^^^^ use of undeclared type `String`\n...\n368 | impl_fmt_trait!(Display, \"{}\");\n    | ------------------------------ in this macro invocation\n    |\n    = note: this error originates in the macro `impl_fmt_trait` (in Nightly builds, run with -Z macro-backtrace for more info)\n\nerror[E0433]: failed to resolve: use of undeclared type `String`\n   --> /Users/graysonnocera/.cargo/registry/src/index.crates.io-6f17d22bba15001f/yansi-0.5.1/src/paint.rs:346:38\n    |\n346 |                     let mut prefix = String::new();\n    |                                      ^^^^^^ use of undeclared type `String`\n...\n369 | impl_fmt_trait!(Debug, \"{:?}\");\n    | ------------------------------ in this macro invocation\n    |\n    = note: this error originates in the macro `impl_fmt_trait` (in Nightly builds, run with -Z macro-backtrace for more info)\n\nerror[E0425]: cannot find function, tuple struct or tuple variant `Ok` in this scope\n   --> /Users/graysonnocera/.cargo/registry/src/index.crates.io-6f17d22bba15001f/yansi-0.5.1/src/paint.rs:361:21\n    |\n361 |                     Ok(())\n    |                     ^^ not found in this scope\n...\n368 | impl_fmt_trait!(Display, \"{}\");\n    | ------------------------------ in this macro invocation\n    |\n    = note: this error originates in the macro `impl_fmt_trait` (in Nightly builds, run with -Z macro-backtrace for more info)\n\nerror[E0425]: cannot find function, tuple struct or tuple variant `Ok` in this scope\n   --> /Users/graysonnocera/.cargo/registry/src/index.crates.io-6f17d22bba15001f/yansi-0.5.1/src/paint.rs:361:21\n    |\n361 |                     Ok(())\n    |                     ^^ not found in this scope\n...\n369 | impl_fmt_trait!(Debug, \"{:?}\");\n    | ------------------------------ in this macro invocation\n    |\n    = note: this error originates in the macro `impl_fmt_trait` (in Nightly builds, run with -Z macro-backtrace for more info)\n\nerror[E0425]: cannot find function, tuple struct or tuple variant `Some` in this scope\n  --> /Users/graysonnocera/.cargo/registry/src/index.crates.io-6f17d22bba15001f/yansi-0.5.1/src/style.rs:59:24\n   |\n59 |                 return Some(index as usize);\n   |                        ^^^^ not found in this scope\n\nerror[E0425]: cannot find function, tuple struct or tuple variant `Ok` in this scope\n   --> /Users/graysonnocera/.cargo/registry/src/index.crates.io-6f17d22bba15001f/yansi-0.5.1/src/style.rs:414:20\n    |\n414 |             return Ok(());\n    |                    ^^ not found in this scope\n\nerror[E0425]: cannot find function, tuple struct or tuple variant `Ok` in this scope\n   --> /Users/graysonnocera/.cargo/registry/src/index.crates.io-6f17d22bba15001f/yansi-0.5.1/src/style.rs:475:20\n    |\n475 |             return Ok(());\n    |                    ^^ not found in this scope\n\nerror[E0425]: cannot find function, tuple struct or tuple variant `Ok` in this scope\n  --> /Users/graysonnocera/.cargo/registry/src/index.crates.io-6f17d22bba15001f/yansi-0.5.1/src/color.rs:75:29\n   |\n75 |             Color::Unset => Ok(()),\n   |                             ^^ not found in this scope\n\nSome errors have detailed explanations: E0405, E0412, E0425, E0433, E0463.\nerror: could not compile `yansi` (lib) due to 41 previous errors\n",
      "stdout": ""
    },
    "features": [
      "std"
    ],
    "project": "../../../Downloads/695-Project/dataset/nostd-failed-crates/crates/pretty_assertions-1.4.0/src",
    "time_to_build": 139,
    "time_to_solve": 42
  }
]