[
  {
    "built_with_features": null,
    "command": {
      "args": [
        "build",
        "--target",
        "thumbv7m-none-eabi",
        "--no-default-features"
      ],
      "code": 101,
      "stderr": "   Compiling prinThor v0.0.3 (/Users/graysonnocera/Downloads/695-Project/dataset/nostd-failed-crates/crates/prinThor-0.0.3)\nerror[E0463]: can't find crate for `std`\n  |\n  = note: the `thumbv7m-none-eabi` target may not support the standard library\n  = note: `std` is required by `scurve_plot` because it does not declare `#![no_std]`\n\nerror[E0432]: unresolved import `crate::math::Real`\n  --> src/bin/printhor/tgeo.rs:7:5\n   |\n7  | use crate::math::Real;\n   |     ^^^^^^^^^^^^^^^^^ no `Real` in `math`\n   |\nnote: found an item that was configured out\n  --> src/bin/printhor/math/mod.rs:7:26\n   |\n7  | pub use real_fixedpoint::Real;\n   |                          ^^^^\nnote: the item is gated behind the `fixed-point-128-impl` feature\n  --> src/bin/printhor/math/mod.rs:6:7\n   |\n6  | #[cfg(feature = \"fixed-point-128-impl\")]\n   |       ^^^^^^^^^^^^^^^^^^^^^^^^^^^^^^^^\nnote: found an item that was configured out\n  --> src/bin/printhor/math/mod.rs:18:19\n   |\n18 | pub use real_f32::Real;\n   |                   ^^^^\nnote: the item is gated behind the `float-point-f32-impl` feature\n  --> src/bin/printhor/math/mod.rs:17:7\n   |\n17 | #[cfg(feature = \"float-point-f32-impl\")]\n   |       ^^^^^^^^^^^^^^^^^^^^^^^^^^^^^^^^\nnote: found an item that was configured out\n  --> src/bin/printhor/math/mod.rs:30:19\n   |\n30 | pub use real_f64::Real;\n   |                   ^^^^\nnote: the item is gated behind the `float-point-f64-impl` feature\n  --> src/bin/printhor/math/mod.rs:29:7\n   |\n29 | #[cfg(feature = \"float-point-f64-impl\")]\n   |       ^^^^^^^^^^^^^^^^^^^^^^^^^^^^^^^^\nhelp: consider importing this type alias instead\n   |\n7  | use crate::Real;\n   |     ~~~~~~~~~~~\n\nerror[E0432]: unresolved imports `crate::math::Real`, `crate::math::RealInclusiveRange`\n  --> src/bin/printhor/control/planner/plan.rs:11:13\n   |\n11 | use crate::{math::Real, math::RealInclusiveRange};\n   |             ^^^^^^^^^^  ^^^^^^^^^^^^^^^^^^^^^^^^ no `RealInclusiveRange` in `math`\n   |             |\n   |             no `Real` in `math`\n   |\n   = help: consider importing this type alias instead:\n           crate::Real\nnote: found an item that was configured out\n  --> src/bin/printhor/math/mod.rs:7:26\n   |\n7  | pub use real_fixedpoint::Real;\n   |                          ^^^^\nnote: the item is gated behind the `fixed-point-128-impl` feature\n  --> src/bin/printhor/math/mod.rs:6:7\n   |\n6  | #[cfg(feature = \"fixed-point-128-impl\")]\n   |       ^^^^^^^^^^^^^^^^^^^^^^^^^^^^^^^^\nnote: found an item that was configured out\n  --> src/bin/printhor/math/mod.rs:18:19\n   |\n18 | pub use real_f32::Real;\n   |                   ^^^^\nnote: the item is gated behind the `float-point-f32-impl` feature\n  --> src/bin/printhor/math/mod.rs:17:7\n   |\n17 | #[cfg(feature = \"float-point-f32-impl\")]\n   |       ^^^^^^^^^^^^^^^^^^^^^^^^^^^^^^^^\nnote: found an item that was configured out\n  --> src/bin/printhor/math/mod.rs:30:19\n   |\n30 | pub use real_f64::Real;\n   |                   ^^^^\nnote: the item is gated behind the `float-point-f64-impl` feature\n  --> src/bin/printhor/math/mod.rs:29:7\n   |\n29 | #[cfg(feature = \"float-point-f64-impl\")]\n   |       ^^^^^^^^^^^^^^^^^^^^^^^^^^^^^^^^\nnote: found an item that was configured out\n  --> src/bin/printhor/math/mod.rs:9:26\n   |\n9  | pub use real_fixedpoint::RealInclusiveRange;\n   |                          ^^^^^^^^^^^^^^^^^^\nnote: the item is gated behind the `fixed-point-128-impl` feature\n  --> src/bin/printhor/math/mod.rs:8:7\n   |\n8  | #[cfg(feature = \"fixed-point-128-impl\")]\n   |       ^^^^^^^^^^^^^^^^^^^^^^^^^^^^^^^^\nnote: found an item that was configured out\n  --> src/bin/printhor/math/mod.rs:20:19\n   |\n20 | pub use real_f32::RealInclusiveRange;\n   |                   ^^^^^^^^^^^^^^^^^^\nnote: the item is gated behind the `float-point-f32-impl` feature\n  --> src/bin/printhor/math/mod.rs:19:7\n   |\n19 | #[cfg(feature = \"float-point-f32-impl\")]\n   |       ^^^^^^^^^^^^^^^^^^^^^^^^^^^^^^^^\nnote: found an item that was configured out\n  --> src/bin/printhor/math/mod.rs:33:19\n   |\n33 | pub use real_f64::RealInclusiveRange;\n   |                   ^^^^^^^^^^^^^^^^^^\nnote: the item is gated behind the `float-point-f64-impl` feature\n  --> src/bin/printhor/math/mod.rs:32:7\n   |\n32 | #[cfg(feature = \"float-point-f64-impl\")]\n   |       ^^^^^^^^^^^^^^^^^^^^^^^^^^^^^^^^\n\nerror[E0432]: unresolved import `crate::math::Real`\n  --> src/bin/printhor/helpers/mod.rs:2:5\n   |\n2  | use crate::math::Real;\n   |     ^^^^^^^^^^^^^^^^^ no `Real` in `math`\n   |\nnote: found an item that was configured out\n  --> src/bin/printhor/math/mod.rs:7:26\n   |\n7  | pub use real_fixedpoint::Real;\n   |                          ^^^^\nnote: the item is gated behind the `fixed-point-128-impl` feature\n  --> src/bin/printhor/math/mod.rs:6:7\n   |\n6  | #[cfg(feature = \"fixed-point-128-impl\")]\n   |       ^^^^^^^^^^^^^^^^^^^^^^^^^^^^^^^^\nnote: found an item that was configured out\n  --> src/bin/printhor/math/mod.rs:18:19\n   |\n18 | pub use real_f32::Real;\n   |                   ^^^^\nnote: the item is gated behind the `float-point-f32-impl` feature\n  --> src/bin/printhor/math/mod.rs:17:7\n   |\n17 | #[cfg(feature = \"float-point-f32-impl\")]\n   |       ^^^^^^^^^^^^^^^^^^^^^^^^^^^^^^^^\nnote: found an item that was configured out\n  --> src/bin/printhor/math/mod.rs:30:19\n   |\n30 | pub use real_f64::Real;\n   |                   ^^^^\nnote: the item is gated behind the `float-point-f64-impl` feature\n  --> src/bin/printhor/math/mod.rs:29:7\n   |\n29 | #[cfg(feature = \"float-point-f64-impl\")]\n   |       ^^^^^^^^^^^^^^^^^^^^^^^^^^^^^^^^\n\nerror[E0432]: unresolved import `crate::math::Real`\n  --> src/bin/printhor/control/mod.rs:4:5\n   |\n4  | use crate::math::Real;\n   |     ^^^^^^^^^^^^^^^^^ no `Real` in `math`\n   |\nnote: found an item that was configured out\n  --> src/bin/printhor/math/mod.rs:7:26\n   |\n7  | pub use real_fixedpoint::Real;\n   |                          ^^^^\nnote: the item is gated behind the `fixed-point-128-impl` feature\n  --> src/bin/printhor/math/mod.rs:6:7\n   |\n6  | #[cfg(feature = \"fixed-point-128-impl\")]\n   |       ^^^^^^^^^^^^^^^^^^^^^^^^^^^^^^^^\nnote: found an item that was configured out\n  --> src/bin/printhor/math/mod.rs:18:19\n   |\n18 | pub use real_f32::Real;\n   |                   ^^^^\nnote: the item is gated behind the `float-point-f32-impl` feature\n  --> src/bin/printhor/math/mod.rs:17:7\n   |\n17 | #[cfg(feature = \"float-point-f32-impl\")]\n   |       ^^^^^^^^^^^^^^^^^^^^^^^^^^^^^^^^\nnote: found an item that was configured out\n  --> src/bin/printhor/math/mod.rs:30:19\n   |\n30 | pub use real_f64::Real;\n   |                   ^^^^\nnote: the item is gated behind the `float-point-f64-impl` feature\n  --> src/bin/printhor/math/mod.rs:29:7\n   |\n29 | #[cfg(feature = \"float-point-f64-impl\")]\n   |       ^^^^^^^^^^^^^^^^^^^^^^^^^^^^^^^^\n\nerror[E0432]: unresolved import `crate::math::Real`\n  --> src/bin/printhor/control/processor.rs:7:5\n   |\n7  | use crate::math::Real;\n   |     ^^^^^^^^^^^^^^^^^ no `Real` in `math`\n   |\nnote: found an item that was configured out\n  --> src/bin/printhor/math/mod.rs:7:26\n   |\n7  | pub use real_fixedpoint::Real;\n   |                          ^^^^\nnote: the item is gated behind the `fixed-point-128-impl` feature\n  --> src/bin/printhor/math/mod.rs:6:7\n   |\n6  | #[cfg(feature = \"fixed-point-128-impl\")]\n   |       ^^^^^^^^^^^^^^^^^^^^^^^^^^^^^^^^\nnote: found an item that was configured out\n  --> src/bin/printhor/math/mod.rs:18:19\n   |\n18 | pub use real_f32::Real;\n   |                   ^^^^\nnote: the item is gated behind the `float-point-f32-impl` feature\n  --> src/bin/printhor/math/mod.rs:17:7\n   |\n17 | #[cfg(feature = \"float-point-f32-impl\")]\n   |       ^^^^^^^^^^^^^^^^^^^^^^^^^^^^^^^^\nnote: found an item that was configured out\n  --> src/bin/printhor/math/mod.rs:30:19\n   |\n30 | pub use real_f64::Real;\n   |                   ^^^^\nnote: the item is gated behind the `float-point-f64-impl` feature\n  --> src/bin/printhor/math/mod.rs:29:7\n   |\n29 | #[cfg(feature = \"float-point-f64-impl\")]\n   |       ^^^^^^^^^^^^^^^^^^^^^^^^^^^^^^^^\nhelp: consider importing this unresolved item through its public re-export instead\n   |\n7  | use crate::control::Real;\n   |     ~~~~~~~~~~~~~~~~~~~~\n\nerror[E0432]: unresolved imports `crate::math::Real`, `crate::math::RealInclusiveRange`\n  --> src/bin/printhor/control/planner/plan.rs:11:13\n   |\n11 | use crate::{math::Real, math::RealInclusiveRange};\n   |             ^^^^^^^^^^  ^^^^^^^^^^^^^^^^^^^^^^^^ no `RealInclusiveRange` in `math`\n   |             |\n   |             no `Real` in `math`\n   |\n   = help: consider importing this unresolved item through its public re-export instead:\n           crate::control::Real\nnote: found an item that was configured out\n  --> src/bin/printhor/math/mod.rs:7:26\n   |\n7  | pub use real_fixedpoint::Real;\n   |                          ^^^^\nnote: the item is gated behind the `fixed-point-128-impl` feature\n  --> src/bin/printhor/math/mod.rs:6:7\n   |\n6  | #[cfg(feature = \"fixed-point-128-impl\")]\n   |       ^^^^^^^^^^^^^^^^^^^^^^^^^^^^^^^^\nnote: found an item that was configured out\n  --> src/bin/printhor/math/mod.rs:18:19\n   |\n18 | pub use real_f32::Real;\n   |                   ^^^^\nnote: the item is gated behind the `float-point-f32-impl` feature\n  --> src/bin/printhor/math/mod.rs:17:7\n   |\n17 | #[cfg(feature = \"float-point-f32-impl\")]\n   |       ^^^^^^^^^^^^^^^^^^^^^^^^^^^^^^^^\nnote: found an item that was configured out\n  --> src/bin/printhor/math/mod.rs:30:19\n   |\n30 | pub use real_f64::Real;\n   |                   ^^^^\nnote: the item is gated behind the `float-point-f64-impl` feature\n  --> src/bin/printhor/math/mod.rs:29:7\n   |\n29 | #[cfg(feature = \"float-point-f64-impl\")]\n   |       ^^^^^^^^^^^^^^^^^^^^^^^^^^^^^^^^\nnote: found an item that was configured out\n  --> src/bin/printhor/math/mod.rs:9:26\n   |\n9  | pub use real_fixedpoint::RealInclusiveRange;\n   |                          ^^^^^^^^^^^^^^^^^^\nnote: the item is gated behind the `fixed-point-128-impl` feature\n  --> src/bin/printhor/math/mod.rs:8:7\n   |\n8  | #[cfg(feature = \"fixed-point-128-impl\")]\n   |       ^^^^^^^^^^^^^^^^^^^^^^^^^^^^^^^^\nnote: found an item that was configured out\n  --> src/bin/printhor/math/mod.rs:20:19\n   |\n20 | pub use real_f32::RealInclusiveRange;\n   |                   ^^^^^^^^^^^^^^^^^^\nnote: the item is gated behind the `float-point-f32-impl` feature\n  --> src/bin/printhor/math/mod.rs:19:7\n   |\n19 | #[cfg(feature = \"float-point-f32-impl\")]\n   |       ^^^^^^^^^^^^^^^^^^^^^^^^^^^^^^^^\nnote: found an item that was configured out\n  --> src/bin/printhor/math/mod.rs:33:19\n   |\n33 | pub use real_f64::RealInclusiveRange;\n   |                   ^^^^^^^^^^^^^^^^^^\nnote: the item is gated behind the `float-point-f64-impl` feature\n  --> src/bin/printhor/math/mod.rs:32:7\n   |\n32 | #[cfg(feature = \"float-point-f64-impl\")]\n   |       ^^^^^^^^^^^^^^^^^^^^^^^^^^^^^^^^\n\nerror[E0432]: unresolved imports `crate::math::FOUR`, `crate::math::HALF`, `crate::math::ONE`, `crate::math::SIX`, `crate::math::THREE`, `crate::math::TWO`, `crate::math::ZERO`\n  --> src/bin/printhor/control/planner/plan.rs:14:19\n   |\n14 | use crate::math::{FOUR, HALF, ONE, SIX, THREE, TWO, ZERO};\n   |                   ^^^^  ^^^^  ^^^  ^^^  ^^^^^  ^^^  ^^^^ no `ZERO` in `math`\n   |                   |     |     |    |    |      |\n   |                   |     |     |    |    |      no `TWO` in `math`\n   |                   |     |     |    |    no `THREE` in `math`\n   |                   |     |     |    no `SIX` in `math`\n   |                   |     |     no `ONE` in `math`\n   |                   |     no `HALF` in `math`\n   |                   no `FOUR` in `math`\n\nerror[E0432]: unresolved imports `crate::math::HALF`, `crate::math::ONE`, `crate::math::PI`, `crate::math::Real`, `crate::math::TWO`\n  --> src/bin/printhor/control/planner/interpolators.rs:3:19\n   |\n3  | use crate::math::{HALF, ONE, PI, Real, TWO};\n   |                   ^^^^  ^^^  ^^  ^^^^  ^^^ no `TWO` in `math`\n   |                   |     |    |   |\n   |                   |     |    |   no `Real` in `math`\n   |                   |     |    no `PI` in `math`\n   |                   |     no `ONE` in `math`\n   |                   no `HALF` in `math`\n   |\n   = help: consider importing this type alias instead:\n           crate::Real\nnote: found an item that was configured out\n  --> src/bin/printhor/math/mod.rs:7:26\n   |\n7  | pub use real_fixedpoint::Real;\n   |                          ^^^^\nnote: the item is gated behind the `fixed-point-128-impl` feature\n  --> src/bin/printhor/math/mod.rs:6:7\n   |\n6  | #[cfg(feature = \"fixed-point-128-impl\")]\n   |       ^^^^^^^^^^^^^^^^^^^^^^^^^^^^^^^^\nnote: found an item that was configured out\n  --> src/bin/printhor/math/mod.rs:18:19\n   |\n18 | pub use real_f32::Real;\n   |                   ^^^^\nnote: the item is gated behind the `float-point-f32-impl` feature\n  --> src/bin/printhor/math/mod.rs:17:7\n   |\n17 | #[cfg(feature = \"float-point-f32-impl\")]\n   |       ^^^^^^^^^^^^^^^^^^^^^^^^^^^^^^^^\nnote: found an item that was configured out\n  --> src/bin/printhor/math/mod.rs:30:19\n   |\n30 | pub use real_f64::Real;\n   |                   ^^^^\nnote: the item is gated behind the `float-point-f64-impl` feature\n  --> src/bin/printhor/math/mod.rs:29:7\n   |\n29 | #[cfg(feature = \"float-point-f64-impl\")]\n   |       ^^^^^^^^^^^^^^^^^^^^^^^^^^^^^^^^\n\nerror[E0432]: unresolved imports `crate::math::HALF`, `crate::math::ONE`, `crate::math::PI`, `crate::math::Real`, `crate::math::TWO`\n  --> src/bin/printhor/control/planner/interpolators.rs:3:19\n   |\n3  | use crate::math::{HALF, ONE, PI, Real, TWO};\n   |                   ^^^^  ^^^  ^^  ^^^^  ^^^ no `TWO` in `math`\n   |                   |     |    |   |\n   |                   |     |    |   no `Real` in `math`\n   |                   |     |    no `PI` in `math`\n   |                   |     no `ONE` in `math`\n   |                   no `HALF` in `math`\n   |\n   = help: consider importing this unresolved item through its public re-export instead:\n           crate::control::Real\nnote: found an item that was configured out\n  --> src/bin/printhor/math/mod.rs:7:26\n   |\n7  | pub use real_fixedpoint::Real;\n   |                          ^^^^\nnote: the item is gated behind the `fixed-point-128-impl` feature\n  --> src/bin/printhor/math/mod.rs:6:7\n   |\n6  | #[cfg(feature = \"fixed-point-128-impl\")]\n   |       ^^^^^^^^^^^^^^^^^^^^^^^^^^^^^^^^\nnote: found an item that was configured out\n  --> src/bin/printhor/math/mod.rs:18:19\n   |\n18 | pub use real_f32::Real;\n   |                   ^^^^\nnote: the item is gated behind the `float-point-f32-impl` feature\n  --> src/bin/printhor/math/mod.rs:17:7\n   |\n17 | #[cfg(feature = \"float-point-f32-impl\")]\n   |       ^^^^^^^^^^^^^^^^^^^^^^^^^^^^^^^^\nnote: found an item that was configured out\n  --> src/bin/printhor/math/mod.rs:30:19\n   |\n30 | pub use real_f64::Real;\n   |                   ^^^^\nnote: the item is gated behind the `float-point-f64-impl` feature\n  --> src/bin/printhor/math/mod.rs:29:7\n   |\n29 | #[cfg(feature = \"float-point-f64-impl\")]\n   |       ^^^^^^^^^^^^^^^^^^^^^^^^^^^^^^^^\n\nerror[E0432]: unresolved import `crate::math::Real`\n  --> src/bin/printhor/hwa/controllers/motion/motion_segment.rs:2:5\n   |\n2  | use crate::math::Real;\n   |     ^^^^^^^^^^^^^^^^^ no `Real` in `math`\n   |\nnote: found an item that was configured out\n  --> src/bin/printhor/math/mod.rs:7:26\n   |\n7  | pub use real_fixedpoint::Real;\n   |                          ^^^^\nnote: the item is gated behind the `fixed-point-128-impl` feature\n  --> src/bin/printhor/math/mod.rs:6:7\n   |\n6  | #[cfg(feature = \"fixed-point-128-impl\")]\n   |       ^^^^^^^^^^^^^^^^^^^^^^^^^^^^^^^^\nnote: found an item that was configured out\n  --> src/bin/printhor/math/mod.rs:18:19\n   |\n18 | pub use real_f32::Real;\n   |                   ^^^^\nnote: the item is gated behind the `float-point-f32-impl` feature\n  --> src/bin/printhor/math/mod.rs:17:7\n   |\n17 | #[cfg(feature = \"float-point-f32-impl\")]\n   |       ^^^^^^^^^^^^^^^^^^^^^^^^^^^^^^^^\nnote: found an item that was configured out\n  --> src/bin/printhor/math/mod.rs:30:19\n   |\n30 | pub use real_f64::Real;\n   |                   ^^^^\nnote: the item is gated behind the `float-point-f64-impl` feature\n  --> src/bin/printhor/math/mod.rs:29:7\n   |\n29 | #[cfg(feature = \"float-point-f64-impl\")]\n   |       ^^^^^^^^^^^^^^^^^^^^^^^^^^^^^^^^\nhelp: consider importing this type alias instead\n   |\n2  | use crate::Real;\n   |     ~~~~~~~~~~~\n\nerror[E0432]: unresolved import `crate::math::Real`\n  --> src/bin/printhor/tgeo.rs:7:5\n   |\n7  | use crate::math::Real;\n   |     ^^^^^^^^^^^^^^^^^ no `Real` in `math`\n   |\nnote: found an item that was configured out\n  --> src/bin/printhor/math/mod.rs:7:26\n   |\n7  | pub use real_fixedpoint::Real;\n   |                          ^^^^\nnote: the item is gated behind the `fixed-point-128-impl` feature\n  --> src/bin/printhor/math/mod.rs:6:7\n   |\n6  | #[cfg(feature = \"fixed-point-128-impl\")]\n   |       ^^^^^^^^^^^^^^^^^^^^^^^^^^^^^^^^\nnote: found an item that was configured out\n  --> src/bin/printhor/math/mod.rs:18:19\n   |\n18 | pub use real_f32::Real;\n   |                   ^^^^\nnote: the item is gated behind the `float-point-f32-impl` feature\n  --> src/bin/printhor/math/mod.rs:17:7\n   |\n17 | #[cfg(feature = \"float-point-f32-impl\")]\n   |       ^^^^^^^^^^^^^^^^^^^^^^^^^^^^^^^^\nnote: found an item that was configured out\n  --> src/bin/printhor/math/mod.rs:30:19\n   |\n30 | pub use real_f64::Real;\n   |                   ^^^^\nnote: the item is gated behind the `float-point-f64-impl` feature\n  --> src/bin/printhor/math/mod.rs:29:7\n   |\n29 | #[cfg(feature = \"float-point-f64-impl\")]\n   |       ^^^^^^^^^^^^^^^^^^^^^^^^^^^^^^^^\n\nerror[E0432]: unresolved imports `crate::math::ONE`, `crate::math::ZERO`\n  --> src/bin/scurve_plot.rs:23:19\n   |\n23 | use crate::math::{ONE, ZERO};\n   |                   ^^^  ^^^^ no `ZERO` in `math`\n   |                   |\n   |                   no `ONE` in `math`\n\nerror[E0432]: unresolved import `printhor_hwi_native`\n  --> src/bin/scurve_plot.rs:26:13\n   |\n26 |     pub use printhor_hwi_native::*;\n   |             ^^^^^^^^^^^^^^^^^^^ use of undeclared crate or module `printhor_hwi_native`\n\nerror[E0432]: unresolved imports `hwa::Controllers`, `hwa::IODevices`, `hwa::MotionDevices`, `hwa::PwmDevices`\n  --> src/bin/printhor/main.rs:24:11\n   |\n24 | use hwa::{Controllers, IODevices, MotionDevices, PwmDevices};\n   |           ^^^^^^^^^^^  ^^^^^^^^^  ^^^^^^^^^^^^^  ^^^^^^^^^^ no `PwmDevices` in `hwa`\n   |           |            |          |\n   |           |            |          no `MotionDevices` in `hwa`\n   |           |            no `IODevices` in `hwa`\n   |           no `Controllers` in `hwa`\n   |\nhelp: a similar name exists in the module (notice the capitalization difference)\n   |\n24 | use hwa::{controllers, IODevices, MotionDevices, PwmDevices};\n   |           ~~~~~~~~~~~\nhelp: a similar name exists in the module\n   |\n24 | use hwa::{Controllers, devices, MotionDevices, PwmDevices};\n   |                        ~~~~~~~\n\nerror[E0433]: failed to resolve: could not find `info` in `hwa`\n   --> src/bin/printhor/tgeo.rs:952:17\n    |\n952 |     crate::hwa::info!(\"{}\", r);\n    |                 ^^^^ could not find `info` in `hwa`\n\nerror[E0432]: unresolved import `embassy_executor`\n  --> src/bin/printhor/main.rs:19:5\n   |\n19 | use embassy_executor::Spawner;\n   |     ^^^^^^^^^^^^^^^^ use of undeclared crate or module `embassy_executor`\n\nerror[E0433]: failed to resolve: could not find `trace` in `hwa`\n  --> src/bin/printhor/control/planner/plan.rs:87:14\n   |\n87 |         hwa::trace!(\"t_jstar = {} t_jmax = {}\", t_jstar, t_jmax);\n   |              ^^^^^ could not find `trace` in `hwa`\n\nerror[E0433]: failed to resolve: could not find `error` in `hwa`\n  --> src/bin/printhor/control/planner/plan.rs:97:18\n   |\n97 |             hwa::error!(\"unhandled situation\");\n   |                  ^^^^^ could not find `error` in `hwa`\n\nerror[E0433]: failed to resolve: could not find `error` in `hwa`\n   --> src/bin/printhor/control/planner/plan.rs:101:18\n    |\n101 |             hwa::error!(\"Movement NOT FEASIBLE\");\n    |                  ^^^^^ could not find `error` in `hwa`\n\nerror[E0433]: failed to resolve: could not find `debug` in `hwa`\n   --> src/bin/printhor/control/planner/plan.rs:241:14\n    |\n241 |         hwa::debug!(\"Motion plan computed in {} us\", _t0.elapsed().as_micros());\n    |              ^^^^^ could not find `debug` in `hwa`\n\nerror[E0433]: failed to resolve: could not find `trace` in `hwa`\n  --> src/bin/printhor/helpers/mod.rs:30:18\n   |\n30 |             hwa::trace!(\"  ringbuf: push_buf empty\");\n   |                  ^^^^^ could not find `trace` in `hwa`\n   |\nnote: found an item that was configured out\n  --> src/bin/printhor/hwa/mod.rs:12:17\n   |\n12 | pub use defmt::{trace, debug, info, warn, error};\n   |                 ^^^^^\nnote: the item is gated behind the `with-defmt` feature\n  --> src/bin/printhor/hwa/mod.rs:10:7\n   |\n10 | #[cfg(feature = \"with-defmt\")]\n   |       ^^^^^^^^^^^^^^^^^^^^^^\n\nerror[E0433]: failed to resolve: could not find `info` in `hwa`\n   --> src/bin/scurve_plot.rs:101:10\n    |\n101 |     hwa::info!(\"v: {}\", v);\n    |          ^^^^ could not find `info` in `hwa`\n\nerror[E0433]: failed to resolve: could not find `info` in `hwa`\n   --> src/bin/scurve_plot.rs:102:10\n    |\n102 |     hwa::info!(\"speed_vector: {}\", speed_vector);\n    |          ^^^^ could not find `info` in `hwa`\n\nerror[E0433]: failed to resolve: could not find `trace` in `hwa`\n  --> src/bin/printhor/helpers/mod.rs:40:14\n   |\n40 |         hwa::trace!(\"  ringbuf: push_buf {:?}..{:?}\", self.end, self.end + n);\n   |              ^^^^^ could not find `trace` in `hwa`\n   |\nnote: found an item that was configured out\n  --> src/bin/printhor/hwa/mod.rs:12:17\n   |\n12 | pub use defmt::{trace, debug, info, warn, error};\n   |                 ^^^^^\nnote: the item is gated behind the `with-defmt` feature\n  --> src/bin/printhor/hwa/mod.rs:10:7\n   |\n10 | #[cfg(feature = \"with-defmt\")]\n   |       ^^^^^^^^^^^^^^^^^^^^^^\n\nerror[E0433]: failed to resolve: could not find `info` in `hwa`\n   --> src/bin/scurve_plot.rs:103:10\n    |\n103 |     hwa::info!(\"speed_vector / v: {}\", speed_vector / v);\n    |          ^^^^ could not find `info` in `hwa`\n\nerror[E0433]: failed to resolve: could not find `info` in `hwa`\n   --> src/bin/scurve_plot.rs:104:10\n    |\n104 |     hwa::info!(\"max_speed: {}\", max_speed);\n    |          ^^^^ could not find `info` in `hwa`\n\nerror[E0433]: failed to resolve: could not find `trace` in `hwa`\n  --> src/bin/printhor/helpers/mod.rs:45:14\n   |\n45 |         hwa::trace!(\"  ringbuf: push {:?}\", n);\n   |              ^^^^^ could not find `trace` in `hwa`\n   |\nnote: found an item that was configured out\n  --> src/bin/printhor/hwa/mod.rs:12:17\n   |\n12 | pub use defmt::{trace, debug, info, warn, error};\n   |                 ^^^^^\nnote: the item is gated behind the `with-defmt` feature\n  --> src/bin/printhor/hwa/mod.rs:10:7\n   |\n10 | #[cfg(feature = \"with-defmt\")]\n   |       ^^^^^^^^^^^^^^^^^^^^^^\n\nerror[E0433]: failed to resolve: could not find `info` in `hwa`\n   --> src/bin/scurve_plot.rs:105:10\n    |\n105 |     hwa::info!(\"max_speed_v: {}\", speed_vector * vdir);\n    |          ^^^^ could not find `info` in `hwa`\n\nerror[E0433]: failed to resolve: could not find `info` in `hwa`\n   --> src/bin/scurve_plot.rs:106:10\n    |\n106 |     hwa::info!(\"speed_vector / max_speed: {}\", speed_vector / max_speed);\n    |          ^^^^ could not find `info` in `hwa`\n\nerror[E0433]: failed to resolve: could not find `trace` in `hwa`\n  --> src/bin/printhor/helpers/mod.rs:56:18\n   |\n56 |             hwa::trace!(\"  ringbuf: pop_buf empty\");\n   |                  ^^^^^ could not find `trace` in `hwa`\n   |\nnote: found an item that was configured out\n  --> src/bin/printhor/hwa/mod.rs:12:17\n   |\n12 | pub use defmt::{trace, debug, info, warn, error};\n   |                 ^^^^^\nnote: the item is gated behind the `with-defmt` feature\n  --> src/bin/printhor/hwa/mod.rs:10:7\n   |\n10 | #[cfg(feature = \"with-defmt\")]\n   |       ^^^^^^^^^^^^^^^^^^^^^^\n\nerror[E0433]: failed to resolve: could not find `info` in `hwa`\n   --> src/bin/scurve_plot.rs:107:10\n    |\n107 |     hwa::info!(\"clamped_speed: {}\", clamped_speed);\n    |          ^^^^ could not find `info` in `hwa`\n\nerror[E0433]: failed to resolve: could not find `trace` in `hwa`\n  --> src/bin/printhor/helpers/mod.rs:66:14\n   |\n66 |         hwa::trace!(\"  ringbuf: pop_buf {:?}..{:?}\", self.start, self.start + n);\n   |              ^^^^^ could not find `trace` in `hwa`\n   |\nnote: found an item that was configured out\n  --> src/bin/printhor/hwa/mod.rs:12:17\n   |\n12 | pub use defmt::{trace, debug, info, warn, error};\n   |                 ^^^^^\nnote: the item is gated behind the `with-defmt` feature\n  --> src/bin/printhor/hwa/mod.rs:10:7\n   |\n10 | #[cfg(feature = \"with-defmt\")]\n   |       ^^^^^^^^^^^^^^^^^^^^^^\n\nerror[E0433]: failed to resolve: could not find `info` in `hwa`\n   --> src/bin/scurve_plot.rs:136:22\n    |\n136 |                 hwa::info!(\"----\");\n    |                      ^^^^ could not find `info` in `hwa`\n\nerror[E0433]: failed to resolve: could not find `trace` in `hwa`\n  --> src/bin/printhor/helpers/mod.rs:71:14\n   |\n71 |         hwa::trace!(\"  ringbuf: pop {:?}\", n);\n   |              ^^^^^ could not find `trace` in `hwa`\n   |\nnote: found an item that was configured out\n  --> src/bin/printhor/hwa/mod.rs:12:17\n   |\n12 | pub use defmt::{trace, debug, info, warn, error};\n   |                 ^^^^^\nnote: the item is gated behind the `with-defmt` feature\n  --> src/bin/printhor/hwa/mod.rs:10:7\n   |\n10 | #[cfg(feature = \"with-defmt\")]\n   |       ^^^^^^^^^^^^^^^^^^^^^^\n\nerror[E0433]: failed to resolve: could not find `info` in `hwa`\n   --> src/bin/scurve_plot.rs:137:22\n    |\n137 |                 hwa::info!(\"P0 ({})\", p0);\n    |                      ^^^^ could not find `info` in `hwa`\n\nerror[E0433]: failed to resolve: could not find `info` in `hwa`\n   --> src/bin/scurve_plot.rs:138:22\n    |\n138 |                 hwa::info!(\"P1 ({})\", p1);\n    |                      ^^^^ could not find `info` in `hwa`\n\nerror[E0433]: failed to resolve: could not find `trace` in `hwa`\n  --> src/bin/printhor/control/planner/plan.rs:87:14\n   |\n87 |         hwa::trace!(\"t_jstar = {} t_jmax = {}\", t_jstar, t_jmax);\n   |              ^^^^^ could not find `trace` in `hwa`\n   |\nnote: found an item that was configured out\n  --> src/bin/printhor/hwa/mod.rs:12:17\n   |\n12 | pub use defmt::{trace, debug, info, warn, error};\n   |                 ^^^^^\nnote: the item is gated behind the `with-defmt` feature\n  --> src/bin/printhor/hwa/mod.rs:10:7\n   |\n10 | #[cfg(feature = \"with-defmt\")]\n   |       ^^^^^^^^^^^^^^^^^^^^^^\n\nerror[E0433]: failed to resolve: could not find `info` in `hwa`\n   --> src/bin/scurve_plot.rs:139:22\n    |\n139 |                 hwa::info!(\"--\");\n    |                      ^^^^ could not find `info` in `hwa`\n\nerror[E0433]: failed to resolve: could not find `info` in `hwa`\n   --> src/bin/scurve_plot.rs:140:22\n    |\n140 |                 hwa::info!(\"dist: {}\", module_target_distance.rdp(4));\n    |                      ^^^^ could not find `info` in `hwa`\n\nerror[E0433]: failed to resolve: could not find `error` in `hwa`\n  --> src/bin/printhor/control/planner/plan.rs:97:18\n   |\n97 |             hwa::error!(\"unhandled situation\");\n   |                  ^^^^^ could not find `error` in `hwa`\n   |\nnote: found an item that was configured out\n  --> src/bin/printhor/hwa/mod.rs:12:43\n   |\n12 | pub use defmt::{trace, debug, info, warn, error};\n   |                                           ^^^^^\nnote: the item is gated behind the `with-defmt` feature\n  --> src/bin/printhor/hwa/mod.rs:10:7\n   |\n10 | #[cfg(feature = \"with-defmt\")]\n   |       ^^^^^^^^^^^^^^^^^^^^^^\n\nerror[E0433]: failed to resolve: could not find `info` in `hwa`\n   --> src/bin/scurve_plot.rs:141:22\n    |\n141 |                 hwa::info!(\"speed: {}\", module_target_speed.rdp(4));\n    |                      ^^^^ could not find `info` in `hwa`\n\nerror[E0433]: failed to resolve: could not find `info` in `hwa`\n   --> src/bin/scurve_plot.rs:142:22\n    |\n142 |                 hwa::info!(\"accel: {}\", module_target_accel.rdp(4));\n    |                      ^^^^ could not find `info` in `hwa`\n\nerror[E0433]: failed to resolve: could not find `info` in `hwa`\n   --> src/bin/scurve_plot.rs:143:22\n    |\n143 |                 hwa::info!(\"jerk: {}\", module_target_jerk.rdp(4));\n    |                      ^^^^ could not find `info` in `hwa`\n\nerror[E0433]: failed to resolve: could not find `info` in `hwa`\n   --> src/bin/scurve_plot.rs:144:22\n    |\n144 |                 hwa::info!(\"--\");\n    |                      ^^^^ could not find `info` in `hwa`\n\nerror[E0433]: failed to resolve: could not find `error` in `hwa`\n   --> src/bin/printhor/control/planner/plan.rs:101:18\n    |\n101 |             hwa::error!(\"Movement NOT FEASIBLE\");\n    |                  ^^^^^ could not find `error` in `hwa`\n    |\nnote: found an item that was configured out\n   --> src/bin/printhor/hwa/mod.rs:12:43\n    |\n12  | pub use defmt::{trace, debug, info, warn, error};\n    |                                           ^^^^^\nnote: the item is gated behind the `with-defmt` feature\n   --> src/bin/printhor/hwa/mod.rs:10:7\n    |\n10  | #[cfg(feature = \"with-defmt\")]\n    |       ^^^^^^^^^^^^^^^^^^^^^^\n\nerror[E0433]: failed to resolve: could not find `info` in `hwa`\n   --> src/bin/scurve_plot.rs:145:22\n    |\n145 |                 hwa::info!(\"plan computed in : {} us\", (t3-t2).as_micros());\n    |                      ^^^^ could not find `info` in `hwa`\n\nerror[E0433]: failed to resolve: could not find `error` in `hwa`\n   --> src/bin/scurve_plot.rs:151:22\n    |\n151 |                 hwa::error!(\"p0: {}\", p0.rdp(4));\n    |                      ^^^^^ could not find `error` in `hwa`\n\nerror[E0433]: failed to resolve: could not find `debug` in `hwa`\n   --> src/bin/printhor/control/planner/plan.rs:241:14\n    |\n241 |         hwa::debug!(\"Motion plan computed in {} us\", _t0.elapsed().as_micros());\n    |              ^^^^^ could not find `debug` in `hwa`\n    |\nnote: found an item that was configured out\n   --> src/bin/printhor/hwa/mod.rs:12:24\n    |\n12  | pub use defmt::{trace, debug, info, warn, error};\n    |                        ^^^^^\nnote: the item is gated behind the `with-defmt` feature\n   --> src/bin/printhor/hwa/mod.rs:10:7\n    |\n10  | #[cfg(feature = \"with-defmt\")]\n    |       ^^^^^^^^^^^^^^^^^^^^^^\n\nerror[E0433]: failed to resolve: could not find `error` in `hwa`\n   --> src/bin/scurve_plot.rs:152:22\n    |\n152 |                 hwa::error!(\"p1: {}\", p1.rdp(4));\n    |                      ^^^^^ could not find `error` in `hwa`\n\nerror[E0433]: failed to resolve: could not find `error` in `hwa`\n   --> src/bin/scurve_plot.rs:153:22\n    |\n153 |                 hwa::error!(\"dist: {}\", module_target_distance.rdp(4));\n    |                      ^^^^^ could not find `error` in `hwa`\n\nerror[E0433]: failed to resolve: could not find `error` in `hwa`\n   --> src/bin/scurve_plot.rs:154:22\n    |\n154 |                 hwa::error!(\"vdir: {}\", vdir.rdp(4));\n    |                      ^^^^^ could not find `error` in `hwa`\n\nerror[E0433]: failed to resolve: could not find `error` in `hwa`\n   --> src/bin/scurve_plot.rs:155:22\n    |\n155 |                 hwa::error!(\"speed_vector: {}\", speed_vector.rdp(4));\n    |                      ^^^^^ could not find `error` in `hwa`\n\nerror[E0433]: failed to resolve: could not find `error` in `hwa`\n   --> src/bin/scurve_plot.rs:156:22\n    |\n156 |                 hwa::error!(\"clamped_speed: {}\", clamped_speed.rdp(4));\n    |                      ^^^^^ could not find `error` in `hwa`\n\nerror[E0433]: failed to resolve: could not find `warn` in `hwa`\n  --> src/bin/printhor/control/parser.rs:67:26\n   |\n67 |                     hwa::warn!(\"EOF reading from stream\");\n   |                          ^^^^ could not find `warn` in `hwa`\n   |\nnote: found an item that was configured out\n  --> src/bin/printhor/hwa/mod.rs:12:37\n   |\n12 | pub use defmt::{trace, debug, info, warn, error};\n   |                                     ^^^^\nnote: the item is gated behind the `with-defmt` feature\n  --> src/bin/printhor/hwa/mod.rs:10:7\n   |\n10 | #[cfg(feature = \"with-defmt\")]\n   |       ^^^^^^^^^^^^^^^^^^^^^^\n\nerror[E0433]: failed to resolve: could not find `error` in `hwa`\n   --> src/bin/scurve_plot.rs:157:22\n    |\n157 |                 hwa::error!(\"clamped_speed: {}\", clamped_speed.rdp(4));\n    |                      ^^^^^ could not find `error` in `hwa`\n\nerror[E0433]: failed to resolve: could not find `debug` in `hwa`\n   --> src/bin/printhor/control/parser.rs:101:54\n    |\n101 | ...                   hwa::debug!(\"GC: {} {:?}\", ch, frx);\n    |                            ^^^^^ could not find `debug` in `hwa`\n    |\nnote: found an item that was configured out\n   --> src/bin/printhor/hwa/mod.rs:12:24\n    |\n12  | pub use defmt::{trace, debug, info, warn, error};\n    |                        ^^^^^\nnote: the item is gated behind the `with-defmt` feature\n   --> src/bin/printhor/hwa/mod.rs:10:7\n    |\n10  | #[cfg(feature = \"with-defmt\")]\n    |       ^^^^^^^^^^^^^^^^^^^^^^\n\nerror[E0433]: failed to resolve: could not find `warn` in `hwa`\n   --> src/bin/printhor/control/parser.rs:423:42\n    |\n423 | ...                   hwa::warn!(\"Unexpected byte: {} ({})\", b, char::from(b));\n    |                            ^^^^ could not find `warn` in `hwa`\n    |\nnote: found an item that was configured out\n   --> src/bin/printhor/hwa/mod.rs:12:37\n    |\n12  | pub use defmt::{trace, debug, info, warn, error};\n    |                                     ^^^^\nnote: the item is gated behind the `with-defmt` feature\n   --> src/bin/printhor/hwa/mod.rs:10:7\n    |\n10  | #[cfg(feature = \"with-defmt\")]\n    |       ^^^^^^^^^^^^^^^^^^^^^^\n\nerror[E0433]: failed to resolve: could not find `warn` in `hwa`\n   --> src/bin/printhor/control/parser.rs:426:42\n    |\n426 | ...                   hwa::warn!(\"Number overflow\");\n    |                            ^^^^ could not find `warn` in `hwa`\n    |\nnote: found an item that was configured out\n   --> src/bin/printhor/hwa/mod.rs:12:37\n    |\n12  | pub use defmt::{trace, debug, info, warn, error};\n    |                                     ^^^^\nnote: the item is gated behind the `with-defmt` feature\n   --> src/bin/printhor/hwa/mod.rs:10:7\n    |\n10  | #[cfg(feature = \"with-defmt\")]\n    |       ^^^^^^^^^^^^^^^^^^^^^^\n\nerror[E0433]: failed to resolve: could not find `warn` in `hwa`\n   --> src/bin/printhor/control/parser.rs:429:42\n    |\n429 | ...                   hwa::warn!(\"Bad number format\");\n    |                            ^^^^ could not find `warn` in `hwa`\n    |\nnote: found an item that was configured out\n   --> src/bin/printhor/hwa/mod.rs:12:37\n    |\n12  | pub use defmt::{trace, debug, info, warn, error};\n    |                                     ^^^^\nnote: the item is gated behind the `with-defmt` feature\n   --> src/bin/printhor/hwa/mod.rs:10:7\n    |\n10  | #[cfg(feature = \"with-defmt\")]\n    |       ^^^^^^^^^^^^^^^^^^^^^^\n\nerror[E0433]: failed to resolve: could not find `error` in `hwa`\n   --> src/bin/printhor/control/parser.rs:434:42\n    |\n434 | ...                   hwa::error!(\"Parse error\");\n    |                            ^^^^^ could not find `error` in `hwa`\n    |\nnote: found an item that was configured out\n   --> src/bin/printhor/hwa/mod.rs:12:43\n    |\n12  | pub use defmt::{trace, debug, info, warn, error};\n    |                                           ^^^^^\nnote: the item is gated behind the `with-defmt` feature\n   --> src/bin/printhor/hwa/mod.rs:10:7\n    |\n10  | #[cfg(feature = \"with-defmt\")]\n    |       ^^^^^^^^^^^^^^^^^^^^^^\n\nerror[E0433]: failed to resolve: could not find `info` in `hwa`\n   --> src/bin/printhor/tgeo.rs:952:17\n    |\n952 |     crate::hwa::info!(\"{}\", r);\n    |                 ^^^^ could not find `info` in `hwa`\n    |\nnote: found an item that was configured out\n   --> src/bin/printhor/hwa/mod.rs:12:31\n    |\n12  | pub use defmt::{trace, debug, info, warn, error};\n    |                               ^^^^\nnote: the item is gated behind the `with-defmt` feature\n   --> src/bin/printhor/hwa/mod.rs:10:7\n    |\n10  | #[cfg(feature = \"with-defmt\")]\n    |       ^^^^^^^^^^^^^^^^^^^^^^\n\nerror[E0433]: failed to resolve: use of undeclared crate or module `embassy_executor`\n  --> src/bin/printhor/control/task_control.rs:30:3\n   |\n30 | #[embassy_executor::task(pool_size=1)]\n   |   ^^^^^^^^^^^^^^^^ use of undeclared crate or module `embassy_executor`\n\nerror: cannot find attribute `derive` in this scope\n  --> src/bin/printhor/tgeo.rs:12:7\n   |\n12 |     #[derive(PartialEq, Eq)]\n   |       ^^^^^^\n   |\nhelp: consider importing this attribute macro\n   |\n3  + use core::prelude::rust_2024::derive;\n   |\n\nerror[E0433]: failed to resolve: could not find `warn` in `hwa`\n   --> src/bin/printhor/control/task_control.rs:200:14\n    |\n200 |         hwa::warn!(\"Control task ended\");\n    |              ^^^^ could not find `warn` in `hwa`\n    |\nnote: found an item that was configured out\n   --> src/bin/printhor/hwa/mod.rs:12:37\n    |\n12  | pub use defmt::{trace, debug, info, warn, error};\n    |                                     ^^^^\nnote: the item is gated behind the `with-defmt` feature\n   --> src/bin/printhor/hwa/mod.rs:10:7\n    |\n10  | #[cfg(feature = \"with-defmt\")]\n    |       ^^^^^^^^^^^^^^^^^^^^^^\n\nerror[E0433]: failed to resolve: use of undeclared crate or module `embassy_executor`\n  --> src/bin/printhor/main.rs:42:3\n   |\n42 | #[embassy_executor::main]\n   |   ^^^^^^^^^^^^^^^^ use of undeclared crate or module `embassy_executor`\n\nerror[E0433]: failed to resolve: could not find `info` in `hwa`\n  --> src/bin/printhor/main.rs:47:10\n   |\n47 |     hwa::info!(\"Init printhor {}\", machine::MACHINE_INFO.firmware_version);\n   |          ^^^^ could not find `info` in `hwa`\n   |\nnote: found an item that was configured out\n  --> src/bin/printhor/hwa/mod.rs:12:31\n   |\n12 | pub use defmt::{trace, debug, info, warn, error};\n   |                               ^^^^\nnote: the item is gated behind the `with-defmt` feature\n  --> src/bin/printhor/hwa/mod.rs:10:7\n   |\n10 | #[cfg(feature = \"with-defmt\")]\n   |       ^^^^^^^^^^^^^^^^^^^^^^\n\nerror[E0433]: failed to resolve: could not find `debug` in `hwa`\n  --> src/bin/printhor/main.rs:49:10\n   |\n49 |     hwa::debug!(\"Peripherals initialized\");\n   |          ^^^^^ could not find `debug` in `hwa`\n   |\nnote: found an item that was configured out\n  --> src/bin/printhor/hwa/mod.rs:12:24\n   |\n12 | pub use defmt::{trace, debug, info, warn, error};\n   |                        ^^^^^\nnote: the item is gated behind the `with-defmt` feature\n  --> src/bin/printhor/hwa/mod.rs:10:7\n   |\n10 | #[cfg(feature = \"with-defmt\")]\n   |       ^^^^^^^^^^^^^^^^^^^^^^\n\nerror[E0433]: failed to resolve: could not find `info` in `hwa`\n  --> src/bin/printhor/main.rs:52:10\n   |\n52 |     hwa::info!(\"Hardware setup completed. Allocated {} bytes for context.\", core::mem::size_of_val(&context));\n   |          ^^^^ could not find `info` in `hwa`\n   |\nnote: found an item that was configured out\n  --> src/bin/printhor/hwa/mod.rs:12:31\n   |\n12 | pub use defmt::{trace, debug, info, warn, error};\n   |                               ^^^^\nnote: the item is gated behind the `with-defmt` feature\n  --> src/bin/printhor/hwa/mod.rs:10:7\n   |\n10 | #[cfg(feature = \"with-defmt\")]\n   |       ^^^^^^^^^^^^^^^^^^^^^^\n\nerror[E0433]: failed to resolve: could not find `info` in `hwa`\n  --> src/bin/printhor/main.rs:78:14\n   |\n78 |         hwa::info!(\"Tasks spawned. Allocated {} bytes for shared state. Firing SYS_READY.\",\n   |              ^^^^ could not find `info` in `hwa`\n   |\nnote: found an item that was configured out\n  --> src/bin/printhor/hwa/mod.rs:12:31\n   |\n12 | pub use defmt::{trace, debug, info, warn, error};\n   |                               ^^^^\nnote: the item is gated behind the `with-defmt` feature\n  --> src/bin/printhor/hwa/mod.rs:10:7\n   |\n10 | #[cfg(feature = \"with-defmt\")]\n   |       ^^^^^^^^^^^^^^^^^^^^^^\n\nerror[E0433]: failed to resolve: could not find `error` in `hwa`\n  --> src/bin/printhor/main.rs:89:14\n   |\n89 |         hwa::error!(\"Unable start. Any task launch failed\");\n   |              ^^^^^ could not find `error` in `hwa`\n   |\nnote: found an item that was configured out\n  --> src/bin/printhor/hwa/mod.rs:12:43\n   |\n12 | pub use defmt::{trace, debug, info, warn, error};\n   |                                           ^^^^^\nnote: the item is gated behind the `with-defmt` feature\n  --> src/bin/printhor/hwa/mod.rs:10:7\n   |\n10 | #[cfg(feature = \"with-defmt\")]\n   |       ^^^^^^^^^^^^^^^^^^^^^^\n\nerror[E0433]: failed to resolve: use of undeclared crate or module `defmt`\n   --> src/bin/printhor/main.rs:354:3\n    |\n354 | #[defmt::panic_handler]\n    |   ^^^^^ use of undeclared crate or module `defmt`\n\nerror: cannot find attribute `derive` in this scope\n  --> src/bin/printhor/tgeo.rs:11:1\n   |\n11 | / bitflags! {\n12 | |     #[derive(PartialEq, Eq)]\n13 | |     pub struct CoordSel: u8 {\n14 | |         const X = 0b00000001;\n...  |\n20 | |     }\n21 | | }\n   | |_^\n   |\n   = note: this error originates in the macro `__declare_internal_bitflags` which comes from the expansion of the macro `bitflags` (in Nightly builds, run with -Z macro-backtrace for more info)\nhelp: consider importing this attribute macro\n   |\n3  + use core::prelude::rust_2024::derive;\n   |\n\nerror: cannot find attribute `derive` in this scope\n  --> src/bin/printhor/tgeo.rs:45:3\n   |\n45 | #[derive(Copy, Clone)]\n   |   ^^^^^^\n   |\nhelp: consider importing this attribute macro\n   |\n3  + use core::prelude::rust_2024::derive;\n   |\n\nerror: cannot find attribute `derive` in this scope\n  --> src/bin/printhor/control/planner/plan.rs:17:3\n   |\n17 | #[derive(Clone, Default)]\n   |   ^^^^^^\n   |\nhelp: consider importing this attribute macro\n   |\n1  + use core::prelude::rust_2024::derive;\n   |\n\nerror[E0433]: failed to resolve: could not find `device` in `hwi`\n   --> src/bin/printhor/hwa/mod.rs:125:43\n    |\n125 | pub type WatchdogRef = ControllerRef<hwi::device::Watchdog>;\n    |                                           ^^^^^^ could not find `device` in `hwi`\n\nerror: cannot find attribute `derive` in this scope\n  --> src/bin/printhor/control/planner/plan.rs:36:3\n   |\n36 | #[derive(Clone, Default)]\n   |   ^^^^^^\n   |\nhelp: consider importing this attribute macro\n   |\n1  + use core::prelude::rust_2024::derive;\n   |\n\nerror: cannot find attribute `derive` in this scope\n  --> src/bin/printhor/control/planner/plan.rs:55:3\n   |\n55 | #[derive(Clone, Copy, Default)]\n   |   ^^^^^^\n   |\nhelp: consider importing this attribute macro\n   |\n1  + use core::prelude::rust_2024::derive;\n   |\n\nerror: cannot find attribute `test` in this scope\n   --> src/bin/printhor/control/planner/plan.rs:584:3\n    |\n584 | #[test]\n    |   ^^^^\n    |\n    = note: `test` is in scope, but it is a function, not an attribute\nhelp: consider importing this attribute macro\n    |\n1   + use core::prelude::rust_2024::test;\n    |\n\nerror: cannot find attribute `derive` in this scope\n --> src/bin/printhor/control/planner/mod.rs:9:7\n  |\n9 |     #[derive(Clone, Copy, PartialEq, Eq, Debug)]\n  |       ^^^^^^\n  |\nhelp: consider importing this attribute macro\n  |\n1 + use core::prelude::rust_2024::derive;\n  |\n\nerror: cannot find attribute `derive` in this scope\n  --> src/bin/printhor/control/planner/mod.rs:8:1\n   |\n8  | / bitflags! {\n9  | |     #[derive(Clone, Copy, PartialEq, Eq, Debug)]\n10 | |     pub struct StepperChannel: u8 {\n11 | |         const X    = 0b00000001;\n...  |\n16 | |     }\n17 | | }\n   | |_^\n   |\n   = note: this error originates in the macro `__declare_internal_bitflags` which comes from the expansion of the macro `bitflags` (in Nightly builds, run with -Z macro-backtrace for more info)\nhelp: consider importing this attribute macro\n   |\n1  + use core::prelude::rust_2024::derive;\n   |\n\nerror: cannot find attribute `derive` in this scope\n  --> src/bin/printhor/control/planner/mod.rs:37:3\n   |\n37 | #[derive(Debug)]\n   |   ^^^^^^\n   |\nhelp: consider importing this attribute macro\n   |\n1  + use core::prelude::rust_2024::derive;\n   |\n\nerror: cannot find attribute `derive` in this scope\n --> src/bin/printhor/hwa/controllers/motion/motion_segment.rs:7:3\n  |\n7 | #[derive(Clone, Copy)]\n  |   ^^^^^^\n  |\nhelp: consider importing this attribute macro\n  |\n2 + use core::prelude::rust_2024::derive;\n  |\n\nerror: cannot find attribute `derive` in this scope\n  --> src/bin/printhor/hwa/controllers/motion/motion_segment.rs:21:3\n   |\n21 | #[derive(Clone, Copy)]\n   |   ^^^^^^\n   |\nhelp: consider importing this attribute macro\n   |\n2  + use core::prelude::rust_2024::derive;\n   |\n\nerror[E0425]: cannot find function `heap_current_size` in module `hwi`\n  --> src/bin/printhor/hwa/mod.rs:29:14\n   |\n29 |         hwi::heap_current_size()\n   |              ^^^^^^^^^^^^^^^^^ not found in `hwi`\n\nerror[E0425]: cannot find value `HEAP_SIZE_BYTES` in module `hwi`\n  --> src/bin/printhor/hwa/mod.rs:34:14\n   |\n34 |         hwi::HEAP_SIZE_BYTES\n   |              ^^^^^^^^^^^^^^^ not found in `hwi`\n\nerror[E0425]: cannot find function `heap_current_usage_percentage` in module `hwi`\n  --> src/bin/printhor/hwa/mod.rs:40:14\n   |\n40 |         hwi::heap_current_usage_percentage()\n   |              ^^^^^^^^^^^^^^^^^^^^^^^^^^^^^ not found in `hwi`\n\nerror[E0425]: cannot find value `MAX_STATIC_MEMORY` in module `hwi`\n  --> src/bin/printhor/hwa/mod.rs:46:14\n   |\n46 |         hwi::MAX_STATIC_MEMORY as u32\n   |              ^^^^^^^^^^^^^^^^^ not found in `hwi`\n\nerror[E0425]: cannot find function `stack_reservation_current_size` in module `hwi`\n  --> src/bin/printhor/hwa/mod.rs:53:14\n   |\n53 |         hwi::stack_reservation_current_size()\n   |              ^^^^^^^^^^^^^^^^^^^^^^^^^^^^^^ not found in `hwi`\n\nerror[E0425]: cannot find function `sys_reset` in module `hwa`\n   --> src/bin/printhor/control/processor.rs:236:22\n    |\n236 |                 hwa::sys_reset();\n    |                      ^^^^^^^^^ not found in `hwa`\n\nerror: no global memory allocator found but one is required; link to std or add `#[global_allocator]` to a static item that implements the GlobalAlloc trait\n\nerror[E0425]: cannot find value `MACHINE_TYPE` in module `hwa`\n  --> src/bin/printhor/machine.rs:22:32\n   |\n22 |             machine_type: hwa::MACHINE_TYPE,\n   |                                ^^^^^^^^^^^^ not found in `hwa`\n\nerror[E0425]: cannot find value `MACHINE_BOARD` in module `hwa`\n  --> src/bin/printhor/machine.rs:23:33\n   |\n23 |             machine_board: hwa::MACHINE_BOARD,\n   |                                 ^^^^^^^^^^^^^ not found in `hwa`\n\nerror[E0425]: cannot find value `MACHINE_PROCESSOR` in module `hwa`\n  --> src/bin/printhor/machine.rs:24:37\n   |\n24 |             machine_processor: hwa::MACHINE_PROCESSOR,\n   |                                     ^^^^^^^^^^^^^^^^^ not found in `hwa`\n\nerror[E0425]: cannot find function `init_logger` in module `hwa`\n  --> src/bin/printhor/main.rs:45:10\n   |\n45 |     hwa::init_logger();\n   |          ^^^^^^^^^^^ not found in `hwa`\n\nerror[E0425]: cannot find function `init` in module `hwa`\n  --> src/bin/printhor/main.rs:48:28\n   |\n48 |     let peripherals = hwa::init();\n   |                            ^^^^ not found in `hwa`\n\nerror[E0425]: cannot find function `setup` in module `hwa`\n  --> src/bin/printhor/main.rs:51:24\n   |\n51 |     let context = hwa::setup(spawner, peripherals).await;\n   |                        ^^^^^ not found in `hwa`\n\nerror[E0425]: cannot find crate `wfi` in the list of imported crates\n   --> src/bin/printhor/main.rs:357:25\n    |\n357 |         cortex_m::asm;::wfi();\n    |                         ^^^ not found in the list of imported crates\n\nerror: `#[panic_handler]` function required, but not found\n\nwarning: unexpected `cfg` condition value: `with-fan`\n  --> src/bin/printhor/hwi/mod.rs:29:7\n   |\n29 | #[cfg(feature = \"with-fan\")]\n   |       ^^^^^^^^^^----------\n   |                 |\n   |                 help: there is a expected value with a similar name: `\"with-fan0\"`\n   |\n   = note: expected values for `feature` are: `_arch`, `alloc-cortex-m`, `arch-std`, `cortex-m`, `cortex-m-rt`, `cstr_core`, `default`, `defmt`, `defmt-rtt`, `display-interface-parallel-gpio`, `embassy-embedded-hal`, `embassy-executor`, `embassy-stm32`, `embedded-graphics`, `embedded-graphics-core`, `embedded-hal`, `embedded-sdmmc`, `fixed-point-128-impl`, `float-point-f32-impl`, `float-point-f64-impl`, `gnuplot`, `has-extruder`, `ili9341`, `ili9341_parallel`, `ili9341_spi`, `integration-test`, `integration-test-benchy`, `integration-test-dwell`, `integration-test-homing`, `integration-test-laser-engrave`, `integration-test-m100`, `integration-test-move-boundaries`, `integration-test-move-oblique`, `integration-test-move-ortho`, and `integration-test-power-on` and 39 more\n   = help: consider adding `with-fan` as a feature in `Cargo.toml`\n   = note: see <https://doc.rust-lang.org/nightly/rustc/check-cfg/cargo-specifics.html> for more information about checking conditional configuration\n   = note: `#[warn(unexpected_cfgs)]` on by default\n\nwarning: unused import: `hwi::*`\n  --> src/bin/printhor/hwa/mod.rs:20:9\n   |\n20 | pub use hwi::*;\n   |         ^^^^^^\n   |\n   = note: `#[warn(unused_imports)]` on by default\n\nwarning: unexpected `cfg` condition value: `grbl-compat`\n   --> src/bin/printhor/control/mod.rs:123:11\n    |\n123 |     #[cfg(feature = \"grbl-compat\")]\n    |           ^^^^^^^^^^^^^^^^^^^^^^^\n    |\n    = note: expected values for `feature` are: `_arch`, `alloc-cortex-m`, `arch-std`, `cortex-m`, `cortex-m-rt`, `cstr_core`, `default`, `defmt`, `defmt-rtt`, `display-interface-parallel-gpio`, `embassy-embedded-hal`, `embassy-executor`, `embassy-stm32`, `embedded-graphics`, `embedded-graphics-core`, `embedded-hal`, `embedded-sdmmc`, `fixed-point-128-impl`, `float-point-f32-impl`, `float-point-f64-impl`, `gnuplot`, `has-extruder`, `ili9341`, `ili9341_parallel`, `ili9341_spi`, `integration-test`, `integration-test-benchy`, `integration-test-dwell`, `integration-test-homing`, `integration-test-laser-engrave`, `integration-test-m100`, `integration-test-move-boundaries`, `integration-test-move-oblique`, `integration-test-move-ortho`, and `integration-test-power-on` and 39 more\n    = help: consider adding `grbl-compat` as a feature in `Cargo.toml`\n    = note: see <https://doc.rust-lang.org/nightly/rustc/check-cfg/cargo-specifics.html> for more information about checking conditional configuration\n\nwarning: unexpected `cfg` condition value: `grbl-compat`\n   --> src/bin/printhor/control/mod.rs:126:11\n    |\n126 |     #[cfg(feature = \"grbl-compat\")]\n    |           ^^^^^^^^^^^^^^^^^^^^^^^\n    |\n    = note: expected values for `feature` are: `_arch`, `alloc-cortex-m`, `arch-std`, `cortex-m`, `cortex-m-rt`, `cstr_core`, `default`, `defmt`, `defmt-rtt`, `display-interface-parallel-gpio`, `embassy-embedded-hal`, `embassy-executor`, `embassy-stm32`, `embedded-graphics`, `embedded-graphics-core`, `embedded-hal`, `embedded-sdmmc`, `fixed-point-128-impl`, `float-point-f32-impl`, `float-point-f64-impl`, `gnuplot`, `has-extruder`, `ili9341`, `ili9341_parallel`, `ili9341_spi`, `integration-test`, `integration-test-benchy`, `integration-test-dwell`, `integration-test-homing`, `integration-test-laser-engrave`, `integration-test-m100`, `integration-test-move-boundaries`, `integration-test-move-oblique`, `integration-test-move-ortho`, and `integration-test-power-on` and 39 more\n    = help: consider adding `grbl-compat` as a feature in `Cargo.toml`\n    = note: see <https://doc.rust-lang.org/nightly/rustc/check-cfg/cargo-specifics.html> for more information about checking conditional configuration\n\nwarning: unexpected `cfg` condition value: `with-fan1`\n  --> src/bin/printhor/control/processor.rs:55:11\n   |\n55 |     #[cfg(feature = \"with-fan1\")]\n   |           ^^^^^^^^^^-----------\n   |                     |\n   |                     help: there is a expected value with a similar name: `\"with-fan0\"`\n   |\n   = note: expected values for `feature` are: `_arch`, `alloc-cortex-m`, `arch-std`, `cortex-m`, `cortex-m-rt`, `cstr_core`, `default`, `defmt`, `defmt-rtt`, `display-interface-parallel-gpio`, `embassy-embedded-hal`, `embassy-executor`, `embassy-stm32`, `embedded-graphics`, `embedded-graphics-core`, `embedded-hal`, `embedded-sdmmc`, `fixed-point-128-impl`, `float-point-f32-impl`, `float-point-f64-impl`, `gnuplot`, `has-extruder`, `ili9341`, `ili9341_parallel`, `ili9341_spi`, `integration-test`, `integration-test-benchy`, `integration-test-dwell`, `integration-test-homing`, `integration-test-laser-engrave`, `integration-test-m100`, `integration-test-move-boundaries`, `integration-test-move-oblique`, `integration-test-move-ortho`, and `integration-test-power-on` and 39 more\n   = help: consider adding `with-fan1` as a feature in `Cargo.toml`\n   = note: see <https://doc.rust-lang.org/nightly/rustc/check-cfg/cargo-specifics.html> for more information about checking conditional configuration\n\nwarning: unexpected `cfg` condition value: `with-fan`\n  --> src/bin/printhor/control/processor.rs:72:19\n   |\n72 |             #[cfg(feature = \"with-fan\")]\n   |                   ^^^^^^^^^^----------\n   |                             |\n   |                             help: there is a expected value with a similar name: `\"with-fan0\"`\n   |\n   = note: expected values for `feature` are: `_arch`, `alloc-cortex-m`, `arch-std`, `cortex-m`, `cortex-m-rt`, `cstr_core`, `default`, `defmt`, `defmt-rtt`, `display-interface-parallel-gpio`, `embassy-embedded-hal`, `embassy-executor`, `embassy-stm32`, `embedded-graphics`, `embedded-graphics-core`, `embedded-hal`, `embedded-sdmmc`, `fixed-point-128-impl`, `float-point-f32-impl`, `float-point-f64-impl`, `gnuplot`, `has-extruder`, `ili9341`, `ili9341_parallel`, `ili9341_spi`, `integration-test`, `integration-test-benchy`, `integration-test-dwell`, `integration-test-homing`, `integration-test-laser-engrave`, `integration-test-m100`, `integration-test-move-boundaries`, `integration-test-move-oblique`, `integration-test-move-ortho`, and `integration-test-power-on` and 39 more\n   = help: consider adding `with-fan` as a feature in `Cargo.toml`\n   = note: see <https://doc.rust-lang.org/nightly/rustc/check-cfg/cargo-specifics.html> for more information about checking conditional configuration\n\nwarning: unexpected `cfg` condition value: `with-fan1`\n  --> src/bin/printhor/control/processor.rs:80:19\n   |\n80 |             #[cfg(feature = \"with-fan1\")]\n   |                   ^^^^^^^^^^-----------\n   |                             |\n   |                             help: there is a expected value with a similar name: `\"with-fan0\"`\n   |\n   = note: expected values for `feature` are: `_arch`, `alloc-cortex-m`, `arch-std`, `cortex-m`, `cortex-m-rt`, `cstr_core`, `default`, `defmt`, `defmt-rtt`, `display-interface-parallel-gpio`, `embassy-embedded-hal`, `embassy-executor`, `embassy-stm32`, `embedded-graphics`, `embedded-graphics-core`, `embedded-hal`, `embedded-sdmmc`, `fixed-point-128-impl`, `float-point-f32-impl`, `float-point-f64-impl`, `gnuplot`, `has-extruder`, `ili9341`, `ili9341_parallel`, `ili9341_spi`, `integration-test`, `integration-test-benchy`, `integration-test-dwell`, `integration-test-homing`, `integration-test-laser-engrave`, `integration-test-m100`, `integration-test-move-boundaries`, `integration-test-move-oblique`, `integration-test-move-ortho`, and `integration-test-power-on` and 39 more\n   = help: consider adding `with-fan1` as a feature in `Cargo.toml`\n   = note: see <https://doc.rust-lang.org/nightly/rustc/check-cfg/cargo-specifics.html> for more information about checking conditional configuration\n\nwarning: unexpected `cfg` condition value: `grbl-compat`\n   --> src/bin/printhor/control/processor.rs:121:19\n    |\n121 |             #[cfg(feature = \"grbl-compat\")]\n    |                   ^^^^^^^^^^^^^^^^^^^^^^^\n    |\n    = note: expected values for `feature` are: `_arch`, `alloc-cortex-m`, `arch-std`, `cortex-m`, `cortex-m-rt`, `cstr_core`, `default`, `defmt`, `defmt-rtt`, `display-interface-parallel-gpio`, `embassy-embedded-hal`, `embassy-executor`, `embassy-stm32`, `embedded-graphics`, `embedded-graphics-core`, `embedded-hal`, `embedded-sdmmc`, `fixed-point-128-impl`, `float-point-f32-impl`, `float-point-f64-impl`, `gnuplot`, `has-extruder`, `ili9341`, `ili9341_parallel`, `ili9341_spi`, `integration-test`, `integration-test-benchy`, `integration-test-dwell`, `integration-test-homing`, `integration-test-laser-engrave`, `integration-test-m100`, `integration-test-move-boundaries`, `integration-test-move-oblique`, `integration-test-move-ortho`, and `integration-test-power-on` and 39 more\n    = help: consider adding `grbl-compat` as a feature in `Cargo.toml`\n    = note: see <https://doc.rust-lang.org/nightly/rustc/check-cfg/cargo-specifics.html> for more information about checking conditional configuration\n\nwarning: unexpected `cfg` condition value: `with-fan1`\n   --> src/bin/printhor/control/processor.rs:319:46\n    |\n319 |             #[cfg(any(feature = \"with-fan0\", feature = \"with-fan1\"))]\n    |                                              ^^^^^^^^^^-----------\n    |                                                        |\n    |                                                        help: there is a expected value with a similar name: `\"with-fan0\"`\n    |\n    = note: expected values for `feature` are: `_arch`, `alloc-cortex-m`, `arch-std`, `cortex-m`, `cortex-m-rt`, `cstr_core`, `default`, `defmt`, `defmt-rtt`, `display-interface-parallel-gpio`, `embassy-embedded-hal`, `embassy-executor`, `embassy-stm32`, `embedded-graphics`, `embedded-graphics-core`, `embedded-hal`, `embedded-sdmmc`, `fixed-point-128-impl`, `float-point-f32-impl`, `float-point-f64-impl`, `gnuplot`, `has-extruder`, `ili9341`, `ili9341_parallel`, `ili9341_spi`, `integration-test`, `integration-test-benchy`, `integration-test-dwell`, `integration-test-homing`, `integration-test-laser-engrave`, `integration-test-m100`, `integration-test-move-boundaries`, `integration-test-move-oblique`, `integration-test-move-ortho`, and `integration-test-power-on` and 39 more\n    = help: consider adding `with-fan1` as a feature in `Cargo.toml`\n    = note: see <https://doc.rust-lang.org/nightly/rustc/check-cfg/cargo-specifics.html> for more information about checking conditional configuration\n\nwarning: unexpected `cfg` condition value: `with-fan1`\n   --> src/bin/printhor/control/processor.rs:326:46\n    |\n326 |             #[cfg(any(feature = \"with-fan0\", feature = \"with-fan1\"))]\n    |                                              ^^^^^^^^^^-----------\n    |                                                        |\n    |                                                        help: there is a expected value with a similar name: `\"with-fan0\"`\n    |\n    = note: expected values for `feature` are: `_arch`, `alloc-cortex-m`, `arch-std`, `cortex-m`, `cortex-m-rt`, `cstr_core`, `default`, `defmt`, `defmt-rtt`, `display-interface-parallel-gpio`, `embassy-embedded-hal`, `embassy-executor`, `embassy-stm32`, `embedded-graphics`, `embedded-graphics-core`, `embedded-hal`, `embedded-sdmmc`, `fixed-point-128-impl`, `float-point-f32-impl`, `float-point-f64-impl`, `gnuplot`, `has-extruder`, `ili9341`, `ili9341_parallel`, `ili9341_spi`, `integration-test`, `integration-test-benchy`, `integration-test-dwell`, `integration-test-homing`, `integration-test-laser-engrave`, `integration-test-m100`, `integration-test-move-boundaries`, `integration-test-move-oblique`, `integration-test-move-ortho`, and `integration-test-power-on` and 39 more\n    = help: consider adding `with-fan1` as a feature in `Cargo.toml`\n    = note: see <https://doc.rust-lang.org/nightly/rustc/check-cfg/cargo-specifics.html> for more information about checking conditional configuration\n\nwarning: unused import: `plan::*`\n --> src/bin/printhor/control/planner/mod.rs:3:9\n  |\n3 | pub use plan::*;\n  |         ^^^^^^^\n\nwarning: unexpected `cfg` condition value: `grbl-compat`\n  --> src/bin/printhor/control/parser.rs:76:39\n   |\n76 | ...                   #[cfg(feature = \"grbl-compat\")]\n   |                             ^^^^^^^^^^^^^^^^^^^^^^^\n   |\n   = note: expected values for `feature` are: `_arch`, `alloc-cortex-m`, `arch-std`, `cortex-m`, `cortex-m-rt`, `cstr_core`, `default`, `defmt`, `defmt-rtt`, `display-interface-parallel-gpio`, `embassy-embedded-hal`, `embassy-executor`, `embassy-stm32`, `embedded-graphics`, `embedded-graphics-core`, `embedded-hal`, `embedded-sdmmc`, `fixed-point-128-impl`, `float-point-f32-impl`, `float-point-f64-impl`, `gnuplot`, `has-extruder`, `ili9341`, `ili9341_parallel`, `ili9341_spi`, `integration-test`, `integration-test-benchy`, `integration-test-dwell`, `integration-test-homing`, `integration-test-laser-engrave`, `integration-test-m100`, `integration-test-move-boundaries`, `integration-test-move-oblique`, `integration-test-move-ortho`, and `integration-test-power-on` and 39 more\n   = help: consider adding `grbl-compat` as a feature in `Cargo.toml`\n   = note: see <https://doc.rust-lang.org/nightly/rustc/check-cfg/cargo-specifics.html> for more information about checking conditional configuration\n\nwarning: unexpected `cfg` condition value: `grbl-compat`\n   --> src/bin/printhor/control/parser.rs:104:59\n    |\n104 | ...                   #[cfg(feature = \"grbl-compat\")]\n    |                             ^^^^^^^^^^^^^^^^^^^^^^^\n    |\n    = note: expected values for `feature` are: `_arch`, `alloc-cortex-m`, `arch-std`, `cortex-m`, `cortex-m-rt`, `cstr_core`, `default`, `defmt`, `defmt-rtt`, `display-interface-parallel-gpio`, `embassy-embedded-hal`, `embassy-executor`, `embassy-stm32`, `embedded-graphics`, `embedded-graphics-core`, `embedded-hal`, `embedded-sdmmc`, `fixed-point-128-impl`, `float-point-f32-impl`, `float-point-f64-impl`, `gnuplot`, `has-extruder`, `ili9341`, `ili9341_parallel`, `ili9341_spi`, `integration-test`, `integration-test-benchy`, `integration-test-dwell`, `integration-test-homing`, `integration-test-laser-engrave`, `integration-test-m100`, `integration-test-move-boundaries`, `integration-test-move-oblique`, `integration-test-move-ortho`, and `integration-test-power-on` and 39 more\n    = help: consider adding `grbl-compat` as a feature in `Cargo.toml`\n    = note: see <https://doc.rust-lang.org/nightly/rustc/check-cfg/cargo-specifics.html> for more information about checking conditional configuration\n\nwarning: unexpected `cfg` condition value: `grbl-compat`\n   --> src/bin/printhor/control/parser.rs:303:59\n    |\n303 | ...                   #[cfg(feature = \"grbl-compat\")]\n    |                             ^^^^^^^^^^^^^^^^^^^^^^^\n    |\n    = note: expected values for `feature` are: `_arch`, `alloc-cortex-m`, `arch-std`, `cortex-m`, `cortex-m-rt`, `cstr_core`, `default`, `defmt`, `defmt-rtt`, `display-interface-parallel-gpio`, `embassy-embedded-hal`, `embassy-executor`, `embassy-stm32`, `embedded-graphics`, `embedded-graphics-core`, `embedded-hal`, `embedded-sdmmc`, `fixed-point-128-impl`, `float-point-f32-impl`, `float-point-f64-impl`, `gnuplot`, `has-extruder`, `ili9341`, `ili9341_parallel`, `ili9341_spi`, `integration-test`, `integration-test-benchy`, `integration-test-dwell`, `integration-test-homing`, `integration-test-laser-engrave`, `integration-test-m100`, `integration-test-move-boundaries`, `integration-test-move-oblique`, `integration-test-move-ortho`, and `integration-test-power-on` and 39 more\n    = help: consider adding `grbl-compat` as a feature in `Cargo.toml`\n    = note: see <https://doc.rust-lang.org/nightly/rustc/check-cfg/cargo-specifics.html> for more information about checking conditional configuration\n\nwarning: unexpected `cfg` condition value: `grbl-compat`\n --> src/bin/printhor/control/task_control.rs:8:11\n  |\n8 | #[cfg(any(feature = \"grbl-compat\", feature = \"with-printjob\", feature = \"with-sdcard\"))]\n  |           ^^^^^^^^^^^^^^^^^^^^^^^\n  |\n  = note: expected values for `feature` are: `_arch`, `alloc-cortex-m`, `arch-std`, `cortex-m`, `cortex-m-rt`, `cstr_core`, `default`, `defmt`, `defmt-rtt`, `display-interface-parallel-gpio`, `embassy-embedded-hal`, `embassy-executor`, `embassy-stm32`, `embedded-graphics`, `embedded-graphics-core`, `embedded-hal`, `embedded-sdmmc`, `fixed-point-128-impl`, `float-point-f32-impl`, `float-point-f64-impl`, `gnuplot`, `has-extruder`, `ili9341`, `ili9341_parallel`, `ili9341_spi`, `integration-test`, `integration-test-benchy`, `integration-test-dwell`, `integration-test-homing`, `integration-test-laser-engrave`, `integration-test-m100`, `integration-test-move-boundaries`, `integration-test-move-oblique`, `integration-test-move-ortho`, and `integration-test-power-on` and 39 more\n  = help: consider adding `grbl-compat` as a feature in `Cargo.toml`\n  = note: see <https://doc.rust-lang.org/nightly/rustc/check-cfg/cargo-specifics.html> for more information about checking conditional configuration\n\nerror[E0277]: the trait bound `tgeo::_::InternalBitFlags: core::marker::Copy` is not satisfied\n  --> src/bin/printhor/tgeo.rs:11:1\n   |\n11 | / bitflags! {\n12 | |     #[derive(PartialEq, Eq)]\n13 | |     pub struct CoordSel: u8 {\n14 | |         const X = 0b00000001;\n...  |\n20 | |     }\n21 | | }\n   | |_^ the trait `core::marker::Copy` is not implemented for `tgeo::_::InternalBitFlags`\n   |\nnote: required by a bound in `Pod`\n  --> /Users/graysonnocera/.cargo/registry/src/index.crates.io-6f17d22bba15001f/bytemuck-1.14.0/src/pod.rs:37:34\n   |\n37 | pub unsafe trait Pod: Zeroable + Copy + 'static {}\n   |                                  ^^^^ required by this bound in `Pod`\n   = note: this error originates in the macro `__impl_external_bitflags_bytemuck` which comes from the expansion of the macro `bitflags` (in Nightly builds, run with -Z macro-backtrace for more info)\nhelp: consider annotating `tgeo::_::InternalBitFlags` with `#[derive(Copy)]`\n  --> /Users/graysonnocera/.cargo/registry/src/index.crates.io-6f17d22bba15001f/bitflags-2.4.1/src/internal.rs:20:9\n   |\n20 +         #[derive(Copy)]\n21 |         $vis struct $InternalBitFlags($T);\n   |\n\nerror[E0277]: the trait bound `p::_::InternalBitFlags: core::marker::Copy` is not satisfied\n  --> src/bin/printhor/control/planner/mod.rs:8:1\n   |\n8  | / bitflags! {\n9  | |     #[derive(Clone, Copy, PartialEq, Eq, Debug)]\n10 | |     pub struct StepperChannel: u8 {\n11 | |         const X    = 0b00000001;\n...  |\n16 | |     }\n17 | | }\n   | |_^ the trait `core::marker::Copy` is not implemented for `p::_::InternalBitFlags`\n   |\nnote: required by a bound in `Pod`\n  --> /Users/graysonnocera/.cargo/registry/src/index.crates.io-6f17d22bba15001f/bytemuck-1.14.0/src/pod.rs:37:34\n   |\n37 | pub unsafe trait Pod: Zeroable + Copy + 'static {}\n   |                                  ^^^^ required by this bound in `Pod`\n   = note: this error originates in the macro `__impl_external_bitflags_bytemuck` which comes from the expansion of the macro `bitflags` (in Nightly builds, run with -Z macro-backtrace for more info)\nhelp: consider annotating `p::_::InternalBitFlags` with `#[derive(Copy)]`\n  --> /Users/graysonnocera/.cargo/registry/src/index.crates.io-6f17d22bba15001f/bitflags-2.4.1/src/internal.rs:20:9\n   |\n20 +         #[derive(Copy)]\n21 |         $vis struct $InternalBitFlags($T);\n   |\n\nSome errors have detailed explanations: E0277, E0432, E0433, E0463.\nFor more information about an error, try `rustc --explain E0277`.\nerror[E0609]: no field `motion_planner` on type `&mut GCodeProcessor`\n   --> src/bin/printhor/control/processor.rs:214:22\n    |\n214 |                 self.motion_planner.set_absolute_positioning(true).await;\n    |                      ^^^^^^^^^^^^^^ unknown field\n    |\n    = note: available field is: `event_bus`\n\nerror[E0609]: no field `motion_planner` on type `&mut GCodeProcessor`\n   --> src/bin/printhor/control/processor.rs:218:22\n    |\n218 |                 self.motion_planner.set_absolute_positioning(false).await;\n    |                      ^^^^^^^^^^^^^^ unknown field\n    |\n    = note: available field is: `event_bus`\n\nerror: could not compile `prinThor` (bin \"scurve_plot\") due to 53 previous errors\nwarning: build failed, waiting for other jobs to finish...\nerror[E0433]: failed to resolve: use of undeclared crate or module `cortex_m`\n   --> src/bin/printhor/main.rs:357:9\n    |\n357 |         cortex_m::asm;::wfi();\n    |         ^^^^^^^^ use of undeclared crate or module `cortex_m`\n\nwarning: unused import: `Neg`\n --> src/bin/printhor/control/planner/plan.rs:6:22\n  |\n6 | use core::ops::{Div, Neg};\n  |                      ^^^\n\nwarning: unused import: `Div`\n --> src/bin/printhor/control/planner/plan.rs:6:17\n  |\n6 | use core::ops::{Div, Neg};\n  |                 ^^^\n\nwarning: unused import: `core::ops::Mul`\n --> src/bin/printhor/control/planner/plan.rs:7:5\n  |\n7 | use core::ops::Mul;\n  |     ^^^^^^^^^^^^^^\n\nerror[E0433]: failed to resolve: use of undeclared crate or module `embassy_executor`\n  --> src/bin/printhor/main.rs:43:24\n   |\n43 | async fn main(spawner: embassy_executor::Spawner) -> ! {\n   |                        ^^^^^^^^^^^^^^^^ use of undeclared crate or module `embassy_executor`\n\nSome errors have detailed explanations: E0425, E0432, E0433, E0609.\nFor more information about an error, try `rustc --explain E0425`.\nwarning: `prinThor` (bin \"printhor\") generated 18 warnings\nerror: could not compile `prinThor` (bin \"printhor\") due to 55 previous errors; 18 warnings emitted\n",
      "stdout": ""
    },
    "features": [
      "with-defmt",
      "native"
    ],
    "project": "../../../Downloads/695-Project/dataset/nostd-failed-crates/crates/prinThor-0.0.3/src",
    "time_to_build": 3468,
    "time_to_solve": 438
  }
]