[
  {
    "built_with_features": null,
    "command": {
      "args": [
        "build",
        "--target",
        "thumbv7m-none-eabi",
        "--no-default-features"
      ],
      "code": 101,
      "stderr": "   Compiling num-traits v0.2.19\n   Compiling either v1.13.0\n   Compiling glam v0.24.2\n   Compiling roots v0.0.8\nerror[E0463]: can't find crate for `std`\n  |\n  = note: the `thumbv7m-none-eabi` target may not support the standard library\n  = note: `std` is required by `roots` because it does not declare `#![no_std]`\n\nerror: cannot find macro `println` in this scope\n  --> /Users/graysonnocera/.cargo/registry/src/index.crates.io-6f17d22bba15001f/roots-0.0.8/src/numerical/debug_convergency.rs:72:9\n   |\n72 |         println!(\"#{} check iteration limit {}\", self.iter, iter);\n   |         ^^^^^^^\n\nerror: cannot find macro `println` in this scope\n  --> /Users/graysonnocera/.cargo/registry/src/index.crates.io-6f17d22bba15001f/roots-0.0.8/src/numerical/debug_convergency.rs:67:9\n   |\n67 |         println!(\"#{} check convergency {:.15e}-{:.15e}\", self.iter, x1, x2);\n   |         ^^^^^^^\n\nerror: cannot find macro `println` in this scope\n  --> /Users/graysonnocera/.cargo/registry/src/index.crates.io-6f17d22bba15001f/roots-0.0.8/src/numerical/debug_convergency.rs:62:9\n   |\n62 |         println!(\"#{} check root {:.15e}\", self.iter, y);\n   |         ^^^^^^^\n\nerror: cannot find attribute `derive` in this scope\n  --> /Users/graysonnocera/.cargo/registry/src/index.crates.io-6f17d22bba15001f/roots-0.0.8/src/numerical/regula_falsi.rs:30:3\n   |\n30 | #[derive(Debug, PartialEq)]\n   |   ^^^^^^\n\nerror: cannot find macro `panic` in this scope\n   --> /Users/graysonnocera/.cargo/registry/src/index.crates.io-6f17d22bba15001f/roots-0.0.8/src/numerical/polynom.rs:390:22\n    |\n390 |                 _ => panic!(\"Unexpected type of the previous root interval!\"),\n    |                      ^^^^^\n\nerror: cannot find macro `format` in this scope\n   --> /Users/graysonnocera/.cargo/registry/src/index.crates.io-6f17d22bba15001f/roots-0.0.8/src/numerical/polynom.rs:177:42\n    |\n177 |                         result.push_str(&format!(\"-{:?}*x^{:?}\", -*x, p));\n    |                                          ^^^^^^\n\nerror: cannot find macro `format` in this scope\n   --> /Users/graysonnocera/.cargo/registry/src/index.crates.io-6f17d22bba15001f/roots-0.0.8/src/numerical/polynom.rs:175:42\n    |\n175 |                         result.push_str(&format!(\"+{:?}*x^{:?}\", *x, p));\n    |                                          ^^^^^^\n\nerror: cannot find macro `format` in this scope\n   --> /Users/graysonnocera/.cargo/registry/src/index.crates.io-6f17d22bba15001f/roots-0.0.8/src/numerical/polynom.rs:170:30\n    |\n170 |             result.push_str(&format!(\"x^{:?}\", p));\n    |                              ^^^^^^\n\nerror: cannot find attribute `derive` in this scope\n  --> /Users/graysonnocera/.cargo/registry/src/index.crates.io-6f17d22bba15001f/roots-0.0.8/src/numerical/polynom.rs:34:3\n   |\n34 | #[derive(Debug, PartialEq)]\n   |   ^^^^^^\n\nerror: cannot find attribute `derive` in this scope\n  --> /Users/graysonnocera/.cargo/registry/src/index.crates.io-6f17d22bba15001f/roots-0.0.8/src/numerical/inverse_quadratic.rs:33:3\n   |\n33 | #[derive(Debug, PartialEq)]\n   |   ^^^^^^\n\nerror: cannot find macro `vec` in this scope\n   --> /Users/graysonnocera/.cargo/registry/src/index.crates.io-6f17d22bba15001f/roots-0.0.8/src/numerical/eigen.rs:648:17\n    |\n648 |     let mut r = vec![(0., 0.); n];\n    |                 ^^^\n\nerror: cannot find macro `vec` in this scope\n   --> /Users/graysonnocera/.cargo/registry/src/index.crates.io-6f17d22bba15001f/roots-0.0.8/src/numerical/eigen.rs:640:17\n    |\n640 |     let mut e = vec![0.; n];\n    |                 ^^^\n\nerror: cannot find macro `vec` in this scope\n   --> /Users/graysonnocera/.cargo/registry/src/index.crates.io-6f17d22bba15001f/roots-0.0.8/src/numerical/eigen.rs:639:17\n    |\n639 |     let mut d = vec![0.; n];\n    |                 ^^^\n\nerror: cannot find macro `vec` in this scope\n   --> /Users/graysonnocera/.cargo/registry/src/index.crates.io-6f17d22bba15001f/roots-0.0.8/src/numerical/eigen.rs:535:19\n    |\n535 |     let mut ort = vec![0.; n];\n    |                   ^^^\n\nerror: cannot find macro `write` in this scope\n  --> /Users/graysonnocera/.cargo/registry/src/index.crates.io-6f17d22bba15001f/roots-0.0.8/src/numerical/eigen.rs:47:9\n   |\n47 |         write!(f, \"}}\")\n   |         ^^^^^\n\nerror: cannot find macro `writeln` in this scope\n  --> /Users/graysonnocera/.cargo/registry/src/index.crates.io-6f17d22bba15001f/roots-0.0.8/src/numerical/eigen.rs:45:13\n   |\n45 |             writeln!(f, \"\").ok();\n   |             ^^^^^^^\n\nerror: cannot find macro `write` in this scope\n  --> /Users/graysonnocera/.cargo/registry/src/index.crates.io-6f17d22bba15001f/roots-0.0.8/src/numerical/eigen.rs:43:17\n   |\n43 |                 write!(f, \"{:.3?} \", self[[c, r]]).ok();\n   |                 ^^^^^\n\nerror: cannot find macro `write` in this scope\n  --> /Users/graysonnocera/.cargo/registry/src/index.crates.io-6f17d22bba15001f/roots-0.0.8/src/numerical/eigen.rs:40:9\n   |\n40 |         write!(f, \"{{\").ok();\n   |         ^^^^^\n\nerror: cannot find macro `write` in this scope\n   --> /Users/graysonnocera/.cargo/registry/src/index.crates.io-6f17d22bba15001f/roots-0.0.8/src/numerical/mod.rs:117:44\n    |\n117 |             SearchError::ZeroDerivative => write!(f, \"Zero Derivative Error\"),\n    |                                            ^^^^^\n\nerror: cannot find macro `write` in this scope\n   --> /Users/graysonnocera/.cargo/registry/src/index.crates.io-6f17d22bba15001f/roots-0.0.8/src/numerical/mod.rs:116:42\n    |\n116 |             SearchError::NoBracketing => write!(f, \"Bracketing Error\"),\n    |                                          ^^^^^\n\nerror: cannot find macro `write` in this scope\n   --> /Users/graysonnocera/.cargo/registry/src/index.crates.io-6f17d22bba15001f/roots-0.0.8/src/numerical/mod.rs:115:43\n    |\n115 |             SearchError::NoConvergency => write!(f, \"Convergency Error\"),\n    |                                           ^^^^^\n\nerror: cannot find attribute `derive` in this scope\n   --> /Users/graysonnocera/.cargo/registry/src/index.crates.io-6f17d22bba15001f/roots-0.0.8/src/numerical/mod.rs:102:3\n    |\n102 | #[derive(Debug, PartialEq)]\n    |   ^^^^^^\n\nerror: cannot find attribute `derive` in this scope\n  --> /Users/graysonnocera/.cargo/registry/src/index.crates.io-6f17d22bba15001f/roots-0.0.8/src/numerical/mod.rs:51:3\n   |\n51 | #[derive(Debug, PartialEq)]\n   |   ^^^^^^\n\nerror: cannot find attribute `derive` in this scope\n  --> /Users/graysonnocera/.cargo/registry/src/index.crates.io-6f17d22bba15001f/roots-0.0.8/src/numerical/mod.rs:30:3\n   |\n30 | #[derive(Debug, PartialEq)]\n   |   ^^^^^^\n\nerror: cannot find attribute `test` in this scope\n   --> /Users/graysonnocera/.cargo/registry/src/index.crates.io-6f17d22bba15001f/roots-0.0.8/src/float.rs:159:3\n    |\n159 | #[test]\n    |   ^^^^\n\nerror: cannot find macro `assert_eq` in this scope\n   --> /Users/graysonnocera/.cargo/registry/src/index.crates.io-6f17d22bba15001f/roots-0.0.8/src/float.rs:161:5\n    |\n161 |     assert_eq!(-8f64.cbrt(), -2f64);\n    |     ^^^^^^^^^\n\nerror: cannot find macro `assert_eq` in this scope\n   --> /Users/graysonnocera/.cargo/registry/src/index.crates.io-6f17d22bba15001f/roots-0.0.8/src/float.rs:162:5\n    |\n162 |     assert_eq!(8f64.cbrt(), 2f64);\n    |     ^^^^^^^^^\n\nerror: cannot find macro `assert_eq` in this scope\n   --> /Users/graysonnocera/.cargo/registry/src/index.crates.io-6f17d22bba15001f/roots-0.0.8/src/float.rs:163:5\n    |\n163 |     assert_eq!(0f32.cbrt(), 0f32);\n    |     ^^^^^^^^^\n\nerror: cannot find attribute `test` in this scope\n   --> /Users/graysonnocera/.cargo/registry/src/index.crates.io-6f17d22bba15001f/roots-0.0.8/src/analytical/roots.rs:102:3\n    |\n102 | #[test]\n    |   ^^^^\n\nerror: cannot find macro `assert_eq` in this scope\n   --> /Users/graysonnocera/.cargo/registry/src/index.crates.io-6f17d22bba15001f/roots-0.0.8/src/analytical/roots.rs:105:5\n    |\n105 |     assert_eq!(roots, Roots::One([1f32]));\n    |     ^^^^^^^^^\n\nerror: cannot find macro `assert_eq` in this scope\n   --> /Users/graysonnocera/.cargo/registry/src/index.crates.io-6f17d22bba15001f/roots-0.0.8/src/analytical/roots.rs:108:5\n    |\n108 |     assert_eq!(roots, Roots::One([1f32]));\n    |     ^^^^^^^^^\n\nerror: cannot find macro `assert_eq` in this scope\n   --> /Users/graysonnocera/.cargo/registry/src/index.crates.io-6f17d22bba15001f/roots-0.0.8/src/analytical/roots.rs:111:5\n    |\n111 |     assert_eq!(roots, Roots::Two([0f32, 1f32]));\n    |     ^^^^^^^^^\n\nerror: cannot find macro `assert_eq` in this scope\n   --> /Users/graysonnocera/.cargo/registry/src/index.crates.io-6f17d22bba15001f/roots-0.0.8/src/analytical/roots.rs:114:5\n    |\n114 |     assert_eq!(roots, Roots::Two([0f32, 1f32]));\n    |     ^^^^^^^^^\n\nerror: cannot find macro `assert_eq` in this scope\n   --> /Users/graysonnocera/.cargo/registry/src/index.crates.io-6f17d22bba15001f/roots-0.0.8/src/analytical/roots.rs:117:5\n    |\n117 |     assert_eq!(roots, Roots::Three([0f32, 1f32, 3f32]));\n    |     ^^^^^^^^^\n\nerror: cannot find macro `assert_eq` in this scope\n   --> /Users/graysonnocera/.cargo/registry/src/index.crates.io-6f17d22bba15001f/roots-0.0.8/src/analytical/roots.rs:120:5\n    |\n120 |     assert_eq!(roots, Roots::Four([0f32, 1f32, 2f32, 3f32]));\n    |     ^^^^^^^^^\n\nerror: cannot find macro `panic` in this scope\n  --> /Users/graysonnocera/.cargo/registry/src/index.crates.io-6f17d22bba15001f/roots-0.0.8/src/analytical/roots.rs:94:30\n   |\n94 |                         _ => panic!(\"Cannot add root\"),\n   |                              ^^^^^\n\nerror: cannot find attribute `derive` in this scope\n  --> /Users/graysonnocera/.cargo/registry/src/index.crates.io-6f17d22bba15001f/roots-0.0.8/src/analytical/roots.rs:28:3\n   |\n28 | #[derive(Debug, PartialEq)]\n   |   ^^^^^^\n\nerror[E0405]: cannot find trait `AsRef` in this scope\n  --> /Users/graysonnocera/.cargo/registry/src/index.crates.io-6f17d22bba15001f/roots-0.0.8/src/analytical/roots.rs:42:20\n   |\n42 | impl<F: FloatType> AsRef<[F]> for Roots<F> {\n   |                    ^^^^^ not found in this scope\n\nerror[E0405]: cannot find trait `Sized` in this scope\n  --> /Users/graysonnocera/.cargo/registry/src/index.crates.io-6f17d22bba15001f/roots-0.0.8/src/float.rs:37:5\n   |\n37 |     Sized\n   |     ^^^^^ not found in this scope\n\nerror[E0405]: cannot find trait `Copy` in this scope\n  --> /Users/graysonnocera/.cargo/registry/src/index.crates.io-6f17d22bba15001f/roots-0.0.8/src/float.rs:38:7\n   |\n38 |     + Copy\n   |       ^^^^ not found in this scope\n\nerror[E0405]: cannot find trait `From` in this scope\n  --> /Users/graysonnocera/.cargo/registry/src/index.crates.io-6f17d22bba15001f/roots-0.0.8/src/float.rs:40:7\n   |\n40 |     + From<i16>\n   |       ^^^^ not found in this scope\n\nerror[E0405]: cannot find trait `PartialEq` in this scope\n  --> /Users/graysonnocera/.cargo/registry/src/index.crates.io-6f17d22bba15001f/roots-0.0.8/src/float.rs:41:7\n   |\n41 |     + PartialEq\n   |       ^^^^^^^^^ not found in this scope\n\nerror[E0405]: cannot find trait `PartialOrd` in this scope\n  --> /Users/graysonnocera/.cargo/registry/src/index.crates.io-6f17d22bba15001f/roots-0.0.8/src/float.rs:42:7\n   |\n42 |     + PartialOrd\n   |       ^^^^^^^^^^ not found in this scope\n\nerror[E0405]: cannot find trait `FnMut` in this scope\n  --> /Users/graysonnocera/.cargo/registry/src/index.crates.io-6f17d22bba15001f/roots-0.0.8/src/numerical/brent.rs:60:11\n   |\n60 |     Func: FnMut(F) -> F,\n   |           ^^^^^ not found in this scope\n\nerror[E0412]: cannot find type `Result` in this scope\n  --> /Users/graysonnocera/.cargo/registry/src/index.crates.io-6f17d22bba15001f/roots-0.0.8/src/numerical/brent.rs:57:99\n   |\n57 | pub fn find_root_brent<F, Func>(a: F, b: F, mut f: Func, convergency: &mut dyn Convergency<F>) -> Result<F, SearchError>\n   |                                                                                                   ^^^^^^ not found in this scope\n\nerror[E0412]: cannot find type `Vec` in this scope\n  --> /Users/graysonnocera/.cargo/registry/src/index.crates.io-6f17d22bba15001f/roots-0.0.8/src/numerical/eigen.rs:76:66\n   |\n76 | pub fn hqr2(n_in: usize, h: &mut Matrix, v: &mut Matrix, d: &mut Vec<f64>, e: &mut Vec<f64>) {\n   |                                                                  ^^^ not found in this scope\n\nerror[E0412]: cannot find type `Vec` in this scope\n  --> /Users/graysonnocera/.cargo/registry/src/index.crates.io-6f17d22bba15001f/roots-0.0.8/src/numerical/eigen.rs:76:84\n   |\n76 | pub fn hqr2(n_in: usize, h: &mut Matrix, v: &mut Matrix, d: &mut Vec<f64>, e: &mut Vec<f64>) {\n   |                                                                                    ^^^ not found in this scope\n\nerror[E0412]: cannot find type `Vec` in this scope\n   --> /Users/graysonnocera/.cargo/registry/src/index.crates.io-6f17d22bba15001f/roots-0.0.8/src/numerical/eigen.rs:635:34\n    |\n635 | fn calc_eigen(m: &mut Matrix) -> Vec<(f64, f64)> {\n    |                                  ^^^ not found in this scope\n\nerror[E0412]: cannot find type `Vec` in this scope\n   --> /Users/graysonnocera/.cargo/registry/src/index.crates.io-6f17d22bba15001f/roots-0.0.8/src/numerical/eigen.rs:668:28\n    |\n668 | pub fn find_roots_eigen(c: Vec<f64>) -> VecDeque<f64> {\n    |                            ^^^ not found in this scope\n\nerror[E0405]: cannot find trait `FnMut` in this scope\n  --> /Users/graysonnocera/.cargo/registry/src/index.crates.io-6f17d22bba15001f/roots-0.0.8/src/numerical/inverse_quadratic.rs:96:11\n   |\n96 |     Func: FnMut(F) -> F,\n   |           ^^^^^ not found in this scope\n\nerror[E0412]: cannot find type `Result` in this scope\n  --> /Users/graysonnocera/.cargo/registry/src/index.crates.io-6f17d22bba15001f/roots-0.0.8/src/numerical/inverse_quadratic.rs:93:111\n   |\n93 | pub fn find_root_inverse_quadratic<F, Func>(a: F, b: F, mut f: Func, convergency: &mut dyn Convergency<F>) -> Result<F, SearchError>\n   |                                                                                                               ^^^^^^ not found in this scope\n\nerror[E0531]: cannot find tuple struct or tuple variant `Some` in this scope\n   --> /Users/graysonnocera/.cargo/registry/src/index.crates.io-6f17d22bba15001f/roots-0.0.8/src/numerical/inverse_quadratic.rs:131:21\n    |\n131 |         x3 = if let Some(root) = find_roots_quadratic(parabola.a, parabola.b, parabola.c)\n    |                     ^^^^ not found in this scope\n\nerror[E0405]: cannot find trait `FnMut` in this scope\n  --> /Users/graysonnocera/.cargo/registry/src/index.crates.io-6f17d22bba15001f/roots-0.0.8/src/numerical/newton_raphson.rs:72:11\n   |\n72 |     Func: FnMut(F) -> F,\n   |           ^^^^^ not found in this scope\n\nerror[E0405]: cannot find trait `FnMut` in this scope\n  --> /Users/graysonnocera/.cargo/registry/src/index.crates.io-6f17d22bba15001f/roots-0.0.8/src/numerical/newton_raphson.rs:73:12\n   |\n73 |     Deriv: FnMut(F) -> F,\n   |            ^^^^^ not found in this scope\n\nerror[E0412]: cannot find type `Result` in this scope\n  --> /Users/graysonnocera/.cargo/registry/src/index.crates.io-6f17d22bba15001f/roots-0.0.8/src/numerical/newton_raphson.rs:69:6\n   |\n69 | ) -> Result<F, SearchError>\n   |      ^^^^^^ not found in this scope\n\nerror[E0412]: cannot find type `Result` in this scope\n  --> /Users/graysonnocera/.cargo/registry/src/index.crates.io-6f17d22bba15001f/roots-0.0.8/src/numerical/polynom.rs:49:101\n   |\n49 |     fn find_root(&self, bracketed_start: &mut Interval<F>, convergency: &mut dyn Convergency<F>) -> Result<F, SearchError>;\n   |                                                                                                     ^^^^^^ not found in this scope\n\nerror[E0412]: cannot find type `Vec` in this scope\n  --> /Users/graysonnocera/.cargo/registry/src/index.crates.io-6f17d22bba15001f/roots-0.0.8/src/numerical/polynom.rs:50:37\n   |\n50 |     fn derivative_polynom(&self) -> Vec<F>;\n   |                                     ^^^ not found in this scope\n\nerror[E0412]: cannot find type `String` in this scope\n  --> /Users/graysonnocera/.cargo/registry/src/index.crates.io-6f17d22bba15001f/roots-0.0.8/src/numerical/polynom.rs:51:28\n   |\n51 |     fn to_string(&self) -> String;\n   |                            ^^^^^^ not found in this scope\n\nerror[E0412]: cannot find type `Result` in this scope\n  --> /Users/graysonnocera/.cargo/registry/src/index.crates.io-6f17d22bba15001f/roots-0.0.8/src/numerical/polynom.rs:96:101\n   |\n96 |     fn find_root(&self, bracketed_start: &mut Interval<F>, convergency: &mut dyn Convergency<F>) -> Result<F, SearchError> {\n   |                                                                                                     ^^^^^^ not found in this scope\n\nerror[E0412]: cannot find type `Vec` in this scope\n   --> /Users/graysonnocera/.cargo/registry/src/index.crates.io-6f17d22bba15001f/roots-0.0.8/src/numerical/polynom.rs:149:37\n    |\n149 |     fn derivative_polynom(&self) -> Vec<F> {\n    |                                     ^^^ not found in this scope\n\nerror[E0412]: cannot find type `String` in this scope\n   --> /Users/graysonnocera/.cargo/registry/src/index.crates.io-6f17d22bba15001f/roots-0.0.8/src/numerical/polynom.rs:163:28\n    |\n163 |     fn to_string(&self) -> String {\n    |                            ^^^^^^ not found in this scope\n\nerror[E0412]: cannot find type `Result` in this scope\n   --> /Users/graysonnocera/.cargo/registry/src/index.crates.io-6f17d22bba15001f/roots-0.0.8/src/numerical/polynom.rs:212:6\n    |\n212 | ) -> Result<Interval<F>, SearchError>\n    |      ^^^^^^ not found in this scope\n\nerror[E0412]: cannot find type `Result` in this scope\n   --> /Users/graysonnocera/.cargo/registry/src/index.crates.io-6f17d22bba15001f/roots-0.0.8/src/numerical/polynom.rs:278:6\n    |\n278 | ) -> Result<Interval<F>, SearchError>\n    |      ^^^^^^ not found in this scope\n\nerror[E0412]: cannot find type `Result` in this scope\n   --> /Users/graysonnocera/.cargo/registry/src/index.crates.io-6f17d22bba15001f/roots-0.0.8/src/numerical/polynom.rs:358:6\n    |\n358 | ) -> Result<Vec<SearchInterval<F>>, SearchError>\n    |      ^^^^^^ not found in this scope\n\nerror[E0412]: cannot find type `Vec` in this scope\n   --> /Users/graysonnocera/.cargo/registry/src/index.crates.io-6f17d22bba15001f/roots-0.0.8/src/numerical/polynom.rs:358:13\n    |\n358 | ) -> Result<Vec<SearchInterval<F>>, SearchError>\n    |             ^^^ not found in this scope\n\nerror[E0531]: cannot find tuple struct or tuple variant `Ok` in this scope\n   --> /Users/graysonnocera/.cargo/registry/src/index.crates.io-6f17d22bba15001f/roots-0.0.8/src/numerical/polynom.rs:369:10\n    |\n369 |         &Ok(ref x) => Some(x),\n    |          ^^ not found in this scope\n\n   Compiling itertools v0.10.5\nerror[E0531]: cannot find tuple struct or tuple variant `Err` in this scope\n   --> /Users/graysonnocera/.cargo/registry/src/index.crates.io-6f17d22bba15001f/roots-0.0.8/src/numerical/polynom.rs:370:10\n    |\n370 |         &Err(_) => None,\n    |          ^^^ not found in this scope\n\nerror[E0425]: cannot find value `None` in this scope\n   --> /Users/graysonnocera/.cargo/registry/src/index.crates.io-6f17d22bba15001f/roots-0.0.8/src/numerical/polynom.rs:370:20\n    |\n370 |         &Err(_) => None,\n    |                    ^^^^ not found in this scope\n\nerror[E0412]: cannot find type `Vec` in this scope\n   --> /Users/graysonnocera/.cargo/registry/src/index.crates.io-6f17d22bba15001f/roots-0.0.8/src/numerical/polynom.rs:441:78\n    |\n441 | pub fn find_roots_sturm<F>(a: &[F], convergency: &mut dyn Convergency<F>) -> Vec<Result<F, SearchError>>\n    |                                                                              ^^^ not found in this scope\n\nerror[E0412]: cannot find type `Result` in this scope\n   --> /Users/graysonnocera/.cargo/registry/src/index.crates.io-6f17d22bba15001f/roots-0.0.8/src/numerical/polynom.rs:441:82\n    |\n441 | pub fn find_roots_sturm<F>(a: &[F], convergency: &mut dyn Convergency<F>) -> Vec<Result<F, SearchError>>\n    |                                                                                  ^^^^^^ not found in this scope\n\nerror[E0531]: cannot find tuple struct or tuple variant `Ok` in this scope\n   --> /Users/graysonnocera/.cargo/registry/src/index.crates.io-6f17d22bba15001f/roots-0.0.8/src/numerical/polynom.rs:462:17\n    |\n462 |                 Ok(root_intervals) => {\n    |                 ^^ not found in this scope\n\nerror[E0531]: cannot find tuple struct or tuple variant `Ok` in this scope\n   --> /Users/graysonnocera/.cargo/registry/src/index.crates.io-6f17d22bba15001f/roots-0.0.8/src/numerical/polynom.rs:464:32\n    |\n464 |                         if let Ok(mut narrowed) = narrow_down(&root_interval, a, &derivative_polynom, convergency) {\n    |                                ^^ not found in this scope\n\nerror[E0531]: cannot find tuple struct or tuple variant `Err` in this scope\n   --> /Users/graysonnocera/.cargo/registry/src/index.crates.io-6f17d22bba15001f/roots-0.0.8/src/numerical/polynom.rs:469:17\n    |\n469 |                 Err(error) => {\n    |                 ^^^ not found in this scope\n\nerror[E0405]: cannot find trait `FnMut` in this scope\n  --> /Users/graysonnocera/.cargo/registry/src/index.crates.io-6f17d22bba15001f/roots-0.0.8/src/numerical/regula_falsi.rs:76:11\n   |\n76 |     Func: FnMut(F) -> F,\n   |           ^^^^^ not found in this scope\n\nerror[E0412]: cannot find type `Result` in this scope\n  --> /Users/graysonnocera/.cargo/registry/src/index.crates.io-6f17d22bba15001f/roots-0.0.8/src/numerical/regula_falsi.rs:73:106\n   |\n73 | pub fn find_root_regula_falsi<F, Func>(a: F, b: F, mut f: Func, convergency: &mut dyn Convergency<F>) -> Result<F, SearchError>\n   |                                                                                                          ^^^^^^ not found in this scope\n\nerror[E0405]: cannot find trait `FnMut` in this scope\n  --> /Users/graysonnocera/.cargo/registry/src/index.crates.io-6f17d22bba15001f/roots-0.0.8/src/numerical/secant.rs:66:11\n   |\n66 |     Func: FnMut(F) -> F,\n   |           ^^^^^ not found in this scope\n\nerror[E0412]: cannot find type `Result` in this scope\n  --> /Users/graysonnocera/.cargo/registry/src/index.crates.io-6f17d22bba15001f/roots-0.0.8/src/numerical/secant.rs:63:109\n   |\n63 | pub fn find_root_secant<F, Func>(first: F, second: F, mut f: Func, convergency: &mut dyn Convergency<F>) -> Result<F, SearchError>\n   |                                                                                                             ^^^^^^ not found in this scope\n\nerror: requires `sized` lang_item\n\nerror: requires `sized` lang_item\n  --> /Users/graysonnocera/.cargo/registry/src/index.crates.io-6f17d22bba15001f/roots-0.0.8/src/numerical/eigen.rs:62:48\n   |\n62 | fn cdiv(xr: f64, xi: f64, yr: f64, yi: f64) -> (f64, f64) {\n   |                                                ^^^^^^^^^^\n\nerror[E0433]: failed to resolve: use of undeclared type `Vec`\n   --> /Users/graysonnocera/.cargo/registry/src/index.crates.io-6f17d22bba15001f/roots-0.0.8/src/numerical/polynom.rs:150:26\n    |\n150 |         let mut result = Vec::from(self);\n    |                          ^^^ use of undeclared type `Vec`\n\nerror[E0433]: failed to resolve: use of undeclared type `String`\n   --> /Users/graysonnocera/.cargo/registry/src/index.crates.io-6f17d22bba15001f/roots-0.0.8/src/numerical/polynom.rs:164:26\n    |\n164 |         let mut result = String::new();\n    |                          ^^^^^^ use of undeclared type `String`\n\nerror[E0433]: failed to resolve: use of undeclared type `Vec`\n   --> /Users/graysonnocera/.cargo/registry/src/index.crates.io-6f17d22bba15001f/roots-0.0.8/src/numerical/polynom.rs:362:22\n    |\n362 |     let mut result = Vec::new();\n    |                      ^^^ use of undeclared type `Vec`\n\nerror[E0433]: failed to resolve: use of undeclared type `Vec`\n   --> /Users/graysonnocera/.cargo/registry/src/index.crates.io-6f17d22bba15001f/roots-0.0.8/src/numerical/polynom.rs:446:14\n    |\n446 |         0 => Vec::new(),\n    |              ^^^ use of undeclared type `Vec`\n\nerror[E0433]: failed to resolve: use of undeclared type `Vec`\n   --> /Users/graysonnocera/.cargo/registry/src/index.crates.io-6f17d22bba15001f/roots-0.0.8/src/numerical/polynom.rs:459:30\n    |\n459 |             let mut result = Vec::new();\n    |                              ^^^ use of undeclared type `Vec`\n\nerror[E0425]: cannot find function, tuple struct or tuple variant `Err` in this scope\n  --> /Users/graysonnocera/.cargo/registry/src/index.crates.io-6f17d22bba15001f/roots-0.0.8/src/numerical/brent.rs:64:16\n   |\n64 |         return Err(SearchError::NoBracketing);\n   |                ^^^ not found in this scope\n\nerror[E0425]: cannot find function, tuple struct or tuple variant `Ok` in this scope\n  --> /Users/graysonnocera/.cargo/registry/src/index.crates.io-6f17d22bba15001f/roots-0.0.8/src/numerical/brent.rs:77:20\n   |\n77 |             return Ok(a);\n   |                    ^^ not found in this scope\n\nerror[E0425]: cannot find function, tuple struct or tuple variant `Ok` in this scope\n  --> /Users/graysonnocera/.cargo/registry/src/index.crates.io-6f17d22bba15001f/roots-0.0.8/src/numerical/brent.rs:80:20\n   |\n80 |             return Ok(b);\n   |                    ^^ not found in this scope\n\nerror[E0425]: cannot find function, tuple struct or tuple variant `Ok` in this scope\n  --> /Users/graysonnocera/.cargo/registry/src/index.crates.io-6f17d22bba15001f/roots-0.0.8/src/numerical/brent.rs:83:20\n   |\n83 |             return Ok(c);\n   |                    ^^ not found in this scope\n\nerror[E0425]: cannot find function, tuple struct or tuple variant `Err` in this scope\n   --> /Users/graysonnocera/.cargo/registry/src/index.crates.io-6f17d22bba15001f/roots-0.0.8/src/numerical/brent.rs:132:20\n    |\n132 |             return Err(SearchError::NoConvergency);\n    |                    ^^^ not found in this scope\n\nerror[E0425]: cannot find function, tuple struct or tuple variant `Ok` in this scope\n   --> /Users/graysonnocera/.cargo/registry/src/index.crates.io-6f17d22bba15001f/roots-0.0.8/src/numerical/inverse_quadratic.rs:101:16\n    |\n101 |         return Ok(sample1.x);\n    |                ^^ not found in this scope\n\nerror[E0425]: cannot find function, tuple struct or tuple variant `Ok` in this scope\n   --> /Users/graysonnocera/.cargo/registry/src/index.crates.io-6f17d22bba15001f/roots-0.0.8/src/numerical/inverse_quadratic.rs:105:16\n    |\n105 |         return Ok(sample2.x);\n    |                ^^ not found in this scope\n\nerror[E0425]: cannot find function, tuple struct or tuple variant `Err` in this scope\n   --> /Users/graysonnocera/.cargo/registry/src/index.crates.io-6f17d22bba15001f/roots-0.0.8/src/numerical/inverse_quadratic.rs:108:16\n    |\n108 |         return Err(SearchError::NoBracketing);\n    |                ^^^ not found in this scope\n\nerror[E0425]: cannot find function, tuple struct or tuple variant `Ok` in this scope\n   --> /Users/graysonnocera/.cargo/registry/src/index.crates.io-6f17d22bba15001f/roots-0.0.8/src/numerical/inverse_quadratic.rs:118:16\n    |\n118 |         return Ok(x3);\n    |                ^^ not found in this scope\n\nerror[E0425]: cannot find function, tuple struct or tuple variant `Ok` in this scope\n   --> /Users/graysonnocera/.cargo/registry/src/index.crates.io-6f17d22bba15001f/roots-0.0.8/src/numerical/inverse_quadratic.rs:122:16\n    |\n122 |         return Ok(sample3.x);\n    |                ^^ not found in this scope\n\nerror[E0425]: cannot find function, tuple struct or tuple variant `Ok` in this scope\n   --> /Users/graysonnocera/.cargo/registry/src/index.crates.io-6f17d22bba15001f/roots-0.0.8/src/numerical/inverse_quadratic.rs:146:20\n    |\n146 |             return Ok(sample3.x);\n    |                    ^^ not found in this scope\n\nerror[E0425]: cannot find function, tuple struct or tuple variant `Ok` in this scope\n   --> /Users/graysonnocera/.cargo/registry/src/index.crates.io-6f17d22bba15001f/roots-0.0.8/src/numerical/inverse_quadratic.rs:163:20\n    |\n163 |             return Ok(interval.middle());\n    |                    ^^ not found in this scope\n\nerror[E0425]: cannot find function, tuple struct or tuple variant `Err` in this scope\n   --> /Users/graysonnocera/.cargo/registry/src/index.crates.io-6f17d22bba15001f/roots-0.0.8/src/numerical/inverse_quadratic.rs:168:20\n    |\n168 |             return Err(SearchError::NoConvergency);\n    |                    ^^^ not found in this scope\n\nerror[E0425]: cannot find function, tuple struct or tuple variant `Ok` in this scope\n  --> /Users/graysonnocera/.cargo/registry/src/index.crates.io-6f17d22bba15001f/roots-0.0.8/src/numerical/newton_raphson.rs:82:20\n   |\n82 |             return Ok(x);\n   |                    ^^ not found in this scope\n\nerror[E0425]: cannot find function, tuple struct or tuple variant `Err` in this scope\n  --> /Users/graysonnocera/.cargo/registry/src/index.crates.io-6f17d22bba15001f/roots-0.0.8/src/numerical/newton_raphson.rs:91:24\n   |\n91 |                 return Err(SearchError::ZeroDerivative);\n   |                        ^^^ not found in this scope\n\nerror[E0425]: cannot find function, tuple struct or tuple variant `Ok` in this scope\n  --> /Users/graysonnocera/.cargo/registry/src/index.crates.io-6f17d22bba15001f/roots-0.0.8/src/numerical/newton_raphson.rs:97:20\n   |\n97 |             return Ok(x1);\n   |                    ^^ not found in this scope\n\nerror[E0425]: cannot find function, tuple struct or tuple variant `Err` in this scope\n   --> /Users/graysonnocera/.cargo/registry/src/index.crates.io-6f17d22bba15001f/roots-0.0.8/src/numerical/newton_raphson.rs:104:20\n    |\n104 |             return Err(SearchError::NoConvergency);\n    |                    ^^^ not found in this scope\n\nerror[E0425]: cannot find function, tuple struct or tuple variant `Ok` in this scope\n   --> /Users/graysonnocera/.cargo/registry/src/index.crates.io-6f17d22bba15001f/roots-0.0.8/src/numerical/polynom.rs:102:27\n    |\n102 |                     break Ok(interval.begin.x);\n    |                           ^^ not found in this scope\n\nerror[E0425]: cannot find function, tuple struct or tuple variant `Ok` in this scope\n   --> /Users/graysonnocera/.cargo/registry/src/index.crates.io-6f17d22bba15001f/roots-0.0.8/src/numerical/polynom.rs:104:27\n    |\n104 |                     break Ok(interval.end.x);\n    |                           ^^ not found in this scope\n\nerror[E0425]: cannot find function, tuple struct or tuple variant `Ok` in this scope\n   --> /Users/graysonnocera/.cargo/registry/src/index.crates.io-6f17d22bba15001f/roots-0.0.8/src/numerical/polynom.rs:106:27\n    |\n106 |                     break Ok(interval.middle());\n    |                           ^^ not found in this scope\n\nerror[E0425]: cannot find function, tuple struct or tuple variant `Err` in this scope\n   --> /Users/graysonnocera/.cargo/registry/src/index.crates.io-6f17d22bba15001f/roots-0.0.8/src/numerical/polynom.rs:141:27\n    |\n141 |                     break Err(SearchError::NoConvergency);\n    |                           ^^^ not found in this scope\n\nerror[E0425]: cannot find function, tuple struct or tuple variant `Err` in this scope\n   --> /Users/graysonnocera/.cargo/registry/src/index.crates.io-6f17d22bba15001f/roots-0.0.8/src/numerical/polynom.rs:145:13\n    |\n145 |             Err(SearchError::NoBracketing)\n    |             ^^^ not found in this scope\n\nerror[E0425]: cannot find function, tuple struct or tuple variant `Ok` in this scope\n   --> /Users/graysonnocera/.cargo/registry/src/index.crates.io-6f17d22bba15001f/roots-0.0.8/src/numerical/polynom.rs:231:19\n    |\n231 |             break Ok(if towards_positive {\n    |                   ^^ not found in this scope\n\nerror[E0425]: cannot find function, tuple struct or tuple variant `Ok` in this scope\n   --> /Users/graysonnocera/.cargo/registry/src/index.crates.io-6f17d22bba15001f/roots-0.0.8/src/numerical/polynom.rs:249:27\n    |\n249 |                     break Ok(if towards_positive {\n    |                           ^^ not found in this scope\n\nerror[E0425]: cannot find function, tuple struct or tuple variant `Err` in this scope\n   --> /Users/graysonnocera/.cargo/registry/src/index.crates.io-6f17d22bba15001f/roots-0.0.8/src/numerical/polynom.rs:266:23\n    |\n266 |                 break Err(SearchError::NoConvergency);\n    |                       ^^^ not found in this scope\n\nerror[E0425]: cannot find function, tuple struct or tuple variant `Ok` in this scope\n   --> /Users/graysonnocera/.cargo/registry/src/index.crates.io-6f17d22bba15001f/roots-0.0.8/src/numerical/polynom.rs:331:21\n    |\n331 |                     Ok(Interval {\n    |                     ^^ not found in this scope\n\nerror[E0425]: cannot find function, tuple struct or tuple variant `Ok` in this scope\n   --> /Users/graysonnocera/.cargo/registry/src/index.crates.io-6f17d22bba15001f/roots-0.0.8/src/numerical/polynom.rs:339:21\n    |\n339 |                     Ok(Interval {\n    |                     ^^ not found in this scope\n\nerror[E0425]: cannot find function, tuple struct or tuple variant `Err` in this scope\n   --> /Users/graysonnocera/.cargo/registry/src/index.crates.io-6f17d22bba15001f/roots-0.0.8/src/numerical/polynom.rs:348:17\n    |\n348 |                 Err(SearchError::NoBracketing)\n    |                 ^^^ not found in this scope\n\nerror[E0425]: cannot find function, tuple struct or tuple variant `Some` in this scope\n   --> /Users/graysonnocera/.cargo/registry/src/index.crates.io-6f17d22bba15001f/roots-0.0.8/src/numerical/polynom.rs:369:23\n    |\n369 |         &Ok(ref x) => Some(x),\n    |                       ^^^^ not found in this scope\n\nerror[E0425]: cannot find function, tuple struct or tuple variant `Ok` in this scope\n   --> /Users/graysonnocera/.cargo/registry/src/index.crates.io-6f17d22bba15001f/roots-0.0.8/src/numerical/polynom.rs:406:13\n    |\n406 |             Ok(result)\n    |             ^^ not found in this scope\n\nerror[E0425]: cannot find function, tuple struct or tuple variant `Ok` in this scope\n   --> /Users/graysonnocera/.cargo/registry/src/index.crates.io-6f17d22bba15001f/roots-0.0.8/src/numerical/polynom.rs:412:13\n    |\n412 |             Ok(result)\n    |             ^^ not found in this scope\n\nerror[E0425]: cannot find function, tuple struct or tuple variant `Err` in this scope\n   --> /Users/graysonnocera/.cargo/registry/src/index.crates.io-6f17d22bba15001f/roots-0.0.8/src/numerical/polynom.rs:414:14\n    |\n414 |         _ => Err(SearchError::NoBracketing),\n    |              ^^^ not found in this scope\n\nerror[E0425]: cannot find function, tuple struct or tuple variant `Ok` in this scope\n   --> /Users/graysonnocera/.cargo/registry/src/index.crates.io-6f17d22bba15001f/roots-0.0.8/src/numerical/polynom.rs:447:72\n    |\n447 |         1 => find_roots_linear(F::one(), a[0]).as_ref().iter().map(|s| Ok(*s)).collect(),\n    |                                                                        ^^ not found in this scope\n\nerror[E0425]: cannot find function, tuple struct or tuple variant `Ok` in this scope\n   --> /Users/graysonnocera/.cargo/registry/src/index.crates.io-6f17d22bba15001f/roots-0.0.8/src/numerical/polynom.rs:451:22\n    |\n451 |             .map(|s| Ok(*s))\n    |                      ^^ not found in this scope\n\nerror[E0425]: cannot find function, tuple struct or tuple variant `Ok` in this scope\n   --> /Users/graysonnocera/.cargo/registry/src/index.crates.io-6f17d22bba15001f/roots-0.0.8/src/numerical/polynom.rs:456:22\n    |\n456 |             .map(|s| Ok(*s))\n    |                      ^^ not found in this scope\n\nerror[E0425]: cannot find function, tuple struct or tuple variant `Err` in this scope\n   --> /Users/graysonnocera/.cargo/registry/src/index.crates.io-6f17d22bba15001f/roots-0.0.8/src/numerical/polynom.rs:470:33\n    |\n470 |                     result.push(Err(error));\n    |                                 ^^^ not found in this scope\n\nerror[E0425]: cannot find function, tuple struct or tuple variant `Ok` in this scope\n  --> /Users/graysonnocera/.cargo/registry/src/index.crates.io-6f17d22bba15001f/roots-0.0.8/src/numerical/regula_falsi.rs:82:16\n   |\n82 |         return Ok(x1);\n   |                ^^ not found in this scope\n\nerror[E0425]: cannot find function, tuple struct or tuple variant `Ok` in this scope\n  --> /Users/graysonnocera/.cargo/registry/src/index.crates.io-6f17d22bba15001f/roots-0.0.8/src/numerical/regula_falsi.rs:86:16\n   |\n86 |         return Ok(x2);\n   |                ^^ not found in this scope\n\nerror[E0425]: cannot find function, tuple struct or tuple variant `Err` in this scope\n  --> /Users/graysonnocera/.cargo/registry/src/index.crates.io-6f17d22bba15001f/roots-0.0.8/src/numerical/regula_falsi.rs:89:16\n   |\n89 |         return Err(SearchError::NoBracketing);\n   |                ^^^ not found in this scope\n\nerror[E0425]: cannot find function, tuple struct or tuple variant `Ok` in this scope\n  --> /Users/graysonnocera/.cargo/registry/src/index.crates.io-6f17d22bba15001f/roots-0.0.8/src/numerical/regula_falsi.rs:96:20\n   |\n96 |             return Ok(x);\n   |                    ^^ not found in this scope\n\nerror[E0425]: cannot find function, tuple struct or tuple variant `Ok` in this scope\n   --> /Users/graysonnocera/.cargo/registry/src/index.crates.io-6f17d22bba15001f/roots-0.0.8/src/numerical/regula_falsi.rs:100:20\n    |\n100 |             return Ok(x);\n    |                    ^^ not found in this scope\n\nerror[E0425]: cannot find function, tuple struct or tuple variant `Ok` in this scope\n   --> /Users/graysonnocera/.cargo/registry/src/index.crates.io-6f17d22bba15001f/roots-0.0.8/src/numerical/regula_falsi.rs:118:20\n    |\n118 |             return Ok(x);\n    |                    ^^ not found in this scope\n\nerror[E0425]: cannot find function, tuple struct or tuple variant `Err` in this scope\n   --> /Users/graysonnocera/.cargo/registry/src/index.crates.io-6f17d22bba15001f/roots-0.0.8/src/numerical/regula_falsi.rs:123:20\n    |\n123 |             return Err(SearchError::NoConvergency);\n    |                    ^^^ not found in this scope\n\nerror[E0425]: cannot find function, tuple struct or tuple variant `Ok` in this scope\n  --> /Users/graysonnocera/.cargo/registry/src/index.crates.io-6f17d22bba15001f/roots-0.0.8/src/numerical/secant.rs:71:16\n   |\n71 |         return Ok(x1);\n   |                ^^ not found in this scope\n\nerror[E0425]: cannot find function, tuple struct or tuple variant `Ok` in this scope\n  --> /Users/graysonnocera/.cargo/registry/src/index.crates.io-6f17d22bba15001f/roots-0.0.8/src/numerical/secant.rs:76:16\n   |\n76 |         return Ok(x2);\n   |                ^^ not found in this scope\n\nerror[E0425]: cannot find function, tuple struct or tuple variant `Err` in this scope\n  --> /Users/graysonnocera/.cargo/registry/src/index.crates.io-6f17d22bba15001f/roots-0.0.8/src/numerical/secant.rs:82:20\n   |\n82 |             return Err(SearchError::ZeroDerivative);\n   |                    ^^^ not found in this scope\n\nerror[E0425]: cannot find function, tuple struct or tuple variant `Ok` in this scope\n  --> /Users/graysonnocera/.cargo/registry/src/index.crates.io-6f17d22bba15001f/roots-0.0.8/src/numerical/secant.rs:86:20\n   |\n86 |             return Ok(x);\n   |                    ^^ not found in this scope\n\nerror[E0425]: cannot find function, tuple struct or tuple variant `Ok` in this scope\n  --> /Users/graysonnocera/.cargo/registry/src/index.crates.io-6f17d22bba15001f/roots-0.0.8/src/numerical/secant.rs:90:20\n   |\n90 |             return Ok(x);\n   |                    ^^ not found in this scope\n\nerror[E0425]: cannot find function, tuple struct or tuple variant `Err` in this scope\n   --> /Users/graysonnocera/.cargo/registry/src/index.crates.io-6f17d22bba15001f/roots-0.0.8/src/numerical/secant.rs:100:20\n    |\n100 |             return Err(SearchError::NoConvergency);\n    |                    ^^^ not found in this scope\n\nSome errors have detailed explanations: E0405, E0412, E0425, E0433, E0463, E0531.\nFor more information about an error, try `rustc --explain E0405`.\nerror: could not compile `roots` (lib) due to 134 previous errors\nwarning: build failed, waiting for other jobs to finish...\nerror[E0599]: no function or associated item named `abs` found for type `f32` in the current scope\n   --> /Users/graysonnocera/.cargo/registry/src/index.crates.io-6f17d22bba15001f/glam-0.24.2/src/f32/math.rs:152:14\n    |\n152 |         f32::abs(f)\n    |              ^^^ function or associated item not found in `f32`\n\nerror[E0599]: no function or associated item named `asin` found for type `f32` in the current scope\n   --> /Users/graysonnocera/.cargo/registry/src/index.crates.io-6f17d22bba15001f/glam-0.24.2/src/f32/math.rs:162:14\n    |\n162 |         f32::asin(f)\n    |              ^^^^ function or associated item not found in `f32`\n\nerror[E0599]: no function or associated item named `atan2` found for type `f32` in the current scope\n   --> /Users/graysonnocera/.cargo/registry/src/index.crates.io-6f17d22bba15001f/glam-0.24.2/src/f32/math.rs:167:14\n    |\n167 |         f32::atan2(f, other)\n    |              ^^^^^ function or associated item not found in `f32`\n\nerror[E0599]: no function or associated item named `sin` found for type `f32` in the current scope\n   --> /Users/graysonnocera/.cargo/registry/src/index.crates.io-6f17d22bba15001f/glam-0.24.2/src/f32/math.rs:173:14\n    |\n173 |         f32::sin(f)\n    |              ^^^ function or associated item not found in `f32`\n    |\nhelp: there is a method `min` with a similar name\n    |\n173 |         f32::min(f)\n    |              ~~~\n\nerror[E0599]: no function or associated item named `sin_cos` found for type `f32` in the current scope\n   --> /Users/graysonnocera/.cargo/registry/src/index.crates.io-6f17d22bba15001f/glam-0.24.2/src/f32/math.rs:178:14\n    |\n178 |         f32::sin_cos(f)\n    |              ^^^^^^^ function or associated item not found in `f32`\n\nerror[E0599]: no function or associated item named `tan` found for type `f32` in the current scope\n   --> /Users/graysonnocera/.cargo/registry/src/index.crates.io-6f17d22bba15001f/glam-0.24.2/src/f32/math.rs:183:14\n    |\n183 |         f32::tan(f)\n    |              ^^^ function or associated item not found in `f32`\n\nerror[E0599]: no function or associated item named `sqrt` found for type `f32` in the current scope\n   --> /Users/graysonnocera/.cargo/registry/src/index.crates.io-6f17d22bba15001f/glam-0.24.2/src/f32/math.rs:188:14\n    |\n188 |         f32::sqrt(f)\n    |              ^^^^ function or associated item not found in `f32`\n\nerror[E0599]: no function or associated item named `copysign` found for type `f32` in the current scope\n   --> /Users/graysonnocera/.cargo/registry/src/index.crates.io-6f17d22bba15001f/glam-0.24.2/src/f32/math.rs:193:14\n    |\n193 |         f32::copysign(f, sign)\n    |              ^^^^^^^^ function or associated item not found in `f32`\n\nerror[E0599]: no function or associated item named `signum` found for type `f32` in the current scope\n   --> /Users/graysonnocera/.cargo/registry/src/index.crates.io-6f17d22bba15001f/glam-0.24.2/src/f32/math.rs:198:14\n    |\n198 |         f32::signum(f)\n    |              ^^^^^^ function or associated item not found in `f32`\n    |\nhelp: there is an associated function `sum` with a similar name\n    |\n198 |         f32::sum(f)\n    |              ~~~\n\nerror[E0599]: no function or associated item named `round` found for type `f32` in the current scope\n   --> /Users/graysonnocera/.cargo/registry/src/index.crates.io-6f17d22bba15001f/glam-0.24.2/src/f32/math.rs:203:14\n    |\n203 |         f32::round(f)\n    |              ^^^^^ function or associated item not found in `f32`\n\nerror[E0599]: no function or associated item named `trunc` found for type `f32` in the current scope\n   --> /Users/graysonnocera/.cargo/registry/src/index.crates.io-6f17d22bba15001f/glam-0.24.2/src/f32/math.rs:208:14\n    |\n208 |         f32::trunc(f)\n    |              ^^^^^ function or associated item not found in `f32`\n\nerror[E0599]: no function or associated item named `ceil` found for type `f32` in the current scope\n   --> /Users/graysonnocera/.cargo/registry/src/index.crates.io-6f17d22bba15001f/glam-0.24.2/src/f32/math.rs:213:14\n    |\n213 |         f32::ceil(f)\n    |              ^^^^ function or associated item not found in `f32`\n\nerror[E0599]: no function or associated item named `floor` found for type `f32` in the current scope\n   --> /Users/graysonnocera/.cargo/registry/src/index.crates.io-6f17d22bba15001f/glam-0.24.2/src/f32/math.rs:218:14\n    |\n218 |         f32::floor(f)\n    |              ^^^^^ function or associated item not found in `f32`\n\nerror[E0599]: no function or associated item named `exp` found for type `f32` in the current scope\n   --> /Users/graysonnocera/.cargo/registry/src/index.crates.io-6f17d22bba15001f/glam-0.24.2/src/f32/math.rs:223:14\n    |\n223 |         f32::exp(f)\n    |              ^^^ function or associated item not found in `f32`\n\nerror[E0599]: no function or associated item named `powf` found for type `f32` in the current scope\n   --> /Users/graysonnocera/.cargo/registry/src/index.crates.io-6f17d22bba15001f/glam-0.24.2/src/f32/math.rs:228:14\n    |\n228 |         f32::powf(f, n)\n    |              ^^^^ function or associated item not found in `f32`\n\nerror[E0599]: no function or associated item named `mul_add` found for type `f32` in the current scope\n   --> /Users/graysonnocera/.cargo/registry/src/index.crates.io-6f17d22bba15001f/glam-0.24.2/src/f32/math.rs:233:14\n    |\n233 |         f32::mul_add(a, b, c)\n    |              ^^^^^^^ function or associated item not found in `f32`\n\nerror[E0599]: no function or associated item named `div_euclid` found for type `f32` in the current scope\n   --> /Users/graysonnocera/.cargo/registry/src/index.crates.io-6f17d22bba15001f/glam-0.24.2/src/f32/math.rs:238:14\n    |\n238 |         f32::div_euclid(a, b)\n    |              ^^^^^^^^^^ function or associated item not found in `f32`\n\nerror[E0599]: no function or associated item named `rem_euclid` found for type `f32` in the current scope\n   --> /Users/graysonnocera/.cargo/registry/src/index.crates.io-6f17d22bba15001f/glam-0.24.2/src/f32/math.rs:243:14\n    |\n243 |         f32::rem_euclid(a, b)\n    |              ^^^^^^^^^^ function or associated item not found in `f32`\n\nerror[E0599]: no function or associated item named `abs` found for type `f64` in the current scope\n   --> /Users/graysonnocera/.cargo/registry/src/index.crates.io-6f17d22bba15001f/glam-0.24.2/src/f64/math.rs:117:14\n    |\n117 |         f64::abs(f)\n    |              ^^^ function or associated item not found in `f64`\n\nerror[E0599]: no function or associated item named `acos` found for type `f64` in the current scope\n   --> /Users/graysonnocera/.cargo/registry/src/index.crates.io-6f17d22bba15001f/glam-0.24.2/src/f64/math.rs:122:14\n    |\n122 |         f64::acos(f64::clamp(f, -1.0, 1.0))\n    |              ^^^^ function or associated item not found in `f64`\n\nerror[E0599]: no function or associated item named `asin` found for type `f64` in the current scope\n   --> /Users/graysonnocera/.cargo/registry/src/index.crates.io-6f17d22bba15001f/glam-0.24.2/src/f64/math.rs:127:14\n    |\n127 |         f64::asin(f)\n    |              ^^^^ function or associated item not found in `f64`\n\nerror[E0599]: no function or associated item named `atan2` found for type `f64` in the current scope\n   --> /Users/graysonnocera/.cargo/registry/src/index.crates.io-6f17d22bba15001f/glam-0.24.2/src/f64/math.rs:132:14\n    |\n132 |         f64::atan2(f, other)\n    |              ^^^^^ function or associated item not found in `f64`\n\nerror[E0599]: no function or associated item named `sin` found for type `f64` in the current scope\n   --> /Users/graysonnocera/.cargo/registry/src/index.crates.io-6f17d22bba15001f/glam-0.24.2/src/f64/math.rs:137:14\n    |\n137 |         f64::sin(f)\n    |              ^^^ function or associated item not found in `f64`\n    |\nhelp: there is a method `min` with a similar name\n    |\n137 |         f64::min(f)\n    |              ~~~\n\nerror[E0599]: no function or associated item named `sin_cos` found for type `f64` in the current scope\n   --> /Users/graysonnocera/.cargo/registry/src/index.crates.io-6f17d22bba15001f/glam-0.24.2/src/f64/math.rs:142:14\n    |\n142 |         f64::sin_cos(f)\n    |              ^^^^^^^ function or associated item not found in `f64`\n\nerror[E0599]: no function or associated item named `tan` found for type `f64` in the current scope\n   --> /Users/graysonnocera/.cargo/registry/src/index.crates.io-6f17d22bba15001f/glam-0.24.2/src/f64/math.rs:147:14\n    |\n147 |         f64::tan(f)\n    |              ^^^ function or associated item not found in `f64`\n\nerror[E0599]: no function or associated item named `sqrt` found for type `f64` in the current scope\n   --> /Users/graysonnocera/.cargo/registry/src/index.crates.io-6f17d22bba15001f/glam-0.24.2/src/f64/math.rs:152:14\n    |\n152 |         f64::sqrt(f)\n    |              ^^^^ function or associated item not found in `f64`\n\nerror[E0599]: no function or associated item named `copysign` found for type `f64` in the current scope\n   --> /Users/graysonnocera/.cargo/registry/src/index.crates.io-6f17d22bba15001f/glam-0.24.2/src/f64/math.rs:157:14\n    |\n157 |         f64::copysign(f, sign)\n    |              ^^^^^^^^ function or associated item not found in `f64`\n\nerror[E0599]: no function or associated item named `signum` found for type `f64` in the current scope\n   --> /Users/graysonnocera/.cargo/registry/src/index.crates.io-6f17d22bba15001f/glam-0.24.2/src/f64/math.rs:162:14\n    |\n162 |         f64::signum(f)\n    |              ^^^^^^ function or associated item not found in `f64`\n    |\nhelp: there is an associated function `sum` with a similar name\n    |\n162 |         f64::sum(f)\n    |              ~~~\n\nerror[E0599]: no function or associated item named `round` found for type `f64` in the current scope\n   --> /Users/graysonnocera/.cargo/registry/src/index.crates.io-6f17d22bba15001f/glam-0.24.2/src/f64/math.rs:167:14\n    |\n167 |         f64::round(f)\n    |              ^^^^^ function or associated item not found in `f64`\n\nerror[E0599]: no function or associated item named `trunc` found for type `f64` in the current scope\n   --> /Users/graysonnocera/.cargo/registry/src/index.crates.io-6f17d22bba15001f/glam-0.24.2/src/f64/math.rs:172:14\n    |\n172 |         f64::trunc(f)\n    |              ^^^^^ function or associated item not found in `f64`\n\nerror[E0599]: no function or associated item named `ceil` found for type `f64` in the current scope\n   --> /Users/graysonnocera/.cargo/registry/src/index.crates.io-6f17d22bba15001f/glam-0.24.2/src/f64/math.rs:177:14\n    |\n177 |         f64::ceil(f)\n    |              ^^^^ function or associated item not found in `f64`\n\nerror[E0599]: no function or associated item named `floor` found for type `f64` in the current scope\n   --> /Users/graysonnocera/.cargo/registry/src/index.crates.io-6f17d22bba15001f/glam-0.24.2/src/f64/math.rs:182:14\n    |\n182 |         f64::floor(f)\n    |              ^^^^^ function or associated item not found in `f64`\n\nerror[E0599]: no function or associated item named `exp` found for type `f64` in the current scope\n   --> /Users/graysonnocera/.cargo/registry/src/index.crates.io-6f17d22bba15001f/glam-0.24.2/src/f64/math.rs:187:14\n    |\n187 |         f64::exp(f)\n    |              ^^^ function or associated item not found in `f64`\n\nerror[E0599]: no function or associated item named `powf` found for type `f64` in the current scope\n   --> /Users/graysonnocera/.cargo/registry/src/index.crates.io-6f17d22bba15001f/glam-0.24.2/src/f64/math.rs:192:14\n    |\n192 |         f64::powf(f, n)\n    |              ^^^^ function or associated item not found in `f64`\n\nerror[E0599]: no function or associated item named `mul_add` found for type `f64` in the current scope\n   --> /Users/graysonnocera/.cargo/registry/src/index.crates.io-6f17d22bba15001f/glam-0.24.2/src/f64/math.rs:197:14\n    |\n197 |         f64::mul_add(a, b, c)\n    |              ^^^^^^^ function or associated item not found in `f64`\n\nerror[E0599]: no function or associated item named `div_euclid` found for type `f64` in the current scope\n   --> /Users/graysonnocera/.cargo/registry/src/index.crates.io-6f17d22bba15001f/glam-0.24.2/src/f64/math.rs:202:14\n    |\n202 |         f64::div_euclid(a, b)\n    |              ^^^^^^^^^^ function or associated item not found in `f64`\n\nerror[E0599]: no function or associated item named `rem_euclid` found for type `f64` in the current scope\n   --> /Users/graysonnocera/.cargo/registry/src/index.crates.io-6f17d22bba15001f/glam-0.24.2/src/f64/math.rs:207:14\n    |\n207 |         f64::rem_euclid(a, b)\n    |              ^^^^^^^^^^ function or associated item not found in `f64`\n\nFor more information about this error, try `rustc --explain E0599`.\nerror: could not compile `glam` (lib) due to 37 previous errors\n",
      "stdout": ""
    },
    "features": [
      "std"
    ],
    "project": "../../../Downloads/695-Project/dataset/nostd-failed-crates/crates/pythagorean-hodographs-0.5.4/src",
    "time_to_build": 2395,
    "time_to_solve": 37
  }
]