[
  {
    "built_with_features": null,
    "command": {
      "args": [
        "build",
        "--target",
        "thumbv7m-none-eabi",
        "--no-default-features"
      ],
      "code": 101,
      "stderr": "   Compiling once_cell v1.20.2\n   Compiling rustc-hash v1.1.0\n   Compiling either v1.13.0\n   Compiling parking_lot_core v0.9.10\n   Compiling syn v2.0.90\n   Compiling crossbeam-utils v0.8.20\n   Compiling equivalent v1.0.1\n   Compiling unicode-xid v0.2.6\n   Compiling jod-thread v0.1.2\n   Compiling triomphe v0.1.14\nerror[E0463]: can't find crate for `std`\n  --> /Users/graysonnocera/.cargo/registry/src/index.crates.io-6f17d22bba15001f/rustc-hash-1.1.0/src/lib.rs:29:1\n   |\n29 | extern crate std;\n   | ^^^^^^^^^^^^^^^^^ can't find crate\n   |\n   = note: the `thumbv7m-none-eabi` target may not support the standard library\n\nerror[E0463]: can't find crate for `std`\n  |\n  = note: the `thumbv7m-none-eabi` target may not support the standard library\n  = note: `std` is required by `once_cell` because it does not declare `#![no_std]`\n\nerror[E0463]: can't find crate for `std`\n  |\n  = note: the `thumbv7m-none-eabi` target may not support the standard library\n  = note: `std` is required by `jod_thread` because it does not declare `#![no_std]`\n\nFor more information about this error, try `rustc --explain E0463`.\nerror[E0463]: can't find crate for `std`\n --> /Users/graysonnocera/.cargo/registry/src/index.crates.io-6f17d22bba15001f/jod-thread-0.1.2/src/lib.rs:4:5\n  |\n4 | use std::fmt;\n  |     ^^^ can't find crate\n  |\n  = note: the `thumbv7m-none-eabi` target may not support the standard library\n\nerror[E0463]: can't find crate for `std`\n  --> /Users/graysonnocera/.cargo/registry/src/index.crates.io-6f17d22bba15001f/jod-thread-0.1.2/src/lib.rs:84:9\n   |\n84 |     use std::sync::atomic::{AtomicU32, Ordering};\n   |         ^^^ can't find crate\n   |\n   = note: the `thumbv7m-none-eabi` target may not support the standard library\n\nerror[E0463]: can't find crate for `std`\n  --> /Users/graysonnocera/.cargo/registry/src/index.crates.io-6f17d22bba15001f/either-1.13.0/src/lib.rs:19:1\n   |\n19 | extern crate std;\n   | ^^^^^^^^^^^^^^^^^ can't find crate\n   |\n   = note: the `thumbv7m-none-eabi` target may not support the standard library\n\nerror: could not compile `rustc-hash` (lib) due to 1 previous error\nwarning: build failed, waiting for other jobs to finish...\nerror: cannot find attribute `test` in this scope\n  --> /Users/graysonnocera/.cargo/registry/src/index.crates.io-6f17d22bba15001f/jod-thread-0.1.2/src/lib.rs:82:3\n   |\n82 | #[test]\n   |   ^^^^\n   |\nhelp: consider importing this attribute macro\n   |\n4  + use core::prelude::rust_2024::test;\n   |\n\nerror[E0463]: can't find crate for `std`\n  |\n  = note: the `thumbv7m-none-eabi` target may not support the standard library\n  = note: `std` is required by `triomphe` because it does not declare `#![no_std]`\n\nerror: cannot find macro `assert_eq` in this scope\n  --> /Users/graysonnocera/.cargo/registry/src/index.crates.io-6f17d22bba15001f/jod-thread-0.1.2/src/lib.rs:89:5\n   |\n89 |     assert_eq!(COUNTER.load(Ordering::SeqCst), 1);\n   |     ^^^^^^^^^\n   |\nhelp: consider importing this macro\n   |\n4  + use core::assert_eq;\n   |\n\nerror: cannot find macro `panic` in this scope\n  --> /Users/graysonnocera/.cargo/registry/src/index.crates.io-6f17d22bba15001f/jod-thread-0.1.2/src/lib.rs:96:9\n   |\n96 |         panic!(\"boom\")\n   |         ^^^^^\n   |\nhelp: consider importing this macro\n   |\n4  + use core::panic;\n   |\n\nerror[E0463]: can't find crate for `std`\n --> /Users/graysonnocera/.cargo/registry/src/index.crates.io-6f17d22bba15001f/once_cell-1.20.2/src/imp_std.rs:6:5\n  |\n6 | use std::{\n  |     ^^^ can't find crate\n  |\n  = note: the `thumbv7m-none-eabi` target may not support the standard library\n\nerror[E0463]: can't find crate for `std`\n  |\n  = note: the `thumbv7m-none-eabi` target may not support the standard library\n  = note: `std` is required by `parking_lot_core` because it does not declare `#![no_std]`\n\nerror: cannot find macro `assert` in this scope\n  --> /Users/graysonnocera/.cargo/registry/src/index.crates.io-6f17d22bba15001f/jod-thread-0.1.2/src/lib.rs:98:5\n   |\n98 |     assert!(res.is_err());\n   |     ^^^^^^\n   |\nhelp: consider importing this macro\n   |\n4  + use core::assert;\n   |\n\nerror: cannot find macro `assert_eq` in this scope\n   --> /Users/graysonnocera/.cargo/registry/src/index.crates.io-6f17d22bba15001f/jod-thread-0.1.2/src/lib.rs:100:5\n    |\n100 |     assert_eq!(COUNTER.load(Ordering::SeqCst), 2);\n    |     ^^^^^^^^^\n    |\nhelp: consider importing this macro\n    |\n4   + use core::assert_eq;\n    |\n\nerror: cannot find macro `panic` in this scope\n   --> /Users/graysonnocera/.cargo/registry/src/index.crates.io-6f17d22bba15001f/jod-thread-0.1.2/src/lib.rs:103:31\n    |\n103 |         let handle = spawn(|| panic!(\"boom\"));\n    |                               ^^^^^\n    |\nhelp: consider importing this macro\n    |\n4   + use core::panic;\n    |\n\nerror: cannot find macro `assert` in this scope\n   --> /Users/graysonnocera/.cargo/registry/src/index.crates.io-6f17d22bba15001f/jod-thread-0.1.2/src/lib.rs:106:5\n    |\n106 |     assert!(res.is_err());\n    |     ^^^^^^\n    |\nhelp: consider importing this macro\n    |\n4   + use core::assert;\n    |\n\nerror[E0432]: unresolved import `crate::abort`\n  --> /Users/graysonnocera/.cargo/registry/src/index.crates.io-6f17d22bba15001f/triomphe-0.1.14/src/arc.rs:24:13\n   |\n24 | use crate::{abort, ArcBorrow, HeaderSlice, OffsetArc, UniqueArc};\n   |             ^^^^^\n\nerror: cannot find macro `panic` in this scope\n   --> /Users/graysonnocera/.cargo/registry/src/index.crates.io-6f17d22bba15001f/jod-thread-0.1.2/src/lib.rs:109:32\n    |\n109 |         let _handle = spawn(|| panic!(\"boom\"));\n    |                                ^^^^^\n    |\nhelp: consider importing this macro\n    |\n4   + use core::panic;\n    |\n\nerror: cannot find macro `assert` in this scope\n   --> /Users/graysonnocera/.cargo/registry/src/index.crates.io-6f17d22bba15001f/jod-thread-0.1.2/src/lib.rs:111:5\n    |\n111 |     assert!(res.is_err());\n    |     ^^^^^^\n    |\nhelp: consider importing this macro\n    |\n4   + use core::assert;\n    |\n\nerror: cannot find attribute `derive` in this scope\n  --> /Users/graysonnocera/.cargo/registry/src/index.crates.io-6f17d22bba15001f/jod-thread-0.1.2/src/lib.rs:47:3\n   |\n47 | #[derive(Debug)]\n   |   ^^^^^^\n   |\nhelp: consider importing this attribute macro\n   |\n4  + use core::prelude::rust_2024::derive;\n   |\n\nerror: cannot find macro `panic` in this scope\n   --> /Users/graysonnocera/.cargo/registry/src/index.crates.io-6f17d22bba15001f/once_cell-1.20.2/src/lib.rs:753:47\n    |\n753 |                 init.take().unwrap_or_else(|| panic!(\"Lazy instance has previously been poisoned\"))\n    |                                               ^^^^^\n    |\nhelp: consider importing this macro\n    |\n384 +     use core::panic;\n    |\n\nerror: cannot find macro `panic` in this scope\n   --> /Users/graysonnocera/.cargo/registry/src/index.crates.io-6f17d22bba15001f/once_cell-1.20.2/src/lib.rs:776:25\n    |\n776 |                 None => panic!(\"Lazy instance has previously been poisoned\"),\n    |                         ^^^^^\n    |\nhelp: consider importing this macro\n    |\n384 +     use core::panic;\n    |\n\nerror[E0463]: can't find crate for `std`\n --> /Users/graysonnocera/.cargo/registry/src/index.crates.io-6f17d22bba15001f/jod-thread-0.1.2/src/lib.rs:8:38\n  |\n8 | pub struct JoinHandle<T = ()>(Option<std::thread::JoinHandle<T>>);\n  |                                      ^^^ can't find crate\n  |\n  = note: the `thumbv7m-none-eabi` target may not support the standard library\n\nerror: cannot find macro `panic` in this scope\n   --> /Users/graysonnocera/.cargo/registry/src/index.crates.io-6f17d22bba15001f/once_cell-1.20.2/src/lib.rs:798:29\n    |\n798 |                     None => panic!(\"Lazy instance has previously been poisoned\"),\n    |                             ^^^^^\n    |\nhelp: consider importing this macro\n    |\n384 +     use core::panic;\n    |\n\nerror: cannot find macro `unreachable` in this scope\n   --> /Users/graysonnocera/.cargo/registry/src/index.crates.io-6f17d22bba15001f/once_cell-1.20.2/src/lib.rs:802:51\n    |\n802 |             this.cell.get_mut().unwrap_or_else(|| unreachable!())\n    |                                                   ^^^^^^^^^^^\n    |\nhelp: consider importing this macro\n    |\n384 +     use core::unreachable;\n    |\n\nerror: cannot find macro `panic` in this scope\n    --> /Users/graysonnocera/.cargo/registry/src/index.crates.io-6f17d22bba15001f/once_cell-1.20.2/src/lib.rs:1289:47\n     |\n1289 |                 init.take().unwrap_or_else(|| panic!(\"Lazy instance has previously been poisoned\"))\n     |                                               ^^^^^\n     |\nhelp: consider importing this macro\n     |\n864  +     use core::panic;\n     |\n\nerror: cannot find macro `panic` in this scope\n    --> /Users/graysonnocera/.cargo/registry/src/index.crates.io-6f17d22bba15001f/once_cell-1.20.2/src/lib.rs:1311:25\n     |\n1311 |                 None => panic!(\"Lazy instance has previously been poisoned\"),\n     |                         ^^^^^\n     |\nhelp: consider importing this macro\n     |\n864  +     use core::panic;\n     |\n\nerror: cannot find macro `panic` in this scope\n   --> /Users/graysonnocera/.cargo/registry/src/index.crates.io-6f17d22bba15001f/triomphe-0.1.14/src/arc.rs:828:22\n    |\n828 |         Err(this) => panic!(\"`Arc` must be unique in order for this operation to be safe, there are currently {} copies\", Arc::count(this)),\n    |                      ^^^^^\n    |\nhelp: consider importing this macro\n    |\n1   + use core::panic;\n    |\n\nerror: cannot find macro `panic` in this scope\n    --> /Users/graysonnocera/.cargo/registry/src/index.crates.io-6f17d22bba15001f/once_cell-1.20.2/src/lib.rs:1331:29\n     |\n1331 |                     None => panic!(\"Lazy instance has previously been poisoned\"),\n     |                             ^^^^^\n     |\nhelp: consider importing this macro\n     |\n864  +     use core::panic;\n     |\n\nerror: cannot find macro `debug_assert_eq` in this scope\n   --> /Users/graysonnocera/.cargo/registry/src/index.crates.io-6f17d22bba15001f/triomphe-0.1.14/src/arc.rs:349:9\n    |\n349 |         debug_assert_eq!(unsafe { Layout::for_value(&*inner) }, layout);\n    |         ^^^^^^^^^^^^^^^\n    |\nhelp: consider importing this macro\n    |\n1   + use core::debug_assert_eq;\n    |\n\nerror: cannot find macro `unreachable` in this scope\n    --> /Users/graysonnocera/.cargo/registry/src/index.crates.io-6f17d22bba15001f/once_cell-1.20.2/src/lib.rs:1335:51\n     |\n1335 |             this.cell.get_mut().unwrap_or_else(|| unreachable!())\n     |                                                   ^^^^^^^^^^^\n     |\nhelp: consider importing this macro\n     |\n864  +     use core::unreachable;\n     |\n\nerror: cannot find attribute `derive` in this scope\n  --> /Users/graysonnocera/.cargo/registry/src/index.crates.io-6f17d22bba15001f/triomphe-0.1.14/src/arc_borrow.rs:24:3\n   |\n24 | #[derive(Debug, Eq, PartialEq)]\n   |   ^^^^^^\n   |\nhelp: consider importing this attribute macro\n   |\n1  + use core::prelude::rust_2024::derive;\n   |\n\nerror: cannot find attribute `derive` in this scope\n  --> /Users/graysonnocera/.cargo/registry/src/index.crates.io-6f17d22bba15001f/once_cell-1.20.2/src/imp_std.rs:13:3\n   |\n13 | #[derive(Debug)]\n   |   ^^^^^^\n   |\nhelp: consider importing this attribute macro\n   |\n6  + use core::prelude::rust_2024::derive;\n   |\n\nerror: cannot find attribute `test` in this scope\n   --> /Users/graysonnocera/.cargo/registry/src/index.crates.io-6f17d22bba15001f/triomphe-0.1.14/src/arc_borrow.rs:141:3\n    |\n141 | #[test]\n    |   ^^^^\n    |\nhelp: consider importing this attribute macro\n    |\n1   + use core::prelude::rust_2024::test;\n    |\n\nerror: cannot find macro `assert_eq` in this scope\n   --> /Users/graysonnocera/.cargo/registry/src/index.crates.io-6f17d22bba15001f/triomphe-0.1.14/src/arc_borrow.rs:146:5\n    |\n146 |     assert_eq!(x, y);\n    |     ^^^^^^^^^\n    |\nhelp: consider importing this macro\n    |\n1   + use core::assert_eq;\n    |\n\nerror: cannot find macro `debug_assert` in this scope\n   --> /Users/graysonnocera/.cargo/registry/src/index.crates.io-6f17d22bba15001f/once_cell-1.20.2/src/imp_std.rs:100:9\n    |\n100 |         debug_assert!(self.is_initialized());\n    |         ^^^^^^^^^^^^\n    |\nhelp: consider importing this macro\n    |\n6   + use core::debug_assert;\n    |\n\nerror: cannot find attribute `derive` in this scope\n  --> /Users/graysonnocera/.cargo/registry/src/index.crates.io-6f17d22bba15001f/triomphe-0.1.14/src/arc_union.rs:38:3\n   |\n38 | #[derive(Debug)]\n   |   ^^^^^^\n   |\nhelp: consider importing this attribute macro\n   |\n1  + use core::prelude::rust_2024::derive;\n   |\n\nerror[E0463]: can't find crate for `std`\n  --> /Users/graysonnocera/.cargo/registry/src/index.crates.io-6f17d22bba15001f/crossbeam-utils-0.8.20/src/lib.rs:43:1\n   |\n43 | extern crate std;\n   | ^^^^^^^^^^^^^^^^^ can't find crate\n   |\n   = note: the `thumbv7m-none-eabi` target may not support the standard library\n\nerror: cannot find attribute `derive` in this scope\n  --> /Users/graysonnocera/.cargo/registry/src/index.crates.io-6f17d22bba15001f/triomphe-0.1.14/src/header.rs:16:3\n   |\n16 | #[derive(Debug, Copy, Clone, Eq, PartialEq, Hash, PartialOrd, Ord)]\n   |   ^^^^^^\n   |\nhelp: consider importing this attribute macro\n   |\n1  + use core::prelude::rust_2024::derive;\n   |\n\nerror: cannot find macro `assert_ne` in this scope\n  --> /Users/graysonnocera/.cargo/registry/src/index.crates.io-6f17d22bba15001f/triomphe-0.1.14/src/header.rs:33:9\n   |\n33 |         assert_ne!(mem::size_of::<T>(), 0, \"Need to think about ZST\");\n   |         ^^^^^^^^^\n   |\nhelp: consider importing this macro\n   |\n1  + use core::assert_ne;\n   |\n\nerror: cannot find macro `assert_eq` in this scope\n   --> /Users/graysonnocera/.cargo/registry/src/index.crates.io-6f17d22bba15001f/once_cell-1.20.2/src/imp_std.rs:155:9\n    |\n155 |         assert_eq!(state, RUNNING);\n    |         ^^^^^^^^^\n    |\nhelp: consider importing this macro\n    |\n6   + use core::assert_eq;\n    |\n\nerror: cannot find macro `debug_assert` in this scope\n   --> /Users/graysonnocera/.cargo/registry/src/index.crates.io-6f17d22bba15001f/once_cell-1.20.2/src/imp_std.rs:205:18\n    |\n205 |             _ => debug_assert!(false),\n    |                  ^^^^^^^^^^^^\n    |\nhelp: consider importing this macro\n    |\n6   + use core::debug_assert;\n    |\n\nerror: cannot find macro `assert` in this scope\n   --> /Users/graysonnocera/.cargo/registry/src/index.crates.io-6f17d22bba15001f/once_cell-1.20.2/src/lib.rs:634:13\n    |\n634 |             assert!(self.set(val).is_ok(), \"reentrant init\");\n    |             ^^^^^^\n    |\nhelp: consider importing this macro\n    |\n384 +     use core::assert;\n    |\n\nerror: cannot find macro `assert` in this scope\n  --> /Users/graysonnocera/.cargo/registry/src/index.crates.io-6f17d22bba15001f/triomphe-0.1.14/src/header.rs:55:13\n   |\n55 |             assert!(\n   |             ^^^^^^\n   |\nhelp: consider importing this macro\n   |\n1  + use core::assert;\n   |\n\nerror: cannot find macro `assert_ne` in this scope\n  --> /Users/graysonnocera/.cargo/registry/src/index.crates.io-6f17d22bba15001f/triomphe-0.1.14/src/header.rs:74:9\n   |\n74 |         assert_ne!(mem::size_of::<T>(), 0, \"Need to think about ZST\");\n   |         ^^^^^^^^^\n   |\nhelp: consider importing this macro\n   |\n1  + use core::assert_ne;\n   |\n\nerror: cannot find attribute `derive` in this scope\n   --> /Users/graysonnocera/.cargo/registry/src/index.crates.io-6f17d22bba15001f/triomphe-0.1.14/src/header.rs:151:3\n    |\n151 | #[derive(Debug, Copy, Clone, Eq, PartialEq, Hash)]\n    |   ^^^^^^\n    |\nhelp: consider importing this attribute macro\n    |\n1   + use core::prelude::rust_2024::derive;\n    |\n\nerror[E0463]: can't find crate for `std`\n --> /Users/graysonnocera/.cargo/registry/src/index.crates.io-6f17d22bba15001f/parking_lot_core-0.9.10/src/thread_parker/mod.rs:2:5\n  |\n2 | use std::time::Instant;\n  |     ^^^ can't find crate\n  |\n  = note: the `thumbv7m-none-eabi` target may not support the standard library\n\nerror: cannot find macro `debug_assert` in this scope\n   --> /Users/graysonnocera/.cargo/registry/src/index.crates.io-6f17d22bba15001f/once_cell-1.20.2/src/lib.rs:997:13\n    |\n997 |             debug_assert!(self.0.is_initialized());\n    |             ^^^^^^^^^^^^\n    |\nhelp: consider importing this macro\n    |\n864 +     use core::debug_assert;\n    |\n\nerror: cannot find macro `debug_assert` in this scope\n    --> /Users/graysonnocera/.cargo/registry/src/index.crates.io-6f17d22bba15001f/once_cell-1.20.2/src/lib.rs:1164:13\n     |\n1164 |             debug_assert!(self.0.is_initialized());\n     |             ^^^^^^^^^^^^\n     |\nhelp: consider importing this macro\n     |\n864  +     use core::debug_assert;\n     |\n\nerror: cannot find macro `debug_assert_eq` in this scope\n   --> /Users/graysonnocera/.cargo/registry/src/index.crates.io-6f17d22bba15001f/triomphe-0.1.14/src/header.rs:171:9\n    |\n171 |         debug_assert_eq!(\n    |         ^^^^^^^^^^^^^^^\n    |\nhelp: consider importing this macro\n    |\n1   + use core::debug_assert_eq;\n    |\n\nerror[E0463]: can't find crate for `std`\n  --> /Users/graysonnocera/.cargo/registry/src/index.crates.io-6f17d22bba15001f/parking_lot_core-0.9.10/src/thread_parker/generic.rs:13:5\n   |\n13 | use std::thread;\n   |     ^^^ can't find crate\n   |\n   = note: the `thumbv7m-none-eabi` target may not support the standard library\n\nerror[E0463]: can't find crate for `std`\n  --> /Users/graysonnocera/.cargo/registry/src/index.crates.io-6f17d22bba15001f/parking_lot_core-0.9.10/src/thread_parker/generic.rs:14:5\n   |\n14 | use std::time::Instant;\n   |     ^^^ can't find crate\n   |\n   = note: the `thumbv7m-none-eabi` target may not support the standard library\n\nerror[E0463]: can't find crate for `std`\n  --> /Users/graysonnocera/.cargo/registry/src/index.crates.io-6f17d22bba15001f/parking_lot_core-0.9.10/src/parking_lot.rs:16:5\n   |\n16 | use std::time::{Duration, Instant};\n   |     ^^^ can't find crate\n   |\n   = note: the `thumbv7m-none-eabi` target may not support the standard library\n\nerror[E0463]: can't find crate for `std`\n  --> /Users/graysonnocera/.cargo/registry/src/index.crates.io-6f17d22bba15001f/parking_lot_core-0.9.10/src/parking_lot.rs:39:13\n   |\n39 |         use std::time::Instant as TimeoutInstant;\n   |             ^^^ can't find crate\n   |\n   = note: the `thumbv7m-none-eabi` target may not support the standard library\n\nerror[E0463]: can't find crate for `std`\n  --> /Users/graysonnocera/.cargo/registry/src/index.crates.io-6f17d22bba15001f/jod-thread-0.1.2/src/lib.rs:20:33\n   |\n20 |             if res.is_err() && !std::thread::panicking() {\n   |                                 ^^^ can't find crate\n   |\n   = note: the `thumbv7m-none-eabi` target may not support the standard library\n\nerror[E0463]: can't find crate for `std`\n  --> /Users/graysonnocera/.cargo/registry/src/index.crates.io-6f17d22bba15001f/jod-thread-0.1.2/src/lib.rs:28:30\n   |\n28 |     pub fn thread(&self) -> &std::thread::Thread {\n   |                              ^^^ can't find crate\n   |\n   = note: the `thumbv7m-none-eabi` target may not support the standard library\n\nerror[E0463]: can't find crate for `std`\n  --> /Users/graysonnocera/.cargo/registry/src/index.crates.io-6f17d22bba15001f/jod-thread-0.1.2/src/lib.rs:35:32\n   |\n35 |     pub fn detach(mut self) -> std::thread::JoinHandle<T> {\n   |                                ^^^ can't find crate\n   |\n   = note: the `thumbv7m-none-eabi` target may not support the standard library\n\nerror: cannot find attribute `derive` in this scope\n  --> /Users/graysonnocera/.cargo/registry/src/index.crates.io-6f17d22bba15001f/once_cell-1.20.2/src/race.rs:34:3\n   |\n34 | #[derive(Default, Debug)]\n   |   ^^^^^^\n   |\nhelp: consider importing this attribute macro\n   |\n22 + use core::prelude::rust_2024::derive;\n   |\n\nerror: cannot find attribute `derive` in this scope\n   --> /Users/graysonnocera/.cargo/registry/src/index.crates.io-6f17d22bba15001f/once_cell-1.20.2/src/race.rs:113:3\n    |\n113 | #[derive(Default, Debug)]\n    |   ^^^^^^\n    |\nhelp: consider importing this attribute macro\n    |\n22  + use core::prelude::rust_2024::derive;\n    |\n\nerror: cannot find macro `write` in this scope\n   --> /Users/graysonnocera/.cargo/registry/src/index.crates.io-6f17d22bba15001f/once_cell-1.20.2/src/race.rs:189:9\n    |\n189 |         write!(f, \"OnceRef({:?})\", self.inner)\n    |         ^^^^^\n    |\nhelp: consider importing this macro\n    |\n22  + use core::write;\n    |\n\nerror: cannot find macro `debug_assert_eq` in this scope\n  --> /Users/graysonnocera/.cargo/registry/src/index.crates.io-6f17d22bba15001f/triomphe-0.1.14/src/iterator_as_exact_size_iterator.rs:13:9\n   |\n13 |         debug_assert_eq!(\n   |         ^^^^^^^^^^^^^^^\n   |\nhelp: consider importing this macro\n   |\n1  + use core::debug_assert_eq;\n   |\n\nerror: cannot find macro `debug_assert_eq` in this scope\n  --> /Users/graysonnocera/.cargo/registry/src/index.crates.io-6f17d22bba15001f/triomphe-0.1.14/src/iterator_as_exact_size_iterator.rs:40:9\n   |\n40 |         debug_assert_eq!(\n   |         ^^^^^^^^^^^^^^^\n   |\nhelp: consider importing this macro\n   |\n1  + use core::debug_assert_eq;\n   |\n\nerror: cannot find attribute `derive` in this scope\n  --> /Users/graysonnocera/.cargo/registry/src/index.crates.io-6f17d22bba15001f/triomphe-0.1.14/src/offset_arc.rs:31:3\n   |\n31 | #[derive(Eq)]\n   |   ^^^^^^\n   |\nhelp: consider importing this attribute macro\n   |\n1  + use core::prelude::rust_2024::derive;\n   |\n\nerror: cannot find macro `debug_assert_eq` in this scope\n   --> /Users/graysonnocera/.cargo/registry/src/index.crates.io-6f17d22bba15001f/triomphe-0.1.14/src/thin_arc.rs:212:9\n    |\n212 |         debug_assert_eq!(\n    |         ^^^^^^^^^^^^^^^\n    |\nhelp: consider importing this macro\n    |\n1   + use core::debug_assert_eq;\n    |\n\nerror: cannot find macro `assert_eq` in this scope\n   --> /Users/graysonnocera/.cargo/registry/src/index.crates.io-6f17d22bba15001f/triomphe-0.1.14/src/thin_arc.rs:233:9\n    |\n233 |         assert_eq!(\n    |         ^^^^^^^^^\n    |\nhelp: consider importing this macro\n    |\n1   + use core::assert_eq;\n    |\n\nerror: cannot find macro `debug_assert` in this scope\n  --> /Users/graysonnocera/.cargo/registry/src/index.crates.io-6f17d22bba15001f/triomphe-0.1.14/src/unique_arc.rs:76:9\n   |\n76 |         debug_assert!(\n   |         ^^^^^^^^^^^^\n   |\nhelp: consider importing this macro\n   |\n1  + use core::debug_assert;\n   |\n\nerror: cannot find macro `debug_assert_eq` in this scope\n   --> /Users/graysonnocera/.cargo/registry/src/index.crates.io-6f17d22bba15001f/triomphe-0.1.14/src/unique_arc.rs:104:9\n    |\n104 |         debug_assert_eq!(Arc::count(&arc), 1);\n    |         ^^^^^^^^^^^^^^^\n    |\nhelp: consider importing this macro\n    |\n1   + use core::debug_assert_eq;\n    |\n\nerror: cannot find macro `debug_assert_eq` in this scope\n   --> /Users/graysonnocera/.cargo/registry/src/index.crates.io-6f17d22bba15001f/triomphe-0.1.14/src/unique_arc.rs:116:9\n    |\n116 |         debug_assert_eq!(Arc::count(arc), 1);\n    |         ^^^^^^^^^^^^^^^\n    |\nhelp: consider importing this macro\n    |\n1   + use core::debug_assert_eq;\n    |\n\nerror: cannot find macro `write` in this scope\n   --> /Users/graysonnocera/.cargo/registry/src/index.crates.io-6f17d22bba15001f/once_cell-1.20.2/src/race.rs:308:13\n    |\n308 |             write!(f, \"OnceBox({:?})\", self.inner.load(Ordering::Relaxed))\n    |             ^^^^^\n    |\nhelp: consider importing this macro\n    |\n295 +     use core::write;\n    |\n\nerror[E0463]: can't find crate for `std`\n  --> /Users/graysonnocera/.cargo/registry/src/index.crates.io-6f17d22bba15001f/jod-thread-0.1.2/src/lib.rs:41:14\n   |\n41 | impl<T> From<std::thread::JoinHandle<T>> for JoinHandle<T> {\n   |              ^^^ can't find crate\n   |\n   = note: the `thumbv7m-none-eabi` target may not support the standard library\n\nerror[E0463]: can't find crate for `std`\n  --> /Users/graysonnocera/.cargo/registry/src/index.crates.io-6f17d22bba15001f/jod-thread-0.1.2/src/lib.rs:42:20\n   |\n42 |     fn from(inner: std::thread::JoinHandle<T>) -> JoinHandle<T> {\n   |                    ^^^ can't find crate\n   |\n   = note: the `thumbv7m-none-eabi` target may not support the standard library\n\nerror[E0463]: can't find crate for `std`\n  --> /Users/graysonnocera/.cargo/registry/src/index.crates.io-6f17d22bba15001f/jod-thread-0.1.2/src/lib.rs:48:20\n   |\n48 | pub struct Builder(std::thread::Builder);\n   |                    ^^^ can't find crate\n   |\n   = note: the `thumbv7m-none-eabi` target may not support the standard library\n\nerror[E0463]: can't find crate for `std`\n  --> /Users/graysonnocera/.cargo/registry/src/index.crates.io-6f17d22bba15001f/jod-thread-0.1.2/src/lib.rs:52:17\n   |\n52 |         Builder(std::thread::Builder::new())\n   |                 ^^^ can't find crate\n   |\n   = note: the `thumbv7m-none-eabi` target may not support the standard library\n\nerror: cannot find macro `cfg` in this scope\n  --> /Users/graysonnocera/.cargo/registry/src/index.crates.io-6f17d22bba15001f/parking_lot_core-0.9.10/src/util.rs:26:8\n   |\n26 |     if cfg!(debug_assertions) {\n   |        ^^^\n   |\n   = note: `cfg` is in scope, but it is an attribute: `#[cfg]`\nhelp: consider importing this macro\n   |\n9  + use core::cfg;\n   |\n\nerror: cannot find macro `cfg` in this scope\n   --> /Users/graysonnocera/.cargo/registry/src/index.crates.io-6f17d22bba15001f/parking_lot_core-0.9.10/src/word_lock.rs:293:8\n    |\n293 |     if cfg!(tsan_enabled) {\n    |        ^^^\n    |\n    = note: `cfg` is in scope, but it is an attribute: `#[cfg]`\nhelp: consider importing this macro\n    |\n8   + use core::cfg;\n    |\n\nerror: cannot find macro `thread_local` in this scope\n   --> /Users/graysonnocera/.cargo/registry/src/index.crates.io-6f17d22bba15001f/parking_lot_core-0.9.10/src/parking_lot.rs:202:5\n    |\n202 |     thread_local!(static THREAD_DATA: ThreadData = ThreadData::new());\n    |     ^^^^^^^^^^^^\n    |\n    = note: `thread_local` is in scope, but it is an attribute: `#[thread_local]`\n\nerror: could not compile `either` (lib) due to 1 previous error\nerror: cannot find attribute `derive` in this scope\n   --> /Users/graysonnocera/.cargo/registry/src/index.crates.io-6f17d22bba15001f/parking_lot_core-0.9.10/src/parking_lot.rs:470:3\n    |\n470 | #[derive(Copy, Clone, Eq, PartialEq, Debug)]\n    |   ^^^^^^\n    |\nhelp: consider importing this attribute macro\n    |\n7   + use core::prelude::rust_2024::derive;\n    |\n\nerror: cannot find attribute `derive` in this scope\n   --> /Users/graysonnocera/.cargo/registry/src/index.crates.io-6f17d22bba15001f/parking_lot_core-0.9.10/src/parking_lot.rs:495:3\n    |\n495 | #[derive(Copy, Clone, Default, Eq, PartialEq, Debug)]\n    |   ^^^^^^\n    |\nhelp: consider importing this attribute macro\n    |\n7   + use core::prelude::rust_2024::derive;\n    |\n\nerror: cannot find attribute `derive` in this scope\n   --> /Users/graysonnocera/.cargo/registry/src/index.crates.io-6f17d22bba15001f/parking_lot_core-0.9.10/src/parking_lot.rs:517:3\n    |\n517 | #[derive(Copy, Clone, Eq, PartialEq, Debug)]\n    |   ^^^^^^\n    |\nhelp: consider importing this attribute macro\n    |\n7   + use core::prelude::rust_2024::derive;\n    |\n\nerror: cannot find attribute `derive` in this scope\n   --> /Users/graysonnocera/.cargo/registry/src/index.crates.io-6f17d22bba15001f/parking_lot_core-0.9.10/src/parking_lot.rs:536:3\n    |\n536 | #[derive(Copy, Clone, Eq, PartialEq, Debug)]\n    |   ^^^^^^\n    |\nhelp: consider importing this attribute macro\n    |\n7   + use core::prelude::rust_2024::derive;\n    |\n\nerror: cannot find attribute `derive` in this scope\n   --> /Users/graysonnocera/.cargo/registry/src/index.crates.io-6f17d22bba15001f/parking_lot_core-0.9.10/src/parking_lot.rs:549:3\n    |\n549 | #[derive(Copy, Clone, Eq, PartialEq, Debug)]\n    |   ^^^^^^\n    |\nhelp: consider importing this attribute macro\n    |\n7   + use core::prelude::rust_2024::derive;\n    |\n\nerror: cannot find attribute `derive` in this scope\n   --> /Users/graysonnocera/.cargo/registry/src/index.crates.io-6f17d22bba15001f/parking_lot_core-0.9.10/src/parking_lot.rs:553:3\n    |\n553 | #[derive(Copy, Clone, Eq, PartialEq, Debug)]\n    |   ^^^^^^\n    |\nhelp: consider importing this attribute macro\n    |\n7   + use core::prelude::rust_2024::derive;\n    |\n\nerror: cannot find macro `debug_assert` in this scope\n   --> /Users/graysonnocera/.cargo/registry/src/index.crates.io-6f17d22bba15001f/parking_lot_core-0.9.10/src/parking_lot.rs:699:9\n    |\n699 |         debug_assert!(!current.is_null());\n    |         ^^^^^^^^^^^^\n    |\nhelp: consider importing this macro\n    |\n7   + use core::debug_assert;\n    |\n\nerror: cannot find attribute `derive` in this scope\n  --> /Users/graysonnocera/.cargo/registry/src/index.crates.io-6f17d22bba15001f/parking_lot_core-0.9.10/src/spinwait.rs:21:3\n   |\n21 | #[derive(Default)]\n   |   ^^^^^^\n   |\nhelp: consider importing this attribute macro\n   |\n8  + use core::prelude::rust_2024::derive;\n   |\n\nerror: cannot find macro `unreachable` in this scope\n  --> /Users/graysonnocera/.cargo/registry/src/index.crates.io-6f17d22bba15001f/parking_lot_core-0.9.10/src/util.rs:27:9\n   |\n27 |         unreachable!();\n   |         ^^^^^^^^^^^\n   |\n   = note: `unreachable` is in scope, but it is a function, not a macro\nhelp: consider importing this macro\n   |\n9  + use core::unreachable;\n   |\n\nerror[E0432]: unresolved imports `crate::primitive::sync::Arc`, `crate::primitive::sync::Condvar`, `crate::primitive::sync::Mutex`, `crate::primitive::sync::Arc`, `crate::primitive::sync::Condvar`, `crate::primitive::sync::Mutex`\n --> /Users/graysonnocera/.cargo/registry/src/index.crates.io-6f17d22bba15001f/crossbeam-utils-0.8.20/src/sync/parker.rs:2:30\n  |\n2 | use crate::primitive::sync::{Arc, Condvar, Mutex};\n  |                              ^^^  ^^^^^^^  ^^^^^\n  |\n ::: /Users/graysonnocera/.cargo/registry/src/index.crates.io-6f17d22bba15001f/crossbeam-utils-0.8.20/src/sync/wait_group.rs:1:30\n  |\n1 | use crate::primitive::sync::{Arc, Condvar, Mutex};\n  |                              ^^^  ^^^^^^^  ^^^^^\n\nerror: cannot find macro `assert` in this scope\n  --> /Users/graysonnocera/.cargo/registry/src/index.crates.io-6f17d22bba15001f/parking_lot_core-0.9.10/src/word_lock.rs:39:9\n   |\n39 |         assert!(mem::align_of::<ThreadData>() > !QUEUE_MASK);\n   |         ^^^^^^\n   |\nhelp: consider importing this macro\n   |\n8  + use core::assert;\n   |\n\nerror: cannot find macro `thread_local` in this scope\n  --> /Users/graysonnocera/.cargo/registry/src/index.crates.io-6f17d22bba15001f/parking_lot_core-0.9.10/src/word_lock.rs:56:9\n   |\n56 |         thread_local!(static THREAD_DATA: ThreadData = ThreadData::new());\n   |         ^^^^^^^^^^^^\n   |\n   = note: `thread_local` is in scope, but it is an attribute: `#[thread_local]`\n\nerror[E0463]: can't find crate for `std`\n  --> /Users/graysonnocera/.cargo/registry/src/index.crates.io-6f17d22bba15001f/jod-thread-0.1.2/src/lib.rs:63:39\n   |\n63 |     pub fn spawn<F, T>(self, f: F) -> std::io::Result<JoinHandle<T>>\n   |                                       ^^^ can't find crate\n   |\n   = note: the `thumbv7m-none-eabi` target may not support the standard library\n\nerror[E0463]: can't find crate for `std`\n  --> /Users/graysonnocera/.cargo/registry/src/index.crates.io-6f17d22bba15001f/jod-thread-0.1.2/src/lib.rs:91:15\n   |\n91 |     let res = std::panic::catch_unwind(|| {\n   |               ^^^ can't find crate\n   |\n   = note: the `thumbv7m-none-eabi` target may not support the standard library\n\nerror[E0463]: can't find crate for `std`\n   --> /Users/graysonnocera/.cargo/registry/src/index.crates.io-6f17d22bba15001f/jod-thread-0.1.2/src/lib.rs:102:15\n    |\n102 |     let res = std::panic::catch_unwind(|| {\n    |               ^^^ can't find crate\n    |\n    = note: the `thumbv7m-none-eabi` target may not support the standard library\n\nerror[E0463]: can't find crate for `std`\n   --> /Users/graysonnocera/.cargo/registry/src/index.crates.io-6f17d22bba15001f/jod-thread-0.1.2/src/lib.rs:108:15\n    |\n108 |     let res = std::panic::catch_unwind(|| {\n    |               ^^^ can't find crate\n    |\n    = note: the `thumbv7m-none-eabi` target may not support the standard library\n\nerror[E0412]: cannot find type `Option` in this scope\n --> /Users/graysonnocera/.cargo/registry/src/index.crates.io-6f17d22bba15001f/jod-thread-0.1.2/src/lib.rs:8:31\n  |\n8 | pub struct JoinHandle<T = ()>(Option<std::thread::JoinHandle<T>>);\n  |                               ^^^^^^ not found in this scope\n  |\nhelp: consider importing this enum\n  |\n4 + use core::option::Option;\n  |\n\nerror[E0405]: cannot find trait `Drop` in this scope\n  --> /Users/graysonnocera/.cargo/registry/src/index.crates.io-6f17d22bba15001f/jod-thread-0.1.2/src/lib.rs:16:9\n   |\n16 | impl<T> Drop for JoinHandle<T> {\n   |         ^^^^ not found in this scope\n   |\nhelp: consider importing this trait\n   |\n4  + use core::ops::Drop;\n   |\n\nerror[E0531]: cannot find tuple struct or tuple variant `Some` in this scope\n  --> /Users/graysonnocera/.cargo/registry/src/index.crates.io-6f17d22bba15001f/jod-thread-0.1.2/src/lib.rs:18:16\n   |\n18 |         if let Some(inner) = self.0.take() {\n   |                ^^^^ not found in this scope\n   |\nhelp: consider importing this tuple variant\n   |\n4  + use core::option::Option::Some;\n   |\n\nerror[E0405]: cannot find trait `From` in this scope\n  --> /Users/graysonnocera/.cargo/registry/src/index.crates.io-6f17d22bba15001f/jod-thread-0.1.2/src/lib.rs:41:9\n   |\n41 | impl<T> From<std::thread::JoinHandle<T>> for JoinHandle<T> {\n   |         ^^^^ not found in this scope\n   |\nhelp: consider importing this trait\n   |\n4  + use core::convert::From;\n   |\n\nerror[E0425]: cannot find function, tuple struct or tuple variant `Some` in this scope\n  --> /Users/graysonnocera/.cargo/registry/src/index.crates.io-6f17d22bba15001f/jod-thread-0.1.2/src/lib.rs:43:20\n   |\n43 |         JoinHandle(Some(inner))\n   |                    ^^^^ not found in this scope\n   |\nhelp: consider importing this tuple variant\n   |\n4  + use core::option::Option::Some;\n   |\n\nerror[E0412]: cannot find type `String` in this scope\n  --> /Users/graysonnocera/.cargo/registry/src/index.crates.io-6f17d22bba15001f/jod-thread-0.1.2/src/lib.rs:55:29\n   |\n55 |     pub fn name(self, name: String) -> Builder {\n   |                             ^^^^^^ not found in this scope\n\nerror[E0425]: cannot find value `REGISTRATION` in this scope\n   --> /Users/graysonnocera/.cargo/registry/src/index.crates.io-6f17d22bba15001f/crossbeam-utils-0.8.20/src/sync/sharded_lock.rs:575:5\n    |\n575 |     REGISTRATION.try_with(|reg| reg.index).ok()\n    |     ^^^^^^^^^^^^ not found in this scope\n\nerror[E0405]: cannot find trait `FnOnce` in this scope\n  --> /Users/graysonnocera/.cargo/registry/src/index.crates.io-6f17d22bba15001f/jod-thread-0.1.2/src/lib.rs:65:12\n   |\n65 |         F: FnOnce() -> T,\n   |            ^^^^^^ not found in this scope\n   |\nhelp: consider importing this trait\n   |\n4  + use core::ops::FnOnce;\n   |\n\nerror[E0405]: cannot find trait `Send` in this scope\n  --> /Users/graysonnocera/.cargo/registry/src/index.crates.io-6f17d22bba15001f/jod-thread-0.1.2/src/lib.rs:66:12\n   |\n66 |         F: Send + 'static,\n   |            ^^^^ not found in this scope\n   |\nhelp: consider importing this trait\n   |\n4  + use core::marker::Send;\n   |\n\nerror[E0405]: cannot find trait `Send` in this scope\n  --> /Users/graysonnocera/.cargo/registry/src/index.crates.io-6f17d22bba15001f/jod-thread-0.1.2/src/lib.rs:67:12\n   |\n67 |         T: Send + 'static,\n   |            ^^^^ not found in this scope\n   |\nhelp: consider importing this trait\n   |\n4  + use core::marker::Send;\n   |\n\nerror[E0405]: cannot find trait `FnOnce` in this scope\n  --> /Users/graysonnocera/.cargo/registry/src/index.crates.io-6f17d22bba15001f/jod-thread-0.1.2/src/lib.rs:75:8\n   |\n75 |     F: FnOnce() -> T,\n   |        ^^^^^^ not found in this scope\n   |\nhelp: consider importing this trait\n   |\n4  + use core::ops::FnOnce;\n   |\n\nerror[E0405]: cannot find trait `Send` in this scope\n  --> /Users/graysonnocera/.cargo/registry/src/index.crates.io-6f17d22bba15001f/jod-thread-0.1.2/src/lib.rs:76:8\n   |\n76 |     F: Send + 'static,\n   |        ^^^^ not found in this scope\n   |\nhelp: consider importing this trait\n   |\n4  + use core::marker::Send;\n   |\n\nerror[E0405]: cannot find trait `Send` in this scope\n  --> /Users/graysonnocera/.cargo/registry/src/index.crates.io-6f17d22bba15001f/jod-thread-0.1.2/src/lib.rs:77:8\n   |\n77 |     T: Send + 'static,\n   |        ^^^^ not found in this scope\n   |\nhelp: consider importing this trait\n   |\n4  + use core::marker::Send;\n   |\n\nerror[E0425]: cannot find function `drop` in this scope\n  --> /Users/graysonnocera/.cargo/registry/src/index.crates.io-6f17d22bba15001f/jod-thread-0.1.2/src/lib.rs:88:5\n   |\n88 |     drop(spawn(|| COUNTER.fetch_add(1, Ordering::SeqCst)));\n   |     ^^^^ not found in this scope\n   |\nhelp: consider importing this function\n   |\n4  + use core::mem::drop;\n   |\n\nerror: requires `sized` lang_item\n\nSome errors have detailed explanations: E0405, E0412, E0425, E0463, E0531.\nFor more information about an error, try `rustc --explain E0405`.\nerror: could not compile `jod-thread` (lib) due to 39 previous errors\nSome errors have detailed explanations: E0425, E0432, E0463.\nFor more information about an error, try `rustc --explain E0425`.\nerror: could not compile `crossbeam-utils` (lib) due to 3 previous errors\nerror[E0408]: variable `None` is not bound in all patterns\n   --> /Users/graysonnocera/.cargo/registry/src/index.crates.io-6f17d22bba15001f/once_cell-1.20.2/src/imp_std.rs:201:34\n    |\n201 |             (INCOMPLETE, None) | (RUNNING, _) => {\n    |                          ----    ^^^^^^^^^^^^ pattern doesn't bind `None`\n    |                          |\n    |                          variable not in all patterns\n    |\nhelp: if you meant to match on unit variant `core::option::Option::None`, use the full path in the pattern\n    |\n201 |             (INCOMPLETE, core::option::Option::None) | (RUNNING, _) => {\n    |                          ~~~~~~~~~~~~~~~~~~~~~~~~~~\n\nerror[E0412]: cannot find type `Box` in this scope\n  --> /Users/graysonnocera/.cargo/registry/src/index.crates.io-6f17d22bba15001f/parking_lot_core-0.9.10/src/parking_lot.rs:59:14\n   |\n59 |     entries: Box<[Bucket]>,\n   |              ^^^ not found in this scope\n\nerror[E0412]: cannot find type `Box` in this scope\n  --> /Users/graysonnocera/.cargo/registry/src/index.crates.io-6f17d22bba15001f/parking_lot_core-0.9.10/src/parking_lot.rs:70:59\n   |\n70 |     fn new(num_threads: usize, prev: *const HashTable) -> Box<HashTable> {\n   |                                                           ^^^ not found in this scope\n\nerror[E0405]: cannot find trait `FnOnce` in this scope\n   --> /Users/graysonnocera/.cargo/registry/src/index.crates.io-6f17d22bba15001f/parking_lot_core-0.9.10/src/parking_lot.rs:197:32\n    |\n197 | fn with_thread_data<T>(f: impl FnOnce(&ThreadData) -> T) -> T {\n    |                                ^^^^^^ not found in this scope\n    |\nhelp: consider importing this trait\n    |\n7   + use core::ops::FnOnce;\n    |\n\nerror[E0425]: cannot find value `None` in this scope\n   --> /Users/graysonnocera/.cargo/registry/src/index.crates.io-6f17d22bba15001f/parking_lot_core-0.9.10/src/parking_lot.rs:201:35\n    |\n201 |     let mut thread_data_storage = None;\n    |                                   ^^^^ not found in this scope\n    |\nhelp: consider importing this unit variant\n    |\n7   + use core::option::Option::None;\n    |\n\nerror[E0425]: cannot find value `THREAD_DATA` in this scope\n   --> /Users/graysonnocera/.cargo/registry/src/index.crates.io-6f17d22bba15001f/parking_lot_core-0.9.10/src/parking_lot.rs:203:27\n    |\n203 |     let thread_data_ptr = THREAD_DATA\n    |                           ^^^^^^^^^^^ not found in this scope\n\nerror[E0405]: cannot find trait `Drop` in this scope\n   --> /Users/graysonnocera/.cargo/registry/src/index.crates.io-6f17d22bba15001f/parking_lot_core-0.9.10/src/parking_lot.rs:210:6\n    |\n210 | impl Drop for ThreadData {\n    |      ^^^^ not found in this scope\n    |\nhelp: consider importing this trait\n    |\n7   + use core::ops::Drop;\n    |\n\nerror[E0531]: cannot find tuple struct or tuple variant `Ok` in this scope\n   --> /Users/graysonnocera/.cargo/registry/src/index.crates.io-6f17d22bba15001f/parking_lot_core-0.9.10/src/parking_lot.rs:246:9\n    |\n246 |         Ok(_) => new_table,\n    |         ^^ not found in this scope\n    |\nhelp: consider importing this tuple variant\n    |\n7   + use core::result::Result::Ok;\n    |\n\nerror[E0531]: cannot find tuple struct or tuple variant `Err` in this scope\n   --> /Users/graysonnocera/.cargo/registry/src/index.crates.io-6f17d22bba15001f/parking_lot_core-0.9.10/src/parking_lot.rs:247:9\n    |\n247 |         Err(old_table) => {\n    |         ^^^ not found in this scope\n    |\nhelp: consider importing this tuple variant\n    |\n7   + use core::result::Result::Err;\n    |\n\nerror[E0405]: cannot find trait `FnOnce` in this scope\n   --> /Users/graysonnocera/.cargo/registry/src/index.crates.io-6f17d22bba15001f/parking_lot_core-0.9.10/src/parking_lot.rs:593:20\n    |\n593 |     validate: impl FnOnce() -> bool,\n    |                    ^^^^^^ not found in this scope\n    |\nhelp: consider importing this trait\n    |\n7   + use core::ops::FnOnce;\n    |\n\nerror[E0405]: cannot find trait `FnOnce` in this scope\n   --> /Users/graysonnocera/.cargo/registry/src/index.crates.io-6f17d22bba15001f/parking_lot_core-0.9.10/src/parking_lot.rs:594:24\n    |\n594 |     before_sleep: impl FnOnce(),\n    |                        ^^^^^^ not found in this scope\n    |\nhelp: consider importing this trait\n    |\n7   + use core::ops::FnOnce;\n    |\n\nerror[E0405]: cannot find trait `FnOnce` in this scope\n   --> /Users/graysonnocera/.cargo/registry/src/index.crates.io-6f17d22bba15001f/parking_lot_core-0.9.10/src/parking_lot.rs:595:21\n    |\n595 |     timed_out: impl FnOnce(usize, bool),\n    |                     ^^^^^^ not found in this scope\n    |\nhelp: consider importing this trait\n    |\n7   + use core::ops::FnOnce;\n    |\n\nerror[E0412]: cannot find type `Option` in this scope\n   --> /Users/graysonnocera/.cargo/registry/src/index.crates.io-6f17d22bba15001f/parking_lot_core-0.9.10/src/parking_lot.rs:597:14\n    |\n597 |     timeout: Option<Instant>,\n    |              ^^^^^^ not found in this scope\n    |\nhelp: consider importing this enum\n    |\n7   + use core::option::Option;\n    |\n\nerror[E0531]: cannot find tuple struct or tuple variant `Some` in this scope\n   --> /Users/graysonnocera/.cargo/registry/src/index.crates.io-6f17d22bba15001f/parking_lot_core-0.9.10/src/parking_lot.rs:633:13\n    |\n633 |             Some(timeout) => thread_data.parker.park_until(timeout),\n    |             ^^^^ not found in this scope\n    |\nhelp: consider importing this tuple variant\n    |\n7   + use core::option::Option::Some;\n    |\n\nerror[E0405]: cannot find trait `FnOnce` in this scope\n   --> /Users/graysonnocera/.cargo/registry/src/index.crates.io-6f17d22bba15001f/parking_lot_core-0.9.10/src/parking_lot.rs:734:20\n    |\n734 |     callback: impl FnOnce(UnparkResult) -> UnparkToken,\n    |                    ^^^^^^ not found in this scope\n    |\nhelp: consider importing this trait\n    |\n7   + use core::ops::FnOnce;\n    |\n\nerror[E0405]: cannot find trait `FnOnce` in this scope\n   --> /Users/graysonnocera/.cargo/registry/src/index.crates.io-6f17d22bba15001f/parking_lot_core-0.9.10/src/parking_lot.rs:891:20\n    |\n891 |     validate: impl FnOnce() -> RequeueOp,\n    |                    ^^^^^^ not found in this scope\n    |\nhelp: consider importing this trait\n    |\n7   + use core::ops::FnOnce;\n    |\n\nerror[E0405]: cannot find trait `FnOnce` in this scope\n   --> /Users/graysonnocera/.cargo/registry/src/index.crates.io-6f17d22bba15001f/parking_lot_core-0.9.10/src/parking_lot.rs:892:20\n    |\n892 |     callback: impl FnOnce(RequeueOp, UnparkResult) -> UnparkToken,\n    |                    ^^^^^^ not found in this scope\n    |\nhelp: consider importing this trait\n    |\n7   + use core::ops::FnOnce;\n    |\n\nerror[E0425]: cannot find value `None` in this scope\n   --> /Users/graysonnocera/.cargo/registry/src/index.crates.io-6f17d22bba15001f/parking_lot_core-0.9.10/src/parking_lot.rs:912:29\n    |\n912 |     let mut wakeup_thread = None;\n    |                             ^^^^ not found in this scope\n    |\nhelp: consider importing this unit variant\n    |\n7   + use core::option::Option::None;\n    |\n\nerror[E0425]: cannot find function, tuple struct or tuple variant `Some` in this scope\n   --> /Users/graysonnocera/.cargo/registry/src/index.crates.io-6f17d22bba15001f/parking_lot_core-0.9.10/src/parking_lot.rs:926:33\n    |\n926 |                 wakeup_thread = Some(current);\n    |                                 ^^^^ not found in this scope\n    |\nhelp: consider importing this tuple variant\n    |\n7   + use core::option::Option::Some;\n    |\n\nerror[E0531]: cannot find tuple struct or tuple variant `Some` in this scope\n   --> /Users/graysonnocera/.cargo/registry/src/index.crates.io-6f17d22bba15001f/parking_lot_core-0.9.10/src/parking_lot.rs:979:12\n    |\n979 |     if let Some(wakeup_thread) = wakeup_thread {\n    |            ^^^^ not found in this scope\n    |\nhelp: consider importing this tuple variant\n    |\n7   + use core::option::Option::Some;\n    |\n\nerror[E0405]: cannot find trait `FnMut` in this scope\n    --> /Users/graysonnocera/.cargo/registry/src/index.crates.io-6f17d22bba15001f/parking_lot_core-0.9.10/src/parking_lot.rs:1022:22\n     |\n1022 |     mut filter: impl FnMut(ParkToken) -> FilterOp,\n     |                      ^^^^^ not found in this scope\n     |\nhelp: consider importing this trait\n     |\n7    + use core::ops::FnMut;\n     |\n\nerror[E0405]: cannot find trait `FnOnce` in this scope\n    --> /Users/graysonnocera/.cargo/registry/src/index.crates.io-6f17d22bba15001f/parking_lot_core-0.9.10/src/parking_lot.rs:1023:20\n     |\n1023 |     callback: impl FnOnce(UnparkResult) -> UnparkToken,\n     |                    ^^^^^^ not found in this scope\n     |\nhelp: consider importing this trait\n     |\n7    + use core::ops::FnOnce;\n     |\n\nerror[E0425]: cannot find value `None` in this scope\n    --> /Users/graysonnocera/.cargo/registry/src/index.crates.io-6f17d22bba15001f/parking_lot_core-0.9.10/src/parking_lot.rs:1047:44\n     |\n1047 |                     threads.push((current, None));\n     |                                            ^^^^ not found in this scope\n     |\nhelp: consider importing this unit variant\n     |\n7    + use core::option::Option::None;\n     |\n\nerror[E0425]: cannot find function, tuple struct or tuple variant `Some` in this scope\n    --> /Users/graysonnocera/.cargo/registry/src/index.crates.io-6f17d22bba15001f/parking_lot_core-0.9.10/src/parking_lot.rs:1080:15\n     |\n1080 |         t.1 = Some((*t.0).parker.unpark_lock());\n     |               ^^^^ not found in this scope\n     |\nhelp: consider importing this tuple variant\n     |\n7    + use core::option::Option::Some;\n     |\n\nerror[E0412]: cannot find type `Option` in this scope\n  --> /Users/graysonnocera/.cargo/registry/src/index.crates.io-6f17d22bba15001f/parking_lot_core-0.9.10/src/util.rs:13:35\n   |\n13 | impl<T> UncheckedOptionExt<T> for Option<T> {\n   |                                   ^^^^^^ not found in this scope\n   |\nhelp: consider importing this enum\n   |\n9  + use core::option::Option;\n   |\n\nerror[E0531]: cannot find tuple struct or tuple variant `Some` in this scope\n  --> /Users/graysonnocera/.cargo/registry/src/index.crates.io-6f17d22bba15001f/parking_lot_core-0.9.10/src/util.rs:17:13\n   |\n17 |             Some(x) => x,\n   |             ^^^^ not found in this scope\n   |\nhelp: consider importing this tuple variant\n   |\n9  + use core::option::Option::Some;\n   |\n\nerror[E0405]: cannot find trait `FnOnce` in this scope\n  --> /Users/graysonnocera/.cargo/registry/src/index.crates.io-6f17d22bba15001f/parking_lot_core-0.9.10/src/word_lock.rs:51:32\n   |\n51 | fn with_thread_data<T>(f: impl FnOnce(&ThreadData) -> T) -> T {\n   |                                ^^^^^^ not found in this scope\n   |\nhelp: consider importing this trait\n   |\n8  + use core::ops::FnOnce;\n   |\n\nerror[E0425]: cannot find value `THREAD_DATA` in this scope\n  --> /Users/graysonnocera/.cargo/registry/src/index.crates.io-6f17d22bba15001f/parking_lot_core-0.9.10/src/word_lock.rs:57:38\n   |\n57 |         if let Ok(tls_thread_data) = THREAD_DATA.try_with(|x| x as *const ThreadData) {\n   |                                      ^^^^^^^^^^^ not found in this scope\n\nerror[E0531]: cannot find tuple struct or tuple variant `Ok` in this scope\n  --> /Users/graysonnocera/.cargo/registry/src/index.crates.io-6f17d22bba15001f/parking_lot_core-0.9.10/src/word_lock.rs:57:16\n   |\n57 |         if let Ok(tls_thread_data) = THREAD_DATA.try_with(|x| x as *const ThreadData) {\n   |                ^^ not found in this scope\n   |\nhelp: consider importing this tuple variant\n   |\n8  + use core::result::Result::Ok;\n   |\n\nerror[E0425]: cannot find value `None` in this scope\n  --> /Users/graysonnocera/.cargo/registry/src/index.crates.io-6f17d22bba15001f/parking_lot_core-0.9.10/src/word_lock.rs:62:35\n   |\n62 |     let mut thread_data_storage = None;\n   |                                   ^^^^ not found in this scope\n   |\nhelp: consider importing this unit variant\n   |\n8  + use core::option::Option::None;\n   |\n\nerror[E0531]: cannot find tuple struct or tuple variant `Ok` in this scope\n   --> /Users/graysonnocera/.cargo/registry/src/index.crates.io-6f17d22bba15001f/parking_lot_core-0.9.10/src/word_lock.rs:123:21\n    |\n123 |                     Ok(_) => return,\n    |                     ^^ not found in this scope\n    |\nhelp: consider importing this tuple variant\n    |\n8   + use core::result::Result::Ok;\n    |\n\nerror[E0531]: cannot find tuple struct or tuple variant `Err` in this scope\n   --> /Users/graysonnocera/.cargo/registry/src/index.crates.io-6f17d22bba15001f/parking_lot_core-0.9.10/src/word_lock.rs:124:21\n    |\n124 |                     Err(x) => state = x,\n    |                     ^^^ not found in this scope\n    |\nhelp: consider importing this tuple variant\n    |\n8   + use core::result::Result::Err;\n    |\n\nerror[E0531]: cannot find tuple struct or tuple variant `Err` in this scope\n   --> /Users/graysonnocera/.cargo/registry/src/index.crates.io-6f17d22bba15001f/parking_lot_core-0.9.10/src/word_lock.rs:154:24\n    |\n154 |                 if let Err(x) = self.state.compare_exchange_weak(\n    |                        ^^^ not found in this scope\n    |\nhelp: consider importing this tuple variant\n    |\n8   + use core::result::Result::Err;\n    |\n\nerror[E0531]: cannot find tuple struct or tuple variant `Ok` in this scope\n   --> /Users/graysonnocera/.cargo/registry/src/index.crates.io-6f17d22bba15001f/parking_lot_core-0.9.10/src/word_lock.rs:195:17\n    |\n195 |                 Ok(_) => break,\n    |                 ^^ not found in this scope\n    |\nhelp: consider importing this tuple variant\n    |\n8   + use core::result::Result::Ok;\n    |\n\nerror[E0531]: cannot find tuple struct or tuple variant `Err` in this scope\n   --> /Users/graysonnocera/.cargo/registry/src/index.crates.io-6f17d22bba15001f/parking_lot_core-0.9.10/src/word_lock.rs:196:17\n    |\n196 |                 Err(x) => state = x,\n    |                 ^^^ not found in this scope\n    |\nhelp: consider importing this tuple variant\n    |\n8   + use core::result::Result::Err;\n    |\n\nerror[E0531]: cannot find tuple struct or tuple variant `Ok` in this scope\n   --> /Users/graysonnocera/.cargo/registry/src/index.crates.io-6f17d22bba15001f/parking_lot_core-0.9.10/src/word_lock.rs:236:21\n    |\n236 |                     Ok(_) => return,\n    |                     ^^ not found in this scope\n    |\nhelp: consider importing this tuple variant\n    |\n8   + use core::result::Result::Ok;\n    |\n\nerror[E0531]: cannot find tuple struct or tuple variant `Err` in this scope\n   --> /Users/graysonnocera/.cargo/registry/src/index.crates.io-6f17d22bba15001f/parking_lot_core-0.9.10/src/word_lock.rs:237:21\n    |\n237 |                     Err(x) => state = x,\n    |                     ^^^ not found in this scope\n    |\nhelp: consider importing this tuple variant\n    |\n8   + use core::result::Result::Err;\n    |\n\nerror[E0531]: cannot find tuple struct or tuple variant `Ok` in this scope\n   --> /Users/graysonnocera/.cargo/registry/src/index.crates.io-6f17d22bba15001f/parking_lot_core-0.9.10/src/word_lock.rs:255:25\n    |\n255 |                         Ok(_) => break,\n    |                         ^^ not found in this scope\n    |\nhelp: consider importing this tuple variant\n    |\n8   + use core::result::Result::Ok;\n    |\n\nerror[E0531]: cannot find tuple struct or tuple variant `Err` in this scope\n   --> /Users/graysonnocera/.cargo/registry/src/index.crates.io-6f17d22bba15001f/parking_lot_core-0.9.10/src/word_lock.rs:256:25\n    |\n256 |                         Err(x) => state = x,\n    |                         ^^^ not found in this scope\n    |\nhelp: consider importing this tuple variant\n    |\n8   + use core::result::Result::Err;\n    |\n\nerror[E0433]: failed to resolve: use of undeclared type `Vec`\n  --> /Users/graysonnocera/.cargo/registry/src/index.crates.io-6f17d22bba15001f/parking_lot_core-0.9.10/src/parking_lot.rs:75:27\n   |\n75 |         let mut entries = Vec::with_capacity(new_size);\n   |                           ^^^ use of undeclared type `Vec`\n\nerror[E0433]: failed to resolve: use of undeclared type `Box`\n  --> /Users/graysonnocera/.cargo/registry/src/index.crates.io-6f17d22bba15001f/parking_lot_core-0.9.10/src/parking_lot.rs:81:9\n   |\n81 |         Box::new(HashTable {\n   |         ^^^ use of undeclared type `Box`\n\nerror[E0433]: failed to resolve: use of undeclared type `Box`\n   --> /Users/graysonnocera/.cargo/registry/src/index.crates.io-6f17d22bba15001f/parking_lot_core-0.9.10/src/parking_lot.rs:237:21\n    |\n237 |     let new_table = Box::into_raw(HashTable::new(LOAD_FACTOR, ptr::null()));\n    |                     ^^^ use of undeclared type `Box`\n\nerror[E0433]: failed to resolve: use of undeclared type `Box`\n   --> /Users/graysonnocera/.cargo/registry/src/index.crates.io-6f17d22bba15001f/parking_lot_core-0.9.10/src/parking_lot.rs:251:25\n    |\n251 |                 let _ = Box::from_raw(new_table);\n    |                         ^^^ use of undeclared type `Box`\n\nerror[E0433]: failed to resolve: use of undeclared type `Box`\n   --> /Users/graysonnocera/.cargo/registry/src/index.crates.io-6f17d22bba15001f/parking_lot_core-0.9.10/src/parking_lot.rs:307:21\n    |\n307 |     HASHTABLE.store(Box::into_raw(new_table), Ordering::Release);\n    |                     ^^^ use of undeclared type `Box`\n\nSome errors have detailed explanations: E0405, E0412, E0425, E0433, E0463, E0531.\nerror: could not compile `parking_lot_core` (lib) due to 63 previous errors\nerror[E0405]: cannot find trait `Sized` in this scope\n  --> /Users/graysonnocera/.cargo/registry/src/index.crates.io-6f17d22bba15001f/triomphe-0.1.14/src/arc.rs:34:32\n   |\n34 | pub(crate) struct ArcInner<T: ?Sized> {\n   |                                ^^^^^ not found in this scope\n   |\nhelp: consider importing this trait\n   |\n1  + use core::marker::Sized;\n   |\n\nerror[E0405]: cannot find trait `Send` in this scope\n  --> /Users/graysonnocera/.cargo/registry/src/index.crates.io-6f17d22bba15001f/triomphe-0.1.14/src/arc.rs:39:38\n   |\n39 | unsafe impl<T: ?Sized + Sync + Send> Send for ArcInner<T> {}\n   |                                      ^^^^ not found in this scope\n   |\nhelp: consider importing this trait\n   |\n1  + use core::marker::Send;\n   |\n\nerror[E0405]: cannot find trait `Sized` in this scope\n  --> /Users/graysonnocera/.cargo/registry/src/index.crates.io-6f17d22bba15001f/triomphe-0.1.14/src/arc.rs:39:17\n   |\n39 | unsafe impl<T: ?Sized + Sync + Send> Send for ArcInner<T> {}\n   |                 ^^^^^ not found in this scope\n   |\nhelp: consider importing this trait\n   |\n1  + use core::marker::Sized;\n   |\n\nerror[E0405]: cannot find trait `Sync` in this scope\n  --> /Users/graysonnocera/.cargo/registry/src/index.crates.io-6f17d22bba15001f/triomphe-0.1.14/src/arc.rs:39:25\n   |\n39 | unsafe impl<T: ?Sized + Sync + Send> Send for ArcInner<T> {}\n   |                         ^^^^ not found in this scope\n   |\nhelp: consider importing this trait\n   |\n1  + use core::marker::Sync;\n   |\n\nerror[E0405]: cannot find trait `Send` in this scope\n  --> /Users/graysonnocera/.cargo/registry/src/index.crates.io-6f17d22bba15001f/triomphe-0.1.14/src/arc.rs:39:32\n   |\n39 | unsafe impl<T: ?Sized + Sync + Send> Send for ArcInner<T> {}\n   |                                ^^^^ not found in this scope\n   |\nhelp: consider importing this trait\n   |\n1  + use core::marker::Send;\n   |\n\nerror[E0405]: cannot find trait `Sync` in this scope\n  --> /Users/graysonnocera/.cargo/registry/src/index.crates.io-6f17d22bba15001f/triomphe-0.1.14/src/arc.rs:40:38\n   |\n40 | unsafe impl<T: ?Sized + Sync + Send> Sync for ArcInner<T> {}\n   |                                      ^^^^ not found in this scope\n   |\nhelp: consider importing this trait\n   |\n1  + use core::marker::Sync;\n   |\n\nerror[E0405]: cannot find trait `Sized` in this scope\n  --> /Users/graysonnocera/.cargo/registry/src/index.crates.io-6f17d22bba15001f/triomphe-0.1.14/src/arc.rs:40:17\n   |\n40 | unsafe impl<T: ?Sized + Sync + Send> Sync for ArcInner<T> {}\n   |                 ^^^^^ not found in this scope\n   |\nhelp: consider importing this trait\n   |\n1  + use core::marker::Sized;\n   |\n\nerror[E0405]: cannot find trait `Sync` in this scope\n  --> /Users/graysonnocera/.cargo/registry/src/index.crates.io-6f17d22bba15001f/triomphe-0.1.14/src/arc.rs:40:25\n   |\n40 | unsafe impl<T: ?Sized + Sync + Send> Sync for ArcInner<T> {}\n   |                         ^^^^ not found in this scope\n   |\nhelp: consider importing this trait\n   |\n1  + use core::marker::Sync;\n   |\n\nerror[E0405]: cannot find trait `Send` in this scope\n  --> /Users/graysonnocera/.cargo/registry/src/index.crates.io-6f17d22bba15001f/triomphe-0.1.14/src/arc.rs:40:32\n   |\n40 | unsafe impl<T: ?Sized + Sync + Send> Sync for ArcInner<T> {}\n   |                                ^^^^ not found in this scope\n   |\nhelp: consider importing this trait\n   |\n1  + use core::marker::Send;\n   |\n\nerror[E0405]: cannot find trait `Sized` in this scope\n  --> /Users/graysonnocera/.cargo/registry/src/index.crates.io-6f17d22bba15001f/triomphe-0.1.14/src/arc.rs:42:10\n   |\n42 | impl<T: ?Sized> ArcInner<T> {\n   |          ^^^^^ not found in this scope\n   |\nhelp: consider importing this trait\n   |\n1  + use core::marker::Sized;\n   |\n\nerror[E0405]: cannot find trait `Sized` in this scope\n  --> /Users/graysonnocera/.cargo/registry/src/index.crates.io-6f17d22bba15001f/triomphe-0.1.14/src/arc.rs:69:20\n   |\n69 | pub struct Arc<T: ?Sized> {\n   |                    ^^^^^ not found in this scope\n   |\nhelp: consider importing this trait\n   |\n1  + use core::marker::Sized;\n   |\n\nerror[E0405]: cannot find trait `Send` in this scope\n  --> /Users/graysonnocera/.cargo/registry/src/index.crates.io-6f17d22bba15001f/triomphe-0.1.14/src/arc.rs:74:38\n   |\n74 | unsafe impl<T: ?Sized + Sync + Send> Send for Arc<T> {}\n   |                                      ^^^^ not found in this scope\n   |\nhelp: consider importing this trait\n   |\n1  + use core::marker::Send;\n   |\n\nerror[E0405]: cannot find trait `Sized` in this scope\n  --> /Users/graysonnocera/.cargo/registry/src/index.crates.io-6f17d22bba15001f/triomphe-0.1.14/src/arc.rs:74:17\n   |\n74 | unsafe impl<T: ?Sized + Sync + Send> Send for Arc<T> {}\n   |                 ^^^^^ not found in this scope\n   |\nhelp: consider importing this trait\n   |\n1  + use core::marker::Sized;\n   |\n\nerror[E0405]: cannot find trait `Sync` in this scope\n  --> /Users/graysonnocera/.cargo/registry/src/index.crates.io-6f17d22bba15001f/triomphe-0.1.14/src/arc.rs:74:25\n   |\n74 | unsafe impl<T: ?Sized + Sync + Send> Send for Arc<T> {}\n   |                         ^^^^ not found in this scope\n   |\nhelp: consider importing this trait\n   |\n1  + use core::marker::Sync;\n   |\n\nerror[E0405]: cannot find trait `Send` in this scope\n  --> /Users/graysonnocera/.cargo/registry/src/index.crates.io-6f17d22bba15001f/triomphe-0.1.14/src/arc.rs:74:32\n   |\n74 | unsafe impl<T: ?Sized + Sync + Send> Send for Arc<T> {}\n   |                                ^^^^ not found in this scope\n   |\nhelp: consider importing this trait\n   |\n1  + use core::marker::Send;\n   |\n\nerror[E0405]: cannot find trait `Sync` in this scope\n  --> /Users/graysonnocera/.cargo/registry/src/index.crates.io-6f17d22bba15001f/triomphe-0.1.14/src/arc.rs:75:38\n   |\n75 | unsafe impl<T: ?Sized + Sync + Send> Sync for Arc<T> {}\n   |                                      ^^^^ not found in this scope\n   |\nhelp: consider importing this trait\n   |\n1  + use core::marker::Sync;\n   |\n\nerror[E0405]: cannot find trait `Sized` in this scope\n  --> /Users/graysonnocera/.cargo/registry/src/index.crates.io-6f17d22bba15001f/triomphe-0.1.14/src/arc.rs:75:17\n   |\n75 | unsafe impl<T: ?Sized + Sync + Send> Sync for Arc<T> {}\n   |                 ^^^^^ not found in this scope\n   |\nhelp: consider importing this trait\n   |\n1  + use core::marker::Sized;\n   |\n\nerror[E0405]: cannot find trait `Sync` in this scope\n  --> /Users/graysonnocera/.cargo/registry/src/index.crates.io-6f17d22bba15001f/triomphe-0.1.14/src/arc.rs:75:25\n   |\n75 | unsafe impl<T: ?Sized + Sync + Send> Sync for Arc<T> {}\n   |                         ^^^^ not found in this scope\n   |\nhelp: consider importing this trait\n   |\n1  + use core::marker::Sync;\n   |\n\nerror[E0405]: cannot find trait `Send` in this scope\n  --> /Users/graysonnocera/.cargo/registry/src/index.crates.io-6f17d22bba15001f/triomphe-0.1.14/src/arc.rs:75:32\n   |\n75 | unsafe impl<T: ?Sized + Sync + Send> Sync for Arc<T> {}\n   |                                ^^^^ not found in this scope\n   |\nhelp: consider importing this trait\n   |\n1  + use core::marker::Send;\n   |\n\nerror[E0405]: cannot find trait `FnOnce` in this scope\n  --> /Users/graysonnocera/.cargo/registry/src/index.crates.io-6f17d22bba15001f/triomphe-0.1.14/src/arc.rs:99:12\n   |\n99 |         F: FnOnce(&OffsetArc<T>) -> U,\n   |            ^^^^^^ not found in this scope\n   |\nhelp: consider importing this trait\n   |\n1  + use core::ops::FnOnce;\n   |\n\nerror[E0412]: cannot find type `Result` in this scope\n   --> /Users/graysonnocera/.cargo/registry/src/index.crates.io-6f17d22bba15001f/triomphe-0.1.14/src/arc.rs:147:38\n    |\n147 |     pub fn try_unwrap(this: Self) -> Result<T, Self> {\n    |                                      ^^^^^^ not found in this scope\n    |\nhelp: consider importing this type alias\n    |\n1   + use alloc::fmt::Result;\n    |\n\nerror[E0405]: cannot find trait `Sized` in this scope\n   --> /Users/graysonnocera/.cargo/registry/src/index.crates.io-6f17d22bba15001f/triomphe-0.1.14/src/arc.rs:167:10\n    |\n167 | impl<T: ?Sized> Arc<T> {\n    |          ^^^^^ not found in this scope\n    |\nhelp: consider importing this trait\n    |\n1   + use core::marker::Sized;\n    |\n\nerror[E0405]: cannot find trait `FnOnce` in this scope\n   --> /Users/graysonnocera/.cargo/registry/src/index.crates.io-6f17d22bba15001f/triomphe-0.1.14/src/arc.rs:305:31\n    |\n305 |         mem_to_arcinner: impl FnOnce(*mut u8) -> *mut ArcInner<T>,\n    |                               ^^^^^^ not found in this scope\n    |\nhelp: consider importing this trait\n    |\n1   + use core::ops::FnOnce;\n    |\n\nerror[E0405]: cannot find trait `FnOnce` in this scope\n   --> /Users/graysonnocera/.cargo/registry/src/index.crates.io-6f17d22bba15001f/triomphe-0.1.14/src/arc.rs:337:31\n    |\n337 |         mem_to_arcinner: impl FnOnce(*mut u8) -> *mut ArcInner<T>,\n    |                               ^^^^^^ not found in this scope\n    |\nhelp: consider importing this trait\n    |\n1   + use core::ops::FnOnce;\n    |\n\nerror[E0412]: cannot find type `Result` in this scope\n   --> /Users/graysonnocera/.cargo/registry/src/index.crates.io-6f17d22bba15001f/triomphe-0.1.14/src/arc.rs:338:10\n    |\n338 |     ) -> Result<NonNull<ArcInner<T>>, ()> {\n    |          ^^^^^^ not found in this scope\n    |\nhelp: consider importing this type alias\n    |\n1   + use alloc::fmt::Result;\n    |\n\nerror[E0425]: cannot find function, tuple struct or tuple variant `Ok` in this scope\n   --> /Users/graysonnocera/.cargo/registry/src/index.crates.io-6f17d22bba15001f/triomphe-0.1.14/src/arc.rs:357:18\n    |\n357 |         unsafe { Ok(NonNull::new_unchecked(inner)) }\n    |                  ^^ not found in this scope\n\nerror[E0405]: cannot find trait `Clone` in this scope\n   --> /Users/graysonnocera/.cargo/registry/src/index.crates.io-6f17d22bba15001f/triomphe-0.1.14/src/arc.rs:448:17\n    |\n448 | impl<T: ?Sized> Clone for Arc<T> {\n    |                 ^^^^^ not found in this scope\n\nerror[E0405]: cannot find trait `Sized` in this scope\n   --> /Users/graysonnocera/.cargo/registry/src/index.crates.io-6f17d22bba15001f/triomphe-0.1.14/src/arc.rs:448:10\n    |\n448 | impl<T: ?Sized> Clone for Arc<T> {\n    |          ^^^^^ not found in this scope\n    |\nhelp: consider importing this trait\n    |\n1   + use core::marker::Sized;\n    |\n\nerror[E0405]: cannot find trait `Sized` in this scope\n   --> /Users/graysonnocera/.cargo/registry/src/index.crates.io-6f17d22bba15001f/triomphe-0.1.14/src/arc.rs:486:10\n    |\n486 | impl<T: ?Sized> Deref for Arc<T> {\n    |          ^^^^^ not found in this scope\n    |\nhelp: consider importing this trait\n    |\n1   + use core::marker::Sized;\n    |\n\nerror[E0405]: cannot find trait `Clone` in this scope\n   --> /Users/graysonnocera/.cargo/registry/src/index.crates.io-6f17d22bba15001f/triomphe-0.1.14/src/arc.rs:495:9\n    |\n495 | impl<T: Clone> Arc<T> {\n    |         ^^^^^ not found in this scope\n\nerror[E0405]: cannot find trait `Sized` in this scope\n   --> /Users/graysonnocera/.cargo/registry/src/index.crates.io-6f17d22bba15001f/triomphe-0.1.14/src/arc.rs:556:10\n    |\n556 | impl<T: ?Sized> Arc<T> {\n    |          ^^^^^ not found in this scope\n    |\nhelp: consider importing this trait\n    |\n1   + use core::marker::Sized;\n    |\n\nerror[E0412]: cannot find type `Option` in this scope\n   --> /Users/graysonnocera/.cargo/registry/src/index.crates.io-6f17d22bba15001f/triomphe-0.1.14/src/arc.rs:559:40\n    |\n559 |     pub fn get_mut(this: &mut Self) -> Option<&mut T> {\n    |                                        ^^^^^^ not found in this scope\n\nerror[E0425]: cannot find function, tuple struct or tuple variant `Some` in this scope\n   --> /Users/graysonnocera/.cargo/registry/src/index.crates.io-6f17d22bba15001f/triomphe-0.1.14/src/arc.rs:563:17\n    |\n563 |                 Some(&mut (*this.ptr()).data)\n    |                 ^^^^ not found in this scope\n\nerror[E0425]: cannot find value `None` in this scope\n   --> /Users/graysonnocera/.cargo/registry/src/index.crates.io-6f17d22bba15001f/triomphe-0.1.14/src/arc.rs:566:13\n    |\n566 |             None\n    |             ^^^^ not found in this scope\n\nerror[E0412]: cannot find type `Option` in this scope\n   --> /Users/graysonnocera/.cargo/registry/src/index.crates.io-6f17d22bba15001f/triomphe-0.1.14/src/arc.rs:571:43\n    |\n571 |     pub fn get_unique(this: &mut Self) -> Option<&mut UniqueArc<T>> {\n    |                                           ^^^^^^ not found in this scope\n\nerror[E0412]: cannot find type `Result` in this scope\n   --> /Users/graysonnocera/.cargo/registry/src/index.crates.io-6f17d22bba15001f/triomphe-0.1.14/src/arc.rs:608:38\n    |\n608 |     pub fn try_unique(this: Self) -> Result<UniqueArc<T>, Self> {\n    |                                      ^^^^^^ not found in this scope\n    |\nhelp: consider importing this type alias\n    |\n1   + use alloc::fmt::Result;\n    |\n\nerror[E0425]: cannot find function, tuple struct or tuple variant `Ok` in this scope\n   --> /Users/graysonnocera/.cargo/registry/src/index.crates.io-6f17d22bba15001f/triomphe-0.1.14/src/arc.rs:612:22\n    |\n612 |             unsafe { Ok(UniqueArc::from_arc(this)) }\n    |                      ^^ not found in this scope\n\nerror[E0425]: cannot find function, tuple struct or tuple variant `Err` in this scope\n   --> /Users/graysonnocera/.cargo/registry/src/index.crates.io-6f17d22bba15001f/triomphe-0.1.14/src/arc.rs:614:13\n    |\n614 |             Err(this)\n    |             ^^^ not found in this scope\n\nerror[E0412]: cannot find type `Result` in this scope\n   --> /Users/graysonnocera/.cargo/registry/src/index.crates.io-6f17d22bba15001f/triomphe-0.1.14/src/arc.rs:618:53\n    |\n618 |     pub(crate) fn try_as_unique(this: &mut Self) -> Result<&mut UniqueArc<T>, &mut Self> {\n    |                                                     ^^^^^^ not found in this scope\n    |\nhelp: consider importing this type alias\n    |\n1   + use alloc::fmt::Result;\n    |\n\nerror[E0425]: cannot find function, tuple struct or tuple variant `Ok` in this scope\n   --> /Users/graysonnocera/.cargo/registry/src/index.crates.io-6f17d22bba15001f/triomphe-0.1.14/src/arc.rs:622:22\n    |\n622 |             unsafe { Ok(UniqueArc::from_arc_ref(this)) }\n    |                      ^^ not found in this scope\n\nerror[E0425]: cannot find function, tuple struct or tuple variant `Err` in this scope\n   --> /Users/graysonnocera/.cargo/registry/src/index.crates.io-6f17d22bba15001f/triomphe-0.1.14/src/arc.rs:624:13\n    |\n624 |             Err(this)\n    |             ^^^ not found in this scope\n\nerror[E0405]: cannot find trait `Drop` in this scope\n   --> /Users/graysonnocera/.cargo/registry/src/index.crates.io-6f17d22bba15001f/triomphe-0.1.14/src/arc.rs:629:17\n    |\n629 | impl<T: ?Sized> Drop for Arc<T> {\n    |                 ^^^^ not found in this scope\n    |\nhelp: consider importing this trait\n    |\n1   + use core::ops::Drop;\n    |\n\nerror[E0405]: cannot find trait `Sized` in this scope\n   --> /Users/graysonnocera/.cargo/registry/src/index.crates.io-6f17d22bba15001f/triomphe-0.1.14/src/arc.rs:629:10\n    |\n629 | impl<T: ?Sized> Drop for Arc<T> {\n    |          ^^^^^ not found in this scope\n    |\nhelp: consider importing this trait\n    |\n1   + use core::marker::Sized;\n    |\n\nerror[E0405]: cannot find trait `PartialEq` in this scope\n   --> /Users/graysonnocera/.cargo/registry/src/index.crates.io-6f17d22bba15001f/triomphe-0.1.14/src/arc.rs:666:29\n    |\n666 | impl<T: ?Sized + PartialEq> PartialEq for Arc<T> {\n    |                             ^^^^^^^^^ not found in this scope\n    |\nhelp: consider importing this trait\n    |\n1   + use core::cmp::PartialEq;\n    |\n\nerror[E0405]: cannot find trait `Sized` in this scope\n   --> /Users/graysonnocera/.cargo/registry/src/index.crates.io-6f17d22bba15001f/triomphe-0.1.14/src/arc.rs:666:10\n    |\n666 | impl<T: ?Sized + PartialEq> PartialEq for Arc<T> {\n    |          ^^^^^ not found in this scope\n    |\nhelp: consider importing this trait\n    |\n1   + use core::marker::Sized;\n    |\n\nerror[E0405]: cannot find trait `PartialEq` in this scope\n   --> /Users/graysonnocera/.cargo/registry/src/index.crates.io-6f17d22bba15001f/triomphe-0.1.14/src/arc.rs:666:18\n    |\n666 | impl<T: ?Sized + PartialEq> PartialEq for Arc<T> {\n    |                  ^^^^^^^^^ not found in this scope\n    |\nhelp: consider importing this trait\n    |\n1   + use core::cmp::PartialEq;\n    |\n\nerror[E0405]: cannot find trait `PartialOrd` in this scope\n   --> /Users/graysonnocera/.cargo/registry/src/index.crates.io-6f17d22bba15001f/triomphe-0.1.14/src/arc.rs:678:30\n    |\n678 | impl<T: ?Sized + PartialOrd> PartialOrd for Arc<T> {\n    |                              ^^^^^^^^^^ not found in this scope\n    |\nhelp: consider importing this trait\n    |\n1   + use core::cmp::PartialOrd;\n    |\n\nerror[E0405]: cannot find trait `Sized` in this scope\n   --> /Users/graysonnocera/.cargo/registry/src/index.crates.io-6f17d22bba15001f/triomphe-0.1.14/src/arc.rs:678:10\n    |\n678 | impl<T: ?Sized + PartialOrd> PartialOrd for Arc<T> {\n    |          ^^^^^ not found in this scope\n    |\nhelp: consider importing this trait\n    |\n1   + use core::marker::Sized;\n    |\n\nerror[E0405]: cannot find trait `PartialOrd` in this scope\n   --> /Users/graysonnocera/.cargo/registry/src/index.crates.io-6f17d22bba15001f/triomphe-0.1.14/src/arc.rs:678:18\n    |\n678 | impl<T: ?Sized + PartialOrd> PartialOrd for Arc<T> {\n    |                  ^^^^^^^^^^ not found in this scope\n    |\nhelp: consider importing this trait\n    |\n1   + use core::cmp::PartialOrd;\n    |\n\nerror[E0412]: cannot find type `Option` in this scope\n   --> /Users/graysonnocera/.cargo/registry/src/index.crates.io-6f17d22bba15001f/triomphe-0.1.14/src/arc.rs:679:46\n    |\n679 |     fn partial_cmp(&self, other: &Arc<T>) -> Option<Ordering> {\n    |                                              ^^^^^^ not found in this scope\n\nerror[E0405]: cannot find trait `Ord` in this scope\n   --> /Users/graysonnocera/.cargo/registry/src/index.crates.io-6f17d22bba15001f/triomphe-0.1.14/src/arc.rs:700:23\n    |\n700 | impl<T: ?Sized + Ord> Ord for Arc<T> {\n    |                       ^^^ not found in this scope\n    |\nhelp: consider importing this trait\n    |\n1   + use core::cmp::Ord;\n    |\n\nerror[E0405]: cannot find trait `Sized` in this scope\n   --> /Users/graysonnocera/.cargo/registry/src/index.crates.io-6f17d22bba15001f/triomphe-0.1.14/src/arc.rs:700:10\n    |\n700 | impl<T: ?Sized + Ord> Ord for Arc<T> {\n    |          ^^^^^ not found in this scope\n    |\nhelp: consider importing this trait\n    |\n1   + use core::marker::Sized;\n    |\n\nerror[E0405]: cannot find trait `Ord` in this scope\n   --> /Users/graysonnocera/.cargo/registry/src/index.crates.io-6f17d22bba15001f/triomphe-0.1.14/src/arc.rs:700:18\n    |\n700 | impl<T: ?Sized + Ord> Ord for Arc<T> {\n    |                  ^^^ not found in this scope\n    |\nhelp: consider importing this trait\n    |\n1   + use core::cmp::Ord;\n    |\n\nerror[E0405]: cannot find trait `Eq` in this scope\n   --> /Users/graysonnocera/.cargo/registry/src/index.crates.io-6f17d22bba15001f/triomphe-0.1.14/src/arc.rs:706:22\n    |\n706 | impl<T: ?Sized + Eq> Eq for Arc<T> {}\n    |                      ^^ not found in this scope\n    |\nhelp: consider importing this trait\n    |\n1   + use core::cmp::Eq;\n    |\n\nerror[E0405]: cannot find trait `Sized` in this scope\n   --> /Users/graysonnocera/.cargo/registry/src/index.crates.io-6f17d22bba15001f/triomphe-0.1.14/src/arc.rs:706:10\n    |\n706 | impl<T: ?Sized + Eq> Eq for Arc<T> {}\n    |          ^^^^^ not found in this scope\n    |\nhelp: consider importing this trait\n    |\n1   + use core::marker::Sized;\n    |\n\nerror[E0405]: cannot find trait `Eq` in this scope\n   --> /Users/graysonnocera/.cargo/registry/src/index.crates.io-6f17d22bba15001f/triomphe-0.1.14/src/arc.rs:706:18\n    |\n706 | impl<T: ?Sized + Eq> Eq for Arc<T> {}\n    |                  ^^ not found in this scope\n    |\nhelp: consider importing this trait\n    |\n1   + use core::cmp::Eq;\n    |\n\nerror[E0405]: cannot find trait `Sized` in this scope\n   --> /Users/graysonnocera/.cargo/registry/src/index.crates.io-6f17d22bba15001f/triomphe-0.1.14/src/arc.rs:708:10\n    |\n708 | impl<T: ?Sized + fmt::Display> fmt::Display for Arc<T> {\n    |          ^^^^^ not found in this scope\n    |\nhelp: consider importing this trait\n    |\n1   + use core::marker::Sized;\n    |\n\nerror[E0405]: cannot find trait `Sized` in this scope\n   --> /Users/graysonnocera/.cargo/registry/src/index.crates.io-6f17d22bba15001f/triomphe-0.1.14/src/arc.rs:714:10\n    |\n714 | impl<T: ?Sized + fmt::Debug> fmt::Debug for Arc<T> {\n    |          ^^^^^ not found in this scope\n    |\nhelp: consider importing this trait\n    |\n1   + use core::marker::Sized;\n    |\n\nerror[E0405]: cannot find trait `Sized` in this scope\n   --> /Users/graysonnocera/.cargo/registry/src/index.crates.io-6f17d22bba15001f/triomphe-0.1.14/src/arc.rs:720:10\n    |\n720 | impl<T: ?Sized> fmt::Pointer for Arc<T> {\n    |          ^^^^^ not found in this scope\n    |\nhelp: consider importing this trait\n    |\n1   + use core::marker::Sized;\n    |\n\nerror[E0405]: cannot find trait `Default` in this scope\n   --> /Users/graysonnocera/.cargo/registry/src/index.crates.io-6f17d22bba15001f/triomphe-0.1.14/src/arc.rs:726:18\n    |\n726 | impl<T: Default> Default for Arc<T> {\n    |                  ^^^^^^^ not found in this scope\n\nerror[E0405]: cannot find trait `Default` in this scope\n   --> /Users/graysonnocera/.cargo/registry/src/index.crates.io-6f17d22bba15001f/triomphe-0.1.14/src/arc.rs:726:9\n    |\n726 | impl<T: Default> Default for Arc<T> {\n    |         ^^^^^^^ not found in this scope\n\nerror[E0433]: failed to resolve: use of undeclared type `Default`\n   --> /Users/graysonnocera/.cargo/registry/src/index.crates.io-6f17d22bba15001f/triomphe-0.1.14/src/arc.rs:729:18\n    |\n729 |         Arc::new(Default::default())\n    |                  ^^^^^^^ use of undeclared type `Default`\n\nerror[E0405]: cannot find trait `Sized` in this scope\n   --> /Users/graysonnocera/.cargo/registry/src/index.crates.io-6f17d22bba15001f/triomphe-0.1.14/src/arc.rs:733:10\n    |\n733 | impl<T: ?Sized + Hash> Hash for Arc<T> {\n    |          ^^^^^ not found in this scope\n    |\nhelp: consider importing this trait\n    |\n1   + use core::marker::Sized;\n    |\n\nerror[E0405]: cannot find trait `IntoIterator` in this scope\n   --> /Users/graysonnocera/.cargo/registry/src/index.crates.io-6f17d22bba15001f/triomphe-0.1.14/src/arc.rs:747:21\n    |\n747 |     fn from_iter<T: IntoIterator<Item = A>>(iter: T) -> Self {\n    |                     ^^^^^^^^^^^^\n    |\n   ::: /Users/graysonnocera/.rustup/toolchains/stable-aarch64-apple-darwin/lib/rustlib/src/rust/library/core/src/iter/traits/collect.rs:134:1\n    |\n134 | pub trait FromIterator<A>: Sized {\n    | -------------------------------- similarly named trait `FromIterator` defined here\n    |\nhelp: a trait with a similar name exists\n    |\n747 |     fn from_iter<T: FromIterator<Item = A>>(iter: T) -> Self {\n    |                     ~~~~~~~~~~~~\nhelp: consider importing this trait\n    |\n1   + use core::iter::IntoIterator;\n    |\n\nerror[E0405]: cannot find trait `Sized` in this scope\n   --> /Users/graysonnocera/.cargo/registry/src/index.crates.io-6f17d22bba15001f/triomphe-0.1.14/src/arc.rs:752:10\n    |\n752 | impl<T: ?Sized> borrow::Borrow<T> for Arc<T> {\n    |          ^^^^^ not found in this scope\n    |\nhelp: consider importing this trait\n    |\n1   + use core::marker::Sized;\n    |\n\nerror[E0405]: cannot find trait `AsRef` in this scope\n   --> /Users/graysonnocera/.cargo/registry/src/index.crates.io-6f17d22bba15001f/triomphe-0.1.14/src/arc.rs:759:17\n    |\n759 | impl<T: ?Sized> AsRef<T> for Arc<T> {\n    |                 ^^^^^ not found in this scope\n    |\nhelp: consider importing this trait\n    |\n1   + use core::convert::AsRef;\n    |\n\nerror[E0405]: cannot find trait `Sized` in this scope\n   --> /Users/graysonnocera/.cargo/registry/src/index.crates.io-6f17d22bba15001f/triomphe-0.1.14/src/arc.rs:759:10\n    |\n759 | impl<T: ?Sized> AsRef<T> for Arc<T> {\n    |          ^^^^^ not found in this scope\n    |\nhelp: consider importing this trait\n    |\n1   + use core::marker::Sized;\n    |\n\nerror[E0405]: cannot find trait `Sized` in this scope\n   --> /Users/graysonnocera/.cargo/registry/src/index.crates.io-6f17d22bba15001f/triomphe-0.1.14/src/arc.rs:767:17\n    |\n767 | unsafe impl<T: ?Sized> StableDeref for Arc<T> {}\n    |                 ^^^^^ not found in this scope\n    |\nhelp: consider importing this trait\n    |\n1   + use core::marker::Sized;\n    |\n\nerror[E0405]: cannot find trait `Sized` in this scope\n   --> /Users/graysonnocera/.cargo/registry/src/index.crates.io-6f17d22bba15001f/triomphe-0.1.14/src/arc.rs:769:17\n    |\n769 | unsafe impl<T: ?Sized> CloneStableDeref for Arc<T> {}\n    |                 ^^^^^ not found in this scope\n    |\nhelp: consider importing this trait\n    |\n1   + use core::marker::Sized;\n    |\n\nerror[E0412]: cannot find type `Result` in this scope\n   --> /Users/graysonnocera/.cargo/registry/src/index.crates.io-6f17d22bba15001f/triomphe-0.1.14/src/arc.rs:773:43\n    |\n773 |     fn deserialize<D>(deserializer: D) -> Result<Arc<T>, D::Error>\n    |                                           ^^^^^^ not found in this scope\n    |\nhelp: consider importing this type alias\n    |\n1   + use alloc::fmt::Result;\n    |\n\nerror[E0412]: cannot find type `Result` in this scope\n   --> /Users/graysonnocera/.cargo/registry/src/index.crates.io-6f17d22bba15001f/triomphe-0.1.14/src/arc.rs:783:46\n    |\n783 |     fn serialize<S>(&self, serializer: S) -> Result<S::Ok, S::Error>\n    |                                              ^^^^^^ not found in this scope\n    |\nhelp: consider importing this type alias\n    |\n1   + use alloc::fmt::Result;\n    |\n\nerror[E0405]: cannot find trait `Sized` in this scope\n   --> /Users/graysonnocera/.cargo/registry/src/index.crates.io-6f17d22bba15001f/triomphe-0.1.14/src/arc.rs:825:23\n    |\n825 | fn must_be_unique<T: ?Sized>(arc: &mut Arc<T>) -> &mut UniqueArc<T> {\n    |                       ^^^^^ not found in this scope\n    |\nhelp: consider importing this trait\n    |\n1   + use core::marker::Sized;\n    |\n\nerror[E0531]: cannot find tuple struct or tuple variant `Ok` in this scope\n   --> /Users/graysonnocera/.cargo/registry/src/index.crates.io-6f17d22bba15001f/triomphe-0.1.14/src/arc.rs:827:9\n    |\n827 |         Ok(unique) => unique,\n    |         ^^ not found in this scope\n\nerror[E0531]: cannot find tuple struct or tuple variant `Err` in this scope\n   --> /Users/graysonnocera/.cargo/registry/src/index.crates.io-6f17d22bba15001f/triomphe-0.1.14/src/arc.rs:828:9\n    |\n828 |         Err(this) => panic!(\"`Arc` must be unique in order for this operation to be safe, there are currently {} copies\", Arc::count(this)),\n    |         ^^^ not found in this scope\n\nerror[E0405]: cannot find trait `Sized` in this scope\n  --> /Users/graysonnocera/.cargo/registry/src/index.crates.io-6f17d22bba15001f/triomphe-0.1.14/src/arc_borrow.rs:26:30\n   |\n26 | pub struct ArcBorrow<'a, T: ?Sized + 'a>(pub(crate) NonNull<T>, pub(crate) PhantomData<&'a T>);\n   |                              ^^^^^ not found in this scope\n   |\nhelp: consider importing this trait\n   |\n1  + use core::marker::Sized;\n   |\n\nerror[E0405]: cannot find trait `Send` in this scope\n  --> /Users/graysonnocera/.cargo/registry/src/index.crates.io-6f17d22bba15001f/triomphe-0.1.14/src/arc_borrow.rs:28:42\n   |\n28 | unsafe impl<'a, T: ?Sized + Sync + Send> Send for ArcBorrow<'a, T> {}\n   |                                          ^^^^ not found in this scope\n   |\nhelp: consider importing this trait\n   |\n1  + use core::marker::Send;\n   |\n\nerror[E0405]: cannot find trait `Sized` in this scope\n  --> /Users/graysonnocera/.cargo/registry/src/index.crates.io-6f17d22bba15001f/triomphe-0.1.14/src/arc_borrow.rs:28:21\n   |\n28 | unsafe impl<'a, T: ?Sized + Sync + Send> Send for ArcBorrow<'a, T> {}\n   |                     ^^^^^ not found in this scope\n   |\nhelp: consider importing this trait\n   |\n1  + use core::marker::Sized;\n   |\n\nerror[E0405]: cannot find trait `Sync` in this scope\n  --> /Users/graysonnocera/.cargo/registry/src/index.crates.io-6f17d22bba15001f/triomphe-0.1.14/src/arc_borrow.rs:28:29\n   |\n28 | unsafe impl<'a, T: ?Sized + Sync + Send> Send for ArcBorrow<'a, T> {}\n   |                             ^^^^ not found in this scope\n   |\nhelp: consider importing this trait\n   |\n1  + use core::marker::Sync;\n   |\n\nerror[E0405]: cannot find trait `Send` in this scope\n  --> /Users/graysonnocera/.cargo/registry/src/index.crates.io-6f17d22bba15001f/triomphe-0.1.14/src/arc_borrow.rs:28:36\n   |\n28 | unsafe impl<'a, T: ?Sized + Sync + Send> Send for ArcBorrow<'a, T> {}\n   |                                    ^^^^ not found in this scope\n   |\nhelp: consider importing this trait\n   |\n1  + use core::marker::Send;\n   |\n\nerror[E0405]: cannot find trait `Sync` in this scope\n  --> /Users/graysonnocera/.cargo/registry/src/index.crates.io-6f17d22bba15001f/triomphe-0.1.14/src/arc_borrow.rs:29:42\n   |\n29 | unsafe impl<'a, T: ?Sized + Sync + Send> Sync for ArcBorrow<'a, T> {}\n   |                                          ^^^^ not found in this scope\n   |\nhelp: consider importing this trait\n   |\n1  + use core::marker::Sync;\n   |\n\nerror[E0405]: cannot find trait `Sized` in this scope\n  --> /Users/graysonnocera/.cargo/registry/src/index.crates.io-6f17d22bba15001f/triomphe-0.1.14/src/arc_borrow.rs:29:21\n   |\n29 | unsafe impl<'a, T: ?Sized + Sync + Send> Sync for ArcBorrow<'a, T> {}\n   |                     ^^^^^ not found in this scope\n   |\nhelp: consider importing this trait\n   |\n1  + use core::marker::Sized;\n   |\n\nerror[E0405]: cannot find trait `Sync` in this scope\n  --> /Users/graysonnocera/.cargo/registry/src/index.crates.io-6f17d22bba15001f/triomphe-0.1.14/src/arc_borrow.rs:29:29\n   |\n29 | unsafe impl<'a, T: ?Sized + Sync + Send> Sync for ArcBorrow<'a, T> {}\n   |                             ^^^^ not found in this scope\n   |\nhelp: consider importing this trait\n   |\n1  + use core::marker::Sync;\n   |\n\nerror[E0405]: cannot find trait `Send` in this scope\n  --> /Users/graysonnocera/.cargo/registry/src/index.crates.io-6f17d22bba15001f/triomphe-0.1.14/src/arc_borrow.rs:29:36\n   |\n29 | unsafe impl<'a, T: ?Sized + Sync + Send> Sync for ArcBorrow<'a, T> {}\n   |                                    ^^^^ not found in this scope\n   |\nhelp: consider importing this trait\n   |\n1  + use core::marker::Send;\n   |\n\nerror[E0405]: cannot find trait `Copy` in this scope\n  --> /Users/graysonnocera/.cargo/registry/src/index.crates.io-6f17d22bba15001f/triomphe-0.1.14/src/arc_borrow.rs:31:13\n   |\n31 | impl<'a, T> Copy for ArcBorrow<'a, T> {}\n   |             ^^^^ not found in this scope\n   |\nhelp: consider importing this trait\n   |\n1  + use core::marker::Copy;\n   |\n\nerror[E0405]: cannot find trait `Clone` in this scope\n  --> /Users/graysonnocera/.cargo/registry/src/index.crates.io-6f17d22bba15001f/triomphe-0.1.14/src/arc_borrow.rs:32:13\n   |\n32 | impl<'a, T> Clone for ArcBorrow<'a, T> {\n   |             ^^^^^ not found in this scope\n\nerror[E0405]: cannot find trait `FnOnce` in this scope\n  --> /Users/graysonnocera/.cargo/registry/src/index.crates.io-6f17d22bba15001f/triomphe-0.1.14/src/arc_borrow.rs:92:12\n   |\n92 |         F: FnOnce(&Arc<T>) -> U,\n   |            ^^^^^^ not found in this scope\n   |\nhelp: consider importing this trait\n   |\n1  + use core::ops::FnOnce;\n   |\n\nerror[E0405]: cannot find trait `Send` in this scope\n  --> /Users/graysonnocera/.cargo/registry/src/index.crates.io-6f17d22bba15001f/triomphe-0.1.14/src/arc_union.rs:23:45\n   |\n23 | unsafe impl<A: Sync + Send, B: Send + Sync> Send for ArcUnion<A, B> {}\n   |                                             ^^^^ not found in this scope\n   |\nhelp: consider importing this trait\n   |\n1  + use core::marker::Send;\n   |\n\nerror[E0405]: cannot find trait `Sync` in this scope\n  --> /Users/graysonnocera/.cargo/registry/src/index.crates.io-6f17d22bba15001f/triomphe-0.1.14/src/arc_union.rs:23:16\n   |\n23 | unsafe impl<A: Sync + Send, B: Send + Sync> Send for ArcUnion<A, B> {}\n   |                ^^^^ not found in this scope\n   |\nhelp: consider importing this trait\n   |\n1  + use core::marker::Sync;\n   |\n\nerror[E0405]: cannot find trait `Send` in this scope\n  --> /Users/graysonnocera/.cargo/registry/src/index.crates.io-6f17d22bba15001f/triomphe-0.1.14/src/arc_union.rs:23:23\n   |\n23 | unsafe impl<A: Sync + Send, B: Send + Sync> Send for ArcUnion<A, B> {}\n   |                       ^^^^ not found in this scope\n   |\nhelp: consider importing this trait\n   |\n1  + use core::marker::Send;\n   |\n\nerror[E0405]: cannot find trait `Send` in this scope\n  --> /Users/graysonnocera/.cargo/registry/src/index.crates.io-6f17d22bba15001f/triomphe-0.1.14/src/arc_union.rs:23:32\n   |\n23 | unsafe impl<A: Sync + Send, B: Send + Sync> Send for ArcUnion<A, B> {}\n   |                                ^^^^ not found in this scope\n   |\nhelp: consider importing this trait\n   |\n1  + use core::marker::Send;\n   |\n\nerror[E0405]: cannot find trait `Sync` in this scope\n  --> /Users/graysonnocera/.cargo/registry/src/index.crates.io-6f17d22bba15001f/triomphe-0.1.14/src/arc_union.rs:23:39\n   |\n23 | unsafe impl<A: Sync + Send, B: Send + Sync> Send for ArcUnion<A, B> {}\n   |                                       ^^^^ not found in this scope\n   |\nhelp: consider importing this trait\n   |\n1  + use core::marker::Sync;\n   |\n\nerror[E0405]: cannot find trait `Sync` in this scope\n  --> /Users/graysonnocera/.cargo/registry/src/index.crates.io-6f17d22bba15001f/triomphe-0.1.14/src/arc_union.rs:24:45\n   |\n24 | unsafe impl<A: Sync + Send, B: Send + Sync> Sync for ArcUnion<A, B> {}\n   |                                             ^^^^ not found in this scope\n   |\nhelp: consider importing this trait\n   |\n1  + use core::marker::Sync;\n   |\n\nerror[E0405]: cannot find trait `Sync` in this scope\n  --> /Users/graysonnocera/.cargo/registry/src/index.crates.io-6f17d22bba15001f/triomphe-0.1.14/src/arc_union.rs:24:16\n   |\n24 | unsafe impl<A: Sync + Send, B: Send + Sync> Sync for ArcUnion<A, B> {}\n   |                ^^^^ not found in this scope\n   |\nhelp: consider importing this trait\n   |\n1  + use core::marker::Sync;\n   |\n\nerror[E0405]: cannot find trait `Send` in this scope\n  --> /Users/graysonnocera/.cargo/registry/src/index.crates.io-6f17d22bba15001f/triomphe-0.1.14/src/arc_union.rs:24:23\n   |\n24 | unsafe impl<A: Sync + Send, B: Send + Sync> Sync for ArcUnion<A, B> {}\n   |                       ^^^^ not found in this scope\n   |\nhelp: consider importing this trait\n   |\n1  + use core::marker::Send;\n   |\n\nerror[E0405]: cannot find trait `Send` in this scope\n  --> /Users/graysonnocera/.cargo/registry/src/index.crates.io-6f17d22bba15001f/triomphe-0.1.14/src/arc_union.rs:24:32\n   |\n24 | unsafe impl<A: Sync + Send, B: Send + Sync> Sync for ArcUnion<A, B> {}\n   |                                ^^^^ not found in this scope\n   |\nhelp: consider importing this trait\n   |\n1  + use core::marker::Send;\n   |\n\nerror[E0405]: cannot find trait `Sync` in this scope\n  --> /Users/graysonnocera/.cargo/registry/src/index.crates.io-6f17d22bba15001f/triomphe-0.1.14/src/arc_union.rs:24:39\n   |\n24 | unsafe impl<A: Sync + Send, B: Send + Sync> Sync for ArcUnion<A, B> {}\n   |                                       ^^^^ not found in this scope\n   |\nhelp: consider importing this trait\n   |\n1  + use core::marker::Sync;\n   |\n\nerror[E0405]: cannot find trait `PartialEq` in this scope\n  --> /Users/graysonnocera/.cargo/registry/src/index.crates.io-6f17d22bba15001f/triomphe-0.1.14/src/arc_union.rs:26:34\n   |\n26 | impl<A: PartialEq, B: PartialEq> PartialEq for ArcUnion<A, B> {\n   |                                  ^^^^^^^^^ not found in this scope\n   |\nhelp: consider importing this trait\n   |\n1  + use core::cmp::PartialEq;\n   |\n\nerror[E0405]: cannot find trait `PartialEq` in this scope\n  --> /Users/graysonnocera/.cargo/registry/src/index.crates.io-6f17d22bba15001f/triomphe-0.1.14/src/arc_union.rs:26:9\n   |\n26 | impl<A: PartialEq, B: PartialEq> PartialEq for ArcUnion<A, B> {\n   |         ^^^^^^^^^ not found in this scope\n   |\nhelp: consider importing this trait\n   |\n1  + use core::cmp::PartialEq;\n   |\n\nerror[E0405]: cannot find trait `PartialEq` in this scope\n  --> /Users/graysonnocera/.cargo/registry/src/index.crates.io-6f17d22bba15001f/triomphe-0.1.14/src/arc_union.rs:26:23\n   |\n26 | impl<A: PartialEq, B: PartialEq> PartialEq for ArcUnion<A, B> {\n   |                       ^^^^^^^^^ not found in this scope\n   |\nhelp: consider importing this trait\n   |\n1  + use core::cmp::PartialEq;\n   |\n\nerror[E0412]: cannot find type `Option` in this scope\n   --> /Users/graysonnocera/.cargo/registry/src/index.crates.io-6f17d22bba15001f/triomphe-0.1.14/src/arc_union.rs:103:31\n    |\n103 |     pub fn as_first(&self) -> Option<ArcBorrow<A>> {\n    |                               ^^^^^^ not found in this scope\n\nerror[E0425]: cannot find function, tuple struct or tuple variant `Some` in this scope\n   --> /Users/graysonnocera/.cargo/registry/src/index.crates.io-6f17d22bba15001f/triomphe-0.1.14/src/arc_union.rs:105:41\n    |\n105 |             ArcUnionBorrow::First(x) => Some(x),\n    |                                         ^^^^ not found in this scope\n\nerror[E0425]: cannot find value `None` in this scope\n   --> /Users/graysonnocera/.cargo/registry/src/index.crates.io-6f17d22bba15001f/triomphe-0.1.14/src/arc_union.rs:106:42\n    |\n106 |             ArcUnionBorrow::Second(_) => None,\n    |                                          ^^^^ not found in this scope\n\nerror[E0412]: cannot find type `Option` in this scope\n   --> /Users/graysonnocera/.cargo/registry/src/index.crates.io-6f17d22bba15001f/triomphe-0.1.14/src/arc_union.rs:111:32\n    |\n111 |     pub fn as_second(&self) -> Option<ArcBorrow<B>> {\n    |                                ^^^^^^ not found in this scope\n\nerror[E0425]: cannot find value `None` in this scope\n   --> /Users/graysonnocera/.cargo/registry/src/index.crates.io-6f17d22bba15001f/triomphe-0.1.14/src/arc_union.rs:113:41\n    |\n113 |             ArcUnionBorrow::First(_) => None,\n    |                                         ^^^^ not found in this scope\n\nerror[E0425]: cannot find function, tuple struct or tuple variant `Some` in this scope\n   --> /Users/graysonnocera/.cargo/registry/src/index.crates.io-6f17d22bba15001f/triomphe-0.1.14/src/arc_union.rs:114:42\n    |\n114 |             ArcUnionBorrow::Second(x) => Some(x),\n    |                                          ^^^^ not found in this scope\n\nerror[E0405]: cannot find trait `Clone` in this scope\n   --> /Users/graysonnocera/.cargo/registry/src/index.crates.io-6f17d22bba15001f/triomphe-0.1.14/src/arc_union.rs:119:12\n    |\n119 | impl<A, B> Clone for ArcUnion<A, B> {\n    |            ^^^^^ not found in this scope\n\nerror[E0405]: cannot find trait `Drop` in this scope\n   --> /Users/graysonnocera/.cargo/registry/src/index.crates.io-6f17d22bba15001f/triomphe-0.1.14/src/arc_union.rs:128:12\n    |\n128 | impl<A, B> Drop for ArcUnion<A, B> {\n    |            ^^^^ not found in this scope\n    |\nhelp: consider importing this trait\n    |\n1   + use core::ops::Drop;\n    |\n\nerror[E0405]: cannot find trait `Sized` in this scope\n  --> /Users/graysonnocera/.cargo/registry/src/index.crates.io-6f17d22bba15001f/triomphe-0.1.14/src/header.rs:18:31\n   |\n18 | pub struct HeaderSlice<H, T: ?Sized> {\n   |                               ^^^^^ not found in this scope\n   |\nhelp: consider importing this trait\n   |\n1  + use core::marker::Sized;\n   |\n\nerror[E0405]: cannot find trait `Copy` in this scope\n  --> /Users/graysonnocera/.cargo/registry/src/index.crates.io-6f17d22bba15001f/triomphe-0.1.14/src/header.rs:72:12\n   |\n72 |         T: Copy,\n   |            ^^^^ not found in this scope\n   |\nhelp: consider importing this trait\n   |\n1  + use core::marker::Copy;\n   |\n\nerror[E0405]: cannot find trait `From` in this scope\n   --> /Users/graysonnocera/.cargo/registry/src/index.crates.io-6f17d22bba15001f/triomphe-0.1.14/src/header.rs:169:17\n    |\n169 | impl<T: ?Sized> From<Arc<HeaderSlice<(), T>>> for Arc<T> {\n    |                 ^^^^ not found in this scope\n\nerror[E0405]: cannot find trait `Sized` in this scope\n   --> /Users/graysonnocera/.cargo/registry/src/index.crates.io-6f17d22bba15001f/triomphe-0.1.14/src/header.rs:169:10\n    |\n169 | impl<T: ?Sized> From<Arc<HeaderSlice<(), T>>> for Arc<T> {\n    |          ^^^^^ not found in this scope\n    |\nhelp: consider importing this trait\n    |\n1   + use core::marker::Sized;\n    |\n\nerror[E0405]: cannot find trait `From` in this scope\n   --> /Users/graysonnocera/.cargo/registry/src/index.crates.io-6f17d22bba15001f/triomphe-0.1.14/src/header.rs:181:17\n    |\n181 | impl<T: ?Sized> From<Arc<T>> for Arc<HeaderSlice<(), T>> {\n    |                 ^^^^ not found in this scope\n\nerror[E0405]: cannot find trait `Sized` in this scope\n   --> /Users/graysonnocera/.cargo/registry/src/index.crates.io-6f17d22bba15001f/triomphe-0.1.14/src/header.rs:181:10\n    |\n181 | impl<T: ?Sized> From<Arc<T>> for Arc<HeaderSlice<(), T>> {\n    |          ^^^^^ not found in this scope\n    |\nhelp: consider importing this trait\n    |\n1   + use core::marker::Sized;\n    |\n\nerror[E0405]: cannot find trait `From` in this scope\n   --> /Users/graysonnocera/.cargo/registry/src/index.crates.io-6f17d22bba15001f/triomphe-0.1.14/src/header.rs:188:15\n    |\n188 | impl<T: Copy> From<&[T]> for Arc<[T]> {\n    |               ^^^^ not found in this scope\n\nerror[E0405]: cannot find trait `Copy` in this scope\n   --> /Users/graysonnocera/.cargo/registry/src/index.crates.io-6f17d22bba15001f/triomphe-0.1.14/src/header.rs:188:9\n    |\n188 | impl<T: Copy> From<&[T]> for Arc<[T]> {\n    |         ^^^^ not found in this scope\n    |\nhelp: consider importing this trait\n    |\n1   + use core::marker::Copy;\n    |\n\nerror[E0405]: cannot find trait `From` in this scope\n   --> /Users/graysonnocera/.cargo/registry/src/index.crates.io-6f17d22bba15001f/triomphe-0.1.14/src/header.rs:194:6\n    |\n194 | impl From<&str> for Arc<str> {\n    |      ^^^^ not found in this scope\n\nerror[E0405]: cannot find trait `From` in this scope\n   --> /Users/graysonnocera/.cargo/registry/src/index.crates.io-6f17d22bba15001f/triomphe-0.1.14/src/header.rs:200:6\n    |\n200 | impl From<String> for Arc<str> {\n    |      ^^^^ not found in this scope\n\nerror[E0405]: cannot find trait `From` in this scope\n   --> /Users/graysonnocera/.cargo/registry/src/index.crates.io-6f17d22bba15001f/triomphe-0.1.14/src/header.rs:209:9\n    |\n209 | impl<T> From<Box<T>> for Arc<T> {\n    |         ^^^^ not found in this scope\n\nerror[E0425]: cannot find function `drop` in this scope\n   --> /Users/graysonnocera/.cargo/registry/src/index.crates.io-6f17d22bba15001f/triomphe-0.1.14/src/header.rs:233:13\n    |\n233 |             drop(Box::<ManuallyDrop<T>>::from_raw(src as _));\n    |             ^^^^ not found in this scope\n    |\nhelp: consider importing this function\n    |\n1   + use core::prelude::rust_2024::drop;\n    |\n\nerror[E0405]: cannot find trait `From` in this scope\n   --> /Users/graysonnocera/.cargo/registry/src/index.crates.io-6f17d22bba15001f/triomphe-0.1.14/src/header.rs:243:9\n    |\n243 | impl<T> From<Vec<T>> for Arc<[T]> {\n    |         ^^^^ not found in this scope\n\nerror[E0405]: cannot find trait `PartialOrd` in this scope\n   --> /Users/graysonnocera/.cargo/registry/src/index.crates.io-6f17d22bba15001f/triomphe-0.1.14/src/header.rs:251:45\n    |\n251 | impl<H: PartialOrd, T: ?Sized + PartialOrd> PartialOrd for HeaderSliceWithLength<H, T> {\n    |                                             ^^^^^^^^^^ not found in this scope\n    |\nhelp: consider importing this trait\n    |\n1   + use core::cmp::PartialOrd;\n    |\n\nerror[E0405]: cannot find trait `PartialOrd` in this scope\n   --> /Users/graysonnocera/.cargo/registry/src/index.crates.io-6f17d22bba15001f/triomphe-0.1.14/src/header.rs:251:9\n    |\n251 | impl<H: PartialOrd, T: ?Sized + PartialOrd> PartialOrd for HeaderSliceWithLength<H, T> {\n    |         ^^^^^^^^^^ not found in this scope\n    |\nhelp: consider importing this trait\n    |\n1   + use core::cmp::PartialOrd;\n    |\n\nerror[E0405]: cannot find trait `Sized` in this scope\n   --> /Users/graysonnocera/.cargo/registry/src/index.crates.io-6f17d22bba15001f/triomphe-0.1.14/src/header.rs:251:25\n    |\n251 | impl<H: PartialOrd, T: ?Sized + PartialOrd> PartialOrd for HeaderSliceWithLength<H, T> {\n    |                         ^^^^^ not found in this scope\n    |\nhelp: consider importing this trait\n    |\n1   + use core::marker::Sized;\n    |\n\nerror[E0405]: cannot find trait `PartialOrd` in this scope\n   --> /Users/graysonnocera/.cargo/registry/src/index.crates.io-6f17d22bba15001f/triomphe-0.1.14/src/header.rs:251:33\n    |\n251 | impl<H: PartialOrd, T: ?Sized + PartialOrd> PartialOrd for HeaderSliceWithLength<H, T> {\n    |                                 ^^^^^^^^^^ not found in this scope\n    |\nhelp: consider importing this trait\n    |\n1   + use core::cmp::PartialOrd;\n    |\n\nerror[E0412]: cannot find type `Option` in this scope\n   --> /Users/graysonnocera/.cargo/registry/src/index.crates.io-6f17d22bba15001f/triomphe-0.1.14/src/header.rs:252:44\n    |\n252 |     fn partial_cmp(&self, other: &Self) -> Option<Ordering> {\n    |                                            ^^^^^^ not found in this scope\n\nerror[E0405]: cannot find trait `Ord` in this scope\n   --> /Users/graysonnocera/.cargo/registry/src/index.crates.io-6f17d22bba15001f/triomphe-0.1.14/src/header.rs:257:31\n    |\n257 | impl<H: Ord, T: ?Sized + Ord> Ord for HeaderSliceWithLength<H, T> {\n    |                               ^^^ not found in this scope\n    |\nhelp: consider importing this trait\n    |\n1   + use core::cmp::Ord;\n    |\n\nerror[E0405]: cannot find trait `Ord` in this scope\n   --> /Users/graysonnocera/.cargo/registry/src/index.crates.io-6f17d22bba15001f/triomphe-0.1.14/src/header.rs:257:9\n    |\n257 | impl<H: Ord, T: ?Sized + Ord> Ord for HeaderSliceWithLength<H, T> {\n    |         ^^^ not found in this scope\n    |\nhelp: consider importing this trait\n    |\n1   + use core::cmp::Ord;\n    |\n\nerror[E0405]: cannot find trait `Sized` in this scope\n   --> /Users/graysonnocera/.cargo/registry/src/index.crates.io-6f17d22bba15001f/triomphe-0.1.14/src/header.rs:257:18\n    |\n257 | impl<H: Ord, T: ?Sized + Ord> Ord for HeaderSliceWithLength<H, T> {\n    |                  ^^^^^ not found in this scope\n    |\nhelp: consider importing this trait\n    |\n1   + use core::marker::Sized;\n    |\n\nerror[E0405]: cannot find trait `Ord` in this scope\n   --> /Users/graysonnocera/.cargo/registry/src/index.crates.io-6f17d22bba15001f/triomphe-0.1.14/src/header.rs:257:26\n    |\n257 | impl<H: Ord, T: ?Sized + Ord> Ord for HeaderSliceWithLength<H, T> {\n    |                          ^^^ not found in this scope\n    |\nhelp: consider importing this trait\n    |\n1   + use core::cmp::Ord;\n    |\n\nerror[E0405]: cannot find trait `Iterator` in this scope\n --> /Users/graysonnocera/.cargo/registry/src/index.crates.io-6f17d22bba15001f/triomphe-0.1.14/src/iterator_as_exact_size_iterator.rs:9:9\n  |\n9 | impl<I: Iterator> IteratorAsExactSizeIterator<I> {\n  |         ^^^^^^^^ not found in this scope\n  |\nhelp: consider importing this trait\n  |\n1 + use core::iter::Iterator;\n  |\n\nerror[E0405]: cannot find trait `Iterator` in this scope\n  --> /Users/graysonnocera/.cargo/registry/src/index.crates.io-6f17d22bba15001f/triomphe-0.1.14/src/iterator_as_exact_size_iterator.rs:22:19\n   |\n22 | impl<I: Iterator> Iterator for IteratorAsExactSizeIterator<I> {\n   |                   ^^^^^^^^ not found in this scope\n   |\nhelp: consider importing this trait\n   |\n1  + use core::iter::Iterator;\n   |\n\nerror[E0405]: cannot find trait `Iterator` in this scope\n  --> /Users/graysonnocera/.cargo/registry/src/index.crates.io-6f17d22bba15001f/triomphe-0.1.14/src/iterator_as_exact_size_iterator.rs:22:9\n   |\n22 | impl<I: Iterator> Iterator for IteratorAsExactSizeIterator<I> {\n   |         ^^^^^^^^ not found in this scope\n   |\nhelp: consider importing this trait\n   |\n1  + use core::iter::Iterator;\n   |\n\nerror[E0412]: cannot find type `Option` in this scope\n  --> /Users/graysonnocera/.cargo/registry/src/index.crates.io-6f17d22bba15001f/triomphe-0.1.14/src/iterator_as_exact_size_iterator.rs:26:27\n   |\n26 |     fn next(&mut self) -> Option<Self::Item> {\n   |                           ^^^^^^ not found in this scope\n\nerror[E0412]: cannot find type `Option` in this scope\n  --> /Users/graysonnocera/.cargo/registry/src/index.crates.io-6f17d22bba15001f/triomphe-0.1.14/src/iterator_as_exact_size_iterator.rs:31:36\n   |\n31 |     fn size_hint(&self) -> (usize, Option<usize>) {\n   |                                    ^^^^^^ not found in this scope\n\nerror[E0405]: cannot find trait `ExactSizeIterator` in this scope\n  --> /Users/graysonnocera/.cargo/registry/src/index.crates.io-6f17d22bba15001f/triomphe-0.1.14/src/iterator_as_exact_size_iterator.rs:36:19\n   |\n36 | impl<I: Iterator> ExactSizeIterator for IteratorAsExactSizeIterator<I> {\n   |                   ^^^^^^^^^^^^^^^^^ not found in this scope\n   |\nhelp: consider importing this trait\n   |\n1  + use core::iter::ExactSizeIterator;\n   |\n\nerror[E0405]: cannot find trait `Iterator` in this scope\n  --> /Users/graysonnocera/.cargo/registry/src/index.crates.io-6f17d22bba15001f/triomphe-0.1.14/src/iterator_as_exact_size_iterator.rs:36:9\n   |\n36 | impl<I: Iterator> ExactSizeIterator for IteratorAsExactSizeIterator<I> {\n   |         ^^^^^^^^ not found in this scope\n   |\nhelp: consider importing this trait\n   |\n1  + use core::iter::Iterator;\n   |\n\nerror[E0405]: cannot find trait `Send` in this scope\n  --> /Users/graysonnocera/.cargo/registry/src/index.crates.io-6f17d22bba15001f/triomphe-0.1.14/src/offset_arc.rs:38:29\n   |\n38 | unsafe impl<T: Sync + Send> Send for OffsetArc<T> {}\n   |                             ^^^^ not found in this scope\n   |\nhelp: consider importing this trait\n   |\n1  + use core::marker::Send;\n   |\n\nerror[E0405]: cannot find trait `Sync` in this scope\n  --> /Users/graysonnocera/.cargo/registry/src/index.crates.io-6f17d22bba15001f/triomphe-0.1.14/src/offset_arc.rs:38:16\n   |\n38 | unsafe impl<T: Sync + Send> Send for OffsetArc<T> {}\n   |                ^^^^ not found in this scope\n   |\nhelp: consider importing this trait\n   |\n1  + use core::marker::Sync;\n   |\n\nerror[E0405]: cannot find trait `Send` in this scope\n  --> /Users/graysonnocera/.cargo/registry/src/index.crates.io-6f17d22bba15001f/triomphe-0.1.14/src/offset_arc.rs:38:23\n   |\n38 | unsafe impl<T: Sync + Send> Send for OffsetArc<T> {}\n   |                       ^^^^ not found in this scope\n   |\nhelp: consider importing this trait\n   |\n1  + use core::marker::Send;\n   |\n\nerror[E0405]: cannot find trait `Sync` in this scope\n  --> /Users/graysonnocera/.cargo/registry/src/index.crates.io-6f17d22bba15001f/triomphe-0.1.14/src/offset_arc.rs:39:29\n   |\n39 | unsafe impl<T: Sync + Send> Sync for OffsetArc<T> {}\n   |                             ^^^^ not found in this scope\n   |\nhelp: consider importing this trait\n   |\n1  + use core::marker::Sync;\n   |\n\nerror[E0405]: cannot find trait `Sync` in this scope\n  --> /Users/graysonnocera/.cargo/registry/src/index.crates.io-6f17d22bba15001f/triomphe-0.1.14/src/offset_arc.rs:39:16\n   |\n39 | unsafe impl<T: Sync + Send> Sync for OffsetArc<T> {}\n   |                ^^^^ not found in this scope\n   |\nhelp: consider importing this trait\n   |\n1  + use core::marker::Sync;\n   |\n\nerror[E0405]: cannot find trait `Send` in this scope\n  --> /Users/graysonnocera/.cargo/registry/src/index.crates.io-6f17d22bba15001f/triomphe-0.1.14/src/offset_arc.rs:39:23\n   |\n39 | unsafe impl<T: Sync + Send> Sync for OffsetArc<T> {}\n   |                       ^^^^ not found in this scope\n   |\nhelp: consider importing this trait\n   |\n1  + use core::marker::Send;\n   |\n\nerror[E0405]: cannot find trait `Clone` in this scope\n  --> /Users/graysonnocera/.cargo/registry/src/index.crates.io-6f17d22bba15001f/triomphe-0.1.14/src/offset_arc.rs:49:9\n   |\n49 | impl<T> Clone for OffsetArc<T> {\n   |         ^^^^^ not found in this scope\n\nerror[E0405]: cannot find trait `Drop` in this scope\n  --> /Users/graysonnocera/.cargo/registry/src/index.crates.io-6f17d22bba15001f/triomphe-0.1.14/src/offset_arc.rs:56:9\n   |\n56 | impl<T> Drop for OffsetArc<T> {\n   |         ^^^^ not found in this scope\n   |\nhelp: consider importing this trait\n   |\n1  + use core::ops::Drop;\n   |\n\nerror[E0405]: cannot find trait `PartialEq` in this scope\n  --> /Users/graysonnocera/.cargo/registry/src/index.crates.io-6f17d22bba15001f/triomphe-0.1.14/src/offset_arc.rs:71:20\n   |\n71 | impl<T: PartialEq> PartialEq for OffsetArc<T> {\n   |                    ^^^^^^^^^ not found in this scope\n   |\nhelp: consider importing this trait\n   |\n1  + use core::cmp::PartialEq;\n   |\n\nerror[E0405]: cannot find trait `PartialEq` in this scope\n  --> /Users/graysonnocera/.cargo/registry/src/index.crates.io-6f17d22bba15001f/triomphe-0.1.14/src/offset_arc.rs:71:9\n   |\n71 | impl<T: PartialEq> PartialEq for OffsetArc<T> {\n   |         ^^^^^^^^^ not found in this scope\n   |\nhelp: consider importing this trait\n   |\n1  + use core::cmp::PartialEq;\n   |\n\nerror[E0405]: cannot find trait `FnOnce` in this scope\n  --> /Users/graysonnocera/.cargo/registry/src/index.crates.io-6f17d22bba15001f/triomphe-0.1.14/src/offset_arc.rs:88:12\n   |\n88 |         F: FnOnce(&Arc<T>) -> U,\n   |            ^^^^^^ not found in this scope\n   |\nhelp: consider importing this trait\n   |\n1  + use core::ops::FnOnce;\n   |\n\nerror[E0405]: cannot find trait `Clone` in this scope\n   --> /Users/graysonnocera/.cargo/registry/src/index.crates.io-6f17d22bba15001f/triomphe-0.1.14/src/offset_arc.rs:105:12\n    |\n105 |         T: Clone,\n    |            ^^^^^ not found in this scope\n\nerror[E0405]: cannot find trait `Send` in this scope\n  --> /Users/graysonnocera/.cargo/registry/src/index.crates.io-6f17d22bba15001f/triomphe-0.1.14/src/thin_arc.rs:35:45\n   |\n35 | unsafe impl<H: Sync + Send, T: Sync + Send> Send for ThinArc<H, T> {}\n   |                                             ^^^^ not found in this scope\n   |\nhelp: consider importing this trait\n   |\n1  + use core::marker::Send;\n   |\n\nerror[E0405]: cannot find trait `Sync` in this scope\n  --> /Users/graysonnocera/.cargo/registry/src/index.crates.io-6f17d22bba15001f/triomphe-0.1.14/src/thin_arc.rs:35:16\n   |\n35 | unsafe impl<H: Sync + Send, T: Sync + Send> Send for ThinArc<H, T> {}\n   |                ^^^^ not found in this scope\n   |\nhelp: consider importing this trait\n   |\n1  + use core::marker::Sync;\n   |\n\nerror[E0405]: cannot find trait `Send` in this scope\n  --> /Users/graysonnocera/.cargo/registry/src/index.crates.io-6f17d22bba15001f/triomphe-0.1.14/src/thin_arc.rs:35:23\n   |\n35 | unsafe impl<H: Sync + Send, T: Sync + Send> Send for ThinArc<H, T> {}\n   |                       ^^^^ not found in this scope\n   |\nhelp: consider importing this trait\n   |\n1  + use core::marker::Send;\n   |\n\nerror[E0405]: cannot find trait `Sync` in this scope\n  --> /Users/graysonnocera/.cargo/registry/src/index.crates.io-6f17d22bba15001f/triomphe-0.1.14/src/thin_arc.rs:35:32\n   |\n35 | unsafe impl<H: Sync + Send, T: Sync + Send> Send for ThinArc<H, T> {}\n   |                                ^^^^ not found in this scope\n   |\nhelp: consider importing this trait\n   |\n1  + use core::marker::Sync;\n   |\n\nerror[E0405]: cannot find trait `Send` in this scope\n  --> /Users/graysonnocera/.cargo/registry/src/index.crates.io-6f17d22bba15001f/triomphe-0.1.14/src/thin_arc.rs:35:39\n   |\n35 | unsafe impl<H: Sync + Send, T: Sync + Send> Send for ThinArc<H, T> {}\n   |                                       ^^^^ not found in this scope\n   |\nhelp: consider importing this trait\n   |\n1  + use core::marker::Send;\n   |\n\nerror[E0405]: cannot find trait `Sync` in this scope\n  --> /Users/graysonnocera/.cargo/registry/src/index.crates.io-6f17d22bba15001f/triomphe-0.1.14/src/thin_arc.rs:36:45\n   |\n36 | unsafe impl<H: Sync + Send, T: Sync + Send> Sync for ThinArc<H, T> {}\n   |                                             ^^^^ not found in this scope\n   |\nhelp: consider importing this trait\n   |\n1  + use core::marker::Sync;\n   |\n\nerror[E0405]: cannot find trait `Sync` in this scope\n  --> /Users/graysonnocera/.cargo/registry/src/index.crates.io-6f17d22bba15001f/triomphe-0.1.14/src/thin_arc.rs:36:16\n   |\n36 | unsafe impl<H: Sync + Send, T: Sync + Send> Sync for ThinArc<H, T> {}\n   |                ^^^^ not found in this scope\n   |\nhelp: consider importing this trait\n   |\n1  + use core::marker::Sync;\n   |\n\nerror[E0405]: cannot find trait `Send` in this scope\n  --> /Users/graysonnocera/.cargo/registry/src/index.crates.io-6f17d22bba15001f/triomphe-0.1.14/src/thin_arc.rs:36:23\n   |\n36 | unsafe impl<H: Sync + Send, T: Sync + Send> Sync for ThinArc<H, T> {}\n   |                       ^^^^ not found in this scope\n   |\nhelp: consider importing this trait\n   |\n1  + use core::marker::Send;\n   |\n\nerror[E0405]: cannot find trait `Sync` in this scope\n  --> /Users/graysonnocera/.cargo/registry/src/index.crates.io-6f17d22bba15001f/triomphe-0.1.14/src/thin_arc.rs:36:32\n   |\n36 | unsafe impl<H: Sync + Send, T: Sync + Send> Sync for ThinArc<H, T> {}\n   |                                ^^^^ not found in this scope\n   |\nhelp: consider importing this trait\n   |\n1  + use core::marker::Sync;\n   |\n\nerror[E0405]: cannot find trait `Send` in this scope\n  --> /Users/graysonnocera/.cargo/registry/src/index.crates.io-6f17d22bba15001f/triomphe-0.1.14/src/thin_arc.rs:36:39\n   |\n36 | unsafe impl<H: Sync + Send, T: Sync + Send> Sync for ThinArc<H, T> {}\n   |                                       ^^^^ not found in this scope\n   |\nhelp: consider importing this trait\n   |\n1  + use core::marker::Send;\n   |\n\nerror[E0405]: cannot find trait `FnOnce` in this scope\n  --> /Users/graysonnocera/.cargo/registry/src/index.crates.io-6f17d22bba15001f/triomphe-0.1.14/src/thin_arc.rs:57:12\n   |\n57 |         F: FnOnce(&Arc<HeaderSliceWithLength<H, [T]>>) -> U,\n   |            ^^^^^^ not found in this scope\n   |\nhelp: consider importing this trait\n   |\n1  + use core::ops::FnOnce;\n   |\n\nerror[E0405]: cannot find trait `FnOnce` in this scope\n  --> /Users/graysonnocera/.cargo/registry/src/index.crates.io-6f17d22bba15001f/triomphe-0.1.14/src/thin_arc.rs:77:12\n   |\n77 |         F: FnOnce(&mut Arc<HeaderSliceWithLength<H, [T]>>) -> U,\n   |            ^^^^^^ not found in this scope\n   |\nhelp: consider importing this trait\n   |\n1  + use core::ops::FnOnce;\n   |\n\nerror[E0405]: cannot find trait `Copy` in this scope\n   --> /Users/graysonnocera/.cargo/registry/src/index.crates.io-6f17d22bba15001f/triomphe-0.1.14/src/thin_arc.rs:106:12\n    |\n106 |         T: Copy,\n    |            ^^^^ not found in this scope\n    |\nhelp: consider importing this trait\n    |\n1   + use core::marker::Copy;\n    |\n\nerror[E0405]: cannot find trait `Clone` in this scope\n   --> /Users/graysonnocera/.cargo/registry/src/index.crates.io-6f17d22bba15001f/triomphe-0.1.14/src/thin_arc.rs:183:12\n    |\n183 | impl<H, T> Clone for ThinArc<H, T> {\n    |            ^^^^^ not found in this scope\n\nerror[E0405]: cannot find trait `Drop` in this scope\n   --> /Users/graysonnocera/.cargo/registry/src/index.crates.io-6f17d22bba15001f/triomphe-0.1.14/src/thin_arc.rs:193:12\n    |\n193 | impl<H, T> Drop for ThinArc<H, T> {\n    |            ^^^^ not found in this scope\n    |\nhelp: consider importing this trait\n    |\n1   + use core::ops::Drop;\n    |\n\nerror[E0405]: cannot find trait `PartialEq` in this scope\n   --> /Users/graysonnocera/.cargo/registry/src/index.crates.io-6f17d22bba15001f/triomphe-0.1.14/src/thin_arc.rs:256:34\n    |\n256 | impl<H: PartialEq, T: PartialEq> PartialEq for ThinArc<H, T> {\n    |                                  ^^^^^^^^^ not found in this scope\n    |\nhelp: consider importing this trait\n    |\n1   + use core::cmp::PartialEq;\n    |\n\nerror[E0405]: cannot find trait `PartialEq` in this scope\n   --> /Users/graysonnocera/.cargo/registry/src/index.crates.io-6f17d22bba15001f/triomphe-0.1.14/src/thin_arc.rs:256:9\n    |\n256 | impl<H: PartialEq, T: PartialEq> PartialEq for ThinArc<H, T> {\n    |         ^^^^^^^^^ not found in this scope\n    |\nhelp: consider importing this trait\n    |\n1   + use core::cmp::PartialEq;\n    |\n\nerror[E0405]: cannot find trait `PartialEq` in this scope\n   --> /Users/graysonnocera/.cargo/registry/src/index.crates.io-6f17d22bba15001f/triomphe-0.1.14/src/thin_arc.rs:256:23\n    |\n256 | impl<H: PartialEq, T: PartialEq> PartialEq for ThinArc<H, T> {\n    |                       ^^^^^^^^^ not found in this scope\n    |\nhelp: consider importing this trait\n    |\n1   + use core::cmp::PartialEq;\n    |\n\nerror[E0405]: cannot find trait `Eq` in this scope\n   --> /Users/graysonnocera/.cargo/registry/src/index.crates.io-6f17d22bba15001f/triomphe-0.1.14/src/thin_arc.rs:263:20\n    |\n263 | impl<H: Eq, T: Eq> Eq for ThinArc<H, T> {}\n    |                    ^^ not found in this scope\n    |\nhelp: consider importing this trait\n    |\n1   + use core::cmp::Eq;\n    |\n\nerror[E0405]: cannot find trait `Eq` in this scope\n   --> /Users/graysonnocera/.cargo/registry/src/index.crates.io-6f17d22bba15001f/triomphe-0.1.14/src/thin_arc.rs:263:9\n    |\n263 | impl<H: Eq, T: Eq> Eq for ThinArc<H, T> {}\n    |         ^^ not found in this scope\n    |\nhelp: consider importing this trait\n    |\n1   + use core::cmp::Eq;\n    |\n\nerror[E0405]: cannot find trait `Eq` in this scope\n   --> /Users/graysonnocera/.cargo/registry/src/index.crates.io-6f17d22bba15001f/triomphe-0.1.14/src/thin_arc.rs:263:16\n    |\n263 | impl<H: Eq, T: Eq> Eq for ThinArc<H, T> {}\n    |                ^^ not found in this scope\n    |\nhelp: consider importing this trait\n    |\n1   + use core::cmp::Eq;\n    |\n\nerror[E0405]: cannot find trait `PartialOrd` in this scope\n   --> /Users/graysonnocera/.cargo/registry/src/index.crates.io-6f17d22bba15001f/triomphe-0.1.14/src/thin_arc.rs:265:36\n    |\n265 | impl<H: PartialOrd, T: PartialOrd> PartialOrd for ThinArc<H, T> {\n    |                                    ^^^^^^^^^^ not found in this scope\n    |\nhelp: consider importing this trait\n    |\n1   + use core::cmp::PartialOrd;\n    |\n\nerror[E0405]: cannot find trait `PartialOrd` in this scope\n   --> /Users/graysonnocera/.cargo/registry/src/index.crates.io-6f17d22bba15001f/triomphe-0.1.14/src/thin_arc.rs:265:9\n    |\n265 | impl<H: PartialOrd, T: PartialOrd> PartialOrd for ThinArc<H, T> {\n    |         ^^^^^^^^^^ not found in this scope\n    |\nhelp: consider importing this trait\n    |\n1   + use core::cmp::PartialOrd;\n    |\n\nerror[E0405]: cannot find trait `PartialOrd` in this scope\n   --> /Users/graysonnocera/.cargo/registry/src/index.crates.io-6f17d22bba15001f/triomphe-0.1.14/src/thin_arc.rs:265:24\n    |\n265 | impl<H: PartialOrd, T: PartialOrd> PartialOrd for ThinArc<H, T> {\n    |                        ^^^^^^^^^^ not found in this scope\n    |\nhelp: consider importing this trait\n    |\n1   + use core::cmp::PartialOrd;\n    |\n\nerror[E0412]: cannot find type `Option` in this scope\n   --> /Users/graysonnocera/.cargo/registry/src/index.crates.io-6f17d22bba15001f/triomphe-0.1.14/src/thin_arc.rs:267:53\n    |\n267 |     fn partial_cmp(&self, other: &ThinArc<H, T>) -> Option<Ordering> {\n    |                                                     ^^^^^^ not found in this scope\n\nerror[E0405]: cannot find trait `Ord` in this scope\n   --> /Users/graysonnocera/.cargo/registry/src/index.crates.io-6f17d22bba15001f/triomphe-0.1.14/src/thin_arc.rs:272:22\n    |\n272 | impl<H: Ord, T: Ord> Ord for ThinArc<H, T> {\n    |                      ^^^ not found in this scope\n    |\nhelp: consider importing this trait\n    |\n1   + use core::cmp::Ord;\n    |\n\nerror[E0405]: cannot find trait `Ord` in this scope\n   --> /Users/graysonnocera/.cargo/registry/src/index.crates.io-6f17d22bba15001f/triomphe-0.1.14/src/thin_arc.rs:272:9\n    |\n272 | impl<H: Ord, T: Ord> Ord for ThinArc<H, T> {\n    |         ^^^ not found in this scope\n    |\nhelp: consider importing this trait\n    |\n1   + use core::cmp::Ord;\n    |\n\nerror[E0405]: cannot find trait `Ord` in this scope\n   --> /Users/graysonnocera/.cargo/registry/src/index.crates.io-6f17d22bba15001f/triomphe-0.1.14/src/thin_arc.rs:272:17\n    |\n272 | impl<H: Ord, T: Ord> Ord for ThinArc<H, T> {\n    |                 ^^^ not found in this scope\n    |\nhelp: consider importing this trait\n    |\n1   + use core::cmp::Ord;\n    |\n\nerror[E0405]: cannot find trait `Sized` in this scope\n  --> /Users/graysonnocera/.cargo/registry/src/index.crates.io-6f17d22bba15001f/triomphe-0.1.14/src/unique_arc.rs:40:26\n   |\n40 | pub struct UniqueArc<T: ?Sized>(Arc<T>);\n   |                          ^^^^^ not found in this scope\n   |\nhelp: consider importing this trait\n   |\n1  + use core::marker::Sized;\n   |\n\nerror[E0405]: cannot find trait `Send` in this scope\n  --> /Users/graysonnocera/.cargo/registry/src/index.crates.io-6f17d22bba15001f/triomphe-0.1.14/src/unique_arc.rs:44:31\n   |\n44 | unsafe impl<T: ?Sized + Send> Send for UniqueArc<T> {}\n   |                               ^^^^ not found in this scope\n   |\nhelp: consider importing this trait\n   |\n1  + use core::marker::Send;\n   |\n\nerror[E0405]: cannot find trait `Sized` in this scope\n  --> /Users/graysonnocera/.cargo/registry/src/index.crates.io-6f17d22bba15001f/triomphe-0.1.14/src/unique_arc.rs:44:17\n   |\n44 | unsafe impl<T: ?Sized + Send> Send for UniqueArc<T> {}\n   |                 ^^^^^ not found in this scope\n   |\nhelp: consider importing this trait\n   |\n1  + use core::marker::Sized;\n   |\n\nerror[E0405]: cannot find trait `Send` in this scope\n  --> /Users/graysonnocera/.cargo/registry/src/index.crates.io-6f17d22bba15001f/triomphe-0.1.14/src/unique_arc.rs:44:25\n   |\n44 | unsafe impl<T: ?Sized + Send> Send for UniqueArc<T> {}\n   |                         ^^^^ not found in this scope\n   |\nhelp: consider importing this trait\n   |\n1  + use core::marker::Send;\n   |\n\nerror[E0405]: cannot find trait `Sync` in this scope\n  --> /Users/graysonnocera/.cargo/registry/src/index.crates.io-6f17d22bba15001f/triomphe-0.1.14/src/unique_arc.rs:45:31\n   |\n45 | unsafe impl<T: ?Sized + Sync> Sync for UniqueArc<T> {}\n   |                               ^^^^ not found in this scope\n   |\nhelp: consider importing this trait\n   |\n1  + use core::marker::Sync;\n   |\n\nerror[E0405]: cannot find trait `Sized` in this scope\n  --> /Users/graysonnocera/.cargo/registry/src/index.crates.io-6f17d22bba15001f/triomphe-0.1.14/src/unique_arc.rs:45:17\n   |\n45 | unsafe impl<T: ?Sized + Sync> Sync for UniqueArc<T> {}\n   |                 ^^^^^ not found in this scope\n   |\nhelp: consider importing this trait\n   |\n1  + use core::marker::Sized;\n   |\n\nerror[E0405]: cannot find trait `Sync` in this scope\n  --> /Users/graysonnocera/.cargo/registry/src/index.crates.io-6f17d22bba15001f/triomphe-0.1.14/src/unique_arc.rs:45:25\n   |\n45 | unsafe impl<T: ?Sized + Sync> Sync for UniqueArc<T> {}\n   |                         ^^^^ not found in this scope\n   |\nhelp: consider importing this trait\n   |\n1  + use core::marker::Sync;\n   |\n\nerror[E0405]: cannot find trait `Sized` in this scope\n  --> /Users/graysonnocera/.cargo/registry/src/index.crates.io-6f17d22bba15001f/triomphe-0.1.14/src/unique_arc.rs:88:10\n   |\n88 | impl<T: ?Sized> UniqueArc<T> {\n   |          ^^^^^ not found in this scope\n   |\nhelp: consider importing this trait\n   |\n1  + use core::marker::Sized;\n   |\n\nerror[E0405]: cannot find trait `Sized` in this scope\n   --> /Users/graysonnocera/.cargo/registry/src/index.crates.io-6f17d22bba15001f/triomphe-0.1.14/src/unique_arc.rs:214:10\n    |\n214 | impl<T: ?Sized> TryFrom<Arc<T>> for UniqueArc<T> {\n    |          ^^^^^ not found in this scope\n    |\nhelp: consider importing this trait\n    |\n1   + use core::marker::Sized;\n    |\n\nerror[E0412]: cannot find type `Result` in this scope\n   --> /Users/graysonnocera/.cargo/registry/src/index.crates.io-6f17d22bba15001f/triomphe-0.1.14/src/unique_arc.rs:217:33\n    |\n217 |     fn try_from(arc: Arc<T>) -> Result<Self, Self::Error> {\n    |                                 ^^^^^^ not found in this scope\n\nerror[E0405]: cannot find trait `Sized` in this scope\n   --> /Users/graysonnocera/.cargo/registry/src/index.crates.io-6f17d22bba15001f/triomphe-0.1.14/src/unique_arc.rs:222:10\n    |\n222 | impl<T: ?Sized> Deref for UniqueArc<T> {\n    |          ^^^^^ not found in this scope\n    |\nhelp: consider importing this trait\n    |\n1   + use core::marker::Sized;\n    |\n\nerror[E0405]: cannot find trait `Sized` in this scope\n   --> /Users/graysonnocera/.cargo/registry/src/index.crates.io-6f17d22bba15001f/triomphe-0.1.14/src/unique_arc.rs:231:10\n    |\n231 | impl<T: ?Sized> DerefMut for UniqueArc<T> {\n    |          ^^^^^ not found in this scope\n    |\nhelp: consider importing this trait\n    |\n1   + use core::marker::Sized;\n    |\n\nerror[E0405]: cannot find trait `IntoIterator` in this scope\n   --> /Users/graysonnocera/.cargo/registry/src/index.crates.io-6f17d22bba15001f/triomphe-0.1.14/src/unique_arc.rs:240:21\n    |\n240 |     fn from_iter<T: IntoIterator<Item = A>>(iter: T) -> Self {\n    |                     ^^^^^^^^^^^^\n    |\n   ::: /Users/graysonnocera/.rustup/toolchains/stable-aarch64-apple-darwin/lib/rustlib/src/rust/library/core/src/iter/traits/collect.rs:134:1\n    |\n134 | pub trait FromIterator<A>: Sized {\n    | -------------------------------- similarly named trait `FromIterator` defined here\n    |\nhelp: a trait with a similar name exists\n    |\n240 |     fn from_iter<T: FromIterator<Item = A>>(iter: T) -> Self {\n    |                     ~~~~~~~~~~~~\nhelp: consider importing this trait\n    |\n1   + use core::iter::IntoIterator;\n    |\n\nerror[E0425]: cannot find function, tuple struct or tuple variant `Some` in this scope\n   --> /Users/graysonnocera/.cargo/registry/src/index.crates.io-6f17d22bba15001f/triomphe-0.1.14/src/unique_arc.rs:243:32\n    |\n243 |         let arc: Arc<[A]> = if Some(lower) == upper {\n    |                                ^^^^ not found in this scope\n\nerror[E0277]: the size for values of type `[T]` cannot be known at compilation time\n   --> /Users/graysonnocera/.cargo/registry/src/index.crates.io-6f17d22bba15001f/triomphe-0.1.14/src/arc.rs:152:9\n    |\n152 | impl<T> Arc<[T]> {\n    |         ^^^^^^^^ doesn't have a size known at compile-time\n    |\n    = help: the trait `Sized` is not implemented for `[T]`\nnote: required by an implicit `Sized` bound in `arc::Arc`\n   --> /Users/graysonnocera/.cargo/registry/src/index.crates.io-6f17d22bba15001f/triomphe-0.1.14/src/arc.rs:69:16\n    |\n69  | pub struct Arc<T: ?Sized> {\n    |                ^ required by the implicit `Sized` requirement on this type parameter in `Arc`\nhelp: consider relaxing the implicit `Sized` restriction\n    |\n69  | pub struct Arc<T: ?Sized + ?Sized> {\n    |                          ++++++++\n\nerror[E0277]: the size for values of type `[T]` cannot be known at compilation time\n   --> /Users/graysonnocera/.cargo/registry/src/index.crates.io-6f17d22bba15001f/triomphe-0.1.14/src/arc.rs:361:16\n    |\n361 | impl<H, T> Arc<HeaderSlice<H, [T]>> {\n    |                ^^^^^^^^^^^^^^^^^^^ doesn't have a size known at compile-time\n    |\n    = help: the trait `Sized` is not implemented for `[T]`\nnote: required by an implicit `Sized` bound in `header::HeaderSlice`\n   --> /Users/graysonnocera/.cargo/registry/src/index.crates.io-6f17d22bba15001f/triomphe-0.1.14/src/header.rs:18:27\n    |\n18  | pub struct HeaderSlice<H, T: ?Sized> {\n    |                           ^ required by the implicit `Sized` requirement on this type parameter in `HeaderSlice`\nhelp: you could relax the implicit `Sized` bound on `T` if it were used through indirection like `&T` or `Box<T>`\n   --> /Users/graysonnocera/.cargo/registry/src/index.crates.io-6f17d22bba15001f/triomphe-0.1.14/src/header.rs:18:27\n    |\n18  | pub struct HeaderSlice<H, T: ?Sized> {\n    |                           ^ this could be changed to `T: ?Sized`...\n...\n23  |     pub slice: T,\n    |                - ...if indirection were used here: `Box<T>`\n\nerror[E0277]: the size for values of type `[MaybeUninit<T>]` cannot be known at compilation time\n   --> /Users/graysonnocera/.cargo/registry/src/index.crates.io-6f17d22bba15001f/triomphe-0.1.14/src/arc.rs:423:9\n    |\n423 | impl<T> Arc<[MaybeUninit<T>]> {\n    |         ^^^^^^^^^^^^^^^^^^^^^ doesn't have a size known at compile-time\n    |\n    = help: the trait `Sized` is not implemented for `[MaybeUninit<T>]`\nnote: required by an implicit `Sized` bound in `arc::Arc`\n   --> /Users/graysonnocera/.cargo/registry/src/index.crates.io-6f17d22bba15001f/triomphe-0.1.14/src/arc.rs:69:16\n    |\n69  | pub struct Arc<T: ?Sized> {\n    |                ^ required by the implicit `Sized` requirement on this type parameter in `Arc`\nhelp: consider relaxing the implicit `Sized` restriction\n    |\n69  | pub struct Arc<T: ?Sized + ?Sized> {\n    |                          ++++++++\n\nerror[E0277]: the size for values of type `[A]` cannot be known at compilation time\n   --> /Users/graysonnocera/.cargo/registry/src/index.crates.io-6f17d22bba15001f/triomphe-0.1.14/src/arc.rs:746:29\n    |\n746 | impl<A> FromIterator<A> for Arc<[A]> {\n    |                             ^^^^^^^^ doesn't have a size known at compile-time\n    |\n    = help: the trait `Sized` is not implemented for `[A]`\nnote: required by an implicit `Sized` bound in `arc::Arc`\n   --> /Users/graysonnocera/.cargo/registry/src/index.crates.io-6f17d22bba15001f/triomphe-0.1.14/src/arc.rs:69:16\n    |\n69  | pub struct Arc<T: ?Sized> {\n    |                ^ required by the implicit `Sized` requirement on this type parameter in `Arc`\nhelp: consider relaxing the implicit `Sized` restriction\n    |\n69  | pub struct Arc<T: ?Sized + ?Sized> {\n    |                          ++++++++\n\nerror[E0277]: the trait bound `arc::Arc<T>: Clone` is not satisfied\n   --> /Users/graysonnocera/.cargo/registry/src/index.crates.io-6f17d22bba15001f/triomphe-0.1.14/src/arc.rs:769:45\n    |\n769 | unsafe impl<T: ?Sized> CloneStableDeref for Arc<T> {}\n    |                                             ^^^^^^ the trait `Clone` is not implemented for `arc::Arc<T>`\n    |\nnote: required by a bound in `CloneStableDeref`\n   --> /Users/graysonnocera/.cargo/registry/src/index.crates.io-6f17d22bba15001f/stable_deref_trait-1.2.0/src/lib.rs:129:50\n    |\n129 | pub unsafe trait CloneStableDeref: StableDeref + Clone {}\n    |                                                  ^^^^^ required by this bound in `CloneStableDeref`\nhelp: consider annotating `arc::Arc<T>` with `#[derive(Clone)]`\n    |\n69  + #[derive(Clone)]\n70  | pub struct Arc<T: ?Sized> {\n    |\n\nerror[E0277]: the size for values of type `[T]` cannot be known at compilation time\n  --> /Users/graysonnocera/.cargo/registry/src/index.crates.io-6f17d22bba15001f/triomphe-0.1.14/src/header.rs:26:16\n   |\n26 | impl<H, T> Arc<HeaderSlice<H, [T]>> {\n   |                ^^^^^^^^^^^^^^^^^^^ doesn't have a size known at compile-time\n   |\n   = help: the trait `Sized` is not implemented for `[T]`\nnote: required by an implicit `Sized` bound in `header::HeaderSlice`\n  --> /Users/graysonnocera/.cargo/registry/src/index.crates.io-6f17d22bba15001f/triomphe-0.1.14/src/header.rs:18:27\n   |\n18 | pub struct HeaderSlice<H, T: ?Sized> {\n   |                           ^ required by the implicit `Sized` requirement on this type parameter in `HeaderSlice`\nhelp: you could relax the implicit `Sized` bound on `T` if it were used through indirection like `&T` or `Box<T>`\n  --> /Users/graysonnocera/.cargo/registry/src/index.crates.io-6f17d22bba15001f/triomphe-0.1.14/src/header.rs:18:27\n   |\n18 | pub struct HeaderSlice<H, T: ?Sized> {\n   |                           ^ this could be changed to `T: ?Sized`...\n...\n23 |     pub slice: T,\n   |                - ...if indirection were used here: `Box<T>`\n\nerror[E0277]: the size for values of type `str` cannot be known at compilation time\n   --> /Users/graysonnocera/.cargo/registry/src/index.crates.io-6f17d22bba15001f/triomphe-0.1.14/src/header.rs:135:13\n    |\n135 | impl<H> Arc<HeaderSlice<H, str>> {\n    |             ^^^^^^^^^^^^^^^^^^^ doesn't have a size known at compile-time\n    |\n    = help: the trait `Sized` is not implemented for `str`\nnote: required by an implicit `Sized` bound in `header::HeaderSlice`\n   --> /Users/graysonnocera/.cargo/registry/src/index.crates.io-6f17d22bba15001f/triomphe-0.1.14/src/header.rs:18:27\n    |\n18  | pub struct HeaderSlice<H, T: ?Sized> {\n    |                           ^ required by the implicit `Sized` requirement on this type parameter in `HeaderSlice`\nhelp: you could relax the implicit `Sized` bound on `T` if it were used through indirection like `&T` or `Box<T>`\n   --> /Users/graysonnocera/.cargo/registry/src/index.crates.io-6f17d22bba15001f/triomphe-0.1.14/src/header.rs:18:27\n    |\n18  | pub struct HeaderSlice<H, T: ?Sized> {\n    |                           ^ this could be changed to `T: ?Sized`...\n...\n23  |     pub slice: T,\n    |                - ...if indirection were used here: `Box<T>`\n\nerror[E0277]: the size for values of type `[T]` cannot be known at compilation time\n  --> /Users/graysonnocera/.cargo/registry/src/index.crates.io-6f17d22bba15001f/triomphe-0.1.14/src/thin_arc.rs:44:20\n   |\n44 | ) -> *mut ArcInner<HeaderSliceWithLength<H, [T]>> {\n   |                    ^^^^^^^^^^^^^^^^^^^^^^^^^^^^^ doesn't have a size known at compile-time\n   |\n   = help: the trait `Sized` is not implemented for `[T]`\nnote: required by an implicit `Sized` bound in `header::HeaderSlice`\n  --> /Users/graysonnocera/.cargo/registry/src/index.crates.io-6f17d22bba15001f/triomphe-0.1.14/src/header.rs:18:27\n   |\n18 | pub struct HeaderSlice<H, T: ?Sized> {\n   |                           ^ required by the implicit `Sized` requirement on this type parameter in `HeaderSlice`\nhelp: you could relax the implicit `Sized` bound on `T` if it were used through indirection like `&T` or `Box<T>`\n  --> /Users/graysonnocera/.cargo/registry/src/index.crates.io-6f17d22bba15001f/triomphe-0.1.14/src/header.rs:18:27\n   |\n18 | pub struct HeaderSlice<H, T: ?Sized> {\n   |                           ^ this could be changed to `T: ?Sized`...\n...\n23 |     pub slice: T,\n   |                - ...if indirection were used here: `Box<T>`\n\nerror[E0277]: the size for values of type `[T]` cannot be known at compilation time\n   --> /Users/graysonnocera/.cargo/registry/src/index.crates.io-6f17d22bba15001f/triomphe-0.1.14/src/thin_arc.rs:203:16\n    |\n203 | impl<H, T> Arc<HeaderSliceWithLength<H, [T]>> {\n    |                ^^^^^^^^^^^^^^^^^^^^^^^^^^^^^ doesn't have a size known at compile-time\n    |\n    = help: the trait `Sized` is not implemented for `[T]`\nnote: required by an implicit `Sized` bound in `header::HeaderSlice`\n   --> /Users/graysonnocera/.cargo/registry/src/index.crates.io-6f17d22bba15001f/triomphe-0.1.14/src/header.rs:18:27\n    |\n18  | pub struct HeaderSlice<H, T: ?Sized> {\n    |                           ^ required by the implicit `Sized` requirement on this type parameter in `HeaderSlice`\nhelp: you could relax the implicit `Sized` bound on `T` if it were used through indirection like `&T` or `Box<T>`\n   --> /Users/graysonnocera/.cargo/registry/src/index.crates.io-6f17d22bba15001f/triomphe-0.1.14/src/header.rs:18:27\n    |\n18  | pub struct HeaderSlice<H, T: ?Sized> {\n    |                           ^ this could be changed to `T: ?Sized`...\n...\n23  |     pub slice: T,\n    |                - ...if indirection were used here: `Box<T>`\n\nerror[E0277]: the size for values of type `[MaybeUninit<T>]` cannot be known at compilation time\n   --> /Users/graysonnocera/.cargo/registry/src/index.crates.io-6f17d22bba15001f/triomphe-0.1.14/src/unique_arc.rs:160:9\n    |\n160 | impl<T> UniqueArc<[MaybeUninit<T>]> {\n    |         ^^^^^^^^^^^^^^^^^^^^^^^^^^^ doesn't have a size known at compile-time\n    |\n    = help: the trait `Sized` is not implemented for `[MaybeUninit<T>]`\nnote: required by an implicit `Sized` bound in `unique_arc::UniqueArc`\n   --> /Users/graysonnocera/.cargo/registry/src/index.crates.io-6f17d22bba15001f/triomphe-0.1.14/src/unique_arc.rs:40:22\n    |\n40  | pub struct UniqueArc<T: ?Sized>(Arc<T>);\n    |                      ^ required by the implicit `Sized` requirement on this type parameter in `UniqueArc`\nhelp: consider relaxing the implicit `Sized` restriction\n    |\n40  | pub struct UniqueArc<T: ?Sized + ?Sized>(Arc<T>);\n    |                                ++++++++\n\nerror[E0277]: the size for values of type `[MaybeUninit<T>]` cannot be known at compilation time\n   --> /Users/graysonnocera/.cargo/registry/src/index.crates.io-6f17d22bba15001f/triomphe-0.1.14/src/unique_arc.rs:182:22\n    |\n182 | impl<H, T> UniqueArc<HeaderSlice<H, [MaybeUninit<T>]>> {\n    |                      ^^^^^^^^^^^^^^^^^^^^^^^^^^^^^^^^ doesn't have a size known at compile-time\n    |\n    = help: the trait `Sized` is not implemented for `[MaybeUninit<T>]`\nnote: required by an implicit `Sized` bound in `header::HeaderSlice`\n   --> /Users/graysonnocera/.cargo/registry/src/index.crates.io-6f17d22bba15001f/triomphe-0.1.14/src/header.rs:18:27\n    |\n18  | pub struct HeaderSlice<H, T: ?Sized> {\n    |                           ^ required by the implicit `Sized` requirement on this type parameter in `HeaderSlice`\nhelp: you could relax the implicit `Sized` bound on `T` if it were used through indirection like `&T` or `Box<T>`\n   --> /Users/graysonnocera/.cargo/registry/src/index.crates.io-6f17d22bba15001f/triomphe-0.1.14/src/header.rs:18:27\n    |\n18  | pub struct HeaderSlice<H, T: ?Sized> {\n    |                           ^ this could be changed to `T: ?Sized`...\n...\n23  |     pub slice: T,\n    |                - ...if indirection were used here: `Box<T>`\n\nerror[E0277]: the size for values of type `[A]` cannot be known at compilation time\n   --> /Users/graysonnocera/.cargo/registry/src/index.crates.io-6f17d22bba15001f/triomphe-0.1.14/src/unique_arc.rs:239:29\n    |\n239 | impl<A> FromIterator<A> for UniqueArc<[A]> {\n    |                             ^^^^^^^^^^^^^^ doesn't have a size known at compile-time\n    |\n    = help: the trait `Sized` is not implemented for `[A]`\nnote: required by an implicit `Sized` bound in `unique_arc::UniqueArc`\n   --> /Users/graysonnocera/.cargo/registry/src/index.crates.io-6f17d22bba15001f/triomphe-0.1.14/src/unique_arc.rs:40:22\n    |\n40  | pub struct UniqueArc<T: ?Sized>(Arc<T>);\n    |                      ^ required by the implicit `Sized` requirement on this type parameter in `UniqueArc`\nhelp: consider relaxing the implicit `Sized` restriction\n    |\n40  | pub struct UniqueArc<T: ?Sized + ?Sized>(Arc<T>);\n    |                                ++++++++\n\nSome errors have detailed explanations: E0277, E0405, E0412, E0425, E0432, E0433, E0463, E0531.\nFor more information about an error, try `rustc --explain E0277`.\nerror: could not compile `triomphe` (lib) due to 224 previous errors\nerror[E0412]: cannot find type `Option` in this scope\n  --> /Users/graysonnocera/.cargo/registry/src/index.crates.io-6f17d22bba15001f/once_cell-1.20.2/src/imp_std.rs:24:23\n   |\n24 |     value: UnsafeCell<Option<T>>,\n   |                       ^^^^^^ not found in this scope\n   |\nhelp: consider importing this enum\n   |\n6  + use core::option::Option;\n   |\n\nerror[E0405]: cannot find trait `Sync` in this scope\n  --> /Users/graysonnocera/.cargo/registry/src/index.crates.io-6f17d22bba15001f/once_cell-1.20.2/src/imp_std.rs:32:29\n   |\n32 | unsafe impl<T: Sync + Send> Sync for OnceCell<T> {}\n   |                             ^^^^ not found in this scope\n   |\nhelp: consider importing this trait\n   |\n6  + use core::marker::Sync;\n   |\n\nerror[E0405]: cannot find trait `Sync` in this scope\n  --> /Users/graysonnocera/.cargo/registry/src/index.crates.io-6f17d22bba15001f/once_cell-1.20.2/src/imp_std.rs:32:16\n   |\n32 | unsafe impl<T: Sync + Send> Sync for OnceCell<T> {}\n   |                ^^^^ not found in this scope\n   |\nhelp: consider importing this trait\n   |\n6  + use core::marker::Sync;\n   |\n\nerror[E0405]: cannot find trait `Send` in this scope\n  --> /Users/graysonnocera/.cargo/registry/src/index.crates.io-6f17d22bba15001f/once_cell-1.20.2/src/imp_std.rs:32:23\n   |\n32 | unsafe impl<T: Sync + Send> Sync for OnceCell<T> {}\n   |                       ^^^^ not found in this scope\n   |\nhelp: consider importing this trait\n   |\n6  + use core::marker::Send;\n   |\n\nerror[E0405]: cannot find trait `Send` in this scope\n  --> /Users/graysonnocera/.cargo/registry/src/index.crates.io-6f17d22bba15001f/once_cell-1.20.2/src/imp_std.rs:33:22\n   |\n33 | unsafe impl<T: Send> Send for OnceCell<T> {}\n   |                      ^^^^ not found in this scope\n   |\nhelp: consider importing this trait\n   |\n6  + use core::marker::Send;\n   |\n\nerror[E0405]: cannot find trait `Send` in this scope\n  --> /Users/graysonnocera/.cargo/registry/src/index.crates.io-6f17d22bba15001f/once_cell-1.20.2/src/imp_std.rs:33:16\n   |\n33 | unsafe impl<T: Send> Send for OnceCell<T> {}\n   |                ^^^^ not found in this scope\n   |\nhelp: consider importing this trait\n   |\n6  + use core::marker::Send;\n   |\n\nerror[E0425]: cannot find value `None` in this scope\n  --> /Users/graysonnocera/.cargo/registry/src/index.crates.io-6f17d22bba15001f/once_cell-1.20.2/src/imp_std.rs:40:82\n   |\n40 |         OnceCell { queue: AtomicPtr::new(INCOMPLETE_PTR), value: UnsafeCell::new(None) }\n   |                                                                                  ^^^^ not found in this scope\n   |\nhelp: consider importing this unit variant\n   |\n6  + use core::option::Option::None;\n   |\n\nerror[E0425]: cannot find function, tuple struct or tuple variant `Some` in this scope\n  --> /Users/graysonnocera/.cargo/registry/src/index.crates.io-6f17d22bba15001f/once_cell-1.20.2/src/imp_std.rs:44:80\n   |\n44 |         OnceCell { queue: AtomicPtr::new(COMPLETE_PTR), value: UnsafeCell::new(Some(value)) }\n   |                                                                                ^^^^ not found in this scope\n   |\nhelp: consider importing this tuple variant\n   |\n6  + use core::option::Option::Some;\n   |\n\nerror[E0405]: cannot find trait `FnOnce` in this scope\n  --> /Users/graysonnocera/.cargo/registry/src/index.crates.io-6f17d22bba15001f/once_cell-1.20.2/src/imp_std.rs:63:12\n   |\n63 |         F: FnOnce() -> Result<T, E>,\n   |            ^^^^^^ not found in this scope\n   |\nhelp: consider importing this trait\n   |\n6  + use core::ops::FnOnce;\n   |\n\nerror[E0412]: cannot find type `Result` in this scope\n  --> /Users/graysonnocera/.cargo/registry/src/index.crates.io-6f17d22bba15001f/once_cell-1.20.2/src/imp_std.rs:63:24\n   |\n63 |         F: FnOnce() -> Result<T, E>,\n   |                        ^^^^^^ not found in this scope\n   |\nhelp: consider importing one of these items\n   |\n6  + use core::fmt::Result;\n   |\n6  + use core::result::Result;\n   |\n6  + use alloc::fmt::Result;\n   |\n\nerror[E0412]: cannot find type `Result` in this scope\n  --> /Users/graysonnocera/.cargo/registry/src/index.crates.io-6f17d22bba15001f/once_cell-1.20.2/src/imp_std.rs:61:52\n   |\n61 |     pub(crate) fn initialize<F, E>(&self, f: F) -> Result<(), E>\n   |                                                    ^^^^^^ not found in this scope\n   |\nhelp: consider importing one of these items\n   |\n6  + use core::fmt::Result;\n   |\n6  + use core::result::Result;\n   |\n6  + use alloc::fmt::Result;\n   |\n\nerror[E0425]: cannot find function, tuple struct or tuple variant `Some` in this scope\n  --> /Users/graysonnocera/.cargo/registry/src/index.crates.io-6f17d22bba15001f/once_cell-1.20.2/src/imp_std.rs:65:21\n   |\n65 |         let mut f = Some(f);\n   |                     ^^^^ not found in this scope\n   |\nhelp: consider importing this tuple variant\n   |\n6  + use core::option::Option::Some;\n   |\n\nerror[E0412]: cannot find type `Result` in this scope\n  --> /Users/graysonnocera/.cargo/registry/src/index.crates.io-6f17d22bba15001f/once_cell-1.20.2/src/imp_std.rs:66:22\n   |\n66 |         let mut res: Result<(), E> = Ok(());\n   |                      ^^^^^^ not found in this scope\n   |\nhelp: consider importing one of these items\n   |\n6  + use core::fmt::Result;\n   |\n6  + use core::result::Result;\n   |\n6  + use alloc::fmt::Result;\n   |\n\nerror[E0425]: cannot find function, tuple struct or tuple variant `Ok` in this scope\n  --> /Users/graysonnocera/.cargo/registry/src/index.crates.io-6f17d22bba15001f/once_cell-1.20.2/src/imp_std.rs:66:38\n   |\n66 |         let mut res: Result<(), E> = Ok(());\n   |                                      ^^ not found in this scope\n   |\nhelp: consider importing this tuple variant\n   |\n6  + use core::result::Result::Ok;\n   |\n\nerror[E0412]: cannot find type `Option` in this scope\n  --> /Users/graysonnocera/.cargo/registry/src/index.crates.io-6f17d22bba15001f/once_cell-1.20.2/src/imp_std.rs:67:24\n   |\n67 |         let slot: *mut Option<T> = self.value.get();\n   |                        ^^^^^^ not found in this scope\n   |\nhelp: consider importing this enum\n   |\n6  + use core::option::Option;\n   |\n\nerror[E0425]: cannot find function, tuple struct or tuple variant `Some` in this scope\n  --> /Users/graysonnocera/.cargo/registry/src/index.crates.io-6f17d22bba15001f/once_cell-1.20.2/src/imp_std.rs:70:13\n   |\n70 |             Some(&mut || {\n   |             ^^^^ not found in this scope\n   |\nhelp: consider importing this tuple variant\n   |\n6  + use core::option::Option::Some;\n   |\n\nerror[E0531]: cannot find tuple struct or tuple variant `Ok` in this scope\n  --> /Users/graysonnocera/.cargo/registry/src/index.crates.io-6f17d22bba15001f/once_cell-1.20.2/src/imp_std.rs:73:21\n   |\n73 |                     Ok(value) => {\n   |                     ^^ not found in this scope\n   |\nhelp: consider importing this tuple variant\n   |\n6  + use core::result::Result::Ok;\n   |\n\nerror[E0425]: cannot find function, tuple struct or tuple variant `Some` in this scope\n  --> /Users/graysonnocera/.cargo/registry/src/index.crates.io-6f17d22bba15001f/once_cell-1.20.2/src/imp_std.rs:74:42\n   |\n74 |                         unsafe { *slot = Some(value) };\n   |                                          ^^^^ not found in this scope\n   |\nhelp: consider importing this tuple variant\n   |\n6  + use core::option::Option::Some;\n   |\n\nerror[E0531]: cannot find tuple struct or tuple variant `Err` in this scope\n  --> /Users/graysonnocera/.cargo/registry/src/index.crates.io-6f17d22bba15001f/once_cell-1.20.2/src/imp_std.rs:77:21\n   |\n77 |                     Err(err) => {\n   |                     ^^^ not found in this scope\n   |\nhelp: consider importing this tuple variant\n   |\n6  + use core::result::Result::Err;\n   |\n\nerror[E0425]: cannot find function, tuple struct or tuple variant `Err` in this scope\n  --> /Users/graysonnocera/.cargo/registry/src/index.crates.io-6f17d22bba15001f/once_cell-1.20.2/src/imp_std.rs:78:31\n   |\n78 |                         res = Err(err);\n   |                               ^^^\n   |\nhelp: a local variable with a similar name exists\n   |\n78 |                         res = err(err);\n   |                               ~~~\nhelp: consider importing this tuple variant\n   |\n6  + use core::result::Result::Err;\n   |\n\nerror[E0425]: cannot find value `None` in this scope\n  --> /Users/graysonnocera/.cargo/registry/src/index.crates.io-6f17d22bba15001f/once_cell-1.20.2/src/imp_std.rs:89:41\n   |\n89 |         initialize_or_wait(&self.queue, None);\n   |                                         ^^^^ not found in this scope\n   |\nhelp: consider importing this unit variant\n   |\n6  + use core::option::Option::None;\n   |\n\nerror[E0412]: cannot find type `Option` in this scope\n   --> /Users/graysonnocera/.cargo/registry/src/index.crates.io-6f17d22bba15001f/once_cell-1.20.2/src/imp_std.rs:107:41\n    |\n107 |     pub(crate) fn get_mut(&mut self) -> Option<&mut T> {\n    |                                         ^^^^^^ not found in this scope\n    |\nhelp: consider importing this enum\n    |\n6   + use core::option::Option;\n    |\n\nerror[E0412]: cannot find type `Option` in this scope\n   --> /Users/graysonnocera/.cargo/registry/src/index.crates.io-6f17d22bba15001f/once_cell-1.20.2/src/imp_std.rs:115:39\n    |\n115 |     pub(crate) fn into_inner(self) -> Option<T> {\n    |                                       ^^^^^^ not found in this scope\n    |\nhelp: consider importing this enum\n    |\n6   + use core::option::Option;\n    |\n\nerror[E0412]: cannot find type `Option` in this scope\n   --> /Users/graysonnocera/.cargo/registry/src/index.crates.io-6f17d22bba15001f/once_cell-1.20.2/src/imp_std.rs:139:18\n    |\n139 |     thread: Cell<Option<Thread>>,\n    |                  ^^^^^^ not found in this scope\n    |\nhelp: consider importing this enum\n    |\n6   + use core::option::Option;\n    |\n\nerror[E0405]: cannot find trait `Drop` in this scope\n   --> /Users/graysonnocera/.cargo/registry/src/index.crates.io-6f17d22bba15001f/once_cell-1.20.2/src/imp_std.rs:150:6\n    |\n150 | impl Drop for Guard<'_> {\n    |      ^^^^ not found in this scope\n    |\nhelp: consider importing this trait\n    |\n6   + use core::ops::Drop;\n    |\n\nerror[E0412]: cannot find type `Option` in this scope\n   --> /Users/graysonnocera/.cargo/registry/src/index.crates.io-6f17d22bba15001f/once_cell-1.20.2/src/imp_std.rs:177:60\n    |\n177 | fn initialize_or_wait(queue: &AtomicPtr<Waiter>, mut init: Option<&mut dyn FnMut() -> bool>) {\n    |                                                            ^^^^^^ not found in this scope\n    |\nhelp: consider importing this enum\n    |\n6   + use core::option::Option;\n    |\n\nerror[E0405]: cannot find trait `FnMut` in this scope\n   --> /Users/graysonnocera/.cargo/registry/src/index.crates.io-6f17d22bba15001f/once_cell-1.20.2/src/imp_std.rs:177:76\n    |\n177 | fn initialize_or_wait(queue: &AtomicPtr<Waiter>, mut init: Option<&mut dyn FnMut() -> bool>) {\n    |                                                                            ^^^^^ not found in this scope\n    |\nhelp: consider importing this trait\n    |\n6   + use core::ops::FnMut;\n    |\n\nerror[E0531]: cannot find tuple struct or tuple variant `Some` in this scope\n   --> /Users/graysonnocera/.cargo/registry/src/index.crates.io-6f17d22bba15001f/once_cell-1.20.2/src/imp_std.rs:184:26\n    |\n184 |             (INCOMPLETE, Some(init)) => {\n    |                          ^^^^ not found in this scope\n    |\nhelp: consider importing this tuple variant\n    |\n6   + use core::option::Option::Some;\n    |\n\nerror[E0531]: cannot find tuple struct or tuple variant `Err` in this scope\n   --> /Users/graysonnocera/.cargo/registry/src/index.crates.io-6f17d22bba15001f/once_cell-1.20.2/src/imp_std.rs:191:24\n    |\n191 |                 if let Err(new_queue) = exchange {\n    |                        ^^^ not found in this scope\n    |\nhelp: consider importing this tuple variant\n    |\n6   + use core::result::Result::Err;\n    |\n\nerror[E0425]: cannot find function, tuple struct or tuple variant `Some` in this scope\n   --> /Users/graysonnocera/.cargo/registry/src/index.crates.io-6f17d22bba15001f/once_cell-1.20.2/src/imp_std.rs:214:31\n    |\n214 |             thread: Cell::new(Some(thread::current())),\n    |                               ^^^^ not found in this scope\n    |\nhelp: consider importing this tuple variant\n    |\n6   + use core::option::Option::Some;\n    |\n\nerror[E0531]: cannot find tuple struct or tuple variant `Err` in this scope\n   --> /Users/graysonnocera/.cargo/registry/src/index.crates.io-6f17d22bba15001f/once_cell-1.20.2/src/imp_std.rs:226:16\n    |\n226 |         if let Err(new_queue) = exchange {\n    |                ^^^ not found in this scope\n    |\nhelp: consider importing this tuple variant\n    |\n6   + use core::result::Result::Err;\n    |\n\nerror[E0405]: cannot find trait `Sized` in this scope\n   --> /Users/graysonnocera/.cargo/registry/src/index.crates.io-6f17d22bba15001f/once_cell-1.20.2/src/imp_std.rs:250:12\n    |\n250 |         T: Sized,\n    |            ^^^^^ not found in this scope\n    |\nhelp: consider importing this trait\n    |\n246 +     use core::marker::Sized;\n    |\n\nerror[E0405]: cannot find trait `Sized` in this scope\n   --> /Users/graysonnocera/.cargo/registry/src/index.crates.io-6f17d22bba15001f/once_cell-1.20.2/src/imp_std.rs:262:12\n    |\n262 |         T: Sized,\n    |            ^^^^^ not found in this scope\n    |\nhelp: consider importing this trait\n    |\n246 +     use core::marker::Sized;\n    |\n\nerror[E0405]: cannot find trait `Sized` in this scope\n   --> /Users/graysonnocera/.cargo/registry/src/index.crates.io-6f17d22bba15001f/once_cell-1.20.2/src/imp_std.rs:283:12\n    |\n283 |         T: Sized,\n    |            ^^^^^ not found in this scope\n    |\nhelp: consider importing this trait\n    |\n246 +     use core::marker::Sized;\n    |\n\nerror[E0405]: cannot find trait `FnOnce` in this scope\n   --> /Users/graysonnocera/.cargo/registry/src/index.crates.io-6f17d22bba15001f/once_cell-1.20.2/src/imp_std.rs:281:52\n    |\n281 |     pub(crate) fn map_addr<T>(ptr: *mut T, f: impl FnOnce(usize) -> usize) -> *mut T\n    |                                                    ^^^^^^ not found in this scope\n    |\nhelp: consider importing this trait\n    |\n246 +     use core::ops::FnOnce;\n    |\n\nerror[E0412]: cannot find type `Option` in this scope\n   --> /Users/graysonnocera/.cargo/registry/src/index.crates.io-6f17d22bba15001f/once_cell-1.20.2/src/lib.rs:413:27\n    |\n413 |         inner: UnsafeCell<Option<T>>,\n    |                           ^^^^^^ not found in this scope\n    |\nhelp: consider importing this enum\n    |\n384 +     use core::option::Option;\n    |\n\nerror[E0405]: cannot find trait `Default` in this scope\n   --> /Users/graysonnocera/.cargo/registry/src/index.crates.io-6f17d22bba15001f/once_cell-1.20.2/src/lib.rs:423:13\n    |\n423 |     impl<T> Default for OnceCell<T> {\n    |             ^^^^^^^ not found in this scope\n    |\nhelp: consider importing this trait\n    |\n384 +     use core::default::Default;\n    |\n\nerror[E0531]: cannot find tuple struct or tuple variant `Some` in this scope\n   --> /Users/graysonnocera/.cargo/registry/src/index.crates.io-6f17d22bba15001f/once_cell-1.20.2/src/lib.rs:432:17\n    |\n432 |                 Some(v) => f.debug_tuple(\"OnceCell\").field(v).finish(),\n    |                 ^^^^ not found in this scope\n    |\nhelp: consider importing this tuple variant\n    |\n384 +     use core::option::Option::Some;\n    |\n\nerror[E0405]: cannot find trait `Clone` in this scope\n   --> /Users/graysonnocera/.cargo/registry/src/index.crates.io-6f17d22bba15001f/once_cell-1.20.2/src/lib.rs:438:20\n    |\n438 |     impl<T: Clone> Clone for OnceCell<T> {\n    |                    ^^^^^ not found in this scope\n    |\nhelp: consider importing this trait\n    |\n384 +     use core::clone::Clone;\n    |\n\nerror[E0405]: cannot find trait `Clone` in this scope\n   --> /Users/graysonnocera/.cargo/registry/src/index.crates.io-6f17d22bba15001f/once_cell-1.20.2/src/lib.rs:438:13\n    |\n438 |     impl<T: Clone> Clone for OnceCell<T> {\n    |             ^^^^^ not found in this scope\n    |\nhelp: consider importing this trait\n    |\n384 +     use core::clone::Clone;\n    |\n\nerror[E0531]: cannot find tuple struct or tuple variant `Some` in this scope\n   --> /Users/graysonnocera/.cargo/registry/src/index.crates.io-6f17d22bba15001f/once_cell-1.20.2/src/lib.rs:441:17\n    |\n441 |                 Some(value) => OnceCell::with_value(value.clone()),\n    |                 ^^^^ not found in this scope\n    |\nhelp: consider importing this tuple variant\n    |\n384 +     use core::option::Option::Some;\n    |\n\nerror[E0531]: cannot find tuple struct or tuple variant `Some` in this scope\n   --> /Users/graysonnocera/.cargo/registry/src/index.crates.io-6f17d22bba15001f/once_cell-1.20.2/src/lib.rs:448:18\n    |\n448 |                 (Some(this), Some(source)) => this.clone_from(source),\n    |                  ^^^^ not found in this scope\n    |\nhelp: consider importing this tuple variant\n    |\n384 +     use core::option::Option::Some;\n    |\n\nerror[E0531]: cannot find tuple struct or tuple variant `Some` in this scope\n   --> /Users/graysonnocera/.cargo/registry/src/index.crates.io-6f17d22bba15001f/once_cell-1.20.2/src/lib.rs:448:30\n    |\n448 |                 (Some(this), Some(source)) => this.clone_from(source),\n    |                              ^^^^ not found in this scope\n    |\nhelp: consider importing this tuple variant\n    |\n384 +     use core::option::Option::Some;\n    |\n\nerror[E0405]: cannot find trait `PartialEq` in this scope\n   --> /Users/graysonnocera/.cargo/registry/src/index.crates.io-6f17d22bba15001f/once_cell-1.20.2/src/lib.rs:454:24\n    |\n454 |     impl<T: PartialEq> PartialEq for OnceCell<T> {\n    |                        ^^^^^^^^^ not found in this scope\n    |\nhelp: consider importing this trait\n    |\n384 +     use core::cmp::PartialEq;\n    |\n\nerror[E0405]: cannot find trait `PartialEq` in this scope\n   --> /Users/graysonnocera/.cargo/registry/src/index.crates.io-6f17d22bba15001f/once_cell-1.20.2/src/lib.rs:454:13\n    |\n454 |     impl<T: PartialEq> PartialEq for OnceCell<T> {\n    |             ^^^^^^^^^ not found in this scope\n    |\nhelp: consider importing this trait\n    |\n384 +     use core::cmp::PartialEq;\n    |\n\nerror[E0405]: cannot find trait `Eq` in this scope\n   --> /Users/graysonnocera/.cargo/registry/src/index.crates.io-6f17d22bba15001f/once_cell-1.20.2/src/lib.rs:460:17\n    |\n460 |     impl<T: Eq> Eq for OnceCell<T> {}\n    |                 ^^ not found in this scope\n    |\nhelp: consider importing this trait\n    |\n384 +     use core::cmp::Eq;\n    |\n\nerror[E0405]: cannot find trait `Eq` in this scope\n   --> /Users/graysonnocera/.cargo/registry/src/index.crates.io-6f17d22bba15001f/once_cell-1.20.2/src/lib.rs:460:13\n    |\n460 |     impl<T: Eq> Eq for OnceCell<T> {}\n    |             ^^ not found in this scope\n    |\nhelp: consider importing this trait\n    |\n384 +     use core::cmp::Eq;\n    |\n\nerror[E0405]: cannot find trait `From` in this scope\n   --> /Users/graysonnocera/.cargo/registry/src/index.crates.io-6f17d22bba15001f/once_cell-1.20.2/src/lib.rs:462:13\n    |\n462 |     impl<T> From<T> for OnceCell<T> {\n    |             ^^^^ not found in this scope\n    |\nhelp: consider importing this trait\n    |\n384 +     use core::convert::From;\n    |\n\nerror[E0425]: cannot find value `None` in this scope\n   --> /Users/graysonnocera/.cargo/registry/src/index.crates.io-6f17d22bba15001f/once_cell-1.20.2/src/lib.rs:471:47\n    |\n471 |             OnceCell { inner: UnsafeCell::new(None) }\n    |                                               ^^^^ not found in this scope\n    |\nhelp: consider importing this unit variant\n    |\n384 +     use core::option::Option::None;\n    |\n\nerror[E0425]: cannot find function, tuple struct or tuple variant `Some` in this scope\n   --> /Users/graysonnocera/.cargo/registry/src/index.crates.io-6f17d22bba15001f/once_cell-1.20.2/src/lib.rs:476:47\n    |\n476 |             OnceCell { inner: UnsafeCell::new(Some(value)) }\n    |                                               ^^^^ not found in this scope\n    |\nhelp: consider importing this tuple variant\n    |\n384 +     use core::option::Option::Some;\n    |\n\nerror[E0412]: cannot find type `Option` in this scope\n   --> /Users/graysonnocera/.cargo/registry/src/index.crates.io-6f17d22bba15001f/once_cell-1.20.2/src/lib.rs:483:30\n    |\n483 |         pub fn get(&self) -> Option<&T> {\n    |                              ^^^^^^ not found in this scope\n    |\nhelp: consider importing this enum\n    |\n384 +     use core::option::Option;\n    |\n\nerror[E0412]: cannot find type `Option` in this scope\n   --> /Users/graysonnocera/.cargo/registry/src/index.crates.io-6f17d22bba15001f/once_cell-1.20.2/src/lib.rs:508:38\n    |\n508 |         pub fn get_mut(&mut self) -> Option<&mut T> {\n    |                                      ^^^^^^ not found in this scope\n    |\nhelp: consider importing this enum\n    |\n384 +     use core::option::Option;\n    |\n\nerror[E0412]: cannot find type `Result` in this scope\n   --> /Users/graysonnocera/.cargo/registry/src/index.crates.io-6f17d22bba15001f/once_cell-1.20.2/src/lib.rs:530:40\n    |\n530 |         pub fn set(&self, value: T) -> Result<(), T> {\n    |                                        ^^^^^^ not found in this scope\n    |\nhelp: consider importing one of these items\n    |\n384 +     use crate::unsync::fmt::Result;\n    |\n384 +     use core::fmt::Result;\n    |\n384 +     use core::result::Result;\n    |\n384 +     use alloc::fmt::Result;\n    |\n\nerror[E0531]: cannot find tuple struct or tuple variant `Ok` in this scope\n   --> /Users/graysonnocera/.cargo/registry/src/index.crates.io-6f17d22bba15001f/once_cell-1.20.2/src/lib.rs:532:17\n    |\n532 |                 Ok(_) => Ok(()),\n    |                 ^^ not found in this scope\n    |\nhelp: consider importing this tuple variant\n    |\n384 +     use core::result::Result::Ok;\n    |\n\nerror[E0425]: cannot find function, tuple struct or tuple variant `Ok` in this scope\n   --> /Users/graysonnocera/.cargo/registry/src/index.crates.io-6f17d22bba15001f/once_cell-1.20.2/src/lib.rs:532:26\n    |\n532 |                 Ok(_) => Ok(()),\n    |                          ^^ not found in this scope\n    |\nhelp: consider importing this tuple variant\n    |\n384 +     use core::result::Result::Ok;\n    |\n\nerror[E0531]: cannot find tuple struct or tuple variant `Err` in this scope\n   --> /Users/graysonnocera/.cargo/registry/src/index.crates.io-6f17d22bba15001f/once_cell-1.20.2/src/lib.rs:533:17\n    |\n533 |                 Err((_, value)) => Err(value),\n    |                 ^^^ not found in this scope\n    |\nhelp: consider importing this tuple variant\n    |\n384 +     use core::result::Result::Err;\n    |\n\nerror[E0425]: cannot find function, tuple struct or tuple variant `Err` in this scope\n   --> /Users/graysonnocera/.cargo/registry/src/index.crates.io-6f17d22bba15001f/once_cell-1.20.2/src/lib.rs:533:36\n    |\n533 |                 Err((_, value)) => Err(value),\n    |                                    ^^^ not found in this scope\n    |\nhelp: consider importing this tuple variant\n    |\n384 +     use core::result::Result::Err;\n    |\n\nerror[E0412]: cannot find type `Result` in this scope\n   --> /Users/graysonnocera/.cargo/registry/src/index.crates.io-6f17d22bba15001f/once_cell-1.20.2/src/lib.rs:551:47\n    |\n551 |         pub fn try_insert(&self, value: T) -> Result<&T, (&T, T)> {\n    |                                               ^^^^^^ not found in this scope\n    |\nhelp: consider importing one of these items\n    |\n384 +     use crate::unsync::fmt::Result;\n    |\n384 +     use core::fmt::Result;\n    |\n384 +     use core::result::Result;\n    |\n384 +     use alloc::fmt::Result;\n    |\n\nerror[E0531]: cannot find tuple struct or tuple variant `Some` in this scope\n   --> /Users/graysonnocera/.cargo/registry/src/index.crates.io-6f17d22bba15001f/once_cell-1.20.2/src/lib.rs:552:20\n    |\n552 |             if let Some(old) = self.get() {\n    |                    ^^^^ not found in this scope\n    |\nhelp: consider importing this tuple variant\n    |\n384 +     use core::option::Option::Some;\n    |\n\nerror[E0425]: cannot find function, tuple struct or tuple variant `Err` in this scope\n   --> /Users/graysonnocera/.cargo/registry/src/index.crates.io-6f17d22bba15001f/once_cell-1.20.2/src/lib.rs:553:24\n    |\n553 |                 return Err((old, value));\n    |                        ^^^ not found in this scope\n    |\nhelp: consider importing this tuple variant\n    |\n384 +     use core::result::Result::Err;\n    |\n\nerror[E0425]: cannot find function, tuple struct or tuple variant `Some` in this scope\n   --> /Users/graysonnocera/.cargo/registry/src/index.crates.io-6f17d22bba15001f/once_cell-1.20.2/src/lib.rs:561:21\n    |\n561 |             *slot = Some(value);\n    |                     ^^^^ not found in this scope\n    |\nhelp: consider importing this tuple variant\n    |\n384 +     use core::option::Option::Some;\n    |\n\nerror[E0425]: cannot find function, tuple struct or tuple variant `Ok` in this scope\n   --> /Users/graysonnocera/.cargo/registry/src/index.crates.io-6f17d22bba15001f/once_cell-1.20.2/src/lib.rs:562:13\n    |\n562 |             Ok(unsafe { slot.as_ref().unwrap_unchecked() })\n    |             ^^ not found in this scope\n    |\nhelp: consider importing this tuple variant\n    |\n384 +     use core::result::Result::Ok;\n    |\n\nerror[E0405]: cannot find trait `FnOnce` in this scope\n   --> /Users/graysonnocera/.cargo/registry/src/index.crates.io-6f17d22bba15001f/once_cell-1.20.2/src/lib.rs:588:16\n    |\n588 |             F: FnOnce() -> T,\n    |                ^^^^^^ not found in this scope\n    |\nhelp: consider importing this trait\n    |\n384 +     use core::ops::FnOnce;\n    |\n\nerror[E0425]: cannot find function, tuple struct or tuple variant `Ok` in this scope\n   --> /Users/graysonnocera/.cargo/registry/src/index.crates.io-6f17d22bba15001f/once_cell-1.20.2/src/lib.rs:591:43\n    |\n591 |             match self.get_or_try_init(|| Ok::<T, Void>(f())) {\n    |                                           ^^ not found in this scope\n    |\nhelp: consider importing this tuple variant\n    |\n384 +     use core::result::Result::Ok;\n    |\n\nerror[E0531]: cannot find tuple struct or tuple variant `Ok` in this scope\n   --> /Users/graysonnocera/.cargo/registry/src/index.crates.io-6f17d22bba15001f/once_cell-1.20.2/src/lib.rs:592:17\n    |\n592 |                 Ok(val) => val,\n    |                 ^^ not found in this scope\n    |\nhelp: consider importing this tuple variant\n    |\n384 +     use core::result::Result::Ok;\n    |\n\nerror[E0531]: cannot find tuple struct or tuple variant `Err` in this scope\n   --> /Users/graysonnocera/.cargo/registry/src/index.crates.io-6f17d22bba15001f/once_cell-1.20.2/src/lib.rs:593:17\n    |\n593 |                 Err(void) => match void {},\n    |                 ^^^ not found in this scope\n    |\nhelp: consider importing this tuple variant\n    |\n384 +     use core::result::Result::Err;\n    |\n\nerror[E0405]: cannot find trait `FnOnce` in this scope\n   --> /Users/graysonnocera/.cargo/registry/src/index.crates.io-6f17d22bba15001f/once_cell-1.20.2/src/lib.rs:624:16\n    |\n624 |             F: FnOnce() -> Result<T, E>,\n    |                ^^^^^^ not found in this scope\n    |\nhelp: consider importing this trait\n    |\n384 +     use core::ops::FnOnce;\n    |\n\nerror[E0412]: cannot find type `Result` in this scope\n   --> /Users/graysonnocera/.cargo/registry/src/index.crates.io-6f17d22bba15001f/once_cell-1.20.2/src/lib.rs:624:28\n    |\n624 |             F: FnOnce() -> Result<T, E>,\n    |                            ^^^^^^ not found in this scope\n    |\nhelp: consider importing one of these items\n    |\n384 +     use crate::unsync::fmt::Result;\n    |\n384 +     use core::fmt::Result;\n    |\n384 +     use core::result::Result;\n    |\n384 +     use alloc::fmt::Result;\n    |\n\nerror[E0412]: cannot find type `Result` in this scope\n   --> /Users/graysonnocera/.cargo/registry/src/index.crates.io-6f17d22bba15001f/once_cell-1.20.2/src/lib.rs:622:54\n    |\n622 |         pub fn get_or_try_init<F, E>(&self, f: F) -> Result<&T, E>\n    |                                                      ^^^^^^ not found in this scope\n    |\nhelp: consider importing one of these items\n    |\n384 +     use crate::unsync::fmt::Result;\n    |\n384 +     use core::fmt::Result;\n    |\n384 +     use core::result::Result;\n    |\n384 +     use alloc::fmt::Result;\n    |\n\nerror[E0531]: cannot find tuple struct or tuple variant `Some` in this scope\n   --> /Users/graysonnocera/.cargo/registry/src/index.crates.io-6f17d22bba15001f/once_cell-1.20.2/src/lib.rs:626:20\n    |\n626 |             if let Some(val) = self.get() {\n    |                    ^^^^ not found in this scope\n    |\nhelp: consider importing this tuple variant\n    |\n384 +     use core::option::Option::Some;\n    |\n\nerror[E0425]: cannot find function, tuple struct or tuple variant `Ok` in this scope\n   --> /Users/graysonnocera/.cargo/registry/src/index.crates.io-6f17d22bba15001f/once_cell-1.20.2/src/lib.rs:627:24\n    |\n627 |                 return Ok(val);\n    |                        ^^ not found in this scope\n    |\nhelp: consider importing this tuple variant\n    |\n384 +     use core::result::Result::Ok;\n    |\n\nerror[E0425]: cannot find function, tuple struct or tuple variant `Ok` in this scope\n   --> /Users/graysonnocera/.cargo/registry/src/index.crates.io-6f17d22bba15001f/once_cell-1.20.2/src/lib.rs:635:13\n    |\n635 |             Ok(unsafe { self.get().unwrap_unchecked() })\n    |             ^^ not found in this scope\n    |\nhelp: consider importing this tuple variant\n    |\n384 +     use core::result::Result::Ok;\n    |\n\nerror[E0412]: cannot find type `Option` in this scope\n   --> /Users/graysonnocera/.cargo/registry/src/index.crates.io-6f17d22bba15001f/once_cell-1.20.2/src/lib.rs:667:35\n    |\n667 |         pub fn take(&mut self) -> Option<T> {\n    |                                   ^^^^^^ not found in this scope\n    |\nhelp: consider importing this enum\n    |\n384 +     use core::option::Option;\n    |\n\nerror[E0412]: cannot find type `Option` in this scope\n   --> /Users/graysonnocera/.cargo/registry/src/index.crates.io-6f17d22bba15001f/once_cell-1.20.2/src/lib.rs:687:36\n    |\n687 |         pub fn into_inner(self) -> Option<T> {\n    |                                    ^^^^^^ not found in this scope\n    |\nhelp: consider importing this enum\n    |\n384 +     use core::option::Option;\n    |\n\nerror[E0412]: cannot find type `Option` in this scope\n   --> /Users/graysonnocera/.cargo/registry/src/index.crates.io-6f17d22bba15001f/once_cell-1.20.2/src/lib.rs:716:20\n    |\n716 |         init: Cell<Option<F>>,\n    |                    ^^^^^^ not found in this scope\n    |\nhelp: consider importing this enum\n    |\n384 +     use core::option::Option;\n    |\n\nerror[E0425]: cannot find function, tuple struct or tuple variant `Some` in this scope\n   --> /Users/graysonnocera/.cargo/registry/src/index.crates.io-6f17d22bba15001f/once_cell-1.20.2/src/lib.rs:743:59\n    |\n743 |             Lazy { cell: OnceCell::new(), init: Cell::new(Some(init)) }\n    |                                                           ^^^^ not found in this scope\n    |\nhelp: consider importing this tuple variant\n    |\n384 +     use core::option::Option::Some;\n    |\n\nerror[E0412]: cannot find type `Result` in this scope\n   --> /Users/graysonnocera/.cargo/registry/src/index.crates.io-6f17d22bba15001f/once_cell-1.20.2/src/lib.rs:749:48\n    |\n749 |         pub fn into_value(this: Lazy<T, F>) -> Result<T, F> {\n    |                                                ^^^^^^ not found in this scope\n    |\nhelp: consider importing one of these items\n    |\n384 +     use crate::unsync::fmt::Result;\n    |\n384 +     use core::fmt::Result;\n    |\n384 +     use core::result::Result;\n    |\n384 +     use alloc::fmt::Result;\n    |\n\nerror[E0405]: cannot find trait `FnOnce` in this scope\n   --> /Users/graysonnocera/.cargo/registry/src/index.crates.io-6f17d22bba15001f/once_cell-1.20.2/src/lib.rs:758:16\n    |\n758 |     impl<T, F: FnOnce() -> T> Lazy<T, F> {\n    |                ^^^^^^ not found in this scope\n    |\nhelp: consider importing this trait\n    |\n384 +     use core::ops::FnOnce;\n    |\n\nerror[E0531]: cannot find tuple struct or tuple variant `Some` in this scope\n   --> /Users/graysonnocera/.cargo/registry/src/index.crates.io-6f17d22bba15001f/once_cell-1.20.2/src/lib.rs:775:17\n    |\n775 |                 Some(f) => f(),\n    |                 ^^^^ not found in this scope\n    |\nhelp: consider importing this tuple variant\n    |\n384 +     use core::option::Option::Some;\n    |\n\nerror[E0531]: cannot find tuple struct or tuple variant `Some` in this scope\n   --> /Users/graysonnocera/.cargo/registry/src/index.crates.io-6f17d22bba15001f/once_cell-1.20.2/src/lib.rs:797:21\n    |\n797 |                     Some(f) => f(),\n    |                     ^^^^ not found in this scope\n    |\nhelp: consider importing this tuple variant\n    |\n384 +     use core::option::Option::Some;\n    |\n\nerror[E0412]: cannot find type `Option` in this scope\n   --> /Users/graysonnocera/.cargo/registry/src/index.crates.io-6f17d22bba15001f/once_cell-1.20.2/src/lib.rs:818:42\n    |\n818 |         pub fn get(this: &Lazy<T, F>) -> Option<&T> {\n    |                                          ^^^^^^ not found in this scope\n    |\nhelp: consider importing this enum\n    |\n384 +     use core::option::Option;\n    |\n\nerror[E0412]: cannot find type `Option` in this scope\n   --> /Users/graysonnocera/.cargo/registry/src/index.crates.io-6f17d22bba15001f/once_cell-1.20.2/src/lib.rs:835:50\n    |\n835 |         pub fn get_mut(this: &mut Lazy<T, F>) -> Option<&mut T> {\n    |                                                  ^^^^^^ not found in this scope\n    |\nhelp: consider importing this enum\n    |\n384 +     use core::option::Option;\n    |\n\nerror[E0405]: cannot find trait `FnOnce` in this scope\n   --> /Users/graysonnocera/.cargo/registry/src/index.crates.io-6f17d22bba15001f/once_cell-1.20.2/src/lib.rs:840:16\n    |\n840 |     impl<T, F: FnOnce() -> T> Deref for Lazy<T, F> {\n    |                ^^^^^^ not found in this scope\n    |\nhelp: consider importing this trait\n    |\n384 +     use core::ops::FnOnce;\n    |\n\nerror[E0405]: cannot find trait `FnOnce` in this scope\n   --> /Users/graysonnocera/.cargo/registry/src/index.crates.io-6f17d22bba15001f/once_cell-1.20.2/src/lib.rs:847:16\n    |\n847 |     impl<T, F: FnOnce() -> T> DerefMut for Lazy<T, F> {\n    |                ^^^^^^ not found in this scope\n    |\nhelp: consider importing this trait\n    |\n384 +     use core::ops::FnOnce;\n    |\n\nerror[E0405]: cannot find trait `Default` in this scope\n   --> /Users/graysonnocera/.cargo/registry/src/index.crates.io-6f17d22bba15001f/once_cell-1.20.2/src/lib.rs:853:22\n    |\n853 |     impl<T: Default> Default for Lazy<T> {\n    |                      ^^^^^^^ not found in this scope\n    |\nhelp: consider importing this trait\n    |\n384 +     use core::default::Default;\n    |\n\nerror[E0405]: cannot find trait `Default` in this scope\n   --> /Users/graysonnocera/.cargo/registry/src/index.crates.io-6f17d22bba15001f/once_cell-1.20.2/src/lib.rs:853:13\n    |\n853 |     impl<T: Default> Default for Lazy<T> {\n    |             ^^^^^^^ not found in this scope\n    |\nhelp: consider importing this trait\n    |\n384 +     use core::default::Default;\n    |\n\nerror[E0405]: cannot find trait `Default` in this scope\n   --> /Users/graysonnocera/.cargo/registry/src/index.crates.io-6f17d22bba15001f/once_cell-1.20.2/src/lib.rs:903:13\n    |\n903 |     impl<T> Default for OnceCell<T> {\n    |             ^^^^^^^ not found in this scope\n    |\nhelp: consider importing this trait\n    |\n864 +     use core::default::Default;\n    |\n\nerror[E0531]: cannot find tuple struct or tuple variant `Some` in this scope\n   --> /Users/graysonnocera/.cargo/registry/src/index.crates.io-6f17d22bba15001f/once_cell-1.20.2/src/lib.rs:912:17\n    |\n912 |                 Some(v) => f.debug_tuple(\"OnceCell\").field(v).finish(),\n    |                 ^^^^ not found in this scope\n    |\nhelp: consider importing this tuple variant\n    |\n864 +     use core::option::Option::Some;\n    |\n\nerror[E0405]: cannot find trait `Clone` in this scope\n   --> /Users/graysonnocera/.cargo/registry/src/index.crates.io-6f17d22bba15001f/once_cell-1.20.2/src/lib.rs:918:20\n    |\n918 |     impl<T: Clone> Clone for OnceCell<T> {\n    |                    ^^^^^ not found in this scope\n    |\nhelp: consider importing this trait\n    |\n864 +     use core::clone::Clone;\n    |\n\nerror[E0405]: cannot find trait `Clone` in this scope\n   --> /Users/graysonnocera/.cargo/registry/src/index.crates.io-6f17d22bba15001f/once_cell-1.20.2/src/lib.rs:918:13\n    |\n918 |     impl<T: Clone> Clone for OnceCell<T> {\n    |             ^^^^^ not found in this scope\n    |\nhelp: consider importing this trait\n    |\n864 +     use core::clone::Clone;\n    |\n\nerror[E0531]: cannot find tuple struct or tuple variant `Some` in this scope\n   --> /Users/graysonnocera/.cargo/registry/src/index.crates.io-6f17d22bba15001f/once_cell-1.20.2/src/lib.rs:921:17\n    |\n921 |                 Some(value) => Self::with_value(value.clone()),\n    |                 ^^^^ not found in this scope\n    |\nhelp: consider importing this tuple variant\n    |\n864 +     use core::option::Option::Some;\n    |\n\nerror[E0531]: cannot find tuple struct or tuple variant `Some` in this scope\n   --> /Users/graysonnocera/.cargo/registry/src/index.crates.io-6f17d22bba15001f/once_cell-1.20.2/src/lib.rs:928:18\n    |\n928 |                 (Some(this), Some(source)) => this.clone_from(source),\n    |                  ^^^^ not found in this scope\n    |\nhelp: consider importing this tuple variant\n    |\n864 +     use core::option::Option::Some;\n    |\n\nerror[E0531]: cannot find tuple struct or tuple variant `Some` in this scope\n   --> /Users/graysonnocera/.cargo/registry/src/index.crates.io-6f17d22bba15001f/once_cell-1.20.2/src/lib.rs:928:30\n    |\n928 |                 (Some(this), Some(source)) => this.clone_from(source),\n    |                              ^^^^ not found in this scope\n    |\nhelp: consider importing this tuple variant\n    |\n864 +     use core::option::Option::Some;\n    |\n\nerror[E0405]: cannot find trait `From` in this scope\n   --> /Users/graysonnocera/.cargo/registry/src/index.crates.io-6f17d22bba15001f/once_cell-1.20.2/src/lib.rs:934:13\n    |\n934 |     impl<T> From<T> for OnceCell<T> {\n    |             ^^^^ not found in this scope\n    |\nhelp: consider importing this trait\n    |\n864 +     use core::convert::From;\n    |\n\nerror[E0405]: cannot find trait `PartialEq` in this scope\n   --> /Users/graysonnocera/.cargo/registry/src/index.crates.io-6f17d22bba15001f/once_cell-1.20.2/src/lib.rs:940:24\n    |\n940 |     impl<T: PartialEq> PartialEq for OnceCell<T> {\n    |                        ^^^^^^^^^ not found in this scope\n    |\nhelp: consider importing this trait\n    |\n864 +     use core::cmp::PartialEq;\n    |\n\nerror[E0405]: cannot find trait `PartialEq` in this scope\n   --> /Users/graysonnocera/.cargo/registry/src/index.crates.io-6f17d22bba15001f/once_cell-1.20.2/src/lib.rs:940:13\n    |\n940 |     impl<T: PartialEq> PartialEq for OnceCell<T> {\n    |             ^^^^^^^^^ not found in this scope\n    |\nhelp: consider importing this trait\n    |\n864 +     use core::cmp::PartialEq;\n    |\n\nerror[E0405]: cannot find trait `Eq` in this scope\n   --> /Users/graysonnocera/.cargo/registry/src/index.crates.io-6f17d22bba15001f/once_cell-1.20.2/src/lib.rs:946:17\n    |\n946 |     impl<T: Eq> Eq for OnceCell<T> {}\n    |                 ^^ not found in this scope\n    |\nhelp: consider importing this trait\n    |\n864 +     use core::cmp::Eq;\n    |\n\nerror[E0405]: cannot find trait `Eq` in this scope\n   --> /Users/graysonnocera/.cargo/registry/src/index.crates.io-6f17d22bba15001f/once_cell-1.20.2/src/lib.rs:946:13\n    |\n946 |     impl<T: Eq> Eq for OnceCell<T> {}\n    |             ^^ not found in this scope\n    |\nhelp: consider importing this trait\n    |\n864 +     use core::cmp::Eq;\n    |\n\nerror[E0412]: cannot find type `Option` in this scope\n   --> /Users/graysonnocera/.cargo/registry/src/index.crates.io-6f17d22bba15001f/once_cell-1.20.2/src/lib.rs:963:30\n    |\n963 |         pub fn get(&self) -> Option<&T> {\n    |                              ^^^^^^ not found in this scope\n    |\nhelp: consider importing this enum\n    |\n864 +     use core::option::Option;\n    |\n\nerror[E0425]: cannot find function, tuple struct or tuple variant `Some` in this scope\n   --> /Users/graysonnocera/.cargo/registry/src/index.crates.io-6f17d22bba15001f/once_cell-1.20.2/src/lib.rs:966:17\n    |\n966 |                 Some(unsafe { self.get_unchecked() })\n    |                 ^^^^ not found in this scope\n    |\nhelp: consider importing this tuple variant\n    |\n864 +     use core::option::Option::Some;\n    |\n\nerror[E0425]: cannot find value `None` in this scope\n   --> /Users/graysonnocera/.cargo/registry/src/index.crates.io-6f17d22bba15001f/once_cell-1.20.2/src/lib.rs:968:17\n    |\n968 |                 None\n    |                 ^^^^ not found in this scope\n    |\nhelp: consider importing this unit variant\n    |\n864 +     use core::option::Option::None;\n    |\n\nerror[E0412]: cannot find type `Option` in this scope\n    --> /Users/graysonnocera/.cargo/registry/src/index.crates.io-6f17d22bba15001f/once_cell-1.20.2/src/lib.rs:1019:38\n     |\n1019 |         pub fn get_mut(&mut self) -> Option<&mut T> {\n     |                                      ^^^^^^ not found in this scope\n     |\nhelp: consider importing this enum\n     |\n864  +     use core::option::Option;\n     |\n\nerror[E0412]: cannot find type `Result` in this scope\n    --> /Users/graysonnocera/.cargo/registry/src/index.crates.io-6f17d22bba15001f/once_cell-1.20.2/src/lib.rs:1058:40\n     |\n1058 |         pub fn set(&self, value: T) -> Result<(), T> {\n     |                                        ^^^^^^ not found in this scope\n     |\nhelp: consider importing one of these items\n     |\n864  +     use crate::sync::fmt::Result;\n     |\n864  +     use core::fmt::Result;\n     |\n864  +     use core::result::Result;\n     |\n864  +     use alloc::fmt::Result;\n     |\n\nerror[E0531]: cannot find tuple struct or tuple variant `Ok` in this scope\n    --> /Users/graysonnocera/.cargo/registry/src/index.crates.io-6f17d22bba15001f/once_cell-1.20.2/src/lib.rs:1060:17\n     |\n1060 |                 Ok(_) => Ok(()),\n     |                 ^^ not found in this scope\n     |\nhelp: consider importing this tuple variant\n     |\n864  +     use core::result::Result::Ok;\n     |\n\nerror[E0425]: cannot find function, tuple struct or tuple variant `Ok` in this scope\n    --> /Users/graysonnocera/.cargo/registry/src/index.crates.io-6f17d22bba15001f/once_cell-1.20.2/src/lib.rs:1060:26\n     |\n1060 |                 Ok(_) => Ok(()),\n     |                          ^^ not found in this scope\n     |\nhelp: consider importing this tuple variant\n     |\n864  +     use core::result::Result::Ok;\n     |\n\nerror[E0531]: cannot find tuple struct or tuple variant `Err` in this scope\n    --> /Users/graysonnocera/.cargo/registry/src/index.crates.io-6f17d22bba15001f/once_cell-1.20.2/src/lib.rs:1061:17\n     |\n1061 |                 Err((_, value)) => Err(value),\n     |                 ^^^ not found in this scope\n     |\nhelp: consider importing this tuple variant\n     |\n864  +     use core::result::Result::Err;\n     |\n\nerror[E0425]: cannot find function, tuple struct or tuple variant `Err` in this scope\n    --> /Users/graysonnocera/.cargo/registry/src/index.crates.io-6f17d22bba15001f/once_cell-1.20.2/src/lib.rs:1061:36\n     |\n1061 |                 Err((_, value)) => Err(value),\n     |                                    ^^^ not found in this scope\n     |\nhelp: consider importing this tuple variant\n     |\n864  +     use core::result::Result::Err;\n     |\n\nerror[E0412]: cannot find type `Result` in this scope\n    --> /Users/graysonnocera/.cargo/registry/src/index.crates.io-6f17d22bba15001f/once_cell-1.20.2/src/lib.rs:1080:47\n     |\n1080 |         pub fn try_insert(&self, value: T) -> Result<&T, (&T, T)> {\n     |                                               ^^^^^^ not found in this scope\n     |\nhelp: consider importing one of these items\n     |\n864  +     use crate::sync::fmt::Result;\n     |\n864  +     use core::fmt::Result;\n     |\n864  +     use core::result::Result;\n     |\n864  +     use alloc::fmt::Result;\n     |\n\nerror[E0425]: cannot find function, tuple struct or tuple variant `Some` in this scope\n    --> /Users/graysonnocera/.cargo/registry/src/index.crates.io-6f17d22bba15001f/once_cell-1.20.2/src/lib.rs:1081:29\n     |\n1081 |             let mut value = Some(value);\n     |                             ^^^^ not found in this scope\n     |\nhelp: consider importing this tuple variant\n     |\n864  +     use core::option::Option::Some;\n     |\n\nerror[E0425]: cannot find function, tuple struct or tuple variant `Ok` in this scope\n    --> /Users/graysonnocera/.cargo/registry/src/index.crates.io-6f17d22bba15001f/once_cell-1.20.2/src/lib.rs:1084:25\n     |\n1084 |                 None => Ok(res),\n     |                         ^^ not found in this scope\n     |\nhelp: consider importing this tuple variant\n     |\n864  +     use core::result::Result::Ok;\n     |\n\nerror[E0531]: cannot find tuple struct or tuple variant `Some` in this scope\n    --> /Users/graysonnocera/.cargo/registry/src/index.crates.io-6f17d22bba15001f/once_cell-1.20.2/src/lib.rs:1085:17\n     |\n1085 |                 Some(value) => Err((res, value)),\n     |                 ^^^^ not found in this scope\n     |\nhelp: consider importing this tuple variant\n     |\n864  +     use core::option::Option::Some;\n     |\n\nerror[E0425]: cannot find function, tuple struct or tuple variant `Err` in this scope\n    --> /Users/graysonnocera/.cargo/registry/src/index.crates.io-6f17d22bba15001f/once_cell-1.20.2/src/lib.rs:1085:32\n     |\n1085 |                 Some(value) => Err((res, value)),\n     |                                ^^^ not found in this scope\n     |\nhelp: consider importing this tuple variant\n     |\n864  +     use core::result::Result::Err;\n     |\n\nerror[E0405]: cannot find trait `FnOnce` in this scope\n    --> /Users/graysonnocera/.cargo/registry/src/index.crates.io-6f17d22bba15001f/once_cell-1.20.2/src/lib.rs:1117:16\n     |\n1117 |             F: FnOnce() -> T,\n     |                ^^^^^^ not found in this scope\n     |\nhelp: consider importing this trait\n     |\n864  +     use core::ops::FnOnce;\n     |\n\nerror[E0425]: cannot find function, tuple struct or tuple variant `Ok` in this scope\n    --> /Users/graysonnocera/.cargo/registry/src/index.crates.io-6f17d22bba15001f/once_cell-1.20.2/src/lib.rs:1120:43\n     |\n1120 |             match self.get_or_try_init(|| Ok::<T, Void>(f())) {\n     |                                           ^^ not found in this scope\n     |\nhelp: consider importing this tuple variant\n     |\n864  +     use core::result::Result::Ok;\n     |\n\nerror[E0531]: cannot find tuple struct or tuple variant `Ok` in this scope\n    --> /Users/graysonnocera/.cargo/registry/src/index.crates.io-6f17d22bba15001f/once_cell-1.20.2/src/lib.rs:1121:17\n     |\n1121 |                 Ok(val) => val,\n     |                 ^^ not found in this scope\n     |\nhelp: consider importing this tuple variant\n     |\n864  +     use core::result::Result::Ok;\n     |\n\nerror[E0531]: cannot find tuple struct or tuple variant `Err` in this scope\n    --> /Users/graysonnocera/.cargo/registry/src/index.crates.io-6f17d22bba15001f/once_cell-1.20.2/src/lib.rs:1122:17\n     |\n1122 |                 Err(void) => match void {},\n     |                 ^^^ not found in this scope\n     |\nhelp: consider importing this tuple variant\n     |\n864  +     use core::result::Result::Err;\n     |\n\nerror[E0405]: cannot find trait `FnOnce` in this scope\n    --> /Users/graysonnocera/.cargo/registry/src/index.crates.io-6f17d22bba15001f/once_cell-1.20.2/src/lib.rs:1154:16\n     |\n1154 |             F: FnOnce() -> Result<T, E>,\n     |                ^^^^^^ not found in this scope\n     |\nhelp: consider importing this trait\n     |\n864  +     use core::ops::FnOnce;\n     |\n\nerror[E0412]: cannot find type `Result` in this scope\n    --> /Users/graysonnocera/.cargo/registry/src/index.crates.io-6f17d22bba15001f/once_cell-1.20.2/src/lib.rs:1154:28\n     |\n1154 |             F: FnOnce() -> Result<T, E>,\n     |                            ^^^^^^ not found in this scope\n     |\nhelp: consider importing one of these items\n     |\n864  +     use crate::sync::fmt::Result;\n     |\n864  +     use core::fmt::Result;\n     |\n864  +     use core::result::Result;\n     |\n864  +     use alloc::fmt::Result;\n     |\n\nerror[E0412]: cannot find type `Result` in this scope\n    --> /Users/graysonnocera/.cargo/registry/src/index.crates.io-6f17d22bba15001f/once_cell-1.20.2/src/lib.rs:1152:54\n     |\n1152 |         pub fn get_or_try_init<F, E>(&self, f: F) -> Result<&T, E>\n     |                                                      ^^^^^^ not found in this scope\n     |\nhelp: consider importing one of these items\n     |\n864  +     use crate::sync::fmt::Result;\n     |\n864  +     use core::fmt::Result;\n     |\n864  +     use core::result::Result;\n     |\n864  +     use alloc::fmt::Result;\n     |\n\nerror[E0531]: cannot find tuple struct or tuple variant `Some` in this scope\n    --> /Users/graysonnocera/.cargo/registry/src/index.crates.io-6f17d22bba15001f/once_cell-1.20.2/src/lib.rs:1157:20\n     |\n1157 |             if let Some(value) = self.get() {\n     |                    ^^^^ not found in this scope\n     |\nhelp: consider importing this tuple variant\n     |\n864  +     use core::option::Option::Some;\n     |\n\nerror[E0425]: cannot find function, tuple struct or tuple variant `Ok` in this scope\n    --> /Users/graysonnocera/.cargo/registry/src/index.crates.io-6f17d22bba15001f/once_cell-1.20.2/src/lib.rs:1158:24\n     |\n1158 |                 return Ok(value);\n     |                        ^^ not found in this scope\n     |\nhelp: consider importing this tuple variant\n     |\n864  +     use core::result::Result::Ok;\n     |\n\nerror[E0425]: cannot find function, tuple struct or tuple variant `Ok` in this scope\n    --> /Users/graysonnocera/.cargo/registry/src/index.crates.io-6f17d22bba15001f/once_cell-1.20.2/src/lib.rs:1165:13\n     |\n1165 |             Ok(unsafe { self.get_unchecked() })\n     |             ^^ not found in this scope\n     |\nhelp: consider importing this tuple variant\n     |\n864  +     use core::result::Result::Ok;\n     |\n\nerror[E0412]: cannot find type `Option` in this scope\n    --> /Users/graysonnocera/.cargo/registry/src/index.crates.io-6f17d22bba15001f/once_cell-1.20.2/src/lib.rs:1197:35\n     |\n1197 |         pub fn take(&mut self) -> Option<T> {\n     |                                   ^^^^^^ not found in this scope\n     |\nhelp: consider importing this enum\n     |\n864  +     use core::option::Option;\n     |\n\nerror[E0412]: cannot find type `Option` in this scope\n    --> /Users/graysonnocera/.cargo/registry/src/index.crates.io-6f17d22bba15001f/once_cell-1.20.2/src/lib.rs:1217:36\n     |\n1217 |         pub fn into_inner(self) -> Option<T> {\n     |                                    ^^^^^^ not found in this scope\n     |\nhelp: consider importing this enum\n     |\n864  +     use core::option::Option;\n     |\n\nerror[E0412]: cannot find type `Option` in this scope\n    --> /Users/graysonnocera/.cargo/registry/src/index.crates.io-6f17d22bba15001f/once_cell-1.20.2/src/lib.rs:1257:20\n     |\n1257 |         init: Cell<Option<F>>,\n     |                    ^^^^^^ not found in this scope\n     |\nhelp: consider importing this enum\n     |\n864  +     use core::option::Option;\n     |\n\nerror[E0405]: cannot find trait `Sync` in this scope\n    --> /Users/graysonnocera/.cargo/registry/src/index.crates.io-6f17d22bba15001f/once_cell-1.20.2/src/lib.rs:1270:29\n     |\n1270 |     unsafe impl<T, F: Send> Sync for Lazy<T, F> where OnceCell<T>: Sync {}\n     |                             ^^^^ not found in this scope\n     |\nhelp: consider importing this trait\n     |\n864  +     use core::marker::Sync;\n     |\n\nerror[E0405]: cannot find trait `Send` in this scope\n    --> /Users/graysonnocera/.cargo/registry/src/index.crates.io-6f17d22bba15001f/once_cell-1.20.2/src/lib.rs:1270:23\n     |\n1270 |     unsafe impl<T, F: Send> Sync for Lazy<T, F> where OnceCell<T>: Sync {}\n     |                       ^^^^ not found in this scope\n     |\nhelp: consider importing this trait\n     |\n864  +     use core::marker::Send;\n     |\n\nerror[E0405]: cannot find trait `Sync` in this scope\n    --> /Users/graysonnocera/.cargo/registry/src/index.crates.io-6f17d22bba15001f/once_cell-1.20.2/src/lib.rs:1270:68\n     |\n1270 |     unsafe impl<T, F: Send> Sync for Lazy<T, F> where OnceCell<T>: Sync {}\n     |                                                                    ^^^^ not found in this scope\n     |\nhelp: consider importing this trait\n     |\n864  +     use core::marker::Sync;\n     |\n\nerror[E0425]: cannot find function, tuple struct or tuple variant `Some` in this scope\n    --> /Users/graysonnocera/.cargo/registry/src/index.crates.io-6f17d22bba15001f/once_cell-1.20.2/src/lib.rs:1279:59\n     |\n1279 |             Lazy { cell: OnceCell::new(), init: Cell::new(Some(f)) }\n     |                                                           ^^^^ not found in this scope\n     |\nhelp: consider importing this tuple variant\n     |\n864  +     use core::option::Option::Some;\n     |\n\nerror[E0412]: cannot find type `Result` in this scope\n    --> /Users/graysonnocera/.cargo/registry/src/index.crates.io-6f17d22bba15001f/once_cell-1.20.2/src/lib.rs:1285:48\n     |\n1285 |         pub fn into_value(this: Lazy<T, F>) -> Result<T, F> {\n     |                                                ^^^^^^ not found in this scope\n     |\nhelp: consider importing one of these items\n     |\n864  +     use crate::sync::fmt::Result;\n     |\n864  +     use core::fmt::Result;\n     |\n864  +     use core::result::Result;\n     |\n864  +     use alloc::fmt::Result;\n     |\n\nerror[E0405]: cannot find trait `FnOnce` in this scope\n    --> /Users/graysonnocera/.cargo/registry/src/index.crates.io-6f17d22bba15001f/once_cell-1.20.2/src/lib.rs:1294:16\n     |\n1294 |     impl<T, F: FnOnce() -> T> Lazy<T, F> {\n     |                ^^^^^^ not found in this scope\n     |\nhelp: consider importing this trait\n     |\n864  +     use core::ops::FnOnce;\n     |\n\nerror[E0531]: cannot find tuple struct or tuple variant `Some` in this scope\n    --> /Users/graysonnocera/.cargo/registry/src/index.crates.io-6f17d22bba15001f/once_cell-1.20.2/src/lib.rs:1310:17\n     |\n1310 |                 Some(f) => f(),\n     |                 ^^^^ not found in this scope\n     |\nhelp: consider importing this tuple variant\n     |\n864  +     use core::option::Option::Some;\n     |\n\nerror[E0531]: cannot find tuple struct or tuple variant `Some` in this scope\n    --> /Users/graysonnocera/.cargo/registry/src/index.crates.io-6f17d22bba15001f/once_cell-1.20.2/src/lib.rs:1330:21\n     |\n1330 |                     Some(f) => f(),\n     |                     ^^^^ not found in this scope\n     |\nhelp: consider importing this tuple variant\n     |\n864  +     use core::option::Option::Some;\n     |\n\nerror[E0412]: cannot find type `Option` in this scope\n    --> /Users/graysonnocera/.cargo/registry/src/index.crates.io-6f17d22bba15001f/once_cell-1.20.2/src/lib.rs:1351:42\n     |\n1351 |         pub fn get(this: &Lazy<T, F>) -> Option<&T> {\n     |                                          ^^^^^^ not found in this scope\n     |\nhelp: consider importing this enum\n     |\n864  +     use core::option::Option;\n     |\n\nerror[E0412]: cannot find type `Option` in this scope\n    --> /Users/graysonnocera/.cargo/registry/src/index.crates.io-6f17d22bba15001f/once_cell-1.20.2/src/lib.rs:1368:50\n     |\n1368 |         pub fn get_mut(this: &mut Lazy<T, F>) -> Option<&mut T> {\n     |                                                  ^^^^^^ not found in this scope\n     |\nhelp: consider importing this enum\n     |\n864  +     use core::option::Option;\n     |\n\nerror[E0405]: cannot find trait `FnOnce` in this scope\n    --> /Users/graysonnocera/.cargo/registry/src/index.crates.io-6f17d22bba15001f/once_cell-1.20.2/src/lib.rs:1373:16\n     |\n1373 |     impl<T, F: FnOnce() -> T> Deref for Lazy<T, F> {\n     |                ^^^^^^ not found in this scope\n     |\nhelp: consider importing this trait\n     |\n864  +     use core::ops::FnOnce;\n     |\n\nerror[E0405]: cannot find trait `FnOnce` in this scope\n    --> /Users/graysonnocera/.cargo/registry/src/index.crates.io-6f17d22bba15001f/once_cell-1.20.2/src/lib.rs:1380:16\n     |\n1380 |     impl<T, F: FnOnce() -> T> DerefMut for Lazy<T, F> {\n     |                ^^^^^^ not found in this scope\n     |\nhelp: consider importing this trait\n     |\n864  +     use core::ops::FnOnce;\n     |\n\nerror[E0405]: cannot find trait `Default` in this scope\n    --> /Users/graysonnocera/.cargo/registry/src/index.crates.io-6f17d22bba15001f/once_cell-1.20.2/src/lib.rs:1386:22\n     |\n1386 |     impl<T: Default> Default for Lazy<T> {\n     |                      ^^^^^^^ not found in this scope\n     |\nhelp: consider importing this trait\n     |\n864  +     use core::default::Default;\n     |\n\nerror[E0405]: cannot find trait `Default` in this scope\n    --> /Users/graysonnocera/.cargo/registry/src/index.crates.io-6f17d22bba15001f/once_cell-1.20.2/src/lib.rs:1386:13\n     |\n1386 |     impl<T: Default> Default for Lazy<T> {\n     |             ^^^^^^^ not found in this scope\n     |\nhelp: consider importing this trait\n     |\n864  +     use core::default::Default;\n     |\n\nerror[E0412]: cannot find type `Option` in this scope\n  --> /Users/graysonnocera/.cargo/registry/src/index.crates.io-6f17d22bba15001f/once_cell-1.20.2/src/race.rs:48:26\n   |\n48 |     pub fn get(&self) -> Option<NonZeroUsize> {\n   |                          ^^^^^^ not found in this scope\n   |\nhelp: consider importing this enum\n   |\n22 + use core::option::Option;\n   |\n\nerror[E0412]: cannot find type `Result` in this scope\n  --> /Users/graysonnocera/.cargo/registry/src/index.crates.io-6f17d22bba15001f/once_cell-1.20.2/src/race.rs:58:47\n   |\n58 |     pub fn set(&self, value: NonZeroUsize) -> Result<(), ()> {\n   |                                               ^^^^^^ not found in this scope\n   |\nhelp: consider importing one of these items\n   |\n22 + use core::fmt::Result;\n   |\n22 + use core::result::Result;\n   |\n22 + use alloc::fmt::Result;\n   |\n\nerror[E0531]: cannot find tuple struct or tuple variant `Ok` in this scope\n  --> /Users/graysonnocera/.cargo/registry/src/index.crates.io-6f17d22bba15001f/once_cell-1.20.2/src/race.rs:62:13\n   |\n62 |             Ok(_) => Ok(()),\n   |             ^^ not found in this scope\n   |\nhelp: consider importing this tuple variant\n   |\n22 + use core::result::Result::Ok;\n   |\n\nerror[E0425]: cannot find function, tuple struct or tuple variant `Ok` in this scope\n  --> /Users/graysonnocera/.cargo/registry/src/index.crates.io-6f17d22bba15001f/once_cell-1.20.2/src/race.rs:62:22\n   |\n62 |             Ok(_) => Ok(()),\n   |                      ^^ not found in this scope\n   |\nhelp: consider importing this tuple variant\n   |\n22 + use core::result::Result::Ok;\n   |\n\nerror[E0531]: cannot find tuple struct or tuple variant `Err` in this scope\n  --> /Users/graysonnocera/.cargo/registry/src/index.crates.io-6f17d22bba15001f/once_cell-1.20.2/src/race.rs:63:13\n   |\n63 |             Err(_) => Err(()),\n   |             ^^^ not found in this scope\n   |\nhelp: consider importing this tuple variant\n   |\n22 + use core::result::Result::Err;\n   |\n\nerror[E0425]: cannot find function, tuple struct or tuple variant `Err` in this scope\n  --> /Users/graysonnocera/.cargo/registry/src/index.crates.io-6f17d22bba15001f/once_cell-1.20.2/src/race.rs:63:23\n   |\n63 |             Err(_) => Err(()),\n   |                       ^^^ not found in this scope\n   |\nhelp: consider importing this tuple variant\n   |\n22 + use core::result::Result::Err;\n   |\n\nerror[E0405]: cannot find trait `FnOnce` in this scope\n  --> /Users/graysonnocera/.cargo/registry/src/index.crates.io-6f17d22bba15001f/once_cell-1.20.2/src/race.rs:75:12\n   |\n75 |         F: FnOnce() -> NonZeroUsize,\n   |            ^^^^^^ not found in this scope\n   |\nhelp: consider importing this trait\n   |\n22 + use core::ops::FnOnce;\n   |\n\nerror[E0425]: cannot find function, tuple struct or tuple variant `Ok` in this scope\n  --> /Users/graysonnocera/.cargo/registry/src/index.crates.io-6f17d22bba15001f/once_cell-1.20.2/src/race.rs:78:39\n   |\n78 |         match self.get_or_try_init(|| Ok::<NonZeroUsize, Void>(f())) {\n   |                                       ^^ not found in this scope\n   |\nhelp: consider importing this tuple variant\n   |\n22 + use core::result::Result::Ok;\n   |\n\nerror[E0531]: cannot find tuple struct or tuple variant `Ok` in this scope\n  --> /Users/graysonnocera/.cargo/registry/src/index.crates.io-6f17d22bba15001f/once_cell-1.20.2/src/race.rs:79:13\n   |\n79 |             Ok(val) => val,\n   |             ^^ not found in this scope\n   |\nhelp: consider importing this tuple variant\n   |\n22 + use core::result::Result::Ok;\n   |\n\nerror[E0531]: cannot find tuple struct or tuple variant `Err` in this scope\n  --> /Users/graysonnocera/.cargo/registry/src/index.crates.io-6f17d22bba15001f/once_cell-1.20.2/src/race.rs:80:13\n   |\n80 |             Err(void) => match void {},\n   |             ^^^ not found in this scope\n   |\nhelp: consider importing this tuple variant\n   |\n22 + use core::result::Result::Err;\n   |\n\nerror[E0405]: cannot find trait `FnOnce` in this scope\n  --> /Users/graysonnocera/.cargo/registry/src/index.crates.io-6f17d22bba15001f/once_cell-1.20.2/src/race.rs:93:12\n   |\n93 |         F: FnOnce() -> Result<NonZeroUsize, E>,\n   |            ^^^^^^ not found in this scope\n   |\nhelp: consider importing this trait\n   |\n22 + use core::ops::FnOnce;\n   |\n\nerror[E0412]: cannot find type `Result` in this scope\n  --> /Users/graysonnocera/.cargo/registry/src/index.crates.io-6f17d22bba15001f/once_cell-1.20.2/src/race.rs:93:24\n   |\n93 |         F: FnOnce() -> Result<NonZeroUsize, E>,\n   |                        ^^^^^^ not found in this scope\n   |\nhelp: consider importing one of these items\n   |\n22 + use core::fmt::Result;\n   |\n22 + use core::result::Result;\n   |\n22 + use alloc::fmt::Result;\n   |\n\nerror[E0412]: cannot find type `Result` in this scope\n  --> /Users/graysonnocera/.cargo/registry/src/index.crates.io-6f17d22bba15001f/once_cell-1.20.2/src/race.rs:91:50\n   |\n91 |     pub fn get_or_try_init<F, E>(&self, f: F) -> Result<NonZeroUsize, E>\n   |                                                  ^^^^^^ not found in this scope\n   |\nhelp: consider importing one of these items\n   |\n22 + use core::fmt::Result;\n   |\n22 + use core::result::Result;\n   |\n22 + use alloc::fmt::Result;\n   |\n\nerror[E0531]: cannot find tuple struct or tuple variant `Some` in this scope\n  --> /Users/graysonnocera/.cargo/registry/src/index.crates.io-6f17d22bba15001f/once_cell-1.20.2/src/race.rs:97:13\n   |\n97 |             Some(it) => it,\n   |             ^^^^ not found in this scope\n   |\nhelp: consider importing this tuple variant\n   |\n22 + use core::option::Option::Some;\n   |\n\nerror[E0531]: cannot find tuple struct or tuple variant `Err` in this scope\n   --> /Users/graysonnocera/.cargo/registry/src/index.crates.io-6f17d22bba15001f/once_cell-1.20.2/src/race.rs:102:24\n    |\n102 |                 if let Err(old) = exchange {\n    |                        ^^^ not found in this scope\n    |\nhelp: consider importing this tuple variant\n    |\n22  + use core::result::Result::Err;\n    |\n\nerror[E0425]: cannot find function, tuple struct or tuple variant `Ok` in this scope\n   --> /Users/graysonnocera/.cargo/registry/src/index.crates.io-6f17d22bba15001f/once_cell-1.20.2/src/race.rs:108:9\n    |\n108 |         Ok(res)\n    |         ^^ not found in this scope\n    |\nhelp: consider importing this tuple variant\n    |\n22  + use core::result::Result::Ok;\n    |\n\nerror[E0412]: cannot find type `Option` in this scope\n   --> /Users/graysonnocera/.cargo/registry/src/index.crates.io-6f17d22bba15001f/once_cell-1.20.2/src/race.rs:127:26\n    |\n127 |     pub fn get(&self) -> Option<bool> {\n    |                          ^^^^^^ not found in this scope\n    |\nhelp: consider importing this enum\n    |\n22  + use core::option::Option;\n    |\n\nerror[E0412]: cannot find type `Result` in this scope\n   --> /Users/graysonnocera/.cargo/registry/src/index.crates.io-6f17d22bba15001f/once_cell-1.20.2/src/race.rs:136:39\n    |\n136 |     pub fn set(&self, value: bool) -> Result<(), ()> {\n    |                                       ^^^^^^ not found in this scope\n    |\nhelp: consider importing one of these items\n    |\n22  + use core::fmt::Result;\n    |\n22  + use core::result::Result;\n    |\n22  + use alloc::fmt::Result;\n    |\n\nerror[E0405]: cannot find trait `FnOnce` in this scope\n   --> /Users/graysonnocera/.cargo/registry/src/index.crates.io-6f17d22bba15001f/once_cell-1.20.2/src/race.rs:148:12\n    |\n148 |         F: FnOnce() -> bool,\n    |            ^^^^^^ not found in this scope\n    |\nhelp: consider importing this trait\n    |\n22  + use core::ops::FnOnce;\n    |\n\nerror[E0405]: cannot find trait `FnOnce` in this scope\n   --> /Users/graysonnocera/.cargo/registry/src/index.crates.io-6f17d22bba15001f/once_cell-1.20.2/src/race.rs:162:12\n    |\n162 |         F: FnOnce() -> Result<bool, E>,\n    |            ^^^^^^ not found in this scope\n    |\nhelp: consider importing this trait\n    |\n22  + use core::ops::FnOnce;\n    |\n\nerror[E0412]: cannot find type `Result` in this scope\n   --> /Users/graysonnocera/.cargo/registry/src/index.crates.io-6f17d22bba15001f/once_cell-1.20.2/src/race.rs:162:24\n    |\n162 |         F: FnOnce() -> Result<bool, E>,\n    |                        ^^^^^^ not found in this scope\n    |\nhelp: consider importing one of these items\n    |\n22  + use core::fmt::Result;\n    |\n22  + use core::result::Result;\n    |\n22  + use alloc::fmt::Result;\n    |\n\nerror[E0412]: cannot find type `Result` in this scope\n   --> /Users/graysonnocera/.cargo/registry/src/index.crates.io-6f17d22bba15001f/once_cell-1.20.2/src/race.rs:160:50\n    |\n160 |     pub fn get_or_try_init<F, E>(&self, f: F) -> Result<bool, E>\n    |                                                  ^^^^^^ not found in this scope\n    |\nhelp: consider importing one of these items\n    |\n22  + use core::fmt::Result;\n    |\n22  + use core::result::Result;\n    |\n22  + use alloc::fmt::Result;\n    |\n\nerror[E0405]: cannot find trait `Sync` in this scope\n   --> /Users/graysonnocera/.cargo/registry/src/index.crates.io-6f17d22bba15001f/once_cell-1.20.2/src/race.rs:185:26\n    |\n185 | unsafe impl<'a, T: Sync> Sync for OnceRef<'a, T> {}\n    |                          ^^^^ not found in this scope\n    |\nhelp: consider importing this trait\n    |\n22  + use core::marker::Sync;\n    |\n\nerror[E0405]: cannot find trait `Sync` in this scope\n   --> /Users/graysonnocera/.cargo/registry/src/index.crates.io-6f17d22bba15001f/once_cell-1.20.2/src/race.rs:185:20\n    |\n185 | unsafe impl<'a, T: Sync> Sync for OnceRef<'a, T> {}\n    |                    ^^^^ not found in this scope\n    |\nhelp: consider importing this trait\n    |\n22  + use core::marker::Sync;\n    |\n\nerror[E0405]: cannot find trait `Default` in this scope\n   --> /Users/graysonnocera/.cargo/registry/src/index.crates.io-6f17d22bba15001f/once_cell-1.20.2/src/race.rs:193:13\n    |\n193 | impl<'a, T> Default for OnceRef<'a, T> {\n    |             ^^^^^^^ not found in this scope\n    |\nhelp: consider importing this trait\n    |\n22  + use core::default::Default;\n    |\n\nerror[E0412]: cannot find type `Option` in this scope\n   --> /Users/graysonnocera/.cargo/registry/src/index.crates.io-6f17d22bba15001f/once_cell-1.20.2/src/race.rs:206:26\n    |\n206 |     pub fn get(&self) -> Option<&'a T> {\n    |                          ^^^^^^ not found in this scope\n    |\nhelp: consider importing this enum\n    |\n22  + use core::option::Option;\n    |\n\nerror[E0412]: cannot find type `Result` in this scope\n   --> /Users/graysonnocera/.cargo/registry/src/index.crates.io-6f17d22bba15001f/once_cell-1.20.2/src/race.rs:215:40\n    |\n215 |     pub fn set(&self, value: &'a T) -> Result<(), ()> {\n    |                                        ^^^^^^ not found in this scope\n    |\nhelp: consider importing one of these items\n    |\n22  + use core::fmt::Result;\n    |\n22  + use core::result::Result;\n    |\n22  + use alloc::fmt::Result;\n    |\n\nerror[E0531]: cannot find tuple struct or tuple variant `Ok` in this scope\n   --> /Users/graysonnocera/.cargo/registry/src/index.crates.io-6f17d22bba15001f/once_cell-1.20.2/src/race.rs:220:13\n    |\n220 |             Ok(_) => Ok(()),\n    |             ^^ not found in this scope\n    |\nhelp: consider importing this tuple variant\n    |\n22  + use core::result::Result::Ok;\n    |\n\nerror[E0425]: cannot find function, tuple struct or tuple variant `Ok` in this scope\n   --> /Users/graysonnocera/.cargo/registry/src/index.crates.io-6f17d22bba15001f/once_cell-1.20.2/src/race.rs:220:22\n    |\n220 |             Ok(_) => Ok(()),\n    |                      ^^ not found in this scope\n    |\nhelp: consider importing this tuple variant\n    |\n22  + use core::result::Result::Ok;\n    |\n\nerror[E0531]: cannot find tuple struct or tuple variant `Err` in this scope\n   --> /Users/graysonnocera/.cargo/registry/src/index.crates.io-6f17d22bba15001f/once_cell-1.20.2/src/race.rs:221:13\n    |\n221 |             Err(_) => Err(()),\n    |             ^^^ not found in this scope\n    |\nhelp: consider importing this tuple variant\n    |\n22  + use core::result::Result::Err;\n    |\n\nerror[E0425]: cannot find function, tuple struct or tuple variant `Err` in this scope\n   --> /Users/graysonnocera/.cargo/registry/src/index.crates.io-6f17d22bba15001f/once_cell-1.20.2/src/race.rs:221:23\n    |\n221 |             Err(_) => Err(()),\n    |                       ^^^ not found in this scope\n    |\nhelp: consider importing this tuple variant\n    |\n22  + use core::result::Result::Err;\n    |\n\nerror[E0405]: cannot find trait `FnOnce` in this scope\n   --> /Users/graysonnocera/.cargo/registry/src/index.crates.io-6f17d22bba15001f/once_cell-1.20.2/src/race.rs:233:12\n    |\n233 |         F: FnOnce() -> &'a T,\n    |            ^^^^^^ not found in this scope\n    |\nhelp: consider importing this trait\n    |\n22  + use core::ops::FnOnce;\n    |\n\nerror[E0425]: cannot find function, tuple struct or tuple variant `Ok` in this scope\n   --> /Users/graysonnocera/.cargo/registry/src/index.crates.io-6f17d22bba15001f/once_cell-1.20.2/src/race.rs:236:39\n    |\n236 |         match self.get_or_try_init(|| Ok::<&'a T, Void>(f())) {\n    |                                       ^^ not found in this scope\n    |\nhelp: consider importing this tuple variant\n    |\n22  + use core::result::Result::Ok;\n    |\n\nerror[E0531]: cannot find tuple struct or tuple variant `Ok` in this scope\n   --> /Users/graysonnocera/.cargo/registry/src/index.crates.io-6f17d22bba15001f/once_cell-1.20.2/src/race.rs:237:13\n    |\n237 |             Ok(val) => val,\n    |             ^^ not found in this scope\n    |\nhelp: consider importing this tuple variant\n    |\n22  + use core::result::Result::Ok;\n    |\n\nerror[E0531]: cannot find tuple struct or tuple variant `Err` in this scope\n   --> /Users/graysonnocera/.cargo/registry/src/index.crates.io-6f17d22bba15001f/once_cell-1.20.2/src/race.rs:238:13\n    |\n238 |             Err(void) => match void {},\n    |             ^^^ not found in this scope\n    |\nhelp: consider importing this tuple variant\n    |\n22  + use core::result::Result::Err;\n    |\n\nerror[E0405]: cannot find trait `FnOnce` in this scope\n   --> /Users/graysonnocera/.cargo/registry/src/index.crates.io-6f17d22bba15001f/once_cell-1.20.2/src/race.rs:251:12\n    |\n251 |         F: FnOnce() -> Result<&'a T, E>,\n    |            ^^^^^^ not found in this scope\n    |\nhelp: consider importing this trait\n    |\n22  + use core::ops::FnOnce;\n    |\n\nerror[E0412]: cannot find type `Result` in this scope\n   --> /Users/graysonnocera/.cargo/registry/src/index.crates.io-6f17d22bba15001f/once_cell-1.20.2/src/race.rs:251:24\n    |\n251 |         F: FnOnce() -> Result<&'a T, E>,\n    |                        ^^^^^^ not found in this scope\n    |\nhelp: consider importing one of these items\n    |\n22  + use core::fmt::Result;\n    |\n22  + use core::result::Result;\n    |\n22  + use alloc::fmt::Result;\n    |\n\nerror[E0412]: cannot find type `Result` in this scope\n   --> /Users/graysonnocera/.cargo/registry/src/index.crates.io-6f17d22bba15001f/once_cell-1.20.2/src/race.rs:249:50\n    |\n249 |     pub fn get_or_try_init<F, E>(&self, f: F) -> Result<&'a T, E>\n    |                                                  ^^^^^^ not found in this scope\n    |\nhelp: consider importing one of these items\n    |\n22  + use core::fmt::Result;\n    |\n22  + use core::result::Result;\n    |\n22  + use alloc::fmt::Result;\n    |\n\nerror[E0531]: cannot find tuple struct or tuple variant `Err` in this scope\n   --> /Users/graysonnocera/.cargo/registry/src/index.crates.io-6f17d22bba15001f/once_cell-1.20.2/src/race.rs:264:20\n    |\n264 |             if let Err(old) = exchange {\n    |                    ^^^ not found in this scope\n    |\nhelp: consider importing this tuple variant\n    |\n22  + use core::result::Result::Err;\n    |\n\nerror[E0425]: cannot find function, tuple struct or tuple variant `Ok` in this scope\n   --> /Users/graysonnocera/.cargo/registry/src/index.crates.io-6f17d22bba15001f/once_cell-1.20.2/src/race.rs:269:9\n    |\n269 |         Ok(unsafe { &*ptr })\n    |         ^^ not found in this scope\n    |\nhelp: consider importing this tuple variant\n    |\n22  + use core::result::Result::Ok;\n    |\n\nerror[E0412]: cannot find type `Option` in this scope\n   --> /Users/graysonnocera/.cargo/registry/src/index.crates.io-6f17d22bba15001f/once_cell-1.20.2/src/race.rs:303:28\n    |\n303 |         ghost: PhantomData<Option<Box<T>>>,\n    |                            ^^^^^^ not found in this scope\n    |\nhelp: consider importing this enum\n    |\n295 +     use core::option::Option;\n    |\n\nerror[E0405]: cannot find trait `Default` in this scope\n   --> /Users/graysonnocera/.cargo/registry/src/index.crates.io-6f17d22bba15001f/once_cell-1.20.2/src/race.rs:312:13\n    |\n312 |     impl<T> Default for OnceBox<T> {\n    |             ^^^^^^^ not found in this scope\n    |\nhelp: consider importing this trait\n    |\n295 +     use core::default::Default;\n    |\n\nerror[E0405]: cannot find trait `Drop` in this scope\n   --> /Users/graysonnocera/.cargo/registry/src/index.crates.io-6f17d22bba15001f/once_cell-1.20.2/src/race.rs:318:13\n    |\n318 |     impl<T> Drop for OnceBox<T> {\n    |             ^^^^ not found in this scope\n    |\nhelp: consider importing this trait\n    |\n295 +     use core::ops::Drop;\n    |\n\nerror[E0425]: cannot find function `drop` in this scope\n   --> /Users/graysonnocera/.cargo/registry/src/index.crates.io-6f17d22bba15001f/once_cell-1.20.2/src/race.rs:322:17\n    |\n322 |                 drop(unsafe { Box::from_raw(ptr) })\n    |                 ^^^^ not found in this scope\n    |\nhelp: consider using the method on `Self`\n    |\n322 |                 self.drop(unsafe { Box::from_raw(ptr) })\n    |                 +++++\nhelp: consider importing this function\n    |\n295 +     use core::mem::drop;\n    |\n\nerror[E0412]: cannot find type `Option` in this scope\n   --> /Users/graysonnocera/.cargo/registry/src/index.crates.io-6f17d22bba15001f/once_cell-1.20.2/src/race.rs:334:30\n    |\n334 |         pub fn get(&self) -> Option<&T> {\n    |                              ^^^^^^ not found in this scope\n    |\nhelp: consider importing this enum\n    |\n295 +     use core::option::Option;\n    |\n\nerror[E0425]: cannot find value `None` in this scope\n   --> /Users/graysonnocera/.cargo/registry/src/index.crates.io-6f17d22bba15001f/once_cell-1.20.2/src/race.rs:337:24\n    |\n337 |                 return None;\n    |                        ^^^^ not found in this scope\n    |\nhelp: consider importing this unit variant\n    |\n295 +     use core::option::Option::None;\n    |\n\nerror[E0425]: cannot find function, tuple struct or tuple variant `Some` in this scope\n   --> /Users/graysonnocera/.cargo/registry/src/index.crates.io-6f17d22bba15001f/once_cell-1.20.2/src/race.rs:339:13\n    |\n339 |             Some(unsafe { &*ptr })\n    |             ^^^^ not found in this scope\n    |\nhelp: consider importing this tuple variant\n    |\n295 +     use core::option::Option::Some;\n    |\n\nerror[E0412]: cannot find type `Result` in this scope\n   --> /Users/graysonnocera/.cargo/registry/src/index.crates.io-6f17d22bba15001f/once_cell-1.20.2/src/race.rs:346:45\n    |\n346 |         pub fn set(&self, value: Box<T>) -> Result<(), Box<T>> {\n    |                                             ^^^^^^ not found in this scope\n    |\nhelp: consider importing one of these items\n    |\n295 +     use core::fmt::Result;\n    |\n295 +     use core::result::Result;\n    |\n295 +     use alloc::fmt::Result;\n    |\n\nerror[E0425]: cannot find function, tuple struct or tuple variant `Err` in this scope\n   --> /Users/graysonnocera/.cargo/registry/src/index.crates.io-6f17d22bba15001f/once_cell-1.20.2/src/race.rs:356:24\n    |\n356 |                 return Err(value);\n    |                        ^^^ not found in this scope\n    |\nhelp: consider importing this tuple variant\n    |\n295 +     use core::result::Result::Err;\n    |\n\nerror[E0425]: cannot find function, tuple struct or tuple variant `Ok` in this scope\n   --> /Users/graysonnocera/.cargo/registry/src/index.crates.io-6f17d22bba15001f/once_cell-1.20.2/src/race.rs:358:13\n    |\n358 |             Ok(())\n    |             ^^ not found in this scope\n    |\nhelp: consider importing this tuple variant\n    |\n295 +     use core::result::Result::Ok;\n    |\n\nerror[E0405]: cannot find trait `FnOnce` in this scope\n   --> /Users/graysonnocera/.cargo/registry/src/index.crates.io-6f17d22bba15001f/once_cell-1.20.2/src/race.rs:369:16\n    |\n369 |             F: FnOnce() -> Box<T>,\n    |                ^^^^^^ not found in this scope\n    |\nhelp: consider importing this trait\n    |\n295 +     use core::ops::FnOnce;\n    |\n\nerror[E0425]: cannot find function, tuple struct or tuple variant `Ok` in this scope\n   --> /Users/graysonnocera/.cargo/registry/src/index.crates.io-6f17d22bba15001f/once_cell-1.20.2/src/race.rs:372:43\n    |\n372 |             match self.get_or_try_init(|| Ok::<Box<T>, Void>(f())) {\n    |                                           ^^ not found in this scope\n    |\nhelp: consider importing this tuple variant\n    |\n295 +     use core::result::Result::Ok;\n    |\n\nerror[E0531]: cannot find tuple struct or tuple variant `Ok` in this scope\n   --> /Users/graysonnocera/.cargo/registry/src/index.crates.io-6f17d22bba15001f/once_cell-1.20.2/src/race.rs:373:17\n    |\n373 |                 Ok(val) => val,\n    |                 ^^ not found in this scope\n    |\nhelp: consider importing this tuple variant\n    |\n295 +     use core::result::Result::Ok;\n    |\n\nerror[E0531]: cannot find tuple struct or tuple variant `Err` in this scope\n   --> /Users/graysonnocera/.cargo/registry/src/index.crates.io-6f17d22bba15001f/once_cell-1.20.2/src/race.rs:374:17\n    |\n374 |                 Err(void) => match void {},\n    |                 ^^^ not found in this scope\n    |\nhelp: consider importing this tuple variant\n    |\n295 +     use core::result::Result::Err;\n    |\n\nerror[E0405]: cannot find trait `FnOnce` in this scope\n   --> /Users/graysonnocera/.cargo/registry/src/index.crates.io-6f17d22bba15001f/once_cell-1.20.2/src/race.rs:387:16\n    |\n387 |             F: FnOnce() -> Result<Box<T>, E>,\n    |                ^^^^^^ not found in this scope\n    |\nhelp: consider importing this trait\n    |\n295 +     use core::ops::FnOnce;\n    |\n\nerror[E0412]: cannot find type `Result` in this scope\n   --> /Users/graysonnocera/.cargo/registry/src/index.crates.io-6f17d22bba15001f/once_cell-1.20.2/src/race.rs:387:28\n    |\n387 |             F: FnOnce() -> Result<Box<T>, E>,\n    |                            ^^^^^^ not found in this scope\n    |\nhelp: consider importing one of these items\n    |\n295 +     use core::fmt::Result;\n    |\n295 +     use core::result::Result;\n    |\n295 +     use alloc::fmt::Result;\n    |\n\nerror[E0412]: cannot find type `Result` in this scope\n   --> /Users/graysonnocera/.cargo/registry/src/index.crates.io-6f17d22bba15001f/once_cell-1.20.2/src/race.rs:385:54\n    |\n385 |         pub fn get_or_try_init<F, E>(&self, f: F) -> Result<&T, E>\n    |                                                      ^^^^^^ not found in this scope\n    |\nhelp: consider importing one of these items\n    |\n295 +     use core::fmt::Result;\n    |\n295 +     use core::result::Result;\n    |\n295 +     use alloc::fmt::Result;\n    |\n\nerror[E0531]: cannot find tuple struct or tuple variant `Err` in this scope\n   --> /Users/graysonnocera/.cargo/registry/src/index.crates.io-6f17d22bba15001f/once_cell-1.20.2/src/race.rs:400:24\n    |\n400 |                 if let Err(old) = exchange {\n    |                        ^^^ not found in this scope\n    |\nhelp: consider importing this tuple variant\n    |\n295 +     use core::result::Result::Err;\n    |\n\nerror[E0425]: cannot find function `drop` in this scope\n   --> /Users/graysonnocera/.cargo/registry/src/index.crates.io-6f17d22bba15001f/once_cell-1.20.2/src/race.rs:401:21\n    |\n401 |                     drop(unsafe { Box::from_raw(ptr) });\n    |                     ^^^^ not found in this scope\n    |\nhelp: consider importing this function\n    |\n295 +     use core::mem::drop;\n    |\n\nerror[E0425]: cannot find function, tuple struct or tuple variant `Ok` in this scope\n   --> /Users/graysonnocera/.cargo/registry/src/index.crates.io-6f17d22bba15001f/once_cell-1.20.2/src/race.rs:405:13\n    |\n405 |             Ok(unsafe { &*ptr })\n    |             ^^ not found in this scope\n    |\nhelp: consider importing this tuple variant\n    |\n295 +     use core::result::Result::Ok;\n    |\n\nerror[E0405]: cannot find trait `Sync` in this scope\n   --> /Users/graysonnocera/.cargo/registry/src/index.crates.io-6f17d22bba15001f/once_cell-1.20.2/src/race.rs:409:33\n    |\n409 |     unsafe impl<T: Sync + Send> Sync for OnceBox<T> {}\n    |                                 ^^^^ not found in this scope\n    |\nhelp: consider importing this trait\n    |\n295 +     use core::marker::Sync;\n    |\n\nerror[E0405]: cannot find trait `Sync` in this scope\n   --> /Users/graysonnocera/.cargo/registry/src/index.crates.io-6f17d22bba15001f/once_cell-1.20.2/src/race.rs:409:20\n    |\n409 |     unsafe impl<T: Sync + Send> Sync for OnceBox<T> {}\n    |                    ^^^^ not found in this scope\n    |\nhelp: consider importing this trait\n    |\n295 +     use core::marker::Sync;\n    |\n\nerror[E0405]: cannot find trait `Send` in this scope\n   --> /Users/graysonnocera/.cargo/registry/src/index.crates.io-6f17d22bba15001f/once_cell-1.20.2/src/race.rs:409:27\n    |\n409 |     unsafe impl<T: Sync + Send> Sync for OnceBox<T> {}\n    |                           ^^^^ not found in this scope\n    |\nhelp: consider importing this trait\n    |\n295 +     use core::marker::Send;\n    |\n\nerror[E0392]: type parameter `T` is never used\n   --> /Users/graysonnocera/.cargo/registry/src/index.crates.io-6f17d22bba15001f/once_cell-1.20.2/src/lib.rs:901:25\n    |\n901 |     pub struct OnceCell<T>(Imp<T>);\n    |                         ^      - `T` is named here, but is likely unused in the containing type\n    |                         |\n    |                         unused type parameter\n    |\n    = help: consider removing `T`, referring to it in a field, or using a marker such as `PhantomData`\n    = help: if you intended `T` to be a const parameter, use `const T: /* Type */` instead\n\nSome errors have detailed explanations: E0392, E0405, E0408, E0412, E0425, E0463, E0531.\nFor more information about an error, try `rustc --explain E0392`.\nerror: could not compile `once_cell` (lib) due to 225 previous errors\n",
      "stdout": ""
    },
    "features": [],
    "project": "../../../Downloads/695-Project/dataset/nostd-failed-crates/crates/ra_ap_hir_def-0.0.200/src",
    "time_to_build": 3233,
    "time_to_solve": 1051
  }
]