[
  {
    "built_with_features": null,
    "command": {
      "args": [
        "build",
        "--target",
        "thumbv7m-none-eabi",
        "--no-default-features"
      ],
      "code": 101,
      "stderr": "   Compiling memchr v2.7.4\n   Compiling option-ext v0.2.0\n   Compiling bytes v1.9.0\n   Compiling clf v0.1.9\n   Compiling errno v0.3.10\n   Compiling syn v2.0.90\n   Compiling spin v0.9.8\nerror[E0463]: can't find crate for `std`\n  |\n  = note: the `thumbv7m-none-eabi` target may not support the standard library\n  = note: `std` is required by `option_ext` because it does not declare `#![no_std]`\n\nerror[E0583]: file not found for module `sys`\n  --> /Users/graysonnocera/.cargo/registry/src/index.crates.io-6f17d22bba15001f/errno-0.3.10/src/lib.rs:26:1\n   |\n26 | mod sys;\n   | ^^^^^^^^\n   |\n   = help: to create the module `sys`, create file \"/Users/graysonnocera/.cargo/registry/src/index.crates.io-6f17d22bba15001f/errno-0.3.10/src/sys.rs\" or \"/Users/graysonnocera/.cargo/registry/src/index.crates.io-6f17d22bba15001f/errno-0.3.10/src/sys/mod.rs\"\n   = note: if there is a `mod sys` elsewhere in the crate already, import it with `use crate::...` instead\n\nerror[E0463]: can't find crate for `std`\n  |\n  = note: the `thumbv7m-none-eabi` target may not support the standard library\n  = note: `std` is required by `errno` because it does not declare `#![no_std]`\n\nerror[E0412]: cannot find type `Option` in this scope\n --> /Users/graysonnocera/.cargo/registry/src/index.crates.io-6f17d22bba15001f/option-ext-0.2.0/src/impl.rs:3:26\n  |\n3 | impl<T> OptionExt<T> for Option<T> {\n  |                          ^^^^^^ not found in this scope\n\nerror[E0405]: cannot find trait `PartialEq` in this scope\n --> /Users/graysonnocera/.cargo/registry/src/index.crates.io-6f17d22bba15001f/option-ext-0.2.0/src/impl.rs:4:51\n  |\n4 |     fn contains<U>(&self, x: &U) -> bool where U: PartialEq<T> {\n  |                                                   ^^^^^^^^^ not found in this scope\n\nerror[E0531]: cannot find tuple struct or tuple variant `Some` in this scope\n --> /Users/graysonnocera/.cargo/registry/src/index.crates.io-6f17d22bba15001f/option-ext-0.2.0/src/impl.rs:6:13\n  |\n6 |             Some(ref y) => x == y,\n  |             ^^^^ not found in this scope\n\nerror[E0405]: cannot find trait `FnOnce` in this scope\n  --> /Users/graysonnocera/.cargo/registry/src/index.crates.io-6f17d22bba15001f/option-ext-0.2.0/src/impl.rs:12:22\n   |\n12 |     fn map_or2<U, F: FnOnce(T) -> U>(self, f: F, default: U) -> U {\n   |                      ^^^^^^ not found in this scope\n\nerror[E0405]: cannot find trait `FnOnce` in this scope\n  --> /Users/graysonnocera/.cargo/registry/src/index.crates.io-6f17d22bba15001f/option-ext-0.2.0/src/impl.rs:17:27\n   |\n17 |     fn map_or_else2<U, F: FnOnce(T) -> U, D: FnOnce() -> U>(self, f: F, default: D) -> U {\n   |                           ^^^^^^ not found in this scope\n\nerror[E0405]: cannot find trait `FnOnce` in this scope\n  --> /Users/graysonnocera/.cargo/registry/src/index.crates.io-6f17d22bba15001f/option-ext-0.2.0/src/impl.rs:17:46\n   |\n17 |     fn map_or_else2<U, F: FnOnce(T) -> U, D: FnOnce() -> U>(self, f: F, default: D) -> U {\n   |                                              ^^^^^^ not found in this scope\n\nerror[E0405]: cannot find trait `PartialEq` in this scope\n  --> /Users/graysonnocera/.cargo/registry/src/index.crates.io-6f17d22bba15001f/option-ext-0.2.0/src/lib.rs:22:51\n   |\n22 |     fn contains<U>(&self, x: &U) -> bool where U: PartialEq<T>;\n   |                                                   ^^^^^^^^^ not found in this scope\n\nerror[E0405]: cannot find trait `FnOnce` in this scope\n  --> /Users/graysonnocera/.cargo/registry/src/index.crates.io-6f17d22bba15001f/option-ext-0.2.0/src/lib.rs:45:22\n   |\n45 |     fn map_or2<U, F: FnOnce(T) -> U>(self, f: F, default: U) -> U;\n   |                      ^^^^^^ not found in this scope\n\nerror[E0405]: cannot find trait `FnOnce` in this scope\n  --> /Users/graysonnocera/.cargo/registry/src/index.crates.io-6f17d22bba15001f/option-ext-0.2.0/src/lib.rs:70:27\n   |\n70 |     fn map_or_else2<U, F: FnOnce(T) -> U, D: FnOnce() -> U>(self, f: F, default: D) -> U;\n   |                           ^^^^^^ not found in this scope\n\nerror[E0405]: cannot find trait `FnOnce` in this scope\n  --> /Users/graysonnocera/.cargo/registry/src/index.crates.io-6f17d22bba15001f/option-ext-0.2.0/src/lib.rs:70:46\n   |\n70 |     fn map_or_else2<U, F: FnOnce(T) -> U, D: FnOnce() -> U>(self, f: F, default: D) -> U;\n   |                                              ^^^^^^ not found in this scope\n\nerror[E0463]: can't find crate for `std`\n  --> /Users/graysonnocera/.cargo/registry/src/index.crates.io-6f17d22bba15001f/errno-0.3.10/src/lib.rs:30:5\n   |\n30 | use std::error::Error;\n   |     ^^^ can't find crate\n   |\n   = note: the `thumbv7m-none-eabi` target may not support the standard library\n\nerror[E0463]: can't find crate for `std`\n  --> /Users/graysonnocera/.cargo/registry/src/index.crates.io-6f17d22bba15001f/errno-0.3.10/src/lib.rs:32:5\n   |\n32 | use std::io;\n   |     ^^^ can't find crate\n   |\n   = note: the `thumbv7m-none-eabi` target may not support the standard library\n\nSome errors have detailed explanations: E0405, E0412, E0463, E0531.\nFor more information about an error, try `rustc --explain E0405`.\nerror: could not compile `option-ext` (lib) due to 11 previous errors\nwarning: build failed, waiting for other jobs to finish...\nerror[E0463]: can't find crate for `std`\n   --> /Users/graysonnocera/.cargo/registry/src/index.crates.io-6f17d22bba15001f/memchr-2.7.4/src/lib.rs:198:1\n    |\n198 | extern crate std;\n    | ^^^^^^^^^^^^^^^^^ can't find crate\n    |\n    = note: the `thumbv7m-none-eabi` target may not support the standard library\n\nerror[E0463]: can't find crate for `std`\n  --> /Users/graysonnocera/.cargo/registry/src/index.crates.io-6f17d22bba15001f/bytes-1.9.0/src/lib.rs:78:1\n   |\n78 | extern crate std;\n   | ^^^^^^^^^^^^^^^^^ can't find crate\n   |\n   = note: the `thumbv7m-none-eabi` target may not support the standard library\n\nerror: cannot find attribute `test` in this scope\n   --> /Users/graysonnocera/.cargo/registry/src/index.crates.io-6f17d22bba15001f/errno-0.3.10/src/lib.rs:151:3\n    |\n151 | #[test]\n    |   ^^^^\n    |\nhelp: consider importing this attribute macro\n    |\n28  + use core::prelude::rust_2024::test;\n    |\n\nerror: cannot find macro `assert_eq` in this scope\n   --> /Users/graysonnocera/.cargo/registry/src/index.crates.io-6f17d22bba15001f/errno-0.3.10/src/lib.rs:157:5\n    |\n157 |     assert_eq!(error.kind(), new_error.kind());\n    |     ^^^^^^^^^\n    |\nhelp: consider importing this macro\n    |\n28  + use core::assert_eq;\n    |\n\nerror: cannot find attribute `test` in this scope\n   --> /Users/graysonnocera/.cargo/registry/src/index.crates.io-6f17d22bba15001f/errno-0.3.10/src/lib.rs:117:3\n    |\n117 | #[test]\n    |   ^^^^\n    |\nhelp: consider importing this attribute macro\n    |\n28  + use core::prelude::rust_2024::test;\n    |\n\nerror: cannot find macro `cfg` in this scope\n   --> /Users/graysonnocera/.cargo/registry/src/index.crates.io-6f17d22bba15001f/errno-0.3.10/src/lib.rs:119:21\n    |\n119 |     let expect = if cfg!(windows) {\n    |                     ^^^\n    |\n    = note: `cfg` is in scope, but it is an attribute: `#[cfg]`\nhelp: consider importing this macro\n    |\n28  + use core::cfg;\n    |\n\nerror: cannot find macro `cfg` in this scope\n   --> /Users/graysonnocera/.cargo/registry/src/index.crates.io-6f17d22bba15001f/errno-0.3.10/src/lib.rs:121:15\n    |\n121 |     } else if cfg!(target_os = \"illumos\") {\n    |               ^^^\n    |\n    = note: `cfg` is in scope, but it is an attribute: `#[cfg]`\nhelp: consider importing this macro\n    |\n28  + use core::cfg;\n    |\n\nerror: cannot find macro `cfg` in this scope\n   --> /Users/graysonnocera/.cargo/registry/src/index.crates.io-6f17d22bba15001f/errno-0.3.10/src/lib.rs:123:15\n    |\n123 |     } else if cfg!(target_os = \"wasi\") || cfg!(target_os = \"emscripten\") {\n    |               ^^^\n    |\n    = note: `cfg` is in scope, but it is an attribute: `#[cfg]`\nhelp: consider importing this macro\n    |\n28  + use core::cfg;\n    |\n\nerror: cannot find macro `cfg` in this scope\n   --> /Users/graysonnocera/.cargo/registry/src/index.crates.io-6f17d22bba15001f/errno-0.3.10/src/lib.rs:123:43\n    |\n123 |     } else if cfg!(target_os = \"wasi\") || cfg!(target_os = \"emscripten\") {\n    |                                           ^^^\n    |\n    = note: `cfg` is in scope, but it is an attribute: `#[cfg]`\nhelp: consider importing this macro\n    |\n28  + use core::cfg;\n    |\n\nerror: cannot find macro `cfg` in this scope\n   --> /Users/graysonnocera/.cargo/registry/src/index.crates.io-6f17d22bba15001f/errno-0.3.10/src/lib.rs:125:15\n    |\n125 |     } else if cfg!(target_os = \"haiku\") {\n    |               ^^^\n    |\n    = note: `cfg` is in scope, but it is an attribute: `#[cfg]`\nhelp: consider importing this macro\n    |\n28  + use core::cfg;\n    |\n\nerror: cannot find macro `cfg` in this scope\n   --> /Users/graysonnocera/.cargo/registry/src/index.crates.io-6f17d22bba15001f/errno-0.3.10/src/lib.rs:131:25\n    |\n131 |     let errno_code = if cfg!(target_os = \"haiku\") {\n    |                         ^^^\n    |\n    = note: `cfg` is in scope, but it is an attribute: `#[cfg]`\nhelp: consider importing this macro\n    |\n28  + use core::cfg;\n    |\n\nerror: cannot find macro `cfg` in this scope\n   --> /Users/graysonnocera/.cargo/registry/src/index.crates.io-6f17d22bba15001f/errno-0.3.10/src/lib.rs:133:15\n    |\n133 |     } else if cfg!(target_os = \"hurd\") {\n    |               ^^^\n    |\n    = note: `cfg` is in scope, but it is an attribute: `#[cfg]`\nhelp: consider importing this macro\n    |\n28  + use core::cfg;\n    |\n\nerror: cannot find macro `assert_eq` in this scope\n   --> /Users/graysonnocera/.cargo/registry/src/index.crates.io-6f17d22bba15001f/errno-0.3.10/src/lib.rs:140:5\n    |\n140 |     assert_eq!(errno().to_string(), expect);\n    |     ^^^^^^^^^\n    |\nhelp: consider importing this macro\n    |\n28  + use core::assert_eq;\n    |\n\nerror: cannot find macro `assert_eq` in this scope\n   --> /Users/graysonnocera/.cargo/registry/src/index.crates.io-6f17d22bba15001f/errno-0.3.10/src/lib.rs:141:5\n    |\n141 |     assert_eq!(\n    |     ^^^^^^^^^\n    |\nhelp: consider importing this macro\n    |\n28  + use core::assert_eq;\n    |\n\nerror: cannot find attribute `test` in this scope\n   --> /Users/graysonnocera/.cargo/registry/src/index.crates.io-6f17d22bba15001f/errno-0.3.10/src/lib.rs:110:3\n    |\n110 | #[test]\n    |   ^^^^\n    |\nhelp: consider importing this attribute macro\n    |\n28  + use core::prelude::rust_2024::test;\n    |\n\nerror: cannot find attribute `test` in this scope\n   --> /Users/graysonnocera/.cargo/registry/src/index.crates.io-6f17d22bba15001f/errno-0.3.10/src/lib.rs:103:3\n    |\n103 | #[test]\n    |   ^^^^\n    |\nhelp: consider importing this attribute macro\n    |\n28  + use core::prelude::rust_2024::test;\n    |\n\nerror: cannot find macro `write` in this scope\n  --> /Users/graysonnocera/.cargo/registry/src/index.crates.io-6f17d22bba15001f/errno-0.3.10/src/lib.rs:60:28\n   |\n60 |             Err(fm_err) => write!(\n   |                            ^^^^^\n   |\nhelp: consider importing this macro\n   |\n28 + use core::write;\n   |\n\nerror: cannot find attribute `derive` in this scope\n  --> /Users/graysonnocera/.cargo/registry/src/index.crates.io-6f17d22bba15001f/errno-0.3.10/src/lib.rs:42:3\n   |\n42 | #[derive(Copy, Clone, Eq, Ord, PartialEq, PartialOrd, Hash)]\n   |   ^^^^^^\n   |\nhelp: consider importing this attribute macro\n   |\n28 + use core::prelude::rust_2024::derive;\n   |\n\nerror[E0425]: cannot find function `with_description` in module `sys`\n  --> /Users/graysonnocera/.cargo/registry/src/index.crates.io-6f17d22bba15001f/errno-0.3.10/src/lib.rs:47:14\n   |\n47 |         sys::with_description(*self, |desc| {\n   |              ^^^^^^^^^^^^^^^^ not found in `sys`\n\nerror[E0425]: cannot find function `with_description` in module `sys`\n  --> /Users/graysonnocera/.cargo/registry/src/index.crates.io-6f17d22bba15001f/errno-0.3.10/src/lib.rs:58:14\n   |\n58 |         sys::with_description(*self, |desc| match desc {\n   |              ^^^^^^^^^^^^^^^^ not found in `sys`\n\nerror[E0531]: cannot find tuple struct or tuple variant `Ok` in this scope\n  --> /Users/graysonnocera/.cargo/registry/src/index.crates.io-6f17d22bba15001f/errno-0.3.10/src/lib.rs:59:13\n   |\n59 |             Ok(desc) => fmt.write_str(desc),\n   |             ^^ not found in this scope\n   |\nhelp: consider importing this tuple variant\n   |\n28 + use core::result::Result::Ok;\n   |\n\nerror[E0531]: cannot find tuple struct or tuple variant `Err` in this scope\n  --> /Users/graysonnocera/.cargo/registry/src/index.crates.io-6f17d22bba15001f/errno-0.3.10/src/lib.rs:60:13\n   |\n60 |             Err(fm_err) => write!(\n   |             ^^^ not found in this scope\n   |\nhelp: consider importing this tuple variant\n   |\n28 + use core::result::Result::Err;\n   |\n\nerror[E0405]: cannot find trait `From` in this scope\n  --> /Users/graysonnocera/.cargo/registry/src/index.crates.io-6f17d22bba15001f/errno-0.3.10/src/lib.rs:71:6\n   |\n71 | impl From<Errno> for i32 {\n   |      ^^^^ not found in this scope\n   |\nhelp: consider importing this trait\n   |\n28 + use core::convert::From;\n   |\n\nerror[E0405]: cannot find trait `From` in this scope\n  --> /Users/graysonnocera/.cargo/registry/src/index.crates.io-6f17d22bba15001f/errno-0.3.10/src/lib.rs:87:6\n   |\n87 | impl From<Errno> for io::Error {\n   |      ^^^^ not found in this scope\n   |\nhelp: consider importing this trait\n   |\n28 + use core::convert::From;\n   |\n\nerror[E0425]: cannot find function `errno` in module `sys`\n  --> /Users/graysonnocera/.cargo/registry/src/index.crates.io-6f17d22bba15001f/errno-0.3.10/src/lib.rs:95:10\n   |\n95 |     sys::errno()\n   |          ^^^^^ not found in `sys`\n\nerror[E0425]: cannot find function `set_errno` in module `sys`\n   --> /Users/graysonnocera/.cargo/registry/src/index.crates.io-6f17d22bba15001f/errno-0.3.10/src/lib.rs:100:10\n    |\n100 |     sys::set_errno(err)\n    |          ^^^^^^^^^ not found in `sys`\n\nSome errors have detailed explanations: E0405, E0425, E0463, E0531, E0583.\nerror: could not compile `errno` (lib) due to 28 previous errors\nFor more information about this error, try `rustc --explain E0463`.\nerror: could not compile `bytes` (lib) due to 1 previous error\nerror: could not compile `memchr` (lib) due to 1 previous error\nThe following warnings were emitted during compilation:\n\nwarning: clf@0.1.9: Compiler family detection failed due to error: ToolNotFound: Failed to find tool. Is `arm-none-eabi-gcc` installed?\nwarning: clf@0.1.9: Compiler family detection failed due to error: ToolNotFound: Failed to find tool. Is `arm-none-eabi-gcc` installed?\n\nerror: failed to run custom build command for `clf v0.1.9`\n\nCaused by:\n  process didn't exit successfully: `/Users/graysonnocera/Downloads/695-Project/dataset/nostd-failed-crates/crates/reloaded-memory-buffers-4.1.0/target/debug/build/clf-4637598a8474d2da/build-script-build` (exit status: 1)\n  --- stdout\n  cargo:rerun-if-changed=src/c/clf.c\n  OUT_DIR = Some(/Users/graysonnocera/Downloads/695-Project/dataset/nostd-failed-crates/crates/reloaded-memory-buffers-4.1.0/target/thumbv7m-none-eabi/debug/build/clf-04fc22d407f87379/out)\n  OPT_LEVEL = Some(0)\n  TARGET = Some(thumbv7m-none-eabi)\n  HOST = Some(aarch64-apple-darwin)\n  cargo:rerun-if-env-changed=CC_thumbv7m-none-eabi\n  CC_thumbv7m-none-eabi = None\n  cargo:rerun-if-env-changed=CC_thumbv7m_none_eabi\n  CC_thumbv7m_none_eabi = None\n  cargo:rerun-if-env-changed=TARGET_CC\n  TARGET_CC = None\n  cargo:rerun-if-env-changed=CC\n  CC = None\n  cargo:rerun-if-env-changed=CROSS_COMPILE\n  CROSS_COMPILE = None\n  RUSTC_LINKER = None\n  cargo:rerun-if-env-changed=CC_ENABLE_DEBUG_OUTPUT\n  cargo:warning=Compiler family detection failed due to error: ToolNotFound: Failed to find tool. Is `arm-none-eabi-gcc` installed?\n  RUSTC_WRAPPER = None\n  cargo:rerun-if-env-changed=CRATE_CC_NO_DEFAULTS\n  CRATE_CC_NO_DEFAULTS = None\n  DEBUG = Some(true)\n  cargo:rerun-if-env-changed=CFLAGS_thumbv7m-none-eabi\n  CFLAGS_thumbv7m-none-eabi = None\n  cargo:rerun-if-env-changed=CFLAGS_thumbv7m_none_eabi\n  CFLAGS_thumbv7m_none_eabi = None\n  cargo:rerun-if-env-changed=TARGET_CFLAGS\n  TARGET_CFLAGS = None\n  cargo:rerun-if-env-changed=CFLAGS\n  CFLAGS = None\n  CARGO_ENCODED_RUSTFLAGS = Some()\n  OUT_DIR = Some(/Users/graysonnocera/Downloads/695-Project/dataset/nostd-failed-crates/crates/reloaded-memory-buffers-4.1.0/target/thumbv7m-none-eabi/debug/build/clf-04fc22d407f87379/out)\n  cargo:rerun-if-env-changed=CC_ENABLE_DEBUG_OUTPUT\n  cargo:warning=Compiler family detection failed due to error: ToolNotFound: Failed to find tool. Is `arm-none-eabi-gcc` installed?\n  cargo:rerun-if-env-changed=CRATE_CC_NO_DEFAULTS\n  CRATE_CC_NO_DEFAULTS = None\n  TARGET = Some(thumbv7m-none-eabi)\n  CARGO_CFG_TARGET_FEATURE = None\n  HOST = Some(aarch64-apple-darwin)\n  cargo:rerun-if-env-changed=CFLAGS_thumbv7m-none-eabi\n  CFLAGS_thumbv7m-none-eabi = None\n  cargo:rerun-if-env-changed=CFLAGS_thumbv7m_none_eabi\n  CFLAGS_thumbv7m_none_eabi = None\n  cargo:rerun-if-env-changed=TARGET_CFLAGS\n  TARGET_CFLAGS = None\n  cargo:rerun-if-env-changed=CFLAGS\n  CFLAGS = None\n\n  --- stderr\n\n\n  error occurred in cc-rs: Failed to find tool. Is `arm-none-eabi-gcc` installed?\n\n\n",
      "stdout": ""
    },
    "features": [
      "std"
    ],
    "project": "../../../Downloads/695-Project/dataset/nostd-failed-crates/crates/reloaded-memory-buffers-4.1.0/src",
    "time_to_build": 1290,
    "time_to_solve": 177
  }
]