[
  {
    "built_with_features": null,
    "command": {
      "args": [
        "build",
        "--target",
        "thumbv7m-none-eabi",
        "--no-default-features"
      ],
      "code": 101,
      "stderr": "   Compiling futures-sink v0.3.31\n   Compiling futures-core v0.3.31\n   Compiling memchr v2.7.4\n   Compiling futures-task v0.3.31\n   Compiling futures-io v0.3.31\n   Compiling once_cell v1.20.2\n   Compiling slab v0.4.9\n   Compiling syn v2.0.90\nerror[E0463]: can't find crate for `std`\n  |\n  = note: the `thumbv7m-none-eabi` target may not support the standard library\n  = note: `std` is required by `slab` because it does not declare `#![no_std]`\n\nerror[E0463]: can't find crate for `std`\n   --> /Users/graysonnocera/.cargo/registry/src/index.crates.io-6f17d22bba15001f/slab-0.4.9/src/lib.rs:116:1\n    |\n116 | extern crate std as alloc;\n    | ^^^^^^^^^^^^^^^^^^^^^^^^^^ can't find crate\n    |\n    = note: the `thumbv7m-none-eabi` target may not support the standard library\n\nerror[E0463]: can't find crate for `std`\n  --> /Users/graysonnocera/.cargo/registry/src/index.crates.io-6f17d22bba15001f/futures-io-0.3.31/src/lib.rs:23:1\n   |\n23 | extern crate std;\n   | ^^^^^^^^^^^^^^^^^ can't find crate\n   |\n   = note: the `thumbv7m-none-eabi` target may not support the standard library\n\nerror[E0463]: can't find crate for `std`\n  |\n  = note: the `thumbv7m-none-eabi` target may not support the standard library\n  = note: `std` is required by `once_cell` because it does not declare `#![no_std]`\n\nerror[E0432]: unresolved imports `io::Error`, `io::ErrorKind`, `io::IoSlice`, `io::IoSliceMut`, `io::Result`, `io::SeekFrom`\n  --> /Users/graysonnocera/.cargo/registry/src/index.crates.io-6f17d22bba15001f/futures-io-0.3.31/src/lib.rs:38:18\n   |\n38 |     pub use io::{Error, ErrorKind, IoSlice, IoSliceMut, Result, SeekFrom};\n   |                  ^^^^^  ^^^^^^^^^  ^^^^^^^  ^^^^^^^^^^  ^^^^^^  ^^^^^^^^\n\nerror[E0463]: can't find crate for `std`\n  --> /Users/graysonnocera/.cargo/registry/src/index.crates.io-6f17d22bba15001f/futures-sink-0.3.31/src/lib.rs:19:1\n   |\n19 | extern crate std;\n   | ^^^^^^^^^^^^^^^^^ can't find crate\n   |\n   = note: the `thumbv7m-none-eabi` target may not support the standard library\n\nerror: cannot find macro `debug_assert_eq` in this scope\n    --> /Users/graysonnocera/.cargo/registry/src/index.crates.io-6f17d22bba15001f/slab-0.4.9/src/lib.rs:1578:9\n     |\n1578 |         debug_assert_eq!(self.len, 0);\n     |         ^^^^^^^^^^^^^^^\n     |\nhelp: consider importing this macro\n     |\n123  + use core::debug_assert_eq;\n     |\n\nSome errors have detailed explanations: E0432, E0463.\nFor more information about an error, try `rustc --explain E0432`.\nerror[E0463]: can't find crate for `std`\n  --> /Users/graysonnocera/.cargo/registry/src/index.crates.io-6f17d22bba15001f/futures-task-0.3.31/src/lib.rs:16:1\n   |\n16 | extern crate std;\n   | ^^^^^^^^^^^^^^^^^ can't find crate\n   |\n   = note: the `thumbv7m-none-eabi` target may not support the standard library\n\nerror: cannot find macro `debug_assert_eq` in this scope\n    --> /Users/graysonnocera/.cargo/registry/src/index.crates.io-6f17d22bba15001f/slab-0.4.9/src/lib.rs:1560:9\n     |\n1560 |         debug_assert_eq!(self.len, 0);\n     |         ^^^^^^^^^^^^^^^\n     |\nhelp: consider importing this macro\n     |\n123  + use core::debug_assert_eq;\n     |\n\nerror: cannot find macro `debug_assert_eq` in this scope\n    --> /Users/graysonnocera/.cargo/registry/src/index.crates.io-6f17d22bba15001f/slab-0.4.9/src/lib.rs:1534:9\n     |\n1534 |         debug_assert_eq!(self.len, 0);\n     |         ^^^^^^^^^^^^^^^\n     |\nhelp: consider importing this macro\n     |\n123  + use core::debug_assert_eq;\n     |\n\nerror: cannot find macro `debug_assert_eq` in this scope\n    --> /Users/graysonnocera/.cargo/registry/src/index.crates.io-6f17d22bba15001f/slab-0.4.9/src/lib.rs:1516:9\n     |\n1516 |         debug_assert_eq!(self.len, 0);\n     |         ^^^^^^^^^^^^^^^\n     |\nhelp: consider importing this macro\n     |\n123  + use core::debug_assert_eq;\n     |\n\nerror: cannot find macro `debug_assert_eq` in this scope\n    --> /Users/graysonnocera/.cargo/registry/src/index.crates.io-6f17d22bba15001f/slab-0.4.9/src/lib.rs:1490:9\n     |\n1490 |         debug_assert_eq!(self.len, 0);\n     |         ^^^^^^^^^^^^^^^\n     |\nhelp: consider importing this macro\n     |\n123  + use core::debug_assert_eq;\n     |\n\nerror[E0463]: can't find crate for `std`\n  --> /Users/graysonnocera/.cargo/registry/src/index.crates.io-6f17d22bba15001f/futures-core-0.3.31/src/lib.rs:16:1\n   |\n16 | extern crate std;\n   | ^^^^^^^^^^^^^^^^^ can't find crate\n   |\n   = note: the `thumbv7m-none-eabi` target may not support the standard library\n\nerror[E0463]: can't find crate for `std`\n   --> /Users/graysonnocera/.cargo/registry/src/index.crates.io-6f17d22bba15001f/memchr-2.7.4/src/lib.rs:198:1\n    |\n198 | extern crate std;\n    | ^^^^^^^^^^^^^^^^^ can't find crate\n    |\n    = note: the `thumbv7m-none-eabi` target may not support the standard library\n\nerror: cannot find macro `debug_assert_eq` in this scope\n    --> /Users/graysonnocera/.cargo/registry/src/index.crates.io-6f17d22bba15001f/slab-0.4.9/src/lib.rs:1472:9\n     |\n1472 |         debug_assert_eq!(self.len, 0);\n     |         ^^^^^^^^^^^^^^^\n     |\nhelp: consider importing this macro\n     |\n123  + use core::debug_assert_eq;\n     |\n\nerror: cannot find macro `debug_assert_eq` in this scope\n    --> /Users/graysonnocera/.cargo/registry/src/index.crates.io-6f17d22bba15001f/slab-0.4.9/src/lib.rs:1446:9\n     |\n1446 |         debug_assert_eq!(self.len, 0);\n     |         ^^^^^^^^^^^^^^^\n     |\nhelp: consider importing this macro\n     |\n123  + use core::debug_assert_eq;\n     |\n\nerror: could not compile `futures-io` (lib) due to 2 previous errors\nwarning: build failed, waiting for other jobs to finish...\nerror: cannot find macro `debug_assert_eq` in this scope\n    --> /Users/graysonnocera/.cargo/registry/src/index.crates.io-6f17d22bba15001f/slab-0.4.9/src/lib.rs:1428:9\n     |\n1428 |         debug_assert_eq!(self.len, 0);\n     |         ^^^^^^^^^^^^^^^\n     |\nhelp: consider importing this macro\n     |\n123  + use core::debug_assert_eq;\n     |\n\nerror: cannot find macro `unreachable` in this scope\n    --> /Users/graysonnocera/.cargo/registry/src/index.crates.io-6f17d22bba15001f/slab-0.4.9/src/lib.rs:1385:18\n     |\n1385 |             _ => unreachable!(),\n     |                  ^^^^^^^^^^^\n     |\nhelp: consider importing this macro\n     |\n123  + use core::unreachable;\n     |\n\nerror: cannot find macro `panic` in this scope\n    --> /Users/graysonnocera/.cargo/registry/src/index.crates.io-6f17d22bba15001f/slab-0.4.9/src/lib.rs:1220:18\n     |\n1220 |             _ => panic!(\"invalid key\"),\n     |                  ^^^^^\n     |\nhelp: consider importing this macro\n     |\n123  + use core::panic;\n     |\n\nerror: cannot find macro `panic` in this scope\n    --> /Users/graysonnocera/.cargo/registry/src/index.crates.io-6f17d22bba15001f/slab-0.4.9/src/lib.rs:1210:18\n     |\n1210 |             _ => panic!(\"invalid key\"),\n     |                  ^^^^^\n     |\nhelp: consider importing this macro\n     |\n123  + use core::panic;\n     |\n\nerror: cannot find macro `unreachable` in this scope\n    --> /Users/graysonnocera/.cargo/registry/src/index.crates.io-6f17d22bba15001f/slab-0.4.9/src/lib.rs:1035:22\n     |\n1035 |                 _ => unreachable!(),\n     |                      ^^^^^^^^^^^\n     |\nhelp: consider importing this macro\n     |\n123  + use core::unreachable;\n     |\n\nerror: cannot find macro `panic` in this scope\n   --> /Users/graysonnocera/.cargo/registry/src/index.crates.io-6f17d22bba15001f/slab-0.4.9/src/lib.rs:940:13\n    |\n940 |             panic!(\"The reference points to a value outside this slab\");\n    |             ^^^^^\n    |\nhelp: consider importing this macro\n    |\n123 + use core::panic;\n    |\n\nerror: cannot find macro `unreachable` in this scope\n   --> /Users/graysonnocera/.cargo/registry/src/index.crates.io-6f17d22bba15001f/slab-0.4.9/src/lib.rs:890:18\n    |\n890 |             _ => unreachable!(),\n    |                  ^^^^^^^^^^^\n    |\nhelp: consider importing this macro\n    |\n123 + use core::unreachable;\n    |\n\nerror: cannot find macro `debug_assert_ne` in this scope\n   --> /Users/graysonnocera/.cargo/registry/src/index.crates.io-6f17d22bba15001f/slab-0.4.9/src/lib.rs:882:9\n    |\n882 |         debug_assert_ne!(key1, key2);\n    |         ^^^^^^^^^^^^^^^\n    |\nhelp: consider importing this macro\n    |\n123 + use core::debug_assert_ne;\n    |\n\nerror: cannot find macro `unreachable` in this scope\n   --> /Users/graysonnocera/.cargo/registry/src/index.crates.io-6f17d22bba15001f/slab-0.4.9/src/lib.rs:850:18\n    |\n850 |             _ => unreachable!(),\n    |                  ^^^^^^^^^^^\n    |\nhelp: consider importing this macro\n    |\n123 + use core::unreachable;\n    |\n\nerror: cannot find macro `unreachable` in this scope\n   --> /Users/graysonnocera/.cargo/registry/src/index.crates.io-6f17d22bba15001f/slab-0.4.9/src/lib.rs:818:18\n    |\n818 |             _ => unreachable!(),\n    |                  ^^^^^^^^^^^\n    |\nhelp: consider importing this macro\n    |\n123 + use core::unreachable;\n    |\n\nerror: cannot find macro `assert` in this scope\n   --> /Users/graysonnocera/.cargo/registry/src/index.crates.io-6f17d22bba15001f/slab-0.4.9/src/lib.rs:770:9\n    |\n770 |         assert!(key1 != key2);\n    |         ^^^^^^\n    |\nhelp: consider importing this macro\n    |\n123 + use core::assert;\n    |\n\nFor more information about this error, try `rustc --explain E0463`.\nerror: cannot find attribute `derive` in this scope\n   --> /Users/graysonnocera/.cargo/registry/src/index.crates.io-6f17d22bba15001f/slab-0.4.9/src/lib.rs:230:3\n    |\n230 | #[derive(Clone)]\n    |   ^^^^^^\n    |\nhelp: consider importing this attribute macro\n    |\n123 + use core::prelude::rust_2024::derive;\n    |\n\nerror: cannot find attribute `derive` in this scope\n   --> /Users/graysonnocera/.cargo/registry/src/index.crates.io-6f17d22bba15001f/slab-0.4.9/src/lib.rs:191:3\n    |\n191 | #[derive(Debug)]\n    |   ^^^^^^\n    |\nhelp: consider importing this attribute macro\n    |\n123 + use core::prelude::rust_2024::derive;\n    |\n\nerror[E0463]: can't find crate for `std`\n --> /Users/graysonnocera/.cargo/registry/src/index.crates.io-6f17d22bba15001f/once_cell-1.20.2/src/imp_std.rs:6:5\n  |\n6 | use std::{\n  |     ^^^ can't find crate\n  |\n  = note: the `thumbv7m-none-eabi` target may not support the standard library\n\nerror: cannot find macro `unreachable` in this scope\n  --> /Users/graysonnocera/.cargo/registry/src/index.crates.io-6f17d22bba15001f/slab-0.4.9/src/builder.rs:59:13\n   |\n59 |             unreachable!()\n   |             ^^^^^^^^^^^\n   |\nhelp: consider importing this macro\n   |\n1  + use core::unreachable;\n   |\n\nerror: could not compile `futures-sink` (lib) due to 1 previous error\nerror: cannot find macro `unreachable` in this scope\n  --> /Users/graysonnocera/.cargo/registry/src/index.crates.io-6f17d22bba15001f/slab-0.4.9/src/builder.rs:56:22\n   |\n56 |                 _ => unreachable!(),\n   |                      ^^^^^^^^^^^\n   |\nhelp: consider importing this macro\n   |\n1  + use core::unreachable;\n   |\n\nerror: could not compile `futures-task` (lib) due to 1 previous error\nerror: cannot find macro `panic` in this scope\n   --> /Users/graysonnocera/.cargo/registry/src/index.crates.io-6f17d22bba15001f/once_cell-1.20.2/src/lib.rs:753:47\n    |\n753 |                 init.take().unwrap_or_else(|| panic!(\"Lazy instance has previously been poisoned\"))\n    |                                               ^^^^^\n    |\nhelp: consider importing this macro\n    |\n384 +     use core::panic;\n    |\n\nerror: cannot find macro `panic` in this scope\n   --> /Users/graysonnocera/.cargo/registry/src/index.crates.io-6f17d22bba15001f/once_cell-1.20.2/src/lib.rs:776:25\n    |\n776 |                 None => panic!(\"Lazy instance has previously been poisoned\"),\n    |                         ^^^^^\n    |\nhelp: consider importing this macro\n    |\n384 +     use core::panic;\n    |\n\nerror: cannot find macro `panic` in this scope\n   --> /Users/graysonnocera/.cargo/registry/src/index.crates.io-6f17d22bba15001f/once_cell-1.20.2/src/lib.rs:798:29\n    |\n798 |                     None => panic!(\"Lazy instance has previously been poisoned\"),\n    |                             ^^^^^\n    |\nhelp: consider importing this macro\n    |\n384 +     use core::panic;\n    |\n\nerror: could not compile `futures-core` (lib) due to 1 previous error\nerror: cannot find macro `unreachable` in this scope\n   --> /Users/graysonnocera/.cargo/registry/src/index.crates.io-6f17d22bba15001f/once_cell-1.20.2/src/lib.rs:802:51\n    |\n802 |             this.cell.get_mut().unwrap_or_else(|| unreachable!())\n    |                                                   ^^^^^^^^^^^\n    |\nhelp: consider importing this macro\n    |\n384 +     use core::unreachable;\n    |\n\nerror: cannot find macro `panic` in this scope\n    --> /Users/graysonnocera/.cargo/registry/src/index.crates.io-6f17d22bba15001f/once_cell-1.20.2/src/lib.rs:1289:47\n     |\n1289 |                 init.take().unwrap_or_else(|| panic!(\"Lazy instance has previously been poisoned\"))\n     |                                               ^^^^^\n     |\nhelp: consider importing this macro\n     |\n864  +     use core::panic;\n     |\n\nerror: cannot find macro `panic` in this scope\n    --> /Users/graysonnocera/.cargo/registry/src/index.crates.io-6f17d22bba15001f/once_cell-1.20.2/src/lib.rs:1311:25\n     |\n1311 |                 None => panic!(\"Lazy instance has previously been poisoned\"),\n     |                         ^^^^^\n     |\nhelp: consider importing this macro\n     |\n864  +     use core::panic;\n     |\n\nerror: cannot find macro `panic` in this scope\n    --> /Users/graysonnocera/.cargo/registry/src/index.crates.io-6f17d22bba15001f/once_cell-1.20.2/src/lib.rs:1331:29\n     |\n1331 |                     None => panic!(\"Lazy instance has previously been poisoned\"),\n     |                             ^^^^^\n     |\nhelp: consider importing this macro\n     |\n864  +     use core::panic;\n     |\n\nerror: cannot find macro `unreachable` in this scope\n    --> /Users/graysonnocera/.cargo/registry/src/index.crates.io-6f17d22bba15001f/once_cell-1.20.2/src/lib.rs:1335:51\n     |\n1335 |             this.cell.get_mut().unwrap_or_else(|| unreachable!())\n     |                                                   ^^^^^^^^^^^\n     |\nhelp: consider importing this macro\n     |\n864  +     use core::unreachable;\n     |\n\nerror: cannot find attribute `derive` in this scope\n  --> /Users/graysonnocera/.cargo/registry/src/index.crates.io-6f17d22bba15001f/once_cell-1.20.2/src/imp_std.rs:13:3\n   |\n13 | #[derive(Debug)]\n   |   ^^^^^^\n   |\nhelp: consider importing this attribute macro\n   |\n6  + use core::prelude::rust_2024::derive;\n   |\n\nerror: cannot find macro `debug_assert` in this scope\n   --> /Users/graysonnocera/.cargo/registry/src/index.crates.io-6f17d22bba15001f/once_cell-1.20.2/src/imp_std.rs:100:9\n    |\n100 |         debug_assert!(self.is_initialized());\n    |         ^^^^^^^^^^^^\n    |\nhelp: consider importing this macro\n    |\n6   + use core::debug_assert;\n    |\n\nerror: cannot find macro `assert_eq` in this scope\n   --> /Users/graysonnocera/.cargo/registry/src/index.crates.io-6f17d22bba15001f/once_cell-1.20.2/src/imp_std.rs:155:9\n    |\n155 |         assert_eq!(state, RUNNING);\n    |         ^^^^^^^^^\n    |\nhelp: consider importing this macro\n    |\n6   + use core::assert_eq;\n    |\n\nerror: cannot find macro `debug_assert` in this scope\n   --> /Users/graysonnocera/.cargo/registry/src/index.crates.io-6f17d22bba15001f/once_cell-1.20.2/src/imp_std.rs:205:18\n    |\n205 |             _ => debug_assert!(false),\n    |                  ^^^^^^^^^^^^\n    |\nhelp: consider importing this macro\n    |\n6   + use core::debug_assert;\n    |\n\nerror: cannot find macro `assert` in this scope\n   --> /Users/graysonnocera/.cargo/registry/src/index.crates.io-6f17d22bba15001f/once_cell-1.20.2/src/lib.rs:634:13\n    |\n634 |             assert!(self.set(val).is_ok(), \"reentrant init\");\n    |             ^^^^^^\n    |\nhelp: consider importing this macro\n    |\n384 +     use core::assert;\n    |\n\nerror: cannot find macro `debug_assert` in this scope\n   --> /Users/graysonnocera/.cargo/registry/src/index.crates.io-6f17d22bba15001f/once_cell-1.20.2/src/lib.rs:997:13\n    |\n997 |             debug_assert!(self.0.is_initialized());\n    |             ^^^^^^^^^^^^\n    |\nhelp: consider importing this macro\n    |\n864 +     use core::debug_assert;\n    |\n\nerror: cannot find macro `debug_assert` in this scope\n    --> /Users/graysonnocera/.cargo/registry/src/index.crates.io-6f17d22bba15001f/once_cell-1.20.2/src/lib.rs:1164:13\n     |\n1164 |             debug_assert!(self.0.is_initialized());\n     |             ^^^^^^^^^^^^\n     |\nhelp: consider importing this macro\n     |\n864  +     use core::debug_assert;\n     |\n\nerror: cannot find attribute `derive` in this scope\n  --> /Users/graysonnocera/.cargo/registry/src/index.crates.io-6f17d22bba15001f/once_cell-1.20.2/src/race.rs:34:3\n   |\n34 | #[derive(Default, Debug)]\n   |   ^^^^^^\n   |\nhelp: consider importing this attribute macro\n   |\n22 + use core::prelude::rust_2024::derive;\n   |\n\nerror: cannot find attribute `derive` in this scope\n   --> /Users/graysonnocera/.cargo/registry/src/index.crates.io-6f17d22bba15001f/once_cell-1.20.2/src/race.rs:113:3\n    |\n113 | #[derive(Default, Debug)]\n    |   ^^^^^^\n    |\nhelp: consider importing this attribute macro\n    |\n22  + use core::prelude::rust_2024::derive;\n    |\n\nerror: cannot find macro `write` in this scope\n   --> /Users/graysonnocera/.cargo/registry/src/index.crates.io-6f17d22bba15001f/once_cell-1.20.2/src/race.rs:189:9\n    |\n189 |         write!(f, \"OnceRef({:?})\", self.inner)\n    |         ^^^^^\n    |\nhelp: consider importing this macro\n    |\n22  + use core::write;\n    |\n\nerror: cannot find macro `write` in this scope\n   --> /Users/graysonnocera/.cargo/registry/src/index.crates.io-6f17d22bba15001f/once_cell-1.20.2/src/race.rs:308:13\n    |\n308 |             write!(f, \"OnceBox({:?})\", self.inner.load(Ordering::Relaxed))\n    |             ^^^^^\n    |\nhelp: consider importing this macro\n    |\n295 +     use core::write;\n    |\n\nerror[E0408]: variable `None` is not bound in all patterns\n   --> /Users/graysonnocera/.cargo/registry/src/index.crates.io-6f17d22bba15001f/once_cell-1.20.2/src/imp_std.rs:201:34\n    |\n201 |             (INCOMPLETE, None) | (RUNNING, _) => {\n    |                          ----    ^^^^^^^^^^^^ pattern doesn't bind `None`\n    |                          |\n    |                          variable not in all patterns\n    |\nhelp: if you meant to match on unit variant `core::option::Option::None`, use the full path in the pattern\n    |\n201 |             (INCOMPLETE, core::option::Option::None) | (RUNNING, _) => {\n    |                          ~~~~~~~~~~~~~~~~~~~~~~~~~~\n\nerror[E0412]: cannot find type `Option` in this scope\n --> /Users/graysonnocera/.cargo/registry/src/index.crates.io-6f17d22bba15001f/slab-0.4.9/src/builder.rs:7:25\n  |\n7 |     first_vacant_index: Option<usize>,\n  |                         ^^^^^^ not found in this scope\n  |\nhelp: consider importing this enum\n  |\n1 + use core::option::Option;\n  |\n\nerror[E0425]: cannot find value `None` in this scope\n  --> /Users/graysonnocera/.cargo/registry/src/index.crates.io-6f17d22bba15001f/slab-0.4.9/src/builder.rs:15:33\n   |\n15 |             first_vacant_index: None,\n   |                                 ^^^^ not found in this scope\n   |\nhelp: consider importing this unit variant\n   |\n1  + use core::option::Option::None;\n   |\n\nerror[E0425]: cannot find function, tuple struct or tuple variant `Some` in this scope\n  --> /Users/graysonnocera/.cargo/registry/src/index.crates.io-6f17d22bba15001f/slab-0.4.9/src/builder.rs:31:43\n   |\n31 |                 self.first_vacant_index = Some(slab.entries.len());\n   |                                           ^^^^ not found in this scope\n   |\nhelp: consider importing this tuple variant\n   |\n1  + use core::option::Option::Some;\n   |\n\nerror[E0531]: cannot find tuple struct or tuple variant `Some` in this scope\n  --> /Users/graysonnocera/.cargo/registry/src/index.crates.io-6f17d22bba15001f/slab-0.4.9/src/builder.rs:52:23\n   |\n52 |         } else if let Some(first_vacant_index) = self.first_vacant_index {\n   |                       ^^^^ not found in this scope\n   |\nhelp: consider importing this tuple variant\n   |\n1  + use core::option::Option::Some;\n   |\n\nerror[E0405]: cannot find trait `Clone` in this scope\n   --> /Users/graysonnocera/.cargo/registry/src/index.crates.io-6f17d22bba15001f/slab-0.4.9/src/lib.rs:144:9\n    |\n144 | impl<T> Clone for Slab<T>\n    |         ^^^^^ not found in this scope\n    |\nhelp: consider importing this trait\n    |\n123 + use core::clone::Clone;\n    |\n\nerror[E0405]: cannot find trait `Clone` in this scope\n   --> /Users/graysonnocera/.cargo/registry/src/index.crates.io-6f17d22bba15001f/slab-0.4.9/src/lib.rs:146:8\n    |\n146 |     T: Clone,\n    |        ^^^^^ not found in this scope\n    |\nhelp: consider importing this trait\n    |\n123 + use core::clone::Clone;\n    |\n\nerror[E0405]: cannot find trait `Default` in this scope\n   --> /Users/graysonnocera/.cargo/registry/src/index.crates.io-6f17d22bba15001f/slab-0.4.9/src/lib.rs:163:9\n    |\n163 | impl<T> Default for Slab<T> {\n    |         ^^^^^^^ not found in this scope\n    |\nhelp: consider importing this trait\n    |\n123 + use core::default::Default;\n    |\n\nerror[E0405]: cannot find trait `Clone` in this scope\n   --> /Users/graysonnocera/.cargo/registry/src/index.crates.io-6f17d22bba15001f/slab-0.4.9/src/lib.rs:209:13\n    |\n209 | impl<'a, T> Clone for Iter<'a, T> {\n    |             ^^^^^ not found in this scope\n    |\nhelp: consider importing this trait\n    |\n123 + use core::clone::Clone;\n    |\n\nerror[E0531]: cannot find tuple struct or tuple variant `Some` in this scope\n   --> /Users/graysonnocera/.cargo/registry/src/index.crates.io-6f17d22bba15001f/slab-0.4.9/src/lib.rs:436:19\n    |\n436 |         while let Some(&Entry::Vacant(_)) = self.entries.last() {\n    |                   ^^^^ not found in this scope\n    |\nhelp: consider importing this tuple variant\n    |\n123 + use core::option::Option::Some;\n    |\n\nerror[E0405]: cannot find trait `FnMut` in this scope\n   --> /Users/graysonnocera/.cargo/registry/src/index.crates.io-6f17d22bba15001f/slab-0.4.9/src/lib.rs:525:12\n    |\n525 |         F: FnMut(&mut T, usize, usize) -> bool,\n    |            ^^^^^ not found in this scope\n    |\nhelp: consider importing one of these traits\n    |\n123 + use crate::ops::FnMut;\n    |\n123 + use core::ops::FnMut;\n    |\n\nerror[E0405]: cannot find trait `Drop` in this scope\n   --> /Users/graysonnocera/.cargo/registry/src/index.crates.io-6f17d22bba15001f/slab-0.4.9/src/lib.rs:532:17\n    |\n532 |         impl<T> Drop for CleanupGuard<'_, T> {\n    |                 ^^^^ not found in this scope\n    |\nhelp: consider importing one of these traits\n    |\n123 + use crate::ops::Drop;\n    |\n123 + use core::ops::Drop;\n    |\n\nerror[E0531]: cannot find tuple struct or tuple variant `Some` in this scope\n   --> /Users/graysonnocera/.cargo/registry/src/index.crates.io-6f17d22bba15001f/slab-0.4.9/src/lib.rs:552:20\n    |\n552 |             if let Some(Entry::Occupied(mut value)) = guard.slab.entries.pop() {\n    |                    ^^^^ not found in this scope\n    |\nhelp: consider importing this tuple variant\n    |\n123 + use core::option::Option::Some;\n    |\n\nerror[E0531]: cannot find tuple struct or tuple variant `Some` in this scope\n   --> /Users/graysonnocera/.cargo/registry/src/index.crates.io-6f17d22bba15001f/slab-0.4.9/src/lib.rs:554:27\n    |\n554 |                 while let Some(&Entry::Occupied(_)) = guard.slab.entries.get(occupied_until) {\n    |                           ^^^^ not found in this scope\n    |\nhelp: consider importing this tuple variant\n    |\n123 + use core::option::Option::Some;\n    |\n\nerror[E0412]: cannot find type `Option` in this scope\n   --> /Users/graysonnocera/.cargo/registry/src/index.crates.io-6f17d22bba15001f/slab-0.4.9/src/lib.rs:711:38\n    |\n711 |     pub fn get(&self, key: usize) -> Option<&T> {\n    |                                      ^^^^^^ not found in this scope\n    |\nhelp: consider importing this enum\n    |\n123 + use core::option::Option;\n    |\n\nerror[E0531]: cannot find tuple struct or tuple variant `Some` in this scope\n   --> /Users/graysonnocera/.cargo/registry/src/index.crates.io-6f17d22bba15001f/slab-0.4.9/src/lib.rs:713:13\n    |\n713 |             Some(Entry::Occupied(val)) => Some(val),\n    |             ^^^^ not found in this scope\n    |\nhelp: consider importing this tuple variant\n    |\n123 + use core::option::Option::Some;\n    |\n\nerror[E0425]: cannot find function, tuple struct or tuple variant `Some` in this scope\n   --> /Users/graysonnocera/.cargo/registry/src/index.crates.io-6f17d22bba15001f/slab-0.4.9/src/lib.rs:713:43\n    |\n713 |             Some(Entry::Occupied(val)) => Some(val),\n    |                                           ^^^^ not found in this scope\n    |\nhelp: consider importing this tuple variant\n    |\n123 + use core::option::Option::Some;\n    |\n\nerror[E0425]: cannot find value `None` in this scope\n   --> /Users/graysonnocera/.cargo/registry/src/index.crates.io-6f17d22bba15001f/slab-0.4.9/src/lib.rs:714:18\n    |\n714 |             _ => None,\n    |                  ^^^^ not found in this scope\n    |\nhelp: consider importing this unit variant\n    |\n123 + use core::option::Option::None;\n    |\n\nerror[E0412]: cannot find type `Option` in this scope\n   --> /Users/graysonnocera/.cargo/registry/src/index.crates.io-6f17d22bba15001f/slab-0.4.9/src/lib.rs:735:46\n    |\n735 |     pub fn get_mut(&mut self, key: usize) -> Option<&mut T> {\n    |                                              ^^^^^^ not found in this scope\n    |\nhelp: consider importing this enum\n    |\n123 + use core::option::Option;\n    |\n\nerror[E0531]: cannot find tuple struct or tuple variant `Some` in this scope\n   --> /Users/graysonnocera/.cargo/registry/src/index.crates.io-6f17d22bba15001f/slab-0.4.9/src/lib.rs:737:13\n    |\n737 |             Some(&mut Entry::Occupied(ref mut val)) => Some(val),\n    |             ^^^^ not found in this scope\n    |\nhelp: consider importing this tuple variant\n    |\n123 + use core::option::Option::Some;\n    |\n\nerror[E0425]: cannot find function, tuple struct or tuple variant `Some` in this scope\n   --> /Users/graysonnocera/.cargo/registry/src/index.crates.io-6f17d22bba15001f/slab-0.4.9/src/lib.rs:737:56\n    |\n737 |             Some(&mut Entry::Occupied(ref mut val)) => Some(val),\n    |                                                        ^^^^ not found in this scope\n    |\nhelp: consider importing this tuple variant\n    |\n123 + use core::option::Option::Some;\n    |\n\nerror[E0425]: cannot find value `None` in this scope\n   --> /Users/graysonnocera/.cargo/registry/src/index.crates.io-6f17d22bba15001f/slab-0.4.9/src/lib.rs:738:18\n    |\n738 |             _ => None,\n    |                  ^^^^ not found in this scope\n    |\nhelp: consider importing this unit variant\n    |\n123 + use core::option::Option::None;\n    |\n\nerror[E0412]: cannot find type `Option` in this scope\n   --> /Users/graysonnocera/.cargo/registry/src/index.crates.io-6f17d22bba15001f/slab-0.4.9/src/lib.rs:769:61\n    |\n769 |     pub fn get2_mut(&mut self, key1: usize, key2: usize) -> Option<(&mut T, &mut T)> {\n    |                                                             ^^^^^^ not found in this scope\n    |\nhelp: consider importing this enum\n    |\n123 + use core::option::Option;\n    |\n\nerror[E0531]: cannot find tuple struct or tuple variant `Some` in this scope\n   --> /Users/graysonnocera/.cargo/registry/src/index.crates.io-6f17d22bba15001f/slab-0.4.9/src/lib.rs:786:17\n    |\n786 |                 Some(&mut Entry::Occupied(ref mut val1)),\n    |                 ^^^^ not found in this scope\n    |\nhelp: consider importing this tuple variant\n    |\n123 + use core::option::Option::Some;\n    |\n\nerror[E0531]: cannot find tuple struct or tuple variant `Some` in this scope\n   --> /Users/graysonnocera/.cargo/registry/src/index.crates.io-6f17d22bba15001f/slab-0.4.9/src/lib.rs:787:17\n    |\n787 |                 Some(&mut Entry::Occupied(ref mut val2)),\n    |                 ^^^^ not found in this scope\n    |\nhelp: consider importing this tuple variant\n    |\n123 + use core::option::Option::Some;\n    |\n\nerror[E0425]: cannot find function, tuple struct or tuple variant `Some` in this scope\n   --> /Users/graysonnocera/.cargo/registry/src/index.crates.io-6f17d22bba15001f/slab-0.4.9/src/lib.rs:788:18\n    |\n788 |             ) => Some((val1, val2)),\n    |                  ^^^^ not found in this scope\n    |\nhelp: consider importing this tuple variant\n    |\n123 + use core::option::Option::Some;\n    |\n\nerror[E0425]: cannot find value `None` in this scope\n   --> /Users/graysonnocera/.cargo/registry/src/index.crates.io-6f17d22bba15001f/slab-0.4.9/src/lib.rs:789:18\n    |\n789 |             _ => None,\n    |                  ^^^^ not found in this scope\n    |\nhelp: consider importing this unit variant\n    |\n123 + use core::option::Option::None;\n    |\n\nerror[E0531]: cannot find tuple struct or tuple variant `Some` in this scope\n    --> /Users/graysonnocera/.cargo/registry/src/index.crates.io-6f17d22bba15001f/slab-0.4.9/src/lib.rs:1034:17\n     |\n1034 |                 Some(&Entry::Vacant(next)) => next,\n     |                 ^^^^ not found in this scope\n     |\nhelp: consider importing this tuple variant\n     |\n123  + use core::option::Option::Some;\n     |\n\nerror[E0412]: cannot find type `Option` in this scope\n    --> /Users/graysonnocera/.cargo/registry/src/index.crates.io-6f17d22bba15001f/slab-0.4.9/src/lib.rs:1058:49\n     |\n1058 |     pub fn try_remove(&mut self, key: usize) -> Option<T> {\n     |                                                 ^^^^^^ not found in this scope\n     |\nhelp: consider importing this enum\n     |\n123  + use core::option::Option;\n     |\n\nerror[E0531]: cannot find tuple struct or tuple variant `Some` in this scope\n    --> /Users/graysonnocera/.cargo/registry/src/index.crates.io-6f17d22bba15001f/slab-0.4.9/src/lib.rs:1059:16\n     |\n1059 |         if let Some(entry) = self.entries.get_mut(key) {\n     |                ^^^^ not found in this scope\n     |\nhelp: consider importing this tuple variant\n     |\n123  + use core::option::Option::Some;\n     |\n\nerror[E0425]: cannot find value `None` in this scope\n    --> /Users/graysonnocera/.cargo/registry/src/index.crates.io-6f17d22bba15001f/slab-0.4.9/src/lib.rs:1075:9\n     |\n1075 |         None\n     |         ^^^^ not found in this scope\n     |\nhelp: consider importing this unit variant\n     |\n123  + use core::option::Option::None;\n     |\n\nerror[E0531]: cannot find tuple struct or tuple variant `Some` in this scope\n    --> /Users/graysonnocera/.cargo/registry/src/index.crates.io-6f17d22bba15001f/slab-0.4.9/src/lib.rs:1120:13\n     |\n1120 |             Some(&Entry::Occupied(_)) => true,\n     |             ^^^^ not found in this scope\n     |\nhelp: consider importing this tuple variant\n     |\n123  + use core::option::Option::Some;\n     |\n\nerror[E0405]: cannot find trait `FnMut` in this scope\n    --> /Users/graysonnocera/.cargo/registry/src/index.crates.io-6f17d22bba15001f/slab-0.4.9/src/lib.rs:1151:12\n     |\n1151 |         F: FnMut(usize, &mut T) -> bool,\n     |            ^^^^^ not found in this scope\n     |\nhelp: consider importing one of these traits\n     |\n123  + use crate::ops::FnMut;\n     |\n123  + use core::ops::FnMut;\n     |\n\nerror[E0531]: cannot find tuple struct or tuple variant `Some` in this scope\n    --> /Users/graysonnocera/.cargo/registry/src/index.crates.io-6f17d22bba15001f/slab-0.4.9/src/lib.rs:1209:13\n     |\n1209 |             Some(Entry::Occupied(v)) => v,\n     |             ^^^^ not found in this scope\n     |\nhelp: consider importing this tuple variant\n     |\n123  + use core::option::Option::Some;\n     |\n\nerror[E0531]: cannot find tuple struct or tuple variant `Some` in this scope\n    --> /Users/graysonnocera/.cargo/registry/src/index.crates.io-6f17d22bba15001f/slab-0.4.9/src/lib.rs:1219:13\n     |\n1219 |             Some(&mut Entry::Occupied(ref mut v)) => v,\n     |             ^^^^ not found in this scope\n     |\nhelp: consider importing this tuple variant\n     |\n123  + use core::option::Option::Some;\n     |\n\nerror[E0405]: cannot find trait `IntoIterator` in this scope\n    --> /Users/graysonnocera/.cargo/registry/src/index.crates.io-6f17d22bba15001f/slab-0.4.9/src/lib.rs:1225:9\n     |\n1225 | impl<T> IntoIterator for Slab<T> {\n     |         ^^^^^^^^^^^^\n     |\n    ::: /Users/graysonnocera/.rustup/toolchains/stable-aarch64-apple-darwin/lib/rustlib/src/rust/library/core/src/iter/traits/collect.rs:134:1\n     |\n134  | pub trait FromIterator<A>: Sized {\n     | -------------------------------- similarly named trait `FromIterator` defined here\n     |\nhelp: a trait with a similar name exists\n     |\n1225 | impl<T> FromIterator for Slab<T> {\n     |         ~~~~~~~~~~~~\nhelp: consider importing one of these traits\n     |\n123  + use crate::iter::IntoIterator;\n     |\n123  + use core::iter::IntoIterator;\n     |\n\nerror[E0405]: cannot find trait `IntoIterator` in this scope\n    --> /Users/graysonnocera/.cargo/registry/src/index.crates.io-6f17d22bba15001f/slab-0.4.9/src/lib.rs:1237:13\n     |\n1237 | impl<'a, T> IntoIterator for &'a Slab<T> {\n     |             ^^^^^^^^^^^^\n     |\n    ::: /Users/graysonnocera/.rustup/toolchains/stable-aarch64-apple-darwin/lib/rustlib/src/rust/library/core/src/iter/traits/collect.rs:134:1\n     |\n134  | pub trait FromIterator<A>: Sized {\n     | -------------------------------- similarly named trait `FromIterator` defined here\n     |\nhelp: a trait with a similar name exists\n     |\n1237 | impl<'a, T> FromIterator for &'a Slab<T> {\n     |             ~~~~~~~~~~~~\nhelp: consider importing one of these traits\n     |\n123  + use crate::iter::IntoIterator;\n     |\n123  + use core::iter::IntoIterator;\n     |\n\nerror[E0405]: cannot find trait `IntoIterator` in this scope\n    --> /Users/graysonnocera/.cargo/registry/src/index.crates.io-6f17d22bba15001f/slab-0.4.9/src/lib.rs:1246:13\n     |\n1246 | impl<'a, T> IntoIterator for &'a mut Slab<T> {\n     |             ^^^^^^^^^^^^\n     |\n    ::: /Users/graysonnocera/.rustup/toolchains/stable-aarch64-apple-darwin/lib/rustlib/src/rust/library/core/src/iter/traits/collect.rs:134:1\n     |\n134  | pub trait FromIterator<A>: Sized {\n     | -------------------------------- similarly named trait `FromIterator` defined here\n     |\nhelp: a trait with a similar name exists\n     |\n1246 | impl<'a, T> FromIterator for &'a mut Slab<T> {\n     |             ~~~~~~~~~~~~\nhelp: consider importing one of these traits\n     |\n123  + use crate::iter::IntoIterator;\n     |\n123  + use core::iter::IntoIterator;\n     |\n\nerror[E0405]: cannot find trait `IntoIterator` in this scope\n    --> /Users/graysonnocera/.cargo/registry/src/index.crates.io-6f17d22bba15001f/slab-0.4.9/src/lib.rs:1288:12\n     |\n1288 |         I: IntoIterator<Item = (usize, T)>,\n     |            ^^^^^^^^^^^^\n     |\n    ::: /Users/graysonnocera/.rustup/toolchains/stable-aarch64-apple-darwin/lib/rustlib/src/rust/library/core/src/iter/traits/collect.rs:134:1\n     |\n134  | pub trait FromIterator<A>: Sized {\n     | -------------------------------- similarly named trait `FromIterator` defined here\n     |\nhelp: a trait with a similar name exists\n     |\n1288 |         I: FromIterator<Item = (usize, T)>,\n     |            ~~~~~~~~~~~~\nhelp: consider importing one of these traits\n     |\n123  + use crate::iter::IntoIterator;\n     |\n123  + use core::iter::IntoIterator;\n     |\n\nerror[E0531]: cannot find tuple struct or tuple variant `Some` in this scope\n    --> /Users/graysonnocera/.cargo/registry/src/index.crates.io-6f17d22bba15001f/slab-0.4.9/src/lib.rs:1384:13\n     |\n1384 |             Some(&mut Entry::Occupied(ref mut v)) => v,\n     |             ^^^^ not found in this scope\n     |\nhelp: consider importing this tuple variant\n     |\n123  + use core::option::Option::Some;\n     |\n\nerror[E0405]: cannot find trait `Iterator` in this scope\n    --> /Users/graysonnocera/.cargo/registry/src/index.crates.io-6f17d22bba15001f/slab-0.4.9/src/lib.rs:1417:9\n     |\n1417 | impl<T> Iterator for IntoIter<T> {\n     |         ^^^^^^^^ not found in this scope\n     |\nhelp: consider importing one of these traits\n     |\n123  + use crate::iter::Iterator;\n     |\n123  + use core::iter::Iterator;\n     |\n\nerror[E0412]: cannot find type `Option` in this scope\n    --> /Users/graysonnocera/.cargo/registry/src/index.crates.io-6f17d22bba15001f/slab-0.4.9/src/lib.rs:1420:27\n     |\n1420 |     fn next(&mut self) -> Option<Self::Item> {\n     |                           ^^^^^^ not found in this scope\n     |\nhelp: consider importing this enum\n     |\n123  + use core::option::Option;\n     |\n\nerror[E0425]: cannot find function, tuple struct or tuple variant `Some` in this scope\n    --> /Users/graysonnocera/.cargo/registry/src/index.crates.io-6f17d22bba15001f/slab-0.4.9/src/lib.rs:1424:24\n     |\n1424 |                 return Some((key, v));\n     |                        ^^^^ not found in this scope\n     |\nhelp: consider importing this tuple variant\n     |\n123  + use core::option::Option::Some;\n     |\n\nerror[E0425]: cannot find value `None` in this scope\n    --> /Users/graysonnocera/.cargo/registry/src/index.crates.io-6f17d22bba15001f/slab-0.4.9/src/lib.rs:1429:9\n     |\n1429 |         None\n     |         ^^^^ not found in this scope\n     |\nhelp: consider importing this unit variant\n     |\n123  + use core::option::Option::None;\n     |\n\nerror[E0412]: cannot find type `Option` in this scope\n    --> /Users/graysonnocera/.cargo/registry/src/index.crates.io-6f17d22bba15001f/slab-0.4.9/src/lib.rs:1432:36\n     |\n1432 |     fn size_hint(&self) -> (usize, Option<usize>) {\n     |                                    ^^^^^^ not found in this scope\n     |\nhelp: consider importing this enum\n     |\n123  + use core::option::Option;\n     |\n\nerror[E0425]: cannot find function, tuple struct or tuple variant `Some` in this scope\n    --> /Users/graysonnocera/.cargo/registry/src/index.crates.io-6f17d22bba15001f/slab-0.4.9/src/lib.rs:1433:20\n     |\n1433 |         (self.len, Some(self.len))\n     |                    ^^^^ not found in this scope\n     |\nhelp: consider importing this tuple variant\n     |\n123  + use core::option::Option::Some;\n     |\n\nerror[E0405]: cannot find trait `DoubleEndedIterator` in this scope\n    --> /Users/graysonnocera/.cargo/registry/src/index.crates.io-6f17d22bba15001f/slab-0.4.9/src/lib.rs:1437:9\n     |\n1437 | impl<T> DoubleEndedIterator for IntoIter<T> {\n     |         ^^^^^^^^^^^^^^^^^^^ not found in this scope\n     |\nhelp: consider importing one of these traits\n     |\n123  + use crate::iter::DoubleEndedIterator;\n     |\n123  + use core::iter::DoubleEndedIterator;\n     |\n\nerror[E0412]: cannot find type `Option` in this scope\n    --> /Users/graysonnocera/.cargo/registry/src/index.crates.io-6f17d22bba15001f/slab-0.4.9/src/lib.rs:1438:32\n     |\n1438 |     fn next_back(&mut self) -> Option<Self::Item> {\n     |                                ^^^^^^ not found in this scope\n     |\nhelp: consider importing this enum\n     |\n123  + use core::option::Option;\n     |\n\nerror[E0531]: cannot find tuple struct or tuple variant `Some` in this scope\n    --> /Users/graysonnocera/.cargo/registry/src/index.crates.io-6f17d22bba15001f/slab-0.4.9/src/lib.rs:1439:19\n     |\n1439 |         while let Some((key, entry)) = self.entries.next_back() {\n     |                   ^^^^ not found in this scope\n     |\nhelp: consider importing this tuple variant\n     |\n123  + use core::option::Option::Some;\n     |\n\nerror[E0425]: cannot find function, tuple struct or tuple variant `Some` in this scope\n    --> /Users/graysonnocera/.cargo/registry/src/index.crates.io-6f17d22bba15001f/slab-0.4.9/src/lib.rs:1442:24\n     |\n1442 |                 return Some((key, v));\n     |                        ^^^^ not found in this scope\n     |\nhelp: consider importing this tuple variant\n     |\n123  + use core::option::Option::Some;\n     |\n\nerror[E0425]: cannot find value `None` in this scope\n    --> /Users/graysonnocera/.cargo/registry/src/index.crates.io-6f17d22bba15001f/slab-0.4.9/src/lib.rs:1447:9\n     |\n1447 |         None\n     |         ^^^^ not found in this scope\n     |\nhelp: consider importing this unit variant\n     |\n123  + use core::option::Option::None;\n     |\n\nerror[E0405]: cannot find trait `ExactSizeIterator` in this scope\n    --> /Users/graysonnocera/.cargo/registry/src/index.crates.io-6f17d22bba15001f/slab-0.4.9/src/lib.rs:1451:9\n     |\n1451 | impl<T> ExactSizeIterator for IntoIter<T> {\n     |         ^^^^^^^^^^^^^^^^^ not found in this scope\n     |\nhelp: consider importing one of these traits\n     |\n123  + use crate::iter::ExactSizeIterator;\n     |\n123  + use core::iter::ExactSizeIterator;\n     |\n\nerror[E0405]: cannot find trait `Iterator` in this scope\n    --> /Users/graysonnocera/.cargo/registry/src/index.crates.io-6f17d22bba15001f/slab-0.4.9/src/lib.rs:1461:13\n     |\n1461 | impl<'a, T> Iterator for Iter<'a, T> {\n     |             ^^^^^^^^ not found in this scope\n     |\nhelp: consider importing one of these traits\n     |\n123  + use crate::iter::Iterator;\n     |\n123  + use core::iter::Iterator;\n     |\n\nerror[E0412]: cannot find type `Option` in this scope\n    --> /Users/graysonnocera/.cargo/registry/src/index.crates.io-6f17d22bba15001f/slab-0.4.9/src/lib.rs:1464:27\n     |\n1464 |     fn next(&mut self) -> Option<Self::Item> {\n     |                           ^^^^^^ not found in this scope\n     |\nhelp: consider importing this enum\n     |\n123  + use core::option::Option;\n     |\n\nerror[E0425]: cannot find function, tuple struct or tuple variant `Some` in this scope\n    --> /Users/graysonnocera/.cargo/registry/src/index.crates.io-6f17d22bba15001f/slab-0.4.9/src/lib.rs:1468:24\n     |\n1468 |                 return Some((key, v));\n     |                        ^^^^ not found in this scope\n     |\nhelp: consider importing this tuple variant\n     |\n123  + use core::option::Option::Some;\n     |\n\nerror[E0425]: cannot find value `None` in this scope\n    --> /Users/graysonnocera/.cargo/registry/src/index.crates.io-6f17d22bba15001f/slab-0.4.9/src/lib.rs:1473:9\n     |\n1473 |         None\n     |         ^^^^ not found in this scope\n     |\nhelp: consider importing this unit variant\n     |\n123  + use core::option::Option::None;\n     |\n\nerror[E0412]: cannot find type `Option` in this scope\n    --> /Users/graysonnocera/.cargo/registry/src/index.crates.io-6f17d22bba15001f/slab-0.4.9/src/lib.rs:1476:36\n     |\n1476 |     fn size_hint(&self) -> (usize, Option<usize>) {\n     |                                    ^^^^^^ not found in this scope\n     |\nhelp: consider importing this enum\n     |\n123  + use core::option::Option;\n     |\n\nerror[E0425]: cannot find function, tuple struct or tuple variant `Some` in this scope\n    --> /Users/graysonnocera/.cargo/registry/src/index.crates.io-6f17d22bba15001f/slab-0.4.9/src/lib.rs:1477:20\n     |\n1477 |         (self.len, Some(self.len))\n     |                    ^^^^ not found in this scope\n     |\nhelp: consider importing this tuple variant\n     |\n123  + use core::option::Option::Some;\n     |\n\nerror[E0405]: cannot find trait `DoubleEndedIterator` in this scope\n    --> /Users/graysonnocera/.cargo/registry/src/index.crates.io-6f17d22bba15001f/slab-0.4.9/src/lib.rs:1481:9\n     |\n1481 | impl<T> DoubleEndedIterator for Iter<'_, T> {\n     |         ^^^^^^^^^^^^^^^^^^^ not found in this scope\n     |\nhelp: consider importing one of these traits\n     |\n123  + use crate::iter::DoubleEndedIterator;\n     |\n123  + use core::iter::DoubleEndedIterator;\n     |\n\nerror[E0412]: cannot find type `Option` in this scope\n    --> /Users/graysonnocera/.cargo/registry/src/index.crates.io-6f17d22bba15001f/slab-0.4.9/src/lib.rs:1482:32\n     |\n1482 |     fn next_back(&mut self) -> Option<Self::Item> {\n     |                                ^^^^^^ not found in this scope\n     |\nhelp: consider importing this enum\n     |\n123  + use core::option::Option;\n     |\n\nerror[E0531]: cannot find tuple struct or tuple variant `Some` in this scope\n    --> /Users/graysonnocera/.cargo/registry/src/index.crates.io-6f17d22bba15001f/slab-0.4.9/src/lib.rs:1483:19\n     |\n1483 |         while let Some((key, entry)) = self.entries.next_back() {\n     |                   ^^^^ not found in this scope\n     |\nhelp: consider importing this tuple variant\n     |\n123  + use core::option::Option::Some;\n     |\n\nerror[E0425]: cannot find function, tuple struct or tuple variant `Some` in this scope\n    --> /Users/graysonnocera/.cargo/registry/src/index.crates.io-6f17d22bba15001f/slab-0.4.9/src/lib.rs:1486:24\n     |\n1486 |                 return Some((key, v));\n     |                        ^^^^ not found in this scope\n     |\nhelp: consider importing this tuple variant\n     |\n123  + use core::option::Option::Some;\n     |\n\nerror[E0425]: cannot find value `None` in this scope\n    --> /Users/graysonnocera/.cargo/registry/src/index.crates.io-6f17d22bba15001f/slab-0.4.9/src/lib.rs:1491:9\n     |\n1491 |         None\n     |         ^^^^ not found in this scope\n     |\nhelp: consider importing this unit variant\n     |\n123  + use core::option::Option::None;\n     |\n\nerror[E0405]: cannot find trait `ExactSizeIterator` in this scope\n    --> /Users/graysonnocera/.cargo/registry/src/index.crates.io-6f17d22bba15001f/slab-0.4.9/src/lib.rs:1495:9\n     |\n1495 | impl<T> ExactSizeIterator for Iter<'_, T> {\n     |         ^^^^^^^^^^^^^^^^^ not found in this scope\n     |\nhelp: consider importing one of these traits\n     |\n123  + use crate::iter::ExactSizeIterator;\n     |\n123  + use core::iter::ExactSizeIterator;\n     |\n\nerror[E0405]: cannot find trait `Iterator` in this scope\n    --> /Users/graysonnocera/.cargo/registry/src/index.crates.io-6f17d22bba15001f/slab-0.4.9/src/lib.rs:1505:13\n     |\n1505 | impl<'a, T> Iterator for IterMut<'a, T> {\n     |             ^^^^^^^^ not found in this scope\n     |\nhelp: consider importing one of these traits\n     |\n123  + use crate::iter::Iterator;\n     |\n123  + use core::iter::Iterator;\n     |\n\nerror[E0412]: cannot find type `Option` in this scope\n    --> /Users/graysonnocera/.cargo/registry/src/index.crates.io-6f17d22bba15001f/slab-0.4.9/src/lib.rs:1508:27\n     |\n1508 |     fn next(&mut self) -> Option<Self::Item> {\n     |                           ^^^^^^ not found in this scope\n     |\nhelp: consider importing this enum\n     |\n123  + use core::option::Option;\n     |\n\nerror[E0425]: cannot find function, tuple struct or tuple variant `Some` in this scope\n    --> /Users/graysonnocera/.cargo/registry/src/index.crates.io-6f17d22bba15001f/slab-0.4.9/src/lib.rs:1512:24\n     |\n1512 |                 return Some((key, v));\n     |                        ^^^^ not found in this scope\n     |\nhelp: consider importing this tuple variant\n     |\n123  + use core::option::Option::Some;\n     |\n\nerror[E0425]: cannot find value `None` in this scope\n    --> /Users/graysonnocera/.cargo/registry/src/index.crates.io-6f17d22bba15001f/slab-0.4.9/src/lib.rs:1517:9\n     |\n1517 |         None\n     |         ^^^^ not found in this scope\n     |\nhelp: consider importing this unit variant\n     |\n123  + use core::option::Option::None;\n     |\n\nerror[E0412]: cannot find type `Option` in this scope\n    --> /Users/graysonnocera/.cargo/registry/src/index.crates.io-6f17d22bba15001f/slab-0.4.9/src/lib.rs:1520:36\n     |\n1520 |     fn size_hint(&self) -> (usize, Option<usize>) {\n     |                                    ^^^^^^ not found in this scope\n     |\nhelp: consider importing this enum\n     |\n123  + use core::option::Option;\n     |\n\nerror[E0425]: cannot find function, tuple struct or tuple variant `Some` in this scope\n    --> /Users/graysonnocera/.cargo/registry/src/index.crates.io-6f17d22bba15001f/slab-0.4.9/src/lib.rs:1521:20\n     |\n1521 |         (self.len, Some(self.len))\n     |                    ^^^^ not found in this scope\n     |\nhelp: consider importing this tuple variant\n     |\n123  + use core::option::Option::Some;\n     |\n\nerror[E0405]: cannot find trait `DoubleEndedIterator` in this scope\n    --> /Users/graysonnocera/.cargo/registry/src/index.crates.io-6f17d22bba15001f/slab-0.4.9/src/lib.rs:1525:9\n     |\n1525 | impl<T> DoubleEndedIterator for IterMut<'_, T> {\n     |         ^^^^^^^^^^^^^^^^^^^ not found in this scope\n     |\nhelp: consider importing one of these traits\n     |\n123  + use crate::iter::DoubleEndedIterator;\n     |\n123  + use core::iter::DoubleEndedIterator;\n     |\n\nerror[E0412]: cannot find type `Option` in this scope\n    --> /Users/graysonnocera/.cargo/registry/src/index.crates.io-6f17d22bba15001f/slab-0.4.9/src/lib.rs:1526:32\n     |\n1526 |     fn next_back(&mut self) -> Option<Self::Item> {\n     |                                ^^^^^^ not found in this scope\n     |\nhelp: consider importing this enum\n     |\n123  + use core::option::Option;\n     |\n\nerror[E0531]: cannot find tuple struct or tuple variant `Some` in this scope\n    --> /Users/graysonnocera/.cargo/registry/src/index.crates.io-6f17d22bba15001f/slab-0.4.9/src/lib.rs:1527:19\n     |\n1527 |         while let Some((key, entry)) = self.entries.next_back() {\n     |                   ^^^^ not found in this scope\n     |\nhelp: consider importing this tuple variant\n     |\n123  + use core::option::Option::Some;\n     |\n\nerror[E0425]: cannot find function, tuple struct or tuple variant `Some` in this scope\n    --> /Users/graysonnocera/.cargo/registry/src/index.crates.io-6f17d22bba15001f/slab-0.4.9/src/lib.rs:1530:24\n     |\n1530 |                 return Some((key, v));\n     |                        ^^^^ not found in this scope\n     |\nhelp: consider importing this tuple variant\n     |\n123  + use core::option::Option::Some;\n     |\n\nerror[E0425]: cannot find value `None` in this scope\n    --> /Users/graysonnocera/.cargo/registry/src/index.crates.io-6f17d22bba15001f/slab-0.4.9/src/lib.rs:1535:9\n     |\n1535 |         None\n     |         ^^^^ not found in this scope\n     |\nhelp: consider importing this unit variant\n     |\n123  + use core::option::Option::None;\n     |\n\nerror[E0405]: cannot find trait `ExactSizeIterator` in this scope\n    --> /Users/graysonnocera/.cargo/registry/src/index.crates.io-6f17d22bba15001f/slab-0.4.9/src/lib.rs:1539:9\n     |\n1539 | impl<T> ExactSizeIterator for IterMut<'_, T> {\n     |         ^^^^^^^^^^^^^^^^^ not found in this scope\n     |\nhelp: consider importing one of these traits\n     |\n123  + use crate::iter::ExactSizeIterator;\n     |\n123  + use core::iter::ExactSizeIterator;\n     |\n\nerror[E0405]: cannot find trait `Iterator` in this scope\n    --> /Users/graysonnocera/.cargo/registry/src/index.crates.io-6f17d22bba15001f/slab-0.4.9/src/lib.rs:1549:9\n     |\n1549 | impl<T> Iterator for Drain<'_, T> {\n     |         ^^^^^^^^ not found in this scope\n     |\nhelp: consider importing one of these traits\n     |\n123  + use crate::iter::Iterator;\n     |\n123  + use core::iter::Iterator;\n     |\n\nerror[E0412]: cannot find type `Option` in this scope\n    --> /Users/graysonnocera/.cargo/registry/src/index.crates.io-6f17d22bba15001f/slab-0.4.9/src/lib.rs:1552:27\n     |\n1552 |     fn next(&mut self) -> Option<Self::Item> {\n     |                           ^^^^^^ not found in this scope\n     |\nhelp: consider importing this enum\n     |\n123  + use core::option::Option;\n     |\n\nerror[E0425]: cannot find function, tuple struct or tuple variant `Some` in this scope\n    --> /Users/graysonnocera/.cargo/registry/src/index.crates.io-6f17d22bba15001f/slab-0.4.9/src/lib.rs:1556:24\n     |\n1556 |                 return Some(v);\n     |                        ^^^^ not found in this scope\n     |\nhelp: consider importing this tuple variant\n     |\n123  + use core::option::Option::Some;\n     |\n\nerror[E0425]: cannot find value `None` in this scope\n    --> /Users/graysonnocera/.cargo/registry/src/index.crates.io-6f17d22bba15001f/slab-0.4.9/src/lib.rs:1561:9\n     |\n1561 |         None\n     |         ^^^^ not found in this scope\n     |\nhelp: consider importing this unit variant\n     |\n123  + use core::option::Option::None;\n     |\n\nerror[E0412]: cannot find type `Option` in this scope\n    --> /Users/graysonnocera/.cargo/registry/src/index.crates.io-6f17d22bba15001f/slab-0.4.9/src/lib.rs:1564:36\n     |\n1564 |     fn size_hint(&self) -> (usize, Option<usize>) {\n     |                                    ^^^^^^ not found in this scope\n     |\nhelp: consider importing this enum\n     |\n123  + use core::option::Option;\n     |\n\nerror[E0425]: cannot find function, tuple struct or tuple variant `Some` in this scope\n    --> /Users/graysonnocera/.cargo/registry/src/index.crates.io-6f17d22bba15001f/slab-0.4.9/src/lib.rs:1565:20\n     |\n1565 |         (self.len, Some(self.len))\n     |                    ^^^^ not found in this scope\n     |\nhelp: consider importing this tuple variant\n     |\n123  + use core::option::Option::Some;\n     |\n\nerror[E0405]: cannot find trait `DoubleEndedIterator` in this scope\n    --> /Users/graysonnocera/.cargo/registry/src/index.crates.io-6f17d22bba15001f/slab-0.4.9/src/lib.rs:1569:9\n     |\n1569 | impl<T> DoubleEndedIterator for Drain<'_, T> {\n     |         ^^^^^^^^^^^^^^^^^^^ not found in this scope\n     |\nhelp: consider importing one of these traits\n     |\n123  + use crate::iter::DoubleEndedIterator;\n     |\n123  + use core::iter::DoubleEndedIterator;\n     |\n\nerror[E0412]: cannot find type `Option` in this scope\n    --> /Users/graysonnocera/.cargo/registry/src/index.crates.io-6f17d22bba15001f/slab-0.4.9/src/lib.rs:1570:32\n     |\n1570 |     fn next_back(&mut self) -> Option<Self::Item> {\n     |                                ^^^^^^ not found in this scope\n     |\nhelp: consider importing this enum\n     |\n123  + use core::option::Option;\n     |\n\nerror[E0531]: cannot find tuple struct or tuple variant `Some` in this scope\n    --> /Users/graysonnocera/.cargo/registry/src/index.crates.io-6f17d22bba15001f/slab-0.4.9/src/lib.rs:1571:19\n     |\n1571 |         while let Some(entry) = self.inner.next_back() {\n     |                   ^^^^ not found in this scope\n     |\nhelp: consider importing this tuple variant\n     |\n123  + use core::option::Option::Some;\n     |\n\nerror[E0425]: cannot find function, tuple struct or tuple variant `Some` in this scope\n    --> /Users/graysonnocera/.cargo/registry/src/index.crates.io-6f17d22bba15001f/slab-0.4.9/src/lib.rs:1574:24\n     |\n1574 |                 return Some(v);\n     |                        ^^^^ not found in this scope\n     |\nhelp: consider importing this tuple variant\n     |\n123  + use core::option::Option::Some;\n     |\n\nerror[E0425]: cannot find value `None` in this scope\n    --> /Users/graysonnocera/.cargo/registry/src/index.crates.io-6f17d22bba15001f/slab-0.4.9/src/lib.rs:1579:9\n     |\n1579 |         None\n     |         ^^^^ not found in this scope\n     |\nhelp: consider importing this unit variant\n     |\n123  + use core::option::Option::None;\n     |\n\nerror[E0405]: cannot find trait `ExactSizeIterator` in this scope\n    --> /Users/graysonnocera/.cargo/registry/src/index.crates.io-6f17d22bba15001f/slab-0.4.9/src/lib.rs:1583:9\n     |\n1583 | impl<T> ExactSizeIterator for Drain<'_, T> {\n     |         ^^^^^^^^^^^^^^^^^ not found in this scope\n     |\nhelp: consider importing one of these traits\n     |\n123  + use crate::iter::ExactSizeIterator;\n     |\n123  + use core::iter::ExactSizeIterator;\n     |\n\nerror[E0277]: `IntoIter<T>` is not an iterator\n    --> /Users/graysonnocera/.cargo/registry/src/index.crates.io-6f17d22bba15001f/slab-0.4.9/src/lib.rs:1457:27\n     |\n1457 | impl<T> FusedIterator for IntoIter<T> {}\n     |                           ^^^^^^^^^^^ `IntoIter<T>` is not an iterator\n     |\n     = help: the trait `Iterator` is not implemented for `IntoIter<T>`\nnote: required by a bound in `FusedIterator`\n    --> /Users/graysonnocera/.rustup/toolchains/stable-aarch64-apple-darwin/lib/rustlib/src/rust/library/core/src/iter/traits/marker.rs:32:26\n     |\n32   | pub trait FusedIterator: Iterator {}\n     |                          ^^^^^^^^ required by this bound in `FusedIterator`\n\nerror[E0277]: `Iter<'_, T>` is not an iterator\n    --> /Users/graysonnocera/.cargo/registry/src/index.crates.io-6f17d22bba15001f/slab-0.4.9/src/lib.rs:1501:27\n     |\n1501 | impl<T> FusedIterator for Iter<'_, T> {}\n     |                           ^^^^^^^^^^^ `Iter<'_, T>` is not an iterator\n     |\n     = help: the trait `Iterator` is not implemented for `Iter<'_, T>`\nnote: required by a bound in `FusedIterator`\n    --> /Users/graysonnocera/.rustup/toolchains/stable-aarch64-apple-darwin/lib/rustlib/src/rust/library/core/src/iter/traits/marker.rs:32:26\n     |\n32   | pub trait FusedIterator: Iterator {}\n     |                          ^^^^^^^^ required by this bound in `FusedIterator`\n\nerror[E0277]: `IterMut<'_, T>` is not an iterator\n    --> /Users/graysonnocera/.cargo/registry/src/index.crates.io-6f17d22bba15001f/slab-0.4.9/src/lib.rs:1545:27\n     |\n1545 | impl<T> FusedIterator for IterMut<'_, T> {}\n     |                           ^^^^^^^^^^^^^^ `IterMut<'_, T>` is not an iterator\n     |\n     = help: the trait `Iterator` is not implemented for `IterMut<'_, T>`\nnote: required by a bound in `FusedIterator`\n    --> /Users/graysonnocera/.rustup/toolchains/stable-aarch64-apple-darwin/lib/rustlib/src/rust/library/core/src/iter/traits/marker.rs:32:26\n     |\n32   | pub trait FusedIterator: Iterator {}\n     |                          ^^^^^^^^ required by this bound in `FusedIterator`\n\nerror[E0277]: `Drain<'_, T>` is not an iterator\n    --> /Users/graysonnocera/.cargo/registry/src/index.crates.io-6f17d22bba15001f/slab-0.4.9/src/lib.rs:1589:27\n     |\n1589 | impl<T> FusedIterator for Drain<'_, T> {}\n     |                           ^^^^^^^^^^^^ `Drain<'_, T>` is not an iterator\n     |\n     = help: the trait `Iterator` is not implemented for `Drain<'_, T>`\nnote: required by a bound in `FusedIterator`\n    --> /Users/graysonnocera/.rustup/toolchains/stable-aarch64-apple-darwin/lib/rustlib/src/rust/library/core/src/iter/traits/marker.rs:32:26\n     |\n32   | pub trait FusedIterator: Iterator {}\n     |                          ^^^^^^^^ required by this bound in `FusedIterator`\n\nSome errors have detailed explanations: E0277, E0405, E0412, E0425, E0463, E0531.\nFor more information about an error, try `rustc --explain E0277`.\nerror: could not compile `slab` (lib) due to 115 previous errors\nerror: could not compile `memchr` (lib) due to 1 previous error\nerror[E0412]: cannot find type `Option` in this scope\n  --> /Users/graysonnocera/.cargo/registry/src/index.crates.io-6f17d22bba15001f/once_cell-1.20.2/src/imp_std.rs:24:23\n   |\n24 |     value: UnsafeCell<Option<T>>,\n   |                       ^^^^^^ not found in this scope\n   |\nhelp: consider importing this enum\n   |\n6  + use core::option::Option;\n   |\n\nerror[E0405]: cannot find trait `Sync` in this scope\n  --> /Users/graysonnocera/.cargo/registry/src/index.crates.io-6f17d22bba15001f/once_cell-1.20.2/src/imp_std.rs:32:29\n   |\n32 | unsafe impl<T: Sync + Send> Sync for OnceCell<T> {}\n   |                             ^^^^ not found in this scope\n   |\nhelp: consider importing this trait\n   |\n6  + use core::marker::Sync;\n   |\n\nerror[E0405]: cannot find trait `Sync` in this scope\n  --> /Users/graysonnocera/.cargo/registry/src/index.crates.io-6f17d22bba15001f/once_cell-1.20.2/src/imp_std.rs:32:16\n   |\n32 | unsafe impl<T: Sync + Send> Sync for OnceCell<T> {}\n   |                ^^^^ not found in this scope\n   |\nhelp: consider importing this trait\n   |\n6  + use core::marker::Sync;\n   |\n\nerror[E0405]: cannot find trait `Send` in this scope\n  --> /Users/graysonnocera/.cargo/registry/src/index.crates.io-6f17d22bba15001f/once_cell-1.20.2/src/imp_std.rs:32:23\n   |\n32 | unsafe impl<T: Sync + Send> Sync for OnceCell<T> {}\n   |                       ^^^^ not found in this scope\n   |\nhelp: consider importing this trait\n   |\n6  + use core::marker::Send;\n   |\n\nerror[E0405]: cannot find trait `Send` in this scope\n  --> /Users/graysonnocera/.cargo/registry/src/index.crates.io-6f17d22bba15001f/once_cell-1.20.2/src/imp_std.rs:33:22\n   |\n33 | unsafe impl<T: Send> Send for OnceCell<T> {}\n   |                      ^^^^ not found in this scope\n   |\nhelp: consider importing this trait\n   |\n6  + use core::marker::Send;\n   |\n\nerror[E0405]: cannot find trait `Send` in this scope\n  --> /Users/graysonnocera/.cargo/registry/src/index.crates.io-6f17d22bba15001f/once_cell-1.20.2/src/imp_std.rs:33:16\n   |\n33 | unsafe impl<T: Send> Send for OnceCell<T> {}\n   |                ^^^^ not found in this scope\n   |\nhelp: consider importing this trait\n   |\n6  + use core::marker::Send;\n   |\n\nerror[E0425]: cannot find value `None` in this scope\n  --> /Users/graysonnocera/.cargo/registry/src/index.crates.io-6f17d22bba15001f/once_cell-1.20.2/src/imp_std.rs:40:82\n   |\n40 |         OnceCell { queue: AtomicPtr::new(INCOMPLETE_PTR), value: UnsafeCell::new(None) }\n   |                                                                                  ^^^^ not found in this scope\n   |\nhelp: consider importing this unit variant\n   |\n6  + use core::option::Option::None;\n   |\n\nerror[E0425]: cannot find function, tuple struct or tuple variant `Some` in this scope\n  --> /Users/graysonnocera/.cargo/registry/src/index.crates.io-6f17d22bba15001f/once_cell-1.20.2/src/imp_std.rs:44:80\n   |\n44 |         OnceCell { queue: AtomicPtr::new(COMPLETE_PTR), value: UnsafeCell::new(Some(value)) }\n   |                                                                                ^^^^ not found in this scope\n   |\nhelp: consider importing this tuple variant\n   |\n6  + use core::option::Option::Some;\n   |\n\nerror[E0405]: cannot find trait `FnOnce` in this scope\n  --> /Users/graysonnocera/.cargo/registry/src/index.crates.io-6f17d22bba15001f/once_cell-1.20.2/src/imp_std.rs:63:12\n   |\n63 |         F: FnOnce() -> Result<T, E>,\n   |            ^^^^^^ not found in this scope\n   |\nhelp: consider importing this trait\n   |\n6  + use core::ops::FnOnce;\n   |\n\nerror[E0412]: cannot find type `Result` in this scope\n  --> /Users/graysonnocera/.cargo/registry/src/index.crates.io-6f17d22bba15001f/once_cell-1.20.2/src/imp_std.rs:63:24\n   |\n63 |         F: FnOnce() -> Result<T, E>,\n   |                        ^^^^^^ not found in this scope\n   |\nhelp: consider importing one of these items\n   |\n6  + use core::fmt::Result;\n   |\n6  + use core::result::Result;\n   |\n6  + use alloc::fmt::Result;\n   |\n\nerror[E0412]: cannot find type `Result` in this scope\n  --> /Users/graysonnocera/.cargo/registry/src/index.crates.io-6f17d22bba15001f/once_cell-1.20.2/src/imp_std.rs:61:52\n   |\n61 |     pub(crate) fn initialize<F, E>(&self, f: F) -> Result<(), E>\n   |                                                    ^^^^^^ not found in this scope\n   |\nhelp: consider importing one of these items\n   |\n6  + use core::fmt::Result;\n   |\n6  + use core::result::Result;\n   |\n6  + use alloc::fmt::Result;\n   |\n\nerror[E0425]: cannot find function, tuple struct or tuple variant `Some` in this scope\n  --> /Users/graysonnocera/.cargo/registry/src/index.crates.io-6f17d22bba15001f/once_cell-1.20.2/src/imp_std.rs:65:21\n   |\n65 |         let mut f = Some(f);\n   |                     ^^^^ not found in this scope\n   |\nhelp: consider importing this tuple variant\n   |\n6  + use core::option::Option::Some;\n   |\n\nerror[E0412]: cannot find type `Result` in this scope\n  --> /Users/graysonnocera/.cargo/registry/src/index.crates.io-6f17d22bba15001f/once_cell-1.20.2/src/imp_std.rs:66:22\n   |\n66 |         let mut res: Result<(), E> = Ok(());\n   |                      ^^^^^^ not found in this scope\n   |\nhelp: consider importing one of these items\n   |\n6  + use core::fmt::Result;\n   |\n6  + use core::result::Result;\n   |\n6  + use alloc::fmt::Result;\n   |\n\nerror[E0425]: cannot find function, tuple struct or tuple variant `Ok` in this scope\n  --> /Users/graysonnocera/.cargo/registry/src/index.crates.io-6f17d22bba15001f/once_cell-1.20.2/src/imp_std.rs:66:38\n   |\n66 |         let mut res: Result<(), E> = Ok(());\n   |                                      ^^ not found in this scope\n   |\nhelp: consider importing this tuple variant\n   |\n6  + use core::result::Result::Ok;\n   |\n\nerror[E0412]: cannot find type `Option` in this scope\n  --> /Users/graysonnocera/.cargo/registry/src/index.crates.io-6f17d22bba15001f/once_cell-1.20.2/src/imp_std.rs:67:24\n   |\n67 |         let slot: *mut Option<T> = self.value.get();\n   |                        ^^^^^^ not found in this scope\n   |\nhelp: consider importing this enum\n   |\n6  + use core::option::Option;\n   |\n\nerror[E0425]: cannot find function, tuple struct or tuple variant `Some` in this scope\n  --> /Users/graysonnocera/.cargo/registry/src/index.crates.io-6f17d22bba15001f/once_cell-1.20.2/src/imp_std.rs:70:13\n   |\n70 |             Some(&mut || {\n   |             ^^^^ not found in this scope\n   |\nhelp: consider importing this tuple variant\n   |\n6  + use core::option::Option::Some;\n   |\n\nerror[E0531]: cannot find tuple struct or tuple variant `Ok` in this scope\n  --> /Users/graysonnocera/.cargo/registry/src/index.crates.io-6f17d22bba15001f/once_cell-1.20.2/src/imp_std.rs:73:21\n   |\n73 |                     Ok(value) => {\n   |                     ^^ not found in this scope\n   |\nhelp: consider importing this tuple variant\n   |\n6  + use core::result::Result::Ok;\n   |\n\nerror[E0425]: cannot find function, tuple struct or tuple variant `Some` in this scope\n  --> /Users/graysonnocera/.cargo/registry/src/index.crates.io-6f17d22bba15001f/once_cell-1.20.2/src/imp_std.rs:74:42\n   |\n74 |                         unsafe { *slot = Some(value) };\n   |                                          ^^^^ not found in this scope\n   |\nhelp: consider importing this tuple variant\n   |\n6  + use core::option::Option::Some;\n   |\n\nerror[E0531]: cannot find tuple struct or tuple variant `Err` in this scope\n  --> /Users/graysonnocera/.cargo/registry/src/index.crates.io-6f17d22bba15001f/once_cell-1.20.2/src/imp_std.rs:77:21\n   |\n77 |                     Err(err) => {\n   |                     ^^^ not found in this scope\n   |\nhelp: consider importing this tuple variant\n   |\n6  + use core::result::Result::Err;\n   |\n\nerror[E0425]: cannot find function, tuple struct or tuple variant `Err` in this scope\n  --> /Users/graysonnocera/.cargo/registry/src/index.crates.io-6f17d22bba15001f/once_cell-1.20.2/src/imp_std.rs:78:31\n   |\n78 |                         res = Err(err);\n   |                               ^^^\n   |\nhelp: a local variable with a similar name exists\n   |\n78 |                         res = err(err);\n   |                               ~~~\nhelp: consider importing this tuple variant\n   |\n6  + use core::result::Result::Err;\n   |\n\nerror[E0425]: cannot find value `None` in this scope\n  --> /Users/graysonnocera/.cargo/registry/src/index.crates.io-6f17d22bba15001f/once_cell-1.20.2/src/imp_std.rs:89:41\n   |\n89 |         initialize_or_wait(&self.queue, None);\n   |                                         ^^^^ not found in this scope\n   |\nhelp: consider importing this unit variant\n   |\n6  + use core::option::Option::None;\n   |\n\nerror[E0412]: cannot find type `Option` in this scope\n   --> /Users/graysonnocera/.cargo/registry/src/index.crates.io-6f17d22bba15001f/once_cell-1.20.2/src/imp_std.rs:107:41\n    |\n107 |     pub(crate) fn get_mut(&mut self) -> Option<&mut T> {\n    |                                         ^^^^^^ not found in this scope\n    |\nhelp: consider importing this enum\n    |\n6   + use core::option::Option;\n    |\n\nerror[E0412]: cannot find type `Option` in this scope\n   --> /Users/graysonnocera/.cargo/registry/src/index.crates.io-6f17d22bba15001f/once_cell-1.20.2/src/imp_std.rs:115:39\n    |\n115 |     pub(crate) fn into_inner(self) -> Option<T> {\n    |                                       ^^^^^^ not found in this scope\n    |\nhelp: consider importing this enum\n    |\n6   + use core::option::Option;\n    |\n\nerror[E0412]: cannot find type `Option` in this scope\n   --> /Users/graysonnocera/.cargo/registry/src/index.crates.io-6f17d22bba15001f/once_cell-1.20.2/src/imp_std.rs:139:18\n    |\n139 |     thread: Cell<Option<Thread>>,\n    |                  ^^^^^^ not found in this scope\n    |\nhelp: consider importing this enum\n    |\n6   + use core::option::Option;\n    |\n\nerror[E0405]: cannot find trait `Drop` in this scope\n   --> /Users/graysonnocera/.cargo/registry/src/index.crates.io-6f17d22bba15001f/once_cell-1.20.2/src/imp_std.rs:150:6\n    |\n150 | impl Drop for Guard<'_> {\n    |      ^^^^ not found in this scope\n    |\nhelp: consider importing this trait\n    |\n6   + use core::ops::Drop;\n    |\n\nerror[E0412]: cannot find type `Option` in this scope\n   --> /Users/graysonnocera/.cargo/registry/src/index.crates.io-6f17d22bba15001f/once_cell-1.20.2/src/imp_std.rs:177:60\n    |\n177 | fn initialize_or_wait(queue: &AtomicPtr<Waiter>, mut init: Option<&mut dyn FnMut() -> bool>) {\n    |                                                            ^^^^^^ not found in this scope\n    |\nhelp: consider importing this enum\n    |\n6   + use core::option::Option;\n    |\n\nerror[E0405]: cannot find trait `FnMut` in this scope\n   --> /Users/graysonnocera/.cargo/registry/src/index.crates.io-6f17d22bba15001f/once_cell-1.20.2/src/imp_std.rs:177:76\n    |\n177 | fn initialize_or_wait(queue: &AtomicPtr<Waiter>, mut init: Option<&mut dyn FnMut() -> bool>) {\n    |                                                                            ^^^^^ not found in this scope\n    |\nhelp: consider importing this trait\n    |\n6   + use core::ops::FnMut;\n    |\n\nerror[E0531]: cannot find tuple struct or tuple variant `Some` in this scope\n   --> /Users/graysonnocera/.cargo/registry/src/index.crates.io-6f17d22bba15001f/once_cell-1.20.2/src/imp_std.rs:184:26\n    |\n184 |             (INCOMPLETE, Some(init)) => {\n    |                          ^^^^ not found in this scope\n    |\nhelp: consider importing this tuple variant\n    |\n6   + use core::option::Option::Some;\n    |\n\nerror[E0531]: cannot find tuple struct or tuple variant `Err` in this scope\n   --> /Users/graysonnocera/.cargo/registry/src/index.crates.io-6f17d22bba15001f/once_cell-1.20.2/src/imp_std.rs:191:24\n    |\n191 |                 if let Err(new_queue) = exchange {\n    |                        ^^^ not found in this scope\n    |\nhelp: consider importing this tuple variant\n    |\n6   + use core::result::Result::Err;\n    |\n\nerror[E0425]: cannot find function, tuple struct or tuple variant `Some` in this scope\n   --> /Users/graysonnocera/.cargo/registry/src/index.crates.io-6f17d22bba15001f/once_cell-1.20.2/src/imp_std.rs:214:31\n    |\n214 |             thread: Cell::new(Some(thread::current())),\n    |                               ^^^^ not found in this scope\n    |\nhelp: consider importing this tuple variant\n    |\n6   + use core::option::Option::Some;\n    |\n\nerror[E0531]: cannot find tuple struct or tuple variant `Err` in this scope\n   --> /Users/graysonnocera/.cargo/registry/src/index.crates.io-6f17d22bba15001f/once_cell-1.20.2/src/imp_std.rs:226:16\n    |\n226 |         if let Err(new_queue) = exchange {\n    |                ^^^ not found in this scope\n    |\nhelp: consider importing this tuple variant\n    |\n6   + use core::result::Result::Err;\n    |\n\nerror[E0405]: cannot find trait `Sized` in this scope\n   --> /Users/graysonnocera/.cargo/registry/src/index.crates.io-6f17d22bba15001f/once_cell-1.20.2/src/imp_std.rs:250:12\n    |\n250 |         T: Sized,\n    |            ^^^^^ not found in this scope\n    |\nhelp: consider importing this trait\n    |\n246 +     use core::marker::Sized;\n    |\n\nerror[E0405]: cannot find trait `Sized` in this scope\n   --> /Users/graysonnocera/.cargo/registry/src/index.crates.io-6f17d22bba15001f/once_cell-1.20.2/src/imp_std.rs:262:12\n    |\n262 |         T: Sized,\n    |            ^^^^^ not found in this scope\n    |\nhelp: consider importing this trait\n    |\n246 +     use core::marker::Sized;\n    |\n\nerror[E0405]: cannot find trait `Sized` in this scope\n   --> /Users/graysonnocera/.cargo/registry/src/index.crates.io-6f17d22bba15001f/once_cell-1.20.2/src/imp_std.rs:283:12\n    |\n283 |         T: Sized,\n    |            ^^^^^ not found in this scope\n    |\nhelp: consider importing this trait\n    |\n246 +     use core::marker::Sized;\n    |\n\nerror[E0405]: cannot find trait `FnOnce` in this scope\n   --> /Users/graysonnocera/.cargo/registry/src/index.crates.io-6f17d22bba15001f/once_cell-1.20.2/src/imp_std.rs:281:52\n    |\n281 |     pub(crate) fn map_addr<T>(ptr: *mut T, f: impl FnOnce(usize) -> usize) -> *mut T\n    |                                                    ^^^^^^ not found in this scope\n    |\nhelp: consider importing this trait\n    |\n246 +     use core::ops::FnOnce;\n    |\n\nerror[E0412]: cannot find type `Option` in this scope\n   --> /Users/graysonnocera/.cargo/registry/src/index.crates.io-6f17d22bba15001f/once_cell-1.20.2/src/lib.rs:413:27\n    |\n413 |         inner: UnsafeCell<Option<T>>,\n    |                           ^^^^^^ not found in this scope\n    |\nhelp: consider importing this enum\n    |\n384 +     use core::option::Option;\n    |\n\nerror[E0405]: cannot find trait `Default` in this scope\n   --> /Users/graysonnocera/.cargo/registry/src/index.crates.io-6f17d22bba15001f/once_cell-1.20.2/src/lib.rs:423:13\n    |\n423 |     impl<T> Default for OnceCell<T> {\n    |             ^^^^^^^ not found in this scope\n    |\nhelp: consider importing this trait\n    |\n384 +     use core::default::Default;\n    |\n\nerror[E0531]: cannot find tuple struct or tuple variant `Some` in this scope\n   --> /Users/graysonnocera/.cargo/registry/src/index.crates.io-6f17d22bba15001f/once_cell-1.20.2/src/lib.rs:432:17\n    |\n432 |                 Some(v) => f.debug_tuple(\"OnceCell\").field(v).finish(),\n    |                 ^^^^ not found in this scope\n    |\nhelp: consider importing this tuple variant\n    |\n384 +     use core::option::Option::Some;\n    |\n\nerror[E0405]: cannot find trait `Clone` in this scope\n   --> /Users/graysonnocera/.cargo/registry/src/index.crates.io-6f17d22bba15001f/once_cell-1.20.2/src/lib.rs:438:20\n    |\n438 |     impl<T: Clone> Clone for OnceCell<T> {\n    |                    ^^^^^ not found in this scope\n    |\nhelp: consider importing this trait\n    |\n384 +     use core::clone::Clone;\n    |\n\nerror[E0405]: cannot find trait `Clone` in this scope\n   --> /Users/graysonnocera/.cargo/registry/src/index.crates.io-6f17d22bba15001f/once_cell-1.20.2/src/lib.rs:438:13\n    |\n438 |     impl<T: Clone> Clone for OnceCell<T> {\n    |             ^^^^^ not found in this scope\n    |\nhelp: consider importing this trait\n    |\n384 +     use core::clone::Clone;\n    |\n\nerror[E0531]: cannot find tuple struct or tuple variant `Some` in this scope\n   --> /Users/graysonnocera/.cargo/registry/src/index.crates.io-6f17d22bba15001f/once_cell-1.20.2/src/lib.rs:441:17\n    |\n441 |                 Some(value) => OnceCell::with_value(value.clone()),\n    |                 ^^^^ not found in this scope\n    |\nhelp: consider importing this tuple variant\n    |\n384 +     use core::option::Option::Some;\n    |\n\nerror[E0531]: cannot find tuple struct or tuple variant `Some` in this scope\n   --> /Users/graysonnocera/.cargo/registry/src/index.crates.io-6f17d22bba15001f/once_cell-1.20.2/src/lib.rs:448:18\n    |\n448 |                 (Some(this), Some(source)) => this.clone_from(source),\n    |                  ^^^^ not found in this scope\n    |\nhelp: consider importing this tuple variant\n    |\n384 +     use core::option::Option::Some;\n    |\n\nerror[E0531]: cannot find tuple struct or tuple variant `Some` in this scope\n   --> /Users/graysonnocera/.cargo/registry/src/index.crates.io-6f17d22bba15001f/once_cell-1.20.2/src/lib.rs:448:30\n    |\n448 |                 (Some(this), Some(source)) => this.clone_from(source),\n    |                              ^^^^ not found in this scope\n    |\nhelp: consider importing this tuple variant\n    |\n384 +     use core::option::Option::Some;\n    |\n\nerror[E0405]: cannot find trait `PartialEq` in this scope\n   --> /Users/graysonnocera/.cargo/registry/src/index.crates.io-6f17d22bba15001f/once_cell-1.20.2/src/lib.rs:454:24\n    |\n454 |     impl<T: PartialEq> PartialEq for OnceCell<T> {\n    |                        ^^^^^^^^^ not found in this scope\n    |\nhelp: consider importing this trait\n    |\n384 +     use core::cmp::PartialEq;\n    |\n\nerror[E0405]: cannot find trait `PartialEq` in this scope\n   --> /Users/graysonnocera/.cargo/registry/src/index.crates.io-6f17d22bba15001f/once_cell-1.20.2/src/lib.rs:454:13\n    |\n454 |     impl<T: PartialEq> PartialEq for OnceCell<T> {\n    |             ^^^^^^^^^ not found in this scope\n    |\nhelp: consider importing this trait\n    |\n384 +     use core::cmp::PartialEq;\n    |\n\nerror[E0405]: cannot find trait `Eq` in this scope\n   --> /Users/graysonnocera/.cargo/registry/src/index.crates.io-6f17d22bba15001f/once_cell-1.20.2/src/lib.rs:460:17\n    |\n460 |     impl<T: Eq> Eq for OnceCell<T> {}\n    |                 ^^ not found in this scope\n    |\nhelp: consider importing this trait\n    |\n384 +     use core::cmp::Eq;\n    |\n\nerror[E0405]: cannot find trait `Eq` in this scope\n   --> /Users/graysonnocera/.cargo/registry/src/index.crates.io-6f17d22bba15001f/once_cell-1.20.2/src/lib.rs:460:13\n    |\n460 |     impl<T: Eq> Eq for OnceCell<T> {}\n    |             ^^ not found in this scope\n    |\nhelp: consider importing this trait\n    |\n384 +     use core::cmp::Eq;\n    |\n\nerror[E0405]: cannot find trait `From` in this scope\n   --> /Users/graysonnocera/.cargo/registry/src/index.crates.io-6f17d22bba15001f/once_cell-1.20.2/src/lib.rs:462:13\n    |\n462 |     impl<T> From<T> for OnceCell<T> {\n    |             ^^^^ not found in this scope\n    |\nhelp: consider importing this trait\n    |\n384 +     use core::convert::From;\n    |\n\nerror[E0425]: cannot find value `None` in this scope\n   --> /Users/graysonnocera/.cargo/registry/src/index.crates.io-6f17d22bba15001f/once_cell-1.20.2/src/lib.rs:471:47\n    |\n471 |             OnceCell { inner: UnsafeCell::new(None) }\n    |                                               ^^^^ not found in this scope\n    |\nhelp: consider importing this unit variant\n    |\n384 +     use core::option::Option::None;\n    |\n\nerror[E0425]: cannot find function, tuple struct or tuple variant `Some` in this scope\n   --> /Users/graysonnocera/.cargo/registry/src/index.crates.io-6f17d22bba15001f/once_cell-1.20.2/src/lib.rs:476:47\n    |\n476 |             OnceCell { inner: UnsafeCell::new(Some(value)) }\n    |                                               ^^^^ not found in this scope\n    |\nhelp: consider importing this tuple variant\n    |\n384 +     use core::option::Option::Some;\n    |\n\nerror[E0412]: cannot find type `Option` in this scope\n   --> /Users/graysonnocera/.cargo/registry/src/index.crates.io-6f17d22bba15001f/once_cell-1.20.2/src/lib.rs:483:30\n    |\n483 |         pub fn get(&self) -> Option<&T> {\n    |                              ^^^^^^ not found in this scope\n    |\nhelp: consider importing this enum\n    |\n384 +     use core::option::Option;\n    |\n\nerror[E0412]: cannot find type `Option` in this scope\n   --> /Users/graysonnocera/.cargo/registry/src/index.crates.io-6f17d22bba15001f/once_cell-1.20.2/src/lib.rs:508:38\n    |\n508 |         pub fn get_mut(&mut self) -> Option<&mut T> {\n    |                                      ^^^^^^ not found in this scope\n    |\nhelp: consider importing this enum\n    |\n384 +     use core::option::Option;\n    |\n\nerror[E0412]: cannot find type `Result` in this scope\n   --> /Users/graysonnocera/.cargo/registry/src/index.crates.io-6f17d22bba15001f/once_cell-1.20.2/src/lib.rs:530:40\n    |\n530 |         pub fn set(&self, value: T) -> Result<(), T> {\n    |                                        ^^^^^^ not found in this scope\n    |\nhelp: consider importing one of these items\n    |\n384 +     use crate::unsync::fmt::Result;\n    |\n384 +     use core::fmt::Result;\n    |\n384 +     use core::result::Result;\n    |\n384 +     use alloc::fmt::Result;\n    |\n\nerror[E0531]: cannot find tuple struct or tuple variant `Ok` in this scope\n   --> /Users/graysonnocera/.cargo/registry/src/index.crates.io-6f17d22bba15001f/once_cell-1.20.2/src/lib.rs:532:17\n    |\n532 |                 Ok(_) => Ok(()),\n    |                 ^^ not found in this scope\n    |\nhelp: consider importing this tuple variant\n    |\n384 +     use core::result::Result::Ok;\n    |\n\nerror[E0425]: cannot find function, tuple struct or tuple variant `Ok` in this scope\n   --> /Users/graysonnocera/.cargo/registry/src/index.crates.io-6f17d22bba15001f/once_cell-1.20.2/src/lib.rs:532:26\n    |\n532 |                 Ok(_) => Ok(()),\n    |                          ^^ not found in this scope\n    |\nhelp: consider importing this tuple variant\n    |\n384 +     use core::result::Result::Ok;\n    |\n\nerror[E0531]: cannot find tuple struct or tuple variant `Err` in this scope\n   --> /Users/graysonnocera/.cargo/registry/src/index.crates.io-6f17d22bba15001f/once_cell-1.20.2/src/lib.rs:533:17\n    |\n533 |                 Err((_, value)) => Err(value),\n    |                 ^^^ not found in this scope\n    |\nhelp: consider importing this tuple variant\n    |\n384 +     use core::result::Result::Err;\n    |\n\nerror[E0425]: cannot find function, tuple struct or tuple variant `Err` in this scope\n   --> /Users/graysonnocera/.cargo/registry/src/index.crates.io-6f17d22bba15001f/once_cell-1.20.2/src/lib.rs:533:36\n    |\n533 |                 Err((_, value)) => Err(value),\n    |                                    ^^^ not found in this scope\n    |\nhelp: consider importing this tuple variant\n    |\n384 +     use core::result::Result::Err;\n    |\n\nerror[E0412]: cannot find type `Result` in this scope\n   --> /Users/graysonnocera/.cargo/registry/src/index.crates.io-6f17d22bba15001f/once_cell-1.20.2/src/lib.rs:551:47\n    |\n551 |         pub fn try_insert(&self, value: T) -> Result<&T, (&T, T)> {\n    |                                               ^^^^^^ not found in this scope\n    |\nhelp: consider importing one of these items\n    |\n384 +     use crate::unsync::fmt::Result;\n    |\n384 +     use core::fmt::Result;\n    |\n384 +     use core::result::Result;\n    |\n384 +     use alloc::fmt::Result;\n    |\n\nerror[E0531]: cannot find tuple struct or tuple variant `Some` in this scope\n   --> /Users/graysonnocera/.cargo/registry/src/index.crates.io-6f17d22bba15001f/once_cell-1.20.2/src/lib.rs:552:20\n    |\n552 |             if let Some(old) = self.get() {\n    |                    ^^^^ not found in this scope\n    |\nhelp: consider importing this tuple variant\n    |\n384 +     use core::option::Option::Some;\n    |\n\nerror[E0425]: cannot find function, tuple struct or tuple variant `Err` in this scope\n   --> /Users/graysonnocera/.cargo/registry/src/index.crates.io-6f17d22bba15001f/once_cell-1.20.2/src/lib.rs:553:24\n    |\n553 |                 return Err((old, value));\n    |                        ^^^ not found in this scope\n    |\nhelp: consider importing this tuple variant\n    |\n384 +     use core::result::Result::Err;\n    |\n\nerror[E0425]: cannot find function, tuple struct or tuple variant `Some` in this scope\n   --> /Users/graysonnocera/.cargo/registry/src/index.crates.io-6f17d22bba15001f/once_cell-1.20.2/src/lib.rs:561:21\n    |\n561 |             *slot = Some(value);\n    |                     ^^^^ not found in this scope\n    |\nhelp: consider importing this tuple variant\n    |\n384 +     use core::option::Option::Some;\n    |\n\nerror[E0425]: cannot find function, tuple struct or tuple variant `Ok` in this scope\n   --> /Users/graysonnocera/.cargo/registry/src/index.crates.io-6f17d22bba15001f/once_cell-1.20.2/src/lib.rs:562:13\n    |\n562 |             Ok(unsafe { slot.as_ref().unwrap_unchecked() })\n    |             ^^ not found in this scope\n    |\nhelp: consider importing this tuple variant\n    |\n384 +     use core::result::Result::Ok;\n    |\n\nerror[E0405]: cannot find trait `FnOnce` in this scope\n   --> /Users/graysonnocera/.cargo/registry/src/index.crates.io-6f17d22bba15001f/once_cell-1.20.2/src/lib.rs:588:16\n    |\n588 |             F: FnOnce() -> T,\n    |                ^^^^^^ not found in this scope\n    |\nhelp: consider importing this trait\n    |\n384 +     use core::ops::FnOnce;\n    |\n\nerror[E0425]: cannot find function, tuple struct or tuple variant `Ok` in this scope\n   --> /Users/graysonnocera/.cargo/registry/src/index.crates.io-6f17d22bba15001f/once_cell-1.20.2/src/lib.rs:591:43\n    |\n591 |             match self.get_or_try_init(|| Ok::<T, Void>(f())) {\n    |                                           ^^ not found in this scope\n    |\nhelp: consider importing this tuple variant\n    |\n384 +     use core::result::Result::Ok;\n    |\n\nerror[E0531]: cannot find tuple struct or tuple variant `Ok` in this scope\n   --> /Users/graysonnocera/.cargo/registry/src/index.crates.io-6f17d22bba15001f/once_cell-1.20.2/src/lib.rs:592:17\n    |\n592 |                 Ok(val) => val,\n    |                 ^^ not found in this scope\n    |\nhelp: consider importing this tuple variant\n    |\n384 +     use core::result::Result::Ok;\n    |\n\nerror[E0531]: cannot find tuple struct or tuple variant `Err` in this scope\n   --> /Users/graysonnocera/.cargo/registry/src/index.crates.io-6f17d22bba15001f/once_cell-1.20.2/src/lib.rs:593:17\n    |\n593 |                 Err(void) => match void {},\n    |                 ^^^ not found in this scope\n    |\nhelp: consider importing this tuple variant\n    |\n384 +     use core::result::Result::Err;\n    |\n\nerror[E0405]: cannot find trait `FnOnce` in this scope\n   --> /Users/graysonnocera/.cargo/registry/src/index.crates.io-6f17d22bba15001f/once_cell-1.20.2/src/lib.rs:624:16\n    |\n624 |             F: FnOnce() -> Result<T, E>,\n    |                ^^^^^^ not found in this scope\n    |\nhelp: consider importing this trait\n    |\n384 +     use core::ops::FnOnce;\n    |\n\nerror[E0412]: cannot find type `Result` in this scope\n   --> /Users/graysonnocera/.cargo/registry/src/index.crates.io-6f17d22bba15001f/once_cell-1.20.2/src/lib.rs:624:28\n    |\n624 |             F: FnOnce() -> Result<T, E>,\n    |                            ^^^^^^ not found in this scope\n    |\nhelp: consider importing one of these items\n    |\n384 +     use crate::unsync::fmt::Result;\n    |\n384 +     use core::fmt::Result;\n    |\n384 +     use core::result::Result;\n    |\n384 +     use alloc::fmt::Result;\n    |\n\nerror[E0412]: cannot find type `Result` in this scope\n   --> /Users/graysonnocera/.cargo/registry/src/index.crates.io-6f17d22bba15001f/once_cell-1.20.2/src/lib.rs:622:54\n    |\n622 |         pub fn get_or_try_init<F, E>(&self, f: F) -> Result<&T, E>\n    |                                                      ^^^^^^ not found in this scope\n    |\nhelp: consider importing one of these items\n    |\n384 +     use crate::unsync::fmt::Result;\n    |\n384 +     use core::fmt::Result;\n    |\n384 +     use core::result::Result;\n    |\n384 +     use alloc::fmt::Result;\n    |\n\nerror[E0531]: cannot find tuple struct or tuple variant `Some` in this scope\n   --> /Users/graysonnocera/.cargo/registry/src/index.crates.io-6f17d22bba15001f/once_cell-1.20.2/src/lib.rs:626:20\n    |\n626 |             if let Some(val) = self.get() {\n    |                    ^^^^ not found in this scope\n    |\nhelp: consider importing this tuple variant\n    |\n384 +     use core::option::Option::Some;\n    |\n\nerror[E0425]: cannot find function, tuple struct or tuple variant `Ok` in this scope\n   --> /Users/graysonnocera/.cargo/registry/src/index.crates.io-6f17d22bba15001f/once_cell-1.20.2/src/lib.rs:627:24\n    |\n627 |                 return Ok(val);\n    |                        ^^ not found in this scope\n    |\nhelp: consider importing this tuple variant\n    |\n384 +     use core::result::Result::Ok;\n    |\n\nerror[E0425]: cannot find function, tuple struct or tuple variant `Ok` in this scope\n   --> /Users/graysonnocera/.cargo/registry/src/index.crates.io-6f17d22bba15001f/once_cell-1.20.2/src/lib.rs:635:13\n    |\n635 |             Ok(unsafe { self.get().unwrap_unchecked() })\n    |             ^^ not found in this scope\n    |\nhelp: consider importing this tuple variant\n    |\n384 +     use core::result::Result::Ok;\n    |\n\nerror[E0412]: cannot find type `Option` in this scope\n   --> /Users/graysonnocera/.cargo/registry/src/index.crates.io-6f17d22bba15001f/once_cell-1.20.2/src/lib.rs:667:35\n    |\n667 |         pub fn take(&mut self) -> Option<T> {\n    |                                   ^^^^^^ not found in this scope\n    |\nhelp: consider importing this enum\n    |\n384 +     use core::option::Option;\n    |\n\nerror[E0412]: cannot find type `Option` in this scope\n   --> /Users/graysonnocera/.cargo/registry/src/index.crates.io-6f17d22bba15001f/once_cell-1.20.2/src/lib.rs:687:36\n    |\n687 |         pub fn into_inner(self) -> Option<T> {\n    |                                    ^^^^^^ not found in this scope\n    |\nhelp: consider importing this enum\n    |\n384 +     use core::option::Option;\n    |\n\nerror[E0412]: cannot find type `Option` in this scope\n   --> /Users/graysonnocera/.cargo/registry/src/index.crates.io-6f17d22bba15001f/once_cell-1.20.2/src/lib.rs:716:20\n    |\n716 |         init: Cell<Option<F>>,\n    |                    ^^^^^^ not found in this scope\n    |\nhelp: consider importing this enum\n    |\n384 +     use core::option::Option;\n    |\n\nerror[E0425]: cannot find function, tuple struct or tuple variant `Some` in this scope\n   --> /Users/graysonnocera/.cargo/registry/src/index.crates.io-6f17d22bba15001f/once_cell-1.20.2/src/lib.rs:743:59\n    |\n743 |             Lazy { cell: OnceCell::new(), init: Cell::new(Some(init)) }\n    |                                                           ^^^^ not found in this scope\n    |\nhelp: consider importing this tuple variant\n    |\n384 +     use core::option::Option::Some;\n    |\n\nerror[E0412]: cannot find type `Result` in this scope\n   --> /Users/graysonnocera/.cargo/registry/src/index.crates.io-6f17d22bba15001f/once_cell-1.20.2/src/lib.rs:749:48\n    |\n749 |         pub fn into_value(this: Lazy<T, F>) -> Result<T, F> {\n    |                                                ^^^^^^ not found in this scope\n    |\nhelp: consider importing one of these items\n    |\n384 +     use crate::unsync::fmt::Result;\n    |\n384 +     use core::fmt::Result;\n    |\n384 +     use core::result::Result;\n    |\n384 +     use alloc::fmt::Result;\n    |\n\nerror[E0405]: cannot find trait `FnOnce` in this scope\n   --> /Users/graysonnocera/.cargo/registry/src/index.crates.io-6f17d22bba15001f/once_cell-1.20.2/src/lib.rs:758:16\n    |\n758 |     impl<T, F: FnOnce() -> T> Lazy<T, F> {\n    |                ^^^^^^ not found in this scope\n    |\nhelp: consider importing this trait\n    |\n384 +     use core::ops::FnOnce;\n    |\n\nerror[E0531]: cannot find tuple struct or tuple variant `Some` in this scope\n   --> /Users/graysonnocera/.cargo/registry/src/index.crates.io-6f17d22bba15001f/once_cell-1.20.2/src/lib.rs:775:17\n    |\n775 |                 Some(f) => f(),\n    |                 ^^^^ not found in this scope\n    |\nhelp: consider importing this tuple variant\n    |\n384 +     use core::option::Option::Some;\n    |\n\nerror[E0531]: cannot find tuple struct or tuple variant `Some` in this scope\n   --> /Users/graysonnocera/.cargo/registry/src/index.crates.io-6f17d22bba15001f/once_cell-1.20.2/src/lib.rs:797:21\n    |\n797 |                     Some(f) => f(),\n    |                     ^^^^ not found in this scope\n    |\nhelp: consider importing this tuple variant\n    |\n384 +     use core::option::Option::Some;\n    |\n\nerror[E0412]: cannot find type `Option` in this scope\n   --> /Users/graysonnocera/.cargo/registry/src/index.crates.io-6f17d22bba15001f/once_cell-1.20.2/src/lib.rs:818:42\n    |\n818 |         pub fn get(this: &Lazy<T, F>) -> Option<&T> {\n    |                                          ^^^^^^ not found in this scope\n    |\nhelp: consider importing this enum\n    |\n384 +     use core::option::Option;\n    |\n\nerror[E0412]: cannot find type `Option` in this scope\n   --> /Users/graysonnocera/.cargo/registry/src/index.crates.io-6f17d22bba15001f/once_cell-1.20.2/src/lib.rs:835:50\n    |\n835 |         pub fn get_mut(this: &mut Lazy<T, F>) -> Option<&mut T> {\n    |                                                  ^^^^^^ not found in this scope\n    |\nhelp: consider importing this enum\n    |\n384 +     use core::option::Option;\n    |\n\nerror[E0405]: cannot find trait `FnOnce` in this scope\n   --> /Users/graysonnocera/.cargo/registry/src/index.crates.io-6f17d22bba15001f/once_cell-1.20.2/src/lib.rs:840:16\n    |\n840 |     impl<T, F: FnOnce() -> T> Deref for Lazy<T, F> {\n    |                ^^^^^^ not found in this scope\n    |\nhelp: consider importing this trait\n    |\n384 +     use core::ops::FnOnce;\n    |\n\nerror[E0405]: cannot find trait `FnOnce` in this scope\n   --> /Users/graysonnocera/.cargo/registry/src/index.crates.io-6f17d22bba15001f/once_cell-1.20.2/src/lib.rs:847:16\n    |\n847 |     impl<T, F: FnOnce() -> T> DerefMut for Lazy<T, F> {\n    |                ^^^^^^ not found in this scope\n    |\nhelp: consider importing this trait\n    |\n384 +     use core::ops::FnOnce;\n    |\n\nerror[E0405]: cannot find trait `Default` in this scope\n   --> /Users/graysonnocera/.cargo/registry/src/index.crates.io-6f17d22bba15001f/once_cell-1.20.2/src/lib.rs:853:22\n    |\n853 |     impl<T: Default> Default for Lazy<T> {\n    |                      ^^^^^^^ not found in this scope\n    |\nhelp: consider importing this trait\n    |\n384 +     use core::default::Default;\n    |\n\nerror[E0405]: cannot find trait `Default` in this scope\n   --> /Users/graysonnocera/.cargo/registry/src/index.crates.io-6f17d22bba15001f/once_cell-1.20.2/src/lib.rs:853:13\n    |\n853 |     impl<T: Default> Default for Lazy<T> {\n    |             ^^^^^^^ not found in this scope\n    |\nhelp: consider importing this trait\n    |\n384 +     use core::default::Default;\n    |\n\nerror[E0405]: cannot find trait `Default` in this scope\n   --> /Users/graysonnocera/.cargo/registry/src/index.crates.io-6f17d22bba15001f/once_cell-1.20.2/src/lib.rs:903:13\n    |\n903 |     impl<T> Default for OnceCell<T> {\n    |             ^^^^^^^ not found in this scope\n    |\nhelp: consider importing this trait\n    |\n864 +     use core::default::Default;\n    |\n\nerror[E0531]: cannot find tuple struct or tuple variant `Some` in this scope\n   --> /Users/graysonnocera/.cargo/registry/src/index.crates.io-6f17d22bba15001f/once_cell-1.20.2/src/lib.rs:912:17\n    |\n912 |                 Some(v) => f.debug_tuple(\"OnceCell\").field(v).finish(),\n    |                 ^^^^ not found in this scope\n    |\nhelp: consider importing this tuple variant\n    |\n864 +     use core::option::Option::Some;\n    |\n\nerror[E0405]: cannot find trait `Clone` in this scope\n   --> /Users/graysonnocera/.cargo/registry/src/index.crates.io-6f17d22bba15001f/once_cell-1.20.2/src/lib.rs:918:20\n    |\n918 |     impl<T: Clone> Clone for OnceCell<T> {\n    |                    ^^^^^ not found in this scope\n    |\nhelp: consider importing this trait\n    |\n864 +     use core::clone::Clone;\n    |\n\nerror[E0405]: cannot find trait `Clone` in this scope\n   --> /Users/graysonnocera/.cargo/registry/src/index.crates.io-6f17d22bba15001f/once_cell-1.20.2/src/lib.rs:918:13\n    |\n918 |     impl<T: Clone> Clone for OnceCell<T> {\n    |             ^^^^^ not found in this scope\n    |\nhelp: consider importing this trait\n    |\n864 +     use core::clone::Clone;\n    |\n\nerror[E0531]: cannot find tuple struct or tuple variant `Some` in this scope\n   --> /Users/graysonnocera/.cargo/registry/src/index.crates.io-6f17d22bba15001f/once_cell-1.20.2/src/lib.rs:921:17\n    |\n921 |                 Some(value) => Self::with_value(value.clone()),\n    |                 ^^^^ not found in this scope\n    |\nhelp: consider importing this tuple variant\n    |\n864 +     use core::option::Option::Some;\n    |\n\nerror[E0531]: cannot find tuple struct or tuple variant `Some` in this scope\n   --> /Users/graysonnocera/.cargo/registry/src/index.crates.io-6f17d22bba15001f/once_cell-1.20.2/src/lib.rs:928:18\n    |\n928 |                 (Some(this), Some(source)) => this.clone_from(source),\n    |                  ^^^^ not found in this scope\n    |\nhelp: consider importing this tuple variant\n    |\n864 +     use core::option::Option::Some;\n    |\n\nerror[E0531]: cannot find tuple struct or tuple variant `Some` in this scope\n   --> /Users/graysonnocera/.cargo/registry/src/index.crates.io-6f17d22bba15001f/once_cell-1.20.2/src/lib.rs:928:30\n    |\n928 |                 (Some(this), Some(source)) => this.clone_from(source),\n    |                              ^^^^ not found in this scope\n    |\nhelp: consider importing this tuple variant\n    |\n864 +     use core::option::Option::Some;\n    |\n\nerror[E0405]: cannot find trait `From` in this scope\n   --> /Users/graysonnocera/.cargo/registry/src/index.crates.io-6f17d22bba15001f/once_cell-1.20.2/src/lib.rs:934:13\n    |\n934 |     impl<T> From<T> for OnceCell<T> {\n    |             ^^^^ not found in this scope\n    |\nhelp: consider importing this trait\n    |\n864 +     use core::convert::From;\n    |\n\nerror[E0405]: cannot find trait `PartialEq` in this scope\n   --> /Users/graysonnocera/.cargo/registry/src/index.crates.io-6f17d22bba15001f/once_cell-1.20.2/src/lib.rs:940:24\n    |\n940 |     impl<T: PartialEq> PartialEq for OnceCell<T> {\n    |                        ^^^^^^^^^ not found in this scope\n    |\nhelp: consider importing this trait\n    |\n864 +     use core::cmp::PartialEq;\n    |\n\nerror[E0405]: cannot find trait `PartialEq` in this scope\n   --> /Users/graysonnocera/.cargo/registry/src/index.crates.io-6f17d22bba15001f/once_cell-1.20.2/src/lib.rs:940:13\n    |\n940 |     impl<T: PartialEq> PartialEq for OnceCell<T> {\n    |             ^^^^^^^^^ not found in this scope\n    |\nhelp: consider importing this trait\n    |\n864 +     use core::cmp::PartialEq;\n    |\n\nerror[E0405]: cannot find trait `Eq` in this scope\n   --> /Users/graysonnocera/.cargo/registry/src/index.crates.io-6f17d22bba15001f/once_cell-1.20.2/src/lib.rs:946:17\n    |\n946 |     impl<T: Eq> Eq for OnceCell<T> {}\n    |                 ^^ not found in this scope\n    |\nhelp: consider importing this trait\n    |\n864 +     use core::cmp::Eq;\n    |\n\nerror[E0405]: cannot find trait `Eq` in this scope\n   --> /Users/graysonnocera/.cargo/registry/src/index.crates.io-6f17d22bba15001f/once_cell-1.20.2/src/lib.rs:946:13\n    |\n946 |     impl<T: Eq> Eq for OnceCell<T> {}\n    |             ^^ not found in this scope\n    |\nhelp: consider importing this trait\n    |\n864 +     use core::cmp::Eq;\n    |\n\nerror[E0412]: cannot find type `Option` in this scope\n   --> /Users/graysonnocera/.cargo/registry/src/index.crates.io-6f17d22bba15001f/once_cell-1.20.2/src/lib.rs:963:30\n    |\n963 |         pub fn get(&self) -> Option<&T> {\n    |                              ^^^^^^ not found in this scope\n    |\nhelp: consider importing this enum\n    |\n864 +     use core::option::Option;\n    |\n\nerror[E0425]: cannot find function, tuple struct or tuple variant `Some` in this scope\n   --> /Users/graysonnocera/.cargo/registry/src/index.crates.io-6f17d22bba15001f/once_cell-1.20.2/src/lib.rs:966:17\n    |\n966 |                 Some(unsafe { self.get_unchecked() })\n    |                 ^^^^ not found in this scope\n    |\nhelp: consider importing this tuple variant\n    |\n864 +     use core::option::Option::Some;\n    |\n\nerror[E0425]: cannot find value `None` in this scope\n   --> /Users/graysonnocera/.cargo/registry/src/index.crates.io-6f17d22bba15001f/once_cell-1.20.2/src/lib.rs:968:17\n    |\n968 |                 None\n    |                 ^^^^ not found in this scope\n    |\nhelp: consider importing this unit variant\n    |\n864 +     use core::option::Option::None;\n    |\n\nerror[E0412]: cannot find type `Option` in this scope\n    --> /Users/graysonnocera/.cargo/registry/src/index.crates.io-6f17d22bba15001f/once_cell-1.20.2/src/lib.rs:1019:38\n     |\n1019 |         pub fn get_mut(&mut self) -> Option<&mut T> {\n     |                                      ^^^^^^ not found in this scope\n     |\nhelp: consider importing this enum\n     |\n864  +     use core::option::Option;\n     |\n\nerror[E0412]: cannot find type `Result` in this scope\n    --> /Users/graysonnocera/.cargo/registry/src/index.crates.io-6f17d22bba15001f/once_cell-1.20.2/src/lib.rs:1058:40\n     |\n1058 |         pub fn set(&self, value: T) -> Result<(), T> {\n     |                                        ^^^^^^ not found in this scope\n     |\nhelp: consider importing one of these items\n     |\n864  +     use crate::sync::fmt::Result;\n     |\n864  +     use core::fmt::Result;\n     |\n864  +     use core::result::Result;\n     |\n864  +     use alloc::fmt::Result;\n     |\n\nerror[E0531]: cannot find tuple struct or tuple variant `Ok` in this scope\n    --> /Users/graysonnocera/.cargo/registry/src/index.crates.io-6f17d22bba15001f/once_cell-1.20.2/src/lib.rs:1060:17\n     |\n1060 |                 Ok(_) => Ok(()),\n     |                 ^^ not found in this scope\n     |\nhelp: consider importing this tuple variant\n     |\n864  +     use core::result::Result::Ok;\n     |\n\nerror[E0425]: cannot find function, tuple struct or tuple variant `Ok` in this scope\n    --> /Users/graysonnocera/.cargo/registry/src/index.crates.io-6f17d22bba15001f/once_cell-1.20.2/src/lib.rs:1060:26\n     |\n1060 |                 Ok(_) => Ok(()),\n     |                          ^^ not found in this scope\n     |\nhelp: consider importing this tuple variant\n     |\n864  +     use core::result::Result::Ok;\n     |\n\nerror[E0531]: cannot find tuple struct or tuple variant `Err` in this scope\n    --> /Users/graysonnocera/.cargo/registry/src/index.crates.io-6f17d22bba15001f/once_cell-1.20.2/src/lib.rs:1061:17\n     |\n1061 |                 Err((_, value)) => Err(value),\n     |                 ^^^ not found in this scope\n     |\nhelp: consider importing this tuple variant\n     |\n864  +     use core::result::Result::Err;\n     |\n\nerror[E0425]: cannot find function, tuple struct or tuple variant `Err` in this scope\n    --> /Users/graysonnocera/.cargo/registry/src/index.crates.io-6f17d22bba15001f/once_cell-1.20.2/src/lib.rs:1061:36\n     |\n1061 |                 Err((_, value)) => Err(value),\n     |                                    ^^^ not found in this scope\n     |\nhelp: consider importing this tuple variant\n     |\n864  +     use core::result::Result::Err;\n     |\n\nerror[E0412]: cannot find type `Result` in this scope\n    --> /Users/graysonnocera/.cargo/registry/src/index.crates.io-6f17d22bba15001f/once_cell-1.20.2/src/lib.rs:1080:47\n     |\n1080 |         pub fn try_insert(&self, value: T) -> Result<&T, (&T, T)> {\n     |                                               ^^^^^^ not found in this scope\n     |\nhelp: consider importing one of these items\n     |\n864  +     use crate::sync::fmt::Result;\n     |\n864  +     use core::fmt::Result;\n     |\n864  +     use core::result::Result;\n     |\n864  +     use alloc::fmt::Result;\n     |\n\nerror[E0425]: cannot find function, tuple struct or tuple variant `Some` in this scope\n    --> /Users/graysonnocera/.cargo/registry/src/index.crates.io-6f17d22bba15001f/once_cell-1.20.2/src/lib.rs:1081:29\n     |\n1081 |             let mut value = Some(value);\n     |                             ^^^^ not found in this scope\n     |\nhelp: consider importing this tuple variant\n     |\n864  +     use core::option::Option::Some;\n     |\n\nerror[E0425]: cannot find function, tuple struct or tuple variant `Ok` in this scope\n    --> /Users/graysonnocera/.cargo/registry/src/index.crates.io-6f17d22bba15001f/once_cell-1.20.2/src/lib.rs:1084:25\n     |\n1084 |                 None => Ok(res),\n     |                         ^^ not found in this scope\n     |\nhelp: consider importing this tuple variant\n     |\n864  +     use core::result::Result::Ok;\n     |\n\nerror[E0531]: cannot find tuple struct or tuple variant `Some` in this scope\n    --> /Users/graysonnocera/.cargo/registry/src/index.crates.io-6f17d22bba15001f/once_cell-1.20.2/src/lib.rs:1085:17\n     |\n1085 |                 Some(value) => Err((res, value)),\n     |                 ^^^^ not found in this scope\n     |\nhelp: consider importing this tuple variant\n     |\n864  +     use core::option::Option::Some;\n     |\n\nerror[E0425]: cannot find function, tuple struct or tuple variant `Err` in this scope\n    --> /Users/graysonnocera/.cargo/registry/src/index.crates.io-6f17d22bba15001f/once_cell-1.20.2/src/lib.rs:1085:32\n     |\n1085 |                 Some(value) => Err((res, value)),\n     |                                ^^^ not found in this scope\n     |\nhelp: consider importing this tuple variant\n     |\n864  +     use core::result::Result::Err;\n     |\n\nerror[E0405]: cannot find trait `FnOnce` in this scope\n    --> /Users/graysonnocera/.cargo/registry/src/index.crates.io-6f17d22bba15001f/once_cell-1.20.2/src/lib.rs:1117:16\n     |\n1117 |             F: FnOnce() -> T,\n     |                ^^^^^^ not found in this scope\n     |\nhelp: consider importing this trait\n     |\n864  +     use core::ops::FnOnce;\n     |\n\nerror[E0425]: cannot find function, tuple struct or tuple variant `Ok` in this scope\n    --> /Users/graysonnocera/.cargo/registry/src/index.crates.io-6f17d22bba15001f/once_cell-1.20.2/src/lib.rs:1120:43\n     |\n1120 |             match self.get_or_try_init(|| Ok::<T, Void>(f())) {\n     |                                           ^^ not found in this scope\n     |\nhelp: consider importing this tuple variant\n     |\n864  +     use core::result::Result::Ok;\n     |\n\nerror[E0531]: cannot find tuple struct or tuple variant `Ok` in this scope\n    --> /Users/graysonnocera/.cargo/registry/src/index.crates.io-6f17d22bba15001f/once_cell-1.20.2/src/lib.rs:1121:17\n     |\n1121 |                 Ok(val) => val,\n     |                 ^^ not found in this scope\n     |\nhelp: consider importing this tuple variant\n     |\n864  +     use core::result::Result::Ok;\n     |\n\nerror[E0531]: cannot find tuple struct or tuple variant `Err` in this scope\n    --> /Users/graysonnocera/.cargo/registry/src/index.crates.io-6f17d22bba15001f/once_cell-1.20.2/src/lib.rs:1122:17\n     |\n1122 |                 Err(void) => match void {},\n     |                 ^^^ not found in this scope\n     |\nhelp: consider importing this tuple variant\n     |\n864  +     use core::result::Result::Err;\n     |\n\nerror[E0405]: cannot find trait `FnOnce` in this scope\n    --> /Users/graysonnocera/.cargo/registry/src/index.crates.io-6f17d22bba15001f/once_cell-1.20.2/src/lib.rs:1154:16\n     |\n1154 |             F: FnOnce() -> Result<T, E>,\n     |                ^^^^^^ not found in this scope\n     |\nhelp: consider importing this trait\n     |\n864  +     use core::ops::FnOnce;\n     |\n\nerror[E0412]: cannot find type `Result` in this scope\n    --> /Users/graysonnocera/.cargo/registry/src/index.crates.io-6f17d22bba15001f/once_cell-1.20.2/src/lib.rs:1154:28\n     |\n1154 |             F: FnOnce() -> Result<T, E>,\n     |                            ^^^^^^ not found in this scope\n     |\nhelp: consider importing one of these items\n     |\n864  +     use crate::sync::fmt::Result;\n     |\n864  +     use core::fmt::Result;\n     |\n864  +     use core::result::Result;\n     |\n864  +     use alloc::fmt::Result;\n     |\n\nerror[E0412]: cannot find type `Result` in this scope\n    --> /Users/graysonnocera/.cargo/registry/src/index.crates.io-6f17d22bba15001f/once_cell-1.20.2/src/lib.rs:1152:54\n     |\n1152 |         pub fn get_or_try_init<F, E>(&self, f: F) -> Result<&T, E>\n     |                                                      ^^^^^^ not found in this scope\n     |\nhelp: consider importing one of these items\n     |\n864  +     use crate::sync::fmt::Result;\n     |\n864  +     use core::fmt::Result;\n     |\n864  +     use core::result::Result;\n     |\n864  +     use alloc::fmt::Result;\n     |\n\nerror[E0531]: cannot find tuple struct or tuple variant `Some` in this scope\n    --> /Users/graysonnocera/.cargo/registry/src/index.crates.io-6f17d22bba15001f/once_cell-1.20.2/src/lib.rs:1157:20\n     |\n1157 |             if let Some(value) = self.get() {\n     |                    ^^^^ not found in this scope\n     |\nhelp: consider importing this tuple variant\n     |\n864  +     use core::option::Option::Some;\n     |\n\nerror[E0425]: cannot find function, tuple struct or tuple variant `Ok` in this scope\n    --> /Users/graysonnocera/.cargo/registry/src/index.crates.io-6f17d22bba15001f/once_cell-1.20.2/src/lib.rs:1158:24\n     |\n1158 |                 return Ok(value);\n     |                        ^^ not found in this scope\n     |\nhelp: consider importing this tuple variant\n     |\n864  +     use core::result::Result::Ok;\n     |\n\nerror[E0425]: cannot find function, tuple struct or tuple variant `Ok` in this scope\n    --> /Users/graysonnocera/.cargo/registry/src/index.crates.io-6f17d22bba15001f/once_cell-1.20.2/src/lib.rs:1165:13\n     |\n1165 |             Ok(unsafe { self.get_unchecked() })\n     |             ^^ not found in this scope\n     |\nhelp: consider importing this tuple variant\n     |\n864  +     use core::result::Result::Ok;\n     |\n\nerror[E0412]: cannot find type `Option` in this scope\n    --> /Users/graysonnocera/.cargo/registry/src/index.crates.io-6f17d22bba15001f/once_cell-1.20.2/src/lib.rs:1197:35\n     |\n1197 |         pub fn take(&mut self) -> Option<T> {\n     |                                   ^^^^^^ not found in this scope\n     |\nhelp: consider importing this enum\n     |\n864  +     use core::option::Option;\n     |\n\nerror[E0412]: cannot find type `Option` in this scope\n    --> /Users/graysonnocera/.cargo/registry/src/index.crates.io-6f17d22bba15001f/once_cell-1.20.2/src/lib.rs:1217:36\n     |\n1217 |         pub fn into_inner(self) -> Option<T> {\n     |                                    ^^^^^^ not found in this scope\n     |\nhelp: consider importing this enum\n     |\n864  +     use core::option::Option;\n     |\n\nerror[E0412]: cannot find type `Option` in this scope\n    --> /Users/graysonnocera/.cargo/registry/src/index.crates.io-6f17d22bba15001f/once_cell-1.20.2/src/lib.rs:1257:20\n     |\n1257 |         init: Cell<Option<F>>,\n     |                    ^^^^^^ not found in this scope\n     |\nhelp: consider importing this enum\n     |\n864  +     use core::option::Option;\n     |\n\nerror[E0405]: cannot find trait `Sync` in this scope\n    --> /Users/graysonnocera/.cargo/registry/src/index.crates.io-6f17d22bba15001f/once_cell-1.20.2/src/lib.rs:1270:29\n     |\n1270 |     unsafe impl<T, F: Send> Sync for Lazy<T, F> where OnceCell<T>: Sync {}\n     |                             ^^^^ not found in this scope\n     |\nhelp: consider importing this trait\n     |\n864  +     use core::marker::Sync;\n     |\n\nerror[E0405]: cannot find trait `Send` in this scope\n    --> /Users/graysonnocera/.cargo/registry/src/index.crates.io-6f17d22bba15001f/once_cell-1.20.2/src/lib.rs:1270:23\n     |\n1270 |     unsafe impl<T, F: Send> Sync for Lazy<T, F> where OnceCell<T>: Sync {}\n     |                       ^^^^ not found in this scope\n     |\nhelp: consider importing this trait\n     |\n864  +     use core::marker::Send;\n     |\n\nerror[E0405]: cannot find trait `Sync` in this scope\n    --> /Users/graysonnocera/.cargo/registry/src/index.crates.io-6f17d22bba15001f/once_cell-1.20.2/src/lib.rs:1270:68\n     |\n1270 |     unsafe impl<T, F: Send> Sync for Lazy<T, F> where OnceCell<T>: Sync {}\n     |                                                                    ^^^^ not found in this scope\n     |\nhelp: consider importing this trait\n     |\n864  +     use core::marker::Sync;\n     |\n\nerror[E0425]: cannot find function, tuple struct or tuple variant `Some` in this scope\n    --> /Users/graysonnocera/.cargo/registry/src/index.crates.io-6f17d22bba15001f/once_cell-1.20.2/src/lib.rs:1279:59\n     |\n1279 |             Lazy { cell: OnceCell::new(), init: Cell::new(Some(f)) }\n     |                                                           ^^^^ not found in this scope\n     |\nhelp: consider importing this tuple variant\n     |\n864  +     use core::option::Option::Some;\n     |\n\nerror[E0412]: cannot find type `Result` in this scope\n    --> /Users/graysonnocera/.cargo/registry/src/index.crates.io-6f17d22bba15001f/once_cell-1.20.2/src/lib.rs:1285:48\n     |\n1285 |         pub fn into_value(this: Lazy<T, F>) -> Result<T, F> {\n     |                                                ^^^^^^ not found in this scope\n     |\nhelp: consider importing one of these items\n     |\n864  +     use crate::sync::fmt::Result;\n     |\n864  +     use core::fmt::Result;\n     |\n864  +     use core::result::Result;\n     |\n864  +     use alloc::fmt::Result;\n     |\n\nerror[E0405]: cannot find trait `FnOnce` in this scope\n    --> /Users/graysonnocera/.cargo/registry/src/index.crates.io-6f17d22bba15001f/once_cell-1.20.2/src/lib.rs:1294:16\n     |\n1294 |     impl<T, F: FnOnce() -> T> Lazy<T, F> {\n     |                ^^^^^^ not found in this scope\n     |\nhelp: consider importing this trait\n     |\n864  +     use core::ops::FnOnce;\n     |\n\nerror[E0531]: cannot find tuple struct or tuple variant `Some` in this scope\n    --> /Users/graysonnocera/.cargo/registry/src/index.crates.io-6f17d22bba15001f/once_cell-1.20.2/src/lib.rs:1310:17\n     |\n1310 |                 Some(f) => f(),\n     |                 ^^^^ not found in this scope\n     |\nhelp: consider importing this tuple variant\n     |\n864  +     use core::option::Option::Some;\n     |\n\nerror[E0531]: cannot find tuple struct or tuple variant `Some` in this scope\n    --> /Users/graysonnocera/.cargo/registry/src/index.crates.io-6f17d22bba15001f/once_cell-1.20.2/src/lib.rs:1330:21\n     |\n1330 |                     Some(f) => f(),\n     |                     ^^^^ not found in this scope\n     |\nhelp: consider importing this tuple variant\n     |\n864  +     use core::option::Option::Some;\n     |\n\nerror[E0412]: cannot find type `Option` in this scope\n    --> /Users/graysonnocera/.cargo/registry/src/index.crates.io-6f17d22bba15001f/once_cell-1.20.2/src/lib.rs:1351:42\n     |\n1351 |         pub fn get(this: &Lazy<T, F>) -> Option<&T> {\n     |                                          ^^^^^^ not found in this scope\n     |\nhelp: consider importing this enum\n     |\n864  +     use core::option::Option;\n     |\n\nerror[E0412]: cannot find type `Option` in this scope\n    --> /Users/graysonnocera/.cargo/registry/src/index.crates.io-6f17d22bba15001f/once_cell-1.20.2/src/lib.rs:1368:50\n     |\n1368 |         pub fn get_mut(this: &mut Lazy<T, F>) -> Option<&mut T> {\n     |                                                  ^^^^^^ not found in this scope\n     |\nhelp: consider importing this enum\n     |\n864  +     use core::option::Option;\n     |\n\nerror[E0405]: cannot find trait `FnOnce` in this scope\n    --> /Users/graysonnocera/.cargo/registry/src/index.crates.io-6f17d22bba15001f/once_cell-1.20.2/src/lib.rs:1373:16\n     |\n1373 |     impl<T, F: FnOnce() -> T> Deref for Lazy<T, F> {\n     |                ^^^^^^ not found in this scope\n     |\nhelp: consider importing this trait\n     |\n864  +     use core::ops::FnOnce;\n     |\n\nerror[E0405]: cannot find trait `FnOnce` in this scope\n    --> /Users/graysonnocera/.cargo/registry/src/index.crates.io-6f17d22bba15001f/once_cell-1.20.2/src/lib.rs:1380:16\n     |\n1380 |     impl<T, F: FnOnce() -> T> DerefMut for Lazy<T, F> {\n     |                ^^^^^^ not found in this scope\n     |\nhelp: consider importing this trait\n     |\n864  +     use core::ops::FnOnce;\n     |\n\nerror[E0405]: cannot find trait `Default` in this scope\n    --> /Users/graysonnocera/.cargo/registry/src/index.crates.io-6f17d22bba15001f/once_cell-1.20.2/src/lib.rs:1386:22\n     |\n1386 |     impl<T: Default> Default for Lazy<T> {\n     |                      ^^^^^^^ not found in this scope\n     |\nhelp: consider importing this trait\n     |\n864  +     use core::default::Default;\n     |\n\nerror[E0405]: cannot find trait `Default` in this scope\n    --> /Users/graysonnocera/.cargo/registry/src/index.crates.io-6f17d22bba15001f/once_cell-1.20.2/src/lib.rs:1386:13\n     |\n1386 |     impl<T: Default> Default for Lazy<T> {\n     |             ^^^^^^^ not found in this scope\n     |\nhelp: consider importing this trait\n     |\n864  +     use core::default::Default;\n     |\n\nerror[E0412]: cannot find type `Option` in this scope\n  --> /Users/graysonnocera/.cargo/registry/src/index.crates.io-6f17d22bba15001f/once_cell-1.20.2/src/race.rs:48:26\n   |\n48 |     pub fn get(&self) -> Option<NonZeroUsize> {\n   |                          ^^^^^^ not found in this scope\n   |\nhelp: consider importing this enum\n   |\n22 + use core::option::Option;\n   |\n\nerror[E0412]: cannot find type `Result` in this scope\n  --> /Users/graysonnocera/.cargo/registry/src/index.crates.io-6f17d22bba15001f/once_cell-1.20.2/src/race.rs:58:47\n   |\n58 |     pub fn set(&self, value: NonZeroUsize) -> Result<(), ()> {\n   |                                               ^^^^^^ not found in this scope\n   |\nhelp: consider importing one of these items\n   |\n22 + use core::fmt::Result;\n   |\n22 + use core::result::Result;\n   |\n22 + use alloc::fmt::Result;\n   |\n\nerror[E0531]: cannot find tuple struct or tuple variant `Ok` in this scope\n  --> /Users/graysonnocera/.cargo/registry/src/index.crates.io-6f17d22bba15001f/once_cell-1.20.2/src/race.rs:62:13\n   |\n62 |             Ok(_) => Ok(()),\n   |             ^^ not found in this scope\n   |\nhelp: consider importing this tuple variant\n   |\n22 + use core::result::Result::Ok;\n   |\n\nerror[E0425]: cannot find function, tuple struct or tuple variant `Ok` in this scope\n  --> /Users/graysonnocera/.cargo/registry/src/index.crates.io-6f17d22bba15001f/once_cell-1.20.2/src/race.rs:62:22\n   |\n62 |             Ok(_) => Ok(()),\n   |                      ^^ not found in this scope\n   |\nhelp: consider importing this tuple variant\n   |\n22 + use core::result::Result::Ok;\n   |\n\nerror[E0531]: cannot find tuple struct or tuple variant `Err` in this scope\n  --> /Users/graysonnocera/.cargo/registry/src/index.crates.io-6f17d22bba15001f/once_cell-1.20.2/src/race.rs:63:13\n   |\n63 |             Err(_) => Err(()),\n   |             ^^^ not found in this scope\n   |\nhelp: consider importing this tuple variant\n   |\n22 + use core::result::Result::Err;\n   |\n\nerror[E0425]: cannot find function, tuple struct or tuple variant `Err` in this scope\n  --> /Users/graysonnocera/.cargo/registry/src/index.crates.io-6f17d22bba15001f/once_cell-1.20.2/src/race.rs:63:23\n   |\n63 |             Err(_) => Err(()),\n   |                       ^^^ not found in this scope\n   |\nhelp: consider importing this tuple variant\n   |\n22 + use core::result::Result::Err;\n   |\n\nerror[E0405]: cannot find trait `FnOnce` in this scope\n  --> /Users/graysonnocera/.cargo/registry/src/index.crates.io-6f17d22bba15001f/once_cell-1.20.2/src/race.rs:75:12\n   |\n75 |         F: FnOnce() -> NonZeroUsize,\n   |            ^^^^^^ not found in this scope\n   |\nhelp: consider importing this trait\n   |\n22 + use core::ops::FnOnce;\n   |\n\nerror[E0425]: cannot find function, tuple struct or tuple variant `Ok` in this scope\n  --> /Users/graysonnocera/.cargo/registry/src/index.crates.io-6f17d22bba15001f/once_cell-1.20.2/src/race.rs:78:39\n   |\n78 |         match self.get_or_try_init(|| Ok::<NonZeroUsize, Void>(f())) {\n   |                                       ^^ not found in this scope\n   |\nhelp: consider importing this tuple variant\n   |\n22 + use core::result::Result::Ok;\n   |\n\nerror[E0531]: cannot find tuple struct or tuple variant `Ok` in this scope\n  --> /Users/graysonnocera/.cargo/registry/src/index.crates.io-6f17d22bba15001f/once_cell-1.20.2/src/race.rs:79:13\n   |\n79 |             Ok(val) => val,\n   |             ^^ not found in this scope\n   |\nhelp: consider importing this tuple variant\n   |\n22 + use core::result::Result::Ok;\n   |\n\nerror[E0531]: cannot find tuple struct or tuple variant `Err` in this scope\n  --> /Users/graysonnocera/.cargo/registry/src/index.crates.io-6f17d22bba15001f/once_cell-1.20.2/src/race.rs:80:13\n   |\n80 |             Err(void) => match void {},\n   |             ^^^ not found in this scope\n   |\nhelp: consider importing this tuple variant\n   |\n22 + use core::result::Result::Err;\n   |\n\nerror[E0405]: cannot find trait `FnOnce` in this scope\n  --> /Users/graysonnocera/.cargo/registry/src/index.crates.io-6f17d22bba15001f/once_cell-1.20.2/src/race.rs:93:12\n   |\n93 |         F: FnOnce() -> Result<NonZeroUsize, E>,\n   |            ^^^^^^ not found in this scope\n   |\nhelp: consider importing this trait\n   |\n22 + use core::ops::FnOnce;\n   |\n\nerror[E0412]: cannot find type `Result` in this scope\n  --> /Users/graysonnocera/.cargo/registry/src/index.crates.io-6f17d22bba15001f/once_cell-1.20.2/src/race.rs:93:24\n   |\n93 |         F: FnOnce() -> Result<NonZeroUsize, E>,\n   |                        ^^^^^^ not found in this scope\n   |\nhelp: consider importing one of these items\n   |\n22 + use core::fmt::Result;\n   |\n22 + use core::result::Result;\n   |\n22 + use alloc::fmt::Result;\n   |\n\nerror[E0412]: cannot find type `Result` in this scope\n  --> /Users/graysonnocera/.cargo/registry/src/index.crates.io-6f17d22bba15001f/once_cell-1.20.2/src/race.rs:91:50\n   |\n91 |     pub fn get_or_try_init<F, E>(&self, f: F) -> Result<NonZeroUsize, E>\n   |                                                  ^^^^^^ not found in this scope\n   |\nhelp: consider importing one of these items\n   |\n22 + use core::fmt::Result;\n   |\n22 + use core::result::Result;\n   |\n22 + use alloc::fmt::Result;\n   |\n\nerror[E0531]: cannot find tuple struct or tuple variant `Some` in this scope\n  --> /Users/graysonnocera/.cargo/registry/src/index.crates.io-6f17d22bba15001f/once_cell-1.20.2/src/race.rs:97:13\n   |\n97 |             Some(it) => it,\n   |             ^^^^ not found in this scope\n   |\nhelp: consider importing this tuple variant\n   |\n22 + use core::option::Option::Some;\n   |\n\nerror[E0531]: cannot find tuple struct or tuple variant `Err` in this scope\n   --> /Users/graysonnocera/.cargo/registry/src/index.crates.io-6f17d22bba15001f/once_cell-1.20.2/src/race.rs:102:24\n    |\n102 |                 if let Err(old) = exchange {\n    |                        ^^^ not found in this scope\n    |\nhelp: consider importing this tuple variant\n    |\n22  + use core::result::Result::Err;\n    |\n\nerror[E0425]: cannot find function, tuple struct or tuple variant `Ok` in this scope\n   --> /Users/graysonnocera/.cargo/registry/src/index.crates.io-6f17d22bba15001f/once_cell-1.20.2/src/race.rs:108:9\n    |\n108 |         Ok(res)\n    |         ^^ not found in this scope\n    |\nhelp: consider importing this tuple variant\n    |\n22  + use core::result::Result::Ok;\n    |\n\nerror[E0412]: cannot find type `Option` in this scope\n   --> /Users/graysonnocera/.cargo/registry/src/index.crates.io-6f17d22bba15001f/once_cell-1.20.2/src/race.rs:127:26\n    |\n127 |     pub fn get(&self) -> Option<bool> {\n    |                          ^^^^^^ not found in this scope\n    |\nhelp: consider importing this enum\n    |\n22  + use core::option::Option;\n    |\n\nerror[E0412]: cannot find type `Result` in this scope\n   --> /Users/graysonnocera/.cargo/registry/src/index.crates.io-6f17d22bba15001f/once_cell-1.20.2/src/race.rs:136:39\n    |\n136 |     pub fn set(&self, value: bool) -> Result<(), ()> {\n    |                                       ^^^^^^ not found in this scope\n    |\nhelp: consider importing one of these items\n    |\n22  + use core::fmt::Result;\n    |\n22  + use core::result::Result;\n    |\n22  + use alloc::fmt::Result;\n    |\n\nerror[E0405]: cannot find trait `FnOnce` in this scope\n   --> /Users/graysonnocera/.cargo/registry/src/index.crates.io-6f17d22bba15001f/once_cell-1.20.2/src/race.rs:148:12\n    |\n148 |         F: FnOnce() -> bool,\n    |            ^^^^^^ not found in this scope\n    |\nhelp: consider importing this trait\n    |\n22  + use core::ops::FnOnce;\n    |\n\nerror[E0405]: cannot find trait `FnOnce` in this scope\n   --> /Users/graysonnocera/.cargo/registry/src/index.crates.io-6f17d22bba15001f/once_cell-1.20.2/src/race.rs:162:12\n    |\n162 |         F: FnOnce() -> Result<bool, E>,\n    |            ^^^^^^ not found in this scope\n    |\nhelp: consider importing this trait\n    |\n22  + use core::ops::FnOnce;\n    |\n\nerror[E0412]: cannot find type `Result` in this scope\n   --> /Users/graysonnocera/.cargo/registry/src/index.crates.io-6f17d22bba15001f/once_cell-1.20.2/src/race.rs:162:24\n    |\n162 |         F: FnOnce() -> Result<bool, E>,\n    |                        ^^^^^^ not found in this scope\n    |\nhelp: consider importing one of these items\n    |\n22  + use core::fmt::Result;\n    |\n22  + use core::result::Result;\n    |\n22  + use alloc::fmt::Result;\n    |\n\nerror[E0412]: cannot find type `Result` in this scope\n   --> /Users/graysonnocera/.cargo/registry/src/index.crates.io-6f17d22bba15001f/once_cell-1.20.2/src/race.rs:160:50\n    |\n160 |     pub fn get_or_try_init<F, E>(&self, f: F) -> Result<bool, E>\n    |                                                  ^^^^^^ not found in this scope\n    |\nhelp: consider importing one of these items\n    |\n22  + use core::fmt::Result;\n    |\n22  + use core::result::Result;\n    |\n22  + use alloc::fmt::Result;\n    |\n\nerror[E0405]: cannot find trait `Sync` in this scope\n   --> /Users/graysonnocera/.cargo/registry/src/index.crates.io-6f17d22bba15001f/once_cell-1.20.2/src/race.rs:185:26\n    |\n185 | unsafe impl<'a, T: Sync> Sync for OnceRef<'a, T> {}\n    |                          ^^^^ not found in this scope\n    |\nhelp: consider importing this trait\n    |\n22  + use core::marker::Sync;\n    |\n\nerror[E0405]: cannot find trait `Sync` in this scope\n   --> /Users/graysonnocera/.cargo/registry/src/index.crates.io-6f17d22bba15001f/once_cell-1.20.2/src/race.rs:185:20\n    |\n185 | unsafe impl<'a, T: Sync> Sync for OnceRef<'a, T> {}\n    |                    ^^^^ not found in this scope\n    |\nhelp: consider importing this trait\n    |\n22  + use core::marker::Sync;\n    |\n\nerror[E0405]: cannot find trait `Default` in this scope\n   --> /Users/graysonnocera/.cargo/registry/src/index.crates.io-6f17d22bba15001f/once_cell-1.20.2/src/race.rs:193:13\n    |\n193 | impl<'a, T> Default for OnceRef<'a, T> {\n    |             ^^^^^^^ not found in this scope\n    |\nhelp: consider importing this trait\n    |\n22  + use core::default::Default;\n    |\n\nerror[E0412]: cannot find type `Option` in this scope\n   --> /Users/graysonnocera/.cargo/registry/src/index.crates.io-6f17d22bba15001f/once_cell-1.20.2/src/race.rs:206:26\n    |\n206 |     pub fn get(&self) -> Option<&'a T> {\n    |                          ^^^^^^ not found in this scope\n    |\nhelp: consider importing this enum\n    |\n22  + use core::option::Option;\n    |\n\nerror[E0412]: cannot find type `Result` in this scope\n   --> /Users/graysonnocera/.cargo/registry/src/index.crates.io-6f17d22bba15001f/once_cell-1.20.2/src/race.rs:215:40\n    |\n215 |     pub fn set(&self, value: &'a T) -> Result<(), ()> {\n    |                                        ^^^^^^ not found in this scope\n    |\nhelp: consider importing one of these items\n    |\n22  + use core::fmt::Result;\n    |\n22  + use core::result::Result;\n    |\n22  + use alloc::fmt::Result;\n    |\n\nerror[E0531]: cannot find tuple struct or tuple variant `Ok` in this scope\n   --> /Users/graysonnocera/.cargo/registry/src/index.crates.io-6f17d22bba15001f/once_cell-1.20.2/src/race.rs:220:13\n    |\n220 |             Ok(_) => Ok(()),\n    |             ^^ not found in this scope\n    |\nhelp: consider importing this tuple variant\n    |\n22  + use core::result::Result::Ok;\n    |\n\nerror[E0425]: cannot find function, tuple struct or tuple variant `Ok` in this scope\n   --> /Users/graysonnocera/.cargo/registry/src/index.crates.io-6f17d22bba15001f/once_cell-1.20.2/src/race.rs:220:22\n    |\n220 |             Ok(_) => Ok(()),\n    |                      ^^ not found in this scope\n    |\nhelp: consider importing this tuple variant\n    |\n22  + use core::result::Result::Ok;\n    |\n\nerror[E0531]: cannot find tuple struct or tuple variant `Err` in this scope\n   --> /Users/graysonnocera/.cargo/registry/src/index.crates.io-6f17d22bba15001f/once_cell-1.20.2/src/race.rs:221:13\n    |\n221 |             Err(_) => Err(()),\n    |             ^^^ not found in this scope\n    |\nhelp: consider importing this tuple variant\n    |\n22  + use core::result::Result::Err;\n    |\n\nerror[E0425]: cannot find function, tuple struct or tuple variant `Err` in this scope\n   --> /Users/graysonnocera/.cargo/registry/src/index.crates.io-6f17d22bba15001f/once_cell-1.20.2/src/race.rs:221:23\n    |\n221 |             Err(_) => Err(()),\n    |                       ^^^ not found in this scope\n    |\nhelp: consider importing this tuple variant\n    |\n22  + use core::result::Result::Err;\n    |\n\nerror[E0405]: cannot find trait `FnOnce` in this scope\n   --> /Users/graysonnocera/.cargo/registry/src/index.crates.io-6f17d22bba15001f/once_cell-1.20.2/src/race.rs:233:12\n    |\n233 |         F: FnOnce() -> &'a T,\n    |            ^^^^^^ not found in this scope\n    |\nhelp: consider importing this trait\n    |\n22  + use core::ops::FnOnce;\n    |\n\nerror[E0425]: cannot find function, tuple struct or tuple variant `Ok` in this scope\n   --> /Users/graysonnocera/.cargo/registry/src/index.crates.io-6f17d22bba15001f/once_cell-1.20.2/src/race.rs:236:39\n    |\n236 |         match self.get_or_try_init(|| Ok::<&'a T, Void>(f())) {\n    |                                       ^^ not found in this scope\n    |\nhelp: consider importing this tuple variant\n    |\n22  + use core::result::Result::Ok;\n    |\n\nerror[E0531]: cannot find tuple struct or tuple variant `Ok` in this scope\n   --> /Users/graysonnocera/.cargo/registry/src/index.crates.io-6f17d22bba15001f/once_cell-1.20.2/src/race.rs:237:13\n    |\n237 |             Ok(val) => val,\n    |             ^^ not found in this scope\n    |\nhelp: consider importing this tuple variant\n    |\n22  + use core::result::Result::Ok;\n    |\n\nerror[E0531]: cannot find tuple struct or tuple variant `Err` in this scope\n   --> /Users/graysonnocera/.cargo/registry/src/index.crates.io-6f17d22bba15001f/once_cell-1.20.2/src/race.rs:238:13\n    |\n238 |             Err(void) => match void {},\n    |             ^^^ not found in this scope\n    |\nhelp: consider importing this tuple variant\n    |\n22  + use core::result::Result::Err;\n    |\n\nerror[E0405]: cannot find trait `FnOnce` in this scope\n   --> /Users/graysonnocera/.cargo/registry/src/index.crates.io-6f17d22bba15001f/once_cell-1.20.2/src/race.rs:251:12\n    |\n251 |         F: FnOnce() -> Result<&'a T, E>,\n    |            ^^^^^^ not found in this scope\n    |\nhelp: consider importing this trait\n    |\n22  + use core::ops::FnOnce;\n    |\n\nerror[E0412]: cannot find type `Result` in this scope\n   --> /Users/graysonnocera/.cargo/registry/src/index.crates.io-6f17d22bba15001f/once_cell-1.20.2/src/race.rs:251:24\n    |\n251 |         F: FnOnce() -> Result<&'a T, E>,\n    |                        ^^^^^^ not found in this scope\n    |\nhelp: consider importing one of these items\n    |\n22  + use core::fmt::Result;\n    |\n22  + use core::result::Result;\n    |\n22  + use alloc::fmt::Result;\n    |\n\nerror[E0412]: cannot find type `Result` in this scope\n   --> /Users/graysonnocera/.cargo/registry/src/index.crates.io-6f17d22bba15001f/once_cell-1.20.2/src/race.rs:249:50\n    |\n249 |     pub fn get_or_try_init<F, E>(&self, f: F) -> Result<&'a T, E>\n    |                                                  ^^^^^^ not found in this scope\n    |\nhelp: consider importing one of these items\n    |\n22  + use core::fmt::Result;\n    |\n22  + use core::result::Result;\n    |\n22  + use alloc::fmt::Result;\n    |\n\nerror[E0531]: cannot find tuple struct or tuple variant `Err` in this scope\n   --> /Users/graysonnocera/.cargo/registry/src/index.crates.io-6f17d22bba15001f/once_cell-1.20.2/src/race.rs:264:20\n    |\n264 |             if let Err(old) = exchange {\n    |                    ^^^ not found in this scope\n    |\nhelp: consider importing this tuple variant\n    |\n22  + use core::result::Result::Err;\n    |\n\nerror[E0425]: cannot find function, tuple struct or tuple variant `Ok` in this scope\n   --> /Users/graysonnocera/.cargo/registry/src/index.crates.io-6f17d22bba15001f/once_cell-1.20.2/src/race.rs:269:9\n    |\n269 |         Ok(unsafe { &*ptr })\n    |         ^^ not found in this scope\n    |\nhelp: consider importing this tuple variant\n    |\n22  + use core::result::Result::Ok;\n    |\n\nerror[E0412]: cannot find type `Option` in this scope\n   --> /Users/graysonnocera/.cargo/registry/src/index.crates.io-6f17d22bba15001f/once_cell-1.20.2/src/race.rs:303:28\n    |\n303 |         ghost: PhantomData<Option<Box<T>>>,\n    |                            ^^^^^^ not found in this scope\n    |\nhelp: consider importing this enum\n    |\n295 +     use core::option::Option;\n    |\n\nerror[E0405]: cannot find trait `Default` in this scope\n   --> /Users/graysonnocera/.cargo/registry/src/index.crates.io-6f17d22bba15001f/once_cell-1.20.2/src/race.rs:312:13\n    |\n312 |     impl<T> Default for OnceBox<T> {\n    |             ^^^^^^^ not found in this scope\n    |\nhelp: consider importing this trait\n    |\n295 +     use core::default::Default;\n    |\n\nerror[E0405]: cannot find trait `Drop` in this scope\n   --> /Users/graysonnocera/.cargo/registry/src/index.crates.io-6f17d22bba15001f/once_cell-1.20.2/src/race.rs:318:13\n    |\n318 |     impl<T> Drop for OnceBox<T> {\n    |             ^^^^ not found in this scope\n    |\nhelp: consider importing this trait\n    |\n295 +     use core::ops::Drop;\n    |\n\nerror[E0425]: cannot find function `drop` in this scope\n   --> /Users/graysonnocera/.cargo/registry/src/index.crates.io-6f17d22bba15001f/once_cell-1.20.2/src/race.rs:322:17\n    |\n322 |                 drop(unsafe { Box::from_raw(ptr) })\n    |                 ^^^^ not found in this scope\n    |\nhelp: consider using the method on `Self`\n    |\n322 |                 self.drop(unsafe { Box::from_raw(ptr) })\n    |                 +++++\nhelp: consider importing this function\n    |\n295 +     use core::mem::drop;\n    |\n\nerror[E0412]: cannot find type `Option` in this scope\n   --> /Users/graysonnocera/.cargo/registry/src/index.crates.io-6f17d22bba15001f/once_cell-1.20.2/src/race.rs:334:30\n    |\n334 |         pub fn get(&self) -> Option<&T> {\n    |                              ^^^^^^ not found in this scope\n    |\nhelp: consider importing this enum\n    |\n295 +     use core::option::Option;\n    |\n\nerror[E0425]: cannot find value `None` in this scope\n   --> /Users/graysonnocera/.cargo/registry/src/index.crates.io-6f17d22bba15001f/once_cell-1.20.2/src/race.rs:337:24\n    |\n337 |                 return None;\n    |                        ^^^^ not found in this scope\n    |\nhelp: consider importing this unit variant\n    |\n295 +     use core::option::Option::None;\n    |\n\nerror[E0425]: cannot find function, tuple struct or tuple variant `Some` in this scope\n   --> /Users/graysonnocera/.cargo/registry/src/index.crates.io-6f17d22bba15001f/once_cell-1.20.2/src/race.rs:339:13\n    |\n339 |             Some(unsafe { &*ptr })\n    |             ^^^^ not found in this scope\n    |\nhelp: consider importing this tuple variant\n    |\n295 +     use core::option::Option::Some;\n    |\n\nerror[E0412]: cannot find type `Result` in this scope\n   --> /Users/graysonnocera/.cargo/registry/src/index.crates.io-6f17d22bba15001f/once_cell-1.20.2/src/race.rs:346:45\n    |\n346 |         pub fn set(&self, value: Box<T>) -> Result<(), Box<T>> {\n    |                                             ^^^^^^ not found in this scope\n    |\nhelp: consider importing one of these items\n    |\n295 +     use core::fmt::Result;\n    |\n295 +     use core::result::Result;\n    |\n295 +     use alloc::fmt::Result;\n    |\n\nerror[E0425]: cannot find function, tuple struct or tuple variant `Err` in this scope\n   --> /Users/graysonnocera/.cargo/registry/src/index.crates.io-6f17d22bba15001f/once_cell-1.20.2/src/race.rs:356:24\n    |\n356 |                 return Err(value);\n    |                        ^^^ not found in this scope\n    |\nhelp: consider importing this tuple variant\n    |\n295 +     use core::result::Result::Err;\n    |\n\nerror[E0425]: cannot find function, tuple struct or tuple variant `Ok` in this scope\n   --> /Users/graysonnocera/.cargo/registry/src/index.crates.io-6f17d22bba15001f/once_cell-1.20.2/src/race.rs:358:13\n    |\n358 |             Ok(())\n    |             ^^ not found in this scope\n    |\nhelp: consider importing this tuple variant\n    |\n295 +     use core::result::Result::Ok;\n    |\n\nerror[E0405]: cannot find trait `FnOnce` in this scope\n   --> /Users/graysonnocera/.cargo/registry/src/index.crates.io-6f17d22bba15001f/once_cell-1.20.2/src/race.rs:369:16\n    |\n369 |             F: FnOnce() -> Box<T>,\n    |                ^^^^^^ not found in this scope\n    |\nhelp: consider importing this trait\n    |\n295 +     use core::ops::FnOnce;\n    |\n\nerror[E0425]: cannot find function, tuple struct or tuple variant `Ok` in this scope\n   --> /Users/graysonnocera/.cargo/registry/src/index.crates.io-6f17d22bba15001f/once_cell-1.20.2/src/race.rs:372:43\n    |\n372 |             match self.get_or_try_init(|| Ok::<Box<T>, Void>(f())) {\n    |                                           ^^ not found in this scope\n    |\nhelp: consider importing this tuple variant\n    |\n295 +     use core::result::Result::Ok;\n    |\n\nerror[E0531]: cannot find tuple struct or tuple variant `Ok` in this scope\n   --> /Users/graysonnocera/.cargo/registry/src/index.crates.io-6f17d22bba15001f/once_cell-1.20.2/src/race.rs:373:17\n    |\n373 |                 Ok(val) => val,\n    |                 ^^ not found in this scope\n    |\nhelp: consider importing this tuple variant\n    |\n295 +     use core::result::Result::Ok;\n    |\n\nerror[E0531]: cannot find tuple struct or tuple variant `Err` in this scope\n   --> /Users/graysonnocera/.cargo/registry/src/index.crates.io-6f17d22bba15001f/once_cell-1.20.2/src/race.rs:374:17\n    |\n374 |                 Err(void) => match void {},\n    |                 ^^^ not found in this scope\n    |\nhelp: consider importing this tuple variant\n    |\n295 +     use core::result::Result::Err;\n    |\n\nerror[E0405]: cannot find trait `FnOnce` in this scope\n   --> /Users/graysonnocera/.cargo/registry/src/index.crates.io-6f17d22bba15001f/once_cell-1.20.2/src/race.rs:387:16\n    |\n387 |             F: FnOnce() -> Result<Box<T>, E>,\n    |                ^^^^^^ not found in this scope\n    |\nhelp: consider importing this trait\n    |\n295 +     use core::ops::FnOnce;\n    |\n\nerror[E0412]: cannot find type `Result` in this scope\n   --> /Users/graysonnocera/.cargo/registry/src/index.crates.io-6f17d22bba15001f/once_cell-1.20.2/src/race.rs:387:28\n    |\n387 |             F: FnOnce() -> Result<Box<T>, E>,\n    |                            ^^^^^^ not found in this scope\n    |\nhelp: consider importing one of these items\n    |\n295 +     use core::fmt::Result;\n    |\n295 +     use core::result::Result;\n    |\n295 +     use alloc::fmt::Result;\n    |\n\nerror[E0412]: cannot find type `Result` in this scope\n   --> /Users/graysonnocera/.cargo/registry/src/index.crates.io-6f17d22bba15001f/once_cell-1.20.2/src/race.rs:385:54\n    |\n385 |         pub fn get_or_try_init<F, E>(&self, f: F) -> Result<&T, E>\n    |                                                      ^^^^^^ not found in this scope\n    |\nhelp: consider importing one of these items\n    |\n295 +     use core::fmt::Result;\n    |\n295 +     use core::result::Result;\n    |\n295 +     use alloc::fmt::Result;\n    |\n\nerror[E0531]: cannot find tuple struct or tuple variant `Err` in this scope\n   --> /Users/graysonnocera/.cargo/registry/src/index.crates.io-6f17d22bba15001f/once_cell-1.20.2/src/race.rs:400:24\n    |\n400 |                 if let Err(old) = exchange {\n    |                        ^^^ not found in this scope\n    |\nhelp: consider importing this tuple variant\n    |\n295 +     use core::result::Result::Err;\n    |\n\nerror[E0425]: cannot find function `drop` in this scope\n   --> /Users/graysonnocera/.cargo/registry/src/index.crates.io-6f17d22bba15001f/once_cell-1.20.2/src/race.rs:401:21\n    |\n401 |                     drop(unsafe { Box::from_raw(ptr) });\n    |                     ^^^^ not found in this scope\n    |\nhelp: consider importing this function\n    |\n295 +     use core::mem::drop;\n    |\n\nerror[E0425]: cannot find function, tuple struct or tuple variant `Ok` in this scope\n   --> /Users/graysonnocera/.cargo/registry/src/index.crates.io-6f17d22bba15001f/once_cell-1.20.2/src/race.rs:405:13\n    |\n405 |             Ok(unsafe { &*ptr })\n    |             ^^ not found in this scope\n    |\nhelp: consider importing this tuple variant\n    |\n295 +     use core::result::Result::Ok;\n    |\n\nerror[E0405]: cannot find trait `Sync` in this scope\n   --> /Users/graysonnocera/.cargo/registry/src/index.crates.io-6f17d22bba15001f/once_cell-1.20.2/src/race.rs:409:33\n    |\n409 |     unsafe impl<T: Sync + Send> Sync for OnceBox<T> {}\n    |                                 ^^^^ not found in this scope\n    |\nhelp: consider importing this trait\n    |\n295 +     use core::marker::Sync;\n    |\n\nerror[E0405]: cannot find trait `Sync` in this scope\n   --> /Users/graysonnocera/.cargo/registry/src/index.crates.io-6f17d22bba15001f/once_cell-1.20.2/src/race.rs:409:20\n    |\n409 |     unsafe impl<T: Sync + Send> Sync for OnceBox<T> {}\n    |                    ^^^^ not found in this scope\n    |\nhelp: consider importing this trait\n    |\n295 +     use core::marker::Sync;\n    |\n\nerror[E0405]: cannot find trait `Send` in this scope\n   --> /Users/graysonnocera/.cargo/registry/src/index.crates.io-6f17d22bba15001f/once_cell-1.20.2/src/race.rs:409:27\n    |\n409 |     unsafe impl<T: Sync + Send> Sync for OnceBox<T> {}\n    |                           ^^^^ not found in this scope\n    |\nhelp: consider importing this trait\n    |\n295 +     use core::marker::Send;\n    |\n\nerror[E0392]: type parameter `T` is never used\n   --> /Users/graysonnocera/.cargo/registry/src/index.crates.io-6f17d22bba15001f/once_cell-1.20.2/src/lib.rs:901:25\n    |\n901 |     pub struct OnceCell<T>(Imp<T>);\n    |                         ^      - `T` is named here, but is likely unused in the containing type\n    |                         |\n    |                         unused type parameter\n    |\n    = help: consider removing `T`, referring to it in a field, or using a marker such as `PhantomData`\n    = help: if you intended `T` to be a const parameter, use `const T: /* Type */` instead\n\nSome errors have detailed explanations: E0392, E0405, E0408, E0412, E0425, E0463, E0531.\nFor more information about an error, try `rustc --explain E0392`.\nerror: could not compile `once_cell` (lib) due to 225 previous errors\n",
      "stdout": ""
    },
    "features": [
      "std"
    ],
    "project": "../../../Downloads/695-Project/dataset/nostd-failed-crates/crates/rivulet-0.1.0/src",
    "time_to_build": 1948,
    "time_to_solve": 85
  }
]