[
  {
    "built_with_features": null,
    "command": {
      "args": [
        "build",
        "--target",
        "thumbv7m-none-eabi",
        "--no-default-features"
      ],
      "code": 101,
      "stderr": "   Compiling futures-sink v0.3.25\n   Compiling futures-core v0.3.25\n   Compiling futures-task v0.3.25\n   Compiling memchr v2.5.0\n   Compiling futures-io v0.3.25\n   Compiling syn v1.0.107\n   Compiling slab v0.4.7\n   Compiling ahash v0.7.6\n   Compiling bytecheck v0.6.9\n   Compiling rend v0.3.6\nerror[E0463]: can't find crate for `std`\n  |\n  = note: the `thumbv7m-none-eabi` target may not support the standard library\n  = note: `std` is required by `futures_sink` because it does not declare `#![no_std]`\n\nerror[E0463]: can't find crate for `std`\n  |\n  = note: the `thumbv7m-none-eabi` target may not support the standard library\n  = note: `std` is required by `futures_core` because it does not declare `#![no_std]`\n\nerror[E0463]: can't find crate for `std`\n  |\n  = note: the `thumbv7m-none-eabi` target may not support the standard library\n  = note: `std` is required by `futures_io` because it does not declare `#![no_std]`\n\nerror[E0463]: can't find crate for `std`\n  --> /Users/graysonnocera/.cargo/registry/src/index.crates.io-6f17d22bba15001f/futures-io-0.3.25/src/lib.rs:26:9\n   |\n26 |     use std::io;\n   |         ^^^ can't find crate\n   |\n   = note: the `thumbv7m-none-eabi` target may not support the standard library\n\nerror[E0463]: can't find crate for `std`\n  --> /Users/graysonnocera/.cargo/registry/src/index.crates.io-6f17d22bba15001f/futures-io-0.3.25/src/lib.rs:27:9\n   |\n27 |     use std::ops::DerefMut;\n   |         ^^^ can't find crate\n   |\n   = note: the `thumbv7m-none-eabi` target may not support the standard library\n\nerror[E0463]: can't find crate for `std`\n  |\n  = note: the `thumbv7m-none-eabi` target may not support the standard library\n  = note: `std` is required by `memchr` because it does not declare `#![no_std]`\n\nerror[E0463]: can't find crate for `std`\n  --> /Users/graysonnocera/.cargo/registry/src/index.crates.io-6f17d22bba15001f/futures-io-0.3.25/src/lib.rs:28:9\n   |\n28 |     use std::pin::Pin;\n   |         ^^^ can't find crate\n   |\n   = note: the `thumbv7m-none-eabi` target may not support the standard library\n\nerror[E0463]: can't find crate for `std`\n  --> /Users/graysonnocera/.cargo/registry/src/index.crates.io-6f17d22bba15001f/futures-io-0.3.25/src/lib.rs:29:9\n   |\n29 |     use std::task::{Context, Poll};\n   |         ^^^ can't find crate\n   |\n   = note: the `thumbv7m-none-eabi` target may not support the standard library\n\nerror[E0432]: unresolved imports `io::Error`, `io::ErrorKind`, `io::IoSlice`, `io::IoSliceMut`, `io::Result`, `io::SeekFrom`\n  --> /Users/graysonnocera/.cargo/registry/src/index.crates.io-6f17d22bba15001f/futures-io-0.3.25/src/lib.rs:35:18\n   |\n35 |     pub use io::{Error, ErrorKind, IoSlice, IoSliceMut, Result, SeekFrom};\n   |                  ^^^^^  ^^^^^^^^^  ^^^^^^^  ^^^^^^^^^^  ^^^^^^  ^^^^^^^^\n\nerror: cannot find macro `write` in this scope\n   --> /Users/graysonnocera/.cargo/registry/src/index.crates.io-6f17d22bba15001f/futures-core-0.3.25/src/task/__internal/atomic_waker.rs:404:9\n    |\n404 |         write!(f, \"AtomicWaker\")\n    |         ^^^^^\n    |\nhelp: consider importing this macro\n    |\n1   + use core::write;\n    |\n\nerror: cannot find macro `debug_assert_eq` in this scope\n   --> /Users/graysonnocera/.cargo/registry/src/index.crates.io-6f17d22bba15001f/futures-core-0.3.25/src/task/__internal/atomic_waker.rs:294:29\n    |\n294 | ...                   debug_assert_eq!(actual, REGISTERING | WAKING);\n    |                       ^^^^^^^^^^^^^^^\n    |\nhelp: consider importing this macro\n    |\n1   + use core::debug_assert_eq;\n    |\n\nerror[E0463]: can't find crate for `std`\n  |\n  = note: the `thumbv7m-none-eabi` target may not support the standard library\n  = note: `std` is required by `slab` because it does not declare `#![no_std]`\n\nerror: cannot find macro `debug_assert` in this scope\n   --> /Users/graysonnocera/.cargo/registry/src/index.crates.io-6f17d22bba15001f/futures-core-0.3.25/src/task/__internal/atomic_waker.rs:343:17\n    |\n343 |                 debug_assert!(state == REGISTERING || state == REGISTERING | WAKING);\n    |                 ^^^^^^^^^^^^\n    |\nhelp: consider importing this macro\n    |\n1   + use core::debug_assert;\n    |\n\nerror: cannot find macro `debug_assert` in this scope\n   --> /Users/graysonnocera/.cargo/registry/src/index.crates.io-6f17d22bba15001f/futures-core-0.3.25/src/task/__internal/atomic_waker.rs:387:17\n    |\n387 |                 debug_assert!(\n    |                 ^^^^^^^^^^^^\n    |\nhelp: consider importing this macro\n    |\n1   + use core::debug_assert;\n    |\n\nerror[E0463]: can't find crate for `std`\n   --> /Users/graysonnocera/.cargo/registry/src/index.crates.io-6f17d22bba15001f/slab-0.4.7/src/lib.rs:116:1\n    |\n116 | extern crate std as alloc;\n    | ^^^^^^^^^^^^^^^^^^^^^^^^^^ can't find crate\n    |\n    = note: the `thumbv7m-none-eabi` target may not support the standard library\n\nerror[E0463]: can't find crate for `std`\n  |\n  = note: the `thumbv7m-none-eabi` target may not support the standard library\n  = note: `std` is required by `futures_task` because it does not declare `#![no_std]`\n\nerror: cannot find attribute `derive` in this scope\n --> /Users/graysonnocera/.cargo/registry/src/index.crates.io-6f17d22bba15001f/memchr-2.5.0/src/cow.rs:9:3\n  |\n9 | #[derive(Clone, Debug)]\n  |   ^^^^^^\n  |\nhelp: consider importing this attribute macro\n  |\n1 + use core::prelude::rust_2024::derive;\n  |\n\nerror: cannot find attribute `derive` in this scope\n  --> /Users/graysonnocera/.cargo/registry/src/index.crates.io-6f17d22bba15001f/memchr-2.5.0/src/cow.rs:16:3\n   |\n16 | #[derive(Clone, Debug)]\n   |   ^^^^^^\n   |\nhelp: consider importing this attribute macro\n   |\n1  + use core::prelude::rust_2024::derive;\n   |\n\nerror: cannot find macro `debug_assert` in this scope\n  --> /Users/graysonnocera/.cargo/registry/src/index.crates.io-6f17d22bba15001f/memchr-2.5.0/src/memchr/fallback.rs:66:9\n   |\n66 |         debug_assert!(ptr > start_ptr);\n   |         ^^^^^^^^^^^^\n   |\nhelp: consider importing this macro\n   |\n5  + use core::debug_assert;\n   |\n\nerror: cannot find macro `debug_assert` in this scope\n  --> /Users/graysonnocera/.cargo/registry/src/index.crates.io-6f17d22bba15001f/memchr-2.5.0/src/memchr/fallback.rs:67:9\n   |\n67 |         debug_assert!(end_ptr.sub(USIZE_BYTES) >= start_ptr);\n   |         ^^^^^^^^^^^^\n   |\nhelp: consider importing this macro\n   |\n5  + use core::debug_assert;\n   |\n\nerror: cannot find macro `debug_assert_eq` in this scope\n    --> /Users/graysonnocera/.cargo/registry/src/index.crates.io-6f17d22bba15001f/slab-0.4.7/src/lib.rs:1589:9\n     |\n1589 |         debug_assert_eq!(self.len, 0);\n     |         ^^^^^^^^^^^^^^^\n     |\nhelp: consider importing this macro\n     |\n121  + use core::debug_assert_eq;\n     |\n\nerror: cannot find macro `write` in this scope\n  --> /Users/graysonnocera/.cargo/registry/src/index.crates.io-6f17d22bba15001f/futures-task-0.3.25/src/spawn.rs:67:9\n   |\n67 |         write!(f, \"Executor is shutdown\")\n   |         ^^^^^\n   |\nhelp: consider importing this macro\n   |\n1  + use core::write;\n   |\n\nerror: cannot find macro `debug_assert_eq` in this scope\n    --> /Users/graysonnocera/.cargo/registry/src/index.crates.io-6f17d22bba15001f/slab-0.4.7/src/lib.rs:1571:9\n     |\n1571 |         debug_assert_eq!(self.len, 0);\n     |         ^^^^^^^^^^^^^^^\n     |\nhelp: consider importing this macro\n     |\n121  + use core::debug_assert_eq;\n     |\n\nerror: cannot find attribute `derive` in this scope\n  --> /Users/graysonnocera/.cargo/registry/src/index.crates.io-6f17d22bba15001f/futures-task-0.3.25/src/waker_ref.rs:13:3\n   |\n13 | #[derive(Debug)]\n   |   ^^^^^^\n   |\nhelp: consider importing this attribute macro\n   |\n1  + use core::prelude::rust_2024::derive;\n   |\n\nerror: cannot find macro `debug_assert_eq` in this scope\n    --> /Users/graysonnocera/.cargo/registry/src/index.crates.io-6f17d22bba15001f/slab-0.4.7/src/lib.rs:1545:9\n     |\n1545 |         debug_assert_eq!(self.len, 0);\n     |         ^^^^^^^^^^^^^^^\n     |\nhelp: consider importing this macro\n     |\n121  + use core::debug_assert_eq;\n     |\n\nerror: cannot find macro `debug_assert_eq` in this scope\n  --> /Users/graysonnocera/.cargo/registry/src/index.crates.io-6f17d22bba15001f/memchr-2.5.0/src/memchr/fallback.rs:69:13\n   |\n69 |             debug_assert_eq!(0, (ptr as usize) % USIZE_BYTES);\n   |             ^^^^^^^^^^^^^^^\n   |\nhelp: consider importing this macro\n   |\n5  + use core::debug_assert_eq;\n   |\n\nerror: cannot find macro `debug_assert_eq` in this scope\n    --> /Users/graysonnocera/.cargo/registry/src/index.crates.io-6f17d22bba15001f/slab-0.4.7/src/lib.rs:1527:9\n     |\n1527 |         debug_assert_eq!(self.len, 0);\n     |         ^^^^^^^^^^^^^^^\n     |\nhelp: consider importing this macro\n     |\n121  + use core::debug_assert_eq;\n     |\n\nerror: cannot find macro `debug_assert` in this scope\n   --> /Users/graysonnocera/.cargo/registry/src/index.crates.io-6f17d22bba15001f/memchr-2.5.0/src/memchr/fallback.rs:107:9\n    |\n107 |         debug_assert!(ptr > start_ptr);\n    |         ^^^^^^^^^^^^\n    |\nhelp: consider importing this macro\n    |\n5   + use core::debug_assert;\n    |\n\nerror: cannot find macro `debug_assert_eq` in this scope\n    --> /Users/graysonnocera/.cargo/registry/src/index.crates.io-6f17d22bba15001f/slab-0.4.7/src/lib.rs:1501:9\n     |\n1501 |         debug_assert_eq!(self.len, 0);\n     |         ^^^^^^^^^^^^^^^\n     |\nhelp: consider importing this macro\n     |\n121  + use core::debug_assert_eq;\n     |\n\nerror: cannot find macro `debug_assert` in this scope\n   --> /Users/graysonnocera/.cargo/registry/src/index.crates.io-6f17d22bba15001f/memchr-2.5.0/src/memchr/fallback.rs:108:9\n    |\n108 |         debug_assert!(end_ptr.sub(USIZE_BYTES) >= start_ptr);\n    |         ^^^^^^^^^^^^\n    |\nhelp: consider importing this macro\n    |\n5   + use core::debug_assert;\n    |\n\nerror: cannot find macro `debug_assert_eq` in this scope\n   --> /Users/graysonnocera/.cargo/registry/src/index.crates.io-6f17d22bba15001f/memchr-2.5.0/src/memchr/fallback.rs:110:13\n    |\n110 |             debug_assert_eq!(0, (ptr as usize) % USIZE_BYTES);\n    |             ^^^^^^^^^^^^^^^\n    |\nhelp: consider importing this macro\n    |\n5   + use core::debug_assert_eq;\n    |\n\nerror: cannot find macro `debug_assert_eq` in this scope\n    --> /Users/graysonnocera/.cargo/registry/src/index.crates.io-6f17d22bba15001f/slab-0.4.7/src/lib.rs:1483:9\n     |\n1483 |         debug_assert_eq!(self.len, 0);\n     |         ^^^^^^^^^^^^^^^\n     |\nhelp: consider importing this macro\n     |\n121  + use core::debug_assert_eq;\n     |\n\nerror: cannot find macro `debug_assert` in this scope\n   --> /Users/graysonnocera/.cargo/registry/src/index.crates.io-6f17d22bba15001f/memchr-2.5.0/src/memchr/fallback.rs:149:9\n    |\n149 |         debug_assert!(ptr > start_ptr);\n    |         ^^^^^^^^^^^^\n    |\nhelp: consider importing this macro\n    |\n5   + use core::debug_assert;\n    |\n\nerror: cannot find macro `debug_assert` in this scope\n   --> /Users/graysonnocera/.cargo/registry/src/index.crates.io-6f17d22bba15001f/memchr-2.5.0/src/memchr/fallback.rs:150:9\n    |\n150 |         debug_assert!(end_ptr.sub(USIZE_BYTES) >= start_ptr);\n    |         ^^^^^^^^^^^^\n    |\nhelp: consider importing this macro\n    |\n5   + use core::debug_assert;\n    |\n\nerror: cannot find macro `debug_assert_eq` in this scope\n    --> /Users/graysonnocera/.cargo/registry/src/index.crates.io-6f17d22bba15001f/slab-0.4.7/src/lib.rs:1457:9\n     |\n1457 |         debug_assert_eq!(self.len, 0);\n     |         ^^^^^^^^^^^^^^^\n     |\nhelp: consider importing this macro\n     |\n121  + use core::debug_assert_eq;\n     |\n\nerror: cannot find macro `debug_assert_eq` in this scope\n   --> /Users/graysonnocera/.cargo/registry/src/index.crates.io-6f17d22bba15001f/memchr-2.5.0/src/memchr/fallback.rs:152:13\n    |\n152 |             debug_assert_eq!(0, (ptr as usize) % USIZE_BYTES);\n    |             ^^^^^^^^^^^^^^^\n    |\nhelp: consider importing this macro\n    |\n5   + use core::debug_assert_eq;\n    |\n\nerror: cannot find macro `debug_assert_eq` in this scope\n    --> /Users/graysonnocera/.cargo/registry/src/index.crates.io-6f17d22bba15001f/slab-0.4.7/src/lib.rs:1439:9\n     |\n1439 |         debug_assert_eq!(self.len, 0);\n     |         ^^^^^^^^^^^^^^^\n     |\nhelp: consider importing this macro\n     |\n121  + use core::debug_assert_eq;\n     |\n\nerror: cannot find macro `unreachable` in this scope\n    --> /Users/graysonnocera/.cargo/registry/src/index.crates.io-6f17d22bba15001f/slab-0.4.7/src/lib.rs:1396:18\n     |\n1396 |             _ => unreachable!(),\n     |                  ^^^^^^^^^^^\n     |\nhelp: consider importing this macro\n     |\n121  + use core::unreachable;\n     |\n\nerror: cannot find macro `unreachable` in this scope\n    --> /Users/graysonnocera/.cargo/registry/src/index.crates.io-6f17d22bba15001f/slab-0.4.7/src/lib.rs:1304:13\n     |\n1304 |             unreachable!()\n     |             ^^^^^^^^^^^\n     |\nhelp: consider importing this macro\n     |\n121  + use core::unreachable;\n     |\n\nerror: cannot find macro `debug_assert` in this scope\n   --> /Users/graysonnocera/.cargo/registry/src/index.crates.io-6f17d22bba15001f/memchr-2.5.0/src/memchr/fallback.rs:188:9\n    |\n188 |         debug_assert!(start_ptr <= ptr && ptr <= end_ptr);\n    |         ^^^^^^^^^^^^\n    |\nhelp: consider importing this macro\n    |\n5   + use core::debug_assert;\n    |\n\nerror: cannot find macro `unreachable` in this scope\n    --> /Users/graysonnocera/.cargo/registry/src/index.crates.io-6f17d22bba15001f/slab-0.4.7/src/lib.rs:1301:22\n     |\n1301 |                 _ => unreachable!(),\n     |                      ^^^^^^^^^^^\n     |\nhelp: consider importing this macro\n     |\n121  + use core::unreachable;\n     |\n\nerror: cannot find macro `debug_assert_eq` in this scope\n   --> /Users/graysonnocera/.cargo/registry/src/index.crates.io-6f17d22bba15001f/memchr-2.5.0/src/memchr/fallback.rs:190:13\n    |\n190 |             debug_assert_eq!(0, (ptr as usize) % USIZE_BYTES);\n    |             ^^^^^^^^^^^^^^^\n    |\nhelp: consider importing this macro\n    |\n5   + use core::debug_assert_eq;\n    |\n\nerror: cannot find macro `panic` in this scope\n    --> /Users/graysonnocera/.cargo/registry/src/index.crates.io-6f17d22bba15001f/slab-0.4.7/src/lib.rs:1192:18\n     |\n1192 |             _ => panic!(\"invalid key\"),\n     |                  ^^^^^\n     |\nhelp: consider importing this macro\n     |\n121  + use core::panic;\n     |\n\nerror: cannot find macro `debug_assert` in this scope\n   --> /Users/graysonnocera/.cargo/registry/src/index.crates.io-6f17d22bba15001f/memchr-2.5.0/src/memchr/fallback.rs:228:9\n    |\n228 |         debug_assert!(start_ptr <= ptr && ptr <= end_ptr);\n    |         ^^^^^^^^^^^^\n    |\nhelp: consider importing this macro\n    |\n5   + use core::debug_assert;\n    |\n\nerror: cannot find macro `panic` in this scope\n    --> /Users/graysonnocera/.cargo/registry/src/index.crates.io-6f17d22bba15001f/slab-0.4.7/src/lib.rs:1182:18\n     |\n1182 |             _ => panic!(\"invalid key\"),\n     |                  ^^^^^\n     |\nhelp: consider importing this macro\n     |\n121  + use core::panic;\n     |\n\nerror: cannot find macro `debug_assert_eq` in this scope\n   --> /Users/graysonnocera/.cargo/registry/src/index.crates.io-6f17d22bba15001f/memchr-2.5.0/src/memchr/fallback.rs:230:13\n    |\n230 |             debug_assert_eq!(0, (ptr as usize) % USIZE_BYTES);\n    |             ^^^^^^^^^^^^^^^\n    |\nhelp: consider importing this macro\n    |\n5   + use core::debug_assert_eq;\n    |\n\nerror: cannot find macro `unreachable` in this scope\n    --> /Users/graysonnocera/.cargo/registry/src/index.crates.io-6f17d22bba15001f/slab-0.4.7/src/lib.rs:1007:22\n     |\n1007 |                 _ => unreachable!(),\n     |                      ^^^^^^^^^^^\n     |\nhelp: consider importing this macro\n     |\n121  + use core::unreachable;\n     |\n\nerror: cannot find macro `panic` in this scope\n   --> /Users/graysonnocera/.cargo/registry/src/index.crates.io-6f17d22bba15001f/slab-0.4.7/src/lib.rs:912:13\n    |\n912 |             panic!(\"The reference points to a value outside this slab\");\n    |             ^^^^^\n    |\nhelp: consider importing this macro\n    |\n121 + use core::panic;\n    |\n\nerror: cannot find macro `debug_assert` in this scope\n   --> /Users/graysonnocera/.cargo/registry/src/index.crates.io-6f17d22bba15001f/memchr-2.5.0/src/memchr/fallback.rs:269:9\n    |\n269 |         debug_assert!(start_ptr <= ptr && ptr <= end_ptr);\n    |         ^^^^^^^^^^^^\n    |\nhelp: consider importing this macro\n    |\n5   + use core::debug_assert;\n    |\n\nerror: cannot find macro `unreachable` in this scope\n   --> /Users/graysonnocera/.cargo/registry/src/index.crates.io-6f17d22bba15001f/slab-0.4.7/src/lib.rs:862:18\n    |\n862 |             _ => unreachable!(),\n    |                  ^^^^^^^^^^^\n    |\nhelp: consider importing this macro\n    |\n121 + use core::unreachable;\n    |\n\nerror: cannot find macro `debug_assert_eq` in this scope\n   --> /Users/graysonnocera/.cargo/registry/src/index.crates.io-6f17d22bba15001f/memchr-2.5.0/src/memchr/fallback.rs:271:13\n    |\n271 |             debug_assert_eq!(0, (ptr as usize) % USIZE_BYTES);\n    |             ^^^^^^^^^^^^^^^\n    |\nhelp: consider importing this macro\n    |\n5   + use core::debug_assert_eq;\n    |\n\nerror: cannot find macro `debug_assert_ne` in this scope\n   --> /Users/graysonnocera/.cargo/registry/src/index.crates.io-6f17d22bba15001f/slab-0.4.7/src/lib.rs:854:9\n    |\n854 |         debug_assert_ne!(key1, key2);\n    |         ^^^^^^^^^^^^^^^\n    |\nhelp: consider importing this macro\n    |\n121 + use core::debug_assert_ne;\n    |\n\nerror: cannot find macro `unreachable` in this scope\n   --> /Users/graysonnocera/.cargo/registry/src/index.crates.io-6f17d22bba15001f/slab-0.4.7/src/lib.rs:822:18\n    |\n822 |             _ => unreachable!(),\n    |                  ^^^^^^^^^^^\n    |\nhelp: consider importing this macro\n    |\n121 + use core::unreachable;\n    |\n\nerror: cannot find macro `debug_assert` in this scope\n   --> /Users/graysonnocera/.cargo/registry/src/index.crates.io-6f17d22bba15001f/memchr-2.5.0/src/memchr/fallback.rs:293:5\n    |\n293 |     debug_assert!(start_ptr <= ptr);\n    |     ^^^^^^^^^^^^\n    |\nhelp: consider importing this macro\n    |\n5   + use core::debug_assert;\n    |\n\nerror: cannot find macro `unreachable` in this scope\n   --> /Users/graysonnocera/.cargo/registry/src/index.crates.io-6f17d22bba15001f/slab-0.4.7/src/lib.rs:790:18\n    |\n790 |             _ => unreachable!(),\n    |                  ^^^^^^^^^^^\n    |\nhelp: consider importing this macro\n    |\n121 + use core::unreachable;\n    |\n\nerror: cannot find macro `debug_assert` in this scope\n   --> /Users/graysonnocera/.cargo/registry/src/index.crates.io-6f17d22bba15001f/memchr-2.5.0/src/memchr/fallback.rs:294:5\n    |\n294 |     debug_assert!(ptr <= end_ptr);\n    |     ^^^^^^^^^^^^\n    |\nhelp: consider importing this macro\n    |\n5   + use core::debug_assert;\n    |\n\nerror: cannot find macro `assert` in this scope\n   --> /Users/graysonnocera/.cargo/registry/src/index.crates.io-6f17d22bba15001f/slab-0.4.7/src/lib.rs:742:9\n    |\n742 |         assert!(key1 != key2);\n    |         ^^^^^^\n    |\nhelp: consider importing this macro\n    |\n121 + use core::assert;\n    |\n\nerror: cannot find attribute `derive` in this scope\n   --> /Users/graysonnocera/.cargo/registry/src/index.crates.io-6f17d22bba15001f/slab-0.4.7/src/lib.rs:210:3\n    |\n210 | #[derive(Clone)]\n    |   ^^^^^^\n    |\nhelp: consider importing this attribute macro\n    |\n121 + use core::prelude::rust_2024::derive;\n    |\n\nerror: cannot find macro `debug_assert` in this scope\n   --> /Users/graysonnocera/.cargo/registry/src/index.crates.io-6f17d22bba15001f/memchr-2.5.0/src/memchr/fallback.rs:312:5\n    |\n312 |     debug_assert!(start_ptr <= ptr);\n    |     ^^^^^^^^^^^^\n    |\nhelp: consider importing this macro\n    |\n5   + use core::debug_assert;\n    |\n\nerror: cannot find attribute `derive` in this scope\n   --> /Users/graysonnocera/.cargo/registry/src/index.crates.io-6f17d22bba15001f/slab-0.4.7/src/lib.rs:171:3\n    |\n171 | #[derive(Debug)]\n    |   ^^^^^^\n    |\nhelp: consider importing this attribute macro\n    |\n121 + use core::prelude::rust_2024::derive;\n    |\n\nerror: cannot find macro `debug_assert` in this scope\n   --> /Users/graysonnocera/.cargo/registry/src/index.crates.io-6f17d22bba15001f/memchr-2.5.0/src/memchr/fallback.rs:313:5\n    |\n313 |     debug_assert!(ptr <= end_ptr);\n    |     ^^^^^^^^^^^^\n    |\nhelp: consider importing this macro\n    |\n5   + use core::debug_assert;\n    |\n\nerror: cannot find macro `debug_assert` in this scope\n   --> /Users/graysonnocera/.cargo/registry/src/index.crates.io-6f17d22bba15001f/memchr-2.5.0/src/memchr/fallback.rs:327:5\n    |\n327 |     debug_assert!(a >= b);\n    |     ^^^^^^^^^^^^\n    |\nhelp: consider importing this macro\n    |\n5   + use core::debug_assert;\n    |\n\nerror: cannot find attribute `derive` in this scope\n   --> /Users/graysonnocera/.cargo/registry/src/index.crates.io-6f17d22bba15001f/slab-0.4.7/src/lib.rs:130:3\n    |\n130 | #[derive(Clone)]\n    |   ^^^^^^\n    |\nhelp: consider importing this attribute macro\n    |\n121 + use core::prelude::rust_2024::derive;\n    |\n\nerror: cannot find attribute `derive` in this scope\n  --> /Users/graysonnocera/.cargo/registry/src/index.crates.io-6f17d22bba15001f/memchr-2.5.0/src/memmem/prefilter/mod.rs:73:3\n   |\n73 | #[derive(Clone, Copy)]\n   |   ^^^^^^\n   |\nhelp: consider importing this attribute macro\n   |\n1  + use core::prelude::rust_2024::derive;\n   |\n\nerror: cannot find attribute `derive` in this scope\n   --> /Users/graysonnocera/.cargo/registry/src/index.crates.io-6f17d22bba15001f/memchr-2.5.0/src/memmem/prefilter/mod.rs:168:3\n    |\n168 | #[derive(Clone, Copy, Debug)]\n    |   ^^^^^^\n    |\nhelp: consider importing this attribute macro\n    |\n1   + use core::prelude::rust_2024::derive;\n    |\n\nerror[E0463]: can't find crate for `std`\n  --> /Users/graysonnocera/.cargo/registry/src/index.crates.io-6f17d22bba15001f/futures-task-0.3.25/src/spawn.rs:72:6\n   |\n72 | impl std::error::Error for SpawnError {}\n   |      ^^^ can't find crate\n   |\n   = note: the `thumbv7m-none-eabi` target may not support the standard library\n\nerror: cannot find attribute `derive` in this scope\n   --> /Users/graysonnocera/.cargo/registry/src/index.crates.io-6f17d22bba15001f/memchr-2.5.0/src/memmem/prefilter/mod.rs:203:3\n    |\n203 | #[derive(Clone, Debug)]\n    |   ^^^^^^\n    |\nhelp: consider importing this attribute macro\n    |\n1   + use core::prelude::rust_2024::derive;\n    |\n\nerror: cannot find attribute `derive` in this scope\n   --> /Users/graysonnocera/.cargo/registry/src/index.crates.io-6f17d22bba15001f/memchr-2.5.0/src/memmem/rabinkarp.rs:104:3\n    |\n104 | #[derive(Clone, Copy, Debug, Default)]\n    |   ^^^^^^\n    |\nhelp: consider importing this attribute macro\n    |\n34  + use core::prelude::rust_2024::derive;\n    |\n\nerror: cannot find attribute `derive` in this scope\n   --> /Users/graysonnocera/.cargo/registry/src/index.crates.io-6f17d22bba15001f/memchr-2.5.0/src/memmem/rabinkarp.rs:154:3\n    |\n154 | #[derive(Clone, Copy, Debug, Default, Eq, PartialEq)]\n    |   ^^^^^^\n    |\nhelp: consider importing this attribute macro\n    |\n34  + use core::prelude::rust_2024::derive;\n    |\n\nerror: cannot find attribute `derive` in this scope\n  --> /Users/graysonnocera/.cargo/registry/src/index.crates.io-6f17d22bba15001f/memchr-2.5.0/src/memmem/rarebytes.rs:14:3\n   |\n14 | #[derive(Clone, Copy, Debug, Default)]\n   |   ^^^^^^\n   |\nhelp: consider importing this attribute macro\n   |\n1  + use core::prelude::rust_2024::derive;\n   |\n\nerror: cannot find macro `assert_ne` in this scope\n  --> /Users/graysonnocera/.cargo/registry/src/index.crates.io-6f17d22bba15001f/memchr-2.5.0/src/memmem/rarebytes.rs:84:9\n   |\n84 |         assert_ne!(rare1i, rare2i);\n   |         ^^^^^^^^^\n   |\nhelp: consider importing this macro\n   |\n1  + use core::assert_ne;\n   |\n\nerror: cannot find attribute `derive` in this scope\n --> /Users/graysonnocera/.cargo/registry/src/index.crates.io-6f17d22bba15001f/memchr-2.5.0/src/memmem/twoway.rs:6:3\n  |\n6 | #[derive(Clone, Copy, Debug)]\n  |   ^^^^^^\n  |\nhelp: consider importing this attribute macro\n  |\n1 + use core::prelude::rust_2024::derive;\n  |\n\nerror: cannot find attribute `derive` in this scope\n  --> /Users/graysonnocera/.cargo/registry/src/index.crates.io-6f17d22bba15001f/memchr-2.5.0/src/memmem/twoway.rs:10:3\n   |\n10 | #[derive(Clone, Copy, Debug)]\n   |   ^^^^^^\n   |\nhelp: consider importing this attribute macro\n   |\n1  + use core::prelude::rust_2024::derive;\n   |\n\nerror: cannot find attribute `derive` in this scope\n  --> /Users/graysonnocera/.cargo/registry/src/index.crates.io-6f17d22bba15001f/memchr-2.5.0/src/memmem/twoway.rs:48:3\n   |\n48 | #[derive(Clone, Copy, Debug)]\n   |   ^^^^^^\n   |\nhelp: consider importing this attribute macro\n   |\n1  + use core::prelude::rust_2024::derive;\n   |\n\nerror: cannot find macro `debug_assert` in this scope\n   --> /Users/graysonnocera/.cargo/registry/src/index.crates.io-6f17d22bba15001f/memchr-2.5.0/src/memmem/twoway.rs:113:9\n    |\n113 |         debug_assert!(!needle.is_empty(), \"needle should not be empty\");\n    |         ^^^^^^^^^^^^\n    |\nhelp: consider importing this macro\n    |\n1   + use core::debug_assert;\n    |\n\nerror: cannot find macro `debug_assert` in this scope\n   --> /Users/graysonnocera/.cargo/registry/src/index.crates.io-6f17d22bba15001f/memchr-2.5.0/src/memmem/twoway.rs:114:9\n    |\n114 |         debug_assert!(needle.len() <= haystack.len(), \"haystack too short\");\n    |         ^^^^^^^^^^^^\n    |\nhelp: consider importing this macro\n    |\n1   + use core::debug_assert;\n    |\n\nerror: cannot find macro `debug_assert` in this scope\n   --> /Users/graysonnocera/.cargo/registry/src/index.crates.io-6f17d22bba15001f/memchr-2.5.0/src/memmem/twoway.rs:280:9\n    |\n280 |         debug_assert!(!needle.is_empty(), \"needle should not be empty\");\n    |         ^^^^^^^^^^^^\n    |\nhelp: consider importing this macro\n    |\n1   + use core::debug_assert;\n    |\n\nerror: cannot find macro `debug_assert` in this scope\n   --> /Users/graysonnocera/.cargo/registry/src/index.crates.io-6f17d22bba15001f/memchr-2.5.0/src/memmem/twoway.rs:281:9\n    |\n281 |         debug_assert!(needle.len() <= haystack.len(), \"haystack too short\");\n    |         ^^^^^^^^^^^^\n    |\nhelp: consider importing this macro\n    |\n1   + use core::debug_assert;\n    |\n\nerror[E0463]: can't find crate for `std`\n  --> /Users/graysonnocera/.cargo/registry/src/index.crates.io-6f17d22bba15001f/futures-core-0.3.25/src/future.rs:98:42\n   |\n98 |     impl<F: FusedFuture> FusedFuture for std::panic::AssertUnwindSafe<F> {\n   |                                          ^^^ can't find crate\n   |\n   = note: the `thumbv7m-none-eabi` target may not support the standard library\n\nerror: cannot find attribute `derive` in this scope\n   --> /Users/graysonnocera/.cargo/registry/src/index.crates.io-6f17d22bba15001f/memchr-2.5.0/src/memmem/twoway.rs:423:3\n    |\n423 | #[derive(Clone, Copy, Debug)]\n    |   ^^^^^^\n    |\nhelp: consider importing this attribute macro\n    |\n1   + use core::prelude::rust_2024::derive;\n    |\n\nerror: cannot find attribute `derive` in this scope\n   --> /Users/graysonnocera/.cargo/registry/src/index.crates.io-6f17d22bba15001f/memchr-2.5.0/src/memmem/twoway.rs:478:3\n    |\n478 | #[derive(Debug)]\n    |   ^^^^^^\n    |\nhelp: consider importing this attribute macro\n    |\n1   + use core::prelude::rust_2024::derive;\n    |\n\nerror: cannot find macro `debug_assert` in this scope\n   --> /Users/graysonnocera/.cargo/registry/src/index.crates.io-6f17d22bba15001f/memchr-2.5.0/src/memmem/twoway.rs:497:9\n    |\n497 |         debug_assert!(!needle.is_empty());\n    |         ^^^^^^^^^^^^\n    |\nhelp: consider importing this macro\n    |\n1   + use core::debug_assert;\n    |\n\nerror: cannot find macro `debug_assert` in this scope\n   --> /Users/graysonnocera/.cargo/registry/src/index.crates.io-6f17d22bba15001f/memchr-2.5.0/src/memmem/twoway.rs:547:9\n    |\n547 |         debug_assert!(!needle.is_empty());\n    |         ^^^^^^^^^^^^\n    |\nhelp: consider importing this macro\n    |\n1   + use core::debug_assert;\n    |\n\nerror: cannot find attribute `derive` in this scope\n   --> /Users/graysonnocera/.cargo/registry/src/index.crates.io-6f17d22bba15001f/memchr-2.5.0/src/memmem/twoway.rs:586:3\n    |\n586 | #[derive(Clone, Copy, Debug)]\n    |   ^^^^^^\n    |\nhelp: consider importing this attribute macro\n    |\n1   + use core::prelude::rust_2024::derive;\n    |\n\nerror: cannot find attribute `derive` in this scope\n   --> /Users/graysonnocera/.cargo/registry/src/index.crates.io-6f17d22bba15001f/memchr-2.5.0/src/memmem/twoway.rs:605:3\n    |\n605 | #[derive(Clone, Copy, Debug)]\n    |   ^^^^^^\n    |\nhelp: consider importing this attribute macro\n    |\n1   + use core::prelude::rust_2024::derive;\n    |\n\nerror: cannot find attribute `derive` in this scope\n   --> /Users/graysonnocera/.cargo/registry/src/index.crates.io-6f17d22bba15001f/memchr-2.5.0/src/memmem/twoway.rs:647:3\n    |\n647 | #[derive(Clone, Copy, Debug)]\n    |   ^^^^^^\n    |\nhelp: consider importing this attribute macro\n    |\n1   + use core::prelude::rust_2024::derive;\n    |\n\nerror: cannot find attribute `derive` in this scope\n   --> /Users/graysonnocera/.cargo/registry/src/index.crates.io-6f17d22bba15001f/memchr-2.5.0/src/memmem/mod.rs:310:3\n    |\n310 | #[derive(Debug)]\n    |   ^^^^^^\n    |\nhelp: consider importing this attribute macro\n    |\n69  + use core::prelude::rust_2024::derive;\n    |\n\nerror: cannot find attribute `derive` in this scope\n   --> /Users/graysonnocera/.cargo/registry/src/index.crates.io-6f17d22bba15001f/memchr-2.5.0/src/memmem/mod.rs:375:3\n    |\n375 | #[derive(Debug)]\n    |   ^^^^^^\n    |\nhelp: consider importing this attribute macro\n    |\n69  + use core::prelude::rust_2024::derive;\n    |\n\nerror: cannot find attribute `derive` in this scope\n   --> /Users/graysonnocera/.cargo/registry/src/index.crates.io-6f17d22bba15001f/memchr-2.5.0/src/memmem/mod.rs:448:3\n    |\n448 | #[derive(Clone, Debug)]\n    |   ^^^^^^\n    |\nhelp: consider importing this attribute macro\n    |\n69  + use core::prelude::rust_2024::derive;\n    |\n\nerror: cannot find attribute `derive` in this scope\n   --> /Users/graysonnocera/.cargo/registry/src/index.crates.io-6f17d22bba15001f/memchr-2.5.0/src/memmem/mod.rs:575:3\n    |\n575 | #[derive(Clone, Debug)]\n    |   ^^^^^^\n    |\nhelp: consider importing this attribute macro\n    |\n69  + use core::prelude::rust_2024::derive;\n    |\n\nerror: cannot find attribute `derive` in this scope\n   --> /Users/graysonnocera/.cargo/registry/src/index.crates.io-6f17d22bba15001f/memchr-2.5.0/src/memmem/mod.rs:698:3\n    |\n698 | #[derive(Clone, Debug, Default)]\n    |   ^^^^^^\n    |\nhelp: consider importing this attribute macro\n    |\n69  + use core::prelude::rust_2024::derive;\n    |\n\nerror: cannot find attribute `derive` in this scope\n   --> /Users/graysonnocera/.cargo/registry/src/index.crates.io-6f17d22bba15001f/memchr-2.5.0/src/memmem/mod.rs:743:3\n    |\n743 | #[derive(Clone, Debug)]\n    |   ^^^^^^\n    |\nhelp: consider importing this attribute macro\n    |\n69  + use core::prelude::rust_2024::derive;\n    |\n\nerror: cannot find attribute `derive` in this scope\n   --> /Users/graysonnocera/.cargo/registry/src/index.crates.io-6f17d22bba15001f/memchr-2.5.0/src/memmem/mod.rs:766:3\n    |\n766 | #[derive(Clone, Copy, Debug)]\n    |   ^^^^^^\n    |\nhelp: consider importing this attribute macro\n    |\n69  + use core::prelude::rust_2024::derive;\n    |\n\nerror: cannot find attribute `derive` in this scope\n   --> /Users/graysonnocera/.cargo/registry/src/index.crates.io-6f17d22bba15001f/memchr-2.5.0/src/memmem/mod.rs:792:3\n    |\n792 | #[derive(Clone, Copy, Debug, Default)]\n    |   ^^^^^^\n    |\nhelp: consider importing this attribute macro\n    |\n69  + use core::prelude::rust_2024::derive;\n    |\n\nerror: cannot find attribute `derive` in this scope\n   --> /Users/graysonnocera/.cargo/registry/src/index.crates.io-6f17d22bba15001f/memchr-2.5.0/src/memmem/mod.rs:799:3\n    |\n799 | #[derive(Clone, Debug)]\n    |   ^^^^^^\n    |\nhelp: consider importing this attribute macro\n    |\n69  + use core::prelude::rust_2024::derive;\n    |\n\nerror: cannot find attribute `derive` in this scope\n    --> /Users/graysonnocera/.cargo/registry/src/index.crates.io-6f17d22bba15001f/memchr-2.5.0/src/memmem/mod.rs:1028:3\n     |\n1028 | #[derive(Clone, Debug)]\n     |   ^^^^^^\n     |\nhelp: consider importing this attribute macro\n     |\n69   + use core::prelude::rust_2024::derive;\n     |\n\nerror: cannot find attribute `derive` in this scope\n    --> /Users/graysonnocera/.cargo/registry/src/index.crates.io-6f17d22bba15001f/memchr-2.5.0/src/memmem/mod.rs:1038:3\n     |\n1038 | #[derive(Clone, Debug)]\n     |   ^^^^^^\n     |\nhelp: consider importing this attribute macro\n     |\n69   + use core::prelude::rust_2024::derive;\n     |\n\nerror[E0412]: cannot find type `Box` in this scope\n   --> /Users/graysonnocera/.cargo/registry/src/index.crates.io-6f17d22bba15001f/futures-io-0.3.25/src/lib.rs:320:55\n    |\n320 |     impl<T: ?Sized + AsyncRead + Unpin> AsyncRead for Box<T> {\n    |                                                       ^^^ not found in this scope\n\nerror[E0405]: cannot find trait `Sized` in this scope\n   --> /Users/graysonnocera/.cargo/registry/src/index.crates.io-6f17d22bba15001f/futures-io-0.3.25/src/lib.rs:320:14\n    |\n320 |     impl<T: ?Sized + AsyncRead + Unpin> AsyncRead for Box<T> {\n    |              ^^^^^ not found in this scope\n    |\nhelp: consider importing this trait\n    |\n26  +     use core::marker::Sized;\n    |\n\nerror[E0405]: cannot find trait `Unpin` in this scope\n   --> /Users/graysonnocera/.cargo/registry/src/index.crates.io-6f17d22bba15001f/futures-io-0.3.25/src/lib.rs:320:34\n    |\n320 |     impl<T: ?Sized + AsyncRead + Unpin> AsyncRead for Box<T> {\n    |                                  ^^^^^ not found in this scope\n    |\nhelp: consider importing this trait\n    |\n26  +     use core::marker::Unpin;\n    |\n\nerror[E0405]: cannot find trait `Sized` in this scope\n   --> /Users/graysonnocera/.cargo/registry/src/index.crates.io-6f17d22bba15001f/futures-io-0.3.25/src/lib.rs:324:14\n    |\n324 |     impl<T: ?Sized + AsyncRead + Unpin> AsyncRead for &mut T {\n    |              ^^^^^ not found in this scope\n    |\nhelp: consider importing this trait\n    |\n26  +     use core::marker::Sized;\n    |\n\nerror[E0405]: cannot find trait `Unpin` in this scope\n   --> /Users/graysonnocera/.cargo/registry/src/index.crates.io-6f17d22bba15001f/futures-io-0.3.25/src/lib.rs:324:34\n    |\n324 |     impl<T: ?Sized + AsyncRead + Unpin> AsyncRead for &mut T {\n    |                                  ^^^^^ not found in this scope\n    |\nhelp: consider importing this trait\n    |\n26  +     use core::marker::Unpin;\n    |\n\nerror[E0405]: cannot find trait `Unpin` in this scope\n   --> /Users/graysonnocera/.cargo/registry/src/index.crates.io-6f17d22bba15001f/futures-io-0.3.25/src/lib.rs:330:23\n    |\n330 |         P: DerefMut + Unpin,\n    |                       ^^^^^ not found in this scope\n    |\nhelp: consider importing this trait\n    |\n26  +     use core::marker::Unpin;\n    |\n\nerror[E0412]: cannot find type `Box` in this scope\n   --> /Users/graysonnocera/.cargo/registry/src/index.crates.io-6f17d22bba15001f/futures-io-0.3.25/src/lib.rs:402:57\n    |\n402 |     impl<T: ?Sized + AsyncWrite + Unpin> AsyncWrite for Box<T> {\n    |                                                         ^^^ not found in this scope\n\nerror[E0405]: cannot find trait `Sized` in this scope\n   --> /Users/graysonnocera/.cargo/registry/src/index.crates.io-6f17d22bba15001f/futures-io-0.3.25/src/lib.rs:402:14\n    |\n402 |     impl<T: ?Sized + AsyncWrite + Unpin> AsyncWrite for Box<T> {\n    |              ^^^^^ not found in this scope\n    |\nhelp: consider importing this trait\n    |\n26  +     use core::marker::Sized;\n    |\n\nerror[E0405]: cannot find trait `Unpin` in this scope\n   --> /Users/graysonnocera/.cargo/registry/src/index.crates.io-6f17d22bba15001f/futures-io-0.3.25/src/lib.rs:402:35\n    |\n402 |     impl<T: ?Sized + AsyncWrite + Unpin> AsyncWrite for Box<T> {\n    |                                   ^^^^^ not found in this scope\n    |\nhelp: consider importing this trait\n    |\n26  +     use core::marker::Unpin;\n    |\n\nerror[E0405]: cannot find trait `Sized` in this scope\n   --> /Users/graysonnocera/.cargo/registry/src/index.crates.io-6f17d22bba15001f/futures-io-0.3.25/src/lib.rs:406:14\n    |\n406 |     impl<T: ?Sized + AsyncWrite + Unpin> AsyncWrite for &mut T {\n    |              ^^^^^ not found in this scope\n    |\nhelp: consider importing this trait\n    |\n26  +     use core::marker::Sized;\n    |\n\nerror[E0405]: cannot find trait `Unpin` in this scope\n   --> /Users/graysonnocera/.cargo/registry/src/index.crates.io-6f17d22bba15001f/futures-io-0.3.25/src/lib.rs:406:35\n    |\n406 |     impl<T: ?Sized + AsyncWrite + Unpin> AsyncWrite for &mut T {\n    |                                   ^^^^^ not found in this scope\n    |\nhelp: consider importing this trait\n    |\n26  +     use core::marker::Unpin;\n    |\n\nerror[E0405]: cannot find trait `Unpin` in this scope\n   --> /Users/graysonnocera/.cargo/registry/src/index.crates.io-6f17d22bba15001f/futures-io-0.3.25/src/lib.rs:412:23\n    |\n412 |         P: DerefMut + Unpin,\n    |                       ^^^^^ not found in this scope\n    |\nhelp: consider importing this trait\n    |\n26  +     use core::marker::Unpin;\n    |\n\nerror[E0412]: cannot find type `Vec` in this scope\n   --> /Users/graysonnocera/.cargo/registry/src/index.crates.io-6f17d22bba15001f/futures-io-0.3.25/src/lib.rs:468:25\n    |\n468 |     impl AsyncWrite for Vec<u8> {\n    |                         ^^^ not found in this scope\n\nerror[E0412]: cannot find type `Box` in this scope\n   --> /Users/graysonnocera/.cargo/registry/src/index.crates.io-6f17d22bba15001f/futures-io-0.3.25/src/lib.rs:484:55\n    |\n484 |     impl<T: ?Sized + AsyncSeek + Unpin> AsyncSeek for Box<T> {\n    |                                                       ^^^ not found in this scope\n\nerror[E0405]: cannot find trait `Sized` in this scope\n   --> /Users/graysonnocera/.cargo/registry/src/index.crates.io-6f17d22bba15001f/futures-io-0.3.25/src/lib.rs:484:14\n    |\n484 |     impl<T: ?Sized + AsyncSeek + Unpin> AsyncSeek for Box<T> {\n    |              ^^^^^ not found in this scope\n    |\nhelp: consider importing this trait\n    |\n26  +     use core::marker::Sized;\n    |\n\nerror[E0405]: cannot find trait `Unpin` in this scope\n   --> /Users/graysonnocera/.cargo/registry/src/index.crates.io-6f17d22bba15001f/futures-io-0.3.25/src/lib.rs:484:34\n    |\n484 |     impl<T: ?Sized + AsyncSeek + Unpin> AsyncSeek for Box<T> {\n    |                                  ^^^^^ not found in this scope\n    |\nhelp: consider importing this trait\n    |\n26  +     use core::marker::Unpin;\n    |\n\nerror[E0405]: cannot find trait `Sized` in this scope\n   --> /Users/graysonnocera/.cargo/registry/src/index.crates.io-6f17d22bba15001f/futures-io-0.3.25/src/lib.rs:488:14\n    |\n488 |     impl<T: ?Sized + AsyncSeek + Unpin> AsyncSeek for &mut T {\n    |              ^^^^^ not found in this scope\n    |\nhelp: consider importing this trait\n    |\n26  +     use core::marker::Sized;\n    |\n\nerror[E0405]: cannot find trait `Unpin` in this scope\n   --> /Users/graysonnocera/.cargo/registry/src/index.crates.io-6f17d22bba15001f/futures-io-0.3.25/src/lib.rs:488:34\n    |\n488 |     impl<T: ?Sized + AsyncSeek + Unpin> AsyncSeek for &mut T {\n    |                                  ^^^^^ not found in this scope\n    |\nhelp: consider importing this trait\n    |\n26  +     use core::marker::Unpin;\n    |\n\nerror[E0405]: cannot find trait `Unpin` in this scope\n   --> /Users/graysonnocera/.cargo/registry/src/index.crates.io-6f17d22bba15001f/futures-io-0.3.25/src/lib.rs:494:23\n    |\n494 |         P: DerefMut + Unpin,\n    |                       ^^^^^ not found in this scope\n    |\nhelp: consider importing this trait\n    |\n26  +     use core::marker::Unpin;\n    |\n\nerror[E0412]: cannot find type `Box` in this scope\n   --> /Users/graysonnocera/.cargo/registry/src/index.crates.io-6f17d22bba15001f/futures-io-0.3.25/src/lib.rs:518:61\n    |\n518 |     impl<T: ?Sized + AsyncBufRead + Unpin> AsyncBufRead for Box<T> {\n    |                                                             ^^^ not found in this scope\n\nerror[E0405]: cannot find trait `Sized` in this scope\n   --> /Users/graysonnocera/.cargo/registry/src/index.crates.io-6f17d22bba15001f/futures-io-0.3.25/src/lib.rs:518:14\n    |\n518 |     impl<T: ?Sized + AsyncBufRead + Unpin> AsyncBufRead for Box<T> {\n    |              ^^^^^ not found in this scope\n    |\nhelp: consider importing this trait\n    |\n26  +     use core::marker::Sized;\n    |\n\nerror[E0405]: cannot find trait `Unpin` in this scope\n   --> /Users/graysonnocera/.cargo/registry/src/index.crates.io-6f17d22bba15001f/futures-io-0.3.25/src/lib.rs:518:37\n    |\n518 |     impl<T: ?Sized + AsyncBufRead + Unpin> AsyncBufRead for Box<T> {\n    |                                     ^^^^^ not found in this scope\n    |\nhelp: consider importing this trait\n    |\n26  +     use core::marker::Unpin;\n    |\n\nerror[E0405]: cannot find trait `Sized` in this scope\n   --> /Users/graysonnocera/.cargo/registry/src/index.crates.io-6f17d22bba15001f/futures-io-0.3.25/src/lib.rs:522:14\n    |\n522 |     impl<T: ?Sized + AsyncBufRead + Unpin> AsyncBufRead for &mut T {\n    |              ^^^^^ not found in this scope\n    |\nhelp: consider importing this trait\n    |\n26  +     use core::marker::Sized;\n    |\n\nerror[E0405]: cannot find trait `Unpin` in this scope\n   --> /Users/graysonnocera/.cargo/registry/src/index.crates.io-6f17d22bba15001f/futures-io-0.3.25/src/lib.rs:522:37\n    |\n522 |     impl<T: ?Sized + AsyncBufRead + Unpin> AsyncBufRead for &mut T {\n    |                                     ^^^^^ not found in this scope\n    |\nhelp: consider importing this trait\n    |\n26  +     use core::marker::Unpin;\n    |\n\nerror[E0405]: cannot find trait `Unpin` in this scope\n   --> /Users/graysonnocera/.cargo/registry/src/index.crates.io-6f17d22bba15001f/futures-io-0.3.25/src/lib.rs:528:23\n    |\n528 |         P: DerefMut + Unpin,\n    |                       ^^^^^ not found in this scope\n    |\nhelp: consider importing this trait\n    |\n26  +     use core::marker::Unpin;\n    |\n\nSome errors have detailed explanations: E0405, E0412, E0432, E0463.\nFor more information about an error, try `rustc --explain E0405`.\nerror: could not compile `futures-io` (lib) due to 31 previous errors\nwarning: build failed, waiting for other jobs to finish...\nerror[E0412]: cannot find type `Result` in this scope\n  --> /Users/graysonnocera/.cargo/registry/src/index.crates.io-6f17d22bba15001f/futures-sink-0.3.25/src/lib.rs:68:71\n   |\n68 |     fn poll_ready(self: Pin<&mut Self>, cx: &mut Context<'_>) -> Poll<Result<(), Self::Error>>;\n   |                                                                       ^^^^^^ not found in this scope\n   |\nhelp: consider importing one of these items\n   |\n21 + use core::fmt::Result;\n   |\n21 + use core::result::Result;\n   |\n21 + use alloc::fmt::Result;\n   |\n\nerror[E0412]: cannot find type `Result` in this scope\n  --> /Users/graysonnocera/.cargo/registry/src/index.crates.io-6f17d22bba15001f/futures-sink-0.3.25/src/lib.rs:89:56\n   |\n89 |     fn start_send(self: Pin<&mut Self>, item: Item) -> Result<(), Self::Error>;\n   |                                                        ^^^^^^ not found in this scope\n   |\nhelp: consider importing one of these items\n   |\n21 + use core::fmt::Result;\n   |\n21 + use core::result::Result;\n   |\n21 + use alloc::fmt::Result;\n   |\n\nerror[E0412]: cannot find type `Result` in this scope\n   --> /Users/graysonnocera/.cargo/registry/src/index.crates.io-6f17d22bba15001f/futures-sink-0.3.25/src/lib.rs:103:71\n    |\n103 |     fn poll_flush(self: Pin<&mut Self>, cx: &mut Context<'_>) -> Poll<Result<(), Self::Error>>;\n    |                                                                       ^^^^^^ not found in this scope\n    |\nhelp: consider importing one of these items\n    |\n21  + use core::fmt::Result;\n    |\n21  + use core::result::Result;\n    |\n21  + use alloc::fmt::Result;\n    |\n\nerror[E0412]: cannot find type `Result` in this scope\n   --> /Users/graysonnocera/.cargo/registry/src/index.crates.io-6f17d22bba15001f/futures-sink-0.3.25/src/lib.rs:116:71\n    |\n116 |     fn poll_close(self: Pin<&mut Self>, cx: &mut Context<'_>) -> Poll<Result<(), Self::Error>>;\n    |                                                                       ^^^^^^ not found in this scope\n    |\nhelp: consider importing one of these items\n    |\n21  + use core::fmt::Result;\n    |\n21  + use core::result::Result;\n    |\n21  + use alloc::fmt::Result;\n    |\n\nerror[E0405]: cannot find trait `Sized` in this scope\n   --> /Users/graysonnocera/.cargo/registry/src/index.crates.io-6f17d22bba15001f/futures-sink-0.3.25/src/lib.rs:119:10\n    |\n119 | impl<S: ?Sized + Sink<Item> + Unpin, Item> Sink<Item> for &mut S {\n    |          ^^^^^ not found in this scope\n    |\nhelp: consider importing this trait\n    |\n21  + use core::marker::Sized;\n    |\n\nerror[E0405]: cannot find trait `Unpin` in this scope\n   --> /Users/graysonnocera/.cargo/registry/src/index.crates.io-6f17d22bba15001f/futures-sink-0.3.25/src/lib.rs:119:31\n    |\n119 | impl<S: ?Sized + Sink<Item> + Unpin, Item> Sink<Item> for &mut S {\n    |                               ^^^^^ not found in this scope\n    |\nhelp: consider importing this trait\n    |\n21  + use core::marker::Unpin;\n    |\n\nerror[E0412]: cannot find type `Result` in this scope\n   --> /Users/graysonnocera/.cargo/registry/src/index.crates.io-6f17d22bba15001f/futures-sink-0.3.25/src/lib.rs:122:75\n    |\n122 |     fn poll_ready(mut self: Pin<&mut Self>, cx: &mut Context<'_>) -> Poll<Result<(), Self::Error>> {\n    |                                                                           ^^^^^^ not found in this scope\n    |\nhelp: consider importing one of these items\n    |\n21  + use core::fmt::Result;\n    |\n21  + use core::result::Result;\n    |\n21  + use alloc::fmt::Result;\n    |\n\nerror[E0412]: cannot find type `Result` in this scope\n   --> /Users/graysonnocera/.cargo/registry/src/index.crates.io-6f17d22bba15001f/futures-sink-0.3.25/src/lib.rs:126:60\n    |\n126 |     fn start_send(mut self: Pin<&mut Self>, item: Item) -> Result<(), Self::Error> {\n    |                                                            ^^^^^^ not found in this scope\n    |\nhelp: consider importing one of these items\n    |\n21  + use core::fmt::Result;\n    |\n21  + use core::result::Result;\n    |\n21  + use alloc::fmt::Result;\n    |\n\nerror[E0412]: cannot find type `Result` in this scope\n   --> /Users/graysonnocera/.cargo/registry/src/index.crates.io-6f17d22bba15001f/futures-sink-0.3.25/src/lib.rs:130:75\n    |\n130 |     fn poll_flush(mut self: Pin<&mut Self>, cx: &mut Context<'_>) -> Poll<Result<(), Self::Error>> {\n    |                                                                           ^^^^^^ not found in this scope\n    |\nhelp: consider importing one of these items\n    |\n21  + use core::fmt::Result;\n    |\n21  + use core::result::Result;\n    |\n21  + use alloc::fmt::Result;\n    |\n\nerror[E0412]: cannot find type `Result` in this scope\n   --> /Users/graysonnocera/.cargo/registry/src/index.crates.io-6f17d22bba15001f/futures-sink-0.3.25/src/lib.rs:134:75\n    |\n134 |     fn poll_close(mut self: Pin<&mut Self>, cx: &mut Context<'_>) -> Poll<Result<(), Self::Error>> {\n    |                                                                           ^^^^^^ not found in this scope\n    |\nhelp: consider importing one of these items\n    |\n21  + use core::fmt::Result;\n    |\n21  + use core::result::Result;\n    |\n21  + use alloc::fmt::Result;\n    |\n\nerror[E0405]: cannot find trait `Unpin` in this scope\n   --> /Users/graysonnocera/.cargo/registry/src/index.crates.io-6f17d22bba15001f/futures-sink-0.3.25/src/lib.rs:141:19\n    |\n141 |     P: DerefMut + Unpin,\n    |                   ^^^^^ not found in this scope\n    |\nhelp: consider importing this trait\n    |\n21  + use core::marker::Unpin;\n    |\n\nerror[E0412]: cannot find type `Result` in this scope\n   --> /Users/graysonnocera/.cargo/registry/src/index.crates.io-6f17d22bba15001f/futures-sink-0.3.25/src/lib.rs:146:71\n    |\n146 |     fn poll_ready(self: Pin<&mut Self>, cx: &mut Context<'_>) -> Poll<Result<(), Self::Error>> {\n    |                                                                       ^^^^^^ not found in this scope\n    |\nhelp: consider importing one of these items\n    |\n21  + use core::fmt::Result;\n    |\n21  + use core::result::Result;\n    |\n21  + use alloc::fmt::Result;\n    |\n\nerror[E0412]: cannot find type `Result` in this scope\n   --> /Users/graysonnocera/.cargo/registry/src/index.crates.io-6f17d22bba15001f/futures-sink-0.3.25/src/lib.rs:150:56\n    |\n150 |     fn start_send(self: Pin<&mut Self>, item: Item) -> Result<(), Self::Error> {\n    |                                                        ^^^^^^ not found in this scope\n    |\nhelp: consider importing one of these items\n    |\n21  + use core::fmt::Result;\n    |\n21  + use core::result::Result;\n    |\n21  + use alloc::fmt::Result;\n    |\n\nerror[E0412]: cannot find type `Result` in this scope\n   --> /Users/graysonnocera/.cargo/registry/src/index.crates.io-6f17d22bba15001f/futures-sink-0.3.25/src/lib.rs:154:71\n    |\n154 |     fn poll_flush(self: Pin<&mut Self>, cx: &mut Context<'_>) -> Poll<Result<(), Self::Error>> {\n    |                                                                       ^^^^^^ not found in this scope\n    |\nhelp: consider importing one of these items\n    |\n21  + use core::fmt::Result;\n    |\n21  + use core::result::Result;\n    |\n21  + use alloc::fmt::Result;\n    |\n\nerror[E0412]: cannot find type `Result` in this scope\n   --> /Users/graysonnocera/.cargo/registry/src/index.crates.io-6f17d22bba15001f/futures-sink-0.3.25/src/lib.rs:158:71\n    |\n158 |     fn poll_close(self: Pin<&mut Self>, cx: &mut Context<'_>) -> Poll<Result<(), Self::Error>> {\n    |                                                                       ^^^^^^ not found in this scope\n    |\nhelp: consider importing one of these items\n    |\n21  + use core::fmt::Result;\n    |\n21  + use core::result::Result;\n    |\n21  + use alloc::fmt::Result;\n    |\n\nerror[E0412]: cannot find type `Result` in this scope\n   --> /Users/graysonnocera/.cargo/registry/src/index.crates.io-6f17d22bba15001f/futures-sink-0.3.25/src/lib.rs:171:74\n    |\n171 |         fn poll_ready(self: Pin<&mut Self>, _: &mut Context<'_>) -> Poll<Result<(), Self::Error>> {\n    |                                                                          ^^^^^^ not found in this scope\n    |\nhelp: consider importing one of these items\n    |\n165 +     use crate::if_alloc::alloc::fmt::Result;\n    |\n165 +     use core::fmt::Result;\n    |\n165 +     use core::result::Result;\n    |\n165 +     use alloc::fmt::Result;\n    |\n\nerror[E0425]: cannot find function, tuple struct or tuple variant `Ok` in this scope\n   --> /Users/graysonnocera/.cargo/registry/src/index.crates.io-6f17d22bba15001f/futures-sink-0.3.25/src/lib.rs:172:25\n    |\n172 |             Poll::Ready(Ok(()))\n    |                         ^^ not found in this scope\n    |\nhelp: consider importing this tuple variant\n    |\n165 +     use core::result::Result::Ok;\n    |\n\nerror[E0412]: cannot find type `Result` in this scope\n   --> /Users/graysonnocera/.cargo/registry/src/index.crates.io-6f17d22bba15001f/futures-sink-0.3.25/src/lib.rs:175:57\n    |\n175 |         fn start_send(self: Pin<&mut Self>, item: T) -> Result<(), Self::Error> {\n    |                                                         ^^^^^^ not found in this scope\n    |\nhelp: consider importing one of these items\n    |\n165 +     use crate::if_alloc::alloc::fmt::Result;\n    |\n165 +     use core::fmt::Result;\n    |\n165 +     use core::result::Result;\n    |\n165 +     use alloc::fmt::Result;\n    |\n\nerror[E0425]: cannot find function, tuple struct or tuple variant `Ok` in this scope\n   --> /Users/graysonnocera/.cargo/registry/src/index.crates.io-6f17d22bba15001f/futures-sink-0.3.25/src/lib.rs:178:13\n    |\n178 |             Ok(())\n    |             ^^ not found in this scope\n    |\nhelp: consider importing this tuple variant\n    |\n165 +     use core::result::Result::Ok;\n    |\n\nerror[E0412]: cannot find type `Result` in this scope\n   --> /Users/graysonnocera/.cargo/registry/src/index.crates.io-6f17d22bba15001f/futures-sink-0.3.25/src/lib.rs:181:74\n    |\n181 |         fn poll_flush(self: Pin<&mut Self>, _: &mut Context<'_>) -> Poll<Result<(), Self::Error>> {\n    |                                                                          ^^^^^^ not found in this scope\n    |\nhelp: consider importing one of these items\n    |\n165 +     use crate::if_alloc::alloc::fmt::Result;\n    |\n165 +     use core::fmt::Result;\n    |\n165 +     use core::result::Result;\n    |\n165 +     use alloc::fmt::Result;\n    |\n\nerror[E0425]: cannot find function, tuple struct or tuple variant `Ok` in this scope\n   --> /Users/graysonnocera/.cargo/registry/src/index.crates.io-6f17d22bba15001f/futures-sink-0.3.25/src/lib.rs:182:25\n    |\n182 |             Poll::Ready(Ok(()))\n    |                         ^^ not found in this scope\n    |\nhelp: consider importing this tuple variant\n    |\n165 +     use core::result::Result::Ok;\n    |\n\nerror[E0412]: cannot find type `Result` in this scope\n   --> /Users/graysonnocera/.cargo/registry/src/index.crates.io-6f17d22bba15001f/futures-sink-0.3.25/src/lib.rs:185:74\n    |\n185 |         fn poll_close(self: Pin<&mut Self>, _: &mut Context<'_>) -> Poll<Result<(), Self::Error>> {\n    |                                                                          ^^^^^^ not found in this scope\n    |\nhelp: consider importing one of these items\n    |\n165 +     use crate::if_alloc::alloc::fmt::Result;\n    |\n165 +     use core::fmt::Result;\n    |\n165 +     use core::result::Result;\n    |\n165 +     use alloc::fmt::Result;\n    |\n\nerror[E0425]: cannot find function, tuple struct or tuple variant `Ok` in this scope\n   --> /Users/graysonnocera/.cargo/registry/src/index.crates.io-6f17d22bba15001f/futures-sink-0.3.25/src/lib.rs:186:25\n    |\n186 |             Poll::Ready(Ok(()))\n    |                         ^^ not found in this scope\n    |\nhelp: consider importing this tuple variant\n    |\n165 +     use core::result::Result::Ok;\n    |\n\nerror[E0412]: cannot find type `Result` in this scope\n   --> /Users/graysonnocera/.cargo/registry/src/index.crates.io-6f17d22bba15001f/futures-sink-0.3.25/src/lib.rs:193:74\n    |\n193 |         fn poll_ready(self: Pin<&mut Self>, _: &mut Context<'_>) -> Poll<Result<(), Self::Error>> {\n    |                                                                          ^^^^^^ not found in this scope\n    |\nhelp: consider importing one of these items\n    |\n165 +     use crate::if_alloc::alloc::fmt::Result;\n    |\n165 +     use core::fmt::Result;\n    |\n165 +     use core::result::Result;\n    |\n165 +     use alloc::fmt::Result;\n    |\n\nerror[E0425]: cannot find function, tuple struct or tuple variant `Ok` in this scope\n   --> /Users/graysonnocera/.cargo/registry/src/index.crates.io-6f17d22bba15001f/futures-sink-0.3.25/src/lib.rs:194:25\n    |\n194 |             Poll::Ready(Ok(()))\n    |                         ^^ not found in this scope\n    |\nhelp: consider importing this tuple variant\n    |\n165 +     use core::result::Result::Ok;\n    |\n\nerror[E0412]: cannot find type `Result` in this scope\n   --> /Users/graysonnocera/.cargo/registry/src/index.crates.io-6f17d22bba15001f/futures-sink-0.3.25/src/lib.rs:197:57\n    |\n197 |         fn start_send(self: Pin<&mut Self>, item: T) -> Result<(), Self::Error> {\n    |                                                         ^^^^^^ not found in this scope\n    |\nhelp: consider importing one of these items\n    |\n165 +     use crate::if_alloc::alloc::fmt::Result;\n    |\n165 +     use core::fmt::Result;\n    |\n165 +     use core::result::Result;\n    |\n165 +     use alloc::fmt::Result;\n    |\n\nerror[E0425]: cannot find function, tuple struct or tuple variant `Ok` in this scope\n   --> /Users/graysonnocera/.cargo/registry/src/index.crates.io-6f17d22bba15001f/futures-sink-0.3.25/src/lib.rs:200:13\n    |\n200 |             Ok(())\n    |             ^^ not found in this scope\n    |\nhelp: consider importing this tuple variant\n    |\n165 +     use core::result::Result::Ok;\n    |\n\nerror[E0412]: cannot find type `Result` in this scope\n   --> /Users/graysonnocera/.cargo/registry/src/index.crates.io-6f17d22bba15001f/futures-sink-0.3.25/src/lib.rs:203:74\n    |\n203 |         fn poll_flush(self: Pin<&mut Self>, _: &mut Context<'_>) -> Poll<Result<(), Self::Error>> {\n    |                                                                          ^^^^^^ not found in this scope\n    |\nhelp: consider importing one of these items\n    |\n165 +     use crate::if_alloc::alloc::fmt::Result;\n    |\n165 +     use core::fmt::Result;\n    |\n165 +     use core::result::Result;\n    |\n165 +     use alloc::fmt::Result;\n    |\n\nerror[E0425]: cannot find function, tuple struct or tuple variant `Ok` in this scope\n   --> /Users/graysonnocera/.cargo/registry/src/index.crates.io-6f17d22bba15001f/futures-sink-0.3.25/src/lib.rs:204:25\n    |\n204 |             Poll::Ready(Ok(()))\n    |                         ^^ not found in this scope\n    |\nhelp: consider importing this tuple variant\n    |\n165 +     use core::result::Result::Ok;\n    |\n\nerror[E0412]: cannot find type `Result` in this scope\n   --> /Users/graysonnocera/.cargo/registry/src/index.crates.io-6f17d22bba15001f/futures-sink-0.3.25/src/lib.rs:207:74\n    |\n207 |         fn poll_close(self: Pin<&mut Self>, _: &mut Context<'_>) -> Poll<Result<(), Self::Error>> {\n    |                                                                          ^^^^^^ not found in this scope\n    |\nhelp: consider importing one of these items\n    |\n165 +     use crate::if_alloc::alloc::fmt::Result;\n    |\n165 +     use core::fmt::Result;\n    |\n165 +     use core::result::Result;\n    |\n165 +     use alloc::fmt::Result;\n    |\n\nerror[E0425]: cannot find function, tuple struct or tuple variant `Ok` in this scope\n   --> /Users/graysonnocera/.cargo/registry/src/index.crates.io-6f17d22bba15001f/futures-sink-0.3.25/src/lib.rs:208:25\n    |\n208 |             Poll::Ready(Ok(()))\n    |                         ^^ not found in this scope\n    |\nhelp: consider importing this tuple variant\n    |\n165 +     use core::result::Result::Ok;\n    |\n\nerror[E0405]: cannot find trait `Sized` in this scope\n   --> /Users/graysonnocera/.cargo/registry/src/index.crates.io-6f17d22bba15001f/futures-sink-0.3.25/src/lib.rs:212:14\n    |\n212 |     impl<S: ?Sized + Sink<Item> + Unpin, Item> Sink<Item> for alloc::boxed::Box<S> {\n    |              ^^^^^ not found in this scope\n    |\nhelp: consider importing this trait\n    |\n165 +     use core::marker::Sized;\n    |\n\nerror[E0405]: cannot find trait `Unpin` in this scope\n   --> /Users/graysonnocera/.cargo/registry/src/index.crates.io-6f17d22bba15001f/futures-sink-0.3.25/src/lib.rs:212:35\n    |\n212 |     impl<S: ?Sized + Sink<Item> + Unpin, Item> Sink<Item> for alloc::boxed::Box<S> {\n    |                                   ^^^^^ not found in this scope\n    |\nhelp: consider importing this trait\n    |\n165 +     use core::marker::Unpin;\n    |\n\nerror[E0412]: cannot find type `Result` in this scope\n   --> /Users/graysonnocera/.cargo/registry/src/index.crates.io-6f17d22bba15001f/futures-sink-0.3.25/src/lib.rs:218:19\n    |\n218 |         ) -> Poll<Result<(), Self::Error>> {\n    |                   ^^^^^^ not found in this scope\n    |\nhelp: consider importing one of these items\n    |\n165 +     use crate::if_alloc::alloc::fmt::Result;\n    |\n165 +     use core::fmt::Result;\n    |\n165 +     use core::result::Result;\n    |\n165 +     use alloc::fmt::Result;\n    |\n\nerror[E0412]: cannot find type `Result` in this scope\n   --> /Users/graysonnocera/.cargo/registry/src/index.crates.io-6f17d22bba15001f/futures-sink-0.3.25/src/lib.rs:222:64\n    |\n222 |         fn start_send(mut self: Pin<&mut Self>, item: Item) -> Result<(), Self::Error> {\n    |                                                                ^^^^^^ not found in this scope\n    |\nhelp: consider importing one of these items\n    |\n165 +     use crate::if_alloc::alloc::fmt::Result;\n    |\n165 +     use core::fmt::Result;\n    |\n165 +     use core::result::Result;\n    |\n165 +     use alloc::fmt::Result;\n    |\n\nerror[E0412]: cannot find type `Result` in this scope\n   --> /Users/graysonnocera/.cargo/registry/src/index.crates.io-6f17d22bba15001f/futures-sink-0.3.25/src/lib.rs:229:19\n    |\n229 |         ) -> Poll<Result<(), Self::Error>> {\n    |                   ^^^^^^ not found in this scope\n    |\nhelp: consider importing one of these items\n    |\n165 +     use crate::if_alloc::alloc::fmt::Result;\n    |\n165 +     use core::fmt::Result;\n    |\n165 +     use core::result::Result;\n    |\n165 +     use alloc::fmt::Result;\n    |\n\nerror[E0412]: cannot find type `Result` in this scope\n   --> /Users/graysonnocera/.cargo/registry/src/index.crates.io-6f17d22bba15001f/futures-sink-0.3.25/src/lib.rs:236:19\n    |\n236 |         ) -> Poll<Result<(), Self::Error>> {\n    |                   ^^^^^^ not found in this scope\n    |\nhelp: consider importing one of these items\n    |\n165 +     use crate::if_alloc::alloc::fmt::Result;\n    |\n165 +     use core::fmt::Result;\n    |\n165 +     use core::result::Result;\n    |\n165 +     use alloc::fmt::Result;\n    |\n\nerror[E0463]: can't find crate for `std`\n   --> /Users/graysonnocera/.cargo/registry/src/index.crates.io-6f17d22bba15001f/futures-core-0.3.25/src/stream.rs:218:32\n    |\n218 |     impl<S: Stream> Stream for std::panic::AssertUnwindSafe<S> {\n    |                                ^^^ can't find crate\n    |\n    = note: the `thumbv7m-none-eabi` target may not support the standard library\n\nSome errors have detailed explanations: E0405, E0412, E0425, E0463.\nerror: could not compile `futures-sink` (lib) due to 38 previous errors\nerror[E0405]: cannot find trait `Send` in this scope\n  --> /Users/graysonnocera/.cargo/registry/src/index.crates.io-6f17d22bba15001f/futures-core-0.3.25/src/future.rs:13:76\n   |\n13 | pub type BoxFuture<'a, T> = Pin<alloc::boxed::Box<dyn Future<Output = T> + Send + 'a>>;\n   |                                                                            ^^^^ not found in this scope\n   |\nhelp: consider importing this trait\n   |\n3  + use core::marker::Send;\n   |\n\nerror[E0405]: cannot find trait `Sized` in this scope\n  --> /Users/graysonnocera/.cargo/registry/src/index.crates.io-6f17d22bba15001f/futures-core-0.3.25/src/future.rs:32:24\n   |\n32 | impl<F: FusedFuture + ?Sized + Unpin> FusedFuture for &mut F {\n   |                        ^^^^^ not found in this scope\n   |\nhelp: consider importing this trait\n   |\n3  + use core::marker::Sized;\n   |\n\nerror[E0405]: cannot find trait `Unpin` in this scope\n  --> /Users/graysonnocera/.cargo/registry/src/index.crates.io-6f17d22bba15001f/futures-core-0.3.25/src/future.rs:32:32\n   |\n32 | impl<F: FusedFuture + ?Sized + Unpin> FusedFuture for &mut F {\n   |                                ^^^^^ not found in this scope\n   |\nhelp: consider importing this trait\n   |\n3  + use core::marker::Unpin;\n   |\n\nerror[E0405]: cannot find trait `Unpin` in this scope\n  --> /Users/graysonnocera/.cargo/registry/src/index.crates.io-6f17d22bba15001f/futures-core-0.3.25/src/future.rs:40:19\n   |\n40 |     P: DerefMut + Unpin,\n   |                   ^^^^^ not found in this scope\n   |\nhelp: consider importing this trait\n   |\n3  + use core::marker::Unpin;\n   |\n\nerror[E0405]: cannot find trait `Sized` in this scope\n  --> /Users/graysonnocera/.cargo/registry/src/index.crates.io-6f17d22bba15001f/futures-core-0.3.25/src/future.rs:53:42\n   |\n53 |     impl<F, T, E> Sealed for F where F: ?Sized + Future<Output = Result<T, E>> {}\n   |                                          ^^^^^ not found in this scope\n   |\nhelp: consider importing this trait\n   |\n49 +     use core::marker::Sized;\n   |\n\nerror[E0412]: cannot find type `Result` in this scope\n  --> /Users/graysonnocera/.cargo/registry/src/index.crates.io-6f17d22bba15001f/futures-core-0.3.25/src/future.rs:53:66\n   |\n53 |     impl<F, T, E> Sealed for F where F: ?Sized + Future<Output = Result<T, E>> {}\n   |                                                                  ^^^^^^ not found in this scope\n   |\nhelp: consider importing one of these items\n   |\n49 +     use core::fmt::Result;\n   |\n49 +     use core::result::Result;\n   |\n49 +     use alloc::fmt::Result;\n   |\n\nerror[E0412]: cannot find type `Result` in this scope\n  --> /Users/graysonnocera/.cargo/registry/src/index.crates.io-6f17d22bba15001f/futures-core-0.3.25/src/future.rs:70:69\n   |\n70 |     fn try_poll(self: Pin<&mut Self>, cx: &mut Context<'_>) -> Poll<Result<Self::Ok, Self::Error>>;\n   |                                                                     ^^^^^^ not found in this scope\n   |\nhelp: consider importing one of these items\n   |\n3  + use core::fmt::Result;\n   |\n3  + use core::result::Result;\n   |\n3  + use alloc::fmt::Result;\n   |\n\nerror[E0405]: cannot find trait `Sized` in this scope\n  --> /Users/graysonnocera/.cargo/registry/src/index.crates.io-6f17d22bba15001f/futures-core-0.3.25/src/future.rs:75:9\n   |\n75 |     F: ?Sized + Future<Output = Result<T, E>>,\n   |         ^^^^^ not found in this scope\n   |\nhelp: consider importing this trait\n   |\n3  + use core::marker::Sized;\n   |\n\nerror[E0412]: cannot find type `Result` in this scope\n  --> /Users/graysonnocera/.cargo/registry/src/index.crates.io-6f17d22bba15001f/futures-core-0.3.25/src/future.rs:75:33\n   |\n75 |     F: ?Sized + Future<Output = Result<T, E>>,\n   |                                 ^^^^^^ not found in this scope\n   |\nhelp: consider importing one of these items\n   |\n3  + use core::fmt::Result;\n   |\n3  + use core::result::Result;\n   |\n3  + use alloc::fmt::Result;\n   |\n\nerror[E0405]: cannot find trait `Sized` in this scope\n  --> /Users/graysonnocera/.cargo/registry/src/index.crates.io-6f17d22bba15001f/futures-core-0.3.25/src/future.rs:91:28\n   |\n91 |     impl<F: FusedFuture + ?Sized + Unpin> FusedFuture for Box<F> {\n   |                            ^^^^^ not found in this scope\n   |\nhelp: consider importing this trait\n   |\n88 +     use core::marker::Sized;\n   |\n\nerror[E0405]: cannot find trait `Unpin` in this scope\n  --> /Users/graysonnocera/.cargo/registry/src/index.crates.io-6f17d22bba15001f/futures-core-0.3.25/src/future.rs:91:36\n   |\n91 |     impl<F: FusedFuture + ?Sized + Unpin> FusedFuture for Box<F> {\n   |                                    ^^^^^ not found in this scope\n   |\nhelp: consider importing this trait\n   |\n88 +     use core::marker::Unpin;\n   |\n\nerror[E0405]: cannot find trait `Send` in this scope\n  --> /Users/graysonnocera/.cargo/registry/src/index.crates.io-6f17d22bba15001f/futures-core-0.3.25/src/stream.rs:10:74\n   |\n10 | pub type BoxStream<'a, T> = Pin<alloc::boxed::Box<dyn Stream<Item = T> + Send + 'a>>;\n   |                                                                          ^^^^ not found in this scope\n   |\nhelp: consider importing this trait\n   |\n3  + use core::marker::Send;\n   |\n\nerror[E0412]: cannot find type `Option` in this scope\n  --> /Users/graysonnocera/.cargo/registry/src/index.crates.io-6f17d22bba15001f/futures-core-0.3.25/src/stream.rs:66:70\n   |\n66 |     fn poll_next(self: Pin<&mut Self>, cx: &mut Context<'_>) -> Poll<Option<Self::Item>>;\n   |                                                                      ^^^^^^ not found in this scope\n   |\nhelp: consider importing this enum\n   |\n3  + use core::option::Option;\n   |\n\nerror[E0412]: cannot find type `Option` in this scope\n  --> /Users/graysonnocera/.cargo/registry/src/index.crates.io-6f17d22bba15001f/futures-core-0.3.25/src/stream.rs:95:36\n   |\n95 |     fn size_hint(&self) -> (usize, Option<usize>) {\n   |                                    ^^^^^^ not found in this scope\n   |\nhelp: consider importing this enum\n   |\n3  + use core::option::Option;\n   |\n\nerror[E0425]: cannot find value `None` in this scope\n  --> /Users/graysonnocera/.cargo/registry/src/index.crates.io-6f17d22bba15001f/futures-core-0.3.25/src/stream.rs:96:13\n   |\n96 |         (0, None)\n   |             ^^^^ not found in this scope\n   |\nhelp: consider importing this unit variant\n   |\n3  + use core::option::Option::None;\n   |\n\nerror[E0405]: cannot find trait `Sized` in this scope\n   --> /Users/graysonnocera/.cargo/registry/src/index.crates.io-6f17d22bba15001f/futures-core-0.3.25/src/stream.rs:100:10\n    |\n100 | impl<S: ?Sized + Stream + Unpin> Stream for &mut S {\n    |          ^^^^^ not found in this scope\n    |\nhelp: consider importing this trait\n    |\n3   + use core::marker::Sized;\n    |\n\nerror[E0405]: cannot find trait `Unpin` in this scope\n   --> /Users/graysonnocera/.cargo/registry/src/index.crates.io-6f17d22bba15001f/futures-core-0.3.25/src/stream.rs:100:27\n    |\n100 | impl<S: ?Sized + Stream + Unpin> Stream for &mut S {\n    |                           ^^^^^ not found in this scope\n    |\nhelp: consider importing this trait\n    |\n3   + use core::marker::Unpin;\n    |\n\nerror[E0412]: cannot find type `Option` in this scope\n   --> /Users/graysonnocera/.cargo/registry/src/index.crates.io-6f17d22bba15001f/futures-core-0.3.25/src/stream.rs:103:74\n    |\n103 |     fn poll_next(mut self: Pin<&mut Self>, cx: &mut Context<'_>) -> Poll<Option<Self::Item>> {\n    |                                                                          ^^^^^^ not found in this scope\n    |\nhelp: consider importing this enum\n    |\n3   + use core::option::Option;\n    |\n\nerror[E0412]: cannot find type `Option` in this scope\n   --> /Users/graysonnocera/.cargo/registry/src/index.crates.io-6f17d22bba15001f/futures-core-0.3.25/src/stream.rs:107:36\n    |\n107 |     fn size_hint(&self) -> (usize, Option<usize>) {\n    |                                    ^^^^^^ not found in this scope\n    |\nhelp: consider importing this enum\n    |\n3   + use core::option::Option;\n    |\n\nerror[E0405]: cannot find trait `Unpin` in this scope\n   --> /Users/graysonnocera/.cargo/registry/src/index.crates.io-6f17d22bba15001f/futures-core-0.3.25/src/stream.rs:114:19\n    |\n114 |     P: DerefMut + Unpin,\n    |                   ^^^^^ not found in this scope\n    |\nhelp: consider importing this trait\n    |\n3   + use core::marker::Unpin;\n    |\n\nerror[E0412]: cannot find type `Option` in this scope\n   --> /Users/graysonnocera/.cargo/registry/src/index.crates.io-6f17d22bba15001f/futures-core-0.3.25/src/stream.rs:119:70\n    |\n119 |     fn poll_next(self: Pin<&mut Self>, cx: &mut Context<'_>) -> Poll<Option<Self::Item>> {\n    |                                                                      ^^^^^^ not found in this scope\n    |\nhelp: consider importing this enum\n    |\n3   + use core::option::Option;\n    |\n\nerror[E0412]: cannot find type `Option` in this scope\n   --> /Users/graysonnocera/.cargo/registry/src/index.crates.io-6f17d22bba15001f/futures-core-0.3.25/src/stream.rs:123:36\n    |\n123 |     fn size_hint(&self) -> (usize, Option<usize>) {\n    |                                    ^^^^^^ not found in this scope\n    |\nhelp: consider importing this enum\n    |\n3   + use core::option::Option;\n    |\n\nerror[E0405]: cannot find trait `Sized` in this scope\n   --> /Users/graysonnocera/.cargo/registry/src/index.crates.io-6f17d22bba15001f/futures-core-0.3.25/src/stream.rs:141:10\n    |\n141 | impl<F: ?Sized + FusedStream + Unpin> FusedStream for &mut F {\n    |          ^^^^^ not found in this scope\n    |\nhelp: consider importing this trait\n    |\n3   + use core::marker::Sized;\n    |\n\nerror[E0405]: cannot find trait `Unpin` in this scope\n   --> /Users/graysonnocera/.cargo/registry/src/index.crates.io-6f17d22bba15001f/futures-core-0.3.25/src/stream.rs:141:32\n    |\n141 | impl<F: ?Sized + FusedStream + Unpin> FusedStream for &mut F {\n    |                                ^^^^^ not found in this scope\n    |\nhelp: consider importing this trait\n    |\n3   + use core::marker::Unpin;\n    |\n\nerror[E0405]: cannot find trait `Unpin` in this scope\n   --> /Users/graysonnocera/.cargo/registry/src/index.crates.io-6f17d22bba15001f/futures-core-0.3.25/src/stream.rs:149:19\n    |\n149 |     P: DerefMut + Unpin,\n    |                   ^^^^^ not found in this scope\n    |\nhelp: consider importing this trait\n    |\n3   + use core::marker::Unpin;\n    |\n\nerror[E0405]: cannot find trait `Sized` in this scope\n   --> /Users/graysonnocera/.cargo/registry/src/index.crates.io-6f17d22bba15001f/futures-core-0.3.25/src/stream.rs:162:42\n    |\n162 |     impl<S, T, E> Sealed for S where S: ?Sized + Stream<Item = Result<T, E>> {}\n    |                                          ^^^^^ not found in this scope\n    |\nhelp: consider importing this trait\n    |\n158 +     use core::marker::Sized;\n    |\n\nerror[E0412]: cannot find type `Result` in this scope\n   --> /Users/graysonnocera/.cargo/registry/src/index.crates.io-6f17d22bba15001f/futures-core-0.3.25/src/stream.rs:162:64\n    |\n162 |     impl<S, T, E> Sealed for S where S: ?Sized + Stream<Item = Result<T, E>> {}\n    |                                                                ^^^^^^ not found in this scope\n    |\nhelp: consider importing one of these items\n    |\n158 +     use core::fmt::Result;\n    |\n158 +     use core::result::Result;\n    |\n158 +     use alloc::fmt::Result;\n    |\n\nerror[E0412]: cannot find type `Option` in this scope\n   --> /Users/graysonnocera/.cargo/registry/src/index.crates.io-6f17d22bba15001f/futures-core-0.3.25/src/stream.rs:182:15\n    |\n182 |     ) -> Poll<Option<Result<Self::Ok, Self::Error>>>;\n    |               ^^^^^^ not found in this scope\n    |\nhelp: consider importing this enum\n    |\n3   + use core::option::Option;\n    |\n\nerror[E0412]: cannot find type `Result` in this scope\n   --> /Users/graysonnocera/.cargo/registry/src/index.crates.io-6f17d22bba15001f/futures-core-0.3.25/src/stream.rs:182:22\n    |\n182 |     ) -> Poll<Option<Result<Self::Ok, Self::Error>>>;\n    |                      ^^^^^^ not found in this scope\n    |\nhelp: consider importing one of these items\n    |\n3   + use core::fmt::Result;\n    |\n3   + use core::result::Result;\n    |\n3   + use alloc::fmt::Result;\n    |\n\nerror[E0405]: cannot find trait `Sized` in this scope\n   --> /Users/graysonnocera/.cargo/registry/src/index.crates.io-6f17d22bba15001f/futures-core-0.3.25/src/stream.rs:187:9\n    |\n187 |     S: ?Sized + Stream<Item = Result<T, E>>,\n    |         ^^^^^ not found in this scope\n    |\nhelp: consider importing this trait\n    |\n3   + use core::marker::Sized;\n    |\n\nerror[E0412]: cannot find type `Result` in this scope\n   --> /Users/graysonnocera/.cargo/registry/src/index.crates.io-6f17d22bba15001f/futures-core-0.3.25/src/stream.rs:187:31\n    |\n187 |     S: ?Sized + Stream<Item = Result<T, E>>,\n    |                               ^^^^^^ not found in this scope\n    |\nhelp: consider importing one of these items\n    |\n3   + use core::fmt::Result;\n    |\n3   + use core::result::Result;\n    |\n3   + use alloc::fmt::Result;\n    |\n\nerror[E0412]: cannot find type `Option` in this scope\n   --> /Users/graysonnocera/.cargo/registry/src/index.crates.io-6f17d22bba15001f/futures-core-0.3.25/src/stream.rs:195:15\n    |\n195 |     ) -> Poll<Option<Result<Self::Ok, Self::Error>>> {\n    |               ^^^^^^ not found in this scope\n    |\nhelp: consider importing this enum\n    |\n3   + use core::option::Option;\n    |\n\nerror[E0412]: cannot find type `Result` in this scope\n   --> /Users/graysonnocera/.cargo/registry/src/index.crates.io-6f17d22bba15001f/futures-core-0.3.25/src/stream.rs:195:22\n    |\n195 |     ) -> Poll<Option<Result<Self::Ok, Self::Error>>> {\n    |                      ^^^^^^ not found in this scope\n    |\nhelp: consider importing one of these items\n    |\n3   + use core::fmt::Result;\n    |\n3   + use core::result::Result;\n    |\n3   + use alloc::fmt::Result;\n    |\n\nerror[E0405]: cannot find trait `Sized` in this scope\n   --> /Users/graysonnocera/.cargo/registry/src/index.crates.io-6f17d22bba15001f/futures-core-0.3.25/src/stream.rs:205:14\n    |\n205 |     impl<S: ?Sized + Stream + Unpin> Stream for Box<S> {\n    |              ^^^^^ not found in this scope\n    |\nhelp: consider importing this trait\n    |\n202 +     use core::marker::Sized;\n    |\n\nerror[E0405]: cannot find trait `Unpin` in this scope\n   --> /Users/graysonnocera/.cargo/registry/src/index.crates.io-6f17d22bba15001f/futures-core-0.3.25/src/stream.rs:205:31\n    |\n205 |     impl<S: ?Sized + Stream + Unpin> Stream for Box<S> {\n    |                               ^^^^^ not found in this scope\n    |\nhelp: consider importing this trait\n    |\n202 +     use core::marker::Unpin;\n    |\n\nerror[E0412]: cannot find type `Option` in this scope\n   --> /Users/graysonnocera/.cargo/registry/src/index.crates.io-6f17d22bba15001f/futures-core-0.3.25/src/stream.rs:208:78\n    |\n208 |         fn poll_next(mut self: Pin<&mut Self>, cx: &mut Context<'_>) -> Poll<Option<Self::Item>> {\n    |                                                                              ^^^^^^ not found in this scope\n    |\nhelp: consider importing this enum\n    |\n202 +     use core::option::Option;\n    |\n\nerror[E0412]: cannot find type `Option` in this scope\n   --> /Users/graysonnocera/.cargo/registry/src/index.crates.io-6f17d22bba15001f/futures-core-0.3.25/src/stream.rs:212:40\n    |\n212 |         fn size_hint(&self) -> (usize, Option<usize>) {\n    |                                        ^^^^^^ not found in this scope\n    |\nhelp: consider importing this enum\n    |\n202 +     use core::option::Option;\n    |\n\nerror[E0412]: cannot find type `Option` in this scope\n   --> /Users/graysonnocera/.cargo/registry/src/index.crates.io-6f17d22bba15001f/futures-core-0.3.25/src/stream.rs:221:74\n    |\n221 |         fn poll_next(self: Pin<&mut Self>, cx: &mut Context<'_>) -> Poll<Option<S::Item>> {\n    |                                                                          ^^^^^^ not found in this scope\n    |\nhelp: consider importing this enum\n    |\n202 +     use core::option::Option;\n    |\n\nerror[E0412]: cannot find type `Option` in this scope\n   --> /Users/graysonnocera/.cargo/registry/src/index.crates.io-6f17d22bba15001f/futures-core-0.3.25/src/stream.rs:225:40\n    |\n225 |         fn size_hint(&self) -> (usize, Option<usize>) {\n    |                                        ^^^^^^ not found in this scope\n    |\nhelp: consider importing this enum\n    |\n202 +     use core::option::Option;\n    |\n\nerror[E0405]: cannot find trait `Sized` in this scope\n   --> /Users/graysonnocera/.cargo/registry/src/index.crates.io-6f17d22bba15001f/futures-core-0.3.25/src/stream.rs:230:14\n    |\n230 |     impl<S: ?Sized + FusedStream + Unpin> FusedStream for Box<S> {\n    |              ^^^^^ not found in this scope\n    |\nhelp: consider importing this trait\n    |\n202 +     use core::marker::Sized;\n    |\n\nerror[E0405]: cannot find trait `Unpin` in this scope\n   --> /Users/graysonnocera/.cargo/registry/src/index.crates.io-6f17d22bba15001f/futures-core-0.3.25/src/stream.rs:230:36\n    |\n230 |     impl<S: ?Sized + FusedStream + Unpin> FusedStream for Box<S> {\n    |                                    ^^^^^ not found in this scope\n    |\nhelp: consider importing this trait\n    |\n202 +     use core::marker::Unpin;\n    |\n\nerror[E0412]: cannot find type `Option` in this scope\n  --> /Users/graysonnocera/.cargo/registry/src/index.crates.io-6f17d22bba15001f/futures-core-0.3.25/src/task/__internal/atomic_waker.rs:91:23\n   |\n91 |     waker: UnsafeCell<Option<Waker>>,\n   |                       ^^^^^^ not found in this scope\n   |\nhelp: consider importing this enum\n   |\n1  + use core::option::Option;\n   |\n\nerror[E0405]: cannot find trait `Sync` in this scope\n   --> /Users/graysonnocera/.cargo/registry/src/index.crates.io-6f17d22bba15001f/futures-core-0.3.25/src/task/__internal/atomic_waker.rs:202:27\n    |\n202 |         trait AssertSync: Sync {}\n    |                           ^^^^ not found in this scope\n    |\nhelp: consider importing this trait\n    |\n1   + use core::marker::Sync;\n    |\n\nerror[E0425]: cannot find value `None` in this scope\n   --> /Users/graysonnocera/.cargo/registry/src/index.crates.io-6f17d22bba15001f/futures-core-0.3.25/src/task/__internal/atomic_waker.rs:205:73\n    |\n205 |         Self { state: AtomicUsize::new(WAITING), waker: UnsafeCell::new(None) }\n    |                                                                         ^^^^ not found in this scope\n    |\nhelp: consider importing this unit variant\n    |\n1   + use core::option::Option::None;\n    |\n\nerror[E0425]: cannot find function, tuple struct or tuple variant `Some` in this scope\n   --> /Users/graysonnocera/.cargo/registry/src/index.crates.io-6f17d22bba15001f/futures-core-0.3.25/src/task/__internal/atomic_waker.rs:267:41\n    |\n267 |                     *self.waker.get() = Some(waker.clone());\n    |                                         ^^^^ not found in this scope\n    |\nhelp: consider importing this tuple variant\n    |\n1   + use core::option::Option::Some;\n    |\n\nerror[E0531]: cannot find tuple struct or tuple variant `Ok` in this scope\n   --> /Users/graysonnocera/.cargo/registry/src/index.crates.io-6f17d22bba15001f/futures-core-0.3.25/src/task/__internal/atomic_waker.rs:282:25\n    |\n282 |                         Ok(_) => {\n    |                         ^^ not found in this scope\n    |\nhelp: consider importing this tuple variant\n    |\n1   + use core::result::Result::Ok;\n    |\n\nerror[E0531]: cannot find tuple struct or tuple variant `Err` in this scope\n   --> /Users/graysonnocera/.cargo/registry/src/index.crates.io-6f17d22bba15001f/futures-core-0.3.25/src/task/__internal/atomic_waker.rs:289:25\n    |\n289 |                         Err(actual) => {\n    |                         ^^^ not found in this scope\n    |\nhelp: consider importing this tuple variant\n    |\n1   + use core::result::Result::Err;\n    |\n\nerror[E0531]: cannot find tuple struct or tuple variant `Some` in this scope\n   --> /Users/graysonnocera/.cargo/registry/src/index.crates.io-6f17d22bba15001f/futures-core-0.3.25/src/task/__internal/atomic_waker.rs:352:16\n    |\n352 |         if let Some(waker) = self.take() {\n    |                ^^^^ not found in this scope\n    |\nhelp: consider importing this tuple variant\n    |\n1   + use core::option::Option::Some;\n    |\n\nerror[E0412]: cannot find type `Option` in this scope\n   --> /Users/graysonnocera/.cargo/registry/src/index.crates.io-6f17d22bba15001f/futures-core-0.3.25/src/task/__internal/atomic_waker.rs:365:27\n    |\n365 |     pub fn take(&self) -> Option<Waker> {\n    |                           ^^^^^^ not found in this scope\n    |\nhelp: consider importing this enum\n    |\n1   + use core::option::Option;\n    |\n\nerror[E0425]: cannot find value `None` in this scope\n   --> /Users/graysonnocera/.cargo/registry/src/index.crates.io-6f17d22bba15001f/futures-core-0.3.25/src/task/__internal/atomic_waker.rs:390:17\n    |\n390 |                 None\n    |                 ^^^^ not found in this scope\n    |\nhelp: consider importing this unit variant\n    |\n1   + use core::option::Option::None;\n    |\n\nerror[E0405]: cannot find trait `Default` in this scope\n   --> /Users/graysonnocera/.cargo/registry/src/index.crates.io-6f17d22bba15001f/futures-core-0.3.25/src/task/__internal/atomic_waker.rs:396:6\n    |\n396 | impl Default for AtomicWaker {\n    |      ^^^^^^^ not found in this scope\n    |\nhelp: consider importing this trait\n    |\n1   + use core::default::Default;\n    |\n\nerror[E0405]: cannot find trait `Send` in this scope\n   --> /Users/graysonnocera/.cargo/registry/src/index.crates.io-6f17d22bba15001f/futures-core-0.3.25/src/task/__internal/atomic_waker.rs:408:13\n    |\n408 | unsafe impl Send for AtomicWaker {}\n    |             ^^^^ not found in this scope\n    |\nhelp: consider importing this trait\n    |\n1   + use core::marker::Send;\n    |\n\nerror[E0405]: cannot find trait `Sync` in this scope\n   --> /Users/graysonnocera/.cargo/registry/src/index.crates.io-6f17d22bba15001f/futures-core-0.3.25/src/task/__internal/atomic_waker.rs:409:13\n    |\n409 | unsafe impl Sync for AtomicWaker {}\n    |             ^^^^ not found in this scope\n    |\nhelp: consider importing this trait\n    |\n1   + use core::marker::Sync;\n    |\n\nerror[E0207]: the type parameter `T` is not constrained by the impl trait, self type, or predicates\n  --> /Users/graysonnocera/.cargo/registry/src/index.crates.io-6f17d22bba15001f/futures-core-0.3.25/src/future.rs:73:9\n   |\n73 | impl<F, T, E> TryFuture for F\n   |         ^ unconstrained type parameter\n\nerror[E0207]: the type parameter `E` is not constrained by the impl trait, self type, or predicates\n  --> /Users/graysonnocera/.cargo/registry/src/index.crates.io-6f17d22bba15001f/futures-core-0.3.25/src/future.rs:73:12\n   |\n73 | impl<F, T, E> TryFuture for F\n   |            ^ unconstrained type parameter\n\nerror[E0207]: the type parameter `T` is not constrained by the impl trait, self type, or predicates\n  --> /Users/graysonnocera/.cargo/registry/src/index.crates.io-6f17d22bba15001f/futures-core-0.3.25/src/future.rs:53:13\n   |\n53 |     impl<F, T, E> Sealed for F where F: ?Sized + Future<Output = Result<T, E>> {}\n   |             ^ unconstrained type parameter\n\nerror[E0207]: the type parameter `E` is not constrained by the impl trait, self type, or predicates\n  --> /Users/graysonnocera/.cargo/registry/src/index.crates.io-6f17d22bba15001f/futures-core-0.3.25/src/future.rs:53:16\n   |\n53 |     impl<F, T, E> Sealed for F where F: ?Sized + Future<Output = Result<T, E>> {}\n   |                ^ unconstrained type parameter\n\nerror[E0207]: the type parameter `T` is not constrained by the impl trait, self type, or predicates\n   --> /Users/graysonnocera/.cargo/registry/src/index.crates.io-6f17d22bba15001f/futures-core-0.3.25/src/stream.rs:185:9\n    |\n185 | impl<S, T, E> TryStream for S\n    |         ^ unconstrained type parameter\n\nerror[E0207]: the type parameter `E` is not constrained by the impl trait, self type, or predicates\n   --> /Users/graysonnocera/.cargo/registry/src/index.crates.io-6f17d22bba15001f/futures-core-0.3.25/src/stream.rs:185:12\n    |\n185 | impl<S, T, E> TryStream for S\n    |            ^ unconstrained type parameter\n\nerror[E0207]: the type parameter `T` is not constrained by the impl trait, self type, or predicates\n   --> /Users/graysonnocera/.cargo/registry/src/index.crates.io-6f17d22bba15001f/futures-core-0.3.25/src/stream.rs:162:13\n    |\n162 |     impl<S, T, E> Sealed for S where S: ?Sized + Stream<Item = Result<T, E>> {}\n    |             ^ unconstrained type parameter\n\nerror[E0207]: the type parameter `E` is not constrained by the impl trait, self type, or predicates\n   --> /Users/graysonnocera/.cargo/registry/src/index.crates.io-6f17d22bba15001f/futures-core-0.3.25/src/stream.rs:162:16\n    |\n162 |     impl<S, T, E> Sealed for S where S: ?Sized + Stream<Item = Result<T, E>> {}\n    |                ^ unconstrained type parameter\n\nSome errors have detailed explanations: E0207, E0405, E0412, E0425, E0463, E0531.\nFor more information about an error, try `rustc --explain E0207`.\nerror: could not compile `futures-core` (lib) due to 68 previous errors\nerror[E0412]: cannot find type `Result` in this scope\n  --> /Users/graysonnocera/.cargo/registry/src/index.crates.io-6f17d22bba15001f/futures-task-0.3.25/src/spawn.rs:15:60\n   |\n15 |     fn spawn_obj(&self, future: FutureObj<'static, ()>) -> Result<(), SpawnError>;\n   |                                                            ^^^^^^ not found in this scope\n   |\nhelp: consider importing one of these items\n   |\n1  + use core::fmt::Result;\n   |\n1  + use core::result::Result;\n   |\n1  + use alloc::fmt::Result;\n   |\n\nerror[E0412]: cannot find type `Result` in this scope\n  --> /Users/graysonnocera/.cargo/registry/src/index.crates.io-6f17d22bba15001f/futures-task-0.3.25/src/spawn.rs:24:25\n   |\n24 |     fn status(&self) -> Result<(), SpawnError> {\n   |                         ^^^^^^ not found in this scope\n   |\nhelp: consider importing one of these items\n   |\n1  + use core::fmt::Result;\n   |\n1  + use core::result::Result;\n   |\n1  + use alloc::fmt::Result;\n   |\n\nerror[E0425]: cannot find function, tuple struct or tuple variant `Ok` in this scope\n  --> /Users/graysonnocera/.cargo/registry/src/index.crates.io-6f17d22bba15001f/futures-task-0.3.25/src/spawn.rs:25:9\n   |\n25 |         Ok(())\n   |         ^^ not found in this scope\n   |\nhelp: consider importing this tuple variant\n   |\n1  + use core::result::Result::Ok;\n   |\n\nerror[E0412]: cannot find type `Result` in this scope\n  --> /Users/graysonnocera/.cargo/registry/src/index.crates.io-6f17d22bba15001f/futures-task-0.3.25/src/spawn.rs:40:71\n   |\n40 |     fn spawn_local_obj(&self, future: LocalFutureObj<'static, ()>) -> Result<(), SpawnError>;\n   |                                                                       ^^^^^^ not found in this scope\n   |\nhelp: consider importing one of these items\n   |\n1  + use core::fmt::Result;\n   |\n1  + use core::result::Result;\n   |\n1  + use alloc::fmt::Result;\n   |\n\nerror[E0412]: cannot find type `Result` in this scope\n  --> /Users/graysonnocera/.cargo/registry/src/index.crates.io-6f17d22bba15001f/futures-task-0.3.25/src/spawn.rs:49:31\n   |\n49 |     fn status_local(&self) -> Result<(), SpawnError> {\n   |                               ^^^^^^ not found in this scope\n   |\nhelp: consider importing one of these items\n   |\n1  + use core::fmt::Result;\n   |\n1  + use core::result::Result;\n   |\n1  + use alloc::fmt::Result;\n   |\n\nerror[E0425]: cannot find function, tuple struct or tuple variant `Ok` in this scope\n  --> /Users/graysonnocera/.cargo/registry/src/index.crates.io-6f17d22bba15001f/futures-task-0.3.25/src/spawn.rs:50:9\n   |\n50 |         Ok(())\n   |         ^^ not found in this scope\n   |\nhelp: consider importing this tuple variant\n   |\n1  + use core::result::Result::Ok;\n   |\n\nerror[E0405]: cannot find trait `Sized` in this scope\n  --> /Users/graysonnocera/.cargo/registry/src/index.crates.io-6f17d22bba15001f/futures-task-0.3.25/src/spawn.rs:86:11\n   |\n86 | impl<Sp: ?Sized + Spawn> Spawn for &Sp {\n   |           ^^^^^ not found in this scope\n   |\nhelp: consider importing this trait\n   |\n1  + use core::marker::Sized;\n   |\n\nerror[E0412]: cannot find type `Result` in this scope\n  --> /Users/graysonnocera/.cargo/registry/src/index.crates.io-6f17d22bba15001f/futures-task-0.3.25/src/spawn.rs:87:60\n   |\n87 |     fn spawn_obj(&self, future: FutureObj<'static, ()>) -> Result<(), SpawnError> {\n   |                                                            ^^^^^^ not found in this scope\n   |\nhelp: consider importing one of these items\n   |\n1  + use core::fmt::Result;\n   |\n1  + use core::result::Result;\n   |\n1  + use alloc::fmt::Result;\n   |\n\nerror[E0412]: cannot find type `Result` in this scope\n  --> /Users/graysonnocera/.cargo/registry/src/index.crates.io-6f17d22bba15001f/futures-task-0.3.25/src/spawn.rs:91:25\n   |\n91 |     fn status(&self) -> Result<(), SpawnError> {\n   |                         ^^^^^^ not found in this scope\n   |\nhelp: consider importing one of these items\n   |\n1  + use core::fmt::Result;\n   |\n1  + use core::result::Result;\n   |\n1  + use alloc::fmt::Result;\n   |\n\nerror[E0405]: cannot find trait `Sized` in this scope\n  --> /Users/graysonnocera/.cargo/registry/src/index.crates.io-6f17d22bba15001f/futures-task-0.3.25/src/spawn.rs:96:11\n   |\n96 | impl<Sp: ?Sized + Spawn> Spawn for &mut Sp {\n   |           ^^^^^ not found in this scope\n   |\nhelp: consider importing this trait\n   |\n1  + use core::marker::Sized;\n   |\n\nerror[E0412]: cannot find type `Result` in this scope\n  --> /Users/graysonnocera/.cargo/registry/src/index.crates.io-6f17d22bba15001f/futures-task-0.3.25/src/spawn.rs:97:60\n   |\n97 |     fn spawn_obj(&self, future: FutureObj<'static, ()>) -> Result<(), SpawnError> {\n   |                                                            ^^^^^^ not found in this scope\n   |\nhelp: consider importing one of these items\n   |\n1  + use core::fmt::Result;\n   |\n1  + use core::result::Result;\n   |\n1  + use alloc::fmt::Result;\n   |\n\nerror[E0412]: cannot find type `Result` in this scope\n   --> /Users/graysonnocera/.cargo/registry/src/index.crates.io-6f17d22bba15001f/futures-task-0.3.25/src/spawn.rs:101:25\n    |\n101 |     fn status(&self) -> Result<(), SpawnError> {\n    |                         ^^^^^^ not found in this scope\n    |\nhelp: consider importing one of these items\n    |\n1   + use core::fmt::Result;\n    |\n1   + use core::result::Result;\n    |\n1   + use alloc::fmt::Result;\n    |\n\nerror[E0405]: cannot find trait `Sized` in this scope\n   --> /Users/graysonnocera/.cargo/registry/src/index.crates.io-6f17d22bba15001f/futures-task-0.3.25/src/spawn.rs:106:11\n    |\n106 | impl<Sp: ?Sized + LocalSpawn> LocalSpawn for &Sp {\n    |           ^^^^^ not found in this scope\n    |\nhelp: consider importing this trait\n    |\n1   + use core::marker::Sized;\n    |\n\nerror[E0412]: cannot find type `Result` in this scope\n   --> /Users/graysonnocera/.cargo/registry/src/index.crates.io-6f17d22bba15001f/futures-task-0.3.25/src/spawn.rs:107:71\n    |\n107 |     fn spawn_local_obj(&self, future: LocalFutureObj<'static, ()>) -> Result<(), SpawnError> {\n    |                                                                       ^^^^^^ not found in this scope\n    |\nhelp: consider importing one of these items\n    |\n1   + use core::fmt::Result;\n    |\n1   + use core::result::Result;\n    |\n1   + use alloc::fmt::Result;\n    |\n\nerror[E0412]: cannot find type `Result` in this scope\n   --> /Users/graysonnocera/.cargo/registry/src/index.crates.io-6f17d22bba15001f/futures-task-0.3.25/src/spawn.rs:111:31\n    |\n111 |     fn status_local(&self) -> Result<(), SpawnError> {\n    |                               ^^^^^^ not found in this scope\n    |\nhelp: consider importing one of these items\n    |\n1   + use core::fmt::Result;\n    |\n1   + use core::result::Result;\n    |\n1   + use alloc::fmt::Result;\n    |\n\nerror[E0405]: cannot find trait `Sized` in this scope\n   --> /Users/graysonnocera/.cargo/registry/src/index.crates.io-6f17d22bba15001f/futures-task-0.3.25/src/spawn.rs:116:11\n    |\n116 | impl<Sp: ?Sized + LocalSpawn> LocalSpawn for &mut Sp {\n    |           ^^^^^ not found in this scope\n    |\nhelp: consider importing this trait\n    |\n1   + use core::marker::Sized;\n    |\n\nerror[E0412]: cannot find type `Result` in this scope\n   --> /Users/graysonnocera/.cargo/registry/src/index.crates.io-6f17d22bba15001f/futures-task-0.3.25/src/spawn.rs:117:71\n    |\n117 |     fn spawn_local_obj(&self, future: LocalFutureObj<'static, ()>) -> Result<(), SpawnError> {\n    |                                                                       ^^^^^^ not found in this scope\n    |\nhelp: consider importing one of these items\n    |\n1   + use core::fmt::Result;\n    |\n1   + use core::result::Result;\n    |\n1   + use alloc::fmt::Result;\n    |\n\nerror[E0412]: cannot find type `Result` in this scope\n   --> /Users/graysonnocera/.cargo/registry/src/index.crates.io-6f17d22bba15001f/futures-task-0.3.25/src/spawn.rs:121:31\n    |\n121 |     fn status_local(&self) -> Result<(), SpawnError> {\n    |                               ^^^^^^ not found in this scope\n    |\nhelp: consider importing one of these items\n    |\n1   + use core::fmt::Result;\n    |\n1   + use core::result::Result;\n    |\n1   + use alloc::fmt::Result;\n    |\n\nerror[E0405]: cannot find trait `Sized` in this scope\n   --> /Users/graysonnocera/.cargo/registry/src/index.crates.io-6f17d22bba15001f/futures-task-0.3.25/src/spawn.rs:131:15\n    |\n131 |     impl<Sp: ?Sized + Spawn> Spawn for Box<Sp> {\n    |               ^^^^^ not found in this scope\n    |\nhelp: consider importing this trait\n    |\n128 +     use core::marker::Sized;\n    |\n\nerror[E0412]: cannot find type `Result` in this scope\n   --> /Users/graysonnocera/.cargo/registry/src/index.crates.io-6f17d22bba15001f/futures-task-0.3.25/src/spawn.rs:132:64\n    |\n132 |         fn spawn_obj(&self, future: FutureObj<'static, ()>) -> Result<(), SpawnError> {\n    |                                                                ^^^^^^ not found in this scope\n    |\nhelp: consider importing one of these items\n    |\n128 +     use core::fmt::Result;\n    |\n128 +     use core::result::Result;\n    |\n128 +     use alloc::fmt::Result;\n    |\n\nerror[E0412]: cannot find type `Result` in this scope\n   --> /Users/graysonnocera/.cargo/registry/src/index.crates.io-6f17d22bba15001f/futures-task-0.3.25/src/spawn.rs:136:29\n    |\n136 |         fn status(&self) -> Result<(), SpawnError> {\n    |                             ^^^^^^ not found in this scope\n    |\nhelp: consider importing one of these items\n    |\n128 +     use core::fmt::Result;\n    |\n128 +     use core::result::Result;\n    |\n128 +     use alloc::fmt::Result;\n    |\n\nerror[E0405]: cannot find trait `Sized` in this scope\n   --> /Users/graysonnocera/.cargo/registry/src/index.crates.io-6f17d22bba15001f/futures-task-0.3.25/src/spawn.rs:141:15\n    |\n141 |     impl<Sp: ?Sized + LocalSpawn> LocalSpawn for Box<Sp> {\n    |               ^^^^^ not found in this scope\n    |\nhelp: consider importing this trait\n    |\n128 +     use core::marker::Sized;\n    |\n\nerror[E0412]: cannot find type `Result` in this scope\n   --> /Users/graysonnocera/.cargo/registry/src/index.crates.io-6f17d22bba15001f/futures-task-0.3.25/src/spawn.rs:142:75\n    |\n142 |         fn spawn_local_obj(&self, future: LocalFutureObj<'static, ()>) -> Result<(), SpawnError> {\n    |                                                                           ^^^^^^ not found in this scope\n    |\nhelp: consider importing one of these items\n    |\n128 +     use core::fmt::Result;\n    |\n128 +     use core::result::Result;\n    |\n128 +     use alloc::fmt::Result;\n    |\n\nerror[E0412]: cannot find type `Result` in this scope\n   --> /Users/graysonnocera/.cargo/registry/src/index.crates.io-6f17d22bba15001f/futures-task-0.3.25/src/spawn.rs:146:35\n    |\n146 |         fn status_local(&self) -> Result<(), SpawnError> {\n    |                                   ^^^^^^ not found in this scope\n    |\nhelp: consider importing one of these items\n    |\n128 +     use core::fmt::Result;\n    |\n128 +     use core::result::Result;\n    |\n128 +     use alloc::fmt::Result;\n    |\n\nerror[E0405]: cannot find trait `Sized` in this scope\n   --> /Users/graysonnocera/.cargo/registry/src/index.crates.io-6f17d22bba15001f/futures-task-0.3.25/src/spawn.rs:151:15\n    |\n151 |     impl<Sp: ?Sized + Spawn> Spawn for Rc<Sp> {\n    |               ^^^^^ not found in this scope\n    |\nhelp: consider importing this trait\n    |\n128 +     use core::marker::Sized;\n    |\n\nerror[E0412]: cannot find type `Result` in this scope\n   --> /Users/graysonnocera/.cargo/registry/src/index.crates.io-6f17d22bba15001f/futures-task-0.3.25/src/spawn.rs:152:64\n    |\n152 |         fn spawn_obj(&self, future: FutureObj<'static, ()>) -> Result<(), SpawnError> {\n    |                                                                ^^^^^^ not found in this scope\n    |\nhelp: consider importing one of these items\n    |\n128 +     use core::fmt::Result;\n    |\n128 +     use core::result::Result;\n    |\n128 +     use alloc::fmt::Result;\n    |\n\nerror[E0412]: cannot find type `Result` in this scope\n   --> /Users/graysonnocera/.cargo/registry/src/index.crates.io-6f17d22bba15001f/futures-task-0.3.25/src/spawn.rs:156:29\n    |\n156 |         fn status(&self) -> Result<(), SpawnError> {\n    |                             ^^^^^^ not found in this scope\n    |\nhelp: consider importing one of these items\n    |\n128 +     use core::fmt::Result;\n    |\n128 +     use core::result::Result;\n    |\n128 +     use alloc::fmt::Result;\n    |\n\nerror[E0405]: cannot find trait `Sized` in this scope\n   --> /Users/graysonnocera/.cargo/registry/src/index.crates.io-6f17d22bba15001f/futures-task-0.3.25/src/spawn.rs:161:15\n    |\n161 |     impl<Sp: ?Sized + LocalSpawn> LocalSpawn for Rc<Sp> {\n    |               ^^^^^ not found in this scope\n    |\nhelp: consider importing this trait\n    |\n128 +     use core::marker::Sized;\n    |\n\nerror[E0412]: cannot find type `Result` in this scope\n   --> /Users/graysonnocera/.cargo/registry/src/index.crates.io-6f17d22bba15001f/futures-task-0.3.25/src/spawn.rs:162:75\n    |\n162 |         fn spawn_local_obj(&self, future: LocalFutureObj<'static, ()>) -> Result<(), SpawnError> {\n    |                                                                           ^^^^^^ not found in this scope\n    |\nhelp: consider importing one of these items\n    |\n128 +     use core::fmt::Result;\n    |\n128 +     use core::result::Result;\n    |\n128 +     use alloc::fmt::Result;\n    |\n\nerror[E0412]: cannot find type `Result` in this scope\n   --> /Users/graysonnocera/.cargo/registry/src/index.crates.io-6f17d22bba15001f/futures-task-0.3.25/src/spawn.rs:166:35\n    |\n166 |         fn status_local(&self) -> Result<(), SpawnError> {\n    |                                   ^^^^^^ not found in this scope\n    |\nhelp: consider importing one of these items\n    |\n128 +     use core::fmt::Result;\n    |\n128 +     use core::result::Result;\n    |\n128 +     use alloc::fmt::Result;\n    |\n\nerror[E0405]: cannot find trait `Sized` in this scope\n   --> /Users/graysonnocera/.cargo/registry/src/index.crates.io-6f17d22bba15001f/futures-task-0.3.25/src/spawn.rs:172:15\n    |\n172 |     impl<Sp: ?Sized + Spawn> Spawn for alloc::sync::Arc<Sp> {\n    |               ^^^^^ not found in this scope\n    |\nhelp: consider importing this trait\n    |\n128 +     use core::marker::Sized;\n    |\n\nerror[E0412]: cannot find type `Result` in this scope\n   --> /Users/graysonnocera/.cargo/registry/src/index.crates.io-6f17d22bba15001f/futures-task-0.3.25/src/spawn.rs:173:64\n    |\n173 |         fn spawn_obj(&self, future: FutureObj<'static, ()>) -> Result<(), SpawnError> {\n    |                                                                ^^^^^^ not found in this scope\n    |\nhelp: consider importing one of these items\n    |\n128 +     use core::fmt::Result;\n    |\n128 +     use core::result::Result;\n    |\n128 +     use alloc::fmt::Result;\n    |\n\nerror[E0412]: cannot find type `Result` in this scope\n   --> /Users/graysonnocera/.cargo/registry/src/index.crates.io-6f17d22bba15001f/futures-task-0.3.25/src/spawn.rs:177:29\n    |\n177 |         fn status(&self) -> Result<(), SpawnError> {\n    |                             ^^^^^^ not found in this scope\n    |\nhelp: consider importing one of these items\n    |\n128 +     use core::fmt::Result;\n    |\n128 +     use core::result::Result;\n    |\n128 +     use alloc::fmt::Result;\n    |\n\nerror[E0405]: cannot find trait `Sized` in this scope\n   --> /Users/graysonnocera/.cargo/registry/src/index.crates.io-6f17d22bba15001f/futures-task-0.3.25/src/spawn.rs:183:15\n    |\n183 |     impl<Sp: ?Sized + LocalSpawn> LocalSpawn for alloc::sync::Arc<Sp> {\n    |               ^^^^^ not found in this scope\n    |\nhelp: consider importing this trait\n    |\n128 +     use core::marker::Sized;\n    |\n\nerror[E0412]: cannot find type `Result` in this scope\n   --> /Users/graysonnocera/.cargo/registry/src/index.crates.io-6f17d22bba15001f/futures-task-0.3.25/src/spawn.rs:184:75\n    |\n184 |         fn spawn_local_obj(&self, future: LocalFutureObj<'static, ()>) -> Result<(), SpawnError> {\n    |                                                                           ^^^^^^ not found in this scope\n    |\nhelp: consider importing one of these items\n    |\n128 +     use core::fmt::Result;\n    |\n128 +     use core::result::Result;\n    |\n128 +     use alloc::fmt::Result;\n    |\n\nerror[E0412]: cannot find type `Result` in this scope\n   --> /Users/graysonnocera/.cargo/registry/src/index.crates.io-6f17d22bba15001f/futures-task-0.3.25/src/spawn.rs:188:35\n    |\n188 |         fn status_local(&self) -> Result<(), SpawnError> {\n    |                                   ^^^^^^ not found in this scope\n    |\nhelp: consider importing one of these items\n    |\n128 +     use core::fmt::Result;\n    |\n128 +     use core::result::Result;\n    |\n128 +     use alloc::fmt::Result;\n    |\n\nerror[E0405]: cannot find trait `Send` in this scope\n  --> /Users/graysonnocera/.cargo/registry/src/index.crates.io-6f17d22bba15001f/futures-task-0.3.25/src/arc_wake.rs:20:20\n   |\n20 | pub trait ArcWake: Send + Sync {\n   |                    ^^^^ not found in this scope\n   |\nhelp: consider importing this trait\n   |\n1  + use core::marker::Send;\n   |\n\nerror[E0405]: cannot find trait `Sync` in this scope\n  --> /Users/graysonnocera/.cargo/registry/src/index.crates.io-6f17d22bba15001f/futures-task-0.3.25/src/arc_wake.rs:20:27\n   |\n20 | pub trait ArcWake: Send + Sync {\n   |                           ^^^^ not found in this scope\n   |\nhelp: consider importing this trait\n   |\n1  + use core::marker::Sync;\n   |\n\nerror[E0425]: cannot find function `drop` in this scope\n  --> /Users/graysonnocera/.cargo/registry/src/index.crates.io-6f17d22bba15001f/futures-task-0.3.25/src/waker.rs:58:5\n   |\n58 |     drop(Arc::<T>::from_raw(data.cast::<T>()))\n   |     ^^^^ not found in this scope\n   |\nhelp: consider importing this function\n   |\n1  + use core::mem::drop;\n   |\n\nerror[E0405]: cannot find trait `Unpin` in this scope\n  --> /Users/graysonnocera/.cargo/registry/src/index.crates.io-6f17d22bba15001f/futures-task-0.3.25/src/future_obj.rs:25:9\n   |\n25 | impl<T> Unpin for LocalFutureObj<'_, T> {}\n   |         ^^^^^ not found in this scope\n   |\nhelp: consider importing this trait\n   |\n1  + use core::marker::Unpin;\n   |\n\nerror[E0405]: cannot find trait `From` in this scope\n  --> /Users/graysonnocera/.cargo/registry/src/index.crates.io-6f17d22bba15001f/futures-task-0.3.25/src/future_obj.rs:72:13\n   |\n72 | impl<'a, T> From<FutureObj<'a, T>> for LocalFutureObj<'a, T> {\n   |             ^^^^ not found in this scope\n   |\nhelp: consider importing this trait\n   |\n1  + use core::convert::From;\n   |\n\nerror[E0405]: cannot find trait `Drop` in this scope\n  --> /Users/graysonnocera/.cargo/registry/src/index.crates.io-6f17d22bba15001f/futures-task-0.3.25/src/future_obj.rs:88:9\n   |\n88 | impl<T> Drop for LocalFutureObj<'_, T> {\n   |         ^^^^ not found in this scope\n   |\nhelp: consider importing this trait\n   |\n1  + use core::ops::Drop;\n   |\n\nerror[E0405]: cannot find trait `Unpin` in this scope\n   --> /Users/graysonnocera/.cargo/registry/src/index.crates.io-6f17d22bba15001f/futures-task-0.3.25/src/future_obj.rs:105:9\n    |\n105 | impl<T> Unpin for FutureObj<'_, T> {}\n    |         ^^^^^ not found in this scope\n    |\nhelp: consider importing this trait\n    |\n1   + use core::marker::Unpin;\n    |\n\nerror[E0405]: cannot find trait `Send` in this scope\n   --> /Users/graysonnocera/.cargo/registry/src/index.crates.io-6f17d22bba15001f/futures-task-0.3.25/src/future_obj.rs:106:16\n    |\n106 | unsafe impl<T> Send for FutureObj<'_, T> {}\n    |                ^^^^ not found in this scope\n    |\nhelp: consider importing this trait\n    |\n1   + use core::marker::Send;\n    |\n\nerror[E0405]: cannot find trait `Send` in this scope\n   --> /Users/graysonnocera/.cargo/registry/src/index.crates.io-6f17d22bba15001f/futures-task-0.3.25/src/future_obj.rs:111:44\n    |\n111 |     pub fn new<F: UnsafeFutureObj<'a, T> + Send>(f: F) -> Self {\n    |                                            ^^^^ not found in this scope\n    |\nhelp: consider importing this trait\n    |\n1   + use core::marker::Send;\n    |\n\nerror[E0405]: cannot find trait `Unpin` in this scope\n   --> /Users/graysonnocera/.cargo/registry/src/index.crates.io-6f17d22bba15001f/futures-task-0.3.25/src/future_obj.rs:177:29\n    |\n177 |     F: Future<Output = T> + Unpin + 'a,\n    |                             ^^^^^ not found in this scope\n    |\nhelp: consider importing this trait\n    |\n1   + use core::marker::Unpin;\n    |\n\nerror[E0405]: cannot find trait `Unpin` in this scope\n   --> /Users/graysonnocera/.cargo/registry/src/index.crates.io-6f17d22bba15001f/futures-task-0.3.25/src/future_obj.rs:186:81\n    |\n186 | unsafe impl<'a, T> UnsafeFutureObj<'a, T> for &'a mut (dyn Future<Output = T> + Unpin + 'a) {\n    |                                                                                 ^^^^^ not found in this scope\n    |\nhelp: consider importing this trait\n    |\n1   + use core::marker::Unpin;\n    |\n\nerror[E0425]: cannot find function `drop` in this scope\n   --> /Users/graysonnocera/.cargo/registry/src/index.crates.io-6f17d22bba15001f/futures-task-0.3.25/src/future_obj.rs:227:13\n    |\n227 |             drop(Box::from_raw(ptr.cast::<F>()))\n    |             ^^^^\n    |\nhelp: you might have meant to call the associated function\n    |\n227 |             Self::drop(Box::from_raw(ptr.cast::<F>()))\n    |             ++++++\nhelp: consider importing one of these functions\n    |\n215 +     use crate::future_obj::mem::drop;\n    |\n215 +     use core::mem::drop;\n    |\n\nerror[E0425]: cannot find function `drop` in this scope\n   --> /Users/graysonnocera/.cargo/registry/src/index.crates.io-6f17d22bba15001f/futures-task-0.3.25/src/future_obj.rs:237:13\n    |\n237 |             drop(Box::from_raw(ptr))\n    |             ^^^^\n    |\nhelp: you might have meant to call the associated function\n    |\n237 |             Self::drop(Box::from_raw(ptr))\n    |             ++++++\nhelp: consider importing one of these functions\n    |\n215 +     use crate::future_obj::mem::drop;\n    |\n215 +     use core::mem::drop;\n    |\n\nerror[E0405]: cannot find trait `Send` in this scope\n   --> /Users/graysonnocera/.cargo/registry/src/index.crates.io-6f17d22bba15001f/futures-task-0.3.25/src/future_obj.rs:241:84\n    |\n241 |     unsafe impl<'a, T: 'a> UnsafeFutureObj<'a, T> for Box<dyn Future<Output = T> + Send + 'a> {\n    |                                                                                    ^^^^ not found in this scope\n    |\nhelp: consider importing this trait\n    |\n215 +     use core::marker::Send;\n    |\n\nerror[E0425]: cannot find function `drop` in this scope\n   --> /Users/graysonnocera/.cargo/registry/src/index.crates.io-6f17d22bba15001f/futures-task-0.3.25/src/future_obj.rs:247:13\n    |\n247 |             drop(Box::from_raw(ptr))\n    |             ^^^^\n    |\nhelp: you might have meant to call the associated function\n    |\n247 |             Self::drop(Box::from_raw(ptr))\n    |             ++++++\nhelp: consider importing one of these functions\n    |\n215 +     use crate::future_obj::mem::drop;\n    |\n215 +     use core::mem::drop;\n    |\n\nerror[E0425]: cannot find function `drop` in this scope\n   --> /Users/graysonnocera/.cargo/registry/src/index.crates.io-6f17d22bba15001f/futures-task-0.3.25/src/future_obj.rs:261:13\n    |\n261 |             drop(Pin::from(Box::from_raw(ptr)))\n    |             ^^^^\n    |\nhelp: you might have meant to call the associated function\n    |\n261 |             Self::drop(Pin::from(Box::from_raw(ptr)))\n    |             ++++++\nhelp: consider importing one of these functions\n    |\n215 +     use crate::future_obj::mem::drop;\n    |\n215 +     use core::mem::drop;\n    |\n\nerror[E0425]: cannot find function `drop` in this scope\n   --> /Users/graysonnocera/.cargo/registry/src/index.crates.io-6f17d22bba15001f/futures-task-0.3.25/src/future_obj.rs:272:13\n    |\n272 |             drop(Pin::from(Box::from_raw(ptr)))\n    |             ^^^^\n    |\nhelp: you might have meant to call the associated function\n    |\n272 |             Self::drop(Pin::from(Box::from_raw(ptr)))\n    |             ++++++\nhelp: consider importing one of these functions\n    |\n215 +     use crate::future_obj::mem::drop;\n    |\n215 +     use core::mem::drop;\n    |\n\nerror[E0405]: cannot find trait `Send` in this scope\n   --> /Users/graysonnocera/.cargo/registry/src/index.crates.io-6f17d22bba15001f/futures-task-0.3.25/src/future_obj.rs:276:88\n    |\n276 |     unsafe impl<'a, T: 'a> UnsafeFutureObj<'a, T> for Pin<Box<dyn Future<Output = T> + Send + 'a>> {\n    |                                                                                        ^^^^ not found in this scope\n    |\nhelp: consider importing this trait\n    |\n215 +     use core::marker::Send;\n    |\n\nerror[E0425]: cannot find function `drop` in this scope\n   --> /Users/graysonnocera/.cargo/registry/src/index.crates.io-6f17d22bba15001f/futures-task-0.3.25/src/future_obj.rs:283:13\n    |\n283 |             drop(Pin::from(Box::from_raw(ptr)))\n    |             ^^^^\n    |\nhelp: you might have meant to call the associated function\n    |\n283 |             Self::drop(Pin::from(Box::from_raw(ptr)))\n    |             ++++++\nhelp: consider importing one of these functions\n    |\n215 +     use crate::future_obj::mem::drop;\n    |\n215 +     use core::mem::drop;\n    |\n\nerror[E0405]: cannot find trait `From` in this scope\n   --> /Users/graysonnocera/.cargo/registry/src/index.crates.io-6f17d22bba15001f/futures-task-0.3.25/src/future_obj.rs:287:50\n    |\n287 |     impl<'a, F: Future<Output = ()> + Send + 'a> From<Box<F>> for FutureObj<'a, ()> {\n    |                                                  ^^^^ not found in this scope\n    |\nhelp: consider importing this trait\n    |\n215 +     use core::convert::From;\n    |\n\nerror[E0405]: cannot find trait `Send` in this scope\n   --> /Users/graysonnocera/.cargo/registry/src/index.crates.io-6f17d22bba15001f/futures-task-0.3.25/src/future_obj.rs:287:39\n    |\n287 |     impl<'a, F: Future<Output = ()> + Send + 'a> From<Box<F>> for FutureObj<'a, ()> {\n    |                                       ^^^^ not found in this scope\n    |\nhelp: consider importing this trait\n    |\n215 +     use core::marker::Send;\n    |\n\nerror[E0405]: cannot find trait `From` in this scope\n   --> /Users/graysonnocera/.cargo/registry/src/index.crates.io-6f17d22bba15001f/futures-task-0.3.25/src/future_obj.rs:293:14\n    |\n293 |     impl<'a> From<Box<dyn Future<Output = ()> + Send + 'a>> for FutureObj<'a, ()> {\n    |              ^^^^ not found in this scope\n    |\nhelp: consider importing this trait\n    |\n215 +     use core::convert::From;\n    |\n\nerror[E0405]: cannot find trait `Send` in this scope\n   --> /Users/graysonnocera/.cargo/registry/src/index.crates.io-6f17d22bba15001f/futures-task-0.3.25/src/future_obj.rs:293:49\n    |\n293 |     impl<'a> From<Box<dyn Future<Output = ()> + Send + 'a>> for FutureObj<'a, ()> {\n    |                                                 ^^^^ not found in this scope\n    |\nhelp: consider importing this trait\n    |\n215 +     use core::marker::Send;\n    |\n\nerror[E0405]: cannot find trait `Send` in this scope\n   --> /Users/graysonnocera/.cargo/registry/src/index.crates.io-6f17d22bba15001f/futures-task-0.3.25/src/future_obj.rs:294:54\n    |\n294 |         fn from(boxed: Box<dyn Future<Output = ()> + Send + 'a>) -> Self {\n    |                                                      ^^^^ not found in this scope\n    |\nhelp: consider importing this trait\n    |\n215 +     use core::marker::Send;\n    |\n\nerror[E0405]: cannot find trait `From` in this scope\n   --> /Users/graysonnocera/.cargo/registry/src/index.crates.io-6f17d22bba15001f/futures-task-0.3.25/src/future_obj.rs:299:50\n    |\n299 |     impl<'a, F: Future<Output = ()> + Send + 'a> From<Pin<Box<F>>> for FutureObj<'a, ()> {\n    |                                                  ^^^^ not found in this scope\n    |\nhelp: consider importing this trait\n    |\n215 +     use core::convert::From;\n    |\n\nerror[E0405]: cannot find trait `Send` in this scope\n   --> /Users/graysonnocera/.cargo/registry/src/index.crates.io-6f17d22bba15001f/futures-task-0.3.25/src/future_obj.rs:299:39\n    |\n299 |     impl<'a, F: Future<Output = ()> + Send + 'a> From<Pin<Box<F>>> for FutureObj<'a, ()> {\n    |                                       ^^^^ not found in this scope\n    |\nhelp: consider importing this trait\n    |\n215 +     use core::marker::Send;\n    |\n\nerror[E0405]: cannot find trait `From` in this scope\n   --> /Users/graysonnocera/.cargo/registry/src/index.crates.io-6f17d22bba15001f/futures-task-0.3.25/src/future_obj.rs:305:14\n    |\n305 |     impl<'a> From<Pin<Box<dyn Future<Output = ()> + Send + 'a>>> for FutureObj<'a, ()> {\n    |              ^^^^ not found in this scope\n    |\nhelp: consider importing this trait\n    |\n215 +     use core::convert::From;\n    |\n\nerror[E0405]: cannot find trait `Send` in this scope\n   --> /Users/graysonnocera/.cargo/registry/src/index.crates.io-6f17d22bba15001f/futures-task-0.3.25/src/future_obj.rs:305:53\n    |\n305 |     impl<'a> From<Pin<Box<dyn Future<Output = ()> + Send + 'a>>> for FutureObj<'a, ()> {\n    |                                                     ^^^^ not found in this scope\n    |\nhelp: consider importing this trait\n    |\n215 +     use core::marker::Send;\n    |\n\nerror[E0405]: cannot find trait `Send` in this scope\n   --> /Users/graysonnocera/.cargo/registry/src/index.crates.io-6f17d22bba15001f/futures-task-0.3.25/src/future_obj.rs:306:58\n    |\n306 |         fn from(boxed: Pin<Box<dyn Future<Output = ()> + Send + 'a>>) -> Self {\n    |                                                          ^^^^ not found in this scope\n    |\nhelp: consider importing this trait\n    |\n215 +     use core::marker::Send;\n    |\n\nerror[E0405]: cannot find trait `From` in this scope\n   --> /Users/graysonnocera/.cargo/registry/src/index.crates.io-6f17d22bba15001f/futures-task-0.3.25/src/future_obj.rs:311:43\n    |\n311 |     impl<'a, F: Future<Output = ()> + 'a> From<Box<F>> for LocalFutureObj<'a, ()> {\n    |                                           ^^^^ not found in this scope\n    |\nhelp: consider importing this trait\n    |\n215 +     use core::convert::From;\n    |\n\nerror[E0405]: cannot find trait `From` in this scope\n   --> /Users/graysonnocera/.cargo/registry/src/index.crates.io-6f17d22bba15001f/futures-task-0.3.25/src/future_obj.rs:317:14\n    |\n317 |     impl<'a> From<Box<dyn Future<Output = ()> + 'a>> for LocalFutureObj<'a, ()> {\n    |              ^^^^ not found in this scope\n    |\nhelp: consider importing this trait\n    |\n215 +     use core::convert::From;\n    |\n\nerror[E0405]: cannot find trait `From` in this scope\n   --> /Users/graysonnocera/.cargo/registry/src/index.crates.io-6f17d22bba15001f/futures-task-0.3.25/src/future_obj.rs:323:43\n    |\n323 |     impl<'a, F: Future<Output = ()> + 'a> From<Pin<Box<F>>> for LocalFutureObj<'a, ()> {\n    |                                           ^^^^ not found in this scope\n    |\nhelp: consider importing this trait\n    |\n215 +     use core::convert::From;\n    |\n\nerror[E0405]: cannot find trait `From` in this scope\n   --> /Users/graysonnocera/.cargo/registry/src/index.crates.io-6f17d22bba15001f/futures-task-0.3.25/src/future_obj.rs:329:14\n    |\n329 |     impl<'a> From<Pin<Box<dyn Future<Output = ()> + 'a>>> for LocalFutureObj<'a, ()> {\n    |              ^^^^ not found in this scope\n    |\nhelp: consider importing this trait\n    |\n215 +     use core::convert::From;\n    |\n\nerror[E0405]: cannot find trait `Sync` in this scope\n  --> /Users/graysonnocera/.cargo/registry/src/index.crates.io-6f17d22bba15001f/futures-task-0.3.25/src/noop_waker.rs:47:17\n   |\n47 |     unsafe impl Sync for SyncRawWaker {}\n   |                 ^^^^ not found in this scope\n   |\nhelp: consider importing this trait\n   |\n3  + use core::marker::Sync;\n   |\n\nerror[E0277]: `*const ()` cannot be shared between threads safely\n  --> /Users/graysonnocera/.cargo/registry/src/index.crates.io-6f17d22bba15001f/futures-task-0.3.25/src/noop_waker.rs:49:33\n   |\n49 |     static NOOP_WAKER_INSTANCE: SyncRawWaker = SyncRawWaker(noop_raw_waker());\n   |                                 ^^^^^^^^^^^^ `*const ()` cannot be shared between threads safely\n   |\n   = help: within `SyncRawWaker`, the trait `Sync` is not implemented for `*const ()`, which is required by `SyncRawWaker: Sync`\nnote: required because it appears within the type `RawWaker`\n  --> /Users/graysonnocera/.rustup/toolchains/stable-aarch64-apple-darwin/lib/rustlib/src/rust/library/core/src/task/wake.rs:24:12\n   |\n24 | pub struct RawWaker {\n   |            ^^^^^^^^\nnote: required because it appears within the type `SyncRawWaker`\n  --> /Users/graysonnocera/.cargo/registry/src/index.crates.io-6f17d22bba15001f/futures-task-0.3.25/src/noop_waker.rs:46:12\n   |\n46 |     struct SyncRawWaker(RawWaker);\n   |            ^^^^^^^^^^^^\n   = note: shared static variables must have a type that implements `Sync`\n\nSome errors have detailed explanations: E0277, E0405, E0412, E0425, E0463.\nFor more information about an error, try `rustc --explain E0277`.\nerror: could not compile `futures-task` (lib) due to 75 previous errors\nerror[E0405]: cannot find trait `Default` in this scope\n   --> /Users/graysonnocera/.cargo/registry/src/index.crates.io-6f17d22bba15001f/slab-0.4.7/src/lib.rs:143:9\n    |\n143 | impl<T> Default for Slab<T> {\n    |         ^^^^^^^ not found in this scope\n    |\nhelp: consider importing this trait\n    |\n121 + use core::default::Default;\n    |\n\nerror[E0405]: cannot find trait `Clone` in this scope\n   --> /Users/graysonnocera/.cargo/registry/src/index.crates.io-6f17d22bba15001f/slab-0.4.7/src/lib.rs:189:13\n    |\n189 | impl<'a, T> Clone for Iter<'a, T> {\n    |             ^^^^^ not found in this scope\n    |\nhelp: consider importing this trait\n    |\n121 + use core::clone::Clone;\n    |\n\nerror[E0531]: cannot find tuple struct or tuple variant `Some` in this scope\n   --> /Users/graysonnocera/.cargo/registry/src/index.crates.io-6f17d22bba15001f/slab-0.4.7/src/lib.rs:416:19\n    |\n416 |         while let Some(&Entry::Vacant(_)) = self.entries.last() {\n    |                   ^^^^ not found in this scope\n    |\nhelp: consider importing this tuple variant\n    |\n121 + use core::option::Option::Some;\n    |\n\nerror[E0405]: cannot find trait `FnMut` in this scope\n   --> /Users/graysonnocera/.cargo/registry/src/index.crates.io-6f17d22bba15001f/slab-0.4.7/src/lib.rs:501:12\n    |\n501 |         F: FnMut(&mut T, usize, usize) -> bool,\n    |            ^^^^^ not found in this scope\n    |\nhelp: consider importing one of these traits\n    |\n121 + use crate::ops::FnMut;\n    |\n121 + use core::ops::FnMut;\n    |\n\nerror[E0405]: cannot find trait `Drop` in this scope\n   --> /Users/graysonnocera/.cargo/registry/src/index.crates.io-6f17d22bba15001f/slab-0.4.7/src/lib.rs:508:17\n    |\n508 |         impl<T> Drop for CleanupGuard<'_, T> {\n    |                 ^^^^ not found in this scope\n    |\nhelp: consider importing one of these traits\n    |\n121 + use crate::ops::Drop;\n    |\n121 + use core::ops::Drop;\n    |\n\nerror[E0531]: cannot find tuple struct or tuple variant `Some` in this scope\n   --> /Users/graysonnocera/.cargo/registry/src/index.crates.io-6f17d22bba15001f/slab-0.4.7/src/lib.rs:528:20\n    |\n528 |             if let Some(Entry::Occupied(mut value)) = guard.slab.entries.pop() {\n    |                    ^^^^ not found in this scope\n    |\nhelp: consider importing this tuple variant\n    |\n121 + use core::option::Option::Some;\n    |\n\nerror[E0531]: cannot find tuple struct or tuple variant `Some` in this scope\n   --> /Users/graysonnocera/.cargo/registry/src/index.crates.io-6f17d22bba15001f/slab-0.4.7/src/lib.rs:530:27\n    |\n530 |                 while let Some(&Entry::Occupied(_)) = guard.slab.entries.get(occupied_until) {\n    |                           ^^^^ not found in this scope\n    |\nhelp: consider importing this tuple variant\n    |\n121 + use core::option::Option::Some;\n    |\n\nerror[E0412]: cannot find type `Option` in this scope\n   --> /Users/graysonnocera/.cargo/registry/src/index.crates.io-6f17d22bba15001f/slab-0.4.7/src/lib.rs:687:38\n    |\n687 |     pub fn get(&self, key: usize) -> Option<&T> {\n    |                                      ^^^^^^ not found in this scope\n    |\nhelp: consider importing this enum\n    |\n121 + use core::option::Option;\n    |\n\nerror[E0531]: cannot find tuple struct or tuple variant `Some` in this scope\n   --> /Users/graysonnocera/.cargo/registry/src/index.crates.io-6f17d22bba15001f/slab-0.4.7/src/lib.rs:689:13\n    |\n689 |             Some(&Entry::Occupied(ref val)) => Some(val),\n    |             ^^^^ not found in this scope\n    |\nhelp: consider importing this tuple variant\n    |\n121 + use core::option::Option::Some;\n    |\n\nerror[E0425]: cannot find function, tuple struct or tuple variant `Some` in this scope\n   --> /Users/graysonnocera/.cargo/registry/src/index.crates.io-6f17d22bba15001f/slab-0.4.7/src/lib.rs:689:48\n    |\n689 |             Some(&Entry::Occupied(ref val)) => Some(val),\n    |                                                ^^^^ not found in this scope\n    |\nhelp: consider importing this tuple variant\n    |\n121 + use core::option::Option::Some;\n    |\n\nerror[E0425]: cannot find value `None` in this scope\n   --> /Users/graysonnocera/.cargo/registry/src/index.crates.io-6f17d22bba15001f/slab-0.4.7/src/lib.rs:690:18\n    |\n690 |             _ => None,\n    |                  ^^^^ not found in this scope\n    |\nhelp: consider importing this unit variant\n    |\n121 + use core::option::Option::None;\n    |\n\nerror[E0412]: cannot find type `Option` in this scope\n   --> /Users/graysonnocera/.cargo/registry/src/index.crates.io-6f17d22bba15001f/slab-0.4.7/src/lib.rs:711:46\n    |\n711 |     pub fn get_mut(&mut self, key: usize) -> Option<&mut T> {\n    |                                              ^^^^^^ not found in this scope\n    |\nhelp: consider importing this enum\n    |\n121 + use core::option::Option;\n    |\n\nerror[E0531]: cannot find tuple struct or tuple variant `Some` in this scope\n   --> /Users/graysonnocera/.cargo/registry/src/index.crates.io-6f17d22bba15001f/slab-0.4.7/src/lib.rs:713:13\n    |\n713 |             Some(&mut Entry::Occupied(ref mut val)) => Some(val),\n    |             ^^^^ not found in this scope\n    |\nhelp: consider importing this tuple variant\n    |\n121 + use core::option::Option::Some;\n    |\n\nerror[E0425]: cannot find function, tuple struct or tuple variant `Some` in this scope\n   --> /Users/graysonnocera/.cargo/registry/src/index.crates.io-6f17d22bba15001f/slab-0.4.7/src/lib.rs:713:56\n    |\n713 |             Some(&mut Entry::Occupied(ref mut val)) => Some(val),\n    |                                                        ^^^^ not found in this scope\n    |\nhelp: consider importing this tuple variant\n    |\n121 + use core::option::Option::Some;\n    |\n\nerror[E0425]: cannot find value `None` in this scope\n   --> /Users/graysonnocera/.cargo/registry/src/index.crates.io-6f17d22bba15001f/slab-0.4.7/src/lib.rs:714:18\n    |\n714 |             _ => None,\n    |                  ^^^^ not found in this scope\n    |\nhelp: consider importing this unit variant\n    |\n121 + use core::option::Option::None;\n    |\n\nerror[E0412]: cannot find type `Option` in this scope\n   --> /Users/graysonnocera/.cargo/registry/src/index.crates.io-6f17d22bba15001f/slab-0.4.7/src/lib.rs:741:61\n    |\n741 |     pub fn get2_mut(&mut self, key1: usize, key2: usize) -> Option<(&mut T, &mut T)> {\n    |                                                             ^^^^^^ not found in this scope\n    |\nhelp: consider importing this enum\n    |\n121 + use core::option::Option;\n    |\n\nerror[E0531]: cannot find tuple struct or tuple variant `Some` in this scope\n   --> /Users/graysonnocera/.cargo/registry/src/index.crates.io-6f17d22bba15001f/slab-0.4.7/src/lib.rs:758:17\n    |\n758 |                 Some(&mut Entry::Occupied(ref mut val1)),\n    |                 ^^^^ not found in this scope\n    |\nhelp: consider importing this tuple variant\n    |\n121 + use core::option::Option::Some;\n    |\n\nerror[E0531]: cannot find tuple struct or tuple variant `Some` in this scope\n   --> /Users/graysonnocera/.cargo/registry/src/index.crates.io-6f17d22bba15001f/slab-0.4.7/src/lib.rs:759:17\n    |\n759 |                 Some(&mut Entry::Occupied(ref mut val2)),\n    |                 ^^^^ not found in this scope\n    |\nhelp: consider importing this tuple variant\n    |\n121 + use core::option::Option::Some;\n    |\n\nerror[E0425]: cannot find function, tuple struct or tuple variant `Some` in this scope\n   --> /Users/graysonnocera/.cargo/registry/src/index.crates.io-6f17d22bba15001f/slab-0.4.7/src/lib.rs:760:18\n    |\n760 |             ) => Some((val1, val2)),\n    |                  ^^^^ not found in this scope\n    |\nhelp: consider importing this tuple variant\n    |\n121 + use core::option::Option::Some;\n    |\n\nerror[E0425]: cannot find value `None` in this scope\n   --> /Users/graysonnocera/.cargo/registry/src/index.crates.io-6f17d22bba15001f/slab-0.4.7/src/lib.rs:761:18\n    |\n761 |             _ => None,\n    |                  ^^^^ not found in this scope\n    |\nhelp: consider importing this unit variant\n    |\n121 + use core::option::Option::None;\n    |\n\nerror[E0531]: cannot find tuple struct or tuple variant `Some` in this scope\n    --> /Users/graysonnocera/.cargo/registry/src/index.crates.io-6f17d22bba15001f/slab-0.4.7/src/lib.rs:1006:17\n     |\n1006 |                 Some(&Entry::Vacant(next)) => next,\n     |                 ^^^^ not found in this scope\n     |\nhelp: consider importing this tuple variant\n     |\n121  + use core::option::Option::Some;\n     |\n\nerror[E0412]: cannot find type `Option` in this scope\n    --> /Users/graysonnocera/.cargo/registry/src/index.crates.io-6f17d22bba15001f/slab-0.4.7/src/lib.rs:1030:49\n     |\n1030 |     pub fn try_remove(&mut self, key: usize) -> Option<T> {\n     |                                                 ^^^^^^ not found in this scope\n     |\nhelp: consider importing this enum\n     |\n121  + use core::option::Option;\n     |\n\nerror[E0531]: cannot find tuple struct or tuple variant `Some` in this scope\n    --> /Users/graysonnocera/.cargo/registry/src/index.crates.io-6f17d22bba15001f/slab-0.4.7/src/lib.rs:1031:16\n     |\n1031 |         if let Some(entry) = self.entries.get_mut(key) {\n     |                ^^^^ not found in this scope\n     |\nhelp: consider importing this tuple variant\n     |\n121  + use core::option::Option::Some;\n     |\n\nerror[E0425]: cannot find value `None` in this scope\n    --> /Users/graysonnocera/.cargo/registry/src/index.crates.io-6f17d22bba15001f/slab-0.4.7/src/lib.rs:1047:9\n     |\n1047 |         None\n     |         ^^^^ not found in this scope\n     |\nhelp: consider importing this unit variant\n     |\n121  + use core::option::Option::None;\n     |\n\nerror[E0531]: cannot find tuple struct or tuple variant `Some` in this scope\n    --> /Users/graysonnocera/.cargo/registry/src/index.crates.io-6f17d22bba15001f/slab-0.4.7/src/lib.rs:1092:13\n     |\n1092 |             Some(&Entry::Occupied(_)) => true,\n     |             ^^^^ not found in this scope\n     |\nhelp: consider importing this tuple variant\n     |\n121  + use core::option::Option::Some;\n     |\n\nerror[E0405]: cannot find trait `FnMut` in this scope\n    --> /Users/graysonnocera/.cargo/registry/src/index.crates.io-6f17d22bba15001f/slab-0.4.7/src/lib.rs:1123:12\n     |\n1123 |         F: FnMut(usize, &mut T) -> bool,\n     |            ^^^^^ not found in this scope\n     |\nhelp: consider importing one of these traits\n     |\n121  + use crate::ops::FnMut;\n     |\n121  + use core::ops::FnMut;\n     |\n\nerror[E0531]: cannot find tuple struct or tuple variant `Some` in this scope\n    --> /Users/graysonnocera/.cargo/registry/src/index.crates.io-6f17d22bba15001f/slab-0.4.7/src/lib.rs:1181:13\n     |\n1181 |             Some(&Entry::Occupied(ref v)) => v,\n     |             ^^^^ not found in this scope\n     |\nhelp: consider importing this tuple variant\n     |\n121  + use core::option::Option::Some;\n     |\n\nerror[E0531]: cannot find tuple struct or tuple variant `Some` in this scope\n    --> /Users/graysonnocera/.cargo/registry/src/index.crates.io-6f17d22bba15001f/slab-0.4.7/src/lib.rs:1191:13\n     |\n1191 |             Some(&mut Entry::Occupied(ref mut v)) => v,\n     |             ^^^^ not found in this scope\n     |\nhelp: consider importing this tuple variant\n     |\n121  + use core::option::Option::Some;\n     |\n\nerror[E0405]: cannot find trait `IntoIterator` in this scope\n    --> /Users/graysonnocera/.cargo/registry/src/index.crates.io-6f17d22bba15001f/slab-0.4.7/src/lib.rs:1197:9\n     |\n1197 | impl<T> IntoIterator for Slab<T> {\n     |         ^^^^^^^^^^^^\n     |\n    ::: /Users/graysonnocera/.rustup/toolchains/stable-aarch64-apple-darwin/lib/rustlib/src/rust/library/core/src/iter/traits/collect.rs:134:1\n     |\n134  | pub trait FromIterator<A>: Sized {\n     | -------------------------------- similarly named trait `FromIterator` defined here\n     |\nhelp: a trait with a similar name exists\n     |\n1197 | impl<T> FromIterator for Slab<T> {\n     |         ~~~~~~~~~~~~\nhelp: consider importing one of these traits\n     |\n121  + use crate::iter::IntoIterator;\n     |\n121  + use core::iter::IntoIterator;\n     |\n\nerror[E0405]: cannot find trait `IntoIterator` in this scope\n    --> /Users/graysonnocera/.cargo/registry/src/index.crates.io-6f17d22bba15001f/slab-0.4.7/src/lib.rs:1209:13\n     |\n1209 | impl<'a, T> IntoIterator for &'a Slab<T> {\n     |             ^^^^^^^^^^^^\n     |\n    ::: /Users/graysonnocera/.rustup/toolchains/stable-aarch64-apple-darwin/lib/rustlib/src/rust/library/core/src/iter/traits/collect.rs:134:1\n     |\n134  | pub trait FromIterator<A>: Sized {\n     | -------------------------------- similarly named trait `FromIterator` defined here\n     |\nhelp: a trait with a similar name exists\n     |\n1209 | impl<'a, T> FromIterator for &'a Slab<T> {\n     |             ~~~~~~~~~~~~\nhelp: consider importing one of these traits\n     |\n121  + use crate::iter::IntoIterator;\n     |\n121  + use core::iter::IntoIterator;\n     |\n\nerror[E0405]: cannot find trait `IntoIterator` in this scope\n    --> /Users/graysonnocera/.cargo/registry/src/index.crates.io-6f17d22bba15001f/slab-0.4.7/src/lib.rs:1218:13\n     |\n1218 | impl<'a, T> IntoIterator for &'a mut Slab<T> {\n     |             ^^^^^^^^^^^^\n     |\n    ::: /Users/graysonnocera/.rustup/toolchains/stable-aarch64-apple-darwin/lib/rustlib/src/rust/library/core/src/iter/traits/collect.rs:134:1\n     |\n134  | pub trait FromIterator<A>: Sized {\n     | -------------------------------- similarly named trait `FromIterator` defined here\n     |\nhelp: a trait with a similar name exists\n     |\n1218 | impl<'a, T> FromIterator for &'a mut Slab<T> {\n     |             ~~~~~~~~~~~~\nhelp: consider importing one of these traits\n     |\n121  + use crate::iter::IntoIterator;\n     |\n121  + use core::iter::IntoIterator;\n     |\n\nerror[E0405]: cannot find trait `IntoIterator` in this scope\n    --> /Users/graysonnocera/.cargo/registry/src/index.crates.io-6f17d22bba15001f/slab-0.4.7/src/lib.rs:1260:12\n     |\n1260 |         I: IntoIterator<Item = (usize, T)>,\n     |            ^^^^^^^^^^^^\n     |\n    ::: /Users/graysonnocera/.rustup/toolchains/stable-aarch64-apple-darwin/lib/rustlib/src/rust/library/core/src/iter/traits/collect.rs:134:1\n     |\n134  | pub trait FromIterator<A>: Sized {\n     | -------------------------------- similarly named trait `FromIterator` defined here\n     |\nhelp: a trait with a similar name exists\n     |\n1260 |         I: FromIterator<Item = (usize, T)>,\n     |            ~~~~~~~~~~~~\nhelp: consider importing one of these traits\n     |\n121  + use crate::iter::IntoIterator;\n     |\n121  + use core::iter::IntoIterator;\n     |\n\nerror[E0425]: cannot find value `None` in this scope\n    --> /Users/graysonnocera/.cargo/registry/src/index.crates.io-6f17d22bba15001f/slab-0.4.7/src/lib.rs:1266:38\n     |\n1266 |         let mut first_vacant_index = None;\n     |                                      ^^^^ not found in this scope\n     |\nhelp: consider importing this unit variant\n     |\n121  + use core::option::Option::None;\n     |\n\nerror[E0425]: cannot find function, tuple struct or tuple variant `Some` in this scope\n    --> /Users/graysonnocera/.cargo/registry/src/index.crates.io-6f17d22bba15001f/slab-0.4.7/src/lib.rs:1279:42\n     |\n1279 |                     first_vacant_index = Some(slab.entries.len());\n     |                                          ^^^^ not found in this scope\n     |\nhelp: consider importing this tuple variant\n     |\n121  + use core::option::Option::Some;\n     |\n\nerror[E0531]: cannot find tuple struct or tuple variant `Some` in this scope\n    --> /Users/graysonnocera/.cargo/registry/src/index.crates.io-6f17d22bba15001f/slab-0.4.7/src/lib.rs:1297:23\n     |\n1297 |         } else if let Some(first_vacant_index) = first_vacant_index {\n     |                       ^^^^ not found in this scope\n     |\nhelp: consider importing this tuple variant\n     |\n121  + use core::option::Option::Some;\n     |\n\nerror[E0531]: cannot find tuple struct or tuple variant `Some` in this scope\n    --> /Users/graysonnocera/.cargo/registry/src/index.crates.io-6f17d22bba15001f/slab-0.4.7/src/lib.rs:1395:13\n     |\n1395 |             Some(&mut Entry::Occupied(ref mut v)) => v,\n     |             ^^^^ not found in this scope\n     |\nhelp: consider importing this tuple variant\n     |\n121  + use core::option::Option::Some;\n     |\n\nerror[E0405]: cannot find trait `Iterator` in this scope\n    --> /Users/graysonnocera/.cargo/registry/src/index.crates.io-6f17d22bba15001f/slab-0.4.7/src/lib.rs:1428:9\n     |\n1428 | impl<T> Iterator for IntoIter<T> {\n     |         ^^^^^^^^ not found in this scope\n     |\nhelp: consider importing one of these traits\n     |\n121  + use crate::iter::Iterator;\n     |\n121  + use core::iter::Iterator;\n     |\n\nerror[E0412]: cannot find type `Option` in this scope\n    --> /Users/graysonnocera/.cargo/registry/src/index.crates.io-6f17d22bba15001f/slab-0.4.7/src/lib.rs:1431:27\n     |\n1431 |     fn next(&mut self) -> Option<Self::Item> {\n     |                           ^^^^^^ not found in this scope\n     |\nhelp: consider importing this enum\n     |\n121  + use core::option::Option;\n     |\n\nerror[E0425]: cannot find function, tuple struct or tuple variant `Some` in this scope\n    --> /Users/graysonnocera/.cargo/registry/src/index.crates.io-6f17d22bba15001f/slab-0.4.7/src/lib.rs:1435:24\n     |\n1435 |                 return Some((key, v));\n     |                        ^^^^ not found in this scope\n     |\nhelp: consider importing this tuple variant\n     |\n121  + use core::option::Option::Some;\n     |\n\nerror[E0425]: cannot find value `None` in this scope\n    --> /Users/graysonnocera/.cargo/registry/src/index.crates.io-6f17d22bba15001f/slab-0.4.7/src/lib.rs:1440:9\n     |\n1440 |         None\n     |         ^^^^ not found in this scope\n     |\nhelp: consider importing this unit variant\n     |\n121  + use core::option::Option::None;\n     |\n\nerror[E0412]: cannot find type `Option` in this scope\n    --> /Users/graysonnocera/.cargo/registry/src/index.crates.io-6f17d22bba15001f/slab-0.4.7/src/lib.rs:1443:36\n     |\n1443 |     fn size_hint(&self) -> (usize, Option<usize>) {\n     |                                    ^^^^^^ not found in this scope\n     |\nhelp: consider importing this enum\n     |\n121  + use core::option::Option;\n     |\n\nerror[E0425]: cannot find function, tuple struct or tuple variant `Some` in this scope\n    --> /Users/graysonnocera/.cargo/registry/src/index.crates.io-6f17d22bba15001f/slab-0.4.7/src/lib.rs:1444:20\n     |\n1444 |         (self.len, Some(self.len))\n     |                    ^^^^ not found in this scope\n     |\nhelp: consider importing this tuple variant\n     |\n121  + use core::option::Option::Some;\n     |\n\nerror[E0405]: cannot find trait `DoubleEndedIterator` in this scope\n    --> /Users/graysonnocera/.cargo/registry/src/index.crates.io-6f17d22bba15001f/slab-0.4.7/src/lib.rs:1448:9\n     |\n1448 | impl<T> DoubleEndedIterator for IntoIter<T> {\n     |         ^^^^^^^^^^^^^^^^^^^ not found in this scope\n     |\nhelp: consider importing one of these traits\n     |\n121  + use crate::iter::DoubleEndedIterator;\n     |\n121  + use core::iter::DoubleEndedIterator;\n     |\n\nerror[E0412]: cannot find type `Option` in this scope\n    --> /Users/graysonnocera/.cargo/registry/src/index.crates.io-6f17d22bba15001f/slab-0.4.7/src/lib.rs:1449:32\n     |\n1449 |     fn next_back(&mut self) -> Option<Self::Item> {\n     |                                ^^^^^^ not found in this scope\n     |\nhelp: consider importing this enum\n     |\n121  + use core::option::Option;\n     |\n\nerror[E0531]: cannot find tuple struct or tuple variant `Some` in this scope\n    --> /Users/graysonnocera/.cargo/registry/src/index.crates.io-6f17d22bba15001f/slab-0.4.7/src/lib.rs:1450:19\n     |\n1450 |         while let Some((key, entry)) = self.entries.next_back() {\n     |                   ^^^^ not found in this scope\n     |\nhelp: consider importing this tuple variant\n     |\n121  + use core::option::Option::Some;\n     |\n\nerror[E0425]: cannot find function, tuple struct or tuple variant `Some` in this scope\n    --> /Users/graysonnocera/.cargo/registry/src/index.crates.io-6f17d22bba15001f/slab-0.4.7/src/lib.rs:1453:24\n     |\n1453 |                 return Some((key, v));\n     |                        ^^^^ not found in this scope\n     |\nhelp: consider importing this tuple variant\n     |\n121  + use core::option::Option::Some;\n     |\n\nerror[E0425]: cannot find value `None` in this scope\n    --> /Users/graysonnocera/.cargo/registry/src/index.crates.io-6f17d22bba15001f/slab-0.4.7/src/lib.rs:1458:9\n     |\n1458 |         None\n     |         ^^^^ not found in this scope\n     |\nhelp: consider importing this unit variant\n     |\n121  + use core::option::Option::None;\n     |\n\nerror[E0405]: cannot find trait `ExactSizeIterator` in this scope\n    --> /Users/graysonnocera/.cargo/registry/src/index.crates.io-6f17d22bba15001f/slab-0.4.7/src/lib.rs:1462:9\n     |\n1462 | impl<T> ExactSizeIterator for IntoIter<T> {\n     |         ^^^^^^^^^^^^^^^^^ not found in this scope\n     |\nhelp: consider importing one of these traits\n     |\n121  + use crate::iter::ExactSizeIterator;\n     |\n121  + use core::iter::ExactSizeIterator;\n     |\n\nerror[E0405]: cannot find trait `Iterator` in this scope\n    --> /Users/graysonnocera/.cargo/registry/src/index.crates.io-6f17d22bba15001f/slab-0.4.7/src/lib.rs:1472:13\n     |\n1472 | impl<'a, T> Iterator for Iter<'a, T> {\n     |             ^^^^^^^^ not found in this scope\n     |\nhelp: consider importing one of these traits\n     |\n121  + use crate::iter::Iterator;\n     |\n121  + use core::iter::Iterator;\n     |\n\nerror[E0412]: cannot find type `Option` in this scope\n    --> /Users/graysonnocera/.cargo/registry/src/index.crates.io-6f17d22bba15001f/slab-0.4.7/src/lib.rs:1475:27\n     |\n1475 |     fn next(&mut self) -> Option<Self::Item> {\n     |                           ^^^^^^ not found in this scope\n     |\nhelp: consider importing this enum\n     |\n121  + use core::option::Option;\n     |\n\nerror[E0425]: cannot find function, tuple struct or tuple variant `Some` in this scope\n    --> /Users/graysonnocera/.cargo/registry/src/index.crates.io-6f17d22bba15001f/slab-0.4.7/src/lib.rs:1479:24\n     |\n1479 |                 return Some((key, v));\n     |                        ^^^^ not found in this scope\n     |\nhelp: consider importing this tuple variant\n     |\n121  + use core::option::Option::Some;\n     |\n\nerror[E0425]: cannot find value `None` in this scope\n    --> /Users/graysonnocera/.cargo/registry/src/index.crates.io-6f17d22bba15001f/slab-0.4.7/src/lib.rs:1484:9\n     |\n1484 |         None\n     |         ^^^^ not found in this scope\n     |\nhelp: consider importing this unit variant\n     |\n121  + use core::option::Option::None;\n     |\n\nerror[E0412]: cannot find type `Option` in this scope\n    --> /Users/graysonnocera/.cargo/registry/src/index.crates.io-6f17d22bba15001f/slab-0.4.7/src/lib.rs:1487:36\n     |\n1487 |     fn size_hint(&self) -> (usize, Option<usize>) {\n     |                                    ^^^^^^ not found in this scope\n     |\nhelp: consider importing this enum\n     |\n121  + use core::option::Option;\n     |\n\nerror[E0425]: cannot find function, tuple struct or tuple variant `Some` in this scope\n    --> /Users/graysonnocera/.cargo/registry/src/index.crates.io-6f17d22bba15001f/slab-0.4.7/src/lib.rs:1488:20\n     |\n1488 |         (self.len, Some(self.len))\n     |                    ^^^^ not found in this scope\n     |\nhelp: consider importing this tuple variant\n     |\n121  + use core::option::Option::Some;\n     |\n\nerror[E0405]: cannot find trait `DoubleEndedIterator` in this scope\n    --> /Users/graysonnocera/.cargo/registry/src/index.crates.io-6f17d22bba15001f/slab-0.4.7/src/lib.rs:1492:9\n     |\n1492 | impl<T> DoubleEndedIterator for Iter<'_, T> {\n     |         ^^^^^^^^^^^^^^^^^^^ not found in this scope\n     |\nhelp: consider importing one of these traits\n     |\n121  + use crate::iter::DoubleEndedIterator;\n     |\n121  + use core::iter::DoubleEndedIterator;\n     |\n\nerror[E0412]: cannot find type `Option` in this scope\n    --> /Users/graysonnocera/.cargo/registry/src/index.crates.io-6f17d22bba15001f/slab-0.4.7/src/lib.rs:1493:32\n     |\n1493 |     fn next_back(&mut self) -> Option<Self::Item> {\n     |                                ^^^^^^ not found in this scope\n     |\nhelp: consider importing this enum\n     |\n121  + use core::option::Option;\n     |\n\nerror[E0531]: cannot find tuple struct or tuple variant `Some` in this scope\n    --> /Users/graysonnocera/.cargo/registry/src/index.crates.io-6f17d22bba15001f/slab-0.4.7/src/lib.rs:1494:19\n     |\n1494 |         while let Some((key, entry)) = self.entries.next_back() {\n     |                   ^^^^ not found in this scope\n     |\nhelp: consider importing this tuple variant\n     |\n121  + use core::option::Option::Some;\n     |\n\nerror[E0425]: cannot find function, tuple struct or tuple variant `Some` in this scope\n    --> /Users/graysonnocera/.cargo/registry/src/index.crates.io-6f17d22bba15001f/slab-0.4.7/src/lib.rs:1497:24\n     |\n1497 |                 return Some((key, v));\n     |                        ^^^^ not found in this scope\n     |\nhelp: consider importing this tuple variant\n     |\n121  + use core::option::Option::Some;\n     |\n\nerror[E0425]: cannot find value `None` in this scope\n    --> /Users/graysonnocera/.cargo/registry/src/index.crates.io-6f17d22bba15001f/slab-0.4.7/src/lib.rs:1502:9\n     |\n1502 |         None\n     |         ^^^^ not found in this scope\n     |\nhelp: consider importing this unit variant\n     |\n121  + use core::option::Option::None;\n     |\n\nerror[E0405]: cannot find trait `ExactSizeIterator` in this scope\n    --> /Users/graysonnocera/.cargo/registry/src/index.crates.io-6f17d22bba15001f/slab-0.4.7/src/lib.rs:1506:9\n     |\n1506 | impl<T> ExactSizeIterator for Iter<'_, T> {\n     |         ^^^^^^^^^^^^^^^^^ not found in this scope\n     |\nhelp: consider importing one of these traits\n     |\n121  + use crate::iter::ExactSizeIterator;\n     |\n121  + use core::iter::ExactSizeIterator;\n     |\n\nerror[E0405]: cannot find trait `Iterator` in this scope\n    --> /Users/graysonnocera/.cargo/registry/src/index.crates.io-6f17d22bba15001f/slab-0.4.7/src/lib.rs:1516:13\n     |\n1516 | impl<'a, T> Iterator for IterMut<'a, T> {\n     |             ^^^^^^^^ not found in this scope\n     |\nhelp: consider importing one of these traits\n     |\n121  + use crate::iter::Iterator;\n     |\n121  + use core::iter::Iterator;\n     |\n\nerror[E0412]: cannot find type `Option` in this scope\n    --> /Users/graysonnocera/.cargo/registry/src/index.crates.io-6f17d22bba15001f/slab-0.4.7/src/lib.rs:1519:27\n     |\n1519 |     fn next(&mut self) -> Option<Self::Item> {\n     |                           ^^^^^^ not found in this scope\n     |\nhelp: consider importing this enum\n     |\n121  + use core::option::Option;\n     |\n\nerror[E0425]: cannot find function, tuple struct or tuple variant `Some` in this scope\n    --> /Users/graysonnocera/.cargo/registry/src/index.crates.io-6f17d22bba15001f/slab-0.4.7/src/lib.rs:1523:24\n     |\n1523 |                 return Some((key, v));\n     |                        ^^^^ not found in this scope\n     |\nhelp: consider importing this tuple variant\n     |\n121  + use core::option::Option::Some;\n     |\n\nerror[E0425]: cannot find value `None` in this scope\n    --> /Users/graysonnocera/.cargo/registry/src/index.crates.io-6f17d22bba15001f/slab-0.4.7/src/lib.rs:1528:9\n     |\n1528 |         None\n     |         ^^^^ not found in this scope\n     |\nhelp: consider importing this unit variant\n     |\n121  + use core::option::Option::None;\n     |\n\nerror[E0412]: cannot find type `Option` in this scope\n    --> /Users/graysonnocera/.cargo/registry/src/index.crates.io-6f17d22bba15001f/slab-0.4.7/src/lib.rs:1531:36\n     |\n1531 |     fn size_hint(&self) -> (usize, Option<usize>) {\n     |                                    ^^^^^^ not found in this scope\n     |\nhelp: consider importing this enum\n     |\n121  + use core::option::Option;\n     |\n\nerror[E0425]: cannot find function, tuple struct or tuple variant `Some` in this scope\n    --> /Users/graysonnocera/.cargo/registry/src/index.crates.io-6f17d22bba15001f/slab-0.4.7/src/lib.rs:1532:20\n     |\n1532 |         (self.len, Some(self.len))\n     |                    ^^^^ not found in this scope\n     |\nhelp: consider importing this tuple variant\n     |\n121  + use core::option::Option::Some;\n     |\n\nerror[E0405]: cannot find trait `DoubleEndedIterator` in this scope\n    --> /Users/graysonnocera/.cargo/registry/src/index.crates.io-6f17d22bba15001f/slab-0.4.7/src/lib.rs:1536:9\n     |\n1536 | impl<T> DoubleEndedIterator for IterMut<'_, T> {\n     |         ^^^^^^^^^^^^^^^^^^^ not found in this scope\n     |\nhelp: consider importing one of these traits\n     |\n121  + use crate::iter::DoubleEndedIterator;\n     |\n121  + use core::iter::DoubleEndedIterator;\n     |\n\nerror[E0412]: cannot find type `Option` in this scope\n    --> /Users/graysonnocera/.cargo/registry/src/index.crates.io-6f17d22bba15001f/slab-0.4.7/src/lib.rs:1537:32\n     |\n1537 |     fn next_back(&mut self) -> Option<Self::Item> {\n     |                                ^^^^^^ not found in this scope\n     |\nhelp: consider importing this enum\n     |\n121  + use core::option::Option;\n     |\n\nerror[E0531]: cannot find tuple struct or tuple variant `Some` in this scope\n    --> /Users/graysonnocera/.cargo/registry/src/index.crates.io-6f17d22bba15001f/slab-0.4.7/src/lib.rs:1538:19\n     |\n1538 |         while let Some((key, entry)) = self.entries.next_back() {\n     |                   ^^^^ not found in this scope\n     |\nhelp: consider importing this tuple variant\n     |\n121  + use core::option::Option::Some;\n     |\n\nerror[E0425]: cannot find function, tuple struct or tuple variant `Some` in this scope\n    --> /Users/graysonnocera/.cargo/registry/src/index.crates.io-6f17d22bba15001f/slab-0.4.7/src/lib.rs:1541:24\n     |\n1541 |                 return Some((key, v));\n     |                        ^^^^ not found in this scope\n     |\nhelp: consider importing this tuple variant\n     |\n121  + use core::option::Option::Some;\n     |\n\nerror[E0425]: cannot find value `None` in this scope\n    --> /Users/graysonnocera/.cargo/registry/src/index.crates.io-6f17d22bba15001f/slab-0.4.7/src/lib.rs:1546:9\n     |\n1546 |         None\n     |         ^^^^ not found in this scope\n     |\nhelp: consider importing this unit variant\n     |\n121  + use core::option::Option::None;\n     |\n\nerror[E0405]: cannot find trait `ExactSizeIterator` in this scope\n    --> /Users/graysonnocera/.cargo/registry/src/index.crates.io-6f17d22bba15001f/slab-0.4.7/src/lib.rs:1550:9\n     |\n1550 | impl<T> ExactSizeIterator for IterMut<'_, T> {\n     |         ^^^^^^^^^^^^^^^^^ not found in this scope\n     |\nhelp: consider importing one of these traits\n     |\n121  + use crate::iter::ExactSizeIterator;\n     |\n121  + use core::iter::ExactSizeIterator;\n     |\n\nerror[E0405]: cannot find trait `Iterator` in this scope\n    --> /Users/graysonnocera/.cargo/registry/src/index.crates.io-6f17d22bba15001f/slab-0.4.7/src/lib.rs:1560:9\n     |\n1560 | impl<T> Iterator for Drain<'_, T> {\n     |         ^^^^^^^^ not found in this scope\n     |\nhelp: consider importing one of these traits\n     |\n121  + use crate::iter::Iterator;\n     |\n121  + use core::iter::Iterator;\n     |\n\nerror[E0412]: cannot find type `Option` in this scope\n    --> /Users/graysonnocera/.cargo/registry/src/index.crates.io-6f17d22bba15001f/slab-0.4.7/src/lib.rs:1563:27\n     |\n1563 |     fn next(&mut self) -> Option<Self::Item> {\n     |                           ^^^^^^ not found in this scope\n     |\nhelp: consider importing this enum\n     |\n121  + use core::option::Option;\n     |\n\nerror[E0425]: cannot find function, tuple struct or tuple variant `Some` in this scope\n    --> /Users/graysonnocera/.cargo/registry/src/index.crates.io-6f17d22bba15001f/slab-0.4.7/src/lib.rs:1567:24\n     |\n1567 |                 return Some(v);\n     |                        ^^^^ not found in this scope\n     |\nhelp: consider importing this tuple variant\n     |\n121  + use core::option::Option::Some;\n     |\n\nerror[E0425]: cannot find value `None` in this scope\n    --> /Users/graysonnocera/.cargo/registry/src/index.crates.io-6f17d22bba15001f/slab-0.4.7/src/lib.rs:1572:9\n     |\n1572 |         None\n     |         ^^^^ not found in this scope\n     |\nhelp: consider importing this unit variant\n     |\n121  + use core::option::Option::None;\n     |\n\nerror[E0412]: cannot find type `Option` in this scope\n    --> /Users/graysonnocera/.cargo/registry/src/index.crates.io-6f17d22bba15001f/slab-0.4.7/src/lib.rs:1575:36\n     |\n1575 |     fn size_hint(&self) -> (usize, Option<usize>) {\n     |                                    ^^^^^^ not found in this scope\n     |\nhelp: consider importing this enum\n     |\n121  + use core::option::Option;\n     |\n\nerror[E0425]: cannot find function, tuple struct or tuple variant `Some` in this scope\n    --> /Users/graysonnocera/.cargo/registry/src/index.crates.io-6f17d22bba15001f/slab-0.4.7/src/lib.rs:1576:20\n     |\n1576 |         (self.len, Some(self.len))\n     |                    ^^^^ not found in this scope\n     |\nhelp: consider importing this tuple variant\n     |\n121  + use core::option::Option::Some;\n     |\n\nerror[E0405]: cannot find trait `DoubleEndedIterator` in this scope\n    --> /Users/graysonnocera/.cargo/registry/src/index.crates.io-6f17d22bba15001f/slab-0.4.7/src/lib.rs:1580:9\n     |\n1580 | impl<T> DoubleEndedIterator for Drain<'_, T> {\n     |         ^^^^^^^^^^^^^^^^^^^ not found in this scope\n     |\nhelp: consider importing one of these traits\n     |\n121  + use crate::iter::DoubleEndedIterator;\n     |\n121  + use core::iter::DoubleEndedIterator;\n     |\n\nerror[E0412]: cannot find type `Option` in this scope\n    --> /Users/graysonnocera/.cargo/registry/src/index.crates.io-6f17d22bba15001f/slab-0.4.7/src/lib.rs:1581:32\n     |\n1581 |     fn next_back(&mut self) -> Option<Self::Item> {\n     |                                ^^^^^^ not found in this scope\n     |\nhelp: consider importing this enum\n     |\n121  + use core::option::Option;\n     |\n\nerror[E0531]: cannot find tuple struct or tuple variant `Some` in this scope\n    --> /Users/graysonnocera/.cargo/registry/src/index.crates.io-6f17d22bba15001f/slab-0.4.7/src/lib.rs:1582:19\n     |\n1582 |         while let Some(entry) = self.inner.next_back() {\n     |                   ^^^^ not found in this scope\n     |\nhelp: consider importing this tuple variant\n     |\n121  + use core::option::Option::Some;\n     |\n\nerror[E0425]: cannot find function, tuple struct or tuple variant `Some` in this scope\n    --> /Users/graysonnocera/.cargo/registry/src/index.crates.io-6f17d22bba15001f/slab-0.4.7/src/lib.rs:1585:24\n     |\n1585 |                 return Some(v);\n     |                        ^^^^ not found in this scope\n     |\nhelp: consider importing this tuple variant\n     |\n121  + use core::option::Option::Some;\n     |\n\nerror[E0425]: cannot find value `None` in this scope\n    --> /Users/graysonnocera/.cargo/registry/src/index.crates.io-6f17d22bba15001f/slab-0.4.7/src/lib.rs:1590:9\n     |\n1590 |         None\n     |         ^^^^ not found in this scope\n     |\nhelp: consider importing this unit variant\n     |\n121  + use core::option::Option::None;\n     |\n\nerror[E0405]: cannot find trait `ExactSizeIterator` in this scope\n    --> /Users/graysonnocera/.cargo/registry/src/index.crates.io-6f17d22bba15001f/slab-0.4.7/src/lib.rs:1594:9\n     |\n1594 | impl<T> ExactSizeIterator for Drain<'_, T> {\n     |         ^^^^^^^^^^^^^^^^^ not found in this scope\n     |\nhelp: consider importing one of these traits\n     |\n121  + use crate::iter::ExactSizeIterator;\n     |\n121  + use core::iter::ExactSizeIterator;\n     |\n\nerror[E0277]: `IntoIter<T>` is not an iterator\n    --> /Users/graysonnocera/.cargo/registry/src/index.crates.io-6f17d22bba15001f/slab-0.4.7/src/lib.rs:1468:27\n     |\n1468 | impl<T> FusedIterator for IntoIter<T> {}\n     |                           ^^^^^^^^^^^ `IntoIter<T>` is not an iterator\n     |\n     = help: the trait `Iterator` is not implemented for `IntoIter<T>`\nnote: required by a bound in `FusedIterator`\n    --> /Users/graysonnocera/.rustup/toolchains/stable-aarch64-apple-darwin/lib/rustlib/src/rust/library/core/src/iter/traits/marker.rs:32:26\n     |\n32   | pub trait FusedIterator: Iterator {}\n     |                          ^^^^^^^^ required by this bound in `FusedIterator`\n\nerror[E0277]: `Iter<'_, T>` is not an iterator\n    --> /Users/graysonnocera/.cargo/registry/src/index.crates.io-6f17d22bba15001f/slab-0.4.7/src/lib.rs:1512:27\n     |\n1512 | impl<T> FusedIterator for Iter<'_, T> {}\n     |                           ^^^^^^^^^^^ `Iter<'_, T>` is not an iterator\n     |\n     = help: the trait `Iterator` is not implemented for `Iter<'_, T>`\nnote: required by a bound in `FusedIterator`\n    --> /Users/graysonnocera/.rustup/toolchains/stable-aarch64-apple-darwin/lib/rustlib/src/rust/library/core/src/iter/traits/marker.rs:32:26\n     |\n32   | pub trait FusedIterator: Iterator {}\n     |                          ^^^^^^^^ required by this bound in `FusedIterator`\n\nerror[E0277]: `IterMut<'_, T>` is not an iterator\n    --> /Users/graysonnocera/.cargo/registry/src/index.crates.io-6f17d22bba15001f/slab-0.4.7/src/lib.rs:1556:27\n     |\n1556 | impl<T> FusedIterator for IterMut<'_, T> {}\n     |                           ^^^^^^^^^^^^^^ `IterMut<'_, T>` is not an iterator\n     |\n     = help: the trait `Iterator` is not implemented for `IterMut<'_, T>`\nnote: required by a bound in `FusedIterator`\n    --> /Users/graysonnocera/.rustup/toolchains/stable-aarch64-apple-darwin/lib/rustlib/src/rust/library/core/src/iter/traits/marker.rs:32:26\n     |\n32   | pub trait FusedIterator: Iterator {}\n     |                          ^^^^^^^^ required by this bound in `FusedIterator`\n\nerror[E0277]: `Drain<'_, T>` is not an iterator\n    --> /Users/graysonnocera/.cargo/registry/src/index.crates.io-6f17d22bba15001f/slab-0.4.7/src/lib.rs:1600:27\n     |\n1600 | impl<T> FusedIterator for Drain<'_, T> {}\n     |                           ^^^^^^^^^^^^ `Drain<'_, T>` is not an iterator\n     |\n     = help: the trait `Iterator` is not implemented for `Drain<'_, T>`\nnote: required by a bound in `FusedIterator`\n    --> /Users/graysonnocera/.rustup/toolchains/stable-aarch64-apple-darwin/lib/rustlib/src/rust/library/core/src/iter/traits/marker.rs:32:26\n     |\n32   | pub trait FusedIterator: Iterator {}\n     |                          ^^^^^^^^ required by this bound in `FusedIterator`\n\nSome errors have detailed explanations: E0277, E0405, E0412, E0425, E0463, E0531.\nerror: could not compile `slab` (lib) due to 113 previous errors\nerror[E0412]: cannot find type `Box` in this scope\n  --> /Users/graysonnocera/.cargo/registry/src/index.crates.io-6f17d22bba15001f/memchr-2.5.0/src/cow.rs:19:11\n   |\n19 |     Owned(Box<[u8]>),\n   |           ^^^ not found in this scope\n\nerror[E0405]: cannot find trait `Sized` in this scope\n  --> /Users/graysonnocera/.cargo/registry/src/index.crates.io-6f17d22bba15001f/memchr-2.5.0/src/cow.rs:38:20\n   |\n38 |     pub fn new<B: ?Sized + AsRef<[u8]>>(bytes: &'a B) -> CowBytes<'a> {\n   |                    ^^^^^ not found in this scope\n   |\nhelp: consider importing this trait\n   |\n1  + use core::marker::Sized;\n   |\n\nerror[E0405]: cannot find trait `AsRef` in this scope\n  --> /Users/graysonnocera/.cargo/registry/src/index.crates.io-6f17d22bba15001f/memchr-2.5.0/src/cow.rs:38:28\n   |\n38 |     pub fn new<B: ?Sized + AsRef<[u8]>>(bytes: &'a B) -> CowBytes<'a> {\n   |                            ^^^^^ not found in this scope\n   |\nhelp: consider importing this trait\n   |\n1  + use core::convert::AsRef;\n   |\n\nerror[E0412]: cannot find type `Box` in this scope\n  --> /Users/graysonnocera/.cargo/registry/src/index.crates.io-6f17d22bba15001f/memchr-2.5.0/src/cow.rs:45:29\n   |\n45 |     pub fn new_owned(bytes: Box<[u8]>) -> CowBytes<'static> {\n   |                             ^^^ not found in this scope\n\nerror[E0412]: cannot find type `Option` in this scope\n  --> /Users/graysonnocera/.cargo/registry/src/index.crates.io-6f17d22bba15001f/memchr-2.5.0/src/memchr/fallback.rs:46:43\n   |\n46 | pub fn memchr(n1: u8, haystack: &[u8]) -> Option<usize> {\n   |                                           ^^^^^^ not found in this scope\n   |\nhelp: consider importing this enum\n   |\n5  + use core::option::Option;\n   |\n\nerror[E0412]: cannot find type `Option` in this scope\n  --> /Users/graysonnocera/.cargo/registry/src/index.crates.io-6f17d22bba15001f/memchr-2.5.0/src/memchr/fallback.rs:85:52\n   |\n85 | pub fn memchr2(n1: u8, n2: u8, haystack: &[u8]) -> Option<usize> {\n   |                                                    ^^^^^^ not found in this scope\n   |\nhelp: consider importing this enum\n   |\n5  + use core::option::Option;\n   |\n\nerror[E0412]: cannot find type `Option` in this scope\n   --> /Users/graysonnocera/.cargo/registry/src/index.crates.io-6f17d22bba15001f/memchr-2.5.0/src/memchr/fallback.rs:125:60\n    |\n125 | pub fn memchr3(n1: u8, n2: u8, n3: u8, haystack: &[u8]) -> Option<usize> {\n    |                                                            ^^^^^^ not found in this scope\n    |\nhelp: consider importing this enum\n    |\n5   + use core::option::Option;\n    |\n\nerror[E0412]: cannot find type `Option` in this scope\n   --> /Users/graysonnocera/.cargo/registry/src/index.crates.io-6f17d22bba15001f/memchr-2.5.0/src/memchr/fallback.rs:168:44\n    |\n168 | pub fn memrchr(n1: u8, haystack: &[u8]) -> Option<usize> {\n    |                                            ^^^^^^ not found in this scope\n    |\nhelp: consider importing this enum\n    |\n5   + use core::option::Option;\n    |\n\nerror[E0412]: cannot find type `Option` in this scope\n   --> /Users/graysonnocera/.cargo/registry/src/index.crates.io-6f17d22bba15001f/memchr-2.5.0/src/memchr/fallback.rs:206:53\n    |\n206 | pub fn memrchr2(n1: u8, n2: u8, haystack: &[u8]) -> Option<usize> {\n    |                                                     ^^^^^^ not found in this scope\n    |\nhelp: consider importing this enum\n    |\n5   + use core::option::Option;\n    |\n\nerror[E0412]: cannot find type `Option` in this scope\n   --> /Users/graysonnocera/.cargo/registry/src/index.crates.io-6f17d22bba15001f/memchr-2.5.0/src/memchr/fallback.rs:245:61\n    |\n245 | pub fn memrchr3(n1: u8, n2: u8, n3: u8, haystack: &[u8]) -> Option<usize> {\n    |                                                             ^^^^^^ not found in this scope\n    |\nhelp: consider importing this enum\n    |\n5   + use core::option::Option;\n    |\n\nerror[E0405]: cannot find trait `Fn` in this scope\n   --> /Users/graysonnocera/.cargo/registry/src/index.crates.io-6f17d22bba15001f/memchr-2.5.0/src/memchr/fallback.rs:287:29\n    |\n287 | unsafe fn forward_search<F: Fn(u8) -> bool>(\n    |                             ^^ not found in this scope\n    |\nhelp: consider importing this trait\n    |\n5   + use core::ops::Fn;\n    |\n\nerror[E0412]: cannot find type `Option` in this scope\n   --> /Users/graysonnocera/.cargo/registry/src/index.crates.io-6f17d22bba15001f/memchr-2.5.0/src/memchr/fallback.rs:292:6\n    |\n292 | ) -> Option<usize> {\n    |      ^^^^^^ not found in this scope\n    |\nhelp: consider importing this enum\n    |\n5   + use core::option::Option;\n    |\n\nerror[E0425]: cannot find function, tuple struct or tuple variant `Some` in this scope\n   --> /Users/graysonnocera/.cargo/registry/src/index.crates.io-6f17d22bba15001f/memchr-2.5.0/src/memchr/fallback.rs:298:20\n    |\n298 |             return Some(sub(ptr, start_ptr));\n    |                    ^^^^ not found in this scope\n    |\nhelp: consider importing this tuple variant\n    |\n5   + use core::option::Option::Some;\n    |\n\nerror[E0425]: cannot find value `None` in this scope\n   --> /Users/graysonnocera/.cargo/registry/src/index.crates.io-6f17d22bba15001f/memchr-2.5.0/src/memchr/fallback.rs:302:5\n    |\n302 |     None\n    |     ^^^^ not found in this scope\n    |\nhelp: consider importing one of these unit variants\n    |\n5   + use crate::memmem::Prefilter::None;\n    |\n5   + use core::option::Option::None;\n    |\n\nerror[E0405]: cannot find trait `Fn` in this scope\n   --> /Users/graysonnocera/.cargo/registry/src/index.crates.io-6f17d22bba15001f/memchr-2.5.0/src/memchr/fallback.rs:306:29\n    |\n306 | unsafe fn reverse_search<F: Fn(u8) -> bool>(\n    |                             ^^ not found in this scope\n    |\nhelp: consider importing this trait\n    |\n5   + use core::ops::Fn;\n    |\n\nerror[E0412]: cannot find type `Option` in this scope\n   --> /Users/graysonnocera/.cargo/registry/src/index.crates.io-6f17d22bba15001f/memchr-2.5.0/src/memchr/fallback.rs:311:6\n    |\n311 | ) -> Option<usize> {\n    |      ^^^^^^ not found in this scope\n    |\nhelp: consider importing this enum\n    |\n5   + use core::option::Option;\n    |\n\nerror[E0425]: cannot find function, tuple struct or tuple variant `Some` in this scope\n   --> /Users/graysonnocera/.cargo/registry/src/index.crates.io-6f17d22bba15001f/memchr-2.5.0/src/memchr/fallback.rs:318:20\n    |\n318 |             return Some(sub(ptr, start_ptr));\n    |                    ^^^^ not found in this scope\n    |\nhelp: consider importing this tuple variant\n    |\n5   + use core::option::Option::Some;\n    |\n\nerror[E0425]: cannot find value `None` in this scope\n   --> /Users/graysonnocera/.cargo/registry/src/index.crates.io-6f17d22bba15001f/memchr-2.5.0/src/memchr/fallback.rs:321:5\n    |\n321 |     None\n    |     ^^^^ not found in this scope\n    |\nhelp: consider importing one of these unit variants\n    |\n5   + use crate::memmem::Prefilter::None;\n    |\n5   + use core::option::Option::None;\n    |\n\nerror[E0405]: cannot find trait `Iterator` in this scope\n  --> /Users/graysonnocera/.cargo/registry/src/index.crates.io-6f17d22bba15001f/memchr-2.5.0/src/memchr/iter.rs:50:10\n   |\n50 | impl<'a> Iterator for Memchr<'a> {\n   |          ^^^^^^^^ not found in this scope\n   |\nhelp: consider importing this trait\n   |\n1  + use core::iter::Iterator;\n   |\n\nerror[E0412]: cannot find type `Option` in this scope\n  --> /Users/graysonnocera/.cargo/registry/src/index.crates.io-6f17d22bba15001f/memchr-2.5.0/src/memchr/iter.rs:54:27\n   |\n54 |     fn next(&mut self) -> Option<usize> {\n   |                           ^^^^^^ not found in this scope\n   |\nhelp: consider importing this enum\n   |\n1  + use core::option::Option;\n   |\n\nerror[E0412]: cannot find type `Option` in this scope\n  --> /Users/graysonnocera/.cargo/registry/src/index.crates.io-6f17d22bba15001f/memchr-2.5.0/src/memchr/iter.rs:59:36\n   |\n59 |     fn size_hint(&self) -> (usize, Option<usize>) {\n   |                                    ^^^^^^ not found in this scope\n   |\nhelp: consider importing this enum\n   |\n1  + use core::option::Option;\n   |\n\nerror[E0425]: cannot find function, tuple struct or tuple variant `Some` in this scope\n  --> /Users/graysonnocera/.cargo/registry/src/index.crates.io-6f17d22bba15001f/memchr-2.5.0/src/memchr/iter.rs:60:13\n   |\n60 |         (0, Some(self.haystack.len()))\n   |             ^^^^ not found in this scope\n   |\nhelp: consider importing this tuple variant\n   |\n1  + use core::option::Option::Some;\n   |\n\nerror[E0405]: cannot find trait `DoubleEndedIterator` in this scope\n  --> /Users/graysonnocera/.cargo/registry/src/index.crates.io-6f17d22bba15001f/memchr-2.5.0/src/memchr/iter.rs:64:10\n   |\n64 | impl<'a> DoubleEndedIterator for Memchr<'a> {\n   |          ^^^^^^^^^^^^^^^^^^^ not found in this scope\n   |\nhelp: consider importing this trait\n   |\n1  + use core::iter::DoubleEndedIterator;\n   |\n\nerror[E0412]: cannot find type `Option` in this scope\n  --> /Users/graysonnocera/.cargo/registry/src/index.crates.io-6f17d22bba15001f/memchr-2.5.0/src/memchr/iter.rs:66:32\n   |\n66 |     fn next_back(&mut self) -> Option<Self::Item> {\n   |                                ^^^^^^ not found in this scope\n   |\nhelp: consider importing this enum\n   |\n1  + use core::option::Option;\n   |\n\nerror[E0405]: cannot find trait `Iterator` in this scope\n  --> /Users/graysonnocera/.cargo/registry/src/index.crates.io-6f17d22bba15001f/memchr-2.5.0/src/memchr/iter.rs:94:10\n   |\n94 | impl<'a> Iterator for Memchr2<'a> {\n   |          ^^^^^^^^ not found in this scope\n   |\nhelp: consider importing this trait\n   |\n1  + use core::iter::Iterator;\n   |\n\nerror[E0412]: cannot find type `Option` in this scope\n  --> /Users/graysonnocera/.cargo/registry/src/index.crates.io-6f17d22bba15001f/memchr-2.5.0/src/memchr/iter.rs:98:27\n   |\n98 |     fn next(&mut self) -> Option<usize> {\n   |                           ^^^^^^ not found in this scope\n   |\nhelp: consider importing this enum\n   |\n1  + use core::option::Option;\n   |\n\nerror[E0412]: cannot find type `Option` in this scope\n   --> /Users/graysonnocera/.cargo/registry/src/index.crates.io-6f17d22bba15001f/memchr-2.5.0/src/memchr/iter.rs:103:36\n    |\n103 |     fn size_hint(&self) -> (usize, Option<usize>) {\n    |                                    ^^^^^^ not found in this scope\n    |\nhelp: consider importing this enum\n    |\n1   + use core::option::Option;\n    |\n\nerror[E0425]: cannot find function, tuple struct or tuple variant `Some` in this scope\n   --> /Users/graysonnocera/.cargo/registry/src/index.crates.io-6f17d22bba15001f/memchr-2.5.0/src/memchr/iter.rs:104:13\n    |\n104 |         (0, Some(self.haystack.len()))\n    |             ^^^^ not found in this scope\n    |\nhelp: consider importing this tuple variant\n    |\n1   + use core::option::Option::Some;\n    |\n\nerror[E0405]: cannot find trait `DoubleEndedIterator` in this scope\n   --> /Users/graysonnocera/.cargo/registry/src/index.crates.io-6f17d22bba15001f/memchr-2.5.0/src/memchr/iter.rs:108:10\n    |\n108 | impl<'a> DoubleEndedIterator for Memchr2<'a> {\n    |          ^^^^^^^^^^^^^^^^^^^ not found in this scope\n    |\nhelp: consider importing this trait\n    |\n1   + use core::iter::DoubleEndedIterator;\n    |\n\nerror[E0412]: cannot find type `Option` in this scope\n   --> /Users/graysonnocera/.cargo/registry/src/index.crates.io-6f17d22bba15001f/memchr-2.5.0/src/memchr/iter.rs:110:32\n    |\n110 |     fn next_back(&mut self) -> Option<Self::Item> {\n    |                                ^^^^^^ not found in this scope\n    |\nhelp: consider importing this enum\n    |\n1   + use core::option::Option;\n    |\n\nerror[E0405]: cannot find trait `Iterator` in this scope\n   --> /Users/graysonnocera/.cargo/registry/src/index.crates.io-6f17d22bba15001f/memchr-2.5.0/src/memchr/iter.rs:148:10\n    |\n148 | impl<'a> Iterator for Memchr3<'a> {\n    |          ^^^^^^^^ not found in this scope\n    |\nhelp: consider importing this trait\n    |\n1   + use core::iter::Iterator;\n    |\n\nerror[E0412]: cannot find type `Option` in this scope\n   --> /Users/graysonnocera/.cargo/registry/src/index.crates.io-6f17d22bba15001f/memchr-2.5.0/src/memchr/iter.rs:152:27\n    |\n152 |     fn next(&mut self) -> Option<usize> {\n    |                           ^^^^^^ not found in this scope\n    |\nhelp: consider importing this enum\n    |\n1   + use core::option::Option;\n    |\n\nerror[E0412]: cannot find type `Option` in this scope\n   --> /Users/graysonnocera/.cargo/registry/src/index.crates.io-6f17d22bba15001f/memchr-2.5.0/src/memchr/iter.rs:160:36\n    |\n160 |     fn size_hint(&self) -> (usize, Option<usize>) {\n    |                                    ^^^^^^ not found in this scope\n    |\nhelp: consider importing this enum\n    |\n1   + use core::option::Option;\n    |\n\nerror[E0425]: cannot find function, tuple struct or tuple variant `Some` in this scope\n   --> /Users/graysonnocera/.cargo/registry/src/index.crates.io-6f17d22bba15001f/memchr-2.5.0/src/memchr/iter.rs:161:13\n    |\n161 |         (0, Some(self.haystack.len()))\n    |             ^^^^ not found in this scope\n    |\nhelp: consider importing this tuple variant\n    |\n1   + use core::option::Option::Some;\n    |\n\nerror[E0405]: cannot find trait `DoubleEndedIterator` in this scope\n   --> /Users/graysonnocera/.cargo/registry/src/index.crates.io-6f17d22bba15001f/memchr-2.5.0/src/memchr/iter.rs:165:10\n    |\n165 | impl<'a> DoubleEndedIterator for Memchr3<'a> {\n    |          ^^^^^^^^^^^^^^^^^^^ not found in this scope\n    |\nhelp: consider importing this trait\n    |\n1   + use core::iter::DoubleEndedIterator;\n    |\n\nerror[E0412]: cannot find type `Option` in this scope\n   --> /Users/graysonnocera/.cargo/registry/src/index.crates.io-6f17d22bba15001f/memchr-2.5.0/src/memchr/iter.rs:167:32\n    |\n167 |     fn next_back(&mut self) -> Option<Self::Item> {\n    |                                ^^^^^^ not found in this scope\n    |\nhelp: consider importing this enum\n    |\n1   + use core::option::Option;\n    |\n\nerror[E0412]: cannot find type `Option` in this scope\n --> /Users/graysonnocera/.cargo/registry/src/index.crates.io-6f17d22bba15001f/memchr-2.5.0/src/memchr/naive.rs:3:43\n  |\n3 | pub fn memchr(n1: u8, haystack: &[u8]) -> Option<usize> {\n  |                                           ^^^^^^ not found in this scope\n  |\nhelp: consider importing this enum\n  |\n3 + use core::option::Option;\n  |\n\nerror[E0412]: cannot find type `Option` in this scope\n --> /Users/graysonnocera/.cargo/registry/src/index.crates.io-6f17d22bba15001f/memchr-2.5.0/src/memchr/naive.rs:7:52\n  |\n7 | pub fn memchr2(n1: u8, n2: u8, haystack: &[u8]) -> Option<usize> {\n  |                                                    ^^^^^^ not found in this scope\n  |\nhelp: consider importing this enum\n  |\n3 + use core::option::Option;\n  |\n\nerror[E0412]: cannot find type `Option` in this scope\n  --> /Users/graysonnocera/.cargo/registry/src/index.crates.io-6f17d22bba15001f/memchr-2.5.0/src/memchr/naive.rs:11:60\n   |\n11 | pub fn memchr3(n1: u8, n2: u8, n3: u8, haystack: &[u8]) -> Option<usize> {\n   |                                                            ^^^^^^ not found in this scope\n   |\nhelp: consider importing this enum\n   |\n3  + use core::option::Option;\n   |\n\nerror[E0412]: cannot find type `Option` in this scope\n  --> /Users/graysonnocera/.cargo/registry/src/index.crates.io-6f17d22bba15001f/memchr-2.5.0/src/memchr/naive.rs:15:44\n   |\n15 | pub fn memrchr(n1: u8, haystack: &[u8]) -> Option<usize> {\n   |                                            ^^^^^^ not found in this scope\n   |\nhelp: consider importing this enum\n   |\n3  + use core::option::Option;\n   |\n\nerror[E0412]: cannot find type `Option` in this scope\n  --> /Users/graysonnocera/.cargo/registry/src/index.crates.io-6f17d22bba15001f/memchr-2.5.0/src/memchr/naive.rs:19:53\n   |\n19 | pub fn memrchr2(n1: u8, n2: u8, haystack: &[u8]) -> Option<usize> {\n   |                                                     ^^^^^^ not found in this scope\n   |\nhelp: consider importing this enum\n   |\n3  + use core::option::Option;\n   |\n\nerror[E0412]: cannot find type `Option` in this scope\n  --> /Users/graysonnocera/.cargo/registry/src/index.crates.io-6f17d22bba15001f/memchr-2.5.0/src/memchr/naive.rs:23:61\n   |\n23 | pub fn memrchr3(n1: u8, n2: u8, n3: u8, haystack: &[u8]) -> Option<usize> {\n   |                                                             ^^^^^^ not found in this scope\n   |\nhelp: consider importing this enum\n   |\n3  + use core::option::Option;\n   |\n\nerror[E0412]: cannot find type `Option` in this scope\n  --> /Users/graysonnocera/.cargo/registry/src/index.crates.io-6f17d22bba15001f/memchr-2.5.0/src/memchr/mod.rs:87:47\n   |\n87 | pub fn memchr(needle: u8, haystack: &[u8]) -> Option<usize> {\n   |                                               ^^^^^^ not found in this scope\n   |\nhelp: consider importing this enum\n   |\n1  + use core::option::Option;\n   |\n\nerror[E0412]: cannot find type `Option` in this scope\n   --> /Users/graysonnocera/.cargo/registry/src/index.crates.io-6f17d22bba15001f/memchr-2.5.0/src/memchr/mod.rs:116:40\n    |\n116 |     fn imp(n1: u8, haystack: &[u8]) -> Option<usize> {\n    |                                        ^^^^^^ not found in this scope\n    |\nhelp: consider importing this enum\n    |\n1   + use core::option::Option;\n    |\n\nerror[E0425]: cannot find value `None` in this scope\n   --> /Users/graysonnocera/.cargo/registry/src/index.crates.io-6f17d22bba15001f/memchr-2.5.0/src/memchr/mod.rs:121:9\n    |\n121 |         None\n    |         ^^^^ not found in this scope\n    |\nhelp: consider importing one of these unit variants\n    |\n1   + use crate::memmem::Prefilter::None;\n    |\n1   + use core::option::Option::None;\n    |\n\nerror[E0412]: cannot find type `Option` in this scope\n   --> /Users/graysonnocera/.cargo/registry/src/index.crates.io-6f17d22bba15001f/memchr-2.5.0/src/memchr/mod.rs:151:62\n    |\n151 | pub fn memchr2(needle1: u8, needle2: u8, haystack: &[u8]) -> Option<usize> {\n    |                                                              ^^^^^^ not found in this scope\n    |\nhelp: consider importing this enum\n    |\n1   + use core::option::Option;\n    |\n\nerror[E0412]: cannot find type `Option` in this scope\n   --> /Users/graysonnocera/.cargo/registry/src/index.crates.io-6f17d22bba15001f/memchr-2.5.0/src/memchr/mod.rs:169:48\n    |\n169 |     fn imp(n1: u8, n2: u8, haystack: &[u8]) -> Option<usize> {\n    |                                                ^^^^^^ not found in this scope\n    |\nhelp: consider importing this enum\n    |\n1   + use core::option::Option;\n    |\n\nerror[E0425]: cannot find value `None` in this scope\n   --> /Users/graysonnocera/.cargo/registry/src/index.crates.io-6f17d22bba15001f/memchr-2.5.0/src/memchr/mod.rs:174:9\n    |\n174 |         None\n    |         ^^^^ not found in this scope\n    |\nhelp: consider importing one of these unit variants\n    |\n1   + use crate::memmem::Prefilter::None;\n    |\n1   + use core::option::Option::None;\n    |\n\nerror[E0412]: cannot find type `Option` in this scope\n   --> /Users/graysonnocera/.cargo/registry/src/index.crates.io-6f17d22bba15001f/memchr-2.5.0/src/memchr/mod.rs:209:6\n    |\n209 | ) -> Option<usize> {\n    |      ^^^^^^ not found in this scope\n    |\nhelp: consider importing this enum\n    |\n1   + use core::option::Option;\n    |\n\nerror[E0412]: cannot find type `Option` in this scope\n   --> /Users/graysonnocera/.cargo/registry/src/index.crates.io-6f17d22bba15001f/memchr-2.5.0/src/memchr/mod.rs:227:56\n    |\n227 |     fn imp(n1: u8, n2: u8, n3: u8, haystack: &[u8]) -> Option<usize> {\n    |                                                        ^^^^^^ not found in this scope\n    |\nhelp: consider importing this enum\n    |\n1   + use core::option::Option;\n    |\n\nerror[E0425]: cannot find value `None` in this scope\n   --> /Users/graysonnocera/.cargo/registry/src/index.crates.io-6f17d22bba15001f/memchr-2.5.0/src/memchr/mod.rs:232:9\n    |\n232 |         None\n    |         ^^^^ not found in this scope\n    |\nhelp: consider importing one of these unit variants\n    |\n1   + use crate::memmem::Prefilter::None;\n    |\n1   + use core::option::Option::None;\n    |\n\nerror[E0412]: cannot find type `Option` in this scope\n   --> /Users/graysonnocera/.cargo/registry/src/index.crates.io-6f17d22bba15001f/memchr-2.5.0/src/memchr/mod.rs:260:48\n    |\n260 | pub fn memrchr(needle: u8, haystack: &[u8]) -> Option<usize> {\n    |                                                ^^^^^^ not found in this scope\n    |\nhelp: consider importing this enum\n    |\n1   + use core::option::Option;\n    |\n\nerror[E0412]: cannot find type `Option` in this scope\n   --> /Users/graysonnocera/.cargo/registry/src/index.crates.io-6f17d22bba15001f/memchr-2.5.0/src/memchr/mod.rs:290:40\n    |\n290 |     fn imp(n1: u8, haystack: &[u8]) -> Option<usize> {\n    |                                        ^^^^^^ not found in this scope\n    |\nhelp: consider importing this enum\n    |\n1   + use core::option::Option;\n    |\n\nerror[E0425]: cannot find value `None` in this scope\n   --> /Users/graysonnocera/.cargo/registry/src/index.crates.io-6f17d22bba15001f/memchr-2.5.0/src/memchr/mod.rs:295:9\n    |\n295 |         None\n    |         ^^^^ not found in this scope\n    |\nhelp: consider importing one of these unit variants\n    |\n1   + use crate::memmem::Prefilter::None;\n    |\n1   + use core::option::Option::None;\n    |\n\nerror[E0412]: cannot find type `Option` in this scope\n   --> /Users/graysonnocera/.cargo/registry/src/index.crates.io-6f17d22bba15001f/memchr-2.5.0/src/memchr/mod.rs:325:63\n    |\n325 | pub fn memrchr2(needle1: u8, needle2: u8, haystack: &[u8]) -> Option<usize> {\n    |                                                               ^^^^^^ not found in this scope\n    |\nhelp: consider importing this enum\n    |\n1   + use core::option::Option;\n    |\n\nerror[E0412]: cannot find type `Option` in this scope\n   --> /Users/graysonnocera/.cargo/registry/src/index.crates.io-6f17d22bba15001f/memchr-2.5.0/src/memchr/mod.rs:343:48\n    |\n343 |     fn imp(n1: u8, n2: u8, haystack: &[u8]) -> Option<usize> {\n    |                                                ^^^^^^ not found in this scope\n    |\nhelp: consider importing this enum\n    |\n1   + use core::option::Option;\n    |\n\nerror[E0425]: cannot find value `None` in this scope\n   --> /Users/graysonnocera/.cargo/registry/src/index.crates.io-6f17d22bba15001f/memchr-2.5.0/src/memchr/mod.rs:348:9\n    |\n348 |         None\n    |         ^^^^ not found in this scope\n    |\nhelp: consider importing one of these unit variants\n    |\n1   + use crate::memmem::Prefilter::None;\n    |\n1   + use core::option::Option::None;\n    |\n\nerror[E0412]: cannot find type `Option` in this scope\n   --> /Users/graysonnocera/.cargo/registry/src/index.crates.io-6f17d22bba15001f/memchr-2.5.0/src/memchr/mod.rs:383:6\n    |\n383 | ) -> Option<usize> {\n    |      ^^^^^^ not found in this scope\n    |\nhelp: consider importing this enum\n    |\n1   + use core::option::Option;\n    |\n\nerror[E0412]: cannot find type `Option` in this scope\n   --> /Users/graysonnocera/.cargo/registry/src/index.crates.io-6f17d22bba15001f/memchr-2.5.0/src/memchr/mod.rs:401:56\n    |\n401 |     fn imp(n1: u8, n2: u8, n3: u8, haystack: &[u8]) -> Option<usize> {\n    |                                                        ^^^^^^ not found in this scope\n    |\nhelp: consider importing this enum\n    |\n1   + use core::option::Option;\n    |\n\nerror[E0425]: cannot find value `None` in this scope\n   --> /Users/graysonnocera/.cargo/registry/src/index.crates.io-6f17d22bba15001f/memchr-2.5.0/src/memchr/mod.rs:406:9\n    |\n406 |         None\n    |         ^^^^ not found in this scope\n    |\nhelp: consider importing one of these unit variants\n    |\n1   + use crate::memmem::Prefilter::None;\n    |\n1   + use core::option::Option::None;\n    |\n\nerror[E0412]: cannot find type `Option` in this scope\n  --> /Users/graysonnocera/.cargo/registry/src/index.crates.io-6f17d22bba15001f/memchr-2.5.0/src/memmem/prefilter/fallback.rs:54:6\n   |\n54 | ) -> Option<usize> {\n   |      ^^^^^^ not found in this scope\n   |\nhelp: consider importing this enum\n   |\n31 + use core::option::Option;\n   |\n\nerror[E0425]: cannot find function, tuple struct or tuple variant `Some` in this scope\n  --> /Users/graysonnocera/.cargo/registry/src/index.crates.io-6f17d22bba15001f/memchr-2.5.0/src/memmem/prefilter/fallback.rs:76:44\n   |\n76 |         if haystack.get(aligned_rare2i) != Some(&rare2) {\n   |                                            ^^^^ not found in this scope\n   |\nhelp: consider importing this tuple variant\n   |\n31 + use core::option::Option::Some;\n   |\n\nerror[E0425]: cannot find function, tuple struct or tuple variant `Some` in this scope\n  --> /Users/graysonnocera/.cargo/registry/src/index.crates.io-6f17d22bba15001f/memchr-2.5.0/src/memmem/prefilter/fallback.rs:82:16\n   |\n82 |         return Some(i - rare1i);\n   |                ^^^^ not found in this scope\n   |\nhelp: consider importing this tuple variant\n   |\n31 + use core::option::Option::Some;\n   |\n\nerror[E0425]: cannot find function, tuple struct or tuple variant `Some` in this scope\n  --> /Users/graysonnocera/.cargo/registry/src/index.crates.io-6f17d22bba15001f/memchr-2.5.0/src/memmem/prefilter/fallback.rs:88:5\n   |\n88 |     Some(i.saturating_sub(rare1i))\n   |     ^^^^ not found in this scope\n   |\nhelp: consider importing this tuple variant\n   |\n31 + use core::option::Option::Some;\n   |\n\nerror[E0412]: cannot find type `Option` in this scope\n  --> /Users/graysonnocera/.cargo/registry/src/index.crates.io-6f17d22bba15001f/memchr-2.5.0/src/memmem/prefilter/mod.rs:38:10\n   |\n38 |     ) -> Option<usize> {\n   |          ^^^^^^ not found in this scope\n   |\nhelp: consider importing this enum\n   |\n1  + use core::option::Option;\n   |\n\nerror[E0412]: cannot find type `Option` in this scope\n  --> /Users/graysonnocera/.cargo/registry/src/index.crates.io-6f17d22bba15001f/memchr-2.5.0/src/memmem/prefilter/mod.rs:93:6\n   |\n93 | ) -> Option<usize>;\n   |      ^^^^^^ not found in this scope\n   |\nhelp: consider importing this enum\n   |\n1  + use core::option::Option;\n   |\n\nerror[E0412]: cannot find type `Option` in this scope\n   --> /Users/graysonnocera/.cargo/registry/src/index.crates.io-6f17d22bba15001f/memchr-2.5.0/src/memmem/prefilter/mod.rs:130:10\n    |\n130 |     ) -> Option<usize> {\n    |          ^^^^^^ not found in this scope\n    |\nhelp: consider importing this enum\n    |\n1   + use core::option::Option;\n    |\n\nerror[E0405]: cannot find trait `Default` in this scope\n   --> /Users/graysonnocera/.cargo/registry/src/index.crates.io-6f17d22bba15001f/memchr-2.5.0/src/memmem/prefilter/mod.rs:179:6\n    |\n179 | impl Default for Prefilter {\n    |      ^^^^^^^ not found in this scope\n    |\nhelp: consider importing this trait\n    |\n1   + use core::default::Default;\n    |\n\nerror[E0412]: cannot find type `Option` in this scope\n   --> /Users/graysonnocera/.cargo/registry/src/index.crates.io-6f17d22bba15001f/memchr-2.5.0/src/memmem/prefilter/mod.rs:294:6\n    |\n294 | ) -> Option<PrefilterFn> {\n    |      ^^^^^^ not found in this scope\n    |\nhelp: consider importing this enum\n    |\n1   + use core::option::Option;\n    |\n\nerror[E0425]: cannot find value `None` in this scope\n   --> /Users/graysonnocera/.cargo/registry/src/index.crates.io-6f17d22bba15001f/memchr-2.5.0/src/memmem/prefilter/mod.rs:296:16\n    |\n296 |         return None;\n    |                ^^^^ not found in this scope\n    |\nhelp: consider importing one of these unit variants\n    |\n1   + use crate::memmem::Prefilter::None;\n    |\n1   + use core::option::Option::None;\n    |\n\nerror[E0425]: cannot find function, tuple struct or tuple variant `Some` in this scope\n   --> /Users/graysonnocera/.cargo/registry/src/index.crates.io-6f17d22bba15001f/memchr-2.5.0/src/memmem/prefilter/mod.rs:333:25\n    |\n333 |         return unsafe { Some(PrefilterFn::new(fallback::find)) };\n    |                         ^^^^ not found in this scope\n    |\nhelp: consider importing this tuple variant\n    |\n1   + use core::option::Option::Some;\n    |\n\nerror[E0425]: cannot find value `None` in this scope\n   --> /Users/graysonnocera/.cargo/registry/src/index.crates.io-6f17d22bba15001f/memchr-2.5.0/src/memmem/prefilter/mod.rs:335:5\n    |\n335 |     None\n    |     ^^^^ not found in this scope\n    |\nhelp: consider importing one of these unit variants\n    |\n1   + use crate::memmem::Prefilter::None;\n    |\n1   + use core::option::Option::None;\n    |\n\nerror[E0412]: cannot find type `Option` in this scope\n  --> /Users/graysonnocera/.cargo/registry/src/index.crates.io-6f17d22bba15001f/memchr-2.5.0/src/memmem/rabinkarp.rs:40:55\n   |\n40 | pub(crate) fn find(haystack: &[u8], needle: &[u8]) -> Option<usize> {\n   |                                                       ^^^^^^ not found in this scope\n   |\nhelp: consider importing this enum\n   |\n34 + use core::option::Option;\n   |\n\nerror[E0412]: cannot find type `Option` in this scope\n  --> /Users/graysonnocera/.cargo/registry/src/index.crates.io-6f17d22bba15001f/memchr-2.5.0/src/memmem/rabinkarp.rs:50:6\n   |\n50 | ) -> Option<usize> {\n   |      ^^^^^^ not found in this scope\n   |\nhelp: consider importing this enum\n   |\n34 + use core::option::Option;\n   |\n\nerror[E0425]: cannot find value `None` in this scope\n  --> /Users/graysonnocera/.cargo/registry/src/index.crates.io-6f17d22bba15001f/memchr-2.5.0/src/memmem/rabinkarp.rs:52:16\n   |\n52 |         return None;\n   |                ^^^^ not found in this scope\n   |\nhelp: consider importing one of these unit variants\n   |\n34 + use crate::memmem::Prefilter::None;\n   |\n34 + use core::option::Option::None;\n   |\n\nerror[E0425]: cannot find function, tuple struct or tuple variant `Some` in this scope\n  --> /Users/graysonnocera/.cargo/registry/src/index.crates.io-6f17d22bba15001f/memchr-2.5.0/src/memmem/rabinkarp.rs:60:20\n   |\n60 |             return Some(haystack.as_ptr() as usize - start);\n   |                    ^^^^ not found in this scope\n   |\nhelp: consider importing this tuple variant\n   |\n34 + use core::option::Option::Some;\n   |\n\nerror[E0425]: cannot find value `None` in this scope\n  --> /Users/graysonnocera/.cargo/registry/src/index.crates.io-6f17d22bba15001f/memchr-2.5.0/src/memmem/rabinkarp.rs:63:20\n   |\n63 |             return None;\n   |                    ^^^^ not found in this scope\n   |\nhelp: consider importing one of these unit variants\n   |\n34 + use crate::memmem::Prefilter::None;\n   |\n34 + use core::option::Option::None;\n   |\n\nerror[E0412]: cannot find type `Option` in this scope\n  --> /Users/graysonnocera/.cargo/registry/src/index.crates.io-6f17d22bba15001f/memchr-2.5.0/src/memmem/rabinkarp.rs:71:56\n   |\n71 | pub(crate) fn rfind(haystack: &[u8], needle: &[u8]) -> Option<usize> {\n   |                                                        ^^^^^^ not found in this scope\n   |\nhelp: consider importing this enum\n   |\n34 + use core::option::Option;\n   |\n\nerror[E0412]: cannot find type `Option` in this scope\n  --> /Users/graysonnocera/.cargo/registry/src/index.crates.io-6f17d22bba15001f/memchr-2.5.0/src/memmem/rabinkarp.rs:81:6\n   |\n81 | ) -> Option<usize> {\n   |      ^^^^^^ not found in this scope\n   |\nhelp: consider importing this enum\n   |\n34 + use core::option::Option;\n   |\n\nerror[E0425]: cannot find value `None` in this scope\n  --> /Users/graysonnocera/.cargo/registry/src/index.crates.io-6f17d22bba15001f/memchr-2.5.0/src/memmem/rabinkarp.rs:83:16\n   |\n83 |         return None;\n   |                ^^^^ not found in this scope\n   |\nhelp: consider importing one of these unit variants\n   |\n34 + use crate::memmem::Prefilter::None;\n   |\n34 + use core::option::Option::None;\n   |\n\nerror[E0425]: cannot find function, tuple struct or tuple variant `Some` in this scope\n  --> /Users/graysonnocera/.cargo/registry/src/index.crates.io-6f17d22bba15001f/memchr-2.5.0/src/memmem/rabinkarp.rs:89:20\n   |\n89 |             return Some(haystack.len() - needle.len());\n   |                    ^^^^ not found in this scope\n   |\nhelp: consider importing this tuple variant\n   |\n34 + use core::option::Option::Some;\n   |\n\nerror[E0425]: cannot find value `None` in this scope\n  --> /Users/graysonnocera/.cargo/registry/src/index.crates.io-6f17d22bba15001f/memchr-2.5.0/src/memmem/rabinkarp.rs:92:20\n   |\n92 |             return None;\n   |                    ^^^^ not found in this scope\n   |\nhelp: consider importing one of these unit variants\n   |\n34 + use crate::memmem::Prefilter::None;\n   |\n34 + use core::option::Option::None;\n   |\n\nerror[E0412]: cannot find type `Option` in this scope\n   --> /Users/graysonnocera/.cargo/registry/src/index.crates.io-6f17d22bba15001f/memchr-2.5.0/src/memmem/twoway.rs:109:14\n    |\n109 |         pre: Option<&mut Pre<'_>>,\n    |              ^^^^^^ not found in this scope\n    |\nhelp: consider importing this enum\n    |\n1   + use core::option::Option;\n    |\n\nerror[E0412]: cannot find type `Option` in this scope\n   --> /Users/graysonnocera/.cargo/registry/src/index.crates.io-6f17d22bba15001f/memchr-2.5.0/src/memmem/twoway.rs:112:10\n    |\n112 |     ) -> Option<usize> {\n    |          ^^^^^^ not found in this scope\n    |\nhelp: consider importing this enum\n    |\n1   + use core::option::Option;\n    |\n\nerror[E0412]: cannot find type `Option` in this scope\n   --> /Users/graysonnocera/.cargo/registry/src/index.crates.io-6f17d22bba15001f/memchr-2.5.0/src/memmem/twoway.rs:154:18\n    |\n154 |         mut pre: Option<&mut Pre<'_>>,\n    |                  ^^^^^^ not found in this scope\n    |\nhelp: consider importing this enum\n    |\n1   + use core::option::Option;\n    |\n\nerror[E0412]: cannot find type `Option` in this scope\n   --> /Users/graysonnocera/.cargo/registry/src/index.crates.io-6f17d22bba15001f/memchr-2.5.0/src/memmem/twoway.rs:158:10\n    |\n158 |     ) -> Option<usize> {\n    |          ^^^^^^ not found in this scope\n    |\nhelp: consider importing this enum\n    |\n1   + use core::option::Option;\n    |\n\nerror[E0531]: cannot find tuple struct or tuple variant `Some` in this scope\n   --> /Users/graysonnocera/.cargo/registry/src/index.crates.io-6f17d22bba15001f/memchr-2.5.0/src/memmem/twoway.rs:164:20\n    |\n164 |             if let Some(pre) = pre.as_mut() {\n    |                    ^^^^ not found in this scope\n    |\nhelp: consider importing this tuple variant\n    |\n1   + use core::option::Option::Some;\n    |\n\nerror[E0425]: cannot find value `None` in this scope\n   --> /Users/graysonnocera/.cargo/registry/src/index.crates.io-6f17d22bba15001f/memchr-2.5.0/src/memmem/twoway.rs:170:32\n    |\n170 |                         return None;\n    |                                ^^^^ not found in this scope\n    |\nhelp: consider importing one of these unit variants\n    |\n1   + use crate::memmem::Prefilter::None;\n    |\n1   + use core::option::Option::None;\n    |\n\nerror[E0425]: cannot find function, tuple struct or tuple variant `Some` in this scope\n   --> /Users/graysonnocera/.cargo/registry/src/index.crates.io-6f17d22bba15001f/memchr-2.5.0/src/memmem/twoway.rs:191:28\n    |\n191 |                     return Some(pos);\n    |                            ^^^^ not found in this scope\n    |\nhelp: consider importing this tuple variant\n    |\n1   + use core::option::Option::Some;\n    |\n\nerror[E0425]: cannot find value `None` in this scope\n   --> /Users/graysonnocera/.cargo/registry/src/index.crates.io-6f17d22bba15001f/memchr-2.5.0/src/memmem/twoway.rs:197:9\n    |\n197 |         None\n    |         ^^^^ not found in this scope\n    |\nhelp: consider importing one of these unit variants\n    |\n1   + use crate::memmem::Prefilter::None;\n    |\n1   + use core::option::Option::None;\n    |\n\nerror[E0412]: cannot find type `Option` in this scope\n   --> /Users/graysonnocera/.cargo/registry/src/index.crates.io-6f17d22bba15001f/memchr-2.5.0/src/memmem/twoway.rs:203:18\n    |\n203 |         mut pre: Option<&mut Pre<'_>>,\n    |                  ^^^^^^ not found in this scope\n    |\nhelp: consider importing this enum\n    |\n1   + use core::option::Option;\n    |\n\nerror[E0412]: cannot find type `Option` in this scope\n   --> /Users/graysonnocera/.cargo/registry/src/index.crates.io-6f17d22bba15001f/memchr-2.5.0/src/memmem/twoway.rs:207:10\n    |\n207 |     ) -> Option<usize> {\n    |          ^^^^^^ not found in this scope\n    |\nhelp: consider importing this enum\n    |\n1   + use core::option::Option;\n    |\n\nerror[E0531]: cannot find tuple struct or tuple variant `Some` in this scope\n   --> /Users/graysonnocera/.cargo/registry/src/index.crates.io-6f17d22bba15001f/memchr-2.5.0/src/memmem/twoway.rs:211:20\n    |\n211 |             if let Some(pre) = pre.as_mut() {\n    |                    ^^^^ not found in this scope\n    |\nhelp: consider importing this tuple variant\n    |\n1   + use core::option::Option::Some;\n    |\n\nerror[E0425]: cannot find value `None` in this scope\n   --> /Users/graysonnocera/.cargo/registry/src/index.crates.io-6f17d22bba15001f/memchr-2.5.0/src/memmem/twoway.rs:215:32\n    |\n215 |                         return None;\n    |                                ^^^^ not found in this scope\n    |\nhelp: consider importing one of these unit variants\n    |\n1   + use crate::memmem::Prefilter::None;\n    |\n1   + use core::option::Option::None;\n    |\n\nerror[E0425]: cannot find function, tuple struct or tuple variant `Some` in this scope\n   --> /Users/graysonnocera/.cargo/registry/src/index.crates.io-6f17d22bba15001f/memchr-2.5.0/src/memmem/twoway.rs:237:24\n    |\n237 |                 return Some(pos);\n    |                        ^^^^ not found in this scope\n    |\nhelp: consider importing this tuple variant\n    |\n1   + use core::option::Option::Some;\n    |\n\nerror[E0425]: cannot find value `None` in this scope\n   --> /Users/graysonnocera/.cargo/registry/src/index.crates.io-6f17d22bba15001f/memchr-2.5.0/src/memmem/twoway.rs:240:9\n    |\n240 |         None\n    |         ^^^^ not found in this scope\n    |\nhelp: consider importing one of these unit variants\n    |\n1   + use crate::memmem::Prefilter::None;\n    |\n1   + use core::option::Option::None;\n    |\n\nerror[E0412]: cannot find type `Option` in this scope\n   --> /Users/graysonnocera/.cargo/registry/src/index.crates.io-6f17d22bba15001f/memchr-2.5.0/src/memmem/twoway.rs:279:10\n    |\n279 |     ) -> Option<usize> {\n    |          ^^^^^^ not found in this scope\n    |\nhelp: consider importing this enum\n    |\n1   + use core::option::Option;\n    |\n\nerror[E0412]: cannot find type `Option` in this scope\n   --> /Users/graysonnocera/.cargo/registry/src/index.crates.io-6f17d22bba15001f/memchr-2.5.0/src/memmem/twoway.rs:316:10\n    |\n316 |     ) -> Option<usize> {\n    |          ^^^^^^ not found in this scope\n    |\nhelp: consider importing this enum\n    |\n1   + use core::option::Option;\n    |\n\nerror[E0425]: cannot find function, tuple struct or tuple variant `Some` in this scope\n   --> /Users/graysonnocera/.cargo/registry/src/index.crates.io-6f17d22bba15001f/memchr-2.5.0/src/memmem/twoway.rs:339:28\n    |\n339 |                     return Some(pos - nlen);\n    |                            ^^^^ not found in this scope\n    |\nhelp: consider importing this tuple variant\n    |\n1   + use core::option::Option::Some;\n    |\n\nerror[E0425]: cannot find value `None` in this scope\n   --> /Users/graysonnocera/.cargo/registry/src/index.crates.io-6f17d22bba15001f/memchr-2.5.0/src/memmem/twoway.rs:345:9\n    |\n345 |         None\n    |         ^^^^ not found in this scope\n    |\nhelp: consider importing one of these unit variants\n    |\n1   + use crate::memmem::Prefilter::None;\n    |\n1   + use core::option::Option::None;\n    |\n\nerror[E0412]: cannot find type `Option` in this scope\n   --> /Users/graysonnocera/.cargo/registry/src/index.crates.io-6f17d22bba15001f/memchr-2.5.0/src/memmem/twoway.rs:354:10\n    |\n354 |     ) -> Option<usize> {\n    |          ^^^^^^ not found in this scope\n    |\nhelp: consider importing this enum\n    |\n1   + use core::option::Option;\n    |\n\nerror[E0425]: cannot find function, tuple struct or tuple variant `Some` in this scope\n   --> /Users/graysonnocera/.cargo/registry/src/index.crates.io-6f17d22bba15001f/memchr-2.5.0/src/memmem/twoway.rs:374:28\n    |\n374 |                     return Some(pos - nlen);\n    |                            ^^^^ not found in this scope\n    |\nhelp: consider importing this tuple variant\n    |\n1   + use core::option::Option::Some;\n    |\n\nerror[E0425]: cannot find value `None` in this scope\n   --> /Users/graysonnocera/.cargo/registry/src/index.crates.io-6f17d22bba15001f/memchr-2.5.0/src/memmem/twoway.rs:379:9\n    |\n379 |         None\n    |         ^^^^ not found in this scope\n    |\nhelp: consider importing one of these unit variants\n    |\n1   + use crate::memmem::Prefilter::None;\n    |\n1   + use core::option::Option::None;\n    |\n\nerror[E0405]: cannot find trait `Sized` in this scope\n   --> /Users/graysonnocera/.cargo/registry/src/index.crates.io-6f17d22bba15001f/memchr-2.5.0/src/memmem/mod.rs:190:35\n    |\n190 | pub fn find_iter<'h, 'n, N: 'n + ?Sized + AsRef<[u8]>>(\n    |                                   ^^^^^ not found in this scope\n    |\nhelp: consider importing this trait\n    |\n69  + use core::marker::Sized;\n    |\n\nerror[E0405]: cannot find trait `AsRef` in this scope\n   --> /Users/graysonnocera/.cargo/registry/src/index.crates.io-6f17d22bba15001f/memchr-2.5.0/src/memmem/mod.rs:190:43\n    |\n190 | pub fn find_iter<'h, 'n, N: 'n + ?Sized + AsRef<[u8]>>(\n    |                                           ^^^^^ not found in this scope\n    |\nhelp: consider importing this trait\n    |\n69  + use core::convert::AsRef;\n    |\n\nerror[E0405]: cannot find trait `Sized` in this scope\n   --> /Users/graysonnocera/.cargo/registry/src/index.crates.io-6f17d22bba15001f/memchr-2.5.0/src/memmem/mod.rs:224:36\n    |\n224 | pub fn rfind_iter<'h, 'n, N: 'n + ?Sized + AsRef<[u8]>>(\n    |                                    ^^^^^ not found in this scope\n    |\nhelp: consider importing this trait\n    |\n69  + use core::marker::Sized;\n    |\n\nerror[E0405]: cannot find trait `AsRef` in this scope\n   --> /Users/graysonnocera/.cargo/registry/src/index.crates.io-6f17d22bba15001f/memchr-2.5.0/src/memmem/mod.rs:224:44\n    |\n224 | pub fn rfind_iter<'h, 'n, N: 'n + ?Sized + AsRef<[u8]>>(\n    |                                            ^^^^^ not found in this scope\n    |\nhelp: consider importing this trait\n    |\n69  + use core::convert::AsRef;\n    |\n\nerror[E0412]: cannot find type `Option` in this scope\n   --> /Users/graysonnocera/.cargo/registry/src/index.crates.io-6f17d22bba15001f/memchr-2.5.0/src/memmem/mod.rs:259:48\n    |\n259 | pub fn find(haystack: &[u8], needle: &[u8]) -> Option<usize> {\n    |                                                ^^^^^^ not found in this scope\n    |\nhelp: consider importing this enum\n    |\n69  + use core::option::Option;\n    |\n\nerror[E0412]: cannot find type `Option` in this scope\n   --> /Users/graysonnocera/.cargo/registry/src/index.crates.io-6f17d22bba15001f/memchr-2.5.0/src/memmem/mod.rs:296:49\n    |\n296 | pub fn rfind(haystack: &[u8], needle: &[u8]) -> Option<usize> {\n    |                                                 ^^^^^^ not found in this scope\n    |\nhelp: consider importing this enum\n    |\n69  + use core::option::Option;\n    |\n\nerror[E0405]: cannot find trait `Iterator` in this scope\n   --> /Users/graysonnocera/.cargo/registry/src/index.crates.io-6f17d22bba15001f/memchr-2.5.0/src/memmem/mod.rs:347:14\n    |\n347 | impl<'h, 'n> Iterator for FindIter<'h, 'n> {\n    |              ^^^^^^^^ not found in this scope\n    |\nhelp: consider importing this trait\n    |\n69  + use core::iter::Iterator;\n    |\n\nerror[E0412]: cannot find type `Option` in this scope\n   --> /Users/graysonnocera/.cargo/registry/src/index.crates.io-6f17d22bba15001f/memchr-2.5.0/src/memmem/mod.rs:350:27\n    |\n350 |     fn next(&mut self) -> Option<usize> {\n    |                           ^^^^^^ not found in this scope\n    |\nhelp: consider importing this enum\n    |\n69  + use core::option::Option;\n    |\n\nerror[E0425]: cannot find value `None` in this scope\n   --> /Users/graysonnocera/.cargo/registry/src/index.crates.io-6f17d22bba15001f/memchr-2.5.0/src/memmem/mod.rs:352:20\n    |\n352 |             return None;\n    |                    ^^^^ not found in this scope\n    |\nhelp: consider importing one of these unit variants\n    |\n69  + use crate::memmem::Prefilter::None;\n    |\n69  + use core::option::Option::None;\n    |\n\nerror[E0531]: cannot find tuple struct or tuple variant `Some` in this scope\n   --> /Users/graysonnocera/.cargo/registry/src/index.crates.io-6f17d22bba15001f/memchr-2.5.0/src/memmem/mod.rs:360:13\n    |\n360 |             Some(i) => {\n    |             ^^^^ not found in this scope\n    |\nhelp: consider importing this tuple variant\n    |\n69  + use core::option::Option::Some;\n    |\n\nerror[E0425]: cannot find function, tuple struct or tuple variant `Some` in this scope\n   --> /Users/graysonnocera/.cargo/registry/src/index.crates.io-6f17d22bba15001f/memchr-2.5.0/src/memmem/mod.rs:363:17\n    |\n363 |                 Some(pos)\n    |                 ^^^^ not found in this scope\n    |\nhelp: consider importing this tuple variant\n    |\n69  + use core::option::Option::Some;\n    |\n\nerror[E0412]: cannot find type `Option` in this scope\n   --> /Users/graysonnocera/.cargo/registry/src/index.crates.io-6f17d22bba15001f/memchr-2.5.0/src/memmem/mod.rs:381:10\n    |\n381 |     pos: Option<usize>,\n    |          ^^^^^^ not found in this scope\n    |\nhelp: consider importing this enum\n    |\n69  + use core::option::Option;\n    |\n\nerror[E0425]: cannot find function, tuple struct or tuple variant `Some` in this scope\n   --> /Users/graysonnocera/.cargo/registry/src/index.crates.io-6f17d22bba15001f/memchr-2.5.0/src/memmem/mod.rs:390:19\n    |\n390 |         let pos = Some(haystack.len());\n    |                   ^^^^ not found in this scope\n    |\nhelp: consider importing this tuple variant\n    |\n69  + use core::option::Option::Some;\n    |\n\nerror[E0405]: cannot find trait `Iterator` in this scope\n   --> /Users/graysonnocera/.cargo/registry/src/index.crates.io-6f17d22bba15001f/memchr-2.5.0/src/memmem/mod.rs:412:14\n    |\n412 | impl<'h, 'n> Iterator for FindRevIter<'h, 'n> {\n    |              ^^^^^^^^ not found in this scope\n    |\nhelp: consider importing this trait\n    |\n69  + use core::iter::Iterator;\n    |\n\nerror[E0412]: cannot find type `Option` in this scope\n   --> /Users/graysonnocera/.cargo/registry/src/index.crates.io-6f17d22bba15001f/memchr-2.5.0/src/memmem/mod.rs:415:27\n    |\n415 |     fn next(&mut self) -> Option<usize> {\n    |                           ^^^^^^ not found in this scope\n    |\nhelp: consider importing this enum\n    |\n69  + use core::option::Option;\n    |\n\nerror[E0531]: cannot find tuple struct or tuple variant `Some` in this scope\n   --> /Users/graysonnocera/.cargo/registry/src/index.crates.io-6f17d22bba15001f/memchr-2.5.0/src/memmem/mod.rs:418:13\n    |\n418 |             Some(pos) => pos,\n    |             ^^^^ not found in this scope\n    |\nhelp: consider importing this tuple variant\n    |\n69  + use core::option::Option::Some;\n    |\n\nerror[E0531]: cannot find tuple struct or tuple variant `Some` in this scope\n   --> /Users/graysonnocera/.cargo/registry/src/index.crates.io-6f17d22bba15001f/memchr-2.5.0/src/memmem/mod.rs:423:13\n    |\n423 |             Some(i) => {\n    |             ^^^^ not found in this scope\n    |\nhelp: consider importing this tuple variant\n    |\n69  + use core::option::Option::Some;\n    |\n\nerror[E0425]: cannot find function, tuple struct or tuple variant `Some` in this scope\n   --> /Users/graysonnocera/.cargo/registry/src/index.crates.io-6f17d22bba15001f/memchr-2.5.0/src/memmem/mod.rs:427:32\n    |\n427 |                     self.pos = Some(i);\n    |                                ^^^^ not found in this scope\n    |\nhelp: consider importing this tuple variant\n    |\n69  + use core::option::Option::Some;\n    |\n\nerror[E0425]: cannot find function, tuple struct or tuple variant `Some` in this scope\n   --> /Users/graysonnocera/.cargo/registry/src/index.crates.io-6f17d22bba15001f/memchr-2.5.0/src/memmem/mod.rs:429:17\n    |\n429 |                 Some(i)\n    |                 ^^^^ not found in this scope\n    |\nhelp: consider importing this tuple variant\n    |\n69  + use core::option::Option::Some;\n    |\n\nerror[E0405]: cannot find trait `Sized` in this scope\n   --> /Users/graysonnocera/.cargo/registry/src/index.crates.io-6f17d22bba15001f/memchr-2.5.0/src/memmem/mod.rs:456:20\n    |\n456 |     pub fn new<B: ?Sized + AsRef<[u8]>>(needle: &'n B) -> Finder<'n> {\n    |                    ^^^^^ not found in this scope\n    |\nhelp: consider importing this trait\n    |\n69  + use core::marker::Sized;\n    |\n\nerror[E0405]: cannot find trait `AsRef` in this scope\n   --> /Users/graysonnocera/.cargo/registry/src/index.crates.io-6f17d22bba15001f/memchr-2.5.0/src/memmem/mod.rs:456:28\n    |\n456 |     pub fn new<B: ?Sized + AsRef<[u8]>>(needle: &'n B) -> Finder<'n> {\n    |                            ^^^^^ not found in this scope\n    |\nhelp: consider importing this trait\n    |\n69  + use core::convert::AsRef;\n    |\n\nerror[E0412]: cannot find type `Option` in this scope\n   --> /Users/graysonnocera/.cargo/registry/src/index.crates.io-6f17d22bba15001f/memchr-2.5.0/src/memmem/mod.rs:484:44\n    |\n484 |     pub fn find(&self, haystack: &[u8]) -> Option<usize> {\n    |                                            ^^^^^^ not found in this scope\n    |\nhelp: consider importing this enum\n    |\n69  + use core::option::Option;\n    |\n\nerror[E0405]: cannot find trait `Sized` in this scope\n   --> /Users/graysonnocera/.cargo/registry/src/index.crates.io-6f17d22bba15001f/memchr-2.5.0/src/memmem/mod.rs:583:20\n    |\n583 |     pub fn new<B: ?Sized + AsRef<[u8]>>(needle: &'n B) -> FinderRev<'n> {\n    |                    ^^^^^ not found in this scope\n    |\nhelp: consider importing this trait\n    |\n69  + use core::marker::Sized;\n    |\n\nerror[E0405]: cannot find trait `AsRef` in this scope\n   --> /Users/graysonnocera/.cargo/registry/src/index.crates.io-6f17d22bba15001f/memchr-2.5.0/src/memmem/mod.rs:583:28\n    |\n583 |     pub fn new<B: ?Sized + AsRef<[u8]>>(needle: &'n B) -> FinderRev<'n> {\n    |                            ^^^^^ not found in this scope\n    |\nhelp: consider importing this trait\n    |\n69  + use core::convert::AsRef;\n    |\n\nerror[E0405]: cannot find trait `AsRef` in this scope\n   --> /Users/graysonnocera/.cargo/registry/src/index.crates.io-6f17d22bba15001f/memchr-2.5.0/src/memmem/mod.rs:614:21\n    |\n614 |     pub fn rfind<B: AsRef<[u8]>>(&self, haystack: B) -> Option<usize> {\n    |                     ^^^^^ not found in this scope\n    |\nhelp: consider importing this trait\n    |\n69  + use core::convert::AsRef;\n    |\n\nerror[E0412]: cannot find type `Option` in this scope\n   --> /Users/graysonnocera/.cargo/registry/src/index.crates.io-6f17d22bba15001f/memchr-2.5.0/src/memmem/mod.rs:614:57\n    |\n614 |     pub fn rfind<B: AsRef<[u8]>>(&self, haystack: B) -> Option<usize> {\n    |                                                         ^^^^^^ not found in this scope\n    |\nhelp: consider importing this enum\n    |\n69  + use core::option::Option;\n    |\n\nerror[E0405]: cannot find trait `Sized` in this scope\n   --> /Users/graysonnocera/.cargo/registry/src/index.crates.io-6f17d22bba15001f/memchr-2.5.0/src/memmem/mod.rs:711:34\n    |\n711 |     pub fn build_forward<'n, B: ?Sized + AsRef<[u8]>>(\n    |                                  ^^^^^ not found in this scope\n    |\nhelp: consider importing this trait\n    |\n69  + use core::marker::Sized;\n    |\n\nerror[E0405]: cannot find trait `AsRef` in this scope\n   --> /Users/graysonnocera/.cargo/registry/src/index.crates.io-6f17d22bba15001f/memchr-2.5.0/src/memmem/mod.rs:711:42\n    |\n711 |     pub fn build_forward<'n, B: ?Sized + AsRef<[u8]>>(\n    |                                          ^^^^^ not found in this scope\n    |\nhelp: consider importing this trait\n    |\n69  + use core::convert::AsRef;\n    |\n\nerror[E0405]: cannot find trait `Sized` in this scope\n   --> /Users/graysonnocera/.cargo/registry/src/index.crates.io-6f17d22bba15001f/memchr-2.5.0/src/memmem/mod.rs:720:34\n    |\n720 |     pub fn build_reverse<'n, B: ?Sized + AsRef<[u8]>>(\n    |                                  ^^^^^ not found in this scope\n    |\nhelp: consider importing this trait\n    |\n69  + use core::marker::Sized;\n    |\n\nerror[E0405]: cannot find trait `AsRef` in this scope\n   --> /Users/graysonnocera/.cargo/registry/src/index.crates.io-6f17d22bba15001f/memchr-2.5.0/src/memmem/mod.rs:720:42\n    |\n720 |     pub fn build_reverse<'n, B: ?Sized + AsRef<[u8]>>(\n    |                                          ^^^^^ not found in this scope\n    |\nhelp: consider importing this trait\n    |\n69  + use core::convert::AsRef;\n    |\n\nerror[E0412]: cannot find type `Option` in this scope\n   --> /Users/graysonnocera/.cargo/registry/src/index.crates.io-6f17d22bba15001f/memchr-2.5.0/src/memmem/mod.rs:757:12\n    |\n757 |     prefn: Option<PrefilterFn>,\n    |            ^^^^^^ not found in this scope\n    |\nhelp: consider importing this enum\n    |\n69  + use core::option::Option;\n    |\n\nerror[E0412]: cannot find type `Option` in this scope\n   --> /Users/graysonnocera/.cargo/registry/src/index.crates.io-6f17d22bba15001f/memchr-2.5.0/src/memmem/mod.rs:934:10\n    |\n934 |     ) -> Option<usize> {\n    |          ^^^^^^ not found in this scope\n    |\nhelp: consider importing this enum\n    |\n69  + use core::option::Option;\n    |\n\nerror[E0425]: cannot find value `None` in this scope\n   --> /Users/graysonnocera/.cargo/registry/src/index.crates.io-6f17d22bba15001f/memchr-2.5.0/src/memmem/mod.rs:939:20\n    |\n939 |             return None;\n    |                    ^^^^ not found in this scope\n    |\nhelp: consider importing one of these unit variants\n    |\n69  + use crate::memmem::Prefilter::None;\n    |\n69  + use core::option::Option::None;\n    |\n\nerror[E0425]: cannot find function, tuple struct or tuple variant `Some` in this scope\n   --> /Users/graysonnocera/.cargo/registry/src/index.crates.io-6f17d22bba15001f/memchr-2.5.0/src/memmem/mod.rs:942:22\n    |\n942 |             Empty => Some(0),\n    |                      ^^^^ not found in this scope\n    |\nhelp: consider importing this tuple variant\n    |\n69  + use core::option::Option::Some;\n    |\n\nerror[E0412]: cannot find type `Option` in this scope\n   --> /Users/graysonnocera/.cargo/registry/src/index.crates.io-6f17d22bba15001f/memchr-2.5.0/src/memmem/mod.rs:996:10\n    |\n996 |     ) -> Option<usize> {\n    |          ^^^^^^ not found in this scope\n    |\nhelp: consider importing this enum\n    |\n69  + use core::option::Option;\n    |\n\nerror[E0531]: cannot find tuple struct or tuple variant `Some` in this scope\n   --> /Users/graysonnocera/.cargo/registry/src/index.crates.io-6f17d22bba15001f/memchr-2.5.0/src/memmem/mod.rs:997:16\n    |\n997 |         if let Some(prefn) = self.prefn {\n    |                ^^^^ not found in this scope\n    |\nhelp: consider importing this tuple variant\n    |\n69  + use core::option::Option::Some;\n    |\n\nerror[E0425]: cannot find function, tuple struct or tuple variant `Some` in this scope\n    --> /Users/graysonnocera/.cargo/registry/src/index.crates.io-6f17d22bba15001f/memchr-2.5.0/src/memmem/mod.rs:1005:32\n     |\n1005 |                 return tw.find(Some(&mut pre), haystack, needle);\n     |                                ^^^^ not found in this scope\n     |\nhelp: consider importing this tuple variant\n     |\n69   + use core::option::Option::Some;\n     |\n\nerror[E0425]: cannot find value `None` in this scope\n    --> /Users/graysonnocera/.cargo/registry/src/index.crates.io-6f17d22bba15001f/memchr-2.5.0/src/memmem/mod.rs:1008:17\n     |\n1008 |         tw.find(None, haystack, needle)\n     |                 ^^^^ not found in this scope\n     |\nhelp: consider importing one of these unit variants\n     |\n69   + use crate::memmem::Prefilter::None;\n     |\n69   + use core::option::Option::None;\n     |\n\nerror[E0412]: cannot find type `Option` in this scope\n    --> /Users/graysonnocera/.cargo/registry/src/index.crates.io-6f17d22bba15001f/memchr-2.5.0/src/memmem/mod.rs:1109:41\n     |\n1109 |     fn rfind(&self, haystack: &[u8]) -> Option<usize> {\n     |                                         ^^^^^^ not found in this scope\n     |\nhelp: consider importing this enum\n     |\n69   + use core::option::Option;\n     |\n\nerror[E0425]: cannot find value `None` in this scope\n    --> /Users/graysonnocera/.cargo/registry/src/index.crates.io-6f17d22bba15001f/memchr-2.5.0/src/memmem/mod.rs:1114:20\n     |\n1114 |             return None;\n     |                    ^^^^ not found in this scope\n     |\nhelp: consider importing one of these unit variants\n     |\n69   + use crate::memmem::Prefilter::None;\n     |\n69   + use core::option::Option::None;\n     |\n\nerror[E0425]: cannot find function, tuple struct or tuple variant `Some` in this scope\n    --> /Users/graysonnocera/.cargo/registry/src/index.crates.io-6f17d22bba15001f/memchr-2.5.0/src/memmem/mod.rs:1117:22\n     |\n1117 |             Empty => Some(haystack.len()),\n     |                      ^^^^ not found in this scope\n     |\nhelp: consider importing this tuple variant\n     |\n69   + use core::option::Option::Some;\n     |\n\nerror[E0433]: failed to resolve: use of undeclared type `Box`\n  --> /Users/graysonnocera/.cargo/registry/src/index.crates.io-6f17d22bba15001f/memchr-2.5.0/src/cow.rs:64:53\n   |\n64 |             Imp::Borrowed(b) => CowBytes::new_owned(Box::from(b)),\n   |                                                     ^^^ use of undeclared type `Box`\n\nSome errors have detailed explanations: E0405, E0412, E0425, E0433, E0463, E0531.\nerror: could not compile `memchr` (lib) due to 200 previous errors\n",
      "stdout": ""
    },
    "features": [
      "std"
    ],
    "project": "../../../Downloads/695-Project/dataset/nostd-failed-crates/crates/rkyv_codec-0.3.1/src",
    "time_to_build": 1879,
    "time_to_solve": 58
  }
]