[
  {
    "built_with_features": null,
    "command": {
      "args": [
        "build",
        "--target",
        "thumbv7m-none-eabi",
        "--no-default-features"
      ],
      "code": 101,
      "stderr": "   Compiling rlay_ontology v0.2.6 (/Users/graysonnocera/Downloads/695-Project/dataset/nostd-failed-crates/crates/rlay_ontology-0.2.6)\nerror: cannot find macro `format` in this scope\n  --> src/ontology/mod.rs:73:9\n   |\n73 |         format!(\"retrieve{}\", Into::<&str>::into(self))\n   |         ^^^^^^\n\nerror: cannot find macro `vec` in this scope\n   --> src/ontology/mod.rs:139:30\n    |\n139 |                 annotations: vec![],\n    |                              ^^^\n\nerror: cannot find macro `vec` in this scope\n   --> src/ontology/mod.rs:151:30\n    |\n151 |                 annotations: vec![],\n    |                              ^^^\n\nerror[E0412]: cannot find type `Vec` in this scope\n  --> src/ontology/mod.rs:40:36\n   |\n40 |     type Iter: Iterator<Item = &'a Vec<u8>>;\n   |                                    ^^^ not found in this scope\n\nerror[E0412]: cannot find type `Vec` in this scope\n  --> src/ontology/mod.rs:46:36\n   |\n46 |     type Iter: Iterator<Item = &'a Vec<u8>>;\n   |                                    ^^^ not found in this scope\n\nerror[E0412]: cannot find type `Vec` in this scope\n --> /Users/graysonnocera/Downloads/695-Project/dataset/nostd-failed-crates/crates/rlay_ontology-0.2.6/target/thumbv7m-none-eabi/debug/build/rlay_ontology-1510196162b30d9f/out/rlay.ontology.entities.rs:6:22\n  |\n6 |     pub annotations: Vec<Vec<u8>>,\n  |                      ^^^ not found in this scope\n\nerror[E0412]: cannot find type `Vec` in this scope\n --> /Users/graysonnocera/Downloads/695-Project/dataset/nostd-failed-crates/crates/rlay_ontology-0.2.6/target/thumbv7m-none-eabi/debug/build/rlay_ontology-1510196162b30d9f/out/rlay.ontology.entities.rs:6:26\n  |\n6 |     pub annotations: Vec<Vec<u8>>,\n  |                          ^^^ not found in this scope\n\nerror[E0412]: cannot find type `Vec` in this scope\n --> /Users/graysonnocera/Downloads/695-Project/dataset/nostd-failed-crates/crates/rlay_ontology-0.2.6/target/thumbv7m-none-eabi/debug/build/rlay_ontology-1510196162b30d9f/out/rlay.ontology.entities.rs:8:33\n  |\n8 |     pub super_class_expression: Vec<Vec<u8>>,\n  |                                 ^^^ not found in this scope\n\nerror[E0412]: cannot find type `Vec` in this scope\n --> /Users/graysonnocera/Downloads/695-Project/dataset/nostd-failed-crates/crates/rlay_ontology-0.2.6/target/thumbv7m-none-eabi/debug/build/rlay_ontology-1510196162b30d9f/out/rlay.ontology.entities.rs:8:37\n  |\n8 |     pub super_class_expression: Vec<Vec<u8>>,\n  |                                     ^^^ not found in this scope\n\nerror[E0412]: cannot find type `Vec` in this scope\n  --> /Users/graysonnocera/Downloads/695-Project/dataset/nostd-failed-crates/crates/rlay_ontology-0.2.6/target/thumbv7m-none-eabi/debug/build/rlay_ontology-1510196162b30d9f/out/rlay.ontology.entities.rs:15:22\n   |\n15 |     pub annotations: Vec<Vec<u8>>,\n   |                      ^^^ not found in this scope\n\nerror[E0412]: cannot find type `Vec` in this scope\n  --> /Users/graysonnocera/Downloads/695-Project/dataset/nostd-failed-crates/crates/rlay_ontology-0.2.6/target/thumbv7m-none-eabi/debug/build/rlay_ontology-1510196162b30d9f/out/rlay.ontology.entities.rs:15:26\n   |\n15 |     pub annotations: Vec<Vec<u8>>,\n   |                          ^^^ not found in this scope\n\nerror[E0412]: cannot find type `Vec` in this scope\n  --> /Users/graysonnocera/Downloads/695-Project/dataset/nostd-failed-crates/crates/rlay_ontology-0.2.6/target/thumbv7m-none-eabi/debug/build/rlay_ontology-1510196162b30d9f/out/rlay.ontology.entities.rs:17:33\n   |\n17 |     pub super_class_expression: Vec<Vec<u8>>,\n   |                                 ^^^ not found in this scope\n\nerror[E0412]: cannot find type `Vec` in this scope\n  --> /Users/graysonnocera/Downloads/695-Project/dataset/nostd-failed-crates/crates/rlay_ontology-0.2.6/target/thumbv7m-none-eabi/debug/build/rlay_ontology-1510196162b30d9f/out/rlay.ontology.entities.rs:17:37\n   |\n17 |     pub super_class_expression: Vec<Vec<u8>>,\n   |                                     ^^^ not found in this scope\n\nerror[E0412]: cannot find type `Vec` in this scope\n  --> /Users/graysonnocera/Downloads/695-Project/dataset/nostd-failed-crates/crates/rlay_ontology-0.2.6/target/thumbv7m-none-eabi/debug/build/rlay_ontology-1510196162b30d9f/out/rlay.ontology.entities.rs:24:22\n   |\n24 |     pub annotations: Vec<Vec<u8>>,\n   |                      ^^^ not found in this scope\n\nerror[E0412]: cannot find type `Vec` in this scope\n  --> /Users/graysonnocera/Downloads/695-Project/dataset/nostd-failed-crates/crates/rlay_ontology-0.2.6/target/thumbv7m-none-eabi/debug/build/rlay_ontology-1510196162b30d9f/out/rlay.ontology.entities.rs:24:26\n   |\n24 |     pub annotations: Vec<Vec<u8>>,\n   |                          ^^^ not found in this scope\n\nerror[E0412]: cannot find type `Vec` in this scope\n  --> /Users/graysonnocera/Downloads/695-Project/dataset/nostd-failed-crates/crates/rlay_ontology-0.2.6/target/thumbv7m-none-eabi/debug/build/rlay_ontology-1510196162b30d9f/out/rlay.ontology.entities.rs:26:33\n   |\n26 |     pub super_class_expression: Vec<Vec<u8>>,\n   |                                 ^^^ not found in this scope\n\nerror[E0412]: cannot find type `Vec` in this scope\n  --> /Users/graysonnocera/Downloads/695-Project/dataset/nostd-failed-crates/crates/rlay_ontology-0.2.6/target/thumbv7m-none-eabi/debug/build/rlay_ontology-1510196162b30d9f/out/rlay.ontology.entities.rs:26:37\n   |\n26 |     pub super_class_expression: Vec<Vec<u8>>,\n   |                                     ^^^ not found in this scope\n\nerror[E0412]: cannot find type `Vec` in this scope\n  --> /Users/graysonnocera/Downloads/695-Project/dataset/nostd-failed-crates/crates/rlay_ontology-0.2.6/target/thumbv7m-none-eabi/debug/build/rlay_ontology-1510196162b30d9f/out/rlay.ontology.entities.rs:33:24\n   |\n33 |     pub complement_of: Vec<u8>,\n   |                        ^^^ not found in this scope\n\nerror[E0412]: cannot find type `Vec` in this scope\n  --> /Users/graysonnocera/Downloads/695-Project/dataset/nostd-failed-crates/crates/rlay_ontology-0.2.6/target/thumbv7m-none-eabi/debug/build/rlay_ontology-1510196162b30d9f/out/rlay.ontology.entities.rs:35:22\n   |\n35 |     pub annotations: Vec<Vec<u8>>,\n   |                      ^^^ not found in this scope\n\nerror[E0412]: cannot find type `Vec` in this scope\n  --> /Users/graysonnocera/Downloads/695-Project/dataset/nostd-failed-crates/crates/rlay_ontology-0.2.6/target/thumbv7m-none-eabi/debug/build/rlay_ontology-1510196162b30d9f/out/rlay.ontology.entities.rs:35:26\n   |\n35 |     pub annotations: Vec<Vec<u8>>,\n   |                          ^^^ not found in this scope\n\nerror[E0412]: cannot find type `Vec` in this scope\n  --> /Users/graysonnocera/Downloads/695-Project/dataset/nostd-failed-crates/crates/rlay_ontology-0.2.6/target/thumbv7m-none-eabi/debug/build/rlay_ontology-1510196162b30d9f/out/rlay.ontology.entities.rs:37:33\n   |\n37 |     pub super_class_expression: Vec<Vec<u8>>,\n   |                                 ^^^ not found in this scope\n\nerror[E0412]: cannot find type `Vec` in this scope\n  --> /Users/graysonnocera/Downloads/695-Project/dataset/nostd-failed-crates/crates/rlay_ontology-0.2.6/target/thumbv7m-none-eabi/debug/build/rlay_ontology-1510196162b30d9f/out/rlay.ontology.entities.rs:37:37\n   |\n37 |     pub super_class_expression: Vec<Vec<u8>>,\n   |                                     ^^^ not found in this scope\n\nerror[E0412]: cannot find type `Vec` in this scope\n  --> /Users/graysonnocera/Downloads/695-Project/dataset/nostd-failed-crates/crates/rlay_ontology-0.2.6/target/thumbv7m-none-eabi/debug/build/rlay_ontology-1510196162b30d9f/out/rlay.ontology.entities.rs:44:22\n   |\n44 |     pub annotations: Vec<Vec<u8>>,\n   |                      ^^^ not found in this scope\n\nerror[E0412]: cannot find type `Vec` in this scope\n  --> /Users/graysonnocera/Downloads/695-Project/dataset/nostd-failed-crates/crates/rlay_ontology-0.2.6/target/thumbv7m-none-eabi/debug/build/rlay_ontology-1510196162b30d9f/out/rlay.ontology.entities.rs:44:26\n   |\n44 |     pub annotations: Vec<Vec<u8>>,\n   |                          ^^^ not found in this scope\n\nerror[E0412]: cannot find type `Vec` in this scope\n  --> /Users/graysonnocera/Downloads/695-Project/dataset/nostd-failed-crates/crates/rlay_ontology-0.2.6/target/thumbv7m-none-eabi/debug/build/rlay_ontology-1510196162b30d9f/out/rlay.ontology.entities.rs:46:33\n   |\n46 |     pub super_class_expression: Vec<Vec<u8>>,\n   |                                 ^^^ not found in this scope\n\nerror[E0412]: cannot find type `Vec` in this scope\n  --> /Users/graysonnocera/Downloads/695-Project/dataset/nostd-failed-crates/crates/rlay_ontology-0.2.6/target/thumbv7m-none-eabi/debug/build/rlay_ontology-1510196162b30d9f/out/rlay.ontology.entities.rs:46:37\n   |\n46 |     pub super_class_expression: Vec<Vec<u8>>,\n   |                                     ^^^ not found in this scope\n\nerror[E0412]: cannot find type `Vec` in this scope\n  --> /Users/graysonnocera/Downloads/695-Project/dataset/nostd-failed-crates/crates/rlay_ontology-0.2.6/target/thumbv7m-none-eabi/debug/build/rlay_ontology-1510196162b30d9f/out/rlay.ontology.entities.rs:53:22\n   |\n53 |     pub annotations: Vec<Vec<u8>>,\n   |                      ^^^ not found in this scope\n\nerror[E0412]: cannot find type `Vec` in this scope\n  --> /Users/graysonnocera/Downloads/695-Project/dataset/nostd-failed-crates/crates/rlay_ontology-0.2.6/target/thumbv7m-none-eabi/debug/build/rlay_ontology-1510196162b30d9f/out/rlay.ontology.entities.rs:53:26\n   |\n53 |     pub annotations: Vec<Vec<u8>>,\n   |                          ^^^ not found in this scope\n\nerror[E0412]: cannot find type `Vec` in this scope\n  --> /Users/graysonnocera/Downloads/695-Project/dataset/nostd-failed-crates/crates/rlay_ontology-0.2.6/target/thumbv7m-none-eabi/debug/build/rlay_ontology-1510196162b30d9f/out/rlay.ontology.entities.rs:55:33\n   |\n55 |     pub super_class_expression: Vec<Vec<u8>>,\n   |                                 ^^^ not found in this scope\n\nerror[E0412]: cannot find type `Vec` in this scope\n  --> /Users/graysonnocera/Downloads/695-Project/dataset/nostd-failed-crates/crates/rlay_ontology-0.2.6/target/thumbv7m-none-eabi/debug/build/rlay_ontology-1510196162b30d9f/out/rlay.ontology.entities.rs:55:37\n   |\n55 |     pub super_class_expression: Vec<Vec<u8>>,\n   |                                     ^^^ not found in this scope\n\nerror[E0412]: cannot find type `Vec` in this scope\n  --> /Users/graysonnocera/Downloads/695-Project/dataset/nostd-failed-crates/crates/rlay_ontology-0.2.6/target/thumbv7m-none-eabi/debug/build/rlay_ontology-1510196162b30d9f/out/rlay.ontology.entities.rs:62:22\n   |\n62 |     pub annotations: Vec<Vec<u8>>,\n   |                      ^^^ not found in this scope\n\nerror[E0412]: cannot find type `Vec` in this scope\n  --> /Users/graysonnocera/Downloads/695-Project/dataset/nostd-failed-crates/crates/rlay_ontology-0.2.6/target/thumbv7m-none-eabi/debug/build/rlay_ontology-1510196162b30d9f/out/rlay.ontology.entities.rs:62:26\n   |\n62 |     pub annotations: Vec<Vec<u8>>,\n   |                          ^^^ not found in this scope\n\nerror[E0412]: cannot find type `Vec` in this scope\n  --> /Users/graysonnocera/Downloads/695-Project/dataset/nostd-failed-crates/crates/rlay_ontology-0.2.6/target/thumbv7m-none-eabi/debug/build/rlay_ontology-1510196162b30d9f/out/rlay.ontology.entities.rs:64:33\n   |\n64 |     pub super_class_expression: Vec<Vec<u8>>,\n   |                                 ^^^ not found in this scope\n\nerror[E0412]: cannot find type `Vec` in this scope\n  --> /Users/graysonnocera/Downloads/695-Project/dataset/nostd-failed-crates/crates/rlay_ontology-0.2.6/target/thumbv7m-none-eabi/debug/build/rlay_ontology-1510196162b30d9f/out/rlay.ontology.entities.rs:64:37\n   |\n64 |     pub super_class_expression: Vec<Vec<u8>>,\n   |                                     ^^^ not found in this scope\n\nerror[E0412]: cannot find type `Vec` in this scope\n  --> /Users/graysonnocera/Downloads/695-Project/dataset/nostd-failed-crates/crates/rlay_ontology-0.2.6/target/thumbv7m-none-eabi/debug/build/rlay_ontology-1510196162b30d9f/out/rlay.ontology.entities.rs:71:22\n   |\n71 |     pub annotations: Vec<Vec<u8>>,\n   |                      ^^^ not found in this scope\n\nerror[E0412]: cannot find type `Vec` in this scope\n  --> /Users/graysonnocera/Downloads/695-Project/dataset/nostd-failed-crates/crates/rlay_ontology-0.2.6/target/thumbv7m-none-eabi/debug/build/rlay_ontology-1510196162b30d9f/out/rlay.ontology.entities.rs:71:26\n   |\n71 |     pub annotations: Vec<Vec<u8>>,\n   |                          ^^^ not found in this scope\n\nerror[E0412]: cannot find type `Vec` in this scope\n  --> /Users/graysonnocera/Downloads/695-Project/dataset/nostd-failed-crates/crates/rlay_ontology-0.2.6/target/thumbv7m-none-eabi/debug/build/rlay_ontology-1510196162b30d9f/out/rlay.ontology.entities.rs:73:33\n   |\n73 |     pub super_class_expression: Vec<Vec<u8>>,\n   |                                 ^^^ not found in this scope\n\nerror[E0412]: cannot find type `Vec` in this scope\n  --> /Users/graysonnocera/Downloads/695-Project/dataset/nostd-failed-crates/crates/rlay_ontology-0.2.6/target/thumbv7m-none-eabi/debug/build/rlay_ontology-1510196162b30d9f/out/rlay.ontology.entities.rs:73:37\n   |\n73 |     pub super_class_expression: Vec<Vec<u8>>,\n   |                                     ^^^ not found in this scope\n\nerror[E0412]: cannot find type `Vec` in this scope\n  --> /Users/graysonnocera/Downloads/695-Project/dataset/nostd-failed-crates/crates/rlay_ontology-0.2.6/target/thumbv7m-none-eabi/debug/build/rlay_ontology-1510196162b30d9f/out/rlay.ontology.entities.rs:80:22\n   |\n80 |     pub annotations: Vec<Vec<u8>>,\n   |                      ^^^ not found in this scope\n\nerror[E0412]: cannot find type `Vec` in this scope\n  --> /Users/graysonnocera/Downloads/695-Project/dataset/nostd-failed-crates/crates/rlay_ontology-0.2.6/target/thumbv7m-none-eabi/debug/build/rlay_ontology-1510196162b30d9f/out/rlay.ontology.entities.rs:80:26\n   |\n80 |     pub annotations: Vec<Vec<u8>>,\n   |                          ^^^ not found in this scope\n\nerror[E0412]: cannot find type `Vec` in this scope\n  --> /Users/graysonnocera/Downloads/695-Project/dataset/nostd-failed-crates/crates/rlay_ontology-0.2.6/target/thumbv7m-none-eabi/debug/build/rlay_ontology-1510196162b30d9f/out/rlay.ontology.entities.rs:82:33\n   |\n82 |     pub super_class_expression: Vec<Vec<u8>>,\n   |                                 ^^^ not found in this scope\n\nerror[E0412]: cannot find type `Vec` in this scope\n  --> /Users/graysonnocera/Downloads/695-Project/dataset/nostd-failed-crates/crates/rlay_ontology-0.2.6/target/thumbv7m-none-eabi/debug/build/rlay_ontology-1510196162b30d9f/out/rlay.ontology.entities.rs:82:37\n   |\n82 |     pub super_class_expression: Vec<Vec<u8>>,\n   |                                     ^^^ not found in this scope\n\nerror[E0412]: cannot find type `Vec` in this scope\n  --> /Users/graysonnocera/Downloads/695-Project/dataset/nostd-failed-crates/crates/rlay_ontology-0.2.6/target/thumbv7m-none-eabi/debug/build/rlay_ontology-1510196162b30d9f/out/rlay.ontology.entities.rs:89:22\n   |\n89 |     pub annotations: Vec<Vec<u8>>,\n   |                      ^^^ not found in this scope\n\nerror[E0412]: cannot find type `Vec` in this scope\n  --> /Users/graysonnocera/Downloads/695-Project/dataset/nostd-failed-crates/crates/rlay_ontology-0.2.6/target/thumbv7m-none-eabi/debug/build/rlay_ontology-1510196162b30d9f/out/rlay.ontology.entities.rs:89:26\n   |\n89 |     pub annotations: Vec<Vec<u8>>,\n   |                          ^^^ not found in this scope\n\nerror[E0412]: cannot find type `Vec` in this scope\n  --> /Users/graysonnocera/Downloads/695-Project/dataset/nostd-failed-crates/crates/rlay_ontology-0.2.6/target/thumbv7m-none-eabi/debug/build/rlay_ontology-1510196162b30d9f/out/rlay.ontology.entities.rs:91:33\n   |\n91 |     pub super_class_expression: Vec<Vec<u8>>,\n   |                                 ^^^ not found in this scope\n\nerror[E0412]: cannot find type `Vec` in this scope\n  --> /Users/graysonnocera/Downloads/695-Project/dataset/nostd-failed-crates/crates/rlay_ontology-0.2.6/target/thumbv7m-none-eabi/debug/build/rlay_ontology-1510196162b30d9f/out/rlay.ontology.entities.rs:91:37\n   |\n91 |     pub super_class_expression: Vec<Vec<u8>>,\n   |                                     ^^^ not found in this scope\n\nerror[E0412]: cannot find type `Vec` in this scope\n  --> /Users/graysonnocera/Downloads/695-Project/dataset/nostd-failed-crates/crates/rlay_ontology-0.2.6/target/thumbv7m-none-eabi/debug/build/rlay_ontology-1510196162b30d9f/out/rlay.ontology.entities.rs:98:22\n   |\n98 |     pub annotations: Vec<Vec<u8>>,\n   |                      ^^^ not found in this scope\n\nerror[E0412]: cannot find type `Vec` in this scope\n  --> /Users/graysonnocera/Downloads/695-Project/dataset/nostd-failed-crates/crates/rlay_ontology-0.2.6/target/thumbv7m-none-eabi/debug/build/rlay_ontology-1510196162b30d9f/out/rlay.ontology.entities.rs:98:26\n   |\n98 |     pub annotations: Vec<Vec<u8>>,\n   |                          ^^^ not found in this scope\n\nerror[E0412]: cannot find type `Vec` in this scope\n   --> /Users/graysonnocera/Downloads/695-Project/dataset/nostd-failed-crates/crates/rlay_ontology-0.2.6/target/thumbv7m-none-eabi/debug/build/rlay_ontology-1510196162b30d9f/out/rlay.ontology.entities.rs:100:33\n    |\n100 |     pub super_class_expression: Vec<Vec<u8>>,\n    |                                 ^^^ not found in this scope\n\nerror[E0412]: cannot find type `Vec` in this scope\n   --> /Users/graysonnocera/Downloads/695-Project/dataset/nostd-failed-crates/crates/rlay_ontology-0.2.6/target/thumbv7m-none-eabi/debug/build/rlay_ontology-1510196162b30d9f/out/rlay.ontology.entities.rs:100:37\n    |\n100 |     pub super_class_expression: Vec<Vec<u8>>,\n    |                                     ^^^ not found in this scope\n\nerror[E0412]: cannot find type `Vec` in this scope\n   --> /Users/graysonnocera/Downloads/695-Project/dataset/nostd-failed-crates/crates/rlay_ontology-0.2.6/target/thumbv7m-none-eabi/debug/build/rlay_ontology-1510196162b30d9f/out/rlay.ontology.entities.rs:107:22\n    |\n107 |     pub annotations: Vec<Vec<u8>>,\n    |                      ^^^ not found in this scope\n\nerror[E0412]: cannot find type `Vec` in this scope\n   --> /Users/graysonnocera/Downloads/695-Project/dataset/nostd-failed-crates/crates/rlay_ontology-0.2.6/target/thumbv7m-none-eabi/debug/build/rlay_ontology-1510196162b30d9f/out/rlay.ontology.entities.rs:107:26\n    |\n107 |     pub annotations: Vec<Vec<u8>>,\n    |                          ^^^ not found in this scope\n\nerror[E0412]: cannot find type `Vec` in this scope\n   --> /Users/graysonnocera/Downloads/695-Project/dataset/nostd-failed-crates/crates/rlay_ontology-0.2.6/target/thumbv7m-none-eabi/debug/build/rlay_ontology-1510196162b30d9f/out/rlay.ontology.entities.rs:109:33\n    |\n109 |     pub super_class_expression: Vec<Vec<u8>>,\n    |                                 ^^^ not found in this scope\n\nerror[E0412]: cannot find type `Vec` in this scope\n   --> /Users/graysonnocera/Downloads/695-Project/dataset/nostd-failed-crates/crates/rlay_ontology-0.2.6/target/thumbv7m-none-eabi/debug/build/rlay_ontology-1510196162b30d9f/out/rlay.ontology.entities.rs:109:37\n    |\n109 |     pub super_class_expression: Vec<Vec<u8>>,\n    |                                     ^^^ not found in this scope\n\nerror[E0412]: cannot find type `Vec` in this scope\n   --> /Users/graysonnocera/Downloads/695-Project/dataset/nostd-failed-crates/crates/rlay_ontology-0.2.6/target/thumbv7m-none-eabi/debug/build/rlay_ontology-1510196162b30d9f/out/rlay.ontology.entities.rs:116:22\n    |\n116 |     pub annotations: Vec<Vec<u8>>,\n    |                      ^^^ not found in this scope\n\nerror[E0412]: cannot find type `Vec` in this scope\n   --> /Users/graysonnocera/Downloads/695-Project/dataset/nostd-failed-crates/crates/rlay_ontology-0.2.6/target/thumbv7m-none-eabi/debug/build/rlay_ontology-1510196162b30d9f/out/rlay.ontology.entities.rs:116:26\n    |\n116 |     pub annotations: Vec<Vec<u8>>,\n    |                          ^^^ not found in this scope\n\nerror[E0412]: cannot find type `Vec` in this scope\n   --> /Users/graysonnocera/Downloads/695-Project/dataset/nostd-failed-crates/crates/rlay_ontology-0.2.6/target/thumbv7m-none-eabi/debug/build/rlay_ontology-1510196162b30d9f/out/rlay.ontology.entities.rs:118:33\n    |\n118 |     pub super_class_expression: Vec<Vec<u8>>,\n    |                                 ^^^ not found in this scope\n\nerror[E0412]: cannot find type `Vec` in this scope\n   --> /Users/graysonnocera/Downloads/695-Project/dataset/nostd-failed-crates/crates/rlay_ontology-0.2.6/target/thumbv7m-none-eabi/debug/build/rlay_ontology-1510196162b30d9f/out/rlay.ontology.entities.rs:118:37\n    |\n118 |     pub super_class_expression: Vec<Vec<u8>>,\n    |                                     ^^^ not found in this scope\n\nerror[E0412]: cannot find type `Vec` in this scope\n   --> /Users/graysonnocera/Downloads/695-Project/dataset/nostd-failed-crates/crates/rlay_ontology-0.2.6/target/thumbv7m-none-eabi/debug/build/rlay_ontology-1510196162b30d9f/out/rlay.ontology.entities.rs:125:22\n    |\n125 |     pub annotations: Vec<Vec<u8>>,\n    |                      ^^^ not found in this scope\n\nerror[E0412]: cannot find type `Vec` in this scope\n   --> /Users/graysonnocera/Downloads/695-Project/dataset/nostd-failed-crates/crates/rlay_ontology-0.2.6/target/thumbv7m-none-eabi/debug/build/rlay_ontology-1510196162b30d9f/out/rlay.ontology.entities.rs:125:26\n    |\n125 |     pub annotations: Vec<Vec<u8>>,\n    |                          ^^^ not found in this scope\n\nerror[E0412]: cannot find type `Vec` in this scope\n   --> /Users/graysonnocera/Downloads/695-Project/dataset/nostd-failed-crates/crates/rlay_ontology-0.2.6/target/thumbv7m-none-eabi/debug/build/rlay_ontology-1510196162b30d9f/out/rlay.ontology.entities.rs:127:33\n    |\n127 |     pub super_class_expression: Vec<Vec<u8>>,\n    |                                 ^^^ not found in this scope\n\nerror[E0412]: cannot find type `Vec` in this scope\n   --> /Users/graysonnocera/Downloads/695-Project/dataset/nostd-failed-crates/crates/rlay_ontology-0.2.6/target/thumbv7m-none-eabi/debug/build/rlay_ontology-1510196162b30d9f/out/rlay.ontology.entities.rs:127:37\n    |\n127 |     pub super_class_expression: Vec<Vec<u8>>,\n    |                                     ^^^ not found in this scope\n\nerror[E0412]: cannot find type `Vec` in this scope\n   --> /Users/graysonnocera/Downloads/695-Project/dataset/nostd-failed-crates/crates/rlay_ontology-0.2.6/target/thumbv7m-none-eabi/debug/build/rlay_ontology-1510196162b30d9f/out/rlay.ontology.entities.rs:134:22\n    |\n134 |     pub annotations: Vec<Vec<u8>>,\n    |                      ^^^ not found in this scope\n\nerror[E0412]: cannot find type `Vec` in this scope\n   --> /Users/graysonnocera/Downloads/695-Project/dataset/nostd-failed-crates/crates/rlay_ontology-0.2.6/target/thumbv7m-none-eabi/debug/build/rlay_ontology-1510196162b30d9f/out/rlay.ontology.entities.rs:134:26\n    |\n134 |     pub annotations: Vec<Vec<u8>>,\n    |                          ^^^ not found in this scope\n\nerror[E0412]: cannot find type `Vec` in this scope\n   --> /Users/graysonnocera/Downloads/695-Project/dataset/nostd-failed-crates/crates/rlay_ontology-0.2.6/target/thumbv7m-none-eabi/debug/build/rlay_ontology-1510196162b30d9f/out/rlay.ontology.entities.rs:136:33\n    |\n136 |     pub super_class_expression: Vec<Vec<u8>>,\n    |                                 ^^^ not found in this scope\n\nerror[E0412]: cannot find type `Vec` in this scope\n   --> /Users/graysonnocera/Downloads/695-Project/dataset/nostd-failed-crates/crates/rlay_ontology-0.2.6/target/thumbv7m-none-eabi/debug/build/rlay_ontology-1510196162b30d9f/out/rlay.ontology.entities.rs:136:37\n    |\n136 |     pub super_class_expression: Vec<Vec<u8>>,\n    |                                     ^^^ not found in this scope\n\nerror[E0412]: cannot find type `Vec` in this scope\n   --> /Users/graysonnocera/Downloads/695-Project/dataset/nostd-failed-crates/crates/rlay_ontology-0.2.6/target/thumbv7m-none-eabi/debug/build/rlay_ontology-1510196162b30d9f/out/rlay.ontology.entities.rs:143:22\n    |\n143 |     pub annotations: Vec<Vec<u8>>,\n    |                      ^^^ not found in this scope\n\nerror[E0412]: cannot find type `Vec` in this scope\n   --> /Users/graysonnocera/Downloads/695-Project/dataset/nostd-failed-crates/crates/rlay_ontology-0.2.6/target/thumbv7m-none-eabi/debug/build/rlay_ontology-1510196162b30d9f/out/rlay.ontology.entities.rs:143:26\n    |\n143 |     pub annotations: Vec<Vec<u8>>,\n    |                          ^^^ not found in this scope\n\nerror[E0412]: cannot find type `Vec` in this scope\n   --> /Users/graysonnocera/Downloads/695-Project/dataset/nostd-failed-crates/crates/rlay_ontology-0.2.6/target/thumbv7m-none-eabi/debug/build/rlay_ontology-1510196162b30d9f/out/rlay.ontology.entities.rs:145:33\n    |\n145 |     pub super_class_expression: Vec<Vec<u8>>,\n    |                                 ^^^ not found in this scope\n\nerror[E0412]: cannot find type `Vec` in this scope\n   --> /Users/graysonnocera/Downloads/695-Project/dataset/nostd-failed-crates/crates/rlay_ontology-0.2.6/target/thumbv7m-none-eabi/debug/build/rlay_ontology-1510196162b30d9f/out/rlay.ontology.entities.rs:145:37\n    |\n145 |     pub super_class_expression: Vec<Vec<u8>>,\n    |                                     ^^^ not found in this scope\n\nerror[E0412]: cannot find type `Vec` in this scope\n   --> /Users/graysonnocera/Downloads/695-Project/dataset/nostd-failed-crates/crates/rlay_ontology-0.2.6/target/thumbv7m-none-eabi/debug/build/rlay_ontology-1510196162b30d9f/out/rlay.ontology.entities.rs:152:22\n    |\n152 |     pub annotations: Vec<Vec<u8>>,\n    |                      ^^^ not found in this scope\n\nerror[E0412]: cannot find type `Vec` in this scope\n   --> /Users/graysonnocera/Downloads/695-Project/dataset/nostd-failed-crates/crates/rlay_ontology-0.2.6/target/thumbv7m-none-eabi/debug/build/rlay_ontology-1510196162b30d9f/out/rlay.ontology.entities.rs:152:26\n    |\n152 |     pub annotations: Vec<Vec<u8>>,\n    |                          ^^^ not found in this scope\n\nerror[E0412]: cannot find type `Vec` in this scope\n   --> /Users/graysonnocera/Downloads/695-Project/dataset/nostd-failed-crates/crates/rlay_ontology-0.2.6/target/thumbv7m-none-eabi/debug/build/rlay_ontology-1510196162b30d9f/out/rlay.ontology.entities.rs:154:33\n    |\n154 |     pub super_class_expression: Vec<Vec<u8>>,\n    |                                 ^^^ not found in this scope\n\nerror[E0412]: cannot find type `Vec` in this scope\n   --> /Users/graysonnocera/Downloads/695-Project/dataset/nostd-failed-crates/crates/rlay_ontology-0.2.6/target/thumbv7m-none-eabi/debug/build/rlay_ontology-1510196162b30d9f/out/rlay.ontology.entities.rs:154:37\n    |\n154 |     pub super_class_expression: Vec<Vec<u8>>,\n    |                                     ^^^ not found in this scope\n\nerror[E0412]: cannot find type `Vec` in this scope\n   --> /Users/graysonnocera/Downloads/695-Project/dataset/nostd-failed-crates/crates/rlay_ontology-0.2.6/target/thumbv7m-none-eabi/debug/build/rlay_ontology-1510196162b30d9f/out/rlay.ontology.entities.rs:161:22\n    |\n161 |     pub annotations: Vec<Vec<u8>>,\n    |                      ^^^ not found in this scope\n\nerror[E0412]: cannot find type `Vec` in this scope\n   --> /Users/graysonnocera/Downloads/695-Project/dataset/nostd-failed-crates/crates/rlay_ontology-0.2.6/target/thumbv7m-none-eabi/debug/build/rlay_ontology-1510196162b30d9f/out/rlay.ontology.entities.rs:161:26\n    |\n161 |     pub annotations: Vec<Vec<u8>>,\n    |                          ^^^ not found in this scope\n\nerror[E0412]: cannot find type `Vec` in this scope\n   --> /Users/graysonnocera/Downloads/695-Project/dataset/nostd-failed-crates/crates/rlay_ontology-0.2.6/target/thumbv7m-none-eabi/debug/build/rlay_ontology-1510196162b30d9f/out/rlay.ontology.entities.rs:163:33\n    |\n163 |     pub super_class_expression: Vec<Vec<u8>>,\n    |                                 ^^^ not found in this scope\n\nerror[E0412]: cannot find type `Vec` in this scope\n   --> /Users/graysonnocera/Downloads/695-Project/dataset/nostd-failed-crates/crates/rlay_ontology-0.2.6/target/thumbv7m-none-eabi/debug/build/rlay_ontology-1510196162b30d9f/out/rlay.ontology.entities.rs:163:37\n    |\n163 |     pub super_class_expression: Vec<Vec<u8>>,\n    |                                     ^^^ not found in this scope\n\nerror[E0412]: cannot find type `Vec` in this scope\n   --> /Users/graysonnocera/Downloads/695-Project/dataset/nostd-failed-crates/crates/rlay_ontology-0.2.6/target/thumbv7m-none-eabi/debug/build/rlay_ontology-1510196162b30d9f/out/rlay.ontology.entities.rs:170:22\n    |\n170 |     pub annotations: Vec<Vec<u8>>,\n    |                      ^^^ not found in this scope\n\nerror[E0412]: cannot find type `Vec` in this scope\n   --> /Users/graysonnocera/Downloads/695-Project/dataset/nostd-failed-crates/crates/rlay_ontology-0.2.6/target/thumbv7m-none-eabi/debug/build/rlay_ontology-1510196162b30d9f/out/rlay.ontology.entities.rs:170:26\n    |\n170 |     pub annotations: Vec<Vec<u8>>,\n    |                          ^^^ not found in this scope\n\nerror[E0412]: cannot find type `Vec` in this scope\n   --> /Users/graysonnocera/Downloads/695-Project/dataset/nostd-failed-crates/crates/rlay_ontology-0.2.6/target/thumbv7m-none-eabi/debug/build/rlay_ontology-1510196162b30d9f/out/rlay.ontology.entities.rs:172:43\n    |\n172 |     pub super_object_property_expression: Vec<Vec<u8>>,\n    |                                           ^^^ not found in this scope\n\nerror[E0412]: cannot find type `Vec` in this scope\n   --> /Users/graysonnocera/Downloads/695-Project/dataset/nostd-failed-crates/crates/rlay_ontology-0.2.6/target/thumbv7m-none-eabi/debug/build/rlay_ontology-1510196162b30d9f/out/rlay.ontology.entities.rs:172:47\n    |\n172 |     pub super_object_property_expression: Vec<Vec<u8>>,\n    |                                               ^^^ not found in this scope\n\nerror[E0412]: cannot find type `Vec` in this scope\n   --> /Users/graysonnocera/Downloads/695-Project/dataset/nostd-failed-crates/crates/rlay_ontology-0.2.6/target/thumbv7m-none-eabi/debug/build/rlay_ontology-1510196162b30d9f/out/rlay.ontology.entities.rs:179:22\n    |\n179 |     pub annotations: Vec<Vec<u8>>,\n    |                      ^^^ not found in this scope\n\nerror[E0412]: cannot find type `Vec` in this scope\n   --> /Users/graysonnocera/Downloads/695-Project/dataset/nostd-failed-crates/crates/rlay_ontology-0.2.6/target/thumbv7m-none-eabi/debug/build/rlay_ontology-1510196162b30d9f/out/rlay.ontology.entities.rs:179:26\n    |\n179 |     pub annotations: Vec<Vec<u8>>,\n    |                          ^^^ not found in this scope\n\nerror[E0412]: cannot find type `Vec` in this scope\n   --> /Users/graysonnocera/Downloads/695-Project/dataset/nostd-failed-crates/crates/rlay_ontology-0.2.6/target/thumbv7m-none-eabi/debug/build/rlay_ontology-1510196162b30d9f/out/rlay.ontology.entities.rs:181:43\n    |\n181 |     pub super_object_property_expression: Vec<Vec<u8>>,\n    |                                           ^^^ not found in this scope\n\nerror[E0412]: cannot find type `Vec` in this scope\n   --> /Users/graysonnocera/Downloads/695-Project/dataset/nostd-failed-crates/crates/rlay_ontology-0.2.6/target/thumbv7m-none-eabi/debug/build/rlay_ontology-1510196162b30d9f/out/rlay.ontology.entities.rs:181:47\n    |\n181 |     pub super_object_property_expression: Vec<Vec<u8>>,\n    |                                               ^^^ not found in this scope\n\nerror[E0412]: cannot find type `Vec` in this scope\n   --> /Users/graysonnocera/Downloads/695-Project/dataset/nostd-failed-crates/crates/rlay_ontology-0.2.6/target/thumbv7m-none-eabi/debug/build/rlay_ontology-1510196162b30d9f/out/rlay.ontology.entities.rs:188:22\n    |\n188 |     pub annotations: Vec<Vec<u8>>,\n    |                      ^^^ not found in this scope\n\nerror[E0412]: cannot find type `Vec` in this scope\n   --> /Users/graysonnocera/Downloads/695-Project/dataset/nostd-failed-crates/crates/rlay_ontology-0.2.6/target/thumbv7m-none-eabi/debug/build/rlay_ontology-1510196162b30d9f/out/rlay.ontology.entities.rs:188:26\n    |\n188 |     pub annotations: Vec<Vec<u8>>,\n    |                          ^^^ not found in this scope\n\nerror[E0412]: cannot find type `Vec` in this scope\n   --> /Users/graysonnocera/Downloads/695-Project/dataset/nostd-failed-crates/crates/rlay_ontology-0.2.6/target/thumbv7m-none-eabi/debug/build/rlay_ontology-1510196162b30d9f/out/rlay.ontology.entities.rs:190:41\n    |\n190 |     pub super_data_property_expression: Vec<Vec<u8>>,\n    |                                         ^^^ not found in this scope\n\nerror[E0412]: cannot find type `Vec` in this scope\n   --> /Users/graysonnocera/Downloads/695-Project/dataset/nostd-failed-crates/crates/rlay_ontology-0.2.6/target/thumbv7m-none-eabi/debug/build/rlay_ontology-1510196162b30d9f/out/rlay.ontology.entities.rs:190:45\n    |\n190 |     pub super_data_property_expression: Vec<Vec<u8>>,\n    |                                             ^^^ not found in this scope\n\nerror[E0412]: cannot find type `Vec` in this scope\n   --> /Users/graysonnocera/Downloads/695-Project/dataset/nostd-failed-crates/crates/rlay_ontology-0.2.6/target/thumbv7m-none-eabi/debug/build/rlay_ontology-1510196162b30d9f/out/rlay.ontology.entities.rs:192:24\n    |\n192 |     pub domain: Option<Vec<u8>>,\n    |                        ^^^ not found in this scope\n\nerror[E0412]: cannot find type `Vec` in this scope\n   --> /Users/graysonnocera/Downloads/695-Project/dataset/nostd-failed-crates/crates/rlay_ontology-0.2.6/target/thumbv7m-none-eabi/debug/build/rlay_ontology-1510196162b30d9f/out/rlay.ontology.entities.rs:194:23\n    |\n194 |     pub range: Option<Vec<u8>>,\n    |                       ^^^ not found in this scope\n\nerror[E0412]: cannot find type `Vec` in this scope\n   --> /Users/graysonnocera/Downloads/695-Project/dataset/nostd-failed-crates/crates/rlay_ontology-0.2.6/target/thumbv7m-none-eabi/debug/build/rlay_ontology-1510196162b30d9f/out/rlay.ontology.entities.rs:201:22\n    |\n201 |     pub annotations: Vec<Vec<u8>>,\n    |                      ^^^ not found in this scope\n\nerror[E0412]: cannot find type `Vec` in this scope\n   --> /Users/graysonnocera/Downloads/695-Project/dataset/nostd-failed-crates/crates/rlay_ontology-0.2.6/target/thumbv7m-none-eabi/debug/build/rlay_ontology-1510196162b30d9f/out/rlay.ontology.entities.rs:201:26\n    |\n201 |     pub annotations: Vec<Vec<u8>>,\n    |                          ^^^ not found in this scope\n\nerror[E0412]: cannot find type `Vec` in this scope\n   --> /Users/graysonnocera/Downloads/695-Project/dataset/nostd-failed-crates/crates/rlay_ontology-0.2.6/target/thumbv7m-none-eabi/debug/build/rlay_ontology-1510196162b30d9f/out/rlay.ontology.entities.rs:203:19\n    |\n203 |     pub property: Vec<u8>,\n    |                   ^^^ not found in this scope\n\nerror[E0412]: cannot find type `Vec` in this scope\n   --> /Users/graysonnocera/Downloads/695-Project/dataset/nostd-failed-crates/crates/rlay_ontology-0.2.6/target/thumbv7m-none-eabi/debug/build/rlay_ontology-1510196162b30d9f/out/rlay.ontology.entities.rs:205:16\n    |\n205 |     pub value: Vec<u8>,\n    |                ^^^ not found in this scope\n\nerror[E0412]: cannot find type `Vec` in this scope\n   --> /Users/graysonnocera/Downloads/695-Project/dataset/nostd-failed-crates/crates/rlay_ontology-0.2.6/target/thumbv7m-none-eabi/debug/build/rlay_ontology-1510196162b30d9f/out/rlay.ontology.entities.rs:212:22\n    |\n212 |     pub annotations: Vec<Vec<u8>>,\n    |                      ^^^ not found in this scope\n\nerror[E0412]: cannot find type `Vec` in this scope\n   --> /Users/graysonnocera/Downloads/695-Project/dataset/nostd-failed-crates/crates/rlay_ontology-0.2.6/target/thumbv7m-none-eabi/debug/build/rlay_ontology-1510196162b30d9f/out/rlay.ontology.entities.rs:212:26\n    |\n212 |     pub annotations: Vec<Vec<u8>>,\n    |                          ^^^ not found in this scope\n\nerror[E0412]: cannot find type `Vec` in this scope\n   --> /Users/graysonnocera/Downloads/695-Project/dataset/nostd-failed-crates/crates/rlay_ontology-0.2.6/target/thumbv7m-none-eabi/debug/build/rlay_ontology-1510196162b30d9f/out/rlay.ontology.entities.rs:214:27\n    |\n214 |     pub class_assertions: Vec<Vec<u8>>,\n    |                           ^^^ not found in this scope\n\nerror[E0412]: cannot find type `Vec` in this scope\n   --> /Users/graysonnocera/Downloads/695-Project/dataset/nostd-failed-crates/crates/rlay_ontology-0.2.6/target/thumbv7m-none-eabi/debug/build/rlay_ontology-1510196162b30d9f/out/rlay.ontology.entities.rs:214:31\n    |\n214 |     pub class_assertions: Vec<Vec<u8>>,\n    |                               ^^^ not found in this scope\n\nerror[E0412]: cannot find type `Vec` in this scope\n   --> /Users/graysonnocera/Downloads/695-Project/dataset/nostd-failed-crates/crates/rlay_ontology-0.2.6/target/thumbv7m-none-eabi/debug/build/rlay_ontology-1510196162b30d9f/out/rlay.ontology.entities.rs:216:36\n    |\n216 |     pub negative_class_assertions: Vec<Vec<u8>>,\n    |                                    ^^^ not found in this scope\n\nerror[E0412]: cannot find type `Vec` in this scope\n   --> /Users/graysonnocera/Downloads/695-Project/dataset/nostd-failed-crates/crates/rlay_ontology-0.2.6/target/thumbv7m-none-eabi/debug/build/rlay_ontology-1510196162b30d9f/out/rlay.ontology.entities.rs:216:40\n    |\n216 |     pub negative_class_assertions: Vec<Vec<u8>>,\n    |                                        ^^^ not found in this scope\n\nerror[E0412]: cannot find type `Vec` in this scope\n   --> /Users/graysonnocera/Downloads/695-Project/dataset/nostd-failed-crates/crates/rlay_ontology-0.2.6/target/thumbv7m-none-eabi/debug/build/rlay_ontology-1510196162b30d9f/out/rlay.ontology.entities.rs:218:37\n    |\n218 |     pub object_property_assertions: Vec<Vec<u8>>,\n    |                                     ^^^ not found in this scope\n\nerror[E0412]: cannot find type `Vec` in this scope\n   --> /Users/graysonnocera/Downloads/695-Project/dataset/nostd-failed-crates/crates/rlay_ontology-0.2.6/target/thumbv7m-none-eabi/debug/build/rlay_ontology-1510196162b30d9f/out/rlay.ontology.entities.rs:218:41\n    |\n218 |     pub object_property_assertions: Vec<Vec<u8>>,\n    |                                         ^^^ not found in this scope\n\nerror[E0412]: cannot find type `Vec` in this scope\n   --> /Users/graysonnocera/Downloads/695-Project/dataset/nostd-failed-crates/crates/rlay_ontology-0.2.6/target/thumbv7m-none-eabi/debug/build/rlay_ontology-1510196162b30d9f/out/rlay.ontology.entities.rs:220:46\n    |\n220 |     pub negative_object_property_assertions: Vec<Vec<u8>>,\n    |                                              ^^^ not found in this scope\n\nerror[E0412]: cannot find type `Vec` in this scope\n   --> /Users/graysonnocera/Downloads/695-Project/dataset/nostd-failed-crates/crates/rlay_ontology-0.2.6/target/thumbv7m-none-eabi/debug/build/rlay_ontology-1510196162b30d9f/out/rlay.ontology.entities.rs:220:50\n    |\n220 |     pub negative_object_property_assertions: Vec<Vec<u8>>,\n    |                                                  ^^^ not found in this scope\n\nerror[E0412]: cannot find type `Vec` in this scope\n   --> /Users/graysonnocera/Downloads/695-Project/dataset/nostd-failed-crates/crates/rlay_ontology-0.2.6/target/thumbv7m-none-eabi/debug/build/rlay_ontology-1510196162b30d9f/out/rlay.ontology.entities.rs:222:35\n    |\n222 |     pub data_property_assertions: Vec<Vec<u8>>,\n    |                                   ^^^ not found in this scope\n\nerror[E0412]: cannot find type `Vec` in this scope\n   --> /Users/graysonnocera/Downloads/695-Project/dataset/nostd-failed-crates/crates/rlay_ontology-0.2.6/target/thumbv7m-none-eabi/debug/build/rlay_ontology-1510196162b30d9f/out/rlay.ontology.entities.rs:222:39\n    |\n222 |     pub data_property_assertions: Vec<Vec<u8>>,\n    |                                       ^^^ not found in this scope\n\nerror[E0412]: cannot find type `Vec` in this scope\n   --> /Users/graysonnocera/Downloads/695-Project/dataset/nostd-failed-crates/crates/rlay_ontology-0.2.6/target/thumbv7m-none-eabi/debug/build/rlay_ontology-1510196162b30d9f/out/rlay.ontology.entities.rs:224:44\n    |\n224 |     pub negative_data_property_assertions: Vec<Vec<u8>>,\n    |                                            ^^^ not found in this scope\n\nerror[E0412]: cannot find type `Vec` in this scope\n   --> /Users/graysonnocera/Downloads/695-Project/dataset/nostd-failed-crates/crates/rlay_ontology-0.2.6/target/thumbv7m-none-eabi/debug/build/rlay_ontology-1510196162b30d9f/out/rlay.ontology.entities.rs:224:48\n    |\n224 |     pub negative_data_property_assertions: Vec<Vec<u8>>,\n    |                                                ^^^ not found in this scope\n\nerror[E0412]: cannot find type `Vec` in this scope\n   --> /Users/graysonnocera/Downloads/695-Project/dataset/nostd-failed-crates/crates/rlay_ontology-0.2.6/target/thumbv7m-none-eabi/debug/build/rlay_ontology-1510196162b30d9f/out/rlay.ontology.entities.rs:231:22\n    |\n231 |     pub annotations: Vec<Vec<u8>>,\n    |                      ^^^ not found in this scope\n\nerror[E0412]: cannot find type `Vec` in this scope\n   --> /Users/graysonnocera/Downloads/695-Project/dataset/nostd-failed-crates/crates/rlay_ontology-0.2.6/target/thumbv7m-none-eabi/debug/build/rlay_ontology-1510196162b30d9f/out/rlay.ontology.entities.rs:231:26\n    |\n231 |     pub annotations: Vec<Vec<u8>>,\n    |                          ^^^ not found in this scope\n\nerror[E0412]: cannot find type `Vec` in this scope\n   --> /Users/graysonnocera/Downloads/695-Project/dataset/nostd-failed-crates/crates/rlay_ontology-0.2.6/target/thumbv7m-none-eabi/debug/build/rlay_ontology-1510196162b30d9f/out/rlay.ontology.entities.rs:238:22\n    |\n238 |     pub annotations: Vec<Vec<u8>>,\n    |                      ^^^ not found in this scope\n\nerror[E0412]: cannot find type `Vec` in this scope\n   --> /Users/graysonnocera/Downloads/695-Project/dataset/nostd-failed-crates/crates/rlay_ontology-0.2.6/target/thumbv7m-none-eabi/debug/build/rlay_ontology-1510196162b30d9f/out/rlay.ontology.entities.rs:238:26\n    |\n238 |     pub annotations: Vec<Vec<u8>>,\n    |                          ^^^ not found in this scope\n\nerror[E0412]: cannot find type `Vec` in this scope\n   --> /Users/graysonnocera/Downloads/695-Project/dataset/nostd-failed-crates/crates/rlay_ontology-0.2.6/target/thumbv7m-none-eabi/debug/build/rlay_ontology-1510196162b30d9f/out/rlay.ontology.entities.rs:240:25\n    |\n240 |     pub subject: Option<Vec<u8>>,\n    |                         ^^^ not found in this scope\n\nerror[E0412]: cannot find type `Vec` in this scope\n   --> /Users/graysonnocera/Downloads/695-Project/dataset/nostd-failed-crates/crates/rlay_ontology-0.2.6/target/thumbv7m-none-eabi/debug/build/rlay_ontology-1510196162b30d9f/out/rlay.ontology.entities.rs:242:16\n    |\n242 |     pub class: Vec<u8>,\n    |                ^^^ not found in this scope\n\nerror[E0412]: cannot find type `Vec` in this scope\n   --> /Users/graysonnocera/Downloads/695-Project/dataset/nostd-failed-crates/crates/rlay_ontology-0.2.6/target/thumbv7m-none-eabi/debug/build/rlay_ontology-1510196162b30d9f/out/rlay.ontology.entities.rs:249:22\n    |\n249 |     pub annotations: Vec<Vec<u8>>,\n    |                      ^^^ not found in this scope\n\nerror[E0412]: cannot find type `Vec` in this scope\n   --> /Users/graysonnocera/Downloads/695-Project/dataset/nostd-failed-crates/crates/rlay_ontology-0.2.6/target/thumbv7m-none-eabi/debug/build/rlay_ontology-1510196162b30d9f/out/rlay.ontology.entities.rs:249:26\n    |\n249 |     pub annotations: Vec<Vec<u8>>,\n    |                          ^^^ not found in this scope\n\nerror[E0412]: cannot find type `Vec` in this scope\n   --> /Users/graysonnocera/Downloads/695-Project/dataset/nostd-failed-crates/crates/rlay_ontology-0.2.6/target/thumbv7m-none-eabi/debug/build/rlay_ontology-1510196162b30d9f/out/rlay.ontology.entities.rs:251:25\n    |\n251 |     pub subject: Option<Vec<u8>>,\n    |                         ^^^ not found in this scope\n\nerror[E0412]: cannot find type `Vec` in this scope\n   --> /Users/graysonnocera/Downloads/695-Project/dataset/nostd-failed-crates/crates/rlay_ontology-0.2.6/target/thumbv7m-none-eabi/debug/build/rlay_ontology-1510196162b30d9f/out/rlay.ontology.entities.rs:253:16\n    |\n253 |     pub class: Vec<u8>,\n    |                ^^^ not found in this scope\n\nerror[E0412]: cannot find type `Vec` in this scope\n   --> /Users/graysonnocera/Downloads/695-Project/dataset/nostd-failed-crates/crates/rlay_ontology-0.2.6/target/thumbv7m-none-eabi/debug/build/rlay_ontology-1510196162b30d9f/out/rlay.ontology.entities.rs:260:22\n    |\n260 |     pub annotations: Vec<Vec<u8>>,\n    |                      ^^^ not found in this scope\n\nerror[E0412]: cannot find type `Vec` in this scope\n   --> /Users/graysonnocera/Downloads/695-Project/dataset/nostd-failed-crates/crates/rlay_ontology-0.2.6/target/thumbv7m-none-eabi/debug/build/rlay_ontology-1510196162b30d9f/out/rlay.ontology.entities.rs:260:26\n    |\n260 |     pub annotations: Vec<Vec<u8>>,\n    |                          ^^^ not found in this scope\n\nerror[E0412]: cannot find type `Vec` in this scope\n   --> /Users/graysonnocera/Downloads/695-Project/dataset/nostd-failed-crates/crates/rlay_ontology-0.2.6/target/thumbv7m-none-eabi/debug/build/rlay_ontology-1510196162b30d9f/out/rlay.ontology.entities.rs:262:25\n    |\n262 |     pub subject: Option<Vec<u8>>,\n    |                         ^^^ not found in this scope\n\nerror[E0412]: cannot find type `Vec` in this scope\n   --> /Users/graysonnocera/Downloads/695-Project/dataset/nostd-failed-crates/crates/rlay_ontology-0.2.6/target/thumbv7m-none-eabi/debug/build/rlay_ontology-1510196162b30d9f/out/rlay.ontology.entities.rs:264:26\n    |\n264 |     pub property: Option<Vec<u8>>,\n    |                          ^^^ not found in this scope\n\nerror[E0412]: cannot find type `Vec` in this scope\n   --> /Users/graysonnocera/Downloads/695-Project/dataset/nostd-failed-crates/crates/rlay_ontology-0.2.6/target/thumbv7m-none-eabi/debug/build/rlay_ontology-1510196162b30d9f/out/rlay.ontology.entities.rs:266:24\n    |\n266 |     pub target: Option<Vec<u8>>,\n    |                        ^^^ not found in this scope\n\nerror[E0412]: cannot find type `Vec` in this scope\n   --> /Users/graysonnocera/Downloads/695-Project/dataset/nostd-failed-crates/crates/rlay_ontology-0.2.6/target/thumbv7m-none-eabi/debug/build/rlay_ontology-1510196162b30d9f/out/rlay.ontology.entities.rs:273:22\n    |\n273 |     pub annotations: Vec<Vec<u8>>,\n    |                      ^^^ not found in this scope\n\nerror[E0412]: cannot find type `Vec` in this scope\n   --> /Users/graysonnocera/Downloads/695-Project/dataset/nostd-failed-crates/crates/rlay_ontology-0.2.6/target/thumbv7m-none-eabi/debug/build/rlay_ontology-1510196162b30d9f/out/rlay.ontology.entities.rs:273:26\n    |\n273 |     pub annotations: Vec<Vec<u8>>,\n    |                          ^^^ not found in this scope\n\nerror[E0412]: cannot find type `Vec` in this scope\n   --> /Users/graysonnocera/Downloads/695-Project/dataset/nostd-failed-crates/crates/rlay_ontology-0.2.6/target/thumbv7m-none-eabi/debug/build/rlay_ontology-1510196162b30d9f/out/rlay.ontology.entities.rs:275:25\n    |\n275 |     pub subject: Option<Vec<u8>>,\n    |                         ^^^ not found in this scope\n\nerror[E0412]: cannot find type `Vec` in this scope\n   --> /Users/graysonnocera/Downloads/695-Project/dataset/nostd-failed-crates/crates/rlay_ontology-0.2.6/target/thumbv7m-none-eabi/debug/build/rlay_ontology-1510196162b30d9f/out/rlay.ontology.entities.rs:277:26\n    |\n277 |     pub property: Option<Vec<u8>>,\n    |                          ^^^ not found in this scope\n\nerror[E0412]: cannot find type `Vec` in this scope\n   --> /Users/graysonnocera/Downloads/695-Project/dataset/nostd-failed-crates/crates/rlay_ontology-0.2.6/target/thumbv7m-none-eabi/debug/build/rlay_ontology-1510196162b30d9f/out/rlay.ontology.entities.rs:279:24\n    |\n279 |     pub target: Option<Vec<u8>>,\n    |                        ^^^ not found in this scope\n\nerror[E0412]: cannot find type `Vec` in this scope\n   --> /Users/graysonnocera/Downloads/695-Project/dataset/nostd-failed-crates/crates/rlay_ontology-0.2.6/target/thumbv7m-none-eabi/debug/build/rlay_ontology-1510196162b30d9f/out/rlay.ontology.entities.rs:286:22\n    |\n286 |     pub annotations: Vec<Vec<u8>>,\n    |                      ^^^ not found in this scope\n\nerror[E0412]: cannot find type `Vec` in this scope\n   --> /Users/graysonnocera/Downloads/695-Project/dataset/nostd-failed-crates/crates/rlay_ontology-0.2.6/target/thumbv7m-none-eabi/debug/build/rlay_ontology-1510196162b30d9f/out/rlay.ontology.entities.rs:286:26\n    |\n286 |     pub annotations: Vec<Vec<u8>>,\n    |                          ^^^ not found in this scope\n\nerror[E0412]: cannot find type `Vec` in this scope\n   --> /Users/graysonnocera/Downloads/695-Project/dataset/nostd-failed-crates/crates/rlay_ontology-0.2.6/target/thumbv7m-none-eabi/debug/build/rlay_ontology-1510196162b30d9f/out/rlay.ontology.entities.rs:288:25\n    |\n288 |     pub subject: Option<Vec<u8>>,\n    |                         ^^^ not found in this scope\n\nerror[E0412]: cannot find type `Vec` in this scope\n   --> /Users/graysonnocera/Downloads/695-Project/dataset/nostd-failed-crates/crates/rlay_ontology-0.2.6/target/thumbv7m-none-eabi/debug/build/rlay_ontology-1510196162b30d9f/out/rlay.ontology.entities.rs:290:26\n    |\n290 |     pub property: Option<Vec<u8>>,\n    |                          ^^^ not found in this scope\n\nerror[E0412]: cannot find type `Vec` in this scope\n   --> /Users/graysonnocera/Downloads/695-Project/dataset/nostd-failed-crates/crates/rlay_ontology-0.2.6/target/thumbv7m-none-eabi/debug/build/rlay_ontology-1510196162b30d9f/out/rlay.ontology.entities.rs:292:24\n    |\n292 |     pub target: Option<Vec<u8>>,\n    |                        ^^^ not found in this scope\n\nerror[E0412]: cannot find type `Vec` in this scope\n   --> /Users/graysonnocera/Downloads/695-Project/dataset/nostd-failed-crates/crates/rlay_ontology-0.2.6/target/thumbv7m-none-eabi/debug/build/rlay_ontology-1510196162b30d9f/out/rlay.ontology.entities.rs:299:22\n    |\n299 |     pub annotations: Vec<Vec<u8>>,\n    |                      ^^^ not found in this scope\n\nerror[E0412]: cannot find type `Vec` in this scope\n   --> /Users/graysonnocera/Downloads/695-Project/dataset/nostd-failed-crates/crates/rlay_ontology-0.2.6/target/thumbv7m-none-eabi/debug/build/rlay_ontology-1510196162b30d9f/out/rlay.ontology.entities.rs:299:26\n    |\n299 |     pub annotations: Vec<Vec<u8>>,\n    |                          ^^^ not found in this scope\n\nerror[E0412]: cannot find type `Vec` in this scope\n   --> /Users/graysonnocera/Downloads/695-Project/dataset/nostd-failed-crates/crates/rlay_ontology-0.2.6/target/thumbv7m-none-eabi/debug/build/rlay_ontology-1510196162b30d9f/out/rlay.ontology.entities.rs:301:25\n    |\n301 |     pub subject: Option<Vec<u8>>,\n    |                         ^^^ not found in this scope\n\nerror[E0412]: cannot find type `Vec` in this scope\n   --> /Users/graysonnocera/Downloads/695-Project/dataset/nostd-failed-crates/crates/rlay_ontology-0.2.6/target/thumbv7m-none-eabi/debug/build/rlay_ontology-1510196162b30d9f/out/rlay.ontology.entities.rs:303:26\n    |\n303 |     pub property: Option<Vec<u8>>,\n    |                          ^^^ not found in this scope\n\nerror[E0412]: cannot find type `Vec` in this scope\n   --> /Users/graysonnocera/Downloads/695-Project/dataset/nostd-failed-crates/crates/rlay_ontology-0.2.6/target/thumbv7m-none-eabi/debug/build/rlay_ontology-1510196162b30d9f/out/rlay.ontology.entities.rs:305:24\n    |\n305 |     pub target: Option<Vec<u8>>,\n    |                        ^^^ not found in this scope\n\nerror[E0412]: cannot find type `Vec` in this scope\n   --> /Users/graysonnocera/Downloads/695-Project/dataset/nostd-failed-crates/crates/rlay_ontology-0.2.6/target/thumbv7m-none-eabi/debug/build/rlay_ontology-1510196162b30d9f/out/rlay.ontology.entities.rs:312:22\n    |\n312 |     pub annotations: Vec<Vec<u8>>,\n    |                      ^^^ not found in this scope\n\nerror[E0412]: cannot find type `Vec` in this scope\n   --> /Users/graysonnocera/Downloads/695-Project/dataset/nostd-failed-crates/crates/rlay_ontology-0.2.6/target/thumbv7m-none-eabi/debug/build/rlay_ontology-1510196162b30d9f/out/rlay.ontology.entities.rs:312:26\n    |\n312 |     pub annotations: Vec<Vec<u8>>,\n    |                          ^^^ not found in this scope\n\nerror[E0412]: cannot find type `Vec` in this scope\n   --> /Users/graysonnocera/Downloads/695-Project/dataset/nostd-failed-crates/crates/rlay_ontology-0.2.6/target/thumbv7m-none-eabi/debug/build/rlay_ontology-1510196162b30d9f/out/rlay.ontology.entities.rs:314:25\n    |\n314 |     pub subject: Option<Vec<u8>>,\n    |                         ^^^ not found in this scope\n\nerror[E0412]: cannot find type `Vec` in this scope\n   --> /Users/graysonnocera/Downloads/695-Project/dataset/nostd-failed-crates/crates/rlay_ontology-0.2.6/target/thumbv7m-none-eabi/debug/build/rlay_ontology-1510196162b30d9f/out/rlay.ontology.entities.rs:316:26\n    |\n316 |     pub property: Option<Vec<u8>>,\n    |                          ^^^ not found in this scope\n\nerror[E0412]: cannot find type `Vec` in this scope\n   --> /Users/graysonnocera/Downloads/695-Project/dataset/nostd-failed-crates/crates/rlay_ontology-0.2.6/target/thumbv7m-none-eabi/debug/build/rlay_ontology-1510196162b30d9f/out/rlay.ontology.entities.rs:318:23\n    |\n318 |     pub value: Option<Vec<u8>>,\n    |                       ^^^ not found in this scope\n\nerror[E0412]: cannot find type `Vec` in this scope\n   --> /Users/graysonnocera/Downloads/695-Project/dataset/nostd-failed-crates/crates/rlay_ontology-0.2.6/target/thumbv7m-none-eabi/debug/build/rlay_ontology-1510196162b30d9f/out/rlay.ontology.entities.rs:325:22\n    |\n325 |     pub annotations: Vec<Vec<u8>>,\n    |                      ^^^ not found in this scope\n\nerror[E0412]: cannot find type `Vec` in this scope\n   --> /Users/graysonnocera/Downloads/695-Project/dataset/nostd-failed-crates/crates/rlay_ontology-0.2.6/target/thumbv7m-none-eabi/debug/build/rlay_ontology-1510196162b30d9f/out/rlay.ontology.entities.rs:325:26\n    |\n325 |     pub annotations: Vec<Vec<u8>>,\n    |                          ^^^ not found in this scope\n\nerror[E0412]: cannot find type `Vec` in this scope\n   --> /Users/graysonnocera/Downloads/695-Project/dataset/nostd-failed-crates/crates/rlay_ontology-0.2.6/target/thumbv7m-none-eabi/debug/build/rlay_ontology-1510196162b30d9f/out/rlay.ontology.entities.rs:327:25\n    |\n327 |     pub subject: Option<Vec<u8>>,\n    |                         ^^^ not found in this scope\n\nerror[E0412]: cannot find type `Vec` in this scope\n   --> /Users/graysonnocera/Downloads/695-Project/dataset/nostd-failed-crates/crates/rlay_ontology-0.2.6/target/thumbv7m-none-eabi/debug/build/rlay_ontology-1510196162b30d9f/out/rlay.ontology.entities.rs:329:26\n    |\n329 |     pub property: Option<Vec<u8>>,\n    |                          ^^^ not found in this scope\n\nerror[E0412]: cannot find type `Vec` in this scope\n   --> /Users/graysonnocera/Downloads/695-Project/dataset/nostd-failed-crates/crates/rlay_ontology-0.2.6/target/thumbv7m-none-eabi/debug/build/rlay_ontology-1510196162b30d9f/out/rlay.ontology.entities.rs:331:23\n    |\n331 |     pub value: Option<Vec<u8>>,\n    |                       ^^^ not found in this scope\n\nerror[E0412]: cannot find type `Vec` in this scope\n   --> /Users/graysonnocera/Downloads/695-Project/dataset/nostd-failed-crates/crates/rlay_ontology-0.2.6/target/thumbv7m-none-eabi/debug/build/rlay_ontology-1510196162b30d9f/out/rlay.ontology.entities.rs:338:26\n    |\n338 |     pub datatype: Option<Vec<u8>>,\n    |                          ^^^ not found in this scope\n\nerror[E0412]: cannot find type `Vec` in this scope\n   --> /Users/graysonnocera/Downloads/695-Project/dataset/nostd-failed-crates/crates/rlay_ontology-0.2.6/target/thumbv7m-none-eabi/debug/build/rlay_ontology-1510196162b30d9f/out/rlay.ontology.entities.rs:340:16\n    |\n340 |     pub value: Vec<u8>,\n    |                ^^^ not found in this scope\n\nerror[E0412]: cannot find type `Vec` in this scope\n   --> /Users/graysonnocera/Downloads/695-Project/dataset/nostd-failed-crates/crates/rlay_ontology-0.2.6/target/thumbv7m-none-eabi/debug/build/rlay_ontology-1510196162b30d9f/out/rlay.ontology.entities.rs:347:22\n    |\n347 |     pub annotations: Vec<Vec<u8>>,\n    |                      ^^^ not found in this scope\n\nerror[E0412]: cannot find type `Vec` in this scope\n   --> /Users/graysonnocera/Downloads/695-Project/dataset/nostd-failed-crates/crates/rlay_ontology-0.2.6/target/thumbv7m-none-eabi/debug/build/rlay_ontology-1510196162b30d9f/out/rlay.ontology.entities.rs:347:26\n    |\n347 |     pub annotations: Vec<Vec<u8>>,\n    |                          ^^^ not found in this scope\n\nerror[E0412]: cannot find type `Vec` in this scope\n   --> /Users/graysonnocera/Downloads/695-Project/dataset/nostd-failed-crates/crates/rlay_ontology-0.2.6/target/thumbv7m-none-eabi/debug/build/rlay_ontology-1510196162b30d9f/out/rlay.ontology.entities.rs:354:22\n    |\n354 |     pub annotations: Vec<Vec<u8>>,\n    |                      ^^^ not found in this scope\n\nerror[E0412]: cannot find type `Vec` in this scope\n   --> /Users/graysonnocera/Downloads/695-Project/dataset/nostd-failed-crates/crates/rlay_ontology-0.2.6/target/thumbv7m-none-eabi/debug/build/rlay_ontology-1510196162b30d9f/out/rlay.ontology.entities.rs:354:26\n    |\n354 |     pub annotations: Vec<Vec<u8>>,\n    |                          ^^^ not found in this scope\n\nerror[E0412]: cannot find type `Vec` in this scope\n   --> /Users/graysonnocera/Downloads/695-Project/dataset/nostd-failed-crates/crates/rlay_ontology-0.2.6/target/thumbv7m-none-eabi/debug/build/rlay_ontology-1510196162b30d9f/out/rlay.ontology.entities.rs:356:20\n    |\n356 |     pub datatypes: Vec<Vec<u8>>,\n    |                    ^^^ not found in this scope\n\nerror[E0412]: cannot find type `Vec` in this scope\n   --> /Users/graysonnocera/Downloads/695-Project/dataset/nostd-failed-crates/crates/rlay_ontology-0.2.6/target/thumbv7m-none-eabi/debug/build/rlay_ontology-1510196162b30d9f/out/rlay.ontology.entities.rs:356:24\n    |\n356 |     pub datatypes: Vec<Vec<u8>>,\n    |                        ^^^ not found in this scope\n\nerror[E0412]: cannot find type `Vec` in this scope\n   --> /Users/graysonnocera/Downloads/695-Project/dataset/nostd-failed-crates/crates/rlay_ontology-0.2.6/target/thumbv7m-none-eabi/debug/build/rlay_ontology-1510196162b30d9f/out/rlay.ontology.entities.rs:363:22\n    |\n363 |     pub annotations: Vec<Vec<u8>>,\n    |                      ^^^ not found in this scope\n\nerror[E0412]: cannot find type `Vec` in this scope\n   --> /Users/graysonnocera/Downloads/695-Project/dataset/nostd-failed-crates/crates/rlay_ontology-0.2.6/target/thumbv7m-none-eabi/debug/build/rlay_ontology-1510196162b30d9f/out/rlay.ontology.entities.rs:363:26\n    |\n363 |     pub annotations: Vec<Vec<u8>>,\n    |                          ^^^ not found in this scope\n\nerror[E0412]: cannot find type `Vec` in this scope\n   --> /Users/graysonnocera/Downloads/695-Project/dataset/nostd-failed-crates/crates/rlay_ontology-0.2.6/target/thumbv7m-none-eabi/debug/build/rlay_ontology-1510196162b30d9f/out/rlay.ontology.entities.rs:365:20\n    |\n365 |     pub datatypes: Vec<Vec<u8>>,\n    |                    ^^^ not found in this scope\n\nerror[E0412]: cannot find type `Vec` in this scope\n   --> /Users/graysonnocera/Downloads/695-Project/dataset/nostd-failed-crates/crates/rlay_ontology-0.2.6/target/thumbv7m-none-eabi/debug/build/rlay_ontology-1510196162b30d9f/out/rlay.ontology.entities.rs:365:24\n    |\n365 |     pub datatypes: Vec<Vec<u8>>,\n    |                        ^^^ not found in this scope\n\nerror[E0412]: cannot find type `Vec` in this scope\n   --> /Users/graysonnocera/Downloads/695-Project/dataset/nostd-failed-crates/crates/rlay_ontology-0.2.6/target/thumbv7m-none-eabi/debug/build/rlay_ontology-1510196162b30d9f/out/rlay.ontology.entities.rs:372:22\n    |\n372 |     pub annotations: Vec<Vec<u8>>,\n    |                      ^^^ not found in this scope\n\nerror[E0412]: cannot find type `Vec` in this scope\n   --> /Users/graysonnocera/Downloads/695-Project/dataset/nostd-failed-crates/crates/rlay_ontology-0.2.6/target/thumbv7m-none-eabi/debug/build/rlay_ontology-1510196162b30d9f/out/rlay.ontology.entities.rs:372:26\n    |\n372 |     pub annotations: Vec<Vec<u8>>,\n    |                          ^^^ not found in this scope\n\nerror[E0412]: cannot find type `Vec` in this scope\n   --> /Users/graysonnocera/Downloads/695-Project/dataset/nostd-failed-crates/crates/rlay_ontology-0.2.6/target/thumbv7m-none-eabi/debug/build/rlay_ontology-1510196162b30d9f/out/rlay.ontology.entities.rs:374:26\n    |\n374 |     pub datatype: Option<Vec<u8>>,\n    |                          ^^^ not found in this scope\n\nerror[E0412]: cannot find type `Vec` in this scope\n   --> /Users/graysonnocera/Downloads/695-Project/dataset/nostd-failed-crates/crates/rlay_ontology-0.2.6/target/thumbv7m-none-eabi/debug/build/rlay_ontology-1510196162b30d9f/out/rlay.ontology.entities.rs:381:22\n    |\n381 |     pub annotations: Vec<Vec<u8>>,\n    |                      ^^^ not found in this scope\n\nerror[E0412]: cannot find type `Vec` in this scope\n   --> /Users/graysonnocera/Downloads/695-Project/dataset/nostd-failed-crates/crates/rlay_ontology-0.2.6/target/thumbv7m-none-eabi/debug/build/rlay_ontology-1510196162b30d9f/out/rlay.ontology.entities.rs:381:26\n    |\n381 |     pub annotations: Vec<Vec<u8>>,\n    |                          ^^^ not found in this scope\n\nerror[E0412]: cannot find type `Vec` in this scope\n   --> /Users/graysonnocera/Downloads/695-Project/dataset/nostd-failed-crates/crates/rlay_ontology-0.2.6/target/thumbv7m-none-eabi/debug/build/rlay_ontology-1510196162b30d9f/out/rlay.ontology.entities.rs:383:17\n    |\n383 |     pub values: Vec<Vec<u8>>,\n    |                 ^^^ not found in this scope\n\nerror[E0412]: cannot find type `Vec` in this scope\n   --> /Users/graysonnocera/Downloads/695-Project/dataset/nostd-failed-crates/crates/rlay_ontology-0.2.6/target/thumbv7m-none-eabi/debug/build/rlay_ontology-1510196162b30d9f/out/rlay.ontology.entities.rs:383:21\n    |\n383 |     pub values: Vec<Vec<u8>>,\n    |                     ^^^ not found in this scope\n\nerror[E0412]: cannot find type `Vec` in this scope\n  --> /Users/graysonnocera/Downloads/695-Project/dataset/nostd-failed-crates/crates/rlay_ontology-0.2.6/target/thumbv7m-none-eabi/debug/build/rlay_ontology-1510196162b30d9f/out/rlay.ontology.macros_applied.rs:24:21\n   |\n24 |     type Item = &'a Vec<u8>;\n   |                     ^^^ not found in this scope\n\nerror[E0412]: cannot find type `Vec` in this scope\n  --> /Users/graysonnocera/Downloads/695-Project/dataset/nostd-failed-crates/crates/rlay_ontology-0.2.6/target/thumbv7m-none-eabi/debug/build/rlay_ontology-1510196162b30d9f/out/rlay.ontology.macros_applied.rs:70:21\n   |\n70 |     type Item = &'a Vec<u8>;\n   |                     ^^^ not found in this scope\n\nerror[E0412]: cannot find type `Vec` in this scope\n   --> /Users/graysonnocera/Downloads/695-Project/dataset/nostd-failed-crates/crates/rlay_ontology-0.2.6/target/thumbv7m-none-eabi/debug/build/rlay_ontology-1510196162b30d9f/out/rlay.ontology.macros_applied.rs:116:21\n    |\n116 |     type Item = &'a Vec<u8>;\n    |                     ^^^ not found in this scope\n\nerror[E0412]: cannot find type `Vec` in this scope\n   --> /Users/graysonnocera/Downloads/695-Project/dataset/nostd-failed-crates/crates/rlay_ontology-0.2.6/target/thumbv7m-none-eabi/debug/build/rlay_ontology-1510196162b30d9f/out/rlay.ontology.macros_applied.rs:162:21\n    |\n162 |     type Item = &'a Vec<u8>;\n    |                     ^^^ not found in this scope\n\nerror[E0412]: cannot find type `Vec` in this scope\n   --> /Users/graysonnocera/Downloads/695-Project/dataset/nostd-failed-crates/crates/rlay_ontology-0.2.6/target/thumbv7m-none-eabi/debug/build/rlay_ontology-1510196162b30d9f/out/rlay.ontology.macros_applied.rs:208:21\n    |\n208 |     type Item = &'a Vec<u8>;\n    |                     ^^^ not found in this scope\n\nerror[E0412]: cannot find type `Vec` in this scope\n   --> /Users/graysonnocera/Downloads/695-Project/dataset/nostd-failed-crates/crates/rlay_ontology-0.2.6/target/thumbv7m-none-eabi/debug/build/rlay_ontology-1510196162b30d9f/out/rlay.ontology.macros_applied.rs:254:21\n    |\n254 |     type Item = &'a Vec<u8>;\n    |                     ^^^ not found in this scope\n\nerror[E0412]: cannot find type `Vec` in this scope\n   --> /Users/graysonnocera/Downloads/695-Project/dataset/nostd-failed-crates/crates/rlay_ontology-0.2.6/target/thumbv7m-none-eabi/debug/build/rlay_ontology-1510196162b30d9f/out/rlay.ontology.macros_applied.rs:300:21\n    |\n300 |     type Item = &'a Vec<u8>;\n    |                     ^^^ not found in this scope\n\nerror[E0412]: cannot find type `Vec` in this scope\n   --> /Users/graysonnocera/Downloads/695-Project/dataset/nostd-failed-crates/crates/rlay_ontology-0.2.6/target/thumbv7m-none-eabi/debug/build/rlay_ontology-1510196162b30d9f/out/rlay.ontology.macros_applied.rs:350:21\n    |\n350 |     type Item = &'a Vec<u8>;\n    |                     ^^^ not found in this scope\n\nerror[E0412]: cannot find type `Vec` in this scope\n   --> /Users/graysonnocera/Downloads/695-Project/dataset/nostd-failed-crates/crates/rlay_ontology-0.2.6/target/thumbv7m-none-eabi/debug/build/rlay_ontology-1510196162b30d9f/out/rlay.ontology.macros_applied.rs:396:21\n    |\n396 |     type Item = &'a Vec<u8>;\n    |                     ^^^ not found in this scope\n\nerror[E0412]: cannot find type `Vec` in this scope\n   --> /Users/graysonnocera/Downloads/695-Project/dataset/nostd-failed-crates/crates/rlay_ontology-0.2.6/target/thumbv7m-none-eabi/debug/build/rlay_ontology-1510196162b30d9f/out/rlay.ontology.macros_applied.rs:442:21\n    |\n442 |     type Item = &'a Vec<u8>;\n    |                     ^^^ not found in this scope\n\nerror[E0412]: cannot find type `Vec` in this scope\n   --> /Users/graysonnocera/Downloads/695-Project/dataset/nostd-failed-crates/crates/rlay_ontology-0.2.6/target/thumbv7m-none-eabi/debug/build/rlay_ontology-1510196162b30d9f/out/rlay.ontology.macros_applied.rs:488:21\n    |\n488 |     type Item = &'a Vec<u8>;\n    |                     ^^^ not found in this scope\n\nerror[E0412]: cannot find type `Vec` in this scope\n   --> /Users/graysonnocera/Downloads/695-Project/dataset/nostd-failed-crates/crates/rlay_ontology-0.2.6/target/thumbv7m-none-eabi/debug/build/rlay_ontology-1510196162b30d9f/out/rlay.ontology.macros_applied.rs:534:21\n    |\n534 |     type Item = &'a Vec<u8>;\n    |                     ^^^ not found in this scope\n\nerror[E0412]: cannot find type `Vec` in this scope\n   --> /Users/graysonnocera/Downloads/695-Project/dataset/nostd-failed-crates/crates/rlay_ontology-0.2.6/target/thumbv7m-none-eabi/debug/build/rlay_ontology-1510196162b30d9f/out/rlay.ontology.macros_applied.rs:580:21\n    |\n580 |     type Item = &'a Vec<u8>;\n    |                     ^^^ not found in this scope\n\nerror[E0412]: cannot find type `Vec` in this scope\n   --> /Users/graysonnocera/Downloads/695-Project/dataset/nostd-failed-crates/crates/rlay_ontology-0.2.6/target/thumbv7m-none-eabi/debug/build/rlay_ontology-1510196162b30d9f/out/rlay.ontology.macros_applied.rs:626:21\n    |\n626 |     type Item = &'a Vec<u8>;\n    |                     ^^^ not found in this scope\n\nerror[E0412]: cannot find type `Vec` in this scope\n   --> /Users/graysonnocera/Downloads/695-Project/dataset/nostd-failed-crates/crates/rlay_ontology-0.2.6/target/thumbv7m-none-eabi/debug/build/rlay_ontology-1510196162b30d9f/out/rlay.ontology.macros_applied.rs:672:21\n    |\n672 |     type Item = &'a Vec<u8>;\n    |                     ^^^ not found in this scope\n\nerror[E0412]: cannot find type `Vec` in this scope\n   --> /Users/graysonnocera/Downloads/695-Project/dataset/nostd-failed-crates/crates/rlay_ontology-0.2.6/target/thumbv7m-none-eabi/debug/build/rlay_ontology-1510196162b30d9f/out/rlay.ontology.macros_applied.rs:718:21\n    |\n718 |     type Item = &'a Vec<u8>;\n    |                     ^^^ not found in this scope\n\nerror[E0412]: cannot find type `Vec` in this scope\n   --> /Users/graysonnocera/Downloads/695-Project/dataset/nostd-failed-crates/crates/rlay_ontology-0.2.6/target/thumbv7m-none-eabi/debug/build/rlay_ontology-1510196162b30d9f/out/rlay.ontology.macros_applied.rs:764:21\n    |\n764 |     type Item = &'a Vec<u8>;\n    |                     ^^^ not found in this scope\n\nerror[E0412]: cannot find type `Vec` in this scope\n   --> /Users/graysonnocera/Downloads/695-Project/dataset/nostd-failed-crates/crates/rlay_ontology-0.2.6/target/thumbv7m-none-eabi/debug/build/rlay_ontology-1510196162b30d9f/out/rlay.ontology.macros_applied.rs:810:21\n    |\n810 |     type Item = &'a Vec<u8>;\n    |                     ^^^ not found in this scope\n\nerror[E0412]: cannot find type `Vec` in this scope\n   --> /Users/graysonnocera/Downloads/695-Project/dataset/nostd-failed-crates/crates/rlay_ontology-0.2.6/target/thumbv7m-none-eabi/debug/build/rlay_ontology-1510196162b30d9f/out/rlay.ontology.macros_applied.rs:856:21\n    |\n856 |     type Item = &'a Vec<u8>;\n    |                     ^^^ not found in this scope\n\nerror[E0412]: cannot find type `Vec` in this scope\n   --> /Users/graysonnocera/Downloads/695-Project/dataset/nostd-failed-crates/crates/rlay_ontology-0.2.6/target/thumbv7m-none-eabi/debug/build/rlay_ontology-1510196162b30d9f/out/rlay.ontology.macros_applied.rs:902:21\n    |\n902 |     type Item = &'a Vec<u8>;\n    |                     ^^^ not found in this scope\n\nerror[E0412]: cannot find type `Vec` in this scope\n   --> /Users/graysonnocera/Downloads/695-Project/dataset/nostd-failed-crates/crates/rlay_ontology-0.2.6/target/thumbv7m-none-eabi/debug/build/rlay_ontology-1510196162b30d9f/out/rlay.ontology.macros_applied.rs:948:21\n    |\n948 |     type Item = &'a Vec<u8>;\n    |                     ^^^ not found in this scope\n\nerror[E0412]: cannot find type `Vec` in this scope\n   --> /Users/graysonnocera/Downloads/695-Project/dataset/nostd-failed-crates/crates/rlay_ontology-0.2.6/target/thumbv7m-none-eabi/debug/build/rlay_ontology-1510196162b30d9f/out/rlay.ontology.macros_applied.rs:994:21\n    |\n994 |     type Item = &'a Vec<u8>;\n    |                     ^^^ not found in this scope\n\nerror[E0412]: cannot find type `Vec` in this scope\n    --> /Users/graysonnocera/Downloads/695-Project/dataset/nostd-failed-crates/crates/rlay_ontology-0.2.6/target/thumbv7m-none-eabi/debug/build/rlay_ontology-1510196162b30d9f/out/rlay.ontology.macros_applied.rs:1040:21\n     |\n1040 |     type Item = &'a Vec<u8>;\n     |                     ^^^ not found in this scope\n\nerror[E0412]: cannot find type `Vec` in this scope\n    --> /Users/graysonnocera/Downloads/695-Project/dataset/nostd-failed-crates/crates/rlay_ontology-0.2.6/target/thumbv7m-none-eabi/debug/build/rlay_ontology-1510196162b30d9f/out/rlay.ontology.macros_applied.rs:1086:21\n     |\n1086 |     type Item = &'a Vec<u8>;\n     |                     ^^^ not found in this scope\n\nerror[E0412]: cannot find type `Vec` in this scope\n    --> /Users/graysonnocera/Downloads/695-Project/dataset/nostd-failed-crates/crates/rlay_ontology-0.2.6/target/thumbv7m-none-eabi/debug/build/rlay_ontology-1510196162b30d9f/out/rlay.ontology.macros_applied.rs:1132:21\n     |\n1132 |     type Item = &'a Vec<u8>;\n     |                     ^^^ not found in this scope\n\nerror[E0412]: cannot find type `Vec` in this scope\n    --> /Users/graysonnocera/Downloads/695-Project/dataset/nostd-failed-crates/crates/rlay_ontology-0.2.6/target/thumbv7m-none-eabi/debug/build/rlay_ontology-1510196162b30d9f/out/rlay.ontology.macros_applied.rs:1178:21\n     |\n1178 |     type Item = &'a Vec<u8>;\n     |                     ^^^ not found in this scope\n\nerror[E0412]: cannot find type `Vec` in this scope\n    --> /Users/graysonnocera/Downloads/695-Project/dataset/nostd-failed-crates/crates/rlay_ontology-0.2.6/target/thumbv7m-none-eabi/debug/build/rlay_ontology-1510196162b30d9f/out/rlay.ontology.macros_applied.rs:1224:21\n     |\n1224 |     type Item = &'a Vec<u8>;\n     |                     ^^^ not found in this scope\n\nerror[E0412]: cannot find type `Vec` in this scope\n    --> /Users/graysonnocera/Downloads/695-Project/dataset/nostd-failed-crates/crates/rlay_ontology-0.2.6/target/thumbv7m-none-eabi/debug/build/rlay_ontology-1510196162b30d9f/out/rlay.ontology.macros_applied.rs:1270:21\n     |\n1270 |     type Item = &'a Vec<u8>;\n     |                     ^^^ not found in this scope\n\nerror[E0412]: cannot find type `Vec` in this scope\n    --> /Users/graysonnocera/Downloads/695-Project/dataset/nostd-failed-crates/crates/rlay_ontology-0.2.6/target/thumbv7m-none-eabi/debug/build/rlay_ontology-1510196162b30d9f/out/rlay.ontology.macros_applied.rs:1316:21\n     |\n1316 |     type Item = &'a Vec<u8>;\n     |                     ^^^ not found in this scope\n\nerror[E0412]: cannot find type `Vec` in this scope\n    --> /Users/graysonnocera/Downloads/695-Project/dataset/nostd-failed-crates/crates/rlay_ontology-0.2.6/target/thumbv7m-none-eabi/debug/build/rlay_ontology-1510196162b30d9f/out/rlay.ontology.macros_applied.rs:1362:21\n     |\n1362 |     type Item = &'a Vec<u8>;\n     |                     ^^^ not found in this scope\n\nerror[E0412]: cannot find type `Vec` in this scope\n    --> /Users/graysonnocera/Downloads/695-Project/dataset/nostd-failed-crates/crates/rlay_ontology-0.2.6/target/thumbv7m-none-eabi/debug/build/rlay_ontology-1510196162b30d9f/out/rlay.ontology.macros_applied.rs:1408:21\n     |\n1408 |     type Item = &'a Vec<u8>;\n     |                     ^^^ not found in this scope\n\nerror[E0412]: cannot find type `Vec` in this scope\n    --> /Users/graysonnocera/Downloads/695-Project/dataset/nostd-failed-crates/crates/rlay_ontology-0.2.6/target/thumbv7m-none-eabi/debug/build/rlay_ontology-1510196162b30d9f/out/rlay.ontology.macros_applied.rs:1454:21\n     |\n1454 |     type Item = &'a Vec<u8>;\n     |                     ^^^ not found in this scope\n\nerror[E0412]: cannot find type `Vec` in this scope\n    --> /Users/graysonnocera/Downloads/695-Project/dataset/nostd-failed-crates/crates/rlay_ontology-0.2.6/target/thumbv7m-none-eabi/debug/build/rlay_ontology-1510196162b30d9f/out/rlay.ontology.macros_applied.rs:1500:21\n     |\n1500 |     type Item = &'a Vec<u8>;\n     |                     ^^^ not found in this scope\n\nerror[E0412]: cannot find type `Vec` in this scope\n    --> /Users/graysonnocera/Downloads/695-Project/dataset/nostd-failed-crates/crates/rlay_ontology-0.2.6/target/thumbv7m-none-eabi/debug/build/rlay_ontology-1510196162b30d9f/out/rlay.ontology.macros_applied.rs:1546:21\n     |\n1546 |     type Item = &'a Vec<u8>;\n     |                     ^^^ not found in this scope\n\nerror[E0412]: cannot find type `Vec` in this scope\n    --> /Users/graysonnocera/Downloads/695-Project/dataset/nostd-failed-crates/crates/rlay_ontology-0.2.6/target/thumbv7m-none-eabi/debug/build/rlay_ontology-1510196162b30d9f/out/rlay.ontology.macros_applied.rs:1592:21\n     |\n1592 |     type Item = &'a Vec<u8>;\n     |                     ^^^ not found in this scope\n\nerror[E0412]: cannot find type `Vec` in this scope\n    --> /Users/graysonnocera/Downloads/695-Project/dataset/nostd-failed-crates/crates/rlay_ontology-0.2.6/target/thumbv7m-none-eabi/debug/build/rlay_ontology-1510196162b30d9f/out/rlay.ontology.macros_applied.rs:1638:21\n     |\n1638 |     type Item = &'a Vec<u8>;\n     |                     ^^^ not found in this scope\n\nerror[E0412]: cannot find type `Vec` in this scope\n    --> /Users/graysonnocera/Downloads/695-Project/dataset/nostd-failed-crates/crates/rlay_ontology-0.2.6/target/thumbv7m-none-eabi/debug/build/rlay_ontology-1510196162b30d9f/out/rlay.ontology.macros_applied.rs:1684:21\n     |\n1684 |     type Item = &'a Vec<u8>;\n     |                     ^^^ not found in this scope\n\nerror[E0412]: cannot find type `Vec` in this scope\n    --> /Users/graysonnocera/Downloads/695-Project/dataset/nostd-failed-crates/crates/rlay_ontology-0.2.6/target/thumbv7m-none-eabi/debug/build/rlay_ontology-1510196162b30d9f/out/rlay.ontology.macros_applied.rs:1733:21\n     |\n1733 |     type Item = &'a Vec<u8>;\n     |                     ^^^ not found in this scope\n\nerror[E0412]: cannot find type `Vec` in this scope\n    --> /Users/graysonnocera/Downloads/695-Project/dataset/nostd-failed-crates/crates/rlay_ontology-0.2.6/target/thumbv7m-none-eabi/debug/build/rlay_ontology-1510196162b30d9f/out/rlay.ontology.macros_applied.rs:1779:21\n     |\n1779 |     type Item = &'a Vec<u8>;\n     |                     ^^^ not found in this scope\n\nerror[E0412]: cannot find type `Vec` in this scope\n    --> /Users/graysonnocera/Downloads/695-Project/dataset/nostd-failed-crates/crates/rlay_ontology-0.2.6/target/thumbv7m-none-eabi/debug/build/rlay_ontology-1510196162b30d9f/out/rlay.ontology.macros_applied.rs:1828:21\n     |\n1828 |     type Item = &'a Vec<u8>;\n     |                     ^^^ not found in this scope\n\nerror[E0412]: cannot find type `Vec` in this scope\n    --> /Users/graysonnocera/Downloads/695-Project/dataset/nostd-failed-crates/crates/rlay_ontology-0.2.6/target/thumbv7m-none-eabi/debug/build/rlay_ontology-1510196162b30d9f/out/rlay.ontology.macros_applied.rs:1874:21\n     |\n1874 |     type Item = &'a Vec<u8>;\n     |                     ^^^ not found in this scope\n\nerror[E0412]: cannot find type `Vec` in this scope\n    --> /Users/graysonnocera/Downloads/695-Project/dataset/nostd-failed-crates/crates/rlay_ontology-0.2.6/target/thumbv7m-none-eabi/debug/build/rlay_ontology-1510196162b30d9f/out/rlay.ontology.macros_applied.rs:1931:21\n     |\n1931 |     type Item = &'a Vec<u8>;\n     |                     ^^^ not found in this scope\n\nerror[E0412]: cannot find type `Vec` in this scope\n    --> /Users/graysonnocera/Downloads/695-Project/dataset/nostd-failed-crates/crates/rlay_ontology-0.2.6/target/thumbv7m-none-eabi/debug/build/rlay_ontology-1510196162b30d9f/out/rlay.ontology.macros_applied.rs:1982:21\n     |\n1982 |     type Item = &'a Vec<u8>;\n     |                     ^^^ not found in this scope\n\nerror[E0412]: cannot find type `Vec` in this scope\n    --> /Users/graysonnocera/Downloads/695-Project/dataset/nostd-failed-crates/crates/rlay_ontology-0.2.6/target/thumbv7m-none-eabi/debug/build/rlay_ontology-1510196162b30d9f/out/rlay.ontology.macros_applied.rs:2024:21\n     |\n2024 |     type Item = &'a Vec<u8>;\n     |                     ^^^ not found in this scope\n\nerror[E0412]: cannot find type `Vec` in this scope\n    --> /Users/graysonnocera/Downloads/695-Project/dataset/nostd-failed-crates/crates/rlay_ontology-0.2.6/target/thumbv7m-none-eabi/debug/build/rlay_ontology-1510196162b30d9f/out/rlay.ontology.macros_applied.rs:2075:21\n     |\n2075 |     type Item = &'a Vec<u8>;\n     |                     ^^^ not found in this scope\n\nerror[E0412]: cannot find type `Vec` in this scope\n    --> /Users/graysonnocera/Downloads/695-Project/dataset/nostd-failed-crates/crates/rlay_ontology-0.2.6/target/thumbv7m-none-eabi/debug/build/rlay_ontology-1510196162b30d9f/out/rlay.ontology.macros_applied.rs:2176:21\n     |\n2176 |     type Item = &'a Vec<u8>;\n     |                     ^^^ not found in this scope\n\nerror[E0412]: cannot find type `Vec` in this scope\n    --> /Users/graysonnocera/Downloads/695-Project/dataset/nostd-failed-crates/crates/rlay_ontology-0.2.6/target/thumbv7m-none-eabi/debug/build/rlay_ontology-1510196162b30d9f/out/rlay.ontology.macros_applied.rs:2230:21\n     |\n2230 |     type Item = &'a Vec<u8>;\n     |                     ^^^ not found in this scope\n\nerror[E0412]: cannot find type `Vec` in this scope\n    --> /Users/graysonnocera/Downloads/695-Project/dataset/nostd-failed-crates/crates/rlay_ontology-0.2.6/target/thumbv7m-none-eabi/debug/build/rlay_ontology-1510196162b30d9f/out/rlay.ontology.macros_applied.rs:2268:21\n     |\n2268 |     type Item = &'a Vec<u8>;\n     |                     ^^^ not found in this scope\n\nerror[E0412]: cannot find type `Vec` in this scope\n    --> /Users/graysonnocera/Downloads/695-Project/dataset/nostd-failed-crates/crates/rlay_ontology-0.2.6/target/thumbv7m-none-eabi/debug/build/rlay_ontology-1510196162b30d9f/out/rlay.ontology.macros_applied.rs:2314:21\n     |\n2314 |     type Item = &'a Vec<u8>;\n     |                     ^^^ not found in this scope\n\nerror[E0412]: cannot find type `Vec` in this scope\n    --> /Users/graysonnocera/Downloads/695-Project/dataset/nostd-failed-crates/crates/rlay_ontology-0.2.6/target/thumbv7m-none-eabi/debug/build/rlay_ontology-1510196162b30d9f/out/rlay.ontology.macros_applied.rs:2360:21\n     |\n2360 |     type Item = &'a Vec<u8>;\n     |                     ^^^ not found in this scope\n\nerror[E0412]: cannot find type `Vec` in this scope\n    --> /Users/graysonnocera/Downloads/695-Project/dataset/nostd-failed-crates/crates/rlay_ontology-0.2.6/target/thumbv7m-none-eabi/debug/build/rlay_ontology-1510196162b30d9f/out/rlay.ontology.macros_applied.rs:2406:21\n     |\n2406 |     type Item = &'a Vec<u8>;\n     |                     ^^^ not found in this scope\n\nerror[E0412]: cannot find type `Vec` in this scope\n    --> /Users/graysonnocera/Downloads/695-Project/dataset/nostd-failed-crates/crates/rlay_ontology-0.2.6/target/thumbv7m-none-eabi/debug/build/rlay_ontology-1510196162b30d9f/out/rlay.ontology.macros_applied.rs:2452:21\n     |\n2452 |     type Item = &'a Vec<u8>;\n     |                     ^^^ not found in this scope\n\nerror[E0412]: cannot find type `Vec` in this scope\n    --> /Users/graysonnocera/Downloads/695-Project/dataset/nostd-failed-crates/crates/rlay_ontology-0.2.6/target/thumbv7m-none-eabi/debug/build/rlay_ontology-1510196162b30d9f/out/rlay.ontology.macros_applied.rs:2498:21\n     |\n2498 |     type Item = &'a Vec<u8>;\n     |                     ^^^ not found in this scope\n\nerror[E0412]: cannot find type `Vec` in this scope\n    --> /Users/graysonnocera/Downloads/695-Project/dataset/nostd-failed-crates/crates/rlay_ontology-0.2.6/target/thumbv7m-none-eabi/debug/build/rlay_ontology-1510196162b30d9f/out/rlay.ontology.macros_applied.rs:2548:21\n     |\n2548 |     type Item = &'a Vec<u8>;\n     |                     ^^^ not found in this scope\n\nerror[E0412]: cannot find type `Vec` in this scope\n    --> /Users/graysonnocera/Downloads/695-Project/dataset/nostd-failed-crates/crates/rlay_ontology-0.2.6/target/thumbv7m-none-eabi/debug/build/rlay_ontology-1510196162b30d9f/out/rlay.ontology.macros_applied.rs:2594:21\n     |\n2594 |     type Item = &'a Vec<u8>;\n     |                     ^^^ not found in this scope\n\nerror[E0412]: cannot find type `Vec` in this scope\n    --> /Users/graysonnocera/Downloads/695-Project/dataset/nostd-failed-crates/crates/rlay_ontology-0.2.6/target/thumbv7m-none-eabi/debug/build/rlay_ontology-1510196162b30d9f/out/rlay.ontology.macros_applied.rs:2644:21\n     |\n2644 |     type Item = &'a Vec<u8>;\n     |                     ^^^ not found in this scope\n\nerror[E0412]: cannot find type `Vec` in this scope\n    --> /Users/graysonnocera/Downloads/695-Project/dataset/nostd-failed-crates/crates/rlay_ontology-0.2.6/target/thumbv7m-none-eabi/debug/build/rlay_ontology-1510196162b30d9f/out/rlay.ontology.macros_applied.rs:2693:21\n     |\n2693 |     type Item = &'a Vec<u8>;\n     |                     ^^^ not found in this scope\n\nerror[E0412]: cannot find type `Vec` in this scope\n    --> /Users/graysonnocera/Downloads/695-Project/dataset/nostd-failed-crates/crates/rlay_ontology-0.2.6/target/thumbv7m-none-eabi/debug/build/rlay_ontology-1510196162b30d9f/out/rlay.ontology.macros_applied.rs:2739:21\n     |\n2739 |     type Item = &'a Vec<u8>;\n     |                     ^^^ not found in this scope\n\nerror[E0412]: cannot find type `Vec` in this scope\n    --> /Users/graysonnocera/Downloads/695-Project/dataset/nostd-failed-crates/crates/rlay_ontology-0.2.6/target/thumbv7m-none-eabi/debug/build/rlay_ontology-1510196162b30d9f/out/rlay.ontology.macros_applied.rs:2790:21\n     |\n2790 |     type Item = &'a Vec<u8>;\n     |                     ^^^ not found in this scope\n\nerror[E0412]: cannot find type `Vec` in this scope\n    --> /Users/graysonnocera/Downloads/695-Project/dataset/nostd-failed-crates/crates/rlay_ontology-0.2.6/target/thumbv7m-none-eabi/debug/build/rlay_ontology-1510196162b30d9f/out/rlay.ontology.macros_applied.rs:2836:21\n     |\n2836 |     type Item = &'a Vec<u8>;\n     |                     ^^^ not found in this scope\n\nerror[E0412]: cannot find type `Vec` in this scope\n    --> /Users/graysonnocera/Downloads/695-Project/dataset/nostd-failed-crates/crates/rlay_ontology-0.2.6/target/thumbv7m-none-eabi/debug/build/rlay_ontology-1510196162b30d9f/out/rlay.ontology.macros_applied.rs:2890:21\n     |\n2890 |     type Item = &'a Vec<u8>;\n     |                     ^^^ not found in this scope\n\nerror[E0412]: cannot find type `Vec` in this scope\n    --> /Users/graysonnocera/Downloads/695-Project/dataset/nostd-failed-crates/crates/rlay_ontology-0.2.6/target/thumbv7m-none-eabi/debug/build/rlay_ontology-1510196162b30d9f/out/rlay.ontology.macros_applied.rs:2940:21\n     |\n2940 |     type Item = &'a Vec<u8>;\n     |                     ^^^ not found in this scope\n\nerror[E0412]: cannot find type `Vec` in this scope\n    --> /Users/graysonnocera/Downloads/695-Project/dataset/nostd-failed-crates/crates/rlay_ontology-0.2.6/target/thumbv7m-none-eabi/debug/build/rlay_ontology-1510196162b30d9f/out/rlay.ontology.macros_applied.rs:2986:21\n     |\n2986 |     type Item = &'a Vec<u8>;\n     |                     ^^^ not found in this scope\n\nerror[E0412]: cannot find type `Vec` in this scope\n    --> /Users/graysonnocera/Downloads/695-Project/dataset/nostd-failed-crates/crates/rlay_ontology-0.2.6/target/thumbv7m-none-eabi/debug/build/rlay_ontology-1510196162b30d9f/out/rlay.ontology.macros_applied.rs:3036:21\n     |\n3036 |     type Item = &'a Vec<u8>;\n     |                     ^^^ not found in this scope\n\nerror[E0412]: cannot find type `Vec` in this scope\n    --> /Users/graysonnocera/Downloads/695-Project/dataset/nostd-failed-crates/crates/rlay_ontology-0.2.6/target/thumbv7m-none-eabi/debug/build/rlay_ontology-1510196162b30d9f/out/rlay.ontology.macros_applied.rs:3085:21\n     |\n3085 |     type Item = &'a Vec<u8>;\n     |                     ^^^ not found in this scope\n\nerror[E0412]: cannot find type `Vec` in this scope\n    --> /Users/graysonnocera/Downloads/695-Project/dataset/nostd-failed-crates/crates/rlay_ontology-0.2.6/target/thumbv7m-none-eabi/debug/build/rlay_ontology-1510196162b30d9f/out/rlay.ontology.macros_applied.rs:3123:21\n     |\n3123 |     type Item = &'a Vec<u8>;\n     |                     ^^^ not found in this scope\n\nerror[E0412]: cannot find type `Vec` in this scope\n    --> /Users/graysonnocera/Downloads/695-Project/dataset/nostd-failed-crates/crates/rlay_ontology-0.2.6/target/thumbv7m-none-eabi/debug/build/rlay_ontology-1510196162b30d9f/out/rlay.ontology.macros_applied.rs:3169:21\n     |\n3169 |     type Item = &'a Vec<u8>;\n     |                     ^^^ not found in this scope\n\nerror[E0412]: cannot find type `Vec` in this scope\n    --> /Users/graysonnocera/Downloads/695-Project/dataset/nostd-failed-crates/crates/rlay_ontology-0.2.6/target/thumbv7m-none-eabi/debug/build/rlay_ontology-1510196162b30d9f/out/rlay.ontology.macros_applied.rs:3207:21\n     |\n3207 |     type Item = &'a Vec<u8>;\n     |                     ^^^ not found in this scope\n\nerror[E0412]: cannot find type `Vec` in this scope\n    --> /Users/graysonnocera/Downloads/695-Project/dataset/nostd-failed-crates/crates/rlay_ontology-0.2.6/target/thumbv7m-none-eabi/debug/build/rlay_ontology-1510196162b30d9f/out/rlay.ontology.macros_applied.rs:3253:21\n     |\n3253 |     type Item = &'a Vec<u8>;\n     |                     ^^^ not found in this scope\n\nerror[E0412]: cannot find type `Vec` in this scope\n    --> /Users/graysonnocera/Downloads/695-Project/dataset/nostd-failed-crates/crates/rlay_ontology-0.2.6/target/thumbv7m-none-eabi/debug/build/rlay_ontology-1510196162b30d9f/out/rlay.ontology.macros_applied.rs:3299:21\n     |\n3299 |     type Item = &'a Vec<u8>;\n     |                     ^^^ not found in this scope\n\nerror[E0412]: cannot find type `Vec` in this scope\n    --> /Users/graysonnocera/Downloads/695-Project/dataset/nostd-failed-crates/crates/rlay_ontology-0.2.6/target/thumbv7m-none-eabi/debug/build/rlay_ontology-1510196162b30d9f/out/rlay.ontology.macros_applied.rs:3345:21\n     |\n3345 |     type Item = &'a Vec<u8>;\n     |                     ^^^ not found in this scope\n\nerror[E0412]: cannot find type `Vec` in this scope\n    --> /Users/graysonnocera/Downloads/695-Project/dataset/nostd-failed-crates/crates/rlay_ontology-0.2.6/target/thumbv7m-none-eabi/debug/build/rlay_ontology-1510196162b30d9f/out/rlay.ontology.macros_applied.rs:3391:21\n     |\n3391 |     type Item = &'a Vec<u8>;\n     |                     ^^^ not found in this scope\n\nerror[E0412]: cannot find type `Vec` in this scope\n    --> /Users/graysonnocera/Downloads/695-Project/dataset/nostd-failed-crates/crates/rlay_ontology-0.2.6/target/thumbv7m-none-eabi/debug/build/rlay_ontology-1510196162b30d9f/out/rlay.ontology.macros_applied.rs:3437:21\n     |\n3437 |     type Item = &'a Vec<u8>;\n     |                     ^^^ not found in this scope\n\nerror[E0412]: cannot find type `Vec` in this scope\n    --> /Users/graysonnocera/Downloads/695-Project/dataset/nostd-failed-crates/crates/rlay_ontology-0.2.6/target/thumbv7m-none-eabi/debug/build/rlay_ontology-1510196162b30d9f/out/rlay.ontology.macros_applied.rs:3479:21\n     |\n3479 |     type Item = &'a Vec<u8>;\n     |                     ^^^ not found in this scope\n\nerror[E0412]: cannot find type `Vec` in this scope\n    --> /Users/graysonnocera/Downloads/695-Project/dataset/nostd-failed-crates/crates/rlay_ontology-0.2.6/target/thumbv7m-none-eabi/debug/build/rlay_ontology-1510196162b30d9f/out/rlay.ontology.macros_applied.rs:3525:21\n     |\n3525 |     type Item = &'a Vec<u8>;\n     |                     ^^^ not found in this scope\n\nerror[E0412]: cannot find type `Vec` in this scope\n    --> /Users/graysonnocera/Downloads/695-Project/dataset/nostd-failed-crates/crates/rlay_ontology-0.2.6/target/thumbv7m-none-eabi/debug/build/rlay_ontology-1510196162b30d9f/out/rlay.ontology.macros_applied.rs:3571:21\n     |\n3571 |     type Item = &'a Vec<u8>;\n     |                     ^^^ not found in this scope\n\nerror[E0412]: cannot find type `Vec` in this scope\n    --> /Users/graysonnocera/Downloads/695-Project/dataset/nostd-failed-crates/crates/rlay_ontology-0.2.6/target/thumbv7m-none-eabi/debug/build/rlay_ontology-1510196162b30d9f/out/rlay.ontology.macros_applied.rs:3984:21\n     |\n3984 |     type Item = &'a Vec<u8>;\n     |                     ^^^ not found in this scope\n\nerror[E0412]: cannot find type `Vec` in this scope\n    --> /Users/graysonnocera/Downloads/695-Project/dataset/nostd-failed-crates/crates/rlay_ontology-0.2.6/target/thumbv7m-none-eabi/debug/build/rlay_ontology-1510196162b30d9f/out/rlay.ontology.macros_applied.rs:4166:21\n     |\n4166 |     type Item = &'a Vec<u8>;\n     |                     ^^^ not found in this scope\n\nerror[E0412]: cannot find type `String` in this scope\n  --> src/ontology/mod.rs:72:39\n   |\n72 |     pub fn retrieve_fn_name(&self) -> String {\n   |                                       ^^^^^^ not found in this scope\n\nerror[E0412]: cannot find type `Vec` in this scope\n  --> src/ontology/mod.rs:83:42\n   |\n83 |     pub fn get_subject(&self) -> Option<&Vec<u8>> {\n   |                                          ^^^ not found in this scope\n\nerror[E0412]: cannot find type `Vec` in this scope\n   --> src/ontology/mod.rs:159:46\n    |\n159 |         pub fn get_subject(&self) -> Option<&Vec<u8>> {\n    |                                              ^^^ not found in this scope\n\nerror[E0412]: cannot find type `Vec` in this scope\n   --> src/ontology/mod.rs:165:46\n    |\n165 |         pub fn get_subject(&self) -> Option<&Vec<u8>> {\n    |                                              ^^^ not found in this scope\n\nwarning: unused macro definition: `impl_to_cid`\n --> src/ontology/./rlay.ontology.macros.rs:1:14\n  |\n1 | macro_rules! impl_to_cid {\n  |              ^^^^^^^^^^^\n  |\n  = note: `#[warn(unused_macros)]` on by default\n\nerror[E0599]: no method named `replace` found for reference `&str` in the current scope\n  --> src/ontology/mod.rs:67:31\n   |\n67 |         let name = event_name.replace(\"Stored\", \"\");\n   |                               ^^^^^^^ method not found in `&str`\n\nSome errors have detailed explanations: E0412, E0599.\nFor more information about an error, try `rustc --explain E0412`.\nwarning: `rlay_ontology` (lib) generated 1 warning\nerror: could not compile `rlay_ontology` (lib) due to 252 previous errors; 1 warning emitted\n",
      "stdout": ""
    },
    "features": [
      "std"
    ],
    "project": "../../../Downloads/695-Project/dataset/nostd-failed-crates/crates/rlay_ontology-0.2.6/src",
    "time_to_build": 3601,
    "time_to_solve": 32
  }
]