[
  {
    "built_with_features": null,
    "command": {
      "args": [
        "build",
        "--target",
        "thumbv7m-none-eabi",
        "--no-default-features"
      ],
      "code": 101,
      "stderr": "   Compiling either v1.9.0\n   Compiling crossbeam-utils v0.8.19\n   Compiling alloc-stdlib v0.2.2\n   Compiling proc-macro-error v1.0.4\n   Compiling crc32fast v1.3.2\n   Compiling aliasable v0.1.3\n   Compiling static_assertions v1.1.0\n   Compiling tinyvec_macros v0.1.1\n   Compiling unicode-joining-type v0.7.0\n   Compiling num-traits v0.2.17\nerror[E0463]: can't find crate for `std`\n  --> /Users/graysonnocera/.cargo/registry/src/index.crates.io-6f17d22bba15001f/either-1.9.0/src/lib.rs:19:1\n   |\n19 | extern crate std;\n   | ^^^^^^^^^^^^^^^^^ can't find crate\n   |\n   = note: the `thumbv7m-none-eabi` target may not support the standard library\n\nerror[E0463]: can't find crate for `std`\n  |\n  = note: the `thumbv7m-none-eabi` target may not support the standard library\n  = note: `std` is required by `crossbeam_utils` because it does not declare `#![no_std]`\n\nerror[E0463]: can't find crate for `std`\n  |\n  = note: the `thumbv7m-none-eabi` target may not support the standard library\n  = note: `std` is required by `crc32fast` because it does not declare `#![no_std]`\n\nerror: cannot find attribute `derive` in this scope\n --> /Users/graysonnocera/.cargo/registry/src/index.crates.io-6f17d22bba15001f/crc32fast-1.3.2/src/baseline.rs:3:3\n  |\n3 | #[derive(Clone)]\n  |   ^^^^^^\n\nerror: cannot find attribute `derive` in this scope\n  --> /Users/graysonnocera/.cargo/registry/src/index.crates.io-6f17d22bba15001f/crc32fast-1.3.2/src/specialized/mod.rs:13:11\n   |\n13 |         #[derive(Clone)]\n   |           ^^^^^^\n\nerror: cannot find attribute `derive` in this scope\n  --> /Users/graysonnocera/.cargo/registry/src/index.crates.io-6f17d22bba15001f/crc32fast-1.3.2/src/lib.rs:71:3\n   |\n71 | #[derive(Clone)]\n   |   ^^^^^^\n\nerror: cannot find attribute `derive` in this scope\n  --> /Users/graysonnocera/.cargo/registry/src/index.crates.io-6f17d22bba15001f/crc32fast-1.3.2/src/lib.rs:77:3\n   |\n77 | #[derive(Clone)]\n   |   ^^^^^^\n\nerror[E0463]: can't find crate for `std`\n  |\n  = note: the `thumbv7m-none-eabi` target may not support the standard library\n  = note: `std` is required by `alloc_stdlib` because it does not declare `#![no_std]`\n\nerror: cannot find macro `vec` in this scope\n  --> /Users/graysonnocera/.cargo/registry/src/index.crates.io-6f17d22bba15001f/alloc-stdlib-0.2.2/src/heap_alloc.rs:90:35\n   |\n90 |        let v : std::vec::Vec<T> = vec![self.default_value.clone();len];\n   |                                   ^^^\n\nerror: cannot find macro `vec` in this scope\n --> /Users/graysonnocera/.cargo/registry/src/index.crates.io-6f17d22bba15001f/alloc-stdlib-0.2.2/src/std_alloc.rs:9:8\n  |\n9 |        vec![T::default().clone();len].into()\n  |        ^^^\n\nerror: cannot find attribute `derive` in this scope\n --> /Users/graysonnocera/.cargo/registry/src/index.crates.io-6f17d22bba15001f/alloc-stdlib-0.2.2/src/std_alloc.rs:3:3\n  |\n3 | #[derive(Default, Clone, Copy, Debug)]\n  |   ^^^^^^\n\nFor more information about this error, try `rustc --explain E0463`.\nerror: could not compile `either` (lib) due to 1 previous error\nwarning: build failed, waiting for other jobs to finish...\nerror[E0412]: cannot find type `Option` in this scope\n  --> /Users/graysonnocera/.cargo/registry/src/index.crates.io-6f17d22bba15001f/crc32fast-1.3.2/src/specialized/mod.rs:16:35\n   |\n16 |             pub fn new(_: u32) -> Option<Self> {\n   |                                   ^^^^^^ not found in this scope\n\nerror[E0405]: cannot find trait `From` in this scope\n  --> /Users/graysonnocera/.cargo/registry/src/index.crates.io-6f17d22bba15001f/alloc-stdlib-0.2.2/src/heap_alloc.rs:12:9\n   |\n12 | impl<T> From<Vec<T>> for WrapBox<T> {\n   |         ^^^^ not found in this scope\n\nerror[E0425]: cannot find value `None` in this scope\n  --> /Users/graysonnocera/.cargo/registry/src/index.crates.io-6f17d22bba15001f/crc32fast-1.3.2/src/specialized/mod.rs:17:17\n   |\n17 |                 None\n   |                 ^^^^ not found in this scope\n\nerror[E0412]: cannot find type `Option` in this scope\n   --> /Users/graysonnocera/.cargo/registry/src/index.crates.io-6f17d22bba15001f/crc32fast-1.3.2/src/lib.rs:124:64\n    |\n124 |     pub fn internal_new_specialized(init: u32, amount: u64) -> Option<Self> {\n    |                                                                ^^^^^^ not found in this scope\n\nerror[E0405]: cannot find trait `Into` in this scope\n  --> /Users/graysonnocera/.cargo/registry/src/index.crates.io-6f17d22bba15001f/alloc-stdlib-0.2.2/src/heap_alloc.rs:18:9\n   |\n18 | impl<T> Into<Box<[T]>> for WrapBox<T> {\n   |         ^^^^ not found in this scope\n\nerror[E0531]: cannot find tuple struct or tuple variant `Some` in this scope\n   --> /Users/graysonnocera/.cargo/registry/src/index.crates.io-6f17d22bba15001f/crc32fast-1.3.2/src/lib.rs:126:20\n    |\n126 |             if let Some(state) = specialized::State::new(init) {\n    |                    ^^^^ not found in this scope\n\nerror[E0425]: cannot find value `None` in this scope\n   --> /Users/graysonnocera/.cargo/registry/src/index.crates.io-6f17d22bba15001f/crc32fast-1.3.2/src/lib.rs:133:9\n    |\n133 |         None\n    |         ^^^^ not found in this scope\n\nerror[E0405]: cannot find trait `Default` in this scope\n   --> /Users/graysonnocera/.cargo/registry/src/index.crates.io-6f17d22bba15001f/crc32fast-1.3.2/src/lib.rs:179:6\n    |\n179 | impl Default for Hasher {\n    |      ^^^^^^^ not found in this scope\n\nerror[E0405]: cannot find trait `Default` in this scope\n  --> /Users/graysonnocera/.cargo/registry/src/index.crates.io-6f17d22bba15001f/alloc-stdlib-0.2.2/src/heap_alloc.rs:24:9\n   |\n24 | impl<T> Default for WrapBox<T> {\n   |         ^^^^^^^ not found in this scope\n\nerror[E0405]: cannot find trait `Clone` in this scope\n  --> /Users/graysonnocera/.cargo/registry/src/index.crates.io-6f17d22bba15001f/alloc-stdlib-0.2.2/src/heap_alloc.rs:70:26\n   |\n70 | pub struct HeapAlloc<T : Clone>{\n   |                          ^^^^^ not found in this scope\n\nerror[E0405]: cannot find trait `Default` in this scope\n  --> /Users/graysonnocera/.cargo/registry/src/index.crates.io-6f17d22bba15001f/alloc-stdlib-0.2.2/src/heap_alloc.rs:74:24\n   |\n74 | impl<T: Clone+Default> Default for HeapAlloc<T> {\n   |                        ^^^^^^^ not found in this scope\n\nerror[E0405]: cannot find trait `Clone` in this scope\n  --> /Users/graysonnocera/.cargo/registry/src/index.crates.io-6f17d22bba15001f/alloc-stdlib-0.2.2/src/heap_alloc.rs:74:9\n   |\n74 | impl<T: Clone+Default> Default for HeapAlloc<T> {\n   |         ^^^^^ not found in this scope\n\nerror[E0405]: cannot find trait `Default` in this scope\n  --> /Users/graysonnocera/.cargo/registry/src/index.crates.io-6f17d22bba15001f/alloc-stdlib-0.2.2/src/heap_alloc.rs:74:15\n   |\n74 | impl<T: Clone+Default> Default for HeapAlloc<T> {\n   |               ^^^^^^^ not found in this scope\n\nerror[E0405]: cannot find trait `Clone` in this scope\n  --> /Users/graysonnocera/.cargo/registry/src/index.crates.io-6f17d22bba15001f/alloc-stdlib-0.2.2/src/heap_alloc.rs:80:10\n   |\n80 | impl<T : Clone> HeapAlloc<T> {\n   |          ^^^^^ not found in this scope\n\nerror[E0405]: cannot find trait `Clone` in this scope\n  --> /Users/graysonnocera/.cargo/registry/src/index.crates.io-6f17d22bba15001f/alloc-stdlib-0.2.2/src/heap_alloc.rs:86:10\n   |\n86 | impl<T : Clone> super::Allocator<T> for HeapAlloc<T> {\n   |          ^^^^^ not found in this scope\n\nerror[E0405]: cannot find trait `Default` in this scope\n   --> /Users/graysonnocera/.cargo/registry/src/index.crates.io-6f17d22bba15001f/alloc-stdlib-0.2.2/src/heap_alloc.rs:106:1\n    |\n106 | define_stack_allocator_traits!(HeapPrealloc, heap);\n    | ^^^^^^^^^^^^^^^^^^^^^^^^^^^^^^^^^^^^^^^^^^^^^^^^^^ not found in this scope\n    |\n    = note: this error originates in the macro `define_stack_allocator_traits` (in Nightly builds, run with -Z macro-backtrace for more info)\n\nerror[E0405]: cannot find trait `Clone` in this scope\n   --> /Users/graysonnocera/.cargo/registry/src/index.crates.io-6f17d22bba15001f/alloc-stdlib-0.2.2/src/heap_alloc.rs:108:14\n    |\n108 | impl<'a, T : Clone+'a> HeapPrealloc<'a, T> {\n    |              ^^^^^ not found in this scope\n\nerror[E0405]: cannot find trait `Clone` in this scope\n --> /Users/graysonnocera/.cargo/registry/src/index.crates.io-6f17d22bba15001f/alloc-stdlib-0.2.2/src/std_alloc.rs:6:9\n  |\n6 | impl<T: Clone+Default> Allocator<T> for StandardAlloc {\n  |         ^^^^^ not found in this scope\n\nerror[E0405]: cannot find trait `Default` in this scope\n --> /Users/graysonnocera/.cargo/registry/src/index.crates.io-6f17d22bba15001f/alloc-stdlib-0.2.2/src/std_alloc.rs:6:15\n  |\n6 | impl<T: Clone+Default> Allocator<T> for StandardAlloc {\n  |               ^^^^^^^ not found in this scope\n\nerror[E0463]: can't find crate for `std`\n  --> /Users/graysonnocera/.cargo/registry/src/index.crates.io-6f17d22bba15001f/num-traits-0.2.17/src/lib.rs:23:1\n   |\n23 | extern crate std;\n   | ^^^^^^^^^^^^^^^^^ can't find crate\n   |\n   = note: the `thumbv7m-none-eabi` target may not support the standard library\n\nSome errors have detailed explanations: E0405, E0463.\nFor more information about an error, try `rustc --explain E0405`.\nerror[E0425]: cannot find function, tuple struct or tuple variant `Some` in this scope\n   --> /Users/graysonnocera/.cargo/registry/src/index.crates.io-6f17d22bba15001f/crc32fast-1.3.2/src/lib.rs:127:24\n    |\n127 |                 return Some(Hasher {\n    |                        ^^^^ not found in this scope\n\nSome errors have detailed explanations: E0405, E0412, E0425, E0463, E0531.\nerror: could not compile `alloc-stdlib` (lib) due to 17 previous errors\nerror: could not compile `crc32fast` (lib) due to 12 previous errors\nerror[E0463]: can't find crate for `std`\n  --> /Users/graysonnocera/.cargo/registry/src/index.crates.io-6f17d22bba15001f/crossbeam-utils-0.8.19/src/lib.rs:90:24\n   |\n90 |         pub(crate) use std::sync::{Arc, Condvar, Mutex};\n   |                        ^^^ can't find crate\n   |\n   = note: the `thumbv7m-none-eabi` target may not support the standard library\n\nerror[E0463]: can't find crate for `std`\n --> /Users/graysonnocera/.cargo/registry/src/index.crates.io-6f17d22bba15001f/crossbeam-utils-0.8.19/src/sync/once_lock.rs:7:5\n  |\n7 | use std::sync::Once;\n  |     ^^^ can't find crate\n  |\n  = note: the `thumbv7m-none-eabi` target may not support the standard library\n\nerror[E0463]: can't find crate for `std`\n --> /Users/graysonnocera/.cargo/registry/src/index.crates.io-6f17d22bba15001f/crossbeam-utils-0.8.19/src/sync/parker.rs:3:5\n  |\n3 | use std::fmt;\n  |     ^^^ can't find crate\n  |\n  = note: the `thumbv7m-none-eabi` target may not support the standard library\n\nerror[E0463]: can't find crate for `std`\n --> /Users/graysonnocera/.cargo/registry/src/index.crates.io-6f17d22bba15001f/crossbeam-utils-0.8.19/src/sync/parker.rs:4:5\n  |\n4 | use std::marker::PhantomData;\n  |     ^^^ can't find crate\n  |\n  = note: the `thumbv7m-none-eabi` target may not support the standard library\n\nerror[E0463]: can't find crate for `std`\n --> /Users/graysonnocera/.cargo/registry/src/index.crates.io-6f17d22bba15001f/crossbeam-utils-0.8.19/src/sync/parker.rs:5:5\n  |\n5 | use std::time::{Duration, Instant};\n  |     ^^^ can't find crate\n  |\n  = note: the `thumbv7m-none-eabi` target may not support the standard library\n\nerror[E0463]: can't find crate for `std`\n --> /Users/graysonnocera/.cargo/registry/src/index.crates.io-6f17d22bba15001f/crossbeam-utils-0.8.19/src/sync/wait_group.rs:2:5\n  |\n2 | use std::fmt;\n  |     ^^^ can't find crate\n  |\n  = note: the `thumbv7m-none-eabi` target may not support the standard library\n\nerror[E0463]: can't find crate for `std`\n --> /Users/graysonnocera/.cargo/registry/src/index.crates.io-6f17d22bba15001f/crossbeam-utils-0.8.19/src/sync/sharded_lock.rs:1:5\n  |\n1 | use std::cell::UnsafeCell;\n  |     ^^^ can't find crate\n  |\n  = note: the `thumbv7m-none-eabi` target may not support the standard library\n\nerror[E0463]: can't find crate for `std`\n --> /Users/graysonnocera/.cargo/registry/src/index.crates.io-6f17d22bba15001f/crossbeam-utils-0.8.19/src/sync/sharded_lock.rs:2:5\n  |\n2 | use std::collections::HashMap;\n  |     ^^^ can't find crate\n  |\n  = note: the `thumbv7m-none-eabi` target may not support the standard library\n\nerror[E0463]: can't find crate for `std`\n --> /Users/graysonnocera/.cargo/registry/src/index.crates.io-6f17d22bba15001f/crossbeam-utils-0.8.19/src/sync/sharded_lock.rs:3:5\n  |\n3 | use std::fmt;\n  |     ^^^ can't find crate\n  |\n  = note: the `thumbv7m-none-eabi` target may not support the standard library\n\nerror[E0463]: can't find crate for `std`\n --> /Users/graysonnocera/.cargo/registry/src/index.crates.io-6f17d22bba15001f/crossbeam-utils-0.8.19/src/sync/sharded_lock.rs:4:5\n  |\n4 | use std::marker::PhantomData;\n  |     ^^^ can't find crate\n  |\n  = note: the `thumbv7m-none-eabi` target may not support the standard library\n\nerror[E0463]: can't find crate for `std`\n --> /Users/graysonnocera/.cargo/registry/src/index.crates.io-6f17d22bba15001f/crossbeam-utils-0.8.19/src/sync/sharded_lock.rs:5:5\n  |\n5 | use std::mem;\n  |     ^^^ can't find crate\n  |\n  = note: the `thumbv7m-none-eabi` target may not support the standard library\n\nerror[E0463]: can't find crate for `std`\n --> /Users/graysonnocera/.cargo/registry/src/index.crates.io-6f17d22bba15001f/crossbeam-utils-0.8.19/src/sync/sharded_lock.rs:6:5\n  |\n6 | use std::ops::{Deref, DerefMut};\n  |     ^^^ can't find crate\n  |\n  = note: the `thumbv7m-none-eabi` target may not support the standard library\n\nerror[E0463]: can't find crate for `std`\n --> /Users/graysonnocera/.cargo/registry/src/index.crates.io-6f17d22bba15001f/crossbeam-utils-0.8.19/src/sync/sharded_lock.rs:7:5\n  |\n7 | use std::panic::{RefUnwindSafe, UnwindSafe};\n  |     ^^^ can't find crate\n  |\n  = note: the `thumbv7m-none-eabi` target may not support the standard library\n\nerror[E0463]: can't find crate for `std`\n --> /Users/graysonnocera/.cargo/registry/src/index.crates.io-6f17d22bba15001f/crossbeam-utils-0.8.19/src/sync/sharded_lock.rs:8:5\n  |\n8 | use std::sync::{LockResult, PoisonError, TryLockError, TryLockResult};\n  |     ^^^ can't find crate\n  |\n  = note: the `thumbv7m-none-eabi` target may not support the standard library\n\nerror[E0463]: can't find crate for `std`\n --> /Users/graysonnocera/.cargo/registry/src/index.crates.io-6f17d22bba15001f/crossbeam-utils-0.8.19/src/sync/sharded_lock.rs:9:5\n  |\n9 | use std::sync::{Mutex, RwLock, RwLockReadGuard, RwLockWriteGuard};\n  |     ^^^ can't find crate\n  |\n  = note: the `thumbv7m-none-eabi` target may not support the standard library\n\nerror[E0463]: can't find crate for `std`\n  --> /Users/graysonnocera/.cargo/registry/src/index.crates.io-6f17d22bba15001f/crossbeam-utils-0.8.19/src/sync/sharded_lock.rs:10:5\n   |\n10 | use std::thread::{self, ThreadId};\n   |     ^^^ can't find crate\n   |\n   = note: the `thumbv7m-none-eabi` target may not support the standard library\n\nerror[E0463]: can't find crate for `std`\n   --> /Users/graysonnocera/.cargo/registry/src/index.crates.io-6f17d22bba15001f/crossbeam-utils-0.8.19/src/thread.rs:114:5\n    |\n114 | use std::fmt;\n    |     ^^^ can't find crate\n    |\n    = note: the `thumbv7m-none-eabi` target may not support the standard library\n\nerror[E0463]: can't find crate for `std`\n   --> /Users/graysonnocera/.cargo/registry/src/index.crates.io-6f17d22bba15001f/crossbeam-utils-0.8.19/src/thread.rs:115:5\n    |\n115 | use std::io;\n    |     ^^^ can't find crate\n    |\n    = note: the `thumbv7m-none-eabi` target may not support the standard library\n\nerror[E0463]: can't find crate for `std`\n   --> /Users/graysonnocera/.cargo/registry/src/index.crates.io-6f17d22bba15001f/crossbeam-utils-0.8.19/src/thread.rs:116:5\n    |\n116 | use std::marker::PhantomData;\n    |     ^^^ can't find crate\n    |\n    = note: the `thumbv7m-none-eabi` target may not support the standard library\n\nerror[E0463]: can't find crate for `std`\n   --> /Users/graysonnocera/.cargo/registry/src/index.crates.io-6f17d22bba15001f/crossbeam-utils-0.8.19/src/thread.rs:117:5\n    |\n117 | use std::mem;\n    |     ^^^ can't find crate\n    |\n    = note: the `thumbv7m-none-eabi` target may not support the standard library\n\nerror[E0463]: can't find crate for `std`\n   --> /Users/graysonnocera/.cargo/registry/src/index.crates.io-6f17d22bba15001f/crossbeam-utils-0.8.19/src/thread.rs:118:5\n    |\n118 | use std::panic;\n    |     ^^^ can't find crate\n    |\n    = note: the `thumbv7m-none-eabi` target may not support the standard library\n\nerror[E0463]: can't find crate for `std`\n   --> /Users/graysonnocera/.cargo/registry/src/index.crates.io-6f17d22bba15001f/crossbeam-utils-0.8.19/src/thread.rs:119:5\n    |\n119 | use std::sync::{Arc, Mutex};\n    |     ^^^ can't find crate\n    |\n    = note: the `thumbv7m-none-eabi` target may not support the standard library\n\nerror[E0463]: can't find crate for `std`\n   --> /Users/graysonnocera/.cargo/registry/src/index.crates.io-6f17d22bba15001f/crossbeam-utils-0.8.19/src/thread.rs:120:5\n    |\n120 | use std::thread;\n    |     ^^^ can't find crate\n    |\n    = note: the `thumbv7m-none-eabi` target may not support the standard library\n\nerror[E0432]: unresolved imports `crate::primitive::sync::Arc`, `crate::primitive::sync::Condvar`, `crate::primitive::sync::Mutex`, `crate::primitive::sync::Arc`, `crate::primitive::sync::Condvar`, `crate::primitive::sync::Mutex`\n --> /Users/graysonnocera/.cargo/registry/src/index.crates.io-6f17d22bba15001f/crossbeam-utils-0.8.19/src/sync/parker.rs:2:30\n  |\n2 | use crate::primitive::sync::{Arc, Condvar, Mutex};\n  |                              ^^^  ^^^^^^^  ^^^^^\n  |\n ::: /Users/graysonnocera/.cargo/registry/src/index.crates.io-6f17d22bba15001f/crossbeam-utils-0.8.19/src/sync/wait_group.rs:1:30\n  |\n1 | use crate::primitive::sync::{Arc, Condvar, Mutex};\n  |                              ^^^  ^^^^^^^  ^^^^^\n\nerror: cannot find macro `panic` in this scope\n   --> /Users/graysonnocera/.cargo/registry/src/index.crates.io-6f17d22bba15001f/crossbeam-utils-0.8.19/src/sync/parker.rs:354:23\n    |\n354 |             Err(n) => panic!(\"inconsistent park_timeout state: {}\", n),\n    |                       ^^^^^\n    |\nhelp: consider importing this macro\n    |\n1   + use core::panic;\n    |\n\nerror: cannot find macro `panic` in this scope\n   --> /Users/graysonnocera/.cargo/registry/src/index.crates.io-6f17d22bba15001f/crossbeam-utils-0.8.19/src/sync/parker.rs:372:34\n    |\n372 | ...                   n => panic!(\"inconsistent park_timeout state: {}\", n),\n    |                            ^^^^^\n    |\nhelp: consider importing this macro\n    |\n1   + use core::panic;\n    |\n\nerror: cannot find macro `panic` in this scope\n   --> /Users/graysonnocera/.cargo/registry/src/index.crates.io-6f17d22bba15001f/crossbeam-utils-0.8.19/src/sync/parker.rs:401:18\n    |\n401 |             _ => panic!(\"inconsistent state in unpark\"),\n    |                  ^^^^^\n    |\nhelp: consider importing this macro\n    |\n1   + use core::panic;\n    |\n\nerror: cannot find attribute `derive` in this scope\n  --> /Users/graysonnocera/.cargo/registry/src/index.crates.io-6f17d22bba15001f/crossbeam-utils-0.8.19/src/cache_padded.rs:62:3\n   |\n62 | #[derive(Clone, Copy, Default, Hash, PartialEq, Eq)]\n   |   ^^^^^^\n   |\nhelp: consider importing this attribute macro\n   |\n1  + use core::prelude::rust_2024::derive;\n   |\n\nerror: cannot find macro `debug_assert` in this scope\n  --> /Users/graysonnocera/.cargo/registry/src/index.crates.io-6f17d22bba15001f/crossbeam-utils-0.8.19/src/sync/once_lock.rs:76:9\n   |\n76 |         debug_assert!(self.once.is_completed());\n   |         ^^^^^^^^^^^^\n   |\nhelp: consider importing this macro\n   |\n5  + use core::debug_assert;\n   |\n\nerror: cannot find macro `assert_eq` in this scope\n   --> /Users/graysonnocera/.cargo/registry/src/index.crates.io-6f17d22bba15001f/crossbeam-utils-0.8.19/src/sync/parker.rs:351:17\n    |\n351 |                 assert_eq!(old, NOTIFIED, \"park state changed unexpectedly\");\n    |                 ^^^^^^^^^\n    |\nhelp: consider importing this macro\n    |\n1   + use core::assert_eq;\n    |\n\nerror: cannot find macro `thread_local` in this scope\n   --> /Users/graysonnocera/.cargo/registry/src/index.crates.io-6f17d22bba15001f/crossbeam-utils-0.8.19/src/sync/sharded_lock.rs:616:1\n    |\n616 | thread_local! {\n    | ^^^^^^^^^^^^\n    |\n    = note: `thread_local` is in scope, but it is an attribute: `#[thread_local]`\n\nerror: cannot find attribute `derive` in this scope\n   --> /Users/graysonnocera/.cargo/registry/src/index.crates.io-6f17d22bba15001f/crossbeam-utils-0.8.19/src/thread.rs:332:3\n    |\n332 | #[derive(Debug)]\n    |   ^^^^^^\n    |\nhelp: consider importing this attribute macro\n    |\n114 + use core::prelude::rust_2024::derive;\n    |\n\nerror[E0463]: can't find crate for `std`\n   --> /Users/graysonnocera/.cargo/registry/src/index.crates.io-6f17d22bba15001f/crossbeam-utils-0.8.19/src/backoff.rs:218:15\n    |\n218 |             ::std::thread::yield_now();\n    |               ^^^ can't find crate\n    |\n    = note: the `thumbv7m-none-eabi` target may not support the standard library\n\nerror[E0034]: multiple applicable items in scope\n    --> /Users/graysonnocera/.cargo/registry/src/index.crates.io-6f17d22bba15001f/num-traits-0.2.17/src/float.rs:809:15\n     |\n809  |         Self::floor(self) -> Self;\n     |               ^^^^^ multiple `floor` found\n     |\nnote: candidate #1 is defined in an impl of the trait `Float` for the type `f32`\n    --> /Users/graysonnocera/.cargo/registry/src/index.crates.io-6f17d22bba15001f/num-traits-0.2.17/src/macros.rs:9:13\n     |\n9    |             fn $method(self $( , $arg : $ty )* ) -> $ret {\n     |             ^^^^^^^^^^^^^^^^^^^^^^^^^^^^^^^^^^^^^^^^^^^^\n     |\n    ::: /Users/graysonnocera/.cargo/registry/src/index.crates.io-6f17d22bba15001f/num-traits-0.2.17/src/float.rs:2046:1\n     |\n2046 | float_impl_std!(f32 integer_decode_f32);\n     | --------------------------------------- in this macro invocation\nnote: candidate #2 is defined in an impl of the trait `FloatCore` for the type `f32`\n    --> /Users/graysonnocera/.cargo/registry/src/index.crates.io-6f17d22bba15001f/num-traits-0.2.17/src/macros.rs:9:13\n     |\n9    |               fn $method(self $( , $arg : $ty )* ) -> $ret {\n     |               ^^^^^^^^^^^^^^^^^^^^^^^^^^^^^^^^^^^^^^^^^^^^\n     |\n    ::: /Users/graysonnocera/.cargo/registry/src/index.crates.io-6f17d22bba15001f/num-traits-0.2.17/src/float.rs:808:5\n     |\n808  | /     forward! {\n809  | |         Self::floor(self) -> Self;\n810  | |         Self::ceil(self) -> Self;\n811  | |         Self::round(self) -> Self;\n...    |\n816  | |         Self::powi(self, n: i32) -> Self;\n817  | |     }\n     | |_____- in this macro invocation\n     = note: this error originates in the macro `forward` (in Nightly builds, run with -Z macro-backtrace for more info)\n\nerror[E0034]: multiple applicable items in scope\n    --> /Users/graysonnocera/.cargo/registry/src/index.crates.io-6f17d22bba15001f/num-traits-0.2.17/src/float.rs:810:15\n     |\n810  |         Self::ceil(self) -> Self;\n     |               ^^^^ multiple `ceil` found\n     |\nnote: candidate #1 is defined in an impl of the trait `Float` for the type `f32`\n    --> /Users/graysonnocera/.cargo/registry/src/index.crates.io-6f17d22bba15001f/num-traits-0.2.17/src/macros.rs:9:13\n     |\n9    |             fn $method(self $( , $arg : $ty )* ) -> $ret {\n     |             ^^^^^^^^^^^^^^^^^^^^^^^^^^^^^^^^^^^^^^^^^^^^\n     |\n    ::: /Users/graysonnocera/.cargo/registry/src/index.crates.io-6f17d22bba15001f/num-traits-0.2.17/src/float.rs:2046:1\n     |\n2046 | float_impl_std!(f32 integer_decode_f32);\n     | --------------------------------------- in this macro invocation\nnote: candidate #2 is defined in an impl of the trait `FloatCore` for the type `f32`\n    --> /Users/graysonnocera/.cargo/registry/src/index.crates.io-6f17d22bba15001f/num-traits-0.2.17/src/macros.rs:9:13\n     |\n9    |               fn $method(self $( , $arg : $ty )* ) -> $ret {\n     |               ^^^^^^^^^^^^^^^^^^^^^^^^^^^^^^^^^^^^^^^^^^^^\n     |\n    ::: /Users/graysonnocera/.cargo/registry/src/index.crates.io-6f17d22bba15001f/num-traits-0.2.17/src/float.rs:808:5\n     |\n808  | /     forward! {\n809  | |         Self::floor(self) -> Self;\n810  | |         Self::ceil(self) -> Self;\n811  | |         Self::round(self) -> Self;\n...    |\n816  | |         Self::powi(self, n: i32) -> Self;\n817  | |     }\n     | |_____- in this macro invocation\n     = note: this error originates in the macro `forward` (in Nightly builds, run with -Z macro-backtrace for more info)\n\nerror[E0034]: multiple applicable items in scope\n    --> /Users/graysonnocera/.cargo/registry/src/index.crates.io-6f17d22bba15001f/num-traits-0.2.17/src/float.rs:811:15\n     |\n811  |         Self::round(self) -> Self;\n     |               ^^^^^ multiple `round` found\n     |\nnote: candidate #1 is defined in an impl of the trait `Float` for the type `f32`\n    --> /Users/graysonnocera/.cargo/registry/src/index.crates.io-6f17d22bba15001f/num-traits-0.2.17/src/macros.rs:9:13\n     |\n9    |             fn $method(self $( , $arg : $ty )* ) -> $ret {\n     |             ^^^^^^^^^^^^^^^^^^^^^^^^^^^^^^^^^^^^^^^^^^^^\n     |\n    ::: /Users/graysonnocera/.cargo/registry/src/index.crates.io-6f17d22bba15001f/num-traits-0.2.17/src/float.rs:2046:1\n     |\n2046 | float_impl_std!(f32 integer_decode_f32);\n     | --------------------------------------- in this macro invocation\nnote: candidate #2 is defined in an impl of the trait `FloatCore` for the type `f32`\n    --> /Users/graysonnocera/.cargo/registry/src/index.crates.io-6f17d22bba15001f/num-traits-0.2.17/src/macros.rs:9:13\n     |\n9    |               fn $method(self $( , $arg : $ty )* ) -> $ret {\n     |               ^^^^^^^^^^^^^^^^^^^^^^^^^^^^^^^^^^^^^^^^^^^^\n     |\n    ::: /Users/graysonnocera/.cargo/registry/src/index.crates.io-6f17d22bba15001f/num-traits-0.2.17/src/float.rs:808:5\n     |\n808  | /     forward! {\n809  | |         Self::floor(self) -> Self;\n810  | |         Self::ceil(self) -> Self;\n811  | |         Self::round(self) -> Self;\n...    |\n816  | |         Self::powi(self, n: i32) -> Self;\n817  | |     }\n     | |_____- in this macro invocation\n     = note: this error originates in the macro `forward` (in Nightly builds, run with -Z macro-backtrace for more info)\n\nerror[E0034]: multiple applicable items in scope\n    --> /Users/graysonnocera/.cargo/registry/src/index.crates.io-6f17d22bba15001f/num-traits-0.2.17/src/float.rs:812:15\n     |\n812  |         Self::trunc(self) -> Self;\n     |               ^^^^^ multiple `trunc` found\n     |\nnote: candidate #1 is defined in an impl of the trait `Float` for the type `f32`\n    --> /Users/graysonnocera/.cargo/registry/src/index.crates.io-6f17d22bba15001f/num-traits-0.2.17/src/macros.rs:9:13\n     |\n9    |             fn $method(self $( , $arg : $ty )* ) -> $ret {\n     |             ^^^^^^^^^^^^^^^^^^^^^^^^^^^^^^^^^^^^^^^^^^^^\n     |\n    ::: /Users/graysonnocera/.cargo/registry/src/index.crates.io-6f17d22bba15001f/num-traits-0.2.17/src/float.rs:2046:1\n     |\n2046 | float_impl_std!(f32 integer_decode_f32);\n     | --------------------------------------- in this macro invocation\nnote: candidate #2 is defined in an impl of the trait `FloatCore` for the type `f32`\n    --> /Users/graysonnocera/.cargo/registry/src/index.crates.io-6f17d22bba15001f/num-traits-0.2.17/src/macros.rs:9:13\n     |\n9    |               fn $method(self $( , $arg : $ty )* ) -> $ret {\n     |               ^^^^^^^^^^^^^^^^^^^^^^^^^^^^^^^^^^^^^^^^^^^^\n     |\n    ::: /Users/graysonnocera/.cargo/registry/src/index.crates.io-6f17d22bba15001f/num-traits-0.2.17/src/float.rs:808:5\n     |\n808  | /     forward! {\n809  | |         Self::floor(self) -> Self;\n810  | |         Self::ceil(self) -> Self;\n811  | |         Self::round(self) -> Self;\n...    |\n816  | |         Self::powi(self, n: i32) -> Self;\n817  | |     }\n     | |_____- in this macro invocation\n     = note: this error originates in the macro `forward` (in Nightly builds, run with -Z macro-backtrace for more info)\n\nerror[E0034]: multiple applicable items in scope\n    --> /Users/graysonnocera/.cargo/registry/src/index.crates.io-6f17d22bba15001f/num-traits-0.2.17/src/float.rs:813:15\n     |\n813  |         Self::fract(self) -> Self;\n     |               ^^^^^ multiple `fract` found\n     |\nnote: candidate #1 is defined in an impl of the trait `Float` for the type `f32`\n    --> /Users/graysonnocera/.cargo/registry/src/index.crates.io-6f17d22bba15001f/num-traits-0.2.17/src/macros.rs:9:13\n     |\n9    |             fn $method(self $( , $arg : $ty )* ) -> $ret {\n     |             ^^^^^^^^^^^^^^^^^^^^^^^^^^^^^^^^^^^^^^^^^^^^\n     |\n    ::: /Users/graysonnocera/.cargo/registry/src/index.crates.io-6f17d22bba15001f/num-traits-0.2.17/src/float.rs:2046:1\n     |\n2046 | float_impl_std!(f32 integer_decode_f32);\n     | --------------------------------------- in this macro invocation\nnote: candidate #2 is defined in an impl of the trait `FloatCore` for the type `f32`\n    --> /Users/graysonnocera/.cargo/registry/src/index.crates.io-6f17d22bba15001f/num-traits-0.2.17/src/macros.rs:9:13\n     |\n9    |               fn $method(self $( , $arg : $ty )* ) -> $ret {\n     |               ^^^^^^^^^^^^^^^^^^^^^^^^^^^^^^^^^^^^^^^^^^^^\n     |\n    ::: /Users/graysonnocera/.cargo/registry/src/index.crates.io-6f17d22bba15001f/num-traits-0.2.17/src/float.rs:808:5\n     |\n808  | /     forward! {\n809  | |         Self::floor(self) -> Self;\n810  | |         Self::ceil(self) -> Self;\n811  | |         Self::round(self) -> Self;\n...    |\n816  | |         Self::powi(self, n: i32) -> Self;\n817  | |     }\n     | |_____- in this macro invocation\n     = note: this error originates in the macro `forward` (in Nightly builds, run with -Z macro-backtrace for more info)\n\nerror[E0034]: multiple applicable items in scope\n    --> /Users/graysonnocera/.cargo/registry/src/index.crates.io-6f17d22bba15001f/num-traits-0.2.17/src/float.rs:814:15\n     |\n814  |         Self::abs(self) -> Self;\n     |               ^^^ multiple `abs` found\n     |\nnote: candidate #1 is defined in an impl of the trait `Float` for the type `f32`\n    --> /Users/graysonnocera/.cargo/registry/src/index.crates.io-6f17d22bba15001f/num-traits-0.2.17/src/macros.rs:9:13\n     |\n9    |             fn $method(self $( , $arg : $ty )* ) -> $ret {\n     |             ^^^^^^^^^^^^^^^^^^^^^^^^^^^^^^^^^^^^^^^^^^^^\n     |\n    ::: /Users/graysonnocera/.cargo/registry/src/index.crates.io-6f17d22bba15001f/num-traits-0.2.17/src/float.rs:2046:1\n     |\n2046 | float_impl_std!(f32 integer_decode_f32);\n     | --------------------------------------- in this macro invocation\nnote: candidate #2 is defined in an impl of the trait `FloatCore` for the type `f32`\n    --> /Users/graysonnocera/.cargo/registry/src/index.crates.io-6f17d22bba15001f/num-traits-0.2.17/src/macros.rs:9:13\n     |\n9    |               fn $method(self $( , $arg : $ty )* ) -> $ret {\n     |               ^^^^^^^^^^^^^^^^^^^^^^^^^^^^^^^^^^^^^^^^^^^^\n     |\n    ::: /Users/graysonnocera/.cargo/registry/src/index.crates.io-6f17d22bba15001f/num-traits-0.2.17/src/float.rs:808:5\n     |\n808  | /     forward! {\n809  | |         Self::floor(self) -> Self;\n810  | |         Self::ceil(self) -> Self;\n811  | |         Self::round(self) -> Self;\n...    |\n816  | |         Self::powi(self, n: i32) -> Self;\n817  | |     }\n     | |_____- in this macro invocation\n     = note: this error originates in the macro `forward` (in Nightly builds, run with -Z macro-backtrace for more info)\n\nerror[E0034]: multiple applicable items in scope\n    --> /Users/graysonnocera/.cargo/registry/src/index.crates.io-6f17d22bba15001f/num-traits-0.2.17/src/float.rs:815:15\n     |\n815  |         Self::signum(self) -> Self;\n     |               ^^^^^^ multiple `signum` found\n     |\nnote: candidate #1 is defined in an impl of the trait `Float` for the type `f32`\n    --> /Users/graysonnocera/.cargo/registry/src/index.crates.io-6f17d22bba15001f/num-traits-0.2.17/src/macros.rs:9:13\n     |\n9    |             fn $method(self $( , $arg : $ty )* ) -> $ret {\n     |             ^^^^^^^^^^^^^^^^^^^^^^^^^^^^^^^^^^^^^^^^^^^^\n     |\n    ::: /Users/graysonnocera/.cargo/registry/src/index.crates.io-6f17d22bba15001f/num-traits-0.2.17/src/float.rs:2046:1\n     |\n2046 | float_impl_std!(f32 integer_decode_f32);\n     | --------------------------------------- in this macro invocation\nnote: candidate #2 is defined in an impl of the trait `FloatCore` for the type `f32`\n    --> /Users/graysonnocera/.cargo/registry/src/index.crates.io-6f17d22bba15001f/num-traits-0.2.17/src/macros.rs:9:13\n     |\n9    |               fn $method(self $( , $arg : $ty )* ) -> $ret {\n     |               ^^^^^^^^^^^^^^^^^^^^^^^^^^^^^^^^^^^^^^^^^^^^\n     |\n    ::: /Users/graysonnocera/.cargo/registry/src/index.crates.io-6f17d22bba15001f/num-traits-0.2.17/src/float.rs:808:5\n     |\n808  | /     forward! {\n809  | |         Self::floor(self) -> Self;\n810  | |         Self::ceil(self) -> Self;\n811  | |         Self::round(self) -> Self;\n...    |\n816  | |         Self::powi(self, n: i32) -> Self;\n817  | |     }\n     | |_____- in this macro invocation\n     = note: this error originates in the macro `forward` (in Nightly builds, run with -Z macro-backtrace for more info)\n\nerror[E0034]: multiple applicable items in scope\n    --> /Users/graysonnocera/.cargo/registry/src/index.crates.io-6f17d22bba15001f/num-traits-0.2.17/src/float.rs:816:15\n     |\n816  |         Self::powi(self, n: i32) -> Self;\n     |               ^^^^ multiple `powi` found\n     |\nnote: candidate #1 is defined in an impl of the trait `Float` for the type `f32`\n    --> /Users/graysonnocera/.cargo/registry/src/index.crates.io-6f17d22bba15001f/num-traits-0.2.17/src/macros.rs:9:13\n     |\n9    |             fn $method(self $( , $arg : $ty )* ) -> $ret {\n     |             ^^^^^^^^^^^^^^^^^^^^^^^^^^^^^^^^^^^^^^^^^^^^\n     |\n    ::: /Users/graysonnocera/.cargo/registry/src/index.crates.io-6f17d22bba15001f/num-traits-0.2.17/src/float.rs:2046:1\n     |\n2046 | float_impl_std!(f32 integer_decode_f32);\n     | --------------------------------------- in this macro invocation\nnote: candidate #2 is defined in an impl of the trait `FloatCore` for the type `f32`\n    --> /Users/graysonnocera/.cargo/registry/src/index.crates.io-6f17d22bba15001f/num-traits-0.2.17/src/macros.rs:9:13\n     |\n9    |               fn $method(self $( , $arg : $ty )* ) -> $ret {\n     |               ^^^^^^^^^^^^^^^^^^^^^^^^^^^^^^^^^^^^^^^^^^^^\n     |\n    ::: /Users/graysonnocera/.cargo/registry/src/index.crates.io-6f17d22bba15001f/num-traits-0.2.17/src/float.rs:808:5\n     |\n808  | /     forward! {\n809  | |         Self::floor(self) -> Self;\n810  | |         Self::ceil(self) -> Self;\n811  | |         Self::round(self) -> Self;\n...    |\n816  | |         Self::powi(self, n: i32) -> Self;\n817  | |     }\n     | |_____- in this macro invocation\n     = note: this error originates in the macro `forward` (in Nightly builds, run with -Z macro-backtrace for more info)\n\nerror[E0034]: multiple applicable items in scope\n    --> /Users/graysonnocera/.cargo/registry/src/index.crates.io-6f17d22bba15001f/num-traits-0.2.17/src/float.rs:874:15\n     |\n874  |         Self::floor(self) -> Self;\n     |               ^^^^^ multiple `floor` found\n     |\nnote: candidate #1 is defined in an impl of the trait `Float` for the type `f64`\n    --> /Users/graysonnocera/.cargo/registry/src/index.crates.io-6f17d22bba15001f/num-traits-0.2.17/src/macros.rs:9:13\n     |\n9    |             fn $method(self $( , $arg : $ty )* ) -> $ret {\n     |             ^^^^^^^^^^^^^^^^^^^^^^^^^^^^^^^^^^^^^^^^^^^^\n     |\n    ::: /Users/graysonnocera/.cargo/registry/src/index.crates.io-6f17d22bba15001f/num-traits-0.2.17/src/float.rs:2048:1\n     |\n2048 | float_impl_std!(f64 integer_decode_f64);\n     | --------------------------------------- in this macro invocation\nnote: candidate #2 is defined in an impl of the trait `FloatCore` for the type `f64`\n    --> /Users/graysonnocera/.cargo/registry/src/index.crates.io-6f17d22bba15001f/num-traits-0.2.17/src/macros.rs:9:13\n     |\n9    |               fn $method(self $( , $arg : $ty )* ) -> $ret {\n     |               ^^^^^^^^^^^^^^^^^^^^^^^^^^^^^^^^^^^^^^^^^^^^\n     |\n    ::: /Users/graysonnocera/.cargo/registry/src/index.crates.io-6f17d22bba15001f/num-traits-0.2.17/src/float.rs:873:5\n     |\n873  | /     forward! {\n874  | |         Self::floor(self) -> Self;\n875  | |         Self::ceil(self) -> Self;\n876  | |         Self::round(self) -> Self;\n...    |\n881  | |         Self::powi(self, n: i32) -> Self;\n882  | |     }\n     | |_____- in this macro invocation\n     = note: this error originates in the macro `forward` (in Nightly builds, run with -Z macro-backtrace for more info)\n\nerror[E0034]: multiple applicable items in scope\n    --> /Users/graysonnocera/.cargo/registry/src/index.crates.io-6f17d22bba15001f/num-traits-0.2.17/src/float.rs:875:15\n     |\n875  |         Self::ceil(self) -> Self;\n     |               ^^^^ multiple `ceil` found\n     |\nnote: candidate #1 is defined in an impl of the trait `Float` for the type `f64`\n    --> /Users/graysonnocera/.cargo/registry/src/index.crates.io-6f17d22bba15001f/num-traits-0.2.17/src/macros.rs:9:13\n     |\n9    |             fn $method(self $( , $arg : $ty )* ) -> $ret {\n     |             ^^^^^^^^^^^^^^^^^^^^^^^^^^^^^^^^^^^^^^^^^^^^\n     |\n    ::: /Users/graysonnocera/.cargo/registry/src/index.crates.io-6f17d22bba15001f/num-traits-0.2.17/src/float.rs:2048:1\n     |\n2048 | float_impl_std!(f64 integer_decode_f64);\n     | --------------------------------------- in this macro invocation\nnote: candidate #2 is defined in an impl of the trait `FloatCore` for the type `f64`\n    --> /Users/graysonnocera/.cargo/registry/src/index.crates.io-6f17d22bba15001f/num-traits-0.2.17/src/macros.rs:9:13\n     |\n9    |               fn $method(self $( , $arg : $ty )* ) -> $ret {\n     |               ^^^^^^^^^^^^^^^^^^^^^^^^^^^^^^^^^^^^^^^^^^^^\n     |\n    ::: /Users/graysonnocera/.cargo/registry/src/index.crates.io-6f17d22bba15001f/num-traits-0.2.17/src/float.rs:873:5\n     |\n873  | /     forward! {\n874  | |         Self::floor(self) -> Self;\n875  | |         Self::ceil(self) -> Self;\n876  | |         Self::round(self) -> Self;\n...    |\n881  | |         Self::powi(self, n: i32) -> Self;\n882  | |     }\n     | |_____- in this macro invocation\n     = note: this error originates in the macro `forward` (in Nightly builds, run with -Z macro-backtrace for more info)\n\nerror[E0034]: multiple applicable items in scope\n    --> /Users/graysonnocera/.cargo/registry/src/index.crates.io-6f17d22bba15001f/num-traits-0.2.17/src/float.rs:876:15\n     |\n876  |         Self::round(self) -> Self;\n     |               ^^^^^ multiple `round` found\n     |\nnote: candidate #1 is defined in an impl of the trait `Float` for the type `f64`\n    --> /Users/graysonnocera/.cargo/registry/src/index.crates.io-6f17d22bba15001f/num-traits-0.2.17/src/macros.rs:9:13\n     |\n9    |             fn $method(self $( , $arg : $ty )* ) -> $ret {\n     |             ^^^^^^^^^^^^^^^^^^^^^^^^^^^^^^^^^^^^^^^^^^^^\n     |\n    ::: /Users/graysonnocera/.cargo/registry/src/index.crates.io-6f17d22bba15001f/num-traits-0.2.17/src/float.rs:2048:1\n     |\n2048 | float_impl_std!(f64 integer_decode_f64);\n     | --------------------------------------- in this macro invocation\nnote: candidate #2 is defined in an impl of the trait `FloatCore` for the type `f64`\n    --> /Users/graysonnocera/.cargo/registry/src/index.crates.io-6f17d22bba15001f/num-traits-0.2.17/src/macros.rs:9:13\n     |\n9    |               fn $method(self $( , $arg : $ty )* ) -> $ret {\n     |               ^^^^^^^^^^^^^^^^^^^^^^^^^^^^^^^^^^^^^^^^^^^^\n     |\n    ::: /Users/graysonnocera/.cargo/registry/src/index.crates.io-6f17d22bba15001f/num-traits-0.2.17/src/float.rs:873:5\n     |\n873  | /     forward! {\n874  | |         Self::floor(self) -> Self;\n875  | |         Self::ceil(self) -> Self;\n876  | |         Self::round(self) -> Self;\n...    |\n881  | |         Self::powi(self, n: i32) -> Self;\n882  | |     }\n     | |_____- in this macro invocation\n     = note: this error originates in the macro `forward` (in Nightly builds, run with -Z macro-backtrace for more info)\n\nerror[E0034]: multiple applicable items in scope\n    --> /Users/graysonnocera/.cargo/registry/src/index.crates.io-6f17d22bba15001f/num-traits-0.2.17/src/float.rs:877:15\n     |\n877  |         Self::trunc(self) -> Self;\n     |               ^^^^^ multiple `trunc` found\n     |\nnote: candidate #1 is defined in an impl of the trait `Float` for the type `f64`\n    --> /Users/graysonnocera/.cargo/registry/src/index.crates.io-6f17d22bba15001f/num-traits-0.2.17/src/macros.rs:9:13\n     |\n9    |             fn $method(self $( , $arg : $ty )* ) -> $ret {\n     |             ^^^^^^^^^^^^^^^^^^^^^^^^^^^^^^^^^^^^^^^^^^^^\n     |\n    ::: /Users/graysonnocera/.cargo/registry/src/index.crates.io-6f17d22bba15001f/num-traits-0.2.17/src/float.rs:2048:1\n     |\n2048 | float_impl_std!(f64 integer_decode_f64);\n     | --------------------------------------- in this macro invocation\nnote: candidate #2 is defined in an impl of the trait `FloatCore` for the type `f64`\n    --> /Users/graysonnocera/.cargo/registry/src/index.crates.io-6f17d22bba15001f/num-traits-0.2.17/src/macros.rs:9:13\n     |\n9    |               fn $method(self $( , $arg : $ty )* ) -> $ret {\n     |               ^^^^^^^^^^^^^^^^^^^^^^^^^^^^^^^^^^^^^^^^^^^^\n     |\n    ::: /Users/graysonnocera/.cargo/registry/src/index.crates.io-6f17d22bba15001f/num-traits-0.2.17/src/float.rs:873:5\n     |\n873  | /     forward! {\n874  | |         Self::floor(self) -> Self;\n875  | |         Self::ceil(self) -> Self;\n876  | |         Self::round(self) -> Self;\n...    |\n881  | |         Self::powi(self, n: i32) -> Self;\n882  | |     }\n     | |_____- in this macro invocation\n     = note: this error originates in the macro `forward` (in Nightly builds, run with -Z macro-backtrace for more info)\n\nerror[E0034]: multiple applicable items in scope\n    --> /Users/graysonnocera/.cargo/registry/src/index.crates.io-6f17d22bba15001f/num-traits-0.2.17/src/float.rs:878:15\n     |\n878  |         Self::fract(self) -> Self;\n     |               ^^^^^ multiple `fract` found\n     |\nnote: candidate #1 is defined in an impl of the trait `Float` for the type `f64`\n    --> /Users/graysonnocera/.cargo/registry/src/index.crates.io-6f17d22bba15001f/num-traits-0.2.17/src/macros.rs:9:13\n     |\n9    |             fn $method(self $( , $arg : $ty )* ) -> $ret {\n     |             ^^^^^^^^^^^^^^^^^^^^^^^^^^^^^^^^^^^^^^^^^^^^\n     |\n    ::: /Users/graysonnocera/.cargo/registry/src/index.crates.io-6f17d22bba15001f/num-traits-0.2.17/src/float.rs:2048:1\n     |\n2048 | float_impl_std!(f64 integer_decode_f64);\n     | --------------------------------------- in this macro invocation\nnote: candidate #2 is defined in an impl of the trait `FloatCore` for the type `f64`\n    --> /Users/graysonnocera/.cargo/registry/src/index.crates.io-6f17d22bba15001f/num-traits-0.2.17/src/macros.rs:9:13\n     |\n9    |               fn $method(self $( , $arg : $ty )* ) -> $ret {\n     |               ^^^^^^^^^^^^^^^^^^^^^^^^^^^^^^^^^^^^^^^^^^^^\n     |\n    ::: /Users/graysonnocera/.cargo/registry/src/index.crates.io-6f17d22bba15001f/num-traits-0.2.17/src/float.rs:873:5\n     |\n873  | /     forward! {\n874  | |         Self::floor(self) -> Self;\n875  | |         Self::ceil(self) -> Self;\n876  | |         Self::round(self) -> Self;\n...    |\n881  | |         Self::powi(self, n: i32) -> Self;\n882  | |     }\n     | |_____- in this macro invocation\n     = note: this error originates in the macro `forward` (in Nightly builds, run with -Z macro-backtrace for more info)\n\nerror[E0034]: multiple applicable items in scope\n    --> /Users/graysonnocera/.cargo/registry/src/index.crates.io-6f17d22bba15001f/num-traits-0.2.17/src/float.rs:879:15\n     |\n879  |         Self::abs(self) -> Self;\n     |               ^^^ multiple `abs` found\n     |\nnote: candidate #1 is defined in an impl of the trait `Float` for the type `f64`\n    --> /Users/graysonnocera/.cargo/registry/src/index.crates.io-6f17d22bba15001f/num-traits-0.2.17/src/macros.rs:9:13\n     |\n9    |             fn $method(self $( , $arg : $ty )* ) -> $ret {\n     |             ^^^^^^^^^^^^^^^^^^^^^^^^^^^^^^^^^^^^^^^^^^^^\n     |\n    ::: /Users/graysonnocera/.cargo/registry/src/index.crates.io-6f17d22bba15001f/num-traits-0.2.17/src/float.rs:2048:1\n     |\n2048 | float_impl_std!(f64 integer_decode_f64);\n     | --------------------------------------- in this macro invocation\nnote: candidate #2 is defined in an impl of the trait `FloatCore` for the type `f64`\n    --> /Users/graysonnocera/.cargo/registry/src/index.crates.io-6f17d22bba15001f/num-traits-0.2.17/src/macros.rs:9:13\n     |\n9    |               fn $method(self $( , $arg : $ty )* ) -> $ret {\n     |               ^^^^^^^^^^^^^^^^^^^^^^^^^^^^^^^^^^^^^^^^^^^^\n     |\n    ::: /Users/graysonnocera/.cargo/registry/src/index.crates.io-6f17d22bba15001f/num-traits-0.2.17/src/float.rs:873:5\n     |\n873  | /     forward! {\n874  | |         Self::floor(self) -> Self;\n875  | |         Self::ceil(self) -> Self;\n876  | |         Self::round(self) -> Self;\n...    |\n881  | |         Self::powi(self, n: i32) -> Self;\n882  | |     }\n     | |_____- in this macro invocation\n     = note: this error originates in the macro `forward` (in Nightly builds, run with -Z macro-backtrace for more info)\n\nerror[E0034]: multiple applicable items in scope\n    --> /Users/graysonnocera/.cargo/registry/src/index.crates.io-6f17d22bba15001f/num-traits-0.2.17/src/float.rs:880:15\n     |\n880  |         Self::signum(self) -> Self;\n     |               ^^^^^^ multiple `signum` found\n     |\nnote: candidate #1 is defined in an impl of the trait `Float` for the type `f64`\n    --> /Users/graysonnocera/.cargo/registry/src/index.crates.io-6f17d22bba15001f/num-traits-0.2.17/src/macros.rs:9:13\n     |\n9    |             fn $method(self $( , $arg : $ty )* ) -> $ret {\n     |             ^^^^^^^^^^^^^^^^^^^^^^^^^^^^^^^^^^^^^^^^^^^^\n     |\n    ::: /Users/graysonnocera/.cargo/registry/src/index.crates.io-6f17d22bba15001f/num-traits-0.2.17/src/float.rs:2048:1\n     |\n2048 | float_impl_std!(f64 integer_decode_f64);\n     | --------------------------------------- in this macro invocation\nnote: candidate #2 is defined in an impl of the trait `FloatCore` for the type `f64`\n    --> /Users/graysonnocera/.cargo/registry/src/index.crates.io-6f17d22bba15001f/num-traits-0.2.17/src/macros.rs:9:13\n     |\n9    |               fn $method(self $( , $arg : $ty )* ) -> $ret {\n     |               ^^^^^^^^^^^^^^^^^^^^^^^^^^^^^^^^^^^^^^^^^^^^\n     |\n    ::: /Users/graysonnocera/.cargo/registry/src/index.crates.io-6f17d22bba15001f/num-traits-0.2.17/src/float.rs:873:5\n     |\n873  | /     forward! {\n874  | |         Self::floor(self) -> Self;\n875  | |         Self::ceil(self) -> Self;\n876  | |         Self::round(self) -> Self;\n...    |\n881  | |         Self::powi(self, n: i32) -> Self;\n882  | |     }\n     | |_____- in this macro invocation\n     = note: this error originates in the macro `forward` (in Nightly builds, run with -Z macro-backtrace for more info)\n\nerror[E0034]: multiple applicable items in scope\n    --> /Users/graysonnocera/.cargo/registry/src/index.crates.io-6f17d22bba15001f/num-traits-0.2.17/src/float.rs:881:15\n     |\n881  |         Self::powi(self, n: i32) -> Self;\n     |               ^^^^ multiple `powi` found\n     |\nnote: candidate #1 is defined in an impl of the trait `Float` for the type `f64`\n    --> /Users/graysonnocera/.cargo/registry/src/index.crates.io-6f17d22bba15001f/num-traits-0.2.17/src/macros.rs:9:13\n     |\n9    |             fn $method(self $( , $arg : $ty )* ) -> $ret {\n     |             ^^^^^^^^^^^^^^^^^^^^^^^^^^^^^^^^^^^^^^^^^^^^\n     |\n    ::: /Users/graysonnocera/.cargo/registry/src/index.crates.io-6f17d22bba15001f/num-traits-0.2.17/src/float.rs:2048:1\n     |\n2048 | float_impl_std!(f64 integer_decode_f64);\n     | --------------------------------------- in this macro invocation\nnote: candidate #2 is defined in an impl of the trait `FloatCore` for the type `f64`\n    --> /Users/graysonnocera/.cargo/registry/src/index.crates.io-6f17d22bba15001f/num-traits-0.2.17/src/macros.rs:9:13\n     |\n9    |               fn $method(self $( , $arg : $ty )* ) -> $ret {\n     |               ^^^^^^^^^^^^^^^^^^^^^^^^^^^^^^^^^^^^^^^^^^^^\n     |\n    ::: /Users/graysonnocera/.cargo/registry/src/index.crates.io-6f17d22bba15001f/num-traits-0.2.17/src/float.rs:873:5\n     |\n873  | /     forward! {\n874  | |         Self::floor(self) -> Self;\n875  | |         Self::ceil(self) -> Self;\n876  | |         Self::round(self) -> Self;\n...    |\n881  | |         Self::powi(self, n: i32) -> Self;\n882  | |     }\n     | |_____- in this macro invocation\n     = note: this error originates in the macro `forward` (in Nightly builds, run with -Z macro-backtrace for more info)\n\nerror[E0034]: multiple applicable items in scope\n    --> /Users/graysonnocera/.cargo/registry/src/index.crates.io-6f17d22bba15001f/num-traits-0.2.17/src/float.rs:1904:23\n     |\n1904 |                 Self::floor(self) -> Self;\n     |                       ^^^^^ multiple `floor` found\n...\n2046 | float_impl_std!(f32 integer_decode_f32);\n     | --------------------------------------- in this macro invocation\n     |\nnote: candidate #1 is defined in an impl of the trait `Float` for the type `f32`\n    --> /Users/graysonnocera/.cargo/registry/src/index.crates.io-6f17d22bba15001f/num-traits-0.2.17/src/macros.rs:9:13\n     |\n9    |             fn $method(self $( , $arg : $ty )* ) -> $ret {\n     |             ^^^^^^^^^^^^^^^^^^^^^^^^^^^^^^^^^^^^^^^^^^^^\n     |\n    ::: /Users/graysonnocera/.cargo/registry/src/index.crates.io-6f17d22bba15001f/num-traits-0.2.17/src/float.rs:2046:1\n     |\n2046 | float_impl_std!(f32 integer_decode_f32);\n     | --------------------------------------- in this macro invocation\nnote: candidate #2 is defined in an impl of the trait `FloatCore` for the type `f32`\n    --> /Users/graysonnocera/.cargo/registry/src/index.crates.io-6f17d22bba15001f/num-traits-0.2.17/src/macros.rs:9:13\n     |\n9    |               fn $method(self $( , $arg : $ty )* ) -> $ret {\n     |               ^^^^^^^^^^^^^^^^^^^^^^^^^^^^^^^^^^^^^^^^^^^^\n     |\n    ::: /Users/graysonnocera/.cargo/registry/src/index.crates.io-6f17d22bba15001f/num-traits-0.2.17/src/float.rs:808:5\n     |\n808  | /     forward! {\n809  | |         Self::floor(self) -> Self;\n810  | |         Self::ceil(self) -> Self;\n811  | |         Self::round(self) -> Self;\n...    |\n816  | |         Self::powi(self, n: i32) -> Self;\n817  | |     }\n     | |_____- in this macro invocation\n     = note: this error originates in the macro `float_impl_std` which comes from the expansion of the macro `forward` (in Nightly builds, run with -Z macro-backtrace for more info)\n\nerror[E0034]: multiple applicable items in scope\n    --> /Users/graysonnocera/.cargo/registry/src/index.crates.io-6f17d22bba15001f/num-traits-0.2.17/src/float.rs:1905:23\n     |\n1905 |                 Self::ceil(self) -> Self;\n     |                       ^^^^ multiple `ceil` found\n...\n2046 | float_impl_std!(f32 integer_decode_f32);\n     | --------------------------------------- in this macro invocation\n     |\nnote: candidate #1 is defined in an impl of the trait `Float` for the type `f32`\n    --> /Users/graysonnocera/.cargo/registry/src/index.crates.io-6f17d22bba15001f/num-traits-0.2.17/src/macros.rs:9:13\n     |\n9    |             fn $method(self $( , $arg : $ty )* ) -> $ret {\n     |             ^^^^^^^^^^^^^^^^^^^^^^^^^^^^^^^^^^^^^^^^^^^^\n     |\n    ::: /Users/graysonnocera/.cargo/registry/src/index.crates.io-6f17d22bba15001f/num-traits-0.2.17/src/float.rs:2046:1\n     |\n2046 | float_impl_std!(f32 integer_decode_f32);\n     | --------------------------------------- in this macro invocation\nnote: candidate #2 is defined in an impl of the trait `FloatCore` for the type `f32`\n    --> /Users/graysonnocera/.cargo/registry/src/index.crates.io-6f17d22bba15001f/num-traits-0.2.17/src/macros.rs:9:13\n     |\n9    |               fn $method(self $( , $arg : $ty )* ) -> $ret {\n     |               ^^^^^^^^^^^^^^^^^^^^^^^^^^^^^^^^^^^^^^^^^^^^\n     |\n    ::: /Users/graysonnocera/.cargo/registry/src/index.crates.io-6f17d22bba15001f/num-traits-0.2.17/src/float.rs:808:5\n     |\n808  | /     forward! {\n809  | |         Self::floor(self) -> Self;\n810  | |         Self::ceil(self) -> Self;\n811  | |         Self::round(self) -> Self;\n...    |\n816  | |         Self::powi(self, n: i32) -> Self;\n817  | |     }\n     | |_____- in this macro invocation\n     = note: this error originates in the macro `float_impl_std` which comes from the expansion of the macro `forward` (in Nightly builds, run with -Z macro-backtrace for more info)\n\nerror[E0034]: multiple applicable items in scope\n    --> /Users/graysonnocera/.cargo/registry/src/index.crates.io-6f17d22bba15001f/num-traits-0.2.17/src/float.rs:1906:23\n     |\n1906 |                 Self::round(self) -> Self;\n     |                       ^^^^^ multiple `round` found\n...\n2046 | float_impl_std!(f32 integer_decode_f32);\n     | --------------------------------------- in this macro invocation\n     |\nnote: candidate #1 is defined in an impl of the trait `Float` for the type `f32`\n    --> /Users/graysonnocera/.cargo/registry/src/index.crates.io-6f17d22bba15001f/num-traits-0.2.17/src/macros.rs:9:13\n     |\n9    |             fn $method(self $( , $arg : $ty )* ) -> $ret {\n     |             ^^^^^^^^^^^^^^^^^^^^^^^^^^^^^^^^^^^^^^^^^^^^\n     |\n    ::: /Users/graysonnocera/.cargo/registry/src/index.crates.io-6f17d22bba15001f/num-traits-0.2.17/src/float.rs:2046:1\n     |\n2046 | float_impl_std!(f32 integer_decode_f32);\n     | --------------------------------------- in this macro invocation\nnote: candidate #2 is defined in an impl of the trait `FloatCore` for the type `f32`\n    --> /Users/graysonnocera/.cargo/registry/src/index.crates.io-6f17d22bba15001f/num-traits-0.2.17/src/macros.rs:9:13\n     |\n9    |               fn $method(self $( , $arg : $ty )* ) -> $ret {\n     |               ^^^^^^^^^^^^^^^^^^^^^^^^^^^^^^^^^^^^^^^^^^^^\n     |\n    ::: /Users/graysonnocera/.cargo/registry/src/index.crates.io-6f17d22bba15001f/num-traits-0.2.17/src/float.rs:808:5\n     |\n808  | /     forward! {\n809  | |         Self::floor(self) -> Self;\n810  | |         Self::ceil(self) -> Self;\n811  | |         Self::round(self) -> Self;\n...    |\n816  | |         Self::powi(self, n: i32) -> Self;\n817  | |     }\n     | |_____- in this macro invocation\n     = note: this error originates in the macro `float_impl_std` which comes from the expansion of the macro `forward` (in Nightly builds, run with -Z macro-backtrace for more info)\n\nerror[E0034]: multiple applicable items in scope\n    --> /Users/graysonnocera/.cargo/registry/src/index.crates.io-6f17d22bba15001f/num-traits-0.2.17/src/float.rs:1907:23\n     |\n1907 |                 Self::trunc(self) -> Self;\n     |                       ^^^^^ multiple `trunc` found\n...\n2046 | float_impl_std!(f32 integer_decode_f32);\n     | --------------------------------------- in this macro invocation\n     |\nnote: candidate #1 is defined in an impl of the trait `Float` for the type `f32`\n    --> /Users/graysonnocera/.cargo/registry/src/index.crates.io-6f17d22bba15001f/num-traits-0.2.17/src/macros.rs:9:13\n     |\n9    |             fn $method(self $( , $arg : $ty )* ) -> $ret {\n     |             ^^^^^^^^^^^^^^^^^^^^^^^^^^^^^^^^^^^^^^^^^^^^\n     |\n    ::: /Users/graysonnocera/.cargo/registry/src/index.crates.io-6f17d22bba15001f/num-traits-0.2.17/src/float.rs:2046:1\n     |\n2046 | float_impl_std!(f32 integer_decode_f32);\n     | --------------------------------------- in this macro invocation\nnote: candidate #2 is defined in an impl of the trait `FloatCore` for the type `f32`\n    --> /Users/graysonnocera/.cargo/registry/src/index.crates.io-6f17d22bba15001f/num-traits-0.2.17/src/macros.rs:9:13\n     |\n9    |               fn $method(self $( , $arg : $ty )* ) -> $ret {\n     |               ^^^^^^^^^^^^^^^^^^^^^^^^^^^^^^^^^^^^^^^^^^^^\n     |\n    ::: /Users/graysonnocera/.cargo/registry/src/index.crates.io-6f17d22bba15001f/num-traits-0.2.17/src/float.rs:808:5\n     |\n808  | /     forward! {\n809  | |         Self::floor(self) -> Self;\n810  | |         Self::ceil(self) -> Self;\n811  | |         Self::round(self) -> Self;\n...    |\n816  | |         Self::powi(self, n: i32) -> Self;\n817  | |     }\n     | |_____- in this macro invocation\n     = note: this error originates in the macro `float_impl_std` which comes from the expansion of the macro `forward` (in Nightly builds, run with -Z macro-backtrace for more info)\n\nerror[E0034]: multiple applicable items in scope\n    --> /Users/graysonnocera/.cargo/registry/src/index.crates.io-6f17d22bba15001f/num-traits-0.2.17/src/float.rs:1908:23\n     |\n1908 |                 Self::fract(self) -> Self;\n     |                       ^^^^^ multiple `fract` found\n...\n2046 | float_impl_std!(f32 integer_decode_f32);\n     | --------------------------------------- in this macro invocation\n     |\nnote: candidate #1 is defined in an impl of the trait `Float` for the type `f32`\n    --> /Users/graysonnocera/.cargo/registry/src/index.crates.io-6f17d22bba15001f/num-traits-0.2.17/src/macros.rs:9:13\n     |\n9    |             fn $method(self $( , $arg : $ty )* ) -> $ret {\n     |             ^^^^^^^^^^^^^^^^^^^^^^^^^^^^^^^^^^^^^^^^^^^^\n     |\n    ::: /Users/graysonnocera/.cargo/registry/src/index.crates.io-6f17d22bba15001f/num-traits-0.2.17/src/float.rs:2046:1\n     |\n2046 | float_impl_std!(f32 integer_decode_f32);\n     | --------------------------------------- in this macro invocation\nnote: candidate #2 is defined in an impl of the trait `FloatCore` for the type `f32`\n    --> /Users/graysonnocera/.cargo/registry/src/index.crates.io-6f17d22bba15001f/num-traits-0.2.17/src/macros.rs:9:13\n     |\n9    |               fn $method(self $( , $arg : $ty )* ) -> $ret {\n     |               ^^^^^^^^^^^^^^^^^^^^^^^^^^^^^^^^^^^^^^^^^^^^\n     |\n    ::: /Users/graysonnocera/.cargo/registry/src/index.crates.io-6f17d22bba15001f/num-traits-0.2.17/src/float.rs:808:5\n     |\n808  | /     forward! {\n809  | |         Self::floor(self) -> Self;\n810  | |         Self::ceil(self) -> Self;\n811  | |         Self::round(self) -> Self;\n...    |\n816  | |         Self::powi(self, n: i32) -> Self;\n817  | |     }\n     | |_____- in this macro invocation\n     = note: this error originates in the macro `float_impl_std` which comes from the expansion of the macro `forward` (in Nightly builds, run with -Z macro-backtrace for more info)\n\nerror[E0034]: multiple applicable items in scope\n    --> /Users/graysonnocera/.cargo/registry/src/index.crates.io-6f17d22bba15001f/num-traits-0.2.17/src/float.rs:1909:23\n     |\n1909 |                 Self::abs(self) -> Self;\n     |                       ^^^ multiple `abs` found\n...\n2046 | float_impl_std!(f32 integer_decode_f32);\n     | --------------------------------------- in this macro invocation\n     |\nnote: candidate #1 is defined in an impl of the trait `Float` for the type `f32`\n    --> /Users/graysonnocera/.cargo/registry/src/index.crates.io-6f17d22bba15001f/num-traits-0.2.17/src/macros.rs:9:13\n     |\n9    |             fn $method(self $( , $arg : $ty )* ) -> $ret {\n     |             ^^^^^^^^^^^^^^^^^^^^^^^^^^^^^^^^^^^^^^^^^^^^\n     |\n    ::: /Users/graysonnocera/.cargo/registry/src/index.crates.io-6f17d22bba15001f/num-traits-0.2.17/src/float.rs:2046:1\n     |\n2046 | float_impl_std!(f32 integer_decode_f32);\n     | --------------------------------------- in this macro invocation\nnote: candidate #2 is defined in an impl of the trait `FloatCore` for the type `f32`\n    --> /Users/graysonnocera/.cargo/registry/src/index.crates.io-6f17d22bba15001f/num-traits-0.2.17/src/macros.rs:9:13\n     |\n9    |               fn $method(self $( , $arg : $ty )* ) -> $ret {\n     |               ^^^^^^^^^^^^^^^^^^^^^^^^^^^^^^^^^^^^^^^^^^^^\n     |\n    ::: /Users/graysonnocera/.cargo/registry/src/index.crates.io-6f17d22bba15001f/num-traits-0.2.17/src/float.rs:808:5\n     |\n808  | /     forward! {\n809  | |         Self::floor(self) -> Self;\n810  | |         Self::ceil(self) -> Self;\n811  | |         Self::round(self) -> Self;\n...    |\n816  | |         Self::powi(self, n: i32) -> Self;\n817  | |     }\n     | |_____- in this macro invocation\n     = note: this error originates in the macro `float_impl_std` which comes from the expansion of the macro `forward` (in Nightly builds, run with -Z macro-backtrace for more info)\n\nerror[E0034]: multiple applicable items in scope\n    --> /Users/graysonnocera/.cargo/registry/src/index.crates.io-6f17d22bba15001f/num-traits-0.2.17/src/float.rs:1910:23\n     |\n1910 |                 Self::signum(self) -> Self;\n     |                       ^^^^^^ multiple `signum` found\n...\n2046 | float_impl_std!(f32 integer_decode_f32);\n     | --------------------------------------- in this macro invocation\n     |\nnote: candidate #1 is defined in an impl of the trait `Float` for the type `f32`\n    --> /Users/graysonnocera/.cargo/registry/src/index.crates.io-6f17d22bba15001f/num-traits-0.2.17/src/macros.rs:9:13\n     |\n9    |             fn $method(self $( , $arg : $ty )* ) -> $ret {\n     |             ^^^^^^^^^^^^^^^^^^^^^^^^^^^^^^^^^^^^^^^^^^^^\n     |\n    ::: /Users/graysonnocera/.cargo/registry/src/index.crates.io-6f17d22bba15001f/num-traits-0.2.17/src/float.rs:2046:1\n     |\n2046 | float_impl_std!(f32 integer_decode_f32);\n     | --------------------------------------- in this macro invocation\nnote: candidate #2 is defined in an impl of the trait `FloatCore` for the type `f32`\n    --> /Users/graysonnocera/.cargo/registry/src/index.crates.io-6f17d22bba15001f/num-traits-0.2.17/src/macros.rs:9:13\n     |\n9    |               fn $method(self $( , $arg : $ty )* ) -> $ret {\n     |               ^^^^^^^^^^^^^^^^^^^^^^^^^^^^^^^^^^^^^^^^^^^^\n     |\n    ::: /Users/graysonnocera/.cargo/registry/src/index.crates.io-6f17d22bba15001f/num-traits-0.2.17/src/float.rs:808:5\n     |\n808  | /     forward! {\n809  | |         Self::floor(self) -> Self;\n810  | |         Self::ceil(self) -> Self;\n811  | |         Self::round(self) -> Self;\n...    |\n816  | |         Self::powi(self, n: i32) -> Self;\n817  | |     }\n     | |_____- in this macro invocation\n     = note: this error originates in the macro `float_impl_std` which comes from the expansion of the macro `forward` (in Nightly builds, run with -Z macro-backtrace for more info)\n\nerror[E0034]: multiple applicable items in scope\n    --> /Users/graysonnocera/.cargo/registry/src/index.crates.io-6f17d22bba15001f/num-traits-0.2.17/src/float.rs:1915:23\n     |\n1915 |                 Self::powi(self, n: i32) -> Self;\n     |                       ^^^^ multiple `powi` found\n...\n2046 | float_impl_std!(f32 integer_decode_f32);\n     | --------------------------------------- in this macro invocation\n     |\nnote: candidate #1 is defined in an impl of the trait `Float` for the type `f32`\n    --> /Users/graysonnocera/.cargo/registry/src/index.crates.io-6f17d22bba15001f/num-traits-0.2.17/src/macros.rs:9:13\n     |\n9    |             fn $method(self $( , $arg : $ty )* ) -> $ret {\n     |             ^^^^^^^^^^^^^^^^^^^^^^^^^^^^^^^^^^^^^^^^^^^^\n     |\n    ::: /Users/graysonnocera/.cargo/registry/src/index.crates.io-6f17d22bba15001f/num-traits-0.2.17/src/float.rs:2046:1\n     |\n2046 | float_impl_std!(f32 integer_decode_f32);\n     | --------------------------------------- in this macro invocation\nnote: candidate #2 is defined in an impl of the trait `FloatCore` for the type `f32`\n    --> /Users/graysonnocera/.cargo/registry/src/index.crates.io-6f17d22bba15001f/num-traits-0.2.17/src/macros.rs:9:13\n     |\n9    |               fn $method(self $( , $arg : $ty )* ) -> $ret {\n     |               ^^^^^^^^^^^^^^^^^^^^^^^^^^^^^^^^^^^^^^^^^^^^\n     |\n    ::: /Users/graysonnocera/.cargo/registry/src/index.crates.io-6f17d22bba15001f/num-traits-0.2.17/src/float.rs:808:5\n     |\n808  | /     forward! {\n809  | |         Self::floor(self) -> Self;\n810  | |         Self::ceil(self) -> Self;\n811  | |         Self::round(self) -> Self;\n...    |\n816  | |         Self::powi(self, n: i32) -> Self;\n817  | |     }\n     | |_____- in this macro invocation\n     = note: this error originates in the macro `float_impl_std` which comes from the expansion of the macro `forward` (in Nightly builds, run with -Z macro-backtrace for more info)\n\nerror[E0034]: multiple applicable items in scope\n    --> /Users/graysonnocera/.cargo/registry/src/index.crates.io-6f17d22bba15001f/num-traits-0.2.17/src/float.rs:1904:23\n     |\n1904 |                 Self::floor(self) -> Self;\n     |                       ^^^^^ multiple `floor` found\n...\n2048 | float_impl_std!(f64 integer_decode_f64);\n     | --------------------------------------- in this macro invocation\n     |\nnote: candidate #1 is defined in an impl of the trait `Float` for the type `f64`\n    --> /Users/graysonnocera/.cargo/registry/src/index.crates.io-6f17d22bba15001f/num-traits-0.2.17/src/macros.rs:9:13\n     |\n9    |             fn $method(self $( , $arg : $ty )* ) -> $ret {\n     |             ^^^^^^^^^^^^^^^^^^^^^^^^^^^^^^^^^^^^^^^^^^^^\n     |\n    ::: /Users/graysonnocera/.cargo/registry/src/index.crates.io-6f17d22bba15001f/num-traits-0.2.17/src/float.rs:2048:1\n     |\n2048 | float_impl_std!(f64 integer_decode_f64);\n     | --------------------------------------- in this macro invocation\nnote: candidate #2 is defined in an impl of the trait `FloatCore` for the type `f64`\n    --> /Users/graysonnocera/.cargo/registry/src/index.crates.io-6f17d22bba15001f/num-traits-0.2.17/src/macros.rs:9:13\n     |\n9    |               fn $method(self $( , $arg : $ty )* ) -> $ret {\n     |               ^^^^^^^^^^^^^^^^^^^^^^^^^^^^^^^^^^^^^^^^^^^^\n     |\n    ::: /Users/graysonnocera/.cargo/registry/src/index.crates.io-6f17d22bba15001f/num-traits-0.2.17/src/float.rs:873:5\n     |\n873  | /     forward! {\n874  | |         Self::floor(self) -> Self;\n875  | |         Self::ceil(self) -> Self;\n876  | |         Self::round(self) -> Self;\n...    |\n881  | |         Self::powi(self, n: i32) -> Self;\n882  | |     }\n     | |_____- in this macro invocation\n     = note: this error originates in the macro `float_impl_std` which comes from the expansion of the macro `forward` (in Nightly builds, run with -Z macro-backtrace for more info)\n\nerror[E0034]: multiple applicable items in scope\n    --> /Users/graysonnocera/.cargo/registry/src/index.crates.io-6f17d22bba15001f/num-traits-0.2.17/src/float.rs:1905:23\n     |\n1905 |                 Self::ceil(self) -> Self;\n     |                       ^^^^ multiple `ceil` found\n...\n2048 | float_impl_std!(f64 integer_decode_f64);\n     | --------------------------------------- in this macro invocation\n     |\nnote: candidate #1 is defined in an impl of the trait `Float` for the type `f64`\n    --> /Users/graysonnocera/.cargo/registry/src/index.crates.io-6f17d22bba15001f/num-traits-0.2.17/src/macros.rs:9:13\n     |\n9    |             fn $method(self $( , $arg : $ty )* ) -> $ret {\n     |             ^^^^^^^^^^^^^^^^^^^^^^^^^^^^^^^^^^^^^^^^^^^^\n     |\n    ::: /Users/graysonnocera/.cargo/registry/src/index.crates.io-6f17d22bba15001f/num-traits-0.2.17/src/float.rs:2048:1\n     |\n2048 | float_impl_std!(f64 integer_decode_f64);\n     | --------------------------------------- in this macro invocation\nnote: candidate #2 is defined in an impl of the trait `FloatCore` for the type `f64`\n    --> /Users/graysonnocera/.cargo/registry/src/index.crates.io-6f17d22bba15001f/num-traits-0.2.17/src/macros.rs:9:13\n     |\n9    |               fn $method(self $( , $arg : $ty )* ) -> $ret {\n     |               ^^^^^^^^^^^^^^^^^^^^^^^^^^^^^^^^^^^^^^^^^^^^\n     |\n    ::: /Users/graysonnocera/.cargo/registry/src/index.crates.io-6f17d22bba15001f/num-traits-0.2.17/src/float.rs:873:5\n     |\n873  | /     forward! {\n874  | |         Self::floor(self) -> Self;\n875  | |         Self::ceil(self) -> Self;\n876  | |         Self::round(self) -> Self;\n...    |\n881  | |         Self::powi(self, n: i32) -> Self;\n882  | |     }\n     | |_____- in this macro invocation\n     = note: this error originates in the macro `float_impl_std` which comes from the expansion of the macro `forward` (in Nightly builds, run with -Z macro-backtrace for more info)\n\nerror[E0034]: multiple applicable items in scope\n    --> /Users/graysonnocera/.cargo/registry/src/index.crates.io-6f17d22bba15001f/num-traits-0.2.17/src/float.rs:1906:23\n     |\n1906 |                 Self::round(self) -> Self;\n     |                       ^^^^^ multiple `round` found\n...\n2048 | float_impl_std!(f64 integer_decode_f64);\n     | --------------------------------------- in this macro invocation\n     |\nnote: candidate #1 is defined in an impl of the trait `Float` for the type `f64`\n    --> /Users/graysonnocera/.cargo/registry/src/index.crates.io-6f17d22bba15001f/num-traits-0.2.17/src/macros.rs:9:13\n     |\n9    |             fn $method(self $( , $arg : $ty )* ) -> $ret {\n     |             ^^^^^^^^^^^^^^^^^^^^^^^^^^^^^^^^^^^^^^^^^^^^\n     |\n    ::: /Users/graysonnocera/.cargo/registry/src/index.crates.io-6f17d22bba15001f/num-traits-0.2.17/src/float.rs:2048:1\n     |\n2048 | float_impl_std!(f64 integer_decode_f64);\n     | --------------------------------------- in this macro invocation\nnote: candidate #2 is defined in an impl of the trait `FloatCore` for the type `f64`\n    --> /Users/graysonnocera/.cargo/registry/src/index.crates.io-6f17d22bba15001f/num-traits-0.2.17/src/macros.rs:9:13\n     |\n9    |               fn $method(self $( , $arg : $ty )* ) -> $ret {\n     |               ^^^^^^^^^^^^^^^^^^^^^^^^^^^^^^^^^^^^^^^^^^^^\n     |\n    ::: /Users/graysonnocera/.cargo/registry/src/index.crates.io-6f17d22bba15001f/num-traits-0.2.17/src/float.rs:873:5\n     |\n873  | /     forward! {\n874  | |         Self::floor(self) -> Self;\n875  | |         Self::ceil(self) -> Self;\n876  | |         Self::round(self) -> Self;\n...    |\n881  | |         Self::powi(self, n: i32) -> Self;\n882  | |     }\n     | |_____- in this macro invocation\n     = note: this error originates in the macro `float_impl_std` which comes from the expansion of the macro `forward` (in Nightly builds, run with -Z macro-backtrace for more info)\n\nerror[E0034]: multiple applicable items in scope\n    --> /Users/graysonnocera/.cargo/registry/src/index.crates.io-6f17d22bba15001f/num-traits-0.2.17/src/float.rs:1907:23\n     |\n1907 |                 Self::trunc(self) -> Self;\n     |                       ^^^^^ multiple `trunc` found\n...\n2048 | float_impl_std!(f64 integer_decode_f64);\n     | --------------------------------------- in this macro invocation\n     |\nnote: candidate #1 is defined in an impl of the trait `Float` for the type `f64`\n    --> /Users/graysonnocera/.cargo/registry/src/index.crates.io-6f17d22bba15001f/num-traits-0.2.17/src/macros.rs:9:13\n     |\n9    |             fn $method(self $( , $arg : $ty )* ) -> $ret {\n     |             ^^^^^^^^^^^^^^^^^^^^^^^^^^^^^^^^^^^^^^^^^^^^\n     |\n    ::: /Users/graysonnocera/.cargo/registry/src/index.crates.io-6f17d22bba15001f/num-traits-0.2.17/src/float.rs:2048:1\n     |\n2048 | float_impl_std!(f64 integer_decode_f64);\n     | --------------------------------------- in this macro invocation\nnote: candidate #2 is defined in an impl of the trait `FloatCore` for the type `f64`\n    --> /Users/graysonnocera/.cargo/registry/src/index.crates.io-6f17d22bba15001f/num-traits-0.2.17/src/macros.rs:9:13\n     |\n9    |               fn $method(self $( , $arg : $ty )* ) -> $ret {\n     |               ^^^^^^^^^^^^^^^^^^^^^^^^^^^^^^^^^^^^^^^^^^^^\n     |\n    ::: /Users/graysonnocera/.cargo/registry/src/index.crates.io-6f17d22bba15001f/num-traits-0.2.17/src/float.rs:873:5\n     |\n873  | /     forward! {\n874  | |         Self::floor(self) -> Self;\n875  | |         Self::ceil(self) -> Self;\n876  | |         Self::round(self) -> Self;\n...    |\n881  | |         Self::powi(self, n: i32) -> Self;\n882  | |     }\n     | |_____- in this macro invocation\n     = note: this error originates in the macro `float_impl_std` which comes from the expansion of the macro `forward` (in Nightly builds, run with -Z macro-backtrace for more info)\n\nerror[E0034]: multiple applicable items in scope\n    --> /Users/graysonnocera/.cargo/registry/src/index.crates.io-6f17d22bba15001f/num-traits-0.2.17/src/float.rs:1908:23\n     |\n1908 |                 Self::fract(self) -> Self;\n     |                       ^^^^^ multiple `fract` found\n...\n2048 | float_impl_std!(f64 integer_decode_f64);\n     | --------------------------------------- in this macro invocation\n     |\nnote: candidate #1 is defined in an impl of the trait `Float` for the type `f64`\n    --> /Users/graysonnocera/.cargo/registry/src/index.crates.io-6f17d22bba15001f/num-traits-0.2.17/src/macros.rs:9:13\n     |\n9    |             fn $method(self $( , $arg : $ty )* ) -> $ret {\n     |             ^^^^^^^^^^^^^^^^^^^^^^^^^^^^^^^^^^^^^^^^^^^^\n     |\n    ::: /Users/graysonnocera/.cargo/registry/src/index.crates.io-6f17d22bba15001f/num-traits-0.2.17/src/float.rs:2048:1\n     |\n2048 | float_impl_std!(f64 integer_decode_f64);\n     | --------------------------------------- in this macro invocation\nnote: candidate #2 is defined in an impl of the trait `FloatCore` for the type `f64`\n    --> /Users/graysonnocera/.cargo/registry/src/index.crates.io-6f17d22bba15001f/num-traits-0.2.17/src/macros.rs:9:13\n     |\n9    |               fn $method(self $( , $arg : $ty )* ) -> $ret {\n     |               ^^^^^^^^^^^^^^^^^^^^^^^^^^^^^^^^^^^^^^^^^^^^\n     |\n    ::: /Users/graysonnocera/.cargo/registry/src/index.crates.io-6f17d22bba15001f/num-traits-0.2.17/src/float.rs:873:5\n     |\n873  | /     forward! {\n874  | |         Self::floor(self) -> Self;\n875  | |         Self::ceil(self) -> Self;\n876  | |         Self::round(self) -> Self;\n...    |\n881  | |         Self::powi(self, n: i32) -> Self;\n882  | |     }\n     | |_____- in this macro invocation\n     = note: this error originates in the macro `float_impl_std` which comes from the expansion of the macro `forward` (in Nightly builds, run with -Z macro-backtrace for more info)\n\nerror[E0034]: multiple applicable items in scope\n    --> /Users/graysonnocera/.cargo/registry/src/index.crates.io-6f17d22bba15001f/num-traits-0.2.17/src/float.rs:1909:23\n     |\n1909 |                 Self::abs(self) -> Self;\n     |                       ^^^ multiple `abs` found\n...\n2048 | float_impl_std!(f64 integer_decode_f64);\n     | --------------------------------------- in this macro invocation\n     |\nnote: candidate #1 is defined in an impl of the trait `Float` for the type `f64`\n    --> /Users/graysonnocera/.cargo/registry/src/index.crates.io-6f17d22bba15001f/num-traits-0.2.17/src/macros.rs:9:13\n     |\n9    |             fn $method(self $( , $arg : $ty )* ) -> $ret {\n     |             ^^^^^^^^^^^^^^^^^^^^^^^^^^^^^^^^^^^^^^^^^^^^\n     |\n    ::: /Users/graysonnocera/.cargo/registry/src/index.crates.io-6f17d22bba15001f/num-traits-0.2.17/src/float.rs:2048:1\n     |\n2048 | float_impl_std!(f64 integer_decode_f64);\n     | --------------------------------------- in this macro invocation\nnote: candidate #2 is defined in an impl of the trait `FloatCore` for the type `f64`\n    --> /Users/graysonnocera/.cargo/registry/src/index.crates.io-6f17d22bba15001f/num-traits-0.2.17/src/macros.rs:9:13\n     |\n9    |               fn $method(self $( , $arg : $ty )* ) -> $ret {\n     |               ^^^^^^^^^^^^^^^^^^^^^^^^^^^^^^^^^^^^^^^^^^^^\n     |\n    ::: /Users/graysonnocera/.cargo/registry/src/index.crates.io-6f17d22bba15001f/num-traits-0.2.17/src/float.rs:873:5\n     |\n873  | /     forward! {\n874  | |         Self::floor(self) -> Self;\n875  | |         Self::ceil(self) -> Self;\n876  | |         Self::round(self) -> Self;\n...    |\n881  | |         Self::powi(self, n: i32) -> Self;\n882  | |     }\n     | |_____- in this macro invocation\n     = note: this error originates in the macro `float_impl_std` which comes from the expansion of the macro `forward` (in Nightly builds, run with -Z macro-backtrace for more info)\n\nerror[E0034]: multiple applicable items in scope\n    --> /Users/graysonnocera/.cargo/registry/src/index.crates.io-6f17d22bba15001f/num-traits-0.2.17/src/float.rs:1910:23\n     |\n1910 |                 Self::signum(self) -> Self;\n     |                       ^^^^^^ multiple `signum` found\n...\n2048 | float_impl_std!(f64 integer_decode_f64);\n     | --------------------------------------- in this macro invocation\n     |\nnote: candidate #1 is defined in an impl of the trait `Float` for the type `f64`\n    --> /Users/graysonnocera/.cargo/registry/src/index.crates.io-6f17d22bba15001f/num-traits-0.2.17/src/macros.rs:9:13\n     |\n9    |             fn $method(self $( , $arg : $ty )* ) -> $ret {\n     |             ^^^^^^^^^^^^^^^^^^^^^^^^^^^^^^^^^^^^^^^^^^^^\n     |\n    ::: /Users/graysonnocera/.cargo/registry/src/index.crates.io-6f17d22bba15001f/num-traits-0.2.17/src/float.rs:2048:1\n     |\n2048 | float_impl_std!(f64 integer_decode_f64);\n     | --------------------------------------- in this macro invocation\nnote: candidate #2 is defined in an impl of the trait `FloatCore` for the type `f64`\n    --> /Users/graysonnocera/.cargo/registry/src/index.crates.io-6f17d22bba15001f/num-traits-0.2.17/src/macros.rs:9:13\n     |\n9    |               fn $method(self $( , $arg : $ty )* ) -> $ret {\n     |               ^^^^^^^^^^^^^^^^^^^^^^^^^^^^^^^^^^^^^^^^^^^^\n     |\n    ::: /Users/graysonnocera/.cargo/registry/src/index.crates.io-6f17d22bba15001f/num-traits-0.2.17/src/float.rs:873:5\n     |\n873  | /     forward! {\n874  | |         Self::floor(self) -> Self;\n875  | |         Self::ceil(self) -> Self;\n876  | |         Self::round(self) -> Self;\n...    |\n881  | |         Self::powi(self, n: i32) -> Self;\n882  | |     }\n     | |_____- in this macro invocation\n     = note: this error originates in the macro `float_impl_std` which comes from the expansion of the macro `forward` (in Nightly builds, run with -Z macro-backtrace for more info)\n\nerror[E0034]: multiple applicable items in scope\n    --> /Users/graysonnocera/.cargo/registry/src/index.crates.io-6f17d22bba15001f/num-traits-0.2.17/src/float.rs:1915:23\n     |\n1915 |                 Self::powi(self, n: i32) -> Self;\n     |                       ^^^^ multiple `powi` found\n...\n2048 | float_impl_std!(f64 integer_decode_f64);\n     | --------------------------------------- in this macro invocation\n     |\nnote: candidate #1 is defined in an impl of the trait `Float` for the type `f64`\n    --> /Users/graysonnocera/.cargo/registry/src/index.crates.io-6f17d22bba15001f/num-traits-0.2.17/src/macros.rs:9:13\n     |\n9    |             fn $method(self $( , $arg : $ty )* ) -> $ret {\n     |             ^^^^^^^^^^^^^^^^^^^^^^^^^^^^^^^^^^^^^^^^^^^^\n     |\n    ::: /Users/graysonnocera/.cargo/registry/src/index.crates.io-6f17d22bba15001f/num-traits-0.2.17/src/float.rs:2048:1\n     |\n2048 | float_impl_std!(f64 integer_decode_f64);\n     | --------------------------------------- in this macro invocation\nnote: candidate #2 is defined in an impl of the trait `FloatCore` for the type `f64`\n    --> /Users/graysonnocera/.cargo/registry/src/index.crates.io-6f17d22bba15001f/num-traits-0.2.17/src/macros.rs:9:13\n     |\n9    |               fn $method(self $( , $arg : $ty )* ) -> $ret {\n     |               ^^^^^^^^^^^^^^^^^^^^^^^^^^^^^^^^^^^^^^^^^^^^\n     |\n    ::: /Users/graysonnocera/.cargo/registry/src/index.crates.io-6f17d22bba15001f/num-traits-0.2.17/src/float.rs:873:5\n     |\n873  | /     forward! {\n874  | |         Self::floor(self) -> Self;\n875  | |         Self::ceil(self) -> Self;\n876  | |         Self::round(self) -> Self;\n...    |\n881  | |         Self::powi(self, n: i32) -> Self;\n882  | |     }\n     | |_____- in this macro invocation\n     = note: this error originates in the macro `float_impl_std` which comes from the expansion of the macro `forward` (in Nightly builds, run with -Z macro-backtrace for more info)\n\nerror[E0308]: arguments to this function are incorrect\n   --> /Users/graysonnocera/.cargo/registry/src/index.crates.io-6f17d22bba15001f/num-traits-0.2.17/src/ops/euclid.rs:57:17\n    |\n57  |                 <$t>::div_euclid(*self, *v)\n    |                 ^^^^^^^^^^^^^^^^ -----  -- expected `&f32`, found `f32`\n    |                                  |\n    |                                  expected `&f32`, found `f32`\n...\n123 | euclid_forward_impl!(f32 f64);\n    | ----------------------------- in this macro invocation\n    |\nnote: method defined here\n   --> /Users/graysonnocera/.cargo/registry/src/index.crates.io-6f17d22bba15001f/num-traits-0.2.17/src/ops/euclid.rs:23:8\n    |\n23  |     fn div_euclid(&self, v: &Self) -> Self;\n    |        ^^^^^^^^^^\n    = note: this error originates in the macro `euclid_forward_impl` (in Nightly builds, run with -Z macro-backtrace for more info)\nhelp: consider removing deref here\n    |\n57  -                 <$t>::div_euclid(*self, *v)\n57  +                 <$t>::div_euclid(self, *v)\n    |\nhelp: consider removing deref here\n    |\n57  -                 <$t>::div_euclid(*self, *v)\n57  +                 <$t>::div_euclid(*self, v)\n    |\n\nerror[E0308]: arguments to this function are incorrect\n   --> /Users/graysonnocera/.cargo/registry/src/index.crates.io-6f17d22bba15001f/num-traits-0.2.17/src/ops/euclid.rs:62:17\n    |\n62  |                 <$t>::rem_euclid(*self, *v)\n    |                 ^^^^^^^^^^^^^^^^ -----  -- expected `&f32`, found `f32`\n    |                                  |\n    |                                  expected `&f32`, found `f32`\n...\n123 | euclid_forward_impl!(f32 f64);\n    | ----------------------------- in this macro invocation\n    |\nnote: method defined here\n   --> /Users/graysonnocera/.cargo/registry/src/index.crates.io-6f17d22bba15001f/num-traits-0.2.17/src/ops/euclid.rs:48:8\n    |\n48  |     fn rem_euclid(&self, v: &Self) -> Self;\n    |        ^^^^^^^^^^\n    = note: this error originates in the macro `euclid_forward_impl` (in Nightly builds, run with -Z macro-backtrace for more info)\nhelp: consider removing deref here\n    |\n62  -                 <$t>::rem_euclid(*self, *v)\n62  +                 <$t>::rem_euclid(self, *v)\n    |\nhelp: consider removing deref here\n    |\n62  -                 <$t>::rem_euclid(*self, *v)\n62  +                 <$t>::rem_euclid(*self, v)\n    |\n\nerror[E0308]: arguments to this function are incorrect\n   --> /Users/graysonnocera/.cargo/registry/src/index.crates.io-6f17d22bba15001f/num-traits-0.2.17/src/ops/euclid.rs:57:17\n    |\n57  |                 <$t>::div_euclid(*self, *v)\n    |                 ^^^^^^^^^^^^^^^^ -----  -- expected `&f64`, found `f64`\n    |                                  |\n    |                                  expected `&f64`, found `f64`\n...\n123 | euclid_forward_impl!(f32 f64);\n    | ----------------------------- in this macro invocation\n    |\nnote: method defined here\n   --> /Users/graysonnocera/.cargo/registry/src/index.crates.io-6f17d22bba15001f/num-traits-0.2.17/src/ops/euclid.rs:23:8\n    |\n23  |     fn div_euclid(&self, v: &Self) -> Self;\n    |        ^^^^^^^^^^\n    = note: this error originates in the macro `euclid_forward_impl` (in Nightly builds, run with -Z macro-backtrace for more info)\nhelp: consider removing deref here\n    |\n57  -                 <$t>::div_euclid(*self, *v)\n57  +                 <$t>::div_euclid(self, *v)\n    |\nhelp: consider removing deref here\n    |\n57  -                 <$t>::div_euclid(*self, *v)\n57  +                 <$t>::div_euclid(*self, v)\n    |\n\nerror[E0308]: arguments to this function are incorrect\n   --> /Users/graysonnocera/.cargo/registry/src/index.crates.io-6f17d22bba15001f/num-traits-0.2.17/src/ops/euclid.rs:62:17\n    |\n62  |                 <$t>::rem_euclid(*self, *v)\n    |                 ^^^^^^^^^^^^^^^^ -----  -- expected `&f64`, found `f64`\n    |                                  |\n    |                                  expected `&f64`, found `f64`\n...\n123 | euclid_forward_impl!(f32 f64);\n    | ----------------------------- in this macro invocation\n    |\nnote: method defined here\n   --> /Users/graysonnocera/.cargo/registry/src/index.crates.io-6f17d22bba15001f/num-traits-0.2.17/src/ops/euclid.rs:48:8\n    |\n48  |     fn rem_euclid(&self, v: &Self) -> Self;\n    |        ^^^^^^^^^^\n    = note: this error originates in the macro `euclid_forward_impl` (in Nightly builds, run with -Z macro-backtrace for more info)\nhelp: consider removing deref here\n    |\n62  -                 <$t>::rem_euclid(*self, *v)\n62  +                 <$t>::rem_euclid(self, *v)\n    |\nhelp: consider removing deref here\n    |\n62  -                 <$t>::rem_euclid(*self, *v)\n62  +                 <$t>::rem_euclid(*self, v)\n    |\n\nerror[E0463]: can't find crate for `std`\n   --> /Users/graysonnocera/.cargo/registry/src/index.crates.io-6f17d22bba15001f/crossbeam-utils-0.8.19/src/thread.rs:158:17\n    |\n158 |                 std::process::abort();\n    |                 ^^^ can't find crate\n    |\n    = note: the `thumbv7m-none-eabi` target may not support the standard library\n\nerror[E0412]: cannot find type `Option` in this scope\n  --> /Users/graysonnocera/.cargo/registry/src/index.crates.io-6f17d22bba15001f/crossbeam-utils-0.8.19/src/atomic/seq_lock_wide.rs:33:45\n   |\n33 |     pub(crate) fn optimistic_read(&self) -> Option<(usize, usize)> {\n   |                                             ^^^^^^ not found in this scope\n   |\nhelp: consider importing this enum\n   |\n1  + use core::option::Option;\n   |\n\nerror[E0425]: cannot find value `None` in this scope\n  --> /Users/graysonnocera/.cargo/registry/src/index.crates.io-6f17d22bba15001f/crossbeam-utils-0.8.19/src/atomic/seq_lock_wide.rs:43:13\n   |\n43 |             None\n   |             ^^^^ not found in this scope\n   |\nhelp: consider importing this unit variant\n   |\n1  + use core::option::Option::None;\n   |\n\nerror[E0425]: cannot find function, tuple struct or tuple variant `Some` in this scope\n  --> /Users/graysonnocera/.cargo/registry/src/index.crates.io-6f17d22bba15001f/crossbeam-utils-0.8.19/src/atomic/seq_lock_wide.rs:45:13\n   |\n45 |             Some((state_hi, state_lo))\n   |             ^^^^ not found in this scope\n   |\nhelp: consider importing this tuple variant\n   |\n1  + use core::option::Option::Some;\n   |\n\nerror[E0405]: cannot find trait `Drop` in this scope\n   --> /Users/graysonnocera/.cargo/registry/src/index.crates.io-6f17d22bba15001f/crossbeam-utils-0.8.19/src/atomic/seq_lock_wide.rs:118:6\n    |\n118 | impl Drop for SeqLockWriteGuard {\n    |      ^^^^ not found in this scope\n    |\nhelp: consider importing this trait\n    |\n1   + use core::ops::Drop;\n    |\n\nerror[E0405]: cannot find trait `Send` in this scope\n  --> /Users/graysonnocera/.cargo/registry/src/index.crates.io-6f17d22bba15001f/crossbeam-utils-0.8.19/src/atomic/atomic_cell.rs:46:22\n   |\n46 | unsafe impl<T: Send> Send for AtomicCell<T> {}\n   |                      ^^^^ not found in this scope\n   |\nhelp: consider importing this trait\n   |\n4  + use core::marker::Send;\n   |\n\nerror[E0405]: cannot find trait `Send` in this scope\n  --> /Users/graysonnocera/.cargo/registry/src/index.crates.io-6f17d22bba15001f/crossbeam-utils-0.8.19/src/atomic/atomic_cell.rs:46:16\n   |\n46 | unsafe impl<T: Send> Send for AtomicCell<T> {}\n   |                ^^^^ not found in this scope\n   |\nhelp: consider importing this trait\n   |\n4  + use core::marker::Send;\n   |\n\nerror[E0405]: cannot find trait `Sync` in this scope\n  --> /Users/graysonnocera/.cargo/registry/src/index.crates.io-6f17d22bba15001f/crossbeam-utils-0.8.19/src/atomic/atomic_cell.rs:47:22\n   |\n47 | unsafe impl<T: Send> Sync for AtomicCell<T> {}\n   |                      ^^^^ not found in this scope\n   |\nhelp: consider importing this trait\n   |\n4  + use core::marker::Sync;\n   |\n\nerror[E0405]: cannot find trait `Send` in this scope\n  --> /Users/graysonnocera/.cargo/registry/src/index.crates.io-6f17d22bba15001f/crossbeam-utils-0.8.19/src/atomic/atomic_cell.rs:47:16\n   |\n47 | unsafe impl<T: Send> Sync for AtomicCell<T> {}\n   |                ^^^^ not found in this scope\n   |\nhelp: consider importing this trait\n   |\n4  + use core::marker::Send;\n   |\n\nerror[E0425]: cannot find function `drop` in this scope\n   --> /Users/graysonnocera/.cargo/registry/src/index.crates.io-6f17d22bba15001f/crossbeam-utils-0.8.19/src/atomic/atomic_cell.rs:140:13\n    |\n140 |             drop(self.swap(val));\n    |             ^^^^ not found in this scope\n    |\nhelp: consider importing one of these functions\n    |\n4   + use crate::atomic::atomic_cell::mem::drop;\n    |\n4   + use core::mem::drop;\n    |\n\nerror[E0405]: cannot find trait `Default` in this scope\n   --> /Users/graysonnocera/.cargo/registry/src/index.crates.io-6f17d22bba15001f/crossbeam-utils-0.8.19/src/atomic/atomic_cell.rs:182:9\n    |\n182 | impl<T: Default> AtomicCell<T> {\n    |         ^^^^^^^ not found in this scope\n    |\nhelp: consider importing this trait\n    |\n4   + use core::default::Default;\n    |\n\nerror[E0433]: failed to resolve: use of undeclared type `Default`\n   --> /Users/graysonnocera/.cargo/registry/src/index.crates.io-6f17d22bba15001f/crossbeam-utils-0.8.19/src/atomic/atomic_cell.rs:197:19\n    |\n197 |         self.swap(Default::default())\n    |                   ^^^^^^^ use of undeclared type `Default`\n    |\nhelp: consider importing this trait\n    |\n4   + use core::default::Default;\n    |\n\nerror[E0405]: cannot find trait `Copy` in this scope\n   --> /Users/graysonnocera/.cargo/registry/src/index.crates.io-6f17d22bba15001f/crossbeam-utils-0.8.19/src/atomic/atomic_cell.rs:201:9\n    |\n201 | impl<T: Copy> AtomicCell<T> {\n    |         ^^^^ not found in this scope\n    |\nhelp: consider importing this trait\n    |\n4   + use core::marker::Copy;\n    |\n\nerror[E0405]: cannot find trait `Copy` in this scope\n   --> /Users/graysonnocera/.cargo/registry/src/index.crates.io-6f17d22bba15001f/crossbeam-utils-0.8.19/src/atomic/atomic_cell.rs:218:9\n    |\n218 | impl<T: Copy + Eq> AtomicCell<T> {\n    |         ^^^^ not found in this scope\n    |\nhelp: consider importing this trait\n    |\n4   + use core::marker::Copy;\n    |\n\nerror[E0405]: cannot find trait `Eq` in this scope\n   --> /Users/graysonnocera/.cargo/registry/src/index.crates.io-6f17d22bba15001f/crossbeam-utils-0.8.19/src/atomic/atomic_cell.rs:218:16\n    |\n218 | impl<T: Copy + Eq> AtomicCell<T> {\n    |                ^^ not found in this scope\n    |\nhelp: consider importing one of these traits\n    |\n4   + use crate::atomic::atomic_cell::cmp::Eq;\n    |\n4   + use core::cmp::Eq;\n    |\n\nerror[E0531]: cannot find tuple struct or tuple variant `Ok` in this scope\n   --> /Users/graysonnocera/.cargo/registry/src/index.crates.io-6f17d22bba15001f/crossbeam-utils-0.8.19/src/atomic/atomic_cell.rs:242:13\n    |\n242 |             Ok(v) => v,\n    |             ^^ not found in this scope\n    |\nhelp: consider importing this tuple variant\n    |\n4   + use core::result::Result::Ok;\n    |\n\nerror[E0531]: cannot find tuple struct or tuple variant `Err` in this scope\n   --> /Users/graysonnocera/.cargo/registry/src/index.crates.io-6f17d22bba15001f/crossbeam-utils-0.8.19/src/atomic/atomic_cell.rs:243:13\n    |\n243 |             Err(v) => v,\n    |             ^^^ not found in this scope\n    |\nhelp: consider importing this tuple variant\n    |\n4   + use core::result::Result::Err;\n    |\n\nerror[E0412]: cannot find type `Result` in this scope\n   --> /Users/graysonnocera/.cargo/registry/src/index.crates.io-6f17d22bba15001f/crossbeam-utils-0.8.19/src/atomic/atomic_cell.rs:265:59\n    |\n265 |     pub fn compare_exchange(&self, current: T, new: T) -> Result<T, T> {\n    |                                                           ^^^^^^ not found in this scope\n    |\nhelp: consider importing one of these items\n    |\n4   + use crate::atomic::atomic_cell::fmt::Result;\n    |\n4   + use core::fmt::Result;\n    |\n4   + use core::result::Result;\n    |\n\nerror[E0405]: cannot find trait `FnMut` in this scope\n   --> /Users/graysonnocera/.cargo/registry/src/index.crates.io-6f17d22bba15001f/crossbeam-utils-0.8.19/src/atomic/atomic_cell.rs:291:12\n    |\n291 |         F: FnMut(T) -> Option<T>,\n    |            ^^^^^ not found in this scope\n    |\nhelp: consider importing this trait\n    |\n4   + use core::ops::FnMut;\n    |\n\nerror[E0412]: cannot find type `Option` in this scope\n   --> /Users/graysonnocera/.cargo/registry/src/index.crates.io-6f17d22bba15001f/crossbeam-utils-0.8.19/src/atomic/atomic_cell.rs:291:24\n    |\n291 |         F: FnMut(T) -> Option<T>,\n    |                        ^^^^^^ not found in this scope\n    |\nhelp: consider importing this enum\n    |\n4   + use core::option::Option;\n    |\n\nerror[E0412]: cannot find type `Result` in this scope\n   --> /Users/graysonnocera/.cargo/registry/src/index.crates.io-6f17d22bba15001f/crossbeam-utils-0.8.19/src/atomic/atomic_cell.rs:289:48\n    |\n289 |     pub fn fetch_update<F>(&self, mut f: F) -> Result<T, T>\n    |                                                ^^^^^^ not found in this scope\n    |\nhelp: consider importing one of these items\n    |\n4   + use crate::atomic::atomic_cell::fmt::Result;\n    |\n4   + use core::fmt::Result;\n    |\n4   + use core::result::Result;\n    |\n\nerror[E0531]: cannot find tuple struct or tuple variant `Some` in this scope\n   --> /Users/graysonnocera/.cargo/registry/src/index.crates.io-6f17d22bba15001f/crossbeam-utils-0.8.19/src/atomic/atomic_cell.rs:294:19\n    |\n294 |         while let Some(next) = f(prev) {\n    |                   ^^^^ not found in this scope\n    |\nhelp: consider importing this tuple variant\n    |\n4   + use core::option::Option::Some;\n    |\n\nerror[E0531]: cannot find tuple struct or tuple variant `Ok` in this scope\n   --> /Users/graysonnocera/.cargo/registry/src/index.crates.io-6f17d22bba15001f/crossbeam-utils-0.8.19/src/atomic/atomic_cell.rs:296:21\n    |\n296 |                 x @ Ok(_) => return x,\n    |                     ^^ not found in this scope\n    |\nhelp: consider importing this tuple variant\n    |\n4   + use core::result::Result::Ok;\n    |\n\nerror[E0531]: cannot find tuple struct or tuple variant `Err` in this scope\n   --> /Users/graysonnocera/.cargo/registry/src/index.crates.io-6f17d22bba15001f/crossbeam-utils-0.8.19/src/atomic/atomic_cell.rs:297:17\n    |\n297 |                 Err(next_prev) => prev = next_prev,\n    |                 ^^^ not found in this scope\n    |\nhelp: consider importing this tuple variant\n    |\n4   + use core::result::Result::Err;\n    |\n\nerror[E0425]: cannot find function, tuple struct or tuple variant `Err` in this scope\n   --> /Users/graysonnocera/.cargo/registry/src/index.crates.io-6f17d22bba15001f/crossbeam-utils-0.8.19/src/atomic/atomic_cell.rs:300:9\n    |\n300 |         Err(prev)\n    |         ^^^ not found in this scope\n    |\nhelp: consider importing this tuple variant\n    |\n4   + use core::result::Result::Err;\n    |\n\nerror[E0405]: cannot find trait `Drop` in this scope\n   --> /Users/graysonnocera/.cargo/registry/src/index.crates.io-6f17d22bba15001f/crossbeam-utils-0.8.19/src/atomic/atomic_cell.rs:306:9\n    |\n306 | impl<T> Drop for AtomicCell<T> {\n    |         ^^^^ not found in this scope\n    |\nhelp: consider importing this trait\n    |\n4   + use core::ops::Drop;\n    |\n\nerror[E0405]: cannot find trait `Default` in this scope\n   --> /Users/graysonnocera/.cargo/registry/src/index.crates.io-6f17d22bba15001f/crossbeam-utils-0.8.19/src/atomic/atomic_cell.rs:942:18\n    |\n942 | impl<T: Default> Default for AtomicCell<T> {\n    |                  ^^^^^^^ not found in this scope\n    |\nhelp: consider importing this trait\n    |\n4   + use core::default::Default;\n    |\n\nerror[E0405]: cannot find trait `Default` in this scope\n   --> /Users/graysonnocera/.cargo/registry/src/index.crates.io-6f17d22bba15001f/crossbeam-utils-0.8.19/src/atomic/atomic_cell.rs:942:9\n    |\n942 | impl<T: Default> Default for AtomicCell<T> {\n    |         ^^^^^^^ not found in this scope\n    |\nhelp: consider importing this trait\n    |\n4   + use core::default::Default;\n    |\n\nerror[E0405]: cannot find trait `From` in this scope\n   --> /Users/graysonnocera/.cargo/registry/src/index.crates.io-6f17d22bba15001f/crossbeam-utils-0.8.19/src/atomic/atomic_cell.rs:948:9\n    |\n948 | impl<T> From<T> for AtomicCell<T> {\n    |         ^^^^ not found in this scope\n    |\nhelp: consider importing this trait\n    |\n4   + use core::convert::From;\n    |\n\nerror[E0405]: cannot find trait `Copy` in this scope\n   --> /Users/graysonnocera/.cargo/registry/src/index.crates.io-6f17d22bba15001f/crossbeam-utils-0.8.19/src/atomic/atomic_cell.rs:955:9\n    |\n955 | impl<T: Copy + fmt::Debug> fmt::Debug for AtomicCell<T> {\n    |         ^^^^ not found in this scope\n    |\nhelp: consider importing this trait\n    |\n4   + use core::marker::Copy;\n    |\n\nerror[E0412]: cannot find type `Result` in this scope\n    --> /Users/graysonnocera/.cargo/registry/src/index.crates.io-6f17d22bba15001f/crossbeam-utils-0.8.19/src/atomic/atomic_cell.rs:1034:10\n     |\n1034 |     ) -> Result<(), ()> {\n     |          ^^^^^^ not found in this scope\n     |\nhelp: consider importing one of these items\n     |\n4    + use crate::atomic::atomic_cell::fmt::Result;\n     |\n4    + use core::fmt::Result;\n     |\n4    + use core::result::Result;\n     |\n\nerror[E0425]: cannot find function, tuple struct or tuple variant `Ok` in this scope\n    --> /Users/graysonnocera/.cargo/registry/src/index.crates.io-6f17d22bba15001f/crossbeam-utils-0.8.19/src/atomic/atomic_cell.rs:1035:9\n     |\n1035 |         Ok(())\n     |         ^^ not found in this scope\n     |\nhelp: consider importing this tuple variant\n     |\n4    + use core::result::Result::Ok;\n     |\n\nerror[E0405]: cannot find trait `Copy` in this scope\n    --> /Users/graysonnocera/.cargo/registry/src/index.crates.io-6f17d22bba15001f/crossbeam-utils-0.8.19/src/atomic/atomic_cell.rs:1050:8\n     |\n1050 |     T: Copy,\n     |        ^^^^ not found in this scope\n     |\nhelp: consider importing this trait\n     |\n4    + use core::marker::Copy;\n     |\n\nerror[E0531]: cannot find tuple struct or tuple variant `Some` in this scope\n    --> /Users/graysonnocera/.cargo/registry/src/index.crates.io-6f17d22bba15001f/crossbeam-utils-0.8.19/src/atomic/atomic_cell.rs:1062:20\n     |\n1062 |             if let Some(stamp) = lock.optimistic_read() {\n     |                    ^^^^ not found in this scope\n     |\nhelp: consider importing this tuple variant\n     |\n4    + use core::option::Option::Some;\n     |\n\nerror[E0405]: cannot find trait `Copy` in this scope\n    --> /Users/graysonnocera/.cargo/registry/src/index.crates.io-6f17d22bba15001f/crossbeam-utils-0.8.19/src/atomic/atomic_cell.rs:1135:8\n     |\n1135 |     T: Copy + Eq,\n     |        ^^^^ not found in this scope\n     |\nhelp: consider importing this trait\n     |\n4    + use core::marker::Copy;\n     |\n\nerror[E0405]: cannot find trait `Eq` in this scope\n    --> /Users/graysonnocera/.cargo/registry/src/index.crates.io-6f17d22bba15001f/crossbeam-utils-0.8.19/src/atomic/atomic_cell.rs:1135:15\n     |\n1135 |     T: Copy + Eq,\n     |               ^^ not found in this scope\n     |\nhelp: consider importing one of these traits\n     |\n4    + use crate::atomic::atomic_cell::cmp::Eq;\n     |\n4    + use core::cmp::Eq;\n     |\n\nerror[E0412]: cannot find type `Result` in this scope\n    --> /Users/graysonnocera/.cargo/registry/src/index.crates.io-6f17d22bba15001f/crossbeam-utils-0.8.19/src/atomic/atomic_cell.rs:1133:83\n     |\n1133 | unsafe fn atomic_compare_exchange_weak<T>(dst: *mut T, mut current: T, new: T) -> Result<T, T>\n     |                                                                                   ^^^^^^ not found in this scope\n     |\nhelp: consider importing one of these items\n     |\n4    + use crate::atomic::atomic_cell::fmt::Result;\n     |\n4    + use core::fmt::Result;\n     |\n4    + use core::result::Result;\n     |\n\nerror[E0531]: cannot find tuple struct or tuple variant `Ok` in this scope\n    --> /Users/graysonnocera/.cargo/registry/src/index.crates.io-6f17d22bba15001f/crossbeam-utils-0.8.19/src/atomic/atomic_cell.rs:1151:21\n     |\n1151 |                     Ok(_) => break Ok(current),\n     |                     ^^ not found in this scope\n     |\nhelp: consider importing this tuple variant\n     |\n4    + use core::result::Result::Ok;\n     |\n\nerror[E0425]: cannot find function, tuple struct or tuple variant `Ok` in this scope\n    --> /Users/graysonnocera/.cargo/registry/src/index.crates.io-6f17d22bba15001f/crossbeam-utils-0.8.19/src/atomic/atomic_cell.rs:1151:36\n     |\n1151 |                     Ok(_) => break Ok(current),\n     |                                    ^^ not found in this scope\n     |\nhelp: consider importing this tuple variant\n     |\n4    + use core::result::Result::Ok;\n     |\n\nerror[E0531]: cannot find tuple struct or tuple variant `Err` in this scope\n    --> /Users/graysonnocera/.cargo/registry/src/index.crates.io-6f17d22bba15001f/crossbeam-utils-0.8.19/src/atomic/atomic_cell.rs:1152:21\n     |\n1152 |                     Err(previous_raw) => {\n     |                     ^^^ not found in this scope\n     |\nhelp: consider importing this tuple variant\n     |\n4    + use core::result::Result::Err;\n     |\n\nerror[E0425]: cannot find function, tuple struct or tuple variant `Err` in this scope\n    --> /Users/graysonnocera/.cargo/registry/src/index.crates.io-6f17d22bba15001f/crossbeam-utils-0.8.19/src/atomic/atomic_cell.rs:1156:35\n     |\n1156 | ...                   break Err(previous);\n     |                             ^^^ not found in this scope\n     |\nhelp: consider importing this tuple variant\n     |\n4    + use core::result::Result::Err;\n     |\n\nerror[E0425]: cannot find function, tuple struct or tuple variant `Ok` in this scope\n    --> /Users/graysonnocera/.cargo/registry/src/index.crates.io-6f17d22bba15001f/crossbeam-utils-0.8.19/src/atomic/atomic_cell.rs:1173:17\n     |\n1173 |                 Ok(ptr::replace(dst, new))\n     |                 ^^ not found in this scope\n     |\nhelp: consider importing this tuple variant\n     |\n4    + use core::result::Result::Ok;\n     |\n\nerror[E0425]: cannot find function, tuple struct or tuple variant `Err` in this scope\n    --> /Users/graysonnocera/.cargo/registry/src/index.crates.io-6f17d22bba15001f/crossbeam-utils-0.8.19/src/atomic/atomic_cell.rs:1178:17\n     |\n1178 |                 Err(val)\n     |                 ^^^ not found in this scope\n     |\nhelp: consider importing this tuple variant\n     |\n4    + use core::result::Result::Err;\n     |\n\nerror[E0405]: cannot find trait `Send` in this scope\n   --> /Users/graysonnocera/.cargo/registry/src/index.crates.io-6f17d22bba15001f/crossbeam-utils-0.8.19/src/cache_padded.rs:150:22\n    |\n150 | unsafe impl<T: Send> Send for CachePadded<T> {}\n    |                      ^^^^ not found in this scope\n    |\nhelp: consider importing this trait\n    |\n1   + use core::marker::Send;\n    |\n\nerror[E0405]: cannot find trait `Send` in this scope\n   --> /Users/graysonnocera/.cargo/registry/src/index.crates.io-6f17d22bba15001f/crossbeam-utils-0.8.19/src/cache_padded.rs:150:16\n    |\n150 | unsafe impl<T: Send> Send for CachePadded<T> {}\n    |                ^^^^ not found in this scope\n    |\nhelp: consider importing this trait\n    |\n1   + use core::marker::Send;\n    |\n\nerror[E0405]: cannot find trait `Sync` in this scope\n   --> /Users/graysonnocera/.cargo/registry/src/index.crates.io-6f17d22bba15001f/crossbeam-utils-0.8.19/src/cache_padded.rs:151:22\n    |\n151 | unsafe impl<T: Sync> Sync for CachePadded<T> {}\n    |                      ^^^^ not found in this scope\n    |\nhelp: consider importing this trait\n    |\n1   + use core::marker::Sync;\n    |\n\nerror[E0405]: cannot find trait `Sync` in this scope\n   --> /Users/graysonnocera/.cargo/registry/src/index.crates.io-6f17d22bba15001f/crossbeam-utils-0.8.19/src/cache_padded.rs:151:16\n    |\n151 | unsafe impl<T: Sync> Sync for CachePadded<T> {}\n    |                ^^^^ not found in this scope\n    |\nhelp: consider importing this trait\n    |\n1   + use core::marker::Sync;\n    |\n\nerror[E0405]: cannot find trait `From` in this scope\n   --> /Users/graysonnocera/.cargo/registry/src/index.crates.io-6f17d22bba15001f/crossbeam-utils-0.8.19/src/cache_padded.rs:205:9\n    |\n205 | impl<T> From<T> for CachePadded<T> {\n    |         ^^^^ not found in this scope\n    |\nhelp: consider importing this trait\n    |\n1   + use core::convert::From;\n    |\n\nerror[E0405]: cannot find trait `Default` in this scope\n   --> /Users/graysonnocera/.cargo/registry/src/index.crates.io-6f17d22bba15001f/crossbeam-utils-0.8.19/src/backoff.rs:283:6\n    |\n283 | impl Default for Backoff {\n    |      ^^^^^^^ not found in this scope\n    |\nhelp: consider importing this trait\n    |\n1   + use core::default::Default;\n    |\n\nerror[E0405]: cannot find trait `Sync` in this scope\n  --> /Users/graysonnocera/.cargo/registry/src/index.crates.io-6f17d22bba15001f/crossbeam-utils-0.8.19/src/sync/once_lock.rs:16:29\n   |\n16 | unsafe impl<T: Sync + Send> Sync for OnceLock<T> {}\n   |                             ^^^^ not found in this scope\n   |\nhelp: consider importing this trait\n   |\n5  + use core::marker::Sync;\n   |\n\nerror[E0405]: cannot find trait `Sync` in this scope\n  --> /Users/graysonnocera/.cargo/registry/src/index.crates.io-6f17d22bba15001f/crossbeam-utils-0.8.19/src/sync/once_lock.rs:16:16\n   |\n16 | unsafe impl<T: Sync + Send> Sync for OnceLock<T> {}\n   |                ^^^^ not found in this scope\n   |\nhelp: consider importing this trait\n   |\n5  + use core::marker::Sync;\n   |\n\nerror[E0405]: cannot find trait `Send` in this scope\n  --> /Users/graysonnocera/.cargo/registry/src/index.crates.io-6f17d22bba15001f/crossbeam-utils-0.8.19/src/sync/once_lock.rs:16:23\n   |\n16 | unsafe impl<T: Sync + Send> Sync for OnceLock<T> {}\n   |                       ^^^^ not found in this scope\n   |\nhelp: consider importing this trait\n   |\n5  + use core::marker::Send;\n   |\n\nerror[E0405]: cannot find trait `Send` in this scope\n  --> /Users/graysonnocera/.cargo/registry/src/index.crates.io-6f17d22bba15001f/crossbeam-utils-0.8.19/src/sync/once_lock.rs:17:22\n   |\n17 | unsafe impl<T: Send> Send for OnceLock<T> {}\n   |                      ^^^^ not found in this scope\n   |\nhelp: consider importing this trait\n   |\n5  + use core::marker::Send;\n   |\n\nerror[E0405]: cannot find trait `Send` in this scope\n  --> /Users/graysonnocera/.cargo/registry/src/index.crates.io-6f17d22bba15001f/crossbeam-utils-0.8.19/src/sync/once_lock.rs:17:16\n   |\n17 | unsafe impl<T: Send> Send for OnceLock<T> {}\n   |                ^^^^ not found in this scope\n   |\nhelp: consider importing this trait\n   |\n5  + use core::marker::Send;\n   |\n\nerror[E0405]: cannot find trait `FnOnce` in this scope\n  --> /Users/graysonnocera/.cargo/registry/src/index.crates.io-6f17d22bba15001f/crossbeam-utils-0.8.19/src/sync/once_lock.rs:46:12\n   |\n46 |         F: FnOnce() -> T,\n   |            ^^^^^^ not found in this scope\n   |\nhelp: consider importing this trait\n   |\n5  + use core::ops::FnOnce;\n   |\n\nerror[E0405]: cannot find trait `FnOnce` in this scope\n  --> /Users/graysonnocera/.cargo/registry/src/index.crates.io-6f17d22bba15001f/crossbeam-utils-0.8.19/src/sync/once_lock.rs:62:12\n   |\n62 |         F: FnOnce() -> T,\n   |            ^^^^^^ not found in this scope\n   |\nhelp: consider importing this trait\n   |\n5  + use core::ops::FnOnce;\n   |\n\nerror[E0405]: cannot find trait `Drop` in this scope\n  --> /Users/graysonnocera/.cargo/registry/src/index.crates.io-6f17d22bba15001f/crossbeam-utils-0.8.19/src/sync/once_lock.rs:81:9\n   |\n81 | impl<T> Drop for OnceLock<T> {\n   |         ^^^^ not found in this scope\n   |\nhelp: consider importing this trait\n   |\n5  + use core::ops::Drop;\n   |\n\nerror[E0405]: cannot find trait `Send` in this scope\n  --> /Users/graysonnocera/.cargo/registry/src/index.crates.io-6f17d22bba15001f/crossbeam-utils-0.8.19/src/sync/parker.rs:58:13\n   |\n58 | unsafe impl Send for Parker {}\n   |             ^^^^ not found in this scope\n   |\nhelp: consider importing this trait\n   |\n1  + use core::marker::Send;\n   |\n\nerror[E0405]: cannot find trait `Default` in this scope\n  --> /Users/graysonnocera/.cargo/registry/src/index.crates.io-6f17d22bba15001f/crossbeam-utils-0.8.19/src/sync/parker.rs:60:6\n   |\n60 | impl Default for Parker {\n   |      ^^^^^^^ not found in this scope\n   |\nhelp: consider importing this trait\n   |\n1  + use core::default::Default;\n   |\n\nerror[E0425]: cannot find value `None` in this scope\n   --> /Users/graysonnocera/.cargo/registry/src/index.crates.io-6f17d22bba15001f/crossbeam-utils-0.8.19/src/sync/parker.rs:107:34\n    |\n107 |         self.unparker.inner.park(None);\n    |                                  ^^^^ not found in this scope\n    |\nhelp: consider importing this unit variant\n    |\n1   + use core::option::Option::None;\n    |\n\nerror[E0531]: cannot find tuple struct or tuple variant `Some` in this scope\n   --> /Users/graysonnocera/.cargo/registry/src/index.crates.io-6f17d22bba15001f/crossbeam-utils-0.8.19/src/sync/parker.rs:125:13\n    |\n125 |             Some(deadline) => self.park_deadline(deadline),\n    |             ^^^^ not found in this scope\n    |\nhelp: consider importing this tuple variant\n    |\n1   + use core::option::Option::Some;\n    |\n\nerror[E0425]: cannot find function, tuple struct or tuple variant `Some` in this scope\n   --> /Users/graysonnocera/.cargo/registry/src/index.crates.io-6f17d22bba15001f/crossbeam-utils-0.8.19/src/sync/parker.rs:145:34\n    |\n145 |         self.unparker.inner.park(Some(deadline))\n    |                                  ^^^^ not found in this scope\n    |\nhelp: consider importing this tuple variant\n    |\n1   + use core::option::Option::Some;\n    |\n\nerror[E0405]: cannot find trait `Send` in this scope\n   --> /Users/graysonnocera/.cargo/registry/src/index.crates.io-6f17d22bba15001f/crossbeam-utils-0.8.19/src/sync/parker.rs:221:13\n    |\n221 | unsafe impl Send for Unparker {}\n    |             ^^^^ not found in this scope\n    |\nhelp: consider importing this trait\n    |\n1   + use core::marker::Send;\n    |\n\nerror[E0405]: cannot find trait `Sync` in this scope\n   --> /Users/graysonnocera/.cargo/registry/src/index.crates.io-6f17d22bba15001f/crossbeam-utils-0.8.19/src/sync/parker.rs:222:13\n    |\n222 | unsafe impl Sync for Unparker {}\n    |             ^^^^ not found in this scope\n    |\nhelp: consider importing this trait\n    |\n1   + use core::marker::Sync;\n    |\n\nerror[E0405]: cannot find trait `Clone` in this scope\n   --> /Users/graysonnocera/.cargo/registry/src/index.crates.io-6f17d22bba15001f/crossbeam-utils-0.8.19/src/sync/parker.rs:302:6\n    |\n302 | impl Clone for Unparker {\n    |      ^^^^^ not found in this scope\n    |\nhelp: consider importing this trait\n    |\n1   + use core::clone::Clone;\n    |\n\nerror[E0412]: cannot find type `Option` in this scope\n   --> /Users/graysonnocera/.cargo/registry/src/index.crates.io-6f17d22bba15001f/crossbeam-utils-0.8.19/src/sync/parker.rs:321:30\n    |\n321 |     fn park(&self, deadline: Option<Instant>) {\n    |                              ^^^^^^ not found in this scope\n    |\nhelp: consider importing this enum\n    |\n1   + use core::option::Option;\n    |\n\nerror[E0531]: cannot find tuple struct or tuple variant `Some` in this scope\n   --> /Users/graysonnocera/.cargo/registry/src/index.crates.io-6f17d22bba15001f/crossbeam-utils-0.8.19/src/sync/parker.rs:332:16\n    |\n332 |         if let Some(deadline) = deadline {\n    |                ^^^^ not found in this scope\n    |\nhelp: consider importing this tuple variant\n    |\n1   + use core::option::Option::Some;\n    |\n\nerror[E0531]: cannot find tuple struct or tuple variant `Ok` in this scope\n   --> /Users/graysonnocera/.cargo/registry/src/index.crates.io-6f17d22bba15001f/crossbeam-utils-0.8.19/src/sync/parker.rs:342:13\n    |\n342 |             Ok(_) => {}\n    |             ^^ not found in this scope\n    |\nhelp: consider importing this tuple variant\n    |\n1   + use core::result::Result::Ok;\n    |\n\nerror[E0531]: cannot find tuple struct or tuple variant `Err` in this scope\n   --> /Users/graysonnocera/.cargo/registry/src/index.crates.io-6f17d22bba15001f/crossbeam-utils-0.8.19/src/sync/parker.rs:344:13\n    |\n344 |             Err(NOTIFIED) => {\n    |             ^^^ not found in this scope\n    |\nhelp: consider importing this tuple variant\n    |\n1   + use core::result::Result::Err;\n    |\n\nerror[E0531]: cannot find tuple struct or tuple variant `Err` in this scope\n   --> /Users/graysonnocera/.cargo/registry/src/index.crates.io-6f17d22bba15001f/crossbeam-utils-0.8.19/src/sync/parker.rs:354:13\n    |\n354 |             Err(n) => panic!(\"inconsistent park_timeout state: {}\", n),\n    |             ^^^ not found in this scope\n    |\nhelp: consider importing this tuple variant\n    |\n1   + use core::result::Result::Err;\n    |\n\nerror[E0531]: cannot find tuple struct or tuple variant `Some` in this scope\n   --> /Users/graysonnocera/.cargo/registry/src/index.crates.io-6f17d22bba15001f/crossbeam-utils-0.8.19/src/sync/parker.rs:361:17\n    |\n361 |                 Some(deadline) => {\n    |                 ^^^^ not found in this scope\n    |\nhelp: consider importing this tuple variant\n    |\n1   + use core::option::Option::Some;\n    |\n\nerror[E0425]: cannot find function `drop` in this scope\n   --> /Users/graysonnocera/.cargo/registry/src/index.crates.io-6f17d22bba15001f/crossbeam-utils-0.8.19/src/sync/parker.rs:412:9\n    |\n412 |         drop(self.lock.lock().unwrap());\n    |         ^^^^ not found in this scope\n    |\nhelp: consider importing this function\n    |\n1   + use core::mem::drop;\n    |\n\nerror[E0412]: cannot find type `Option` in this scope\n  --> /Users/graysonnocera/.cargo/registry/src/index.crates.io-6f17d22bba15001f/crossbeam-utils-0.8.19/src/sync/sharded_lock.rs:27:29\n   |\n27 |     write_guard: UnsafeCell<Option<RwLockWriteGuard<'static, ()>>>,\n   |                             ^^^^^^ not found in this scope\n   |\nhelp: consider importing this enum\n   |\n1  + use core::option::Option;\n   |\n\nerror[E0405]: cannot find trait `Sized` in this scope\n  --> /Users/graysonnocera/.cargo/registry/src/index.crates.io-6f17d22bba15001f/crossbeam-utils-0.8.19/src/sync/sharded_lock.rs:76:28\n   |\n76 | pub struct ShardedLock<T: ?Sized> {\n   |                            ^^^^^ not found in this scope\n   |\nhelp: consider importing this trait\n   |\n1  + use core::marker::Sized;\n   |\n\nerror[E0412]: cannot find type `Box` in this scope\n  --> /Users/graysonnocera/.cargo/registry/src/index.crates.io-6f17d22bba15001f/crossbeam-utils-0.8.19/src/sync/sharded_lock.rs:78:13\n   |\n78 |     shards: Box<[CachePadded<Shard>]>,\n   |             ^^^ not found in this scope\n\nerror[E0405]: cannot find trait `Send` in this scope\n  --> /Users/graysonnocera/.cargo/registry/src/index.crates.io-6f17d22bba15001f/crossbeam-utils-0.8.19/src/sync/sharded_lock.rs:84:31\n   |\n84 | unsafe impl<T: ?Sized + Send> Send for ShardedLock<T> {}\n   |                               ^^^^ not found in this scope\n   |\nhelp: consider importing this trait\n   |\n1  + use core::marker::Send;\n   |\n\nerror[E0405]: cannot find trait `Sized` in this scope\n  --> /Users/graysonnocera/.cargo/registry/src/index.crates.io-6f17d22bba15001f/crossbeam-utils-0.8.19/src/sync/sharded_lock.rs:84:17\n   |\n84 | unsafe impl<T: ?Sized + Send> Send for ShardedLock<T> {}\n   |                 ^^^^^ not found in this scope\n   |\nhelp: consider importing this trait\n   |\n1  + use core::marker::Sized;\n   |\n\nerror[E0405]: cannot find trait `Send` in this scope\n  --> /Users/graysonnocera/.cargo/registry/src/index.crates.io-6f17d22bba15001f/crossbeam-utils-0.8.19/src/sync/sharded_lock.rs:84:25\n   |\n84 | unsafe impl<T: ?Sized + Send> Send for ShardedLock<T> {}\n   |                         ^^^^ not found in this scope\n   |\nhelp: consider importing this trait\n   |\n1  + use core::marker::Send;\n   |\n\nerror[E0405]: cannot find trait `Sync` in this scope\n  --> /Users/graysonnocera/.cargo/registry/src/index.crates.io-6f17d22bba15001f/crossbeam-utils-0.8.19/src/sync/sharded_lock.rs:85:38\n   |\n85 | unsafe impl<T: ?Sized + Send + Sync> Sync for ShardedLock<T> {}\n   |                                      ^^^^ not found in this scope\n   |\nhelp: consider importing this trait\n   |\n1  + use core::marker::Sync;\n   |\n\nerror[E0405]: cannot find trait `Sized` in this scope\n  --> /Users/graysonnocera/.cargo/registry/src/index.crates.io-6f17d22bba15001f/crossbeam-utils-0.8.19/src/sync/sharded_lock.rs:85:17\n   |\n85 | unsafe impl<T: ?Sized + Send + Sync> Sync for ShardedLock<T> {}\n   |                 ^^^^^ not found in this scope\n   |\nhelp: consider importing this trait\n   |\n1  + use core::marker::Sized;\n   |\n\nerror[E0405]: cannot find trait `Send` in this scope\n  --> /Users/graysonnocera/.cargo/registry/src/index.crates.io-6f17d22bba15001f/crossbeam-utils-0.8.19/src/sync/sharded_lock.rs:85:25\n   |\n85 | unsafe impl<T: ?Sized + Send + Sync> Sync for ShardedLock<T> {}\n   |                         ^^^^ not found in this scope\n   |\nhelp: consider importing this trait\n   |\n1  + use core::marker::Send;\n   |\n\nerror[E0405]: cannot find trait `Sync` in this scope\n  --> /Users/graysonnocera/.cargo/registry/src/index.crates.io-6f17d22bba15001f/crossbeam-utils-0.8.19/src/sync/sharded_lock.rs:85:32\n   |\n85 | unsafe impl<T: ?Sized + Send + Sync> Sync for ShardedLock<T> {}\n   |                                ^^^^ not found in this scope\n   |\nhelp: consider importing this trait\n   |\n1  + use core::marker::Sync;\n   |\n\nerror[E0405]: cannot find trait `Sized` in this scope\n  --> /Users/graysonnocera/.cargo/registry/src/index.crates.io-6f17d22bba15001f/crossbeam-utils-0.8.19/src/sync/sharded_lock.rs:87:10\n   |\n87 | impl<T: ?Sized> UnwindSafe for ShardedLock<T> {}\n   |          ^^^^^ not found in this scope\n   |\nhelp: consider importing this trait\n   |\n1  + use core::marker::Sized;\n   |\n\nerror[E0405]: cannot find trait `Sized` in this scope\n  --> /Users/graysonnocera/.cargo/registry/src/index.crates.io-6f17d22bba15001f/crossbeam-utils-0.8.19/src/sync/sharded_lock.rs:88:10\n   |\n88 | impl<T: ?Sized> RefUnwindSafe for ShardedLock<T> {}\n   |          ^^^^^ not found in this scope\n   |\nhelp: consider importing this trait\n   |\n1  + use core::marker::Sized;\n   |\n\nerror[E0425]: cannot find value `None` in this scope\n   --> /Users/graysonnocera/.cargo/registry/src/index.crates.io-6f17d22bba15001f/crossbeam-utils-0.8.19/src/sync/sharded_lock.rs:106:54\n    |\n106 |                         write_guard: UnsafeCell::new(None),\n    |                                                      ^^^^ not found in this scope\n    |\nhelp: consider importing this unit variant\n    |\n1   + use core::option::Option::None;\n    |\n\nerror[E0412]: cannot find type `Box` in this scope\n   --> /Users/graysonnocera/.cargo/registry/src/index.crates.io-6f17d22bba15001f/crossbeam-utils-0.8.19/src/sync/sharded_lock.rs:109:28\n    |\n109 |                 .collect::<Box<[_]>>(),\n    |                            ^^^ not found in this scope\n\nerror[E0425]: cannot find function, tuple struct or tuple variant `Err` in this scope\n   --> /Users/graysonnocera/.cargo/registry/src/index.crates.io-6f17d22bba15001f/crossbeam-utils-0.8.19/src/sync/sharded_lock.rs:138:13\n    |\n138 |             Err(PoisonError::new(inner))\n    |             ^^^ not found in this scope\n    |\nhelp: consider importing this tuple variant\n    |\n1   + use core::result::Result::Err;\n    |\n\nerror[E0425]: cannot find function, tuple struct or tuple variant `Ok` in this scope\n   --> /Users/graysonnocera/.cargo/registry/src/index.crates.io-6f17d22bba15001f/crossbeam-utils-0.8.19/src/sync/sharded_lock.rs:140:13\n    |\n140 |             Ok(inner)\n    |             ^^ not found in this scope\n    |\nhelp: consider importing this tuple variant\n    |\n1   + use core::result::Result::Ok;\n    |\n\nerror[E0405]: cannot find trait `Sized` in this scope\n   --> /Users/graysonnocera/.cargo/registry/src/index.crates.io-6f17d22bba15001f/crossbeam-utils-0.8.19/src/sync/sharded_lock.rs:145:10\n    |\n145 | impl<T: ?Sized> ShardedLock<T> {\n    |          ^^^^^ not found in this scope\n    |\nhelp: consider importing this trait\n    |\n1   + use core::marker::Sized;\n    |\n\nerror[E0425]: cannot find function, tuple struct or tuple variant `Err` in this scope\n   --> /Users/graysonnocera/.cargo/registry/src/index.crates.io-6f17d22bba15001f/crossbeam-utils-0.8.19/src/sync/sharded_lock.rs:194:13\n    |\n194 |             Err(PoisonError::new(inner))\n    |             ^^^ not found in this scope\n    |\nhelp: consider importing this tuple variant\n    |\n1   + use core::result::Result::Err;\n    |\n\nerror[E0425]: cannot find function, tuple struct or tuple variant `Ok` in this scope\n   --> /Users/graysonnocera/.cargo/registry/src/index.crates.io-6f17d22bba15001f/crossbeam-utils-0.8.19/src/sync/sharded_lock.rs:196:13\n    |\n196 |             Ok(inner)\n    |             ^^ not found in this scope\n    |\nhelp: consider importing this tuple variant\n    |\n1   + use core::result::Result::Ok;\n    |\n\nerror[E0531]: cannot find tuple struct or tuple variant `Ok` in this scope\n   --> /Users/graysonnocera/.cargo/registry/src/index.crates.io-6f17d22bba15001f/crossbeam-utils-0.8.19/src/sync/sharded_lock.rs:231:13\n    |\n231 |             Ok(guard) => Ok(ShardedLockReadGuard {\n    |             ^^ not found in this scope\n    |\nhelp: consider importing this tuple variant\n    |\n1   + use core::result::Result::Ok;\n    |\n\nerror[E0425]: cannot find function, tuple struct or tuple variant `Ok` in this scope\n   --> /Users/graysonnocera/.cargo/registry/src/index.crates.io-6f17d22bba15001f/crossbeam-utils-0.8.19/src/sync/sharded_lock.rs:231:26\n    |\n231 |             Ok(guard) => Ok(ShardedLockReadGuard {\n    |                          ^^ not found in this scope\n    |\nhelp: consider importing this tuple variant\n    |\n1   + use core::result::Result::Ok;\n    |\n\nerror[E0531]: cannot find tuple struct or tuple variant `Err` in this scope\n   --> /Users/graysonnocera/.cargo/registry/src/index.crates.io-6f17d22bba15001f/crossbeam-utils-0.8.19/src/sync/sharded_lock.rs:236:13\n    |\n236 |             Err(TryLockError::Poisoned(err)) => {\n    |             ^^^ not found in this scope\n    |\nhelp: consider importing this tuple variant\n    |\n1   + use core::result::Result::Err;\n    |\n\nerror[E0425]: cannot find function, tuple struct or tuple variant `Err` in this scope\n   --> /Users/graysonnocera/.cargo/registry/src/index.crates.io-6f17d22bba15001f/crossbeam-utils-0.8.19/src/sync/sharded_lock.rs:242:17\n    |\n242 |                 Err(TryLockError::Poisoned(PoisonError::new(guard)))\n    |                 ^^^\n    |\nhelp: a local variable with a similar name exists\n    |\n242 |                 err(TryLockError::Poisoned(PoisonError::new(guard)))\n    |                 ~~~\nhelp: consider importing this tuple variant\n    |\n1   + use core::result::Result::Err;\n    |\n\nerror[E0531]: cannot find tuple struct or tuple variant `Err` in this scope\n   --> /Users/graysonnocera/.cargo/registry/src/index.crates.io-6f17d22bba15001f/crossbeam-utils-0.8.19/src/sync/sharded_lock.rs:244:13\n    |\n244 |             Err(TryLockError::WouldBlock) => Err(TryLockError::WouldBlock),\n    |             ^^^ not found in this scope\n    |\nhelp: consider importing this tuple variant\n    |\n1   + use core::result::Result::Err;\n    |\n\nerror[E0425]: cannot find function, tuple struct or tuple variant `Err` in this scope\n   --> /Users/graysonnocera/.cargo/registry/src/index.crates.io-6f17d22bba15001f/crossbeam-utils-0.8.19/src/sync/sharded_lock.rs:244:46\n    |\n244 |             Err(TryLockError::WouldBlock) => Err(TryLockError::WouldBlock),\n    |                                              ^^^ not found in this scope\n    |\nhelp: consider importing this tuple variant\n    |\n1   + use core::result::Result::Err;\n    |\n\nerror[E0531]: cannot find tuple struct or tuple variant `Ok` in this scope\n   --> /Users/graysonnocera/.cargo/registry/src/index.crates.io-6f17d22bba15001f/crossbeam-utils-0.8.19/src/sync/sharded_lock.rs:291:13\n    |\n291 |             Ok(guard) => Ok(ShardedLockReadGuard {\n    |             ^^ not found in this scope\n    |\nhelp: consider importing this tuple variant\n    |\n1   + use core::result::Result::Ok;\n    |\n\nerror[E0425]: cannot find function, tuple struct or tuple variant `Ok` in this scope\n   --> /Users/graysonnocera/.cargo/registry/src/index.crates.io-6f17d22bba15001f/crossbeam-utils-0.8.19/src/sync/sharded_lock.rs:291:26\n    |\n291 |             Ok(guard) => Ok(ShardedLockReadGuard {\n    |                          ^^ not found in this scope\n    |\nhelp: consider importing this tuple variant\n    |\n1   + use core::result::Result::Ok;\n    |\n\nerror[E0531]: cannot find tuple struct or tuple variant `Err` in this scope\n   --> /Users/graysonnocera/.cargo/registry/src/index.crates.io-6f17d22bba15001f/crossbeam-utils-0.8.19/src/sync/sharded_lock.rs:296:13\n    |\n296 |             Err(err) => Err(PoisonError::new(ShardedLockReadGuard {\n    |             ^^^ not found in this scope\n    |\nhelp: consider importing this tuple variant\n    |\n1   + use core::result::Result::Err;\n    |\n\nerror[E0425]: cannot find function, tuple struct or tuple variant `Err` in this scope\n   --> /Users/graysonnocera/.cargo/registry/src/index.crates.io-6f17d22bba15001f/crossbeam-utils-0.8.19/src/sync/sharded_lock.rs:296:25\n    |\n296 |             Err(err) => Err(PoisonError::new(ShardedLockReadGuard {\n    |                         ^^^\n    |\nhelp: a local variable with a similar name exists\n    |\n296 |             Err(err) => err(PoisonError::new(ShardedLockReadGuard {\n    |                         ~~~\nhelp: consider importing this tuple variant\n    |\n1   + use core::result::Result::Err;\n    |\n\nerror[E0425]: cannot find value `None` in this scope\n   --> /Users/graysonnocera/.cargo/registry/src/index.crates.io-6f17d22bba15001f/crossbeam-utils-0.8.19/src/sync/sharded_lock.rs:330:27\n    |\n330 |         let mut blocked = None;\n    |                           ^^^^ not found in this scope\n    |\nhelp: consider importing this unit variant\n    |\n1   + use core::option::Option::None;\n    |\n\nerror[E0531]: cannot find tuple struct or tuple variant `Ok` in this scope\n   --> /Users/graysonnocera/.cargo/registry/src/index.crates.io-6f17d22bba15001f/crossbeam-utils-0.8.19/src/sync/sharded_lock.rs:335:17\n    |\n335 |                 Ok(guard) => guard,\n    |                 ^^ not found in this scope\n    |\nhelp: consider importing this tuple variant\n    |\n1   + use core::result::Result::Ok;\n    |\n\nerror[E0531]: cannot find tuple struct or tuple variant `Err` in this scope\n   --> /Users/graysonnocera/.cargo/registry/src/index.crates.io-6f17d22bba15001f/crossbeam-utils-0.8.19/src/sync/sharded_lock.rs:336:17\n    |\n336 |                 Err(TryLockError::Poisoned(err)) => {\n    |                 ^^^ not found in this scope\n    |\nhelp: consider importing this tuple variant\n    |\n1   + use core::result::Result::Err;\n    |\n\nerror[E0531]: cannot find tuple struct or tuple variant `Err` in this scope\n   --> /Users/graysonnocera/.cargo/registry/src/index.crates.io-6f17d22bba15001f/crossbeam-utils-0.8.19/src/sync/sharded_lock.rs:340:17\n    |\n340 |                 Err(TryLockError::WouldBlock) => {\n    |                 ^^^ not found in this scope\n    |\nhelp: consider importing this tuple variant\n    |\n1   + use core::result::Result::Err;\n    |\n\nerror[E0425]: cannot find function, tuple struct or tuple variant `Some` in this scope\n   --> /Users/graysonnocera/.cargo/registry/src/index.crates.io-6f17d22bba15001f/crossbeam-utils-0.8.19/src/sync/sharded_lock.rs:341:31\n    |\n341 |                     blocked = Some(i);\n    |                               ^^^^ not found in this scope\n    |\nhelp: consider importing this tuple variant\n    |\n1   + use core::option::Option::Some;\n    |\n\nerror[E0425]: cannot find function, tuple struct or tuple variant `Some` in this scope\n   --> /Users/graysonnocera/.cargo/registry/src/index.crates.io-6f17d22bba15001f/crossbeam-utils-0.8.19/src/sync/sharded_lock.rs:350:25\n    |\n350 |                 *dest = Some(guard);\n    |                         ^^^^ not found in this scope\n    |\nhelp: consider importing this tuple variant\n    |\n1   + use core::option::Option::Some;\n    |\n\nerror[E0531]: cannot find tuple struct or tuple variant `Some` in this scope\n   --> /Users/graysonnocera/.cargo/registry/src/index.crates.io-6f17d22bba15001f/crossbeam-utils-0.8.19/src/sync/sharded_lock.rs:354:16\n    |\n354 |         if let Some(i) = blocked {\n    |                ^^^^ not found in this scope\n    |\nhelp: consider importing this tuple variant\n    |\n1   + use core::option::Option::Some;\n    |\n\nerror[E0425]: cannot find function `drop` in this scope\n   --> /Users/graysonnocera/.cargo/registry/src/index.crates.io-6f17d22bba15001f/crossbeam-utils-0.8.19/src/sync/sharded_lock.rs:360:21\n    |\n360 |                     drop(guard);\n    |                     ^^^^ not found in this scope\n    |\nhelp: consider importing this function\n    |\n1   + use core::mem::drop;\n    |\n\nerror[E0425]: cannot find function, tuple struct or tuple variant `Err` in this scope\n   --> /Users/graysonnocera/.cargo/registry/src/index.crates.io-6f17d22bba15001f/crossbeam-utils-0.8.19/src/sync/sharded_lock.rs:363:13\n    |\n363 |             Err(TryLockError::WouldBlock)\n    |             ^^^ not found in this scope\n    |\nhelp: consider importing this tuple variant\n    |\n1   + use core::result::Result::Err;\n    |\n\nerror[E0425]: cannot find function, tuple struct or tuple variant `Err` in this scope\n   --> /Users/graysonnocera/.cargo/registry/src/index.crates.io-6f17d22bba15001f/crossbeam-utils-0.8.19/src/sync/sharded_lock.rs:369:13\n    |\n369 |             Err(TryLockError::Poisoned(PoisonError::new(guard)))\n    |             ^^^ not found in this scope\n    |\nhelp: consider importing this tuple variant\n    |\n1   + use core::result::Result::Err;\n    |\n\nerror[E0425]: cannot find function, tuple struct or tuple variant `Ok` in this scope\n   --> /Users/graysonnocera/.cargo/registry/src/index.crates.io-6f17d22bba15001f/crossbeam-utils-0.8.19/src/sync/sharded_lock.rs:371:13\n    |\n371 |             Ok(ShardedLockWriteGuard {\n    |             ^^ not found in this scope\n    |\nhelp: consider importing this tuple variant\n    |\n1   + use core::result::Result::Ok;\n    |\n\nerror[E0531]: cannot find tuple struct or tuple variant `Ok` in this scope\n   --> /Users/graysonnocera/.cargo/registry/src/index.crates.io-6f17d22bba15001f/crossbeam-utils-0.8.19/src/sync/sharded_lock.rs:414:17\n    |\n414 |                 Ok(guard) => guard,\n    |                 ^^ not found in this scope\n    |\nhelp: consider importing this tuple variant\n    |\n1   + use core::result::Result::Ok;\n    |\n\nerror[E0531]: cannot find tuple struct or tuple variant `Err` in this scope\n   --> /Users/graysonnocera/.cargo/registry/src/index.crates.io-6f17d22bba15001f/crossbeam-utils-0.8.19/src/sync/sharded_lock.rs:415:17\n    |\n415 |                 Err(err) => {\n    |                 ^^^ not found in this scope\n    |\nhelp: consider importing this tuple variant\n    |\n1   + use core::result::Result::Err;\n    |\n\nerror[E0425]: cannot find function, tuple struct or tuple variant `Some` in this scope\n   --> /Users/graysonnocera/.cargo/registry/src/index.crates.io-6f17d22bba15001f/crossbeam-utils-0.8.19/src/sync/sharded_lock.rs:426:25\n    |\n426 |                 *dest = Some(guard);\n    |                         ^^^^ not found in this scope\n    |\nhelp: consider importing this tuple variant\n    |\n1   + use core::option::Option::Some;\n    |\n\nerror[E0425]: cannot find function, tuple struct or tuple variant `Err` in this scope\n   --> /Users/graysonnocera/.cargo/registry/src/index.crates.io-6f17d22bba15001f/crossbeam-utils-0.8.19/src/sync/sharded_lock.rs:431:13\n    |\n431 |             Err(PoisonError::new(ShardedLockWriteGuard {\n    |             ^^^ not found in this scope\n    |\nhelp: consider importing this tuple variant\n    |\n1   + use core::result::Result::Err;\n    |\n\nerror[E0425]: cannot find function, tuple struct or tuple variant `Ok` in this scope\n   --> /Users/graysonnocera/.cargo/registry/src/index.crates.io-6f17d22bba15001f/crossbeam-utils-0.8.19/src/sync/sharded_lock.rs:436:13\n    |\n436 |             Ok(ShardedLockWriteGuard {\n    |             ^^ not found in this scope\n    |\nhelp: consider importing this tuple variant\n    |\n1   + use core::result::Result::Ok;\n    |\n\nerror[E0405]: cannot find trait `Sized` in this scope\n   --> /Users/graysonnocera/.cargo/registry/src/index.crates.io-6f17d22bba15001f/crossbeam-utils-0.8.19/src/sync/sharded_lock.rs:444:10\n    |\n444 | impl<T: ?Sized + fmt::Debug> fmt::Debug for ShardedLock<T> {\n    |          ^^^^^ not found in this scope\n    |\nhelp: consider importing this trait\n    |\n1   + use core::marker::Sized;\n    |\n\nerror[E0531]: cannot find tuple struct or tuple variant `Ok` in this scope\n   --> /Users/graysonnocera/.cargo/registry/src/index.crates.io-6f17d22bba15001f/crossbeam-utils-0.8.19/src/sync/sharded_lock.rs:447:13\n    |\n447 |             Ok(guard) => f\n    |             ^^ not found in this scope\n    |\nhelp: consider importing this tuple variant\n    |\n1   + use core::result::Result::Ok;\n    |\n\nerror[E0531]: cannot find tuple struct or tuple variant `Err` in this scope\n   --> /Users/graysonnocera/.cargo/registry/src/index.crates.io-6f17d22bba15001f/crossbeam-utils-0.8.19/src/sync/sharded_lock.rs:451:13\n    |\n451 |             Err(TryLockError::Poisoned(err)) => f\n    |             ^^^ not found in this scope\n    |\nhelp: consider importing this tuple variant\n    |\n1   + use core::result::Result::Err;\n    |\n\nerror[E0531]: cannot find tuple struct or tuple variant `Err` in this scope\n   --> /Users/graysonnocera/.cargo/registry/src/index.crates.io-6f17d22bba15001f/crossbeam-utils-0.8.19/src/sync/sharded_lock.rs:455:13\n    |\n455 |             Err(TryLockError::WouldBlock) => {\n    |             ^^^ not found in this scope\n    |\nhelp: consider importing this tuple variant\n    |\n1   + use core::result::Result::Err;\n    |\n\nerror[E0405]: cannot find trait `Default` in this scope\n   --> /Users/graysonnocera/.cargo/registry/src/index.crates.io-6f17d22bba15001f/crossbeam-utils-0.8.19/src/sync/sharded_lock.rs:470:18\n    |\n470 | impl<T: Default> Default for ShardedLock<T> {\n    |                  ^^^^^^^ not found in this scope\n    |\nhelp: consider importing this trait\n    |\n1   + use core::default::Default;\n    |\n\nerror[E0405]: cannot find trait `Default` in this scope\n   --> /Users/graysonnocera/.cargo/registry/src/index.crates.io-6f17d22bba15001f/crossbeam-utils-0.8.19/src/sync/sharded_lock.rs:470:9\n    |\n470 | impl<T: Default> Default for ShardedLock<T> {\n    |         ^^^^^^^ not found in this scope\n    |\nhelp: consider importing this trait\n    |\n1   + use core::default::Default;\n    |\n\nerror[E0433]: failed to resolve: use of undeclared type `Default`\n   --> /Users/graysonnocera/.cargo/registry/src/index.crates.io-6f17d22bba15001f/crossbeam-utils-0.8.19/src/sync/sharded_lock.rs:472:26\n    |\n472 |         ShardedLock::new(Default::default())\n    |                          ^^^^^^^ use of undeclared type `Default`\n    |\nhelp: consider importing this trait\n    |\n1   + use core::default::Default;\n    |\n\nerror[E0405]: cannot find trait `From` in this scope\n   --> /Users/graysonnocera/.cargo/registry/src/index.crates.io-6f17d22bba15001f/crossbeam-utils-0.8.19/src/sync/sharded_lock.rs:476:9\n    |\n476 | impl<T> From<T> for ShardedLock<T> {\n    |         ^^^^ not found in this scope\n    |\nhelp: consider importing this trait\n    |\n1   + use core::convert::From;\n    |\n\nerror[E0405]: cannot find trait `Sized` in this scope\n   --> /Users/graysonnocera/.cargo/registry/src/index.crates.io-6f17d22bba15001f/crossbeam-utils-0.8.19/src/sync/sharded_lock.rs:484:41\n    |\n484 | pub struct ShardedLockReadGuard<'a, T: ?Sized> {\n    |                                         ^^^^^ not found in this scope\n    |\nhelp: consider importing this trait\n    |\n1   + use core::marker::Sized;\n    |\n\nerror[E0405]: cannot find trait `Sync` in this scope\n   --> /Users/graysonnocera/.cargo/registry/src/index.crates.io-6f17d22bba15001f/crossbeam-utils-0.8.19/src/sync/sharded_lock.rs:490:31\n    |\n490 | unsafe impl<T: ?Sized + Sync> Sync for ShardedLockReadGuard<'_, T> {}\n    |                               ^^^^ not found in this scope\n    |\nhelp: consider importing this trait\n    |\n1   + use core::marker::Sync;\n    |\n\nerror[E0405]: cannot find trait `Sized` in this scope\n   --> /Users/graysonnocera/.cargo/registry/src/index.crates.io-6f17d22bba15001f/crossbeam-utils-0.8.19/src/sync/sharded_lock.rs:490:17\n    |\n490 | unsafe impl<T: ?Sized + Sync> Sync for ShardedLockReadGuard<'_, T> {}\n    |                 ^^^^^ not found in this scope\n    |\nhelp: consider importing this trait\n    |\n1   + use core::marker::Sized;\n    |\n\nerror[E0405]: cannot find trait `Sync` in this scope\n   --> /Users/graysonnocera/.cargo/registry/src/index.crates.io-6f17d22bba15001f/crossbeam-utils-0.8.19/src/sync/sharded_lock.rs:490:25\n    |\n490 | unsafe impl<T: ?Sized + Sync> Sync for ShardedLockReadGuard<'_, T> {}\n    |                         ^^^^ not found in this scope\n    |\nhelp: consider importing this trait\n    |\n1   + use core::marker::Sync;\n    |\n\nerror[E0405]: cannot find trait `Sized` in this scope\n   --> /Users/graysonnocera/.cargo/registry/src/index.crates.io-6f17d22bba15001f/crossbeam-utils-0.8.19/src/sync/sharded_lock.rs:492:10\n    |\n492 | impl<T: ?Sized> Deref for ShardedLockReadGuard<'_, T> {\n    |          ^^^^^ not found in this scope\n    |\nhelp: consider importing this trait\n    |\n1   + use core::marker::Sized;\n    |\n\nerror[E0405]: cannot find trait `Sized` in this scope\n   --> /Users/graysonnocera/.cargo/registry/src/index.crates.io-6f17d22bba15001f/crossbeam-utils-0.8.19/src/sync/sharded_lock.rs:508:10\n    |\n508 | impl<T: ?Sized + fmt::Display> fmt::Display for ShardedLockReadGuard<'_, T> {\n    |          ^^^^^ not found in this scope\n    |\nhelp: consider importing this trait\n    |\n1   + use core::marker::Sized;\n    |\n\nerror[E0405]: cannot find trait `Sized` in this scope\n   --> /Users/graysonnocera/.cargo/registry/src/index.crates.io-6f17d22bba15001f/crossbeam-utils-0.8.19/src/sync/sharded_lock.rs:516:42\n    |\n516 | pub struct ShardedLockWriteGuard<'a, T: ?Sized> {\n    |                                          ^^^^^ not found in this scope\n    |\nhelp: consider importing this trait\n    |\n1   + use core::marker::Sized;\n    |\n\nerror[E0405]: cannot find trait `Sync` in this scope\n   --> /Users/graysonnocera/.cargo/registry/src/index.crates.io-6f17d22bba15001f/crossbeam-utils-0.8.19/src/sync/sharded_lock.rs:521:31\n    |\n521 | unsafe impl<T: ?Sized + Sync> Sync for ShardedLockWriteGuard<'_, T> {}\n    |                               ^^^^ not found in this scope\n    |\nhelp: consider importing this trait\n    |\n1   + use core::marker::Sync;\n    |\n\nerror[E0405]: cannot find trait `Sized` in this scope\n   --> /Users/graysonnocera/.cargo/registry/src/index.crates.io-6f17d22bba15001f/crossbeam-utils-0.8.19/src/sync/sharded_lock.rs:521:17\n    |\n521 | unsafe impl<T: ?Sized + Sync> Sync for ShardedLockWriteGuard<'_, T> {}\n    |                 ^^^^^ not found in this scope\n    |\nhelp: consider importing this trait\n    |\n1   + use core::marker::Sized;\n    |\n\nerror[E0405]: cannot find trait `Sync` in this scope\n   --> /Users/graysonnocera/.cargo/registry/src/index.crates.io-6f17d22bba15001f/crossbeam-utils-0.8.19/src/sync/sharded_lock.rs:521:25\n    |\n521 | unsafe impl<T: ?Sized + Sync> Sync for ShardedLockWriteGuard<'_, T> {}\n    |                         ^^^^ not found in this scope\n    |\nhelp: consider importing this trait\n    |\n1   + use core::marker::Sync;\n    |\n\nerror[E0405]: cannot find trait `Drop` in this scope\n   --> /Users/graysonnocera/.cargo/registry/src/index.crates.io-6f17d22bba15001f/crossbeam-utils-0.8.19/src/sync/sharded_lock.rs:523:17\n    |\n523 | impl<T: ?Sized> Drop for ShardedLockWriteGuard<'_, T> {\n    |                 ^^^^ not found in this scope\n    |\nhelp: consider importing this trait\n    |\n1   + use core::ops::Drop;\n    |\n\nerror[E0405]: cannot find trait `Sized` in this scope\n   --> /Users/graysonnocera/.cargo/registry/src/index.crates.io-6f17d22bba15001f/crossbeam-utils-0.8.19/src/sync/sharded_lock.rs:523:10\n    |\n523 | impl<T: ?Sized> Drop for ShardedLockWriteGuard<'_, T> {\n    |          ^^^^^ not found in this scope\n    |\nhelp: consider importing this trait\n    |\n1   + use core::marker::Sized;\n    |\n\nerror[E0425]: cannot find function `drop` in this scope\n   --> /Users/graysonnocera/.cargo/registry/src/index.crates.io-6f17d22bba15001f/crossbeam-utils-0.8.19/src/sync/sharded_lock.rs:530:17\n    |\n530 |                 drop(guard);\n    |                 ^^^^ not found in this scope\n    |\nhelp: consider using the method on `Self`\n    |\n530 |                 self.drop(guard);\n    |                 +++++\nhelp: consider importing this function\n    |\n1   + use core::mem::drop;\n    |\n\nerror[E0405]: cannot find trait `Sized` in this scope\n   --> /Users/graysonnocera/.cargo/registry/src/index.crates.io-6f17d22bba15001f/crossbeam-utils-0.8.19/src/sync/sharded_lock.rs:544:10\n    |\n544 | impl<T: ?Sized + fmt::Display> fmt::Display for ShardedLockWriteGuard<'_, T> {\n    |          ^^^^^ not found in this scope\n    |\nhelp: consider importing this trait\n    |\n1   + use core::marker::Sized;\n    |\n\nerror[E0405]: cannot find trait `Sized` in this scope\n   --> /Users/graysonnocera/.cargo/registry/src/index.crates.io-6f17d22bba15001f/crossbeam-utils-0.8.19/src/sync/sharded_lock.rs:550:10\n    |\n550 | impl<T: ?Sized> Deref for ShardedLockWriteGuard<'_, T> {\n    |          ^^^^^ not found in this scope\n    |\nhelp: consider importing this trait\n    |\n1   + use core::marker::Sized;\n    |\n\nerror[E0405]: cannot find trait `Sized` in this scope\n   --> /Users/graysonnocera/.cargo/registry/src/index.crates.io-6f17d22bba15001f/crossbeam-utils-0.8.19/src/sync/sharded_lock.rs:558:10\n    |\n558 | impl<T: ?Sized> DerefMut for ShardedLockWriteGuard<'_, T> {\n    |          ^^^^^ not found in this scope\n    |\nhelp: consider importing this trait\n    |\n1   + use core::marker::Sized;\n    |\n\nerror[E0412]: cannot find type `Option` in this scope\n   --> /Users/graysonnocera/.cargo/registry/src/index.crates.io-6f17d22bba15001f/crossbeam-utils-0.8.19/src/sync/sharded_lock.rs:572:23\n    |\n572 | fn current_index() -> Option<usize> {\n    |                       ^^^^^^ not found in this scope\n    |\nhelp: consider importing this enum\n    |\n1   + use core::option::Option;\n    |\n\nerror[E0425]: cannot find value `REGISTRATION` in this scope\n   --> /Users/graysonnocera/.cargo/registry/src/index.crates.io-6f17d22bba15001f/crossbeam-utils-0.8.19/src/sync/sharded_lock.rs:573:5\n    |\n573 |     REGISTRATION.try_with(|reg| reg.index).ok()\n    |     ^^^^^^^^^^^^ not found in this scope\n\nerror[E0412]: cannot find type `Vec` in this scope\n   --> /Users/graysonnocera/.cargo/registry/src/index.crates.io-6f17d22bba15001f/crossbeam-utils-0.8.19/src/sync/sharded_lock.rs:582:16\n    |\n582 |     free_list: Vec<usize>,\n    |                ^^^ not found in this scope\n\nerror[E0405]: cannot find trait `Drop` in this scope\n   --> /Users/graysonnocera/.cargo/registry/src/index.crates.io-6f17d22bba15001f/crossbeam-utils-0.8.19/src/sync/sharded_lock.rs:608:6\n    |\n608 | impl Drop for Registration {\n    |      ^^^^ not found in this scope\n    |\nhelp: consider importing this trait\n    |\n1   + use core::ops::Drop;\n    |\n\nerror[E0405]: cannot find trait `Default` in this scope\n  --> /Users/graysonnocera/.cargo/registry/src/index.crates.io-6f17d22bba15001f/crossbeam-utils-0.8.19/src/sync/wait_group.rs:56:6\n   |\n56 | impl Default for WaitGroup {\n   |      ^^^^^^^ not found in this scope\n   |\nhelp: consider importing this trait\n   |\n1  + use core::default::Default;\n   |\n\nerror[E0425]: cannot find function `drop` in this scope\n   --> /Users/graysonnocera/.cargo/registry/src/index.crates.io-6f17d22bba15001f/crossbeam-utils-0.8.19/src/sync/wait_group.rs:109:9\n    |\n109 |         drop(self);\n    |         ^^^^\n    |\nhelp: try calling `drop` as a method\n    |\n109 |         self.drop();\n    |         ~~~~~~~~~~~\nhelp: consider importing this function\n    |\n1   + use core::mem::drop;\n    |\n\nerror[E0405]: cannot find trait `Drop` in this scope\n   --> /Users/graysonnocera/.cargo/registry/src/index.crates.io-6f17d22bba15001f/crossbeam-utils-0.8.19/src/sync/wait_group.rs:118:6\n    |\n118 | impl Drop for WaitGroup {\n    |      ^^^^ not found in this scope\n    |\nhelp: consider importing this trait\n    |\n1   + use core::ops::Drop;\n    |\n\nerror[E0405]: cannot find trait `Clone` in this scope\n   --> /Users/graysonnocera/.cargo/registry/src/index.crates.io-6f17d22bba15001f/crossbeam-utils-0.8.19/src/sync/wait_group.rs:129:6\n    |\n129 | impl Clone for WaitGroup {\n    |      ^^^^^ not found in this scope\n    |\nhelp: consider importing this trait\n    |\n1   + use core::clone::Clone;\n    |\n\nerror[E0412]: cannot find type `Vec` in this scope\n   --> /Users/graysonnocera/.cargo/registry/src/index.crates.io-6f17d22bba15001f/crossbeam-utils-0.8.19/src/thread.rs:124:31\n    |\n124 | type SharedVec<T> = Arc<Mutex<Vec<T>>>;\n    |                               ^^^ not found in this scope\n\nerror[E0412]: cannot find type `Option` in this scope\n   --> /Users/graysonnocera/.cargo/registry/src/index.crates.io-6f17d22bba15001f/crossbeam-utils-0.8.19/src/thread.rs:125:34\n    |\n125 | type SharedOption<T> = Arc<Mutex<Option<T>>>;\n    |                                  ^^^^^^ not found in this scope\n    |\nhelp: consider importing this enum\n    |\n114 + use core::option::Option;\n    |\n\nerror[E0405]: cannot find trait `FnOnce` in this scope\n   --> /Users/graysonnocera/.cargo/registry/src/index.crates.io-6f17d22bba15001f/crossbeam-utils-0.8.19/src/thread.rs:152:8\n    |\n152 |     F: FnOnce(&Scope<'env>) -> R,\n    |        ^^^^^^ not found in this scope\n    |\nhelp: consider importing this trait\n    |\n114 + use core::ops::FnOnce;\n    |\n\nerror[E0405]: cannot find trait `Drop` in this scope\n   --> /Users/graysonnocera/.cargo/registry/src/index.crates.io-6f17d22bba15001f/crossbeam-utils-0.8.19/src/thread.rs:155:10\n    |\n155 |     impl Drop for AbortOnPanic {\n    |          ^^^^ not found in this scope\n    |\nhelp: consider importing this trait\n    |\n114 + use core::ops::Drop;\n    |\n\nerror[E0425]: cannot find function `drop` in this scope\n   --> /Users/graysonnocera/.cargo/registry/src/index.crates.io-6f17d22bba15001f/crossbeam-utils-0.8.19/src/thread.rs:178:5\n    |\n178 |     drop(scope.wait_group);\n    |     ^^^^ not found in this scope\n    |\nhelp: consider importing this function\n    |\n114 + use core::mem::drop;\n    |\n\nerror[E0412]: cannot find type `Vec` in this scope\n   --> /Users/graysonnocera/.cargo/registry/src/index.crates.io-6f17d22bba15001f/crossbeam-utils-0.8.19/src/thread.rs:182:17\n    |\n182 |     let panics: Vec<_> = scope\n    |                 ^^^ not found in this scope\n\nerror[E0531]: cannot find tuple struct or tuple variant `Err` in this scope\n   --> /Users/graysonnocera/.cargo/registry/src/index.crates.io-6f17d22bba15001f/crossbeam-utils-0.8.19/src/thread.rs:198:9\n    |\n198 |         Err(err) => panic::resume_unwind(err),\n    |         ^^^ not found in this scope\n    |\nhelp: consider importing this tuple variant\n    |\n114 + use core::result::Result::Err;\n    |\n\nerror[E0531]: cannot find tuple struct or tuple variant `Ok` in this scope\n   --> /Users/graysonnocera/.cargo/registry/src/index.crates.io-6f17d22bba15001f/crossbeam-utils-0.8.19/src/thread.rs:199:9\n    |\n199 |         Ok(res) => {\n    |         ^^ not found in this scope\n    |\nhelp: consider importing this tuple variant\n    |\n114 + use core::result::Result::Ok;\n    |\n\nerror[E0425]: cannot find function, tuple struct or tuple variant `Ok` in this scope\n   --> /Users/graysonnocera/.cargo/registry/src/index.crates.io-6f17d22bba15001f/crossbeam-utils-0.8.19/src/thread.rs:201:17\n    |\n201 |                 Ok(res)\n    |                 ^^ not found in this scope\n    |\nhelp: consider importing this tuple variant\n    |\n114 + use core::result::Result::Ok;\n    |\n\nerror[E0425]: cannot find function, tuple struct or tuple variant `Err` in this scope\n   --> /Users/graysonnocera/.cargo/registry/src/index.crates.io-6f17d22bba15001f/crossbeam-utils-0.8.19/src/thread.rs:203:17\n    |\n203 |                 Err(Box::new(panics))\n    |                 ^^^ not found in this scope\n    |\nhelp: consider importing this tuple variant\n    |\n114 + use core::result::Result::Err;\n    |\n\nerror[E0405]: cannot find trait `Sync` in this scope\n   --> /Users/graysonnocera/.cargo/registry/src/index.crates.io-6f17d22bba15001f/crossbeam-utils-0.8.19/src/thread.rs:221:13\n    |\n221 | unsafe impl Sync for Scope<'_> {}\n    |             ^^^^ not found in this scope\n    |\nhelp: consider importing this trait\n    |\n114 + use core::marker::Sync;\n    |\n\nerror[E0405]: cannot find trait `FnOnce` in this scope\n   --> /Users/graysonnocera/.cargo/registry/src/index.crates.io-6f17d22bba15001f/crossbeam-utils-0.8.19/src/thread.rs:264:12\n    |\n264 |         F: FnOnce(&Scope<'env>) -> T,\n    |            ^^^^^^ not found in this scope\n    |\nhelp: consider importing this trait\n    |\n114 + use core::ops::FnOnce;\n    |\n\nerror[E0405]: cannot find trait `Send` in this scope\n   --> /Users/graysonnocera/.cargo/registry/src/index.crates.io-6f17d22bba15001f/crossbeam-utils-0.8.19/src/thread.rs:265:12\n    |\n265 |         F: Send + 'env,\n    |            ^^^^ not found in this scope\n    |\nhelp: consider importing this trait\n    |\n114 + use core::marker::Send;\n    |\n\nerror[E0405]: cannot find trait `Send` in this scope\n   --> /Users/graysonnocera/.cargo/registry/src/index.crates.io-6f17d22bba15001f/crossbeam-utils-0.8.19/src/thread.rs:266:12\n    |\n266 |         T: Send + 'env,\n    |            ^^^^ not found in this scope\n    |\nhelp: consider importing this trait\n    |\n114 + use core::marker::Send;\n    |\n\nerror[E0412]: cannot find type `String` in this scope\n   --> /Users/graysonnocera/.cargo/registry/src/index.crates.io-6f17d22bba15001f/crossbeam-utils-0.8.19/src/thread.rs:360:33\n    |\n360 |     pub fn name(mut self, name: String) -> ScopedThreadBuilder<'scope, 'env> {\n    |                                 ^^^^^^ not found in this scope\n\nerror[E0405]: cannot find trait `FnOnce` in this scope\n   --> /Users/graysonnocera/.cargo/registry/src/index.crates.io-6f17d22bba15001f/crossbeam-utils-0.8.19/src/thread.rs:429:12\n    |\n429 |         F: FnOnce(&Scope<'env>) -> T,\n    |            ^^^^^^ not found in this scope\n    |\nhelp: consider importing this trait\n    |\n114 + use core::ops::FnOnce;\n    |\n\nerror[E0405]: cannot find trait `Send` in this scope\n   --> /Users/graysonnocera/.cargo/registry/src/index.crates.io-6f17d22bba15001f/crossbeam-utils-0.8.19/src/thread.rs:430:12\n    |\n430 |         F: Send + 'env,\n    |            ^^^^ not found in this scope\n    |\nhelp: consider importing this trait\n    |\n114 + use core::marker::Send;\n    |\n\nerror[E0405]: cannot find trait `Send` in this scope\n   --> /Users/graysonnocera/.cargo/registry/src/index.crates.io-6f17d22bba15001f/crossbeam-utils-0.8.19/src/thread.rs:431:12\n    |\n431 |         T: Send + 'env,\n    |            ^^^^ not found in this scope\n    |\nhelp: consider importing this trait\n    |\n114 + use core::marker::Send;\n    |\n\nerror[E0425]: cannot find function, tuple struct or tuple variant `Some` in this scope\n   --> /Users/graysonnocera/.cargo/registry/src/index.crates.io-6f17d22bba15001f/crossbeam-utils-0.8.19/src/thread.rs:457:47\n    |\n457 |                     *result.lock().unwrap() = Some(res);\n    |                                               ^^^^ not found in this scope\n    |\nhelp: consider importing this tuple variant\n    |\n114 + use core::option::Option::Some;\n    |\n\nerror[E0412]: cannot find type `Box` in this scope\n   --> /Users/graysonnocera/.cargo/registry/src/index.crates.io-6f17d22bba15001f/crossbeam-utils-0.8.19/src/thread.rs:461:30\n    |\n461 |                 let closure: Box<dyn FnOnce() + Send + 'env> = Box::new(closure);\n    |                              ^^^ not found in this scope\n\nerror[E0405]: cannot find trait `FnOnce` in this scope\n   --> /Users/graysonnocera/.cargo/registry/src/index.crates.io-6f17d22bba15001f/crossbeam-utils-0.8.19/src/thread.rs:461:38\n    |\n461 |                 let closure: Box<dyn FnOnce() + Send + 'env> = Box::new(closure);\n    |                                      ^^^^^^ not found in this scope\n    |\nhelp: consider importing this trait\n    |\n114 + use core::ops::FnOnce;\n    |\n\nerror[E0405]: cannot find trait `Send` in this scope\n   --> /Users/graysonnocera/.cargo/registry/src/index.crates.io-6f17d22bba15001f/crossbeam-utils-0.8.19/src/thread.rs:461:49\n    |\n461 |                 let closure: Box<dyn FnOnce() + Send + 'env> = Box::new(closure);\n    |                                                 ^^^^ not found in this scope\n    |\nhelp: consider importing this trait\n    |\n114 + use core::marker::Send;\n    |\n\nerror[E0412]: cannot find type `Box` in this scope\n   --> /Users/graysonnocera/.cargo/registry/src/index.crates.io-6f17d22bba15001f/crossbeam-utils-0.8.19/src/thread.rs:462:30\n    |\n462 |                 let closure: Box<dyn FnOnce() + Send + 'static> =\n    |                              ^^^ not found in this scope\n\nerror[E0405]: cannot find trait `FnOnce` in this scope\n   --> /Users/graysonnocera/.cargo/registry/src/index.crates.io-6f17d22bba15001f/crossbeam-utils-0.8.19/src/thread.rs:462:38\n    |\n462 |                 let closure: Box<dyn FnOnce() + Send + 'static> =\n    |                                      ^^^^^^ not found in this scope\n    |\nhelp: consider importing this trait\n    |\n114 + use core::ops::FnOnce;\n    |\n\nerror[E0405]: cannot find trait `Send` in this scope\n   --> /Users/graysonnocera/.cargo/registry/src/index.crates.io-6f17d22bba15001f/crossbeam-utils-0.8.19/src/thread.rs:462:49\n    |\n462 |                 let closure: Box<dyn FnOnce() + Send + 'static> =\n    |                                                 ^^^^ not found in this scope\n    |\nhelp: consider importing this trait\n    |\n114 + use core::marker::Send;\n    |\n\nerror[E0425]: cannot find function, tuple struct or tuple variant `Some` in this scope\n   --> /Users/graysonnocera/.cargo/registry/src/index.crates.io-6f17d22bba15001f/crossbeam-utils-0.8.19/src/thread.rs:470:46\n    |\n470 |             let handle = Arc::new(Mutex::new(Some(handle)));\n    |                                              ^^^^ not found in this scope\n    |\nhelp: consider importing this tuple variant\n    |\n114 + use core::option::Option::Some;\n    |\n\nerror[E0425]: cannot find function, tuple struct or tuple variant `Ok` in this scope\n   --> /Users/graysonnocera/.cargo/registry/src/index.crates.io-6f17d22bba15001f/crossbeam-utils-0.8.19/src/thread.rs:477:9\n    |\n477 |         Ok(ScopedJoinHandle {\n    |         ^^ not found in this scope\n    |\nhelp: consider importing this tuple variant\n    |\n114 + use core::result::Result::Ok;\n    |\n\nerror[E0405]: cannot find trait `Send` in this scope\n   --> /Users/graysonnocera/.cargo/registry/src/index.crates.io-6f17d22bba15001f/crossbeam-utils-0.8.19/src/thread.rs:486:16\n    |\n486 | unsafe impl<T> Send for ScopedJoinHandle<'_, T> {}\n    |                ^^^^ not found in this scope\n    |\nhelp: consider importing this trait\n    |\n114 + use core::marker::Send;\n    |\n\nerror[E0405]: cannot find trait `Sync` in this scope\n   --> /Users/graysonnocera/.cargo/registry/src/index.crates.io-6f17d22bba15001f/crossbeam-utils-0.8.19/src/thread.rs:487:16\n    |\n487 | unsafe impl<T> Sync for ScopedJoinHandle<'_, T> {}\n    |                ^^^^ not found in this scope\n    |\nhelp: consider importing this trait\n    |\n114 + use core::marker::Sync;\n    |\n\nerror[E0433]: failed to resolve: use of undeclared type `Vec`\n   --> /Users/graysonnocera/.cargo/registry/src/index.crates.io-6f17d22bba15001f/crossbeam-utils-0.8.19/src/sync/sharded_lock.rs:593:24\n    |\n593 |             free_list: Vec::new(),\n    |                        ^^^ use of undeclared type `Vec`\n\nerror[E0433]: failed to resolve: use of undeclared type `Box`\n   --> /Users/graysonnocera/.cargo/registry/src/index.crates.io-6f17d22bba15001f/crossbeam-utils-0.8.19/src/thread.rs:203:21\n    |\n203 |                 Err(Box::new(panics))\n    |                     ^^^ use of undeclared type `Box`\n\nerror[E0433]: failed to resolve: use of undeclared type `Box`\n   --> /Users/graysonnocera/.cargo/registry/src/index.crates.io-6f17d22bba15001f/crossbeam-utils-0.8.19/src/thread.rs:461:64\n    |\n461 |                 let closure: Box<dyn FnOnce() + Send + 'env> = Box::new(closure);\n    |                                                                ^^^ use of undeclared type `Box`\n\nSome errors have detailed explanations: E0405, E0412, E0425, E0432, E0433, E0463, E0531.\nerror: could not compile `crossbeam-utils` (lib) due to 215 previous errors\nSome errors have detailed explanations: E0034, E0308, E0463.\nFor more information about an error, try `rustc --explain E0034`.\nerror: could not compile `num-traits` (lib) due to 37 previous errors\n",
      "stdout": ""
    },
    "features": [
      "std"
    ],
    "project": "../../../Downloads/695-Project/dataset/nostd-failed-crates/crates/rust-fontconfig-0.1.7/src",
    "time_to_build": 1852,
    "time_to_solve": 33
  }
]