[
  {
    "built_with_features": "no-std",
    "command": {
      "args": [
        "build",
        "--target",
        "thumbv7m-none-eabi",
        "--no-default-features",
        "--features",
        "no-std"
      ],
      "code": 101,
      "stderr": "warning: no edition set: defaulting to the 2015 edition while the latest is 2021\n   Compiling getrandom v0.2.12\n   Compiling sapio-secp256k1-sys v0.9.2\n   Compiling memchr v2.5.0\n   Compiling hashbrown v0.8.2\nerror[E0463]: can't find crate for `std`\n --> /Users/graysonnocera/.cargo/registry/src/index.crates.io-6f17d22bba15001f/getrandom-0.2.12/src/error_impls.rs:2:1\n  |\n2 | extern crate std;\n  | ^^^^^^^^^^^^^^^^^ can't find crate\n  |\n  = note: the `thumbv7m-none-eabi` target may not support the standard library\n\nerror: target is not supported, for more information see: https://docs.rs/getrandom/#unsupported-targets\n   --> /Users/graysonnocera/.cargo/registry/src/index.crates.io-6f17d22bba15001f/getrandom-0.2.12/src/lib.rs:296:9\n    |\n296 | /         compile_error!(\"target is not supported, for more information see: \\\n297 | |                         https://docs.rs/getrandom/#unsupported-targets\");\n    | |________________________________________________________________________^\n\nerror[E0463]: can't find crate for `std`\n  |\n  = note: the `thumbv7m-none-eabi` target may not support the standard library\n  = note: `std` is required by `memchr` because it does not declare `#![no_std]`\n\nerror: cannot find attribute `derive` in this scope\n --> /Users/graysonnocera/.cargo/registry/src/index.crates.io-6f17d22bba15001f/memchr-2.5.0/src/cow.rs:9:3\n  |\n9 | #[derive(Clone, Debug)]\n  |   ^^^^^^\n  |\nhelp: consider importing this attribute macro\n  |\n1 + use core::prelude::rust_2024::derive;\n  |\n\nerror[E0433]: failed to resolve: use of undeclared crate or module `imp`\n   --> /Users/graysonnocera/.cargo/registry/src/index.crates.io-6f17d22bba15001f/getrandom-0.2.12/src/lib.rs:347:9\n    |\n347 |         imp::getrandom_inner(dest)?;\n    |         ^^^ use of undeclared crate or module `imp`\n\nSome errors have detailed explanations: E0433, E0463.\nFor more information about an error, try `rustc --explain E0433`.\nerror: cannot find attribute `derive` in this scope\n  --> /Users/graysonnocera/.cargo/registry/src/index.crates.io-6f17d22bba15001f/memchr-2.5.0/src/cow.rs:16:3\n   |\n16 | #[derive(Clone, Debug)]\n   |   ^^^^^^\n   |\nhelp: consider importing this attribute macro\n   |\n1  + use core::prelude::rust_2024::derive;\n   |\n\nerror: cannot find macro `debug_assert` in this scope\n  --> /Users/graysonnocera/.cargo/registry/src/index.crates.io-6f17d22bba15001f/memchr-2.5.0/src/memchr/fallback.rs:66:9\n   |\n66 |         debug_assert!(ptr > start_ptr);\n   |         ^^^^^^^^^^^^\n   |\nhelp: consider importing this macro\n   |\n5  + use core::debug_assert;\n   |\n\nerror: cannot find macro `debug_assert` in this scope\n  --> /Users/graysonnocera/.cargo/registry/src/index.crates.io-6f17d22bba15001f/memchr-2.5.0/src/memchr/fallback.rs:67:9\n   |\n67 |         debug_assert!(end_ptr.sub(USIZE_BYTES) >= start_ptr);\n   |         ^^^^^^^^^^^^\n   |\nhelp: consider importing this macro\n   |\n5  + use core::debug_assert;\n   |\n\nerror: cannot find macro `debug_assert_eq` in this scope\n  --> /Users/graysonnocera/.cargo/registry/src/index.crates.io-6f17d22bba15001f/memchr-2.5.0/src/memchr/fallback.rs:69:13\n   |\n69 |             debug_assert_eq!(0, (ptr as usize) % USIZE_BYTES);\n   |             ^^^^^^^^^^^^^^^\n   |\nhelp: consider importing this macro\n   |\n5  + use core::debug_assert_eq;\n   |\n\nerror: could not compile `getrandom` (lib) due to 3 previous errors\nwarning: build failed, waiting for other jobs to finish...\nerror: cannot find macro `debug_assert` in this scope\n   --> /Users/graysonnocera/.cargo/registry/src/index.crates.io-6f17d22bba15001f/memchr-2.5.0/src/memchr/fallback.rs:107:9\n    |\n107 |         debug_assert!(ptr > start_ptr);\n    |         ^^^^^^^^^^^^\n    |\nhelp: consider importing this macro\n    |\n5   + use core::debug_assert;\n    |\n\nerror: cannot find macro `debug_assert` in this scope\n   --> /Users/graysonnocera/.cargo/registry/src/index.crates.io-6f17d22bba15001f/memchr-2.5.0/src/memchr/fallback.rs:108:9\n    |\n108 |         debug_assert!(end_ptr.sub(USIZE_BYTES) >= start_ptr);\n    |         ^^^^^^^^^^^^\n    |\nhelp: consider importing this macro\n    |\n5   + use core::debug_assert;\n    |\n\nerror: cannot find macro `debug_assert_eq` in this scope\n   --> /Users/graysonnocera/.cargo/registry/src/index.crates.io-6f17d22bba15001f/memchr-2.5.0/src/memchr/fallback.rs:110:13\n    |\n110 |             debug_assert_eq!(0, (ptr as usize) % USIZE_BYTES);\n    |             ^^^^^^^^^^^^^^^\n    |\nhelp: consider importing this macro\n    |\n5   + use core::debug_assert_eq;\n    |\n\nerror: cannot find macro `debug_assert` in this scope\n   --> /Users/graysonnocera/.cargo/registry/src/index.crates.io-6f17d22bba15001f/memchr-2.5.0/src/memchr/fallback.rs:149:9\n    |\n149 |         debug_assert!(ptr > start_ptr);\n    |         ^^^^^^^^^^^^\n    |\nhelp: consider importing this macro\n    |\n5   + use core::debug_assert;\n    |\n\nerror: cannot find macro `debug_assert` in this scope\n   --> /Users/graysonnocera/.cargo/registry/src/index.crates.io-6f17d22bba15001f/memchr-2.5.0/src/memchr/fallback.rs:150:9\n    |\n150 |         debug_assert!(end_ptr.sub(USIZE_BYTES) >= start_ptr);\n    |         ^^^^^^^^^^^^\n    |\nhelp: consider importing this macro\n    |\n5   + use core::debug_assert;\n    |\n\nerror: cannot find macro `debug_assert_eq` in this scope\n   --> /Users/graysonnocera/.cargo/registry/src/index.crates.io-6f17d22bba15001f/memchr-2.5.0/src/memchr/fallback.rs:152:13\n    |\n152 |             debug_assert_eq!(0, (ptr as usize) % USIZE_BYTES);\n    |             ^^^^^^^^^^^^^^^\n    |\nhelp: consider importing this macro\n    |\n5   + use core::debug_assert_eq;\n    |\n\nerror: cannot find macro `debug_assert` in this scope\n   --> /Users/graysonnocera/.cargo/registry/src/index.crates.io-6f17d22bba15001f/memchr-2.5.0/src/memchr/fallback.rs:188:9\n    |\n188 |         debug_assert!(start_ptr <= ptr && ptr <= end_ptr);\n    |         ^^^^^^^^^^^^\n    |\nhelp: consider importing this macro\n    |\n5   + use core::debug_assert;\n    |\n\nerror: cannot find macro `debug_assert_eq` in this scope\n   --> /Users/graysonnocera/.cargo/registry/src/index.crates.io-6f17d22bba15001f/memchr-2.5.0/src/memchr/fallback.rs:190:13\n    |\n190 |             debug_assert_eq!(0, (ptr as usize) % USIZE_BYTES);\n    |             ^^^^^^^^^^^^^^^\n    |\nhelp: consider importing this macro\n    |\n5   + use core::debug_assert_eq;\n    |\n\nerror: cannot find macro `debug_assert` in this scope\n   --> /Users/graysonnocera/.cargo/registry/src/index.crates.io-6f17d22bba15001f/memchr-2.5.0/src/memchr/fallback.rs:228:9\n    |\n228 |         debug_assert!(start_ptr <= ptr && ptr <= end_ptr);\n    |         ^^^^^^^^^^^^\n    |\nhelp: consider importing this macro\n    |\n5   + use core::debug_assert;\n    |\n\nerror: cannot find macro `debug_assert_eq` in this scope\n   --> /Users/graysonnocera/.cargo/registry/src/index.crates.io-6f17d22bba15001f/memchr-2.5.0/src/memchr/fallback.rs:230:13\n    |\n230 |             debug_assert_eq!(0, (ptr as usize) % USIZE_BYTES);\n    |             ^^^^^^^^^^^^^^^\n    |\nhelp: consider importing this macro\n    |\n5   + use core::debug_assert_eq;\n    |\n\nerror: cannot find macro `debug_assert` in this scope\n   --> /Users/graysonnocera/.cargo/registry/src/index.crates.io-6f17d22bba15001f/memchr-2.5.0/src/memchr/fallback.rs:269:9\n    |\n269 |         debug_assert!(start_ptr <= ptr && ptr <= end_ptr);\n    |         ^^^^^^^^^^^^\n    |\nhelp: consider importing this macro\n    |\n5   + use core::debug_assert;\n    |\n\nerror: cannot find macro `debug_assert_eq` in this scope\n   --> /Users/graysonnocera/.cargo/registry/src/index.crates.io-6f17d22bba15001f/memchr-2.5.0/src/memchr/fallback.rs:271:13\n    |\n271 |             debug_assert_eq!(0, (ptr as usize) % USIZE_BYTES);\n    |             ^^^^^^^^^^^^^^^\n    |\nhelp: consider importing this macro\n    |\n5   + use core::debug_assert_eq;\n    |\n\nerror: cannot find macro `debug_assert` in this scope\n   --> /Users/graysonnocera/.cargo/registry/src/index.crates.io-6f17d22bba15001f/memchr-2.5.0/src/memchr/fallback.rs:293:5\n    |\n293 |     debug_assert!(start_ptr <= ptr);\n    |     ^^^^^^^^^^^^\n    |\nhelp: consider importing this macro\n    |\n5   + use core::debug_assert;\n    |\n\nerror: cannot find macro `debug_assert` in this scope\n   --> /Users/graysonnocera/.cargo/registry/src/index.crates.io-6f17d22bba15001f/memchr-2.5.0/src/memchr/fallback.rs:294:5\n    |\n294 |     debug_assert!(ptr <= end_ptr);\n    |     ^^^^^^^^^^^^\n    |\nhelp: consider importing this macro\n    |\n5   + use core::debug_assert;\n    |\n\nerror: cannot find macro `debug_assert` in this scope\n   --> /Users/graysonnocera/.cargo/registry/src/index.crates.io-6f17d22bba15001f/memchr-2.5.0/src/memchr/fallback.rs:312:5\n    |\n312 |     debug_assert!(start_ptr <= ptr);\n    |     ^^^^^^^^^^^^\n    |\nhelp: consider importing this macro\n    |\n5   + use core::debug_assert;\n    |\n\nerror: cannot find macro `debug_assert` in this scope\n   --> /Users/graysonnocera/.cargo/registry/src/index.crates.io-6f17d22bba15001f/memchr-2.5.0/src/memchr/fallback.rs:313:5\n    |\n313 |     debug_assert!(ptr <= end_ptr);\n    |     ^^^^^^^^^^^^\n    |\nhelp: consider importing this macro\n    |\n5   + use core::debug_assert;\n    |\n\nerror: cannot find macro `debug_assert` in this scope\n   --> /Users/graysonnocera/.cargo/registry/src/index.crates.io-6f17d22bba15001f/memchr-2.5.0/src/memchr/fallback.rs:327:5\n    |\n327 |     debug_assert!(a >= b);\n    |     ^^^^^^^^^^^^\n    |\nhelp: consider importing this macro\n    |\n5   + use core::debug_assert;\n    |\n\nerror: cannot find attribute `derive` in this scope\n  --> /Users/graysonnocera/.cargo/registry/src/index.crates.io-6f17d22bba15001f/memchr-2.5.0/src/memmem/prefilter/mod.rs:73:3\n   |\n73 | #[derive(Clone, Copy)]\n   |   ^^^^^^\n   |\nhelp: consider importing this attribute macro\n   |\n1  + use core::prelude::rust_2024::derive;\n   |\n\nerror: cannot find attribute `derive` in this scope\n   --> /Users/graysonnocera/.cargo/registry/src/index.crates.io-6f17d22bba15001f/memchr-2.5.0/src/memmem/prefilter/mod.rs:168:3\n    |\n168 | #[derive(Clone, Copy, Debug)]\n    |   ^^^^^^\n    |\nhelp: consider importing this attribute macro\n    |\n1   + use core::prelude::rust_2024::derive;\n    |\n\nerror: cannot find attribute `derive` in this scope\n   --> /Users/graysonnocera/.cargo/registry/src/index.crates.io-6f17d22bba15001f/memchr-2.5.0/src/memmem/prefilter/mod.rs:203:3\n    |\n203 | #[derive(Clone, Debug)]\n    |   ^^^^^^\n    |\nhelp: consider importing this attribute macro\n    |\n1   + use core::prelude::rust_2024::derive;\n    |\n\nerror: cannot find attribute `derive` in this scope\n   --> /Users/graysonnocera/.cargo/registry/src/index.crates.io-6f17d22bba15001f/memchr-2.5.0/src/memmem/rabinkarp.rs:104:3\n    |\n104 | #[derive(Clone, Copy, Debug, Default)]\n    |   ^^^^^^\n    |\nhelp: consider importing this attribute macro\n    |\n34  + use core::prelude::rust_2024::derive;\n    |\n\nerror: cannot find attribute `derive` in this scope\n   --> /Users/graysonnocera/.cargo/registry/src/index.crates.io-6f17d22bba15001f/memchr-2.5.0/src/memmem/rabinkarp.rs:154:3\n    |\n154 | #[derive(Clone, Copy, Debug, Default, Eq, PartialEq)]\n    |   ^^^^^^\n    |\nhelp: consider importing this attribute macro\n    |\n34  + use core::prelude::rust_2024::derive;\n    |\n\nerror: cannot find attribute `derive` in this scope\n  --> /Users/graysonnocera/.cargo/registry/src/index.crates.io-6f17d22bba15001f/memchr-2.5.0/src/memmem/rarebytes.rs:14:3\n   |\n14 | #[derive(Clone, Copy, Debug, Default)]\n   |   ^^^^^^\n   |\nhelp: consider importing this attribute macro\n   |\n1  + use core::prelude::rust_2024::derive;\n   |\n\nerror: cannot find macro `assert_ne` in this scope\n  --> /Users/graysonnocera/.cargo/registry/src/index.crates.io-6f17d22bba15001f/memchr-2.5.0/src/memmem/rarebytes.rs:84:9\n   |\n84 |         assert_ne!(rare1i, rare2i);\n   |         ^^^^^^^^^\n   |\nhelp: consider importing this macro\n   |\n1  + use core::assert_ne;\n   |\n\nerror: cannot find attribute `derive` in this scope\n --> /Users/graysonnocera/.cargo/registry/src/index.crates.io-6f17d22bba15001f/memchr-2.5.0/src/memmem/twoway.rs:6:3\n  |\n6 | #[derive(Clone, Copy, Debug)]\n  |   ^^^^^^\n  |\nhelp: consider importing this attribute macro\n  |\n1 + use core::prelude::rust_2024::derive;\n  |\n\nerror: cannot find attribute `derive` in this scope\n  --> /Users/graysonnocera/.cargo/registry/src/index.crates.io-6f17d22bba15001f/memchr-2.5.0/src/memmem/twoway.rs:10:3\n   |\n10 | #[derive(Clone, Copy, Debug)]\n   |   ^^^^^^\n   |\nhelp: consider importing this attribute macro\n   |\n1  + use core::prelude::rust_2024::derive;\n   |\n\nerror: cannot find attribute `derive` in this scope\n  --> /Users/graysonnocera/.cargo/registry/src/index.crates.io-6f17d22bba15001f/memchr-2.5.0/src/memmem/twoway.rs:48:3\n   |\n48 | #[derive(Clone, Copy, Debug)]\n   |   ^^^^^^\n   |\nhelp: consider importing this attribute macro\n   |\n1  + use core::prelude::rust_2024::derive;\n   |\n\nerror: cannot find macro `debug_assert` in this scope\n   --> /Users/graysonnocera/.cargo/registry/src/index.crates.io-6f17d22bba15001f/memchr-2.5.0/src/memmem/twoway.rs:113:9\n    |\n113 |         debug_assert!(!needle.is_empty(), \"needle should not be empty\");\n    |         ^^^^^^^^^^^^\n    |\nhelp: consider importing this macro\n    |\n1   + use core::debug_assert;\n    |\n\nerror: cannot find macro `debug_assert` in this scope\n   --> /Users/graysonnocera/.cargo/registry/src/index.crates.io-6f17d22bba15001f/memchr-2.5.0/src/memmem/twoway.rs:114:9\n    |\n114 |         debug_assert!(needle.len() <= haystack.len(), \"haystack too short\");\n    |         ^^^^^^^^^^^^\n    |\nhelp: consider importing this macro\n    |\n1   + use core::debug_assert;\n    |\n\nerror: cannot find macro `debug_assert` in this scope\n   --> /Users/graysonnocera/.cargo/registry/src/index.crates.io-6f17d22bba15001f/memchr-2.5.0/src/memmem/twoway.rs:280:9\n    |\n280 |         debug_assert!(!needle.is_empty(), \"needle should not be empty\");\n    |         ^^^^^^^^^^^^\n    |\nhelp: consider importing this macro\n    |\n1   + use core::debug_assert;\n    |\n\nerror: cannot find macro `debug_assert` in this scope\n   --> /Users/graysonnocera/.cargo/registry/src/index.crates.io-6f17d22bba15001f/memchr-2.5.0/src/memmem/twoway.rs:281:9\n    |\n281 |         debug_assert!(needle.len() <= haystack.len(), \"haystack too short\");\n    |         ^^^^^^^^^^^^\n    |\nhelp: consider importing this macro\n    |\n1   + use core::debug_assert;\n    |\n\nerror: cannot find attribute `derive` in this scope\n   --> /Users/graysonnocera/.cargo/registry/src/index.crates.io-6f17d22bba15001f/memchr-2.5.0/src/memmem/twoway.rs:423:3\n    |\n423 | #[derive(Clone, Copy, Debug)]\n    |   ^^^^^^\n    |\nhelp: consider importing this attribute macro\n    |\n1   + use core::prelude::rust_2024::derive;\n    |\n\nerror: cannot find attribute `derive` in this scope\n   --> /Users/graysonnocera/.cargo/registry/src/index.crates.io-6f17d22bba15001f/memchr-2.5.0/src/memmem/twoway.rs:478:3\n    |\n478 | #[derive(Debug)]\n    |   ^^^^^^\n    |\nhelp: consider importing this attribute macro\n    |\n1   + use core::prelude::rust_2024::derive;\n    |\n\nerror: cannot find macro `debug_assert` in this scope\n   --> /Users/graysonnocera/.cargo/registry/src/index.crates.io-6f17d22bba15001f/memchr-2.5.0/src/memmem/twoway.rs:497:9\n    |\n497 |         debug_assert!(!needle.is_empty());\n    |         ^^^^^^^^^^^^\n    |\nhelp: consider importing this macro\n    |\n1   + use core::debug_assert;\n    |\n\nerror: cannot find macro `debug_assert` in this scope\n   --> /Users/graysonnocera/.cargo/registry/src/index.crates.io-6f17d22bba15001f/memchr-2.5.0/src/memmem/twoway.rs:547:9\n    |\n547 |         debug_assert!(!needle.is_empty());\n    |         ^^^^^^^^^^^^\n    |\nhelp: consider importing this macro\n    |\n1   + use core::debug_assert;\n    |\n\nerror: cannot find attribute `derive` in this scope\n   --> /Users/graysonnocera/.cargo/registry/src/index.crates.io-6f17d22bba15001f/memchr-2.5.0/src/memmem/twoway.rs:586:3\n    |\n586 | #[derive(Clone, Copy, Debug)]\n    |   ^^^^^^\n    |\nhelp: consider importing this attribute macro\n    |\n1   + use core::prelude::rust_2024::derive;\n    |\n\nerror: cannot find attribute `derive` in this scope\n   --> /Users/graysonnocera/.cargo/registry/src/index.crates.io-6f17d22bba15001f/memchr-2.5.0/src/memmem/twoway.rs:605:3\n    |\n605 | #[derive(Clone, Copy, Debug)]\n    |   ^^^^^^\n    |\nhelp: consider importing this attribute macro\n    |\n1   + use core::prelude::rust_2024::derive;\n    |\n\nerror: cannot find attribute `derive` in this scope\n   --> /Users/graysonnocera/.cargo/registry/src/index.crates.io-6f17d22bba15001f/memchr-2.5.0/src/memmem/twoway.rs:647:3\n    |\n647 | #[derive(Clone, Copy, Debug)]\n    |   ^^^^^^\n    |\nhelp: consider importing this attribute macro\n    |\n1   + use core::prelude::rust_2024::derive;\n    |\n\nerror: cannot find attribute `derive` in this scope\n   --> /Users/graysonnocera/.cargo/registry/src/index.crates.io-6f17d22bba15001f/memchr-2.5.0/src/memmem/mod.rs:310:3\n    |\n310 | #[derive(Debug)]\n    |   ^^^^^^\n    |\nhelp: consider importing this attribute macro\n    |\n69  + use core::prelude::rust_2024::derive;\n    |\n\nerror: cannot find attribute `derive` in this scope\n   --> /Users/graysonnocera/.cargo/registry/src/index.crates.io-6f17d22bba15001f/memchr-2.5.0/src/memmem/mod.rs:375:3\n    |\n375 | #[derive(Debug)]\n    |   ^^^^^^\n    |\nhelp: consider importing this attribute macro\n    |\n69  + use core::prelude::rust_2024::derive;\n    |\n\nerror: cannot find attribute `derive` in this scope\n   --> /Users/graysonnocera/.cargo/registry/src/index.crates.io-6f17d22bba15001f/memchr-2.5.0/src/memmem/mod.rs:448:3\n    |\n448 | #[derive(Clone, Debug)]\n    |   ^^^^^^\n    |\nhelp: consider importing this attribute macro\n    |\n69  + use core::prelude::rust_2024::derive;\n    |\n\nerror: cannot find attribute `derive` in this scope\n   --> /Users/graysonnocera/.cargo/registry/src/index.crates.io-6f17d22bba15001f/memchr-2.5.0/src/memmem/mod.rs:575:3\n    |\n575 | #[derive(Clone, Debug)]\n    |   ^^^^^^\n    |\nhelp: consider importing this attribute macro\n    |\n69  + use core::prelude::rust_2024::derive;\n    |\n\nerror: cannot find attribute `derive` in this scope\n   --> /Users/graysonnocera/.cargo/registry/src/index.crates.io-6f17d22bba15001f/memchr-2.5.0/src/memmem/mod.rs:698:3\n    |\n698 | #[derive(Clone, Debug, Default)]\n    |   ^^^^^^\n    |\nhelp: consider importing this attribute macro\n    |\n69  + use core::prelude::rust_2024::derive;\n    |\n\nerror: cannot find attribute `derive` in this scope\n   --> /Users/graysonnocera/.cargo/registry/src/index.crates.io-6f17d22bba15001f/memchr-2.5.0/src/memmem/mod.rs:743:3\n    |\n743 | #[derive(Clone, Debug)]\n    |   ^^^^^^\n    |\nhelp: consider importing this attribute macro\n    |\n69  + use core::prelude::rust_2024::derive;\n    |\n\nerror: cannot find attribute `derive` in this scope\n   --> /Users/graysonnocera/.cargo/registry/src/index.crates.io-6f17d22bba15001f/memchr-2.5.0/src/memmem/mod.rs:766:3\n    |\n766 | #[derive(Clone, Copy, Debug)]\n    |   ^^^^^^\n    |\nhelp: consider importing this attribute macro\n    |\n69  + use core::prelude::rust_2024::derive;\n    |\n\nerror: cannot find attribute `derive` in this scope\n   --> /Users/graysonnocera/.cargo/registry/src/index.crates.io-6f17d22bba15001f/memchr-2.5.0/src/memmem/mod.rs:792:3\n    |\n792 | #[derive(Clone, Copy, Debug, Default)]\n    |   ^^^^^^\n    |\nhelp: consider importing this attribute macro\n    |\n69  + use core::prelude::rust_2024::derive;\n    |\n\nerror: cannot find attribute `derive` in this scope\n   --> /Users/graysonnocera/.cargo/registry/src/index.crates.io-6f17d22bba15001f/memchr-2.5.0/src/memmem/mod.rs:799:3\n    |\n799 | #[derive(Clone, Debug)]\n    |   ^^^^^^\n    |\nhelp: consider importing this attribute macro\n    |\n69  + use core::prelude::rust_2024::derive;\n    |\n\nerror: cannot find attribute `derive` in this scope\n    --> /Users/graysonnocera/.cargo/registry/src/index.crates.io-6f17d22bba15001f/memchr-2.5.0/src/memmem/mod.rs:1028:3\n     |\n1028 | #[derive(Clone, Debug)]\n     |   ^^^^^^\n     |\nhelp: consider importing this attribute macro\n     |\n69   + use core::prelude::rust_2024::derive;\n     |\n\nerror: cannot find attribute `derive` in this scope\n    --> /Users/graysonnocera/.cargo/registry/src/index.crates.io-6f17d22bba15001f/memchr-2.5.0/src/memmem/mod.rs:1038:3\n     |\n1038 | #[derive(Clone, Debug)]\n     |   ^^^^^^\n     |\nhelp: consider importing this attribute macro\n     |\n69   + use core::prelude::rust_2024::derive;\n     |\n\nerror: failed to run custom build command for `sapio-secp256k1-sys v0.9.2`\n\nCaused by:\n  process didn't exit successfully: `/Users/graysonnocera/Downloads/695-Project/dataset/nostd-failed-crates/crates/sapio-bitcoin-0.28.2/target/debug/build/sapio-secp256k1-sys-6467d16726f3ae76/build-script-build` (exit status: 1)\n  --- stdout\n  TARGET = Some(\"thumbv7m-none-eabi\")\n  OPT_LEVEL = Some(\"0\")\n  HOST = Some(\"aarch64-apple-darwin\")\n  CC_thumbv7m-none-eabi = None\n  CC_thumbv7m_none_eabi = None\n  TARGET_CC = None\n  CC = None\n  CROSS_COMPILE = None\n  CFLAGS_thumbv7m-none-eabi = None\n  CFLAGS_thumbv7m_none_eabi = None\n  TARGET_CFLAGS = None\n  CFLAGS = None\n  CRATE_CC_NO_DEFAULTS = None\n  DEBUG = Some(\"true\")\n  CARGO_CFG_TARGET_FEATURE = None\n  CC_thumbv7m-none-eabi = None\n  CC_thumbv7m_none_eabi = None\n  TARGET_CC = None\n  CC = None\n  CROSS_COMPILE = None\n  CFLAGS_thumbv7m-none-eabi = None\n  CFLAGS_thumbv7m_none_eabi = None\n  TARGET_CFLAGS = None\n  CFLAGS = None\n  CRATE_CC_NO_DEFAULTS = None\n  CARGO_CFG_TARGET_FEATURE = None\n  CC_thumbv7m-none-eabi = None\n  CC_thumbv7m_none_eabi = None\n  TARGET_CC = None\n  CC = None\n  CROSS_COMPILE = None\n  CFLAGS_thumbv7m-none-eabi = None\n  CFLAGS_thumbv7m_none_eabi = None\n  TARGET_CFLAGS = None\n  CFLAGS = None\n  CRATE_CC_NO_DEFAULTS = None\n  CARGO_CFG_TARGET_FEATURE = None\n  running: \"arm-none-eabi-gcc\" \"-O0\" \"-ffunction-sections\" \"-fdata-sections\" \"-g\" \"-fno-omit-frame-pointer\" \"-mthumb\" \"-march=armv7-m\" \"-I\" \"depend/secp256k1/\" \"-I\" \"depend/secp256k1/include\" \"-I\" \"depend/secp256k1/src\" \"-Wall\" \"-Wextra\" \"-DSECP256K1_API=\" \"-DENABLE_MODULE_ECDH=1\" \"-DENABLE_MODULE_SCHNORRSIG=1\" \"-DENABLE_MODULE_EXTRAKEYS=1\" \"-DENABLE_MODULE_ELLSWIFT=1\" \"-Dprintf(...)=\" \"-DECMULT_GEN_PREC_BITS=4\" \"-DECMULT_WINDOW_SIZE=15\" \"-DUSE_EXTERNAL_DEFAULT_CALLBACKS=1\" \"-DENABLE_MODULE_RECOVERY=1\" \"-o\" \"/Users/graysonnocera/Downloads/695-Project/dataset/nostd-failed-crates/crates/sapio-bitcoin-0.28.2/target/thumbv7m-none-eabi/debug/build/sapio-secp256k1-sys-42b03e3b9ec7c44e/out/depend/secp256k1/contrib/lax_der_parsing.o\" \"-c\" \"depend/secp256k1/contrib/lax_der_parsing.c\"\n  CC_thumbv7m-none-eabi = None\n  CC_thumbv7m_none_eabi = None\n  TARGET_CC = None\n  CC = None\n  CROSS_COMPILE = None\n  CFLAGS_thumbv7m-none-eabi = None\n  CFLAGS_thumbv7m_none_eabi = None\n  TARGET_CFLAGS = None\n  CFLAGS = None\n  CRATE_CC_NO_DEFAULTS = None\n  CARGO_CFG_TARGET_FEATURE = None\n  CC_thumbv7m-none-eabi = None\n  CC_thumbv7m_none_eabi = None\n  TARGET_CC = None\n  CC = None\n  CROSS_COMPILE = None\n  CFLAGS_thumbv7m-none-eabi = None\n  CFLAGS_thumbv7m_none_eabi = None\n  TARGET_CFLAGS = None\n  CFLAGS = None\n  CRATE_CC_NO_DEFAULTS = None\n  CARGO_CFG_TARGET_FEATURE = None\n  running: \"arm-none-eabi-gcc\" \"-O0\" \"-ffunction-sections\" \"-fdata-sections\" \"-g\" \"-fno-omit-frame-pointer\" \"-mthumb\" \"-march=armv7-m\" \"-I\" \"depend/secp256k1/\" \"-I\" \"depend/secp256k1/include\" \"-I\" \"depend/secp256k1/src\" \"-I\" \"wasm/wasm-sysroot\" \"-Wall\" \"-Wextra\" \"-DSECP256K1_API=\" \"-DENABLE_MODULE_ECDH=1\" \"-DENABLE_MODULE_SCHNORRSIG=1\" \"-DENABLE_MODULE_EXTRAKEYS=1\" \"-DENABLE_MODULE_ELLSWIFT=1\" \"-Dprintf(...)=\" \"-DECMULT_GEN_PREC_BITS=4\" \"-DECMULT_WINDOW_SIZE=15\" \"-DUSE_EXTERNAL_DEFAULT_CALLBACKS=1\" \"-DENABLE_MODULE_RECOVERY=1\" \"-o\" \"/Users/graysonnocera/Downloads/695-Project/dataset/nostd-failed-crates/crates/sapio-bitcoin-0.28.2/target/thumbv7m-none-eabi/debug/build/sapio-secp256k1-sys-42b03e3b9ec7c44e/out/depend/secp256k1/contrib/lax_der_parsing.o\" \"-c\" \"depend/secp256k1/contrib/lax_der_parsing.c\"\n\n  --- stderr\n\n\n  error occurred: Failed to find tool. Is `arm-none-eabi-gcc` installed?\n\n\nerror[E0412]: cannot find type `Box` in this scope\n  --> /Users/graysonnocera/.cargo/registry/src/index.crates.io-6f17d22bba15001f/memchr-2.5.0/src/cow.rs:19:11\n   |\n19 |     Owned(Box<[u8]>),\n   |           ^^^ not found in this scope\n\nerror[E0405]: cannot find trait `Sized` in this scope\n  --> /Users/graysonnocera/.cargo/registry/src/index.crates.io-6f17d22bba15001f/memchr-2.5.0/src/cow.rs:38:20\n   |\n38 |     pub fn new<B: ?Sized + AsRef<[u8]>>(bytes: &'a B) -> CowBytes<'a> {\n   |                    ^^^^^ not found in this scope\n   |\nhelp: consider importing this trait\n   |\n1  + use core::marker::Sized;\n   |\n\nerror[E0405]: cannot find trait `AsRef` in this scope\n  --> /Users/graysonnocera/.cargo/registry/src/index.crates.io-6f17d22bba15001f/memchr-2.5.0/src/cow.rs:38:28\n   |\n38 |     pub fn new<B: ?Sized + AsRef<[u8]>>(bytes: &'a B) -> CowBytes<'a> {\n   |                            ^^^^^ not found in this scope\n   |\nhelp: consider importing this trait\n   |\n1  + use core::convert::AsRef;\n   |\n\nerror[E0412]: cannot find type `Box` in this scope\n  --> /Users/graysonnocera/.cargo/registry/src/index.crates.io-6f17d22bba15001f/memchr-2.5.0/src/cow.rs:45:29\n   |\n45 |     pub fn new_owned(bytes: Box<[u8]>) -> CowBytes<'static> {\n   |                             ^^^ not found in this scope\n\nerror[E0412]: cannot find type `Option` in this scope\n  --> /Users/graysonnocera/.cargo/registry/src/index.crates.io-6f17d22bba15001f/memchr-2.5.0/src/memchr/fallback.rs:46:43\n   |\n46 | pub fn memchr(n1: u8, haystack: &[u8]) -> Option<usize> {\n   |                                           ^^^^^^ not found in this scope\n   |\nhelp: consider importing this enum\n   |\n5  + use core::option::Option;\n   |\n\nerror[E0412]: cannot find type `Option` in this scope\n  --> /Users/graysonnocera/.cargo/registry/src/index.crates.io-6f17d22bba15001f/memchr-2.5.0/src/memchr/fallback.rs:85:52\n   |\n85 | pub fn memchr2(n1: u8, n2: u8, haystack: &[u8]) -> Option<usize> {\n   |                                                    ^^^^^^ not found in this scope\n   |\nhelp: consider importing this enum\n   |\n5  + use core::option::Option;\n   |\n\nerror[E0412]: cannot find type `Option` in this scope\n   --> /Users/graysonnocera/.cargo/registry/src/index.crates.io-6f17d22bba15001f/memchr-2.5.0/src/memchr/fallback.rs:125:60\n    |\n125 | pub fn memchr3(n1: u8, n2: u8, n3: u8, haystack: &[u8]) -> Option<usize> {\n    |                                                            ^^^^^^ not found in this scope\n    |\nhelp: consider importing this enum\n    |\n5   + use core::option::Option;\n    |\n\nerror[E0412]: cannot find type `Option` in this scope\n   --> /Users/graysonnocera/.cargo/registry/src/index.crates.io-6f17d22bba15001f/memchr-2.5.0/src/memchr/fallback.rs:168:44\n    |\n168 | pub fn memrchr(n1: u8, haystack: &[u8]) -> Option<usize> {\n    |                                            ^^^^^^ not found in this scope\n    |\nhelp: consider importing this enum\n    |\n5   + use core::option::Option;\n    |\n\nerror[E0412]: cannot find type `Option` in this scope\n   --> /Users/graysonnocera/.cargo/registry/src/index.crates.io-6f17d22bba15001f/memchr-2.5.0/src/memchr/fallback.rs:206:53\n    |\n206 | pub fn memrchr2(n1: u8, n2: u8, haystack: &[u8]) -> Option<usize> {\n    |                                                     ^^^^^^ not found in this scope\n    |\nhelp: consider importing this enum\n    |\n5   + use core::option::Option;\n    |\n\nerror[E0412]: cannot find type `Option` in this scope\n   --> /Users/graysonnocera/.cargo/registry/src/index.crates.io-6f17d22bba15001f/memchr-2.5.0/src/memchr/fallback.rs:245:61\n    |\n245 | pub fn memrchr3(n1: u8, n2: u8, n3: u8, haystack: &[u8]) -> Option<usize> {\n    |                                                             ^^^^^^ not found in this scope\n    |\nhelp: consider importing this enum\n    |\n5   + use core::option::Option;\n    |\n\nerror[E0405]: cannot find trait `Fn` in this scope\n   --> /Users/graysonnocera/.cargo/registry/src/index.crates.io-6f17d22bba15001f/memchr-2.5.0/src/memchr/fallback.rs:287:29\n    |\n287 | unsafe fn forward_search<F: Fn(u8) -> bool>(\n    |                             ^^ not found in this scope\n    |\nhelp: consider importing this trait\n    |\n5   + use core::ops::Fn;\n    |\n\nerror[E0412]: cannot find type `Option` in this scope\n   --> /Users/graysonnocera/.cargo/registry/src/index.crates.io-6f17d22bba15001f/memchr-2.5.0/src/memchr/fallback.rs:292:6\n    |\n292 | ) -> Option<usize> {\n    |      ^^^^^^ not found in this scope\n    |\nhelp: consider importing this enum\n    |\n5   + use core::option::Option;\n    |\n\nerror[E0425]: cannot find function, tuple struct or tuple variant `Some` in this scope\n   --> /Users/graysonnocera/.cargo/registry/src/index.crates.io-6f17d22bba15001f/memchr-2.5.0/src/memchr/fallback.rs:298:20\n    |\n298 |             return Some(sub(ptr, start_ptr));\n    |                    ^^^^ not found in this scope\n    |\nhelp: consider importing this tuple variant\n    |\n5   + use core::option::Option::Some;\n    |\n\nerror[E0425]: cannot find value `None` in this scope\n   --> /Users/graysonnocera/.cargo/registry/src/index.crates.io-6f17d22bba15001f/memchr-2.5.0/src/memchr/fallback.rs:302:5\n    |\n302 |     None\n    |     ^^^^ not found in this scope\n    |\nhelp: consider importing one of these unit variants\n    |\n5   + use crate::memmem::Prefilter::None;\n    |\n5   + use core::option::Option::None;\n    |\n\nerror[E0405]: cannot find trait `Fn` in this scope\n   --> /Users/graysonnocera/.cargo/registry/src/index.crates.io-6f17d22bba15001f/memchr-2.5.0/src/memchr/fallback.rs:306:29\n    |\n306 | unsafe fn reverse_search<F: Fn(u8) -> bool>(\n    |                             ^^ not found in this scope\n    |\nhelp: consider importing this trait\n    |\n5   + use core::ops::Fn;\n    |\n\nerror[E0412]: cannot find type `Option` in this scope\n   --> /Users/graysonnocera/.cargo/registry/src/index.crates.io-6f17d22bba15001f/memchr-2.5.0/src/memchr/fallback.rs:311:6\n    |\n311 | ) -> Option<usize> {\n    |      ^^^^^^ not found in this scope\n    |\nhelp: consider importing this enum\n    |\n5   + use core::option::Option;\n    |\n\nerror[E0425]: cannot find function, tuple struct or tuple variant `Some` in this scope\n   --> /Users/graysonnocera/.cargo/registry/src/index.crates.io-6f17d22bba15001f/memchr-2.5.0/src/memchr/fallback.rs:318:20\n    |\n318 |             return Some(sub(ptr, start_ptr));\n    |                    ^^^^ not found in this scope\n    |\nhelp: consider importing this tuple variant\n    |\n5   + use core::option::Option::Some;\n    |\n\nerror[E0425]: cannot find value `None` in this scope\n   --> /Users/graysonnocera/.cargo/registry/src/index.crates.io-6f17d22bba15001f/memchr-2.5.0/src/memchr/fallback.rs:321:5\n    |\n321 |     None\n    |     ^^^^ not found in this scope\n    |\nhelp: consider importing one of these unit variants\n    |\n5   + use crate::memmem::Prefilter::None;\n    |\n5   + use core::option::Option::None;\n    |\n\nerror[E0405]: cannot find trait `Iterator` in this scope\n  --> /Users/graysonnocera/.cargo/registry/src/index.crates.io-6f17d22bba15001f/memchr-2.5.0/src/memchr/iter.rs:50:10\n   |\n50 | impl<'a> Iterator for Memchr<'a> {\n   |          ^^^^^^^^ not found in this scope\n   |\nhelp: consider importing this trait\n   |\n1  + use core::iter::Iterator;\n   |\n\nerror[E0412]: cannot find type `Option` in this scope\n  --> /Users/graysonnocera/.cargo/registry/src/index.crates.io-6f17d22bba15001f/memchr-2.5.0/src/memchr/iter.rs:54:27\n   |\n54 |     fn next(&mut self) -> Option<usize> {\n   |                           ^^^^^^ not found in this scope\n   |\nhelp: consider importing this enum\n   |\n1  + use core::option::Option;\n   |\n\nerror[E0412]: cannot find type `Option` in this scope\n  --> /Users/graysonnocera/.cargo/registry/src/index.crates.io-6f17d22bba15001f/memchr-2.5.0/src/memchr/iter.rs:59:36\n   |\n59 |     fn size_hint(&self) -> (usize, Option<usize>) {\n   |                                    ^^^^^^ not found in this scope\n   |\nhelp: consider importing this enum\n   |\n1  + use core::option::Option;\n   |\n\nerror[E0425]: cannot find function, tuple struct or tuple variant `Some` in this scope\n  --> /Users/graysonnocera/.cargo/registry/src/index.crates.io-6f17d22bba15001f/memchr-2.5.0/src/memchr/iter.rs:60:13\n   |\n60 |         (0, Some(self.haystack.len()))\n   |             ^^^^ not found in this scope\n   |\nhelp: consider importing this tuple variant\n   |\n1  + use core::option::Option::Some;\n   |\n\nerror[E0405]: cannot find trait `DoubleEndedIterator` in this scope\n  --> /Users/graysonnocera/.cargo/registry/src/index.crates.io-6f17d22bba15001f/memchr-2.5.0/src/memchr/iter.rs:64:10\n   |\n64 | impl<'a> DoubleEndedIterator for Memchr<'a> {\n   |          ^^^^^^^^^^^^^^^^^^^ not found in this scope\n   |\nhelp: consider importing this trait\n   |\n1  + use core::iter::DoubleEndedIterator;\n   |\n\nerror[E0412]: cannot find type `Option` in this scope\n  --> /Users/graysonnocera/.cargo/registry/src/index.crates.io-6f17d22bba15001f/memchr-2.5.0/src/memchr/iter.rs:66:32\n   |\n66 |     fn next_back(&mut self) -> Option<Self::Item> {\n   |                                ^^^^^^ not found in this scope\n   |\nhelp: consider importing this enum\n   |\n1  + use core::option::Option;\n   |\n\nerror[E0405]: cannot find trait `Iterator` in this scope\n  --> /Users/graysonnocera/.cargo/registry/src/index.crates.io-6f17d22bba15001f/memchr-2.5.0/src/memchr/iter.rs:94:10\n   |\n94 | impl<'a> Iterator for Memchr2<'a> {\n   |          ^^^^^^^^ not found in this scope\n   |\nhelp: consider importing this trait\n   |\n1  + use core::iter::Iterator;\n   |\n\nerror[E0412]: cannot find type `Option` in this scope\n  --> /Users/graysonnocera/.cargo/registry/src/index.crates.io-6f17d22bba15001f/memchr-2.5.0/src/memchr/iter.rs:98:27\n   |\n98 |     fn next(&mut self) -> Option<usize> {\n   |                           ^^^^^^ not found in this scope\n   |\nhelp: consider importing this enum\n   |\n1  + use core::option::Option;\n   |\n\nerror[E0412]: cannot find type `Option` in this scope\n   --> /Users/graysonnocera/.cargo/registry/src/index.crates.io-6f17d22bba15001f/memchr-2.5.0/src/memchr/iter.rs:103:36\n    |\n103 |     fn size_hint(&self) -> (usize, Option<usize>) {\n    |                                    ^^^^^^ not found in this scope\n    |\nhelp: consider importing this enum\n    |\n1   + use core::option::Option;\n    |\n\nerror[E0425]: cannot find function, tuple struct or tuple variant `Some` in this scope\n   --> /Users/graysonnocera/.cargo/registry/src/index.crates.io-6f17d22bba15001f/memchr-2.5.0/src/memchr/iter.rs:104:13\n    |\n104 |         (0, Some(self.haystack.len()))\n    |             ^^^^ not found in this scope\n    |\nhelp: consider importing this tuple variant\n    |\n1   + use core::option::Option::Some;\n    |\n\nerror[E0405]: cannot find trait `DoubleEndedIterator` in this scope\n   --> /Users/graysonnocera/.cargo/registry/src/index.crates.io-6f17d22bba15001f/memchr-2.5.0/src/memchr/iter.rs:108:10\n    |\n108 | impl<'a> DoubleEndedIterator for Memchr2<'a> {\n    |          ^^^^^^^^^^^^^^^^^^^ not found in this scope\n    |\nhelp: consider importing this trait\n    |\n1   + use core::iter::DoubleEndedIterator;\n    |\n\nerror[E0412]: cannot find type `Option` in this scope\n   --> /Users/graysonnocera/.cargo/registry/src/index.crates.io-6f17d22bba15001f/memchr-2.5.0/src/memchr/iter.rs:110:32\n    |\n110 |     fn next_back(&mut self) -> Option<Self::Item> {\n    |                                ^^^^^^ not found in this scope\n    |\nhelp: consider importing this enum\n    |\n1   + use core::option::Option;\n    |\n\nerror[E0405]: cannot find trait `Iterator` in this scope\n   --> /Users/graysonnocera/.cargo/registry/src/index.crates.io-6f17d22bba15001f/memchr-2.5.0/src/memchr/iter.rs:148:10\n    |\n148 | impl<'a> Iterator for Memchr3<'a> {\n    |          ^^^^^^^^ not found in this scope\n    |\nhelp: consider importing this trait\n    |\n1   + use core::iter::Iterator;\n    |\n\nerror[E0412]: cannot find type `Option` in this scope\n   --> /Users/graysonnocera/.cargo/registry/src/index.crates.io-6f17d22bba15001f/memchr-2.5.0/src/memchr/iter.rs:152:27\n    |\n152 |     fn next(&mut self) -> Option<usize> {\n    |                           ^^^^^^ not found in this scope\n    |\nhelp: consider importing this enum\n    |\n1   + use core::option::Option;\n    |\n\nerror[E0412]: cannot find type `Option` in this scope\n   --> /Users/graysonnocera/.cargo/registry/src/index.crates.io-6f17d22bba15001f/memchr-2.5.0/src/memchr/iter.rs:160:36\n    |\n160 |     fn size_hint(&self) -> (usize, Option<usize>) {\n    |                                    ^^^^^^ not found in this scope\n    |\nhelp: consider importing this enum\n    |\n1   + use core::option::Option;\n    |\n\nerror[E0425]: cannot find function, tuple struct or tuple variant `Some` in this scope\n   --> /Users/graysonnocera/.cargo/registry/src/index.crates.io-6f17d22bba15001f/memchr-2.5.0/src/memchr/iter.rs:161:13\n    |\n161 |         (0, Some(self.haystack.len()))\n    |             ^^^^ not found in this scope\n    |\nhelp: consider importing this tuple variant\n    |\n1   + use core::option::Option::Some;\n    |\n\nerror[E0405]: cannot find trait `DoubleEndedIterator` in this scope\n   --> /Users/graysonnocera/.cargo/registry/src/index.crates.io-6f17d22bba15001f/memchr-2.5.0/src/memchr/iter.rs:165:10\n    |\n165 | impl<'a> DoubleEndedIterator for Memchr3<'a> {\n    |          ^^^^^^^^^^^^^^^^^^^ not found in this scope\n    |\nhelp: consider importing this trait\n    |\n1   + use core::iter::DoubleEndedIterator;\n    |\n\nerror[E0412]: cannot find type `Option` in this scope\n   --> /Users/graysonnocera/.cargo/registry/src/index.crates.io-6f17d22bba15001f/memchr-2.5.0/src/memchr/iter.rs:167:32\n    |\n167 |     fn next_back(&mut self) -> Option<Self::Item> {\n    |                                ^^^^^^ not found in this scope\n    |\nhelp: consider importing this enum\n    |\n1   + use core::option::Option;\n    |\n\nerror[E0412]: cannot find type `Option` in this scope\n --> /Users/graysonnocera/.cargo/registry/src/index.crates.io-6f17d22bba15001f/memchr-2.5.0/src/memchr/naive.rs:3:43\n  |\n3 | pub fn memchr(n1: u8, haystack: &[u8]) -> Option<usize> {\n  |                                           ^^^^^^ not found in this scope\n  |\nhelp: consider importing this enum\n  |\n3 + use core::option::Option;\n  |\n\nerror[E0412]: cannot find type `Option` in this scope\n --> /Users/graysonnocera/.cargo/registry/src/index.crates.io-6f17d22bba15001f/memchr-2.5.0/src/memchr/naive.rs:7:52\n  |\n7 | pub fn memchr2(n1: u8, n2: u8, haystack: &[u8]) -> Option<usize> {\n  |                                                    ^^^^^^ not found in this scope\n  |\nhelp: consider importing this enum\n  |\n3 + use core::option::Option;\n  |\n\nerror[E0412]: cannot find type `Option` in this scope\n  --> /Users/graysonnocera/.cargo/registry/src/index.crates.io-6f17d22bba15001f/memchr-2.5.0/src/memchr/naive.rs:11:60\n   |\n11 | pub fn memchr3(n1: u8, n2: u8, n3: u8, haystack: &[u8]) -> Option<usize> {\n   |                                                            ^^^^^^ not found in this scope\n   |\nhelp: consider importing this enum\n   |\n3  + use core::option::Option;\n   |\n\nerror[E0412]: cannot find type `Option` in this scope\n  --> /Users/graysonnocera/.cargo/registry/src/index.crates.io-6f17d22bba15001f/memchr-2.5.0/src/memchr/naive.rs:15:44\n   |\n15 | pub fn memrchr(n1: u8, haystack: &[u8]) -> Option<usize> {\n   |                                            ^^^^^^ not found in this scope\n   |\nhelp: consider importing this enum\n   |\n3  + use core::option::Option;\n   |\n\nerror[E0412]: cannot find type `Option` in this scope\n  --> /Users/graysonnocera/.cargo/registry/src/index.crates.io-6f17d22bba15001f/memchr-2.5.0/src/memchr/naive.rs:19:53\n   |\n19 | pub fn memrchr2(n1: u8, n2: u8, haystack: &[u8]) -> Option<usize> {\n   |                                                     ^^^^^^ not found in this scope\n   |\nhelp: consider importing this enum\n   |\n3  + use core::option::Option;\n   |\n\nerror[E0412]: cannot find type `Option` in this scope\n  --> /Users/graysonnocera/.cargo/registry/src/index.crates.io-6f17d22bba15001f/memchr-2.5.0/src/memchr/naive.rs:23:61\n   |\n23 | pub fn memrchr3(n1: u8, n2: u8, n3: u8, haystack: &[u8]) -> Option<usize> {\n   |                                                             ^^^^^^ not found in this scope\n   |\nhelp: consider importing this enum\n   |\n3  + use core::option::Option;\n   |\n\nerror[E0412]: cannot find type `Option` in this scope\n  --> /Users/graysonnocera/.cargo/registry/src/index.crates.io-6f17d22bba15001f/memchr-2.5.0/src/memchr/mod.rs:87:47\n   |\n87 | pub fn memchr(needle: u8, haystack: &[u8]) -> Option<usize> {\n   |                                               ^^^^^^ not found in this scope\n   |\nhelp: consider importing this enum\n   |\n1  + use core::option::Option;\n   |\n\nerror[E0412]: cannot find type `Option` in this scope\n   --> /Users/graysonnocera/.cargo/registry/src/index.crates.io-6f17d22bba15001f/memchr-2.5.0/src/memchr/mod.rs:116:40\n    |\n116 |     fn imp(n1: u8, haystack: &[u8]) -> Option<usize> {\n    |                                        ^^^^^^ not found in this scope\n    |\nhelp: consider importing this enum\n    |\n1   + use core::option::Option;\n    |\n\nerror[E0425]: cannot find value `None` in this scope\n   --> /Users/graysonnocera/.cargo/registry/src/index.crates.io-6f17d22bba15001f/memchr-2.5.0/src/memchr/mod.rs:121:9\n    |\n121 |         None\n    |         ^^^^ not found in this scope\n    |\nhelp: consider importing one of these unit variants\n    |\n1   + use crate::memmem::Prefilter::None;\n    |\n1   + use core::option::Option::None;\n    |\n\nerror[E0412]: cannot find type `Option` in this scope\n   --> /Users/graysonnocera/.cargo/registry/src/index.crates.io-6f17d22bba15001f/memchr-2.5.0/src/memchr/mod.rs:151:62\n    |\n151 | pub fn memchr2(needle1: u8, needle2: u8, haystack: &[u8]) -> Option<usize> {\n    |                                                              ^^^^^^ not found in this scope\n    |\nhelp: consider importing this enum\n    |\n1   + use core::option::Option;\n    |\n\nerror[E0412]: cannot find type `Option` in this scope\n   --> /Users/graysonnocera/.cargo/registry/src/index.crates.io-6f17d22bba15001f/memchr-2.5.0/src/memchr/mod.rs:169:48\n    |\n169 |     fn imp(n1: u8, n2: u8, haystack: &[u8]) -> Option<usize> {\n    |                                                ^^^^^^ not found in this scope\n    |\nhelp: consider importing this enum\n    |\n1   + use core::option::Option;\n    |\n\nerror[E0425]: cannot find value `None` in this scope\n   --> /Users/graysonnocera/.cargo/registry/src/index.crates.io-6f17d22bba15001f/memchr-2.5.0/src/memchr/mod.rs:174:9\n    |\n174 |         None\n    |         ^^^^ not found in this scope\n    |\nhelp: consider importing one of these unit variants\n    |\n1   + use crate::memmem::Prefilter::None;\n    |\n1   + use core::option::Option::None;\n    |\n\nerror[E0412]: cannot find type `Option` in this scope\n   --> /Users/graysonnocera/.cargo/registry/src/index.crates.io-6f17d22bba15001f/memchr-2.5.0/src/memchr/mod.rs:209:6\n    |\n209 | ) -> Option<usize> {\n    |      ^^^^^^ not found in this scope\n    |\nhelp: consider importing this enum\n    |\n1   + use core::option::Option;\n    |\n\nerror[E0412]: cannot find type `Option` in this scope\n   --> /Users/graysonnocera/.cargo/registry/src/index.crates.io-6f17d22bba15001f/memchr-2.5.0/src/memchr/mod.rs:227:56\n    |\n227 |     fn imp(n1: u8, n2: u8, n3: u8, haystack: &[u8]) -> Option<usize> {\n    |                                                        ^^^^^^ not found in this scope\n    |\nhelp: consider importing this enum\n    |\n1   + use core::option::Option;\n    |\n\nerror[E0425]: cannot find value `None` in this scope\n   --> /Users/graysonnocera/.cargo/registry/src/index.crates.io-6f17d22bba15001f/memchr-2.5.0/src/memchr/mod.rs:232:9\n    |\n232 |         None\n    |         ^^^^ not found in this scope\n    |\nhelp: consider importing one of these unit variants\n    |\n1   + use crate::memmem::Prefilter::None;\n    |\n1   + use core::option::Option::None;\n    |\n\nerror[E0412]: cannot find type `Option` in this scope\n   --> /Users/graysonnocera/.cargo/registry/src/index.crates.io-6f17d22bba15001f/memchr-2.5.0/src/memchr/mod.rs:260:48\n    |\n260 | pub fn memrchr(needle: u8, haystack: &[u8]) -> Option<usize> {\n    |                                                ^^^^^^ not found in this scope\n    |\nhelp: consider importing this enum\n    |\n1   + use core::option::Option;\n    |\n\nerror[E0412]: cannot find type `Option` in this scope\n   --> /Users/graysonnocera/.cargo/registry/src/index.crates.io-6f17d22bba15001f/memchr-2.5.0/src/memchr/mod.rs:290:40\n    |\n290 |     fn imp(n1: u8, haystack: &[u8]) -> Option<usize> {\n    |                                        ^^^^^^ not found in this scope\n    |\nhelp: consider importing this enum\n    |\n1   + use core::option::Option;\n    |\n\nerror[E0425]: cannot find value `None` in this scope\n   --> /Users/graysonnocera/.cargo/registry/src/index.crates.io-6f17d22bba15001f/memchr-2.5.0/src/memchr/mod.rs:295:9\n    |\n295 |         None\n    |         ^^^^ not found in this scope\n    |\nhelp: consider importing one of these unit variants\n    |\n1   + use crate::memmem::Prefilter::None;\n    |\n1   + use core::option::Option::None;\n    |\n\nerror[E0412]: cannot find type `Option` in this scope\n   --> /Users/graysonnocera/.cargo/registry/src/index.crates.io-6f17d22bba15001f/memchr-2.5.0/src/memchr/mod.rs:325:63\n    |\n325 | pub fn memrchr2(needle1: u8, needle2: u8, haystack: &[u8]) -> Option<usize> {\n    |                                                               ^^^^^^ not found in this scope\n    |\nhelp: consider importing this enum\n    |\n1   + use core::option::Option;\n    |\n\nerror[E0412]: cannot find type `Option` in this scope\n   --> /Users/graysonnocera/.cargo/registry/src/index.crates.io-6f17d22bba15001f/memchr-2.5.0/src/memchr/mod.rs:343:48\n    |\n343 |     fn imp(n1: u8, n2: u8, haystack: &[u8]) -> Option<usize> {\n    |                                                ^^^^^^ not found in this scope\n    |\nhelp: consider importing this enum\n    |\n1   + use core::option::Option;\n    |\n\nerror[E0425]: cannot find value `None` in this scope\n   --> /Users/graysonnocera/.cargo/registry/src/index.crates.io-6f17d22bba15001f/memchr-2.5.0/src/memchr/mod.rs:348:9\n    |\n348 |         None\n    |         ^^^^ not found in this scope\n    |\nhelp: consider importing one of these unit variants\n    |\n1   + use crate::memmem::Prefilter::None;\n    |\n1   + use core::option::Option::None;\n    |\n\nerror[E0412]: cannot find type `Option` in this scope\n   --> /Users/graysonnocera/.cargo/registry/src/index.crates.io-6f17d22bba15001f/memchr-2.5.0/src/memchr/mod.rs:383:6\n    |\n383 | ) -> Option<usize> {\n    |      ^^^^^^ not found in this scope\n    |\nhelp: consider importing this enum\n    |\n1   + use core::option::Option;\n    |\n\nerror[E0412]: cannot find type `Option` in this scope\n   --> /Users/graysonnocera/.cargo/registry/src/index.crates.io-6f17d22bba15001f/memchr-2.5.0/src/memchr/mod.rs:401:56\n    |\n401 |     fn imp(n1: u8, n2: u8, n3: u8, haystack: &[u8]) -> Option<usize> {\n    |                                                        ^^^^^^ not found in this scope\n    |\nhelp: consider importing this enum\n    |\n1   + use core::option::Option;\n    |\n\nerror[E0425]: cannot find value `None` in this scope\n   --> /Users/graysonnocera/.cargo/registry/src/index.crates.io-6f17d22bba15001f/memchr-2.5.0/src/memchr/mod.rs:406:9\n    |\n406 |         None\n    |         ^^^^ not found in this scope\n    |\nhelp: consider importing one of these unit variants\n    |\n1   + use crate::memmem::Prefilter::None;\n    |\n1   + use core::option::Option::None;\n    |\n\nerror[E0412]: cannot find type `Option` in this scope\n  --> /Users/graysonnocera/.cargo/registry/src/index.crates.io-6f17d22bba15001f/memchr-2.5.0/src/memmem/prefilter/fallback.rs:54:6\n   |\n54 | ) -> Option<usize> {\n   |      ^^^^^^ not found in this scope\n   |\nhelp: consider importing this enum\n   |\n31 + use core::option::Option;\n   |\n\nerror[E0425]: cannot find function, tuple struct or tuple variant `Some` in this scope\n  --> /Users/graysonnocera/.cargo/registry/src/index.crates.io-6f17d22bba15001f/memchr-2.5.0/src/memmem/prefilter/fallback.rs:76:44\n   |\n76 |         if haystack.get(aligned_rare2i) != Some(&rare2) {\n   |                                            ^^^^ not found in this scope\n   |\nhelp: consider importing this tuple variant\n   |\n31 + use core::option::Option::Some;\n   |\n\nerror[E0425]: cannot find function, tuple struct or tuple variant `Some` in this scope\n  --> /Users/graysonnocera/.cargo/registry/src/index.crates.io-6f17d22bba15001f/memchr-2.5.0/src/memmem/prefilter/fallback.rs:82:16\n   |\n82 |         return Some(i - rare1i);\n   |                ^^^^ not found in this scope\n   |\nhelp: consider importing this tuple variant\n   |\n31 + use core::option::Option::Some;\n   |\n\nerror[E0425]: cannot find function, tuple struct or tuple variant `Some` in this scope\n  --> /Users/graysonnocera/.cargo/registry/src/index.crates.io-6f17d22bba15001f/memchr-2.5.0/src/memmem/prefilter/fallback.rs:88:5\n   |\n88 |     Some(i.saturating_sub(rare1i))\n   |     ^^^^ not found in this scope\n   |\nhelp: consider importing this tuple variant\n   |\n31 + use core::option::Option::Some;\n   |\n\nerror[E0412]: cannot find type `Option` in this scope\n  --> /Users/graysonnocera/.cargo/registry/src/index.crates.io-6f17d22bba15001f/memchr-2.5.0/src/memmem/prefilter/mod.rs:38:10\n   |\n38 |     ) -> Option<usize> {\n   |          ^^^^^^ not found in this scope\n   |\nhelp: consider importing this enum\n   |\n1  + use core::option::Option;\n   |\n\nerror[E0412]: cannot find type `Option` in this scope\n  --> /Users/graysonnocera/.cargo/registry/src/index.crates.io-6f17d22bba15001f/memchr-2.5.0/src/memmem/prefilter/mod.rs:93:6\n   |\n93 | ) -> Option<usize>;\n   |      ^^^^^^ not found in this scope\n   |\nhelp: consider importing this enum\n   |\n1  + use core::option::Option;\n   |\n\nerror[E0412]: cannot find type `Option` in this scope\n   --> /Users/graysonnocera/.cargo/registry/src/index.crates.io-6f17d22bba15001f/memchr-2.5.0/src/memmem/prefilter/mod.rs:130:10\n    |\n130 |     ) -> Option<usize> {\n    |          ^^^^^^ not found in this scope\n    |\nhelp: consider importing this enum\n    |\n1   + use core::option::Option;\n    |\n\nerror[E0405]: cannot find trait `Default` in this scope\n   --> /Users/graysonnocera/.cargo/registry/src/index.crates.io-6f17d22bba15001f/memchr-2.5.0/src/memmem/prefilter/mod.rs:179:6\n    |\n179 | impl Default for Prefilter {\n    |      ^^^^^^^ not found in this scope\n    |\nhelp: consider importing this trait\n    |\n1   + use core::default::Default;\n    |\n\nerror[E0412]: cannot find type `Option` in this scope\n   --> /Users/graysonnocera/.cargo/registry/src/index.crates.io-6f17d22bba15001f/memchr-2.5.0/src/memmem/prefilter/mod.rs:294:6\n    |\n294 | ) -> Option<PrefilterFn> {\n    |      ^^^^^^ not found in this scope\n    |\nhelp: consider importing this enum\n    |\n1   + use core::option::Option;\n    |\n\nerror[E0425]: cannot find value `None` in this scope\n   --> /Users/graysonnocera/.cargo/registry/src/index.crates.io-6f17d22bba15001f/memchr-2.5.0/src/memmem/prefilter/mod.rs:296:16\n    |\n296 |         return None;\n    |                ^^^^ not found in this scope\n    |\nhelp: consider importing one of these unit variants\n    |\n1   + use crate::memmem::Prefilter::None;\n    |\n1   + use core::option::Option::None;\n    |\n\nerror[E0425]: cannot find function, tuple struct or tuple variant `Some` in this scope\n   --> /Users/graysonnocera/.cargo/registry/src/index.crates.io-6f17d22bba15001f/memchr-2.5.0/src/memmem/prefilter/mod.rs:333:25\n    |\n333 |         return unsafe { Some(PrefilterFn::new(fallback::find)) };\n    |                         ^^^^ not found in this scope\n    |\nhelp: consider importing this tuple variant\n    |\n1   + use core::option::Option::Some;\n    |\n\nerror[E0425]: cannot find value `None` in this scope\n   --> /Users/graysonnocera/.cargo/registry/src/index.crates.io-6f17d22bba15001f/memchr-2.5.0/src/memmem/prefilter/mod.rs:335:5\n    |\n335 |     None\n    |     ^^^^ not found in this scope\n    |\nhelp: consider importing one of these unit variants\n    |\n1   + use crate::memmem::Prefilter::None;\n    |\n1   + use core::option::Option::None;\n    |\n\nerror[E0412]: cannot find type `Option` in this scope\n  --> /Users/graysonnocera/.cargo/registry/src/index.crates.io-6f17d22bba15001f/memchr-2.5.0/src/memmem/rabinkarp.rs:40:55\n   |\n40 | pub(crate) fn find(haystack: &[u8], needle: &[u8]) -> Option<usize> {\n   |                                                       ^^^^^^ not found in this scope\n   |\nhelp: consider importing this enum\n   |\n34 + use core::option::Option;\n   |\n\nerror[E0412]: cannot find type `Option` in this scope\n  --> /Users/graysonnocera/.cargo/registry/src/index.crates.io-6f17d22bba15001f/memchr-2.5.0/src/memmem/rabinkarp.rs:50:6\n   |\n50 | ) -> Option<usize> {\n   |      ^^^^^^ not found in this scope\n   |\nhelp: consider importing this enum\n   |\n34 + use core::option::Option;\n   |\n\nerror[E0425]: cannot find value `None` in this scope\n  --> /Users/graysonnocera/.cargo/registry/src/index.crates.io-6f17d22bba15001f/memchr-2.5.0/src/memmem/rabinkarp.rs:52:16\n   |\n52 |         return None;\n   |                ^^^^ not found in this scope\n   |\nhelp: consider importing one of these unit variants\n   |\n34 + use crate::memmem::Prefilter::None;\n   |\n34 + use core::option::Option::None;\n   |\n\nerror[E0425]: cannot find function, tuple struct or tuple variant `Some` in this scope\n  --> /Users/graysonnocera/.cargo/registry/src/index.crates.io-6f17d22bba15001f/memchr-2.5.0/src/memmem/rabinkarp.rs:60:20\n   |\n60 |             return Some(haystack.as_ptr() as usize - start);\n   |                    ^^^^ not found in this scope\n   |\nhelp: consider importing this tuple variant\n   |\n34 + use core::option::Option::Some;\n   |\n\nerror[E0425]: cannot find value `None` in this scope\n  --> /Users/graysonnocera/.cargo/registry/src/index.crates.io-6f17d22bba15001f/memchr-2.5.0/src/memmem/rabinkarp.rs:63:20\n   |\n63 |             return None;\n   |                    ^^^^ not found in this scope\n   |\nhelp: consider importing one of these unit variants\n   |\n34 + use crate::memmem::Prefilter::None;\n   |\n34 + use core::option::Option::None;\n   |\n\nerror[E0412]: cannot find type `Option` in this scope\n  --> /Users/graysonnocera/.cargo/registry/src/index.crates.io-6f17d22bba15001f/memchr-2.5.0/src/memmem/rabinkarp.rs:71:56\n   |\n71 | pub(crate) fn rfind(haystack: &[u8], needle: &[u8]) -> Option<usize> {\n   |                                                        ^^^^^^ not found in this scope\n   |\nhelp: consider importing this enum\n   |\n34 + use core::option::Option;\n   |\n\nerror[E0412]: cannot find type `Option` in this scope\n  --> /Users/graysonnocera/.cargo/registry/src/index.crates.io-6f17d22bba15001f/memchr-2.5.0/src/memmem/rabinkarp.rs:81:6\n   |\n81 | ) -> Option<usize> {\n   |      ^^^^^^ not found in this scope\n   |\nhelp: consider importing this enum\n   |\n34 + use core::option::Option;\n   |\n\nerror[E0425]: cannot find value `None` in this scope\n  --> /Users/graysonnocera/.cargo/registry/src/index.crates.io-6f17d22bba15001f/memchr-2.5.0/src/memmem/rabinkarp.rs:83:16\n   |\n83 |         return None;\n   |                ^^^^ not found in this scope\n   |\nhelp: consider importing one of these unit variants\n   |\n34 + use crate::memmem::Prefilter::None;\n   |\n34 + use core::option::Option::None;\n   |\n\nerror[E0425]: cannot find function, tuple struct or tuple variant `Some` in this scope\n  --> /Users/graysonnocera/.cargo/registry/src/index.crates.io-6f17d22bba15001f/memchr-2.5.0/src/memmem/rabinkarp.rs:89:20\n   |\n89 |             return Some(haystack.len() - needle.len());\n   |                    ^^^^ not found in this scope\n   |\nhelp: consider importing this tuple variant\n   |\n34 + use core::option::Option::Some;\n   |\n\nerror[E0425]: cannot find value `None` in this scope\n  --> /Users/graysonnocera/.cargo/registry/src/index.crates.io-6f17d22bba15001f/memchr-2.5.0/src/memmem/rabinkarp.rs:92:20\n   |\n92 |             return None;\n   |                    ^^^^ not found in this scope\n   |\nhelp: consider importing one of these unit variants\n   |\n34 + use crate::memmem::Prefilter::None;\n   |\n34 + use core::option::Option::None;\n   |\n\nerror[E0412]: cannot find type `Option` in this scope\n   --> /Users/graysonnocera/.cargo/registry/src/index.crates.io-6f17d22bba15001f/memchr-2.5.0/src/memmem/twoway.rs:109:14\n    |\n109 |         pre: Option<&mut Pre<'_>>,\n    |              ^^^^^^ not found in this scope\n    |\nhelp: consider importing this enum\n    |\n1   + use core::option::Option;\n    |\n\nerror[E0412]: cannot find type `Option` in this scope\n   --> /Users/graysonnocera/.cargo/registry/src/index.crates.io-6f17d22bba15001f/memchr-2.5.0/src/memmem/twoway.rs:112:10\n    |\n112 |     ) -> Option<usize> {\n    |          ^^^^^^ not found in this scope\n    |\nhelp: consider importing this enum\n    |\n1   + use core::option::Option;\n    |\n\nerror[E0412]: cannot find type `Option` in this scope\n   --> /Users/graysonnocera/.cargo/registry/src/index.crates.io-6f17d22bba15001f/memchr-2.5.0/src/memmem/twoway.rs:154:18\n    |\n154 |         mut pre: Option<&mut Pre<'_>>,\n    |                  ^^^^^^ not found in this scope\n    |\nhelp: consider importing this enum\n    |\n1   + use core::option::Option;\n    |\n\nerror[E0412]: cannot find type `Option` in this scope\n   --> /Users/graysonnocera/.cargo/registry/src/index.crates.io-6f17d22bba15001f/memchr-2.5.0/src/memmem/twoway.rs:158:10\n    |\n158 |     ) -> Option<usize> {\n    |          ^^^^^^ not found in this scope\n    |\nhelp: consider importing this enum\n    |\n1   + use core::option::Option;\n    |\n\nerror[E0531]: cannot find tuple struct or tuple variant `Some` in this scope\n   --> /Users/graysonnocera/.cargo/registry/src/index.crates.io-6f17d22bba15001f/memchr-2.5.0/src/memmem/twoway.rs:164:20\n    |\n164 |             if let Some(pre) = pre.as_mut() {\n    |                    ^^^^ not found in this scope\n    |\nhelp: consider importing this tuple variant\n    |\n1   + use core::option::Option::Some;\n    |\n\nerror[E0425]: cannot find value `None` in this scope\n   --> /Users/graysonnocera/.cargo/registry/src/index.crates.io-6f17d22bba15001f/memchr-2.5.0/src/memmem/twoway.rs:170:32\n    |\n170 |                         return None;\n    |                                ^^^^ not found in this scope\n    |\nhelp: consider importing one of these unit variants\n    |\n1   + use crate::memmem::Prefilter::None;\n    |\n1   + use core::option::Option::None;\n    |\n\nerror[E0425]: cannot find function, tuple struct or tuple variant `Some` in this scope\n   --> /Users/graysonnocera/.cargo/registry/src/index.crates.io-6f17d22bba15001f/memchr-2.5.0/src/memmem/twoway.rs:191:28\n    |\n191 |                     return Some(pos);\n    |                            ^^^^ not found in this scope\n    |\nhelp: consider importing this tuple variant\n    |\n1   + use core::option::Option::Some;\n    |\n\nerror[E0425]: cannot find value `None` in this scope\n   --> /Users/graysonnocera/.cargo/registry/src/index.crates.io-6f17d22bba15001f/memchr-2.5.0/src/memmem/twoway.rs:197:9\n    |\n197 |         None\n    |         ^^^^ not found in this scope\n    |\nhelp: consider importing one of these unit variants\n    |\n1   + use crate::memmem::Prefilter::None;\n    |\n1   + use core::option::Option::None;\n    |\n\nerror[E0412]: cannot find type `Option` in this scope\n   --> /Users/graysonnocera/.cargo/registry/src/index.crates.io-6f17d22bba15001f/memchr-2.5.0/src/memmem/twoway.rs:203:18\n    |\n203 |         mut pre: Option<&mut Pre<'_>>,\n    |                  ^^^^^^ not found in this scope\n    |\nhelp: consider importing this enum\n    |\n1   + use core::option::Option;\n    |\n\nerror[E0412]: cannot find type `Option` in this scope\n   --> /Users/graysonnocera/.cargo/registry/src/index.crates.io-6f17d22bba15001f/memchr-2.5.0/src/memmem/twoway.rs:207:10\n    |\n207 |     ) -> Option<usize> {\n    |          ^^^^^^ not found in this scope\n    |\nhelp: consider importing this enum\n    |\n1   + use core::option::Option;\n    |\n\nerror[E0531]: cannot find tuple struct or tuple variant `Some` in this scope\n   --> /Users/graysonnocera/.cargo/registry/src/index.crates.io-6f17d22bba15001f/memchr-2.5.0/src/memmem/twoway.rs:211:20\n    |\n211 |             if let Some(pre) = pre.as_mut() {\n    |                    ^^^^ not found in this scope\n    |\nhelp: consider importing this tuple variant\n    |\n1   + use core::option::Option::Some;\n    |\n\nerror[E0425]: cannot find value `None` in this scope\n   --> /Users/graysonnocera/.cargo/registry/src/index.crates.io-6f17d22bba15001f/memchr-2.5.0/src/memmem/twoway.rs:215:32\n    |\n215 |                         return None;\n    |                                ^^^^ not found in this scope\n    |\nhelp: consider importing one of these unit variants\n    |\n1   + use crate::memmem::Prefilter::None;\n    |\n1   + use core::option::Option::None;\n    |\n\nerror[E0425]: cannot find function, tuple struct or tuple variant `Some` in this scope\n   --> /Users/graysonnocera/.cargo/registry/src/index.crates.io-6f17d22bba15001f/memchr-2.5.0/src/memmem/twoway.rs:237:24\n    |\n237 |                 return Some(pos);\n    |                        ^^^^ not found in this scope\n    |\nhelp: consider importing this tuple variant\n    |\n1   + use core::option::Option::Some;\n    |\n\nerror[E0425]: cannot find value `None` in this scope\n   --> /Users/graysonnocera/.cargo/registry/src/index.crates.io-6f17d22bba15001f/memchr-2.5.0/src/memmem/twoway.rs:240:9\n    |\n240 |         None\n    |         ^^^^ not found in this scope\n    |\nhelp: consider importing one of these unit variants\n    |\n1   + use crate::memmem::Prefilter::None;\n    |\n1   + use core::option::Option::None;\n    |\n\nerror[E0412]: cannot find type `Option` in this scope\n   --> /Users/graysonnocera/.cargo/registry/src/index.crates.io-6f17d22bba15001f/memchr-2.5.0/src/memmem/twoway.rs:279:10\n    |\n279 |     ) -> Option<usize> {\n    |          ^^^^^^ not found in this scope\n    |\nhelp: consider importing this enum\n    |\n1   + use core::option::Option;\n    |\n\nerror[E0412]: cannot find type `Option` in this scope\n   --> /Users/graysonnocera/.cargo/registry/src/index.crates.io-6f17d22bba15001f/memchr-2.5.0/src/memmem/twoway.rs:316:10\n    |\n316 |     ) -> Option<usize> {\n    |          ^^^^^^ not found in this scope\n    |\nhelp: consider importing this enum\n    |\n1   + use core::option::Option;\n    |\n\nerror[E0425]: cannot find function, tuple struct or tuple variant `Some` in this scope\n   --> /Users/graysonnocera/.cargo/registry/src/index.crates.io-6f17d22bba15001f/memchr-2.5.0/src/memmem/twoway.rs:339:28\n    |\n339 |                     return Some(pos - nlen);\n    |                            ^^^^ not found in this scope\n    |\nhelp: consider importing this tuple variant\n    |\n1   + use core::option::Option::Some;\n    |\n\nerror[E0425]: cannot find value `None` in this scope\n   --> /Users/graysonnocera/.cargo/registry/src/index.crates.io-6f17d22bba15001f/memchr-2.5.0/src/memmem/twoway.rs:345:9\n    |\n345 |         None\n    |         ^^^^ not found in this scope\n    |\nhelp: consider importing one of these unit variants\n    |\n1   + use crate::memmem::Prefilter::None;\n    |\n1   + use core::option::Option::None;\n    |\n\nerror[E0412]: cannot find type `Option` in this scope\n   --> /Users/graysonnocera/.cargo/registry/src/index.crates.io-6f17d22bba15001f/memchr-2.5.0/src/memmem/twoway.rs:354:10\n    |\n354 |     ) -> Option<usize> {\n    |          ^^^^^^ not found in this scope\n    |\nhelp: consider importing this enum\n    |\n1   + use core::option::Option;\n    |\n\nerror[E0425]: cannot find function, tuple struct or tuple variant `Some` in this scope\n   --> /Users/graysonnocera/.cargo/registry/src/index.crates.io-6f17d22bba15001f/memchr-2.5.0/src/memmem/twoway.rs:374:28\n    |\n374 |                     return Some(pos - nlen);\n    |                            ^^^^ not found in this scope\n    |\nhelp: consider importing this tuple variant\n    |\n1   + use core::option::Option::Some;\n    |\n\nerror[E0425]: cannot find value `None` in this scope\n   --> /Users/graysonnocera/.cargo/registry/src/index.crates.io-6f17d22bba15001f/memchr-2.5.0/src/memmem/twoway.rs:379:9\n    |\n379 |         None\n    |         ^^^^ not found in this scope\n    |\nhelp: consider importing one of these unit variants\n    |\n1   + use crate::memmem::Prefilter::None;\n    |\n1   + use core::option::Option::None;\n    |\n\nerror[E0405]: cannot find trait `Sized` in this scope\n   --> /Users/graysonnocera/.cargo/registry/src/index.crates.io-6f17d22bba15001f/memchr-2.5.0/src/memmem/mod.rs:190:35\n    |\n190 | pub fn find_iter<'h, 'n, N: 'n + ?Sized + AsRef<[u8]>>(\n    |                                   ^^^^^ not found in this scope\n    |\nhelp: consider importing this trait\n    |\n69  + use core::marker::Sized;\n    |\n\nerror[E0405]: cannot find trait `AsRef` in this scope\n   --> /Users/graysonnocera/.cargo/registry/src/index.crates.io-6f17d22bba15001f/memchr-2.5.0/src/memmem/mod.rs:190:43\n    |\n190 | pub fn find_iter<'h, 'n, N: 'n + ?Sized + AsRef<[u8]>>(\n    |                                           ^^^^^ not found in this scope\n    |\nhelp: consider importing this trait\n    |\n69  + use core::convert::AsRef;\n    |\n\nerror[E0405]: cannot find trait `Sized` in this scope\n   --> /Users/graysonnocera/.cargo/registry/src/index.crates.io-6f17d22bba15001f/memchr-2.5.0/src/memmem/mod.rs:224:36\n    |\n224 | pub fn rfind_iter<'h, 'n, N: 'n + ?Sized + AsRef<[u8]>>(\n    |                                    ^^^^^ not found in this scope\n    |\nhelp: consider importing this trait\n    |\n69  + use core::marker::Sized;\n    |\n\nerror[E0405]: cannot find trait `AsRef` in this scope\n   --> /Users/graysonnocera/.cargo/registry/src/index.crates.io-6f17d22bba15001f/memchr-2.5.0/src/memmem/mod.rs:224:44\n    |\n224 | pub fn rfind_iter<'h, 'n, N: 'n + ?Sized + AsRef<[u8]>>(\n    |                                            ^^^^^ not found in this scope\n    |\nhelp: consider importing this trait\n    |\n69  + use core::convert::AsRef;\n    |\n\nerror[E0412]: cannot find type `Option` in this scope\n   --> /Users/graysonnocera/.cargo/registry/src/index.crates.io-6f17d22bba15001f/memchr-2.5.0/src/memmem/mod.rs:259:48\n    |\n259 | pub fn find(haystack: &[u8], needle: &[u8]) -> Option<usize> {\n    |                                                ^^^^^^ not found in this scope\n    |\nhelp: consider importing this enum\n    |\n69  + use core::option::Option;\n    |\n\nerror[E0412]: cannot find type `Option` in this scope\n   --> /Users/graysonnocera/.cargo/registry/src/index.crates.io-6f17d22bba15001f/memchr-2.5.0/src/memmem/mod.rs:296:49\n    |\n296 | pub fn rfind(haystack: &[u8], needle: &[u8]) -> Option<usize> {\n    |                                                 ^^^^^^ not found in this scope\n    |\nhelp: consider importing this enum\n    |\n69  + use core::option::Option;\n    |\n\nerror[E0405]: cannot find trait `Iterator` in this scope\n   --> /Users/graysonnocera/.cargo/registry/src/index.crates.io-6f17d22bba15001f/memchr-2.5.0/src/memmem/mod.rs:347:14\n    |\n347 | impl<'h, 'n> Iterator for FindIter<'h, 'n> {\n    |              ^^^^^^^^ not found in this scope\n    |\nhelp: consider importing this trait\n    |\n69  + use core::iter::Iterator;\n    |\n\nerror[E0412]: cannot find type `Option` in this scope\n   --> /Users/graysonnocera/.cargo/registry/src/index.crates.io-6f17d22bba15001f/memchr-2.5.0/src/memmem/mod.rs:350:27\n    |\n350 |     fn next(&mut self) -> Option<usize> {\n    |                           ^^^^^^ not found in this scope\n    |\nhelp: consider importing this enum\n    |\n69  + use core::option::Option;\n    |\n\nerror[E0425]: cannot find value `None` in this scope\n   --> /Users/graysonnocera/.cargo/registry/src/index.crates.io-6f17d22bba15001f/memchr-2.5.0/src/memmem/mod.rs:352:20\n    |\n352 |             return None;\n    |                    ^^^^ not found in this scope\n    |\nhelp: consider importing one of these unit variants\n    |\n69  + use crate::memmem::Prefilter::None;\n    |\n69  + use core::option::Option::None;\n    |\n\nerror[E0531]: cannot find tuple struct or tuple variant `Some` in this scope\n   --> /Users/graysonnocera/.cargo/registry/src/index.crates.io-6f17d22bba15001f/memchr-2.5.0/src/memmem/mod.rs:360:13\n    |\n360 |             Some(i) => {\n    |             ^^^^ not found in this scope\n    |\nhelp: consider importing this tuple variant\n    |\n69  + use core::option::Option::Some;\n    |\n\nerror[E0425]: cannot find function, tuple struct or tuple variant `Some` in this scope\n   --> /Users/graysonnocera/.cargo/registry/src/index.crates.io-6f17d22bba15001f/memchr-2.5.0/src/memmem/mod.rs:363:17\n    |\n363 |                 Some(pos)\n    |                 ^^^^ not found in this scope\n    |\nhelp: consider importing this tuple variant\n    |\n69  + use core::option::Option::Some;\n    |\n\nerror[E0412]: cannot find type `Option` in this scope\n   --> /Users/graysonnocera/.cargo/registry/src/index.crates.io-6f17d22bba15001f/memchr-2.5.0/src/memmem/mod.rs:381:10\n    |\n381 |     pos: Option<usize>,\n    |          ^^^^^^ not found in this scope\n    |\nhelp: consider importing this enum\n    |\n69  + use core::option::Option;\n    |\n\nerror[E0425]: cannot find function, tuple struct or tuple variant `Some` in this scope\n   --> /Users/graysonnocera/.cargo/registry/src/index.crates.io-6f17d22bba15001f/memchr-2.5.0/src/memmem/mod.rs:390:19\n    |\n390 |         let pos = Some(haystack.len());\n    |                   ^^^^ not found in this scope\n    |\nhelp: consider importing this tuple variant\n    |\n69  + use core::option::Option::Some;\n    |\n\nerror[E0405]: cannot find trait `Iterator` in this scope\n   --> /Users/graysonnocera/.cargo/registry/src/index.crates.io-6f17d22bba15001f/memchr-2.5.0/src/memmem/mod.rs:412:14\n    |\n412 | impl<'h, 'n> Iterator for FindRevIter<'h, 'n> {\n    |              ^^^^^^^^ not found in this scope\n    |\nhelp: consider importing this trait\n    |\n69  + use core::iter::Iterator;\n    |\n\nerror[E0412]: cannot find type `Option` in this scope\n   --> /Users/graysonnocera/.cargo/registry/src/index.crates.io-6f17d22bba15001f/memchr-2.5.0/src/memmem/mod.rs:415:27\n    |\n415 |     fn next(&mut self) -> Option<usize> {\n    |                           ^^^^^^ not found in this scope\n    |\nhelp: consider importing this enum\n    |\n69  + use core::option::Option;\n    |\n\nerror[E0531]: cannot find tuple struct or tuple variant `Some` in this scope\n   --> /Users/graysonnocera/.cargo/registry/src/index.crates.io-6f17d22bba15001f/memchr-2.5.0/src/memmem/mod.rs:418:13\n    |\n418 |             Some(pos) => pos,\n    |             ^^^^ not found in this scope\n    |\nhelp: consider importing this tuple variant\n    |\n69  + use core::option::Option::Some;\n    |\n\nerror[E0531]: cannot find tuple struct or tuple variant `Some` in this scope\n   --> /Users/graysonnocera/.cargo/registry/src/index.crates.io-6f17d22bba15001f/memchr-2.5.0/src/memmem/mod.rs:423:13\n    |\n423 |             Some(i) => {\n    |             ^^^^ not found in this scope\n    |\nhelp: consider importing this tuple variant\n    |\n69  + use core::option::Option::Some;\n    |\n\nerror[E0425]: cannot find function, tuple struct or tuple variant `Some` in this scope\n   --> /Users/graysonnocera/.cargo/registry/src/index.crates.io-6f17d22bba15001f/memchr-2.5.0/src/memmem/mod.rs:427:32\n    |\n427 |                     self.pos = Some(i);\n    |                                ^^^^ not found in this scope\n    |\nhelp: consider importing this tuple variant\n    |\n69  + use core::option::Option::Some;\n    |\n\nerror[E0425]: cannot find function, tuple struct or tuple variant `Some` in this scope\n   --> /Users/graysonnocera/.cargo/registry/src/index.crates.io-6f17d22bba15001f/memchr-2.5.0/src/memmem/mod.rs:429:17\n    |\n429 |                 Some(i)\n    |                 ^^^^ not found in this scope\n    |\nhelp: consider importing this tuple variant\n    |\n69  + use core::option::Option::Some;\n    |\n\nerror[E0405]: cannot find trait `Sized` in this scope\n   --> /Users/graysonnocera/.cargo/registry/src/index.crates.io-6f17d22bba15001f/memchr-2.5.0/src/memmem/mod.rs:456:20\n    |\n456 |     pub fn new<B: ?Sized + AsRef<[u8]>>(needle: &'n B) -> Finder<'n> {\n    |                    ^^^^^ not found in this scope\n    |\nhelp: consider importing this trait\n    |\n69  + use core::marker::Sized;\n    |\n\nerror[E0405]: cannot find trait `AsRef` in this scope\n   --> /Users/graysonnocera/.cargo/registry/src/index.crates.io-6f17d22bba15001f/memchr-2.5.0/src/memmem/mod.rs:456:28\n    |\n456 |     pub fn new<B: ?Sized + AsRef<[u8]>>(needle: &'n B) -> Finder<'n> {\n    |                            ^^^^^ not found in this scope\n    |\nhelp: consider importing this trait\n    |\n69  + use core::convert::AsRef;\n    |\n\nerror[E0412]: cannot find type `Option` in this scope\n   --> /Users/graysonnocera/.cargo/registry/src/index.crates.io-6f17d22bba15001f/memchr-2.5.0/src/memmem/mod.rs:484:44\n    |\n484 |     pub fn find(&self, haystack: &[u8]) -> Option<usize> {\n    |                                            ^^^^^^ not found in this scope\n    |\nhelp: consider importing this enum\n    |\n69  + use core::option::Option;\n    |\n\nerror[E0405]: cannot find trait `Sized` in this scope\n   --> /Users/graysonnocera/.cargo/registry/src/index.crates.io-6f17d22bba15001f/memchr-2.5.0/src/memmem/mod.rs:583:20\n    |\n583 |     pub fn new<B: ?Sized + AsRef<[u8]>>(needle: &'n B) -> FinderRev<'n> {\n    |                    ^^^^^ not found in this scope\n    |\nhelp: consider importing this trait\n    |\n69  + use core::marker::Sized;\n    |\n\nerror[E0405]: cannot find trait `AsRef` in this scope\n   --> /Users/graysonnocera/.cargo/registry/src/index.crates.io-6f17d22bba15001f/memchr-2.5.0/src/memmem/mod.rs:583:28\n    |\n583 |     pub fn new<B: ?Sized + AsRef<[u8]>>(needle: &'n B) -> FinderRev<'n> {\n    |                            ^^^^^ not found in this scope\n    |\nhelp: consider importing this trait\n    |\n69  + use core::convert::AsRef;\n    |\n\nerror[E0405]: cannot find trait `AsRef` in this scope\n   --> /Users/graysonnocera/.cargo/registry/src/index.crates.io-6f17d22bba15001f/memchr-2.5.0/src/memmem/mod.rs:614:21\n    |\n614 |     pub fn rfind<B: AsRef<[u8]>>(&self, haystack: B) -> Option<usize> {\n    |                     ^^^^^ not found in this scope\n    |\nhelp: consider importing this trait\n    |\n69  + use core::convert::AsRef;\n    |\n\nerror[E0412]: cannot find type `Option` in this scope\n   --> /Users/graysonnocera/.cargo/registry/src/index.crates.io-6f17d22bba15001f/memchr-2.5.0/src/memmem/mod.rs:614:57\n    |\n614 |     pub fn rfind<B: AsRef<[u8]>>(&self, haystack: B) -> Option<usize> {\n    |                                                         ^^^^^^ not found in this scope\n    |\nhelp: consider importing this enum\n    |\n69  + use core::option::Option;\n    |\n\nerror[E0405]: cannot find trait `Sized` in this scope\n   --> /Users/graysonnocera/.cargo/registry/src/index.crates.io-6f17d22bba15001f/memchr-2.5.0/src/memmem/mod.rs:711:34\n    |\n711 |     pub fn build_forward<'n, B: ?Sized + AsRef<[u8]>>(\n    |                                  ^^^^^ not found in this scope\n    |\nhelp: consider importing this trait\n    |\n69  + use core::marker::Sized;\n    |\n\nerror[E0405]: cannot find trait `AsRef` in this scope\n   --> /Users/graysonnocera/.cargo/registry/src/index.crates.io-6f17d22bba15001f/memchr-2.5.0/src/memmem/mod.rs:711:42\n    |\n711 |     pub fn build_forward<'n, B: ?Sized + AsRef<[u8]>>(\n    |                                          ^^^^^ not found in this scope\n    |\nhelp: consider importing this trait\n    |\n69  + use core::convert::AsRef;\n    |\n\nerror[E0405]: cannot find trait `Sized` in this scope\n   --> /Users/graysonnocera/.cargo/registry/src/index.crates.io-6f17d22bba15001f/memchr-2.5.0/src/memmem/mod.rs:720:34\n    |\n720 |     pub fn build_reverse<'n, B: ?Sized + AsRef<[u8]>>(\n    |                                  ^^^^^ not found in this scope\n    |\nhelp: consider importing this trait\n    |\n69  + use core::marker::Sized;\n    |\n\nerror[E0405]: cannot find trait `AsRef` in this scope\n   --> /Users/graysonnocera/.cargo/registry/src/index.crates.io-6f17d22bba15001f/memchr-2.5.0/src/memmem/mod.rs:720:42\n    |\n720 |     pub fn build_reverse<'n, B: ?Sized + AsRef<[u8]>>(\n    |                                          ^^^^^ not found in this scope\n    |\nhelp: consider importing this trait\n    |\n69  + use core::convert::AsRef;\n    |\n\nerror[E0412]: cannot find type `Option` in this scope\n   --> /Users/graysonnocera/.cargo/registry/src/index.crates.io-6f17d22bba15001f/memchr-2.5.0/src/memmem/mod.rs:757:12\n    |\n757 |     prefn: Option<PrefilterFn>,\n    |            ^^^^^^ not found in this scope\n    |\nhelp: consider importing this enum\n    |\n69  + use core::option::Option;\n    |\n\nerror[E0412]: cannot find type `Option` in this scope\n   --> /Users/graysonnocera/.cargo/registry/src/index.crates.io-6f17d22bba15001f/memchr-2.5.0/src/memmem/mod.rs:934:10\n    |\n934 |     ) -> Option<usize> {\n    |          ^^^^^^ not found in this scope\n    |\nhelp: consider importing this enum\n    |\n69  + use core::option::Option;\n    |\n\nerror[E0425]: cannot find value `None` in this scope\n   --> /Users/graysonnocera/.cargo/registry/src/index.crates.io-6f17d22bba15001f/memchr-2.5.0/src/memmem/mod.rs:939:20\n    |\n939 |             return None;\n    |                    ^^^^ not found in this scope\n    |\nhelp: consider importing one of these unit variants\n    |\n69  + use crate::memmem::Prefilter::None;\n    |\n69  + use core::option::Option::None;\n    |\n\nerror[E0425]: cannot find function, tuple struct or tuple variant `Some` in this scope\n   --> /Users/graysonnocera/.cargo/registry/src/index.crates.io-6f17d22bba15001f/memchr-2.5.0/src/memmem/mod.rs:942:22\n    |\n942 |             Empty => Some(0),\n    |                      ^^^^ not found in this scope\n    |\nhelp: consider importing this tuple variant\n    |\n69  + use core::option::Option::Some;\n    |\n\nerror[E0412]: cannot find type `Option` in this scope\n   --> /Users/graysonnocera/.cargo/registry/src/index.crates.io-6f17d22bba15001f/memchr-2.5.0/src/memmem/mod.rs:996:10\n    |\n996 |     ) -> Option<usize> {\n    |          ^^^^^^ not found in this scope\n    |\nhelp: consider importing this enum\n    |\n69  + use core::option::Option;\n    |\n\nerror[E0531]: cannot find tuple struct or tuple variant `Some` in this scope\n   --> /Users/graysonnocera/.cargo/registry/src/index.crates.io-6f17d22bba15001f/memchr-2.5.0/src/memmem/mod.rs:997:16\n    |\n997 |         if let Some(prefn) = self.prefn {\n    |                ^^^^ not found in this scope\n    |\nhelp: consider importing this tuple variant\n    |\n69  + use core::option::Option::Some;\n    |\n\nerror[E0425]: cannot find function, tuple struct or tuple variant `Some` in this scope\n    --> /Users/graysonnocera/.cargo/registry/src/index.crates.io-6f17d22bba15001f/memchr-2.5.0/src/memmem/mod.rs:1005:32\n     |\n1005 |                 return tw.find(Some(&mut pre), haystack, needle);\n     |                                ^^^^ not found in this scope\n     |\nhelp: consider importing this tuple variant\n     |\n69   + use core::option::Option::Some;\n     |\n\nerror[E0425]: cannot find value `None` in this scope\n    --> /Users/graysonnocera/.cargo/registry/src/index.crates.io-6f17d22bba15001f/memchr-2.5.0/src/memmem/mod.rs:1008:17\n     |\n1008 |         tw.find(None, haystack, needle)\n     |                 ^^^^ not found in this scope\n     |\nhelp: consider importing one of these unit variants\n     |\n69   + use crate::memmem::Prefilter::None;\n     |\n69   + use core::option::Option::None;\n     |\n\nerror[E0412]: cannot find type `Option` in this scope\n    --> /Users/graysonnocera/.cargo/registry/src/index.crates.io-6f17d22bba15001f/memchr-2.5.0/src/memmem/mod.rs:1109:41\n     |\n1109 |     fn rfind(&self, haystack: &[u8]) -> Option<usize> {\n     |                                         ^^^^^^ not found in this scope\n     |\nhelp: consider importing this enum\n     |\n69   + use core::option::Option;\n     |\n\nerror[E0425]: cannot find value `None` in this scope\n    --> /Users/graysonnocera/.cargo/registry/src/index.crates.io-6f17d22bba15001f/memchr-2.5.0/src/memmem/mod.rs:1114:20\n     |\n1114 |             return None;\n     |                    ^^^^ not found in this scope\n     |\nhelp: consider importing one of these unit variants\n     |\n69   + use crate::memmem::Prefilter::None;\n     |\n69   + use core::option::Option::None;\n     |\n\nerror[E0425]: cannot find function, tuple struct or tuple variant `Some` in this scope\n    --> /Users/graysonnocera/.cargo/registry/src/index.crates.io-6f17d22bba15001f/memchr-2.5.0/src/memmem/mod.rs:1117:22\n     |\n1117 |             Empty => Some(haystack.len()),\n     |                      ^^^^ not found in this scope\n     |\nhelp: consider importing this tuple variant\n     |\n69   + use core::option::Option::Some;\n     |\n\nerror[E0433]: failed to resolve: use of undeclared type `Box`\n  --> /Users/graysonnocera/.cargo/registry/src/index.crates.io-6f17d22bba15001f/memchr-2.5.0/src/cow.rs:64:53\n   |\n64 |             Imp::Borrowed(b) => CowBytes::new_owned(Box::from(b)),\n   |                                                     ^^^ use of undeclared type `Box`\n\nSome errors have detailed explanations: E0405, E0412, E0425, E0433, E0463, E0531.\nFor more information about an error, try `rustc --explain E0405`.\nerror: could not compile `memchr` (lib) due to 200 previous errors\n",
      "stdout": ""
    },
    "features": [
      "std",
      "no-std"
    ],
    "project": "../../../Downloads/695-Project/dataset/nostd-failed-crates/crates/sapio-bitcoin-0.28.2/src",
    "time_to_build": 293,
    "time_to_solve": 1001
  }
]