[
  {
    "built_with_features": null,
    "command": {
      "args": [
        "build",
        "--target",
        "thumbv7m-none-eabi",
        "--no-default-features"
      ],
      "code": 101,
      "stderr": "warning: no edition set: defaulting to the 2015 edition while the latest is 2021\n   Compiling c99 v0.1.1\n   Compiling softfloat-sys v0.1.3 (/Users/graysonnocera/Downloads/695-Project/dataset/nostd-failed-crates/crates/softfloat-sys-0.1.3)\nerror[E0463]: can't find crate for `std`\n  |\n  = note: the `thumbv7m-none-eabi` target may not support the standard library\n  = note: `std` is required by `c99` because it does not declare `#![no_std]`\n\nerror: cannot find macro `include` in this scope\n  --> /Users/graysonnocera/.cargo/registry/src/index.crates.io-6f17d22bba15001f/c99-0.1.1/src/lib.rs:16:2\n   |\n16 |     include!(concat!(env!(\"OUT_DIR\"), \"/gen.rs\"));\n   |     ^^^^^^^\n\nFor more information about this error, try `rustc --explain E0463`.\nerror: could not compile `c99` (lib) due to 2 previous errors\nwarning: build failed, waiting for other jobs to finish...\nerror[E0425]: cannot find value `SPECIALIZED_PATH` in this scope\n   --> build.rs:351:71\n    |\n351 |         let specialized_source_path = softfloat_source.join(Path::new(SPECIALIZED_PATH));\n    |                                                                       ^^^^^^^^^^^^^^^^ not found in this scope\n\nFor more information about this error, try `rustc --explain E0425`.\nerror: could not compile `softfloat-sys` (build script) due to 1 previous error\n",
      "stdout": ""
    },
    "features": [],
    "project": "../../../Downloads/695-Project/dataset/nostd-failed-crates/crates/softfloat-sys-0.1.3/src",
    "time_to_build": 325,
    "time_to_solve": 31
  }
]