[
  {
    "built_with_features": null,
    "command": {
      "args": [
        "build",
        "--target",
        "thumbv7m-none-eabi",
        "--no-default-features"
      ],
      "code": 101,
      "stderr": "   Compiling byteorder v1.3.2\nerror[E0463]: can't find crate for `std`\n  |\n  = note: the `thumbv7m-none-eabi` target may not support the standard library\n  = note: `std` is required by `byteorder` because it does not declare `#![no_std]`\n\nerror: cannot find macro `try` in this scope\n  --> /Users/graysonnocera/.cargo/registry/src/index.crates.io-6f17d22bba15001f/byteorder-1.3.2/src/io.rs:55:9\n   |\n55 |         try!(self.read_exact(&mut buf));\n   |         ^^^\n   |\nhelp: consider importing this macro\n   |\n1  + use core::try;\n   |\n\nerror: cannot find macro `try` in this scope\n  --> /Users/graysonnocera/.cargo/registry/src/index.crates.io-6f17d22bba15001f/byteorder-1.3.2/src/io.rs:85:9\n   |\n85 |         try!(self.read_exact(&mut buf));\n   |         ^^^\n   |\nhelp: consider importing this macro\n   |\n1  + use core::try;\n   |\n\nerror: cannot find macro `try` in this scope\n   --> /Users/graysonnocera/.cargo/registry/src/index.crates.io-6f17d22bba15001f/byteorder-1.3.2/src/io.rs:112:9\n    |\n112 |         try!(self.read_exact(&mut buf));\n    |         ^^^\n    |\nhelp: consider importing this macro\n    |\n1   + use core::try;\n    |\n\nerror: cannot find macro `try` in this scope\n   --> /Users/graysonnocera/.cargo/registry/src/index.crates.io-6f17d22bba15001f/byteorder-1.3.2/src/io.rs:139:9\n    |\n139 |         try!(self.read_exact(&mut buf));\n    |         ^^^\n    |\nhelp: consider importing this macro\n    |\n1   + use core::try;\n    |\n\nerror: cannot find macro `try` in this scope\n   --> /Users/graysonnocera/.cargo/registry/src/index.crates.io-6f17d22bba15001f/byteorder-1.3.2/src/io.rs:165:9\n    |\n165 |         try!(self.read_exact(&mut buf));\n    |         ^^^\n    |\nhelp: consider importing this macro\n    |\n1   + use core::try;\n    |\n\nerror: cannot find macro `try` in this scope\n   --> /Users/graysonnocera/.cargo/registry/src/index.crates.io-6f17d22bba15001f/byteorder-1.3.2/src/io.rs:191:9\n    |\n191 |         try!(self.read_exact(&mut buf));\n    |         ^^^\n    |\nhelp: consider importing this macro\n    |\n1   + use core::try;\n    |\n\nerror: cannot find macro `try` in this scope\n   --> /Users/graysonnocera/.cargo/registry/src/index.crates.io-6f17d22bba15001f/byteorder-1.3.2/src/io.rs:217:9\n    |\n217 |         try!(self.read_exact(&mut buf));\n    |         ^^^\n    |\nhelp: consider importing this macro\n    |\n1   + use core::try;\n    |\n\nerror: cannot find macro `try` in this scope\n   --> /Users/graysonnocera/.cargo/registry/src/index.crates.io-6f17d22bba15001f/byteorder-1.3.2/src/io.rs:243:9\n    |\n243 |         try!(self.read_exact(&mut buf));\n    |         ^^^\n    |\nhelp: consider importing this macro\n    |\n1   + use core::try;\n    |\n\nerror: cannot find macro `try` in this scope\n   --> /Users/graysonnocera/.cargo/registry/src/index.crates.io-6f17d22bba15001f/byteorder-1.3.2/src/io.rs:269:9\n    |\n269 |         try!(self.read_exact(&mut buf));\n    |         ^^^\n    |\nhelp: consider importing this macro\n    |\n1   + use core::try;\n    |\n\nerror: cannot find macro `try` in this scope\n   --> /Users/graysonnocera/.cargo/registry/src/index.crates.io-6f17d22bba15001f/byteorder-1.3.2/src/io.rs:295:9\n    |\n295 |         try!(self.read_exact(&mut buf));\n    |         ^^^\n    |\nhelp: consider importing this macro\n    |\n1   + use core::try;\n    |\n\nerror: cannot find macro `try` in this scope\n   --> /Users/graysonnocera/.cargo/registry/src/index.crates.io-6f17d22bba15001f/byteorder-1.3.2/src/io.rs:321:9\n    |\n321 |         try!(self.read_exact(&mut buf));\n    |         ^^^\n    |\nhelp: consider importing this macro\n    |\n1   + use core::try;\n    |\n\nerror: cannot find macro `try` in this scope\n   --> /Users/graysonnocera/.cargo/registry/src/index.crates.io-6f17d22bba15001f/byteorder-1.3.2/src/io.rs:347:9\n    |\n347 |         try!(self.read_exact(&mut buf));\n    |         ^^^\n    |\nhelp: consider importing this macro\n    |\n1   + use core::try;\n    |\n\nerror: cannot find macro `try` in this scope\n   --> /Users/graysonnocera/.cargo/registry/src/index.crates.io-6f17d22bba15001f/byteorder-1.3.2/src/io.rs:377:9\n    |\n377 |         try!(self.read_exact(&mut buf));\n    |         ^^^\n    |\nhelp: consider importing this macro\n    |\n1   + use core::try;\n    |\n\nerror: cannot find macro `try` in this scope\n   --> /Users/graysonnocera/.cargo/registry/src/index.crates.io-6f17d22bba15001f/byteorder-1.3.2/src/io.rs:404:9\n    |\n404 |         try!(self.read_exact(&mut buf));\n    |         ^^^\n    |\nhelp: consider importing this macro\n    |\n1   + use core::try;\n    |\n\nerror: cannot find macro `try` in this scope\n   --> /Users/graysonnocera/.cargo/registry/src/index.crates.io-6f17d22bba15001f/byteorder-1.3.2/src/io.rs:429:9\n    |\n429 |         try!(self.read_exact(&mut buf[..nbytes]));\n    |         ^^^\n    |\nhelp: consider importing this macro\n    |\n1   + use core::try;\n    |\n\nerror: cannot find macro `try` in this scope\n   --> /Users/graysonnocera/.cargo/registry/src/index.crates.io-6f17d22bba15001f/byteorder-1.3.2/src/io.rs:454:9\n    |\n454 |         try!(self.read_exact(&mut buf[..nbytes]));\n    |         ^^^\n    |\nhelp: consider importing this macro\n    |\n1   + use core::try;\n    |\n\nerror: cannot find macro `try` in this scope\n   --> /Users/graysonnocera/.cargo/registry/src/index.crates.io-6f17d22bba15001f/byteorder-1.3.2/src/io.rs:463:9\n    |\n463 |         try!(self.read_exact(&mut buf[..nbytes]));\n    |         ^^^\n    |\nhelp: consider importing this macro\n    |\n1   + use core::try;\n    |\n\nerror: cannot find macro `try` in this scope\n   --> /Users/graysonnocera/.cargo/registry/src/index.crates.io-6f17d22bba15001f/byteorder-1.3.2/src/io.rs:472:9\n    |\n472 |         try!(self.read_exact(&mut buf[..nbytes]));\n    |         ^^^\n    |\nhelp: consider importing this macro\n    |\n1   + use core::try;\n    |\n\nerror: cannot find macro `try` in this scope\n   --> /Users/graysonnocera/.cargo/registry/src/index.crates.io-6f17d22bba15001f/byteorder-1.3.2/src/io.rs:503:9\n    |\n503 |         try!(self.read_exact(&mut buf));\n    |         ^^^\n    |\nhelp: consider importing this macro\n    |\n1   + use core::try;\n    |\n\nerror: cannot find macro `try` in this scope\n   --> /Users/graysonnocera/.cargo/registry/src/index.crates.io-6f17d22bba15001f/byteorder-1.3.2/src/io.rs:534:9\n    |\n534 |         try!(self.read_exact(&mut buf));\n    |         ^^^\n    |\nhelp: consider importing this macro\n    |\n1   + use core::try;\n    |\n\nerror: cannot find macro `try` in this scope\n   --> /Users/graysonnocera/.cargo/registry/src/index.crates.io-6f17d22bba15001f/byteorder-1.3.2/src/io.rs:567:13\n    |\n567 |             try!(self.read_exact(buf));\n    |             ^^^\n    |\nhelp: consider importing this macro\n    |\n1   + use core::try;\n    |\n\nerror: cannot find macro `try` in this scope\n   --> /Users/graysonnocera/.cargo/registry/src/index.crates.io-6f17d22bba15001f/byteorder-1.3.2/src/io.rs:602:13\n    |\n602 |             try!(self.read_exact(buf));\n    |             ^^^\n    |\nhelp: consider importing this macro\n    |\n1   + use core::try;\n    |\n\nerror: cannot find macro `try` in this scope\n   --> /Users/graysonnocera/.cargo/registry/src/index.crates.io-6f17d22bba15001f/byteorder-1.3.2/src/io.rs:640:13\n    |\n640 |             try!(self.read_exact(buf));\n    |             ^^^\n    |\nhelp: consider importing this macro\n    |\n1   + use core::try;\n    |\n\nerror: cannot find macro `try` in this scope\n   --> /Users/graysonnocera/.cargo/registry/src/index.crates.io-6f17d22bba15001f/byteorder-1.3.2/src/io.rs:682:13\n    |\n682 |             try!(self.read_exact(buf));\n    |             ^^^\n    |\nhelp: consider importing this macro\n    |\n1   + use core::try;\n    |\n\nerror: cannot find macro `try` in this scope\n   --> /Users/graysonnocera/.cargo/registry/src/index.crates.io-6f17d22bba15001f/byteorder-1.3.2/src/io.rs:753:13\n    |\n753 |             try!(self.read_exact(buf));\n    |             ^^^\n    |\nhelp: consider importing this macro\n    |\n1   + use core::try;\n    |\n\nerror: cannot find macro `try` in this scope\n   --> /Users/graysonnocera/.cargo/registry/src/index.crates.io-6f17d22bba15001f/byteorder-1.3.2/src/io.rs:788:13\n    |\n788 |             try!(self.read_exact(buf));\n    |             ^^^\n    |\nhelp: consider importing this macro\n    |\n1   + use core::try;\n    |\n\nerror: cannot find macro `try` in this scope\n   --> /Users/graysonnocera/.cargo/registry/src/index.crates.io-6f17d22bba15001f/byteorder-1.3.2/src/io.rs:826:13\n    |\n826 |             try!(self.read_exact(buf));\n    |             ^^^\n    |\nhelp: consider importing this macro\n    |\n1   + use core::try;\n    |\n\nerror: cannot find macro `try` in this scope\n   --> /Users/graysonnocera/.cargo/registry/src/index.crates.io-6f17d22bba15001f/byteorder-1.3.2/src/io.rs:868:13\n    |\n868 |             try!(self.read_exact(buf));\n    |             ^^^\n    |\nhelp: consider importing this macro\n    |\n1   + use core::try;\n    |\n\nerror: cannot find macro `try` in this scope\n   --> /Users/graysonnocera/.cargo/registry/src/index.crates.io-6f17d22bba15001f/byteorder-1.3.2/src/io.rs:912:13\n    |\n912 |             try!(self.read_exact(buf));\n    |             ^^^\n    |\nhelp: consider importing this macro\n    |\n1   + use core::try;\n    |\n\nerror: cannot find macro `try` in this scope\n    --> /Users/graysonnocera/.cargo/registry/src/index.crates.io-6f17d22bba15001f/byteorder-1.3.2/src/io.rs:1000:13\n     |\n1000 |             try!(self.read_exact(buf));\n     |             ^^^\n     |\nhelp: consider importing this macro\n     |\n1    + use core::try;\n     |\n\nerror: cannot find attribute `derive` in this scope\n    --> /Users/graysonnocera/.cargo/registry/src/index.crates.io-6f17d22bba15001f/byteorder-1.3.2/src/lib.rs:1798:3\n     |\n1798 | #[derive(Clone, Copy, Debug, Eq, Hash, Ord, PartialEq, PartialOrd)]\n     |   ^^^^^^\n     |\nhelp: consider importing this attribute macro\n     |\n83   + use core::prelude::rust_2024::derive;\n     |\n\nerror: cannot find macro `panic` in this scope\n    --> /Users/graysonnocera/.cargo/registry/src/index.crates.io-6f17d22bba15001f/byteorder-1.3.2/src/lib.rs:1803:9\n     |\n1803 |         panic!(\"BigEndian default\")\n     |         ^^^^^\n     |\nhelp: consider importing this macro\n     |\n83   + use core::panic;\n     |\n\nerror: cannot find attribute `derive` in this scope\n    --> /Users/graysonnocera/.cargo/registry/src/index.crates.io-6f17d22bba15001f/byteorder-1.3.2/src/lib.rs:1828:3\n     |\n1828 | #[derive(Clone, Copy, Debug, Eq, Hash, Ord, PartialEq, PartialOrd)]\n     |   ^^^^^^\n     |\nhelp: consider importing this attribute macro\n     |\n83   + use core::prelude::rust_2024::derive;\n     |\n\nerror: cannot find macro `panic` in this scope\n    --> /Users/graysonnocera/.cargo/registry/src/index.crates.io-6f17d22bba15001f/byteorder-1.3.2/src/lib.rs:1833:9\n     |\n1833 |         panic!(\"LittleEndian default\")\n     |         ^^^^^\n     |\nhelp: consider importing this macro\n     |\n83   + use core::panic;\n     |\n\nerror: cannot find macro `assert` in this scope\n    --> /Users/graysonnocera/.cargo/registry/src/index.crates.io-6f17d22bba15001f/byteorder-1.3.2/src/lib.rs:1892:9\n     |\n1892 |         assert!($size == ::core::mem::size_of::<$ty>());\n     |         ^^^^^^\n...\n1960 |         read_num_bytes!(u16, 2, buf, to_be)\n     |         ----------------------------------- in this macro invocation\n     |\n     = note: this error originates in the macro `read_num_bytes` (in Nightly builds, run with -Z macro-backtrace for more info)\nhelp: consider importing this macro\n     |\n83   + use core::assert;\n     |\n\nerror: cannot find macro `assert` in this scope\n    --> /Users/graysonnocera/.cargo/registry/src/index.crates.io-6f17d22bba15001f/byteorder-1.3.2/src/lib.rs:1893:9\n     |\n1893 |         assert!($size <= $src.len());\n     |         ^^^^^^\n...\n1960 |         read_num_bytes!(u16, 2, buf, to_be)\n     |         ----------------------------------- in this macro invocation\n     |\n     = note: this error originates in the macro `read_num_bytes` (in Nightly builds, run with -Z macro-backtrace for more info)\nhelp: consider importing this macro\n     |\n83   + use core::assert;\n     |\n\nerror: cannot find macro `assert` in this scope\n    --> /Users/graysonnocera/.cargo/registry/src/index.crates.io-6f17d22bba15001f/byteorder-1.3.2/src/lib.rs:1892:9\n     |\n1892 |         assert!($size == ::core::mem::size_of::<$ty>());\n     |         ^^^^^^\n...\n1965 |         read_num_bytes!(u32, 4, buf, to_be)\n     |         ----------------------------------- in this macro invocation\n     |\n     = note: this error originates in the macro `read_num_bytes` (in Nightly builds, run with -Z macro-backtrace for more info)\nhelp: consider importing this macro\n     |\n83   + use core::assert;\n     |\n\nerror: cannot find macro `assert` in this scope\n    --> /Users/graysonnocera/.cargo/registry/src/index.crates.io-6f17d22bba15001f/byteorder-1.3.2/src/lib.rs:1893:9\n     |\n1893 |         assert!($size <= $src.len());\n     |         ^^^^^^\n...\n1965 |         read_num_bytes!(u32, 4, buf, to_be)\n     |         ----------------------------------- in this macro invocation\n     |\n     = note: this error originates in the macro `read_num_bytes` (in Nightly builds, run with -Z macro-backtrace for more info)\nhelp: consider importing this macro\n     |\n83   + use core::assert;\n     |\n\nerror: cannot find macro `assert` in this scope\n    --> /Users/graysonnocera/.cargo/registry/src/index.crates.io-6f17d22bba15001f/byteorder-1.3.2/src/lib.rs:1892:9\n     |\n1892 |         assert!($size == ::core::mem::size_of::<$ty>());\n     |         ^^^^^^\n...\n1970 |         read_num_bytes!(u64, 8, buf, to_be)\n     |         ----------------------------------- in this macro invocation\n     |\n     = note: this error originates in the macro `read_num_bytes` (in Nightly builds, run with -Z macro-backtrace for more info)\nhelp: consider importing this macro\n     |\n83   + use core::assert;\n     |\n\nerror: cannot find macro `assert` in this scope\n    --> /Users/graysonnocera/.cargo/registry/src/index.crates.io-6f17d22bba15001f/byteorder-1.3.2/src/lib.rs:1893:9\n     |\n1893 |         assert!($size <= $src.len());\n     |         ^^^^^^\n...\n1970 |         read_num_bytes!(u64, 8, buf, to_be)\n     |         ----------------------------------- in this macro invocation\n     |\n     = note: this error originates in the macro `read_num_bytes` (in Nightly builds, run with -Z macro-backtrace for more info)\nhelp: consider importing this macro\n     |\n83   + use core::assert;\n     |\n\nerror: cannot find macro `assert` in this scope\n    --> /Users/graysonnocera/.cargo/registry/src/index.crates.io-6f17d22bba15001f/byteorder-1.3.2/src/lib.rs:1892:9\n     |\n1892 |         assert!($size == ::core::mem::size_of::<$ty>());\n     |         ^^^^^^\n...\n1976 |         read_num_bytes!(u128, 16, buf, to_be)\n     |         ------------------------------------- in this macro invocation\n     |\n     = note: this error originates in the macro `read_num_bytes` (in Nightly builds, run with -Z macro-backtrace for more info)\nhelp: consider importing this macro\n     |\n83   + use core::assert;\n     |\n\nerror: cannot find macro `assert` in this scope\n    --> /Users/graysonnocera/.cargo/registry/src/index.crates.io-6f17d22bba15001f/byteorder-1.3.2/src/lib.rs:1893:9\n     |\n1893 |         assert!($size <= $src.len());\n     |         ^^^^^^\n...\n1976 |         read_num_bytes!(u128, 16, buf, to_be)\n     |         ------------------------------------- in this macro invocation\n     |\n     = note: this error originates in the macro `read_num_bytes` (in Nightly builds, run with -Z macro-backtrace for more info)\nhelp: consider importing this macro\n     |\n83   + use core::assert;\n     |\n\nerror: cannot find macro `assert` in this scope\n    --> /Users/graysonnocera/.cargo/registry/src/index.crates.io-6f17d22bba15001f/byteorder-1.3.2/src/lib.rs:1981:9\n     |\n1981 |         assert!(1 <= nbytes && nbytes <= 8 && nbytes <= buf.len());\n     |         ^^^^^^\n     |\nhelp: consider importing this macro\n     |\n83   + use core::assert;\n     |\n\nerror: cannot find macro `assert` in this scope\n    --> /Users/graysonnocera/.cargo/registry/src/index.crates.io-6f17d22bba15001f/byteorder-1.3.2/src/lib.rs:1994:9\n     |\n1994 |         assert!(1 <= nbytes && nbytes <= 16 && nbytes <= buf.len());\n     |         ^^^^^^\n     |\nhelp: consider importing this macro\n     |\n83   + use core::assert;\n     |\n\nerror: cannot find macro `assert` in this scope\n    --> /Users/graysonnocera/.cargo/registry/src/index.crates.io-6f17d22bba15001f/byteorder-1.3.2/src/lib.rs:1907:9\n     |\n1907 |         assert!($size <= $dst.len());\n     |         ^^^^^^\n...\n2006 |         write_num_bytes!(u16, 2, n, buf, to_be);\n     |         --------------------------------------- in this macro invocation\n     |\n     = note: this error originates in the macro `write_num_bytes` (in Nightly builds, run with -Z macro-backtrace for more info)\nhelp: consider importing this macro\n     |\n83   + use core::assert;\n     |\n\nerror: cannot find macro `assert` in this scope\n    --> /Users/graysonnocera/.cargo/registry/src/index.crates.io-6f17d22bba15001f/byteorder-1.3.2/src/lib.rs:1907:9\n     |\n1907 |         assert!($size <= $dst.len());\n     |         ^^^^^^\n...\n2011 |         write_num_bytes!(u32, 4, n, buf, to_be);\n     |         --------------------------------------- in this macro invocation\n     |\n     = note: this error originates in the macro `write_num_bytes` (in Nightly builds, run with -Z macro-backtrace for more info)\nhelp: consider importing this macro\n     |\n83   + use core::assert;\n     |\n\nerror: cannot find macro `assert` in this scope\n    --> /Users/graysonnocera/.cargo/registry/src/index.crates.io-6f17d22bba15001f/byteorder-1.3.2/src/lib.rs:1907:9\n     |\n1907 |         assert!($size <= $dst.len());\n     |         ^^^^^^\n...\n2016 |         write_num_bytes!(u64, 8, n, buf, to_be);\n     |         --------------------------------------- in this macro invocation\n     |\n     = note: this error originates in the macro `write_num_bytes` (in Nightly builds, run with -Z macro-backtrace for more info)\nhelp: consider importing this macro\n     |\n83   + use core::assert;\n     |\n\nerror: cannot find macro `assert` in this scope\n    --> /Users/graysonnocera/.cargo/registry/src/index.crates.io-6f17d22bba15001f/byteorder-1.3.2/src/lib.rs:1907:9\n     |\n1907 |         assert!($size <= $dst.len());\n     |         ^^^^^^\n...\n2022 |         write_num_bytes!(u128, 16, n, buf, to_be);\n     |         ----------------------------------------- in this macro invocation\n     |\n     = note: this error originates in the macro `write_num_bytes` (in Nightly builds, run with -Z macro-backtrace for more info)\nhelp: consider importing this macro\n     |\n83   + use core::assert;\n     |\n\nerror: cannot find macro `assert` in this scope\n    --> /Users/graysonnocera/.cargo/registry/src/index.crates.io-6f17d22bba15001f/byteorder-1.3.2/src/lib.rs:2027:9\n     |\n2027 |         assert!(pack_size(n) <= nbytes && nbytes <= 8);\n     |         ^^^^^^\n     |\nhelp: consider importing this macro\n     |\n83   + use core::assert;\n     |\n\nerror: cannot find macro `assert` in this scope\n    --> /Users/graysonnocera/.cargo/registry/src/index.crates.io-6f17d22bba15001f/byteorder-1.3.2/src/lib.rs:2028:9\n     |\n2028 |         assert!(nbytes <= buf.len());\n     |         ^^^^^^\n     |\nhelp: consider importing this macro\n     |\n83   + use core::assert;\n     |\n\nerror: cannot find macro `assert` in this scope\n    --> /Users/graysonnocera/.cargo/registry/src/index.crates.io-6f17d22bba15001f/byteorder-1.3.2/src/lib.rs:2041:9\n     |\n2041 |         assert!(pack_size128(n) <= nbytes && nbytes <= 16);\n     |         ^^^^^^\n     |\nhelp: consider importing this macro\n     |\n83   + use core::assert;\n     |\n\nerror: cannot find macro `assert` in this scope\n    --> /Users/graysonnocera/.cargo/registry/src/index.crates.io-6f17d22bba15001f/byteorder-1.3.2/src/lib.rs:2042:9\n     |\n2042 |         assert!(nbytes <= buf.len());\n     |         ^^^^^^\n     |\nhelp: consider importing this macro\n     |\n83   + use core::assert;\n     |\n\nerror: cannot find macro `assert_eq` in this scope\n    --> /Users/graysonnocera/.cargo/registry/src/index.crates.io-6f17d22bba15001f/byteorder-1.3.2/src/lib.rs:1918:9\n     |\n1918 |         assert_eq!($src.len(), $size * $dst.len());\n     |         ^^^^^^^^^\n...\n2054 |         read_slice!(src, dst, 2, to_be);\n     |         ------------------------------- in this macro invocation\n     |\n     = note: this error originates in the macro `read_slice` (in Nightly builds, run with -Z macro-backtrace for more info)\nhelp: consider importing this macro\n     |\n83   + use core::assert_eq;\n     |\n\nerror: cannot find macro `assert_eq` in this scope\n    --> /Users/graysonnocera/.cargo/registry/src/index.crates.io-6f17d22bba15001f/byteorder-1.3.2/src/lib.rs:1918:9\n     |\n1918 |         assert_eq!($src.len(), $size * $dst.len());\n     |         ^^^^^^^^^\n...\n2059 |         read_slice!(src, dst, 4, to_be);\n     |         ------------------------------- in this macro invocation\n     |\n     = note: this error originates in the macro `read_slice` (in Nightly builds, run with -Z macro-backtrace for more info)\nhelp: consider importing this macro\n     |\n83   + use core::assert_eq;\n     |\n\nerror: cannot find macro `assert_eq` in this scope\n    --> /Users/graysonnocera/.cargo/registry/src/index.crates.io-6f17d22bba15001f/byteorder-1.3.2/src/lib.rs:1918:9\n     |\n1918 |         assert_eq!($src.len(), $size * $dst.len());\n     |         ^^^^^^^^^\n...\n2064 |         read_slice!(src, dst, 8, to_be);\n     |         ------------------------------- in this macro invocation\n     |\n     = note: this error originates in the macro `read_slice` (in Nightly builds, run with -Z macro-backtrace for more info)\nhelp: consider importing this macro\n     |\n83   + use core::assert_eq;\n     |\n\nerror: cannot find macro `assert_eq` in this scope\n    --> /Users/graysonnocera/.cargo/registry/src/index.crates.io-6f17d22bba15001f/byteorder-1.3.2/src/lib.rs:1918:9\n     |\n1918 |         assert_eq!($src.len(), $size * $dst.len());\n     |         ^^^^^^^^^\n...\n2070 |         read_slice!(src, dst, 16, to_be);\n     |         -------------------------------- in this macro invocation\n     |\n     = note: this error originates in the macro `read_slice` (in Nightly builds, run with -Z macro-backtrace for more info)\nhelp: consider importing this macro\n     |\n83   + use core::assert_eq;\n     |\n\nerror: cannot find macro `cfg` in this scope\n    --> /Users/graysonnocera/.cargo/registry/src/index.crates.io-6f17d22bba15001f/byteorder-1.3.2/src/lib.rs:2075:12\n     |\n2075 |         if cfg!(target_endian = \"big\") {\n     |            ^^^\n     |\n     = note: `cfg` is in scope, but it is an attribute: `#[cfg]`\nhelp: consider importing this macro\n     |\n83   + use core::cfg;\n     |\n\nerror: cannot find macro `assert` in this scope\n    --> /Users/graysonnocera/.cargo/registry/src/index.crates.io-6f17d22bba15001f/byteorder-1.3.2/src/lib.rs:1934:9\n     |\n1934 |         assert!($size == ::core::mem::size_of::<$ty>());\n     |         ^^^^^^\n...\n2076 |             write_slice_native!(src, dst, u16, 2);\n     |             ------------------------------------- in this macro invocation\n     |\n     = note: this error originates in the macro `write_slice_native` (in Nightly builds, run with -Z macro-backtrace for more info)\nhelp: consider importing this macro\n     |\n83   + use core::assert;\n     |\n\nerror: cannot find macro `assert_eq` in this scope\n    --> /Users/graysonnocera/.cargo/registry/src/index.crates.io-6f17d22bba15001f/byteorder-1.3.2/src/lib.rs:1935:9\n     |\n1935 |         assert_eq!($size * $src.len(), $dst.len());\n     |         ^^^^^^^^^\n...\n2076 |             write_slice_native!(src, dst, u16, 2);\n     |             ------------------------------------- in this macro invocation\n     |\n     = note: this error originates in the macro `write_slice_native` (in Nightly builds, run with -Z macro-backtrace for more info)\nhelp: consider importing this macro\n     |\n83   + use core::assert_eq;\n     |\n\nerror: cannot find macro `assert` in this scope\n    --> /Users/graysonnocera/.cargo/registry/src/index.crates.io-6f17d22bba15001f/byteorder-1.3.2/src/lib.rs:1948:9\n     |\n1948 |         assert!($size == ::core::mem::size_of::<$ty>());\n     |         ^^^^^^\n...\n2078 |             write_slice!(src, dst, u16, 2, Self::write_u16);\n     |             ----------------------------------------------- in this macro invocation\n     |\n     = note: this error originates in the macro `write_slice` (in Nightly builds, run with -Z macro-backtrace for more info)\nhelp: consider importing this macro\n     |\n83   + use core::assert;\n     |\n\nerror: cannot find macro `assert_eq` in this scope\n    --> /Users/graysonnocera/.cargo/registry/src/index.crates.io-6f17d22bba15001f/byteorder-1.3.2/src/lib.rs:1949:9\n     |\n1949 |         assert_eq!($size * $src.len(), $dst.len());\n     |         ^^^^^^^^^\n...\n2078 |             write_slice!(src, dst, u16, 2, Self::write_u16);\n     |             ----------------------------------------------- in this macro invocation\n     |\n     = note: this error originates in the macro `write_slice` (in Nightly builds, run with -Z macro-backtrace for more info)\nhelp: consider importing this macro\n     |\n83   + use core::assert_eq;\n     |\n\nerror: cannot find macro `cfg` in this scope\n    --> /Users/graysonnocera/.cargo/registry/src/index.crates.io-6f17d22bba15001f/byteorder-1.3.2/src/lib.rs:2084:12\n     |\n2084 |         if cfg!(target_endian = \"big\") {\n     |            ^^^\n     |\n     = note: `cfg` is in scope, but it is an attribute: `#[cfg]`\nhelp: consider importing this macro\n     |\n83   + use core::cfg;\n     |\n\nerror: cannot find macro `assert` in this scope\n    --> /Users/graysonnocera/.cargo/registry/src/index.crates.io-6f17d22bba15001f/byteorder-1.3.2/src/lib.rs:1934:9\n     |\n1934 |         assert!($size == ::core::mem::size_of::<$ty>());\n     |         ^^^^^^\n...\n2085 |             write_slice_native!(src, dst, u32, 4);\n     |             ------------------------------------- in this macro invocation\n     |\n     = note: this error originates in the macro `write_slice_native` (in Nightly builds, run with -Z macro-backtrace for more info)\nhelp: consider importing this macro\n     |\n83   + use core::assert;\n     |\n\nerror: cannot find macro `assert_eq` in this scope\n    --> /Users/graysonnocera/.cargo/registry/src/index.crates.io-6f17d22bba15001f/byteorder-1.3.2/src/lib.rs:1935:9\n     |\n1935 |         assert_eq!($size * $src.len(), $dst.len());\n     |         ^^^^^^^^^\n...\n2085 |             write_slice_native!(src, dst, u32, 4);\n     |             ------------------------------------- in this macro invocation\n     |\n     = note: this error originates in the macro `write_slice_native` (in Nightly builds, run with -Z macro-backtrace for more info)\nhelp: consider importing this macro\n     |\n83   + use core::assert_eq;\n     |\n\nerror: cannot find macro `assert` in this scope\n    --> /Users/graysonnocera/.cargo/registry/src/index.crates.io-6f17d22bba15001f/byteorder-1.3.2/src/lib.rs:1948:9\n     |\n1948 |         assert!($size == ::core::mem::size_of::<$ty>());\n     |         ^^^^^^\n...\n2087 |             write_slice!(src, dst, u32, 4, Self::write_u32);\n     |             ----------------------------------------------- in this macro invocation\n     |\n     = note: this error originates in the macro `write_slice` (in Nightly builds, run with -Z macro-backtrace for more info)\nhelp: consider importing this macro\n     |\n83   + use core::assert;\n     |\n\nerror: cannot find macro `assert_eq` in this scope\n    --> /Users/graysonnocera/.cargo/registry/src/index.crates.io-6f17d22bba15001f/byteorder-1.3.2/src/lib.rs:1949:9\n     |\n1949 |         assert_eq!($size * $src.len(), $dst.len());\n     |         ^^^^^^^^^\n...\n2087 |             write_slice!(src, dst, u32, 4, Self::write_u32);\n     |             ----------------------------------------------- in this macro invocation\n     |\n     = note: this error originates in the macro `write_slice` (in Nightly builds, run with -Z macro-backtrace for more info)\nhelp: consider importing this macro\n     |\n83   + use core::assert_eq;\n     |\n\nerror: cannot find macro `cfg` in this scope\n    --> /Users/graysonnocera/.cargo/registry/src/index.crates.io-6f17d22bba15001f/byteorder-1.3.2/src/lib.rs:2093:12\n     |\n2093 |         if cfg!(target_endian = \"big\") {\n     |            ^^^\n     |\n     = note: `cfg` is in scope, but it is an attribute: `#[cfg]`\nhelp: consider importing this macro\n     |\n83   + use core::cfg;\n     |\n\nerror: cannot find macro `assert` in this scope\n    --> /Users/graysonnocera/.cargo/registry/src/index.crates.io-6f17d22bba15001f/byteorder-1.3.2/src/lib.rs:1934:9\n     |\n1934 |         assert!($size == ::core::mem::size_of::<$ty>());\n     |         ^^^^^^\n...\n2094 |             write_slice_native!(src, dst, u64, 8);\n     |             ------------------------------------- in this macro invocation\n     |\n     = note: this error originates in the macro `write_slice_native` (in Nightly builds, run with -Z macro-backtrace for more info)\nhelp: consider importing this macro\n     |\n83   + use core::assert;\n     |\n\nerror: cannot find macro `assert_eq` in this scope\n    --> /Users/graysonnocera/.cargo/registry/src/index.crates.io-6f17d22bba15001f/byteorder-1.3.2/src/lib.rs:1935:9\n     |\n1935 |         assert_eq!($size * $src.len(), $dst.len());\n     |         ^^^^^^^^^\n...\n2094 |             write_slice_native!(src, dst, u64, 8);\n     |             ------------------------------------- in this macro invocation\n     |\n     = note: this error originates in the macro `write_slice_native` (in Nightly builds, run with -Z macro-backtrace for more info)\nhelp: consider importing this macro\n     |\n83   + use core::assert_eq;\n     |\n\nerror: cannot find macro `assert` in this scope\n    --> /Users/graysonnocera/.cargo/registry/src/index.crates.io-6f17d22bba15001f/byteorder-1.3.2/src/lib.rs:1948:9\n     |\n1948 |         assert!($size == ::core::mem::size_of::<$ty>());\n     |         ^^^^^^\n...\n2096 |             write_slice!(src, dst, u64, 8, Self::write_u64);\n     |             ----------------------------------------------- in this macro invocation\n     |\n     = note: this error originates in the macro `write_slice` (in Nightly builds, run with -Z macro-backtrace for more info)\nhelp: consider importing this macro\n     |\n83   + use core::assert;\n     |\n\nerror: cannot find macro `assert_eq` in this scope\n    --> /Users/graysonnocera/.cargo/registry/src/index.crates.io-6f17d22bba15001f/byteorder-1.3.2/src/lib.rs:1949:9\n     |\n1949 |         assert_eq!($size * $src.len(), $dst.len());\n     |         ^^^^^^^^^\n...\n2096 |             write_slice!(src, dst, u64, 8, Self::write_u64);\n     |             ----------------------------------------------- in this macro invocation\n     |\n     = note: this error originates in the macro `write_slice` (in Nightly builds, run with -Z macro-backtrace for more info)\nhelp: consider importing this macro\n     |\n83   + use core::assert_eq;\n     |\n\nerror: cannot find macro `cfg` in this scope\n    --> /Users/graysonnocera/.cargo/registry/src/index.crates.io-6f17d22bba15001f/byteorder-1.3.2/src/lib.rs:2103:12\n     |\n2103 |         if cfg!(target_endian = \"big\") {\n     |            ^^^\n     |\n     = note: `cfg` is in scope, but it is an attribute: `#[cfg]`\nhelp: consider importing this macro\n     |\n83   + use core::cfg;\n     |\n\nerror: cannot find macro `assert` in this scope\n    --> /Users/graysonnocera/.cargo/registry/src/index.crates.io-6f17d22bba15001f/byteorder-1.3.2/src/lib.rs:1934:9\n     |\n1934 |         assert!($size == ::core::mem::size_of::<$ty>());\n     |         ^^^^^^\n...\n2104 |             write_slice_native!(src, dst, u128, 16);\n     |             --------------------------------------- in this macro invocation\n     |\n     = note: this error originates in the macro `write_slice_native` (in Nightly builds, run with -Z macro-backtrace for more info)\nhelp: consider importing this macro\n     |\n83   + use core::assert;\n     |\n\nerror: cannot find macro `assert_eq` in this scope\n    --> /Users/graysonnocera/.cargo/registry/src/index.crates.io-6f17d22bba15001f/byteorder-1.3.2/src/lib.rs:1935:9\n     |\n1935 |         assert_eq!($size * $src.len(), $dst.len());\n     |         ^^^^^^^^^\n...\n2104 |             write_slice_native!(src, dst, u128, 16);\n     |             --------------------------------------- in this macro invocation\n     |\n     = note: this error originates in the macro `write_slice_native` (in Nightly builds, run with -Z macro-backtrace for more info)\nhelp: consider importing this macro\n     |\n83   + use core::assert_eq;\n     |\n\nerror: cannot find macro `assert` in this scope\n    --> /Users/graysonnocera/.cargo/registry/src/index.crates.io-6f17d22bba15001f/byteorder-1.3.2/src/lib.rs:1948:9\n     |\n1948 |         assert!($size == ::core::mem::size_of::<$ty>());\n     |         ^^^^^^\n...\n2106 |             write_slice!(src, dst, u128, 16, Self::write_u128);\n     |             -------------------------------------------------- in this macro invocation\n     |\n     = note: this error originates in the macro `write_slice` (in Nightly builds, run with -Z macro-backtrace for more info)\nhelp: consider importing this macro\n     |\n83   + use core::assert;\n     |\n\nerror: cannot find macro `assert_eq` in this scope\n    --> /Users/graysonnocera/.cargo/registry/src/index.crates.io-6f17d22bba15001f/byteorder-1.3.2/src/lib.rs:1949:9\n     |\n1949 |         assert_eq!($size * $src.len(), $dst.len());\n     |         ^^^^^^^^^\n...\n2106 |             write_slice!(src, dst, u128, 16, Self::write_u128);\n     |             -------------------------------------------------- in this macro invocation\n     |\n     = note: this error originates in the macro `write_slice` (in Nightly builds, run with -Z macro-backtrace for more info)\nhelp: consider importing this macro\n     |\n83   + use core::assert_eq;\n     |\n\nerror: cannot find macro `cfg` in this scope\n    --> /Users/graysonnocera/.cargo/registry/src/index.crates.io-6f17d22bba15001f/byteorder-1.3.2/src/lib.rs:2112:12\n     |\n2112 |         if cfg!(target_endian = \"little\") {\n     |            ^^^\n     |\n     = note: `cfg` is in scope, but it is an attribute: `#[cfg]`\nhelp: consider importing this macro\n     |\n83   + use core::cfg;\n     |\n\nerror: cannot find macro `cfg` in this scope\n    --> /Users/graysonnocera/.cargo/registry/src/index.crates.io-6f17d22bba15001f/byteorder-1.3.2/src/lib.rs:2121:12\n     |\n2121 |         if cfg!(target_endian = \"little\") {\n     |            ^^^\n     |\n     = note: `cfg` is in scope, but it is an attribute: `#[cfg]`\nhelp: consider importing this macro\n     |\n83   + use core::cfg;\n     |\n\nerror: cannot find macro `cfg` in this scope\n    --> /Users/graysonnocera/.cargo/registry/src/index.crates.io-6f17d22bba15001f/byteorder-1.3.2/src/lib.rs:2130:12\n     |\n2130 |         if cfg!(target_endian = \"little\") {\n     |            ^^^\n     |\n     = note: `cfg` is in scope, but it is an attribute: `#[cfg]`\nhelp: consider importing this macro\n     |\n83   + use core::cfg;\n     |\n\nerror: cannot find macro `cfg` in this scope\n    --> /Users/graysonnocera/.cargo/registry/src/index.crates.io-6f17d22bba15001f/byteorder-1.3.2/src/lib.rs:2140:12\n     |\n2140 |         if cfg!(target_endian = \"little\") {\n     |            ^^^\n     |\n     = note: `cfg` is in scope, but it is an attribute: `#[cfg]`\nhelp: consider importing this macro\n     |\n83   + use core::cfg;\n     |\n\nerror: cannot find macro `cfg` in this scope\n    --> /Users/graysonnocera/.cargo/registry/src/index.crates.io-6f17d22bba15001f/byteorder-1.3.2/src/lib.rs:2149:12\n     |\n2149 |         if cfg!(target_endian = \"little\") {\n     |            ^^^\n     |\n     = note: `cfg` is in scope, but it is an attribute: `#[cfg]`\nhelp: consider importing this macro\n     |\n83   + use core::cfg;\n     |\n\nerror: cannot find macro `cfg` in this scope\n    --> /Users/graysonnocera/.cargo/registry/src/index.crates.io-6f17d22bba15001f/byteorder-1.3.2/src/lib.rs:2161:12\n     |\n2161 |         if cfg!(target_endian = \"little\") {\n     |            ^^^\n     |\n     = note: `cfg` is in scope, but it is an attribute: `#[cfg]`\nhelp: consider importing this macro\n     |\n83   + use core::cfg;\n     |\n\nerror: cannot find macro `assert` in this scope\n    --> /Users/graysonnocera/.cargo/registry/src/index.crates.io-6f17d22bba15001f/byteorder-1.3.2/src/lib.rs:1892:9\n     |\n1892 |         assert!($size == ::core::mem::size_of::<$ty>());\n     |         ^^^^^^\n...\n2175 |         read_num_bytes!(u16, 2, buf, to_le)\n     |         ----------------------------------- in this macro invocation\n     |\n     = note: this error originates in the macro `read_num_bytes` (in Nightly builds, run with -Z macro-backtrace for more info)\nhelp: consider importing this macro\n     |\n83   + use core::assert;\n     |\n\nerror: cannot find macro `assert` in this scope\n    --> /Users/graysonnocera/.cargo/registry/src/index.crates.io-6f17d22bba15001f/byteorder-1.3.2/src/lib.rs:1893:9\n     |\n1893 |         assert!($size <= $src.len());\n     |         ^^^^^^\n...\n2175 |         read_num_bytes!(u16, 2, buf, to_le)\n     |         ----------------------------------- in this macro invocation\n     |\n     = note: this error originates in the macro `read_num_bytes` (in Nightly builds, run with -Z macro-backtrace for more info)\nhelp: consider importing this macro\n     |\n83   + use core::assert;\n     |\n\nerror: cannot find macro `assert` in this scope\n    --> /Users/graysonnocera/.cargo/registry/src/index.crates.io-6f17d22bba15001f/byteorder-1.3.2/src/lib.rs:1892:9\n     |\n1892 |         assert!($size == ::core::mem::size_of::<$ty>());\n     |         ^^^^^^\n...\n2180 |         read_num_bytes!(u32, 4, buf, to_le)\n     |         ----------------------------------- in this macro invocation\n     |\n     = note: this error originates in the macro `read_num_bytes` (in Nightly builds, run with -Z macro-backtrace for more info)\nhelp: consider importing this macro\n     |\n83   + use core::assert;\n     |\n\nerror: cannot find macro `assert` in this scope\n    --> /Users/graysonnocera/.cargo/registry/src/index.crates.io-6f17d22bba15001f/byteorder-1.3.2/src/lib.rs:1893:9\n     |\n1893 |         assert!($size <= $src.len());\n     |         ^^^^^^\n...\n2180 |         read_num_bytes!(u32, 4, buf, to_le)\n     |         ----------------------------------- in this macro invocation\n     |\n     = note: this error originates in the macro `read_num_bytes` (in Nightly builds, run with -Z macro-backtrace for more info)\nhelp: consider importing this macro\n     |\n83   + use core::assert;\n     |\n\nerror: cannot find macro `assert` in this scope\n    --> /Users/graysonnocera/.cargo/registry/src/index.crates.io-6f17d22bba15001f/byteorder-1.3.2/src/lib.rs:1892:9\n     |\n1892 |         assert!($size == ::core::mem::size_of::<$ty>());\n     |         ^^^^^^\n...\n2185 |         read_num_bytes!(u64, 8, buf, to_le)\n     |         ----------------------------------- in this macro invocation\n     |\n     = note: this error originates in the macro `read_num_bytes` (in Nightly builds, run with -Z macro-backtrace for more info)\nhelp: consider importing this macro\n     |\n83   + use core::assert;\n     |\n\nerror: cannot find macro `assert` in this scope\n    --> /Users/graysonnocera/.cargo/registry/src/index.crates.io-6f17d22bba15001f/byteorder-1.3.2/src/lib.rs:1893:9\n     |\n1893 |         assert!($size <= $src.len());\n     |         ^^^^^^\n...\n2185 |         read_num_bytes!(u64, 8, buf, to_le)\n     |         ----------------------------------- in this macro invocation\n     |\n     = note: this error originates in the macro `read_num_bytes` (in Nightly builds, run with -Z macro-backtrace for more info)\nhelp: consider importing this macro\n     |\n83   + use core::assert;\n     |\n\nerror: cannot find macro `assert` in this scope\n    --> /Users/graysonnocera/.cargo/registry/src/index.crates.io-6f17d22bba15001f/byteorder-1.3.2/src/lib.rs:1892:9\n     |\n1892 |         assert!($size == ::core::mem::size_of::<$ty>());\n     |         ^^^^^^\n...\n2191 |         read_num_bytes!(u128, 16, buf, to_le)\n     |         ------------------------------------- in this macro invocation\n     |\n     = note: this error originates in the macro `read_num_bytes` (in Nightly builds, run with -Z macro-backtrace for more info)\nhelp: consider importing this macro\n     |\n83   + use core::assert;\n     |\n\nerror: cannot find macro `assert` in this scope\n    --> /Users/graysonnocera/.cargo/registry/src/index.crates.io-6f17d22bba15001f/byteorder-1.3.2/src/lib.rs:1893:9\n     |\n1893 |         assert!($size <= $src.len());\n     |         ^^^^^^\n...\n2191 |         read_num_bytes!(u128, 16, buf, to_le)\n     |         ------------------------------------- in this macro invocation\n     |\n     = note: this error originates in the macro `read_num_bytes` (in Nightly builds, run with -Z macro-backtrace for more info)\nhelp: consider importing this macro\n     |\n83   + use core::assert;\n     |\n\nerror: cannot find macro `assert` in this scope\n    --> /Users/graysonnocera/.cargo/registry/src/index.crates.io-6f17d22bba15001f/byteorder-1.3.2/src/lib.rs:2196:9\n     |\n2196 |         assert!(1 <= nbytes && nbytes <= 8 && nbytes <= buf.len());\n     |         ^^^^^^\n     |\nhelp: consider importing this macro\n     |\n83   + use core::assert;\n     |\n\nerror: cannot find macro `assert` in this scope\n    --> /Users/graysonnocera/.cargo/registry/src/index.crates.io-6f17d22bba15001f/byteorder-1.3.2/src/lib.rs:2208:9\n     |\n2208 |         assert!(1 <= nbytes && nbytes <= 16 && nbytes <= buf.len());\n     |         ^^^^^^\n     |\nhelp: consider importing this macro\n     |\n83   + use core::assert;\n     |\n\nerror: cannot find macro `assert` in this scope\n    --> /Users/graysonnocera/.cargo/registry/src/index.crates.io-6f17d22bba15001f/byteorder-1.3.2/src/lib.rs:1907:9\n     |\n1907 |         assert!($size <= $dst.len());\n     |         ^^^^^^\n...\n2219 |         write_num_bytes!(u16, 2, n, buf, to_le);\n     |         --------------------------------------- in this macro invocation\n     |\n     = note: this error originates in the macro `write_num_bytes` (in Nightly builds, run with -Z macro-backtrace for more info)\nhelp: consider importing this macro\n     |\n83   + use core::assert;\n     |\n\nerror: cannot find macro `assert` in this scope\n    --> /Users/graysonnocera/.cargo/registry/src/index.crates.io-6f17d22bba15001f/byteorder-1.3.2/src/lib.rs:1907:9\n     |\n1907 |         assert!($size <= $dst.len());\n     |         ^^^^^^\n...\n2224 |         write_num_bytes!(u32, 4, n, buf, to_le);\n     |         --------------------------------------- in this macro invocation\n     |\n     = note: this error originates in the macro `write_num_bytes` (in Nightly builds, run with -Z macro-backtrace for more info)\nhelp: consider importing this macro\n     |\n83   + use core::assert;\n     |\n\nerror: cannot find macro `assert` in this scope\n    --> /Users/graysonnocera/.cargo/registry/src/index.crates.io-6f17d22bba15001f/byteorder-1.3.2/src/lib.rs:1907:9\n     |\n1907 |         assert!($size <= $dst.len());\n     |         ^^^^^^\n...\n2229 |         write_num_bytes!(u64, 8, n, buf, to_le);\n     |         --------------------------------------- in this macro invocation\n     |\n     = note: this error originates in the macro `write_num_bytes` (in Nightly builds, run with -Z macro-backtrace for more info)\nhelp: consider importing this macro\n     |\n83   + use core::assert;\n     |\n\nerror: cannot find macro `assert` in this scope\n    --> /Users/graysonnocera/.cargo/registry/src/index.crates.io-6f17d22bba15001f/byteorder-1.3.2/src/lib.rs:1907:9\n     |\n1907 |         assert!($size <= $dst.len());\n     |         ^^^^^^\n...\n2235 |         write_num_bytes!(u128, 16, n, buf, to_le);\n     |         ----------------------------------------- in this macro invocation\n     |\n     = note: this error originates in the macro `write_num_bytes` (in Nightly builds, run with -Z macro-backtrace for more info)\nhelp: consider importing this macro\n     |\n83   + use core::assert;\n     |\n\nerror: cannot find macro `assert` in this scope\n    --> /Users/graysonnocera/.cargo/registry/src/index.crates.io-6f17d22bba15001f/byteorder-1.3.2/src/lib.rs:2240:9\n     |\n2240 |         assert!(pack_size(n as u64) <= nbytes && nbytes <= 8);\n     |         ^^^^^^\n     |\nhelp: consider importing this macro\n     |\n83   + use core::assert;\n     |\n\nerror: cannot find macro `assert` in this scope\n    --> /Users/graysonnocera/.cargo/registry/src/index.crates.io-6f17d22bba15001f/byteorder-1.3.2/src/lib.rs:2241:9\n     |\n2241 |         assert!(nbytes <= buf.len());\n     |         ^^^^^^\n     |\nhelp: consider importing this macro\n     |\n83   + use core::assert;\n     |\n\nerror: cannot find macro `assert` in this scope\n    --> /Users/graysonnocera/.cargo/registry/src/index.crates.io-6f17d22bba15001f/byteorder-1.3.2/src/lib.rs:2251:9\n     |\n2251 |         assert!(pack_size128(n as u128) <= nbytes && nbytes <= 16);\n     |         ^^^^^^\n     |\nhelp: consider importing this macro\n     |\n83   + use core::assert;\n     |\n\nerror: cannot find macro `assert` in this scope\n    --> /Users/graysonnocera/.cargo/registry/src/index.crates.io-6f17d22bba15001f/byteorder-1.3.2/src/lib.rs:2252:9\n     |\n2252 |         assert!(nbytes <= buf.len());\n     |         ^^^^^^\n     |\nhelp: consider importing this macro\n     |\n83   + use core::assert;\n     |\n\nerror: cannot find macro `assert_eq` in this scope\n    --> /Users/graysonnocera/.cargo/registry/src/index.crates.io-6f17d22bba15001f/byteorder-1.3.2/src/lib.rs:1918:9\n     |\n1918 |         assert_eq!($src.len(), $size * $dst.len());\n     |         ^^^^^^^^^\n...\n2261 |         read_slice!(src, dst, 2, to_le);\n     |         ------------------------------- in this macro invocation\n     |\n     = note: this error originates in the macro `read_slice` (in Nightly builds, run with -Z macro-backtrace for more info)\nhelp: consider importing this macro\n     |\n83   + use core::assert_eq;\n     |\n\nerror: cannot find macro `assert_eq` in this scope\n    --> /Users/graysonnocera/.cargo/registry/src/index.crates.io-6f17d22bba15001f/byteorder-1.3.2/src/lib.rs:1918:9\n     |\n1918 |         assert_eq!($src.len(), $size * $dst.len());\n     |         ^^^^^^^^^\n...\n2266 |         read_slice!(src, dst, 4, to_le);\n     |         ------------------------------- in this macro invocation\n     |\n     = note: this error originates in the macro `read_slice` (in Nightly builds, run with -Z macro-backtrace for more info)\nhelp: consider importing this macro\n     |\n83   + use core::assert_eq;\n     |\n\nerror: cannot find macro `assert_eq` in this scope\n    --> /Users/graysonnocera/.cargo/registry/src/index.crates.io-6f17d22bba15001f/byteorder-1.3.2/src/lib.rs:1918:9\n     |\n1918 |         assert_eq!($src.len(), $size * $dst.len());\n     |         ^^^^^^^^^\n...\n2271 |         read_slice!(src, dst, 8, to_le);\n     |         ------------------------------- in this macro invocation\n     |\n     = note: this error originates in the macro `read_slice` (in Nightly builds, run with -Z macro-backtrace for more info)\nhelp: consider importing this macro\n     |\n83   + use core::assert_eq;\n     |\n\nerror: cannot find macro `assert_eq` in this scope\n    --> /Users/graysonnocera/.cargo/registry/src/index.crates.io-6f17d22bba15001f/byteorder-1.3.2/src/lib.rs:1918:9\n     |\n1918 |         assert_eq!($src.len(), $size * $dst.len());\n     |         ^^^^^^^^^\n...\n2277 |         read_slice!(src, dst, 16, to_le);\n     |         -------------------------------- in this macro invocation\n     |\n     = note: this error originates in the macro `read_slice` (in Nightly builds, run with -Z macro-backtrace for more info)\nhelp: consider importing this macro\n     |\n83   + use core::assert_eq;\n     |\n\nerror: cannot find macro `cfg` in this scope\n    --> /Users/graysonnocera/.cargo/registry/src/index.crates.io-6f17d22bba15001f/byteorder-1.3.2/src/lib.rs:2282:12\n     |\n2282 |         if cfg!(target_endian = \"little\") {\n     |            ^^^\n     |\n     = note: `cfg` is in scope, but it is an attribute: `#[cfg]`\nhelp: consider importing this macro\n     |\n83   + use core::cfg;\n     |\n\nerror: cannot find macro `assert` in this scope\n    --> /Users/graysonnocera/.cargo/registry/src/index.crates.io-6f17d22bba15001f/byteorder-1.3.2/src/lib.rs:1934:9\n     |\n1934 |         assert!($size == ::core::mem::size_of::<$ty>());\n     |         ^^^^^^\n...\n2283 |             write_slice_native!(src, dst, u16, 2);\n     |             ------------------------------------- in this macro invocation\n     |\n     = note: this error originates in the macro `write_slice_native` (in Nightly builds, run with -Z macro-backtrace for more info)\nhelp: consider importing this macro\n     |\n83   + use core::assert;\n     |\n\nerror: cannot find macro `assert_eq` in this scope\n    --> /Users/graysonnocera/.cargo/registry/src/index.crates.io-6f17d22bba15001f/byteorder-1.3.2/src/lib.rs:1935:9\n     |\n1935 |         assert_eq!($size * $src.len(), $dst.len());\n     |         ^^^^^^^^^\n...\n2283 |             write_slice_native!(src, dst, u16, 2);\n     |             ------------------------------------- in this macro invocation\n     |\n     = note: this error originates in the macro `write_slice_native` (in Nightly builds, run with -Z macro-backtrace for more info)\nhelp: consider importing this macro\n     |\n83   + use core::assert_eq;\n     |\n\nerror: cannot find macro `assert` in this scope\n    --> /Users/graysonnocera/.cargo/registry/src/index.crates.io-6f17d22bba15001f/byteorder-1.3.2/src/lib.rs:1948:9\n     |\n1948 |         assert!($size == ::core::mem::size_of::<$ty>());\n     |         ^^^^^^\n...\n2285 |             write_slice!(src, dst, u16, 2, Self::write_u16);\n     |             ----------------------------------------------- in this macro invocation\n     |\n     = note: this error originates in the macro `write_slice` (in Nightly builds, run with -Z macro-backtrace for more info)\nhelp: consider importing this macro\n     |\n83   + use core::assert;\n     |\n\nerror: cannot find macro `assert_eq` in this scope\n    --> /Users/graysonnocera/.cargo/registry/src/index.crates.io-6f17d22bba15001f/byteorder-1.3.2/src/lib.rs:1949:9\n     |\n1949 |         assert_eq!($size * $src.len(), $dst.len());\n     |         ^^^^^^^^^\n...\n2285 |             write_slice!(src, dst, u16, 2, Self::write_u16);\n     |             ----------------------------------------------- in this macro invocation\n     |\n     = note: this error originates in the macro `write_slice` (in Nightly builds, run with -Z macro-backtrace for more info)\nhelp: consider importing this macro\n     |\n83   + use core::assert_eq;\n     |\n\nerror: cannot find macro `cfg` in this scope\n    --> /Users/graysonnocera/.cargo/registry/src/index.crates.io-6f17d22bba15001f/byteorder-1.3.2/src/lib.rs:2291:12\n     |\n2291 |         if cfg!(target_endian = \"little\") {\n     |            ^^^\n     |\n     = note: `cfg` is in scope, but it is an attribute: `#[cfg]`\nhelp: consider importing this macro\n     |\n83   + use core::cfg;\n     |\n\nerror: cannot find macro `assert` in this scope\n    --> /Users/graysonnocera/.cargo/registry/src/index.crates.io-6f17d22bba15001f/byteorder-1.3.2/src/lib.rs:1934:9\n     |\n1934 |         assert!($size == ::core::mem::size_of::<$ty>());\n     |         ^^^^^^\n...\n2292 |             write_slice_native!(src, dst, u32, 4);\n     |             ------------------------------------- in this macro invocation\n     |\n     = note: this error originates in the macro `write_slice_native` (in Nightly builds, run with -Z macro-backtrace for more info)\nhelp: consider importing this macro\n     |\n83   + use core::assert;\n     |\n\nerror: cannot find macro `assert_eq` in this scope\n    --> /Users/graysonnocera/.cargo/registry/src/index.crates.io-6f17d22bba15001f/byteorder-1.3.2/src/lib.rs:1935:9\n     |\n1935 |         assert_eq!($size * $src.len(), $dst.len());\n     |         ^^^^^^^^^\n...\n2292 |             write_slice_native!(src, dst, u32, 4);\n     |             ------------------------------------- in this macro invocation\n     |\n     = note: this error originates in the macro `write_slice_native` (in Nightly builds, run with -Z macro-backtrace for more info)\nhelp: consider importing this macro\n     |\n83   + use core::assert_eq;\n     |\n\nerror: cannot find macro `assert` in this scope\n    --> /Users/graysonnocera/.cargo/registry/src/index.crates.io-6f17d22bba15001f/byteorder-1.3.2/src/lib.rs:1948:9\n     |\n1948 |         assert!($size == ::core::mem::size_of::<$ty>());\n     |         ^^^^^^\n...\n2294 |             write_slice!(src, dst, u32, 4, Self::write_u32);\n     |             ----------------------------------------------- in this macro invocation\n     |\n     = note: this error originates in the macro `write_slice` (in Nightly builds, run with -Z macro-backtrace for more info)\nhelp: consider importing this macro\n     |\n83   + use core::assert;\n     |\n\nerror: cannot find macro `assert_eq` in this scope\n    --> /Users/graysonnocera/.cargo/registry/src/index.crates.io-6f17d22bba15001f/byteorder-1.3.2/src/lib.rs:1949:9\n     |\n1949 |         assert_eq!($size * $src.len(), $dst.len());\n     |         ^^^^^^^^^\n...\n2294 |             write_slice!(src, dst, u32, 4, Self::write_u32);\n     |             ----------------------------------------------- in this macro invocation\n     |\n     = note: this error originates in the macro `write_slice` (in Nightly builds, run with -Z macro-backtrace for more info)\nhelp: consider importing this macro\n     |\n83   + use core::assert_eq;\n     |\n\nerror: cannot find macro `cfg` in this scope\n    --> /Users/graysonnocera/.cargo/registry/src/index.crates.io-6f17d22bba15001f/byteorder-1.3.2/src/lib.rs:2300:12\n     |\n2300 |         if cfg!(target_endian = \"little\") {\n     |            ^^^\n     |\n     = note: `cfg` is in scope, but it is an attribute: `#[cfg]`\nhelp: consider importing this macro\n     |\n83   + use core::cfg;\n     |\n\nerror: cannot find macro `assert` in this scope\n    --> /Users/graysonnocera/.cargo/registry/src/index.crates.io-6f17d22bba15001f/byteorder-1.3.2/src/lib.rs:1934:9\n     |\n1934 |         assert!($size == ::core::mem::size_of::<$ty>());\n     |         ^^^^^^\n...\n2301 |             write_slice_native!(src, dst, u64, 8);\n     |             ------------------------------------- in this macro invocation\n     |\n     = note: this error originates in the macro `write_slice_native` (in Nightly builds, run with -Z macro-backtrace for more info)\nhelp: consider importing this macro\n     |\n83   + use core::assert;\n     |\n\nerror: cannot find macro `assert_eq` in this scope\n    --> /Users/graysonnocera/.cargo/registry/src/index.crates.io-6f17d22bba15001f/byteorder-1.3.2/src/lib.rs:1935:9\n     |\n1935 |         assert_eq!($size * $src.len(), $dst.len());\n     |         ^^^^^^^^^\n...\n2301 |             write_slice_native!(src, dst, u64, 8);\n     |             ------------------------------------- in this macro invocation\n     |\n     = note: this error originates in the macro `write_slice_native` (in Nightly builds, run with -Z macro-backtrace for more info)\nhelp: consider importing this macro\n     |\n83   + use core::assert_eq;\n     |\n\nerror: cannot find macro `assert` in this scope\n    --> /Users/graysonnocera/.cargo/registry/src/index.crates.io-6f17d22bba15001f/byteorder-1.3.2/src/lib.rs:1948:9\n     |\n1948 |         assert!($size == ::core::mem::size_of::<$ty>());\n     |         ^^^^^^\n...\n2303 |             write_slice!(src, dst, u64, 8, Self::write_u64);\n     |             ----------------------------------------------- in this macro invocation\n     |\n     = note: this error originates in the macro `write_slice` (in Nightly builds, run with -Z macro-backtrace for more info)\nhelp: consider importing this macro\n     |\n83   + use core::assert;\n     |\n\nerror: cannot find macro `assert_eq` in this scope\n    --> /Users/graysonnocera/.cargo/registry/src/index.crates.io-6f17d22bba15001f/byteorder-1.3.2/src/lib.rs:1949:9\n     |\n1949 |         assert_eq!($size * $src.len(), $dst.len());\n     |         ^^^^^^^^^\n...\n2303 |             write_slice!(src, dst, u64, 8, Self::write_u64);\n     |             ----------------------------------------------- in this macro invocation\n     |\n     = note: this error originates in the macro `write_slice` (in Nightly builds, run with -Z macro-backtrace for more info)\nhelp: consider importing this macro\n     |\n83   + use core::assert_eq;\n     |\n\nerror: cannot find macro `cfg` in this scope\n    --> /Users/graysonnocera/.cargo/registry/src/index.crates.io-6f17d22bba15001f/byteorder-1.3.2/src/lib.rs:2310:12\n     |\n2310 |         if cfg!(target_endian = \"little\") {\n     |            ^^^\n     |\n     = note: `cfg` is in scope, but it is an attribute: `#[cfg]`\nhelp: consider importing this macro\n     |\n83   + use core::cfg;\n     |\n\nerror: cannot find macro `assert` in this scope\n    --> /Users/graysonnocera/.cargo/registry/src/index.crates.io-6f17d22bba15001f/byteorder-1.3.2/src/lib.rs:1934:9\n     |\n1934 |         assert!($size == ::core::mem::size_of::<$ty>());\n     |         ^^^^^^\n...\n2311 |             write_slice_native!(src, dst, u128, 16);\n     |             --------------------------------------- in this macro invocation\n     |\n     = note: this error originates in the macro `write_slice_native` (in Nightly builds, run with -Z macro-backtrace for more info)\nhelp: consider importing this macro\n     |\n83   + use core::assert;\n     |\n\nerror: cannot find macro `assert_eq` in this scope\n    --> /Users/graysonnocera/.cargo/registry/src/index.crates.io-6f17d22bba15001f/byteorder-1.3.2/src/lib.rs:1935:9\n     |\n1935 |         assert_eq!($size * $src.len(), $dst.len());\n     |         ^^^^^^^^^\n...\n2311 |             write_slice_native!(src, dst, u128, 16);\n     |             --------------------------------------- in this macro invocation\n     |\n     = note: this error originates in the macro `write_slice_native` (in Nightly builds, run with -Z macro-backtrace for more info)\nhelp: consider importing this macro\n     |\n83   + use core::assert_eq;\n     |\n\nerror: cannot find macro `assert` in this scope\n    --> /Users/graysonnocera/.cargo/registry/src/index.crates.io-6f17d22bba15001f/byteorder-1.3.2/src/lib.rs:1948:9\n     |\n1948 |         assert!($size == ::core::mem::size_of::<$ty>());\n     |         ^^^^^^\n...\n2313 |             write_slice!(src, dst, u128, 16, Self::write_u128);\n     |             -------------------------------------------------- in this macro invocation\n     |\n     = note: this error originates in the macro `write_slice` (in Nightly builds, run with -Z macro-backtrace for more info)\nhelp: consider importing this macro\n     |\n83   + use core::assert;\n     |\n\nerror: cannot find macro `assert_eq` in this scope\n    --> /Users/graysonnocera/.cargo/registry/src/index.crates.io-6f17d22bba15001f/byteorder-1.3.2/src/lib.rs:1949:9\n     |\n1949 |         assert_eq!($size * $src.len(), $dst.len());\n     |         ^^^^^^^^^\n...\n2313 |             write_slice!(src, dst, u128, 16, Self::write_u128);\n     |             -------------------------------------------------- in this macro invocation\n     |\n     = note: this error originates in the macro `write_slice` (in Nightly builds, run with -Z macro-backtrace for more info)\nhelp: consider importing this macro\n     |\n83   + use core::assert_eq;\n     |\n\nerror: cannot find macro `cfg` in this scope\n    --> /Users/graysonnocera/.cargo/registry/src/index.crates.io-6f17d22bba15001f/byteorder-1.3.2/src/lib.rs:2319:12\n     |\n2319 |         if cfg!(target_endian = \"big\") {\n     |            ^^^\n     |\n     = note: `cfg` is in scope, but it is an attribute: `#[cfg]`\nhelp: consider importing this macro\n     |\n83   + use core::cfg;\n     |\n\nerror: cannot find macro `cfg` in this scope\n    --> /Users/graysonnocera/.cargo/registry/src/index.crates.io-6f17d22bba15001f/byteorder-1.3.2/src/lib.rs:2328:12\n     |\n2328 |         if cfg!(target_endian = \"big\") {\n     |            ^^^\n     |\n     = note: `cfg` is in scope, but it is an attribute: `#[cfg]`\nhelp: consider importing this macro\n     |\n83   + use core::cfg;\n     |\n\nerror: cannot find macro `cfg` in this scope\n    --> /Users/graysonnocera/.cargo/registry/src/index.crates.io-6f17d22bba15001f/byteorder-1.3.2/src/lib.rs:2337:12\n     |\n2337 |         if cfg!(target_endian = \"big\") {\n     |            ^^^\n     |\n     = note: `cfg` is in scope, but it is an attribute: `#[cfg]`\nhelp: consider importing this macro\n     |\n83   + use core::cfg;\n     |\n\nerror: cannot find macro `cfg` in this scope\n    --> /Users/graysonnocera/.cargo/registry/src/index.crates.io-6f17d22bba15001f/byteorder-1.3.2/src/lib.rs:2347:12\n     |\n2347 |         if cfg!(target_endian = \"big\") {\n     |            ^^^\n     |\n     = note: `cfg` is in scope, but it is an attribute: `#[cfg]`\nhelp: consider importing this macro\n     |\n83   + use core::cfg;\n     |\n\nerror: cannot find macro `cfg` in this scope\n    --> /Users/graysonnocera/.cargo/registry/src/index.crates.io-6f17d22bba15001f/byteorder-1.3.2/src/lib.rs:2356:12\n     |\n2356 |         if cfg!(target_endian = \"big\") {\n     |            ^^^\n     |\n     = note: `cfg` is in scope, but it is an attribute: `#[cfg]`\nhelp: consider importing this macro\n     |\n83   + use core::cfg;\n     |\n\nerror: cannot find macro `cfg` in this scope\n    --> /Users/graysonnocera/.cargo/registry/src/index.crates.io-6f17d22bba15001f/byteorder-1.3.2/src/lib.rs:2368:12\n     |\n2368 |         if cfg!(target_endian = \"big\") {\n     |            ^^^\n     |\n     = note: `cfg` is in scope, but it is an attribute: `#[cfg]`\nhelp: consider importing this macro\n     |\n83   + use core::cfg;\n     |\n\nerror[E0425]: cannot find function, tuple struct or tuple variant `Ok` in this scope\n  --> /Users/graysonnocera/.cargo/registry/src/index.crates.io-6f17d22bba15001f/byteorder-1.3.2/src/io.rs:56:9\n   |\n56 |         Ok(buf[0])\n   |         ^^ not found in this scope\n   |\nhelp: consider importing this tuple variant\n   |\n1  + use core::result::Result::Ok;\n   |\n\nerror[E0425]: cannot find function, tuple struct or tuple variant `Ok` in this scope\n  --> /Users/graysonnocera/.cargo/registry/src/index.crates.io-6f17d22bba15001f/byteorder-1.3.2/src/io.rs:86:9\n   |\n86 |         Ok(buf[0] as i8)\n   |         ^^ not found in this scope\n   |\nhelp: consider importing this tuple variant\n   |\n1  + use core::result::Result::Ok;\n   |\n\nerror[E0425]: cannot find function, tuple struct or tuple variant `Ok` in this scope\n   --> /Users/graysonnocera/.cargo/registry/src/index.crates.io-6f17d22bba15001f/byteorder-1.3.2/src/io.rs:113:9\n    |\n113 |         Ok(T::read_u16(&buf))\n    |         ^^ not found in this scope\n    |\nhelp: consider importing this tuple variant\n    |\n1   + use core::result::Result::Ok;\n    |\n\nerror[E0425]: cannot find function, tuple struct or tuple variant `Ok` in this scope\n   --> /Users/graysonnocera/.cargo/registry/src/index.crates.io-6f17d22bba15001f/byteorder-1.3.2/src/io.rs:140:9\n    |\n140 |         Ok(T::read_i16(&buf))\n    |         ^^ not found in this scope\n    |\nhelp: consider importing this tuple variant\n    |\n1   + use core::result::Result::Ok;\n    |\n\nerror[E0425]: cannot find function, tuple struct or tuple variant `Ok` in this scope\n   --> /Users/graysonnocera/.cargo/registry/src/index.crates.io-6f17d22bba15001f/byteorder-1.3.2/src/io.rs:166:9\n    |\n166 |         Ok(T::read_u24(&buf))\n    |         ^^ not found in this scope\n    |\nhelp: consider importing this tuple variant\n    |\n1   + use core::result::Result::Ok;\n    |\n\nerror[E0425]: cannot find function, tuple struct or tuple variant `Ok` in this scope\n   --> /Users/graysonnocera/.cargo/registry/src/index.crates.io-6f17d22bba15001f/byteorder-1.3.2/src/io.rs:192:9\n    |\n192 |         Ok(T::read_i24(&buf))\n    |         ^^ not found in this scope\n    |\nhelp: consider importing this tuple variant\n    |\n1   + use core::result::Result::Ok;\n    |\n\nerror[E0425]: cannot find function, tuple struct or tuple variant `Ok` in this scope\n   --> /Users/graysonnocera/.cargo/registry/src/index.crates.io-6f17d22bba15001f/byteorder-1.3.2/src/io.rs:218:9\n    |\n218 |         Ok(T::read_u32(&buf))\n    |         ^^ not found in this scope\n    |\nhelp: consider importing this tuple variant\n    |\n1   + use core::result::Result::Ok;\n    |\n\nerror[E0425]: cannot find function, tuple struct or tuple variant `Ok` in this scope\n   --> /Users/graysonnocera/.cargo/registry/src/index.crates.io-6f17d22bba15001f/byteorder-1.3.2/src/io.rs:244:9\n    |\n244 |         Ok(T::read_i32(&buf))\n    |         ^^ not found in this scope\n    |\nhelp: consider importing this tuple variant\n    |\n1   + use core::result::Result::Ok;\n    |\n\nerror[E0425]: cannot find function, tuple struct or tuple variant `Ok` in this scope\n   --> /Users/graysonnocera/.cargo/registry/src/index.crates.io-6f17d22bba15001f/byteorder-1.3.2/src/io.rs:270:9\n    |\n270 |         Ok(T::read_u48(&buf))\n    |         ^^ not found in this scope\n    |\nhelp: consider importing this tuple variant\n    |\n1   + use core::result::Result::Ok;\n    |\n\nerror[E0425]: cannot find function, tuple struct or tuple variant `Ok` in this scope\n   --> /Users/graysonnocera/.cargo/registry/src/index.crates.io-6f17d22bba15001f/byteorder-1.3.2/src/io.rs:296:9\n    |\n296 |         Ok(T::read_i48(&buf))\n    |         ^^ not found in this scope\n    |\nhelp: consider importing this tuple variant\n    |\n1   + use core::result::Result::Ok;\n    |\n\nerror[E0425]: cannot find function, tuple struct or tuple variant `Ok` in this scope\n   --> /Users/graysonnocera/.cargo/registry/src/index.crates.io-6f17d22bba15001f/byteorder-1.3.2/src/io.rs:322:9\n    |\n322 |         Ok(T::read_u64(&buf))\n    |         ^^ not found in this scope\n    |\nhelp: consider importing this tuple variant\n    |\n1   + use core::result::Result::Ok;\n    |\n\nerror[E0425]: cannot find function, tuple struct or tuple variant `Ok` in this scope\n   --> /Users/graysonnocera/.cargo/registry/src/index.crates.io-6f17d22bba15001f/byteorder-1.3.2/src/io.rs:348:9\n    |\n348 |         Ok(T::read_i64(&buf))\n    |         ^^ not found in this scope\n    |\nhelp: consider importing this tuple variant\n    |\n1   + use core::result::Result::Ok;\n    |\n\nerror[E0425]: cannot find function, tuple struct or tuple variant `Ok` in this scope\n   --> /Users/graysonnocera/.cargo/registry/src/index.crates.io-6f17d22bba15001f/byteorder-1.3.2/src/io.rs:378:9\n    |\n378 |         Ok(T::read_u128(&buf))\n    |         ^^ not found in this scope\n    |\nhelp: consider importing this tuple variant\n    |\n1   + use core::result::Result::Ok;\n    |\n\nerror[E0425]: cannot find function, tuple struct or tuple variant `Ok` in this scope\n   --> /Users/graysonnocera/.cargo/registry/src/index.crates.io-6f17d22bba15001f/byteorder-1.3.2/src/io.rs:405:9\n    |\n405 |         Ok(T::read_i128(&buf))\n    |         ^^ not found in this scope\n    |\nhelp: consider importing this tuple variant\n    |\n1   + use core::result::Result::Ok;\n    |\n\nerror[E0425]: cannot find function, tuple struct or tuple variant `Ok` in this scope\n   --> /Users/graysonnocera/.cargo/registry/src/index.crates.io-6f17d22bba15001f/byteorder-1.3.2/src/io.rs:430:9\n    |\n430 |         Ok(T::read_uint(&buf[..nbytes], nbytes))\n    |         ^^ not found in this scope\n    |\nhelp: consider importing this tuple variant\n    |\n1   + use core::result::Result::Ok;\n    |\n\nerror[E0425]: cannot find function, tuple struct or tuple variant `Ok` in this scope\n   --> /Users/graysonnocera/.cargo/registry/src/index.crates.io-6f17d22bba15001f/byteorder-1.3.2/src/io.rs:455:9\n    |\n455 |         Ok(T::read_int(&buf[..nbytes], nbytes))\n    |         ^^ not found in this scope\n    |\nhelp: consider importing this tuple variant\n    |\n1   + use core::result::Result::Ok;\n    |\n\nerror[E0425]: cannot find function, tuple struct or tuple variant `Ok` in this scope\n   --> /Users/graysonnocera/.cargo/registry/src/index.crates.io-6f17d22bba15001f/byteorder-1.3.2/src/io.rs:464:9\n    |\n464 |         Ok(T::read_uint128(&buf[..nbytes], nbytes))\n    |         ^^ not found in this scope\n    |\nhelp: consider importing this tuple variant\n    |\n1   + use core::result::Result::Ok;\n    |\n\nerror[E0425]: cannot find function, tuple struct or tuple variant `Ok` in this scope\n   --> /Users/graysonnocera/.cargo/registry/src/index.crates.io-6f17d22bba15001f/byteorder-1.3.2/src/io.rs:473:9\n    |\n473 |         Ok(T::read_int128(&buf[..nbytes], nbytes))\n    |         ^^ not found in this scope\n    |\nhelp: consider importing this tuple variant\n    |\n1   + use core::result::Result::Ok;\n    |\n\nerror[E0425]: cannot find function, tuple struct or tuple variant `Ok` in this scope\n   --> /Users/graysonnocera/.cargo/registry/src/index.crates.io-6f17d22bba15001f/byteorder-1.3.2/src/io.rs:504:9\n    |\n504 |         Ok(T::read_f32(&buf))\n    |         ^^ not found in this scope\n    |\nhelp: consider importing this tuple variant\n    |\n1   + use core::result::Result::Ok;\n    |\n\nerror[E0425]: cannot find function, tuple struct or tuple variant `Ok` in this scope\n   --> /Users/graysonnocera/.cargo/registry/src/index.crates.io-6f17d22bba15001f/byteorder-1.3.2/src/io.rs:535:9\n    |\n535 |         Ok(T::read_f64(&buf))\n    |         ^^ not found in this scope\n    |\nhelp: consider importing this tuple variant\n    |\n1   + use core::result::Result::Ok;\n    |\n\nerror[E0425]: cannot find function, tuple struct or tuple variant `Ok` in this scope\n   --> /Users/graysonnocera/.cargo/registry/src/index.crates.io-6f17d22bba15001f/byteorder-1.3.2/src/io.rs:570:9\n    |\n570 |         Ok(())\n    |         ^^ not found in this scope\n    |\nhelp: consider importing this tuple variant\n    |\n1   + use core::result::Result::Ok;\n    |\n\nerror[E0425]: cannot find function, tuple struct or tuple variant `Ok` in this scope\n   --> /Users/graysonnocera/.cargo/registry/src/index.crates.io-6f17d22bba15001f/byteorder-1.3.2/src/io.rs:605:9\n    |\n605 |         Ok(())\n    |         ^^ not found in this scope\n    |\nhelp: consider importing this tuple variant\n    |\n1   + use core::result::Result::Ok;\n    |\n\nerror[E0425]: cannot find function, tuple struct or tuple variant `Ok` in this scope\n   --> /Users/graysonnocera/.cargo/registry/src/index.crates.io-6f17d22bba15001f/byteorder-1.3.2/src/io.rs:643:9\n    |\n643 |         Ok(())\n    |         ^^ not found in this scope\n    |\nhelp: consider importing this tuple variant\n    |\n1   + use core::result::Result::Ok;\n    |\n\nerror[E0425]: cannot find function, tuple struct or tuple variant `Ok` in this scope\n   --> /Users/graysonnocera/.cargo/registry/src/index.crates.io-6f17d22bba15001f/byteorder-1.3.2/src/io.rs:685:9\n    |\n685 |         Ok(())\n    |         ^^ not found in this scope\n    |\nhelp: consider importing this tuple variant\n    |\n1   + use core::result::Result::Ok;\n    |\n\nerror[E0425]: cannot find function, tuple struct or tuple variant `Ok` in this scope\n   --> /Users/graysonnocera/.cargo/registry/src/index.crates.io-6f17d22bba15001f/byteorder-1.3.2/src/io.rs:756:9\n    |\n756 |         Ok(())\n    |         ^^ not found in this scope\n    |\nhelp: consider importing this tuple variant\n    |\n1   + use core::result::Result::Ok;\n    |\n\nerror[E0425]: cannot find function, tuple struct or tuple variant `Ok` in this scope\n   --> /Users/graysonnocera/.cargo/registry/src/index.crates.io-6f17d22bba15001f/byteorder-1.3.2/src/io.rs:791:9\n    |\n791 |         Ok(())\n    |         ^^ not found in this scope\n    |\nhelp: consider importing this tuple variant\n    |\n1   + use core::result::Result::Ok;\n    |\n\nerror[E0425]: cannot find function, tuple struct or tuple variant `Ok` in this scope\n   --> /Users/graysonnocera/.cargo/registry/src/index.crates.io-6f17d22bba15001f/byteorder-1.3.2/src/io.rs:829:9\n    |\n829 |         Ok(())\n    |         ^^ not found in this scope\n    |\nhelp: consider importing this tuple variant\n    |\n1   + use core::result::Result::Ok;\n    |\n\nerror[E0425]: cannot find function, tuple struct or tuple variant `Ok` in this scope\n   --> /Users/graysonnocera/.cargo/registry/src/index.crates.io-6f17d22bba15001f/byteorder-1.3.2/src/io.rs:871:9\n    |\n871 |         Ok(())\n    |         ^^ not found in this scope\n    |\nhelp: consider importing this tuple variant\n    |\n1   + use core::result::Result::Ok;\n    |\n\nerror[E0425]: cannot find function, tuple struct or tuple variant `Ok` in this scope\n   --> /Users/graysonnocera/.cargo/registry/src/index.crates.io-6f17d22bba15001f/byteorder-1.3.2/src/io.rs:915:9\n    |\n915 |         Ok(())\n    |         ^^ not found in this scope\n    |\nhelp: consider importing this tuple variant\n    |\n1   + use core::result::Result::Ok;\n    |\n\nerror[E0425]: cannot find function, tuple struct or tuple variant `Ok` in this scope\n    --> /Users/graysonnocera/.cargo/registry/src/index.crates.io-6f17d22bba15001f/byteorder-1.3.2/src/io.rs:1003:9\n     |\n1003 |         Ok(())\n     |         ^^ not found in this scope\n     |\nhelp: consider importing this tuple variant\n     |\n1    + use core::result::Result::Ok;\n     |\n\nerror[E0405]: cannot find trait `Sized` in this scope\n    --> /Users/graysonnocera/.cargo/registry/src/index.crates.io-6f17d22bba15001f/byteorder-1.3.2/src/io.rs:1059:21\n     |\n1059 | impl<R: io::Read + ?Sized> ReadBytesExt for R {}\n     |                     ^^^^^ not found in this scope\n     |\nhelp: consider importing this trait\n     |\n1    + use core::marker::Sized;\n     |\n\nerror[E0405]: cannot find trait `Sized` in this scope\n    --> /Users/graysonnocera/.cargo/registry/src/index.crates.io-6f17d22bba15001f/byteorder-1.3.2/src/io.rs:1593:22\n     |\n1593 | impl<W: io::Write + ?Sized> WriteBytesExt for W {}\n     |                      ^^^^^ not found in this scope\n     |\nhelp: consider importing this trait\n     |\n1    + use core::marker::Sized;\n     |\n\nerror[E0405]: cannot find trait `Copy` in this scope\n    --> /Users/graysonnocera/.cargo/registry/src/index.crates.io-6f17d22bba15001f/byteorder-1.3.2/src/io.rs:1600:30\n     |\n1600 | unsafe fn slice_to_u8_mut<T: Copy>(slice: &mut [T]) -> &mut [u8] {\n     |                              ^^^^ not found in this scope\n     |\nhelp: consider importing this trait\n     |\n1    + use core::marker::Copy;\n     |\n\nerror[E0405]: cannot find trait `Clone` in this scope\n   --> /Users/graysonnocera/.cargo/registry/src/index.crates.io-6f17d22bba15001f/byteorder-1.3.2/src/lib.rs:223:7\n    |\n223 |     : Clone + Copy + Debug + Default + Eq + Hash + Ord + PartialEq + PartialOrd\n    |       ^^^^^ not found in this scope\n    |\nhelp: consider importing this trait\n    |\n83  + use core::clone::Clone;\n    |\n\nerror[E0405]: cannot find trait `Copy` in this scope\n   --> /Users/graysonnocera/.cargo/registry/src/index.crates.io-6f17d22bba15001f/byteorder-1.3.2/src/lib.rs:223:15\n    |\n223 |     : Clone + Copy + Debug + Default + Eq + Hash + Ord + PartialEq + PartialOrd\n    |               ^^^^ not found in this scope\n    |\nhelp: consider importing this trait\n    |\n83  + use core::marker::Copy;\n    |\n\nerror[E0405]: cannot find trait `Default` in this scope\n   --> /Users/graysonnocera/.cargo/registry/src/index.crates.io-6f17d22bba15001f/byteorder-1.3.2/src/lib.rs:223:30\n    |\n223 |     : Clone + Copy + Debug + Default + Eq + Hash + Ord + PartialEq + PartialOrd\n    |                              ^^^^^^^ not found in this scope\n    |\nhelp: consider importing this trait\n    |\n83  + use core::default::Default;\n    |\n\nerror[E0405]: cannot find trait `Eq` in this scope\n   --> /Users/graysonnocera/.cargo/registry/src/index.crates.io-6f17d22bba15001f/byteorder-1.3.2/src/lib.rs:223:40\n    |\n223 |     : Clone + Copy + Debug + Default + Eq + Hash + Ord + PartialEq + PartialOrd\n    |                                        ^^ not found in this scope\n    |\nhelp: consider importing this trait\n    |\n83  + use core::cmp::Eq;\n    |\n\nerror[E0405]: cannot find trait `Ord` in this scope\n   --> /Users/graysonnocera/.cargo/registry/src/index.crates.io-6f17d22bba15001f/byteorder-1.3.2/src/lib.rs:223:52\n    |\n223 |     : Clone + Copy + Debug + Default + Eq + Hash + Ord + PartialEq + PartialOrd\n    |                                                    ^^^ not found in this scope\n    |\nhelp: consider importing this trait\n    |\n83  + use core::cmp::Ord;\n    |\n\nerror[E0405]: cannot find trait `PartialEq` in this scope\n   --> /Users/graysonnocera/.cargo/registry/src/index.crates.io-6f17d22bba15001f/byteorder-1.3.2/src/lib.rs:223:58\n    |\n223 |     : Clone + Copy + Debug + Default + Eq + Hash + Ord + PartialEq + PartialOrd\n    |                                                          ^^^^^^^^^ not found in this scope\n    |\nhelp: consider importing this trait\n    |\n83  + use core::cmp::PartialEq;\n    |\n\nerror[E0405]: cannot find trait `PartialOrd` in this scope\n   --> /Users/graysonnocera/.cargo/registry/src/index.crates.io-6f17d22bba15001f/byteorder-1.3.2/src/lib.rs:223:70\n    |\n223 |     : Clone + Copy + Debug + Default + Eq + Hash + Ord + PartialEq + PartialOrd\n    |                                                                      ^^^^^^^^^^ not found in this scope\n    |\nhelp: consider importing this trait\n    |\n83  + use core::cmp::PartialOrd;\n    |\n\nerror[E0405]: cannot find trait `Default` in this scope\n    --> /Users/graysonnocera/.cargo/registry/src/index.crates.io-6f17d22bba15001f/byteorder-1.3.2/src/lib.rs:1801:6\n     |\n1801 | impl Default for BigEndian {\n     |      ^^^^^^^ not found in this scope\n     |\nhelp: consider importing this trait\n     |\n83   + use core::default::Default;\n     |\n\nerror[E0405]: cannot find trait `Default` in this scope\n    --> /Users/graysonnocera/.cargo/registry/src/index.crates.io-6f17d22bba15001f/byteorder-1.3.2/src/lib.rs:1831:6\n     |\n1831 | impl Default for LittleEndian {\n     |      ^^^^^^^ not found in this scope\n     |\nhelp: consider importing this trait\n     |\n83   + use core::default::Default;\n     |\n\nSome errors have detailed explanations: E0405, E0425, E0463.\nFor more information about an error, try `rustc --explain E0405`.\nerror: could not compile `byteorder` (lib) due to 173 previous errors\n",
      "stdout": ""
    },
    "features": [
      "std"
    ],
    "project": "../../../Downloads/695-Project/dataset/nostd-failed-crates/crates/sonant-0.1.0/src",
    "time_to_build": 386,
    "time_to_solve": 56
  }
]