[
  {
    "built_with_features": null,
    "command": {
      "args": [
        "build",
        "--target",
        "thumbv7m-none-eabi",
        "--no-default-features"
      ],
      "code": 101,
      "stderr": "   Compiling splines v4.3.1 (/Users/graysonnocera/Downloads/695-Project/dataset/nostd-failed-crates/crates/splines-4.3.1)\nerror[E0433]: failed to resolve: use of undeclared crate or module `std`\n   --> src/interpolate.rs:235:29\n    |\n235 | impl_Interpolate!(f32, f32, std::f32::consts::PI);\n    |                             ^^^ use of undeclared crate or module `std`\n    |\nhelp: consider importing one of these modules\n    |\n31  + use crate::interpolate::f32::consts;\n    |\n31  + use crate::interpolate::f64::consts;\n    |\n31  + use core::f128::consts;\n    |\n31  + use core::f16::consts;\n    |\n      and 2 other candidates\nhelp: if you import `consts`, refer to it directly\n    |\n235 - impl_Interpolate!(f32, f32, std::f32::consts::PI);\n235 + impl_Interpolate!(f32, f32, consts::PI);\n    |\n\nerror[E0433]: failed to resolve: use of undeclared crate or module `std`\n   --> src/interpolate.rs:236:29\n    |\n236 | impl_Interpolate!(f64, f64, std::f64::consts::PI);\n    |                             ^^^ use of undeclared crate or module `std`\n    |\nhelp: consider importing one of these modules\n    |\n31  + use crate::interpolate::f32::consts;\n    |\n31  + use crate::interpolate::f64::consts;\n    |\n31  + use core::f128::consts;\n    |\n31  + use core::f16::consts;\n    |\n      and 2 other candidates\nhelp: if you import `consts`, refer to it directly\n    |\n236 - impl_Interpolate!(f64, f64, std::f64::consts::PI);\n236 + impl_Interpolate!(f64, f64, consts::PI);\n    |\n\nerror[E0433]: failed to resolve: use of undeclared crate or module `std`\n   --> src/interpolate.rs:237:30\n    |\n237 | impl_InterpolateT!(f32, f64, std::f32::consts::PI);\n    |                              ^^^ use of undeclared crate or module `std`\n    |\nhelp: consider importing one of these modules\n    |\n31  + use crate::interpolate::f32::consts;\n    |\n31  + use crate::interpolate::f64::consts;\n    |\n31  + use core::f128::consts;\n    |\n31  + use core::f16::consts;\n    |\n      and 2 other candidates\nhelp: if you import `consts`, refer to it directly\n    |\n237 - impl_InterpolateT!(f32, f64, std::f32::consts::PI);\n237 + impl_InterpolateT!(f32, f64, consts::PI);\n    |\n\nerror[E0405]: cannot find trait `Interpolator` in this scope\n   --> src/spline.rs:115:8\n    |\n115 |     T: Interpolator,\n    |        ^^^^^^^^^^^^\n    |\n   ::: /Users/graysonnocera/.rustup/toolchains/stable-aarch64-apple-darwin/lib/rustlib/src/rust/library/core/src/iter/traits/iterator.rs:44:1\n    |\n44  | pub trait Iterator {\n    | ------------------ similarly named trait `Iterator` defined here\n    |\nhelp: a trait with a similar name exists\n    |\n115 |     T: Iterator,\n    |        ~~~~~~~~\nhelp: consider importing this trait\n    |\n5   + use crate::interpolate::Interpolator;\n    |\n\nerror[E0405]: cannot find trait `Interpolate` in this scope\n   --> src/spline.rs:116:8\n    |\n116 |     V: Interpolate<T>,\n    |        ^^^^^^^^^^^ not found in this scope\n    |\nhelp: consider importing this trait through its public re-export\n    |\n5   + use crate::Interpolate;\n    |\n\nerror[E0405]: cannot find trait `Interpolator` in this scope\n   --> src/spline.rs:193:8\n    |\n193 |     T: Interpolator,\n    |        ^^^^^^^^^^^^\n    |\n   ::: /Users/graysonnocera/.rustup/toolchains/stable-aarch64-apple-darwin/lib/rustlib/src/rust/library/core/src/iter/traits/iterator.rs:44:1\n    |\n44  | pub trait Iterator {\n    | ------------------ similarly named trait `Iterator` defined here\n    |\nhelp: a trait with a similar name exists\n    |\n193 |     T: Iterator,\n    |        ~~~~~~~~\nhelp: consider importing this trait\n    |\n5   + use crate::interpolate::Interpolator;\n    |\n\nerror[E0405]: cannot find trait `Interpolate` in this scope\n   --> src/spline.rs:194:8\n    |\n194 |     V: Interpolate<T>,\n    |        ^^^^^^^^^^^ not found in this scope\n    |\nhelp: consider importing this trait through its public re-export\n    |\n5   + use crate::Interpolate;\n    |\n\nerror[E0405]: cannot find trait `Interpolator` in this scope\n   --> src/spline.rs:212:8\n    |\n212 |     T: Interpolator,\n    |        ^^^^^^^^^^^^\n    |\n   ::: /Users/graysonnocera/.rustup/toolchains/stable-aarch64-apple-darwin/lib/rustlib/src/rust/library/core/src/iter/traits/iterator.rs:44:1\n    |\n44  | pub trait Iterator {\n    | ------------------ similarly named trait `Iterator` defined here\n    |\nhelp: a trait with a similar name exists\n    |\n212 |     T: Iterator,\n    |        ~~~~~~~~\nhelp: consider importing this trait\n    |\n5   + use crate::interpolate::Interpolator;\n    |\n\nerror[E0405]: cannot find trait `Interpolate` in this scope\n   --> src/spline.rs:213:8\n    |\n213 |     V: Interpolate<T>,\n    |        ^^^^^^^^^^^ not found in this scope\n    |\nhelp: consider importing this trait through its public re-export\n    |\n5   + use crate::Interpolate;\n    |\n\nerror[E0405]: cannot find trait `Interpolator` in this scope\n   --> src/spline.rs:247:8\n    |\n247 |     T: Interpolator,\n    |        ^^^^^^^^^^^^\n    |\n   ::: /Users/graysonnocera/.rustup/toolchains/stable-aarch64-apple-darwin/lib/rustlib/src/rust/library/core/src/iter/traits/iterator.rs:44:1\n    |\n44  | pub trait Iterator {\n    | ------------------ similarly named trait `Iterator` defined here\n    |\nhelp: a trait with a similar name exists\n    |\n247 |     T: Iterator,\n    |        ~~~~~~~~\nhelp: consider importing this trait\n    |\n5   + use crate::interpolate::Interpolator;\n    |\n\nerror[E0405]: cannot find trait `Interpolate` in this scope\n   --> src/spline.rs:248:8\n    |\n248 |     V: Interpolate<T>,\n    |        ^^^^^^^^^^^ not found in this scope\n    |\nhelp: consider importing this trait through its public re-export\n    |\n5   + use crate::Interpolate;\n    |\n\nerror[E0554]: `#![feature]` may not be used on the stable release channel\n   --> src/lib.rs:109:35\n    |\n109 | #![cfg_attr(not(feature = \"std\"), feature(alloc))]\n    |                                   ^^^^^^^^^^^^^^\n\nerror[E0554]: `#![feature]` may not be used on the stable release channel\n   --> src/lib.rs:110:35\n    |\n110 | #![cfg_attr(not(feature = \"std\"), feature(core_intrinsics))]\n    |                                   ^^^^^^^^^^^^^^^^^^^^^^^^\n\nwarning: the feature `core_intrinsics` is internal to the compiler or standard library\n   --> src/lib.rs:110:43\n    |\n110 | #![cfg_attr(not(feature = \"std\"), feature(core_intrinsics))]\n    |                                           ^^^^^^^^^^^^^^^\n    |\n    = note: using it is strongly discouraged\n    = note: `#[warn(internal_features)]` on by default\n\nwarning: unused import: `core::intrinsics::cosf32`\n  --> src/interpolate.rs:36:5\n   |\n36 | use core::intrinsics::cosf32;\n   |     ^^^^^^^^^^^^^^^^^^^^^^^^\n   |\n   = note: `#[warn(unused_imports)]` on by default\n\nwarning: unused import: `core::intrinsics::cosf64`\n  --> src/interpolate.rs:38:5\n   |\n38 | use core::intrinsics::cosf64;\n   |     ^^^^^^^^^^^^^^^^^^^^^^^^\n\nwarning: the feature `alloc` has been stable since 1.36.0 and no longer requires an attribute to enable\n   --> src/lib.rs:109:43\n    |\n109 | #![cfg_attr(not(feature = \"std\"), feature(alloc))]\n    |                                           ^^^^^\n    |\n    = note: `#[warn(stable_features)]` on by default\n\nSome errors have detailed explanations: E0405, E0433, E0554.\nFor more information about an error, try `rustc --explain E0405`.\nwarning: `splines` (lib) generated 4 warnings\nerror: could not compile `splines` (lib) due to 13 previous errors; 4 warnings emitted\n",
      "stdout": ""
    },
    "features": [
      "std"
    ],
    "project": "../../../Downloads/695-Project/dataset/nostd-failed-crates/crates/splines-4.3.1/src",
    "time_to_build": 209,
    "time_to_solve": 48
  }
]