[
  {
    "built_with_features": null,
    "command": {
      "args": [
        "build",
        "--target",
        "thumbv7m-none-eabi",
        "--no-default-features"
      ],
      "code": 101,
      "stderr": "   Compiling getrandom v0.2.15\n   Compiling quote v1.0.37\n   Compiling generic-array v0.14.7\n   Compiling rustc_version v0.4.1\n   Compiling num-traits v0.2.19\n   Compiling parking_lot_core v0.9.10\n   Compiling lock_api v0.4.12\n   Compiling hash32 v0.2.1\n   Compiling stable_deref_trait v1.2.0\n   Compiling paste v1.0.15\nerror[E0463]: can't find crate for `std`\n --> /Users/graysonnocera/.cargo/registry/src/index.crates.io-6f17d22bba15001f/getrandom-0.2.15/src/error_impls.rs:1:1\n  |\n1 | extern crate std;\n  | ^^^^^^^^^^^^^^^^^ can't find crate\n  |\n  = note: the `thumbv7m-none-eabi` target may not support the standard library\n\nerror: target is not supported, for more information see: https://docs.rs/getrandom/#unsupported-targets\n   --> /Users/graysonnocera/.cargo/registry/src/index.crates.io-6f17d22bba15001f/getrandom-0.2.15/src/lib.rs:347:9\n    |\n347 | /         compile_error!(\"target is not supported, for more information see: \\\n348 | |                         https://docs.rs/getrandom/#unsupported-targets\");\n    | |________________________________________________________________________^\n\nerror[E0463]: can't find crate for `std`\n  |\n  = note: the `thumbv7m-none-eabi` target may not support the standard library\n  = note: `std` is required by `parking_lot_core` because it does not declare `#![no_std]`\n\nerror[E0433]: failed to resolve: use of undeclared crate or module `imp`\n   --> /Users/graysonnocera/.cargo/registry/src/index.crates.io-6f17d22bba15001f/getrandom-0.2.15/src/lib.rs:398:9\n    |\n398 |         imp::getrandom_inner(dest)?;\n    |         ^^^ use of undeclared crate or module `imp`\n\nSome errors have detailed explanations: E0433, E0463.\nFor more information about an error, try `rustc --explain E0433`.\nerror: could not compile `getrandom` (lib) due to 3 previous errors\nwarning: build failed, waiting for other jobs to finish...\nerror[E0463]: can't find crate for `std`\n --> /Users/graysonnocera/.cargo/registry/src/index.crates.io-6f17d22bba15001f/parking_lot_core-0.9.10/src/thread_parker/mod.rs:2:5\n  |\n2 | use std::time::Instant;\n  |     ^^^ can't find crate\n  |\n  = note: the `thumbv7m-none-eabi` target may not support the standard library\n\nerror[E0463]: can't find crate for `std`\n  --> /Users/graysonnocera/.cargo/registry/src/index.crates.io-6f17d22bba15001f/parking_lot_core-0.9.10/src/thread_parker/generic.rs:13:5\n   |\n13 | use std::thread;\n   |     ^^^ can't find crate\n   |\n   = note: the `thumbv7m-none-eabi` target may not support the standard library\n\nerror[E0463]: can't find crate for `std`\n  --> /Users/graysonnocera/.cargo/registry/src/index.crates.io-6f17d22bba15001f/parking_lot_core-0.9.10/src/thread_parker/generic.rs:14:5\n   |\n14 | use std::time::Instant;\n   |     ^^^ can't find crate\n   |\n   = note: the `thumbv7m-none-eabi` target may not support the standard library\n\nerror[E0463]: can't find crate for `std`\n  --> /Users/graysonnocera/.cargo/registry/src/index.crates.io-6f17d22bba15001f/parking_lot_core-0.9.10/src/parking_lot.rs:16:5\n   |\n16 | use std::time::{Duration, Instant};\n   |     ^^^ can't find crate\n   |\n   = note: the `thumbv7m-none-eabi` target may not support the standard library\n\nerror[E0463]: can't find crate for `std`\n  --> /Users/graysonnocera/.cargo/registry/src/index.crates.io-6f17d22bba15001f/parking_lot_core-0.9.10/src/parking_lot.rs:39:13\n   |\n39 |         use std::time::Instant as TimeoutInstant;\n   |             ^^^ can't find crate\n   |\n   = note: the `thumbv7m-none-eabi` target may not support the standard library\n\nerror: cannot find macro `cfg` in this scope\n  --> /Users/graysonnocera/.cargo/registry/src/index.crates.io-6f17d22bba15001f/parking_lot_core-0.9.10/src/util.rs:26:8\n   |\n26 |     if cfg!(debug_assertions) {\n   |        ^^^\n   |\n   = note: `cfg` is in scope, but it is an attribute: `#[cfg]`\nhelp: consider importing this macro\n   |\n9  + use core::cfg;\n   |\n\nerror: cannot find macro `cfg` in this scope\n   --> /Users/graysonnocera/.cargo/registry/src/index.crates.io-6f17d22bba15001f/parking_lot_core-0.9.10/src/word_lock.rs:293:8\n    |\n293 |     if cfg!(tsan_enabled) {\n    |        ^^^\n    |\n    = note: `cfg` is in scope, but it is an attribute: `#[cfg]`\nhelp: consider importing this macro\n    |\n8   + use core::cfg;\n    |\n\nerror: cannot find macro `thread_local` in this scope\n   --> /Users/graysonnocera/.cargo/registry/src/index.crates.io-6f17d22bba15001f/parking_lot_core-0.9.10/src/parking_lot.rs:202:5\n    |\n202 |     thread_local!(static THREAD_DATA: ThreadData = ThreadData::new());\n    |     ^^^^^^^^^^^^\n    |\n    = note: `thread_local` is in scope, but it is an attribute: `#[thread_local]`\n\nerror: cannot find attribute `derive` in this scope\n   --> /Users/graysonnocera/.cargo/registry/src/index.crates.io-6f17d22bba15001f/parking_lot_core-0.9.10/src/parking_lot.rs:470:3\n    |\n470 | #[derive(Copy, Clone, Eq, PartialEq, Debug)]\n    |   ^^^^^^\n    |\nhelp: consider importing this attribute macro\n    |\n7   + use core::prelude::rust_2024::derive;\n    |\n\nerror: cannot find attribute `derive` in this scope\n   --> /Users/graysonnocera/.cargo/registry/src/index.crates.io-6f17d22bba15001f/parking_lot_core-0.9.10/src/parking_lot.rs:495:3\n    |\n495 | #[derive(Copy, Clone, Default, Eq, PartialEq, Debug)]\n    |   ^^^^^^\n    |\nhelp: consider importing this attribute macro\n    |\n7   + use core::prelude::rust_2024::derive;\n    |\n\nerror: cannot find attribute `derive` in this scope\n   --> /Users/graysonnocera/.cargo/registry/src/index.crates.io-6f17d22bba15001f/parking_lot_core-0.9.10/src/parking_lot.rs:517:3\n    |\n517 | #[derive(Copy, Clone, Eq, PartialEq, Debug)]\n    |   ^^^^^^\n    |\nhelp: consider importing this attribute macro\n    |\n7   + use core::prelude::rust_2024::derive;\n    |\n\nerror: cannot find attribute `derive` in this scope\n   --> /Users/graysonnocera/.cargo/registry/src/index.crates.io-6f17d22bba15001f/parking_lot_core-0.9.10/src/parking_lot.rs:536:3\n    |\n536 | #[derive(Copy, Clone, Eq, PartialEq, Debug)]\n    |   ^^^^^^\n    |\nhelp: consider importing this attribute macro\n    |\n7   + use core::prelude::rust_2024::derive;\n    |\n\nerror: cannot find attribute `derive` in this scope\n   --> /Users/graysonnocera/.cargo/registry/src/index.crates.io-6f17d22bba15001f/parking_lot_core-0.9.10/src/parking_lot.rs:549:3\n    |\n549 | #[derive(Copy, Clone, Eq, PartialEq, Debug)]\n    |   ^^^^^^\n    |\nhelp: consider importing this attribute macro\n    |\n7   + use core::prelude::rust_2024::derive;\n    |\n\nerror: cannot find attribute `derive` in this scope\n   --> /Users/graysonnocera/.cargo/registry/src/index.crates.io-6f17d22bba15001f/parking_lot_core-0.9.10/src/parking_lot.rs:553:3\n    |\n553 | #[derive(Copy, Clone, Eq, PartialEq, Debug)]\n    |   ^^^^^^\n    |\nhelp: consider importing this attribute macro\n    |\n7   + use core::prelude::rust_2024::derive;\n    |\n\nerror: cannot find macro `debug_assert` in this scope\n   --> /Users/graysonnocera/.cargo/registry/src/index.crates.io-6f17d22bba15001f/parking_lot_core-0.9.10/src/parking_lot.rs:699:9\n    |\n699 |         debug_assert!(!current.is_null());\n    |         ^^^^^^^^^^^^\n    |\nhelp: consider importing this macro\n    |\n7   + use core::debug_assert;\n    |\n\nerror: cannot find attribute `derive` in this scope\n  --> /Users/graysonnocera/.cargo/registry/src/index.crates.io-6f17d22bba15001f/parking_lot_core-0.9.10/src/spinwait.rs:21:3\n   |\n21 | #[derive(Default)]\n   |   ^^^^^^\n   |\nhelp: consider importing this attribute macro\n   |\n8  + use core::prelude::rust_2024::derive;\n   |\n\nerror: cannot find macro `unreachable` in this scope\n  --> /Users/graysonnocera/.cargo/registry/src/index.crates.io-6f17d22bba15001f/parking_lot_core-0.9.10/src/util.rs:27:9\n   |\n27 |         unreachable!();\n   |         ^^^^^^^^^^^\n   |\n   = note: `unreachable` is in scope, but it is a function, not a macro\nhelp: consider importing this macro\n   |\n9  + use core::unreachable;\n   |\n\nerror: cannot find macro `assert` in this scope\n  --> /Users/graysonnocera/.cargo/registry/src/index.crates.io-6f17d22bba15001f/parking_lot_core-0.9.10/src/word_lock.rs:39:9\n   |\n39 |         assert!(mem::align_of::<ThreadData>() > !QUEUE_MASK);\n   |         ^^^^^^\n   |\nhelp: consider importing this macro\n   |\n8  + use core::assert;\n   |\n\nerror: cannot find macro `thread_local` in this scope\n  --> /Users/graysonnocera/.cargo/registry/src/index.crates.io-6f17d22bba15001f/parking_lot_core-0.9.10/src/word_lock.rs:56:9\n   |\n56 |         thread_local!(static THREAD_DATA: ThreadData = ThreadData::new());\n   |         ^^^^^^^^^^^^\n   |\n   = note: `thread_local` is in scope, but it is an attribute: `#[thread_local]`\n\nerror[E0412]: cannot find type `Box` in this scope\n  --> /Users/graysonnocera/.cargo/registry/src/index.crates.io-6f17d22bba15001f/parking_lot_core-0.9.10/src/parking_lot.rs:59:14\n   |\n59 |     entries: Box<[Bucket]>,\n   |              ^^^ not found in this scope\n\nerror[E0412]: cannot find type `Box` in this scope\n  --> /Users/graysonnocera/.cargo/registry/src/index.crates.io-6f17d22bba15001f/parking_lot_core-0.9.10/src/parking_lot.rs:70:59\n   |\n70 |     fn new(num_threads: usize, prev: *const HashTable) -> Box<HashTable> {\n   |                                                           ^^^ not found in this scope\n\nerror[E0405]: cannot find trait `FnOnce` in this scope\n   --> /Users/graysonnocera/.cargo/registry/src/index.crates.io-6f17d22bba15001f/parking_lot_core-0.9.10/src/parking_lot.rs:197:32\n    |\n197 | fn with_thread_data<T>(f: impl FnOnce(&ThreadData) -> T) -> T {\n    |                                ^^^^^^ not found in this scope\n    |\nhelp: consider importing this trait\n    |\n7   + use core::ops::FnOnce;\n    |\n\nerror[E0425]: cannot find value `None` in this scope\n   --> /Users/graysonnocera/.cargo/registry/src/index.crates.io-6f17d22bba15001f/parking_lot_core-0.9.10/src/parking_lot.rs:201:35\n    |\n201 |     let mut thread_data_storage = None;\n    |                                   ^^^^ not found in this scope\n    |\nhelp: consider importing this unit variant\n    |\n7   + use core::option::Option::None;\n    |\n\nerror[E0425]: cannot find value `THREAD_DATA` in this scope\n   --> /Users/graysonnocera/.cargo/registry/src/index.crates.io-6f17d22bba15001f/parking_lot_core-0.9.10/src/parking_lot.rs:203:27\n    |\n203 |     let thread_data_ptr = THREAD_DATA\n    |                           ^^^^^^^^^^^ not found in this scope\n\nerror[E0405]: cannot find trait `Drop` in this scope\n   --> /Users/graysonnocera/.cargo/registry/src/index.crates.io-6f17d22bba15001f/parking_lot_core-0.9.10/src/parking_lot.rs:210:6\n    |\n210 | impl Drop for ThreadData {\n    |      ^^^^ not found in this scope\n    |\nhelp: consider importing this trait\n    |\n7   + use core::ops::Drop;\n    |\n\nerror[E0531]: cannot find tuple struct or tuple variant `Ok` in this scope\n   --> /Users/graysonnocera/.cargo/registry/src/index.crates.io-6f17d22bba15001f/parking_lot_core-0.9.10/src/parking_lot.rs:246:9\n    |\n246 |         Ok(_) => new_table,\n    |         ^^ not found in this scope\n    |\nhelp: consider importing this tuple variant\n    |\n7   + use core::result::Result::Ok;\n    |\n\nerror[E0531]: cannot find tuple struct or tuple variant `Err` in this scope\n   --> /Users/graysonnocera/.cargo/registry/src/index.crates.io-6f17d22bba15001f/parking_lot_core-0.9.10/src/parking_lot.rs:247:9\n    |\n247 |         Err(old_table) => {\n    |         ^^^ not found in this scope\n    |\nhelp: consider importing this tuple variant\n    |\n7   + use core::result::Result::Err;\n    |\n\nerror[E0405]: cannot find trait `FnOnce` in this scope\n   --> /Users/graysonnocera/.cargo/registry/src/index.crates.io-6f17d22bba15001f/parking_lot_core-0.9.10/src/parking_lot.rs:593:20\n    |\n593 |     validate: impl FnOnce() -> bool,\n    |                    ^^^^^^ not found in this scope\n    |\nhelp: consider importing this trait\n    |\n7   + use core::ops::FnOnce;\n    |\n\nerror[E0405]: cannot find trait `FnOnce` in this scope\n   --> /Users/graysonnocera/.cargo/registry/src/index.crates.io-6f17d22bba15001f/parking_lot_core-0.9.10/src/parking_lot.rs:594:24\n    |\n594 |     before_sleep: impl FnOnce(),\n    |                        ^^^^^^ not found in this scope\n    |\nhelp: consider importing this trait\n    |\n7   + use core::ops::FnOnce;\n    |\n\nerror[E0405]: cannot find trait `FnOnce` in this scope\n   --> /Users/graysonnocera/.cargo/registry/src/index.crates.io-6f17d22bba15001f/parking_lot_core-0.9.10/src/parking_lot.rs:595:21\n    |\n595 |     timed_out: impl FnOnce(usize, bool),\n    |                     ^^^^^^ not found in this scope\n    |\nhelp: consider importing this trait\n    |\n7   + use core::ops::FnOnce;\n    |\n\nerror[E0412]: cannot find type `Option` in this scope\n   --> /Users/graysonnocera/.cargo/registry/src/index.crates.io-6f17d22bba15001f/parking_lot_core-0.9.10/src/parking_lot.rs:597:14\n    |\n597 |     timeout: Option<Instant>,\n    |              ^^^^^^ not found in this scope\n    |\nhelp: consider importing this enum\n    |\n7   + use core::option::Option;\n    |\n\nerror[E0531]: cannot find tuple struct or tuple variant `Some` in this scope\n   --> /Users/graysonnocera/.cargo/registry/src/index.crates.io-6f17d22bba15001f/parking_lot_core-0.9.10/src/parking_lot.rs:633:13\n    |\n633 |             Some(timeout) => thread_data.parker.park_until(timeout),\n    |             ^^^^ not found in this scope\n    |\nhelp: consider importing this tuple variant\n    |\n7   + use core::option::Option::Some;\n    |\n\nerror[E0405]: cannot find trait `FnOnce` in this scope\n   --> /Users/graysonnocera/.cargo/registry/src/index.crates.io-6f17d22bba15001f/parking_lot_core-0.9.10/src/parking_lot.rs:734:20\n    |\n734 |     callback: impl FnOnce(UnparkResult) -> UnparkToken,\n    |                    ^^^^^^ not found in this scope\n    |\nhelp: consider importing this trait\n    |\n7   + use core::ops::FnOnce;\n    |\n\nerror[E0405]: cannot find trait `FnOnce` in this scope\n   --> /Users/graysonnocera/.cargo/registry/src/index.crates.io-6f17d22bba15001f/parking_lot_core-0.9.10/src/parking_lot.rs:891:20\n    |\n891 |     validate: impl FnOnce() -> RequeueOp,\n    |                    ^^^^^^ not found in this scope\n    |\nhelp: consider importing this trait\n    |\n7   + use core::ops::FnOnce;\n    |\n\nerror[E0405]: cannot find trait `FnOnce` in this scope\n   --> /Users/graysonnocera/.cargo/registry/src/index.crates.io-6f17d22bba15001f/parking_lot_core-0.9.10/src/parking_lot.rs:892:20\n    |\n892 |     callback: impl FnOnce(RequeueOp, UnparkResult) -> UnparkToken,\n    |                    ^^^^^^ not found in this scope\n    |\nhelp: consider importing this trait\n    |\n7   + use core::ops::FnOnce;\n    |\n\nerror[E0425]: cannot find value `None` in this scope\n   --> /Users/graysonnocera/.cargo/registry/src/index.crates.io-6f17d22bba15001f/parking_lot_core-0.9.10/src/parking_lot.rs:912:29\n    |\n912 |     let mut wakeup_thread = None;\n    |                             ^^^^ not found in this scope\n    |\nhelp: consider importing this unit variant\n    |\n7   + use core::option::Option::None;\n    |\n\nerror[E0425]: cannot find function, tuple struct or tuple variant `Some` in this scope\n   --> /Users/graysonnocera/.cargo/registry/src/index.crates.io-6f17d22bba15001f/parking_lot_core-0.9.10/src/parking_lot.rs:926:33\n    |\n926 |                 wakeup_thread = Some(current);\n    |                                 ^^^^ not found in this scope\n    |\nhelp: consider importing this tuple variant\n    |\n7   + use core::option::Option::Some;\n    |\n\nerror[E0531]: cannot find tuple struct or tuple variant `Some` in this scope\n   --> /Users/graysonnocera/.cargo/registry/src/index.crates.io-6f17d22bba15001f/parking_lot_core-0.9.10/src/parking_lot.rs:979:12\n    |\n979 |     if let Some(wakeup_thread) = wakeup_thread {\n    |            ^^^^ not found in this scope\n    |\nhelp: consider importing this tuple variant\n    |\n7   + use core::option::Option::Some;\n    |\n\nerror[E0405]: cannot find trait `FnMut` in this scope\n    --> /Users/graysonnocera/.cargo/registry/src/index.crates.io-6f17d22bba15001f/parking_lot_core-0.9.10/src/parking_lot.rs:1022:22\n     |\n1022 |     mut filter: impl FnMut(ParkToken) -> FilterOp,\n     |                      ^^^^^ not found in this scope\n     |\nhelp: consider importing this trait\n     |\n7    + use core::ops::FnMut;\n     |\n\nerror[E0405]: cannot find trait `FnOnce` in this scope\n    --> /Users/graysonnocera/.cargo/registry/src/index.crates.io-6f17d22bba15001f/parking_lot_core-0.9.10/src/parking_lot.rs:1023:20\n     |\n1023 |     callback: impl FnOnce(UnparkResult) -> UnparkToken,\n     |                    ^^^^^^ not found in this scope\n     |\nhelp: consider importing this trait\n     |\n7    + use core::ops::FnOnce;\n     |\n\nerror[E0425]: cannot find value `None` in this scope\n    --> /Users/graysonnocera/.cargo/registry/src/index.crates.io-6f17d22bba15001f/parking_lot_core-0.9.10/src/parking_lot.rs:1047:44\n     |\n1047 |                     threads.push((current, None));\n     |                                            ^^^^ not found in this scope\n     |\nhelp: consider importing this unit variant\n     |\n7    + use core::option::Option::None;\n     |\n\nerror[E0425]: cannot find function, tuple struct or tuple variant `Some` in this scope\n    --> /Users/graysonnocera/.cargo/registry/src/index.crates.io-6f17d22bba15001f/parking_lot_core-0.9.10/src/parking_lot.rs:1080:15\n     |\n1080 |         t.1 = Some((*t.0).parker.unpark_lock());\n     |               ^^^^ not found in this scope\n     |\nhelp: consider importing this tuple variant\n     |\n7    + use core::option::Option::Some;\n     |\n\nerror[E0412]: cannot find type `Option` in this scope\n  --> /Users/graysonnocera/.cargo/registry/src/index.crates.io-6f17d22bba15001f/parking_lot_core-0.9.10/src/util.rs:13:35\n   |\n13 | impl<T> UncheckedOptionExt<T> for Option<T> {\n   |                                   ^^^^^^ not found in this scope\n   |\nhelp: consider importing this enum\n   |\n9  + use core::option::Option;\n   |\n\nerror[E0531]: cannot find tuple struct or tuple variant `Some` in this scope\n  --> /Users/graysonnocera/.cargo/registry/src/index.crates.io-6f17d22bba15001f/parking_lot_core-0.9.10/src/util.rs:17:13\n   |\n17 |             Some(x) => x,\n   |             ^^^^ not found in this scope\n   |\nhelp: consider importing this tuple variant\n   |\n9  + use core::option::Option::Some;\n   |\n\nerror[E0405]: cannot find trait `FnOnce` in this scope\n  --> /Users/graysonnocera/.cargo/registry/src/index.crates.io-6f17d22bba15001f/parking_lot_core-0.9.10/src/word_lock.rs:51:32\n   |\n51 | fn with_thread_data<T>(f: impl FnOnce(&ThreadData) -> T) -> T {\n   |                                ^^^^^^ not found in this scope\n   |\nhelp: consider importing this trait\n   |\n8  + use core::ops::FnOnce;\n   |\n\nerror[E0425]: cannot find value `THREAD_DATA` in this scope\n  --> /Users/graysonnocera/.cargo/registry/src/index.crates.io-6f17d22bba15001f/parking_lot_core-0.9.10/src/word_lock.rs:57:38\n   |\n57 |         if let Ok(tls_thread_data) = THREAD_DATA.try_with(|x| x as *const ThreadData) {\n   |                                      ^^^^^^^^^^^ not found in this scope\n\nerror[E0531]: cannot find tuple struct or tuple variant `Ok` in this scope\n  --> /Users/graysonnocera/.cargo/registry/src/index.crates.io-6f17d22bba15001f/parking_lot_core-0.9.10/src/word_lock.rs:57:16\n   |\n57 |         if let Ok(tls_thread_data) = THREAD_DATA.try_with(|x| x as *const ThreadData) {\n   |                ^^ not found in this scope\n   |\nhelp: consider importing this tuple variant\n   |\n8  + use core::result::Result::Ok;\n   |\n\nerror[E0425]: cannot find value `None` in this scope\n  --> /Users/graysonnocera/.cargo/registry/src/index.crates.io-6f17d22bba15001f/parking_lot_core-0.9.10/src/word_lock.rs:62:35\n   |\n62 |     let mut thread_data_storage = None;\n   |                                   ^^^^ not found in this scope\n   |\nhelp: consider importing this unit variant\n   |\n8  + use core::option::Option::None;\n   |\n\nerror[E0531]: cannot find tuple struct or tuple variant `Ok` in this scope\n   --> /Users/graysonnocera/.cargo/registry/src/index.crates.io-6f17d22bba15001f/parking_lot_core-0.9.10/src/word_lock.rs:123:21\n    |\n123 |                     Ok(_) => return,\n    |                     ^^ not found in this scope\n    |\nhelp: consider importing this tuple variant\n    |\n8   + use core::result::Result::Ok;\n    |\n\nerror[E0531]: cannot find tuple struct or tuple variant `Err` in this scope\n   --> /Users/graysonnocera/.cargo/registry/src/index.crates.io-6f17d22bba15001f/parking_lot_core-0.9.10/src/word_lock.rs:124:21\n    |\n124 |                     Err(x) => state = x,\n    |                     ^^^ not found in this scope\n    |\nhelp: consider importing this tuple variant\n    |\n8   + use core::result::Result::Err;\n    |\n\nerror[E0531]: cannot find tuple struct or tuple variant `Err` in this scope\n   --> /Users/graysonnocera/.cargo/registry/src/index.crates.io-6f17d22bba15001f/parking_lot_core-0.9.10/src/word_lock.rs:154:24\n    |\n154 |                 if let Err(x) = self.state.compare_exchange_weak(\n    |                        ^^^ not found in this scope\n    |\nhelp: consider importing this tuple variant\n    |\n8   + use core::result::Result::Err;\n    |\n\nerror[E0531]: cannot find tuple struct or tuple variant `Ok` in this scope\n   --> /Users/graysonnocera/.cargo/registry/src/index.crates.io-6f17d22bba15001f/parking_lot_core-0.9.10/src/word_lock.rs:195:17\n    |\n195 |                 Ok(_) => break,\n    |                 ^^ not found in this scope\n    |\nhelp: consider importing this tuple variant\n    |\n8   + use core::result::Result::Ok;\n    |\n\nerror[E0531]: cannot find tuple struct or tuple variant `Err` in this scope\n   --> /Users/graysonnocera/.cargo/registry/src/index.crates.io-6f17d22bba15001f/parking_lot_core-0.9.10/src/word_lock.rs:196:17\n    |\n196 |                 Err(x) => state = x,\n    |                 ^^^ not found in this scope\n    |\nhelp: consider importing this tuple variant\n    |\n8   + use core::result::Result::Err;\n    |\n\nerror[E0531]: cannot find tuple struct or tuple variant `Ok` in this scope\n   --> /Users/graysonnocera/.cargo/registry/src/index.crates.io-6f17d22bba15001f/parking_lot_core-0.9.10/src/word_lock.rs:236:21\n    |\n236 |                     Ok(_) => return,\n    |                     ^^ not found in this scope\n    |\nhelp: consider importing this tuple variant\n    |\n8   + use core::result::Result::Ok;\n    |\n\nerror[E0531]: cannot find tuple struct or tuple variant `Err` in this scope\n   --> /Users/graysonnocera/.cargo/registry/src/index.crates.io-6f17d22bba15001f/parking_lot_core-0.9.10/src/word_lock.rs:237:21\n    |\n237 |                     Err(x) => state = x,\n    |                     ^^^ not found in this scope\n    |\nhelp: consider importing this tuple variant\n    |\n8   + use core::result::Result::Err;\n    |\n\nerror[E0531]: cannot find tuple struct or tuple variant `Ok` in this scope\n   --> /Users/graysonnocera/.cargo/registry/src/index.crates.io-6f17d22bba15001f/parking_lot_core-0.9.10/src/word_lock.rs:255:25\n    |\n255 |                         Ok(_) => break,\n    |                         ^^ not found in this scope\n    |\nhelp: consider importing this tuple variant\n    |\n8   + use core::result::Result::Ok;\n    |\n\nerror[E0531]: cannot find tuple struct or tuple variant `Err` in this scope\n   --> /Users/graysonnocera/.cargo/registry/src/index.crates.io-6f17d22bba15001f/parking_lot_core-0.9.10/src/word_lock.rs:256:25\n    |\n256 |                         Err(x) => state = x,\n    |                         ^^^ not found in this scope\n    |\nhelp: consider importing this tuple variant\n    |\n8   + use core::result::Result::Err;\n    |\n\nerror[E0433]: failed to resolve: use of undeclared type `Vec`\n  --> /Users/graysonnocera/.cargo/registry/src/index.crates.io-6f17d22bba15001f/parking_lot_core-0.9.10/src/parking_lot.rs:75:27\n   |\n75 |         let mut entries = Vec::with_capacity(new_size);\n   |                           ^^^ use of undeclared type `Vec`\n\nerror[E0433]: failed to resolve: use of undeclared type `Box`\n  --> /Users/graysonnocera/.cargo/registry/src/index.crates.io-6f17d22bba15001f/parking_lot_core-0.9.10/src/parking_lot.rs:81:9\n   |\n81 |         Box::new(HashTable {\n   |         ^^^ use of undeclared type `Box`\n\nerror[E0433]: failed to resolve: use of undeclared type `Box`\n   --> /Users/graysonnocera/.cargo/registry/src/index.crates.io-6f17d22bba15001f/parking_lot_core-0.9.10/src/parking_lot.rs:237:21\n    |\n237 |     let new_table = Box::into_raw(HashTable::new(LOAD_FACTOR, ptr::null()));\n    |                     ^^^ use of undeclared type `Box`\n\nerror[E0433]: failed to resolve: use of undeclared type `Box`\n   --> /Users/graysonnocera/.cargo/registry/src/index.crates.io-6f17d22bba15001f/parking_lot_core-0.9.10/src/parking_lot.rs:251:25\n    |\n251 |                 let _ = Box::from_raw(new_table);\n    |                         ^^^ use of undeclared type `Box`\n\nerror[E0433]: failed to resolve: use of undeclared type `Box`\n   --> /Users/graysonnocera/.cargo/registry/src/index.crates.io-6f17d22bba15001f/parking_lot_core-0.9.10/src/parking_lot.rs:307:21\n    |\n307 |     HASHTABLE.store(Box::into_raw(new_table), Ordering::Release);\n    |                     ^^^ use of undeclared type `Box`\n\nSome errors have detailed explanations: E0405, E0412, E0425, E0433, E0463, E0531.\nFor more information about an error, try `rustc --explain E0405`.\nerror: could not compile `parking_lot_core` (lib) due to 63 previous errors\n",
      "stdout": ""
    },
    "features": [
      "std"
    ],
    "project": "../../../Downloads/695-Project/dataset/nostd-failed-crates/crates/ssp-0.5.4/src",
    "time_to_build": 1292,
    "time_to_solve": 585
  }
]