[
  {
    "built_with_features": null,
    "command": {
      "args": [
        "build",
        "--target",
        "thumbv7m-none-eabi",
        "--no-default-features"
      ],
      "code": 101,
      "stderr": "   Compiling crunchy v0.2.2\n   Compiling subtle v2.4.1\n   Compiling once_cell v1.20.2\n   Compiling radium v0.7.0\n   Compiling memchr v2.7.4\n   Compiling tap v1.0.1\n   Compiling syn v2.0.90\n   Compiling syn v1.0.109\n   Compiling arrayvec v0.7.6\n   Compiling serde v1.0.215\n   Compiling wyz v0.5.1\n   Compiling funty v2.0.0\n   Compiling byteorder v1.5.0\n   Compiling bytes v1.9.0\n   Compiling byte-slice-cast v1.2.2\n   Compiling regex-syntax v0.8.5\n   Compiling winnow v0.5.40\n   Compiling aho-corasick v1.1.3\n   Compiling rustversion v1.0.18\n   Compiling sp-std v11.0.0\n   Compiling bitvec v1.0.1\n   Compiling serde_json v1.0.133\n   Compiling lazy_static v1.5.0\n   Compiling static_assertions v1.1.0\n   Compiling itoa v1.0.14\n   Compiling ryu v1.0.18\n   Compiling generic-array v0.14.7\n   Compiling typenum v1.17.0\n   Compiling pin-project-lite v0.2.15\n   Compiling generic-array v0.12.4\n   Compiling ref-cast v1.0.23\n   Compiling byte-tools v0.3.1\n   Compiling arrayref v0.3.9\n   Compiling hash-db v0.16.0\n   Compiling cfg-if v1.0.0\n   Compiling rand_core v0.5.1\n   Compiling keccak v0.1.5\n   Compiling regex-automata v0.4.9\n   Compiling block-padding v0.1.5\n   Compiling digest v0.8.1\n   Compiling tracing-core v0.1.33\n   Compiling unicode-xid v0.2.6\n   Compiling log v0.4.22\n   Compiling hex v0.4.3\n   Compiling block-buffer v0.7.3\n   Compiling uint v0.9.5\n   Compiling tracing v0.1.41\n   Compiling fixed-hash v0.8.0\n   Compiling constant_time_eq v0.3.1\n   Compiling opaque-debug v0.2.3\n   Compiling fake-simd v0.1.2\n   Compiling paste v1.0.15\n   Compiling environmental v1.1.4\n   Compiling sha2 v0.8.2\n   Compiling blake2b_simd v1.0.2\n   Compiling num-traits v0.2.19\n   Compiling arrayvec v0.5.2\n   Compiling hash256-std-hasher v0.15.2\n   Compiling bitflags v1.3.2\n   Compiling array-bytes v6.2.3\n   Compiling bs58 v0.5.1\n   Compiling smallvec v1.13.2\n   Compiling block-buffer v0.10.4\n   Compiling crypto-common v0.1.6\n   Compiling sp-io v26.0.0\n   Compiling either v1.13.0\n   Compiling digest v0.10.7\n   Compiling cpufeatures v0.2.16\n   Compiling prettyplease v0.2.25\n   Compiling fs-err v2.11.0\n   Compiling expander v2.2.1\n   Compiling twox-hash v1.6.3\n   Compiling integer-sqrt v0.1.5\n   Compiling sha3 v0.10.8\n   Compiling sha2 v0.10.8\n   Compiling regex v1.11.1\n   Compiling blake2 v0.10.6\n   Compiling file-guard v0.2.0\n   Compiling Inflector v0.11.4\n   Compiling sp-core-hashing v12.0.0\n   Compiling termcolor v1.4.1\n   Compiling rand_core v0.6.4\n   Compiling tiny-keccak v2.0.2\n   Compiling getrandom v0.2.15\n   Compiling same-file v1.0.6\n   Compiling walkdir v2.5.0\n   Compiling ff v0.13.0\n   Compiling proc-macro-error-attr v1.0.4\n   Compiling base16ct v0.2.0\n   Compiling group v0.13.0\n   Compiling proc-macro-error v1.0.4\n   Compiling proc-macro-warning v0.4.2\n   Compiling itertools v0.10.5\n   Compiling include_dir_macros v0.7.4\n   Compiling const-random-macro v0.1.16\n   Compiling const-random v0.1.18\n   Compiling common-path v1.0.0\n   Compiling include_dir v0.7.4\n   Compiling cfg-expr v0.15.8\n   Compiling tt-call v1.0.9\n   Compiling cc v1.2.3\n   Compiling ahash v0.8.11\n   Compiling thiserror v1.0.69\n   Compiling derive-syn-parse v0.1.5\n   Compiling scratch v1.0.7\n   Compiling memory-db v0.32.0\n   Compiling trie-root v0.18.0\n   Compiling unicode-width v0.1.14\n   Compiling anyhow v1.0.94\n   Compiling cxxbridge-flags v1.0.133\n   Compiling pkg-config v0.3.31\n   Compiling codespan-reporting v0.11.1\n   Compiling heck v0.4.1\n   Compiling aquamarine v0.3.3\n   Compiling digest v0.9.0\n   Compiling serde_derive v1.0.215\n   Compiling zeroize_derive v1.4.2\n   Compiling impl-trait-for-tuples v0.2.3\n   Compiling derive_more-impl v1.0.0\n   Compiling ref-cast-impl v1.0.23\n   Compiling sp-debug-derive v11.0.0\n   Compiling sp-core-hashing-proc-macro v12.0.0\n   Compiling macro_magic_core_macros v0.4.3\n   Compiling frame-support-procedural-tools-derive v9.0.0\n   Compiling derive-syn-parse v0.2.0\n   Compiling macro_magic_core v0.4.2\n   Compiling zerocopy-derive v0.7.35\n   Compiling zeroize v1.8.1\n   Compiling thiserror-impl v1.0.69\n   Compiling derive_more v1.0.0\n   Compiling merlin v2.0.1\n   Compiling curve25519-dalek v2.1.3\n   Compiling secrecy v0.8.0\n   Compiling der v0.7.9\n   Compiling link-cplusplus v1.0.9\n   Compiling cxx v1.0.133\n   Compiling macro_magic_macros v0.4.2\n   Compiling schnorrkel v0.9.1\n   Compiling crypto-bigint v0.5.5\n   Compiling zerocopy v0.7.35\n   Compiling sec1 v0.7.3\n   Compiling hmac v0.12.1\n   Compiling rfc6979 v0.4.0\n   Compiling signature v2.2.0\n   Compiling macro_magic v0.4.2\n   Compiling cxx-build v1.0.133\n   Compiling zstd-sys v2.0.13+zstd.1.5.6\n   Compiling strum_macros v0.24.3\n   Compiling convert_case v0.4.0\n   Compiling elliptic-curve v0.13.8\n   Compiling hashbrown v0.13.2\n   Compiling ecdsa v0.16.9\n   Compiling derive_more v0.99.18\n   Compiling trie-db v0.28.0\n   Compiling k256 v0.13.4\n   Compiling cxxbridge-macro v1.0.133\n   Compiling xcm-procedural v3.0.0\n   Compiling libsecp256k1-core v0.3.0\n   Compiling derivative v2.2.0\n   Compiling zstd-safe v6.0.6\n   Compiling rustix v0.38.42\n   Compiling foldhash v0.1.3\n   Compiling impl-serde v0.4.0\n   Compiling ppv-lite86 v0.2.20\n   Compiling toml_datetime v0.6.8\n   Compiling serde_spanned v0.6.8\n   Compiling toml_edit v0.22.22\n   Compiling toml_edit v0.19.15\n   Compiling errno v0.3.10\n   Compiling wasm-opt-sys v0.114.2\n   Compiling wasm-opt-cxx-sys v0.114.2\n   Compiling semver v1.0.23\n   Compiling futures-sink v0.3.31\n   Compiling futures-core v0.3.31\n   Compiling camino v1.1.9\n   Compiling bitflags v2.6.0\nerror[E0463]: can't find crate for `std`\n  |\n  = note: the `thumbv7m-none-eabi` target may not support the standard library\n  = note: `std` is required by `thiserror` because it does not declare `#![no_std]`\n\nerror[E0463]: can't find crate for `std`\n --> /Users/graysonnocera/.cargo/registry/src/index.crates.io-6f17d22bba15001f/thiserror-1.0.69/src/aserror.rs:2:5\n  |\n2 | use std::error::Error;\n  |     ^^^ can't find crate\n  |\n  = note: the `thumbv7m-none-eabi` target may not support the standard library\n\nerror[E0463]: can't find crate for `std`\n --> /Users/graysonnocera/.cargo/registry/src/index.crates.io-6f17d22bba15001f/thiserror-1.0.69/src/display.rs:2:5\n  |\n2 | use std::path::{self, Path, PathBuf};\n  |     ^^^ can't find crate\n  |\n  = note: the `thumbv7m-none-eabi` target may not support the standard library\n\nerror[E0405]: cannot find trait `Send` in this scope\n  --> /Users/graysonnocera/.cargo/registry/src/index.crates.io-6f17d22bba15001f/thiserror-1.0.69/src/aserror.rs:23:41\n   |\n23 | impl<'a> AsDynError<'a> for dyn Error + Send + 'a {\n   |                                         ^^^^ not found in this scope\n   |\nhelp: consider importing this trait\n   |\n1  + use core::marker::Send;\n   |\n\nerror[E0405]: cannot find trait `Send` in this scope\n  --> /Users/graysonnocera/.cargo/registry/src/index.crates.io-6f17d22bba15001f/thiserror-1.0.69/src/aserror.rs:30:41\n   |\n30 | impl<'a> AsDynError<'a> for dyn Error + Send + Sync + 'a {\n   |                                         ^^^^ not found in this scope\n   |\nhelp: consider importing this trait\n   |\n1  + use core::marker::Send;\n   |\n\nerror[E0405]: cannot find trait `Sync` in this scope\n  --> /Users/graysonnocera/.cargo/registry/src/index.crates.io-6f17d22bba15001f/thiserror-1.0.69/src/aserror.rs:30:48\n   |\n30 | impl<'a> AsDynError<'a> for dyn Error + Send + Sync + 'a {\n   |                                                ^^^^ not found in this scope\n   |\nhelp: consider importing this trait\n   |\n1  + use core::marker::Sync;\n   |\n\nerror[E0405]: cannot find trait `Send` in this scope\n  --> /Users/graysonnocera/.cargo/registry/src/index.crates.io-6f17d22bba15001f/thiserror-1.0.69/src/aserror.rs:37:41\n   |\n37 | impl<'a> AsDynError<'a> for dyn Error + Send + Sync + UnwindSafe + 'a {\n   |                                         ^^^^ not found in this scope\n   |\nhelp: consider importing this trait\n   |\n1  + use core::marker::Send;\n   |\n\nerror[E0405]: cannot find trait `Sync` in this scope\n  --> /Users/graysonnocera/.cargo/registry/src/index.crates.io-6f17d22bba15001f/thiserror-1.0.69/src/aserror.rs:37:48\n   |\n37 | impl<'a> AsDynError<'a> for dyn Error + Send + Sync + UnwindSafe + 'a {\n   |                                                ^^^^ not found in this scope\n   |\nhelp: consider importing this trait\n   |\n1  + use core::marker::Sync;\n   |\n\nerror[E0405]: cannot find trait `Send` in this scope\n  --> /Users/graysonnocera/.cargo/registry/src/index.crates.io-6f17d22bba15001f/thiserror-1.0.69/src/aserror.rs:48:33\n   |\n48 | impl<'a> Sealed for dyn Error + Send + 'a {}\n   |                                 ^^^^ not found in this scope\n   |\nhelp: consider importing this trait\n   |\n1  + use core::marker::Send;\n   |\n\nerror[E0405]: cannot find trait `Send` in this scope\n  --> /Users/graysonnocera/.cargo/registry/src/index.crates.io-6f17d22bba15001f/thiserror-1.0.69/src/aserror.rs:49:33\n   |\n49 | impl<'a> Sealed for dyn Error + Send + Sync + 'a {}\n   |                                 ^^^^ not found in this scope\n   |\nhelp: consider importing this trait\n   |\n1  + use core::marker::Send;\n   |\n\nerror[E0405]: cannot find trait `Sync` in this scope\n  --> /Users/graysonnocera/.cargo/registry/src/index.crates.io-6f17d22bba15001f/thiserror-1.0.69/src/aserror.rs:49:40\n   |\n49 | impl<'a> Sealed for dyn Error + Send + Sync + 'a {}\n   |                                        ^^^^ not found in this scope\n   |\nhelp: consider importing this trait\n   |\n1  + use core::marker::Sync;\n   |\n\nerror[E0405]: cannot find trait `Send` in this scope\n  --> /Users/graysonnocera/.cargo/registry/src/index.crates.io-6f17d22bba15001f/thiserror-1.0.69/src/aserror.rs:50:33\n   |\n50 | impl<'a> Sealed for dyn Error + Send + Sync + UnwindSafe + 'a {}\n   |                                 ^^^^ not found in this scope\n   |\nhelp: consider importing this trait\n   |\n1  + use core::marker::Send;\n   |\n\nerror[E0405]: cannot find trait `Sync` in this scope\n  --> /Users/graysonnocera/.cargo/registry/src/index.crates.io-6f17d22bba15001f/thiserror-1.0.69/src/aserror.rs:50:40\n   |\n50 | impl<'a> Sealed for dyn Error + Send + Sync + UnwindSafe + 'a {}\n   |                                        ^^^^ not found in this scope\n   |\nhelp: consider importing this trait\n   |\n1  + use core::marker::Sync;\n   |\n\nSome errors have detailed explanations: E0405, E0463.\nFor more information about an error, try `rustc --explain E0405`.\nerror: could not compile `thiserror` (lib) due to 13 previous errors\nwarning: build failed, waiting for other jobs to finish...\n",
      "stdout": ""
    },
    "features": [
      "std"
    ],
    "project": "../../../Downloads/695-Project/dataset/nostd-failed-crates/crates/staging-kusama-runtime-3.0.0/src",
    "time_to_build": 15125,
    "time_to_solve": 555
  }
]