[
  {
    "built_with_features": null,
    "command": {
      "args": [
        "build",
        "--target",
        "thumbv7m-none-eabi",
        "--no-default-features"
      ],
      "code": 101,
      "stderr": "   Compiling funty v1.1.0\n   Compiling aho-corasick v1.1.3\n   Compiling serde v1.0.215\n   Compiling tetsy-fixed-hash v0.7.1\n   Compiling uint-crate v0.9.1\n   Compiling tracing-core v0.1.33\n   Compiling lazy_static v1.5.0\n   Compiling impl-trait-for-tuples v0.2.3\n   Compiling ref-cast-impl v1.0.23\n   Compiling debug-derive v2.1.2\nerror[E0463]: can't find crate for `std`\n  |\n  = note: the `thumbv7m-none-eabi` target may not support the standard library\n  = note: `std` is required by `funty` because it does not declare `#![no_std]`\n\n   Compiling pin-project-lite v0.2.15\n   Compiling unicode-xid v0.2.6\n   Compiling num-traits v0.2.19\n   Compiling tetsy-util-mem v0.9.1\n   Compiling synstructure v0.12.6\n   Compiling ahash v0.4.8\nerror[E0405]: cannot find trait `Sized` in this scope\n  --> /Users/graysonnocera/.cargo/registry/src/index.crates.io-6f17d22bba15001f/funty-1.1.0/src/lib.rs:99:21\n   |\n99 | pub trait IsNumber: Sized\n   |                     ^^^^^ not found in this scope\n   |\nhelp: consider importing this trait\n   |\n44 + use core::marker::Sized;\n   |\n\nerror[E0405]: cannot find trait `Send` in this scope\n   --> /Users/graysonnocera/.cargo/registry/src/index.crates.io-6f17d22bba15001f/funty-1.1.0/src/lib.rs:100:4\n    |\n100 |     + Send\n    |       ^^^^ not found in this scope\n    |\nhelp: consider importing this trait\n    |\n44  + use core::marker::Send;\n    |\n\nerror[E0405]: cannot find trait `Sync` in this scope\n   --> /Users/graysonnocera/.cargo/registry/src/index.crates.io-6f17d22bba15001f/funty-1.1.0/src/lib.rs:101:4\n    |\n101 |     + Sync\n    |       ^^^^ not found in this scope\n    |\nhelp: consider importing this trait\n    |\n44  + use core::marker::Sync;\n    |\n\nerror[E0405]: cannot find trait `Unpin` in this scope\n   --> /Users/graysonnocera/.cargo/registry/src/index.crates.io-6f17d22bba15001f/funty-1.1.0/src/lib.rs:102:4\n    |\n102 |     + Unpin\n    |       ^^^^^ not found in this scope\n    |\nhelp: consider importing this trait\n    |\n44  + use core::marker::Unpin;\n    |\n\nerror[E0405]: cannot find trait `Clone` in this scope\n   --> /Users/graysonnocera/.cargo/registry/src/index.crates.io-6f17d22bba15001f/funty-1.1.0/src/lib.rs:103:4\n    |\n103 |     + Clone\n    |       ^^^^^ not found in this scope\n    |\nhelp: consider importing this trait\n    |\n44  + use core::clone::Clone;\n    |\n\nerror[E0405]: cannot find trait `Copy` in this scope\n   --> /Users/graysonnocera/.cargo/registry/src/index.crates.io-6f17d22bba15001f/funty-1.1.0/src/lib.rs:104:4\n    |\n104 |     + Copy\n    |       ^^^^ not found in this scope\n    |\nhelp: consider importing this trait\n    |\n44  + use core::marker::Copy;\n    |\n\nerror[E0405]: cannot find trait `Default` in this scope\n   --> /Users/graysonnocera/.cargo/registry/src/index.crates.io-6f17d22bba15001f/funty-1.1.0/src/lib.rs:105:4\n    |\n105 |     + Default\n    |       ^^^^^^^ not found in this scope\n    |\nhelp: consider importing this trait\n    |\n44  + use core::default::Default;\n    |\n\nerror[E0405]: cannot find trait `PartialEq` in this scope\n   --> /Users/graysonnocera/.cargo/registry/src/index.crates.io-6f17d22bba15001f/funty-1.1.0/src/lib.rs:108:4\n    |\n108 |     + PartialEq<Self>\n    |       ^^^^^^^^^ not found in this scope\n    |\nhelp: consider importing this trait\n    |\n44  + use core::cmp::PartialEq;\n    |\n\nerror[E0405]: cannot find trait `PartialOrd` in this scope\n   --> /Users/graysonnocera/.cargo/registry/src/index.crates.io-6f17d22bba15001f/funty-1.1.0/src/lib.rs:109:4\n    |\n109 |     + PartialOrd<Self>\n    |       ^^^^^^^^^^ not found in this scope\n    |\nhelp: consider importing this trait\n    |\n44  + use core::cmp::PartialOrd;\n    |\n\nerror[E0405]: cannot find trait `Eq` in this scope\n   --> /Users/graysonnocera/.cargo/registry/src/index.crates.io-6f17d22bba15001f/funty-1.1.0/src/lib.rs:173:4\n    |\n173 |     + Eq\n    |       ^^ not found in this scope\n    |\nhelp: consider importing this trait\n    |\n44  + use core::cmp::Eq;\n    |\n\nerror[E0405]: cannot find trait `Ord` in this scope\n   --> /Users/graysonnocera/.cargo/registry/src/index.crates.io-6f17d22bba15001f/funty-1.1.0/src/lib.rs:174:4\n    |\n174 |     + Ord\n    |       ^^^ not found in this scope\n    |\nhelp: consider importing this trait\n    |\n44  + use core::cmp::Ord;\n    |\n\nerror[E0412]: cannot find type `Result` in this scope\n   --> /Users/graysonnocera/.cargo/registry/src/index.crates.io-6f17d22bba15001f/funty-1.1.0/src/lib.rs:341:46\n    |\n341 |     fn from_str_radix(src: &str, radix: u32) -> Result<Self, ParseIntError>;\n    |                                                 ^^^^^^ not found in this scope\n    |\nhelp: consider importing one of these items\n    |\n44  + use core::fmt::Result;\n    |\n44  + use core::result::Result;\n    |\n\nerror[E0412]: cannot find type `Option` in this scope\n   --> /Users/graysonnocera/.cargo/registry/src/index.crates.io-6f17d22bba15001f/funty-1.1.0/src/lib.rs:405:37\n    |\n405 |     fn checked_add(self, rhs: Self) -> Option<Self>;\n    |                                        ^^^^^^ not found in this scope\n    |\nhelp: consider importing this enum\n    |\n44  + use core::option::Option;\n    |\n\nerror[E0412]: cannot find type `Option` in this scope\n   --> /Users/graysonnocera/.cargo/registry/src/index.crates.io-6f17d22bba15001f/funty-1.1.0/src/lib.rs:409:37\n    |\n409 |     fn checked_sub(self, rhs: Self) -> Option<Self>;\n    |                                        ^^^^^^ not found in this scope\n    |\nhelp: consider importing this enum\n    |\n44  + use core::option::Option;\n    |\n\nerror[E0412]: cannot find type `Option` in this scope\n   --> /Users/graysonnocera/.cargo/registry/src/index.crates.io-6f17d22bba15001f/funty-1.1.0/src/lib.rs:413:37\n    |\n413 |     fn checked_mul(self, rhs: Self) -> Option<Self>;\n    |                                        ^^^^^^ not found in this scope\n    |\nhelp: consider importing this enum\n    |\n44  + use core::option::Option;\n    |\n\nerror[E0412]: cannot find type `Option` in this scope\n   --> /Users/graysonnocera/.cargo/registry/src/index.crates.io-6f17d22bba15001f/funty-1.1.0/src/lib.rs:417:37\n    |\n417 |     fn checked_div(self, rhs: Self) -> Option<Self>;\n    |                                        ^^^^^^ not found in this scope\n    |\nhelp: consider importing this enum\n    |\n44  + use core::option::Option;\n    |\n\nerror[E0412]: cannot find type `Option` in this scope\n   --> /Users/graysonnocera/.cargo/registry/src/index.crates.io-6f17d22bba15001f/funty-1.1.0/src/lib.rs:421:44\n    |\n421 |     fn checked_div_euclid(self, rhs: Self) -> Option<Self>;\n    |                                               ^^^^^^ not found in this scope\n    |\nhelp: consider importing this enum\n    |\n44  + use core::option::Option;\n    |\n\nerror[E0412]: cannot find type `Option` in this scope\n   --> /Users/graysonnocera/.cargo/registry/src/index.crates.io-6f17d22bba15001f/funty-1.1.0/src/lib.rs:425:37\n    |\n425 |     fn checked_rem(self, rhs: Self) -> Option<Self>;\n    |                                        ^^^^^^ not found in this scope\n    |\nhelp: consider importing this enum\n    |\n44  + use core::option::Option;\n    |\n\nerror[E0412]: cannot find type `Option` in this scope\n   --> /Users/graysonnocera/.cargo/registry/src/index.crates.io-6f17d22bba15001f/funty-1.1.0/src/lib.rs:429:44\n    |\n429 |     fn checked_rem_euclid(self, rhs: Self) -> Option<Self>;\n    |                                               ^^^^^^ not found in this scope\n    |\nhelp: consider importing this enum\n    |\n44  + use core::option::Option;\n    |\n\nerror[E0412]: cannot find type `Option` in this scope\n   --> /Users/graysonnocera/.cargo/registry/src/index.crates.io-6f17d22bba15001f/funty-1.1.0/src/lib.rs:434:26\n    |\n434 |     fn checked_neg(self) -> Option<Self>;\n    |                             ^^^^^^ not found in this scope\n    |\nhelp: consider importing this enum\n    |\n44  + use core::option::Option;\n    |\n\nerror[E0412]: cannot find type `Option` in this scope\n   --> /Users/graysonnocera/.cargo/registry/src/index.crates.io-6f17d22bba15001f/funty-1.1.0/src/lib.rs:438:36\n    |\n438 |     fn checked_shl(self, rhs: u32) -> Option<Self>;\n    |                                       ^^^^^^ not found in this scope\n    |\nhelp: consider importing this enum\n    |\n44  + use core::option::Option;\n    |\n\nerror[E0412]: cannot find type `Option` in this scope\n   --> /Users/graysonnocera/.cargo/registry/src/index.crates.io-6f17d22bba15001f/funty-1.1.0/src/lib.rs:442:36\n    |\n442 |     fn checked_shr(self, rhs: u32) -> Option<Self>;\n    |                                       ^^^^^^ not found in this scope\n    |\nhelp: consider importing this enum\n    |\n44  + use core::option::Option;\n    |\n\nerror[E0412]: cannot find type `Option` in this scope\n   --> /Users/graysonnocera/.cargo/registry/src/index.crates.io-6f17d22bba15001f/funty-1.1.0/src/lib.rs:446:36\n    |\n446 |     fn checked_pow(self, rhs: u32) -> Option<Self>;\n    |                                       ^^^^^^ not found in this scope\n    |\nhelp: consider importing this enum\n    |\n44  + use core::option::Option;\n    |\n\nerror[E0412]: cannot find type `Option` in this scope\n   --> /Users/graysonnocera/.cargo/registry/src/index.crates.io-6f17d22bba15001f/funty-1.1.0/src/lib.rs:747:26\n    |\n747 |     fn checked_abs(self) -> Option<Self>;\n    |                             ^^^^^^ not found in this scope\n    |\nhelp: consider importing this enum\n    |\n44  + use core::option::Option;\n    |\n\nerror[E0412]: cannot find type `Option` in this scope\n   --> /Users/graysonnocera/.cargo/registry/src/index.crates.io-6f17d22bba15001f/funty-1.1.0/src/lib.rs:807:40\n    |\n807 |     fn checked_next_power_of_two(self) -> Option<Self>;\n    |                                           ^^^^^^ not found in this scope\n    |\nhelp: consider importing this enum\n    |\n44  + use core::option::Option;\n    |\n\nerror[E0405]: cannot find trait `From` in this scope\n   --> /Users/graysonnocera/.cargo/registry/src/index.crates.io-6f17d22bba15001f/funty-1.1.0/src/lib.rs:816:4\n    |\n816 |     + From<f32>\n    |       ^^^^ not found in this scope\n    |\nhelp: consider importing this trait\n    |\n44  + use core::convert::From;\n    |\n\nerror[E0405]: cannot find trait `From` in this scope\n   --> /Users/graysonnocera/.cargo/registry/src/index.crates.io-6f17d22bba15001f/funty-1.1.0/src/lib.rs:817:4\n    |\n817 |     + From<i8>\n    |       ^^^^ not found in this scope\n    |\nhelp: consider importing this trait\n    |\n44  + use core::convert::From;\n    |\n\nerror[E0405]: cannot find trait `From` in this scope\n   --> /Users/graysonnocera/.cargo/registry/src/index.crates.io-6f17d22bba15001f/funty-1.1.0/src/lib.rs:818:4\n    |\n818 |     + From<i16>\n    |       ^^^^ not found in this scope\n    |\nhelp: consider importing this trait\n    |\n44  + use core::convert::From;\n    |\n\nerror[E0405]: cannot find trait `From` in this scope\n   --> /Users/graysonnocera/.cargo/registry/src/index.crates.io-6f17d22bba15001f/funty-1.1.0/src/lib.rs:819:4\n    |\n819 |     + From<u8>\n    |       ^^^^ not found in this scope\n    |\nhelp: consider importing this trait\n    |\n44  + use core::convert::From;\n    |\n\nerror[E0405]: cannot find trait `From` in this scope\n   --> /Users/graysonnocera/.cargo/registry/src/index.crates.io-6f17d22bba15001f/funty-1.1.0/src/lib.rs:820:4\n    |\n820 |     + From<u16>\n    |       ^^^^ not found in this scope\n    |\nhelp: consider importing this trait\n    |\n44  + use core::convert::From;\n    |\n\nerror[E0412]: cannot find type `Result` in this scope\n    --> /Users/graysonnocera/.cargo/registry/src/index.crates.io-6f17d22bba15001f/funty-1.1.0/src/lib.rs:1313:51\n     |\n1313 |             func!(from_str_radix(src: &str, radix: u32) -> Result<Self, ParseIntError>);\n     |                                                            ^^^^^^ not found in this scope\n...\n1485 | impl_for!(IsInteger => i8, i16, i32, i64, i128, isize, u8, u16, u32, u64, u128, usize);\n     | -------------------------------------------------------------------------------------- in this macro invocation\n     |\n     = note: this error originates in the macro `impl_for` (in Nightly builds, run with -Z macro-backtrace for more info)\nhelp: consider importing one of these items\n     |\n44   + use core::fmt::Result;\n     |\n44   + use core::result::Result;\n     |\n\nerror[E0412]: cannot find type `Option` in this scope\n    --> /Users/graysonnocera/.cargo/registry/src/index.crates.io-6f17d22bba15001f/funty-1.1.0/src/lib.rs:1328:42\n     |\n1328 |             func!(checked_add(self, rhs: Self) -> Option<Self>);\n     |                                                   ^^^^^^ not found in this scope\n...\n1485 | impl_for!(IsInteger => i8, i16, i32, i64, i128, isize, u8, u16, u32, u64, u128, usize);\n     | -------------------------------------------------------------------------------------- in this macro invocation\n     |\n     = note: this error originates in the macro `impl_for` (in Nightly builds, run with -Z macro-backtrace for more info)\nhelp: consider importing this enum\n     |\n44   + use core::option::Option;\n     |\n\nerror[E0412]: cannot find type `Option` in this scope\n    --> /Users/graysonnocera/.cargo/registry/src/index.crates.io-6f17d22bba15001f/funty-1.1.0/src/lib.rs:1329:42\n     |\n1329 |             func!(checked_sub(self, rhs: Self) -> Option<Self>);\n     |                                                   ^^^^^^ not found in this scope\n...\n1485 | impl_for!(IsInteger => i8, i16, i32, i64, i128, isize, u8, u16, u32, u64, u128, usize);\n     | -------------------------------------------------------------------------------------- in this macro invocation\n     |\n     = note: this error originates in the macro `impl_for` (in Nightly builds, run with -Z macro-backtrace for more info)\nhelp: consider importing this enum\n     |\n44   + use core::option::Option;\n     |\n\nerror[E0412]: cannot find type `Option` in this scope\n    --> /Users/graysonnocera/.cargo/registry/src/index.crates.io-6f17d22bba15001f/funty-1.1.0/src/lib.rs:1330:42\n     |\n1330 |             func!(checked_mul(self, rhs: Self) -> Option<Self>);\n     |                                                   ^^^^^^ not found in this scope\n...\n1485 | impl_for!(IsInteger => i8, i16, i32, i64, i128, isize, u8, u16, u32, u64, u128, usize);\n     | -------------------------------------------------------------------------------------- in this macro invocation\n     |\n     = note: this error originates in the macro `impl_for` (in Nightly builds, run with -Z macro-backtrace for more info)\nhelp: consider importing this enum\n     |\n44   + use core::option::Option;\n     |\n\nerror[E0412]: cannot find type `Option` in this scope\n    --> /Users/graysonnocera/.cargo/registry/src/index.crates.io-6f17d22bba15001f/funty-1.1.0/src/lib.rs:1331:42\n     |\n1331 |             func!(checked_div(self, rhs: Self) -> Option<Self>);\n     |                                                   ^^^^^^ not found in this scope\n...\n1485 | impl_for!(IsInteger => i8, i16, i32, i64, i128, isize, u8, u16, u32, u64, u128, usize);\n     | -------------------------------------------------------------------------------------- in this macro invocation\n     |\n     = note: this error originates in the macro `impl_for` (in Nightly builds, run with -Z macro-backtrace for more info)\nhelp: consider importing this enum\n     |\n44   + use core::option::Option;\n     |\n\nerror[E0412]: cannot find type `Option` in this scope\n    --> /Users/graysonnocera/.cargo/registry/src/index.crates.io-6f17d22bba15001f/funty-1.1.0/src/lib.rs:1332:49\n     |\n1332 |             func!(checked_div_euclid(self, rhs: Self) -> Option<Self>);\n     |                                                          ^^^^^^ not found in this scope\n...\n1485 | impl_for!(IsInteger => i8, i16, i32, i64, i128, isize, u8, u16, u32, u64, u128, usize);\n     | -------------------------------------------------------------------------------------- in this macro invocation\n     |\n     = note: this error originates in the macro `impl_for` (in Nightly builds, run with -Z macro-backtrace for more info)\nhelp: consider importing this enum\n     |\n44   + use core::option::Option;\n     |\n\nerror[E0412]: cannot find type `Option` in this scope\n    --> /Users/graysonnocera/.cargo/registry/src/index.crates.io-6f17d22bba15001f/funty-1.1.0/src/lib.rs:1333:42\n     |\n1333 |             func!(checked_rem(self, rhs: Self) -> Option<Self>);\n     |                                                   ^^^^^^ not found in this scope\n...\n1485 | impl_for!(IsInteger => i8, i16, i32, i64, i128, isize, u8, u16, u32, u64, u128, usize);\n     | -------------------------------------------------------------------------------------- in this macro invocation\n     |\n     = note: this error originates in the macro `impl_for` (in Nightly builds, run with -Z macro-backtrace for more info)\nhelp: consider importing this enum\n     |\n44   + use core::option::Option;\n     |\n\nerror[E0412]: cannot find type `Option` in this scope\n    --> /Users/graysonnocera/.cargo/registry/src/index.crates.io-6f17d22bba15001f/funty-1.1.0/src/lib.rs:1334:49\n     |\n1334 |             func!(checked_rem_euclid(self, rhs: Self) -> Option<Self>);\n     |                                                          ^^^^^^ not found in this scope\n...\n1485 | impl_for!(IsInteger => i8, i16, i32, i64, i128, isize, u8, u16, u32, u64, u128, usize);\n     | -------------------------------------------------------------------------------------- in this macro invocation\n     |\n     = note: this error originates in the macro `impl_for` (in Nightly builds, run with -Z macro-backtrace for more info)\nhelp: consider importing this enum\n     |\n44   + use core::option::Option;\n     |\n\nerror[E0412]: cannot find type `Option` in this scope\n    --> /Users/graysonnocera/.cargo/registry/src/index.crates.io-6f17d22bba15001f/funty-1.1.0/src/lib.rs:1335:31\n     |\n1335 |             func!(checked_neg(self) -> Option<Self>);\n     |                                        ^^^^^^ not found in this scope\n...\n1485 | impl_for!(IsInteger => i8, i16, i32, i64, i128, isize, u8, u16, u32, u64, u128, usize);\n     | -------------------------------------------------------------------------------------- in this macro invocation\n     |\n     = note: this error originates in the macro `impl_for` (in Nightly builds, run with -Z macro-backtrace for more info)\nhelp: consider importing this enum\n     |\n44   + use core::option::Option;\n     |\n\nerror[E0412]: cannot find type `Option` in this scope\n    --> /Users/graysonnocera/.cargo/registry/src/index.crates.io-6f17d22bba15001f/funty-1.1.0/src/lib.rs:1336:41\n     |\n1336 |             func!(checked_shl(self, rhs: u32) -> Option<Self>);\n     |                                                  ^^^^^^ not found in this scope\n...\n1485 | impl_for!(IsInteger => i8, i16, i32, i64, i128, isize, u8, u16, u32, u64, u128, usize);\n     | -------------------------------------------------------------------------------------- in this macro invocation\n     |\n     = note: this error originates in the macro `impl_for` (in Nightly builds, run with -Z macro-backtrace for more info)\nhelp: consider importing this enum\n     |\n44   + use core::option::Option;\n     |\n\nerror[E0412]: cannot find type `Option` in this scope\n    --> /Users/graysonnocera/.cargo/registry/src/index.crates.io-6f17d22bba15001f/funty-1.1.0/src/lib.rs:1337:41\n     |\n1337 |             func!(checked_shr(self, rhs: u32) -> Option<Self>);\n     |                                                  ^^^^^^ not found in this scope\n...\n1485 | impl_for!(IsInteger => i8, i16, i32, i64, i128, isize, u8, u16, u32, u64, u128, usize);\n     | -------------------------------------------------------------------------------------- in this macro invocation\n     |\n     = note: this error originates in the macro `impl_for` (in Nightly builds, run with -Z macro-backtrace for more info)\nhelp: consider importing this enum\n     |\n44   + use core::option::Option;\n     |\n\nerror[E0412]: cannot find type `Option` in this scope\n    --> /Users/graysonnocera/.cargo/registry/src/index.crates.io-6f17d22bba15001f/funty-1.1.0/src/lib.rs:1338:41\n     |\n1338 |             func!(checked_pow(self, rhs: u32) -> Option<Self>);\n     |                                                  ^^^^^^ not found in this scope\n...\n1485 | impl_for!(IsInteger => i8, i16, i32, i64, i128, isize, u8, u16, u32, u64, u128, usize);\n     | -------------------------------------------------------------------------------------- in this macro invocation\n     |\n     = note: this error originates in the macro `impl_for` (in Nightly builds, run with -Z macro-backtrace for more info)\nhelp: consider importing this enum\n     |\n44   + use core::option::Option;\n     |\n\nerror[E0412]: cannot find type `Option` in this scope\n    --> /Users/graysonnocera/.cargo/registry/src/index.crates.io-6f17d22bba15001f/funty-1.1.0/src/lib.rs:1372:31\n     |\n1372 |             func!(checked_abs(self) -> Option<Self>);\n     |                                        ^^^^^^ not found in this scope\n...\n1486 | impl_for!(IsSigned => i8, i16, i32, i64, i128, isize);\n     | ----------------------------------------------------- in this macro invocation\n     |\n     = note: this error originates in the macro `impl_for` (in Nightly builds, run with -Z macro-backtrace for more info)\nhelp: consider importing this enum\n     |\n44   + use core::option::Option;\n     |\n\nerror[E0412]: cannot find type `Option` in this scope\n    --> /Users/graysonnocera/.cargo/registry/src/index.crates.io-6f17d22bba15001f/funty-1.1.0/src/lib.rs:1385:45\n     |\n1385 |             func!(checked_next_power_of_two(self) -> Option<Self>);\n     |                                                      ^^^^^^ not found in this scope\n...\n1487 | impl_for!(IsUnsigned => u8, u16, u32, u64, u128, usize);\n     | ------------------------------------------------------- in this macro invocation\n     |\n     = note: this error originates in the macro `impl_for` (in Nightly builds, run with -Z macro-backtrace for more info)\nhelp: consider importing this enum\n     |\n44   + use core::option::Option;\n     |\n\nSome errors have detailed explanations: E0405, E0412, E0463.\nFor more information about an error, try `rustc --explain E0405`.\nerror: could not compile `funty` (lib) due to 45 previous errors\nwarning: build failed, waiting for other jobs to finish...\n",
      "stdout": ""
    },
    "features": [
      "std"
    ],
    "project": "../../../Downloads/695-Project/dataset/nostd-failed-crates/crates/tp-offchain-2.0.2/src",
    "time_to_build": 3577,
    "time_to_solve": 8
  }
]