[
  {
    "built_with_features": null,
    "command": {
      "args": [
        "build",
        "--target",
        "thumbv7m-none-eabi",
        "--no-default-features"
      ],
      "code": 101,
      "stderr": "warning: no edition set: defaulting to the 2015 edition while the latest is 2021\n   Compiling bit-vec v0.6.3\n   Compiling vec_map v0.8.2\n   Compiling arrayvec v0.4.12\n   Compiling num-traits v0.2.19\nerror[E0463]: can't find crate for `std`\n  |\n  = note: the `thumbv7m-none-eabi` target may not support the standard library\n  = note: `std` is required by `vec_map` because it does not declare `#![no_std]`\n\nerror[E0463]: can't find crate for `std`\n  |\n  = note: the `thumbv7m-none-eabi` target may not support the standard library\n  = note: `std` is required by `arrayvec` because it does not declare `#![no_std]`\n\nerror[E0463]: can't find crate for `std`\n  --> /Users/graysonnocera/.cargo/registry/src/index.crates.io-6f17d22bba15001f/bit-vec-0.6.3/src/lib.rs:89:1\n   |\n89 | extern crate std;\n   | ^^^^^^^^^^^^^^^^^ can't find crate\n   |\n   = note: the `thumbv7m-none-eabi` target may not support the standard library\n\nerror: cannot find macro `panic` in this scope\n   --> /Users/graysonnocera/.cargo/registry/src/index.crates.io-6f17d22bba15001f/arrayvec-0.4.12/src/lib.rs:109:9\n    |\n109 |         panic!(concat!(\"ArrayVec::\", $method_name, \": index {} is out of bounds in vector of length {}\"),\n    |         ^^^^^\n...\n301 |             panic_oob!(\"try_insert\", index, self.len())\n    |             ------------------------------------------- in this macro invocation\n    |\n    = note: this error originates in the macro `panic_oob` (in Nightly builds, run with -Z macro-backtrace for more info)\n\nerror: cannot find macro `panic` in this scope\n   --> /Users/graysonnocera/.cargo/registry/src/index.crates.io-6f17d22bba15001f/arrayvec-0.4.12/src/lib.rs:109:9\n    |\n109 |         panic!(concat!(\"ArrayVec::\", $method_name, \": index {} is out of bounds in vector of length {}\"),\n    |         ^^^^^\n...\n372 |                 panic_oob!(\"swap_remove\", index, self.len())\n    |                 -------------------------------------------- in this macro invocation\n    |\n    = note: this error originates in the macro `panic_oob` (in Nightly builds, run with -Z macro-backtrace for more info)\n\nerror: cannot find macro `panic` in this scope\n   --> /Users/graysonnocera/.cargo/registry/src/index.crates.io-6f17d22bba15001f/arrayvec-0.4.12/src/lib.rs:109:9\n    |\n109 |         panic!(concat!(\"ArrayVec::\", $method_name, \": index {} is out of bounds in vector of length {}\"),\n    |         ^^^^^\n...\n420 |                 panic_oob!(\"remove\", index, self.len())\n    |                 --------------------------------------- in this macro invocation\n    |\n    = note: this error originates in the macro `panic_oob` (in Nightly builds, run with -Z macro-backtrace for more info)\n\nerror: cannot find attribute `derive` in this scope\n  --> /Users/graysonnocera/.cargo/registry/src/index.crates.io-6f17d22bba15001f/arrayvec-0.4.12/src/array_string.rs:27:3\n   |\n27 | #[derive(Copy)]\n   |   ^^^^^^\n\nerror: cannot find macro `try` in this scope\n  --> /Users/graysonnocera/.cargo/registry/src/index.crates.io-6f17d22bba15001f/arrayvec-0.4.12/src/array_string.rs:95:17\n   |\n95 |         let s = try!(str::from_utf8(b.as_slice()));\n   |                 ^^^\n\nerror: cannot find macro `debug_assert` in this scope\n  --> /Users/graysonnocera/.cargo/registry/src/index.crates.io-6f17d22bba15001f/arrayvec-0.4.12/src/array_string.rs:97:9\n   |\n97 |         debug_assert!(_result.is_ok());\n   |         ^^^^^^^^^^^^\n\nerror: cannot find macro `assert` in this scope\n   --> /Users/graysonnocera/.cargo/registry/src/index.crates.io-6f17d22bba15001f/arrayvec-0.4.12/src/array_string.rs:272:13\n    |\n272 |             assert!(self.is_char_boundary(new_len));\n    |             ^^^^^^\n\nerror: cannot find macro `panic` in this scope\n   --> /Users/graysonnocera/.cargo/registry/src/index.crates.io-6f17d22bba15001f/arrayvec-0.4.12/src/array_string.rs:304:21\n    |\n304 |             None => panic!(\"cannot remove a char from the end of a string\"),\n    |                     ^^^^^\n\nerror: cannot find macro `debug_assert` in this scope\n   --> /Users/graysonnocera/.cargo/registry/src/index.crates.io-6f17d22bba15001f/arrayvec-0.4.12/src/array_string.rs:334:9\n    |\n334 |         debug_assert!(length <= self.capacity());\n    |         ^^^^^^^^^^^^\n\nerror: cannot find attribute `derive` in this scope\n --> /Users/graysonnocera/.cargo/registry/src/index.crates.io-6f17d22bba15001f/arrayvec-0.4.12/src/errors.rs:8:3\n  |\n8 | #[derive(Clone, Copy, Eq, Ord, PartialEq, PartialOrd)]\n  |   ^^^^^^\n\nerror: cannot find macro `write` in this scope\n  --> /Users/graysonnocera/.cargo/registry/src/index.crates.io-6f17d22bba15001f/arrayvec-0.4.12/src/errors.rs:44:9\n   |\n44 |         write!(f, \"{}\", CAPERROR)\n   |         ^^^^^\n\nerror: cannot find macro `write` in this scope\n  --> /Users/graysonnocera/.cargo/registry/src/index.crates.io-6f17d22bba15001f/arrayvec-0.4.12/src/errors.rs:50:9\n   |\n50 |         write!(f, \"{}: {}\", \"CapacityError\", CAPERROR)\n   |         ^^^^^\n\nerror: cannot find macro `debug_assert` in this scope\n   --> /Users/graysonnocera/.cargo/registry/src/index.crates.io-6f17d22bba15001f/arrayvec-0.4.12/src/lib.rs:245:9\n    |\n245 |         debug_assert!(len < A::capacity());\n    |         ^^^^^^^^^^^^\n\nerror: cannot find macro `debug_assert` in this scope\n   --> /Users/graysonnocera/.cargo/registry/src/index.crates.io-6f17d22bba15001f/arrayvec-0.4.12/src/lib.rs:515:9\n    |\n515 |         debug_assert!(length <= self.capacity());\n    |         ^^^^^^^^^^^^\n\nerror[E0463]: can't find crate for `std`\n  --> /Users/graysonnocera/.cargo/registry/src/index.crates.io-6f17d22bba15001f/num-traits-0.2.19/src/lib.rs:23:1\n   |\n23 | extern crate std;\n   | ^^^^^^^^^^^^^^^^^ can't find crate\n   |\n   = note: the `thumbv7m-none-eabi` target may not support the standard library\n\nerror: cannot find macro `vec` in this scope\n   --> /Users/graysonnocera/.cargo/registry/src/index.crates.io-6f17d22bba15001f/bit-vec-0.6.3/src/lib.rs:291:22\n    |\n291 |             storage: vec![if bit { !B::zero() } else { B::zero() }; nblocks],\n    |                      ^^^\n\nerror[E0392]: type parameter `B` is never used\n    --> /Users/graysonnocera/.cargo/registry/src/index.crates.io-6f17d22bba15001f/bit-vec-0.6.3/src/lib.rs:1502:21\n     |\n1502 | pub struct Iter<'a, B: 'a = u32> {\n     |                     ^^^^^^^^^^^ unused type parameter\n1503 |     bit_vec: &'a BitVec<B>,\n     |                         - `B` is named here, but is likely unused in the containing type\n     |\n     = help: consider removing `B`, referring to it in a field, or using a marker such as `PhantomData`\n\nerror[E0392]: type parameter `B` is never used\n    --> /Users/graysonnocera/.cargo/registry/src/index.crates.io-6f17d22bba15001f/bit-vec-0.6.3/src/lib.rs:1541:21\n     |\n1541 | pub struct IntoIter<B=u32> {\n     |                     ^^^^^ unused type parameter\n1542 |     bit_vec: BitVec<B>,\n     |                     - `B` is named here, but is likely unused in the containing type\n     |\n     = help: consider removing `B`, referring to it in a field, or using a marker such as `PhantomData`\n     = help: if you intended `B` to be a const parameter, use `const B: /* Type */` instead\n\nerror[E0283]: type annotations needed\n   --> /Users/graysonnocera/.cargo/registry/src/index.crates.io-6f17d22bba15001f/bit-vec-0.6.3/src/lib.rs:225:17\n    |\n225 |         if self.get(i).expect(\"index out of bounds\") {\n    |                 ^^^ cannot infer type for type parameter `B`\n    |\n    = note: cannot satisfy `_: BitBlock`\n    = help: the following types implement trait `BitBlock`:\n              u16\n              u32\n              u64\n              u8\n              usize\nnote: required by a bound in `BitVec::<B>::get`\n   --> /Users/graysonnocera/.cargo/registry/src/index.crates.io-6f17d22bba15001f/bit-vec-0.6.3/src/lib.rs:380:9\n    |\n380 | impl<B: BitBlock> BitVec<B> {\n    |         ^^^^^^^^ required by this bound in `BitVec::<B>::get`\n...\n509 |     pub fn get(&self, i: usize) -> Option<bool> {\n    |            --- required by a bound in this associated function\n\nerror[E0282]: type annotations needed\n   --> /Users/graysonnocera/.cargo/registry/src/index.crates.io-6f17d22bba15001f/bit-vec-0.6.3/src/lib.rs:372:27\n    |\n372 |         let mut bit_vec = BitVec::from_elem(len, false);\n    |                           ^^^^^^ cannot infer type for type parameter `B` declared on the struct `BitVec`\n\nerror[E0282]: type annotations needed\n   --> /Users/graysonnocera/.cargo/registry/src/index.crates.io-6f17d22bba15001f/bit-vec-0.6.3/src/lib.rs:473:26\n    |\n473 |             last_block & !used_bits == B::zero()\n    |                          ^^^^^^^^^^ cannot infer type\n\nerror[E0283]: type annotations needed\n   --> /Users/graysonnocera/.cargo/registry/src/index.crates.io-6f17d22bba15001f/bit-vec-0.6.3/src/lib.rs:489:32\n    |\n489 |             debug_assert!(self.is_last_block_fixed());\n    |                                ^^^^^^^^^^^^^^^^^^^ cannot infer type for type parameter `B`\n    |\n    = note: cannot satisfy `_: BitBlock`\n    = help: the following types implement trait `BitBlock`:\n              u16\n              u32\n              u64\n              u8\n              usize\nnote: required by a bound in `BitVec::<B>::is_last_block_fixed`\n   --> /Users/graysonnocera/.cargo/registry/src/index.crates.io-6f17d22bba15001f/bit-vec-0.6.3/src/lib.rs:380:9\n    |\n380 | impl<B: BitBlock> BitVec<B> {\n    |         ^^^^^^^^ required by this bound in `BitVec::<B>::is_last_block_fixed`\n...\n471 |     fn is_last_block_fixed(&self) -> bool {\n    |        ------------------- required by a bound in this associated function\n\nerror[E0283]: type annotations needed\n   --> /Users/graysonnocera/.cargo/registry/src/index.crates.io-6f17d22bba15001f/bit-vec-0.6.3/src/lib.rs:684:14\n    |\n684 |         self.ensure_invariant();\n    |              ^^^^^^^^^^^^^^^^ cannot infer type for type parameter `B`\n    |\n    = note: cannot satisfy `_: BitBlock`\n    = help: the following types implement trait `BitBlock`:\n              u16\n              u32\n              u64\n              u8\n              usize\nnote: required by a bound in `BitVec::<B>::ensure_invariant`\n   --> /Users/graysonnocera/.cargo/registry/src/index.crates.io-6f17d22bba15001f/bit-vec-0.6.3/src/lib.rs:380:9\n    |\n380 | impl<B: BitBlock> BitVec<B> {\n    |         ^^^^^^^^ required by this bound in `BitVec::<B>::ensure_invariant`\n...\n487 |     fn ensure_invariant(&self) {\n    |        ---------------- required by a bound in this associated function\n\nerror[E0283]: type annotations needed\n   --> /Users/graysonnocera/.cargo/registry/src/index.crates.io-6f17d22bba15001f/bit-vec-0.6.3/src/lib.rs:715:14\n    |\n715 |         self.ensure_invariant();\n    |              ^^^^^^^^^^^^^^^^ cannot infer type for type parameter `B`\n    |\n    = note: cannot satisfy `_: BitBlock`\n    = help: the following types implement trait `BitBlock`:\n              u16\n              u32\n              u64\n              u8\n              usize\nnote: required by a bound in `BitVec::<B>::ensure_invariant`\n   --> /Users/graysonnocera/.cargo/registry/src/index.crates.io-6f17d22bba15001f/bit-vec-0.6.3/src/lib.rs:380:9\n    |\n380 | impl<B: BitBlock> BitVec<B> {\n    |         ^^^^^^^^ required by this bound in `BitVec::<B>::ensure_invariant`\n...\n487 |     fn ensure_invariant(&self) {\n    |        ---------------- required by a bound in this associated function\n\nerror[E0283]: type annotations needed\n   --> /Users/graysonnocera/.cargo/registry/src/index.crates.io-6f17d22bba15001f/bit-vec-0.6.3/src/lib.rs:754:14\n    |\n754 |         self.ensure_invariant();\n    |              ^^^^^^^^^^^^^^^^ cannot infer type for type parameter `B`\n    |\n    = note: cannot satisfy `_: BitBlock`\n    = help: the following types implement trait `BitBlock`:\n              u16\n              u32\n              u64\n              u8\n              usize\nnote: required by a bound in `BitVec::<B>::ensure_invariant`\n   --> /Users/graysonnocera/.cargo/registry/src/index.crates.io-6f17d22bba15001f/bit-vec-0.6.3/src/lib.rs:380:9\n    |\n380 | impl<B: BitBlock> BitVec<B> {\n    |         ^^^^^^^^ required by this bound in `BitVec::<B>::ensure_invariant`\n...\n487 |     fn ensure_invariant(&self) {\n    |        ---------------- required by a bound in this associated function\n\nerror[E0283]: type annotations needed\n   --> /Users/graysonnocera/.cargo/registry/src/index.crates.io-6f17d22bba15001f/bit-vec-0.6.3/src/lib.rs:785:14\n    |\n785 |         self.ensure_invariant();\n    |              ^^^^^^^^^^^^^^^^ cannot infer type for type parameter `B`\n    |\n    = note: cannot satisfy `_: BitBlock`\n    = help: the following types implement trait `BitBlock`:\n              u16\n              u32\n              u64\n              u8\n              usize\nnote: required by a bound in `BitVec::<B>::ensure_invariant`\n   --> /Users/graysonnocera/.cargo/registry/src/index.crates.io-6f17d22bba15001f/bit-vec-0.6.3/src/lib.rs:380:9\n    |\n380 | impl<B: BitBlock> BitVec<B> {\n    |         ^^^^^^^^ required by this bound in `BitVec::<B>::ensure_invariant`\n...\n487 |     fn ensure_invariant(&self) {\n    |        ---------------- required by a bound in this associated function\n\nerror[E0283]: type annotations needed\n   --> /Users/graysonnocera/.cargo/registry/src/index.crates.io-6f17d22bba15001f/bit-vec-0.6.3/src/lib.rs:816:14\n    |\n816 |         self.ensure_invariant();\n    |              ^^^^^^^^^^^^^^^^ cannot infer type for type parameter `B`\n    |\n    = note: cannot satisfy `_: BitBlock`\n    = help: the following types implement trait `BitBlock`:\n              u16\n              u32\n              u64\n              u8\n              usize\nnote: required by a bound in `BitVec::<B>::ensure_invariant`\n   --> /Users/graysonnocera/.cargo/registry/src/index.crates.io-6f17d22bba15001f/bit-vec-0.6.3/src/lib.rs:380:9\n    |\n380 | impl<B: BitBlock> BitVec<B> {\n    |         ^^^^^^^^ required by this bound in `BitVec::<B>::ensure_invariant`\n...\n487 |     fn ensure_invariant(&self) {\n    |        ---------------- required by a bound in this associated function\n\nerror[E0283]: type annotations needed\n   --> /Users/graysonnocera/.cargo/registry/src/index.crates.io-6f17d22bba15001f/bit-vec-0.6.3/src/lib.rs:850:14\n    |\n850 |         self.ensure_invariant();\n    |              ^^^^^^^^^^^^^^^^ cannot infer type for type parameter `B`\n    |\n    = note: cannot satisfy `_: BitBlock`\n    = help: the following types implement trait `BitBlock`:\n              u16\n              u32\n              u64\n              u8\n              usize\nnote: required by a bound in `BitVec::<B>::ensure_invariant`\n   --> /Users/graysonnocera/.cargo/registry/src/index.crates.io-6f17d22bba15001f/bit-vec-0.6.3/src/lib.rs:380:9\n    |\n380 | impl<B: BitBlock> BitVec<B> {\n    |         ^^^^^^^^ required by this bound in `BitVec::<B>::ensure_invariant`\n...\n487 |     fn ensure_invariant(&self) {\n    |        ---------------- required by a bound in this associated function\n\nerror[E0283]: type annotations needed\n   --> /Users/graysonnocera/.cargo/registry/src/index.crates.io-6f17d22bba15001f/bit-vec-0.6.3/src/lib.rs:884:14\n    |\n884 |         self.ensure_invariant();\n    |              ^^^^^^^^^^^^^^^^ cannot infer type for type parameter `B`\n    |\n    = note: cannot satisfy `_: BitBlock`\n    = help: the following types implement trait `BitBlock`:\n              u16\n              u32\n              u64\n              u8\n              usize\nnote: required by a bound in `BitVec::<B>::ensure_invariant`\n   --> /Users/graysonnocera/.cargo/registry/src/index.crates.io-6f17d22bba15001f/bit-vec-0.6.3/src/lib.rs:380:9\n    |\n380 | impl<B: BitBlock> BitVec<B> {\n    |         ^^^^^^^^ required by this bound in `BitVec::<B>::ensure_invariant`\n...\n487 |     fn ensure_invariant(&self) {\n    |        ---------------- required by a bound in this associated function\n\nerror[E0283]: type annotations needed\n   --> /Users/graysonnocera/.cargo/registry/src/index.crates.io-6f17d22bba15001f/bit-vec-0.6.3/src/lib.rs:907:14\n    |\n907 |         self.ensure_invariant();\n    |              ^^^^^^^^^^^^^^^^ cannot infer type for type parameter `B`\n    |\n    = note: cannot satisfy `_: BitBlock`\n    = help: the following types implement trait `BitBlock`:\n              u16\n              u32\n              u64\n              u8\n              usize\nnote: required by a bound in `BitVec::<B>::ensure_invariant`\n   --> /Users/graysonnocera/.cargo/registry/src/index.crates.io-6f17d22bba15001f/bit-vec-0.6.3/src/lib.rs:380:9\n    |\n380 | impl<B: BitBlock> BitVec<B> {\n    |         ^^^^^^^^ required by this bound in `BitVec::<B>::ensure_invariant`\n...\n487 |     fn ensure_invariant(&self) {\n    |        ---------------- required by a bound in this associated function\n\nerror[E0283]: type annotations needed\n   --> /Users/graysonnocera/.cargo/registry/src/index.crates.io-6f17d22bba15001f/bit-vec-0.6.3/src/lib.rs:930:14\n    |\n930 |         self.ensure_invariant();\n    |              ^^^^^^^^^^^^^^^^ cannot infer type for type parameter `B`\n    |\n    = note: cannot satisfy `_: BitBlock`\n    = help: the following types implement trait `BitBlock`:\n              u16\n              u32\n              u64\n              u8\n              usize\nnote: required by a bound in `BitVec::<B>::ensure_invariant`\n   --> /Users/graysonnocera/.cargo/registry/src/index.crates.io-6f17d22bba15001f/bit-vec-0.6.3/src/lib.rs:380:9\n    |\n380 | impl<B: BitBlock> BitVec<B> {\n    |         ^^^^^^^^ required by this bound in `BitVec::<B>::ensure_invariant`\n...\n487 |     fn ensure_invariant(&self) {\n    |        ---------------- required by a bound in this associated function\n\nerror[E0283]: type annotations needed\n    --> /Users/graysonnocera/.cargo/registry/src/index.crates.io-6f17d22bba15001f/bit-vec-0.6.3/src/lib.rs:1061:28\n     |\n1061 |         self.blocks().all(|w| w == B::zero())\n     |         ---- ------        ^\n     |         |    |\n     |         |    required by a bound introduced by this call\n     |         type must be known at this point\n     |\n     = note: cannot satisfy `_: BitBlock`\n     = help: the following types implement trait `BitBlock`:\n               u16\n               u32\n               u64\n               u8\n               usize\nnote: required by a bound in `BitVec::<B>::blocks`\n    --> /Users/graysonnocera/.cargo/registry/src/index.crates.io-6f17d22bba15001f/bit-vec-0.6.3/src/lib.rs:380:9\n     |\n380  | impl<B: BitBlock> BitVec<B> {\n     |         ^^^^^^^^ required by this bound in `BitVec::<B>::blocks`\n...\n407  |     pub fn blocks(&self) -> Blocks<B> {\n     |            ------ required by a bound in this associated function\nhelp: consider giving this closure parameter an explicit type\n     |\n1061 |         self.blocks().all(|w: /* Type */| w == B::zero())\n     |                             ++++++++++++\n\nerror[E0283]: type annotations needed\n    --> /Users/graysonnocera/.cargo/registry/src/index.crates.io-6f17d22bba15001f/bit-vec-0.6.3/src/lib.rs:1079:15\n     |\n1079 |         !self.none()\n     |               ^^^^ cannot infer type for type parameter `B`\n     |\n     = note: cannot satisfy `_: BitBlock`\n     = help: the following types implement trait `BitBlock`:\n               u16\n               u32\n               u64\n               u8\n               usize\nnote: required by a bound in `BitVec::<B>::none`\n    --> /Users/graysonnocera/.cargo/registry/src/index.crates.io-6f17d22bba15001f/bit-vec-0.6.3/src/lib.rs:380:9\n     |\n380  | impl<B: BitBlock> BitVec<B> {\n     |         ^^^^^^^^ required by this bound in `BitVec::<B>::none`\n...\n1060 |     pub fn none(&self) -> bool {\n     |            ---- required by a bound in this associated function\n\nerror[E0283]: type annotations needed\n    --> /Users/graysonnocera/.cargo/registry/src/index.crates.io-6f17d22bba15001f/bit-vec-0.6.3/src/lib.rs:1149:14\n     |\n1149 |         self.iter().zip(v.iter().cloned()).all(|(b1, b2)| b1 == b2)\n     |              ^^^^ cannot infer type for type parameter `B`\n     |\n     = note: cannot satisfy `_: BitBlock`\n     = help: the following types implement trait `BitBlock`:\n               u16\n               u32\n               u64\n               u8\n               usize\nnote: required by a bound in `BitVec::<B>::iter`\n    --> /Users/graysonnocera/.cargo/registry/src/index.crates.io-6f17d22bba15001f/bit-vec-0.6.3/src/lib.rs:380:9\n     |\n380  | impl<B: BitBlock> BitVec<B> {\n     |         ^^^^^^^^ required by this bound in `BitVec::<B>::iter`\n...\n929  |     pub fn iter(&self) -> Iter<B> {\n     |            ---- required by a bound in this associated function\n\nerror[E0283]: type annotations needed\n    --> /Users/graysonnocera/.cargo/registry/src/index.crates.io-6f17d22bba15001f/bit-vec-0.6.3/src/lib.rs:1375:43\n     |\n1375 |     pub fn is_empty(&self) -> bool { self.len() == 0 }\n     |                                           ^^^ cannot infer type for type parameter `B`\n     |\n     = note: cannot satisfy `_: BitBlock`\n     = help: the following types implement trait `BitBlock`:\n               u16\n               u32\n               u64\n               u8\n               usize\nnote: required by a bound in `BitVec::<B>::len`\n    --> /Users/graysonnocera/.cargo/registry/src/index.crates.io-6f17d22bba15001f/bit-vec-0.6.3/src/lib.rs:380:9\n     |\n380  | impl<B: BitBlock> BitVec<B> {\n     |         ^^^^^^^^ required by this bound in `BitVec::<B>::len`\n...\n1363 |     pub fn len(&self) -> usize { self.nbits }\n     |            --- required by a bound in this associated function\n\nerror[E0283]: type annotations needed\n    --> /Users/graysonnocera/.cargo/registry/src/index.crates.io-6f17d22bba15001f/bit-vec-0.6.3/src/lib.rs:1412:14\n     |\n1412 |         self.ensure_invariant();\n     |              ^^^^^^^^^^^^^^^^ cannot infer type for type parameter `B`\n     |\n     = note: cannot satisfy `_: BitBlock`\n     = help: the following types implement trait `BitBlock`:\n               u16\n               u32\n               u64\n               u8\n               usize\nnote: required by a bound in `BitVec::<B>::ensure_invariant`\n    --> /Users/graysonnocera/.cargo/registry/src/index.crates.io-6f17d22bba15001f/bit-vec-0.6.3/src/lib.rs:380:9\n     |\n380  | impl<B: BitBlock> BitVec<B> {\n     |         ^^^^^^^^ required by this bound in `BitVec::<B>::ensure_invariant`\n...\n487  |     fn ensure_invariant(&self) {\n     |        ---------------- required by a bound in this associated function\n\nerror[E0283]: type annotations needed\n    --> /Users/graysonnocera/.cargo/registry/src/index.crates.io-6f17d22bba15001f/bit-vec-0.6.3/src/lib.rs:1447:14\n     |\n1447 |         self.ensure_invariant();\n     |              ^^^^^^^^^^^^^^^^ cannot infer type for type parameter `B`\n     |\n     = note: cannot satisfy `_: BitBlock`\n     = help: the following types implement trait `BitBlock`:\n               u16\n               u32\n               u64\n               u8\n               usize\nnote: required by a bound in `BitVec::<B>::ensure_invariant`\n    --> /Users/graysonnocera/.cargo/registry/src/index.crates.io-6f17d22bba15001f/bit-vec-0.6.3/src/lib.rs:380:9\n     |\n380  | impl<B: BitBlock> BitVec<B> {\n     |         ^^^^^^^^ required by this bound in `BitVec::<B>::ensure_invariant`\n...\n487  |     fn ensure_invariant(&self) {\n     |        ---------------- required by a bound in this associated function\n\nerror[E0283]: type annotations needed\n    --> /Users/graysonnocera/.cargo/registry/src/index.crates.io-6f17d22bba15001f/bit-vec-0.6.3/src/lib.rs:1467:14\n     |\n1467 |         self.ensure_invariant();\n     |              ^^^^^^^^^^^^^^^^ cannot infer type for type parameter `B`\n     |\n     = note: cannot satisfy `_: BitBlock`\n     = help: the following types implement trait `BitBlock`:\n               u16\n               u32\n               u64\n               u8\n               usize\nnote: required by a bound in `BitVec::<B>::ensure_invariant`\n    --> /Users/graysonnocera/.cargo/registry/src/index.crates.io-6f17d22bba15001f/bit-vec-0.6.3/src/lib.rs:380:9\n     |\n380  | impl<B: BitBlock> BitVec<B> {\n     |         ^^^^^^^^ required by this bound in `BitVec::<B>::ensure_invariant`\n...\n487  |     fn ensure_invariant(&self) {\n     |        ---------------- required by a bound in this associated function\n\nerror[E0282]: type annotations needed\n    --> /Users/graysonnocera/.cargo/registry/src/index.crates.io-6f17d22bba15001f/bit-vec-0.6.3/src/lib.rs:1481:13\n     |\n1481 |             elem.hash(state);\n     |             ^^^^ cannot infer type\n\nerror[E0283]: type annotations needed\n    --> /Users/graysonnocera/.cargo/registry/src/index.crates.io-6f17d22bba15001f/bit-vec-0.6.3/src/lib.rs:1490:18\n     |\n1490 |             self.ensure_invariant();\n     |                  ^^^^^^^^^^^^^^^^ cannot infer type for type parameter `B`\n     |\n     = note: cannot satisfy `_: BitBlock`\n     = help: the following types implement trait `BitBlock`:\n               u16\n               u32\n               u64\n               u8\n               usize\nnote: required by a bound in `BitVec::<B>::ensure_invariant`\n    --> /Users/graysonnocera/.cargo/registry/src/index.crates.io-6f17d22bba15001f/bit-vec-0.6.3/src/lib.rs:380:9\n     |\n380  | impl<B: BitBlock> BitVec<B> {\n     |         ^^^^^^^^ required by this bound in `BitVec::<B>::ensure_invariant`\n...\n487  |     fn ensure_invariant(&self) {\n     |        ---------------- required by a bound in this associated function\n\nerror[E0282]: type annotations needed\n    --> /Users/graysonnocera/.cargo/registry/src/index.crates.io-6f17d22bba15001f/bit-vec-0.6.3/src/lib.rs:1503:5\n     |\n1501 | #[derive(Clone)]\n     |          ----- in this derive macro expansion\n1502 | pub struct Iter<'a, B: 'a = u32> {\n1503 |     bit_vec: &'a BitVec<B>,\n     |     ^^^^^^^^^^^^^^^^^^^^^^ cannot infer type\n     |\n     = note: this error originates in the derive macro `Clone` (in Nightly builds, run with -Z macro-backtrace for more info)\n\nerror[E0283]: type annotations needed\n    --> /Users/graysonnocera/.cargo/registry/src/index.crates.io-6f17d22bba15001f/bit-vec-0.6.3/src/lib.rs:1514:48\n     |\n1514 |         self.range.next().map(|i| self.bit_vec.get(i).unwrap())\n     |                                                ^^^ cannot infer type for type parameter `B`\n     |\n     = note: cannot satisfy `_: BitBlock`\n     = help: the following types implement trait `BitBlock`:\n               u16\n               u32\n               u64\n               u8\n               usize\nnote: required by a bound in `BitVec::<B>::get`\n    --> /Users/graysonnocera/.cargo/registry/src/index.crates.io-6f17d22bba15001f/bit-vec-0.6.3/src/lib.rs:380:9\n     |\n380  | impl<B: BitBlock> BitVec<B> {\n     |         ^^^^^^^^ required by this bound in `BitVec::<B>::get`\n...\n509  |     pub fn get(&self, i: usize) -> Option<bool> {\n     |            --- required by a bound in this associated function\n\nerror[E0283]: type annotations needed\n    --> /Users/graysonnocera/.cargo/registry/src/index.crates.io-6f17d22bba15001f/bit-vec-0.6.3/src/lib.rs:1525:53\n     |\n1525 |         self.range.next_back().map(|i| self.bit_vec.get(i).unwrap())\n     |                                                     ^^^ cannot infer type for type parameter `B`\n     |\n     = note: cannot satisfy `_: BitBlock`\n     = help: the following types implement trait `BitBlock`:\n               u16\n               u32\n               u64\n               u8\n               usize\nnote: required by a bound in `BitVec::<B>::get`\n    --> /Users/graysonnocera/.cargo/registry/src/index.crates.io-6f17d22bba15001f/bit-vec-0.6.3/src/lib.rs:380:9\n     |\n380  | impl<B: BitBlock> BitVec<B> {\n     |         ^^^^^^^^ required by this bound in `BitVec::<B>::get`\n...\n509  |     pub fn get(&self, i: usize) -> Option<bool> {\n     |            --- required by a bound in this associated function\n\nerror[E0283]: type annotations needed\n    --> /Users/graysonnocera/.cargo/registry/src/index.crates.io-6f17d22bba15001f/bit-vec-0.6.3/src/lib.rs:1537:14\n     |\n1537 |         self.iter()\n     |              ^^^^ cannot infer type for type parameter `B`\n     |\n     = note: cannot satisfy `_: BitBlock`\n     = help: the following types implement trait `BitBlock`:\n               u16\n               u32\n               u64\n               u8\n               usize\nnote: required by a bound in `BitVec::<B>::iter`\n    --> /Users/graysonnocera/.cargo/registry/src/index.crates.io-6f17d22bba15001f/bit-vec-0.6.3/src/lib.rs:380:9\n     |\n380  | impl<B: BitBlock> BitVec<B> {\n     |         ^^^^^^^^ required by this bound in `BitVec::<B>::iter`\n...\n929  |     pub fn iter(&self) -> Iter<B> {\n     |            ---- required by a bound in this associated function\n\nerror[E0283]: type annotations needed\n    --> /Users/graysonnocera/.cargo/registry/src/index.crates.io-6f17d22bba15001f/bit-vec-0.6.3/src/lib.rs:1551:48\n     |\n1551 |         self.range.next().map(|i| self.bit_vec.get(i).unwrap())\n     |                                                ^^^ cannot infer type for type parameter `B`\n     |\n     = note: cannot satisfy `_: BitBlock`\n     = help: the following types implement trait `BitBlock`:\n               u16\n               u32\n               u64\n               u8\n               usize\nnote: required by a bound in `BitVec::<B>::get`\n    --> /Users/graysonnocera/.cargo/registry/src/index.crates.io-6f17d22bba15001f/bit-vec-0.6.3/src/lib.rs:380:9\n     |\n380  | impl<B: BitBlock> BitVec<B> {\n     |         ^^^^^^^^ required by this bound in `BitVec::<B>::get`\n...\n509  |     pub fn get(&self, i: usize) -> Option<bool> {\n     |            --- required by a bound in this associated function\n\nerror[E0283]: type annotations needed\n    --> /Users/graysonnocera/.cargo/registry/src/index.crates.io-6f17d22bba15001f/bit-vec-0.6.3/src/lib.rs:1558:53\n     |\n1558 |         self.range.next_back().map(|i| self.bit_vec.get(i).unwrap())\n     |                                                     ^^^ cannot infer type for type parameter `B`\n     |\n     = note: cannot satisfy `_: BitBlock`\n     = help: the following types implement trait `BitBlock`:\n               u16\n               u32\n               u64\n               u8\n               usize\nnote: required by a bound in `BitVec::<B>::get`\n    --> /Users/graysonnocera/.cargo/registry/src/index.crates.io-6f17d22bba15001f/bit-vec-0.6.3/src/lib.rs:380:9\n     |\n380  | impl<B: BitBlock> BitVec<B> {\n     |         ^^^^^^^^ required by this bound in `BitVec::<B>::get`\n...\n509  |     pub fn get(&self, i: usize) -> Option<bool> {\n     |            --- required by a bound in this associated function\n\nerror[E0282]: type annotations needed\n    --> /Users/graysonnocera/.cargo/registry/src/index.crates.io-6f17d22bba15001f/bit-vec-0.6.3/src/lib.rs:1571:9\n     |\n1571 |         IntoIter { bit_vec: self, range: 0..nbits }\n     |         ^^^^^^^^^^^^^^^^^^^^^^^^^^^^^^^^^^^^^^^^^^^ cannot infer type of the type parameter `B` declared on the struct `IntoIter`\n     |\nhelp: consider specifying the generic argument\n     |\n1571 |         IntoIter::<B> { bit_vec: self, range: 0..nbits }\n     |                 +++++\n\nSome errors have detailed explanations: E0282, E0283, E0392, E0463.\nFor more information about an error, try `rustc --explain E0282`.\nerror: could not compile `bit-vec` (lib) due to 33 previous errors\nwarning: build failed, waiting for other jobs to finish...\nerror[E0412]: cannot find type `Vec` in this scope\n  --> /Users/graysonnocera/.cargo/registry/src/index.crates.io-6f17d22bba15001f/vec_map-0.8.2/src/lib.rs:67:8\n   |\n67 |     v: Vec<Option<V>>,\n   |        ^^^ not found in this scope\n\nerror[E0412]: cannot find type `Option` in this scope\n  --> /Users/graysonnocera/.cargo/registry/src/index.crates.io-6f17d22bba15001f/vec_map-0.8.2/src/lib.rs:67:12\n   |\n67 |     v: Vec<Option<V>>,\n   |            ^^^^^^ not found in this scope\n\nerror[E0405]: cannot find trait `Default` in this scope\n  --> /Users/graysonnocera/.cargo/registry/src/index.crates.io-6f17d22bba15001f/vec_map-0.8.2/src/lib.rs:91:9\n   |\n91 | impl<V> Default for VecMap<V> {\n   |         ^^^^^^^ not found in this scope\n\nerror[E0531]: cannot find tuple struct or tuple variant `Some` in this scope\n   --> /Users/graysonnocera/.cargo/registry/src/index.crates.io-6f17d22bba15001f/vec_map-0.8.2/src/lib.rs:206:16\n    |\n206 |         if let Some(idx) = self.v.iter().rposition(Option::is_some) {\n    |                ^^^^ not found in this scope\n\nerror[E0531]: cannot find tuple struct or tuple variant `Some` in this scope\n   --> /Users/graysonnocera/.cargo/registry/src/index.crates.io-6f17d22bba15001f/vec_map-0.8.2/src/lib.rs:363:13\n    |\n363 |             Some(index) => max(at, index),\n    |             ^^^^ not found in this scope\n\nerror[E0425]: cannot find value `None` in this scope\n   --> /Users/graysonnocera/.cargo/registry/src/index.crates.io-6f17d22bba15001f/vec_map-0.8.2/src/lib.rs:371:49\n    |\n371 |         other.v.extend((0..start_index).map(|_| None));\n    |                                                 ^^^^ not found in this scope\n\nerror[E0412]: cannot find type `Option` in this scope\n   --> /Users/graysonnocera/.cargo/registry/src/index.crates.io-6f17d22bba15001f/vec_map-0.8.2/src/lib.rs:407:38\n    |\n407 |         fn filter<A>((i, v): (usize, Option<A>)) -> Option<(usize, A)> {\n    |                                      ^^^^^^ not found in this scope\n\nerror[E0412]: cannot find type `Option` in this scope\n   --> /Users/graysonnocera/.cargo/registry/src/index.crates.io-6f17d22bba15001f/vec_map-0.8.2/src/lib.rs:407:53\n    |\n407 |         fn filter<A>((i, v): (usize, Option<A>)) -> Option<(usize, A)> {\n    |                                                     ^^^^^^ not found in this scope\n\nerror[E0412]: cannot find type `Option` in this scope\n   --> /Users/graysonnocera/.cargo/registry/src/index.crates.io-6f17d22bba15001f/vec_map-0.8.2/src/lib.rs:410:32\n    |\n410 |         let filter: fn((usize, Option<V>)) -> Option<(usize, V)> = filter; // coerce to fn ptr\n    |                                ^^^^^^ not found in this scope\n\nerror[E0412]: cannot find type `Option` in this scope\n   --> /Users/graysonnocera/.cargo/registry/src/index.crates.io-6f17d22bba15001f/vec_map-0.8.2/src/lib.rs:410:47\n    |\n410 |         let filter: fn((usize, Option<V>)) -> Option<(usize, V)> = filter; // coerce to fn ptr\n    |                                               ^^^^^^ not found in this scope\n\nerror[E0412]: cannot find type `Option` in this scope\n   --> /Users/graysonnocera/.cargo/registry/src/index.crates.io-6f17d22bba15001f/vec_map-0.8.2/src/lib.rs:474:38\n    |\n474 |     pub fn get(&self, key: usize) -> Option<&V> {\n    |                                      ^^^^^^ not found in this scope\n\nerror[E0425]: cannot find value `None` in this scope\n   --> /Users/graysonnocera/.cargo/registry/src/index.crates.io-6f17d22bba15001f/vec_map-0.8.2/src/lib.rs:478:13\n    |\n478 |             None\n    |             ^^^^ not found in this scope\n\nerror[E0412]: cannot find type `Option` in this scope\n   --> /Users/graysonnocera/.cargo/registry/src/index.crates.io-6f17d22bba15001f/vec_map-0.8.2/src/lib.rs:513:46\n    |\n513 |     pub fn get_mut(&mut self, key: usize) -> Option<&mut V> {\n    |                                              ^^^^^^ not found in this scope\n\nerror[E0425]: cannot find value `None` in this scope\n   --> /Users/graysonnocera/.cargo/registry/src/index.crates.io-6f17d22bba15001f/vec_map-0.8.2/src/lib.rs:517:13\n    |\n517 |             None\n    |             ^^^^ not found in this scope\n\nerror[E0412]: cannot find type `Option` in this scope\n   --> /Users/graysonnocera/.cargo/registry/src/index.crates.io-6f17d22bba15001f/vec_map-0.8.2/src/lib.rs:537:55\n    |\n537 |     pub fn insert(&mut self, key: usize, value: V) -> Option<V> {\n    |                                                       ^^^^^^ not found in this scope\n\nerror[E0425]: cannot find value `None` in this scope\n   --> /Users/graysonnocera/.cargo/registry/src/index.crates.io-6f17d22bba15001f/vec_map-0.8.2/src/lib.rs:540:54\n    |\n540 |             self.v.extend((0..key - len + 1).map(|_| None));\n    |                                                      ^^^^ not found in this scope\n\nerror[E0412]: cannot find type `Option` in this scope\n   --> /Users/graysonnocera/.cargo/registry/src/index.crates.io-6f17d22bba15001f/vec_map-0.8.2/src/lib.rs:562:45\n    |\n562 |     pub fn remove(&mut self, key: usize) -> Option<V> {\n    |                                             ^^^^^^ not found in this scope\n\nerror[E0425]: cannot find value `None` in this scope\n   --> /Users/graysonnocera/.cargo/registry/src/index.crates.io-6f17d22bba15001f/vec_map-0.8.2/src/lib.rs:564:20\n    |\n564 |             return None;\n    |                    ^^^^ not found in this scope\n\nerror[E0405]: cannot find trait `FnMut` in this scope\n   --> /Users/graysonnocera/.cargo/registry/src/index.crates.io-6f17d22bba15001f/vec_map-0.8.2/src/lib.rs:622:18\n    |\n622 |         where F: FnMut(usize, &mut V) -> bool\n    |                  ^^^^^ not found in this scope\n\nerror[E0531]: cannot find tuple struct or tuple variant `Some` in this scope\n   --> /Users/graysonnocera/.cargo/registry/src/index.crates.io-6f17d22bba15001f/vec_map-0.8.2/src/lib.rs:626:17\n    |\n626 |                 Some(ref mut value) => !f(i, value),\n    |                 ^^^^ not found in this scope\n\nerror[E0425]: cannot find value `None` in this scope\n   --> /Users/graysonnocera/.cargo/registry/src/index.crates.io-6f17d22bba15001f/vec_map-0.8.2/src/lib.rs:630:22\n    |\n630 |                 *e = None;\n    |                      ^^^^ not found in this scope\n\nerror[E0405]: cannot find trait `FnOnce` in this scope\n   --> /Users/graysonnocera/.cargo/registry/src/index.crates.io-6f17d22bba15001f/vec_map-0.8.2/src/lib.rs:650:30\n    |\n650 |     pub fn or_insert_with<F: FnOnce() -> V>(self, default: F) -> &'a mut V {\n    |                              ^^^^^^ not found in this scope\n\nerror[E0405]: cannot find trait `Clone` in this scope\n   --> /Users/graysonnocera/.cargo/registry/src/index.crates.io-6f17d22bba15001f/vec_map-0.8.2/src/lib.rs:701:16\n    |\n701 | impl<V: Clone> Clone for VecMap<V> {\n    |                ^^^^^ not found in this scope\n\nerror[E0405]: cannot find trait `Clone` in this scope\n   --> /Users/graysonnocera/.cargo/registry/src/index.crates.io-6f17d22bba15001f/vec_map-0.8.2/src/lib.rs:701:9\n    |\n701 | impl<V: Clone> Clone for VecMap<V> {\n    |         ^^^^^ not found in this scope\n\nerror[E0405]: cannot find trait `PartialEq` in this scope\n   --> /Users/graysonnocera/.cargo/registry/src/index.crates.io-6f17d22bba15001f/vec_map-0.8.2/src/lib.rs:714:20\n    |\n714 | impl<V: PartialEq> PartialEq for VecMap<V> {\n    |                    ^^^^^^^^^ not found in this scope\n\nerror[E0405]: cannot find trait `PartialEq` in this scope\n   --> /Users/graysonnocera/.cargo/registry/src/index.crates.io-6f17d22bba15001f/vec_map-0.8.2/src/lib.rs:714:9\n    |\n714 | impl<V: PartialEq> PartialEq for VecMap<V> {\n    |         ^^^^^^^^^ not found in this scope\n\nerror[E0405]: cannot find trait `Eq` in this scope\n   --> /Users/graysonnocera/.cargo/registry/src/index.crates.io-6f17d22bba15001f/vec_map-0.8.2/src/lib.rs:720:13\n    |\n720 | impl<V: Eq> Eq for VecMap<V> {}\n    |             ^^ not found in this scope\n\nerror[E0405]: cannot find trait `Eq` in this scope\n   --> /Users/graysonnocera/.cargo/registry/src/index.crates.io-6f17d22bba15001f/vec_map-0.8.2/src/lib.rs:720:9\n    |\n720 | impl<V: Eq> Eq for VecMap<V> {}\n    |         ^^ not found in this scope\n\nerror[E0405]: cannot find trait `PartialOrd` in this scope\n   --> /Users/graysonnocera/.cargo/registry/src/index.crates.io-6f17d22bba15001f/vec_map-0.8.2/src/lib.rs:722:21\n    |\n722 | impl<V: PartialOrd> PartialOrd for VecMap<V> {\n    |                     ^^^^^^^^^^ not found in this scope\n\nerror[E0405]: cannot find trait `PartialOrd` in this scope\n   --> /Users/graysonnocera/.cargo/registry/src/index.crates.io-6f17d22bba15001f/vec_map-0.8.2/src/lib.rs:722:9\n    |\n722 | impl<V: PartialOrd> PartialOrd for VecMap<V> {\n    |         ^^^^^^^^^^ not found in this scope\n\nerror[E0412]: cannot find type `Option` in this scope\n   --> /Users/graysonnocera/.cargo/registry/src/index.crates.io-6f17d22bba15001f/vec_map-0.8.2/src/lib.rs:724:44\n    |\n724 |     fn partial_cmp(&self, other: &Self) -> Option<Ordering> {\n    |                                            ^^^^^^ not found in this scope\n\nerror[E0405]: cannot find trait `Ord` in this scope\n   --> /Users/graysonnocera/.cargo/registry/src/index.crates.io-6f17d22bba15001f/vec_map-0.8.2/src/lib.rs:729:14\n    |\n729 | impl<V: Ord> Ord for VecMap<V> {\n    |              ^^^ not found in this scope\n\nerror[E0405]: cannot find trait `Ord` in this scope\n   --> /Users/graysonnocera/.cargo/registry/src/index.crates.io-6f17d22bba15001f/vec_map-0.8.2/src/lib.rs:729:9\n    |\n729 | impl<V: Ord> Ord for VecMap<V> {\n    |         ^^^ not found in this scope\n\nerror[E0405]: cannot find trait `IntoIterator` in this scope\n   --> /Users/graysonnocera/.cargo/registry/src/index.crates.io-6f17d22bba15001f/vec_map-0.8.2/src/lib.rs:743:21\n    |\n743 |     fn from_iter<I: IntoIterator<Item = (usize, V)>>(iter: I) -> Self {\n    |                     ^^^^^^^^^^^^ not found in this scope\n\nerror[E0405]: cannot find trait `IntoIterator` in this scope\n   --> /Users/graysonnocera/.cargo/registry/src/index.crates.io-6f17d22bba15001f/vec_map-0.8.2/src/lib.rs:750:9\n    |\n750 | impl<T> IntoIterator for VecMap<T> {\n    |         ^^^^^^^^^^^^ not found in this scope\n\nerror[E0405]: cannot find trait `IntoIterator` in this scope\n   --> /Users/graysonnocera/.cargo/registry/src/index.crates.io-6f17d22bba15001f/vec_map-0.8.2/src/lib.rs:781:13\n    |\n781 | impl<'a, T> IntoIterator for &'a VecMap<T> {\n    |             ^^^^^^^^^^^^ not found in this scope\n\nerror[E0405]: cannot find trait `IntoIterator` in this scope\n   --> /Users/graysonnocera/.cargo/registry/src/index.crates.io-6f17d22bba15001f/vec_map-0.8.2/src/lib.rs:790:13\n    |\n790 | impl<'a, T> IntoIterator for &'a mut VecMap<T> {\n    |             ^^^^^^^^^^^^ not found in this scope\n\nerror[E0405]: cannot find trait `Extend` in this scope\n   --> /Users/graysonnocera/.cargo/registry/src/index.crates.io-6f17d22bba15001f/vec_map-0.8.2/src/lib.rs:799:9\n    |\n799 | impl<V> Extend<(usize, V)> for VecMap<V> {\n    |         ^^^^^^ not found in this scope\n\nerror[E0405]: cannot find trait `IntoIterator` in this scope\n   --> /Users/graysonnocera/.cargo/registry/src/index.crates.io-6f17d22bba15001f/vec_map-0.8.2/src/lib.rs:800:18\n    |\n800 |     fn extend<I: IntoIterator<Item = (usize, V)>>(&mut self, iter: I) {\n    |                  ^^^^^^^^^^^^ not found in this scope\n\nerror[E0405]: cannot find trait `Extend` in this scope\n   --> /Users/graysonnocera/.cargo/registry/src/index.crates.io-6f17d22bba15001f/vec_map-0.8.2/src/lib.rs:807:19\n    |\n807 | impl<'a, V: Copy> Extend<(usize, &'a V)> for VecMap<V> {\n    |                   ^^^^^^ not found in this scope\n\nerror[E0405]: cannot find trait `Copy` in this scope\n   --> /Users/graysonnocera/.cargo/registry/src/index.crates.io-6f17d22bba15001f/vec_map-0.8.2/src/lib.rs:807:13\n    |\n807 | impl<'a, V: Copy> Extend<(usize, &'a V)> for VecMap<V> {\n    |             ^^^^ not found in this scope\n\nerror[E0405]: cannot find trait `IntoIterator` in this scope\n   --> /Users/graysonnocera/.cargo/registry/src/index.crates.io-6f17d22bba15001f/vec_map-0.8.2/src/lib.rs:808:18\n    |\n808 |     fn extend<I: IntoIterator<Item = (usize, &'a V)>>(&mut self, iter: I) {\n    |                  ^^^^^^^^^^^^ not found in this scope\n\nerror[E0412]: cannot find type `Option` in this scope\n   --> /Users/graysonnocera/.cargo/registry/src/index.crates.io-6f17d22bba15001f/vec_map-0.8.2/src/lib.rs:900:27\n    |\n900 |     iter: slice::Iter<'a, Option<V>>\n    |                           ^^^^^^ not found in this scope\n\nerror[E0405]: cannot find trait `Clone` in this scope\n   --> /Users/graysonnocera/.cargo/registry/src/index.crates.io-6f17d22bba15001f/vec_map-0.8.2/src/lib.rs:904:13\n    |\n904 | impl<'a, V> Clone for Iter<'a, V> {\n    |             ^^^^^ not found in this scope\n\nerror[E0405]: cannot find trait `Iterator` in this scope\n   --> /Users/graysonnocera/.cargo/registry/src/index.crates.io-6f17d22bba15001f/vec_map-0.8.2/src/lib.rs:847:21\n    |\n847 |         impl<'a, V> Iterator for $name<'a, V> {\n    |                     ^^^^^^^^ not found in this scope\n...\n916 | iterator! { impl Iter -> (usize, &'a V), as_ref }\n    | ------------------------------------------------- in this macro invocation\n    |\n    = note: this error originates in the macro `iterator` (in Nightly builds, run with -Z macro-backtrace for more info)\n\nerror[E0412]: cannot find type `Option` in this scope\n   --> /Users/graysonnocera/.cargo/registry/src/index.crates.io-6f17d22bba15001f/vec_map-0.8.2/src/lib.rs:851:35\n    |\n851 |             fn next(&mut self) -> Option<$elem> {\n    |                                   ^^^^^^ not found in this scope\n...\n916 | iterator! { impl Iter -> (usize, &'a V), as_ref }\n    | ------------------------------------------------- in this macro invocation\n    |\n    = note: this error originates in the macro `iterator` (in Nightly builds, run with -Z macro-backtrace for more info)\n\nerror[E0531]: cannot find tuple struct or tuple variant `Some` in this scope\n   --> /Users/graysonnocera/.cargo/registry/src/index.crates.io-6f17d22bba15001f/vec_map-0.8.2/src/lib.rs:853:28\n    |\n853 |                     if let Some(elem) = self.iter.next() {\n    |                            ^^^^ not found in this scope\n...\n916 | iterator! { impl Iter -> (usize, &'a V), as_ref }\n    | ------------------------------------------------- in this macro invocation\n    |\n    = note: this error originates in the macro `iterator` (in Nightly builds, run with -Z macro-backtrace for more info)\n\nerror[E0531]: cannot find tuple struct or tuple variant `Some` in this scope\n   --> /Users/graysonnocera/.cargo/registry/src/index.crates.io-6f17d22bba15001f/vec_map-0.8.2/src/lib.rs:854:32\n    |\n854 |                         if let Some(x) = elem$(. $getter ())+ {\n    |                                ^^^^ not found in this scope\n...\n916 | iterator! { impl Iter -> (usize, &'a V), as_ref }\n    | ------------------------------------------------- in this macro invocation\n    |\n    = note: this error originates in the macro `iterator` (in Nightly builds, run with -Z macro-backtrace for more info)\n\nerror[E0425]: cannot find value `None` in this scope\n   --> /Users/graysonnocera/.cargo/registry/src/index.crates.io-6f17d22bba15001f/vec_map-0.8.2/src/lib.rs:863:17\n    |\n863 |                 None\n    |                 ^^^^ not found in this scope\n...\n916 | iterator! { impl Iter -> (usize, &'a V), as_ref }\n    | ------------------------------------------------- in this macro invocation\n    |\n    = note: this error originates in the macro `iterator` (in Nightly builds, run with -Z macro-backtrace for more info)\n\nerror[E0412]: cannot find type `Option` in this scope\n   --> /Users/graysonnocera/.cargo/registry/src/index.crates.io-6f17d22bba15001f/vec_map-0.8.2/src/lib.rs:867:44\n    |\n867 |             fn size_hint(&self) -> (usize, Option<usize>) {\n    |                                            ^^^^^^ not found in this scope\n...\n916 | iterator! { impl Iter -> (usize, &'a V), as_ref }\n    | ------------------------------------------------- in this macro invocation\n    |\n    = note: this error originates in the macro `iterator` (in Nightly builds, run with -Z macro-backtrace for more info)\n\nerror[E0405]: cannot find trait `ExactSizeIterator` in this scope\n   --> /Users/graysonnocera/.cargo/registry/src/index.crates.io-6f17d22bba15001f/vec_map-0.8.2/src/lib.rs:917:13\n    |\n917 | impl<'a, V> ExactSizeIterator for Iter<'a, V> {}\n    |             ^^^^^^^^^^^^^^^^^ not found in this scope\n\nerror[E0405]: cannot find trait `DoubleEndedIterator` in this scope\n   --> /Users/graysonnocera/.cargo/registry/src/index.crates.io-6f17d22bba15001f/vec_map-0.8.2/src/lib.rs:876:21\n    |\n876 |         impl<'a, V> DoubleEndedIterator for $name<'a, V> {\n    |                     ^^^^^^^^^^^^^^^^^^^ not found in this scope\n...\n918 | double_ended_iterator! { impl Iter -> (usize, &'a V), as_ref }\n    | -------------------------------------------------------------- in this macro invocation\n    |\n    = note: this error originates in the macro `double_ended_iterator` (in Nightly builds, run with -Z macro-backtrace for more info)\n\nerror[E0412]: cannot find type `Option` in this scope\n   --> /Users/graysonnocera/.cargo/registry/src/index.crates.io-6f17d22bba15001f/vec_map-0.8.2/src/lib.rs:878:40\n    |\n878 |             fn next_back(&mut self) -> Option<$elem> {\n    |                                        ^^^^^^ not found in this scope\n...\n918 | double_ended_iterator! { impl Iter -> (usize, &'a V), as_ref }\n    | -------------------------------------------------------------- in this macro invocation\n    |\n    = note: this error originates in the macro `double_ended_iterator` (in Nightly builds, run with -Z macro-backtrace for more info)\n\nerror[E0531]: cannot find tuple struct or tuple variant `Some` in this scope\n   --> /Users/graysonnocera/.cargo/registry/src/index.crates.io-6f17d22bba15001f/vec_map-0.8.2/src/lib.rs:880:28\n    |\n880 |                     if let Some(elem) = self.iter.next_back() {\n    |                            ^^^^ not found in this scope\n...\n918 | double_ended_iterator! { impl Iter -> (usize, &'a V), as_ref }\n    | -------------------------------------------------------------- in this macro invocation\n    |\n    = note: this error originates in the macro `double_ended_iterator` (in Nightly builds, run with -Z macro-backtrace for more info)\n\nerror[E0531]: cannot find tuple struct or tuple variant `Some` in this scope\n   --> /Users/graysonnocera/.cargo/registry/src/index.crates.io-6f17d22bba15001f/vec_map-0.8.2/src/lib.rs:881:32\n    |\n881 |                         if let Some(x) = elem$(. $getter ())+ {\n    |                                ^^^^ not found in this scope\n...\n918 | double_ended_iterator! { impl Iter -> (usize, &'a V), as_ref }\n    | -------------------------------------------------------------- in this macro invocation\n    |\n    = note: this error originates in the macro `double_ended_iterator` (in Nightly builds, run with -Z macro-backtrace for more info)\n\nerror[E0425]: cannot find value `None` in this scope\n   --> /Users/graysonnocera/.cargo/registry/src/index.crates.io-6f17d22bba15001f/vec_map-0.8.2/src/lib.rs:888:17\n    |\n888 |                 None\n    |                 ^^^^ not found in this scope\n...\n918 | double_ended_iterator! { impl Iter -> (usize, &'a V), as_ref }\n    | -------------------------------------------------------------- in this macro invocation\n    |\n    = note: this error originates in the macro `double_ended_iterator` (in Nightly builds, run with -Z macro-backtrace for more info)\n\nerror[E0412]: cannot find type `Option` in this scope\n   --> /Users/graysonnocera/.cargo/registry/src/index.crates.io-6f17d22bba15001f/vec_map-0.8.2/src/lib.rs:927:30\n    |\n927 |     iter: slice::IterMut<'a, Option<V>>\n    |                              ^^^^^^ not found in this scope\n\nerror[E0405]: cannot find trait `Iterator` in this scope\n   --> /Users/graysonnocera/.cargo/registry/src/index.crates.io-6f17d22bba15001f/vec_map-0.8.2/src/lib.rs:847:21\n    |\n847 |         impl<'a, V> Iterator for $name<'a, V> {\n    |                     ^^^^^^^^ not found in this scope\n...\n930 | iterator! { impl IterMut -> (usize, &'a mut V), as_mut }\n    | -------------------------------------------------------- in this macro invocation\n    |\n    = note: this error originates in the macro `iterator` (in Nightly builds, run with -Z macro-backtrace for more info)\n\nerror[E0412]: cannot find type `Option` in this scope\n   --> /Users/graysonnocera/.cargo/registry/src/index.crates.io-6f17d22bba15001f/vec_map-0.8.2/src/lib.rs:851:35\n    |\n851 |             fn next(&mut self) -> Option<$elem> {\n    |                                   ^^^^^^ not found in this scope\n...\n930 | iterator! { impl IterMut -> (usize, &'a mut V), as_mut }\n    | -------------------------------------------------------- in this macro invocation\n    |\n    = note: this error originates in the macro `iterator` (in Nightly builds, run with -Z macro-backtrace for more info)\n\nerror[E0531]: cannot find tuple struct or tuple variant `Some` in this scope\n   --> /Users/graysonnocera/.cargo/registry/src/index.crates.io-6f17d22bba15001f/vec_map-0.8.2/src/lib.rs:853:28\n    |\n853 |                     if let Some(elem) = self.iter.next() {\n    |                            ^^^^ not found in this scope\n...\n930 | iterator! { impl IterMut -> (usize, &'a mut V), as_mut }\n    | -------------------------------------------------------- in this macro invocation\n    |\n    = note: this error originates in the macro `iterator` (in Nightly builds, run with -Z macro-backtrace for more info)\n\nerror[E0531]: cannot find tuple struct or tuple variant `Some` in this scope\n   --> /Users/graysonnocera/.cargo/registry/src/index.crates.io-6f17d22bba15001f/vec_map-0.8.2/src/lib.rs:854:32\n    |\n854 |                         if let Some(x) = elem$(. $getter ())+ {\n    |                                ^^^^ not found in this scope\n...\n930 | iterator! { impl IterMut -> (usize, &'a mut V), as_mut }\n    | -------------------------------------------------------- in this macro invocation\n    |\n    = note: this error originates in the macro `iterator` (in Nightly builds, run with -Z macro-backtrace for more info)\n\nerror[E0425]: cannot find value `None` in this scope\n   --> /Users/graysonnocera/.cargo/registry/src/index.crates.io-6f17d22bba15001f/vec_map-0.8.2/src/lib.rs:863:17\n    |\n863 |                 None\n    |                 ^^^^ not found in this scope\n...\n930 | iterator! { impl IterMut -> (usize, &'a mut V), as_mut }\n    | -------------------------------------------------------- in this macro invocation\n    |\n    = note: this error originates in the macro `iterator` (in Nightly builds, run with -Z macro-backtrace for more info)\n\nerror[E0412]: cannot find type `Option` in this scope\n   --> /Users/graysonnocera/.cargo/registry/src/index.crates.io-6f17d22bba15001f/vec_map-0.8.2/src/lib.rs:867:44\n    |\n867 |             fn size_hint(&self) -> (usize, Option<usize>) {\n    |                                            ^^^^^^ not found in this scope\n...\n930 | iterator! { impl IterMut -> (usize, &'a mut V), as_mut }\n    | -------------------------------------------------------- in this macro invocation\n    |\n    = note: this error originates in the macro `iterator` (in Nightly builds, run with -Z macro-backtrace for more info)\n\nerror[E0405]: cannot find trait `ExactSizeIterator` in this scope\n   --> /Users/graysonnocera/.cargo/registry/src/index.crates.io-6f17d22bba15001f/vec_map-0.8.2/src/lib.rs:931:13\n    |\n931 | impl<'a, V> ExactSizeIterator for IterMut<'a, V> {}\n    |             ^^^^^^^^^^^^^^^^^ not found in this scope\n\nerror[E0405]: cannot find trait `DoubleEndedIterator` in this scope\n   --> /Users/graysonnocera/.cargo/registry/src/index.crates.io-6f17d22bba15001f/vec_map-0.8.2/src/lib.rs:876:21\n    |\n876 |         impl<'a, V> DoubleEndedIterator for $name<'a, V> {\n    |                     ^^^^^^^^^^^^^^^^^^^ not found in this scope\n...\n932 | double_ended_iterator! { impl IterMut -> (usize, &'a mut V), as_mut }\n    | --------------------------------------------------------------------- in this macro invocation\n    |\n    = note: this error originates in the macro `double_ended_iterator` (in Nightly builds, run with -Z macro-backtrace for more info)\n\nerror[E0412]: cannot find type `Option` in this scope\n   --> /Users/graysonnocera/.cargo/registry/src/index.crates.io-6f17d22bba15001f/vec_map-0.8.2/src/lib.rs:878:40\n    |\n878 |             fn next_back(&mut self) -> Option<$elem> {\n    |                                        ^^^^^^ not found in this scope\n...\n932 | double_ended_iterator! { impl IterMut -> (usize, &'a mut V), as_mut }\n    | --------------------------------------------------------------------- in this macro invocation\n    |\n    = note: this error originates in the macro `double_ended_iterator` (in Nightly builds, run with -Z macro-backtrace for more info)\n\nerror[E0531]: cannot find tuple struct or tuple variant `Some` in this scope\n   --> /Users/graysonnocera/.cargo/registry/src/index.crates.io-6f17d22bba15001f/vec_map-0.8.2/src/lib.rs:880:28\n    |\n880 |                     if let Some(elem) = self.iter.next_back() {\n    |                            ^^^^ not found in this scope\n...\n932 | double_ended_iterator! { impl IterMut -> (usize, &'a mut V), as_mut }\n    | --------------------------------------------------------------------- in this macro invocation\n    |\n    = note: this error originates in the macro `double_ended_iterator` (in Nightly builds, run with -Z macro-backtrace for more info)\n\nerror[E0531]: cannot find tuple struct or tuple variant `Some` in this scope\n   --> /Users/graysonnocera/.cargo/registry/src/index.crates.io-6f17d22bba15001f/vec_map-0.8.2/src/lib.rs:881:32\n    |\n881 |                         if let Some(x) = elem$(. $getter ())+ {\n    |                                ^^^^ not found in this scope\n...\n932 | double_ended_iterator! { impl IterMut -> (usize, &'a mut V), as_mut }\n    | --------------------------------------------------------------------- in this macro invocation\n    |\n    = note: this error originates in the macro `double_ended_iterator` (in Nightly builds, run with -Z macro-backtrace for more info)\n\nerror[E0425]: cannot find value `None` in this scope\n   --> /Users/graysonnocera/.cargo/registry/src/index.crates.io-6f17d22bba15001f/vec_map-0.8.2/src/lib.rs:888:17\n    |\n888 |                 None\n    |                 ^^^^ not found in this scope\n...\n932 | double_ended_iterator! { impl IterMut -> (usize, &'a mut V), as_mut }\n    | --------------------------------------------------------------------- in this macro invocation\n    |\n    = note: this error originates in the macro `double_ended_iterator` (in Nightly builds, run with -Z macro-backtrace for more info)\n\nerror[E0405]: cannot find trait `Clone` in this scope\n   --> /Users/graysonnocera/.cargo/registry/src/index.crates.io-6f17d22bba15001f/vec_map-0.8.2/src/lib.rs:940:13\n    |\n940 | impl<'a, V> Clone for Keys<'a, V> {\n    |             ^^^^^ not found in this scope\n\nerror[E0405]: cannot find trait `Clone` in this scope\n   --> /Users/graysonnocera/.cargo/registry/src/index.crates.io-6f17d22bba15001f/vec_map-0.8.2/src/lib.rs:954:13\n    |\n954 | impl<'a, V> Clone for Values<'a, V> {\n    |             ^^^^^ not found in this scope\n\nerror[E0412]: cannot find type `Option` in this scope\n   --> /Users/graysonnocera/.cargo/registry/src/index.crates.io-6f17d22bba15001f/vec_map-0.8.2/src/lib.rs:971:35\n    |\n971 |     iter: Enumerate<vec::IntoIter<Option<V>>>,\n    |                                   ^^^^^^ not found in this scope\n\nerror[E0412]: cannot find type `Option` in this scope\n   --> /Users/graysonnocera/.cargo/registry/src/index.crates.io-6f17d22bba15001f/vec_map-0.8.2/src/lib.rs:977:30\n    |\n977 |     Enumerate<vec::Drain<'a, Option<V>>>,\n    |                              ^^^^^^ not found in this scope\n\nerror[E0412]: cannot find type `Option` in this scope\n   --> /Users/graysonnocera/.cargo/registry/src/index.crates.io-6f17d22bba15001f/vec_map-0.8.2/src/lib.rs:978:16\n    |\n978 |     fn((usize, Option<V>)) -> Option<(usize, V)>>\n    |                ^^^^^^ not found in this scope\n\nerror[E0412]: cannot find type `Option` in this scope\n   --> /Users/graysonnocera/.cargo/registry/src/index.crates.io-6f17d22bba15001f/vec_map-0.8.2/src/lib.rs:978:31\n    |\n978 |     fn((usize, Option<V>)) -> Option<(usize, V)>>\n    |                               ^^^^^^ not found in this scope\n\nerror[E0405]: cannot find trait `Iterator` in this scope\n   --> /Users/graysonnocera/.cargo/registry/src/index.crates.io-6f17d22bba15001f/vec_map-0.8.2/src/lib.rs:981:13\n    |\n981 | impl<'a, V> Iterator for Drain<'a, V> {\n    |             ^^^^^^^^ not found in this scope\n\nerror[E0412]: cannot find type `Option` in this scope\n   --> /Users/graysonnocera/.cargo/registry/src/index.crates.io-6f17d22bba15001f/vec_map-0.8.2/src/lib.rs:984:27\n    |\n984 |     fn next(&mut self) -> Option<(usize, V)> { self.iter.next() }\n    |                           ^^^^^^ not found in this scope\n\nerror[E0412]: cannot find type `Option` in this scope\n   --> /Users/graysonnocera/.cargo/registry/src/index.crates.io-6f17d22bba15001f/vec_map-0.8.2/src/lib.rs:985:36\n    |\n985 |     fn size_hint(&self) -> (usize, Option<usize>) { self.iter.size_hint() }\n    |                                    ^^^^^^ not found in this scope\n\nerror[E0405]: cannot find trait `ExactSizeIterator` in this scope\n   --> /Users/graysonnocera/.cargo/registry/src/index.crates.io-6f17d22bba15001f/vec_map-0.8.2/src/lib.rs:988:13\n    |\n988 | impl<'a, V> ExactSizeIterator for Drain<'a, V> {}\n    |             ^^^^^^^^^^^^^^^^^ not found in this scope\n\nerror[E0405]: cannot find trait `DoubleEndedIterator` in this scope\n   --> /Users/graysonnocera/.cargo/registry/src/index.crates.io-6f17d22bba15001f/vec_map-0.8.2/src/lib.rs:990:13\n    |\n990 | impl<'a, V> DoubleEndedIterator for Drain<'a, V> {\n    |             ^^^^^^^^^^^^^^^^^^^ not found in this scope\n\nerror[E0412]: cannot find type `Option` in this scope\n   --> /Users/graysonnocera/.cargo/registry/src/index.crates.io-6f17d22bba15001f/vec_map-0.8.2/src/lib.rs:991:32\n    |\n991 |     fn next_back(&mut self) -> Option<(usize, V)> { self.iter.next_back() }\n    |                                ^^^^^^ not found in this scope\n\nerror[E0405]: cannot find trait `Iterator` in this scope\n   --> /Users/graysonnocera/.cargo/registry/src/index.crates.io-6f17d22bba15001f/vec_map-0.8.2/src/lib.rs:994:13\n    |\n994 | impl<'a, V> Iterator for Keys<'a, V> {\n    |             ^^^^^^^^ not found in this scope\n\nerror[E0412]: cannot find type `Option` in this scope\n   --> /Users/graysonnocera/.cargo/registry/src/index.crates.io-6f17d22bba15001f/vec_map-0.8.2/src/lib.rs:997:27\n    |\n997 |     fn next(&mut self) -> Option<usize> { self.iter.next().map(|e| e.0) }\n    |                           ^^^^^^ not found in this scope\n\nerror[E0412]: cannot find type `Option` in this scope\n   --> /Users/graysonnocera/.cargo/registry/src/index.crates.io-6f17d22bba15001f/vec_map-0.8.2/src/lib.rs:998:36\n    |\n998 |     fn size_hint(&self) -> (usize, Option<usize>) { self.iter.size_hint() }\n    |                                    ^^^^^^ not found in this scope\n\nerror[E0405]: cannot find trait `ExactSizeIterator` in this scope\n    --> /Users/graysonnocera/.cargo/registry/src/index.crates.io-6f17d22bba15001f/vec_map-0.8.2/src/lib.rs:1001:13\n     |\n1001 | impl<'a, V> ExactSizeIterator for Keys<'a, V> {}\n     |             ^^^^^^^^^^^^^^^^^ not found in this scope\n\nerror[E0405]: cannot find trait `DoubleEndedIterator` in this scope\n    --> /Users/graysonnocera/.cargo/registry/src/index.crates.io-6f17d22bba15001f/vec_map-0.8.2/src/lib.rs:1003:13\n     |\n1003 | impl<'a, V> DoubleEndedIterator for Keys<'a, V> {\n     |             ^^^^^^^^^^^^^^^^^^^ not found in this scope\n\nerror[E0412]: cannot find type `Option` in this scope\n    --> /Users/graysonnocera/.cargo/registry/src/index.crates.io-6f17d22bba15001f/vec_map-0.8.2/src/lib.rs:1004:32\n     |\n1004 |     fn next_back(&mut self) -> Option<usize> { self.iter.next_back().map(|e| e.0) }\n     |                                ^^^^^^ not found in this scope\n\nerror[E0405]: cannot find trait `Iterator` in this scope\n    --> /Users/graysonnocera/.cargo/registry/src/index.crates.io-6f17d22bba15001f/vec_map-0.8.2/src/lib.rs:1007:13\n     |\n1007 | impl<'a, V> Iterator for Values<'a, V> {\n     |             ^^^^^^^^ not found in this scope\n\nerror[E0412]: cannot find type `Option` in this scope\n    --> /Users/graysonnocera/.cargo/registry/src/index.crates.io-6f17d22bba15001f/vec_map-0.8.2/src/lib.rs:1010:27\n     |\n1010 |     fn next(&mut self) -> Option<(&'a V)> { self.iter.next().map(|e| e.1) }\n     |                           ^^^^^^ not found in this scope\n\nerror[E0412]: cannot find type `Option` in this scope\n    --> /Users/graysonnocera/.cargo/registry/src/index.crates.io-6f17d22bba15001f/vec_map-0.8.2/src/lib.rs:1011:36\n     |\n1011 |     fn size_hint(&self) -> (usize, Option<usize>) { self.iter.size_hint() }\n     |                                    ^^^^^^ not found in this scope\n\nerror[E0405]: cannot find trait `ExactSizeIterator` in this scope\n    --> /Users/graysonnocera/.cargo/registry/src/index.crates.io-6f17d22bba15001f/vec_map-0.8.2/src/lib.rs:1014:13\n     |\n1014 | impl<'a, V> ExactSizeIterator for Values<'a, V> {}\n     |             ^^^^^^^^^^^^^^^^^ not found in this scope\n\nerror[E0405]: cannot find trait `DoubleEndedIterator` in this scope\n    --> /Users/graysonnocera/.cargo/registry/src/index.crates.io-6f17d22bba15001f/vec_map-0.8.2/src/lib.rs:1016:13\n     |\n1016 | impl<'a, V> DoubleEndedIterator for Values<'a, V> {\n     |             ^^^^^^^^^^^^^^^^^^^ not found in this scope\n\nerror[E0412]: cannot find type `Option` in this scope\n    --> /Users/graysonnocera/.cargo/registry/src/index.crates.io-6f17d22bba15001f/vec_map-0.8.2/src/lib.rs:1017:32\n     |\n1017 |     fn next_back(&mut self) -> Option<(&'a V)> { self.iter.next_back().map(|e| e.1) }\n     |                                ^^^^^^ not found in this scope\n\nerror[E0405]: cannot find trait `Iterator` in this scope\n    --> /Users/graysonnocera/.cargo/registry/src/index.crates.io-6f17d22bba15001f/vec_map-0.8.2/src/lib.rs:1020:13\n     |\n1020 | impl<'a, V> Iterator for ValuesMut<'a, V> {\n     |             ^^^^^^^^ not found in this scope\n\nerror[E0412]: cannot find type `Option` in this scope\n    --> /Users/graysonnocera/.cargo/registry/src/index.crates.io-6f17d22bba15001f/vec_map-0.8.2/src/lib.rs:1023:27\n     |\n1023 |     fn next(&mut self) -> Option<(&'a mut V)> { self.iter_mut.next().map(|e| e.1) }\n     |                           ^^^^^^ not found in this scope\n\nerror[E0412]: cannot find type `Option` in this scope\n    --> /Users/graysonnocera/.cargo/registry/src/index.crates.io-6f17d22bba15001f/vec_map-0.8.2/src/lib.rs:1024:36\n     |\n1024 |     fn size_hint(&self) -> (usize, Option<usize>) { self.iter_mut.size_hint() }\n     |                                    ^^^^^^ not found in this scope\n\nerror[E0405]: cannot find trait `ExactSizeIterator` in this scope\n    --> /Users/graysonnocera/.cargo/registry/src/index.crates.io-6f17d22bba15001f/vec_map-0.8.2/src/lib.rs:1027:13\n     |\n1027 | impl<'a, V> ExactSizeIterator for ValuesMut<'a, V> {}\n     |             ^^^^^^^^^^^^^^^^^ not found in this scope\n\nerror[E0405]: cannot find trait `DoubleEndedIterator` in this scope\n    --> /Users/graysonnocera/.cargo/registry/src/index.crates.io-6f17d22bba15001f/vec_map-0.8.2/src/lib.rs:1029:13\n     |\n1029 | impl<'a, V> DoubleEndedIterator for ValuesMut<'a, V> {\n     |             ^^^^^^^^^^^^^^^^^^^ not found in this scope\n\nerror[E0412]: cannot find type `Option` in this scope\n    --> /Users/graysonnocera/.cargo/registry/src/index.crates.io-6f17d22bba15001f/vec_map-0.8.2/src/lib.rs:1030:32\n     |\n1030 |     fn next_back(&mut self) -> Option<&'a mut V> { self.iter_mut.next_back().map(|e| e.1) }\n     |                                ^^^^^^ not found in this scope\n\nerror[E0405]: cannot find trait `Iterator` in this scope\n    --> /Users/graysonnocera/.cargo/registry/src/index.crates.io-6f17d22bba15001f/vec_map-0.8.2/src/lib.rs:1033:9\n     |\n1033 | impl<V> Iterator for IntoIter<V> {\n     |         ^^^^^^^^ not found in this scope\n\nerror[E0412]: cannot find type `Option` in this scope\n    --> /Users/graysonnocera/.cargo/registry/src/index.crates.io-6f17d22bba15001f/vec_map-0.8.2/src/lib.rs:1036:27\n     |\n1036 |     fn next(&mut self) -> Option<(usize, V)> {\n     |                           ^^^^^^ not found in this scope\n\nerror[E0531]: cannot find tuple struct or tuple variant `Some` in this scope\n    --> /Users/graysonnocera/.cargo/registry/src/index.crates.io-6f17d22bba15001f/vec_map-0.8.2/src/lib.rs:1040:17\n     |\n1040 |                 Some((i, Some(value))) => {\n     |                 ^^^^ not found in this scope\n\nerror[E0531]: cannot find tuple struct or tuple variant `Some` in this scope\n    --> /Users/graysonnocera/.cargo/registry/src/index.crates.io-6f17d22bba15001f/vec_map-0.8.2/src/lib.rs:1040:26\n     |\n1040 |                 Some((i, Some(value))) => {\n     |                          ^^^^ not found in this scope\n\nerror[E0412]: cannot find type `Option` in this scope\n    --> /Users/graysonnocera/.cargo/registry/src/index.crates.io-6f17d22bba15001f/vec_map-0.8.2/src/lib.rs:1049:36\n     |\n1049 |     fn size_hint(&self) -> (usize, Option<usize>) {\n     |                                    ^^^^^^ not found in this scope\n\nerror[E0405]: cannot find trait `ExactSizeIterator` in this scope\n    --> /Users/graysonnocera/.cargo/registry/src/index.crates.io-6f17d22bba15001f/vec_map-0.8.2/src/lib.rs:1054:9\n     |\n1054 | impl<V> ExactSizeIterator for IntoIter<V> {}\n     |         ^^^^^^^^^^^^^^^^^ not found in this scope\n\nerror[E0405]: cannot find trait `DoubleEndedIterator` in this scope\n    --> /Users/graysonnocera/.cargo/registry/src/index.crates.io-6f17d22bba15001f/vec_map-0.8.2/src/lib.rs:1056:9\n     |\n1056 | impl<V> DoubleEndedIterator for IntoIter<V> {\n     |         ^^^^^^^^^^^^^^^^^^^ not found in this scope\n\nerror[E0412]: cannot find type `Option` in this scope\n    --> /Users/graysonnocera/.cargo/registry/src/index.crates.io-6f17d22bba15001f/vec_map-0.8.2/src/lib.rs:1057:32\n     |\n1057 |     fn next_back(&mut self) -> Option<(usize, V)> {\n     |                                ^^^^^^ not found in this scope\n\nerror[E0531]: cannot find tuple struct or tuple variant `Some` in this scope\n    --> /Users/graysonnocera/.cargo/registry/src/index.crates.io-6f17d22bba15001f/vec_map-0.8.2/src/lib.rs:1061:17\n     |\n1061 |                 Some((i, Some(value))) => return Some((i, value)),\n     |                 ^^^^ not found in this scope\n\nerror[E0531]: cannot find tuple struct or tuple variant `Some` in this scope\n    --> /Users/graysonnocera/.cargo/registry/src/index.crates.io-6f17d22bba15001f/vec_map-0.8.2/src/lib.rs:1061:26\n     |\n1061 |                 Some((i, Some(value))) => return Some((i, value)),\n     |                          ^^^^ not found in this scope\n\nerror[E0405]: cannot find trait `PartialEq` in this scope\n  --> /Users/graysonnocera/.cargo/registry/src/index.crates.io-6f17d22bba15001f/arrayvec-0.4.12/src/array.rs:29:19\n   |\n29 | pub trait Index : PartialEq + Copy {\n   |                   ^^^^^^^^^ not found in this scope\n\nerror[E0405]: cannot find trait `Copy` in this scope\n  --> /Users/graysonnocera/.cargo/registry/src/index.crates.io-6f17d22bba15001f/arrayvec-0.4.12/src/array.rs:29:31\n   |\n29 | pub trait Index : PartialEq + Copy {\n   |                               ^^^^ not found in this scope\n\nerror[E0405]: cannot find trait `Default` in this scope\n  --> /Users/graysonnocera/.cargo/registry/src/index.crates.io-6f17d22bba15001f/arrayvec-0.4.12/src/array_string.rs:34:25\n   |\n34 | impl<A: Array<Item=u8>> Default for ArrayString<A> {\n   |                         ^^^^^^^ not found in this scope\n\nerror[E0412]: cannot find type `Result` in this scope\n  --> /Users/graysonnocera/.cargo/registry/src/index.crates.io-6f17d22bba15001f/arrayvec-0.4.12/src/array_string.rs:78:29\n   |\n78 |     pub fn from(s: &str) -> Result<Self, CapacityError<&str>> {\n   |                             ^^^^^^ not found in this scope\n\nerror[E0412]: cannot find type `Result` in this scope\n  --> /Users/graysonnocera/.cargo/registry/src/index.crates.io-6f17d22bba15001f/arrayvec-0.4.12/src/array_string.rs:93:39\n   |\n93 |     pub fn from_byte_string(b: &A) -> Result<Self, Utf8Error> {\n   |                                       ^^^^^^ not found in this scope\n\nerror[E0412]: cannot find type `Result` in this scope\n   --> /Users/graysonnocera/.cargo/registry/src/index.crates.io-6f17d22bba15001f/arrayvec-0.4.12/src/array_string.rs:160:44\n    |\n160 |     pub fn try_push(&mut self, c: char) -> Result<(), CapacityError<char>> {\n    |                                            ^^^^^^ not found in this scope\n\nerror[E0531]: cannot find tuple struct or tuple variant `Ok` in this scope\n   --> /Users/graysonnocera/.cargo/registry/src/index.crates.io-6f17d22bba15001f/arrayvec-0.4.12/src/array_string.rs:164:17\n    |\n164 |                 Ok(n) => {\n    |                 ^^ not found in this scope\n\nerror[E0531]: cannot find tuple struct or tuple variant `Err` in this scope\n   --> /Users/graysonnocera/.cargo/registry/src/index.crates.io-6f17d22bba15001f/arrayvec-0.4.12/src/array_string.rs:168:17\n    |\n168 |                 Err(_) => Err(CapacityError::new(c)),\n    |                 ^^^ not found in this scope\n\nerror[E0412]: cannot find type `Result` in this scope\n   --> /Users/graysonnocera/.cargo/registry/src/index.crates.io-6f17d22bba15001f/arrayvec-0.4.12/src/array_string.rs:211:55\n    |\n211 |     pub fn try_push_str<'a>(&mut self, s: &'a str) -> Result<(), CapacityError<&'a str>> {\n    |                                                       ^^^^^^ not found in this scope\n\nerror[E0412]: cannot find type `Option` in this scope\n   --> /Users/graysonnocera/.cargo/registry/src/index.crates.io-6f17d22bba15001f/arrayvec-0.4.12/src/array_string.rs:241:30\n    |\n241 |     pub fn pop(&mut self) -> Option<char> {\n    |                              ^^^^^^ not found in this scope\n\nerror: requires `sized` lang_item\n\nerror[E0531]: cannot find tuple struct or tuple variant `Some` in this scope\n   --> /Users/graysonnocera/.cargo/registry/src/index.crates.io-6f17d22bba15001f/arrayvec-0.4.12/src/array_string.rs:243:13\n    |\n243 |             Some(ch) => ch,\n    |             ^^^^ not found in this scope\n\nerror[E0531]: cannot find tuple struct or tuple variant `Some` in this scope\n   --> /Users/graysonnocera/.cargo/registry/src/index.crates.io-6f17d22bba15001f/arrayvec-0.4.12/src/array_string.rs:303:13\n    |\n303 |             Some(ch) => ch,\n    |             ^^^^ not found in this scope\n\nerror[E0405]: cannot find trait `PartialEq` in this scope\n   --> /Users/graysonnocera/.cargo/registry/src/index.crates.io-6f17d22bba15001f/arrayvec-0.4.12/src/array_string.rs:371:25\n    |\n371 | impl<A: Array<Item=u8>> PartialEq for ArrayString<A> {\n    |                         ^^^^^^^^^ not found in this scope\n\nerror[E0405]: cannot find trait `PartialEq` in this scope\n   --> /Users/graysonnocera/.cargo/registry/src/index.crates.io-6f17d22bba15001f/arrayvec-0.4.12/src/array_string.rs:377:25\n    |\n377 | impl<A: Array<Item=u8>> PartialEq<str> for ArrayString<A> {\n    |                         ^^^^^^^^^ not found in this scope\n\nerror[E0405]: cannot find trait `PartialEq` in this scope\n   --> /Users/graysonnocera/.cargo/registry/src/index.crates.io-6f17d22bba15001f/arrayvec-0.4.12/src/array_string.rs:383:25\n    |\n383 | impl<A: Array<Item=u8>> PartialEq<ArrayString<A>> for str {\n    |                         ^^^^^^^^^ not found in this scope\n\nerror[E0405]: cannot find trait `Eq` in this scope\n   --> /Users/graysonnocera/.cargo/registry/src/index.crates.io-6f17d22bba15001f/arrayvec-0.4.12/src/array_string.rs:389:25\n    |\n389 | impl<A: Array<Item=u8>> Eq for ArrayString<A> { }\n    |                         ^^ not found in this scope\n\nerror[E0405]: cannot find trait `AsRef` in this scope\n   --> /Users/graysonnocera/.cargo/registry/src/index.crates.io-6f17d22bba15001f/arrayvec-0.4.12/src/array_string.rs:401:25\n    |\n401 | impl<A: Array<Item=u8>> AsRef<str> for ArrayString<A> {\n    |                         ^^^^^ not found in this scope\n\nerror[E0405]: cannot find trait `Clone` in this scope\n   --> /Users/graysonnocera/.cargo/registry/src/index.crates.io-6f17d22bba15001f/arrayvec-0.4.12/src/array_string.rs:424:32\n    |\n424 | impl<A: Array<Item=u8> + Copy> Clone for ArrayString<A> {\n    |                                ^^^^^ not found in this scope\n\nerror[E0405]: cannot find trait `Copy` in this scope\n   --> /Users/graysonnocera/.cargo/registry/src/index.crates.io-6f17d22bba15001f/arrayvec-0.4.12/src/array_string.rs:424:26\n    |\n424 | impl<A: Array<Item=u8> + Copy> Clone for ArrayString<A> {\n    |                          ^^^^ not found in this scope\n\nerror[E0405]: cannot find trait `PartialOrd` in this scope\n   --> /Users/graysonnocera/.cargo/registry/src/index.crates.io-6f17d22bba15001f/arrayvec-0.4.12/src/array_string.rs:435:25\n    |\n435 | impl<A: Array<Item=u8>> PartialOrd for ArrayString<A> {\n    |                         ^^^^^^^^^^ not found in this scope\n\nerror[E0412]: cannot find type `Option` in this scope\n   --> /Users/graysonnocera/.cargo/registry/src/index.crates.io-6f17d22bba15001f/arrayvec-0.4.12/src/array_string.rs:436:42\n    |\n436 |     fn partial_cmp(&self, rhs: &Self) -> Option<cmp::Ordering> {\n    |                                          ^^^^^^ not found in this scope\n\nerror: requires `sized` lang_item\n   --> /Users/graysonnocera/.cargo/registry/src/index.crates.io-6f17d22bba15001f/vec_map-0.8.2/src/lib.rs:407:30\n    |\n407 |         fn filter<A>((i, v): (usize, Option<A>)) -> Option<(usize, A)> {\n    |                              ^^^^^^^^^^^^^^^^^^\n\nerror[E0405]: cannot find trait `PartialOrd` in this scope\n   --> /Users/graysonnocera/.cargo/registry/src/index.crates.io-6f17d22bba15001f/arrayvec-0.4.12/src/array_string.rs:445:25\n    |\n445 | impl<A: Array<Item=u8>> PartialOrd<str> for ArrayString<A> {\n    |                         ^^^^^^^^^^ not found in this scope\n\nerror[E0412]: cannot find type `Option` in this scope\n   --> /Users/graysonnocera/.cargo/registry/src/index.crates.io-6f17d22bba15001f/arrayvec-0.4.12/src/array_string.rs:446:41\n    |\n446 |     fn partial_cmp(&self, rhs: &str) -> Option<cmp::Ordering> {\n    |                                         ^^^^^^ not found in this scope\n\nerror[E0405]: cannot find trait `PartialOrd` in this scope\n   --> /Users/graysonnocera/.cargo/registry/src/index.crates.io-6f17d22bba15001f/arrayvec-0.4.12/src/array_string.rs:455:25\n    |\n455 | impl<A: Array<Item=u8>> PartialOrd<ArrayString<A>> for str {\n    |                         ^^^^^^^^^^ not found in this scope\n\nerror[E0412]: cannot find type `Option` in this scope\n   --> /Users/graysonnocera/.cargo/registry/src/index.crates.io-6f17d22bba15001f/arrayvec-0.4.12/src/array_string.rs:456:52\n    |\n456 |     fn partial_cmp(&self, rhs: &ArrayString<A>) -> Option<cmp::Ordering> {\n    |                                                    ^^^^^^ not found in this scope\n\nerror[E0405]: cannot find trait `Ord` in this scope\n   --> /Users/graysonnocera/.cargo/registry/src/index.crates.io-6f17d22bba15001f/arrayvec-0.4.12/src/array_string.rs:465:25\n    |\n465 | impl<A: Array<Item=u8>> Ord for ArrayString<A> {\n    |                         ^^^ not found in this scope\n\nerror[E0412]: cannot find type `Result` in this scope\n  --> /Users/graysonnocera/.cargo/registry/src/index.crates.io-6f17d22bba15001f/arrayvec-0.4.12/src/char.rs:30:49\n   |\n30 | pub fn encode_utf8(ch: char, buf: &mut [u8]) -> Result<usize, EncodeUtf8Error>\n   |                                                 ^^^^^^ not found in this scope\n\nerror[E0412]: cannot find type `Option` in this scope\n  --> /Users/graysonnocera/.cargo/registry/src/index.crates.io-6f17d22bba15001f/arrayvec-0.4.12/src/range.rs:17:24\n   |\n17 |     fn start(&self) -> Option<usize> { None }\n   |                        ^^^^^^ not found in this scope\n\nerror[E0425]: cannot find value `None` in this scope\n  --> /Users/graysonnocera/.cargo/registry/src/index.crates.io-6f17d22bba15001f/arrayvec-0.4.12/src/range.rs:17:40\n   |\n17 |     fn start(&self) -> Option<usize> { None }\n   |                                        ^^^^ not found in this scope\n\nerror[E0412]: cannot find type `Option` in this scope\n  --> /Users/graysonnocera/.cargo/registry/src/index.crates.io-6f17d22bba15001f/arrayvec-0.4.12/src/range.rs:20:22\n   |\n20 |     fn end(&self) -> Option<usize> { None }\n   |                      ^^^^^^ not found in this scope\n\nerror[E0425]: cannot find value `None` in this scope\n  --> /Users/graysonnocera/.cargo/registry/src/index.crates.io-6f17d22bba15001f/arrayvec-0.4.12/src/range.rs:20:38\n   |\n20 |     fn end(&self) -> Option<usize> { None }\n   |                                      ^^^^ not found in this scope\n\nerror[E0412]: cannot find type `Option` in this scope\n  --> /Users/graysonnocera/.cargo/registry/src/index.crates.io-6f17d22bba15001f/arrayvec-0.4.12/src/range.rs:28:24\n   |\n28 |     fn start(&self) -> Option<usize> { Some(self.start) }\n   |                        ^^^^^^ not found in this scope\n\nerror[E0412]: cannot find type `Option` in this scope\n  --> /Users/graysonnocera/.cargo/registry/src/index.crates.io-6f17d22bba15001f/arrayvec-0.4.12/src/range.rs:33:22\n   |\n33 |     fn end(&self) -> Option<usize> { Some(self.end) }\n   |                      ^^^^^^ not found in this scope\n\nerror[E0412]: cannot find type `Option` in this scope\n  --> /Users/graysonnocera/.cargo/registry/src/index.crates.io-6f17d22bba15001f/arrayvec-0.4.12/src/range.rs:38:24\n   |\n38 |     fn start(&self) -> Option<usize> { Some(self.start) }\n   |                        ^^^^^^ not found in this scope\n\nerror[E0412]: cannot find type `Option` in this scope\n  --> /Users/graysonnocera/.cargo/registry/src/index.crates.io-6f17d22bba15001f/arrayvec-0.4.12/src/range.rs:40:22\n   |\n40 |     fn end(&self) -> Option<usize> { Some(self.end) }\n   |                      ^^^^^^ not found in this scope\n\nerror[E0405]: cannot find trait `Drop` in this scope\n  --> /Users/graysonnocera/.cargo/registry/src/index.crates.io-6f17d22bba15001f/arrayvec-0.4.12/src/lib.rs:97:16\n   |\n97 | impl<A: Array> Drop for ArrayVec<A> {\n   |                ^^^^ not found in this scope\n\nerror[E0412]: cannot find type `Result` in this scope\n   --> /Users/graysonnocera/.cargo/registry/src/index.crates.io-6f17d22bba15001f/arrayvec-0.4.12/src/lib.rs:209:53\n    |\n209 |     pub fn try_push(&mut self, element: A::Item) -> Result<(), CapacityError<A::Item>> {\n    |                                                     ^^^^^^ not found in this scope\n\nerror[E0412]: cannot find type `Result` in this scope\n   --> /Users/graysonnocera/.cargo/registry/src/index.crates.io-6f17d22bba15001f/arrayvec-0.4.12/src/lib.rs:299:69\n    |\n299 |     pub fn try_insert(&mut self, index: usize, element: A::Item) -> Result<(), CapacityError<A::Item>> {\n    |                                                                     ^^^^^^ not found in this scope\n\nerror[E0412]: cannot find type `Option` in this scope\n   --> /Users/graysonnocera/.cargo/registry/src/index.crates.io-6f17d22bba15001f/arrayvec-0.4.12/src/lib.rs:339:30\n    |\n339 |     pub fn pop(&mut self) -> Option<A::Item> {\n    |                              ^^^^^^ not found in this scope\n\nerror[E0425]: cannot find value `None` in this scope\n   --> /Users/graysonnocera/.cargo/registry/src/index.crates.io-6f17d22bba15001f/arrayvec-0.4.12/src/lib.rs:341:20\n    |\n341 |             return None\n    |                    ^^^^ not found in this scope\n\nerror[E0412]: cannot find type `Option` in this scope\n   --> /Users/graysonnocera/.cargo/registry/src/index.crates.io-6f17d22bba15001f/arrayvec-0.4.12/src/lib.rs:393:49\n    |\n393 |     pub fn swap_pop(&mut self, index: usize) -> Option<A::Item> {\n    |                                                 ^^^^^^ not found in this scope\n\nerror[E0425]: cannot find value `None` in this scope\n   --> /Users/graysonnocera/.cargo/registry/src/index.crates.io-6f17d22bba15001f/arrayvec-0.4.12/src/lib.rs:396:20\n    |\n396 |             return None;\n    |                    ^^^^ not found in this scope\n\nerror[E0412]: cannot find type `Option` in this scope\n   --> /Users/graysonnocera/.cargo/registry/src/index.crates.io-6f17d22bba15001f/arrayvec-0.4.12/src/lib.rs:440:47\n    |\n440 |     pub fn pop_at(&mut self, index: usize) -> Option<A::Item> {\n    |                                               ^^^^^^ not found in this scope\n\nerror[E0425]: cannot find value `None` in this scope\n   --> /Users/graysonnocera/.cargo/registry/src/index.crates.io-6f17d22bba15001f/arrayvec-0.4.12/src/lib.rs:442:13\n    |\n442 |             None\n    |             ^^^^ not found in this scope\n\nerror[E0531]: cannot find tuple struct or tuple variant `Some` in this scope\n   --> /Users/graysonnocera/.cargo/registry/src/index.crates.io-6f17d22bba15001f/arrayvec-0.4.12/src/lib.rs:469:19\n    |\n469 |         while let Some(_) = self.pop() { }\n    |                   ^^^^ not found in this scope\n\nerror[E0405]: cannot find trait `FnMut` in this scope\n   --> /Users/graysonnocera/.cargo/registry/src/index.crates.io-6f17d22bba15001f/arrayvec-0.4.12/src/lib.rs:486:18\n    |\n486 |         where F: FnMut(&mut A::Item) -> bool\n    |                  ^^^^^ not found in this scope\n\nerror[E0412]: cannot find type `Result` in this scope\n   --> /Users/graysonnocera/.cargo/registry/src/index.crates.io-6f17d22bba15001f/arrayvec-0.4.12/src/lib.rs:573:32\n    |\n573 |     pub fn into_inner(self) -> Result<A, Self> {\n    |                                ^^^^^^ not found in this scope\n\nerror[E0405]: cannot find trait `From` in this scope\n   --> /Users/graysonnocera/.cargo/registry/src/index.crates.io-6f17d22bba15001f/arrayvec-0.4.12/src/lib.rs:631:16\n    |\n631 | impl<A: Array> From<A> for ArrayVec<A> {\n    |                ^^^^ not found in this scope\n\nerror[E0405]: cannot find trait `IntoIterator` in this scope\n   --> /Users/graysonnocera/.cargo/registry/src/index.crates.io-6f17d22bba15001f/arrayvec-0.4.12/src/lib.rs:649:20\n    |\n649 | impl<'a, A: Array> IntoIterator for &'a ArrayVec<A> {\n    |                    ^^^^^^^^^^^^ not found in this scope\n\nerror[E0405]: cannot find trait `IntoIterator` in this scope\n   --> /Users/graysonnocera/.cargo/registry/src/index.crates.io-6f17d22bba15001f/arrayvec-0.4.12/src/lib.rs:666:20\n    |\n666 | impl<'a, A: Array> IntoIterator for &'a mut ArrayVec<A> {\n    |                    ^^^^^^^^^^^^ not found in this scope\n\nerror[E0405]: cannot find trait `IntoIterator` in this scope\n   --> /Users/graysonnocera/.cargo/registry/src/index.crates.io-6f17d22bba15001f/arrayvec-0.4.12/src/lib.rs:683:16\n    |\n683 | impl<A: Array> IntoIterator for ArrayVec<A> {\n    |                ^^^^^^^^^^^^ not found in this scope\n\nerror[E0405]: cannot find trait `Iterator` in this scope\n   --> /Users/graysonnocera/.cargo/registry/src/index.crates.io-6f17d22bba15001f/arrayvec-0.4.12/src/lib.rs:698:16\n    |\n698 | impl<A: Array> Iterator for IntoIter<A> {\n    |                ^^^^^^^^ not found in this scope\n\nerror[E0392]: lifetime parameter `'a` is never used\n   --> /Users/graysonnocera/.cargo/registry/src/index.crates.io-6f17d22bba15001f/vec_map-0.8.2/src/lib.rs:935:17\n    |\n935 | pub struct Keys<'a, V: 'a> {\n    |                 ^^ unused lifetime parameter\n    |\n    = help: consider removing `'a` or referring to it in a field\n\nerror[E0412]: cannot find type `Option` in this scope\n   --> /Users/graysonnocera/.cargo/registry/src/index.crates.io-6f17d22bba15001f/arrayvec-0.4.12/src/lib.rs:702:27\n    |\n702 |     fn next(&mut self) -> Option<A::Item> {\n    |                           ^^^^^^ not found in this scope\n\nerror[E0392]: type parameter `V` is never used\n   --> /Users/graysonnocera/.cargo/registry/src/index.crates.io-6f17d22bba15001f/vec_map-0.8.2/src/lib.rs:935:21\n    |\n935 | pub struct Keys<'a, V: 'a> {\n    |                     ^ unused type parameter\n936 |     iter: Iter<'a, V>,\n    |                    - `V` is named here, but is likely unused in the containing type\n    |\n    = help: consider removing `V` or referring to it in a field\n\nerror[E0425]: cannot find value `None` in this scope\n   --> /Users/graysonnocera/.cargo/registry/src/index.crates.io-6f17d22bba15001f/arrayvec-0.4.12/src/lib.rs:704:13\n    |\n704 |             None\n    |             ^^^^ not found in this scope\n\nerror[E0392]: lifetime parameter `'a` is never used\n   --> /Users/graysonnocera/.cargo/registry/src/index.crates.io-6f17d22bba15001f/vec_map-0.8.2/src/lib.rs:949:19\n    |\n949 | pub struct Values<'a, V: 'a> {\n    |                   ^^ unused lifetime parameter\n    |\n    = help: consider removing `'a` or referring to it in a field\n\nerror[E0412]: cannot find type `Option` in this scope\n   --> /Users/graysonnocera/.cargo/registry/src/index.crates.io-6f17d22bba15001f/arrayvec-0.4.12/src/lib.rs:714:36\n    |\n714 |     fn size_hint(&self) -> (usize, Option<usize>) {\n    |                                    ^^^^^^ not found in this scope\n\nerror[E0392]: type parameter `V` is never used\n   --> /Users/graysonnocera/.cargo/registry/src/index.crates.io-6f17d22bba15001f/vec_map-0.8.2/src/lib.rs:949:23\n    |\n949 | pub struct Values<'a, V: 'a> {\n    |                       ^ unused type parameter\n950 |     iter: Iter<'a, V>,\n    |                    - `V` is named here, but is likely unused in the containing type\n    |\n    = help: consider removing `V` or referring to it in a field\n\nerror[E0405]: cannot find trait `DoubleEndedIterator` in this scope\n   --> /Users/graysonnocera/.cargo/registry/src/index.crates.io-6f17d22bba15001f/arrayvec-0.4.12/src/lib.rs:720:16\n    |\n720 | impl<A: Array> DoubleEndedIterator for IntoIter<A> {\n    |                ^^^^^^^^^^^^^^^^^^^ not found in this scope\n\nerror[E0392]: lifetime parameter `'a` is never used\n   --> /Users/graysonnocera/.cargo/registry/src/index.crates.io-6f17d22bba15001f/vec_map-0.8.2/src/lib.rs:963:22\n    |\n963 | pub struct ValuesMut<'a, V: 'a> {\n    |                      ^^ unused lifetime parameter\n    |\n    = help: consider removing `'a` or referring to it in a field\n\nerror[E0412]: cannot find type `Option` in this scope\n   --> /Users/graysonnocera/.cargo/registry/src/index.crates.io-6f17d22bba15001f/arrayvec-0.4.12/src/lib.rs:722:32\n    |\n722 |     fn next_back(&mut self) -> Option<A::Item> {\n    |                                ^^^^^^ not found in this scope\n\nerror[E0425]: cannot find value `None` in this scope\n   --> /Users/graysonnocera/.cargo/registry/src/index.crates.io-6f17d22bba15001f/arrayvec-0.4.12/src/lib.rs:724:13\n    |\n724 |             None\n    |             ^^^^ not found in this scope\n\nerror[E0392]: type parameter `V` is never used\n   --> /Users/graysonnocera/.cargo/registry/src/index.crates.io-6f17d22bba15001f/vec_map-0.8.2/src/lib.rs:963:26\n    |\n963 | pub struct ValuesMut<'a, V: 'a> {\n    |                          ^ unused type parameter\n964 |     iter_mut: IterMut<'a, V>,\n    |                           - `V` is named here, but is likely unused in the containing type\n    |\n    = help: consider removing `V` or referring to it in a field\n\nerror[E0405]: cannot find trait `ExactSizeIterator` in this scope\n   --> /Users/graysonnocera/.cargo/registry/src/index.crates.io-6f17d22bba15001f/arrayvec-0.4.12/src/lib.rs:735:16\n    |\n735 | impl<A: Array> ExactSizeIterator for IntoIter<A> { }\n    |                ^^^^^^^^^^^^^^^^^ not found in this scope\n\nerror[E0405]: cannot find trait `Drop` in this scope\n   --> /Users/graysonnocera/.cargo/registry/src/index.crates.io-6f17d22bba15001f/arrayvec-0.4.12/src/lib.rs:737:16\n    |\n737 | impl<A: Array> Drop for IntoIter<A> {\n    |                ^^^^ not found in this scope\n\nerror[E0405]: cannot find trait `Clone` in this scope\n   --> /Users/graysonnocera/.cargo/registry/src/index.crates.io-6f17d22bba15001f/arrayvec-0.4.12/src/lib.rs:752:16\n    |\n752 | impl<A: Array> Clone for IntoIter<A>\n    |                ^^^^^ not found in this scope\n\nerror[E0405]: cannot find trait `Clone` in this scope\n   --> /Users/graysonnocera/.cargo/registry/src/index.crates.io-6f17d22bba15001f/arrayvec-0.4.12/src/lib.rs:754:14\n    |\n754 |     A::Item: Clone,\n    |              ^^^^^ not found in this scope\n\nerror[E0405]: cannot find trait `Sync` in this scope\n   --> /Users/graysonnocera/.cargo/registry/src/index.crates.io-6f17d22bba15001f/arrayvec-0.4.12/src/lib.rs:790:34\n    |\n790 | unsafe impl<'a, A: Array + Sync> Sync for Drain<'a, A> {}\n    |                                  ^^^^ not found in this scope\n\nerror[E0405]: cannot find trait `Sync` in this scope\n   --> /Users/graysonnocera/.cargo/registry/src/index.crates.io-6f17d22bba15001f/arrayvec-0.4.12/src/lib.rs:790:28\n    |\n790 | unsafe impl<'a, A: Array + Sync> Sync for Drain<'a, A> {}\n    |                            ^^^^ not found in this scope\n\nerror[E0405]: cannot find trait `Send` in this scope\n   --> /Users/graysonnocera/.cargo/registry/src/index.crates.io-6f17d22bba15001f/arrayvec-0.4.12/src/lib.rs:791:34\n    |\n791 | unsafe impl<'a, A: Array + Send> Send for Drain<'a, A> {}\n    |                                  ^^^^ not found in this scope\n\nerror[E0405]: cannot find trait `Send` in this scope\n   --> /Users/graysonnocera/.cargo/registry/src/index.crates.io-6f17d22bba15001f/arrayvec-0.4.12/src/lib.rs:791:28\n    |\n791 | unsafe impl<'a, A: Array + Send> Send for Drain<'a, A> {}\n    |                            ^^^^ not found in this scope\n\nerror[E0405]: cannot find trait `Iterator` in this scope\n   --> /Users/graysonnocera/.cargo/registry/src/index.crates.io-6f17d22bba15001f/arrayvec-0.4.12/src/lib.rs:793:20\n    |\n793 | impl<'a, A: Array> Iterator for Drain<'a, A>\n    |                    ^^^^^^^^ not found in this scope\n\nerror[E0412]: cannot find type `Option` in this scope\n   --> /Users/graysonnocera/.cargo/registry/src/index.crates.io-6f17d22bba15001f/arrayvec-0.4.12/src/lib.rs:799:27\n    |\n799 |     fn next(&mut self) -> Option<Self::Item> {\n    |                           ^^^^^^ not found in this scope\n\nerror[E0412]: cannot find type `Option` in this scope\n   --> /Users/graysonnocera/.cargo/registry/src/index.crates.io-6f17d22bba15001f/arrayvec-0.4.12/src/lib.rs:808:36\n    |\n808 |     fn size_hint(&self) -> (usize, Option<usize>) {\n    |                                    ^^^^^^ not found in this scope\n\nerror[E0405]: cannot find trait `DoubleEndedIterator` in this scope\n   --> /Users/graysonnocera/.cargo/registry/src/index.crates.io-6f17d22bba15001f/arrayvec-0.4.12/src/lib.rs:813:20\n    |\n813 | impl<'a, A: Array> DoubleEndedIterator for Drain<'a, A>\n    |                    ^^^^^^^^^^^^^^^^^^^ not found in this scope\n\nerror[E0412]: cannot find type `Option` in this scope\n   --> /Users/graysonnocera/.cargo/registry/src/index.crates.io-6f17d22bba15001f/arrayvec-0.4.12/src/lib.rs:817:32\n    |\n817 |     fn next_back(&mut self) -> Option<Self::Item> {\n    |                                ^^^^^^ not found in this scope\n\nerror[E0405]: cannot find trait `ExactSizeIterator` in this scope\n   --> /Users/graysonnocera/.cargo/registry/src/index.crates.io-6f17d22bba15001f/arrayvec-0.4.12/src/lib.rs:826:20\n    |\n826 | impl<'a, A: Array> ExactSizeIterator for Drain<'a, A> where A::Item: 'a {}\n    |                    ^^^^^^^^^^^^^^^^^ not found in this scope\n\nerror[E0405]: cannot find trait `Drop` in this scope\n   --> /Users/graysonnocera/.cargo/registry/src/index.crates.io-6f17d22bba15001f/arrayvec-0.4.12/src/lib.rs:828:20\n    |\n828 | impl<'a, A: Array> Drop for Drain<'a, A> \n    |                    ^^^^ not found in this scope\n\nerror[E0531]: cannot find tuple struct or tuple variant `Some` in this scope\n   --> /Users/graysonnocera/.cargo/registry/src/index.crates.io-6f17d22bba15001f/arrayvec-0.4.12/src/lib.rs:835:19\n    |\n835 |         while let Some(_) = self.next() { }\n    |                   ^^^^ not found in this scope\n\nerror[E0405]: cannot find trait `FnMut` in this scope\n   --> /Users/graysonnocera/.cargo/registry/src/index.crates.io-6f17d22bba15001f/arrayvec-0.4.12/src/lib.rs:853:14\n    |\n853 |     where F: FnMut(&Data, &mut T)\n    |              ^^^^^ not found in this scope\n\nerror[E0405]: cannot find trait `Drop` in this scope\n   --> /Users/graysonnocera/.cargo/registry/src/index.crates.io-6f17d22bba15001f/arrayvec-0.4.12/src/lib.rs:860:18\n    |\n860 | impl<T, Data, F> Drop for ScopeExitGuard<T, Data, F>\n    |                  ^^^^ not found in this scope\n\nerror[E0405]: cannot find trait `FnMut` in this scope\n   --> /Users/graysonnocera/.cargo/registry/src/index.crates.io-6f17d22bba15001f/arrayvec-0.4.12/src/lib.rs:861:14\n    |\n861 |     where F: FnMut(&Data, &mut T)\n    |              ^^^^^ not found in this scope\n\nerror[E0405]: cannot find trait `Extend` in this scope\n   --> /Users/graysonnocera/.cargo/registry/src/index.crates.io-6f17d22bba15001f/arrayvec-0.4.12/src/lib.rs:874:16\n    |\n874 | impl<A: Array> Extend<A::Item> for ArrayVec<A> {\n    |                ^^^^^^ not found in this scope\n\nerror[E0405]: cannot find trait `IntoIterator` in this scope\n   --> /Users/graysonnocera/.cargo/registry/src/index.crates.io-6f17d22bba15001f/arrayvec-0.4.12/src/lib.rs:875:18\n    |\n875 |     fn extend<T: IntoIterator<Item=A::Item>>(&mut self, iter: T) {\n    |                  ^^^^^^^^^^^^ not found in this scope\n\nerror[E0405]: cannot find trait `IntoIterator` in this scope\n   --> /Users/graysonnocera/.cargo/registry/src/index.crates.io-6f17d22bba15001f/arrayvec-0.4.12/src/lib.rs:905:21\n    |\n905 |     fn from_iter<T: IntoIterator<Item=A::Item>>(iter: T) -> Self {\n    |                     ^^^^^^^^^^^^ not found in this scope\n\nerror[E0405]: cannot find trait `Clone` in this scope\n   --> /Users/graysonnocera/.cargo/registry/src/index.crates.io-6f17d22bba15001f/arrayvec-0.4.12/src/lib.rs:912:16\n    |\n912 | impl<A: Array> Clone for ArrayVec<A>\n    |                ^^^^^ not found in this scope\n\nerror[E0405]: cannot find trait `Clone` in this scope\n   --> /Users/graysonnocera/.cargo/registry/src/index.crates.io-6f17d22bba15001f/arrayvec-0.4.12/src/lib.rs:913:20\n    |\n913 |     where A::Item: Clone\n    |                    ^^^^^ not found in this scope\n\nerror[E0405]: cannot find trait `PartialEq` in this scope\n   --> /Users/graysonnocera/.cargo/registry/src/index.crates.io-6f17d22bba15001f/arrayvec-0.4.12/src/lib.rs:944:16\n    |\n944 | impl<A: Array> PartialEq for ArrayVec<A>\n    |                ^^^^^^^^^ not found in this scope\n\nerror[E0405]: cannot find trait `PartialEq` in this scope\n   --> /Users/graysonnocera/.cargo/registry/src/index.crates.io-6f17d22bba15001f/arrayvec-0.4.12/src/lib.rs:945:20\n    |\n945 |     where A::Item: PartialEq\n    |                    ^^^^^^^^^ not found in this scope\n\nerror[E0405]: cannot find trait `PartialEq` in this scope\n   --> /Users/graysonnocera/.cargo/registry/src/index.crates.io-6f17d22bba15001f/arrayvec-0.4.12/src/lib.rs:952:16\n    |\n952 | impl<A: Array> PartialEq<[A::Item]> for ArrayVec<A>\n    |                ^^^^^^^^^ not found in this scope\n\nerror[E0405]: cannot find trait `PartialEq` in this scope\n   --> /Users/graysonnocera/.cargo/registry/src/index.crates.io-6f17d22bba15001f/arrayvec-0.4.12/src/lib.rs:953:20\n    |\n953 |     where A::Item: PartialEq\n    |                    ^^^^^^^^^ not found in this scope\n\nerror[E0433]: failed to resolve: use of undeclared type `Vec`\n   --> /Users/graysonnocera/.cargo/registry/src/index.crates.io-6f17d22bba15001f/vec_map-0.8.2/src/lib.rs:130:27\n    |\n130 |         VecMap { n: 0, v: Vec::with_capacity(capacity) }\n    |                           ^^^ use of undeclared type `Vec`\n\nerror[E0405]: cannot find trait `Eq` in this scope\n   --> /Users/graysonnocera/.cargo/registry/src/index.crates.io-6f17d22bba15001f/arrayvec-0.4.12/src/lib.rs:960:16\n    |\n960 | impl<A: Array> Eq for ArrayVec<A> where A::Item: Eq { }\n    |                ^^ not found in this scope\n\nerror[E0405]: cannot find trait `Eq` in this scope\n   --> /Users/graysonnocera/.cargo/registry/src/index.crates.io-6f17d22bba15001f/arrayvec-0.4.12/src/lib.rs:960:50\n    |\n960 | impl<A: Array> Eq for ArrayVec<A> where A::Item: Eq { }\n    |                                                  ^^ not found in this scope\n\nerror[E0433]: failed to resolve: use of undeclared type `Option`\n   --> /Users/graysonnocera/.cargo/registry/src/index.crates.io-6f17d22bba15001f/vec_map-0.8.2/src/lib.rs:206:52\n    |\n206 |         if let Some(idx) = self.v.iter().rposition(Option::is_some) {\n    |                                                    ^^^^^^ use of undeclared type `Option`\n\nerror[E0405]: cannot find trait `AsRef` in this scope\n   --> /Users/graysonnocera/.cargo/registry/src/index.crates.io-6f17d22bba15001f/arrayvec-0.4.12/src/lib.rs:970:16\n    |\n970 | impl<A: Array> AsRef<[A::Item]> for ArrayVec<A> {\n    |                ^^^^^ not found in this scope\n\nerror[E0425]: cannot find function, tuple struct or tuple variant `Some` in this scope\n   --> /Users/graysonnocera/.cargo/registry/src/index.crates.io-6f17d22bba15001f/vec_map-0.8.2/src/lib.rs:542:45\n    |\n542 |         let was = replace(&mut self.v[key], Some(value));\n    |                                             ^^^^ not found in this scope\n\nerror[E0405]: cannot find trait `AsMut` in this scope\n   --> /Users/graysonnocera/.cargo/registry/src/index.crates.io-6f17d22bba15001f/arrayvec-0.4.12/src/lib.rs:974:16\n    |\n974 | impl<A: Array> AsMut<[A::Item]> for ArrayVec<A> {\n    |                ^^^^^ not found in this scope\n\nerror[E0425]: cannot find function, tuple struct or tuple variant `Some` in this scope\n   --> /Users/graysonnocera/.cargo/registry/src/index.crates.io-6f17d22bba15001f/vec_map-0.8.2/src/lib.rs:858:36\n    |\n858 |                             return Some((index, x));\n    |                                    ^^^^ not found in this scope\n...\n916 | iterator! { impl Iter -> (usize, &'a V), as_ref }\n    | ------------------------------------------------- in this macro invocation\n    |\n    = note: this error originates in the macro `iterator` (in Nightly builds, run with -Z macro-backtrace for more info)\n\nerror[E0405]: cannot find trait `Default` in this scope\n   --> /Users/graysonnocera/.cargo/registry/src/index.crates.io-6f17d22bba15001f/arrayvec-0.4.12/src/lib.rs:982:16\n    |\n982 | impl<A: Array> Default for ArrayVec<A> {\n    |                ^^^^^^^ not found in this scope\n\nerror[E0405]: cannot find trait `PartialOrd` in this scope\n   --> /Users/graysonnocera/.cargo/registry/src/index.crates.io-6f17d22bba15001f/arrayvec-0.4.12/src/lib.rs:989:16\n    |\n989 | impl<A: Array> PartialOrd for ArrayVec<A> where A::Item: PartialOrd {\n    |                ^^^^^^^^^^ not found in this scope\n\nerror[E0425]: cannot find function, tuple struct or tuple variant `Some` in this scope\n   --> /Users/graysonnocera/.cargo/registry/src/index.crates.io-6f17d22bba15001f/vec_map-0.8.2/src/lib.rs:868:41\n    |\n868 |                 (self.n - self.yielded, Some(self.n - self.yielded))\n    |                                         ^^^^ not found in this scope\n...\n916 | iterator! { impl Iter -> (usize, &'a V), as_ref }\n    | ------------------------------------------------- in this macro invocation\n    |\n    = note: this error originates in the macro `iterator` (in Nightly builds, run with -Z macro-backtrace for more info)\n\nerror[E0405]: cannot find trait `PartialOrd` in this scope\n   --> /Users/graysonnocera/.cargo/registry/src/index.crates.io-6f17d22bba15001f/arrayvec-0.4.12/src/lib.rs:989:58\n    |\n989 | impl<A: Array> PartialOrd for ArrayVec<A> where A::Item: PartialOrd {\n    |                                                          ^^^^^^^^^^ not found in this scope\n\nerror[E0412]: cannot find type `Option` in this scope\n   --> /Users/graysonnocera/.cargo/registry/src/index.crates.io-6f17d22bba15001f/arrayvec-0.4.12/src/lib.rs:991:51\n    |\n991 |     fn partial_cmp(&self, other: &ArrayVec<A>) -> Option<cmp::Ordering> {\n    |                                                   ^^^^^^ not found in this scope\n\nerror[E0425]: cannot find function, tuple struct or tuple variant `Some` in this scope\n   --> /Users/graysonnocera/.cargo/registry/src/index.crates.io-6f17d22bba15001f/vec_map-0.8.2/src/lib.rs:883:36\n    |\n883 |                             return Some((self.back, x));\n    |                                    ^^^^ not found in this scope\n...\n918 | double_ended_iterator! { impl Iter -> (usize, &'a V), as_ref }\n    | -------------------------------------------------------------- in this macro invocation\n    |\n    = note: this error originates in the macro `double_ended_iterator` (in Nightly builds, run with -Z macro-backtrace for more info)\n\nerror[E0405]: cannot find trait `Ord` in this scope\n    --> /Users/graysonnocera/.cargo/registry/src/index.crates.io-6f17d22bba15001f/arrayvec-0.4.12/src/lib.rs:1016:16\n     |\n1016 | impl<A: Array> Ord for ArrayVec<A> where A::Item: Ord {\n     |                ^^^ not found in this scope\n\nerror[E0405]: cannot find trait `Ord` in this scope\n    --> /Users/graysonnocera/.cargo/registry/src/index.crates.io-6f17d22bba15001f/arrayvec-0.4.12/src/lib.rs:1016:51\n     |\n1016 | impl<A: Array> Ord for ArrayVec<A> where A::Item: Ord {\n     |                                                   ^^^ not found in this scope\n\nerror[E0425]: cannot find function, tuple struct or tuple variant `Some` in this scope\n   --> /Users/graysonnocera/.cargo/registry/src/index.crates.io-6f17d22bba15001f/vec_map-0.8.2/src/lib.rs:858:36\n    |\n858 |                             return Some((index, x));\n    |                                    ^^^^ not found in this scope\n...\n930 | iterator! { impl IterMut -> (usize, &'a mut V), as_mut }\n    | -------------------------------------------------------- in this macro invocation\n    |\n    = note: this error originates in the macro `iterator` (in Nightly builds, run with -Z macro-backtrace for more info)\n\nerror[E0425]: cannot find function, tuple struct or tuple variant `Some` in this scope\n   --> /Users/graysonnocera/.cargo/registry/src/index.crates.io-6f17d22bba15001f/vec_map-0.8.2/src/lib.rs:868:41\n    |\n868 |                 (self.n - self.yielded, Some(self.n - self.yielded))\n    |                                         ^^^^ not found in this scope\n...\n930 | iterator! { impl IterMut -> (usize, &'a mut V), as_mut }\n    | -------------------------------------------------------- in this macro invocation\n    |\n    = note: this error originates in the macro `iterator` (in Nightly builds, run with -Z macro-backtrace for more info)\n\nerror[E0425]: cannot find function, tuple struct or tuple variant `Some` in this scope\n   --> /Users/graysonnocera/.cargo/registry/src/index.crates.io-6f17d22bba15001f/vec_map-0.8.2/src/lib.rs:883:36\n    |\n883 |                             return Some((self.back, x));\n    |                                    ^^^^ not found in this scope\n...\n932 | double_ended_iterator! { impl IterMut -> (usize, &'a mut V), as_mut }\n    | --------------------------------------------------------------------- in this macro invocation\n    |\n    = note: this error originates in the macro `double_ended_iterator` (in Nightly builds, run with -Z macro-backtrace for more info)\n\nerror[E0425]: cannot find function, tuple struct or tuple variant `Some` in this scope\n    --> /Users/graysonnocera/.cargo/registry/src/index.crates.io-6f17d22bba15001f/vec_map-0.8.2/src/lib.rs:1042:28\n     |\n1042 |                     return Some((i, value))\n     |                            ^^^^ not found in this scope\n\nerror[E0425]: cannot find function, tuple struct or tuple variant `Some` in this scope\n    --> /Users/graysonnocera/.cargo/registry/src/index.crates.io-6f17d22bba15001f/vec_map-0.8.2/src/lib.rs:1050:33\n     |\n1050 |         (self.n - self.yielded, Some(self.n - self.yielded))\n     |                                 ^^^^ not found in this scope\n\nerror[E0425]: cannot find function, tuple struct or tuple variant `Some` in this scope\n    --> /Users/graysonnocera/.cargo/registry/src/index.crates.io-6f17d22bba15001f/vec_map-0.8.2/src/lib.rs:1061:50\n     |\n1061 |                 Some((i, Some(value))) => return Some((i, value)),\n     |                                                  ^^^^ not found in this scope\n\nSome errors have detailed explanations: E0392, E0405, E0412, E0425, E0433, E0463, E0531.\nFor more information about an error, try `rustc --explain E0392`.\nerror: could not compile `vec_map` (lib) due to 130 previous errors\nerror[E0223]: ambiguous associated type\n   --> /Users/graysonnocera/.cargo/registry/src/index.crates.io-6f17d22bba15001f/arrayvec-0.4.12/src/lib.rs:652:27\n    |\n652 |     fn into_iter(self) -> Self::IntoIter { self.iter() }\n    |                           ^^^^^^^^^^^^^^ help: use fully-qualified syntax: `<&'a ArrayVec<A> as core::iter::traits::collect::IntoIterator>::IntoIter`\n\nerror[E0223]: ambiguous associated type\n   --> /Users/graysonnocera/.cargo/registry/src/index.crates.io-6f17d22bba15001f/arrayvec-0.4.12/src/lib.rs:669:27\n    |\n669 |     fn into_iter(self) -> Self::IntoIter { self.iter_mut() }\n    |                           ^^^^^^^^^^^^^^ help: use fully-qualified syntax: `<&'a mut ArrayVec<A> as core::iter::traits::collect::IntoIterator>::IntoIter`\n\nerror[E0425]: cannot find function, tuple struct or tuple variant `Ok` in this scope\n  --> /Users/graysonnocera/.cargo/registry/src/index.crates.io-6f17d22bba15001f/arrayvec-0.4.12/src/array_string.rs:81:9\n   |\n81 |         Ok(arraystr)\n   |         ^^ not found in this scope\n\nerror[E0425]: cannot find function, tuple struct or tuple variant `Ok` in this scope\n  --> /Users/graysonnocera/.cargo/registry/src/index.crates.io-6f17d22bba15001f/arrayvec-0.4.12/src/array_string.rs:98:9\n   |\n98 |         Ok(arraystr)\n   |         ^^ not found in this scope\n\nerror[E0425]: cannot find function, tuple struct or tuple variant `Ok` in this scope\n   --> /Users/graysonnocera/.cargo/registry/src/index.crates.io-6f17d22bba15001f/arrayvec-0.4.12/src/array_string.rs:166:21\n    |\n166 |                     Ok(())\n    |                     ^^ not found in this scope\n\nerror[E0425]: cannot find function, tuple struct or tuple variant `Err` in this scope\n   --> /Users/graysonnocera/.cargo/registry/src/index.crates.io-6f17d22bba15001f/arrayvec-0.4.12/src/array_string.rs:168:27\n    |\n168 |                 Err(_) => Err(CapacityError::new(c)),\n    |                           ^^^ not found in this scope\n\nerror[E0425]: cannot find function, tuple struct or tuple variant `Err` in this scope\n   --> /Users/graysonnocera/.cargo/registry/src/index.crates.io-6f17d22bba15001f/arrayvec-0.4.12/src/array_string.rs:213:20\n    |\n213 |             return Err(CapacityError::new(s));\n    |                    ^^^ not found in this scope\n\nerror[E0425]: cannot find function, tuple struct or tuple variant `Ok` in this scope\n   --> /Users/graysonnocera/.cargo/registry/src/index.crates.io-6f17d22bba15001f/arrayvec-0.4.12/src/array_string.rs:222:9\n    |\n222 |         Ok(())\n    |         ^^ not found in this scope\n\nerror[E0425]: cannot find function, tuple struct or tuple variant `Some` in this scope\n   --> /Users/graysonnocera/.cargo/registry/src/index.crates.io-6f17d22bba15001f/arrayvec-0.4.12/src/array_string.rs:250:9\n    |\n250 |         Some(ch)\n    |         ^^^^ not found in this scope\n\nerror[E0425]: cannot find function, tuple struct or tuple variant `Ok` in this scope\n  --> /Users/graysonnocera/.cargo/registry/src/index.crates.io-6f17d22bba15001f/arrayvec-0.4.12/src/char.rs:35:16\n   |\n35 |         return Ok(1);\n   |                ^^ not found in this scope\n\nerror[E0425]: cannot find function, tuple struct or tuple variant `Ok` in this scope\n  --> /Users/graysonnocera/.cargo/registry/src/index.crates.io-6f17d22bba15001f/arrayvec-0.4.12/src/char.rs:39:16\n   |\n39 |         return Ok(2);\n   |                ^^ not found in this scope\n\nerror[E0425]: cannot find function, tuple struct or tuple variant `Ok` in this scope\n  --> /Users/graysonnocera/.cargo/registry/src/index.crates.io-6f17d22bba15001f/arrayvec-0.4.12/src/char.rs:44:16\n   |\n44 |         return Ok(3);\n   |                ^^ not found in this scope\n\nerror[E0425]: cannot find function, tuple struct or tuple variant `Ok` in this scope\n  --> /Users/graysonnocera/.cargo/registry/src/index.crates.io-6f17d22bba15001f/arrayvec-0.4.12/src/char.rs:50:16\n   |\n50 |         return Ok(4);\n   |                ^^ not found in this scope\n\nerror[E0425]: cannot find function, tuple struct or tuple variant `Err` in this scope\n  --> /Users/graysonnocera/.cargo/registry/src/index.crates.io-6f17d22bba15001f/arrayvec-0.4.12/src/char.rs:52:5\n   |\n52 |     Err(EncodeUtf8Error)\n   |     ^^^ not found in this scope\n\nerror[E0425]: cannot find function, tuple struct or tuple variant `Some` in this scope\n  --> /Users/graysonnocera/.cargo/registry/src/index.crates.io-6f17d22bba15001f/arrayvec-0.4.12/src/range.rs:28:40\n   |\n28 |     fn start(&self) -> Option<usize> { Some(self.start) }\n   |                                        ^^^^ not found in this scope\n\nerror[E0425]: cannot find function, tuple struct or tuple variant `Some` in this scope\n  --> /Users/graysonnocera/.cargo/registry/src/index.crates.io-6f17d22bba15001f/arrayvec-0.4.12/src/range.rs:33:38\n   |\n33 |     fn end(&self) -> Option<usize> { Some(self.end) }\n   |                                      ^^^^ not found in this scope\n\nerror[E0425]: cannot find function, tuple struct or tuple variant `Some` in this scope\n  --> /Users/graysonnocera/.cargo/registry/src/index.crates.io-6f17d22bba15001f/arrayvec-0.4.12/src/range.rs:38:40\n   |\n38 |     fn start(&self) -> Option<usize> { Some(self.start) }\n   |                                        ^^^^ not found in this scope\n\nerror[E0425]: cannot find function, tuple struct or tuple variant `Some` in this scope\n  --> /Users/graysonnocera/.cargo/registry/src/index.crates.io-6f17d22bba15001f/arrayvec-0.4.12/src/range.rs:40:38\n   |\n40 |     fn end(&self) -> Option<usize> { Some(self.end) }\n   |                                      ^^^^ not found in this scope\n\nerror[E0425]: cannot find function, tuple struct or tuple variant `Ok` in this scope\n   --> /Users/graysonnocera/.cargo/registry/src/index.crates.io-6f17d22bba15001f/arrayvec-0.4.12/src/lib.rs:214:13\n    |\n214 |             Ok(())\n    |             ^^ not found in this scope\n\nerror[E0425]: cannot find function, tuple struct or tuple variant `Err` in this scope\n   --> /Users/graysonnocera/.cargo/registry/src/index.crates.io-6f17d22bba15001f/arrayvec-0.4.12/src/lib.rs:216:13\n    |\n216 |             Err(CapacityError::new(element))\n    |             ^^^ not found in this scope\n\nerror[E0425]: cannot find function, tuple struct or tuple variant `Err` in this scope\n   --> /Users/graysonnocera/.cargo/registry/src/index.crates.io-6f17d22bba15001f/arrayvec-0.4.12/src/lib.rs:304:20\n    |\n304 |             return Err(CapacityError::new(element));\n    |                    ^^^ not found in this scope\n\nerror[E0425]: cannot find function, tuple struct or tuple variant `Ok` in this scope\n   --> /Users/graysonnocera/.cargo/registry/src/index.crates.io-6f17d22bba15001f/arrayvec-0.4.12/src/lib.rs:322:9\n    |\n322 |         Ok(())\n    |         ^^ not found in this scope\n\nerror[E0425]: cannot find function, tuple struct or tuple variant `Some` in this scope\n   --> /Users/graysonnocera/.cargo/registry/src/index.crates.io-6f17d22bba15001f/arrayvec-0.4.12/src/lib.rs:346:13\n    |\n346 |             Some(ptr::read(self.get_unchecked_ptr(new_len)))\n    |             ^^^^ not found in this scope\n\nerror[E0425]: cannot find function, tuple struct or tuple variant `Err` in this scope\n   --> /Users/graysonnocera/.cargo/registry/src/index.crates.io-6f17d22bba15001f/arrayvec-0.4.12/src/lib.rs:575:13\n    |\n575 |             Err(self)\n    |             ^^^------\n    |             |\n    |             help: try calling `Err` as a method: `self.Err()`\n\nerror[E0425]: cannot find function, tuple struct or tuple variant `Ok` in this scope\n   --> /Users/graysonnocera/.cargo/registry/src/index.crates.io-6f17d22bba15001f/arrayvec-0.4.12/src/lib.rs:580:17\n    |\n580 |                 Ok(array)\n    |                 ^^ not found in this scope\n\nerror[E0425]: cannot find function, tuple struct or tuple variant `Some` in this scope\n   --> /Users/graysonnocera/.cargo/registry/src/index.crates.io-6f17d22bba15001f/arrayvec-0.4.12/src/lib.rs:709:17\n    |\n709 |                 Some(ptr::read(self.v.get_unchecked_ptr(index)))\n    |                 ^^^^ not found in this scope\n\nerror[E0425]: cannot find function, tuple struct or tuple variant `Some` in this scope\n   --> /Users/graysonnocera/.cargo/registry/src/index.crates.io-6f17d22bba15001f/arrayvec-0.4.12/src/lib.rs:716:15\n    |\n716 |         (len, Some(len))\n    |               ^^^^ not found in this scope\n\nerror[E0425]: cannot find function, tuple struct or tuple variant `Some` in this scope\n   --> /Users/graysonnocera/.cargo/registry/src/index.crates.io-6f17d22bba15001f/arrayvec-0.4.12/src/lib.rs:729:17\n    |\n729 |                 Some(ptr::read(self.v.get_unchecked_ptr(new_len)))\n    |                 ^^^^ not found in this scope\n\nerror[E0425]: cannot find function, tuple struct or tuple variant `Ok` in this scope\n    --> /Users/graysonnocera/.cargo/registry/src/index.crates.io-6f17d22bba15001f/arrayvec-0.4.12/src/lib.rs:1033:13\n     |\n1033 |             Ok(write_len)\n     |             ^^ not found in this scope\n\nerror[E0425]: cannot find function, tuple struct or tuple variant `Ok` in this scope\n    --> /Users/graysonnocera/.cargo/registry/src/index.crates.io-6f17d22bba15001f/arrayvec-0.4.12/src/lib.rs:1036:45\n     |\n1036 |     fn flush(&mut self) -> io::Result<()> { Ok(()) }\n     |                                             ^^ not found in this scope\n\nSome errors have detailed explanations: E0223, E0405, E0412, E0425, E0463, E0531.\nFor more information about an error, try `rustc --explain E0223`.\nerror: could not compile `arrayvec` (lib) due to 141 previous errors\nerror[E0034]: multiple applicable items in scope\n    --> /Users/graysonnocera/.cargo/registry/src/index.crates.io-6f17d22bba15001f/num-traits-0.2.19/src/float.rs:837:15\n     |\n837  |         Self::floor(self) -> Self;\n     |               ^^^^^ multiple `floor` found\n     |\nnote: candidate #1 is defined in an impl of the trait `Float` for the type `f32`\n    --> /Users/graysonnocera/.cargo/registry/src/index.crates.io-6f17d22bba15001f/num-traits-0.2.19/src/macros.rs:9:13\n     |\n9    |             fn $method(self $( , $arg : $ty )* ) -> $ret {\n     |             ^^^^^^^^^^^^^^^^^^^^^^^^^^^^^^^^^^^^^^^^^^^^\n     |\n    ::: /Users/graysonnocera/.cargo/registry/src/index.crates.io-6f17d22bba15001f/num-traits-0.2.19/src/float.rs:2078:1\n     |\n2078 | float_impl_std!(f32 integer_decode_f32);\n     | --------------------------------------- in this macro invocation\nnote: candidate #2 is defined in an impl of the trait `FloatCore` for the type `f32`\n    --> /Users/graysonnocera/.cargo/registry/src/index.crates.io-6f17d22bba15001f/num-traits-0.2.19/src/macros.rs:9:13\n     |\n9    |               fn $method(self $( , $arg : $ty )* ) -> $ret {\n     |               ^^^^^^^^^^^^^^^^^^^^^^^^^^^^^^^^^^^^^^^^^^^^\n     |\n    ::: /Users/graysonnocera/.cargo/registry/src/index.crates.io-6f17d22bba15001f/num-traits-0.2.19/src/float.rs:836:5\n     |\n836  | /     forward! {\n837  | |         Self::floor(self) -> Self;\n838  | |         Self::ceil(self) -> Self;\n839  | |         Self::round(self) -> Self;\n...    |\n844  | |         Self::powi(self, n: i32) -> Self;\n845  | |     }\n     | |_____- in this macro invocation\n     = note: this error originates in the macro `forward` (in Nightly builds, run with -Z macro-backtrace for more info)\n\nerror[E0034]: multiple applicable items in scope\n    --> /Users/graysonnocera/.cargo/registry/src/index.crates.io-6f17d22bba15001f/num-traits-0.2.19/src/float.rs:838:15\n     |\n838  |         Self::ceil(self) -> Self;\n     |               ^^^^ multiple `ceil` found\n     |\nnote: candidate #1 is defined in an impl of the trait `Float` for the type `f32`\n    --> /Users/graysonnocera/.cargo/registry/src/index.crates.io-6f17d22bba15001f/num-traits-0.2.19/src/macros.rs:9:13\n     |\n9    |             fn $method(self $( , $arg : $ty )* ) -> $ret {\n     |             ^^^^^^^^^^^^^^^^^^^^^^^^^^^^^^^^^^^^^^^^^^^^\n     |\n    ::: /Users/graysonnocera/.cargo/registry/src/index.crates.io-6f17d22bba15001f/num-traits-0.2.19/src/float.rs:2078:1\n     |\n2078 | float_impl_std!(f32 integer_decode_f32);\n     | --------------------------------------- in this macro invocation\nnote: candidate #2 is defined in an impl of the trait `FloatCore` for the type `f32`\n    --> /Users/graysonnocera/.cargo/registry/src/index.crates.io-6f17d22bba15001f/num-traits-0.2.19/src/macros.rs:9:13\n     |\n9    |               fn $method(self $( , $arg : $ty )* ) -> $ret {\n     |               ^^^^^^^^^^^^^^^^^^^^^^^^^^^^^^^^^^^^^^^^^^^^\n     |\n    ::: /Users/graysonnocera/.cargo/registry/src/index.crates.io-6f17d22bba15001f/num-traits-0.2.19/src/float.rs:836:5\n     |\n836  | /     forward! {\n837  | |         Self::floor(self) -> Self;\n838  | |         Self::ceil(self) -> Self;\n839  | |         Self::round(self) -> Self;\n...    |\n844  | |         Self::powi(self, n: i32) -> Self;\n845  | |     }\n     | |_____- in this macro invocation\n     = note: this error originates in the macro `forward` (in Nightly builds, run with -Z macro-backtrace for more info)\n\nerror[E0034]: multiple applicable items in scope\n    --> /Users/graysonnocera/.cargo/registry/src/index.crates.io-6f17d22bba15001f/num-traits-0.2.19/src/float.rs:839:15\n     |\n839  |         Self::round(self) -> Self;\n     |               ^^^^^ multiple `round` found\n     |\nnote: candidate #1 is defined in an impl of the trait `Float` for the type `f32`\n    --> /Users/graysonnocera/.cargo/registry/src/index.crates.io-6f17d22bba15001f/num-traits-0.2.19/src/macros.rs:9:13\n     |\n9    |             fn $method(self $( , $arg : $ty )* ) -> $ret {\n     |             ^^^^^^^^^^^^^^^^^^^^^^^^^^^^^^^^^^^^^^^^^^^^\n     |\n    ::: /Users/graysonnocera/.cargo/registry/src/index.crates.io-6f17d22bba15001f/num-traits-0.2.19/src/float.rs:2078:1\n     |\n2078 | float_impl_std!(f32 integer_decode_f32);\n     | --------------------------------------- in this macro invocation\nnote: candidate #2 is defined in an impl of the trait `FloatCore` for the type `f32`\n    --> /Users/graysonnocera/.cargo/registry/src/index.crates.io-6f17d22bba15001f/num-traits-0.2.19/src/macros.rs:9:13\n     |\n9    |               fn $method(self $( , $arg : $ty )* ) -> $ret {\n     |               ^^^^^^^^^^^^^^^^^^^^^^^^^^^^^^^^^^^^^^^^^^^^\n     |\n    ::: /Users/graysonnocera/.cargo/registry/src/index.crates.io-6f17d22bba15001f/num-traits-0.2.19/src/float.rs:836:5\n     |\n836  | /     forward! {\n837  | |         Self::floor(self) -> Self;\n838  | |         Self::ceil(self) -> Self;\n839  | |         Self::round(self) -> Self;\n...    |\n844  | |         Self::powi(self, n: i32) -> Self;\n845  | |     }\n     | |_____- in this macro invocation\n     = note: this error originates in the macro `forward` (in Nightly builds, run with -Z macro-backtrace for more info)\n\nerror[E0034]: multiple applicable items in scope\n    --> /Users/graysonnocera/.cargo/registry/src/index.crates.io-6f17d22bba15001f/num-traits-0.2.19/src/float.rs:840:15\n     |\n840  |         Self::trunc(self) -> Self;\n     |               ^^^^^ multiple `trunc` found\n     |\nnote: candidate #1 is defined in an impl of the trait `Float` for the type `f32`\n    --> /Users/graysonnocera/.cargo/registry/src/index.crates.io-6f17d22bba15001f/num-traits-0.2.19/src/macros.rs:9:13\n     |\n9    |             fn $method(self $( , $arg : $ty )* ) -> $ret {\n     |             ^^^^^^^^^^^^^^^^^^^^^^^^^^^^^^^^^^^^^^^^^^^^\n     |\n    ::: /Users/graysonnocera/.cargo/registry/src/index.crates.io-6f17d22bba15001f/num-traits-0.2.19/src/float.rs:2078:1\n     |\n2078 | float_impl_std!(f32 integer_decode_f32);\n     | --------------------------------------- in this macro invocation\nnote: candidate #2 is defined in an impl of the trait `FloatCore` for the type `f32`\n    --> /Users/graysonnocera/.cargo/registry/src/index.crates.io-6f17d22bba15001f/num-traits-0.2.19/src/macros.rs:9:13\n     |\n9    |               fn $method(self $( , $arg : $ty )* ) -> $ret {\n     |               ^^^^^^^^^^^^^^^^^^^^^^^^^^^^^^^^^^^^^^^^^^^^\n     |\n    ::: /Users/graysonnocera/.cargo/registry/src/index.crates.io-6f17d22bba15001f/num-traits-0.2.19/src/float.rs:836:5\n     |\n836  | /     forward! {\n837  | |         Self::floor(self) -> Self;\n838  | |         Self::ceil(self) -> Self;\n839  | |         Self::round(self) -> Self;\n...    |\n844  | |         Self::powi(self, n: i32) -> Self;\n845  | |     }\n     | |_____- in this macro invocation\n     = note: this error originates in the macro `forward` (in Nightly builds, run with -Z macro-backtrace for more info)\n\nerror[E0034]: multiple applicable items in scope\n    --> /Users/graysonnocera/.cargo/registry/src/index.crates.io-6f17d22bba15001f/num-traits-0.2.19/src/float.rs:841:15\n     |\n841  |         Self::fract(self) -> Self;\n     |               ^^^^^ multiple `fract` found\n     |\nnote: candidate #1 is defined in an impl of the trait `Float` for the type `f32`\n    --> /Users/graysonnocera/.cargo/registry/src/index.crates.io-6f17d22bba15001f/num-traits-0.2.19/src/macros.rs:9:13\n     |\n9    |             fn $method(self $( , $arg : $ty )* ) -> $ret {\n     |             ^^^^^^^^^^^^^^^^^^^^^^^^^^^^^^^^^^^^^^^^^^^^\n     |\n    ::: /Users/graysonnocera/.cargo/registry/src/index.crates.io-6f17d22bba15001f/num-traits-0.2.19/src/float.rs:2078:1\n     |\n2078 | float_impl_std!(f32 integer_decode_f32);\n     | --------------------------------------- in this macro invocation\nnote: candidate #2 is defined in an impl of the trait `FloatCore` for the type `f32`\n    --> /Users/graysonnocera/.cargo/registry/src/index.crates.io-6f17d22bba15001f/num-traits-0.2.19/src/macros.rs:9:13\n     |\n9    |               fn $method(self $( , $arg : $ty )* ) -> $ret {\n     |               ^^^^^^^^^^^^^^^^^^^^^^^^^^^^^^^^^^^^^^^^^^^^\n     |\n    ::: /Users/graysonnocera/.cargo/registry/src/index.crates.io-6f17d22bba15001f/num-traits-0.2.19/src/float.rs:836:5\n     |\n836  | /     forward! {\n837  | |         Self::floor(self) -> Self;\n838  | |         Self::ceil(self) -> Self;\n839  | |         Self::round(self) -> Self;\n...    |\n844  | |         Self::powi(self, n: i32) -> Self;\n845  | |     }\n     | |_____- in this macro invocation\n     = note: this error originates in the macro `forward` (in Nightly builds, run with -Z macro-backtrace for more info)\n\nerror[E0034]: multiple applicable items in scope\n    --> /Users/graysonnocera/.cargo/registry/src/index.crates.io-6f17d22bba15001f/num-traits-0.2.19/src/float.rs:842:15\n     |\n842  |         Self::abs(self) -> Self;\n     |               ^^^ multiple `abs` found\n     |\nnote: candidate #1 is defined in an impl of the trait `Float` for the type `f32`\n    --> /Users/graysonnocera/.cargo/registry/src/index.crates.io-6f17d22bba15001f/num-traits-0.2.19/src/macros.rs:9:13\n     |\n9    |             fn $method(self $( , $arg : $ty )* ) -> $ret {\n     |             ^^^^^^^^^^^^^^^^^^^^^^^^^^^^^^^^^^^^^^^^^^^^\n     |\n    ::: /Users/graysonnocera/.cargo/registry/src/index.crates.io-6f17d22bba15001f/num-traits-0.2.19/src/float.rs:2078:1\n     |\n2078 | float_impl_std!(f32 integer_decode_f32);\n     | --------------------------------------- in this macro invocation\nnote: candidate #2 is defined in an impl of the trait `FloatCore` for the type `f32`\n    --> /Users/graysonnocera/.cargo/registry/src/index.crates.io-6f17d22bba15001f/num-traits-0.2.19/src/macros.rs:9:13\n     |\n9    |               fn $method(self $( , $arg : $ty )* ) -> $ret {\n     |               ^^^^^^^^^^^^^^^^^^^^^^^^^^^^^^^^^^^^^^^^^^^^\n     |\n    ::: /Users/graysonnocera/.cargo/registry/src/index.crates.io-6f17d22bba15001f/num-traits-0.2.19/src/float.rs:836:5\n     |\n836  | /     forward! {\n837  | |         Self::floor(self) -> Self;\n838  | |         Self::ceil(self) -> Self;\n839  | |         Self::round(self) -> Self;\n...    |\n844  | |         Self::powi(self, n: i32) -> Self;\n845  | |     }\n     | |_____- in this macro invocation\n     = note: this error originates in the macro `forward` (in Nightly builds, run with -Z macro-backtrace for more info)\n\nerror[E0034]: multiple applicable items in scope\n    --> /Users/graysonnocera/.cargo/registry/src/index.crates.io-6f17d22bba15001f/num-traits-0.2.19/src/float.rs:843:15\n     |\n843  |         Self::signum(self) -> Self;\n     |               ^^^^^^ multiple `signum` found\n     |\nnote: candidate #1 is defined in an impl of the trait `Float` for the type `f32`\n    --> /Users/graysonnocera/.cargo/registry/src/index.crates.io-6f17d22bba15001f/num-traits-0.2.19/src/macros.rs:9:13\n     |\n9    |             fn $method(self $( , $arg : $ty )* ) -> $ret {\n     |             ^^^^^^^^^^^^^^^^^^^^^^^^^^^^^^^^^^^^^^^^^^^^\n     |\n    ::: /Users/graysonnocera/.cargo/registry/src/index.crates.io-6f17d22bba15001f/num-traits-0.2.19/src/float.rs:2078:1\n     |\n2078 | float_impl_std!(f32 integer_decode_f32);\n     | --------------------------------------- in this macro invocation\nnote: candidate #2 is defined in an impl of the trait `FloatCore` for the type `f32`\n    --> /Users/graysonnocera/.cargo/registry/src/index.crates.io-6f17d22bba15001f/num-traits-0.2.19/src/macros.rs:9:13\n     |\n9    |               fn $method(self $( , $arg : $ty )* ) -> $ret {\n     |               ^^^^^^^^^^^^^^^^^^^^^^^^^^^^^^^^^^^^^^^^^^^^\n     |\n    ::: /Users/graysonnocera/.cargo/registry/src/index.crates.io-6f17d22bba15001f/num-traits-0.2.19/src/float.rs:836:5\n     |\n836  | /     forward! {\n837  | |         Self::floor(self) -> Self;\n838  | |         Self::ceil(self) -> Self;\n839  | |         Self::round(self) -> Self;\n...    |\n844  | |         Self::powi(self, n: i32) -> Self;\n845  | |     }\n     | |_____- in this macro invocation\n     = note: this error originates in the macro `forward` (in Nightly builds, run with -Z macro-backtrace for more info)\n\nerror[E0034]: multiple applicable items in scope\n    --> /Users/graysonnocera/.cargo/registry/src/index.crates.io-6f17d22bba15001f/num-traits-0.2.19/src/float.rs:844:15\n     |\n844  |         Self::powi(self, n: i32) -> Self;\n     |               ^^^^ multiple `powi` found\n     |\nnote: candidate #1 is defined in an impl of the trait `Float` for the type `f32`\n    --> /Users/graysonnocera/.cargo/registry/src/index.crates.io-6f17d22bba15001f/num-traits-0.2.19/src/macros.rs:9:13\n     |\n9    |             fn $method(self $( , $arg : $ty )* ) -> $ret {\n     |             ^^^^^^^^^^^^^^^^^^^^^^^^^^^^^^^^^^^^^^^^^^^^\n     |\n    ::: /Users/graysonnocera/.cargo/registry/src/index.crates.io-6f17d22bba15001f/num-traits-0.2.19/src/float.rs:2078:1\n     |\n2078 | float_impl_std!(f32 integer_decode_f32);\n     | --------------------------------------- in this macro invocation\nnote: candidate #2 is defined in an impl of the trait `FloatCore` for the type `f32`\n    --> /Users/graysonnocera/.cargo/registry/src/index.crates.io-6f17d22bba15001f/num-traits-0.2.19/src/macros.rs:9:13\n     |\n9    |               fn $method(self $( , $arg : $ty )* ) -> $ret {\n     |               ^^^^^^^^^^^^^^^^^^^^^^^^^^^^^^^^^^^^^^^^^^^^\n     |\n    ::: /Users/graysonnocera/.cargo/registry/src/index.crates.io-6f17d22bba15001f/num-traits-0.2.19/src/float.rs:836:5\n     |\n836  | /     forward! {\n837  | |         Self::floor(self) -> Self;\n838  | |         Self::ceil(self) -> Self;\n839  | |         Self::round(self) -> Self;\n...    |\n844  | |         Self::powi(self, n: i32) -> Self;\n845  | |     }\n     | |_____- in this macro invocation\n     = note: this error originates in the macro `forward` (in Nightly builds, run with -Z macro-backtrace for more info)\n\nerror[E0034]: multiple applicable items in scope\n    --> /Users/graysonnocera/.cargo/registry/src/index.crates.io-6f17d22bba15001f/num-traits-0.2.19/src/float.rs:899:15\n     |\n899  |         Self::floor(self) -> Self;\n     |               ^^^^^ multiple `floor` found\n     |\nnote: candidate #1 is defined in an impl of the trait `Float` for the type `f64`\n    --> /Users/graysonnocera/.cargo/registry/src/index.crates.io-6f17d22bba15001f/num-traits-0.2.19/src/macros.rs:9:13\n     |\n9    |             fn $method(self $( , $arg : $ty )* ) -> $ret {\n     |             ^^^^^^^^^^^^^^^^^^^^^^^^^^^^^^^^^^^^^^^^^^^^\n     |\n    ::: /Users/graysonnocera/.cargo/registry/src/index.crates.io-6f17d22bba15001f/num-traits-0.2.19/src/float.rs:2080:1\n     |\n2080 | float_impl_std!(f64 integer_decode_f64);\n     | --------------------------------------- in this macro invocation\nnote: candidate #2 is defined in an impl of the trait `FloatCore` for the type `f64`\n    --> /Users/graysonnocera/.cargo/registry/src/index.crates.io-6f17d22bba15001f/num-traits-0.2.19/src/macros.rs:9:13\n     |\n9    |               fn $method(self $( , $arg : $ty )* ) -> $ret {\n     |               ^^^^^^^^^^^^^^^^^^^^^^^^^^^^^^^^^^^^^^^^^^^^\n     |\n    ::: /Users/graysonnocera/.cargo/registry/src/index.crates.io-6f17d22bba15001f/num-traits-0.2.19/src/float.rs:898:5\n     |\n898  | /     forward! {\n899  | |         Self::floor(self) -> Self;\n900  | |         Self::ceil(self) -> Self;\n901  | |         Self::round(self) -> Self;\n...    |\n906  | |         Self::powi(self, n: i32) -> Self;\n907  | |     }\n     | |_____- in this macro invocation\n     = note: this error originates in the macro `forward` (in Nightly builds, run with -Z macro-backtrace for more info)\n\nerror[E0034]: multiple applicable items in scope\n    --> /Users/graysonnocera/.cargo/registry/src/index.crates.io-6f17d22bba15001f/num-traits-0.2.19/src/float.rs:900:15\n     |\n900  |         Self::ceil(self) -> Self;\n     |               ^^^^ multiple `ceil` found\n     |\nnote: candidate #1 is defined in an impl of the trait `Float` for the type `f64`\n    --> /Users/graysonnocera/.cargo/registry/src/index.crates.io-6f17d22bba15001f/num-traits-0.2.19/src/macros.rs:9:13\n     |\n9    |             fn $method(self $( , $arg : $ty )* ) -> $ret {\n     |             ^^^^^^^^^^^^^^^^^^^^^^^^^^^^^^^^^^^^^^^^^^^^\n     |\n    ::: /Users/graysonnocera/.cargo/registry/src/index.crates.io-6f17d22bba15001f/num-traits-0.2.19/src/float.rs:2080:1\n     |\n2080 | float_impl_std!(f64 integer_decode_f64);\n     | --------------------------------------- in this macro invocation\nnote: candidate #2 is defined in an impl of the trait `FloatCore` for the type `f64`\n    --> /Users/graysonnocera/.cargo/registry/src/index.crates.io-6f17d22bba15001f/num-traits-0.2.19/src/macros.rs:9:13\n     |\n9    |               fn $method(self $( , $arg : $ty )* ) -> $ret {\n     |               ^^^^^^^^^^^^^^^^^^^^^^^^^^^^^^^^^^^^^^^^^^^^\n     |\n    ::: /Users/graysonnocera/.cargo/registry/src/index.crates.io-6f17d22bba15001f/num-traits-0.2.19/src/float.rs:898:5\n     |\n898  | /     forward! {\n899  | |         Self::floor(self) -> Self;\n900  | |         Self::ceil(self) -> Self;\n901  | |         Self::round(self) -> Self;\n...    |\n906  | |         Self::powi(self, n: i32) -> Self;\n907  | |     }\n     | |_____- in this macro invocation\n     = note: this error originates in the macro `forward` (in Nightly builds, run with -Z macro-backtrace for more info)\n\nerror[E0034]: multiple applicable items in scope\n    --> /Users/graysonnocera/.cargo/registry/src/index.crates.io-6f17d22bba15001f/num-traits-0.2.19/src/float.rs:901:15\n     |\n901  |         Self::round(self) -> Self;\n     |               ^^^^^ multiple `round` found\n     |\nnote: candidate #1 is defined in an impl of the trait `Float` for the type `f64`\n    --> /Users/graysonnocera/.cargo/registry/src/index.crates.io-6f17d22bba15001f/num-traits-0.2.19/src/macros.rs:9:13\n     |\n9    |             fn $method(self $( , $arg : $ty )* ) -> $ret {\n     |             ^^^^^^^^^^^^^^^^^^^^^^^^^^^^^^^^^^^^^^^^^^^^\n     |\n    ::: /Users/graysonnocera/.cargo/registry/src/index.crates.io-6f17d22bba15001f/num-traits-0.2.19/src/float.rs:2080:1\n     |\n2080 | float_impl_std!(f64 integer_decode_f64);\n     | --------------------------------------- in this macro invocation\nnote: candidate #2 is defined in an impl of the trait `FloatCore` for the type `f64`\n    --> /Users/graysonnocera/.cargo/registry/src/index.crates.io-6f17d22bba15001f/num-traits-0.2.19/src/macros.rs:9:13\n     |\n9    |               fn $method(self $( , $arg : $ty )* ) -> $ret {\n     |               ^^^^^^^^^^^^^^^^^^^^^^^^^^^^^^^^^^^^^^^^^^^^\n     |\n    ::: /Users/graysonnocera/.cargo/registry/src/index.crates.io-6f17d22bba15001f/num-traits-0.2.19/src/float.rs:898:5\n     |\n898  | /     forward! {\n899  | |         Self::floor(self) -> Self;\n900  | |         Self::ceil(self) -> Self;\n901  | |         Self::round(self) -> Self;\n...    |\n906  | |         Self::powi(self, n: i32) -> Self;\n907  | |     }\n     | |_____- in this macro invocation\n     = note: this error originates in the macro `forward` (in Nightly builds, run with -Z macro-backtrace for more info)\n\nerror[E0034]: multiple applicable items in scope\n    --> /Users/graysonnocera/.cargo/registry/src/index.crates.io-6f17d22bba15001f/num-traits-0.2.19/src/float.rs:902:15\n     |\n902  |         Self::trunc(self) -> Self;\n     |               ^^^^^ multiple `trunc` found\n     |\nnote: candidate #1 is defined in an impl of the trait `Float` for the type `f64`\n    --> /Users/graysonnocera/.cargo/registry/src/index.crates.io-6f17d22bba15001f/num-traits-0.2.19/src/macros.rs:9:13\n     |\n9    |             fn $method(self $( , $arg : $ty )* ) -> $ret {\n     |             ^^^^^^^^^^^^^^^^^^^^^^^^^^^^^^^^^^^^^^^^^^^^\n     |\n    ::: /Users/graysonnocera/.cargo/registry/src/index.crates.io-6f17d22bba15001f/num-traits-0.2.19/src/float.rs:2080:1\n     |\n2080 | float_impl_std!(f64 integer_decode_f64);\n     | --------------------------------------- in this macro invocation\nnote: candidate #2 is defined in an impl of the trait `FloatCore` for the type `f64`\n    --> /Users/graysonnocera/.cargo/registry/src/index.crates.io-6f17d22bba15001f/num-traits-0.2.19/src/macros.rs:9:13\n     |\n9    |               fn $method(self $( , $arg : $ty )* ) -> $ret {\n     |               ^^^^^^^^^^^^^^^^^^^^^^^^^^^^^^^^^^^^^^^^^^^^\n     |\n    ::: /Users/graysonnocera/.cargo/registry/src/index.crates.io-6f17d22bba15001f/num-traits-0.2.19/src/float.rs:898:5\n     |\n898  | /     forward! {\n899  | |         Self::floor(self) -> Self;\n900  | |         Self::ceil(self) -> Self;\n901  | |         Self::round(self) -> Self;\n...    |\n906  | |         Self::powi(self, n: i32) -> Self;\n907  | |     }\n     | |_____- in this macro invocation\n     = note: this error originates in the macro `forward` (in Nightly builds, run with -Z macro-backtrace for more info)\n\nerror[E0034]: multiple applicable items in scope\n    --> /Users/graysonnocera/.cargo/registry/src/index.crates.io-6f17d22bba15001f/num-traits-0.2.19/src/float.rs:903:15\n     |\n903  |         Self::fract(self) -> Self;\n     |               ^^^^^ multiple `fract` found\n     |\nnote: candidate #1 is defined in an impl of the trait `Float` for the type `f64`\n    --> /Users/graysonnocera/.cargo/registry/src/index.crates.io-6f17d22bba15001f/num-traits-0.2.19/src/macros.rs:9:13\n     |\n9    |             fn $method(self $( , $arg : $ty )* ) -> $ret {\n     |             ^^^^^^^^^^^^^^^^^^^^^^^^^^^^^^^^^^^^^^^^^^^^\n     |\n    ::: /Users/graysonnocera/.cargo/registry/src/index.crates.io-6f17d22bba15001f/num-traits-0.2.19/src/float.rs:2080:1\n     |\n2080 | float_impl_std!(f64 integer_decode_f64);\n     | --------------------------------------- in this macro invocation\nnote: candidate #2 is defined in an impl of the trait `FloatCore` for the type `f64`\n    --> /Users/graysonnocera/.cargo/registry/src/index.crates.io-6f17d22bba15001f/num-traits-0.2.19/src/macros.rs:9:13\n     |\n9    |               fn $method(self $( , $arg : $ty )* ) -> $ret {\n     |               ^^^^^^^^^^^^^^^^^^^^^^^^^^^^^^^^^^^^^^^^^^^^\n     |\n    ::: /Users/graysonnocera/.cargo/registry/src/index.crates.io-6f17d22bba15001f/num-traits-0.2.19/src/float.rs:898:5\n     |\n898  | /     forward! {\n899  | |         Self::floor(self) -> Self;\n900  | |         Self::ceil(self) -> Self;\n901  | |         Self::round(self) -> Self;\n...    |\n906  | |         Self::powi(self, n: i32) -> Self;\n907  | |     }\n     | |_____- in this macro invocation\n     = note: this error originates in the macro `forward` (in Nightly builds, run with -Z macro-backtrace for more info)\n\nerror[E0034]: multiple applicable items in scope\n    --> /Users/graysonnocera/.cargo/registry/src/index.crates.io-6f17d22bba15001f/num-traits-0.2.19/src/float.rs:904:15\n     |\n904  |         Self::abs(self) -> Self;\n     |               ^^^ multiple `abs` found\n     |\nnote: candidate #1 is defined in an impl of the trait `Float` for the type `f64`\n    --> /Users/graysonnocera/.cargo/registry/src/index.crates.io-6f17d22bba15001f/num-traits-0.2.19/src/macros.rs:9:13\n     |\n9    |             fn $method(self $( , $arg : $ty )* ) -> $ret {\n     |             ^^^^^^^^^^^^^^^^^^^^^^^^^^^^^^^^^^^^^^^^^^^^\n     |\n    ::: /Users/graysonnocera/.cargo/registry/src/index.crates.io-6f17d22bba15001f/num-traits-0.2.19/src/float.rs:2080:1\n     |\n2080 | float_impl_std!(f64 integer_decode_f64);\n     | --------------------------------------- in this macro invocation\nnote: candidate #2 is defined in an impl of the trait `FloatCore` for the type `f64`\n    --> /Users/graysonnocera/.cargo/registry/src/index.crates.io-6f17d22bba15001f/num-traits-0.2.19/src/macros.rs:9:13\n     |\n9    |               fn $method(self $( , $arg : $ty )* ) -> $ret {\n     |               ^^^^^^^^^^^^^^^^^^^^^^^^^^^^^^^^^^^^^^^^^^^^\n     |\n    ::: /Users/graysonnocera/.cargo/registry/src/index.crates.io-6f17d22bba15001f/num-traits-0.2.19/src/float.rs:898:5\n     |\n898  | /     forward! {\n899  | |         Self::floor(self) -> Self;\n900  | |         Self::ceil(self) -> Self;\n901  | |         Self::round(self) -> Self;\n...    |\n906  | |         Self::powi(self, n: i32) -> Self;\n907  | |     }\n     | |_____- in this macro invocation\n     = note: this error originates in the macro `forward` (in Nightly builds, run with -Z macro-backtrace for more info)\n\nerror[E0034]: multiple applicable items in scope\n    --> /Users/graysonnocera/.cargo/registry/src/index.crates.io-6f17d22bba15001f/num-traits-0.2.19/src/float.rs:905:15\n     |\n905  |         Self::signum(self) -> Self;\n     |               ^^^^^^ multiple `signum` found\n     |\nnote: candidate #1 is defined in an impl of the trait `Float` for the type `f64`\n    --> /Users/graysonnocera/.cargo/registry/src/index.crates.io-6f17d22bba15001f/num-traits-0.2.19/src/macros.rs:9:13\n     |\n9    |             fn $method(self $( , $arg : $ty )* ) -> $ret {\n     |             ^^^^^^^^^^^^^^^^^^^^^^^^^^^^^^^^^^^^^^^^^^^^\n     |\n    ::: /Users/graysonnocera/.cargo/registry/src/index.crates.io-6f17d22bba15001f/num-traits-0.2.19/src/float.rs:2080:1\n     |\n2080 | float_impl_std!(f64 integer_decode_f64);\n     | --------------------------------------- in this macro invocation\nnote: candidate #2 is defined in an impl of the trait `FloatCore` for the type `f64`\n    --> /Users/graysonnocera/.cargo/registry/src/index.crates.io-6f17d22bba15001f/num-traits-0.2.19/src/macros.rs:9:13\n     |\n9    |               fn $method(self $( , $arg : $ty )* ) -> $ret {\n     |               ^^^^^^^^^^^^^^^^^^^^^^^^^^^^^^^^^^^^^^^^^^^^\n     |\n    ::: /Users/graysonnocera/.cargo/registry/src/index.crates.io-6f17d22bba15001f/num-traits-0.2.19/src/float.rs:898:5\n     |\n898  | /     forward! {\n899  | |         Self::floor(self) -> Self;\n900  | |         Self::ceil(self) -> Self;\n901  | |         Self::round(self) -> Self;\n...    |\n906  | |         Self::powi(self, n: i32) -> Self;\n907  | |     }\n     | |_____- in this macro invocation\n     = note: this error originates in the macro `forward` (in Nightly builds, run with -Z macro-backtrace for more info)\n\nerror[E0034]: multiple applicable items in scope\n    --> /Users/graysonnocera/.cargo/registry/src/index.crates.io-6f17d22bba15001f/num-traits-0.2.19/src/float.rs:906:15\n     |\n906  |         Self::powi(self, n: i32) -> Self;\n     |               ^^^^ multiple `powi` found\n     |\nnote: candidate #1 is defined in an impl of the trait `Float` for the type `f64`\n    --> /Users/graysonnocera/.cargo/registry/src/index.crates.io-6f17d22bba15001f/num-traits-0.2.19/src/macros.rs:9:13\n     |\n9    |             fn $method(self $( , $arg : $ty )* ) -> $ret {\n     |             ^^^^^^^^^^^^^^^^^^^^^^^^^^^^^^^^^^^^^^^^^^^^\n     |\n    ::: /Users/graysonnocera/.cargo/registry/src/index.crates.io-6f17d22bba15001f/num-traits-0.2.19/src/float.rs:2080:1\n     |\n2080 | float_impl_std!(f64 integer_decode_f64);\n     | --------------------------------------- in this macro invocation\nnote: candidate #2 is defined in an impl of the trait `FloatCore` for the type `f64`\n    --> /Users/graysonnocera/.cargo/registry/src/index.crates.io-6f17d22bba15001f/num-traits-0.2.19/src/macros.rs:9:13\n     |\n9    |               fn $method(self $( , $arg : $ty )* ) -> $ret {\n     |               ^^^^^^^^^^^^^^^^^^^^^^^^^^^^^^^^^^^^^^^^^^^^\n     |\n    ::: /Users/graysonnocera/.cargo/registry/src/index.crates.io-6f17d22bba15001f/num-traits-0.2.19/src/float.rs:898:5\n     |\n898  | /     forward! {\n899  | |         Self::floor(self) -> Self;\n900  | |         Self::ceil(self) -> Self;\n901  | |         Self::round(self) -> Self;\n...    |\n906  | |         Self::powi(self, n: i32) -> Self;\n907  | |     }\n     | |_____- in this macro invocation\n     = note: this error originates in the macro `forward` (in Nightly builds, run with -Z macro-backtrace for more info)\n\nerror[E0034]: multiple applicable items in scope\n    --> /Users/graysonnocera/.cargo/registry/src/index.crates.io-6f17d22bba15001f/num-traits-0.2.19/src/float.rs:1948:23\n     |\n1948 |                 Self::floor(self) -> Self;\n     |                       ^^^^^ multiple `floor` found\n...\n2078 | float_impl_std!(f32 integer_decode_f32);\n     | --------------------------------------- in this macro invocation\n     |\nnote: candidate #1 is defined in an impl of the trait `Float` for the type `f32`\n    --> /Users/graysonnocera/.cargo/registry/src/index.crates.io-6f17d22bba15001f/num-traits-0.2.19/src/macros.rs:9:13\n     |\n9    |             fn $method(self $( , $arg : $ty )* ) -> $ret {\n     |             ^^^^^^^^^^^^^^^^^^^^^^^^^^^^^^^^^^^^^^^^^^^^\n     |\n    ::: /Users/graysonnocera/.cargo/registry/src/index.crates.io-6f17d22bba15001f/num-traits-0.2.19/src/float.rs:2078:1\n     |\n2078 | float_impl_std!(f32 integer_decode_f32);\n     | --------------------------------------- in this macro invocation\nnote: candidate #2 is defined in an impl of the trait `FloatCore` for the type `f32`\n    --> /Users/graysonnocera/.cargo/registry/src/index.crates.io-6f17d22bba15001f/num-traits-0.2.19/src/macros.rs:9:13\n     |\n9    |               fn $method(self $( , $arg : $ty )* ) -> $ret {\n     |               ^^^^^^^^^^^^^^^^^^^^^^^^^^^^^^^^^^^^^^^^^^^^\n     |\n    ::: /Users/graysonnocera/.cargo/registry/src/index.crates.io-6f17d22bba15001f/num-traits-0.2.19/src/float.rs:836:5\n     |\n836  | /     forward! {\n837  | |         Self::floor(self) -> Self;\n838  | |         Self::ceil(self) -> Self;\n839  | |         Self::round(self) -> Self;\n...    |\n844  | |         Self::powi(self, n: i32) -> Self;\n845  | |     }\n     | |_____- in this macro invocation\n     = note: this error originates in the macro `float_impl_std` which comes from the expansion of the macro `forward` (in Nightly builds, run with -Z macro-backtrace for more info)\n\nerror[E0034]: multiple applicable items in scope\n    --> /Users/graysonnocera/.cargo/registry/src/index.crates.io-6f17d22bba15001f/num-traits-0.2.19/src/float.rs:1949:23\n     |\n1949 |                 Self::ceil(self) -> Self;\n     |                       ^^^^ multiple `ceil` found\n...\n2078 | float_impl_std!(f32 integer_decode_f32);\n     | --------------------------------------- in this macro invocation\n     |\nnote: candidate #1 is defined in an impl of the trait `Float` for the type `f32`\n    --> /Users/graysonnocera/.cargo/registry/src/index.crates.io-6f17d22bba15001f/num-traits-0.2.19/src/macros.rs:9:13\n     |\n9    |             fn $method(self $( , $arg : $ty )* ) -> $ret {\n     |             ^^^^^^^^^^^^^^^^^^^^^^^^^^^^^^^^^^^^^^^^^^^^\n     |\n    ::: /Users/graysonnocera/.cargo/registry/src/index.crates.io-6f17d22bba15001f/num-traits-0.2.19/src/float.rs:2078:1\n     |\n2078 | float_impl_std!(f32 integer_decode_f32);\n     | --------------------------------------- in this macro invocation\nnote: candidate #2 is defined in an impl of the trait `FloatCore` for the type `f32`\n    --> /Users/graysonnocera/.cargo/registry/src/index.crates.io-6f17d22bba15001f/num-traits-0.2.19/src/macros.rs:9:13\n     |\n9    |               fn $method(self $( , $arg : $ty )* ) -> $ret {\n     |               ^^^^^^^^^^^^^^^^^^^^^^^^^^^^^^^^^^^^^^^^^^^^\n     |\n    ::: /Users/graysonnocera/.cargo/registry/src/index.crates.io-6f17d22bba15001f/num-traits-0.2.19/src/float.rs:836:5\n     |\n836  | /     forward! {\n837  | |         Self::floor(self) -> Self;\n838  | |         Self::ceil(self) -> Self;\n839  | |         Self::round(self) -> Self;\n...    |\n844  | |         Self::powi(self, n: i32) -> Self;\n845  | |     }\n     | |_____- in this macro invocation\n     = note: this error originates in the macro `float_impl_std` which comes from the expansion of the macro `forward` (in Nightly builds, run with -Z macro-backtrace for more info)\n\nerror[E0034]: multiple applicable items in scope\n    --> /Users/graysonnocera/.cargo/registry/src/index.crates.io-6f17d22bba15001f/num-traits-0.2.19/src/float.rs:1950:23\n     |\n1950 |                 Self::round(self) -> Self;\n     |                       ^^^^^ multiple `round` found\n...\n2078 | float_impl_std!(f32 integer_decode_f32);\n     | --------------------------------------- in this macro invocation\n     |\nnote: candidate #1 is defined in an impl of the trait `Float` for the type `f32`\n    --> /Users/graysonnocera/.cargo/registry/src/index.crates.io-6f17d22bba15001f/num-traits-0.2.19/src/macros.rs:9:13\n     |\n9    |             fn $method(self $( , $arg : $ty )* ) -> $ret {\n     |             ^^^^^^^^^^^^^^^^^^^^^^^^^^^^^^^^^^^^^^^^^^^^\n     |\n    ::: /Users/graysonnocera/.cargo/registry/src/index.crates.io-6f17d22bba15001f/num-traits-0.2.19/src/float.rs:2078:1\n     |\n2078 | float_impl_std!(f32 integer_decode_f32);\n     | --------------------------------------- in this macro invocation\nnote: candidate #2 is defined in an impl of the trait `FloatCore` for the type `f32`\n    --> /Users/graysonnocera/.cargo/registry/src/index.crates.io-6f17d22bba15001f/num-traits-0.2.19/src/macros.rs:9:13\n     |\n9    |               fn $method(self $( , $arg : $ty )* ) -> $ret {\n     |               ^^^^^^^^^^^^^^^^^^^^^^^^^^^^^^^^^^^^^^^^^^^^\n     |\n    ::: /Users/graysonnocera/.cargo/registry/src/index.crates.io-6f17d22bba15001f/num-traits-0.2.19/src/float.rs:836:5\n     |\n836  | /     forward! {\n837  | |         Self::floor(self) -> Self;\n838  | |         Self::ceil(self) -> Self;\n839  | |         Self::round(self) -> Self;\n...    |\n844  | |         Self::powi(self, n: i32) -> Self;\n845  | |     }\n     | |_____- in this macro invocation\n     = note: this error originates in the macro `float_impl_std` which comes from the expansion of the macro `forward` (in Nightly builds, run with -Z macro-backtrace for more info)\n\nerror[E0034]: multiple applicable items in scope\n    --> /Users/graysonnocera/.cargo/registry/src/index.crates.io-6f17d22bba15001f/num-traits-0.2.19/src/float.rs:1951:23\n     |\n1951 |                 Self::trunc(self) -> Self;\n     |                       ^^^^^ multiple `trunc` found\n...\n2078 | float_impl_std!(f32 integer_decode_f32);\n     | --------------------------------------- in this macro invocation\n     |\nnote: candidate #1 is defined in an impl of the trait `Float` for the type `f32`\n    --> /Users/graysonnocera/.cargo/registry/src/index.crates.io-6f17d22bba15001f/num-traits-0.2.19/src/macros.rs:9:13\n     |\n9    |             fn $method(self $( , $arg : $ty )* ) -> $ret {\n     |             ^^^^^^^^^^^^^^^^^^^^^^^^^^^^^^^^^^^^^^^^^^^^\n     |\n    ::: /Users/graysonnocera/.cargo/registry/src/index.crates.io-6f17d22bba15001f/num-traits-0.2.19/src/float.rs:2078:1\n     |\n2078 | float_impl_std!(f32 integer_decode_f32);\n     | --------------------------------------- in this macro invocation\nnote: candidate #2 is defined in an impl of the trait `FloatCore` for the type `f32`\n    --> /Users/graysonnocera/.cargo/registry/src/index.crates.io-6f17d22bba15001f/num-traits-0.2.19/src/macros.rs:9:13\n     |\n9    |               fn $method(self $( , $arg : $ty )* ) -> $ret {\n     |               ^^^^^^^^^^^^^^^^^^^^^^^^^^^^^^^^^^^^^^^^^^^^\n     |\n    ::: /Users/graysonnocera/.cargo/registry/src/index.crates.io-6f17d22bba15001f/num-traits-0.2.19/src/float.rs:836:5\n     |\n836  | /     forward! {\n837  | |         Self::floor(self) -> Self;\n838  | |         Self::ceil(self) -> Self;\n839  | |         Self::round(self) -> Self;\n...    |\n844  | |         Self::powi(self, n: i32) -> Self;\n845  | |     }\n     | |_____- in this macro invocation\n     = note: this error originates in the macro `float_impl_std` which comes from the expansion of the macro `forward` (in Nightly builds, run with -Z macro-backtrace for more info)\n\nerror[E0034]: multiple applicable items in scope\n    --> /Users/graysonnocera/.cargo/registry/src/index.crates.io-6f17d22bba15001f/num-traits-0.2.19/src/float.rs:1952:23\n     |\n1952 |                 Self::fract(self) -> Self;\n     |                       ^^^^^ multiple `fract` found\n...\n2078 | float_impl_std!(f32 integer_decode_f32);\n     | --------------------------------------- in this macro invocation\n     |\nnote: candidate #1 is defined in an impl of the trait `Float` for the type `f32`\n    --> /Users/graysonnocera/.cargo/registry/src/index.crates.io-6f17d22bba15001f/num-traits-0.2.19/src/macros.rs:9:13\n     |\n9    |             fn $method(self $( , $arg : $ty )* ) -> $ret {\n     |             ^^^^^^^^^^^^^^^^^^^^^^^^^^^^^^^^^^^^^^^^^^^^\n     |\n    ::: /Users/graysonnocera/.cargo/registry/src/index.crates.io-6f17d22bba15001f/num-traits-0.2.19/src/float.rs:2078:1\n     |\n2078 | float_impl_std!(f32 integer_decode_f32);\n     | --------------------------------------- in this macro invocation\nnote: candidate #2 is defined in an impl of the trait `FloatCore` for the type `f32`\n    --> /Users/graysonnocera/.cargo/registry/src/index.crates.io-6f17d22bba15001f/num-traits-0.2.19/src/macros.rs:9:13\n     |\n9    |               fn $method(self $( , $arg : $ty )* ) -> $ret {\n     |               ^^^^^^^^^^^^^^^^^^^^^^^^^^^^^^^^^^^^^^^^^^^^\n     |\n    ::: /Users/graysonnocera/.cargo/registry/src/index.crates.io-6f17d22bba15001f/num-traits-0.2.19/src/float.rs:836:5\n     |\n836  | /     forward! {\n837  | |         Self::floor(self) -> Self;\n838  | |         Self::ceil(self) -> Self;\n839  | |         Self::round(self) -> Self;\n...    |\n844  | |         Self::powi(self, n: i32) -> Self;\n845  | |     }\n     | |_____- in this macro invocation\n     = note: this error originates in the macro `float_impl_std` which comes from the expansion of the macro `forward` (in Nightly builds, run with -Z macro-backtrace for more info)\n\nerror[E0034]: multiple applicable items in scope\n    --> /Users/graysonnocera/.cargo/registry/src/index.crates.io-6f17d22bba15001f/num-traits-0.2.19/src/float.rs:1953:23\n     |\n1953 |                 Self::abs(self) -> Self;\n     |                       ^^^ multiple `abs` found\n...\n2078 | float_impl_std!(f32 integer_decode_f32);\n     | --------------------------------------- in this macro invocation\n     |\nnote: candidate #1 is defined in an impl of the trait `Float` for the type `f32`\n    --> /Users/graysonnocera/.cargo/registry/src/index.crates.io-6f17d22bba15001f/num-traits-0.2.19/src/macros.rs:9:13\n     |\n9    |             fn $method(self $( , $arg : $ty )* ) -> $ret {\n     |             ^^^^^^^^^^^^^^^^^^^^^^^^^^^^^^^^^^^^^^^^^^^^\n     |\n    ::: /Users/graysonnocera/.cargo/registry/src/index.crates.io-6f17d22bba15001f/num-traits-0.2.19/src/float.rs:2078:1\n     |\n2078 | float_impl_std!(f32 integer_decode_f32);\n     | --------------------------------------- in this macro invocation\nnote: candidate #2 is defined in an impl of the trait `FloatCore` for the type `f32`\n    --> /Users/graysonnocera/.cargo/registry/src/index.crates.io-6f17d22bba15001f/num-traits-0.2.19/src/macros.rs:9:13\n     |\n9    |               fn $method(self $( , $arg : $ty )* ) -> $ret {\n     |               ^^^^^^^^^^^^^^^^^^^^^^^^^^^^^^^^^^^^^^^^^^^^\n     |\n    ::: /Users/graysonnocera/.cargo/registry/src/index.crates.io-6f17d22bba15001f/num-traits-0.2.19/src/float.rs:836:5\n     |\n836  | /     forward! {\n837  | |         Self::floor(self) -> Self;\n838  | |         Self::ceil(self) -> Self;\n839  | |         Self::round(self) -> Self;\n...    |\n844  | |         Self::powi(self, n: i32) -> Self;\n845  | |     }\n     | |_____- in this macro invocation\n     = note: this error originates in the macro `float_impl_std` which comes from the expansion of the macro `forward` (in Nightly builds, run with -Z macro-backtrace for more info)\n\nerror[E0034]: multiple applicable items in scope\n    --> /Users/graysonnocera/.cargo/registry/src/index.crates.io-6f17d22bba15001f/num-traits-0.2.19/src/float.rs:1954:23\n     |\n1954 |                 Self::signum(self) -> Self;\n     |                       ^^^^^^ multiple `signum` found\n...\n2078 | float_impl_std!(f32 integer_decode_f32);\n     | --------------------------------------- in this macro invocation\n     |\nnote: candidate #1 is defined in an impl of the trait `Float` for the type `f32`\n    --> /Users/graysonnocera/.cargo/registry/src/index.crates.io-6f17d22bba15001f/num-traits-0.2.19/src/macros.rs:9:13\n     |\n9    |             fn $method(self $( , $arg : $ty )* ) -> $ret {\n     |             ^^^^^^^^^^^^^^^^^^^^^^^^^^^^^^^^^^^^^^^^^^^^\n     |\n    ::: /Users/graysonnocera/.cargo/registry/src/index.crates.io-6f17d22bba15001f/num-traits-0.2.19/src/float.rs:2078:1\n     |\n2078 | float_impl_std!(f32 integer_decode_f32);\n     | --------------------------------------- in this macro invocation\nnote: candidate #2 is defined in an impl of the trait `FloatCore` for the type `f32`\n    --> /Users/graysonnocera/.cargo/registry/src/index.crates.io-6f17d22bba15001f/num-traits-0.2.19/src/macros.rs:9:13\n     |\n9    |               fn $method(self $( , $arg : $ty )* ) -> $ret {\n     |               ^^^^^^^^^^^^^^^^^^^^^^^^^^^^^^^^^^^^^^^^^^^^\n     |\n    ::: /Users/graysonnocera/.cargo/registry/src/index.crates.io-6f17d22bba15001f/num-traits-0.2.19/src/float.rs:836:5\n     |\n836  | /     forward! {\n837  | |         Self::floor(self) -> Self;\n838  | |         Self::ceil(self) -> Self;\n839  | |         Self::round(self) -> Self;\n...    |\n844  | |         Self::powi(self, n: i32) -> Self;\n845  | |     }\n     | |_____- in this macro invocation\n     = note: this error originates in the macro `float_impl_std` which comes from the expansion of the macro `forward` (in Nightly builds, run with -Z macro-backtrace for more info)\n\nerror[E0034]: multiple applicable items in scope\n    --> /Users/graysonnocera/.cargo/registry/src/index.crates.io-6f17d22bba15001f/num-traits-0.2.19/src/float.rs:1959:23\n     |\n1959 |                 Self::powi(self, n: i32) -> Self;\n     |                       ^^^^ multiple `powi` found\n...\n2078 | float_impl_std!(f32 integer_decode_f32);\n     | --------------------------------------- in this macro invocation\n     |\nnote: candidate #1 is defined in an impl of the trait `Float` for the type `f32`\n    --> /Users/graysonnocera/.cargo/registry/src/index.crates.io-6f17d22bba15001f/num-traits-0.2.19/src/macros.rs:9:13\n     |\n9    |             fn $method(self $( , $arg : $ty )* ) -> $ret {\n     |             ^^^^^^^^^^^^^^^^^^^^^^^^^^^^^^^^^^^^^^^^^^^^\n     |\n    ::: /Users/graysonnocera/.cargo/registry/src/index.crates.io-6f17d22bba15001f/num-traits-0.2.19/src/float.rs:2078:1\n     |\n2078 | float_impl_std!(f32 integer_decode_f32);\n     | --------------------------------------- in this macro invocation\nnote: candidate #2 is defined in an impl of the trait `FloatCore` for the type `f32`\n    --> /Users/graysonnocera/.cargo/registry/src/index.crates.io-6f17d22bba15001f/num-traits-0.2.19/src/macros.rs:9:13\n     |\n9    |               fn $method(self $( , $arg : $ty )* ) -> $ret {\n     |               ^^^^^^^^^^^^^^^^^^^^^^^^^^^^^^^^^^^^^^^^^^^^\n     |\n    ::: /Users/graysonnocera/.cargo/registry/src/index.crates.io-6f17d22bba15001f/num-traits-0.2.19/src/float.rs:836:5\n     |\n836  | /     forward! {\n837  | |         Self::floor(self) -> Self;\n838  | |         Self::ceil(self) -> Self;\n839  | |         Self::round(self) -> Self;\n...    |\n844  | |         Self::powi(self, n: i32) -> Self;\n845  | |     }\n     | |_____- in this macro invocation\n     = note: this error originates in the macro `float_impl_std` which comes from the expansion of the macro `forward` (in Nightly builds, run with -Z macro-backtrace for more info)\n\nerror[E0034]: multiple applicable items in scope\n    --> /Users/graysonnocera/.cargo/registry/src/index.crates.io-6f17d22bba15001f/num-traits-0.2.19/src/float.rs:1948:23\n     |\n1948 |                 Self::floor(self) -> Self;\n     |                       ^^^^^ multiple `floor` found\n...\n2080 | float_impl_std!(f64 integer_decode_f64);\n     | --------------------------------------- in this macro invocation\n     |\nnote: candidate #1 is defined in an impl of the trait `Float` for the type `f64`\n    --> /Users/graysonnocera/.cargo/registry/src/index.crates.io-6f17d22bba15001f/num-traits-0.2.19/src/macros.rs:9:13\n     |\n9    |             fn $method(self $( , $arg : $ty )* ) -> $ret {\n     |             ^^^^^^^^^^^^^^^^^^^^^^^^^^^^^^^^^^^^^^^^^^^^\n     |\n    ::: /Users/graysonnocera/.cargo/registry/src/index.crates.io-6f17d22bba15001f/num-traits-0.2.19/src/float.rs:2080:1\n     |\n2080 | float_impl_std!(f64 integer_decode_f64);\n     | --------------------------------------- in this macro invocation\nnote: candidate #2 is defined in an impl of the trait `FloatCore` for the type `f64`\n    --> /Users/graysonnocera/.cargo/registry/src/index.crates.io-6f17d22bba15001f/num-traits-0.2.19/src/macros.rs:9:13\n     |\n9    |               fn $method(self $( , $arg : $ty )* ) -> $ret {\n     |               ^^^^^^^^^^^^^^^^^^^^^^^^^^^^^^^^^^^^^^^^^^^^\n     |\n    ::: /Users/graysonnocera/.cargo/registry/src/index.crates.io-6f17d22bba15001f/num-traits-0.2.19/src/float.rs:898:5\n     |\n898  | /     forward! {\n899  | |         Self::floor(self) -> Self;\n900  | |         Self::ceil(self) -> Self;\n901  | |         Self::round(self) -> Self;\n...    |\n906  | |         Self::powi(self, n: i32) -> Self;\n907  | |     }\n     | |_____- in this macro invocation\n     = note: this error originates in the macro `float_impl_std` which comes from the expansion of the macro `forward` (in Nightly builds, run with -Z macro-backtrace for more info)\n\nerror[E0034]: multiple applicable items in scope\n    --> /Users/graysonnocera/.cargo/registry/src/index.crates.io-6f17d22bba15001f/num-traits-0.2.19/src/float.rs:1949:23\n     |\n1949 |                 Self::ceil(self) -> Self;\n     |                       ^^^^ multiple `ceil` found\n...\n2080 | float_impl_std!(f64 integer_decode_f64);\n     | --------------------------------------- in this macro invocation\n     |\nnote: candidate #1 is defined in an impl of the trait `Float` for the type `f64`\n    --> /Users/graysonnocera/.cargo/registry/src/index.crates.io-6f17d22bba15001f/num-traits-0.2.19/src/macros.rs:9:13\n     |\n9    |             fn $method(self $( , $arg : $ty )* ) -> $ret {\n     |             ^^^^^^^^^^^^^^^^^^^^^^^^^^^^^^^^^^^^^^^^^^^^\n     |\n    ::: /Users/graysonnocera/.cargo/registry/src/index.crates.io-6f17d22bba15001f/num-traits-0.2.19/src/float.rs:2080:1\n     |\n2080 | float_impl_std!(f64 integer_decode_f64);\n     | --------------------------------------- in this macro invocation\nnote: candidate #2 is defined in an impl of the trait `FloatCore` for the type `f64`\n    --> /Users/graysonnocera/.cargo/registry/src/index.crates.io-6f17d22bba15001f/num-traits-0.2.19/src/macros.rs:9:13\n     |\n9    |               fn $method(self $( , $arg : $ty )* ) -> $ret {\n     |               ^^^^^^^^^^^^^^^^^^^^^^^^^^^^^^^^^^^^^^^^^^^^\n     |\n    ::: /Users/graysonnocera/.cargo/registry/src/index.crates.io-6f17d22bba15001f/num-traits-0.2.19/src/float.rs:898:5\n     |\n898  | /     forward! {\n899  | |         Self::floor(self) -> Self;\n900  | |         Self::ceil(self) -> Self;\n901  | |         Self::round(self) -> Self;\n...    |\n906  | |         Self::powi(self, n: i32) -> Self;\n907  | |     }\n     | |_____- in this macro invocation\n     = note: this error originates in the macro `float_impl_std` which comes from the expansion of the macro `forward` (in Nightly builds, run with -Z macro-backtrace for more info)\n\nerror[E0034]: multiple applicable items in scope\n    --> /Users/graysonnocera/.cargo/registry/src/index.crates.io-6f17d22bba15001f/num-traits-0.2.19/src/float.rs:1950:23\n     |\n1950 |                 Self::round(self) -> Self;\n     |                       ^^^^^ multiple `round` found\n...\n2080 | float_impl_std!(f64 integer_decode_f64);\n     | --------------------------------------- in this macro invocation\n     |\nnote: candidate #1 is defined in an impl of the trait `Float` for the type `f64`\n    --> /Users/graysonnocera/.cargo/registry/src/index.crates.io-6f17d22bba15001f/num-traits-0.2.19/src/macros.rs:9:13\n     |\n9    |             fn $method(self $( , $arg : $ty )* ) -> $ret {\n     |             ^^^^^^^^^^^^^^^^^^^^^^^^^^^^^^^^^^^^^^^^^^^^\n     |\n    ::: /Users/graysonnocera/.cargo/registry/src/index.crates.io-6f17d22bba15001f/num-traits-0.2.19/src/float.rs:2080:1\n     |\n2080 | float_impl_std!(f64 integer_decode_f64);\n     | --------------------------------------- in this macro invocation\nnote: candidate #2 is defined in an impl of the trait `FloatCore` for the type `f64`\n    --> /Users/graysonnocera/.cargo/registry/src/index.crates.io-6f17d22bba15001f/num-traits-0.2.19/src/macros.rs:9:13\n     |\n9    |               fn $method(self $( , $arg : $ty )* ) -> $ret {\n     |               ^^^^^^^^^^^^^^^^^^^^^^^^^^^^^^^^^^^^^^^^^^^^\n     |\n    ::: /Users/graysonnocera/.cargo/registry/src/index.crates.io-6f17d22bba15001f/num-traits-0.2.19/src/float.rs:898:5\n     |\n898  | /     forward! {\n899  | |         Self::floor(self) -> Self;\n900  | |         Self::ceil(self) -> Self;\n901  | |         Self::round(self) -> Self;\n...    |\n906  | |         Self::powi(self, n: i32) -> Self;\n907  | |     }\n     | |_____- in this macro invocation\n     = note: this error originates in the macro `float_impl_std` which comes from the expansion of the macro `forward` (in Nightly builds, run with -Z macro-backtrace for more info)\n\nerror[E0034]: multiple applicable items in scope\n    --> /Users/graysonnocera/.cargo/registry/src/index.crates.io-6f17d22bba15001f/num-traits-0.2.19/src/float.rs:1951:23\n     |\n1951 |                 Self::trunc(self) -> Self;\n     |                       ^^^^^ multiple `trunc` found\n...\n2080 | float_impl_std!(f64 integer_decode_f64);\n     | --------------------------------------- in this macro invocation\n     |\nnote: candidate #1 is defined in an impl of the trait `Float` for the type `f64`\n    --> /Users/graysonnocera/.cargo/registry/src/index.crates.io-6f17d22bba15001f/num-traits-0.2.19/src/macros.rs:9:13\n     |\n9    |             fn $method(self $( , $arg : $ty )* ) -> $ret {\n     |             ^^^^^^^^^^^^^^^^^^^^^^^^^^^^^^^^^^^^^^^^^^^^\n     |\n    ::: /Users/graysonnocera/.cargo/registry/src/index.crates.io-6f17d22bba15001f/num-traits-0.2.19/src/float.rs:2080:1\n     |\n2080 | float_impl_std!(f64 integer_decode_f64);\n     | --------------------------------------- in this macro invocation\nnote: candidate #2 is defined in an impl of the trait `FloatCore` for the type `f64`\n    --> /Users/graysonnocera/.cargo/registry/src/index.crates.io-6f17d22bba15001f/num-traits-0.2.19/src/macros.rs:9:13\n     |\n9    |               fn $method(self $( , $arg : $ty )* ) -> $ret {\n     |               ^^^^^^^^^^^^^^^^^^^^^^^^^^^^^^^^^^^^^^^^^^^^\n     |\n    ::: /Users/graysonnocera/.cargo/registry/src/index.crates.io-6f17d22bba15001f/num-traits-0.2.19/src/float.rs:898:5\n     |\n898  | /     forward! {\n899  | |         Self::floor(self) -> Self;\n900  | |         Self::ceil(self) -> Self;\n901  | |         Self::round(self) -> Self;\n...    |\n906  | |         Self::powi(self, n: i32) -> Self;\n907  | |     }\n     | |_____- in this macro invocation\n     = note: this error originates in the macro `float_impl_std` which comes from the expansion of the macro `forward` (in Nightly builds, run with -Z macro-backtrace for more info)\n\nerror[E0034]: multiple applicable items in scope\n    --> /Users/graysonnocera/.cargo/registry/src/index.crates.io-6f17d22bba15001f/num-traits-0.2.19/src/float.rs:1952:23\n     |\n1952 |                 Self::fract(self) -> Self;\n     |                       ^^^^^ multiple `fract` found\n...\n2080 | float_impl_std!(f64 integer_decode_f64);\n     | --------------------------------------- in this macro invocation\n     |\nnote: candidate #1 is defined in an impl of the trait `Float` for the type `f64`\n    --> /Users/graysonnocera/.cargo/registry/src/index.crates.io-6f17d22bba15001f/num-traits-0.2.19/src/macros.rs:9:13\n     |\n9    |             fn $method(self $( , $arg : $ty )* ) -> $ret {\n     |             ^^^^^^^^^^^^^^^^^^^^^^^^^^^^^^^^^^^^^^^^^^^^\n     |\n    ::: /Users/graysonnocera/.cargo/registry/src/index.crates.io-6f17d22bba15001f/num-traits-0.2.19/src/float.rs:2080:1\n     |\n2080 | float_impl_std!(f64 integer_decode_f64);\n     | --------------------------------------- in this macro invocation\nnote: candidate #2 is defined in an impl of the trait `FloatCore` for the type `f64`\n    --> /Users/graysonnocera/.cargo/registry/src/index.crates.io-6f17d22bba15001f/num-traits-0.2.19/src/macros.rs:9:13\n     |\n9    |               fn $method(self $( , $arg : $ty )* ) -> $ret {\n     |               ^^^^^^^^^^^^^^^^^^^^^^^^^^^^^^^^^^^^^^^^^^^^\n     |\n    ::: /Users/graysonnocera/.cargo/registry/src/index.crates.io-6f17d22bba15001f/num-traits-0.2.19/src/float.rs:898:5\n     |\n898  | /     forward! {\n899  | |         Self::floor(self) -> Self;\n900  | |         Self::ceil(self) -> Self;\n901  | |         Self::round(self) -> Self;\n...    |\n906  | |         Self::powi(self, n: i32) -> Self;\n907  | |     }\n     | |_____- in this macro invocation\n     = note: this error originates in the macro `float_impl_std` which comes from the expansion of the macro `forward` (in Nightly builds, run with -Z macro-backtrace for more info)\n\nerror[E0034]: multiple applicable items in scope\n    --> /Users/graysonnocera/.cargo/registry/src/index.crates.io-6f17d22bba15001f/num-traits-0.2.19/src/float.rs:1953:23\n     |\n1953 |                 Self::abs(self) -> Self;\n     |                       ^^^ multiple `abs` found\n...\n2080 | float_impl_std!(f64 integer_decode_f64);\n     | --------------------------------------- in this macro invocation\n     |\nnote: candidate #1 is defined in an impl of the trait `Float` for the type `f64`\n    --> /Users/graysonnocera/.cargo/registry/src/index.crates.io-6f17d22bba15001f/num-traits-0.2.19/src/macros.rs:9:13\n     |\n9    |             fn $method(self $( , $arg : $ty )* ) -> $ret {\n     |             ^^^^^^^^^^^^^^^^^^^^^^^^^^^^^^^^^^^^^^^^^^^^\n     |\n    ::: /Users/graysonnocera/.cargo/registry/src/index.crates.io-6f17d22bba15001f/num-traits-0.2.19/src/float.rs:2080:1\n     |\n2080 | float_impl_std!(f64 integer_decode_f64);\n     | --------------------------------------- in this macro invocation\nnote: candidate #2 is defined in an impl of the trait `FloatCore` for the type `f64`\n    --> /Users/graysonnocera/.cargo/registry/src/index.crates.io-6f17d22bba15001f/num-traits-0.2.19/src/macros.rs:9:13\n     |\n9    |               fn $method(self $( , $arg : $ty )* ) -> $ret {\n     |               ^^^^^^^^^^^^^^^^^^^^^^^^^^^^^^^^^^^^^^^^^^^^\n     |\n    ::: /Users/graysonnocera/.cargo/registry/src/index.crates.io-6f17d22bba15001f/num-traits-0.2.19/src/float.rs:898:5\n     |\n898  | /     forward! {\n899  | |         Self::floor(self) -> Self;\n900  | |         Self::ceil(self) -> Self;\n901  | |         Self::round(self) -> Self;\n...    |\n906  | |         Self::powi(self, n: i32) -> Self;\n907  | |     }\n     | |_____- in this macro invocation\n     = note: this error originates in the macro `float_impl_std` which comes from the expansion of the macro `forward` (in Nightly builds, run with -Z macro-backtrace for more info)\n\nerror[E0034]: multiple applicable items in scope\n    --> /Users/graysonnocera/.cargo/registry/src/index.crates.io-6f17d22bba15001f/num-traits-0.2.19/src/float.rs:1954:23\n     |\n1954 |                 Self::signum(self) -> Self;\n     |                       ^^^^^^ multiple `signum` found\n...\n2080 | float_impl_std!(f64 integer_decode_f64);\n     | --------------------------------------- in this macro invocation\n     |\nnote: candidate #1 is defined in an impl of the trait `Float` for the type `f64`\n    --> /Users/graysonnocera/.cargo/registry/src/index.crates.io-6f17d22bba15001f/num-traits-0.2.19/src/macros.rs:9:13\n     |\n9    |             fn $method(self $( , $arg : $ty )* ) -> $ret {\n     |             ^^^^^^^^^^^^^^^^^^^^^^^^^^^^^^^^^^^^^^^^^^^^\n     |\n    ::: /Users/graysonnocera/.cargo/registry/src/index.crates.io-6f17d22bba15001f/num-traits-0.2.19/src/float.rs:2080:1\n     |\n2080 | float_impl_std!(f64 integer_decode_f64);\n     | --------------------------------------- in this macro invocation\nnote: candidate #2 is defined in an impl of the trait `FloatCore` for the type `f64`\n    --> /Users/graysonnocera/.cargo/registry/src/index.crates.io-6f17d22bba15001f/num-traits-0.2.19/src/macros.rs:9:13\n     |\n9    |               fn $method(self $( , $arg : $ty )* ) -> $ret {\n     |               ^^^^^^^^^^^^^^^^^^^^^^^^^^^^^^^^^^^^^^^^^^^^\n     |\n    ::: /Users/graysonnocera/.cargo/registry/src/index.crates.io-6f17d22bba15001f/num-traits-0.2.19/src/float.rs:898:5\n     |\n898  | /     forward! {\n899  | |         Self::floor(self) -> Self;\n900  | |         Self::ceil(self) -> Self;\n901  | |         Self::round(self) -> Self;\n...    |\n906  | |         Self::powi(self, n: i32) -> Self;\n907  | |     }\n     | |_____- in this macro invocation\n     = note: this error originates in the macro `float_impl_std` which comes from the expansion of the macro `forward` (in Nightly builds, run with -Z macro-backtrace for more info)\n\nerror[E0034]: multiple applicable items in scope\n    --> /Users/graysonnocera/.cargo/registry/src/index.crates.io-6f17d22bba15001f/num-traits-0.2.19/src/float.rs:1959:23\n     |\n1959 |                 Self::powi(self, n: i32) -> Self;\n     |                       ^^^^ multiple `powi` found\n...\n2080 | float_impl_std!(f64 integer_decode_f64);\n     | --------------------------------------- in this macro invocation\n     |\nnote: candidate #1 is defined in an impl of the trait `Float` for the type `f64`\n    --> /Users/graysonnocera/.cargo/registry/src/index.crates.io-6f17d22bba15001f/num-traits-0.2.19/src/macros.rs:9:13\n     |\n9    |             fn $method(self $( , $arg : $ty )* ) -> $ret {\n     |             ^^^^^^^^^^^^^^^^^^^^^^^^^^^^^^^^^^^^^^^^^^^^\n     |\n    ::: /Users/graysonnocera/.cargo/registry/src/index.crates.io-6f17d22bba15001f/num-traits-0.2.19/src/float.rs:2080:1\n     |\n2080 | float_impl_std!(f64 integer_decode_f64);\n     | --------------------------------------- in this macro invocation\nnote: candidate #2 is defined in an impl of the trait `FloatCore` for the type `f64`\n    --> /Users/graysonnocera/.cargo/registry/src/index.crates.io-6f17d22bba15001f/num-traits-0.2.19/src/macros.rs:9:13\n     |\n9    |               fn $method(self $( , $arg : $ty )* ) -> $ret {\n     |               ^^^^^^^^^^^^^^^^^^^^^^^^^^^^^^^^^^^^^^^^^^^^\n     |\n    ::: /Users/graysonnocera/.cargo/registry/src/index.crates.io-6f17d22bba15001f/num-traits-0.2.19/src/float.rs:898:5\n     |\n898  | /     forward! {\n899  | |         Self::floor(self) -> Self;\n900  | |         Self::ceil(self) -> Self;\n901  | |         Self::round(self) -> Self;\n...    |\n906  | |         Self::powi(self, n: i32) -> Self;\n907  | |     }\n     | |_____- in this macro invocation\n     = note: this error originates in the macro `float_impl_std` which comes from the expansion of the macro `forward` (in Nightly builds, run with -Z macro-backtrace for more info)\n\nerror[E0308]: arguments to this function are incorrect\n  --> /Users/graysonnocera/.cargo/registry/src/index.crates.io-6f17d22bba15001f/num-traits-0.2.19/src/ops/euclid.rs:77:17\n   |\n77 |                 <$t>::div_euclid(*self, *v)\n   |                 ^^^^^^^^^^^^^^^^ -----  -- expected `&f32`, found `f32`\n   |                                  |\n   |                                  expected `&f32`, found `f32`\n...\n92 | euclid_forward_impl!(f32 f64);\n   | ----------------------------- in this macro invocation\n   |\nnote: method defined here\n  --> /Users/graysonnocera/.cargo/registry/src/index.crates.io-6f17d22bba15001f/num-traits-0.2.19/src/ops/euclid.rs:23:8\n   |\n23 |     fn div_euclid(&self, v: &Self) -> Self;\n   |        ^^^^^^^^^^\n   = note: this error originates in the macro `euclid_forward_impl` (in Nightly builds, run with -Z macro-backtrace for more info)\nhelp: consider removing deref here\n   |\n77 -                 <$t>::div_euclid(*self, *v)\n77 +                 <$t>::div_euclid(self, *v)\n   |\nhelp: consider removing deref here\n   |\n77 -                 <$t>::div_euclid(*self, *v)\n77 +                 <$t>::div_euclid(*self, v)\n   |\n\nerror[E0308]: arguments to this function are incorrect\n  --> /Users/graysonnocera/.cargo/registry/src/index.crates.io-6f17d22bba15001f/num-traits-0.2.19/src/ops/euclid.rs:82:17\n   |\n82 |                 <$t>::rem_euclid(*self, *v)\n   |                 ^^^^^^^^^^^^^^^^ -----  -- expected `&f32`, found `f32`\n   |                                  |\n   |                                  expected `&f32`, found `f32`\n...\n92 | euclid_forward_impl!(f32 f64);\n   | ----------------------------- in this macro invocation\n   |\nnote: method defined here\n  --> /Users/graysonnocera/.cargo/registry/src/index.crates.io-6f17d22bba15001f/num-traits-0.2.19/src/ops/euclid.rs:48:8\n   |\n48 |     fn rem_euclid(&self, v: &Self) -> Self;\n   |        ^^^^^^^^^^\n   = note: this error originates in the macro `euclid_forward_impl` (in Nightly builds, run with -Z macro-backtrace for more info)\nhelp: consider removing deref here\n   |\n82 -                 <$t>::rem_euclid(*self, *v)\n82 +                 <$t>::rem_euclid(self, *v)\n   |\nhelp: consider removing deref here\n   |\n82 -                 <$t>::rem_euclid(*self, *v)\n82 +                 <$t>::rem_euclid(*self, v)\n   |\n\nerror[E0308]: arguments to this function are incorrect\n  --> /Users/graysonnocera/.cargo/registry/src/index.crates.io-6f17d22bba15001f/num-traits-0.2.19/src/ops/euclid.rs:77:17\n   |\n77 |                 <$t>::div_euclid(*self, *v)\n   |                 ^^^^^^^^^^^^^^^^ -----  -- expected `&f64`, found `f64`\n   |                                  |\n   |                                  expected `&f64`, found `f64`\n...\n92 | euclid_forward_impl!(f32 f64);\n   | ----------------------------- in this macro invocation\n   |\nnote: method defined here\n  --> /Users/graysonnocera/.cargo/registry/src/index.crates.io-6f17d22bba15001f/num-traits-0.2.19/src/ops/euclid.rs:23:8\n   |\n23 |     fn div_euclid(&self, v: &Self) -> Self;\n   |        ^^^^^^^^^^\n   = note: this error originates in the macro `euclid_forward_impl` (in Nightly builds, run with -Z macro-backtrace for more info)\nhelp: consider removing deref here\n   |\n77 -                 <$t>::div_euclid(*self, *v)\n77 +                 <$t>::div_euclid(self, *v)\n   |\nhelp: consider removing deref here\n   |\n77 -                 <$t>::div_euclid(*self, *v)\n77 +                 <$t>::div_euclid(*self, v)\n   |\n\nerror[E0308]: arguments to this function are incorrect\n  --> /Users/graysonnocera/.cargo/registry/src/index.crates.io-6f17d22bba15001f/num-traits-0.2.19/src/ops/euclid.rs:82:17\n   |\n82 |                 <$t>::rem_euclid(*self, *v)\n   |                 ^^^^^^^^^^^^^^^^ -----  -- expected `&f64`, found `f64`\n   |                                  |\n   |                                  expected `&f64`, found `f64`\n...\n92 | euclid_forward_impl!(f32 f64);\n   | ----------------------------- in this macro invocation\n   |\nnote: method defined here\n  --> /Users/graysonnocera/.cargo/registry/src/index.crates.io-6f17d22bba15001f/num-traits-0.2.19/src/ops/euclid.rs:48:8\n   |\n48 |     fn rem_euclid(&self, v: &Self) -> Self;\n   |        ^^^^^^^^^^\n   = note: this error originates in the macro `euclid_forward_impl` (in Nightly builds, run with -Z macro-backtrace for more info)\nhelp: consider removing deref here\n   |\n82 -                 <$t>::rem_euclid(*self, *v)\n82 +                 <$t>::rem_euclid(self, *v)\n   |\nhelp: consider removing deref here\n   |\n82 -                 <$t>::rem_euclid(*self, *v)\n82 +                 <$t>::rem_euclid(*self, v)\n   |\n\nSome errors have detailed explanations: E0034, E0308, E0463.\nFor more information about an error, try `rustc --explain E0034`.\nerror: could not compile `num-traits` (lib) due to 37 previous errors\n",
      "stdout": ""
    },
    "features": [
      "std"
    ],
    "project": "../../../Downloads/695-Project/dataset/nostd-failed-crates/crates/vectors-0.3.0/src",
    "time_to_build": 686,
    "time_to_solve": 132
  }
]