[
  {
    "built_with_features": null,
    "command": {
      "args": [
        "build",
        "--target",
        "thumbv7m-none-eabi",
        "--no-default-features"
      ],
      "code": 101,
      "stderr": "   Compiling serde v1.0.183\n   Compiling bech32 v0.9.1\n   Compiling num-traits v0.2.16\n   Compiling hex v0.4.3\n   Compiling log v0.4.20\n   Compiling hashbrown v0.8.2\n   Compiling anyhow v1.0.75\n   Compiling ahash v0.3.8\n   Compiling syn v2.0.29\n   Compiling secp256k1-sys v0.6.1\nerror[E0463]: can't find crate for `std`\n  |\n  = note: the `thumbv7m-none-eabi` target may not support the standard library\n  = note: `std` is required by `log` because it does not declare `#![no_std]`\n\nerror: cannot find macro `panic` in this scope\n  --> /Users/graysonnocera/.cargo/registry/src/index.crates.io-6f17d22bba15001f/log-0.4.20/src/__private_api.rs:17:9\n   |\n17 |         panic!(\n   |         ^^^^^\n\nerror: cannot find attribute `derive` in this scope\n    --> /Users/graysonnocera/.cargo/registry/src/index.crates.io-6f17d22bba15001f/log-0.4.20/src/lib.rs:1444:3\n     |\n1444 | #[derive(Debug, PartialEq, Eq)]\n     |   ^^^^^^\n\nerror: cannot find attribute `derive` in this scope\n    --> /Users/graysonnocera/.cargo/registry/src/index.crates.io-6f17d22bba15001f/log-0.4.20/src/lib.rs:1427:3\n     |\n1427 | #[derive(Debug)]\n     |   ^^^^^^\n\nerror: cannot find macro `unreachable` in this scope\n    --> /Users/graysonnocera/.cargo/registry/src/index.crates.io-6f17d22bba15001f/log-0.4.20/src/lib.rs:1417:13\n     |\n1417 |             unreachable!(\"set_logger_racy must not be used with other initialization functions\")\n     |             ^^^^^^^^^^^\n\nerror: cannot find attribute `derive` in this scope\n    --> /Users/graysonnocera/.cargo/registry/src/index.crates.io-6f17d22bba15001f/log-0.4.20/src/lib.rs:1078:3\n     |\n1078 | #[derive(Eq, PartialEq, Ord, PartialOrd, Hash, Debug)]\n     |   ^^^^^^\n\nerror: cannot find attribute `derive` in this scope\n    --> /Users/graysonnocera/.cargo/registry/src/index.crates.io-6f17d22bba15001f/log-0.4.20/src/lib.rs:1036:3\n     |\n1036 | #[derive(Clone, Eq, PartialEq, Ord, PartialOrd, Hash, Debug)]\n     |   ^^^^^^\n\nerror: cannot find macro `format_args` in this scope\n   --> /Users/graysonnocera/.cargo/registry/src/index.crates.io-6f17d22bba15001f/log-0.4.20/src/lib.rs:903:23\n    |\n903 |                 args: format_args!(\"\"),\n    |                       ^^^^^^^^^^^\n\nerror: cannot find attribute `derive` in this scope\n   --> /Users/graysonnocera/.cargo/registry/src/index.crates.io-6f17d22bba15001f/log-0.4.20/src/lib.rs:881:3\n    |\n881 | #[derive(Debug)]\n    |   ^^^^^^\n\nerror: cannot find attribute `derive` in this scope\n   --> /Users/graysonnocera/.cargo/registry/src/index.crates.io-6f17d22bba15001f/log-0.4.20/src/lib.rs:720:3\n    |\n720 | #[derive(Clone, Debug)]\n    |   ^^^^^^\n\nerror: cannot find attribute `derive` in this scope\n   --> /Users/graysonnocera/.cargo/registry/src/index.crates.io-6f17d22bba15001f/log-0.4.20/src/lib.rs:659:3\n    |\n659 | #[derive(Copy, Clone, Eq, PartialEq, Ord, PartialOrd, Hash, Debug)]\n    |   ^^^^^^\n\nerror: cannot find attribute `derive` in this scope\n   --> /Users/graysonnocera/.cargo/registry/src/index.crates.io-6f17d22bba15001f/log-0.4.20/src/lib.rs:557:3\n    |\n557 | #[derive(Clone, Copy, PartialEq, Eq, PartialOrd, Ord, Debug, Hash)]\n    |   ^^^^^^\n\nerror: cannot find attribute `derive` in this scope\n   --> /Users/graysonnocera/.cargo/registry/src/index.crates.io-6f17d22bba15001f/log-0.4.20/src/lib.rs:428:3\n    |\n428 | #[derive(Clone, Copy, PartialEq, Eq, PartialOrd, Ord, Debug, Hash)]\n    |   ^^^^^^\n\nerror[E0405]: cannot find trait `PartialEq` in this scope\n   --> /Users/graysonnocera/.cargo/registry/src/index.crates.io-6f17d22bba15001f/log-0.4.20/src/lib.rs:455:6\n    |\n455 | impl PartialEq<LevelFilter> for Level {\n    |      ^^^^^^^^^ not found in this scope\n\nerror[E0405]: cannot find trait `PartialOrd` in this scope\n   --> /Users/graysonnocera/.cargo/registry/src/index.crates.io-6f17d22bba15001f/log-0.4.20/src/lib.rs:462:6\n    |\n462 | impl PartialOrd<LevelFilter> for Level {\n    |      ^^^^^^^^^^ not found in this scope\n\nerror[E0412]: cannot find type `Option` in this scope\n   --> /Users/graysonnocera/.cargo/registry/src/index.crates.io-6f17d22bba15001f/log-0.4.20/src/lib.rs:464:51\n    |\n464 |     fn partial_cmp(&self, other: &LevelFilter) -> Option<cmp::Ordering> {\n    |                                                   ^^^^^^ not found in this scope\n\nerror[E0412]: cannot find type `Option` in this scope\n   --> /Users/graysonnocera/.cargo/registry/src/index.crates.io-6f17d22bba15001f/log-0.4.20/src/lib.rs:469:19\n    |\n469 | fn ok_or<T, E>(t: Option<T>, e: E) -> Result<T, E> {\n    |                   ^^^^^^ not found in this scope\n\nerror[E0412]: cannot find type `Result` in this scope\n   --> /Users/graysonnocera/.cargo/registry/src/index.crates.io-6f17d22bba15001f/log-0.4.20/src/lib.rs:469:39\n    |\n469 | fn ok_or<T, E>(t: Option<T>, e: E) -> Result<T, E> {\n    |                                       ^^^^^^ not found in this scope\n\nerror[E0531]: cannot find tuple struct or tuple variant `Some` in this scope\n   --> /Users/graysonnocera/.cargo/registry/src/index.crates.io-6f17d22bba15001f/log-0.4.20/src/lib.rs:471:9\n    |\n471 |         Some(t) => Ok(t),\n    |         ^^^^ not found in this scope\n\nerror[E0412]: cannot find type `Result` in this scope\n   --> /Users/graysonnocera/.cargo/registry/src/index.crates.io-6f17d22bba15001f/log-0.4.20/src/lib.rs:478:33\n    |\n478 |     fn from_str(level: &str) -> Result<Level, Self::Err> {\n    |                                 ^^^^^^ not found in this scope\n\nerror[E0412]: cannot find type `Option` in this scope\n   --> /Users/graysonnocera/.cargo/registry/src/index.crates.io-6f17d22bba15001f/log-0.4.20/src/lib.rs:499:32\n    |\n499 |     fn from_usize(u: usize) -> Option<Level> {\n    |                                ^^^^^^ not found in this scope\n\nerror[E0425]: cannot find value `None` in this scope\n   --> /Users/graysonnocera/.cargo/registry/src/index.crates.io-6f17d22bba15001f/log-0.4.20/src/lib.rs:506:18\n    |\n506 |             _ => None,\n    |                  ^^^^ not found in this scope\n\nerror[E0405]: cannot find trait `Iterator` in this scope\n   --> /Users/graysonnocera/.cargo/registry/src/index.crates.io-6f17d22bba15001f/log-0.4.20/src/lib.rs:543:27\n    |\n543 |     pub fn iter() -> impl Iterator<Item = Self> {\n    |                           ^^^^^^^^ not found in this scope\n\nerror[E0405]: cannot find trait `PartialEq` in this scope\n   --> /Users/graysonnocera/.cargo/registry/src/index.crates.io-6f17d22bba15001f/log-0.4.20/src/lib.rs:573:6\n    |\n573 | impl PartialEq<Level> for LevelFilter {\n    |      ^^^^^^^^^ not found in this scope\n\nerror[E0405]: cannot find trait `PartialOrd` in this scope\n   --> /Users/graysonnocera/.cargo/registry/src/index.crates.io-6f17d22bba15001f/log-0.4.20/src/lib.rs:580:6\n    |\n580 | impl PartialOrd<Level> for LevelFilter {\n    |      ^^^^^^^^^^ not found in this scope\n\nerror[E0412]: cannot find type `Option` in this scope\n   --> /Users/graysonnocera/.cargo/registry/src/index.crates.io-6f17d22bba15001f/log-0.4.20/src/lib.rs:582:45\n    |\n582 |     fn partial_cmp(&self, other: &Level) -> Option<cmp::Ordering> {\n    |                                             ^^^^^^ not found in this scope\n\nerror[E0412]: cannot find type `Result` in this scope\n   --> /Users/graysonnocera/.cargo/registry/src/index.crates.io-6f17d22bba15001f/log-0.4.20/src/lib.rs:589:33\n    |\n589 |     fn from_str(level: &str) -> Result<LevelFilter, Self::Err> {\n    |                                 ^^^^^^ not found in this scope\n\nerror[E0412]: cannot find type `Option` in this scope\n   --> /Users/graysonnocera/.cargo/registry/src/index.crates.io-6f17d22bba15001f/log-0.4.20/src/lib.rs:607:32\n    |\n607 |     fn from_usize(u: usize) -> Option<LevelFilter> {\n    |                                ^^^^^^ not found in this scope\n\nerror[E0425]: cannot find value `None` in this scope\n   --> /Users/graysonnocera/.cargo/registry/src/index.crates.io-6f17d22bba15001f/log-0.4.20/src/lib.rs:615:18\n    |\n615 |             _ => None,\n    |                  ^^^^ not found in this scope\n\nerror[E0412]: cannot find type `Option` in this scope\n   --> /Users/graysonnocera/.cargo/registry/src/index.crates.io-6f17d22bba15001f/log-0.4.20/src/lib.rs:629:31\n    |\n629 |     pub fn to_level(&self) -> Option<Level> {\n    |                               ^^^^^^ not found in this scope\n\nerror[E0405]: cannot find trait `Iterator` in this scope\n   --> /Users/graysonnocera/.cargo/registry/src/index.crates.io-6f17d22bba15001f/log-0.4.20/src/lib.rs:654:27\n    |\n654 |     pub fn iter() -> impl Iterator<Item = Self> {\n    |                           ^^^^^^^^ not found in this scope\n\nerror[E0412]: cannot find type `Option` in this scope\n   --> /Users/graysonnocera/.cargo/registry/src/index.crates.io-6f17d22bba15001f/log-0.4.20/src/lib.rs:724:18\n    |\n724 |     module_path: Option<MaybeStaticStr<'a>>,\n    |                  ^^^^^^ not found in this scope\n\nerror[E0412]: cannot find type `Option` in this scope\n   --> /Users/graysonnocera/.cargo/registry/src/index.crates.io-6f17d22bba15001f/log-0.4.20/src/lib.rs:725:11\n    |\n725 |     file: Option<MaybeStaticStr<'a>>,\n    |           ^^^^^^ not found in this scope\n\nerror[E0412]: cannot find type `Option` in this scope\n   --> /Users/graysonnocera/.cargo/registry/src/index.crates.io-6f17d22bba15001f/log-0.4.20/src/lib.rs:726:11\n    |\n726 |     line: Option<u32>,\n    |           ^^^^^^ not found in this scope\n\nerror[E0412]: cannot find type `Option` in this scope\n   --> /Users/graysonnocera/.cargo/registry/src/index.crates.io-6f17d22bba15001f/log-0.4.20/src/lib.rs:781:34\n    |\n781 |     pub fn module_path(&self) -> Option<&'a str> {\n    |                                  ^^^^^^ not found in this scope\n\nerror[E0412]: cannot find type `Option` in this scope\n   --> /Users/graysonnocera/.cargo/registry/src/index.crates.io-6f17d22bba15001f/log-0.4.20/src/lib.rs:787:41\n    |\n787 |     pub fn module_path_static(&self) -> Option<&'static str> {\n    |                                         ^^^^^^ not found in this scope\n\nerror[E0531]: cannot find tuple struct or tuple variant `Some` in this scope\n   --> /Users/graysonnocera/.cargo/registry/src/index.crates.io-6f17d22bba15001f/log-0.4.20/src/lib.rs:789:13\n    |\n789 |             Some(MaybeStaticStr::Static(s)) => Some(s),\n    |             ^^^^ not found in this scope\n\nerror[E0425]: cannot find value `None` in this scope\n   --> /Users/graysonnocera/.cargo/registry/src/index.crates.io-6f17d22bba15001f/log-0.4.20/src/lib.rs:790:18\n    |\n790 |             _ => None,\n    |                  ^^^^ not found in this scope\n\nerror[E0412]: cannot find type `Option` in this scope\n   --> /Users/graysonnocera/.cargo/registry/src/index.crates.io-6f17d22bba15001f/log-0.4.20/src/lib.rs:796:27\n    |\n796 |     pub fn file(&self) -> Option<&'a str> {\n    |                           ^^^^^^ not found in this scope\n\nerror[E0412]: cannot find type `Option` in this scope\n   --> /Users/graysonnocera/.cargo/registry/src/index.crates.io-6f17d22bba15001f/log-0.4.20/src/lib.rs:802:34\n    |\n802 |     pub fn file_static(&self) -> Option<&'static str> {\n    |                                  ^^^^^^ not found in this scope\n\nerror[E0531]: cannot find tuple struct or tuple variant `Some` in this scope\n   --> /Users/graysonnocera/.cargo/registry/src/index.crates.io-6f17d22bba15001f/log-0.4.20/src/lib.rs:804:13\n    |\n804 |             Some(MaybeStaticStr::Static(s)) => Some(s),\n    |             ^^^^ not found in this scope\n\nerror[E0425]: cannot find value `None` in this scope\n   --> /Users/graysonnocera/.cargo/registry/src/index.crates.io-6f17d22bba15001f/log-0.4.20/src/lib.rs:805:18\n    |\n805 |             _ => None,\n    |                  ^^^^ not found in this scope\n\nerror[E0412]: cannot find type `Option` in this scope\n   --> /Users/graysonnocera/.cargo/registry/src/index.crates.io-6f17d22bba15001f/log-0.4.20/src/lib.rs:811:27\n    |\n811 |     pub fn line(&self) -> Option<u32> {\n    |                           ^^^^^^ not found in this scope\n\nerror[E0425]: cannot find value `None` in this scope\n   --> /Users/graysonnocera/.cargo/registry/src/index.crates.io-6f17d22bba15001f/log-0.4.20/src/lib.rs:905:30\n    |\n905 |                 module_path: None,\n    |                              ^^^^ not found in this scope\n\nerror[E0425]: cannot find value `None` in this scope\n   --> /Users/graysonnocera/.cargo/registry/src/index.crates.io-6f17d22bba15001f/log-0.4.20/src/lib.rs:906:23\n    |\n906 |                 file: None,\n    |                       ^^^^ not found in this scope\n\nerror[E0425]: cannot find value `None` in this scope\n   --> /Users/graysonnocera/.cargo/registry/src/index.crates.io-6f17d22bba15001f/log-0.4.20/src/lib.rs:907:23\n    |\n907 |                 line: None,\n    |                       ^^^^ not found in this scope\n\nerror[E0412]: cannot find type `Option` in this scope\n   --> /Users/graysonnocera/.cargo/registry/src/index.crates.io-6f17d22bba15001f/log-0.4.20/src/lib.rs:944:41\n    |\n944 |     pub fn module_path(&mut self, path: Option<&'a str>) -> &mut RecordBuilder<'a> {\n    |                                         ^^^^^^ not found in this scope\n\nerror[E0412]: cannot find type `Option` in this scope\n   --> /Users/graysonnocera/.cargo/registry/src/index.crates.io-6f17d22bba15001f/log-0.4.20/src/lib.rs:951:48\n    |\n951 |     pub fn module_path_static(&mut self, path: Option<&'static str>) -> &mut RecordBuilder<'a> {\n    |                                                ^^^^^^ not found in this scope\n\nerror[E0412]: cannot find type `Option` in this scope\n   --> /Users/graysonnocera/.cargo/registry/src/index.crates.io-6f17d22bba15001f/log-0.4.20/src/lib.rs:958:34\n    |\n958 |     pub fn file(&mut self, file: Option<&'a str>) -> &mut RecordBuilder<'a> {\n    |                                  ^^^^^^ not found in this scope\n\nerror[E0412]: cannot find type `Option` in this scope\n   --> /Users/graysonnocera/.cargo/registry/src/index.crates.io-6f17d22bba15001f/log-0.4.20/src/lib.rs:965:41\n    |\n965 |     pub fn file_static(&mut self, file: Option<&'static str>) -> &mut RecordBuilder<'a> {\n    |                                         ^^^^^^ not found in this scope\n\nerror[E0412]: cannot find type `Option` in this scope\n   --> /Users/graysonnocera/.cargo/registry/src/index.crates.io-6f17d22bba15001f/log-0.4.20/src/lib.rs:972:34\n    |\n972 |     pub fn line(&mut self, line: Option<u32>) -> &mut RecordBuilder<'a> {\n    |                                  ^^^^^^ not found in this scope\n\nerror[E0405]: cannot find trait `Default` in this scope\n   --> /Users/graysonnocera/.cargo/registry/src/index.crates.io-6f17d22bba15001f/log-0.4.20/src/lib.rs:992:10\n    |\n992 | impl<'a> Default for RecordBuilder<'a> {\n    |          ^^^^^^^ not found in this scope\n\nerror[E0405]: cannot find trait `Default` in this scope\n    --> /Users/graysonnocera/.cargo/registry/src/index.crates.io-6f17d22bba15001f/log-0.4.20/src/lib.rs:1121:10\n     |\n1121 | impl<'a> Default for MetadataBuilder<'a> {\n     |          ^^^^^^^ not found in this scope\n\nerror[E0405]: cannot find trait `Sync` in this scope\n    --> /Users/graysonnocera/.cargo/registry/src/index.crates.io-6f17d22bba15001f/log-0.4.20/src/lib.rs:1128:16\n     |\n1128 | pub trait Log: Sync + Send {\n     |                ^^^^ not found in this scope\n\nerror[E0405]: cannot find trait `Send` in this scope\n    --> /Users/graysonnocera/.cargo/registry/src/index.crates.io-6f17d22bba15001f/log-0.4.20/src/lib.rs:1128:23\n     |\n1128 | pub trait Log: Sync + Send {\n     |                       ^^^^ not found in this scope\n\nerror[E0405]: cannot find trait `Sized` in this scope\n    --> /Users/graysonnocera/.cargo/registry/src/index.crates.io-6f17d22bba15001f/log-0.4.20/src/lib.rs:1170:9\n     |\n1170 |     T: ?Sized + Log,\n     |         ^^^^^ not found in this scope\n\nerror[E0405]: cannot find trait `Sized` in this scope\n    --> /Users/graysonnocera/.cargo/registry/src/index.crates.io-6f17d22bba15001f/log-0.4.20/src/lib.rs:1187:9\n     |\n1187 |     T: ?Sized + Log,\n     |         ^^^^^ not found in this scope\n\nerror[E0405]: cannot find trait `Sized` in this scope\n    --> /Users/graysonnocera/.cargo/registry/src/index.crates.io-6f17d22bba15001f/log-0.4.20/src/lib.rs:1204:9\n     |\n1204 |     T: ?Sized + Log,\n     |         ^^^^^ not found in this scope\n\nerror[E0412]: cannot find type `Box` in this scope\n    --> /Users/graysonnocera/.cargo/registry/src/index.crates.io-6f17d22bba15001f/log-0.4.20/src/lib.rs:1294:33\n     |\n1294 | pub fn set_boxed_logger(logger: Box<dyn Log>) -> Result<(), SetLoggerError> {\n     |                                 ^^^ not found in this scope\n\nerror[E0412]: cannot find type `Result` in this scope\n    --> /Users/graysonnocera/.cargo/registry/src/index.crates.io-6f17d22bba15001f/log-0.4.20/src/lib.rs:1294:50\n     |\n1294 | pub fn set_boxed_logger(logger: Box<dyn Log>) -> Result<(), SetLoggerError> {\n     |                                                  ^^^^^^ not found in this scope\n\nerror[E0412]: cannot find type `Result` in this scope\n    --> /Users/graysonnocera/.cargo/registry/src/index.crates.io-6f17d22bba15001f/log-0.4.20/src/lib.rs:1352:48\n     |\n1352 | pub fn set_logger(logger: &'static dyn Log) -> Result<(), SetLoggerError> {\n     |                                                ^^^^^^ not found in this scope\n\nerror[E0405]: cannot find trait `FnOnce` in this scope\n    --> /Users/graysonnocera/.cargo/registry/src/index.crates.io-6f17d22bba15001f/log-0.4.20/src/lib.rs:1359:8\n     |\n1359 |     F: FnOnce() -> &'static dyn Log,\n     |        ^^^^^^ not found in this scope\n\nerror[E0412]: cannot find type `Result` in this scope\n    --> /Users/graysonnocera/.cargo/registry/src/index.crates.io-6f17d22bba15001f/log-0.4.20/src/lib.rs:1357:43\n     |\n1357 | fn set_logger_inner<F>(make_logger: F) -> Result<(), SetLoggerError>\n     |                                           ^^^^^^ not found in this scope\n\nerror[E0531]: cannot find tuple struct or tuple variant `Ok` in this scope\n    --> /Users/graysonnocera/.cargo/registry/src/index.crates.io-6f17d22bba15001f/log-0.4.20/src/lib.rs:1367:9\n     |\n1367 |         Ok(s) | Err(s) => s,\n     |         ^^ not found in this scope\n\nerror[E0531]: cannot find tuple struct or tuple variant `Err` in this scope\n    --> /Users/graysonnocera/.cargo/registry/src/index.crates.io-6f17d22bba15001f/log-0.4.20/src/lib.rs:1367:17\n     |\n1367 |         Ok(s) | Err(s) => s,\n     |                 ^^^ not found in this scope\n\nerror[E0412]: cannot find type `Result` in this scope\n    --> /Users/graysonnocera/.cargo/registry/src/index.crates.io-6f17d22bba15001f/log-0.4.20/src/lib.rs:1408:60\n     |\n1408 | pub unsafe fn set_logger_racy(logger: &'static dyn Log) -> Result<(), SetLoggerError> {\n     |                                                            ^^^^^^ not found in this scope\n\nerror: requires `sized` lang_item\n\nerror: requires `sized` lang_item\n  --> /Users/graysonnocera/.cargo/registry/src/index.crates.io-6f17d22bba15001f/log-0.4.20/src/__private_api.rs:12:35\n   |\n12 |     &(target, module_path, file): &(&str, &'static str, &'static str),\n   |                                   ^^^^^^^^^^^^^^^^^^^^^^^^^^^^^^^^^^^\n\nerror[E0433]: failed to resolve: use of undeclared type `Box`\n    --> /Users/graysonnocera/.cargo/registry/src/index.crates.io-6f17d22bba15001f/log-0.4.20/src/lib.rs:1295:25\n     |\n1295 |     set_logger_inner(|| Box::leak(logger))\n     |                         ^^^ use of undeclared type `Box`\n\nerror[E0425]: cannot find function, tuple struct or tuple variant `Some` in this scope\n   --> /Users/graysonnocera/.cargo/registry/src/index.crates.io-6f17d22bba15001f/log-0.4.20/src/lib.rs:465:9\n    |\n465 |         Some((*self as usize).cmp(&(*other as usize)))\n    |         ^^^^ not found in this scope\n\nerror[E0425]: cannot find function, tuple struct or tuple variant `Ok` in this scope\n   --> /Users/graysonnocera/.cargo/registry/src/index.crates.io-6f17d22bba15001f/log-0.4.20/src/lib.rs:471:20\n    |\n471 |         Some(t) => Ok(t),\n    |                    ^^ not found in this scope\n\nerror[E0425]: cannot find function, tuple struct or tuple variant `Err` in this scope\n   --> /Users/graysonnocera/.cargo/registry/src/index.crates.io-6f17d22bba15001f/log-0.4.20/src/lib.rs:472:17\n    |\n472 |         None => Err(e),\n    |                 ^^^ not found in this scope\n\nerror[E0425]: cannot find function, tuple struct or tuple variant `Some` in this scope\n   --> /Users/graysonnocera/.cargo/registry/src/index.crates.io-6f17d22bba15001f/log-0.4.20/src/lib.rs:501:18\n    |\n501 |             1 => Some(Level::Error),\n    |                  ^^^^ not found in this scope\n\nerror[E0425]: cannot find function, tuple struct or tuple variant `Some` in this scope\n   --> /Users/graysonnocera/.cargo/registry/src/index.crates.io-6f17d22bba15001f/log-0.4.20/src/lib.rs:502:18\n    |\n502 |             2 => Some(Level::Warn),\n    |                  ^^^^ not found in this scope\n\nerror[E0425]: cannot find function, tuple struct or tuple variant `Some` in this scope\n   --> /Users/graysonnocera/.cargo/registry/src/index.crates.io-6f17d22bba15001f/log-0.4.20/src/lib.rs:503:18\n    |\n503 |             3 => Some(Level::Info),\n    |                  ^^^^ not found in this scope\n\nerror[E0425]: cannot find function, tuple struct or tuple variant `Some` in this scope\n   --> /Users/graysonnocera/.cargo/registry/src/index.crates.io-6f17d22bba15001f/log-0.4.20/src/lib.rs:504:18\n    |\n504 |             4 => Some(Level::Debug),\n    |                  ^^^^ not found in this scope\n\nerror[E0425]: cannot find function, tuple struct or tuple variant `Some` in this scope\n   --> /Users/graysonnocera/.cargo/registry/src/index.crates.io-6f17d22bba15001f/log-0.4.20/src/lib.rs:505:18\n    |\n505 |             5 => Some(Level::Trace),\n    |                  ^^^^ not found in this scope\n\nerror[E0425]: cannot find function, tuple struct or tuple variant `Some` in this scope\n   --> /Users/graysonnocera/.cargo/registry/src/index.crates.io-6f17d22bba15001f/log-0.4.20/src/lib.rs:583:9\n    |\n583 |         Some((*self as usize).cmp(&(*other as usize)))\n    |         ^^^^ not found in this scope\n\nerror[E0425]: cannot find function, tuple struct or tuple variant `Some` in this scope\n   --> /Users/graysonnocera/.cargo/registry/src/index.crates.io-6f17d22bba15001f/log-0.4.20/src/lib.rs:609:18\n    |\n609 |             0 => Some(LevelFilter::Off),\n    |                  ^^^^ not found in this scope\n\nerror[E0425]: cannot find function, tuple struct or tuple variant `Some` in this scope\n   --> /Users/graysonnocera/.cargo/registry/src/index.crates.io-6f17d22bba15001f/log-0.4.20/src/lib.rs:610:18\n    |\n610 |             1 => Some(LevelFilter::Error),\n    |                  ^^^^ not found in this scope\n\nerror[E0425]: cannot find function, tuple struct or tuple variant `Some` in this scope\n   --> /Users/graysonnocera/.cargo/registry/src/index.crates.io-6f17d22bba15001f/log-0.4.20/src/lib.rs:611:18\n    |\n611 |             2 => Some(LevelFilter::Warn),\n    |                  ^^^^ not found in this scope\n\nerror[E0425]: cannot find function, tuple struct or tuple variant `Some` in this scope\n   --> /Users/graysonnocera/.cargo/registry/src/index.crates.io-6f17d22bba15001f/log-0.4.20/src/lib.rs:612:18\n    |\n612 |             3 => Some(LevelFilter::Info),\n    |                  ^^^^ not found in this scope\n\nerror[E0425]: cannot find function, tuple struct or tuple variant `Some` in this scope\n   --> /Users/graysonnocera/.cargo/registry/src/index.crates.io-6f17d22bba15001f/log-0.4.20/src/lib.rs:613:18\n    |\n613 |             4 => Some(LevelFilter::Debug),\n    |                  ^^^^ not found in this scope\n\nerror[E0425]: cannot find function, tuple struct or tuple variant `Some` in this scope\n   --> /Users/graysonnocera/.cargo/registry/src/index.crates.io-6f17d22bba15001f/log-0.4.20/src/lib.rs:614:18\n    |\n614 |             5 => Some(LevelFilter::Trace),\n    |                  ^^^^ not found in this scope\n\nerror[E0425]: cannot find function, tuple struct or tuple variant `Some` in this scope\n   --> /Users/graysonnocera/.cargo/registry/src/index.crates.io-6f17d22bba15001f/log-0.4.20/src/lib.rs:789:48\n    |\n789 |             Some(MaybeStaticStr::Static(s)) => Some(s),\n    |                                                ^^^^ not found in this scope\n\nerror[E0425]: cannot find function, tuple struct or tuple variant `Some` in this scope\n   --> /Users/graysonnocera/.cargo/registry/src/index.crates.io-6f17d22bba15001f/log-0.4.20/src/lib.rs:804:48\n    |\n804 |             Some(MaybeStaticStr::Static(s)) => Some(s),\n    |                                                ^^^^ not found in this scope\n\nerror[E0425]: cannot find function, tuple struct or tuple variant `Ok` in this scope\n    --> /Users/graysonnocera/.cargo/registry/src/index.crates.io-6f17d22bba15001f/log-0.4.20/src/lib.rs:1375:13\n     |\n1375 |             Ok(())\n     |             ^^ not found in this scope\n\nerror[E0425]: cannot find function, tuple struct or tuple variant `Err` in this scope\n    --> /Users/graysonnocera/.cargo/registry/src/index.crates.io-6f17d22bba15001f/log-0.4.20/src/lib.rs:1383:13\n     |\n1383 |             Err(SetLoggerError(()))\n     |             ^^^ not found in this scope\n\nerror[E0425]: cannot find function, tuple struct or tuple variant `Err` in this scope\n    --> /Users/graysonnocera/.cargo/registry/src/index.crates.io-6f17d22bba15001f/log-0.4.20/src/lib.rs:1385:14\n     |\n1385 |         _ => Err(SetLoggerError(())),\n     |              ^^^ not found in this scope\n\nerror[E0425]: cannot find function, tuple struct or tuple variant `Ok` in this scope\n    --> /Users/graysonnocera/.cargo/registry/src/index.crates.io-6f17d22bba15001f/log-0.4.20/src/lib.rs:1413:13\n     |\n1413 |             Ok(())\n     |             ^^ not found in this scope\n\nerror[E0425]: cannot find function, tuple struct or tuple variant `Err` in this scope\n    --> /Users/graysonnocera/.cargo/registry/src/index.crates.io-6f17d22bba15001f/log-0.4.20/src/lib.rs:1419:14\n     |\n1419 |         _ => Err(SetLoggerError(())),\n     |              ^^^ not found in this scope\n\nerror[E0425]: cannot find function, tuple struct or tuple variant `Some` in this scope\n  --> /Users/graysonnocera/.cargo/registry/src/index.crates.io-6f17d22bba15001f/log-0.4.20/src/__private_api.rs:27:33\n   |\n27 |             .module_path_static(Some(module_path))\n   |                                 ^^^^ not found in this scope\n\nerror[E0425]: cannot find function, tuple struct or tuple variant `Some` in this scope\n  --> /Users/graysonnocera/.cargo/registry/src/index.crates.io-6f17d22bba15001f/log-0.4.20/src/__private_api.rs:28:26\n   |\n28 |             .file_static(Some(file))\n   |                          ^^^^ not found in this scope\n\nerror[E0425]: cannot find function, tuple struct or tuple variant `Some` in this scope\n  --> /Users/graysonnocera/.cargo/registry/src/index.crates.io-6f17d22bba15001f/log-0.4.20/src/__private_api.rs:29:19\n   |\n29 |             .line(Some(line))\n   |                   ^^^^ not found in this scope\n\nSome errors have detailed explanations: E0405, E0412, E0425, E0433, E0463, E0531.\nFor more information about an error, try `rustc --explain E0405`.\nerror: could not compile `log` (lib) due to 94 previous errors\nwarning: build failed, waiting for other jobs to finish...\n",
      "stdout": ""
    },
    "features": [
      "std"
    ],
    "project": "../../../Downloads/695-Project/dataset/nostd-failed-crates/crates/vls-persist-0.10.0/src",
    "time_to_build": 2579,
    "time_to_solve": 133
  }
]