[
  {
    "built_with_features": "core",
    "command": {
      "args": [
        "build",
        "--target",
        "thumbv7m-none-eabi",
        "--no-default-features",
        "--features",
        "core"
      ],
      "code": 101,
      "stderr": "   Compiling region v3.0.2\n   Compiling backtrace v0.3.74\n   Compiling wasmer-vm-near v2.4.1\n   Compiling ptr_meta v0.1.4\n   Compiling darling_macro v0.20.10\n   Compiling thiserror v1.0.69\nerror[E0463]: can't find crate for `std`\n  |\n  = note: the `thumbv7m-none-eabi` target may not support the standard library\n  = note: `std` is required by `thiserror` because it does not declare `#![no_std]`\n\nerror[E0463]: can't find crate for `std`\n  |\n  = note: the `thumbv7m-none-eabi` target may not support the standard library\n  = note: `std` is required by `ptr_meta` because it does not declare `#![no_std]`\n\nerror[E0463]: can't find crate for `std`\n   --> /Users/graysonnocera/.cargo/registry/src/index.crates.io-6f17d22bba15001f/backtrace-0.3.74/src/lib.rs:103:1\n    |\n103 | extern crate std;\n    | ^^^^^^^^^^^^^^^^^ can't find crate\n    |\n    = note: the `thumbv7m-none-eabi` target may not support the standard library\n\nerror[E0463]: can't find crate for `std`\n  |\n  = note: the `thumbv7m-none-eabi` target may not support the standard library\n  = note: `std` is required by `region` because it does not declare `#![no_std]`\n\nerror[E0432]: unresolved imports `super::BytesOrWideString`, `super::ResolveWhat`, `super::SymbolName`\n --> /Users/graysonnocera/.cargo/registry/src/index.crates.io-6f17d22bba15001f/backtrace-0.3.74/src/symbolize/noop.rs:4:13\n  |\n4 | use super::{BytesOrWideString, ResolveWhat, SymbolName};\n  |             ^^^^^^^^^^^^^^^^^  ^^^^^^^^^^^  ^^^^^^^^^^\n\nerror[E0463]: can't find crate for `std`\n --> /Users/graysonnocera/.cargo/registry/src/index.crates.io-6f17d22bba15001f/region-3.0.2/src/error.rs:3:5\n  |\n3 | use std::error::Error as StdError;\n  |     ^^^ can't find crate\n  |\n  = note: the `thumbv7m-none-eabi` target may not support the standard library\n\nerror[E0463]: can't find crate for `std`\n --> /Users/graysonnocera/.cargo/registry/src/index.crates.io-6f17d22bba15001f/region-3.0.2/src/error.rs:4:5\n  |\n4 | use std::{fmt, io};\n  |     ^^^ can't find crate\n  |\n  = note: the `thumbv7m-none-eabi` target may not support the standard library\n\nerror[E0463]: can't find crate for `std`\n --> /Users/graysonnocera/.cargo/registry/src/index.crates.io-6f17d22bba15001f/region-3.0.2/src/page.rs:4:5\n  |\n4 | use std::sync::Once;\n  |     ^^^ can't find crate\n  |\n  = note: the `thumbv7m-none-eabi` target may not support the standard library\n\nerror: cannot find macro `debug_assert` in this scope\n  --> /Users/graysonnocera/.cargo/registry/src/index.crates.io-6f17d22bba15001f/region-3.0.2/src/alloc.rs:67:5\n   |\n67 |     debug_assert!(result.is_ok(), \"freeing region: {:?}\", result);\n   |     ^^^^^^^^^^^^\n   |\nhelp: consider importing this macro\n   |\n1  + use core::debug_assert;\n   |\n\nerror: cannot find attribute `derive` in this scope\n  --> /Users/graysonnocera/.cargo/registry/src/index.crates.io-6f17d22bba15001f/region-3.0.2/src/error.rs:10:3\n   |\n10 | #[derive(Debug)]\n   |   ^^^^^^\n   |\nhelp: consider importing this attribute macro\n   |\n3  + use core::prelude::rust_2024::derive;\n   |\n\nerror: cannot find macro `write` in this scope\n  --> /Users/graysonnocera/.cargo/registry/src/index.crates.io-6f17d22bba15001f/region-3.0.2/src/error.rs:32:32\n   |\n32 |       Error::UnmappedRegion => write!(f, \"Queried memory is unmapped\"),\n   |                                ^^^^^\n   |\nhelp: consider importing this macro\n   |\n3  + use core::write;\n   |\n\nerror: cannot find macro `write` in this scope\n  --> /Users/graysonnocera/.cargo/registry/src/index.crates.io-6f17d22bba15001f/region-3.0.2/src/error.rs:33:41\n   |\n33 |       Error::InvalidParameter(param) => write!(f, \"Invalid parameter value: {}\", param),\n   |                                         ^^^^^\n   |\nhelp: consider importing this macro\n   |\n3  + use core::write;\n   |\n\nerror: cannot find macro `write` in this scope\n  --> /Users/graysonnocera/.cargo/registry/src/index.crates.io-6f17d22bba15001f/region-3.0.2/src/error.rs:34:40\n   |\n34 |       Error::ProcfsInput(ref input) => write!(f, \"Invalid procfs input: {}\", input),\n   |                                        ^^^^^\n   |\nhelp: consider importing this macro\n   |\n3  + use core::write;\n   |\n\nerror: cannot find macro `write` in this scope\n  --> /Users/graysonnocera/.cargo/registry/src/index.crates.io-6f17d22bba15001f/region-3.0.2/src/error.rs:35:39\n   |\n35 |       Error::SystemCall(ref error) => write!(f, \"System call failed: {}\", error),\n   |                                       ^^^^^\n   |\nhelp: consider importing this macro\n   |\n3  + use core::write;\n   |\n\nerror: cannot find macro `write` in this scope\n  --> /Users/graysonnocera/.cargo/registry/src/index.crates.io-6f17d22bba15001f/region-3.0.2/src/error.rs:36:32\n   |\n36 |       Error::MachCall(code) => write!(f, \"macOS kernel call failed: {}\", code),\n   |                                ^^^^^\n   |\nhelp: consider importing this macro\n   |\n3  + use core::write;\n   |\n\nerror: cannot find macro `debug_assert` in this scope\n  --> /Users/graysonnocera/.cargo/registry/src/index.crates.io-6f17d22bba15001f/region-3.0.2/src/lock.rs:90:5\n   |\n90 |     debug_assert!(result.is_ok(), \"unlocking region: {:?}\", result);\n   |     ^^^^^^^^^^^^\n   |\nhelp: consider importing this macro\n   |\n1  + use core::debug_assert;\n   |\n\nerror: cannot find macro `debug_assert` in this scope\n   --> /Users/graysonnocera/.cargo/registry/src/index.crates.io-6f17d22bba15001f/region-3.0.2/src/protect.rs:153:5\n    |\n153 |     debug_assert!(result.is_ok(), \"restoring region protection: {:?}\", result);\n    |     ^^^^^^^^^^^^\n    |\nhelp: consider importing this macro\n    |\n1   + use core::debug_assert;\n    |\n\nerror: cannot find attribute `derive` in this scope\n   --> /Users/graysonnocera/.cargo/registry/src/index.crates.io-6f17d22bba15001f/region-3.0.2/src/lib.rs:104:3\n    |\n104 | #[derive(Debug, Clone, Copy, PartialEq, Eq)]\n    |   ^^^^^^\n    |\nhelp: consider importing this attribute macro\n    |\n85  + use core::prelude::rust_2024::derive;\n    |\n\nerror: cannot find derive macro `Copy` in this scope\n   --> /Users/graysonnocera/.cargo/registry/src/index.crates.io-6f17d22bba15001f/region-3.0.2/src/lib.rs:241:1\n    |\n241 | / bitflags! {\n242 | |   /// A bitflag of zero or more protection attributes.\n243 | |   ///\n244 | |   /// Determines the access rights for a specific page and/or region. Some\n...   |\n279 | |   }\n280 | | }\n    | |_^\n    |\n    = note: this error originates in the macro `bitflags` (in Nightly builds, run with -Z macro-backtrace for more info)\nhelp: consider importing this derive macro\n    |\n85  + use core::marker::Copy;\n    |\n\nerror: cannot find derive macro `PartialEq` in this scope\n   --> /Users/graysonnocera/.cargo/registry/src/index.crates.io-6f17d22bba15001f/region-3.0.2/src/lib.rs:241:1\n    |\n241 | / bitflags! {\n242 | |   /// A bitflag of zero or more protection attributes.\n243 | |   ///\n244 | |   /// Determines the access rights for a specific page and/or region. Some\n...   |\n279 | |   }\n280 | | }\n    | |_^\n    |\n    = note: this error originates in the macro `bitflags` (in Nightly builds, run with -Z macro-backtrace for more info)\nhelp: consider importing this derive macro\n    |\n85  + use core::cmp::PartialEq;\n    |\n\nerror: cannot find derive macro `Eq` in this scope\n   --> /Users/graysonnocera/.cargo/registry/src/index.crates.io-6f17d22bba15001f/region-3.0.2/src/lib.rs:241:1\n    |\n241 | / bitflags! {\n242 | |   /// A bitflag of zero or more protection attributes.\n243 | |   ///\n244 | |   /// Determines the access rights for a specific page and/or region. Some\n...   |\n279 | |   }\n280 | | }\n    | |_^\n    |\n    = note: this error originates in the macro `bitflags` (in Nightly builds, run with -Z macro-backtrace for more info)\nhelp: consider importing this derive macro\n    |\n85  + use core::cmp::Eq;\n    |\n\nerror: cannot find derive macro `Clone` in this scope\n   --> /Users/graysonnocera/.cargo/registry/src/index.crates.io-6f17d22bba15001f/region-3.0.2/src/lib.rs:241:1\n    |\n241 | / bitflags! {\n242 | |   /// A bitflag of zero or more protection attributes.\n243 | |   ///\n244 | |   /// Determines the access rights for a specific page and/or region. Some\n...   |\n279 | |   }\n280 | | }\n    | |_^\n    |\n    = note: this error originates in the macro `bitflags` (in Nightly builds, run with -Z macro-backtrace for more info)\nhelp: consider importing this derive macro\n    |\n85  + use core::clone::Clone;\n    |\n\nerror: cannot find derive macro `PartialOrd` in this scope\n   --> /Users/graysonnocera/.cargo/registry/src/index.crates.io-6f17d22bba15001f/region-3.0.2/src/lib.rs:241:1\n    |\n241 | / bitflags! {\n242 | |   /// A bitflag of zero or more protection attributes.\n243 | |   ///\n244 | |   /// Determines the access rights for a specific page and/or region. Some\n...   |\n279 | |   }\n280 | | }\n    | |_^\n    |\n    = note: this error originates in the macro `bitflags` (in Nightly builds, run with -Z macro-backtrace for more info)\nhelp: consider importing this derive macro\n    |\n85  + use core::cmp::PartialOrd;\n    |\n\nerror: cannot find derive macro `Ord` in this scope\n   --> /Users/graysonnocera/.cargo/registry/src/index.crates.io-6f17d22bba15001f/region-3.0.2/src/lib.rs:241:1\n    |\n241 | / bitflags! {\n242 | |   /// A bitflag of zero or more protection attributes.\n243 | |   ///\n244 | |   /// Determines the access rights for a specific page and/or region. Some\n...   |\n279 | |   }\n280 | | }\n    | |_^\n    |\n    = note: this error originates in the macro `bitflags` (in Nightly builds, run with -Z macro-backtrace for more info)\nhelp: consider importing this derive macro\n    |\n85  + use core::cmp::Ord;\n    |\n\nerror: cannot find derive macro `Hash` in this scope\n   --> /Users/graysonnocera/.cargo/registry/src/index.crates.io-6f17d22bba15001f/region-3.0.2/src/lib.rs:241:1\n    |\n241 | / bitflags! {\n242 | |   /// A bitflag of zero or more protection attributes.\n243 | |   ///\n244 | |   /// Determines the access rights for a specific page and/or region. Some\n...   |\n279 | |   }\n280 | | }\n    | |_^\n    |\n    = note: this error originates in the macro `bitflags` (in Nightly builds, run with -Z macro-backtrace for more info)\nhelp: consider importing this derive macro\n    |\n85  + use core::hash::Hash;\n    |\n\nerror: cannot find attribute `derive` in this scope\n   --> /Users/graysonnocera/.cargo/registry/src/index.crates.io-6f17d22bba15001f/region-3.0.2/src/lib.rs:261:5\n    |\n261 |   #[derive(Default)]\n    |     ^^^^^^\n    |\nhelp: consider importing this attribute macro\n    |\n85  + use core::prelude::rust_2024::derive;\n    |\n\nerror: cannot find attribute `derive` in this scope\n   --> /Users/graysonnocera/.cargo/registry/src/index.crates.io-6f17d22bba15001f/region-3.0.2/src/lib.rs:241:1\n    |\n241 | / bitflags! {\n242 | |   /// A bitflag of zero or more protection attributes.\n243 | |   ///\n244 | |   /// Determines the access rights for a specific page and/or region. Some\n...   |\n279 | |   }\n280 | | }\n    | |_^\n    |\n    = note: this error originates in the macro `bitflags` (in Nightly builds, run with -Z macro-backtrace for more info)\nhelp: consider importing this attribute macro\n    |\n85  + use core::prelude::rust_2024::derive;\n    |\n\nerror: cannot find macro `write` in this scope\n   --> /Users/graysonnocera/.cargo/registry/src/index.crates.io-6f17d22bba15001f/region-3.0.2/src/lib.rs:293:9\n    |\n293 |         write!(f, \"{}\", symbol)?;\n    |         ^^^^^\n    |\nhelp: consider importing this macro\n    |\n85  + use core::write;\n    |\n\nerror: cannot find macro `write` in this scope\n   --> /Users/graysonnocera/.cargo/registry/src/index.crates.io-6f17d22bba15001f/region-3.0.2/src/lib.rs:295:9\n    |\n295 |         write!(f, \"-\")?;\n    |         ^^^^^\n    |\nhelp: consider importing this macro\n    |\n85  + use core::write;\n    |\n\nerror[E0463]: can't find crate for `std`\n  --> /Users/graysonnocera/.cargo/registry/src/index.crates.io-6f17d22bba15001f/region-3.0.2/src/alloc.rs:35:36\n   |\n35 |   pub fn as_ptr_range<T>(&self) -> std::ops::Range<*const T> {\n   |                                    ^^^ can't find crate\n   |\n   = note: the `thumbv7m-none-eabi` target may not support the standard library\n\nerror[E0463]: can't find crate for `std`\n  --> /Users/graysonnocera/.cargo/registry/src/index.crates.io-6f17d22bba15001f/region-3.0.2/src/alloc.rs:42:44\n   |\n42 |   pub fn as_mut_ptr_range<T>(&mut self) -> std::ops::Range<*mut T> {\n   |                                            ^^^ can't find crate\n   |\n   = note: the `thumbv7m-none-eabi` target may not support the standard library\n\nerror[E0463]: can't find crate for `std`\n  --> /Users/graysonnocera/.cargo/registry/src/index.crates.io-6f17d22bba15001f/region-3.0.2/src/alloc.rs:49:29\n   |\n49 |   pub fn as_range(&self) -> std::ops::Range<usize> {\n   |                             ^^^ can't find crate\n   |\n   = note: the `thumbv7m-none-eabi` target may not support the standard library\n\nerror[E0463]: can't find crate for `std`\n   --> /Users/graysonnocera/.cargo/registry/src/index.crates.io-6f17d22bba15001f/region-3.0.2/src/alloc.rs:124:26\n    |\n124 |     let base = os::alloc(std::ptr::null::<()>(), size, protection)?;\n    |                          ^^^ can't find crate\n    |\n    = note: the `thumbv7m-none-eabi` target may not support the standard library\n\nerror: cannot find macro `thread_local` in this scope\n   --> /Users/graysonnocera/.cargo/registry/src/index.crates.io-6f17d22bba15001f/backtrace-0.3.74/src/lib.rs:155:5\n    |\n155 |     thread_local!(static LOCK_HELD: Cell<bool> = Cell::new(false));\n    |     ^^^^^^^^^^^^\n    |\n    = note: `thread_local` is in scope, but it is an attribute: `#[thread_local]`\n\nerror[E0463]: can't find crate for `std`\n --> /Users/graysonnocera/.cargo/registry/src/index.crates.io-6f17d22bba15001f/region-3.0.2/src/error.rs:7:22\n  |\n7 | pub type Result<T> = std::result::Result<T, Error>;\n  |                      ^^^ can't find crate\n  |\n  = note: the `thumbv7m-none-eabi` target may not support the standard library\n\nerror[E0433]: failed to resolve: use of undeclared type `String`\n  --> /Users/graysonnocera/.cargo/registry/src/index.crates.io-6f17d22bba15001f/backtrace-0.3.74/src/types.rs:37:30\n   |\n37 |             &Bytes(slice) => String::from_utf8_lossy(slice),\n   |                              ^^^^^^ use of undeclared type `String`\n   |\nhelp: consider importing this struct\n   |\n5  +         use alloc::string::String;\n   |\n\nerror[E0433]: failed to resolve: use of undeclared type `String`\n  --> /Users/graysonnocera/.cargo/registry/src/index.crates.io-6f17d22bba15001f/backtrace-0.3.74/src/types.rs:38:39\n   |\n38 |             &Wide(wide) => Cow::Owned(String::from_utf16_lossy(wide)),\n   |                                       ^^^^^^ use of undeclared type `String`\n   |\nhelp: consider importing this struct\n   |\n5  +         use alloc::string::String;\n   |\n\nerror[E0412]: cannot find type `Vec` in this scope\n  --> /Users/graysonnocera/.cargo/registry/src/index.crates.io-6f17d22bba15001f/backtrace-0.3.74/src/capture.rs:29:13\n   |\n29 |     frames: Vec<BacktraceFrame>,\n   |             ^^^ not found in this scope\n   |\nhelp: consider importing this struct\n   |\n3  + use alloc::vec::Vec;\n   |\n\nerror[E0412]: cannot find type `Vec` in this scope\n   --> /Users/graysonnocera/.cargo/registry/src/index.crates.io-6f17d22bba15001f/backtrace-0.3.74/src/capture.rs:144:21\n    |\n144 |     symbols: Option<Vec<BacktraceSymbol>>,\n    |                     ^^^ not found in this scope\n    |\nhelp: consider importing this struct\n    |\n3   + use alloc::vec::Vec;\n    |\n\nerror[E0412]: cannot find type `Vec` in this scope\n   --> /Users/graysonnocera/.cargo/registry/src/index.crates.io-6f17d22bba15001f/backtrace-0.3.74/src/capture.rs:187:34\n    |\n187 |     fn resolve_symbols(&self) -> Vec<BacktraceSymbol> {\n    |                                  ^^^ not found in this scope\n    |\nhelp: consider importing this struct\n    |\n3   + use alloc::vec::Vec;\n    |\n\nerror[E0433]: failed to resolve: use of undeclared type `Vec`\n   --> /Users/graysonnocera/.cargo/registry/src/index.crates.io-6f17d22bba15001f/backtrace-0.3.74/src/capture.rs:188:27\n    |\n188 |         let mut symbols = Vec::new();\n    |                           ^^^ use of undeclared type `Vec`\n    |\nhelp: consider importing this struct\n    |\n3   + use alloc::vec::Vec;\n    |\n\nerror[E0412]: cannot find type `Vec` in this scope\n   --> /Users/graysonnocera/.cargo/registry/src/index.crates.io-6f17d22bba15001f/backtrace-0.3.74/src/capture.rs:221:18\n    |\n221 |     name: Option<Vec<u8>>,\n    |                  ^^^ not found in this scope\n    |\nhelp: consider importing this struct\n    |\n3   + use alloc::vec::Vec;\n    |\n\nerror[E0433]: failed to resolve: use of undeclared type `Vec`\n   --> /Users/graysonnocera/.cargo/registry/src/index.crates.io-6f17d22bba15001f/backtrace-0.3.74/src/capture.rs:291:26\n    |\n291 |         let mut frames = Vec::new();\n    |                          ^^^ use of undeclared type `Vec`\n    |\nhelp: consider importing this struct\n    |\n3   + use alloc::vec::Vec;\n    |\n\nerror[E0412]: cannot find type `Vec` in this scope\n   --> /Users/graysonnocera/.cargo/registry/src/index.crates.io-6f17d22bba15001f/backtrace-0.3.74/src/capture.rs:339:11\n    |\n339 | impl From<Vec<BacktraceFrame>> for Backtrace {\n    |           ^^^ not found in this scope\n    |\nhelp: consider importing this struct\n    |\n3   + use alloc::vec::Vec;\n    |\n\nerror[E0412]: cannot find type `Vec` in this scope\n   --> /Users/graysonnocera/.cargo/registry/src/index.crates.io-6f17d22bba15001f/backtrace-0.3.74/src/capture.rs:340:21\n    |\n340 |     fn from(frames: Vec<BacktraceFrame>) -> Self {\n    |                     ^^^ not found in this scope\n    |\nhelp: consider importing this struct\n    |\n3   + use alloc::vec::Vec;\n    |\n\nerror[E0412]: cannot find type `Vec` in this scope\n   --> /Users/graysonnocera/.cargo/registry/src/index.crates.io-6f17d22bba15001f/backtrace-0.3.74/src/capture.rs:357:11\n    |\n357 | impl Into<Vec<BacktraceFrame>> for Backtrace {\n    |           ^^^ not found in this scope\n    |\nhelp: consider importing this struct\n    |\n3   + use alloc::vec::Vec;\n    |\n\nerror[E0412]: cannot find type `Vec` in this scope\n   --> /Users/graysonnocera/.cargo/registry/src/index.crates.io-6f17d22bba15001f/backtrace-0.3.74/src/capture.rs:358:22\n    |\n358 |     fn into(self) -> Vec<BacktraceFrame> {\n    |                      ^^^ not found in this scope\n    |\nhelp: consider importing this struct\n    |\n3   + use alloc::vec::Vec;\n    |\n\nerror[E0425]: cannot find value `LOCK_HELD` in this scope\n   --> /Users/graysonnocera/.cargo/registry/src/index.crates.io-6f17d22bba15001f/backtrace-0.3.74/src/lib.rs:161:17\n    |\n161 |                 LOCK_HELD.with(|slot| {\n    |                 ^^^^^^^^^ not found in this scope\n\nerror[E0425]: cannot find value `LOCK_HELD` in this scope\n   --> /Users/graysonnocera/.cargo/registry/src/index.crates.io-6f17d22bba15001f/backtrace-0.3.74/src/lib.rs:225:12\n    |\n225 |         if LOCK_HELD.with(|l| l.get()) {\n    |            ^^^^^^^^^ not found in this scope\n\nerror[E0425]: cannot find value `LOCK_HELD` in this scope\n   --> /Users/graysonnocera/.cargo/registry/src/index.crates.io-6f17d22bba15001f/backtrace-0.3.74/src/lib.rs:230:9\n    |\n230 |         LOCK_HELD.with(|s| s.set(true));\n    |         ^^^^^^^^^ not found in this scope\n\nSome errors have detailed explanations: E0412, E0425, E0432, E0433, E0463.\nFor more information about an error, try `rustc --explain E0412`.\nerror: could not compile `backtrace` (lib) due to 18 previous errors\nwarning: build failed, waiting for other jobs to finish...\nerror[E0463]: can't find crate for `std`\n  --> /Users/graysonnocera/.cargo/registry/src/index.crates.io-6f17d22bba15001f/region-3.0.2/src/query.rs:64:6\n   |\n64 | impl std::iter::FusedIterator for QueryIter {}\n   |      ^^^ can't find crate\n   |\n   = note: the `thumbv7m-none-eabi` target may not support the standard library\n\nerror[E0463]: can't find crate for `std`\n   --> /Users/graysonnocera/.cargo/registry/src/index.crates.io-6f17d22bba15001f/region-3.0.2/src/lib.rs:144:36\n    |\n144 |   pub fn as_ptr_range<T>(&self) -> std::ops::Range<*const T> {\n    |                                    ^^^ can't find crate\n    |\n    = note: the `thumbv7m-none-eabi` target may not support the standard library\n\nerror[E0463]: can't find crate for `std`\n   --> /Users/graysonnocera/.cargo/registry/src/index.crates.io-6f17d22bba15001f/region-3.0.2/src/lib.rs:151:44\n    |\n151 |   pub fn as_mut_ptr_range<T>(&mut self) -> std::ops::Range<*mut T> {\n    |                                            ^^^ can't find crate\n    |\n    = note: the `thumbv7m-none-eabi` target may not support the standard library\n\nerror[E0463]: can't find crate for `std`\n   --> /Users/graysonnocera/.cargo/registry/src/index.crates.io-6f17d22bba15001f/region-3.0.2/src/lib.rs:158:29\n    |\n158 |   pub fn as_range(&self) -> std::ops::Range<usize> {\n    |                             ^^^ can't find crate\n    |\n    = note: the `thumbv7m-none-eabi` target may not support the standard library\n\nerror[E0463]: can't find crate for `std`\n   --> /Users/graysonnocera/.cargo/registry/src/index.crates.io-6f17d22bba15001f/region-3.0.2/src/lib.rs:227:13\n    |\n227 |       base: std::ptr::null(),\n    |             ^^^ can't find crate\n    |\n    = note: the `thumbv7m-none-eabi` target may not support the standard library\n\nerror[E0463]: can't find crate for `std`\n   --> /Users/graysonnocera/.cargo/registry/src/index.crates.io-6f17d22bba15001f/region-3.0.2/src/lib.rs:282:6\n    |\n282 | impl std::fmt::Display for Protection {\n    |      ^^^ can't find crate\n    |\n    = note: the `thumbv7m-none-eabi` target may not support the standard library\n\nerror[E0463]: can't find crate for `std`\n   --> /Users/graysonnocera/.cargo/registry/src/index.crates.io-6f17d22bba15001f/region-3.0.2/src/lib.rs:284:25\n    |\n284 |   fn fmt(&self, f: &mut std::fmt::Formatter) -> std::fmt::Result {\n    |                         ^^^ can't find crate\n    |\n    = note: the `thumbv7m-none-eabi` target may not support the standard library\n\nerror[E0463]: can't find crate for `std`\n   --> /Users/graysonnocera/.cargo/registry/src/index.crates.io-6f17d22bba15001f/region-3.0.2/src/lib.rs:284:49\n    |\n284 |   fn fmt(&self, f: &mut std::fmt::Formatter) -> std::fmt::Result {\n    |                                                 ^^^ can't find crate\n    |\n    = note: the `thumbv7m-none-eabi` target may not support the standard library\n\nerror[E0405]: cannot find trait `Drop` in this scope\n  --> /Users/graysonnocera/.cargo/registry/src/index.crates.io-6f17d22bba15001f/region-3.0.2/src/alloc.rs:63:6\n   |\n63 | impl Drop for Allocation {\n   |      ^^^^ not found in this scope\n   |\nhelp: consider importing this trait\n   |\n1  + use core::ops::Drop;\n   |\n\nerror[E0425]: cannot find function `free` in module `os`\n  --> /Users/graysonnocera/.cargo/registry/src/index.crates.io-6f17d22bba15001f/region-3.0.2/src/alloc.rs:66:31\n   |\n66 |     let result = unsafe { os::free(self.base, self.size) };\n   |                               ^^^^ not found in `os`\n\nerror[E0425]: cannot find function, tuple struct or tuple variant `Err` in this scope\n   --> /Users/graysonnocera/.cargo/registry/src/index.crates.io-6f17d22bba15001f/region-3.0.2/src/alloc.rs:118:12\n    |\n118 |     return Err(Error::InvalidParameter(\"size\"));\n    |            ^^^ not found in this scope\n    |\nhelp: consider importing this tuple variant\n    |\n1   + use core::result::Result::Err;\n    |\n\nerror[E0425]: cannot find function `alloc` in module `os`\n   --> /Users/graysonnocera/.cargo/registry/src/index.crates.io-6f17d22bba15001f/region-3.0.2/src/alloc.rs:124:20\n    |\n124 |     let base = os::alloc(std::ptr::null::<()>(), size, protection)?;\n    |                    ^^^^^ not found in `os`\n    |\nhelp: consider importing this function through its public re-export\n    |\n1   + use crate::alloc;\n    |\nhelp: if you import `alloc`, refer to it directly\n    |\n124 -     let base = os::alloc(std::ptr::null::<()>(), size, protection)?;\n124 +     let base = alloc(std::ptr::null::<()>(), size, protection)?;\n    |\n\nerror[E0425]: cannot find function, tuple struct or tuple variant `Ok` in this scope\n   --> /Users/graysonnocera/.cargo/registry/src/index.crates.io-6f17d22bba15001f/region-3.0.2/src/alloc.rs:125:5\n    |\n125 |     Ok(Allocation { base, size })\n    |     ^^ not found in this scope\n    |\nhelp: consider importing this tuple variant\n    |\n1   + use core::result::Result::Ok;\n    |\n\nerror[E0425]: cannot find function `alloc` in module `os`\n   --> /Users/graysonnocera/.cargo/registry/src/index.crates.io-6f17d22bba15001f/region-3.0.2/src/alloc.rs:159:20\n    |\n159 |     let base = os::alloc(address.cast(), size, protection)?;\n    |                    ^^^^^ not found in `os`\n    |\nhelp: consider importing this function through its public re-export\n    |\n1   + use crate::alloc;\n    |\nhelp: if you import `alloc`, refer to it directly\n    |\n159 -     let base = os::alloc(address.cast(), size, protection)?;\n159 +     let base = alloc(address.cast(), size, protection)?;\n    |\n\nerror[E0425]: cannot find function, tuple struct or tuple variant `Ok` in this scope\n   --> /Users/graysonnocera/.cargo/registry/src/index.crates.io-6f17d22bba15001f/region-3.0.2/src/alloc.rs:160:5\n    |\n160 |     Ok(Allocation { base, size })\n    |     ^^ not found in this scope\n    |\nhelp: consider importing this tuple variant\n    |\n1   + use core::result::Result::Ok;\n    |\n\nerror[E0412]: cannot find type `String` in this scope\n  --> /Users/graysonnocera/.cargo/registry/src/index.crates.io-6f17d22bba15001f/region-3.0.2/src/error.rs:21:15\n   |\n21 |   ProcfsInput(String),\n   |               ^^^^^^ not found in this scope\n\nerror[E0412]: cannot find type `c_int` in crate `libc`\n  --> /Users/graysonnocera/.cargo/registry/src/index.crates.io-6f17d22bba15001f/region-3.0.2/src/error.rs:25:18\n   |\n25 |   MachCall(libc::c_int),\n   |                  ^^^^^ not found in `libc`\n   |\nhelp: consider importing this type alias\n   |\n3  + use core::ffi::c_int;\n   |\nhelp: if you import `c_int`, refer to it directly\n   |\n25 -   MachCall(libc::c_int),\n25 +   MachCall(c_int),\n   |\n\nerror[E0425]: cannot find function `lock` in module `os`\n  --> /Users/graysonnocera/.cargo/registry/src/index.crates.io-6f17d22bba15001f/region-3.0.2/src/lock.rs:38:7\n   |\n38 |   os::lock(address.cast(), size).map(|_| LockGuard::new(address, size))\n   |       ^^^^ not found in `os`\n   |\nhelp: consider importing this function through its public re-export\n   |\n1  + use crate::lock;\n   |\nhelp: if you import `lock`, refer to it directly\n   |\n38 -   os::lock(address.cast(), size).map(|_| LockGuard::new(address, size))\n38 +   lock(address.cast(), size).map(|_| LockGuard::new(address, size))\n   |\n\nerror[E0425]: cannot find function `unlock` in module `os`\n  --> /Users/graysonnocera/.cargo/registry/src/index.crates.io-6f17d22bba15001f/region-3.0.2/src/lock.rs:63:7\n   |\n63 |   os::unlock(address.cast(), size)\n   |       ^^^^^^ not found in `os`\n   |\nhelp: consider importing this function through its public re-export\n   |\n1  + use crate::unlock;\n   |\nhelp: if you import `unlock`, refer to it directly\n   |\n63 -   os::unlock(address.cast(), size)\n63 +   unlock(address.cast(), size)\n   |\n\nerror[E0405]: cannot find trait `Drop` in this scope\n  --> /Users/graysonnocera/.cargo/registry/src/index.crates.io-6f17d22bba15001f/region-3.0.2/src/lock.rs:86:6\n   |\n86 | impl Drop for LockGuard {\n   |      ^^^^ not found in this scope\n   |\nhelp: consider importing this trait\n   |\n1  + use core::ops::Drop;\n   |\n\nerror[E0425]: cannot find function `unlock` in module `os`\n  --> /Users/graysonnocera/.cargo/registry/src/index.crates.io-6f17d22bba15001f/region-3.0.2/src/lock.rs:89:22\n   |\n89 |     let result = os::unlock(self.address, self.size);\n   |                      ^^^^^^ not found in `os`\n   |\nhelp: consider importing this function through its public re-export\n   |\n1  + use crate::unlock;\n   |\nhelp: if you import `unlock`, refer to it directly\n   |\n89 -     let result = os::unlock(self.address, self.size);\n89 +     let result = unlock(self.address, self.size);\n   |\n\nerror[E0405]: cannot find trait `Send` in this scope\n  --> /Users/graysonnocera/.cargo/registry/src/index.crates.io-6f17d22bba15001f/region-3.0.2/src/lock.rs:94:13\n   |\n94 | unsafe impl Send for LockGuard {}\n   |             ^^^^ not found in this scope\n   |\nhelp: consider importing this trait\n   |\n1  + use core::marker::Send;\n   |\n\nerror[E0405]: cannot find trait `Sync` in this scope\n  --> /Users/graysonnocera/.cargo/registry/src/index.crates.io-6f17d22bba15001f/region-3.0.2/src/lock.rs:95:13\n   |\n95 | unsafe impl Sync for LockGuard {}\n   |             ^^^^ not found in this scope\n   |\nhelp: consider importing this trait\n   |\n1  + use core::marker::Sync;\n   |\n\nerror[E0425]: cannot find function `page_size` in module `os`\n  --> /Users/graysonnocera/.cargo/registry/src/index.crates.io-6f17d22bba15001f/region-3.0.2/src/page.rs:23:39\n   |\n23 |     INIT.call_once(|| PAGE_SIZE = os::page_size());\n   |                                       ^^^^^^^^^ not found in `os`\n\nerror[E0531]: cannot find tuple struct or tuple variant `Some` in this scope\n  --> /Users/graysonnocera/.cargo/registry/src/index.crates.io-6f17d22bba15001f/region-3.0.2/src/page.rs:56:5\n   |\n56 |     Some(offset) => ((offset - 1) & !(size() - 1)) as *const T,\n   |     ^^^^ not found in this scope\n   |\nhelp: consider importing this tuple variant\n   |\n3  + use core::option::Option::Some;\n   |\n\nerror[E0425]: cannot find function `protect` in module `os`\n  --> /Users/graysonnocera/.cargo/registry/src/index.crates.io-6f17d22bba15001f/region-3.0.2/src/protect.rs:56:7\n   |\n56 |   os::protect(address.cast(), size, protection)\n   |       ^^^^^^^ not found in `os`\n   |\nhelp: consider importing this function through its public re-export\n   |\n1  + use crate::protect;\n   |\nhelp: if you import `protect`, refer to it directly\n   |\n56 -   os::protect(address.cast(), size, protection)\n56 +   protect(address.cast(), size, protection)\n   |\n\nerror[E0412]: cannot find type `Vec` in this scope\n   --> /Users/graysonnocera/.cargo/registry/src/index.crates.io-6f17d22bba15001f/region-3.0.2/src/protect.rs:110:69\n    |\n110 |   let mut regions = QueryIter::new(address, size)?.collect::<Result<Vec<_>>>()?;\n    |                                                                     ^^^ not found in this scope\n\nerror[E0531]: cannot find tuple struct or tuple variant `Some` in this scope\n   --> /Users/graysonnocera/.cargo/registry/src/index.crates.io-6f17d22bba15001f/region-3.0.2/src/protect.rs:115:10\n    |\n115 |   if let Some(region) = regions.first_mut() {\n    |          ^^^^ not found in this scope\n    |\nhelp: consider importing this tuple variant\n    |\n1   + use core::option::Option::Some;\n    |\n\nerror[E0531]: cannot find tuple struct or tuple variant `Some` in this scope\n   --> /Users/graysonnocera/.cargo/registry/src/index.crates.io-6f17d22bba15001f/region-3.0.2/src/protect.rs:121:10\n    |\n121 |   if let Some(region) = regions.last_mut() {\n    |          ^^^^ not found in this scope\n    |\nhelp: consider importing this tuple variant\n    |\n1   + use core::option::Option::Some;\n    |\n\nerror[E0425]: cannot find function, tuple struct or tuple variant `Ok` in this scope\n   --> /Users/graysonnocera/.cargo/registry/src/index.crates.io-6f17d22bba15001f/region-3.0.2/src/protect.rs:127:3\n    |\n127 |   Ok(ProtectGuard::new(regions))\n    |   ^^ not found in this scope\n    |\nhelp: consider importing this tuple variant\n    |\n1   + use core::result::Result::Ok;\n    |\n\nerror[E0412]: cannot find type `Vec` in this scope\n   --> /Users/graysonnocera/.cargo/registry/src/index.crates.io-6f17d22bba15001f/region-3.0.2/src/protect.rs:136:12\n    |\n136 |   regions: Vec<Region>,\n    |            ^^^ not found in this scope\n\nerror[E0412]: cannot find type `Vec` in this scope\n   --> /Users/graysonnocera/.cargo/registry/src/index.crates.io-6f17d22bba15001f/region-3.0.2/src/protect.rs:141:19\n    |\n141 |   fn new(regions: Vec<Region>) -> Self {\n    |                   ^^^ not found in this scope\n\nerror[E0405]: cannot find trait `Drop` in this scope\n   --> /Users/graysonnocera/.cargo/registry/src/index.crates.io-6f17d22bba15001f/region-3.0.2/src/protect.rs:146:6\n    |\n146 | impl Drop for ProtectGuard {\n    |      ^^^^ not found in this scope\n    |\nhelp: consider importing this trait\n    |\n1   + use core::ops::Drop;\n    |\n\nerror[E0405]: cannot find trait `Send` in this scope\n   --> /Users/graysonnocera/.cargo/registry/src/index.crates.io-6f17d22bba15001f/region-3.0.2/src/protect.rs:157:13\n    |\n157 | unsafe impl Send for ProtectGuard {}\n    |             ^^^^ not found in this scope\n    |\nhelp: consider importing this trait\n    |\n1   + use core::marker::Send;\n    |\n\nerror[E0405]: cannot find trait `Sync` in this scope\n   --> /Users/graysonnocera/.cargo/registry/src/index.crates.io-6f17d22bba15001f/region-3.0.2/src/protect.rs:158:13\n    |\n158 | unsafe impl Sync for ProtectGuard {}\n    |             ^^^^ not found in this scope\n    |\nhelp: consider importing this trait\n    |\n1   + use core::marker::Sync;\n    |\n\nerror[E0412]: cannot find type `Option` in this scope\n --> /Users/graysonnocera/.cargo/registry/src/index.crates.io-6f17d22bba15001f/region-3.0.2/src/query.rs:7:13\n  |\n7 |   iterator: Option<os::QueryIter>,\n  |             ^^^^^^ not found in this scope\n  |\nhelp: consider importing this enum\n  |\n1 + use core::option::Option;\n  |\n\nerror[E0412]: cannot find type `QueryIter` in module `os`\n --> /Users/graysonnocera/.cargo/registry/src/index.crates.io-6f17d22bba15001f/region-3.0.2/src/query.rs:7:24\n  |\n7 |   iterator: Option<os::QueryIter>,\n  |                        ^^^^^^^^^ not found in `os`\n  |\nhelp: consider importing this struct through its public re-export\n  |\n1 + use crate::QueryIter;\n  |\nhelp: if you import `QueryIter`, refer to it directly\n  |\n7 -   iterator: Option<os::QueryIter>,\n7 +   iterator: Option<QueryIter>,\n  |\n\nerror[E0433]: failed to resolve: could not find `QueryIter` in `os`\n  --> /Users/graysonnocera/.cargo/registry/src/index.crates.io-6f17d22bba15001f/region-3.0.2/src/query.rs:15:9\n   |\n15 |     os::QueryIter::new(origin, size).map(|iterator| Self {\n   |         ^^^^^^^^^ could not find `QueryIter` in `os`\n   |\nhelp: consider importing this struct through its public re-export\n   |\n1  + use crate::QueryIter;\n   |\nhelp: if you import `QueryIter`, refer to it directly\n   |\n15 -     os::QueryIter::new(origin, size).map(|iterator| Self {\n15 +     QueryIter::new(origin, size).map(|iterator| Self {\n   |\n\nerror[E0425]: cannot find function, tuple struct or tuple variant `Some` in this scope\n  --> /Users/graysonnocera/.cargo/registry/src/index.crates.io-6f17d22bba15001f/region-3.0.2/src/query.rs:16:17\n   |\n16 |       iterator: Some(iterator),\n   |                 ^^^^ not found in this scope\n   |\nhelp: consider importing this tuple variant\n   |\n1  + use core::option::Option::Some;\n   |\n\nerror[E0405]: cannot find trait `Iterator` in this scope\n  --> /Users/graysonnocera/.cargo/registry/src/index.crates.io-6f17d22bba15001f/region-3.0.2/src/query.rs:22:6\n   |\n22 | impl Iterator for QueryIter {\n   |      ^^^^^^^^ not found in this scope\n   |\nhelp: consider importing this trait\n   |\n1  + use core::iter::Iterator;\n   |\n\nerror[E0412]: cannot find type `Option` in this scope\n  --> /Users/graysonnocera/.cargo/registry/src/index.crates.io-6f17d22bba15001f/region-3.0.2/src/query.rs:32:25\n   |\n32 |   fn next(&mut self) -> Option<Self::Item> {\n   |                         ^^^^^^ not found in this scope\n   |\nhelp: consider importing this enum\n   |\n1  + use core::option::Option;\n   |\n\nerror[E0531]: cannot find tuple struct or tuple variant `Some` in this scope\n  --> /Users/graysonnocera/.cargo/registry/src/index.crates.io-6f17d22bba15001f/region-3.0.2/src/query.rs:35:15\n   |\n35 |     while let Some(result) = regions.next() {\n   |               ^^^^ not found in this scope\n   |\nhelp: consider importing this tuple variant\n   |\n1  + use core::option::Option::Some;\n   |\n\nerror[E0531]: cannot find tuple struct or tuple variant `Ok` in this scope\n  --> /Users/graysonnocera/.cargo/registry/src/index.crates.io-6f17d22bba15001f/region-3.0.2/src/query.rs:37:9\n   |\n37 |         Ok(region) => {\n   |         ^^ not found in this scope\n   |\nhelp: consider importing this tuple variant\n   |\n1  + use core::result::Result::Ok;\n   |\n\nerror[E0425]: cannot find function, tuple struct or tuple variant `Some` in this scope\n  --> /Users/graysonnocera/.cargo/registry/src/index.crates.io-6f17d22bba15001f/region-3.0.2/src/query.rs:50:18\n   |\n50 |           return Some(Ok(region));\n   |                  ^^^^ not found in this scope\n   |\nhelp: consider importing this tuple variant\n   |\n1  + use core::option::Option::Some;\n   |\n\nerror[E0425]: cannot find function, tuple struct or tuple variant `Ok` in this scope\n  --> /Users/graysonnocera/.cargo/registry/src/index.crates.io-6f17d22bba15001f/region-3.0.2/src/query.rs:50:23\n   |\n50 |           return Some(Ok(region));\n   |                       ^^ not found in this scope\n   |\nhelp: consider importing this tuple variant\n   |\n1  + use core::result::Result::Ok;\n   |\n\nerror[E0531]: cannot find tuple struct or tuple variant `Err` in this scope\n  --> /Users/graysonnocera/.cargo/registry/src/index.crates.io-6f17d22bba15001f/region-3.0.2/src/query.rs:52:9\n   |\n52 |         Err(error) => {\n   |         ^^^ not found in this scope\n   |\nhelp: consider importing this tuple variant\n   |\n1  + use core::result::Result::Err;\n   |\n\nerror[E0425]: cannot find function, tuple struct or tuple variant `Some` in this scope\n  --> /Users/graysonnocera/.cargo/registry/src/index.crates.io-6f17d22bba15001f/region-3.0.2/src/query.rs:54:18\n   |\n54 |           return Some(Err(error));\n   |                  ^^^^ not found in this scope\n   |\nhelp: consider importing this tuple variant\n   |\n1  + use core::option::Option::Some;\n   |\n\nerror[E0425]: cannot find function, tuple struct or tuple variant `Err` in this scope\n  --> /Users/graysonnocera/.cargo/registry/src/index.crates.io-6f17d22bba15001f/region-3.0.2/src/query.rs:54:23\n   |\n54 |           return Some(Err(error));\n   |                       ^^^ not found in this scope\n   |\nhelp: consider importing this tuple variant\n   |\n1  + use core::result::Result::Err;\n   |\n\nerror[E0425]: cannot find value `None` in this scope\n  --> /Users/graysonnocera/.cargo/registry/src/index.crates.io-6f17d22bba15001f/region-3.0.2/src/query.rs:60:5\n   |\n60 |     None\n   |     ^^^^ not found in this scope\n   |\nhelp: consider importing this unit variant\n   |\n1  + use core::option::Option::None;\n   |\n\nerror[E0405]: cannot find trait `Send` in this scope\n  --> /Users/graysonnocera/.cargo/registry/src/index.crates.io-6f17d22bba15001f/region-3.0.2/src/query.rs:66:13\n   |\n66 | unsafe impl Send for QueryIter {}\n   |             ^^^^ not found in this scope\n   |\nhelp: consider importing this trait\n   |\n1  + use core::marker::Send;\n   |\n\nerror[E0405]: cannot find trait `Sync` in this scope\n  --> /Users/graysonnocera/.cargo/registry/src/index.crates.io-6f17d22bba15001f/region-3.0.2/src/query.rs:67:13\n   |\n67 | unsafe impl Sync for QueryIter {}\n   |             ^^^^ not found in this scope\n   |\nhelp: consider importing this trait\n   |\n1  + use core::marker::Sync;\n   |\n\nerror[E0425]: cannot find function, tuple struct or tuple variant `Err` in this scope\n --> /Users/graysonnocera/.cargo/registry/src/index.crates.io-6f17d22bba15001f/region-3.0.2/src/util.rs:6:12\n  |\n6 |     return Err(Error::InvalidParameter(\"size\"));\n  |            ^^^ not found in this scope\n  |\nhelp: consider importing this tuple variant\n  |\n1 + use core::result::Result::Err;\n  |\n\nerror[E0425]: cannot find function, tuple struct or tuple variant `Ok` in this scope\n  --> /Users/graysonnocera/.cargo/registry/src/index.crates.io-6f17d22bba15001f/region-3.0.2/src/util.rs:11:3\n   |\n11 |   Ok((page::floor(address), size))\n   |   ^^ not found in this scope\n   |\nhelp: consider importing this tuple variant\n   |\n1  + use core::result::Result::Ok;\n   |\n\nerror[E0405]: cannot find trait `Default` in this scope\n   --> /Users/graysonnocera/.cargo/registry/src/index.crates.io-6f17d22bba15001f/region-3.0.2/src/lib.rs:223:6\n    |\n223 | impl Default for Region {\n    |      ^^^^^^^ not found in this scope\n    |\nhelp: consider importing this trait\n    |\n85  + use core::default::Default;\n    |\n\nerror[E0405]: cannot find trait `Send` in this scope\n   --> /Users/graysonnocera/.cargo/registry/src/index.crates.io-6f17d22bba15001f/region-3.0.2/src/lib.rs:238:13\n    |\n238 | unsafe impl Send for Region {}\n    |             ^^^^ not found in this scope\n    |\nhelp: consider importing this trait\n    |\n85  + use core::marker::Send;\n    |\n\nerror[E0405]: cannot find trait `Sync` in this scope\n   --> /Users/graysonnocera/.cargo/registry/src/index.crates.io-6f17d22bba15001f/region-3.0.2/src/lib.rs:239:13\n    |\n239 | unsafe impl Sync for Region {}\n    |             ^^^^ not found in this scope\n    |\nhelp: consider importing this trait\n    |\n85  + use core::marker::Sync;\n    |\n\nerror[E0425]: cannot find function, tuple struct or tuple variant `Ok` in this scope\n   --> /Users/graysonnocera/.cargo/registry/src/index.crates.io-6f17d22bba15001f/region-3.0.2/src/lib.rs:241:1\n    |\n241 | / bitflags! {\n242 | |   /// A bitflag of zero or more protection attributes.\n243 | |   ///\n244 | |   /// Determines the access rights for a specific page and/or region. Some\n...   |\n279 | |   }\n280 | | }\n    | |_^ not found in this scope\n    |\n    = note: this error originates in the macro `__impl_bitflags` which comes from the expansion of the macro `bitflags` (in Nightly builds, run with -Z macro-backtrace for more info)\nhelp: consider importing this tuple variant\n    |\n85  + use core::result::Result::Ok;\n    |\n\nerror[E0425]: cannot find function, tuple struct or tuple variant `Ok` in this scope\n   --> /Users/graysonnocera/.cargo/registry/src/index.crates.io-6f17d22bba15001f/region-3.0.2/src/lib.rs:299:5\n    |\n299 |     Ok(())\n    |     ^^ not found in this scope\n    |\nhelp: consider importing this tuple variant\n    |\n85  + use core::result::Result::Ok;\n    |\n\nSome errors have detailed explanations: E0405, E0412, E0425, E0433, E0463, E0531.\nFor more information about an error, try `rustc --explain E0405`.\nerror: could not compile `region` (lib) due to 88 previous errors\nThe following warnings were emitted during compilation:\n\nwarning: wasmer-vm-near@2.4.1: Compiler family detection failed due to error: ToolNotFound: Failed to find tool. Is `arm-none-eabi-gcc` installed?\n\nerror: failed to run custom build command for `wasmer-vm-near v2.4.1`\n\nCaused by:\n  process didn't exit successfully: `/Users/graysonnocera/Downloads/695-Project/dataset/nostd-failed-crates/crates/wasmer-compiler-near-2.4.1/target/debug/build/wasmer-vm-near-817ca845adfbdecf/build-script-build` (exit status: 1)\n  --- stdout\n  cargo:rerun-if-changed=src/trap/handlers.c\n  OUT_DIR = Some(/Users/graysonnocera/Downloads/695-Project/dataset/nostd-failed-crates/crates/wasmer-compiler-near-2.4.1/target/thumbv7m-none-eabi/debug/build/wasmer-vm-near-6ef9bfeda627d838/out)\n  OPT_LEVEL = Some(0)\n  TARGET = Some(thumbv7m-none-eabi)\n  HOST = Some(aarch64-apple-darwin)\n  cargo:rerun-if-env-changed=CC_thumbv7m-none-eabi\n  CC_thumbv7m-none-eabi = None\n  cargo:rerun-if-env-changed=CC_thumbv7m_none_eabi\n  CC_thumbv7m_none_eabi = None\n  cargo:rerun-if-env-changed=TARGET_CC\n  TARGET_CC = None\n  cargo:rerun-if-env-changed=CC\n  CC = None\n  cargo:rerun-if-env-changed=CROSS_COMPILE\n  CROSS_COMPILE = None\n  RUSTC_LINKER = None\n  cargo:rerun-if-env-changed=CC_ENABLE_DEBUG_OUTPUT\n  cargo:warning=Compiler family detection failed due to error: ToolNotFound: Failed to find tool. Is `arm-none-eabi-gcc` installed?\n  RUSTC_WRAPPER = None\n  cargo:rerun-if-env-changed=CRATE_CC_NO_DEFAULTS\n  CRATE_CC_NO_DEFAULTS = None\n  DEBUG = Some(true)\n  CARGO_CFG_TARGET_FEATURE = None\n  cargo:rerun-if-env-changed=CFLAGS_thumbv7m-none-eabi\n  CFLAGS_thumbv7m-none-eabi = None\n  cargo:rerun-if-env-changed=CFLAGS_thumbv7m_none_eabi\n  CFLAGS_thumbv7m_none_eabi = None\n  cargo:rerun-if-env-changed=TARGET_CFLAGS\n  TARGET_CFLAGS = None\n  cargo:rerun-if-env-changed=CFLAGS\n  CFLAGS = None\n  CARGO_ENCODED_RUSTFLAGS = Some()\n\n  --- stderr\n\n\n  error occurred in cc-rs: Failed to find tool. Is `arm-none-eabi-gcc` installed?\n\n\nerror[E0463]: can't find crate for `std`\n   --> /Users/graysonnocera/.cargo/registry/src/index.crates.io-6f17d22bba15001f/ptr_meta-0.1.4/src/lib.rs:124:20\n    |\n124 | impl Pointee for ::std::ffi::CStr {\n    |                    ^^^ can't find crate\n    |\n    = note: the `thumbv7m-none-eabi` target may not support the standard library\n\nerror[E0463]: can't find crate for `std`\n   --> /Users/graysonnocera/.cargo/registry/src/index.crates.io-6f17d22bba15001f/ptr_meta-0.1.4/src/lib.rs:129:20\n    |\n129 | impl Pointee for ::std::ffi::OsStr {\n    |                    ^^^ can't find crate\n    |\n    = note: the `thumbv7m-none-eabi` target may not support the standard library\n\nerror[E0405]: cannot find trait `Copy` in this scope\n   --> /Users/graysonnocera/.cargo/registry/src/index.crates.io-6f17d22bba15001f/ptr_meta-0.1.4/src/lib.rs:108:20\n    |\n108 |     type Metadata: Copy + Send + Sync + Ord + hash::Hash + Unpin;\n    |                    ^^^^ not found in this scope\n    |\nhelp: consider importing this trait\n    |\n49  + use core::marker::Copy;\n    |\n\nerror[E0405]: cannot find trait `Send` in this scope\n   --> /Users/graysonnocera/.cargo/registry/src/index.crates.io-6f17d22bba15001f/ptr_meta-0.1.4/src/lib.rs:108:27\n    |\n108 |     type Metadata: Copy + Send + Sync + Ord + hash::Hash + Unpin;\n    |                           ^^^^ not found in this scope\n    |\nhelp: consider importing this trait\n    |\n49  + use core::marker::Send;\n    |\n\nerror[E0405]: cannot find trait `Sync` in this scope\n   --> /Users/graysonnocera/.cargo/registry/src/index.crates.io-6f17d22bba15001f/ptr_meta-0.1.4/src/lib.rs:108:34\n    |\n108 |     type Metadata: Copy + Send + Sync + Ord + hash::Hash + Unpin;\n    |                                  ^^^^ not found in this scope\n    |\nhelp: consider importing this trait\n    |\n49  + use core::marker::Sync;\n    |\n\nerror[E0405]: cannot find trait `Ord` in this scope\n   --> /Users/graysonnocera/.cargo/registry/src/index.crates.io-6f17d22bba15001f/ptr_meta-0.1.4/src/lib.rs:108:41\n    |\n108 |     type Metadata: Copy + Send + Sync + Ord + hash::Hash + Unpin;\n    |                                         ^^^ not found in this scope\n    |\nhelp: consider importing one of these traits\n    |\n49  + use crate::cmp::Ord;\n    |\n49  + use core::cmp::Ord;\n    |\n\nerror[E0405]: cannot find trait `Unpin` in this scope\n   --> /Users/graysonnocera/.cargo/registry/src/index.crates.io-6f17d22bba15001f/ptr_meta-0.1.4/src/lib.rs:108:60\n    |\n108 |     type Metadata: Copy + Send + Sync + Ord + hash::Hash + Unpin;\n    |                                                            ^^^^^ not found in this scope\n    |\nhelp: consider importing this trait\n    |\n49  + use core::marker::Unpin;\n    |\n\nerror[E0405]: cannot find trait `Sized` in this scope\n   --> /Users/graysonnocera/.cargo/registry/src/index.crates.io-6f17d22bba15001f/ptr_meta-0.1.4/src/lib.rs:134:40\n    |\n134 | pub(crate) union PtrRepr<T: Pointee + ?Sized> {\n    |                                        ^^^^^ not found in this scope\n    |\nhelp: consider importing this trait\n    |\n49  + use core::marker::Sized;\n    |\n\nerror[E0405]: cannot find trait `Sized` in this scope\n   --> /Users/graysonnocera/.cargo/registry/src/index.crates.io-6f17d22bba15001f/ptr_meta-0.1.4/src/lib.rs:141:47\n    |\n141 | pub(crate) struct PtrComponents<T: Pointee + ?Sized> {\n    |                                               ^^^^^ not found in this scope\n    |\nhelp: consider importing this trait\n    |\n49  + use core::marker::Sized;\n    |\n\nerror[E0405]: cannot find trait `Clone` in this scope\n   --> /Users/graysonnocera/.cargo/registry/src/index.crates.io-6f17d22bba15001f/ptr_meta-0.1.4/src/lib.rs:146:27\n    |\n146 | impl<T: Pointee + ?Sized> Clone for PtrComponents<T> {\n    |                           ^^^^^ not found in this scope\n    |\nhelp: consider importing this trait\n    |\n49  + use core::clone::Clone;\n    |\n\nerror[E0405]: cannot find trait `Sized` in this scope\n   --> /Users/graysonnocera/.cargo/registry/src/index.crates.io-6f17d22bba15001f/ptr_meta-0.1.4/src/lib.rs:146:20\n    |\n146 | impl<T: Pointee + ?Sized> Clone for PtrComponents<T> {\n    |                    ^^^^^ not found in this scope\n    |\nhelp: consider importing this trait\n    |\n49  + use core::marker::Sized;\n    |\n\nerror[E0405]: cannot find trait `Copy` in this scope\n   --> /Users/graysonnocera/.cargo/registry/src/index.crates.io-6f17d22bba15001f/ptr_meta-0.1.4/src/lib.rs:155:27\n    |\n155 | impl<T: Pointee + ?Sized> Copy for PtrComponents<T> {}\n    |                           ^^^^ not found in this scope\n    |\nhelp: consider importing this trait\n    |\n49  + use core::marker::Copy;\n    |\n\nerror[E0405]: cannot find trait `Sized` in this scope\n   --> /Users/graysonnocera/.cargo/registry/src/index.crates.io-6f17d22bba15001f/ptr_meta-0.1.4/src/lib.rs:155:20\n    |\n155 | impl<T: Pointee + ?Sized> Copy for PtrComponents<T> {}\n    |                    ^^^^^ not found in this scope\n    |\nhelp: consider importing this trait\n    |\n49  + use core::marker::Sized;\n    |\n\nerror[E0405]: cannot find trait `Sized` in this scope\n   --> /Users/graysonnocera/.cargo/registry/src/index.crates.io-6f17d22bba15001f/ptr_meta-0.1.4/src/lib.rs:169:31\n    |\n169 | pub fn metadata<T: Pointee + ?Sized>(ptr: *const T) -> <T as Pointee>::Metadata {\n    |                               ^^^^^ not found in this scope\n    |\nhelp: consider importing this trait\n    |\n49  + use core::marker::Sized;\n    |\n\nerror[E0405]: cannot find trait `Sized` in this scope\n   --> /Users/graysonnocera/.cargo/registry/src/index.crates.io-6f17d22bba15001f/ptr_meta-0.1.4/src/lib.rs:180:37\n    |\n180 | pub fn from_raw_parts<T: Pointee + ?Sized>(data_address: *const (), metadata: <T as Pointee>::Metadata) -> *const T {\n    |                                     ^^^^^ not found in this scope\n    |\nhelp: consider importing this trait\n    |\n49  + use core::marker::Sized;\n    |\n\nerror[E0405]: cannot find trait `Sized` in this scope\n   --> /Users/graysonnocera/.cargo/registry/src/index.crates.io-6f17d22bba15001f/ptr_meta-0.1.4/src/lib.rs:188:41\n    |\n188 | pub fn from_raw_parts_mut<T: Pointee + ?Sized>(data_address: *mut (), metadata: <T as Pointee>::Metadata) -> *mut T {\n    |                                         ^^^^^ not found in this scope\n    |\nhelp: consider importing this trait\n    |\n49  + use core::marker::Sized;\n    |\n\nerror[E0405]: cannot find trait `Sized` in this scope\n   --> /Users/graysonnocera/.cargo/registry/src/index.crates.io-6f17d22bba15001f/ptr_meta-0.1.4/src/lib.rs:193:36\n    |\n193 | pub trait NonNullExt<T: Pointee + ?Sized> {\n    |                                    ^^^^^ not found in this scope\n    |\nhelp: consider importing this trait\n    |\n49  + use core::marker::Sized;\n    |\n\nerror[E0405]: cannot find trait `Sized` in this scope\n   --> /Users/graysonnocera/.cargo/registry/src/index.crates.io-6f17d22bba15001f/ptr_meta-0.1.4/src/lib.rs:203:20\n    |\n203 | impl<T: Pointee + ?Sized> NonNullExt<T> for ptr::NonNull<T> {\n    |                    ^^^^^ not found in this scope\n    |\nhelp: consider importing this trait\n    |\n49  + use core::marker::Sized;\n    |\n\nerror[E0405]: cannot find trait `Sized` in this scope\n   --> /Users/graysonnocera/.cargo/registry/src/index.crates.io-6f17d22bba15001f/ptr_meta-0.1.4/src/lib.rs:217:32\n    |\n217 | pub trait PtrExt<T: Pointee + ?Sized> {\n    |                                ^^^^^ not found in this scope\n    |\nhelp: consider importing this trait\n    |\n49  + use core::marker::Sized;\n    |\n\nerror[E0405]: cannot find trait `Sized` in this scope\n   --> /Users/graysonnocera/.cargo/registry/src/index.crates.io-6f17d22bba15001f/ptr_meta-0.1.4/src/lib.rs:228:20\n    |\n228 | impl<T: Pointee + ?Sized> PtrExt<T> for *const T {\n    |                    ^^^^^ not found in this scope\n    |\nhelp: consider importing this trait\n    |\n49  + use core::marker::Sized;\n    |\n\nerror[E0405]: cannot find trait `Sized` in this scope\n   --> /Users/graysonnocera/.cargo/registry/src/index.crates.io-6f17d22bba15001f/ptr_meta-0.1.4/src/lib.rs:236:20\n    |\n236 | impl<T: Pointee + ?Sized> PtrExt<T> for *mut T {\n    |                    ^^^^^ not found in this scope\n    |\nhelp: consider importing this trait\n    |\n49  + use core::marker::Sized;\n    |\n\nerror[E0405]: cannot find trait `Sized` in this scope\n   --> /Users/graysonnocera/.cargo/registry/src/index.crates.io-6f17d22bba15001f/ptr_meta-0.1.4/src/lib.rs:262:30\n    |\n262 | pub struct DynMetadata<Dyn: ?Sized> {\n    |                              ^^^^^ not found in this scope\n    |\nhelp: consider importing this trait\n    |\n49  + use core::marker::Sized;\n    |\n\nerror[E0405]: cannot find trait `Sized` in this scope\n   --> /Users/graysonnocera/.cargo/registry/src/index.crates.io-6f17d22bba15001f/ptr_meta-0.1.4/src/lib.rs:274:12\n    |\n274 | impl<Dyn: ?Sized> DynMetadata<Dyn> {\n    |            ^^^^^ not found in this scope\n    |\nhelp: consider importing this trait\n    |\n49  + use core::marker::Sized;\n    |\n\nerror[E0405]: cannot find trait `Send` in this scope\n   --> /Users/graysonnocera/.cargo/registry/src/index.crates.io-6f17d22bba15001f/ptr_meta-0.1.4/src/lib.rs:291:26\n    |\n291 | unsafe impl<Dyn: ?Sized> Send for DynMetadata<Dyn> {}\n    |                          ^^^^ not found in this scope\n    |\nhelp: consider importing this trait\n    |\n49  + use core::marker::Send;\n    |\n\nerror[E0405]: cannot find trait `Sized` in this scope\n   --> /Users/graysonnocera/.cargo/registry/src/index.crates.io-6f17d22bba15001f/ptr_meta-0.1.4/src/lib.rs:291:19\n    |\n291 | unsafe impl<Dyn: ?Sized> Send for DynMetadata<Dyn> {}\n    |                   ^^^^^ not found in this scope\n    |\nhelp: consider importing this trait\n    |\n49  + use core::marker::Sized;\n    |\n\nerror[E0405]: cannot find trait `Sync` in this scope\n   --> /Users/graysonnocera/.cargo/registry/src/index.crates.io-6f17d22bba15001f/ptr_meta-0.1.4/src/lib.rs:292:26\n    |\n292 | unsafe impl<Dyn: ?Sized> Sync for DynMetadata<Dyn> {}\n    |                          ^^^^ not found in this scope\n    |\nhelp: consider importing this trait\n    |\n49  + use core::marker::Sync;\n    |\n\nerror[E0405]: cannot find trait `Sized` in this scope\n   --> /Users/graysonnocera/.cargo/registry/src/index.crates.io-6f17d22bba15001f/ptr_meta-0.1.4/src/lib.rs:292:19\n    |\n292 | unsafe impl<Dyn: ?Sized> Sync for DynMetadata<Dyn> {}\n    |                   ^^^^^ not found in this scope\n    |\nhelp: consider importing this trait\n    |\n49  + use core::marker::Sized;\n    |\n\nerror[E0405]: cannot find trait `Sized` in this scope\n   --> /Users/graysonnocera/.cargo/registry/src/index.crates.io-6f17d22bba15001f/ptr_meta-0.1.4/src/lib.rs:293:12\n    |\n293 | impl<Dyn: ?Sized> fmt::Debug for DynMetadata<Dyn> {\n    |            ^^^^^ not found in this scope\n    |\nhelp: consider importing this trait\n    |\n49  + use core::marker::Sized;\n    |\n\nerror[E0405]: cannot find trait `Unpin` in this scope\n   --> /Users/graysonnocera/.cargo/registry/src/index.crates.io-6f17d22bba15001f/ptr_meta-0.1.4/src/lib.rs:298:19\n    |\n298 | impl<Dyn: ?Sized> Unpin for DynMetadata<Dyn> {}\n    |                   ^^^^^ not found in this scope\n    |\nhelp: consider importing this trait\n    |\n49  + use core::marker::Unpin;\n    |\n\nerror[E0405]: cannot find trait `Sized` in this scope\n   --> /Users/graysonnocera/.cargo/registry/src/index.crates.io-6f17d22bba15001f/ptr_meta-0.1.4/src/lib.rs:298:12\n    |\n298 | impl<Dyn: ?Sized> Unpin for DynMetadata<Dyn> {}\n    |            ^^^^^ not found in this scope\n    |\nhelp: consider importing this trait\n    |\n49  + use core::marker::Sized;\n    |\n\nerror[E0405]: cannot find trait `Copy` in this scope\n   --> /Users/graysonnocera/.cargo/registry/src/index.crates.io-6f17d22bba15001f/ptr_meta-0.1.4/src/lib.rs:299:19\n    |\n299 | impl<Dyn: ?Sized> Copy for DynMetadata<Dyn> {}\n    |                   ^^^^ not found in this scope\n    |\nhelp: consider importing this trait\n    |\n49  + use core::marker::Copy;\n    |\n\nerror[E0405]: cannot find trait `Sized` in this scope\n   --> /Users/graysonnocera/.cargo/registry/src/index.crates.io-6f17d22bba15001f/ptr_meta-0.1.4/src/lib.rs:299:12\n    |\n299 | impl<Dyn: ?Sized> Copy for DynMetadata<Dyn> {}\n    |            ^^^^^ not found in this scope\n    |\nhelp: consider importing this trait\n    |\n49  + use core::marker::Sized;\n    |\n\nerror[E0405]: cannot find trait `Clone` in this scope\n   --> /Users/graysonnocera/.cargo/registry/src/index.crates.io-6f17d22bba15001f/ptr_meta-0.1.4/src/lib.rs:300:19\n    |\n300 | impl<Dyn: ?Sized> Clone for DynMetadata<Dyn> {\n    |                   ^^^^^ not found in this scope\n    |\nhelp: consider importing this trait\n    |\n49  + use core::clone::Clone;\n    |\n\nerror[E0405]: cannot find trait `Sized` in this scope\n   --> /Users/graysonnocera/.cargo/registry/src/index.crates.io-6f17d22bba15001f/ptr_meta-0.1.4/src/lib.rs:300:12\n    |\n300 | impl<Dyn: ?Sized> Clone for DynMetadata<Dyn> {\n    |            ^^^^^ not found in this scope\n    |\nhelp: consider importing this trait\n    |\n49  + use core::marker::Sized;\n    |\n\nerror[E0405]: cannot find trait `Sized` in this scope\n   --> /Users/graysonnocera/.cargo/registry/src/index.crates.io-6f17d22bba15001f/ptr_meta-0.1.4/src/lib.rs:306:12\n    |\n306 | impl<Dyn: ?Sized> cmp::Eq for DynMetadata<Dyn> {}\n    |            ^^^^^ not found in this scope\n    |\nhelp: consider importing this trait\n    |\n49  + use core::marker::Sized;\n    |\n\nerror[E0405]: cannot find trait `Sized` in this scope\n   --> /Users/graysonnocera/.cargo/registry/src/index.crates.io-6f17d22bba15001f/ptr_meta-0.1.4/src/lib.rs:307:12\n    |\n307 | impl<Dyn: ?Sized> cmp::PartialEq for DynMetadata<Dyn> {\n    |            ^^^^^ not found in this scope\n    |\nhelp: consider importing this trait\n    |\n49  + use core::marker::Sized;\n    |\n\nerror[E0405]: cannot find trait `Sized` in this scope\n   --> /Users/graysonnocera/.cargo/registry/src/index.crates.io-6f17d22bba15001f/ptr_meta-0.1.4/src/lib.rs:313:12\n    |\n313 | impl<Dyn: ?Sized> cmp::Ord for DynMetadata<Dyn> {\n    |            ^^^^^ not found in this scope\n    |\nhelp: consider importing this trait\n    |\n49  + use core::marker::Sized;\n    |\n\nerror[E0405]: cannot find trait `Sized` in this scope\n   --> /Users/graysonnocera/.cargo/registry/src/index.crates.io-6f17d22bba15001f/ptr_meta-0.1.4/src/lib.rs:319:12\n    |\n319 | impl<Dyn: ?Sized> cmp::PartialOrd for DynMetadata<Dyn> {\n    |            ^^^^^ not found in this scope\n    |\nhelp: consider importing this trait\n    |\n49  + use core::marker::Sized;\n    |\n\nerror[E0412]: cannot find type `Option` in this scope\n   --> /Users/graysonnocera/.cargo/registry/src/index.crates.io-6f17d22bba15001f/ptr_meta-0.1.4/src/lib.rs:321:44\n    |\n321 |     fn partial_cmp(&self, other: &Self) -> Option<cmp::Ordering> {\n    |                                            ^^^^^^ not found in this scope\n    |\nhelp: consider importing this enum\n    |\n49  + use core::option::Option;\n    |\n\nerror[E0425]: cannot find function, tuple struct or tuple variant `Some` in this scope\n   --> /Users/graysonnocera/.cargo/registry/src/index.crates.io-6f17d22bba15001f/ptr_meta-0.1.4/src/lib.rs:322:9\n    |\n322 |         Some(self.cmp(other))\n    |         ^^^^ not found in this scope\n    |\nhelp: consider importing this tuple variant\n    |\n49  + use core::option::Option::Some;\n    |\n\nerror[E0405]: cannot find trait `Sized` in this scope\n   --> /Users/graysonnocera/.cargo/registry/src/index.crates.io-6f17d22bba15001f/ptr_meta-0.1.4/src/lib.rs:325:12\n    |\n325 | impl<Dyn: ?Sized> hash::Hash for DynMetadata<Dyn> {\n    |            ^^^^^ not found in this scope\n    |\nhelp: consider importing this trait\n    |\n49  + use core::marker::Sized;\n    |\n\nSome errors have detailed explanations: E0405, E0412, E0425, E0463.\nerror: could not compile `ptr_meta` (lib) due to 42 previous errors\nerror[E0463]: can't find crate for `std`\n --> /Users/graysonnocera/.cargo/registry/src/index.crates.io-6f17d22bba15001f/thiserror-1.0.69/src/aserror.rs:2:5\n  |\n2 | use std::error::Error;\n  |     ^^^ can't find crate\n  |\n  = note: the `thumbv7m-none-eabi` target may not support the standard library\n\nerror[E0463]: can't find crate for `std`\n --> /Users/graysonnocera/.cargo/registry/src/index.crates.io-6f17d22bba15001f/thiserror-1.0.69/src/display.rs:2:5\n  |\n2 | use std::path::{self, Path, PathBuf};\n  |     ^^^ can't find crate\n  |\n  = note: the `thumbv7m-none-eabi` target may not support the standard library\n\nerror[E0405]: cannot find trait `Send` in this scope\n  --> /Users/graysonnocera/.cargo/registry/src/index.crates.io-6f17d22bba15001f/thiserror-1.0.69/src/aserror.rs:23:41\n   |\n23 | impl<'a> AsDynError<'a> for dyn Error + Send + 'a {\n   |                                         ^^^^ not found in this scope\n   |\nhelp: consider importing this trait\n   |\n1  + use core::marker::Send;\n   |\n\nerror[E0405]: cannot find trait `Send` in this scope\n  --> /Users/graysonnocera/.cargo/registry/src/index.crates.io-6f17d22bba15001f/thiserror-1.0.69/src/aserror.rs:30:41\n   |\n30 | impl<'a> AsDynError<'a> for dyn Error + Send + Sync + 'a {\n   |                                         ^^^^ not found in this scope\n   |\nhelp: consider importing this trait\n   |\n1  + use core::marker::Send;\n   |\n\nerror[E0405]: cannot find trait `Sync` in this scope\n  --> /Users/graysonnocera/.cargo/registry/src/index.crates.io-6f17d22bba15001f/thiserror-1.0.69/src/aserror.rs:30:48\n   |\n30 | impl<'a> AsDynError<'a> for dyn Error + Send + Sync + 'a {\n   |                                                ^^^^ not found in this scope\n   |\nhelp: consider importing this trait\n   |\n1  + use core::marker::Sync;\n   |\n\nerror[E0405]: cannot find trait `Send` in this scope\n  --> /Users/graysonnocera/.cargo/registry/src/index.crates.io-6f17d22bba15001f/thiserror-1.0.69/src/aserror.rs:37:41\n   |\n37 | impl<'a> AsDynError<'a> for dyn Error + Send + Sync + UnwindSafe + 'a {\n   |                                         ^^^^ not found in this scope\n   |\nhelp: consider importing this trait\n   |\n1  + use core::marker::Send;\n   |\n\nerror[E0405]: cannot find trait `Sync` in this scope\n  --> /Users/graysonnocera/.cargo/registry/src/index.crates.io-6f17d22bba15001f/thiserror-1.0.69/src/aserror.rs:37:48\n   |\n37 | impl<'a> AsDynError<'a> for dyn Error + Send + Sync + UnwindSafe + 'a {\n   |                                                ^^^^ not found in this scope\n   |\nhelp: consider importing this trait\n   |\n1  + use core::marker::Sync;\n   |\n\nerror[E0405]: cannot find trait `Send` in this scope\n  --> /Users/graysonnocera/.cargo/registry/src/index.crates.io-6f17d22bba15001f/thiserror-1.0.69/src/aserror.rs:48:33\n   |\n48 | impl<'a> Sealed for dyn Error + Send + 'a {}\n   |                                 ^^^^ not found in this scope\n   |\nhelp: consider importing this trait\n   |\n1  + use core::marker::Send;\n   |\n\nerror[E0405]: cannot find trait `Send` in this scope\n  --> /Users/graysonnocera/.cargo/registry/src/index.crates.io-6f17d22bba15001f/thiserror-1.0.69/src/aserror.rs:49:33\n   |\n49 | impl<'a> Sealed for dyn Error + Send + Sync + 'a {}\n   |                                 ^^^^ not found in this scope\n   |\nhelp: consider importing this trait\n   |\n1  + use core::marker::Send;\n   |\n\nerror[E0405]: cannot find trait `Sync` in this scope\n  --> /Users/graysonnocera/.cargo/registry/src/index.crates.io-6f17d22bba15001f/thiserror-1.0.69/src/aserror.rs:49:40\n   |\n49 | impl<'a> Sealed for dyn Error + Send + Sync + 'a {}\n   |                                        ^^^^ not found in this scope\n   |\nhelp: consider importing this trait\n   |\n1  + use core::marker::Sync;\n   |\n\nerror[E0405]: cannot find trait `Send` in this scope\n  --> /Users/graysonnocera/.cargo/registry/src/index.crates.io-6f17d22bba15001f/thiserror-1.0.69/src/aserror.rs:50:33\n   |\n50 | impl<'a> Sealed for dyn Error + Send + Sync + UnwindSafe + 'a {}\n   |                                 ^^^^ not found in this scope\n   |\nhelp: consider importing this trait\n   |\n1  + use core::marker::Send;\n   |\n\nerror[E0405]: cannot find trait `Sync` in this scope\n  --> /Users/graysonnocera/.cargo/registry/src/index.crates.io-6f17d22bba15001f/thiserror-1.0.69/src/aserror.rs:50:40\n   |\n50 | impl<'a> Sealed for dyn Error + Send + Sync + UnwindSafe + 'a {}\n   |                                        ^^^^ not found in this scope\n   |\nhelp: consider importing this trait\n   |\n1  + use core::marker::Sync;\n   |\n\nSome errors have detailed explanations: E0405, E0463.\nerror: could not compile `thiserror` (lib) due to 13 previous errors\n",
      "stdout": ""
    },
    "features": [
      "std",
      "core"
    ],
    "project": "../../../Downloads/695-Project/dataset/nostd-failed-crates/crates/wasmer-compiler-near-2.4.1/src",
    "time_to_build": 635,
    "time_to_solve": 99
  }
]