[
  {
    "built_with_features": "core",
    "command": {
      "args": [
        "build",
        "--target",
        "thumbv7m-none-eabi",
        "--no-default-features",
        "--features",
        "core"
      ],
      "code": 101,
      "stderr": "   Compiling simdutf8 v0.1.5\n   Compiling scopeguard v1.2.0\n   Compiling quote v1.0.37\n   Compiling ahash v0.7.8\n   Compiling thiserror v1.0.69\n   Compiling target-lexicon v0.12.16\n   Compiling parking_lot_core v0.9.10\n   Compiling crossbeam-utils v0.8.20\n   Compiling lock_api v0.4.12\n   Compiling memoffset v0.9.1\nerror[E0463]: can't find crate for `std`\n  |\n  = note: the `thumbv7m-none-eabi` target may not support the standard library\n  = note: `std` is required by `scopeguard` because it does not declare `#![no_std]`\n\nerror: cannot find macro `stringify` in this scope\n   --> /Users/graysonnocera/.cargo/registry/src/index.crates.io-6f17d22bba15001f/scopeguard-1.2.0/src/lib.rs:487:24\n    |\n487 |         f.debug_struct(stringify!(ScopeGuard))\n    |                        ^^^^^^^^^\n\nerror: cannot find attribute `derive` in this scope\n   --> /Users/graysonnocera/.cargo/registry/src/index.crates.io-6f17d22bba15001f/scopeguard-1.2.0/src/lib.rs:226:3\n    |\n226 | #[derive(Debug)]\n    |   ^^^^^^\n\nerror: cannot find attribute `derive` in this scope\n   --> /Users/graysonnocera/.cargo/registry/src/index.crates.io-6f17d22bba15001f/scopeguard-1.2.0/src/lib.rs:219:3\n    |\n219 | #[derive(Debug)]\n    |   ^^^^^^\n\nerror: cannot find attribute `derive` in this scope\n   --> /Users/graysonnocera/.cargo/registry/src/index.crates.io-6f17d22bba15001f/scopeguard-1.2.0/src/lib.rs:212:3\n    |\n212 | #[derive(Debug)]\n    |   ^^^^^^\n\nerror[E0463]: can't find crate for `std`\n  |\n  = note: the `thumbv7m-none-eabi` target may not support the standard library\n  = note: `std` is required by `simdutf8` because it does not declare `#![no_std]`\n\nerror: cannot find attribute `derive` in this scope\n   --> /Users/graysonnocera/.cargo/registry/src/index.crates.io-6f17d22bba15001f/simdutf8-0.1.5/src/implementation/helpers.rs:113:3\n    |\n113 | #[derive(Clone, Copy)]\n    |   ^^^^^^\n    |\nhelp: consider importing this attribute macro\n    |\n1   + use core::prelude::rust_2024::derive;\n    |\n\nerror: cannot find macro `write` in this scope\n  --> /Users/graysonnocera/.cargo/registry/src/index.crates.io-6f17d22bba15001f/simdutf8-0.1.5/src/compat.rs:58:13\n   |\n58 |             write!(\n   |             ^^^^^\n   |\nhelp: consider importing this macro\n   |\n12 + use core::write;\n   |\n\nerror[E0405]: cannot find trait `FnOnce` in this scope\n   --> /Users/graysonnocera/.cargo/registry/src/index.crates.io-6f17d22bba15001f/scopeguard-1.2.0/src/lib.rs:306:8\n    |\n306 |     F: FnOnce(T),\n    |        ^^^^^^ not found in this scope\n\nerror[E0405]: cannot find trait `FnOnce` in this scope\n   --> /Users/graysonnocera/.cargo/registry/src/index.crates.io-6f17d22bba15001f/scopeguard-1.2.0/src/lib.rs:317:8\n    |\n317 |     F: FnOnce(T),\n    |        ^^^^^^ not found in this scope\n\nerror[E0405]: cannot find trait `FnOnce` in this scope\n   --> /Users/graysonnocera/.cargo/registry/src/index.crates.io-6f17d22bba15001f/scopeguard-1.2.0/src/lib.rs:377:8\n    |\n377 |     F: FnOnce(T),\n    |        ^^^^^^ not found in this scope\n\nerror[E0405]: cannot find trait `FnOnce` in this scope\n   --> /Users/graysonnocera/.cargo/registry/src/index.crates.io-6f17d22bba15001f/scopeguard-1.2.0/src/lib.rs:390:8\n    |\n390 |     F: FnOnce(T),\n    |        ^^^^^^ not found in this scope\n\nerror[E0405]: cannot find trait `FnOnce` in this scope\n   --> /Users/graysonnocera/.cargo/registry/src/index.crates.io-6f17d22bba15001f/scopeguard-1.2.0/src/lib.rs:427:8\n    |\n427 |     F: FnOnce(T),\n    |        ^^^^^^ not found in this scope\n\nerror[E0405]: cannot find trait `Sync` in this scope\n   --> /Users/graysonnocera/.cargo/registry/src/index.crates.io-6f17d22bba15001f/scopeguard-1.2.0/src/lib.rs:435:22\n    |\n435 | unsafe impl<T, F, S> Sync for ScopeGuard<T, F, S>\n    |                      ^^^^ not found in this scope\n\nerror[E0405]: cannot find trait `Sync` in this scope\n   --> /Users/graysonnocera/.cargo/registry/src/index.crates.io-6f17d22bba15001f/scopeguard-1.2.0/src/lib.rs:437:8\n    |\n437 |     T: Sync,\n    |        ^^^^ not found in this scope\n\nerror[E0405]: cannot find trait `FnOnce` in this scope\n   --> /Users/graysonnocera/.cargo/registry/src/index.crates.io-6f17d22bba15001f/scopeguard-1.2.0/src/lib.rs:438:8\n    |\n438 |     F: FnOnce(T),\n    |        ^^^^^^ not found in this scope\n\nerror: cannot find macro `write` in this scope\n  --> /Users/graysonnocera/.cargo/registry/src/index.crates.io-6f17d22bba15001f/simdutf8-0.1.5/src/compat.rs:52:13\n   |\n52 |             write!(\n   |             ^^^^^\n   |\nhelp: consider importing this macro\n   |\n12 + use core::write;\n   |\n\nerror[E0405]: cannot find trait `FnOnce` in this scope\n   --> /Users/graysonnocera/.cargo/registry/src/index.crates.io-6f17d22bba15001f/scopeguard-1.2.0/src/lib.rs:445:8\n    |\n445 |     F: FnOnce(T),\n    |        ^^^^^^ not found in this scope\n\nerror[E0405]: cannot find trait `FnOnce` in this scope\n   --> /Users/graysonnocera/.cargo/registry/src/index.crates.io-6f17d22bba15001f/scopeguard-1.2.0/src/lib.rs:457:8\n    |\n457 |     F: FnOnce(T),\n    |        ^^^^^^ not found in this scope\n\nerror[E0405]: cannot find trait `Drop` in this scope\n   --> /Users/graysonnocera/.cargo/registry/src/index.crates.io-6f17d22bba15001f/scopeguard-1.2.0/src/lib.rs:465:15\n    |\n465 | impl<T, F, S> Drop for ScopeGuard<T, F, S>\n    |               ^^^^ not found in this scope\n\nerror[E0405]: cannot find trait `FnOnce` in this scope\n   --> /Users/graysonnocera/.cargo/registry/src/index.crates.io-6f17d22bba15001f/scopeguard-1.2.0/src/lib.rs:467:8\n    |\n467 |     F: FnOnce(T),\n    |        ^^^^^^ not found in this scope\n\nerror[E0405]: cannot find trait `FnOnce` in this scope\n   --> /Users/graysonnocera/.cargo/registry/src/index.crates.io-6f17d22bba15001f/scopeguard-1.2.0/src/lib.rs:483:8\n    |\n483 |     F: FnOnce(T),\n    |        ^^^^^^ not found in this scope\n\nerror: cannot find attribute `derive` in this scope\n  --> /Users/graysonnocera/.cargo/registry/src/index.crates.io-6f17d22bba15001f/simdutf8-0.1.5/src/compat.rs:23:3\n   |\n23 | #[derive(Copy, Eq, PartialEq, Clone, Debug)]\n   |   ^^^^^^\n   |\nhelp: consider importing this attribute macro\n   |\n12 + use core::prelude::rust_2024::derive;\n   |\n\nerror: cannot find attribute `derive` in this scope\n  --> /Users/graysonnocera/.cargo/registry/src/index.crates.io-6f17d22bba15001f/simdutf8-0.1.5/src/basic.rs:16:3\n   |\n16 | #[derive(Copy, Eq, PartialEq, Clone, Debug)]\n   |   ^^^^^^\n   |\nhelp: consider importing this attribute macro\n   |\n8  + use core::prelude::rust_2024::derive;\n   |\n\nerror[E0463]: can't find crate for `std`\n  --> /Users/graysonnocera/.cargo/registry/src/index.crates.io-6f17d22bba15001f/simdutf8-0.1.5/src/basic.rs:26:6\n   |\n26 | impl std::error::Error for Utf8Error {}\n   |      ^^^ can't find crate\n   |\n   = note: the `thumbv7m-none-eabi` target may not support the standard library\n\nSome errors have detailed explanations: E0405, E0463.\nFor more information about an error, try `rustc --explain E0405`.\nerror: could not compile `scopeguard` (lib) due to 18 previous errors\nwarning: build failed, waiting for other jobs to finish...\nerror[E0463]: can't find crate for `std`\n  --> /Users/graysonnocera/.cargo/registry/src/index.crates.io-6f17d22bba15001f/simdutf8-0.1.5/src/compat.rs:68:6\n   |\n68 | impl std::error::Error for Utf8Error {}\n   |      ^^^ can't find crate\n   |\n   = note: the `thumbv7m-none-eabi` target may not support the standard library\n\nerror[E0412]: cannot find type `Result` in this scope\n  --> /Users/graysonnocera/.cargo/registry/src/index.crates.io-6f17d22bba15001f/simdutf8-0.1.5/src/basic.rs:36:35\n   |\n36 | pub fn from_utf8(input: &[u8]) -> Result<&str, Utf8Error> {\n   |                                   ^^^^^^ not found in this scope\n   |\nhelp: consider importing one of these items\n   |\n8  + use core::fmt::Result;\n   |\n8  + use core::result::Result;\n   |\n\nerror[E0425]: cannot find function, tuple struct or tuple variant `Ok` in this scope\n  --> /Users/graysonnocera/.cargo/registry/src/index.crates.io-6f17d22bba15001f/simdutf8-0.1.5/src/basic.rs:39:9\n   |\n39 |         Ok(from_utf8_unchecked(input))\n   |         ^^ not found in this scope\n   |\nhelp: consider importing this tuple variant\n   |\n8  + use core::result::Result::Ok;\n   |\n\nerror[E0412]: cannot find type `Result` in this scope\n  --> /Users/graysonnocera/.cargo/registry/src/index.crates.io-6f17d22bba15001f/simdutf8-0.1.5/src/basic.rs:51:43\n   |\n51 | pub fn from_utf8_mut(input: &mut [u8]) -> Result<&mut str, Utf8Error> {\n   |                                           ^^^^^^ not found in this scope\n   |\nhelp: consider importing one of these items\n   |\n8  + use core::fmt::Result;\n   |\n8  + use core::result::Result;\n   |\n\nerror[E0425]: cannot find function, tuple struct or tuple variant `Ok` in this scope\n  --> /Users/graysonnocera/.cargo/registry/src/index.crates.io-6f17d22bba15001f/simdutf8-0.1.5/src/basic.rs:54:9\n   |\n54 |         Ok(from_utf8_unchecked_mut(input))\n   |         ^^ not found in this scope\n   |\nhelp: consider importing this tuple variant\n   |\n8  + use core::result::Result::Ok;\n   |\n\nerror[E0412]: cannot find type `Option` in this scope\n  --> /Users/graysonnocera/.cargo/registry/src/index.crates.io-6f17d22bba15001f/simdutf8-0.1.5/src/compat.rs:26:27\n   |\n26 |     pub(crate) error_len: Option<u8>,\n   |                           ^^^^^^ not found in this scope\n   |\nhelp: consider importing this enum\n   |\n12 + use core::option::Option;\n   |\n\nerror[E0412]: cannot find type `Option` in this scope\n  --> /Users/graysonnocera/.cargo/registry/src/index.crates.io-6f17d22bba15001f/simdutf8-0.1.5/src/compat.rs:44:32\n   |\n44 |     pub fn error_len(&self) -> Option<usize> {\n   |                                ^^^^^^ not found in this scope\n   |\nhelp: consider importing this enum\n   |\n12 + use core::option::Option;\n   |\n\nerror[E0531]: cannot find tuple struct or tuple variant `Some` in this scope\n  --> /Users/graysonnocera/.cargo/registry/src/index.crates.io-6f17d22bba15001f/simdutf8-0.1.5/src/compat.rs:51:16\n   |\n51 |         if let Some(error_len) = self.error_len {\n   |                ^^^^ not found in this scope\n   |\nhelp: consider importing this tuple variant\n   |\n12 + use core::option::Option::Some;\n   |\n\nerror[E0412]: cannot find type `Result` in this scope\n  --> /Users/graysonnocera/.cargo/registry/src/index.crates.io-6f17d22bba15001f/simdutf8-0.1.5/src/compat.rs:79:35\n   |\n79 | pub fn from_utf8(input: &[u8]) -> Result<&str, Utf8Error> {\n   |                                   ^^^^^^ not found in this scope\n   |\nhelp: consider importing one of these items\n   |\n12 + use core::fmt::Result;\n   |\n12 + use core::result::Result;\n   |\n\nerror[E0425]: cannot find function, tuple struct or tuple variant `Ok` in this scope\n  --> /Users/graysonnocera/.cargo/registry/src/index.crates.io-6f17d22bba15001f/simdutf8-0.1.5/src/compat.rs:82:9\n   |\n82 |         Ok(from_utf8_unchecked(input))\n   |         ^^ not found in this scope\n   |\nhelp: consider importing this tuple variant\n   |\n12 + use core::result::Result::Ok;\n   |\n\nerror[E0412]: cannot find type `Result` in this scope\n  --> /Users/graysonnocera/.cargo/registry/src/index.crates.io-6f17d22bba15001f/simdutf8-0.1.5/src/compat.rs:95:43\n   |\n95 | pub fn from_utf8_mut(input: &mut [u8]) -> Result<&mut str, Utf8Error> {\n   |                                           ^^^^^^ not found in this scope\n   |\nhelp: consider importing one of these items\n   |\n12 + use core::fmt::Result;\n   |\n12 + use core::result::Result;\n   |\n\nerror[E0425]: cannot find function, tuple struct or tuple variant `Ok` in this scope\n  --> /Users/graysonnocera/.cargo/registry/src/index.crates.io-6f17d22bba15001f/simdutf8-0.1.5/src/compat.rs:98:9\n   |\n98 |         Ok(from_utf8_unchecked_mut(input))\n   |         ^^ not found in this scope\n   |\nhelp: consider importing this tuple variant\n   |\n12 + use core::result::Result::Ok;\n   |\n\nerror[E0412]: cannot find type `Result` in this scope\n --> /Users/graysonnocera/.cargo/registry/src/index.crates.io-6f17d22bba15001f/simdutf8-0.1.5/src/implementation/helpers.rs:4:71\n  |\n4 | pub(crate) fn validate_utf8_at_offset(input: &[u8], offset: usize) -> Result<(), Utf8ErrorCompat> {\n  |                                                                       ^^^^^^ not found in this scope\n  |\nhelp: consider importing one of these items\n  |\n1 + use core::fmt::Result;\n  |\n1 + use core::result::Result;\n  |\n\nerror[E0531]: cannot find tuple struct or tuple variant `Ok` in this scope\n --> /Users/graysonnocera/.cargo/registry/src/index.crates.io-6f17d22bba15001f/simdutf8-0.1.5/src/implementation/helpers.rs:7:9\n  |\n7 |         Ok(_) => Ok(()),\n  |         ^^ not found in this scope\n  |\nhelp: consider importing this tuple variant\n  |\n1 + use core::result::Result::Ok;\n  |\n\nerror[E0425]: cannot find function, tuple struct or tuple variant `Ok` in this scope\n --> /Users/graysonnocera/.cargo/registry/src/index.crates.io-6f17d22bba15001f/simdutf8-0.1.5/src/implementation/helpers.rs:7:18\n  |\n7 |         Ok(_) => Ok(()),\n  |                  ^^ not found in this scope\n  |\nhelp: consider importing this tuple variant\n  |\n1 + use core::result::Result::Ok;\n  |\n\nerror[E0531]: cannot find tuple struct or tuple variant `Err` in this scope\n --> /Users/graysonnocera/.cargo/registry/src/index.crates.io-6f17d22bba15001f/simdutf8-0.1.5/src/implementation/helpers.rs:8:9\n  |\n8 |         Err(err) => Err(Utf8ErrorCompat {\n  |         ^^^ not found in this scope\n  |\nhelp: consider importing this tuple variant\n  |\n1 + use core::result::Result::Err;\n  |\n\nerror[E0425]: cannot find function, tuple struct or tuple variant `Err` in this scope\n --> /Users/graysonnocera/.cargo/registry/src/index.crates.io-6f17d22bba15001f/simdutf8-0.1.5/src/implementation/helpers.rs:8:21\n  |\n8 |         Err(err) => Err(Utf8ErrorCompat {\n  |                     ^^^\n  |\nhelp: a local variable with a similar name exists\n  |\n8 |         Err(err) => err(Utf8ErrorCompat {\n  |                     ~~~\nhelp: consider importing this tuple variant\n  |\n1 + use core::result::Result::Err;\n  |\n\nerror[E0405]: cannot find trait `Copy` in this scope\n   --> /Users/graysonnocera/.cargo/registry/src/index.crates.io-6f17d22bba15001f/simdutf8-0.1.5/src/implementation/helpers.rs:117:8\n    |\n117 |     T: Copy;\n    |        ^^^^ not found in this scope\n    |\nhelp: consider importing this trait\n    |\n1   + use core::marker::Copy;\n    |\n\nerror[E0412]: cannot find type `Result` in this scope\n  --> /Users/graysonnocera/.cargo/registry/src/index.crates.io-6f17d22bba15001f/simdutf8-0.1.5/src/implementation/mod.rs:15:50\n   |\n15 | type ValidateUtf8Fn = unsafe fn(input: &[u8]) -> Result<(), Utf8ErrorBasic>;\n   |                                                  ^^^^^^ not found in this scope\n   |\nhelp: consider importing one of these items\n   |\n65 + use core::fmt::Result;\n   |\n65 + use core::result::Result;\n   |\n\nerror[E0412]: cannot find type `Result` in this scope\n  --> /Users/graysonnocera/.cargo/registry/src/index.crates.io-6f17d22bba15001f/simdutf8-0.1.5/src/implementation/mod.rs:18:56\n   |\n18 | type ValidateUtf8CompatFn = unsafe fn(input: &[u8]) -> Result<(), Utf8ErrorCompat>;\n   |                                                        ^^^^^^ not found in this scope\n   |\nhelp: consider importing one of these items\n   |\n65 + use core::fmt::Result;\n   |\n65 + use core::result::Result;\n   |\n\nerror[E0412]: cannot find type `Result` in this scope\n  --> /Users/graysonnocera/.cargo/registry/src/index.crates.io-6f17d22bba15001f/simdutf8-0.1.5/src/implementation/mod.rs:85:61\n   |\n85 | pub(crate) fn validate_utf8_basic_fallback(input: &[u8]) -> Result<(), Utf8ErrorBasic> {\n   |                                                             ^^^^^^ not found in this scope\n   |\nhelp: consider importing one of these items\n   |\n65 + use core::fmt::Result;\n   |\n65 + use core::result::Result;\n   |\n\nerror[E0531]: cannot find tuple struct or tuple variant `Ok` in this scope\n  --> /Users/graysonnocera/.cargo/registry/src/index.crates.io-6f17d22bba15001f/simdutf8-0.1.5/src/implementation/mod.rs:87:9\n   |\n87 |         Ok(_) => Ok(()),\n   |         ^^ not found in this scope\n   |\nhelp: consider importing this tuple variant\n   |\n65 + use core::result::Result::Ok;\n   |\n\nerror[E0425]: cannot find function, tuple struct or tuple variant `Ok` in this scope\n  --> /Users/graysonnocera/.cargo/registry/src/index.crates.io-6f17d22bba15001f/simdutf8-0.1.5/src/implementation/mod.rs:87:18\n   |\n87 |         Ok(_) => Ok(()),\n   |                  ^^ not found in this scope\n   |\nhelp: consider importing this tuple variant\n   |\n65 + use core::result::Result::Ok;\n   |\n\nerror[E0531]: cannot find tuple struct or tuple variant `Err` in this scope\n  --> /Users/graysonnocera/.cargo/registry/src/index.crates.io-6f17d22bba15001f/simdutf8-0.1.5/src/implementation/mod.rs:88:9\n   |\n88 |         Err(_) => Err(Utf8ErrorBasic {}),\n   |         ^^^ not found in this scope\n   |\nhelp: consider importing this tuple variant\n   |\n65 + use core::result::Result::Err;\n   |\n\nerror[E0425]: cannot find function, tuple struct or tuple variant `Err` in this scope\n  --> /Users/graysonnocera/.cargo/registry/src/index.crates.io-6f17d22bba15001f/simdutf8-0.1.5/src/implementation/mod.rs:88:19\n   |\n88 |         Err(_) => Err(Utf8ErrorBasic {}),\n   |                   ^^^ not found in this scope\n   |\nhelp: consider importing this tuple variant\n   |\n65 + use core::result::Result::Err;\n   |\n\nerror[E0412]: cannot find type `Result` in this scope\n  --> /Users/graysonnocera/.cargo/registry/src/index.crates.io-6f17d22bba15001f/simdutf8-0.1.5/src/implementation/mod.rs:94:62\n   |\n94 | pub(crate) fn validate_utf8_compat_fallback(input: &[u8]) -> Result<(), Utf8ErrorCompat> {\n   |                                                              ^^^^^^ not found in this scope\n   |\nhelp: consider importing one of these items\n   |\n65 + use core::fmt::Result;\n   |\n65 + use core::result::Result;\n   |\n\nSome errors have detailed explanations: E0405, E0412, E0425, E0463, E0531.\nerror: could not compile `simdutf8` (lib) due to 33 previous errors\n",
      "stdout": ""
    },
    "features": [
      "std",
      "core"
    ],
    "project": "../../../Downloads/695-Project/dataset/nostd-failed-crates/crates/wasmer-compiler-4.2.5/src",
    "time_to_build": 867,
    "time_to_solve": 219
  }
]