[
  {
    "built_with_features": "core",
    "command": {
      "args": [
        "build",
        "--target",
        "thumbv7m-none-eabi",
        "--no-default-features",
        "--features",
        "core"
      ],
      "code": 101,
      "stderr": "   Compiling ptr_meta v0.1.4\n   Compiling thiserror v1.0.69\nerror[E0463]: can't find crate for `std`\n  |\n  = note: the `thumbv7m-none-eabi` target may not support the standard library\n  = note: `std` is required by `thiserror` because it does not declare `#![no_std]`\n\nerror[E0463]: can't find crate for `std`\n  |\n  = note: the `thumbv7m-none-eabi` target may not support the standard library\n  = note: `std` is required by `ptr_meta` because it does not declare `#![no_std]`\n\nerror[E0463]: can't find crate for `std`\n --> /Users/graysonnocera/.cargo/registry/src/index.crates.io-6f17d22bba15001f/thiserror-1.0.69/src/aserror.rs:2:5\n  |\n2 | use std::error::Error;\n  |     ^^^ can't find crate\n  |\n  = note: the `thumbv7m-none-eabi` target may not support the standard library\n\nerror[E0463]: can't find crate for `std`\n --> /Users/graysonnocera/.cargo/registry/src/index.crates.io-6f17d22bba15001f/thiserror-1.0.69/src/display.rs:2:5\n  |\n2 | use std::path::{self, Path, PathBuf};\n  |     ^^^ can't find crate\n  |\n  = note: the `thumbv7m-none-eabi` target may not support the standard library\n\nerror[E0463]: can't find crate for `std`\n   --> /Users/graysonnocera/.cargo/registry/src/index.crates.io-6f17d22bba15001f/ptr_meta-0.1.4/src/lib.rs:124:20\n    |\n124 | impl Pointee for ::std::ffi::CStr {\n    |                    ^^^ can't find crate\n    |\n    = note: the `thumbv7m-none-eabi` target may not support the standard library\n\nerror[E0463]: can't find crate for `std`\n   --> /Users/graysonnocera/.cargo/registry/src/index.crates.io-6f17d22bba15001f/ptr_meta-0.1.4/src/lib.rs:129:20\n    |\n129 | impl Pointee for ::std::ffi::OsStr {\n    |                    ^^^ can't find crate\n    |\n    = note: the `thumbv7m-none-eabi` target may not support the standard library\n\nerror[E0405]: cannot find trait `Send` in this scope\n  --> /Users/graysonnocera/.cargo/registry/src/index.crates.io-6f17d22bba15001f/thiserror-1.0.69/src/aserror.rs:23:41\n   |\n23 | impl<'a> AsDynError<'a> for dyn Error + Send + 'a {\n   |                                         ^^^^ not found in this scope\n   |\nhelp: consider importing this trait\n   |\n1  + use core::marker::Send;\n   |\n\nerror[E0405]: cannot find trait `Send` in this scope\n  --> /Users/graysonnocera/.cargo/registry/src/index.crates.io-6f17d22bba15001f/thiserror-1.0.69/src/aserror.rs:30:41\n   |\n30 | impl<'a> AsDynError<'a> for dyn Error + Send + Sync + 'a {\n   |                                         ^^^^ not found in this scope\n   |\nhelp: consider importing this trait\n   |\n1  + use core::marker::Send;\n   |\n\nerror[E0405]: cannot find trait `Sync` in this scope\n  --> /Users/graysonnocera/.cargo/registry/src/index.crates.io-6f17d22bba15001f/thiserror-1.0.69/src/aserror.rs:30:48\n   |\n30 | impl<'a> AsDynError<'a> for dyn Error + Send + Sync + 'a {\n   |                                                ^^^^ not found in this scope\n   |\nhelp: consider importing this trait\n   |\n1  + use core::marker::Sync;\n   |\n\nerror[E0405]: cannot find trait `Send` in this scope\n  --> /Users/graysonnocera/.cargo/registry/src/index.crates.io-6f17d22bba15001f/thiserror-1.0.69/src/aserror.rs:37:41\n   |\n37 | impl<'a> AsDynError<'a> for dyn Error + Send + Sync + UnwindSafe + 'a {\n   |                                         ^^^^ not found in this scope\n   |\nhelp: consider importing this trait\n   |\n1  + use core::marker::Send;\n   |\n\nerror[E0405]: cannot find trait `Sync` in this scope\n  --> /Users/graysonnocera/.cargo/registry/src/index.crates.io-6f17d22bba15001f/thiserror-1.0.69/src/aserror.rs:37:48\n   |\n37 | impl<'a> AsDynError<'a> for dyn Error + Send + Sync + UnwindSafe + 'a {\n   |                                                ^^^^ not found in this scope\n   |\nhelp: consider importing this trait\n   |\n1  + use core::marker::Sync;\n   |\n\nerror[E0405]: cannot find trait `Send` in this scope\n  --> /Users/graysonnocera/.cargo/registry/src/index.crates.io-6f17d22bba15001f/thiserror-1.0.69/src/aserror.rs:48:33\n   |\n48 | impl<'a> Sealed for dyn Error + Send + 'a {}\n   |                                 ^^^^ not found in this scope\n   |\nhelp: consider importing this trait\n   |\n1  + use core::marker::Send;\n   |\n\nerror[E0405]: cannot find trait `Send` in this scope\n  --> /Users/graysonnocera/.cargo/registry/src/index.crates.io-6f17d22bba15001f/thiserror-1.0.69/src/aserror.rs:49:33\n   |\n49 | impl<'a> Sealed for dyn Error + Send + Sync + 'a {}\n   |                                 ^^^^ not found in this scope\n   |\nhelp: consider importing this trait\n   |\n1  + use core::marker::Send;\n   |\n\nerror[E0405]: cannot find trait `Sync` in this scope\n  --> /Users/graysonnocera/.cargo/registry/src/index.crates.io-6f17d22bba15001f/thiserror-1.0.69/src/aserror.rs:49:40\n   |\n49 | impl<'a> Sealed for dyn Error + Send + Sync + 'a {}\n   |                                        ^^^^ not found in this scope\n   |\nhelp: consider importing this trait\n   |\n1  + use core::marker::Sync;\n   |\n\nerror[E0405]: cannot find trait `Send` in this scope\n  --> /Users/graysonnocera/.cargo/registry/src/index.crates.io-6f17d22bba15001f/thiserror-1.0.69/src/aserror.rs:50:33\n   |\n50 | impl<'a> Sealed for dyn Error + Send + Sync + UnwindSafe + 'a {}\n   |                                 ^^^^ not found in this scope\n   |\nhelp: consider importing this trait\n   |\n1  + use core::marker::Send;\n   |\n\nerror[E0405]: cannot find trait `Sync` in this scope\n  --> /Users/graysonnocera/.cargo/registry/src/index.crates.io-6f17d22bba15001f/thiserror-1.0.69/src/aserror.rs:50:40\n   |\n50 | impl<'a> Sealed for dyn Error + Send + Sync + UnwindSafe + 'a {}\n   |                                        ^^^^ not found in this scope\n   |\nhelp: consider importing this trait\n   |\n1  + use core::marker::Sync;\n   |\n\nSome errors have detailed explanations: E0405, E0463.\nFor more information about an error, try `rustc --explain E0405`.\nerror: could not compile `thiserror` (lib) due to 13 previous errors\nwarning: build failed, waiting for other jobs to finish...\nerror[E0405]: cannot find trait `Copy` in this scope\n   --> /Users/graysonnocera/.cargo/registry/src/index.crates.io-6f17d22bba15001f/ptr_meta-0.1.4/src/lib.rs:108:20\n    |\n108 |     type Metadata: Copy + Send + Sync + Ord + hash::Hash + Unpin;\n    |                    ^^^^ not found in this scope\n    |\nhelp: consider importing this trait\n    |\n49  + use core::marker::Copy;\n    |\n\nerror[E0405]: cannot find trait `Send` in this scope\n   --> /Users/graysonnocera/.cargo/registry/src/index.crates.io-6f17d22bba15001f/ptr_meta-0.1.4/src/lib.rs:108:27\n    |\n108 |     type Metadata: Copy + Send + Sync + Ord + hash::Hash + Unpin;\n    |                           ^^^^ not found in this scope\n    |\nhelp: consider importing this trait\n    |\n49  + use core::marker::Send;\n    |\n\nerror[E0405]: cannot find trait `Sync` in this scope\n   --> /Users/graysonnocera/.cargo/registry/src/index.crates.io-6f17d22bba15001f/ptr_meta-0.1.4/src/lib.rs:108:34\n    |\n108 |     type Metadata: Copy + Send + Sync + Ord + hash::Hash + Unpin;\n    |                                  ^^^^ not found in this scope\n    |\nhelp: consider importing this trait\n    |\n49  + use core::marker::Sync;\n    |\n\nerror[E0405]: cannot find trait `Ord` in this scope\n   --> /Users/graysonnocera/.cargo/registry/src/index.crates.io-6f17d22bba15001f/ptr_meta-0.1.4/src/lib.rs:108:41\n    |\n108 |     type Metadata: Copy + Send + Sync + Ord + hash::Hash + Unpin;\n    |                                         ^^^ not found in this scope\n    |\nhelp: consider importing one of these traits\n    |\n49  + use crate::cmp::Ord;\n    |\n49  + use core::cmp::Ord;\n    |\n\nerror[E0405]: cannot find trait `Unpin` in this scope\n   --> /Users/graysonnocera/.cargo/registry/src/index.crates.io-6f17d22bba15001f/ptr_meta-0.1.4/src/lib.rs:108:60\n    |\n108 |     type Metadata: Copy + Send + Sync + Ord + hash::Hash + Unpin;\n    |                                                            ^^^^^ not found in this scope\n    |\nhelp: consider importing this trait\n    |\n49  + use core::marker::Unpin;\n    |\n\nerror[E0405]: cannot find trait `Sized` in this scope\n   --> /Users/graysonnocera/.cargo/registry/src/index.crates.io-6f17d22bba15001f/ptr_meta-0.1.4/src/lib.rs:134:40\n    |\n134 | pub(crate) union PtrRepr<T: Pointee + ?Sized> {\n    |                                        ^^^^^ not found in this scope\n    |\nhelp: consider importing this trait\n    |\n49  + use core::marker::Sized;\n    |\n\nerror[E0405]: cannot find trait `Sized` in this scope\n   --> /Users/graysonnocera/.cargo/registry/src/index.crates.io-6f17d22bba15001f/ptr_meta-0.1.4/src/lib.rs:141:47\n    |\n141 | pub(crate) struct PtrComponents<T: Pointee + ?Sized> {\n    |                                               ^^^^^ not found in this scope\n    |\nhelp: consider importing this trait\n    |\n49  + use core::marker::Sized;\n    |\n\nerror[E0405]: cannot find trait `Clone` in this scope\n   --> /Users/graysonnocera/.cargo/registry/src/index.crates.io-6f17d22bba15001f/ptr_meta-0.1.4/src/lib.rs:146:27\n    |\n146 | impl<T: Pointee + ?Sized> Clone for PtrComponents<T> {\n    |                           ^^^^^ not found in this scope\n    |\nhelp: consider importing this trait\n    |\n49  + use core::clone::Clone;\n    |\n\nerror[E0405]: cannot find trait `Sized` in this scope\n   --> /Users/graysonnocera/.cargo/registry/src/index.crates.io-6f17d22bba15001f/ptr_meta-0.1.4/src/lib.rs:146:20\n    |\n146 | impl<T: Pointee + ?Sized> Clone for PtrComponents<T> {\n    |                    ^^^^^ not found in this scope\n    |\nhelp: consider importing this trait\n    |\n49  + use core::marker::Sized;\n    |\n\nerror[E0405]: cannot find trait `Copy` in this scope\n   --> /Users/graysonnocera/.cargo/registry/src/index.crates.io-6f17d22bba15001f/ptr_meta-0.1.4/src/lib.rs:155:27\n    |\n155 | impl<T: Pointee + ?Sized> Copy for PtrComponents<T> {}\n    |                           ^^^^ not found in this scope\n    |\nhelp: consider importing this trait\n    |\n49  + use core::marker::Copy;\n    |\n\nerror[E0405]: cannot find trait `Sized` in this scope\n   --> /Users/graysonnocera/.cargo/registry/src/index.crates.io-6f17d22bba15001f/ptr_meta-0.1.4/src/lib.rs:155:20\n    |\n155 | impl<T: Pointee + ?Sized> Copy for PtrComponents<T> {}\n    |                    ^^^^^ not found in this scope\n    |\nhelp: consider importing this trait\n    |\n49  + use core::marker::Sized;\n    |\n\nerror[E0405]: cannot find trait `Sized` in this scope\n   --> /Users/graysonnocera/.cargo/registry/src/index.crates.io-6f17d22bba15001f/ptr_meta-0.1.4/src/lib.rs:169:31\n    |\n169 | pub fn metadata<T: Pointee + ?Sized>(ptr: *const T) -> <T as Pointee>::Metadata {\n    |                               ^^^^^ not found in this scope\n    |\nhelp: consider importing this trait\n    |\n49  + use core::marker::Sized;\n    |\n\nerror[E0405]: cannot find trait `Sized` in this scope\n   --> /Users/graysonnocera/.cargo/registry/src/index.crates.io-6f17d22bba15001f/ptr_meta-0.1.4/src/lib.rs:180:37\n    |\n180 | pub fn from_raw_parts<T: Pointee + ?Sized>(data_address: *const (), metadata: <T as Pointee>::Metadata) -> *const T {\n    |                                     ^^^^^ not found in this scope\n    |\nhelp: consider importing this trait\n    |\n49  + use core::marker::Sized;\n    |\n\nerror[E0405]: cannot find trait `Sized` in this scope\n   --> /Users/graysonnocera/.cargo/registry/src/index.crates.io-6f17d22bba15001f/ptr_meta-0.1.4/src/lib.rs:188:41\n    |\n188 | pub fn from_raw_parts_mut<T: Pointee + ?Sized>(data_address: *mut (), metadata: <T as Pointee>::Metadata) -> *mut T {\n    |                                         ^^^^^ not found in this scope\n    |\nhelp: consider importing this trait\n    |\n49  + use core::marker::Sized;\n    |\n\nerror[E0405]: cannot find trait `Sized` in this scope\n   --> /Users/graysonnocera/.cargo/registry/src/index.crates.io-6f17d22bba15001f/ptr_meta-0.1.4/src/lib.rs:193:36\n    |\n193 | pub trait NonNullExt<T: Pointee + ?Sized> {\n    |                                    ^^^^^ not found in this scope\n    |\nhelp: consider importing this trait\n    |\n49  + use core::marker::Sized;\n    |\n\nerror[E0405]: cannot find trait `Sized` in this scope\n   --> /Users/graysonnocera/.cargo/registry/src/index.crates.io-6f17d22bba15001f/ptr_meta-0.1.4/src/lib.rs:203:20\n    |\n203 | impl<T: Pointee + ?Sized> NonNullExt<T> for ptr::NonNull<T> {\n    |                    ^^^^^ not found in this scope\n    |\nhelp: consider importing this trait\n    |\n49  + use core::marker::Sized;\n    |\n\nerror[E0405]: cannot find trait `Sized` in this scope\n   --> /Users/graysonnocera/.cargo/registry/src/index.crates.io-6f17d22bba15001f/ptr_meta-0.1.4/src/lib.rs:217:32\n    |\n217 | pub trait PtrExt<T: Pointee + ?Sized> {\n    |                                ^^^^^ not found in this scope\n    |\nhelp: consider importing this trait\n    |\n49  + use core::marker::Sized;\n    |\n\nerror[E0405]: cannot find trait `Sized` in this scope\n   --> /Users/graysonnocera/.cargo/registry/src/index.crates.io-6f17d22bba15001f/ptr_meta-0.1.4/src/lib.rs:228:20\n    |\n228 | impl<T: Pointee + ?Sized> PtrExt<T> for *const T {\n    |                    ^^^^^ not found in this scope\n    |\nhelp: consider importing this trait\n    |\n49  + use core::marker::Sized;\n    |\n\nerror[E0405]: cannot find trait `Sized` in this scope\n   --> /Users/graysonnocera/.cargo/registry/src/index.crates.io-6f17d22bba15001f/ptr_meta-0.1.4/src/lib.rs:236:20\n    |\n236 | impl<T: Pointee + ?Sized> PtrExt<T> for *mut T {\n    |                    ^^^^^ not found in this scope\n    |\nhelp: consider importing this trait\n    |\n49  + use core::marker::Sized;\n    |\n\nerror[E0405]: cannot find trait `Sized` in this scope\n   --> /Users/graysonnocera/.cargo/registry/src/index.crates.io-6f17d22bba15001f/ptr_meta-0.1.4/src/lib.rs:262:30\n    |\n262 | pub struct DynMetadata<Dyn: ?Sized> {\n    |                              ^^^^^ not found in this scope\n    |\nhelp: consider importing this trait\n    |\n49  + use core::marker::Sized;\n    |\n\nerror[E0405]: cannot find trait `Sized` in this scope\n   --> /Users/graysonnocera/.cargo/registry/src/index.crates.io-6f17d22bba15001f/ptr_meta-0.1.4/src/lib.rs:274:12\n    |\n274 | impl<Dyn: ?Sized> DynMetadata<Dyn> {\n    |            ^^^^^ not found in this scope\n    |\nhelp: consider importing this trait\n    |\n49  + use core::marker::Sized;\n    |\n\nerror[E0405]: cannot find trait `Send` in this scope\n   --> /Users/graysonnocera/.cargo/registry/src/index.crates.io-6f17d22bba15001f/ptr_meta-0.1.4/src/lib.rs:291:26\n    |\n291 | unsafe impl<Dyn: ?Sized> Send for DynMetadata<Dyn> {}\n    |                          ^^^^ not found in this scope\n    |\nhelp: consider importing this trait\n    |\n49  + use core::marker::Send;\n    |\n\nerror[E0405]: cannot find trait `Sized` in this scope\n   --> /Users/graysonnocera/.cargo/registry/src/index.crates.io-6f17d22bba15001f/ptr_meta-0.1.4/src/lib.rs:291:19\n    |\n291 | unsafe impl<Dyn: ?Sized> Send for DynMetadata<Dyn> {}\n    |                   ^^^^^ not found in this scope\n    |\nhelp: consider importing this trait\n    |\n49  + use core::marker::Sized;\n    |\n\nerror[E0405]: cannot find trait `Sync` in this scope\n   --> /Users/graysonnocera/.cargo/registry/src/index.crates.io-6f17d22bba15001f/ptr_meta-0.1.4/src/lib.rs:292:26\n    |\n292 | unsafe impl<Dyn: ?Sized> Sync for DynMetadata<Dyn> {}\n    |                          ^^^^ not found in this scope\n    |\nhelp: consider importing this trait\n    |\n49  + use core::marker::Sync;\n    |\n\nerror[E0405]: cannot find trait `Sized` in this scope\n   --> /Users/graysonnocera/.cargo/registry/src/index.crates.io-6f17d22bba15001f/ptr_meta-0.1.4/src/lib.rs:292:19\n    |\n292 | unsafe impl<Dyn: ?Sized> Sync for DynMetadata<Dyn> {}\n    |                   ^^^^^ not found in this scope\n    |\nhelp: consider importing this trait\n    |\n49  + use core::marker::Sized;\n    |\n\nerror[E0405]: cannot find trait `Sized` in this scope\n   --> /Users/graysonnocera/.cargo/registry/src/index.crates.io-6f17d22bba15001f/ptr_meta-0.1.4/src/lib.rs:293:12\n    |\n293 | impl<Dyn: ?Sized> fmt::Debug for DynMetadata<Dyn> {\n    |            ^^^^^ not found in this scope\n    |\nhelp: consider importing this trait\n    |\n49  + use core::marker::Sized;\n    |\n\nerror[E0405]: cannot find trait `Unpin` in this scope\n   --> /Users/graysonnocera/.cargo/registry/src/index.crates.io-6f17d22bba15001f/ptr_meta-0.1.4/src/lib.rs:298:19\n    |\n298 | impl<Dyn: ?Sized> Unpin for DynMetadata<Dyn> {}\n    |                   ^^^^^ not found in this scope\n    |\nhelp: consider importing this trait\n    |\n49  + use core::marker::Unpin;\n    |\n\nerror[E0405]: cannot find trait `Sized` in this scope\n   --> /Users/graysonnocera/.cargo/registry/src/index.crates.io-6f17d22bba15001f/ptr_meta-0.1.4/src/lib.rs:298:12\n    |\n298 | impl<Dyn: ?Sized> Unpin for DynMetadata<Dyn> {}\n    |            ^^^^^ not found in this scope\n    |\nhelp: consider importing this trait\n    |\n49  + use core::marker::Sized;\n    |\n\nerror[E0405]: cannot find trait `Copy` in this scope\n   --> /Users/graysonnocera/.cargo/registry/src/index.crates.io-6f17d22bba15001f/ptr_meta-0.1.4/src/lib.rs:299:19\n    |\n299 | impl<Dyn: ?Sized> Copy for DynMetadata<Dyn> {}\n    |                   ^^^^ not found in this scope\n    |\nhelp: consider importing this trait\n    |\n49  + use core::marker::Copy;\n    |\n\nerror[E0405]: cannot find trait `Sized` in this scope\n   --> /Users/graysonnocera/.cargo/registry/src/index.crates.io-6f17d22bba15001f/ptr_meta-0.1.4/src/lib.rs:299:12\n    |\n299 | impl<Dyn: ?Sized> Copy for DynMetadata<Dyn> {}\n    |            ^^^^^ not found in this scope\n    |\nhelp: consider importing this trait\n    |\n49  + use core::marker::Sized;\n    |\n\nerror[E0405]: cannot find trait `Clone` in this scope\n   --> /Users/graysonnocera/.cargo/registry/src/index.crates.io-6f17d22bba15001f/ptr_meta-0.1.4/src/lib.rs:300:19\n    |\n300 | impl<Dyn: ?Sized> Clone for DynMetadata<Dyn> {\n    |                   ^^^^^ not found in this scope\n    |\nhelp: consider importing this trait\n    |\n49  + use core::clone::Clone;\n    |\n\nerror[E0405]: cannot find trait `Sized` in this scope\n   --> /Users/graysonnocera/.cargo/registry/src/index.crates.io-6f17d22bba15001f/ptr_meta-0.1.4/src/lib.rs:300:12\n    |\n300 | impl<Dyn: ?Sized> Clone for DynMetadata<Dyn> {\n    |            ^^^^^ not found in this scope\n    |\nhelp: consider importing this trait\n    |\n49  + use core::marker::Sized;\n    |\n\nerror[E0405]: cannot find trait `Sized` in this scope\n   --> /Users/graysonnocera/.cargo/registry/src/index.crates.io-6f17d22bba15001f/ptr_meta-0.1.4/src/lib.rs:306:12\n    |\n306 | impl<Dyn: ?Sized> cmp::Eq for DynMetadata<Dyn> {}\n    |            ^^^^^ not found in this scope\n    |\nhelp: consider importing this trait\n    |\n49  + use core::marker::Sized;\n    |\n\nerror[E0405]: cannot find trait `Sized` in this scope\n   --> /Users/graysonnocera/.cargo/registry/src/index.crates.io-6f17d22bba15001f/ptr_meta-0.1.4/src/lib.rs:307:12\n    |\n307 | impl<Dyn: ?Sized> cmp::PartialEq for DynMetadata<Dyn> {\n    |            ^^^^^ not found in this scope\n    |\nhelp: consider importing this trait\n    |\n49  + use core::marker::Sized;\n    |\n\nerror[E0405]: cannot find trait `Sized` in this scope\n   --> /Users/graysonnocera/.cargo/registry/src/index.crates.io-6f17d22bba15001f/ptr_meta-0.1.4/src/lib.rs:313:12\n    |\n313 | impl<Dyn: ?Sized> cmp::Ord for DynMetadata<Dyn> {\n    |            ^^^^^ not found in this scope\n    |\nhelp: consider importing this trait\n    |\n49  + use core::marker::Sized;\n    |\n\nerror[E0405]: cannot find trait `Sized` in this scope\n   --> /Users/graysonnocera/.cargo/registry/src/index.crates.io-6f17d22bba15001f/ptr_meta-0.1.4/src/lib.rs:319:12\n    |\n319 | impl<Dyn: ?Sized> cmp::PartialOrd for DynMetadata<Dyn> {\n    |            ^^^^^ not found in this scope\n    |\nhelp: consider importing this trait\n    |\n49  + use core::marker::Sized;\n    |\n\nerror[E0412]: cannot find type `Option` in this scope\n   --> /Users/graysonnocera/.cargo/registry/src/index.crates.io-6f17d22bba15001f/ptr_meta-0.1.4/src/lib.rs:321:44\n    |\n321 |     fn partial_cmp(&self, other: &Self) -> Option<cmp::Ordering> {\n    |                                            ^^^^^^ not found in this scope\n    |\nhelp: consider importing this enum\n    |\n49  + use core::option::Option;\n    |\n\nerror[E0425]: cannot find function, tuple struct or tuple variant `Some` in this scope\n   --> /Users/graysonnocera/.cargo/registry/src/index.crates.io-6f17d22bba15001f/ptr_meta-0.1.4/src/lib.rs:322:9\n    |\n322 |         Some(self.cmp(other))\n    |         ^^^^ not found in this scope\n    |\nhelp: consider importing this tuple variant\n    |\n49  + use core::option::Option::Some;\n    |\n\nerror[E0405]: cannot find trait `Sized` in this scope\n   --> /Users/graysonnocera/.cargo/registry/src/index.crates.io-6f17d22bba15001f/ptr_meta-0.1.4/src/lib.rs:325:12\n    |\n325 | impl<Dyn: ?Sized> hash::Hash for DynMetadata<Dyn> {\n    |            ^^^^^ not found in this scope\n    |\nhelp: consider importing this trait\n    |\n49  + use core::marker::Sized;\n    |\n\nSome errors have detailed explanations: E0405, E0412, E0425, E0463.\nerror: could not compile `ptr_meta` (lib) due to 42 previous errors\n",
      "stdout": ""
    },
    "features": [
      "core",
      "std"
    ],
    "project": "../../../Downloads/695-Project/dataset/nostd-failed-crates/crates/wasmer-types-near-2.4.1/src",
    "time_to_build": 152,
    "time_to_solve": 158
  }
]