[
  {
    "built_with_features": null,
    "command": {
      "args": [
        "build",
        "--target",
        "thumbv7m-none-eabi",
        "--no-default-features"
      ],
      "code": 101,
      "stderr": "   Compiling wasper v0.1.3 (/Users/graysonnocera/Downloads/695-Project/dataset/nostd-failed-crates/crates/wasper-0.1.3)\nerror: cannot find macro `vec` in this scope\n   --> src/exec/instr.rs:553:35\n    |\n553 |     let mut results: Vec<Value> = vec![];\n    |                                   ^^^\n\nerror: cannot find macro `vec` in this scope\n   --> src/exec/instr.rs:572:29\n    |\n572 |             let mut local = vec![];\n    |                             ^^^\n\nerror: cannot find macro `vec` in this scope\n   --> src/exec/instr.rs:589:29\n    |\n589 |             let mut local = vec![];\n    |                             ^^^\n\nerror: cannot find macro `vec` in this scope\n   --> src/exec/runtime.rs:103:28\n    |\n103 |         self.instrs.extend(vec![Instr::Return]);\n    |                            ^^^\n\nerror: cannot find macro `vec` in this scope\n   --> src/exec/runtime.rs:119:21\n    |\n119 |             instrs: vec![],\n    |                     ^^^\n\nerror: cannot find macro `vec` in this scope\n   --> src/exec/runtime.rs:120:24\n    |\n120 |             instances: vec![],\n    |                        ^^^\n\nerror: cannot find macro `vec` in this scope\n   --> src/exec/runtime.rs:175:29\n    |\n175 |         let mut funcaddrs = vec![];\n    |                             ^^^\n\nerror: cannot find macro `vec` in this scope\n   --> src/exec/runtime.rs:176:31\n    |\n176 |         let mut globaladdrs = vec![];\n    |                               ^^^\n\nerror: cannot find macro `vec` in this scope\n   --> src/exec/runtime.rs:177:30\n    |\n177 |         let mut tableaddrs = vec![];\n    |                              ^^^\n\nerror: cannot find macro `vec` in this scope\n   --> src/exec/runtime.rs:218:29\n    |\n218 |         let mut elemaddrs = vec![];\n    |                             ^^^\n\nerror: cannot find macro `vec` in this scope\n   --> src/exec/runtime.rs:225:34\n    |\n225 |         let mut inner_funcaddr = vec![];\n    |                                  ^^^\n\nerror: cannot find macro `vec` in this scope\n   --> src/exec/runtime.rs:245:29\n    |\n245 |         let mut dataaddrs = vec![];\n    |                             ^^^\n\nerror: cannot find macro `vec` in this scope\n  --> src/exec/stack.rs:33:21\n   |\n33 |             values: vec![],\n   |                     ^^^\n\nerror: cannot find macro `vec` in this scope\n  --> src/exec/stack.rs:34:21\n   |\n34 |             labels: vec![],\n   |                     ^^^\n\nerror: cannot find macro `vec` in this scope\n  --> src/exec/stack.rs:35:21\n   |\n35 |             frames: vec![],\n   |                     ^^^\n\nerror: cannot find macro `vec` in this scope\n   --> src/exec/stack.rs:196:42\n    |\n196 |             let mut values: Vec<Value> = vec![];\n    |                                          ^^^\n\nerror: cannot find macro `vec` in this scope\n   --> src/exec/store.rs:113:19\n    |\n113 |             elem: vec![Ref::Null; min],\n    |                   ^^^\n\nerror: cannot find macro `vec` in this scope\n   --> src/exec/store.rs:136:19\n    |\n136 |             data: vec![0; min * PAGE_SIZE],\n    |                   ^^^\n\nerror: cannot find macro `format` in this scope\n  --> src/loader/instructions.rs:20:46\n   |\n20 |             None => Err(Error::UnexpectedEof(format!(\"blocktype\"))),\n   |                                              ^^^^^^\n\nerror: cannot find macro `vec` in this scope\n  --> src/loader/instructions.rs:53:34\n   |\n53 |                 let mut instrs = vec![Instr::Block {\n   |                                  ^^^\n\nerror: cannot find macro `vec` in this scope\n  --> src/loader/instructions.rs:68:34\n   |\n68 |                 let mut instrs = vec![Instr::Loop { bt }];\n   |                                  ^^^\n\nerror: cannot find macro `vec` in this scope\n  --> src/loader/instructions.rs:92:42\n   |\n92 |                         let mut instrs = vec![Instr::If {\n   |                                          ^^^\n\nerror: cannot find macro `vec` in this scope\n   --> src/loader/instructions.rs:109:42\n    |\n109 |                         let mut instrs = vec![Instr::If {\n    |                                          ^^^\n\nerror: cannot find macro `format` in this scope\n   --> src/loader/instructions.rs:170:57\n    |\n170 |                 self.target(0x00).ok_or(Error::Expected(format!(\"0x00\")))?;\n    |                                                         ^^^^^^\n\nerror: cannot find macro `format` in this scope\n   --> src/loader/instructions.rs:174:57\n    |\n174 |                 self.target(0x00).ok_or(Error::Expected(format!(\"0x00\")))?;\n    |                                                         ^^^^^^\n\nerror: cannot find macro `format` in this scope\n   --> src/loader/instructions.rs:335:61\n    |\n335 |                     self.target(0x00).ok_or(Error::Expected(format!(\"0x00\")))?;\n    |                                                             ^^^^^^\n\nerror: cannot find macro `format` in this scope\n   --> src/loader/instructions.rs:340:61\n    |\n340 |                     self.target(0x00).ok_or(Error::Expected(format!(\"0x00\")))?;\n    |                                                             ^^^^^^\n\nerror: cannot find macro `format` in this scope\n   --> src/loader/instructions.rs:341:61\n    |\n341 |                     self.target(0x00).ok_or(Error::Expected(format!(\"0x00\")))?;\n    |                                                             ^^^^^^\n\nerror: cannot find macro `format` in this scope\n   --> src/loader/instructions.rs:345:61\n    |\n345 |                     self.target(0x00).ok_or(Error::Expected(format!(\"0x00\")))?;\n    |                                                             ^^^^^^\n\nerror: cannot find macro `format` in this scope\n   --> src/loader/instructions.rs:357:42\n    |\n357 |             v => return Err(Error::Other(format!(\"not instruction {:?}\", v))),\n    |                                          ^^^^^^\n\nerror: cannot find macro `vec` in this scope\n   --> src/loader/instructions.rs:359:12\n    |\n359 |         Ok(vec![instr])\n    |            ^^^\n\nerror: cannot find macro `format` in this scope\n  --> src/loader/leb128.rs:69:30\n   |\n69 |     Err(Error::UnexpectedEof(format!(\n   |                              ^^^^^^\n\nerror: cannot find macro `format` in this scope\n   --> src/loader/leb128.rs:101:30\n    |\n101 |     Err(Error::UnexpectedEof(format!(\n    |                              ^^^^^^\n\nerror: cannot find macro `format` in this scope\n  --> src/loader/module.rs:12:42\n   |\n12 |             .map_err(|_| Error::Expected(format!(\"typeidx\")))?)\n   |                                          ^^^^^^\n\nerror: cannot find macro `format` in this scope\n  --> src/loader/module.rs:18:42\n   |\n18 |             .map_err(|_| Error::Expected(format!(\"funcidx\")))?)\n   |                                          ^^^^^^\n\nerror: cannot find macro `format` in this scope\n  --> src/loader/module.rs:24:42\n   |\n24 |             .map_err(|_| Error::Expected(format!(\"tableidx\")))?)\n   |                                          ^^^^^^\n\nerror: cannot find macro `format` in this scope\n  --> src/loader/module.rs:28:51\n   |\n28 |         Ok(self.u32().map_err(|_| Error::Expected(format!(\"memidx\")))?)\n   |                                                   ^^^^^^\n\nerror: cannot find macro `format` in this scope\n  --> src/loader/module.rs:34:42\n   |\n34 |             .map_err(|_| Error::Expected(format!(\"globalidx\")))?)\n   |                                          ^^^^^^\n\nerror: cannot find macro `format` in this scope\n  --> src/loader/module.rs:40:42\n   |\n40 |             .map_err(|_| Error::Expected(format!(\"elemidx\")))?)\n   |                                          ^^^^^^\n\nerror: cannot find macro `format` in this scope\n  --> src/loader/module.rs:46:42\n   |\n46 |             .map_err(|_| Error::Expected(format!(\"dataidx\")))?)\n   |                                          ^^^^^^\n\nerror: cannot find macro `format` in this scope\n  --> src/loader/module.rs:52:42\n   |\n52 |             .map_err(|_| Error::Expected(format!(\"localidx\")))?)\n   |                                          ^^^^^^\n\nerror: cannot find macro `format` in this scope\n  --> src/loader/module.rs:58:42\n   |\n58 |             .map_err(|_| Error::Expected(format!(\"labelidx\")))?)\n   |                                          ^^^^^^\n\nerror: cannot find macro `format` in this scope\n   --> src/loader/module.rs:143:37\n    |\n143 |             return Err(Error::Other(format!(\"functypes length != codes length\")));\n    |                                     ^^^^^^\n\nerror: cannot find macro `vec` in this scope\n   --> src/loader/module.rs:155:34\n    |\n155 |                     .map(|local| vec![local.type_; local.n as usize])\n    |                                  ^^^\n\nerror: cannot find macro `format` in this scope\n   --> src/loader/module.rs:173:41\n    |\n173 |                 return Err(Error::Other(format!(\"datacount != data length\")));\n    |                                         ^^^^^^\n\nerror: cannot find macro `format` in this scope\n   --> src/loader/module.rs:253:37\n    |\n253 |             return Err(Error::Other(format!(\"functypes length != codes length\")));\n    |                                     ^^^^^^\n\nerror: cannot find macro `vec` in this scope\n   --> src/loader/module.rs:265:34\n    |\n265 |                     .map(|local| vec![local.type_; local.n as usize])\n    |                                  ^^^\n\nerror: cannot find macro `format` in this scope\n   --> src/loader/module.rs:283:41\n    |\n283 |                 return Err(Error::Other(format!(\"datacount != data length\")));\n    |                                         ^^^^^^\n\nerror: cannot find macro `format` in this scope\n   --> src/loader/parser.rs:107:52\n    |\n107 |                 None => return Err(Error::Expected(format!(\"next element or terminator\"))),\n    |                                                    ^^^^^^\n\nerror: cannot find macro `vec` in this scope\n   --> src/loader/parser.rs:135:23\n    |\n135 |         let mut vec = vec![];\n    |                       ^^^\n\nerror: cannot find macro `format` in this scope\n  --> src/loader/sections.rs:12:36\n   |\n12 |             .ok_or(Error::Expected(format!(\"section id: 1\")))?;\n   |                                    ^^^^^^\n\nerror: cannot find macro `format` in this scope\n  --> src/loader/sections.rs:22:36\n   |\n22 |             .ok_or(Error::Expected(format!(\"section id: 2\")))?;\n   |                                    ^^^^^^\n\nerror: cannot find macro `format` in this scope\n  --> src/loader/sections.rs:43:44\n   |\n43 |             Some(_) => Err(Error::Expected(format!(\"importdesc\"))),\n   |                                            ^^^^^^\n\nerror: cannot find macro `format` in this scope\n  --> src/loader/sections.rs:44:46\n   |\n44 |             None => Err(Error::UnexpectedEof(format!(\"importdesc\"))),\n   |                                              ^^^^^^\n\nerror: cannot find macro `format` in this scope\n  --> src/loader/sections.rs:51:36\n   |\n51 |             .ok_or(Error::Expected(format!(\"section id: 3\")))?;\n   |                                    ^^^^^^\n\nerror: cannot find macro `format` in this scope\n  --> src/loader/sections.rs:61:36\n   |\n61 |             .ok_or(Error::Expected(format!(\"section id: 4\")))?;\n   |                                    ^^^^^^\n\nerror: cannot find macro `format` in this scope\n  --> src/loader/sections.rs:71:36\n   |\n71 |             .ok_or(Error::Expected(format!(\"section id: 5\")))?;\n   |                                    ^^^^^^\n\nerror: cannot find macro `format` in this scope\n  --> src/loader/sections.rs:81:36\n   |\n81 |             .ok_or(Error::Expected(format!(\"section id: 6\")))?;\n   |                                    ^^^^^^\n\nerror: cannot find macro `format` in this scope\n  --> src/loader/sections.rs:96:36\n   |\n96 |             .ok_or(Error::Expected(format!(\"section id: 7\")))?;\n   |                                    ^^^^^^\n\nerror: cannot find macro `format` in this scope\n   --> src/loader/sections.rs:136:36\n    |\n136 |             .ok_or(Error::Expected(format!(\"section id: 9\")))?;\n    |                                    ^^^^^^\n\nerror: cannot find macro `format` in this scope\n   --> src/loader/sections.rs:240:36\n    |\n240 |             .ok_or(Error::Expected(format!(\"0x00\")))\n    |                                    ^^^^^^\n\nerror: cannot find macro `vec` in this scope\n   --> src/loader/sections.rs:248:32\n    |\n248 |             .map(|y| Expr::new(vec![Instr::RefFunc(y)]))\n    |                                ^^^\n\nerror: cannot find macro `format` in this scope\n   --> src/loader/sections.rs:255:36\n    |\n255 |             .ok_or(Error::Expected(format!(\"section id: 10\")))?;\n    |                                    ^^^^^^\n\nerror: cannot find macro `format` in this scope\n   --> src/loader/sections.rs:286:36\n    |\n286 |             .ok_or(Error::Expected(format!(\"section id: 11\")))?;\n    |                                    ^^^^^^\n\nerror: cannot find macro `format` in this scope\n   --> src/loader/sections.rs:297:72\n    |\n297 |                 let init = self.vec(|p| p.byte().ok_or(Error::Expected(format!(\"byte\"))))?;\n    |                                                                        ^^^^^^\n\nerror: cannot find macro `format` in this scope\n   --> src/loader/sections.rs:304:72\n    |\n304 |                 let init = self.vec(|p| p.byte().ok_or(Error::Expected(format!(\"byte\"))))?;\n    |                                                                        ^^^^^^\n\nerror: cannot find macro `format` in this scope\n   --> src/loader/sections.rs:313:72\n    |\n313 |                 let init = self.vec(|p| p.byte().ok_or(Error::Expected(format!(\"byte\"))))?;\n    |                                                                        ^^^^^^\n\nerror: cannot find macro `format` in this scope\n   --> src/loader/sections.rs:342:36\n    |\n342 |             .ok_or(Error::Expected(format!(\"section id: 0\")))?;\n    |                                    ^^^^^^\n\nerror: cannot find macro `format` in this scope\n --> src/loader/types.rs:9:61\n  |\n9 |             FromByte::from_byte(byte).ok_or(Error::Expected(format!(\"reftype\")))\n  |                                                             ^^^^^^\n\nerror: cannot find macro `format` in this scope\n  --> src/loader/types.rs:11:38\n   |\n11 |             Err(Error::UnexpectedEof(format!(\"reftype\")))\n   |                                      ^^^^^^\n\nerror: cannot find macro `format` in this scope\n  --> src/loader/types.rs:17:61\n   |\n17 |             FromByte::from_byte(byte).ok_or(Error::Expected(format!(\"valtype\")))\n   |                                                             ^^^^^^\n\nerror: cannot find macro `format` in this scope\n  --> src/loader/types.rs:19:38\n   |\n19 |             Err(Error::UnexpectedEof(format!(\"valtype\")))\n   |                                      ^^^^^^\n\nerror: cannot find macro `format` in this scope\n  --> src/loader/types.rs:40:44\n   |\n40 |                 return Err(Error::Expected(format!(\"0x60\")));\n   |                                            ^^^^^^\n\nerror: cannot find macro `format` in this scope\n  --> src/loader/types.rs:51:44\n   |\n51 |             Some(_) => Err(Error::Expected(format!(\"limits\"))),\n   |                                            ^^^^^^\n\nerror: cannot find macro `format` in this scope\n  --> src/loader/types.rs:52:46\n   |\n52 |             None => Err(Error::UnexpectedEof(format!(\"limits\"))),\n   |                                              ^^^^^^\n\nerror: cannot find macro `format` in this scope\n  --> src/loader/types.rs:71:38\n   |\n71 |             _ => Err(Error::Expected(format!(\"0x00 or 0x01\"))),\n   |                                      ^^^^^^\n\nerror: cannot find macro `format` in this scope\n  --> src/loader/values.rs:55:38\n   |\n55 |             Err(Error::UnexpectedEof(format!(\"f32\")))\n   |                                      ^^^^^^\n\nerror: cannot find macro `format` in this scope\n  --> src/loader/values.rs:65:38\n   |\n65 |             Err(Error::UnexpectedEof(format!(\"f64\")))\n   |                                      ^^^^^^\n\nerror: cannot find macro `format` in this scope\n  --> src/loader/values.rs:73:45\n   |\n73 |                 .ok_or(Error::UnexpectedEof(format!(\"part of utf8-encoded bytes\")))\n   |                                             ^^^^^^\n\nerror[E0412]: cannot find type `Vec` in this scope\n  --> src/binary/instr.rs:22:21\n   |\n22 | pub struct Expr(pub Vec<Instr>);\n   |                     ^^^ not found in this scope\n\nerror[E0412]: cannot find type `Vec` in this scope\n  --> src/binary/instr.rs:25:24\n   |\n25 |     pub fn new(instrs: Vec<Instr>) -> Self {\n   |                        ^^^ not found in this scope\n\nerror[E0412]: cannot find type `Vec` in this scope\n  --> src/binary/instr.rs:50:17\n   |\n50 |         indexs: Vec<LabelIdx>,\n   |                 ^^^ not found in this scope\n\nerror[E0412]: cannot find type `Vec` in this scope\n  --> src/binary/module.rs:25:17\n   |\n25 |     pub locals: Vec<ValType>,\n   |                 ^^^ not found in this scope\n\nerror[E0412]: cannot find type `String` in this scope\n  --> src/binary/module.rs:37:17\n   |\n37 |     pub module: String,\n   |                 ^^^^^^ not found in this scope\n\nerror[E0412]: cannot find type `String` in this scope\n  --> src/binary/module.rs:38:15\n   |\n38 |     pub name: String,\n   |               ^^^^^^ not found in this scope\n\nerror[E0412]: cannot find type `String` in this scope\n  --> src/binary/module.rs:37:17\n   |\n37 |     pub module: String,\n   |                 ^^^^^^ not found in this scope\n   |\nhelp: you might be missing a type parameter\n   |\n36 | pub struct Import<String> {\n   |                  ++++++++\n\nerror[E0412]: cannot find type `String` in this scope\n  --> src/binary/module.rs:44:15\n   |\n44 |     pub name: String,\n   |               ^^^^^^ not found in this scope\n\nerror[E0412]: cannot find type `String` in this scope\n  --> src/binary/module.rs:44:15\n   |\n44 |     pub name: String,\n   |               ^^^^^^ not found in this scope\n   |\nhelp: you might be missing a type parameter\n   |\n43 | pub struct Export<String> {\n   |                  ++++++++\n\nerror[E0412]: cannot find type `Vec` in this scope\n  --> src/binary/module.rs:51:15\n   |\n51 |     pub init: Vec<Expr>,\n   |               ^^^ not found in this scope\n\nerror[E0412]: cannot find type `Vec` in this scope\n  --> src/binary/module.rs:92:17\n   |\n92 |     pub locals: Vec<Local>,\n   |                 ^^^ not found in this scope\n\nerror[E0412]: cannot find type `Vec` in this scope\n  --> src/binary/module.rs:98:15\n   |\n98 |     pub init: Vec<u8>,\n   |               ^^^ not found in this scope\n\nerror[E0412]: cannot find type `String` in this scope\n   --> src/binary/module.rs:119:15\n    |\n119 |     pub name: String,\n    |               ^^^^^^ not found in this scope\n\nerror[E0412]: cannot find type `Vec` in this scope\n   --> src/binary/module.rs:120:16\n    |\n120 |     pub bytes: Vec<u8>,\n    |                ^^^ not found in this scope\n\nerror[E0412]: cannot find type `String` in this scope\n   --> src/binary/module.rs:119:15\n    |\n119 |     pub name: String,\n    |               ^^^^^^ not found in this scope\n    |\nhelp: you might be missing a type parameter\n    |\n118 | pub struct Custom<String> {\n    |                  ++++++++\n\nerror[E0412]: cannot find type `Vec` in this scope\n   --> src/binary/module.rs:129:34\n    |\n129 | impl<T> IntoIterator for Section<Vec<T>> {\n    |                                  ^^^ not found in this scope\n\nerror[E0412]: cannot find type `IntoIter` in this scope\n   --> src/binary/module.rs:132:21\n    |\n132 |     type IntoIter = IntoIter<Self::Item>;\n    |                     ^^^^^^^^\n    |\nhelp: you might have meant to use the associated type\n    |\n132 |     type IntoIter = Self::IntoIter<Self::Item>;\n    |                     ++++++\nhelp: consider importing one of these structs\n    |\n1   + use crate::binary::module::option::IntoIter;\n    |\n1   + use crate::binary::module::result::IntoIter;\n    |\n1   + use core::array::IntoIter;\n    |\n1   + use core::option::IntoIter;\n    |\n      and 1 other candidate\n\nerror[E0412]: cannot find type `Vec` in this scope\n   --> src/binary/module.rs:139:28\n    |\n139 | pub type TypeSec = Section<Vec<FuncType>>;\n    |                            ^^^ not found in this scope\n\nerror[E0412]: cannot find type `Vec` in this scope\n   --> src/binary/module.rs:141:30\n    |\n141 | pub type ImportSec = Section<Vec<Import>>;\n    |                              ^^^ not found in this scope\n\nerror[E0412]: cannot find type `Vec` in this scope\n   --> src/binary/module.rs:143:28\n    |\n143 | pub type FuncSec = Section<Vec<TypeIdx>>;\n    |                            ^^^ not found in this scope\n\nerror[E0412]: cannot find type `Vec` in this scope\n   --> src/binary/module.rs:145:29\n    |\n145 | pub type TableSec = Section<Vec<Table>>;\n    |                             ^^^ not found in this scope\n\nerror[E0412]: cannot find type `Vec` in this scope\n   --> src/binary/module.rs:147:27\n    |\n147 | pub type MemSec = Section<Vec<Memory>>;\n    |                           ^^^ not found in this scope\n\nerror[E0412]: cannot find type `Vec` in this scope\n   --> src/binary/module.rs:149:30\n    |\n149 | pub type GlobalSec = Section<Vec<Global>>;\n    |                              ^^^ not found in this scope\n\nerror[E0412]: cannot find type `Vec` in this scope\n   --> src/binary/module.rs:151:30\n    |\n151 | pub type ExportSec = Section<Vec<Export>>;\n    |                              ^^^ not found in this scope\n\nerror[E0412]: cannot find type `Vec` in this scope\n   --> src/binary/module.rs:155:28\n    |\n155 | pub type ElemSec = Section<Vec<Elem>>;\n    |                            ^^^ not found in this scope\n\nerror[E0412]: cannot find type `Vec` in this scope\n   --> src/binary/module.rs:157:28\n    |\n157 | pub type CodeSec = Section<Vec<Code>>;\n    |                            ^^^ not found in this scope\n\nerror[E0412]: cannot find type `Vec` in this scope\n   --> src/binary/module.rs:159:28\n    |\n159 | pub type DataSec = Section<Vec<Data>>;\n    |                            ^^^ not found in this scope\n\nerror[E0412]: cannot find type `Vec` in this scope\n   --> src/binary/module.rs:167:15\n    |\n167 |     pub sec1: Vec<Custom>,\n    |               ^^^ not found in this scope\n\nerror[E0412]: cannot find type `Vec` in this scope\n   --> src/binary/module.rs:168:15\n    |\n168 |     pub sec2: Vec<Custom>,\n    |               ^^^ not found in this scope\n\nerror[E0412]: cannot find type `Vec` in this scope\n   --> src/binary/module.rs:169:15\n    |\n169 |     pub sec3: Vec<Custom>,\n    |               ^^^ not found in this scope\n\nerror[E0412]: cannot find type `Vec` in this scope\n   --> src/binary/module.rs:170:15\n    |\n170 |     pub sec4: Vec<Custom>,\n    |               ^^^ not found in this scope\n\nerror[E0412]: cannot find type `Vec` in this scope\n   --> src/binary/module.rs:171:15\n    |\n171 |     pub sec5: Vec<Custom>,\n    |               ^^^ not found in this scope\n\nerror[E0412]: cannot find type `Vec` in this scope\n   --> src/binary/module.rs:172:15\n    |\n172 |     pub sec6: Vec<Custom>,\n    |               ^^^ not found in this scope\n\nerror[E0412]: cannot find type `Vec` in this scope\n   --> src/binary/module.rs:173:15\n    |\n173 |     pub sec7: Vec<Custom>,\n    |               ^^^ not found in this scope\n\nerror[E0412]: cannot find type `Vec` in this scope\n   --> src/binary/module.rs:174:15\n    |\n174 |     pub sec8: Vec<Custom>,\n    |               ^^^ not found in this scope\n\nerror[E0412]: cannot find type `Vec` in this scope\n   --> src/binary/module.rs:175:15\n    |\n175 |     pub sec9: Vec<Custom>,\n    |               ^^^ not found in this scope\n\nerror[E0412]: cannot find type `Vec` in this scope\n   --> src/binary/module.rs:176:16\n    |\n176 |     pub sec10: Vec<Custom>,\n    |                ^^^ not found in this scope\n\nerror[E0412]: cannot find type `Vec` in this scope\n   --> src/binary/module.rs:177:16\n    |\n177 |     pub sec11: Vec<Custom>,\n    |                ^^^ not found in this scope\n\nerror[E0412]: cannot find type `Vec` in this scope\n   --> src/binary/module.rs:178:16\n    |\n178 |     pub sec12: Vec<Custom>,\n    |                ^^^ not found in this scope\n\nerror[E0412]: cannot find type `Vec` in this scope\n   --> src/binary/module.rs:179:16\n    |\n179 |     pub sec13: Vec<Custom>,\n    |                ^^^ not found in this scope\n\nerror[E0412]: cannot find type `Vec` in this scope\n   --> src/binary/module.rs:185:16\n    |\n185 |     pub types: Vec<FuncType>,\n    |                ^^^ not found in this scope\n\nerror[E0412]: cannot find type `Vec` in this scope\n   --> src/binary/module.rs:186:16\n    |\n186 |     pub funcs: Vec<Func>,\n    |                ^^^ not found in this scope\n\nerror[E0412]: cannot find type `Vec` in this scope\n   --> src/binary/module.rs:187:17\n    |\n187 |     pub tables: Vec<Table>,\n    |                 ^^^ not found in this scope\n\nerror[E0412]: cannot find type `Vec` in this scope\n   --> src/binary/module.rs:188:15\n    |\n188 |     pub mems: Vec<Memory>,\n    |               ^^^ not found in this scope\n\nerror[E0412]: cannot find type `Vec` in this scope\n   --> src/binary/module.rs:189:18\n    |\n189 |     pub globals: Vec<Global>,\n    |                  ^^^ not found in this scope\n\nerror[E0412]: cannot find type `Vec` in this scope\n   --> src/binary/module.rs:190:16\n    |\n190 |     pub elems: Vec<Elem>,\n    |                ^^^ not found in this scope\n\nerror[E0412]: cannot find type `Vec` in this scope\n   --> src/binary/module.rs:191:16\n    |\n191 |     pub datas: Vec<Data>,\n    |                ^^^ not found in this scope\n\nerror[E0412]: cannot find type `Vec` in this scope\n   --> src/binary/module.rs:193:18\n    |\n193 |     pub imports: Vec<Import>,\n    |                  ^^^ not found in this scope\n\nerror[E0412]: cannot find type `Vec` in this scope\n   --> src/binary/module.rs:194:18\n    |\n194 |     pub exports: Vec<Export>,\n    |                  ^^^ not found in this scope\n\nerror[E0412]: cannot find type `Vec` in this scope\n  --> src/binary/types.rs:54:27\n   |\n54 | pub struct ResultType(pub Vec<ValType>);\n   |                           ^^^ not found in this scope\n\nerror[E0412]: cannot find type `Vec` in this scope\n  --> src/exec/env.rs:11:17\n   |\n11 |         params: Vec<Value>,\n   |                 ^^^ not found in this scope\n\nerror[E0412]: cannot find type `Vec` in this scope\n  --> src/exec/env.rs:13:17\n   |\n13 |     ) -> Result<Vec<Value>, &'static str>;\n   |                 ^^^ not found in this scope\n\nerror[E0412]: cannot find type `Vec` in this scope\n  --> src/exec/instr.rs:16:21\n   |\n16 |     instances: &mut Vec<Instance>,\n   |                     ^^^ not found in this scope\n\nerror[E0412]: cannot find type `Vec` in this scope\n  --> src/exec/instr.rs:17:14\n   |\n17 |     instrs: &Vec<Instr>,\n   |              ^^^ not found in this scope\n\nerror[E0412]: cannot find type `Vec` in this scope\n   --> src/exec/instr.rs:553:22\n    |\n553 |     let mut results: Vec<Value> = vec![];\n    |                      ^^^ not found in this scope\n\nerror[E0412]: cannot find type `String` in this scope\n  --> src/exec/runtime.rs:23:21\n   |\n23 |     EnvFunc { name: String, params: Vec<Value> },\n   |                     ^^^^^^ not found in this scope\n\nerror[E0412]: cannot find type `Vec` in this scope\n  --> src/exec/runtime.rs:23:37\n   |\n23 |     EnvFunc { name: String, params: Vec<Value> },\n   |                                     ^^^ not found in this scope\n\nerror[E0412]: cannot find type `String` in this scope\n  --> src/exec/runtime.rs:23:21\n   |\n23 |     EnvFunc { name: String, params: Vec<Value> },\n   |                     ^^^^^^ not found in this scope\n   |\nhelp: you might be missing a type parameter\n   |\n20 | pub enum ExecState<String> {\n   |                   ++++++++\n\nerror[E0412]: cannot find type `Vec` in this scope\n  --> src/exec/runtime.rs:28:22\n   |\n28 |     pub globaladdrs: Vec<Addr>,\n   |                      ^^^ not found in this scope\n\nerror[E0412]: cannot find type `Vec` in this scope\n  --> src/exec/runtime.rs:29:21\n   |\n29 |     pub tableaddrs: Vec<Addr>,\n   |                     ^^^ not found in this scope\n\nerror[E0412]: cannot find type `Vec` in this scope\n  --> src/exec/runtime.rs:34:16\n   |\n34 |     pub types: Vec<FuncType>,\n   |                ^^^ not found in this scope\n\nerror[E0412]: cannot find type `Vec` in this scope\n  --> src/exec/runtime.rs:35:20\n   |\n35 |     pub dataaddrs: Vec<Addr>,\n   |                    ^^^ not found in this scope\n\nerror[E0412]: cannot find type `Vec` in this scope\n  --> src/exec/runtime.rs:36:20\n   |\n36 |     pub funcaddrs: Vec<Addr>,\n   |                    ^^^ not found in this scope\n\nerror[E0412]: cannot find type `Vec` in this scope\n  --> src/exec/runtime.rs:37:20\n   |\n37 |     pub elemaddrs: Vec<Addr>,\n   |                    ^^^ not found in this scope\n\nerror[E0412]: cannot find type `Vec` in this scope\n  --> src/exec/runtime.rs:39:18\n   |\n39 |     pub exports: Vec<Export>,\n   |                  ^^^ not found in this scope\n\nerror[E0412]: cannot find type `Vec` in this scope\n  --> src/exec/runtime.rs:54:17\n   |\n54 |     pub instrs: Vec<Instr>,\n   |                 ^^^ not found in this scope\n\nerror[E0412]: cannot find type `Vec` in this scope\n  --> src/exec/runtime.rs:55:20\n   |\n55 |     pub instances: Vec<Instance>,\n   |                    ^^^ not found in this scope\n\nerror[E0412]: cannot find type `String` in this scope\n  --> src/exec/runtime.rs:64:20\n   |\n64 |     ModuleNotFound(String),\n   |                    ^^^^^^ not found in this scope\n\nerror[E0412]: cannot find type `String` in this scope\n  --> src/exec/runtime.rs:64:20\n   |\n64 |     ModuleNotFound(String),\n   |                    ^^^^^^ not found in this scope\n   |\nhelp: you might be missing a type parameter\n   |\n63 | pub enum RuntimeError<String> {\n   |                      ++++++++\n\nerror[E0412]: cannot find type `String` in this scope\n  --> src/exec/runtime.rs:74:10\n   |\n74 |     Func(String),\n   |          ^^^^^^ not found in this scope\n\nerror[E0412]: cannot find type `String` in this scope\n  --> src/exec/runtime.rs:75:11\n   |\n75 |     Table(String),\n   |           ^^^^^^ not found in this scope\n\nerror[E0412]: cannot find type `String` in this scope\n  --> src/exec/runtime.rs:76:12\n   |\n76 |     Global(String),\n   |            ^^^^^^ not found in this scope\n\nerror[E0412]: cannot find type `String` in this scope\n  --> src/exec/runtime.rs:74:10\n   |\n74 |     Func(String),\n   |          ^^^^^^ not found in this scope\n   |\nhelp: you might be missing a type parameter\n   |\n73 | pub enum ImportType<String> {\n   |                    ++++++++\n\nerror[E0412]: cannot find type `Vec` in this scope\n  --> src/exec/runtime.rs:96:17\n   |\n96 |         locals: Vec<ValType>,\n   |                 ^^^ not found in this scope\n\nerror[E0412]: cannot find type `Vec` in this scope\n  --> src/exec/runtime.rs:97:17\n   |\n97 |         instrs: Vec<Instr>,\n   |                 ^^^ not found in this scope\n\nerror[E0412]: cannot find type `Vec` in this scope\n   --> src/exec/runtime.rs:112:31\n    |\n112 |     pub fn instances(self) -> Vec<Instance> {\n    |                               ^^^ not found in this scope\n\nerror[E0412]: cannot find type `String` in this scope\n   --> src/exec/runtime.rs:266:84\n    |\n266 |     pub fn import_env_func(&mut self, store: &mut Store, functype: FuncType, name: String) -> Addr {\n    |                                                                                    ^^^^^^ not found in this scope\n\nerror[E0412]: cannot find type `Vec` in this scope\n   --> src/exec/runtime.rs:404:17\n    |\n404 |         params: Vec<Value>,\n    |                 ^^^ not found in this scope\n\nerror[E0412]: cannot find type `Vec` in this scope\n   --> src/exec/runtime.rs:405:17\n    |\n405 |     ) -> Result<Vec<Value>, RuntimeError> {\n    |                 ^^^ not found in this scope\n\nerror[E0412]: cannot find type `Vec` in this scope\n   --> src/exec/runtime.rs:455:17\n    |\n455 |         params: Vec<Value>,\n    |                 ^^^ not found in this scope\n\nerror[E0412]: cannot find type `Vec` in this scope\n   --> src/exec/runtime.rs:478:74\n    |\n478 |     fn exec<E: Env>(&mut self, store: &mut Store, env: &mut E) -> Result<Vec<Value>, Trap> {\n    |                                                                          ^^^ not found in this scope\n\nerror[E0412]: cannot find type `Vec` in this scope\n   --> src/exec/runtime.rs:517:44\n    |\n517 |     pub fn set_results(&mut self, results: Vec<Value>) {\n    |                                            ^^^ not found in this scope\n\nerror[E0412]: cannot find type `Vec` in this scope\n  --> src/exec/stack.rs:18:16\n   |\n18 |     pub local: Vec<Value>,\n   |                ^^^ not found in this scope\n\nerror[E0412]: cannot find type `Vec` in this scope\n  --> src/exec/stack.rs:25:13\n   |\n25 |     values: Vec<Value>,\n   |             ^^^ not found in this scope\n\nerror[E0412]: cannot find type `Vec` in this scope\n  --> src/exec/stack.rs:26:13\n   |\n26 |     labels: Vec<Label>,\n   |             ^^^ not found in this scope\n\nerror[E0412]: cannot find type `Vec` in this scope\n  --> src/exec/stack.rs:27:13\n   |\n27 |     frames: Vec<Frame>,\n   |             ^^^ not found in this scope\n\nerror[E0412]: cannot find type `Vec` in this scope\n  --> src/exec/stack.rs:39:30\n   |\n39 |     pub fn values(&self) -> &Vec<Value> {\n   |                              ^^^ not found in this scope\n\nerror[E0412]: cannot find type `Vec` in this scope\n  --> src/exec/stack.rs:43:45\n   |\n43 |     pub fn extend_values(&mut self, values: Vec<Value>) {\n   |                                             ^^^ not found in this scope\n\nerror[E0412]: cannot find type `Vec` in this scope\n  --> src/exec/stack.rs:47:30\n   |\n47 |     pub fn labels(&self) -> &Vec<Label> {\n   |                              ^^^ not found in this scope\n\nerror[E0412]: cannot find type `Vec` in this scope\n  --> src/exec/stack.rs:51:30\n   |\n51 |     pub fn frames(&self) -> &Vec<Frame> {\n   |                              ^^^ not found in this scope\n\nerror[E0412]: cannot find type `Vec` in this scope\n   --> src/exec/stack.rs:101:42\n    |\n101 |     pub fn set_params(&mut self, params: Vec<Value>) {\n    |                                          ^^^ not found in this scope\n\nerror[E0412]: cannot find type `Vec` in this scope\n   --> src/exec/stack.rs:105:38\n    |\n105 |     pub fn get_returns(&mut self) -> Vec<Value> {\n    |                                      ^^^ not found in this scope\n\nerror[E0412]: cannot find type `Vec` in this scope\n   --> src/exec/stack.rs:196:29\n    |\n196 |             let mut values: Vec<Value> = vec![];\n    |                             ^^^ not found in this scope\n\nerror[E0412]: cannot find type `Vec` in this scope\n  --> src/exec/store.rs:21:17\n   |\n21 |         locals: Vec<ValType>,\n   |                 ^^^ not found in this scope\n\nerror[E0412]: cannot find type `String` in this scope\n  --> src/exec/store.rs:25:15\n   |\n25 |         name: String,\n   |               ^^^^^^ not found in this scope\n\nerror[E0412]: cannot find type `Vec` in this scope\n  --> src/exec/store.rs:46:15\n   |\n46 |     pub elem: Vec<Ref>,\n   |               ^^^ not found in this scope\n\nerror[E0412]: cannot find type `Vec` in this scope\n  --> src/exec/store.rs:52:15\n   |\n52 |     pub elem: Vec<Ref>,\n   |               ^^^ not found in this scope\n\nerror[E0412]: cannot find type `Vec` in this scope\n  --> src/exec/store.rs:58:15\n   |\n58 |     pub data: Vec<u8>,\n   |               ^^^ not found in this scope\n\nerror[E0412]: cannot find type `Vec` in this scope\n  --> src/exec/store.rs:63:15\n   |\n63 |     pub data: Vec<u8>,\n   |               ^^^ not found in this scope\n\nerror[E0412]: cannot find type `Vec` in this scope\n  --> src/exec/store.rs:88:52\n   |\n88 |     pub fn update_func_inst(&mut self, funcaddrs: &Vec<Addr>, instance_addr: Addr) {\n   |                                                    ^^^ not found in this scope\n\nerror[E0412]: cannot find type `Vec` in this scope\n   --> src/exec/table.rs:146:70\n    |\n146 | pub fn table_init_manual(tab: &mut TableInst, offset: usize, elems: &Vec<Ref>) {\n    |                                                                      ^^^ not found in this scope\n\nerror[E0412]: cannot find type `Vec` in this scope\n   --> src/exec/table.rs:169:27\n    |\n169 |         .collect::<Result<Vec<_>, _>>()?;\n    |                           ^^^ not found in this scope\n\nerror[E0412]: cannot find type `Vec` in this scope\n   --> src/exec/table.rs:191:27\n    |\n191 |         .collect::<Result<Vec<_>, _>>()?;\n    |                           ^^^ not found in this scope\n\nerror[E0412]: cannot find type `String` in this scope\n  --> src/loader/error.rs:13:19\n   |\n13 |     UnexpectedEof(String),\n   |                   ^^^^^^ not found in this scope\n\nerror[E0412]: cannot find type `String` in this scope\n  --> src/loader/error.rs:14:14\n   |\n14 |     Expected(String),\n   |              ^^^^^^ not found in this scope\n\nerror[E0412]: cannot find type `String` in this scope\n  --> src/loader/error.rs:15:11\n   |\n15 |     Other(String),\n   |           ^^^^^^ not found in this scope\n\nerror[E0412]: cannot find type `Box` in this scope\n  --> src/loader/error.rs:16:8\n   |\n16 |     Or(Box<Error>, Box<Error>),\n   |        ^^^ not found in this scope\n\nerror[E0412]: cannot find type `Box` in this scope\n  --> src/loader/error.rs:16:20\n   |\n16 |     Or(Box<Error>, Box<Error>),\n   |                    ^^^ not found in this scope\n\nerror[E0412]: cannot find type `String` in this scope\n  --> src/loader/error.rs:13:19\n   |\n13 |     UnexpectedEof(String),\n   |                   ^^^^^^ not found in this scope\n   |\nhelp: you might be missing a type parameter\n   |\n7  | pub enum Error<String> {\n   |               ++++++++\n\nerror[E0412]: cannot find type `Vec` in this scope\n  --> src/loader/instructions.rs:40:39\n   |\n40 |     pub fn instr(&mut self) -> Result<Vec<Instr>, Error> {\n   |                                       ^^^ not found in this scope\n\nerror[E0412]: cannot find type `Vec` in this scope\n  --> src/loader/instructions.rs:47:32\n   |\n47 |                 let mut inner: Vec<Instr> = self\n   |                                ^^^ not found in this scope\n\nerror[E0412]: cannot find type `Vec` in this scope\n  --> src/loader/instructions.rs:62:32\n   |\n62 |                 let mut inner: Vec<Instr> = self\n   |                                ^^^ not found in this scope\n\nerror[E0412]: cannot find type `Vec` in this scope\n  --> src/loader/instructions.rs:76:46\n   |\n76 |                         let mut then_instrs: Vec<Instr> = p\n   |                                              ^^^ not found in this scope\n\nerror[E0412]: cannot find type `Vec` in this scope\n  --> src/loader/instructions.rs:84:46\n   |\n84 |                         let mut else_instrs: Vec<Instr> = p\n   |                                              ^^^ not found in this scope\n\nerror[E0412]: cannot find type `Vec` in this scope\n   --> src/loader/instructions.rs:103:46\n    |\n103 |                         let mut then_instrs: Vec<Instr> = p\n    |                                              ^^^ not found in this scope\n\nerror[E0412]: cannot find type `Vec` in this scope\n  --> src/loader/module.rs:61:42\n   |\n61 |     pub fn custom_sections(&mut self) -> Vec<Custom> {\n   |                                          ^^^ not found in this scope\n\nerror[E0412]: cannot find type `Vec` in this scope\n   --> src/loader/module.rs:102:24\n    |\n102 |             .collect::<Vec<_>>();\n    |                        ^^^ not found in this scope\n\nerror[E0412]: cannot find type `Vec` in this scope\n   --> src/loader/module.rs:138:24\n    |\n138 |             .collect::<Vec<_>>();\n    |                        ^^^ not found in this scope\n\nerror[E0412]: cannot find type `Vec` in this scope\n   --> src/loader/module.rs:167:24\n    |\n167 |             .collect::<Vec<_>>();\n    |                        ^^^ not found in this scope\n\nerror[E0412]: cannot find type `Vec` in this scope\n   --> src/loader/module.rs:212:24\n    |\n212 |             .collect::<Vec<_>>();\n    |                        ^^^ not found in this scope\n\nerror[E0412]: cannot find type `Vec` in this scope\n   --> src/loader/module.rs:248:24\n    |\n248 |             .collect::<Vec<_>>();\n    |                        ^^^ not found in this scope\n\nerror[E0412]: cannot find type `Vec` in this scope\n   --> src/loader/module.rs:277:24\n    |\n277 |             .collect::<Vec<_>>();\n    |                        ^^^ not found in this scope\n\nerror[E0412]: cannot find type `Vec` in this scope\n  --> src/loader/parser.rs:80:53\n   |\n80 |     pub fn vec<T, F>(&mut self, mut f: F) -> Result<Vec<T>, Error>\n   |                                                     ^^^ not found in this scope\n\nerror[E0412]: cannot find type `Vec` in this scope\n  --> src/loader/parser.rs:92:73\n   |\n92 |     pub fn take_while0<T, F, C>(&mut self, mut f: F, cond: C) -> Result<Vec<T>, Error>\n   |                                                                         ^^^ not found in this scope\n\nerror[E0412]: cannot find type `Vec` in this scope\n   --> src/loader/parser.rs:131:48\n    |\n131 |     pub fn many0<T, F>(&mut self, mut f: F) -> Vec<T>\n    |                                                ^^^ not found in this scope\n\nerror[E0412]: cannot find type `Vec` in this scope\n   --> src/loader/sections.rs:244:43\n    |\n244 |     pub fn elem_init(&mut self) -> Result<Vec<Expr>, Error> {\n    |                                           ^^^ not found in this scope\n\nerror[E0412]: cannot find type `String` in this scope\n  --> src/loader/values.rs:69:38\n   |\n69 |     pub fn name(&mut self) -> Result<String, Error> {\n   |                                      ^^^^^^ not found in this scope\n   |\nhelp: you might be missing a type parameter\n   |\n6  | impl<'a, String> Parser<'a> {\n   |        ++++++++\n\nwarning: unused import: `PAGE_SIZE`\n --> src/exec/store.rs:2:63\n  |\n2 | use super::runtime::{eval_const, Addr, Runtime, RuntimeError, PAGE_SIZE};\n  |                                                               ^^^^^^^^^\n  |\n  = note: `#[warn(unused_imports)]` on by default\n\nwarning: unused import: `crate::lib::*`\n --> src/loader/error.rs:3:5\n  |\n3 | use crate::lib::*;\n  |     ^^^^^^^^^^^^^\n\nerror[E0614]: type `u32` cannot be dereferenced\n  --> src/exec/instr.rs:72:16\n   |\n72 |             if *l as usize >= stack.labels_len() {\n   |                ^^\n\nerror[E0614]: type `u32` cannot be dereferenced\n  --> src/exec/instr.rs:78:37\n   |\n78 |             let new_pc = stack.jump(*l as usize);\n   |                                     ^^\n\nerror[E0614]: type `u32` cannot be dereferenced\n  --> src/exec/instr.rs:84:20\n   |\n84 |                 if *l as usize >= stack.labels_len() {\n   |                    ^^\n\nerror[E0614]: type `u32` cannot be dereferenced\n  --> src/exec/instr.rs:90:41\n   |\n90 |                 let new_pc = stack.jump(*l as usize);\n   |                                         ^^\n\nerror[E0614]: type `u32` cannot be dereferenced\n   --> src/exec/instr.rs:107:25\n    |\n107 |                 let l = *default as usize;\n    |                         ^^^^^^^^\n\nerror[E0614]: type `u32` cannot be dereferenced\n   --> src/exec/instr.rs:125:37\n    |\n125 |             let func = &store.funcs[*a as usize];\n    |                                     ^^\n\nerror[E0614]: type `u32` cannot be dereferenced\n   --> src/exec/instr.rs:130:42\n    |\n130 |             let ta = instance.tableaddrs[*tableidx as usize];\n    |                                          ^^^^^^^^^\n\nerror[E0614]: type `u32` cannot be dereferenced\n   --> src/exec/instr.rs:132:38\n    |\n132 |             let ft = &instance.types[*typeidx as usize];\n    |                                      ^^^^^^^^\n\nerror[E0614]: type `u32` cannot be dereferenced\n   --> src/exec/instr.rs:161:43\n    |\n161 |             let addr = instance.funcaddrs[*x as usize];\n    |                                           ^^\n\nerror[E0614]: type `u32` cannot be dereferenced\n   --> src/exec/instr.rs:186:37\n    |\n186 |             let value = frame.local[*l as usize];\n    |                                     ^^\n\nerror[E0614]: type `u32` cannot be dereferenced\n   --> src/exec/instr.rs:191:41\n    |\n191 |             stack.top_frame_mut().local[*l as usize] = value;\n    |                                         ^^\n\nerror[E0614]: type `u32` cannot be dereferenced\n   --> src/exec/instr.rs:196:41\n    |\n196 |             stack.top_frame_mut().local[*l as usize] = value;\n    |                                         ^^\n\nerror[E0614]: type `u32` cannot be dereferenced\n   --> src/exec/instr.rs:199:52\n    |\n199 |             let globalindex = instance.globaladdrs[*i as usize];\n    |                                                    ^^\n\nerror[E0614]: type `u32` cannot be dereferenced\n   --> src/exec/instr.rs:204:52\n    |\n204 |             let globalindex = instance.globaladdrs[*i as usize];\n    |                                                    ^^\n\nerror[E0308]: mismatched types\n   --> src/exec/instr.rs:211:41\n    |\n211 |         Instr::TableGet(x) => table_get(x, instance, store, stack)?,\n    |                               --------- ^ expected `&u32`, found `u32`\n    |                               |\n    |                               arguments to this function are incorrect\n    |\nnote: function defined here\n   --> src/exec/table.rs:14:8\n    |\n14  | pub fn table_get(\n    |        ^^^^^^^^^\n15  |     x: &u32,\n    |     -------\nhelp: consider borrowing here\n    |\n211 |         Instr::TableGet(x) => table_get(&x, instance, store, stack)?,\n    |                                         +\n\nerror[E0308]: mismatched types\n   --> src/exec/instr.rs:212:41\n    |\n212 |         Instr::TableSet(x) => table_set(x, instance, store, stack)?,\n    |                               --------- ^ expected `&u32`, found `u32`\n    |                               |\n    |                               arguments to this function are incorrect\n    |\nnote: function defined here\n   --> src/exec/table.rs:30:8\n    |\n30  | pub fn table_set(\n    |        ^^^^^^^^^\n31  |     x: &u32,\n    |     -------\nhelp: consider borrowing here\n    |\n212 |         Instr::TableSet(x) => table_set(&x, instance, store, stack)?,\n    |                                         +\n\nerror[E0308]: arguments to this function are incorrect\n   --> src/exec/instr.rs:213:35\n    |\n213 |         Instr::TableInit(x, y) => table_init(x, y, instance, store, stack)?,\n    |                                   ^^^^^^^^^^ -  - expected `&u32`, found `u32`\n    |                                              |\n    |                                              expected `&u32`, found `u32`\n    |\nnote: function defined here\n   --> src/exec/table.rs:122:8\n    |\n122 | pub fn table_init(\n    |        ^^^^^^^^^^\n123 |     x: &u32,\n    |     -------\n124 |     y: &u32,\n    |     -------\n125 |     instance: &mut Instance,\n    |     -----------------------\n126 |     store: &mut Store,\n    |     -----------------\n127 |     stack: &mut Stack,\n    |     -----------------\nhelp: consider borrowing here\n    |\n213 |         Instr::TableInit(x, y) => table_init(&x, y, instance, store, stack)?,\n    |                                              +\nhelp: consider borrowing here\n    |\n213 |         Instr::TableInit(x, y) => table_init(x, &y, instance, store, stack)?,\n    |                                                 +\n\nerror[E0308]: arguments to this function are incorrect\n   --> src/exec/instr.rs:214:35\n    |\n214 |         Instr::TableCopy(x, y) => table_copy(x, y, instance, store, stack)?,\n    |                                   ^^^^^^^^^^ -  - expected `&u32`, found `u32`\n    |                                              |\n    |                                              expected `&u32`, found `u32`\n    |\nnote: function defined here\n   --> src/exec/table.rs:91:8\n    |\n91  | pub fn table_copy(\n    |        ^^^^^^^^^^\n92  |     x: &u32,\n    |     -------\n93  |     y: &u32,\n    |     -------\n94  |     instance: &mut Instance,\n    |     -----------------------\n95  |     store: &mut Store,\n    |     -----------------\n96  |     stack: &mut Stack,\n    |     -----------------\nhelp: consider borrowing here\n    |\n214 |         Instr::TableCopy(x, y) => table_copy(&x, y, instance, store, stack)?,\n    |                                              +\nhelp: consider borrowing here\n    |\n214 |         Instr::TableCopy(x, y) => table_copy(x, &y, instance, store, stack)?,\n    |                                                 +\n\nerror[E0308]: mismatched types\n   --> src/exec/instr.rs:215:43\n    |\n215 |         Instr::TableGrow(x) => table_grow(x, instance, store, stack),\n    |                                ---------- ^ expected `&u32`, found `u32`\n    |                                |\n    |                                arguments to this function are incorrect\n    |\nnote: function defined here\n   --> src/exec/table.rs:47:8\n    |\n47  | pub fn table_grow(x: &u32, instance: &mut Instance, store: &mut Store, stack: &mut Stack) {\n    |        ^^^^^^^^^^ -------\nhelp: consider borrowing here\n    |\n215 |         Instr::TableGrow(x) => table_grow(&x, instance, store, stack),\n    |                                           +\n\nerror[E0308]: mismatched types\n   --> src/exec/instr.rs:216:43\n    |\n216 |         Instr::TableSize(x) => table_size(x, instance, store, stack),\n    |                                ---------- ^ expected `&u32`, found `u32`\n    |                                |\n    |                                arguments to this function are incorrect\n    |\nnote: function defined here\n   --> src/exec/table.rs:157:8\n    |\n157 | pub fn table_size(x: &u32, instance: &mut Instance, store: &mut Store, stack: &mut Stack) {\n    |        ^^^^^^^^^^ -------\nhelp: consider borrowing here\n    |\n216 |         Instr::TableSize(x) => table_size(&x, instance, store, stack),\n    |                                           +\n\nerror[E0308]: mismatched types\n   --> src/exec/instr.rs:217:43\n    |\n217 |         Instr::TableFill(x) => table_fill(x, instance, store, stack)?,\n    |                                ---------- ^ expected `&u32`, found `u32`\n    |                                |\n    |                                arguments to this function are incorrect\n    |\nnote: function defined here\n   --> src/exec/table.rs:71:8\n    |\n71  | pub fn table_fill(\n    |        ^^^^^^^^^^\n72  |     x: &u32,\n    |     -------\nhelp: consider borrowing here\n    |\n217 |         Instr::TableFill(x) => table_fill(&x, instance, store, stack)?,\n    |                                           +\n\nerror[E0308]: mismatched types\n   --> src/exec/instr.rs:218:41\n    |\n218 |         Instr::ElemDrop(x) => elem_drop(x, instance, store),\n    |                               --------- ^ expected `&u32`, found `u32`\n    |                               |\n    |                               arguments to this function are incorrect\n    |\nnote: function defined here\n   --> src/exec/table.rs:152:8\n    |\n152 | pub fn elem_drop(x: &u32, instance: &mut Instance, store: &mut Store) {\n    |        ^^^^^^^^^ -------\nhelp: consider borrowing here\n    |\n218 |         Instr::ElemDrop(x) => elem_drop(&x, instance, store),\n    |                                         +\n\nerror[E0308]: mismatched types\n   --> src/exec/instr.rs:223:52\n    |\n223 |         Instr::I32Load(memarg) => memory::i32_load(memarg, instance, store, stack)?,\n    |                                   ---------------- ^^^^^^ expected `&MemArg`, found `MemArg`\n    |                                   |\n    |                                   arguments to this function are incorrect\n    |\nnote: function defined here\n   --> src/exec/memory.rs:40:12\n    |\n18  |             memarg: &MemArg,\n    |             ---------------\n...\n40  | impl_load!(i32_load, i32, i32);\n    |            ^^^^^^^^\nhelp: consider borrowing here\n    |\n223 |         Instr::I32Load(memarg) => memory::i32_load(&memarg, instance, store, stack)?,\n    |                                                    +\n\nerror[E0308]: mismatched types\n   --> src/exec/instr.rs:224:52\n    |\n224 |         Instr::I64Load(memarg) => memory::i64_load(memarg, instance, store, stack)?,\n    |                                   ---------------- ^^^^^^ expected `&MemArg`, found `MemArg`\n    |                                   |\n    |                                   arguments to this function are incorrect\n    |\nnote: function defined here\n   --> src/exec/memory.rs:41:12\n    |\n18  |             memarg: &MemArg,\n    |             ---------------\n...\n41  | impl_load!(i64_load, i64, i64);\n    |            ^^^^^^^^\nhelp: consider borrowing here\n    |\n224 |         Instr::I64Load(memarg) => memory::i64_load(&memarg, instance, store, stack)?,\n    |                                                    +\n\nerror[E0308]: mismatched types\n   --> src/exec/instr.rs:225:52\n    |\n225 |         Instr::F32Load(memarg) => memory::f32_load(memarg, instance, store, stack)?,\n    |                                   ---------------- ^^^^^^ expected `&MemArg`, found `MemArg`\n    |                                   |\n    |                                   arguments to this function are incorrect\n    |\nnote: function defined here\n   --> src/exec/memory.rs:42:12\n    |\n18  |             memarg: &MemArg,\n    |             ---------------\n...\n42  | impl_load!(f32_load, f32, f32);\n    |            ^^^^^^^^\nhelp: consider borrowing here\n    |\n225 |         Instr::F32Load(memarg) => memory::f32_load(&memarg, instance, store, stack)?,\n    |                                                    +\n\nerror[E0308]: mismatched types\n   --> src/exec/instr.rs:226:52\n    |\n226 |         Instr::F64Load(memarg) => memory::f64_load(memarg, instance, store, stack)?,\n    |                                   ---------------- ^^^^^^ expected `&MemArg`, found `MemArg`\n    |                                   |\n    |                                   arguments to this function are incorrect\n    |\nnote: function defined here\n   --> src/exec/memory.rs:43:12\n    |\n18  |             memarg: &MemArg,\n    |             ---------------\n...\n43  | impl_load!(f64_load, f64, f64);\n    |            ^^^^^^^^\nhelp: consider borrowing here\n    |\n226 |         Instr::F64Load(memarg) => memory::f64_load(&memarg, instance, store, stack)?,\n    |                                                    +\n\nerror[E0308]: mismatched types\n   --> src/exec/instr.rs:227:57\n    |\n227 |         Instr::I32Load8S(memarg) => memory::i32_load_8s(memarg, instance, store, stack)?,\n    |                                     ------------------- ^^^^^^ expected `&MemArg`, found `MemArg`\n    |                                     |\n    |                                     arguments to this function are incorrect\n    |\nnote: function defined here\n   --> src/exec/memory.rs:44:12\n    |\n18  |             memarg: &MemArg,\n    |             ---------------\n...\n44  | impl_load!(i32_load_8s, i32, i8);\n    |            ^^^^^^^^^^^\nhelp: consider borrowing here\n    |\n227 |         Instr::I32Load8S(memarg) => memory::i32_load_8s(&memarg, instance, store, stack)?,\n    |                                                         +\n\nerror[E0308]: mismatched types\n   --> src/exec/instr.rs:228:57\n    |\n228 |         Instr::I32Load8U(memarg) => memory::i32_load_8u(memarg, instance, store, stack)?,\n    |                                     ------------------- ^^^^^^ expected `&MemArg`, found `MemArg`\n    |                                     |\n    |                                     arguments to this function are incorrect\n    |\nnote: function defined here\n   --> src/exec/memory.rs:45:12\n    |\n18  |             memarg: &MemArg,\n    |             ---------------\n...\n45  | impl_load!(i32_load_8u, i32, u8);\n    |            ^^^^^^^^^^^\nhelp: consider borrowing here\n    |\n228 |         Instr::I32Load8U(memarg) => memory::i32_load_8u(&memarg, instance, store, stack)?,\n    |                                                         +\n\nerror[E0308]: mismatched types\n   --> src/exec/instr.rs:229:59\n    |\n229 |         Instr::I32Load16S(memarg) => memory::i32_load_16s(memarg, instance, store, stack)?,\n    |                                      -------------------- ^^^^^^ expected `&MemArg`, found `MemArg`\n    |                                      |\n    |                                      arguments to this function are incorrect\n    |\nnote: function defined here\n   --> src/exec/memory.rs:46:12\n    |\n18  |             memarg: &MemArg,\n    |             ---------------\n...\n46  | impl_load!(i32_load_16s, i32, i16);\n    |            ^^^^^^^^^^^^\nhelp: consider borrowing here\n    |\n229 |         Instr::I32Load16S(memarg) => memory::i32_load_16s(&memarg, instance, store, stack)?,\n    |                                                           +\n\nerror[E0308]: mismatched types\n   --> src/exec/instr.rs:230:59\n    |\n230 |         Instr::I32Load16U(memarg) => memory::i32_load_16u(memarg, instance, store, stack)?,\n    |                                      -------------------- ^^^^^^ expected `&MemArg`, found `MemArg`\n    |                                      |\n    |                                      arguments to this function are incorrect\n    |\nnote: function defined here\n   --> src/exec/memory.rs:47:12\n    |\n18  |             memarg: &MemArg,\n    |             ---------------\n...\n47  | impl_load!(i32_load_16u, i32, u16);\n    |            ^^^^^^^^^^^^\nhelp: consider borrowing here\n    |\n230 |         Instr::I32Load16U(memarg) => memory::i32_load_16u(&memarg, instance, store, stack)?,\n    |                                                           +\n\nerror[E0308]: mismatched types\n   --> src/exec/instr.rs:231:57\n    |\n231 |         Instr::I64Load8S(memarg) => memory::i64_load_8s(memarg, instance, store, stack)?,\n    |                                     ------------------- ^^^^^^ expected `&MemArg`, found `MemArg`\n    |                                     |\n    |                                     arguments to this function are incorrect\n    |\nnote: function defined here\n   --> src/exec/memory.rs:48:12\n    |\n18  |             memarg: &MemArg,\n    |             ---------------\n...\n48  | impl_load!(i64_load_8s, i64, i8);\n    |            ^^^^^^^^^^^\nhelp: consider borrowing here\n    |\n231 |         Instr::I64Load8S(memarg) => memory::i64_load_8s(&memarg, instance, store, stack)?,\n    |                                                         +\n\nerror[E0308]: mismatched types\n   --> src/exec/instr.rs:232:57\n    |\n232 |         Instr::I64Load8U(memarg) => memory::i64_load_8u(memarg, instance, store, stack)?,\n    |                                     ------------------- ^^^^^^ expected `&MemArg`, found `MemArg`\n    |                                     |\n    |                                     arguments to this function are incorrect\n    |\nnote: function defined here\n   --> src/exec/memory.rs:49:12\n    |\n18  |             memarg: &MemArg,\n    |             ---------------\n...\n49  | impl_load!(i64_load_8u, i64, u8);\n    |            ^^^^^^^^^^^\nhelp: consider borrowing here\n    |\n232 |         Instr::I64Load8U(memarg) => memory::i64_load_8u(&memarg, instance, store, stack)?,\n    |                                                         +\n\nerror[E0308]: mismatched types\n   --> src/exec/instr.rs:233:59\n    |\n233 |         Instr::I64Load16S(memarg) => memory::i64_load_16s(memarg, instance, store, stack)?,\n    |                                      -------------------- ^^^^^^ expected `&MemArg`, found `MemArg`\n    |                                      |\n    |                                      arguments to this function are incorrect\n    |\nnote: function defined here\n   --> src/exec/memory.rs:50:12\n    |\n18  |             memarg: &MemArg,\n    |             ---------------\n...\n50  | impl_load!(i64_load_16s, i64, i16);\n    |            ^^^^^^^^^^^^\nhelp: consider borrowing here\n    |\n233 |         Instr::I64Load16S(memarg) => memory::i64_load_16s(&memarg, instance, store, stack)?,\n    |                                                           +\n\nerror[E0308]: mismatched types\n   --> src/exec/instr.rs:234:59\n    |\n234 |         Instr::I64Load16U(memarg) => memory::i64_load_16u(memarg, instance, store, stack)?,\n    |                                      -------------------- ^^^^^^ expected `&MemArg`, found `MemArg`\n    |                                      |\n    |                                      arguments to this function are incorrect\n    |\nnote: function defined here\n   --> src/exec/memory.rs:51:12\n    |\n18  |             memarg: &MemArg,\n    |             ---------------\n...\n51  | impl_load!(i64_load_16u, i64, u16);\n    |            ^^^^^^^^^^^^\nhelp: consider borrowing here\n    |\n234 |         Instr::I64Load16U(memarg) => memory::i64_load_16u(&memarg, instance, store, stack)?,\n    |                                                           +\n\nerror[E0308]: mismatched types\n   --> src/exec/instr.rs:235:59\n    |\n235 |         Instr::I64Load32S(memarg) => memory::i64_load_32s(memarg, instance, store, stack)?,\n    |                                      -------------------- ^^^^^^ expected `&MemArg`, found `MemArg`\n    |                                      |\n    |                                      arguments to this function are incorrect\n    |\nnote: function defined here\n   --> src/exec/memory.rs:52:12\n    |\n18  |             memarg: &MemArg,\n    |             ---------------\n...\n52  | impl_load!(i64_load_32s, i64, i32);\n    |            ^^^^^^^^^^^^\nhelp: consider borrowing here\n    |\n235 |         Instr::I64Load32S(memarg) => memory::i64_load_32s(&memarg, instance, store, stack)?,\n    |                                                           +\n\nerror[E0308]: mismatched types\n   --> src/exec/instr.rs:236:59\n    |\n236 |         Instr::I64Load32U(memarg) => memory::i64_load_32u(memarg, instance, store, stack)?,\n    |                                      -------------------- ^^^^^^ expected `&MemArg`, found `MemArg`\n    |                                      |\n    |                                      arguments to this function are incorrect\n    |\nnote: function defined here\n   --> src/exec/memory.rs:53:12\n    |\n18  |             memarg: &MemArg,\n    |             ---------------\n...\n53  | impl_load!(i64_load_32u, i64, u32);\n    |            ^^^^^^^^^^^^\nhelp: consider borrowing here\n    |\n236 |         Instr::I64Load32U(memarg) => memory::i64_load_32u(&memarg, instance, store, stack)?,\n    |                                                           +\n\nerror[E0308]: mismatched types\n   --> src/exec/instr.rs:237:54\n    |\n237 |         Instr::I32Store(memarg) => memory::i32_store(memarg, instance, store, stack)?,\n    |                                    ----------------- ^^^^^^ expected `&MemArg`, found `MemArg`\n    |                                    |\n    |                                    arguments to this function are incorrect\n    |\nnote: function defined here\n   --> src/exec/memory.rs:80:13\n    |\n58  |             memarg: &MemArg,\n    |             ---------------\n...\n80  | impl_store!(i32_store, i32, i32);\n    |             ^^^^^^^^^\nhelp: consider borrowing here\n    |\n237 |         Instr::I32Store(memarg) => memory::i32_store(&memarg, instance, store, stack)?,\n    |                                                      +\n\nerror[E0308]: mismatched types\n   --> src/exec/instr.rs:238:54\n    |\n238 |         Instr::I64Store(memarg) => memory::i64_store(memarg, instance, store, stack)?,\n    |                                    ----------------- ^^^^^^ expected `&MemArg`, found `MemArg`\n    |                                    |\n    |                                    arguments to this function are incorrect\n    |\nnote: function defined here\n   --> src/exec/memory.rs:81:13\n    |\n58  |             memarg: &MemArg,\n    |             ---------------\n...\n81  | impl_store!(i64_store, i64, i64);\n    |             ^^^^^^^^^\nhelp: consider borrowing here\n    |\n238 |         Instr::I64Store(memarg) => memory::i64_store(&memarg, instance, store, stack)?,\n    |                                                      +\n\nerror[E0308]: mismatched types\n   --> src/exec/instr.rs:239:54\n    |\n239 |         Instr::F32Store(memarg) => memory::f32_store(memarg, instance, store, stack)?,\n    |                                    ----------------- ^^^^^^ expected `&MemArg`, found `MemArg`\n    |                                    |\n    |                                    arguments to this function are incorrect\n    |\nnote: function defined here\n   --> src/exec/memory.rs:82:13\n    |\n58  |             memarg: &MemArg,\n    |             ---------------\n...\n82  | impl_store!(f32_store, f32, f32);\n    |             ^^^^^^^^^\nhelp: consider borrowing here\n    |\n239 |         Instr::F32Store(memarg) => memory::f32_store(&memarg, instance, store, stack)?,\n    |                                                      +\n\nerror[E0308]: mismatched types\n   --> src/exec/instr.rs:240:54\n    |\n240 |         Instr::F64Store(memarg) => memory::f64_store(memarg, instance, store, stack)?,\n    |                                    ----------------- ^^^^^^ expected `&MemArg`, found `MemArg`\n    |                                    |\n    |                                    arguments to this function are incorrect\n    |\nnote: function defined here\n   --> src/exec/memory.rs:83:13\n    |\n58  |             memarg: &MemArg,\n    |             ---------------\n...\n83  | impl_store!(f64_store, f64, f64);\n    |             ^^^^^^^^^\nhelp: consider borrowing here\n    |\n240 |         Instr::F64Store(memarg) => memory::f64_store(&memarg, instance, store, stack)?,\n    |                                                      +\n\nerror[E0308]: mismatched types\n   --> src/exec/instr.rs:241:57\n    |\n241 |         Instr::I32Store8(memarg) => memory::i32_store_8(memarg, instance, store, stack)?,\n    |                                     ------------------- ^^^^^^ expected `&MemArg`, found `MemArg`\n    |                                     |\n    |                                     arguments to this function are incorrect\n    |\nnote: function defined here\n   --> src/exec/memory.rs:84:13\n    |\n58  |             memarg: &MemArg,\n    |             ---------------\n...\n84  | impl_store!(i32_store_8, i32, u8);\n    |             ^^^^^^^^^^^\nhelp: consider borrowing here\n    |\n241 |         Instr::I32Store8(memarg) => memory::i32_store_8(&memarg, instance, store, stack)?,\n    |                                                         +\n\nerror[E0308]: mismatched types\n   --> src/exec/instr.rs:242:59\n    |\n242 |         Instr::I32Store16(memarg) => memory::i32_store_16(memarg, instance, store, stack)?,\n    |                                      -------------------- ^^^^^^ expected `&MemArg`, found `MemArg`\n    |                                      |\n    |                                      arguments to this function are incorrect\n    |\nnote: function defined here\n   --> src/exec/memory.rs:85:13\n    |\n58  |             memarg: &MemArg,\n    |             ---------------\n...\n85  | impl_store!(i32_store_16, i32, u16);\n    |             ^^^^^^^^^^^^\nhelp: consider borrowing here\n    |\n242 |         Instr::I32Store16(memarg) => memory::i32_store_16(&memarg, instance, store, stack)?,\n    |                                                           +\n\nerror[E0308]: mismatched types\n   --> src/exec/instr.rs:243:57\n    |\n243 |         Instr::I64Store8(memarg) => memory::i64_store_8(memarg, instance, store, stack)?,\n    |                                     ------------------- ^^^^^^ expected `&MemArg`, found `MemArg`\n    |                                     |\n    |                                     arguments to this function are incorrect\n    |\nnote: function defined here\n   --> src/exec/memory.rs:86:13\n    |\n58  |             memarg: &MemArg,\n    |             ---------------\n...\n86  | impl_store!(i64_store_8, i64, u8);\n    |             ^^^^^^^^^^^\nhelp: consider borrowing here\n    |\n243 |         Instr::I64Store8(memarg) => memory::i64_store_8(&memarg, instance, store, stack)?,\n    |                                                         +\n\nerror[E0308]: mismatched types\n   --> src/exec/instr.rs:244:59\n    |\n244 |         Instr::I64Store16(memarg) => memory::i64_store_16(memarg, instance, store, stack)?,\n    |                                      -------------------- ^^^^^^ expected `&MemArg`, found `MemArg`\n    |                                      |\n    |                                      arguments to this function are incorrect\n    |\nnote: function defined here\n   --> src/exec/memory.rs:87:13\n    |\n58  |             memarg: &MemArg,\n    |             ---------------\n...\n87  | impl_store!(i64_store_16, i64, u16);\n    |             ^^^^^^^^^^^^\nhelp: consider borrowing here\n    |\n244 |         Instr::I64Store16(memarg) => memory::i64_store_16(&memarg, instance, store, stack)?,\n    |                                                           +\n\nerror[E0308]: mismatched types\n   --> src/exec/instr.rs:245:59\n    |\n245 |         Instr::I64Store32(memarg) => memory::i64_store_32(memarg, instance, store, stack)?,\n    |                                      -------------------- ^^^^^^ expected `&MemArg`, found `MemArg`\n    |                                      |\n    |                                      arguments to this function are incorrect\n    |\nnote: function defined here\n   --> src/exec/memory.rs:88:13\n    |\n58  |             memarg: &MemArg,\n    |             ---------------\n...\n88  | impl_store!(i64_store_32, i64, u32);\n    |             ^^^^^^^^^^^^\nhelp: consider borrowing here\n    |\n245 |         Instr::I64Store32(memarg) => memory::i64_store_32(&memarg, instance, store, stack)?,\n    |                                                           +\n\nerror[E0308]: mismatched types\n   --> src/exec/instr.rs:248:53\n    |\n248 |         Instr::MemoryInit(x) => memory::memory_init(x, instance, store, stack)?,\n    |                                 ------------------- ^ expected `&u32`, found `u32`\n    |                                 |\n    |                                 arguments to this function are incorrect\n    |\nnote: function defined here\n   --> src/exec/memory.rs:162:8\n    |\n162 | pub fn memory_init(\n    |        ^^^^^^^^^^^\n163 |     x: &u32,\n    |     -------\nhelp: consider borrowing here\n    |\n248 |         Instr::MemoryInit(x) => memory::memory_init(&x, instance, store, stack)?,\n    |                                                     +\n\nerror[E0308]: mismatched types\n   --> src/exec/instr.rs:249:49\n    |\n249 |         Instr::DataDrop(x) => memory::data_drop(x, instance, store),\n    |                               ----------------- ^ expected `&u32`, found `u32`\n    |                               |\n    |                               arguments to this function are incorrect\n    |\nnote: function defined here\n   --> src/exec/memory.rs:187:8\n    |\n187 | pub fn data_drop(x: &u32, instance: &mut Instance, store: &mut Store) {\n    |        ^^^^^^^^^ -------\nhelp: consider borrowing here\n    |\n249 |         Instr::DataDrop(x) => memory::data_drop(&x, instance, store),\n    |                                                 +\n\nerror[E0614]: type `i32` cannot be dereferenced\n   --> src/exec/instr.rs:256:48\n    |\n256 |         Instr::I32Const(a) => stack.push_value(*a),\n    |                                                ^^\n\nerror[E0614]: type `i64` cannot be dereferenced\n   --> src/exec/instr.rs:257:48\n    |\n257 |         Instr::I64Const(a) => stack.push_value(*a),\n    |                                                ^^\n\nerror[E0614]: type `f32` cannot be dereferenced\n   --> src/exec/instr.rs:258:48\n    |\n258 |         Instr::F32Const(a) => stack.push_value(*a),\n    |                                                ^^\n\nerror[E0614]: type `f64` cannot be dereferenced\n   --> src/exec/instr.rs:259:48\n    |\n259 |         Instr::F64Const(a) => stack.push_value(*a),\n    |                                                ^^\n\nerror[E0614]: type `usize` cannot be dereferenced\n   --> src/exec/instr.rs:543:58\n    |\n543 |         Instr::RJump(r) => return Ok(ExecState::Continue(*r + pc)),\n    |                                                          ^^\n\nerror[E0599]: the method `remove` exists for struct `OptVec<DataInst>`, but its trait bounds were not satisfied\n   --> src/exec/memory.rs:189:17\n    |\n189 |     store.datas.remove(a);\n    |                 ^^^^^^ method cannot be called on `OptVec<DataInst>` due to unsatisfied trait bounds\n    |\n   ::: src/exec/store.rs:62:1\n    |\n62  | pub struct DataInst {\n    | ------------------- doesn't satisfy `DataInst: Sized`\n    |\n    = note: the following trait bounds were not satisfied:\n            `{type error}: Sized`\n            which is required by `DataInst: Sized`\n\nerror[E0599]: the method `push` exists for mutable reference `&mut OptVec<DataInst>`, but its trait bounds were not satisfied\n   --> src/exec/memory.rs:193:11\n    |\n193 |     datas.push(DataInst { data: data.init })\n    |           ^^^^ method cannot be called on `&mut OptVec<DataInst>` due to unsatisfied trait bounds\n    |\n   ::: src/exec/store.rs:62:1\n    |\n62  | pub struct DataInst {\n    | ------------------- doesn't satisfy `DataInst: Sized`\n    |\n    = note: the following trait bounds were not satisfied:\n            `{type error}: Sized`\n            which is required by `DataInst: Sized`\n\nerror[E0599]: the method `ok_or` exists for enum `Option<Module>`, but its trait bounds were not satisfied\n   --> src/exec/runtime.rs:160:14\n    |\n158 |           let module = importer\n    |  ______________________-\n159 | |             .import(modname)\n160 | |             .ok_or(RuntimeError::ModuleNotFound(modname.into()))?;\n    | |             -^^^^^ method cannot be called on `Option<Module>` due to unsatisfied trait bounds\n    | |_____________|\n    |\n    |\n   ::: src/binary/module.rs:183:1\n    |\n183 |   pub struct Module {\n    |   ----------------- doesn't satisfy `binary::module::Module: Sized`\n    |\n    = note: the following trait bounds were not satisfied:\n            `{type error}: Sized`\n            which is required by `binary::module::Module: Sized`\n\nerror[E0599]: the method `ok_or_else` exists for enum `Option<Module>`, but its trait bounds were not satisfied\n   --> src/exec/runtime.rs:278:14\n    |\n276 |           let module = importer\n    |  ______________________-\n277 | |             .import(&import.module)\n278 | |             .ok_or_else(|| RuntimeError::ModuleNotFound(import.module.clone()))?;\n    | |             -^^^^^^^^^^ method cannot be called on `Option<Module>` due to unsatisfied trait bounds\n    | |_____________|\n    |\n    |\n   ::: src/binary/module.rs:183:1\n    |\n183 |   pub struct Module {\n    |   ----------------- doesn't satisfy `binary::module::Module: Sized`\n    |\n    = note: the following trait bounds were not satisfied:\n            `{type error}: Sized`\n            which is required by `binary::module::Module: Sized`\n\nerror[E0614]: type `u32` cannot be dereferenced\n   --> src/exec/runtime.rs:288:49\n    |\n288 |                 let ret = Ok(instance.funcaddrs[*index as usize]);\n    |                                                 ^^^^^^\n\nerror[E0599]: the method `ok_or_else` exists for enum `Option<Module>`, but its trait bounds were not satisfied\n   --> src/exec/runtime.rs:306:14\n    |\n304 |           let module = importer\n    |  ______________________-\n305 | |             .import(&import.module)\n306 | |             .ok_or_else(|| RuntimeError::ModuleNotFound(import.module.clone()))?;\n    | |             -^^^^^^^^^^ method cannot be called on `Option<Module>` due to unsatisfied trait bounds\n    | |_____________|\n    |\n    |\n   ::: src/binary/module.rs:183:1\n    |\n183 |   pub struct Module {\n    |   ----------------- doesn't satisfy `binary::module::Module: Sized`\n    |\n    = note: the following trait bounds were not satisfied:\n            `{type error}: Sized`\n            which is required by `binary::module::Module: Sized`\n\nerror[E0599]: the method `ok_or_else` exists for enum `Option<Module>`, but its trait bounds were not satisfied\n   --> src/exec/runtime.rs:333:14\n    |\n331 |           let module = importer\n    |  ______________________-\n332 | |             .import(&import.module)\n333 | |             .ok_or_else(|| RuntimeError::ModuleNotFound(import.module.clone()))?;\n    | |             -^^^^^^^^^^ method cannot be called on `Option<Module>` due to unsatisfied trait bounds\n    | |_____________|\n    |\n    |\n   ::: src/binary/module.rs:183:1\n    |\n183 |   pub struct Module {\n    |   ----------------- doesn't satisfy `binary::module::Module: Sized`\n    |\n    = note: the following trait bounds were not satisfied:\n            `{type error}: Sized`\n            which is required by `binary::module::Module: Sized`\n\nerror[E0614]: type `u32` cannot be dereferenced\n   --> src/exec/runtime.rs:343:50\n    |\n343 |                 let ret = Ok(instance.tableaddrs[*addr as usize]);\n    |                                                  ^^^^^\n\nerror[E0599]: the method `ok_or_else` exists for enum `Option<Module>`, but its trait bounds were not satisfied\n   --> src/exec/runtime.rs:361:14\n    |\n359 |           let module = importer\n    |  ______________________-\n360 | |             .import(&import.module)\n361 | |             .ok_or_else(|| RuntimeError::ModuleNotFound(import.module.clone()))?;\n    | |             -^^^^^^^^^^ method cannot be called on `Option<Module>` due to unsatisfied trait bounds\n    | |_____________|\n    |\n    |\n   ::: src/binary/module.rs:183:1\n    |\n183 |   pub struct Module {\n    |   ----------------- doesn't satisfy `binary::module::Module: Sized`\n    |\n    = note: the following trait bounds were not satisfied:\n            `{type error}: Sized`\n            which is required by `binary::module::Module: Sized`\n\nerror[E0614]: type `u32` cannot be dereferenced\n   --> src/exec/runtime.rs:371:51\n    |\n371 |                 let ret = Ok(instance.globaladdrs[*addr as usize]);\n    |                                                   ^^^^^\n\nerror[E0369]: binary operation `==` cannot be applied to type `OptVec<TableInst>`\n  --> src/exec/store.rs:69:5\n   |\n66 | #[derive(Debug, PartialEq, Clone)]\n   |                 --------- in this derive macro expansion\n...\n69 |     pub tables: OptVec<TableInst>,\n   |     ^^^^^^^^^^^^^^^^^^^^^^^^^^^^^\n   |\n   = note: this error originates in the derive macro `PartialEq` (in Nightly builds, run with -Z macro-backtrace for more info)\n\nerror[E0369]: binary operation `==` cannot be applied to type `OptVec<MemInst>`\n  --> src/exec/store.rs:70:5\n   |\n66 | #[derive(Debug, PartialEq, Clone)]\n   |                 --------- in this derive macro expansion\n...\n70 |     pub mems: OptVec<MemInst>,\n   |     ^^^^^^^^^^^^^^^^^^^^^^^^^\n   |\n   = note: this error originates in the derive macro `PartialEq` (in Nightly builds, run with -Z macro-backtrace for more info)\n\nerror[E0369]: binary operation `==` cannot be applied to type `OptVec<ElemInst>`\n  --> src/exec/store.rs:72:5\n   |\n66 | #[derive(Debug, PartialEq, Clone)]\n   |                 --------- in this derive macro expansion\n...\n72 |     pub elems: OptVec<ElemInst>,\n   |     ^^^^^^^^^^^^^^^^^^^^^^^^^^^\n   |\n   = note: this error originates in the derive macro `PartialEq` (in Nightly builds, run with -Z macro-backtrace for more info)\n\nerror[E0369]: binary operation `==` cannot be applied to type `OptVec<DataInst>`\n  --> src/exec/store.rs:73:5\n   |\n66 | #[derive(Debug, PartialEq, Clone)]\n   |                 --------- in this derive macro expansion\n...\n73 |     pub datas: OptVec<DataInst>,\n   |     ^^^^^^^^^^^^^^^^^^^^^^^^^^^\n   |\n   = note: this error originates in the derive macro `PartialEq` (in Nightly builds, run with -Z macro-backtrace for more info)\n\nerror[E0599]: the method `push` exists for struct `OptVec<TableInst>`, but its trait bounds were not satisfied\n   --> src/exec/store.rs:111:21\n    |\n44  | pub struct TableInst {\n    | -------------------- doesn't satisfy `TableInst: Sized`\n...\n111 |         self.tables.push(TableInst {\n    |         ------------^^^^ method cannot be called on `OptVec<TableInst>` due to unsatisfied trait bounds\n    |\n    = note: the following trait bounds were not satisfied:\n            `{type error}: Sized`\n            which is required by `TableInst: Sized`\n\nerror[E0599]: the method `push` exists for struct `OptVec<MemInst>`, but its trait bounds were not satisfied\n   --> src/exec/store.rs:134:19\n    |\n56  | pub struct MemInst {\n    | ------------------ doesn't satisfy `MemInst: Sized`\n...\n134 |         self.mems.push(MemInst {\n    |         ----------^^^^ method cannot be called on `OptVec<MemInst>` due to unsatisfied trait bounds\n    |\n    = note: the following trait bounds were not satisfied:\n            `{type error}: Sized`\n            which is required by `MemInst: Sized`\n\nerror[E0599]: the method `remove` exists for struct `OptVec<DataInst>`, but its trait bounds were not satisfied\n   --> src/exec/store.rs:164:28\n    |\n62  | pub struct DataInst {\n    | ------------------- doesn't satisfy `DataInst: Sized`\n...\n164 |                 self.datas.remove(daddr);\n    |                            ^^^^^^ method cannot be called on `OptVec<DataInst>` due to unsatisfied trait bounds\n    |\n    = note: the following trait bounds were not satisfied:\n            `{type error}: Sized`\n            which is required by `DataInst: Sized`\n\nerror[E0599]: the method `remove` exists for struct `OptVec<ElemInst>`, but its trait bounds were not satisfied\n   --> src/exec/store.rs:167:28\n    |\n50  | pub struct ElemInst {\n    | ------------------- doesn't satisfy `ElemInst: Sized`\n...\n167 |                 self.elems.remove(eaddr);\n    |                            ^^^^^^ method cannot be called on `OptVec<ElemInst>` due to unsatisfied trait bounds\n    |\n    = note: the following trait bounds were not satisfied:\n            `{type error}: Sized`\n            which is required by `ElemInst: Sized`\n\nerror[E0599]: the method `remove` exists for struct `OptVec<TableInst>`, but its trait bounds were not satisfied\n   --> src/exec/store.rs:173:29\n    |\n44  | pub struct TableInst {\n    | -------------------- doesn't satisfy `TableInst: Sized`\n...\n173 |                 self.tables.remove(taddr);\n    |                             ^^^^^^ method cannot be called on `OptVec<TableInst>` due to unsatisfied trait bounds\n    |\n    = note: the following trait bounds were not satisfied:\n            `{type error}: Sized`\n            which is required by `TableInst: Sized`\n\nerror[E0599]: the method `remove` exists for struct `OptVec<MemInst>`, but its trait bounds were not satisfied\n   --> src/exec/store.rs:176:27\n    |\n56  | pub struct MemInst {\n    | ------------------ doesn't satisfy `MemInst: Sized`\n...\n176 |                 self.mems.remove(maddr);\n    |                           ^^^^^^ method cannot be called on `OptVec<MemInst>` due to unsatisfied trait bounds\n    |\n    = note: the following trait bounds were not satisfied:\n            `{type error}: Sized`\n            which is required by `MemInst: Sized`\n\nerror[E0599]: the method `remove` exists for struct `OptVec<ElemInst>`, but its trait bounds were not satisfied\n   --> src/exec/table.rs:154:17\n    |\n154 |     store.elems.remove(a);\n    |                 ^^^^^^ method cannot be called on `OptVec<ElemInst>` due to unsatisfied trait bounds\n    |\n   ::: src/exec/store.rs:50:1\n    |\n50  | pub struct ElemInst {\n    | ------------------- doesn't satisfy `ElemInst: Sized`\n    |\n    = note: the following trait bounds were not satisfied:\n            `{type error}: Sized`\n            which is required by `ElemInst: Sized`\n\nerror[E0599]: the method `push` exists for mutable reference `&mut OptVec<ElemInst>`, but its trait bounds were not satisfied\n   --> src/exec/table.rs:180:14\n    |\n180 |     Ok(elems.push(ElemInst {\n    |        ------^^^^ method cannot be called on `&mut OptVec<ElemInst>` due to unsatisfied trait bounds\n    |\n   ::: src/exec/store.rs:50:1\n    |\n50  | pub struct ElemInst {\n    | ------------------- doesn't satisfy `ElemInst: Sized`\n    |\n    = note: the following trait bounds were not satisfied:\n            `{type error}: Sized`\n            which is required by `ElemInst: Sized`\n\nerror[E0433]: failed to resolve: use of undeclared type `Vec`\n  --> src/loader/parser.rs:85:23\n   |\n85 |         let mut vec = Vec::new();\n   |                       ^^^ use of undeclared type `Vec`\n\nerror[E0433]: failed to resolve: use of undeclared type `Vec`\n  --> src/loader/parser.rs:97:23\n   |\n97 |         let mut vec = Vec::new();\n   |                       ^^^ use of undeclared type `Vec`\n\nerror[E0433]: failed to resolve: use of undeclared type `Box`\n   --> src/loader/parser.rs:125:48\n    |\n125 |                     Err(err2) => Err(Error::Or(Box::new(err1), Box::new(err2))),\n    |                                                ^^^ use of undeclared type `Box`\n\nerror[E0433]: failed to resolve: use of undeclared type `Box`\n   --> src/loader/parser.rs:125:64\n    |\n125 |                     Err(err2) => Err(Error::Or(Box::new(err1), Box::new(err2))),\n    |                                                                ^^^ use of undeclared type `Box`\n\nerror[E0599]: no method named `to_string` found for reference `&str` in the current scope\n  --> src/loader/values.rs:77:32\n   |\n77 |             .and_then(|v| Ok(v.to_string()))\n   |                                ^^^^^^^^^ method not found in `&str`\n   |\n   = help: items from traits can only be used if the trait is in scope\nhelp: trait `ToString` which provides `to_string` is implemented but not in scope; perhaps you want to import it\n   |\n1  + use alloc::string::ToString;\n   |\n\nSome errors have detailed explanations: E0308, E0369, E0412, E0433, E0599, E0614.\nFor more information about an error, try `rustc --explain E0308`.\nwarning: `wasper` (lib) generated 2 warnings\nerror: could not compile `wasper` (lib) due to 285 previous errors; 2 warnings emitted\n",
      "stdout": ""
    },
    "features": [
      "std"
    ],
    "project": "../../../Downloads/695-Project/dataset/nostd-failed-crates/crates/wasper-0.1.3/src",
    "time_to_build": 1601,
    "time_to_solve": 227
  }
]