[
  {
    "built_with_features": "ahash",
    "command": {
      "args": [
        "build",
        "--target",
        "thumbv7m-none-eabi",
        "--no-default-features",
        "--features",
        "ahash"
      ],
      "code": 101,
      "stderr": "   Compiling ahash v0.7.8\nerror[E0463]: can't find crate for `std`\n  |\n  = note: the `thumbv7m-none-eabi` target may not support the standard library\n  = note: `std` is required by `ahash` because it does not declare `#![no_std]`\n\nerror[E0463]: can't find crate for `std`\n  --> /Users/graysonnocera/.cargo/registry/src/index.crates.io-6f17d22bba15001f/ahash-0.7.8/src/random_state.rs:30:1\n   |\n30 | extern crate std as alloc;\n   | ^^^^^^^^^^^^^^^^^^^^^^^^^^ can't find crate\n   |\n   = note: the `thumbv7m-none-eabi` target may not support the standard library\n\nerror[E0463]: can't find crate for `std`\n --> /Users/graysonnocera/.cargo/registry/src/index.crates.io-6f17d22bba15001f/ahash-0.7.8/src/specialize.rs:8:1\n  |\n8 | extern crate std as alloc;\n  | ^^^^^^^^^^^^^^^^^^^^^^^^^^ can't find crate\n  |\n  = note: the `thumbv7m-none-eabi` target may not support the standard library\n\nerror[E0463]: can't find crate for `std`\n --> /Users/graysonnocera/.cargo/registry/src/index.crates.io-6f17d22bba15001f/ahash-0.7.8/src/hash_map.rs:1:5\n  |\n1 | use std::borrow::Borrow;\n  |     ^^^ can't find crate\n  |\n  = note: the `thumbv7m-none-eabi` target may not support the standard library\n\nerror[E0463]: can't find crate for `std`\n --> /Users/graysonnocera/.cargo/registry/src/index.crates.io-6f17d22bba15001f/ahash-0.7.8/src/hash_map.rs:2:5\n  |\n2 | use std::collections::{hash_map, HashMap};\n  |     ^^^ can't find crate\n  |\n  = note: the `thumbv7m-none-eabi` target may not support the standard library\n\nerror[E0463]: can't find crate for `std`\n --> /Users/graysonnocera/.cargo/registry/src/index.crates.io-6f17d22bba15001f/ahash-0.7.8/src/hash_map.rs:3:5\n  |\n3 | use std::fmt::{self, Debug};\n  |     ^^^ can't find crate\n  |\n  = note: the `thumbv7m-none-eabi` target may not support the standard library\n\nerror[E0463]: can't find crate for `std`\n --> /Users/graysonnocera/.cargo/registry/src/index.crates.io-6f17d22bba15001f/ahash-0.7.8/src/hash_map.rs:4:5\n  |\n4 | use std::hash::{BuildHasher, Hash};\n  |     ^^^ can't find crate\n  |\n  = note: the `thumbv7m-none-eabi` target may not support the standard library\n\nerror[E0463]: can't find crate for `std`\n --> /Users/graysonnocera/.cargo/registry/src/index.crates.io-6f17d22bba15001f/ahash-0.7.8/src/hash_map.rs:5:5\n  |\n5 | use std::iter::FromIterator;\n  |     ^^^ can't find crate\n  |\n  = note: the `thumbv7m-none-eabi` target may not support the standard library\n\nerror[E0463]: can't find crate for `std`\n --> /Users/graysonnocera/.cargo/registry/src/index.crates.io-6f17d22bba15001f/ahash-0.7.8/src/hash_map.rs:6:5\n  |\n6 | use std::ops::{Deref, DerefMut, Index};\n  |     ^^^ can't find crate\n  |\n  = note: the `thumbv7m-none-eabi` target may not support the standard library\n\nerror[E0463]: can't find crate for `std`\n --> /Users/graysonnocera/.cargo/registry/src/index.crates.io-6f17d22bba15001f/ahash-0.7.8/src/hash_map.rs:7:5\n  |\n7 | use std::panic::UnwindSafe;\n  |     ^^^ can't find crate\n  |\n  = note: the `thumbv7m-none-eabi` target may not support the standard library\n\nerror[E0463]: can't find crate for `std`\n --> /Users/graysonnocera/.cargo/registry/src/index.crates.io-6f17d22bba15001f/ahash-0.7.8/src/hash_set.rs:2:5\n  |\n2 | use std::collections::{hash_set, HashSet};\n  |     ^^^ can't find crate\n  |\n  = note: the `thumbv7m-none-eabi` target may not support the standard library\n\nerror[E0463]: can't find crate for `std`\n --> /Users/graysonnocera/.cargo/registry/src/index.crates.io-6f17d22bba15001f/ahash-0.7.8/src/hash_set.rs:3:5\n  |\n3 | use std::fmt::{self, Debug};\n  |     ^^^ can't find crate\n  |\n  = note: the `thumbv7m-none-eabi` target may not support the standard library\n\nerror[E0463]: can't find crate for `std`\n --> /Users/graysonnocera/.cargo/registry/src/index.crates.io-6f17d22bba15001f/ahash-0.7.8/src/hash_set.rs:4:5\n  |\n4 | use std::hash::{BuildHasher, Hash};\n  |     ^^^ can't find crate\n  |\n  = note: the `thumbv7m-none-eabi` target may not support the standard library\n\nerror[E0463]: can't find crate for `std`\n --> /Users/graysonnocera/.cargo/registry/src/index.crates.io-6f17d22bba15001f/ahash-0.7.8/src/hash_set.rs:5:5\n  |\n5 | use std::iter::FromIterator;\n  |     ^^^ can't find crate\n  |\n  = note: the `thumbv7m-none-eabi` target may not support the standard library\n\nerror[E0463]: can't find crate for `std`\n --> /Users/graysonnocera/.cargo/registry/src/index.crates.io-6f17d22bba15001f/ahash-0.7.8/src/hash_set.rs:6:5\n  |\n6 | use std::ops::{BitAnd, BitOr, BitXor, Deref, DerefMut, Sub};\n  |     ^^^ can't find crate\n  |\n  = note: the `thumbv7m-none-eabi` target may not support the standard library\n\nerror: cannot find macro `assert_eq` in this scope\n  --> /Users/graysonnocera/.cargo/registry/src/index.crates.io-6f17d22bba15001f/ahash-0.7.8/src/convert.rs:72:17\n   |\n72 |                 assert_eq!(slice.len(), $len);\n   |                 ^^^^^^^^^\n...\n99 |         (as_array!(value, 2).convert(), rest)\n   |          ------------------- in this macro invocation\n   |\n   = note: this error originates in the macro `as_array` (in Nightly builds, run with -Z macro-backtrace for more info)\nhelp: consider importing this macro\n   |\n1  + use core::assert_eq;\n   |\n\nerror: cannot find macro `assert_eq` in this scope\n   --> /Users/graysonnocera/.cargo/registry/src/index.crates.io-6f17d22bba15001f/ahash-0.7.8/src/convert.rs:72:17\n    |\n72  |                 assert_eq!(slice.len(), $len);\n    |                 ^^^^^^^^^\n...\n105 |         (as_array!(value, 4).convert(), rest)\n    |          ------------------- in this macro invocation\n    |\n    = note: this error originates in the macro `as_array` (in Nightly builds, run with -Z macro-backtrace for more info)\nhelp: consider importing this macro\n    |\n1   + use core::assert_eq;\n    |\n\nerror: cannot find macro `assert_eq` in this scope\n   --> /Users/graysonnocera/.cargo/registry/src/index.crates.io-6f17d22bba15001f/ahash-0.7.8/src/convert.rs:72:17\n    |\n72  |                 assert_eq!(slice.len(), $len);\n    |                 ^^^^^^^^^\n...\n111 |         (as_array!(value, 8).convert(), rest)\n    |          ------------------- in this macro invocation\n    |\n    = note: this error originates in the macro `as_array` (in Nightly builds, run with -Z macro-backtrace for more info)\nhelp: consider importing this macro\n    |\n1   + use core::assert_eq;\n    |\n\nerror: cannot find macro `assert_eq` in this scope\n   --> /Users/graysonnocera/.cargo/registry/src/index.crates.io-6f17d22bba15001f/ahash-0.7.8/src/convert.rs:72:17\n    |\n72  |                 assert_eq!(slice.len(), $len);\n    |                 ^^^^^^^^^\n...\n117 |         (as_array!(value, 16).convert(), rest)\n    |          -------------------- in this macro invocation\n    |\n    = note: this error originates in the macro `as_array` (in Nightly builds, run with -Z macro-backtrace for more info)\nhelp: consider importing this macro\n    |\n1   + use core::assert_eq;\n    |\n\nerror: cannot find macro `assert_eq` in this scope\n   --> /Users/graysonnocera/.cargo/registry/src/index.crates.io-6f17d22bba15001f/ahash-0.7.8/src/convert.rs:72:17\n    |\n72  |                 assert_eq!(slice.len(), $len);\n    |                 ^^^^^^^^^\n...\n123 |         (as_array!(value, 32).convert(), rest)\n    |          -------------------- in this macro invocation\n    |\n    = note: this error originates in the macro `as_array` (in Nightly builds, run with -Z macro-backtrace for more info)\nhelp: consider importing this macro\n    |\n1   + use core::assert_eq;\n    |\n\nerror: cannot find macro `assert_eq` in this scope\n   --> /Users/graysonnocera/.cargo/registry/src/index.crates.io-6f17d22bba15001f/ahash-0.7.8/src/convert.rs:72:17\n    |\n72  |                 assert_eq!(slice.len(), $len);\n    |                 ^^^^^^^^^\n...\n129 |         (as_array!(value, 64).convert(), rest)\n    |          -------------------- in this macro invocation\n    |\n    = note: this error originates in the macro `as_array` (in Nightly builds, run with -Z macro-backtrace for more info)\nhelp: consider importing this macro\n    |\n1   + use core::assert_eq;\n    |\n\nerror: cannot find macro `assert_eq` in this scope\n   --> /Users/graysonnocera/.cargo/registry/src/index.crates.io-6f17d22bba15001f/ahash-0.7.8/src/convert.rs:72:17\n    |\n72  |                 assert_eq!(slice.len(), $len);\n    |                 ^^^^^^^^^\n...\n135 |         as_array!(value, 2).convert()\n    |         ------------------- in this macro invocation\n    |\n    = note: this error originates in the macro `as_array` (in Nightly builds, run with -Z macro-backtrace for more info)\nhelp: consider importing this macro\n    |\n1   + use core::assert_eq;\n    |\n\nerror: cannot find macro `assert_eq` in this scope\n   --> /Users/graysonnocera/.cargo/registry/src/index.crates.io-6f17d22bba15001f/ahash-0.7.8/src/convert.rs:72:17\n    |\n72  |                 assert_eq!(slice.len(), $len);\n    |                 ^^^^^^^^^\n...\n141 |         as_array!(value, 4).convert()\n    |         ------------------- in this macro invocation\n    |\n    = note: this error originates in the macro `as_array` (in Nightly builds, run with -Z macro-backtrace for more info)\nhelp: consider importing this macro\n    |\n1   + use core::assert_eq;\n    |\n\nerror: cannot find macro `assert_eq` in this scope\n   --> /Users/graysonnocera/.cargo/registry/src/index.crates.io-6f17d22bba15001f/ahash-0.7.8/src/convert.rs:72:17\n    |\n72  |                 assert_eq!(slice.len(), $len);\n    |                 ^^^^^^^^^\n...\n147 |         as_array!(value, 8).convert()\n    |         ------------------- in this macro invocation\n    |\n    = note: this error originates in the macro `as_array` (in Nightly builds, run with -Z macro-backtrace for more info)\nhelp: consider importing this macro\n    |\n1   + use core::assert_eq;\n    |\n\nerror: cannot find macro `assert_eq` in this scope\n   --> /Users/graysonnocera/.cargo/registry/src/index.crates.io-6f17d22bba15001f/ahash-0.7.8/src/convert.rs:72:17\n    |\n72  |                 assert_eq!(slice.len(), $len);\n    |                 ^^^^^^^^^\n...\n153 |         as_array!(value, 16).convert()\n    |         -------------------- in this macro invocation\n    |\n    = note: this error originates in the macro `as_array` (in Nightly builds, run with -Z macro-backtrace for more info)\nhelp: consider importing this macro\n    |\n1   + use core::assert_eq;\n    |\n\nerror: cannot find macro `assert_eq` in this scope\n   --> /Users/graysonnocera/.cargo/registry/src/index.crates.io-6f17d22bba15001f/ahash-0.7.8/src/convert.rs:72:17\n    |\n72  |                 assert_eq!(slice.len(), $len);\n    |                 ^^^^^^^^^\n...\n159 |         as_array!(value, 32).convert()\n    |         -------------------- in this macro invocation\n    |\n    = note: this error originates in the macro `as_array` (in Nightly builds, run with -Z macro-backtrace for more info)\nhelp: consider importing this macro\n    |\n1   + use core::assert_eq;\n    |\n\nerror: cannot find macro `assert_eq` in this scope\n   --> /Users/graysonnocera/.cargo/registry/src/index.crates.io-6f17d22bba15001f/ahash-0.7.8/src/convert.rs:72:17\n    |\n72  |                 assert_eq!(slice.len(), $len);\n    |                 ^^^^^^^^^\n...\n165 |         as_array!(value, 64).convert()\n    |         -------------------- in this macro invocation\n    |\n    = note: this error originates in the macro `as_array` (in Nightly builds, run with -Z macro-backtrace for more info)\nhelp: consider importing this macro\n    |\n1   + use core::assert_eq;\n    |\n\nerror: cannot find attribute `derive` in this scope\n  --> /Users/graysonnocera/.cargo/registry/src/index.crates.io-6f17d22bba15001f/ahash-0.7.8/src/fallback_hash.rs:23:3\n   |\n23 | #[derive(Debug, Clone)]\n   |   ^^^^^^\n   |\nhelp: consider importing this attribute macro\n   |\n1  + use core::prelude::rust_2024::derive;\n   |\n\nerror: cannot find attribute `derive` in this scope\n  --> /Users/graysonnocera/.cargo/registry/src/index.crates.io-6f17d22bba15001f/ahash-0.7.8/src/hash_map.rs:19:3\n   |\n19 | #[derive(Clone)]\n   |   ^^^^^^\n   |\nhelp: consider importing this attribute macro\n   |\n1  + use core::prelude::rust_2024::derive;\n   |\n\nerror: cannot find attribute `derive` in this scope\n  --> /Users/graysonnocera/.cargo/registry/src/index.crates.io-6f17d22bba15001f/ahash-0.7.8/src/hash_set.rs:16:3\n   |\n16 | #[derive(Clone)]\n   |   ^^^^^^\n   |\nhelp: consider importing this attribute macro\n   |\n1  + use core::prelude::rust_2024::derive;\n   |\n\nerror: cannot find macro `debug_assert` in this scope\n  --> /Users/graysonnocera/.cargo/registry/src/index.crates.io-6f17d22bba15001f/ahash-0.7.8/src/operations.rs:21:5\n   |\n21 |     debug_assert!(data.len() <= 8);\n   |     ^^^^^^^^^^^^\n   |\nhelp: consider importing this macro\n   |\n1  + use core::debug_assert;\n   |\n\nerror: cannot find attribute `derive` in this scope\n   --> /Users/graysonnocera/.cargo/registry/src/index.crates.io-6f17d22bba15001f/ahash-0.7.8/src/random_state.rs:157:3\n    |\n157 | #[derive(Clone)]\n    |   ^^^^^^\n    |\nhelp: consider importing this attribute macro\n    |\n12  + use core::prelude::rust_2024::derive;\n    |\n\nerror[E0405]: cannot find trait `From` in this scope\n  --> /Users/graysonnocera/.cargo/registry/src/index.crates.io-6f17d22bba15001f/ahash-0.7.8/src/hash_map.rs:22:12\n   |\n22 | impl<K, V> From<HashMap<K, V, crate::RandomState>> for AHashMap<K, V> {\n   |            ^^^^ not found in this scope\n   |\nhelp: consider importing this trait\n   |\n1  + use core::convert::From;\n   |\n\nerror[E0405]: cannot find trait `Into` in this scope\n  --> /Users/graysonnocera/.cargo/registry/src/index.crates.io-6f17d22bba15001f/ahash-0.7.8/src/hash_map.rs:28:12\n   |\n28 | impl<K, V> Into<HashMap<K, V, crate::RandomState>> for AHashMap<K, V> {\n   |            ^^^^ not found in this scope\n   |\nhelp: consider importing this trait\n   |\n1  + use core::convert::Into;\n   |\n\nerror[E0405]: cannot find trait `Eq` in this scope\n  --> /Users/graysonnocera/.cargo/registry/src/index.crates.io-6f17d22bba15001f/ahash-0.7.8/src/hash_map.rs:59:15\n   |\n59 |     K: Hash + Eq,\n   |               ^^ not found in this scope\n   |\nhelp: consider importing this trait\n   |\n1  + use core::cmp::Eq;\n   |\n\nerror[E0405]: cannot find trait `Sized` in this scope\n  --> /Users/graysonnocera/.cargo/registry/src/index.crates.io-6f17d22bba15001f/ahash-0.7.8/src/hash_map.rs:79:20\n   |\n79 |     pub fn get<Q: ?Sized>(&self, k: &Q) -> Option<&V>\n   |                    ^^^^^ not found in this scope\n   |\nhelp: consider importing this trait\n   |\n1  + use core::marker::Sized;\n   |\n\nerror[E0405]: cannot find trait `Eq` in this scope\n  --> /Users/graysonnocera/.cargo/registry/src/index.crates.io-6f17d22bba15001f/ahash-0.7.8/src/hash_map.rs:82:19\n   |\n82 |         Q: Hash + Eq,\n   |                   ^^ not found in this scope\n   |\nhelp: consider importing this trait\n   |\n1  + use core::cmp::Eq;\n   |\n\nerror[E0412]: cannot find type `Option` in this scope\n  --> /Users/graysonnocera/.cargo/registry/src/index.crates.io-6f17d22bba15001f/ahash-0.7.8/src/hash_map.rs:79:44\n   |\n79 |     pub fn get<Q: ?Sized>(&self, k: &Q) -> Option<&V>\n   |                                            ^^^^^^ not found in this scope\n   |\nhelp: consider importing this enum\n   |\n1  + use core::option::Option;\n   |\n\nerror[E0405]: cannot find trait `Sized` in this scope\n   --> /Users/graysonnocera/.cargo/registry/src/index.crates.io-6f17d22bba15001f/ahash-0.7.8/src/hash_map.rs:104:30\n    |\n104 |     pub fn get_key_value<Q: ?Sized>(&self, k: &Q) -> Option<(&K, &V)>\n    |                              ^^^^^ not found in this scope\n    |\nhelp: consider importing this trait\n    |\n1   + use core::marker::Sized;\n    |\n\nerror[E0405]: cannot find trait `Eq` in this scope\n   --> /Users/graysonnocera/.cargo/registry/src/index.crates.io-6f17d22bba15001f/ahash-0.7.8/src/hash_map.rs:107:19\n    |\n107 |         Q: Hash + Eq,\n    |                   ^^ not found in this scope\n    |\nhelp: consider importing this trait\n    |\n1   + use core::cmp::Eq;\n    |\n\nerror[E0412]: cannot find type `Option` in this scope\n   --> /Users/graysonnocera/.cargo/registry/src/index.crates.io-6f17d22bba15001f/ahash-0.7.8/src/hash_map.rs:104:54\n    |\n104 |     pub fn get_key_value<Q: ?Sized>(&self, k: &Q) -> Option<(&K, &V)>\n    |                                                      ^^^^^^ not found in this scope\n    |\nhelp: consider importing this enum\n    |\n1   + use core::option::Option;\n    |\n\nerror[E0405]: cannot find trait `Sized` in this scope\n   --> /Users/graysonnocera/.cargo/registry/src/index.crates.io-6f17d22bba15001f/ahash-0.7.8/src/hash_map.rs:131:24\n    |\n131 |     pub fn get_mut<Q: ?Sized>(&mut self, k: &Q) -> Option<&mut V>\n    |                        ^^^^^ not found in this scope\n    |\nhelp: consider importing this trait\n    |\n1   + use core::marker::Sized;\n    |\n\nerror[E0405]: cannot find trait `Eq` in this scope\n   --> /Users/graysonnocera/.cargo/registry/src/index.crates.io-6f17d22bba15001f/ahash-0.7.8/src/hash_map.rs:134:19\n    |\n134 |         Q: Hash + Eq,\n    |                   ^^ not found in this scope\n    |\nhelp: consider importing this trait\n    |\n1   + use core::cmp::Eq;\n    |\n\nerror[E0412]: cannot find type `Option` in this scope\n   --> /Users/graysonnocera/.cargo/registry/src/index.crates.io-6f17d22bba15001f/ahash-0.7.8/src/hash_map.rs:131:52\n    |\n131 |     pub fn get_mut<Q: ?Sized>(&mut self, k: &Q) -> Option<&mut V>\n    |                                                    ^^^^^^ not found in this scope\n    |\nhelp: consider importing this enum\n    |\n1   + use core::option::Option;\n    |\n\nerror[E0412]: cannot find type `Option` in this scope\n   --> /Users/graysonnocera/.cargo/registry/src/index.crates.io-6f17d22bba15001f/ahash-0.7.8/src/hash_map.rs:164:45\n    |\n164 |     pub fn insert(&mut self, k: K, v: V) -> Option<V> {\n    |                                             ^^^^^^ not found in this scope\n    |\nhelp: consider importing this enum\n    |\n1   + use core::option::Option;\n    |\n\nerror[E0405]: cannot find trait `Sized` in this scope\n   --> /Users/graysonnocera/.cargo/registry/src/index.crates.io-6f17d22bba15001f/ahash-0.7.8/src/hash_map.rs:186:23\n    |\n186 |     pub fn remove<Q: ?Sized>(&mut self, k: &Q) -> Option<V>\n    |                       ^^^^^ not found in this scope\n    |\nhelp: consider importing this trait\n    |\n1   + use core::marker::Sized;\n    |\n\nerror[E0405]: cannot find trait `Eq` in this scope\n   --> /Users/graysonnocera/.cargo/registry/src/index.crates.io-6f17d22bba15001f/ahash-0.7.8/src/hash_map.rs:189:19\n    |\n189 |         Q: Hash + Eq,\n    |                   ^^ not found in this scope\n    |\nhelp: consider importing this trait\n    |\n1   + use core::cmp::Eq;\n    |\n\nerror[E0412]: cannot find type `Option` in this scope\n   --> /Users/graysonnocera/.cargo/registry/src/index.crates.io-6f17d22bba15001f/ahash-0.7.8/src/hash_map.rs:186:51\n    |\n186 |     pub fn remove<Q: ?Sized>(&mut self, k: &Q) -> Option<V>\n    |                                                   ^^^^^^ not found in this scope\n    |\nhelp: consider importing this enum\n    |\n1   + use core::option::Option;\n    |\n\nerror[E0405]: cannot find trait `PartialEq` in this scope\n   --> /Users/graysonnocera/.cargo/registry/src/index.crates.io-6f17d22bba15001f/ahash-0.7.8/src/hash_map.rs:215:15\n    |\n215 | impl<K, V, S> PartialEq for AHashMap<K, V, S>\n    |               ^^^^^^^^^ not found in this scope\n    |\nhelp: consider importing this trait\n    |\n1   + use core::cmp::PartialEq;\n    |\n\nerror[E0405]: cannot find trait `Eq` in this scope\n   --> /Users/graysonnocera/.cargo/registry/src/index.crates.io-6f17d22bba15001f/ahash-0.7.8/src/hash_map.rs:217:8\n    |\n217 |     K: Eq + Hash,\n    |        ^^ not found in this scope\n    |\nhelp: consider importing this trait\n    |\n1   + use core::cmp::Eq;\n    |\n\nerror[E0405]: cannot find trait `PartialEq` in this scope\n   --> /Users/graysonnocera/.cargo/registry/src/index.crates.io-6f17d22bba15001f/ahash-0.7.8/src/hash_map.rs:218:8\n    |\n218 |     V: PartialEq,\n    |        ^^^^^^^^^ not found in this scope\n    |\nhelp: consider importing this trait\n    |\n1   + use core::cmp::PartialEq;\n    |\n\nerror[E0405]: cannot find trait `Eq` in this scope\n   --> /Users/graysonnocera/.cargo/registry/src/index.crates.io-6f17d22bba15001f/ahash-0.7.8/src/hash_map.rs:226:15\n    |\n226 | impl<K, V, S> Eq for AHashMap<K, V, S>\n    |               ^^ not found in this scope\n    |\nhelp: consider importing this trait\n    |\n1   + use core::cmp::Eq;\n    |\n\nerror[E0405]: cannot find trait `Eq` in this scope\n   --> /Users/graysonnocera/.cargo/registry/src/index.crates.io-6f17d22bba15001f/ahash-0.7.8/src/hash_map.rs:228:8\n    |\n228 |     K: Eq + Hash,\n    |        ^^ not found in this scope\n    |\nhelp: consider importing this trait\n    |\n1   + use core::cmp::Eq;\n    |\n\nerror[E0405]: cannot find trait `Eq` in this scope\n   --> /Users/graysonnocera/.cargo/registry/src/index.crates.io-6f17d22bba15001f/ahash-0.7.8/src/hash_map.rs:229:8\n    |\n229 |     V: Eq,\n    |        ^^ not found in this scope\n    |\nhelp: consider importing this trait\n    |\n1   + use core::cmp::Eq;\n    |\n\nerror[E0405]: cannot find trait `Sized` in this scope\n   --> /Users/graysonnocera/.cargo/registry/src/index.crates.io-6f17d22bba15001f/ahash-0.7.8/src/hash_map.rs:234:13\n    |\n234 | impl<K, Q: ?Sized, V, S> Index<&Q> for AHashMap<K, V, S>\n    |             ^^^^^ not found in this scope\n    |\nhelp: consider importing this trait\n    |\n1   + use core::marker::Sized;\n    |\n\nerror[E0405]: cannot find trait `Eq` in this scope\n   --> /Users/graysonnocera/.cargo/registry/src/index.crates.io-6f17d22bba15001f/ahash-0.7.8/src/hash_map.rs:236:8\n    |\n236 |     K: Eq + Hash + Borrow<Q>,\n    |        ^^ not found in this scope\n    |\nhelp: consider importing this trait\n    |\n1   + use core::cmp::Eq;\n    |\n\nerror[E0405]: cannot find trait `Eq` in this scope\n   --> /Users/graysonnocera/.cargo/registry/src/index.crates.io-6f17d22bba15001f/ahash-0.7.8/src/hash_map.rs:237:8\n    |\n237 |     Q: Eq + Hash,\n    |        ^^ not found in this scope\n    |\nhelp: consider importing this trait\n    |\n1   + use core::cmp::Eq;\n    |\n\nerror[E0405]: cannot find trait `Eq` in this scope\n   --> /Users/graysonnocera/.cargo/registry/src/index.crates.io-6f17d22bba15001f/ahash-0.7.8/src/hash_map.rs:266:8\n    |\n266 |     K: Eq + Hash,\n    |        ^^ not found in this scope\n    |\nhelp: consider importing this trait\n    |\n1   + use core::cmp::Eq;\n    |\n\nerror[E0405]: cannot find trait `Default` in this scope\n   --> /Users/graysonnocera/.cargo/registry/src/index.crates.io-6f17d22bba15001f/ahash-0.7.8/src/hash_map.rs:267:22\n    |\n267 |     S: BuildHasher + Default,\n    |                      ^^^^^^^ not found in this scope\n    |\nhelp: consider importing this trait\n    |\n1   + use core::default::Default;\n    |\n\nerror[E0405]: cannot find trait `IntoIterator` in this scope\n   --> /Users/graysonnocera/.cargo/registry/src/index.crates.io-6f17d22bba15001f/ahash-0.7.8/src/hash_map.rs:269:21\n    |\n269 |     fn from_iter<T: IntoIterator<Item = (K, V)>>(iter: T) -> Self {\n    |                     ^^^^^^^^^^^^ not found in this scope\n    |\nhelp: consider importing this trait\n    |\n1   + use core::iter::IntoIterator;\n    |\n\nerror[E0405]: cannot find trait `IntoIterator` in this scope\n   --> /Users/graysonnocera/.cargo/registry/src/index.crates.io-6f17d22bba15001f/ahash-0.7.8/src/hash_map.rs:274:19\n    |\n274 | impl<'a, K, V, S> IntoIterator for &'a AHashMap<K, V, S> {\n    |                   ^^^^^^^^^^^^ not found in this scope\n    |\nhelp: consider importing this trait\n    |\n1   + use core::iter::IntoIterator;\n    |\n\nerror[E0405]: cannot find trait `IntoIterator` in this scope\n   --> /Users/graysonnocera/.cargo/registry/src/index.crates.io-6f17d22bba15001f/ahash-0.7.8/src/hash_map.rs:282:19\n    |\n282 | impl<'a, K, V, S> IntoIterator for &'a mut AHashMap<K, V, S> {\n    |                   ^^^^^^^^^^^^ not found in this scope\n    |\nhelp: consider importing this trait\n    |\n1   + use core::iter::IntoIterator;\n    |\n\nerror[E0405]: cannot find trait `IntoIterator` in this scope\n   --> /Users/graysonnocera/.cargo/registry/src/index.crates.io-6f17d22bba15001f/ahash-0.7.8/src/hash_map.rs:290:15\n    |\n290 | impl<K, V, S> IntoIterator for AHashMap<K, V, S> {\n    |               ^^^^^^^^^^^^ not found in this scope\n    |\nhelp: consider importing this trait\n    |\n1   + use core::iter::IntoIterator;\n    |\n\nerror[E0405]: cannot find trait `Extend` in this scope\n   --> /Users/graysonnocera/.cargo/registry/src/index.crates.io-6f17d22bba15001f/ahash-0.7.8/src/hash_map.rs:298:15\n    |\n298 | impl<K, V, S> Extend<(K, V)> for AHashMap<K, V, S>\n    |               ^^^^^^ not found in this scope\n    |\nhelp: consider importing this trait\n    |\n1   + use core::iter::Extend;\n    |\n\nerror[E0405]: cannot find trait `Eq` in this scope\n   --> /Users/graysonnocera/.cargo/registry/src/index.crates.io-6f17d22bba15001f/ahash-0.7.8/src/hash_map.rs:300:8\n    |\n300 |     K: Eq + Hash,\n    |        ^^ not found in this scope\n    |\nhelp: consider importing this trait\n    |\n1   + use core::cmp::Eq;\n    |\n\nerror[E0405]: cannot find trait `IntoIterator` in this scope\n   --> /Users/graysonnocera/.cargo/registry/src/index.crates.io-6f17d22bba15001f/ahash-0.7.8/src/hash_map.rs:304:18\n    |\n304 |     fn extend<T: IntoIterator<Item = (K, V)>>(&mut self, iter: T) {\n    |                  ^^^^^^^^^^^^ not found in this scope\n    |\nhelp: consider importing this trait\n    |\n1   + use core::iter::IntoIterator;\n    |\n\nerror[E0405]: cannot find trait `Extend` in this scope\n   --> /Users/graysonnocera/.cargo/registry/src/index.crates.io-6f17d22bba15001f/ahash-0.7.8/src/hash_map.rs:309:19\n    |\n309 | impl<'a, K, V, S> Extend<(&'a K, &'a V)> for AHashMap<K, V, S>\n    |                   ^^^^^^ not found in this scope\n    |\nhelp: consider importing this trait\n    |\n1   + use core::iter::Extend;\n    |\n\nerror[E0405]: cannot find trait `Eq` in this scope\n   --> /Users/graysonnocera/.cargo/registry/src/index.crates.io-6f17d22bba15001f/ahash-0.7.8/src/hash_map.rs:311:8\n    |\n311 |     K: Eq + Hash + Copy + 'a,\n    |        ^^ not found in this scope\n    |\nhelp: consider importing this trait\n    |\n1   + use core::cmp::Eq;\n    |\n\nerror[E0405]: cannot find trait `Copy` in this scope\n   --> /Users/graysonnocera/.cargo/registry/src/index.crates.io-6f17d22bba15001f/ahash-0.7.8/src/hash_map.rs:311:20\n    |\n311 |     K: Eq + Hash + Copy + 'a,\n    |                    ^^^^ not found in this scope\n    |\nhelp: consider importing this trait\n    |\n1   + use core::marker::Copy;\n    |\n\nerror[E0405]: cannot find trait `Copy` in this scope\n   --> /Users/graysonnocera/.cargo/registry/src/index.crates.io-6f17d22bba15001f/ahash-0.7.8/src/hash_map.rs:312:8\n    |\n312 |     V: Copy + 'a,\n    |        ^^^^ not found in this scope\n    |\nhelp: consider importing this trait\n    |\n1   + use core::marker::Copy;\n    |\n\nerror[E0405]: cannot find trait `IntoIterator` in this scope\n   --> /Users/graysonnocera/.cargo/registry/src/index.crates.io-6f17d22bba15001f/ahash-0.7.8/src/hash_map.rs:316:18\n    |\n316 |     fn extend<T: IntoIterator<Item = (&'a K, &'a V)>>(&mut self, iter: T) {\n    |                  ^^^^^^^^^^^^ not found in this scope\n    |\nhelp: consider importing this trait\n    |\n1   + use core::iter::IntoIterator;\n    |\n\nerror[E0405]: cannot find trait `Default` in this scope\n   --> /Users/graysonnocera/.cargo/registry/src/index.crates.io-6f17d22bba15001f/ahash-0.7.8/src/hash_map.rs:321:12\n    |\n321 | impl<K, V> Default for AHashMap<K, V, RandomState> {\n    |            ^^^^^^^ not found in this scope\n    |\nhelp: consider importing this trait\n    |\n1   + use core::default::Default;\n    |\n\nerror[E0405]: cannot find trait `From` in this scope\n  --> /Users/graysonnocera/.cargo/registry/src/index.crates.io-6f17d22bba15001f/ahash-0.7.8/src/hash_set.rs:19:9\n   |\n19 | impl<T> From<HashSet<T, crate::RandomState>> for AHashSet<T> {\n   |         ^^^^ not found in this scope\n   |\nhelp: consider importing this trait\n   |\n1  + use core::convert::From;\n   |\n\nerror[E0405]: cannot find trait `Into` in this scope\n  --> /Users/graysonnocera/.cargo/registry/src/index.crates.io-6f17d22bba15001f/ahash-0.7.8/src/hash_set.rs:25:9\n   |\n25 | impl<T> Into<HashSet<T, crate::RandomState>> for AHashSet<T> {\n   |         ^^^^ not found in this scope\n   |\nhelp: consider importing this trait\n   |\n1  + use core::convert::Into;\n   |\n\nerror[E0405]: cannot find trait `PartialEq` in this scope\n  --> /Users/graysonnocera/.cargo/registry/src/index.crates.io-6f17d22bba15001f/ahash-0.7.8/src/hash_set.rs:67:12\n   |\n67 | impl<T, S> PartialEq for AHashSet<T, S>\n   |            ^^^^^^^^^ not found in this scope\n   |\nhelp: consider importing this trait\n   |\n1  + use core::cmp::PartialEq;\n   |\n\nerror[E0405]: cannot find trait `Eq` in this scope\n  --> /Users/graysonnocera/.cargo/registry/src/index.crates.io-6f17d22bba15001f/ahash-0.7.8/src/hash_set.rs:69:8\n   |\n69 |     T: Eq + Hash,\n   |        ^^ not found in this scope\n   |\nhelp: consider importing this trait\n   |\n1  + use core::cmp::Eq;\n   |\n\nerror[E0405]: cannot find trait `Eq` in this scope\n  --> /Users/graysonnocera/.cargo/registry/src/index.crates.io-6f17d22bba15001f/ahash-0.7.8/src/hash_set.rs:77:12\n   |\n77 | impl<T, S> Eq for AHashSet<T, S>\n   |            ^^ not found in this scope\n   |\nhelp: consider importing this trait\n   |\n1  + use core::cmp::Eq;\n   |\n\nerror[E0405]: cannot find trait `Eq` in this scope\n  --> /Users/graysonnocera/.cargo/registry/src/index.crates.io-6f17d22bba15001f/ahash-0.7.8/src/hash_set.rs:79:8\n   |\n79 |     T: Eq + Hash,\n   |        ^^ not found in this scope\n   |\nhelp: consider importing this trait\n   |\n1  + use core::cmp::Eq;\n   |\n\nerror[E0405]: cannot find trait `Eq` in this scope\n  --> /Users/graysonnocera/.cargo/registry/src/index.crates.io-6f17d22bba15001f/ahash-0.7.8/src/hash_set.rs:86:8\n   |\n86 |     T: Eq + Hash + Clone,\n   |        ^^ not found in this scope\n   |\nhelp: consider importing this trait\n   |\n1  + use core::cmp::Eq;\n   |\n\nerror[E0405]: cannot find trait `Clone` in this scope\n  --> /Users/graysonnocera/.cargo/registry/src/index.crates.io-6f17d22bba15001f/ahash-0.7.8/src/hash_set.rs:86:20\n   |\n86 |     T: Eq + Hash + Clone,\n   |                    ^^^^^ not found in this scope\n   |\nhelp: consider importing this trait\n   |\n1  + use core::clone::Clone;\n   |\n\nerror[E0405]: cannot find trait `Default` in this scope\n  --> /Users/graysonnocera/.cargo/registry/src/index.crates.io-6f17d22bba15001f/ahash-0.7.8/src/hash_set.rs:87:22\n   |\n87 |     S: BuildHasher + Default,\n   |                      ^^^^^^^ not found in this scope\n   |\nhelp: consider importing this trait\n   |\n1  + use core::default::Default;\n   |\n\nerror[E0405]: cannot find trait `Eq` in this scope\n   --> /Users/graysonnocera/.cargo/registry/src/index.crates.io-6f17d22bba15001f/ahash-0.7.8/src/hash_set.rs:118:8\n    |\n118 |     T: Eq + Hash + Clone,\n    |        ^^ not found in this scope\n    |\nhelp: consider importing this trait\n    |\n1   + use core::cmp::Eq;\n    |\n\nerror[E0405]: cannot find trait `Clone` in this scope\n   --> /Users/graysonnocera/.cargo/registry/src/index.crates.io-6f17d22bba15001f/ahash-0.7.8/src/hash_set.rs:118:20\n    |\n118 |     T: Eq + Hash + Clone,\n    |                    ^^^^^ not found in this scope\n    |\nhelp: consider importing this trait\n    |\n1   + use core::clone::Clone;\n    |\n\nerror[E0405]: cannot find trait `Default` in this scope\n   --> /Users/graysonnocera/.cargo/registry/src/index.crates.io-6f17d22bba15001f/ahash-0.7.8/src/hash_set.rs:119:22\n    |\n119 |     S: BuildHasher + Default,\n    |                      ^^^^^^^ not found in this scope\n    |\nhelp: consider importing this trait\n    |\n1   + use core::default::Default;\n    |\n\nerror[E0405]: cannot find trait `Eq` in this scope\n   --> /Users/graysonnocera/.cargo/registry/src/index.crates.io-6f17d22bba15001f/ahash-0.7.8/src/hash_set.rs:150:8\n    |\n150 |     T: Eq + Hash + Clone,\n    |        ^^ not found in this scope\n    |\nhelp: consider importing this trait\n    |\n1   + use core::cmp::Eq;\n    |\n\nerror[E0405]: cannot find trait `Clone` in this scope\n   --> /Users/graysonnocera/.cargo/registry/src/index.crates.io-6f17d22bba15001f/ahash-0.7.8/src/hash_set.rs:150:20\n    |\n150 |     T: Eq + Hash + Clone,\n    |                    ^^^^^ not found in this scope\n    |\nhelp: consider importing this trait\n    |\n1   + use core::clone::Clone;\n    |\n\nerror[E0405]: cannot find trait `Default` in this scope\n   --> /Users/graysonnocera/.cargo/registry/src/index.crates.io-6f17d22bba15001f/ahash-0.7.8/src/hash_set.rs:151:22\n    |\n151 |     S: BuildHasher + Default,\n    |                      ^^^^^^^ not found in this scope\n    |\nhelp: consider importing this trait\n    |\n1   + use core::default::Default;\n    |\n\nerror[E0405]: cannot find trait `Eq` in this scope\n   --> /Users/graysonnocera/.cargo/registry/src/index.crates.io-6f17d22bba15001f/ahash-0.7.8/src/hash_set.rs:182:8\n    |\n182 |     T: Eq + Hash + Clone,\n    |        ^^ not found in this scope\n    |\nhelp: consider importing this trait\n    |\n1   + use core::cmp::Eq;\n    |\n\nerror[E0405]: cannot find trait `Clone` in this scope\n   --> /Users/graysonnocera/.cargo/registry/src/index.crates.io-6f17d22bba15001f/ahash-0.7.8/src/hash_set.rs:182:20\n    |\n182 |     T: Eq + Hash + Clone,\n    |                    ^^^^^ not found in this scope\n    |\nhelp: consider importing this trait\n    |\n1   + use core::clone::Clone;\n    |\n\nerror[E0405]: cannot find trait `Default` in this scope\n   --> /Users/graysonnocera/.cargo/registry/src/index.crates.io-6f17d22bba15001f/ahash-0.7.8/src/hash_set.rs:183:22\n    |\n183 |     S: BuildHasher + Default,\n    |                      ^^^^^^^ not found in this scope\n    |\nhelp: consider importing this trait\n    |\n1   + use core::default::Default;\n    |\n\nerror[E0405]: cannot find trait `Eq` in this scope\n   --> /Users/graysonnocera/.cargo/registry/src/index.crates.io-6f17d22bba15001f/ahash-0.7.8/src/hash_set.rs:224:8\n    |\n224 |     T: Eq + Hash,\n    |        ^^ not found in this scope\n    |\nhelp: consider importing this trait\n    |\n1   + use core::cmp::Eq;\n    |\n\nerror[E0405]: cannot find trait `Default` in this scope\n   --> /Users/graysonnocera/.cargo/registry/src/index.crates.io-6f17d22bba15001f/ahash-0.7.8/src/hash_set.rs:225:22\n    |\n225 |     S: BuildHasher + Default,\n    |                      ^^^^^^^ not found in this scope\n    |\nhelp: consider importing this trait\n    |\n1   + use core::default::Default;\n    |\n\nerror[E0405]: cannot find trait `IntoIterator` in this scope\n   --> /Users/graysonnocera/.cargo/registry/src/index.crates.io-6f17d22bba15001f/ahash-0.7.8/src/hash_set.rs:228:21\n    |\n228 |     fn from_iter<I: IntoIterator<Item = T>>(iter: I) -> AHashSet<T, S> {\n    |                     ^^^^^^^^^^^^ not found in this scope\n    |\nhelp: consider importing this trait\n    |\n1   + use core::iter::IntoIterator;\n    |\n\nerror[E0405]: cannot find trait `IntoIterator` in this scope\n   --> /Users/graysonnocera/.cargo/registry/src/index.crates.io-6f17d22bba15001f/ahash-0.7.8/src/hash_set.rs:233:16\n    |\n233 | impl<'a, T, S> IntoIterator for &'a AHashSet<T, S> {\n    |                ^^^^^^^^^^^^ not found in this scope\n    |\nhelp: consider importing this trait\n    |\n1   + use core::iter::IntoIterator;\n    |\n\nerror[E0405]: cannot find trait `IntoIterator` in this scope\n   --> /Users/graysonnocera/.cargo/registry/src/index.crates.io-6f17d22bba15001f/ahash-0.7.8/src/hash_set.rs:241:12\n    |\n241 | impl<T, S> IntoIterator for AHashSet<T, S> {\n    |            ^^^^^^^^^^^^ not found in this scope\n    |\nhelp: consider importing this trait\n    |\n1   + use core::iter::IntoIterator;\n    |\n\nerror[E0405]: cannot find trait `Extend` in this scope\n   --> /Users/graysonnocera/.cargo/registry/src/index.crates.io-6f17d22bba15001f/ahash-0.7.8/src/hash_set.rs:249:12\n    |\n249 | impl<T, S> Extend<T> for AHashSet<T, S>\n    |            ^^^^^^ not found in this scope\n    |\nhelp: consider importing this trait\n    |\n1   + use core::iter::Extend;\n    |\n\nerror[E0405]: cannot find trait `Eq` in this scope\n   --> /Users/graysonnocera/.cargo/registry/src/index.crates.io-6f17d22bba15001f/ahash-0.7.8/src/hash_set.rs:251:8\n    |\n251 |     T: Eq + Hash,\n    |        ^^ not found in this scope\n    |\nhelp: consider importing this trait\n    |\n1   + use core::cmp::Eq;\n    |\n\nerror[E0405]: cannot find trait `IntoIterator` in this scope\n   --> /Users/graysonnocera/.cargo/registry/src/index.crates.io-6f17d22bba15001f/ahash-0.7.8/src/hash_set.rs:255:18\n    |\n255 |     fn extend<I: IntoIterator<Item = T>>(&mut self, iter: I) {\n    |                  ^^^^^^^^^^^^ not found in this scope\n    |\nhelp: consider importing this trait\n    |\n1   + use core::iter::IntoIterator;\n    |\n\nerror[E0405]: cannot find trait `Extend` in this scope\n   --> /Users/graysonnocera/.cargo/registry/src/index.crates.io-6f17d22bba15001f/ahash-0.7.8/src/hash_set.rs:260:16\n    |\n260 | impl<'a, T, S> Extend<&'a T> for AHashSet<T, S>\n    |                ^^^^^^ not found in this scope\n    |\nhelp: consider importing this trait\n    |\n1   + use core::iter::Extend;\n    |\n\nerror[E0405]: cannot find trait `Eq` in this scope\n   --> /Users/graysonnocera/.cargo/registry/src/index.crates.io-6f17d22bba15001f/ahash-0.7.8/src/hash_set.rs:262:13\n    |\n262 |     T: 'a + Eq + Hash + Copy,\n    |             ^^ not found in this scope\n    |\nhelp: consider importing this trait\n    |\n1   + use core::cmp::Eq;\n    |\n\nerror[E0405]: cannot find trait `Copy` in this scope\n   --> /Users/graysonnocera/.cargo/registry/src/index.crates.io-6f17d22bba15001f/ahash-0.7.8/src/hash_set.rs:262:25\n    |\n262 |     T: 'a + Eq + Hash + Copy,\n    |                         ^^^^ not found in this scope\n    |\nhelp: consider importing this trait\n    |\n1   + use core::marker::Copy;\n    |\n\nerror[E0405]: cannot find trait `IntoIterator` in this scope\n   --> /Users/graysonnocera/.cargo/registry/src/index.crates.io-6f17d22bba15001f/ahash-0.7.8/src/hash_set.rs:266:18\n    |\n266 |     fn extend<I: IntoIterator<Item = &'a T>>(&mut self, iter: I) {\n    |                  ^^^^^^^^^^^^ not found in this scope\n    |\nhelp: consider importing this trait\n    |\n1   + use core::iter::IntoIterator;\n    |\n\nerror[E0405]: cannot find trait `Default` in this scope\n   --> /Users/graysonnocera/.cargo/registry/src/index.crates.io-6f17d22bba15001f/ahash-0.7.8/src/hash_set.rs:271:9\n    |\n271 | impl<T> Default for AHashSet<T, RandomState> {\n    |         ^^^^^^^ not found in this scope\n    |\nhelp: consider importing this trait\n    |\n1   + use core::default::Default;\n    |\n\nerror[E0405]: cannot find trait `Default` in this scope\n   --> /Users/graysonnocera/.cargo/registry/src/index.crates.io-6f17d22bba15001f/ahash-0.7.8/src/random_state.rs:259:6\n    |\n259 | impl Default for RandomState {\n    |      ^^^^^^^ not found in this scope\n    |\nhelp: consider importing this trait\n    |\n12  + use core::default::Default;\n    |\n\nerror[E0405]: cannot find trait `Sized` in this scope\n  --> /Users/graysonnocera/.cargo/registry/src/index.crates.io-6f17d22bba15001f/ahash-0.7.8/src/specialize.rs:42:28\n   |\n42 |     fn get_hash<H: Hash + ?Sized, B: BuildHasher>(value: &H, build_hasher: &B) -> u64;\n   |                            ^^^^^ not found in this scope\n   |\nhelp: consider importing this trait\n   |\n1  + use core::marker::Sized;\n   |\n\nerror[E0405]: cannot find trait `Sized` in this scope\n  --> /Users/graysonnocera/.cargo/registry/src/index.crates.io-6f17d22bba15001f/ahash-0.7.8/src/specialize.rs:48:16\n   |\n48 |     T: Hash + ?Sized,\n   |                ^^^^^ not found in this scope\n   |\nhelp: consider importing this trait\n   |\n1  + use core::marker::Sized;\n   |\n\nerror[E0405]: cannot find trait `Sized` in this scope\n  --> /Users/graysonnocera/.cargo/registry/src/index.crates.io-6f17d22bba15001f/ahash-0.7.8/src/specialize.rs:51:28\n   |\n51 |     fn get_hash<H: Hash + ?Sized, B: BuildHasher>(value: &H, build_hasher: &B) -> u64 {\n   |                            ^^^^^ not found in this scope\n   |\nhelp: consider importing this trait\n   |\n1  + use core::marker::Sized;\n   |\n\nerror[E0405]: cannot find trait `Default` in this scope\n  --> /Users/graysonnocera/.cargo/registry/src/index.crates.io-6f17d22bba15001f/ahash-0.7.8/src/lib.rs:99:6\n   |\n99 | impl Default for AHasher {\n   |      ^^^^^^^ not found in this scope\n   |\nhelp: consider importing this trait\n   |\n61 + use core::default::Default;\n   |\n\nerror[E0405]: cannot find trait `Sized` in this scope\n   --> /Users/graysonnocera/.cargo/registry/src/index.crates.io-6f17d22bba15001f/ahash-0.7.8/src/lib.rs:132:31\n    |\n132 |     fn hash_as_u64<T: Hash + ?Sized>(&self, value: &T) -> u64;\n    |                               ^^^^^ not found in this scope\n    |\nhelp: consider importing this trait\n    |\n61  + use core::marker::Sized;\n    |\n\nerror[E0405]: cannot find trait `Sized` in this scope\n   --> /Users/graysonnocera/.cargo/registry/src/index.crates.io-6f17d22bba15001f/ahash-0.7.8/src/lib.rs:135:40\n    |\n135 |     fn hash_as_fixed_length<T: Hash + ?Sized>(&self, value: &T) -> u64;\n    |                                        ^^^^^ not found in this scope\n    |\nhelp: consider importing this trait\n    |\n61  + use core::marker::Sized;\n    |\n\nerror[E0405]: cannot find trait `Sized` in this scope\n   --> /Users/graysonnocera/.cargo/registry/src/index.crates.io-6f17d22bba15001f/ahash-0.7.8/src/lib.rs:138:31\n    |\n138 |     fn hash_as_str<T: Hash + ?Sized>(&self, value: &T) -> u64;\n    |                               ^^^^^ not found in this scope\n    |\nhelp: consider importing this trait\n    |\n61  + use core::marker::Sized;\n    |\n\nerror[E0405]: cannot find trait `Sized` in this scope\n   --> /Users/graysonnocera/.cargo/registry/src/index.crates.io-6f17d22bba15001f/ahash-0.7.8/src/lib.rs:151:31\n    |\n151 |     fn hash_as_u64<T: Hash + ?Sized>(&self, value: &T) -> u64 {\n    |                               ^^^^^ not found in this scope\n    |\nhelp: consider importing this trait\n    |\n61  + use core::marker::Sized;\n    |\n\nerror[E0405]: cannot find trait `Sized` in this scope\n   --> /Users/graysonnocera/.cargo/registry/src/index.crates.io-6f17d22bba15001f/ahash-0.7.8/src/lib.rs:165:40\n    |\n165 |     fn hash_as_fixed_length<T: Hash + ?Sized>(&self, value: &T) -> u64 {\n    |                                        ^^^^^ not found in this scope\n    |\nhelp: consider importing this trait\n    |\n61  + use core::marker::Sized;\n    |\n\nerror[E0405]: cannot find trait `Sized` in this scope\n   --> /Users/graysonnocera/.cargo/registry/src/index.crates.io-6f17d22bba15001f/ahash-0.7.8/src/lib.rs:179:31\n    |\n179 |     fn hash_as_str<T: Hash + ?Sized>(&self, value: &T) -> u64 {\n    |                               ^^^^^ not found in this scope\n    |\nhelp: consider importing this trait\n    |\n61  + use core::marker::Sized;\n    |\n\nSome errors have detailed explanations: E0405, E0412, E0463.\nFor more information about an error, try `rustc --explain E0405`.\nerror: could not compile `ahash` (lib) due to 114 previous errors\n",
      "stdout": ""
    },
    "features": [
      "ahash",
      "std"
    ],
    "project": "../../../Downloads/695-Project/dataset/nostd-failed-crates/crates/weak-table-0.3.2/src",
    "time_to_build": 209,
    "time_to_solve": 194
  }
]