[
  {
    "built_with_features": null,
    "command": {
      "args": [
        "build",
        "--target",
        "thumbv7m-none-eabi",
        "--no-default-features"
      ],
      "code": 101,
      "stderr": "   Compiling xous-semver v0.1.2\n   Compiling xous v0.9.35\n   Compiling syn v1.0.109\nerror[E0463]: can't find crate for `std`\n  |\n  = note: the `thumbv7m-none-eabi` target may not support the standard library\n  = note: `std` is required by `xous_semver` because it does not declare `#![no_std]`\n\nerror[E0463]: can't find crate for `std`\n --> /Users/graysonnocera/.cargo/registry/src/index.crates.io-6f17d22bba15001f/xous-semver-0.1.2/src/lib.rs:2:5\n  |\n2 | use std::process::Command;\n  |     ^^^ can't find crate\n  |\n  = note: the `thumbv7m-none-eabi` target may not support the standard library\n\nerror[E0463]: can't find crate for `std`\n --> /Users/graysonnocera/.cargo/registry/src/index.crates.io-6f17d22bba15001f/xous-semver-0.1.2/src/lib.rs:4:5\n  |\n4 | use std::convert::{From, Into, TryInto};\n  |     ^^^ can't find crate\n  |\n  = note: the `thumbv7m-none-eabi` target may not support the standard library\n\nerror[E0463]: can't find crate for `std`\n --> /Users/graysonnocera/.cargo/registry/src/index.crates.io-6f17d22bba15001f/xous-semver-0.1.2/src/lib.rs:5:5\n  |\n5 | use std::cmp::Ordering;\n  |     ^^^ can't find crate\n  |\n  = note: the `thumbv7m-none-eabi` target may not support the standard library\n\nerror: cannot find macro `format` in this scope\n  --> /Users/graysonnocera/.cargo/registry/src/index.crates.io-6f17d22bba15001f/xous-semver-0.1.2/src/lib.rs:41:13\n   |\n41 |             format!(\"v{}.{}.{}-{}\", self.maj, self.min, self.rev, self.extra)\n   |             ^^^^^^\n\nerror: cannot find macro `format` in this scope\n  --> /Users/graysonnocera/.cargo/registry/src/index.crates.io-6f17d22bba15001f/xous-semver-0.1.2/src/lib.rs:37:13\n   |\n37 |             format!(\"v{}.{}.{}-{}-g{:x}\",\n   |             ^^^^^^\n\nerror: cannot find macro `cfg` in this scope\n  --> /Users/graysonnocera/.cargo/registry/src/index.crates.io-6f17d22bba15001f/xous-semver-0.1.2/src/lib.rs:18:25\n   |\n18 |         let output = if cfg!(target_os = \"windows\") {\n   |                         ^^^\n   |\n   = note: `cfg` is in scope, but it is an attribute: `#[cfg]`\nhelp: consider importing this macro\n   |\n1  + use core::cfg;\n   |\n\nerror: cannot find attribute `derive` in this scope\n --> /Users/graysonnocera/.cargo/registry/src/index.crates.io-6f17d22bba15001f/xous-semver-0.1.2/src/lib.rs:7:3\n  |\n7 | #[derive(Eq, Debug)]\n  |   ^^^^^^\n  |\nhelp: consider importing this attribute macro\n  |\n1 + use core::prelude::rust_2024::derive;\n  |\n\nerror[E0433]: failed to resolve: use of undeclared crate or module `std`\n   --> /Users/graysonnocera/.cargo/registry/src/index.crates.io-6f17d22bba15001f/xous-0.9.35/src/arch/hosted/process.rs:144:9\n    |\n144 |     use std::process::Command;\n    |         ^^^ use of undeclared crate or module `std`\n\nerror[E0433]: failed to resolve: use of undeclared crate or module `std`\n --> /Users/graysonnocera/.cargo/registry/src/index.crates.io-6f17d22bba15001f/xous-0.9.35/src/arch/hosted/mod.rs:1:5\n  |\n1 | use std::collections::HashMap;\n  |     ^^^ use of undeclared crate or module `std`\n\nerror[E0433]: failed to resolve: use of undeclared crate or module `std`\n --> /Users/graysonnocera/.cargo/registry/src/index.crates.io-6f17d22bba15001f/xous-0.9.35/src/arch/hosted/mod.rs:2:5\n  |\n2 | use std::convert::TryInto;\n  |     ^^^ use of undeclared crate or module `std`\n\nerror[E0433]: failed to resolve: use of undeclared crate or module `std`\n --> /Users/graysonnocera/.cargo/registry/src/index.crates.io-6f17d22bba15001f/xous-0.9.35/src/arch/hosted/mod.rs:3:5\n  |\n3 | use std::io::{Read, Write};\n  |     ^^^ use of undeclared crate or module `std`\n\nerror[E0433]: failed to resolve: use of undeclared crate or module `std`\n --> /Users/graysonnocera/.cargo/registry/src/index.crates.io-6f17d22bba15001f/xous-0.9.35/src/arch/hosted/mod.rs:4:5\n  |\n4 | use std::mem::size_of;\n  |     ^^^ use of undeclared crate or module `std`\n\nerror[E0433]: failed to resolve: use of undeclared crate or module `std`\n --> /Users/graysonnocera/.cargo/registry/src/index.crates.io-6f17d22bba15001f/xous-0.9.35/src/arch/hosted/mod.rs:5:5\n  |\n5 | use std::net::{IpAddr, Ipv4Addr, SocketAddr, TcpStream, ToSocketAddrs};\n  |     ^^^ use of undeclared crate or module `std`\n\nerror[E0433]: failed to resolve: use of undeclared crate or module `std`\n --> /Users/graysonnocera/.cargo/registry/src/index.crates.io-6f17d22bba15001f/xous-0.9.35/src/arch/hosted/mod.rs:6:5\n  |\n6 | use std::sync::{Arc, Condvar, Mutex};\n  |     ^^^ use of undeclared crate or module `std`\n\nerror[E0433]: failed to resolve: use of undeclared crate or module `std`\n --> /Users/graysonnocera/.cargo/registry/src/index.crates.io-6f17d22bba15001f/xous-0.9.35/src/arch/hosted/threading.rs:1:5\n  |\n1 | use std::cell::RefCell;\n  |     ^^^ use of undeclared crate or module `std`\n\nerror[E0433]: failed to resolve: use of undeclared crate or module `std`\n --> /Users/graysonnocera/.cargo/registry/src/index.crates.io-6f17d22bba15001f/xous-0.9.35/src/arch/hosted/threading.rs:2:5\n  |\n2 | use std::sync::atomic::{AtomicUsize, Ordering};\n  |     ^^^ use of undeclared crate or module `std`\n\nerror[E0432]: unresolved import `core::sync::atomic::AtomicU64`\n  --> /Users/graysonnocera/.cargo/registry/src/index.crates.io-6f17d22bba15001f/xous-0.9.35/src/definitions.rs:59:5\n   |\n59 | use core::sync::atomic::AtomicU64;\n   |     ^^^^^^^^^^^^^^^^^^^^---------\n   |     |                   |\n   |     |                   help: a similar name exists in the module: `AtomicU32`\n   |     no `AtomicU64` in `sync::atomic`\n\nerror[E0432]: unresolved import `std`\n --> /Users/graysonnocera/.cargo/registry/src/index.crates.io-6f17d22bba15001f/xous-0.9.35/src/arch/hosted/threading.rs:3:5\n  |\n3 | use std::thread_local;\n  |     ^^^ use of undeclared crate or module `std`\n\nerror[E0432]: unresolved import `super::CHILD_PROCESS_ADDRESS`\n --> /Users/graysonnocera/.cargo/registry/src/index.crates.io-6f17d22bba15001f/xous-0.9.35/src/arch/hosted/process.rs:1:5\n  |\n1 | use super::CHILD_PROCESS_ADDRESS;\n  |     ^^^^^^^^^^^^^^^^^^^^^^^^^^^^ no `CHILD_PROCESS_ADDRESS` in `arch::hosted`\n\nerror[E0433]: failed to resolve: use of undeclared crate or module `lazy_static`\n  --> /Users/graysonnocera/.cargo/registry/src/index.crates.io-6f17d22bba15001f/xous-0.9.35/src/arch/hosted/mod.rs:19:1\n   |\n19 | lazy_static::lazy_static! {\n   | ^^^^^^^^^^^ use of undeclared crate or module `lazy_static`\n\nerror: cannot find macro `format` in this scope\n   --> /Users/graysonnocera/.cargo/registry/src/index.crates.io-6f17d22bba15001f/xous-0.9.35/src/arch/hosted/process.rs:145:22\n    |\n145 |     let server_env = format!(\"{}\", CHILD_PROCESS_ADDRESS.lock().unwrap());\n    |                      ^^^^^^\n\nerror: cannot find macro `format` in this scope\n   --> /Users/graysonnocera/.cargo/registry/src/index.crates.io-6f17d22bba15001f/xous-0.9.35/src/arch/hosted/process.rs:146:19\n    |\n146 |     let pid_env = format!(\"{}\", startup.pid);\n    |                   ^^^^^^\n\nerror: cannot find macro `format` in this scope\n   --> /Users/graysonnocera/.cargo/registry/src/index.crates.io-6f17d22bba15001f/xous-0.9.35/src/arch/hosted/process.rs:148:35\n    |\n148 |     let process_key_env: String = format!(\"{}\", init.key);\n    |                                   ^^^^^^\n\nerror: cannot find macro `vec` in this scope\n  --> /Users/graysonnocera/.cargo/registry/src/index.crates.io-6f17d22bba15001f/xous-0.9.35/src/arch/hosted/process.rs:73:28\n   |\n73 |         let mut exploded = vec![];\n   |                            ^^^\n\nerror: cannot find macro `eprintln` in this scope\n   --> /Users/graysonnocera/.cargo/registry/src/index.crates.io-6f17d22bba15001f/xous-0.9.35/src/arch/hosted/mod.rs:369:9\n    |\n369 |         eprintln!(\"Server shut down: {}\", e);\n    |         ^^^^^^^^\n\nerror: cannot find macro `println` in this scope\n   --> /Users/graysonnocera/.cargo/registry/src/index.crates.io-6f17d22bba15001f/xous-0.9.35/src/arch/hosted/mod.rs:284:25\n    |\n284 |                         println!(\"Previous data: {:x?}\", previous_data);\n    |                         ^^^^^^^\n\nerror: cannot find macro `println` in this scope\n   --> /Users/graysonnocera/.cargo/registry/src/index.crates.io-6f17d22bba15001f/xous-0.9.35/src/arch/hosted/mod.rs:283:25\n    |\n283 |                         println!(\"Data: {:x?}\", data);\n    |                         ^^^^^^^\n\nerror: cannot find macro `eprintln` in this scope\n   --> /Users/graysonnocera/.cargo/registry/src/index.crates.io-6f17d22bba15001f/xous-0.9.35/src/arch/hosted/mod.rs:276:21\n    |\n276 |                     eprintln!(\"Server shut down: {}\", e);\n    |                     ^^^^^^^^\n\nerror: cannot find macro `eprintln` in this scope\n   --> /Users/graysonnocera/.cargo/registry/src/index.crates.io-6f17d22bba15001f/xous-0.9.35/src/arch/hosted/mod.rs:250:25\n    |\n250 |                         eprintln!(\"Server shut down: {}\", e);\n    |                         ^^^^^^^^\n\nerror: cannot find macro `eprintln` in this scope\n   --> /Users/graysonnocera/.cargo/registry/src/index.crates.io-6f17d22bba15001f/xous-0.9.35/src/arch/hosted/mod.rs:201:13\n    |\n201 |             eprintln!(\"Server shut down: {}\", e);\n    |             ^^^^^^^^\n\nerror[E0433]: failed to resolve: use of undeclared crate or module `std`\n  --> /Users/graysonnocera/.cargo/registry/src/index.crates.io-6f17d22bba15001f/xous-0.9.35/src/arch/hosted/threading.rs:12:26\n   |\n12 | pub struct WaitHandle<T>(std::thread::JoinHandle<T>);\n   |                          ^^^ use of undeclared crate or module `std`\n\nerror[E0433]: failed to resolve: use of undeclared crate or module `std`\n   --> /Users/graysonnocera/.cargo/registry/src/index.crates.io-6f17d22bba15001f/xous-0.9.35/src/arch/hosted/threading.rs:181:5\n    |\n181 |     std::thread::Builder::new()\n    |     ^^^ use of undeclared crate or module `std`\n\nerror[E0433]: failed to resolve: use of undeclared crate or module `std`\n   --> /Users/graysonnocera/.cargo/registry/src/index.crates.io-6f17d22bba15001f/xous-0.9.35/src/arch/hosted/process.rs:130:26\n    |\n130 | pub struct ProcessHandle(std::process::Child);\n    |                          ^^^ use of undeclared crate or module `std`\n\nerror[E0433]: failed to resolve: use of undeclared crate or module `std`\n   --> /Users/graysonnocera/.cargo/registry/src/index.crates.io-6f17d22bba15001f/xous-0.9.35/src/arch/hosted/mod.rs:188:9\n    |\n188 |         std::thread::sleep(std::time::Duration::from_millis(5));\n    |         ^^^ use of undeclared crate or module `std`\n\nerror[E0433]: failed to resolve: use of undeclared crate or module `std`\n   --> /Users/graysonnocera/.cargo/registry/src/index.crates.io-6f17d22bba15001f/xous-0.9.35/src/arch/hosted/mod.rs:202:13\n    |\n202 |             std::process::exit(0);\n    |             ^^^ use of undeclared crate or module `std`\n\nerror[E0433]: failed to resolve: use of undeclared crate or module `std`\n   --> /Users/graysonnocera/.cargo/registry/src/index.crates.io-6f17d22bba15001f/xous-0.9.35/src/arch/hosted/mod.rs:251:25\n    |\n251 |                         std::process::exit(0);\n    |                         ^^^ use of undeclared crate or module `std`\n\nerror[E0433]: failed to resolve: use of undeclared crate or module `std`\n   --> /Users/graysonnocera/.cargo/registry/src/index.crates.io-6f17d22bba15001f/xous-0.9.35/src/arch/hosted/mod.rs:277:21\n    |\n277 |                     std::process::exit(0);\n    |                     ^^^ use of undeclared crate or module `std`\n\nerror[E0433]: failed to resolve: use of undeclared crate or module `std`\n   --> /Users/graysonnocera/.cargo/registry/src/index.crates.io-6f17d22bba15001f/xous-0.9.35/src/arch/hosted/mod.rs:370:9\n    |\n370 |         std::process::exit(0);\n    |         ^^^ use of undeclared crate or module `std`\n\nerror[E0425]: cannot find value `THREAD_ID` in this scope\n   --> /Users/graysonnocera/.cargo/registry/src/index.crates.io-6f17d22bba15001f/xous-0.9.35/src/arch/hosted/threading.rs:183:13\n    |\n183 |             THREAD_ID.with(|tid| *tid.borrow_mut() = Some(thread_id));\n    |             ^^^^^^^^^ help: a local variable with a similar name exists: `thread_id`\n\nerror[E0425]: cannot find value `THREAD_ID` in this scope\n   --> /Users/graysonnocera/.cargo/registry/src/index.crates.io-6f17d22bba15001f/xous-0.9.35/src/arch/hosted/threading.rs:206:5\n    |\n206 |     THREAD_ID.with(|tid| {\n    |     ^^^^^^^^^ not found in this scope\n\nerror[E0412]: cannot find type `String` in this scope\n  --> /Users/graysonnocera/.cargo/registry/src/index.crates.io-6f17d22bba15001f/xous-0.9.35/src/arch/hosted/process.rs:43:14\n   |\n43 |     command: String,\n   |              ^^^^^^ not found in this scope\n   |\nhelp: consider importing this struct through its public re-export\n   |\n1  + use crate::String;\n   |\n\nerror[E0412]: cannot find type `String` in this scope\n  --> /Users/graysonnocera/.cargo/registry/src/index.crates.io-6f17d22bba15001f/xous-0.9.35/src/arch/hosted/process.rs:44:11\n   |\n44 |     name: String,\n   |           ^^^^^^ not found in this scope\n   |\nhelp: consider importing this struct through its public re-export\n   |\n1  + use crate::String;\n   |\n\nerror[E0412]: cannot find type `String` in this scope\n  --> /Users/graysonnocera/.cargo/registry/src/index.crates.io-6f17d22bba15001f/xous-0.9.35/src/arch/hosted/process.rs:48:37\n   |\n48 |     pub fn new(name: &str, command: String) -> ProcessArgs {\n   |                                     ^^^^^^ not found in this scope\n   |\nhelp: consider importing this struct through its public re-export\n   |\n1  + use crate::String;\n   |\n\nerror[E0412]: cannot find type `String` in this scope\n   --> /Users/graysonnocera/.cargo/registry/src/index.crates.io-6f17d22bba15001f/xous-0.9.35/src/arch/hosted/process.rs:148:26\n    |\n148 |     let process_key_env: String = format!(\"{}\", init.key);\n    |                          ^^^^^^ not found in this scope\n    |\nhelp: consider importing this struct through its public re-export\n    |\n1   + use crate::String;\n    |\n\nerror[E0425]: cannot find value `CHILD_PROCESS_ADDRESS` in this scope\n   --> /Users/graysonnocera/.cargo/registry/src/index.crates.io-6f17d22bba15001f/xous-0.9.35/src/arch/hosted/mod.rs:110:6\n    |\n110 |     *CHILD_PROCESS_ADDRESS.lock().unwrap() = new_address;\n    |      ^^^^^^^^^^^^^^^^^^^^^ not found in this scope\n\nerror[E0425]: cannot find value `THREAD_ID` in this scope\n   --> /Users/graysonnocera/.cargo/registry/src/index.crates.io-6f17d22bba15001f/xous-0.9.35/src/arch/hosted/mod.rs:114:5\n    |\n114 |     THREAD_ID.with(|tid| *tid.borrow_mut() = Some(new_tid));\n    |     ^^^^^^^^^ help: a function with a similar name exists: `thread_id`\n    |\n   ::: /Users/graysonnocera/.cargo/registry/src/index.crates.io-6f17d22bba15001f/xous-0.9.35/src/arch/hosted/threading.rs:205:1\n    |\n205 | pub(crate) fn thread_id() -> TID {\n    | -------------------------------- similarly named function `thread_id` defined here\n\nerror[E0425]: cannot find value `SERVER_CONNECTION` in this scope\n   --> /Users/graysonnocera/.cargo/registry/src/index.crates.io-6f17d22bba15001f/xous-0.9.35/src/arch/hosted/mod.rs:154:9\n    |\n154 |         SERVER_CONNECTION\n    |         ^^^^^^^^^^^^^^^^^ not found in this scope\n\nerror[E0433]: failed to resolve: use of undeclared crate or module `std`\n   --> /Users/graysonnocera/.cargo/registry/src/index.crates.io-6f17d22bba15001f/xous-0.9.35/src/arch/hosted/mod.rs:188:28\n    |\n188 |         std::thread::sleep(std::time::Duration::from_millis(5));\n    |                            ^^^ use of undeclared crate or module `std`\n    |\nhelp: consider importing this struct\n    |\n1   + use core::time::Duration;\n    |\nhelp: if you import `Duration`, refer to it directly\n    |\n188 -         std::thread::sleep(std::time::Duration::from_millis(5));\n188 +         std::thread::sleep(Duration::from_millis(5));\n    |\n\nerror[E0425]: cannot find value `SERVER_CONNECTION` in this scope\n   --> /Users/graysonnocera/.cargo/registry/src/index.crates.io-6f17d22bba15001f/xous-0.9.35/src/arch/hosted/mod.rs:317:24\n    |\n317 |     let (lock, cv) = &*SERVER_CONNECTION.mailbox;\n    |                        ^^^^^^^^^^^^^^^^^ not found in this scope\n\nerror[E0425]: cannot find value `SERVER_CONNECTION` in this scope\n   --> /Users/graysonnocera/.cargo/registry/src/index.crates.io-6f17d22bba15001f/xous-0.9.35/src/arch/hosted/mod.rs:367:22\n    |\n367 |     let mut stream = SERVER_CONNECTION.send.lock().unwrap();\n    |                      ^^^^^^^^^^^^^^^^^ not found in this scope\n\nerror[E0412]: cannot find type `Option` in this scope\n  --> /Users/graysonnocera/.cargo/registry/src/index.crates.io-6f17d22bba15001f/xous-semver-0.1.2/src/lib.rs:13:17\n   |\n13 |     pub commit: Option<u32>,\n   |                 ^^^^^^ not found in this scope\n   |\nhelp: consider importing this enum\n   |\n1  + use core::option::Option;\n   |\n\nerror[E0412]: cannot find type `Result` in this scope\n  --> /Users/graysonnocera/.cargo/registry/src/index.crates.io-6f17d22bba15001f/xous-semver-0.1.2/src/lib.rs:17:26\n   |\n17 |     pub fn from_git() -> Result<Self, &'static str> {\n   |                          ^^^^^^ not found in this scope\n   |\nhelp: consider importing one of these items\n   |\n1  + use core::fmt::Result;\n   |\n1  + use core::result::Result;\n   |\n\nerror[E0412]: cannot find type `String` in this scope\n  --> /Users/graysonnocera/.cargo/registry/src/index.crates.io-6f17d22bba15001f/xous-semver-0.1.2/src/lib.rs:35:32\n   |\n35 |     pub fn to_string(&self) -> String {\n   |                                ^^^^^^ not found in this scope\n\nerror[E0531]: cannot find tuple struct or tuple variant `Some` in this scope\n  --> /Users/graysonnocera/.cargo/registry/src/index.crates.io-6f17d22bba15001f/xous-semver-0.1.2/src/lib.rs:36:16\n   |\n36 |         if let Some(commit) = self.commit {\n   |                ^^^^ not found in this scope\n   |\nhelp: consider importing this tuple variant\n   |\n1  + use core::option::Option::Some;\n   |\n\nerror[E0412]: cannot find type `Result` in this scope\n  --> /Users/graysonnocera/.cargo/registry/src/index.crates.io-6f17d22bba15001f/xous-semver-0.1.2/src/lib.rs:44:38\n   |\n44 |     pub fn from_str(revstr: &str) -> Result<Self, &'static str> {\n   |                                      ^^^^^^ not found in this scope\n   |\nhelp: consider importing one of these items\n   |\n1  + use core::fmt::Result;\n   |\n1  + use core::result::Result;\n   |\n\nerror[E0412]: cannot find type `Vec` in this scope\n  --> /Users/graysonnocera/.cargo/registry/src/index.crates.io-6f17d22bba15001f/xous-semver-0.1.2/src/lib.rs:45:18\n   |\n45 |         let ver: Vec<&str> = revstr.trim_end().strip_prefix('v')\n   |                  ^^^ not found in this scope\n\nerror[E0425]: cannot find function, tuple struct or tuple variant `Err` in this scope\n  --> /Users/graysonnocera/.cargo/registry/src/index.crates.io-6f17d22bba15001f/xous-semver-0.1.2/src/lib.rs:49:20\n   |\n49 |             return Err(\"semver string has wrong number of fields\");\n   |                    ^^^ not found in this scope\n   |\nhelp: consider importing this tuple variant\n   |\n1  + use core::result::Result::Err;\n   |\n\nerror[E0425]: cannot find function, tuple struct or tuple variant `Ok` in this scope\n  --> /Users/graysonnocera/.cargo/registry/src/index.crates.io-6f17d22bba15001f/xous-semver-0.1.2/src/lib.rs:62:9\n   |\n62 |         Ok(SemVer {\n   |         ^^ not found in this scope\n   |\nhelp: consider importing this tuple variant\n   |\n1  + use core::result::Result::Ok;\n   |\n\nerror[E0531]: cannot find tuple struct or tuple variant `Some` in this scope\n  --> /Users/graysonnocera/.cargo/registry/src/index.crates.io-6f17d22bba15001f/xous-semver-0.1.2/src/lib.rs:67:28\n   |\n67 |             commit: if let Some(c) = ver[ver.len() - 1].strip_prefix('g') {\n   |                            ^^^^ not found in this scope\n   |\nhelp: consider importing this tuple variant\n   |\n1  + use core::option::Option::Some;\n   |\n\nerror[E0425]: cannot find function, tuple struct or tuple variant `Some` in this scope\n  --> /Users/graysonnocera/.cargo/registry/src/index.crates.io-6f17d22bba15001f/xous-semver-0.1.2/src/lib.rs:68:17\n   |\n68 |                 Some(\n   |                 ^^^^ not found in this scope\n   |\nhelp: consider importing this tuple variant\n   |\n1  + use core::option::Option::Some;\n   |\n\nerror[E0425]: cannot find value `None` in this scope\n  --> /Users/graysonnocera/.cargo/registry/src/index.crates.io-6f17d22bba15001f/xous-semver-0.1.2/src/lib.rs:73:17\n   |\n73 |                 None\n   |                 ^^^^ not found in this scope\n   |\nhelp: consider importing this unit variant\n   |\n1  + use core::option::Option::None;\n   |\n\nerror[E0425]: cannot find function, tuple struct or tuple variant `Some` in this scope\n  --> /Users/graysonnocera/.cargo/registry/src/index.crates.io-6f17d22bba15001f/xous-semver-0.1.2/src/lib.rs:87:41\n   |\n87 |             commit: if has_commit != 0 {Some(u32::from_le_bytes(bytes[8..12].try_into().unwrap()))} else {None},\n   |                                         ^^^^ not found in this scope\n   |\nhelp: consider importing this tuple variant\n   |\n1  + use core::option::Option::Some;\n   |\n\nerror[E0425]: cannot find value `None` in this scope\n  --> /Users/graysonnocera/.cargo/registry/src/index.crates.io-6f17d22bba15001f/xous-semver-0.1.2/src/lib.rs:87:107\n   |\n87 |             commit: if has_commit != 0 {Some(u32::from_le_bytes(bytes[8..12].try_into().unwrap()))} else {None},\n   |                                                                                                           ^^^^ not found in this scope\n   |\nhelp: consider importing this unit variant\n   |\n1  + use core::option::Option::None;\n   |\n\nerror[E0425]: cannot find function, tuple struct or tuple variant `Some` in this scope\n   --> /Users/graysonnocera/.cargo/registry/src/index.crates.io-6f17d22bba15001f/xous-semver-0.1.2/src/lib.rs:100:41\n    |\n100 |             commit: if has_commit != 0 {Some(u32::from_le_bytes(bytes[8..12].try_into().unwrap()))} else {None},\n    |                                         ^^^^ not found in this scope\n    |\nhelp: consider importing this tuple variant\n    |\n1   + use core::option::Option::Some;\n    |\n\nerror[E0425]: cannot find value `None` in this scope\n   --> /Users/graysonnocera/.cargo/registry/src/index.crates.io-6f17d22bba15001f/xous-semver-0.1.2/src/lib.rs:100:107\n    |\n100 |             commit: if has_commit != 0 {Some(u32::from_le_bytes(bytes[8..12].try_into().unwrap()))} else {None},\n    |                                                                                                           ^^^^ not found in this scope\n    |\nhelp: consider importing this unit variant\n    |\n1   + use core::option::Option::None;\n    |\n\nerror[E0405]: cannot find trait `Ord` in this scope\n   --> /Users/graysonnocera/.cargo/registry/src/index.crates.io-6f17d22bba15001f/xous-semver-0.1.2/src/lib.rs:128:6\n    |\n128 | impl Ord for SemVer {\n    |      ^^^ not found in this scope\n    |\nhelp: consider importing this trait\n    |\n1   + use core::cmp::Ord;\n    |\n\nerror[E0405]: cannot find trait `PartialOrd` in this scope\n   --> /Users/graysonnocera/.cargo/registry/src/index.crates.io-6f17d22bba15001f/xous-semver-0.1.2/src/lib.rs:145:6\n    |\n145 | impl PartialOrd for SemVer {\n    |      ^^^^^^^^^^ not found in this scope\n    |\nhelp: consider importing this trait\n    |\n1   + use core::cmp::PartialOrd;\n    |\n\nerror[E0412]: cannot find type `Option` in this scope\n   --> /Users/graysonnocera/.cargo/registry/src/index.crates.io-6f17d22bba15001f/xous-semver-0.1.2/src/lib.rs:146:44\n    |\n146 |     fn partial_cmp(&self, other: &Self) -> Option<Ordering> {\n    |                                            ^^^^^^ not found in this scope\n    |\nhelp: consider importing this enum\n    |\n1   + use core::option::Option;\n    |\n\nerror[E0425]: cannot find function, tuple struct or tuple variant `Some` in this scope\n   --> /Users/graysonnocera/.cargo/registry/src/index.crates.io-6f17d22bba15001f/xous-semver-0.1.2/src/lib.rs:147:9\n    |\n147 |         Some(self.cmp(other))\n    |         ^^^^ not found in this scope\n    |\nhelp: consider importing this tuple variant\n    |\n1   + use core::option::Option::Some;\n    |\n\nerror[E0405]: cannot find trait `PartialEq` in this scope\n   --> /Users/graysonnocera/.cargo/registry/src/index.crates.io-6f17d22bba15001f/xous-semver-0.1.2/src/lib.rs:150:6\n    |\n150 | impl PartialEq for SemVer {\n    |      ^^^^^^^^^ not found in this scope\n    |\nhelp: consider importing this trait\n    |\n1   + use core::cmp::PartialEq;\n    |\n\nerror: requires `sized` lang_item\n\nerror[E0433]: failed to resolve: use of undeclared type `String`\n  --> /Users/graysonnocera/.cargo/registry/src/index.crates.io-6f17d22bba15001f/xous-semver-0.1.2/src/lib.rs:31:22\n   |\n31 |         let semver = String::from_utf8_lossy(&gitver);\n   |                      ^^^^^^ use of undeclared type `String`\n\nSome errors have detailed explanations: E0405, E0412, E0425, E0433, E0463, E0531.\nFor more information about an error, try `rustc --explain E0405`.\nerror: could not compile `xous-semver` (lib) due to 30 previous errors\nwarning: build failed, waiting for other jobs to finish...\nerror[E0599]: no method named `to_owned` found for reference `&str` in the current scope\n  --> /Users/graysonnocera/.cargo/registry/src/index.crates.io-6f17d22bba15001f/xous-0.9.35/src/arch/hosted/process.rs:51:24\n   |\n51 |             name: name.to_owned(),\n   |                        ^^^^^^^^ method not found in `&str`\n   |\n   = help: items from traits can only be used if the trait is in scope\nhelp: trait `ToOwned` which provides `to_owned` is implemented but not in scope; perhaps you want to import it\n   |\n1  + use crate::arch::hosted::mem::alloc::borrow::ToOwned;\n   |\n\nerror[E0433]: failed to resolve: use of undeclared type `Vec`\n   --> /Users/graysonnocera/.cargo/registry/src/index.crates.io-6f17d22bba15001f/xous-0.9.35/src/arch/hosted/mod.rs:347:19\n    |\n347 |     let mut pkt = Vec::with_capacity(capacity);\n    |                   ^^^ use of undeclared type `Vec`\n\nSome errors have detailed explanations: E0412, E0425, E0432, E0433, E0599.\nFor more information about an error, try `rustc --explain E0412`.\nerror: could not compile `xous` (lib) due to 45 previous errors\n",
      "stdout": ""
    },
    "features": [],
    "project": "../../../Downloads/695-Project/dataset/nostd-failed-crates/crates/xous-ticktimer-0.1.31/src",
    "time_to_build": 1731,
    "time_to_solve": 49
  }
]