[
  {
    "built_with_features": null,
    "command": {
      "args": [
        "build",
        "--target",
        "thumbv7m-none-eabi",
        "--no-default-features"
      ],
      "code": 101,
      "stderr": "   Compiling xous-semver v0.1.3\n   Compiling syn v2.0.90\n   Compiling syn v1.0.109\nerror[E0463]: can't find crate for `std`\n  |\n  = note: the `thumbv7m-none-eabi` target may not support the standard library\n  = note: `std` is required by `xous_semver` because it does not declare `#![no_std]`\n\nerror[E0463]: can't find crate for `std`\n --> /Users/graysonnocera/.cargo/registry/src/index.crates.io-6f17d22bba15001f/xous-semver-0.1.3/src/lib.rs:2:5\n  |\n2 | use std::process::Command;\n  |     ^^^ can't find crate\n  |\n  = note: the `thumbv7m-none-eabi` target may not support the standard library\n\nerror[E0463]: can't find crate for `std`\n --> /Users/graysonnocera/.cargo/registry/src/index.crates.io-6f17d22bba15001f/xous-semver-0.1.3/src/lib.rs:4:5\n  |\n4 | use std::convert::{From, Into, TryInto};\n  |     ^^^ can't find crate\n  |\n  = note: the `thumbv7m-none-eabi` target may not support the standard library\n\nerror[E0463]: can't find crate for `std`\n --> /Users/graysonnocera/.cargo/registry/src/index.crates.io-6f17d22bba15001f/xous-semver-0.1.3/src/lib.rs:5:5\n  |\n5 | use std::cmp::Ordering;\n  |     ^^^ can't find crate\n  |\n  = note: the `thumbv7m-none-eabi` target may not support the standard library\n\nerror: cannot find macro `format` in this scope\n  --> /Users/graysonnocera/.cargo/registry/src/index.crates.io-6f17d22bba15001f/xous-semver-0.1.3/src/lib.rs:41:13\n   |\n41 |             format!(\"v{}.{}.{}-{}\", self.maj, self.min, self.rev, self.extra)\n   |             ^^^^^^\n\nerror: cannot find macro `format` in this scope\n  --> /Users/graysonnocera/.cargo/registry/src/index.crates.io-6f17d22bba15001f/xous-semver-0.1.3/src/lib.rs:37:13\n   |\n37 |             format!(\"v{}.{}.{}-{}-g{:x}\",\n   |             ^^^^^^\n\nerror: cannot find macro `cfg` in this scope\n  --> /Users/graysonnocera/.cargo/registry/src/index.crates.io-6f17d22bba15001f/xous-semver-0.1.3/src/lib.rs:18:25\n   |\n18 |         let output = if cfg!(target_os = \"windows\") {\n   |                         ^^^\n   |\n   = note: `cfg` is in scope, but it is an attribute: `#[cfg]`\nhelp: consider importing this macro\n   |\n1  + use core::cfg;\n   |\n\nerror: cannot find attribute `derive` in this scope\n --> /Users/graysonnocera/.cargo/registry/src/index.crates.io-6f17d22bba15001f/xous-semver-0.1.3/src/lib.rs:7:3\n  |\n7 | #[derive(Eq, Debug)]\n  |   ^^^^^^\n  |\nhelp: consider importing this attribute macro\n  |\n1 + use core::prelude::rust_2024::derive;\n  |\n\nerror[E0412]: cannot find type `Option` in this scope\n  --> /Users/graysonnocera/.cargo/registry/src/index.crates.io-6f17d22bba15001f/xous-semver-0.1.3/src/lib.rs:13:17\n   |\n13 |     pub commit: Option<u32>,\n   |                 ^^^^^^ not found in this scope\n   |\nhelp: consider importing this enum\n   |\n1  + use core::option::Option;\n   |\n\nerror[E0412]: cannot find type `Result` in this scope\n  --> /Users/graysonnocera/.cargo/registry/src/index.crates.io-6f17d22bba15001f/xous-semver-0.1.3/src/lib.rs:17:26\n   |\n17 |     pub fn from_git() -> Result<Self, &'static str> {\n   |                          ^^^^^^ not found in this scope\n   |\nhelp: consider importing one of these items\n   |\n1  + use core::fmt::Result;\n   |\n1  + use core::result::Result;\n   |\n\nerror[E0412]: cannot find type `String` in this scope\n  --> /Users/graysonnocera/.cargo/registry/src/index.crates.io-6f17d22bba15001f/xous-semver-0.1.3/src/lib.rs:35:32\n   |\n35 |     pub fn to_string(&self) -> String {\n   |                                ^^^^^^ not found in this scope\n\nerror[E0531]: cannot find tuple struct or tuple variant `Some` in this scope\n  --> /Users/graysonnocera/.cargo/registry/src/index.crates.io-6f17d22bba15001f/xous-semver-0.1.3/src/lib.rs:36:16\n   |\n36 |         if let Some(commit) = self.commit {\n   |                ^^^^ not found in this scope\n   |\nhelp: consider importing this tuple variant\n   |\n1  + use core::option::Option::Some;\n   |\n\nerror[E0412]: cannot find type `Result` in this scope\n  --> /Users/graysonnocera/.cargo/registry/src/index.crates.io-6f17d22bba15001f/xous-semver-0.1.3/src/lib.rs:44:38\n   |\n44 |     pub fn from_str(revstr: &str) -> Result<Self, &'static str> {\n   |                                      ^^^^^^ not found in this scope\n   |\nhelp: consider importing one of these items\n   |\n1  + use core::fmt::Result;\n   |\n1  + use core::result::Result;\n   |\n\nerror[E0412]: cannot find type `Vec` in this scope\n  --> /Users/graysonnocera/.cargo/registry/src/index.crates.io-6f17d22bba15001f/xous-semver-0.1.3/src/lib.rs:45:18\n   |\n45 |         let ver: Vec<&str> = revstr.trim_end().strip_prefix('v')\n   |                  ^^^ not found in this scope\n\nerror[E0425]: cannot find function, tuple struct or tuple variant `Err` in this scope\n  --> /Users/graysonnocera/.cargo/registry/src/index.crates.io-6f17d22bba15001f/xous-semver-0.1.3/src/lib.rs:49:20\n   |\n49 |             return Err(\"semver string has wrong number of fields\");\n   |                    ^^^ not found in this scope\n   |\nhelp: consider importing this tuple variant\n   |\n1  + use core::result::Result::Err;\n   |\n\nerror[E0425]: cannot find function, tuple struct or tuple variant `Ok` in this scope\n  --> /Users/graysonnocera/.cargo/registry/src/index.crates.io-6f17d22bba15001f/xous-semver-0.1.3/src/lib.rs:62:9\n   |\n62 |         Ok(SemVer {\n   |         ^^ not found in this scope\n   |\nhelp: consider importing this tuple variant\n   |\n1  + use core::result::Result::Ok;\n   |\n\nerror[E0531]: cannot find tuple struct or tuple variant `Some` in this scope\n  --> /Users/graysonnocera/.cargo/registry/src/index.crates.io-6f17d22bba15001f/xous-semver-0.1.3/src/lib.rs:67:28\n   |\n67 |             commit: if let Some(c) = ver[ver.len() - 1].strip_prefix('g') {\n   |                            ^^^^ not found in this scope\n   |\nhelp: consider importing this tuple variant\n   |\n1  + use core::option::Option::Some;\n   |\n\nerror[E0425]: cannot find function, tuple struct or tuple variant `Some` in this scope\n  --> /Users/graysonnocera/.cargo/registry/src/index.crates.io-6f17d22bba15001f/xous-semver-0.1.3/src/lib.rs:69:17\n   |\n69 |                 Some(u32::from_str_radix(trunc, 16).map_err(|_| \"error parsing commit\")?)\n   |                 ^^^^ not found in this scope\n   |\nhelp: consider importing this tuple variant\n   |\n1  + use core::option::Option::Some;\n   |\n\nerror[E0425]: cannot find value `None` in this scope\n  --> /Users/graysonnocera/.cargo/registry/src/index.crates.io-6f17d22bba15001f/xous-semver-0.1.3/src/lib.rs:71:17\n   |\n71 |                 None\n   |                 ^^^^ not found in this scope\n   |\nhelp: consider importing this unit variant\n   |\n1  + use core::option::Option::None;\n   |\n\nerror[E0425]: cannot find function, tuple struct or tuple variant `Some` in this scope\n  --> /Users/graysonnocera/.cargo/registry/src/index.crates.io-6f17d22bba15001f/xous-semver-0.1.3/src/lib.rs:85:41\n   |\n85 |             commit: if has_commit != 0 {Some(u32::from_le_bytes(bytes[8..12].try_into().unwrap()))} else {None},\n   |                                         ^^^^ not found in this scope\n   |\nhelp: consider importing this tuple variant\n   |\n1  + use core::option::Option::Some;\n   |\n\nerror[E0425]: cannot find value `None` in this scope\n  --> /Users/graysonnocera/.cargo/registry/src/index.crates.io-6f17d22bba15001f/xous-semver-0.1.3/src/lib.rs:85:107\n   |\n85 |             commit: if has_commit != 0 {Some(u32::from_le_bytes(bytes[8..12].try_into().unwrap()))} else {None},\n   |                                                                                                           ^^^^ not found in this scope\n   |\nhelp: consider importing this unit variant\n   |\n1  + use core::option::Option::None;\n   |\n\nerror[E0425]: cannot find function, tuple struct or tuple variant `Some` in this scope\n  --> /Users/graysonnocera/.cargo/registry/src/index.crates.io-6f17d22bba15001f/xous-semver-0.1.3/src/lib.rs:98:41\n   |\n98 |             commit: if has_commit != 0 {Some(u32::from_le_bytes(bytes[8..12].try_into().unwrap()))} else {None},\n   |                                         ^^^^ not found in this scope\n   |\nhelp: consider importing this tuple variant\n   |\n1  + use core::option::Option::Some;\n   |\n\nerror[E0425]: cannot find value `None` in this scope\n  --> /Users/graysonnocera/.cargo/registry/src/index.crates.io-6f17d22bba15001f/xous-semver-0.1.3/src/lib.rs:98:107\n   |\n98 |             commit: if has_commit != 0 {Some(u32::from_le_bytes(bytes[8..12].try_into().unwrap()))} else {None},\n   |                                                                                                           ^^^^ not found in this scope\n   |\nhelp: consider importing this unit variant\n   |\n1  + use core::option::Option::None;\n   |\n\nerror[E0405]: cannot find trait `Ord` in this scope\n   --> /Users/graysonnocera/.cargo/registry/src/index.crates.io-6f17d22bba15001f/xous-semver-0.1.3/src/lib.rs:126:6\n    |\n126 | impl Ord for SemVer {\n    |      ^^^ not found in this scope\n    |\nhelp: consider importing this trait\n    |\n1   + use core::cmp::Ord;\n    |\n\nerror[E0405]: cannot find trait `PartialOrd` in this scope\n   --> /Users/graysonnocera/.cargo/registry/src/index.crates.io-6f17d22bba15001f/xous-semver-0.1.3/src/lib.rs:143:6\n    |\n143 | impl PartialOrd for SemVer {\n    |      ^^^^^^^^^^ not found in this scope\n    |\nhelp: consider importing this trait\n    |\n1   + use core::cmp::PartialOrd;\n    |\n\nerror[E0412]: cannot find type `Option` in this scope\n   --> /Users/graysonnocera/.cargo/registry/src/index.crates.io-6f17d22bba15001f/xous-semver-0.1.3/src/lib.rs:144:44\n    |\n144 |     fn partial_cmp(&self, other: &Self) -> Option<Ordering> {\n    |                                            ^^^^^^ not found in this scope\n    |\nhelp: consider importing this enum\n    |\n1   + use core::option::Option;\n    |\n\nerror[E0425]: cannot find function, tuple struct or tuple variant `Some` in this scope\n   --> /Users/graysonnocera/.cargo/registry/src/index.crates.io-6f17d22bba15001f/xous-semver-0.1.3/src/lib.rs:145:9\n    |\n145 |         Some(self.cmp(other))\n    |         ^^^^ not found in this scope\n    |\nhelp: consider importing this tuple variant\n    |\n1   + use core::option::Option::Some;\n    |\n\nerror[E0405]: cannot find trait `PartialEq` in this scope\n   --> /Users/graysonnocera/.cargo/registry/src/index.crates.io-6f17d22bba15001f/xous-semver-0.1.3/src/lib.rs:148:6\n    |\n148 | impl PartialEq for SemVer {\n    |      ^^^^^^^^^ not found in this scope\n    |\nhelp: consider importing this trait\n    |\n1   + use core::cmp::PartialEq;\n    |\n\nerror: requires `sized` lang_item\n\nerror[E0433]: failed to resolve: use of undeclared type `String`\n  --> /Users/graysonnocera/.cargo/registry/src/index.crates.io-6f17d22bba15001f/xous-semver-0.1.3/src/lib.rs:31:22\n   |\n31 |         let semver = String::from_utf8_lossy(&gitver);\n   |                      ^^^^^^ use of undeclared type `String`\n\nSome errors have detailed explanations: E0405, E0412, E0425, E0433, E0463, E0531.\nFor more information about an error, try `rustc --explain E0405`.\nerror: could not compile `xous-semver` (lib) due to 30 previous errors\nwarning: build failed, waiting for other jobs to finish...\n",
      "stdout": ""
    },
    "features": [],
    "project": "../../../Downloads/695-Project/dataset/nostd-failed-crates/crates/xous-api-ticktimer-0.9.54/src",
    "time_to_build": 2309,
    "time_to_solve": 15
  }
]