[
  {
    "built_with_features": null,
    "command": {
      "args": [
        "build",
        "--target",
        "thumbv7m-none-eabi",
        "--no-default-features"
      ],
      "code": 101,
      "stderr": "   Compiling once_cell v1.14.0\n   Compiling triomphe v0.1.7\nerror[E0463]: can't find crate for `std`\n  |\n  = note: the `thumbv7m-none-eabi` target may not support the standard library\n  = note: `std` is required by `once_cell` because it does not declare `#![no_std]`\n\nerror[E0463]: can't find crate for `std`\n   --> /Users/graysonnocera/.cargo/registry/src/index.crates.io-6f17d22bba15001f/once_cell-1.14.0/src/lib.rs:354:9\n    |\n354 |     use std::panic::{RefUnwindSafe, UnwindSafe};\n    |         ^^^ can't find crate\n    |\n    = note: the `thumbv7m-none-eabi` target may not support the standard library\n\nerror[E0463]: can't find crate for `std`\n   --> /Users/graysonnocera/.cargo/registry/src/index.crates.io-6f17d22bba15001f/once_cell-1.14.0/src/lib.rs:824:9\n    |\n824 |     use std::{\n    |         ^^^ can't find crate\n    |\n    = note: the `thumbv7m-none-eabi` target may not support the standard library\n\nerror[E0463]: can't find crate for `std`\n --> /Users/graysonnocera/.cargo/registry/src/index.crates.io-6f17d22bba15001f/once_cell-1.14.0/src/imp_std.rs:6:5\n  |\n6 | use std::{\n  |     ^^^ can't find crate\n  |\n  = note: the `thumbv7m-none-eabi` target may not support the standard library\n\nerror: cannot find macro `panic` in this scope\n   --> /Users/graysonnocera/.cargo/registry/src/index.crates.io-6f17d22bba15001f/once_cell-1.14.0/src/lib.rs:718:47\n    |\n718 |                 init.take().unwrap_or_else(|| panic!(\"Lazy instance has previously been poisoned\"))\n    |                                               ^^^^^\n    |\nhelp: consider importing this macro\n    |\n347 +     use core::panic;\n    |\n\nerror: cannot find macro `panic` in this scope\n   --> /Users/graysonnocera/.cargo/registry/src/index.crates.io-6f17d22bba15001f/once_cell-1.14.0/src/lib.rs:741:25\n    |\n741 |                 None => panic!(\"Lazy instance has previously been poisoned\"),\n    |                         ^^^^^\n    |\nhelp: consider importing this macro\n    |\n347 +     use core::panic;\n    |\n\nerror: cannot find macro `unreachable` in this scope\n   --> /Users/graysonnocera/.cargo/registry/src/index.crates.io-6f17d22bba15001f/once_cell-1.14.0/src/lib.rs:761:51\n    |\n761 |             Self::get_mut(this).unwrap_or_else(|| unreachable!())\n    |                                                   ^^^^^^^^^^^\n    |\nhelp: consider importing this macro\n    |\n347 +     use core::unreachable;\n    |\n\nerror: cannot find macro `unreachable` in this scope\n   --> /Users/graysonnocera/.cargo/registry/src/index.crates.io-6f17d22bba15001f/once_cell-1.14.0/src/lib.rs:809:51\n    |\n809 |             self.cell.get_mut().unwrap_or_else(|| unreachable!())\n    |                                                   ^^^^^^^^^^^\n    |\nhelp: consider importing this macro\n    |\n347 +     use core::unreachable;\n    |\n\nerror: cannot find macro `panic` in this scope\n    --> /Users/graysonnocera/.cargo/registry/src/index.crates.io-6f17d22bba15001f/once_cell-1.14.0/src/lib.rs:1245:47\n     |\n1245 |                 init.take().unwrap_or_else(|| panic!(\"Lazy instance has previously been poisoned\"))\n     |                                               ^^^^^\n     |\nhelp: consider importing this macro\n     |\n824  +     use core::panic;\n     |\n\nerror: cannot find macro `panic` in this scope\n    --> /Users/graysonnocera/.cargo/registry/src/index.crates.io-6f17d22bba15001f/once_cell-1.14.0/src/lib.rs:1267:25\n     |\n1267 |                 None => panic!(\"Lazy instance has previously been poisoned\"),\n     |                         ^^^^^\n     |\nhelp: consider importing this macro\n     |\n824  +     use core::panic;\n     |\n\nerror: cannot find macro `unreachable` in this scope\n    --> /Users/graysonnocera/.cargo/registry/src/index.crates.io-6f17d22bba15001f/once_cell-1.14.0/src/lib.rs:1285:51\n     |\n1285 |             Self::get_mut(this).unwrap_or_else(|| unreachable!())\n     |                                                   ^^^^^^^^^^^\n     |\nhelp: consider importing this macro\n     |\n824  +     use core::unreachable;\n     |\n\nerror: cannot find macro `unreachable` in this scope\n    --> /Users/graysonnocera/.cargo/registry/src/index.crates.io-6f17d22bba15001f/once_cell-1.14.0/src/lib.rs:1333:51\n     |\n1333 |             self.cell.get_mut().unwrap_or_else(|| unreachable!())\n     |                                                   ^^^^^^^^^^^\n     |\nhelp: consider importing this macro\n     |\n824  +     use core::unreachable;\n     |\n\nerror: cannot find attribute `derive` in this scope\n  --> /Users/graysonnocera/.cargo/registry/src/index.crates.io-6f17d22bba15001f/once_cell-1.14.0/src/imp_std.rs:17:3\n   |\n17 | #[derive(Debug)]\n   |   ^^^^^^\n   |\nhelp: consider importing this attribute macro\n   |\n6  + use core::prelude::rust_2024::derive;\n   |\n\nerror: cannot find macro `debug_assert` in this scope\n   --> /Users/graysonnocera/.cargo/registry/src/index.crates.io-6f17d22bba15001f/once_cell-1.14.0/src/imp_std.rs:113:9\n    |\n113 |         debug_assert!(self.is_initialized());\n    |         ^^^^^^^^^^^^\n    |\nhelp: consider importing this macro\n    |\n6   + use core::debug_assert;\n    |\n\nerror: cannot find macro `debug_assert` in this scope\n   --> /Users/graysonnocera/.cargo/registry/src/index.crates.io-6f17d22bba15001f/once_cell-1.14.0/src/imp_std.rs:119:17\n    |\n119 |                 debug_assert!(false);\n    |                 ^^^^^^^^^^^^\n    |\nhelp: consider importing this macro\n    |\n6   + use core::debug_assert;\n    |\n\nerror: cannot find macro `assert_eq` in this scope\n   --> /Users/graysonnocera/.cargo/registry/src/index.crates.io-6f17d22bba15001f/once_cell-1.14.0/src/imp_std.rs:175:9\n    |\n175 |         assert_eq!(state, RUNNING);\n    |         ^^^^^^^^^\n    |\nhelp: consider importing this macro\n    |\n6   + use core::assert_eq;\n    |\n\nerror: cannot find macro `debug_assert` in this scope\n   --> /Users/graysonnocera/.cargo/registry/src/index.crates.io-6f17d22bba15001f/once_cell-1.14.0/src/imp_std.rs:225:18\n    |\n225 |             _ => debug_assert!(false),\n    |                  ^^^^^^^^^^^^\n    |\nhelp: consider importing this macro\n    |\n6   + use core::debug_assert;\n    |\n\nerror: cannot find macro `assert` in this scope\n   --> /Users/graysonnocera/.cargo/registry/src/index.crates.io-6f17d22bba15001f/once_cell-1.14.0/src/lib.rs:598:13\n    |\n598 |             assert!(self.set(val).is_ok(), \"reentrant init\");\n    |             ^^^^^^\n    |\nhelp: consider importing this macro\n    |\n347 +     use core::assert;\n    |\n\nerror: cannot find macro `debug_assert` in this scope\n   --> /Users/graysonnocera/.cargo/registry/src/index.crates.io-6f17d22bba15001f/once_cell-1.14.0/src/lib.rs:956:13\n    |\n956 |             debug_assert!(self.0.is_initialized());\n    |             ^^^^^^^^^^^^\n    |\nhelp: consider importing this macro\n    |\n824 +     use core::debug_assert;\n    |\n\nerror: cannot find macro `debug_assert` in this scope\n    --> /Users/graysonnocera/.cargo/registry/src/index.crates.io-6f17d22bba15001f/once_cell-1.14.0/src/lib.rs:1120:13\n     |\n1120 |             debug_assert!(self.0.is_initialized());\n     |             ^^^^^^^^^^^^\n     |\nhelp: consider importing this macro\n     |\n824  +     use core::debug_assert;\n     |\n\nerror: cannot find attribute `derive` in this scope\n  --> /Users/graysonnocera/.cargo/registry/src/index.crates.io-6f17d22bba15001f/once_cell-1.14.0/src/race.rs:31:3\n   |\n31 | #[derive(Default, Debug)]\n   |   ^^^^^^\n   |\nhelp: consider importing this attribute macro\n   |\n24 + use core::prelude::rust_2024::derive;\n   |\n\nerror: cannot find attribute `derive` in this scope\n   --> /Users/graysonnocera/.cargo/registry/src/index.crates.io-6f17d22bba15001f/once_cell-1.14.0/src/race.rs:110:3\n    |\n110 | #[derive(Default, Debug)]\n    |   ^^^^^^\n    |\nhelp: consider importing this attribute macro\n    |\n24  + use core::prelude::rust_2024::derive;\n    |\n\nerror: cannot find macro `write` in this scope\n   --> /Users/graysonnocera/.cargo/registry/src/index.crates.io-6f17d22bba15001f/once_cell-1.14.0/src/race.rs:192:13\n    |\n192 |             write!(f, \"OnceBox({:?})\", self.inner.load(Ordering::Relaxed))\n    |             ^^^^^\n    |\nhelp: consider importing this macro\n    |\n179 +     use core::write;\n    |\n\nerror: cannot find macro `debug_assert` in this scope\n    --> /Users/graysonnocera/.cargo/registry/src/index.crates.io-6f17d22bba15001f/once_cell-1.14.0/src/lib.rs:1370:13\n     |\n1370 |             debug_assert!(false);\n     |             ^^^^^^^^^^^^\n     |\nhelp: consider importing this macro\n     |\n332  + use core::debug_assert;\n     |\n\nerror[E0408]: variable `None` is not bound in all patterns\n   --> /Users/graysonnocera/.cargo/registry/src/index.crates.io-6f17d22bba15001f/once_cell-1.14.0/src/imp_std.rs:221:34\n    |\n221 |             (INCOMPLETE, None) | (RUNNING, _) => {\n    |                          ----    ^^^^^^^^^^^^ pattern doesn't bind `None`\n    |                          |\n    |                          variable not in all patterns\n    |\nhelp: if you meant to match on unit variant `core::option::Option::None`, use the full path in the pattern\n    |\n221 |             (INCOMPLETE, core::option::Option::None) | (RUNNING, _) => {\n    |                          ~~~~~~~~~~~~~~~~~~~~~~~~~~\n\nerror[E0463]: can't find crate for `std`\n    --> /Users/graysonnocera/.cargo/registry/src/index.crates.io-6f17d22bba15001f/once_cell-1.14.0/src/lib.rs:1371:13\n     |\n1371 |             std::hint::unreachable_unchecked()\n     |             ^^^ can't find crate\n     |\n     = note: the `thumbv7m-none-eabi` target may not support the standard library\n\nerror[E0412]: cannot find type `Option` in this scope\n  --> /Users/graysonnocera/.cargo/registry/src/index.crates.io-6f17d22bba15001f/once_cell-1.14.0/src/imp_std.rs:29:23\n   |\n29 |     value: UnsafeCell<Option<T>>,\n   |                       ^^^^^^ not found in this scope\n   |\nhelp: consider importing this enum\n   |\n6  + use core::option::Option;\n   |\n\nerror[E0405]: cannot find trait `Sync` in this scope\n  --> /Users/graysonnocera/.cargo/registry/src/index.crates.io-6f17d22bba15001f/once_cell-1.14.0/src/imp_std.rs:37:29\n   |\n37 | unsafe impl<T: Sync + Send> Sync for OnceCell<T> {}\n   |                             ^^^^ not found in this scope\n   |\nhelp: consider importing this trait\n   |\n6  + use core::marker::Sync;\n   |\n\nerror[E0405]: cannot find trait `Sync` in this scope\n  --> /Users/graysonnocera/.cargo/registry/src/index.crates.io-6f17d22bba15001f/once_cell-1.14.0/src/imp_std.rs:37:16\n   |\n37 | unsafe impl<T: Sync + Send> Sync for OnceCell<T> {}\n   |                ^^^^ not found in this scope\n   |\nhelp: consider importing this trait\n   |\n6  + use core::marker::Sync;\n   |\n\nerror[E0405]: cannot find trait `Send` in this scope\n  --> /Users/graysonnocera/.cargo/registry/src/index.crates.io-6f17d22bba15001f/once_cell-1.14.0/src/imp_std.rs:37:23\n   |\n37 | unsafe impl<T: Sync + Send> Sync for OnceCell<T> {}\n   |                       ^^^^ not found in this scope\n   |\nhelp: consider importing this trait\n   |\n6  + use core::marker::Send;\n   |\n\nerror[E0405]: cannot find trait `Send` in this scope\n  --> /Users/graysonnocera/.cargo/registry/src/index.crates.io-6f17d22bba15001f/once_cell-1.14.0/src/imp_std.rs:38:22\n   |\n38 | unsafe impl<T: Send> Send for OnceCell<T> {}\n   |                      ^^^^ not found in this scope\n   |\nhelp: consider importing this trait\n   |\n6  + use core::marker::Send;\n   |\n\nerror[E0405]: cannot find trait `Send` in this scope\n  --> /Users/graysonnocera/.cargo/registry/src/index.crates.io-6f17d22bba15001f/once_cell-1.14.0/src/imp_std.rs:38:16\n   |\n38 | unsafe impl<T: Send> Send for OnceCell<T> {}\n   |                ^^^^ not found in this scope\n   |\nhelp: consider importing this trait\n   |\n6  + use core::marker::Send;\n   |\n\nerror[E0425]: cannot find value `None` in this scope\n  --> /Users/graysonnocera/.cargo/registry/src/index.crates.io-6f17d22bba15001f/once_cell-1.14.0/src/imp_std.rs:48:36\n   |\n48 |             value: UnsafeCell::new(None),\n   |                                    ^^^^ not found in this scope\n   |\nhelp: consider importing this unit variant\n   |\n6  + use core::option::Option::None;\n   |\n\nerror[E0425]: cannot find function, tuple struct or tuple variant `Some` in this scope\n  --> /Users/graysonnocera/.cargo/registry/src/index.crates.io-6f17d22bba15001f/once_cell-1.14.0/src/imp_std.rs:56:36\n   |\n56 |             value: UnsafeCell::new(Some(value)),\n   |                                    ^^^^ not found in this scope\n   |\nhelp: consider importing this tuple variant\n   |\n6  + use core::option::Option::Some;\n   |\n\nerror[E0405]: cannot find trait `FnOnce` in this scope\n  --> /Users/graysonnocera/.cargo/registry/src/index.crates.io-6f17d22bba15001f/once_cell-1.14.0/src/imp_std.rs:76:12\n   |\n76 |         F: FnOnce() -> Result<T, E>,\n   |            ^^^^^^ not found in this scope\n   |\nhelp: consider importing this trait\n   |\n6  + use core::ops::FnOnce;\n   |\n\nerror[E0412]: cannot find type `Result` in this scope\n  --> /Users/graysonnocera/.cargo/registry/src/index.crates.io-6f17d22bba15001f/once_cell-1.14.0/src/imp_std.rs:76:24\n   |\n76 |         F: FnOnce() -> Result<T, E>,\n   |                        ^^^^^^ not found in this scope\n   |\nhelp: consider importing one of these items\n   |\n6  + use core::fmt::Result;\n   |\n6  + use core::result::Result;\n   |\n6  + use alloc::fmt::Result;\n   |\n\nerror[E0412]: cannot find type `Result` in this scope\n  --> /Users/graysonnocera/.cargo/registry/src/index.crates.io-6f17d22bba15001f/once_cell-1.14.0/src/imp_std.rs:74:52\n   |\n74 |     pub(crate) fn initialize<F, E>(&self, f: F) -> Result<(), E>\n   |                                                    ^^^^^^ not found in this scope\n   |\nhelp: consider importing one of these items\n   |\n6  + use core::fmt::Result;\n   |\n6  + use core::result::Result;\n   |\n6  + use alloc::fmt::Result;\n   |\n\nerror[E0425]: cannot find function, tuple struct or tuple variant `Some` in this scope\n  --> /Users/graysonnocera/.cargo/registry/src/index.crates.io-6f17d22bba15001f/once_cell-1.14.0/src/imp_std.rs:78:21\n   |\n78 |         let mut f = Some(f);\n   |                     ^^^^ not found in this scope\n   |\nhelp: consider importing this tuple variant\n   |\n6  + use core::option::Option::Some;\n   |\n\nerror[E0412]: cannot find type `Result` in this scope\n  --> /Users/graysonnocera/.cargo/registry/src/index.crates.io-6f17d22bba15001f/once_cell-1.14.0/src/imp_std.rs:79:22\n   |\n79 |         let mut res: Result<(), E> = Ok(());\n   |                      ^^^^^^ not found in this scope\n   |\nhelp: consider importing one of these items\n   |\n6  + use core::fmt::Result;\n   |\n6  + use core::result::Result;\n   |\n6  + use alloc::fmt::Result;\n   |\n\nerror[E0425]: cannot find function, tuple struct or tuple variant `Ok` in this scope\n  --> /Users/graysonnocera/.cargo/registry/src/index.crates.io-6f17d22bba15001f/once_cell-1.14.0/src/imp_std.rs:79:38\n   |\n79 |         let mut res: Result<(), E> = Ok(());\n   |                                      ^^ not found in this scope\n   |\nhelp: consider importing this tuple variant\n   |\n6  + use core::result::Result::Ok;\n   |\n\nerror[E0412]: cannot find type `Option` in this scope\n  --> /Users/graysonnocera/.cargo/registry/src/index.crates.io-6f17d22bba15001f/once_cell-1.14.0/src/imp_std.rs:80:24\n   |\n80 |         let slot: *mut Option<T> = self.value.get();\n   |                        ^^^^^^ not found in this scope\n   |\nhelp: consider importing this enum\n   |\n6  + use core::option::Option;\n   |\n\nerror[E0425]: cannot find function, tuple struct or tuple variant `Some` in this scope\n  --> /Users/graysonnocera/.cargo/registry/src/index.crates.io-6f17d22bba15001f/once_cell-1.14.0/src/imp_std.rs:83:13\n   |\n83 |             Some(&mut || {\n   |             ^^^^ not found in this scope\n   |\nhelp: consider importing this tuple variant\n   |\n6  + use core::option::Option::Some;\n   |\n\nerror[E0531]: cannot find tuple struct or tuple variant `Ok` in this scope\n  --> /Users/graysonnocera/.cargo/registry/src/index.crates.io-6f17d22bba15001f/once_cell-1.14.0/src/imp_std.rs:86:21\n   |\n86 |                     Ok(value) => {\n   |                     ^^ not found in this scope\n   |\nhelp: consider importing this tuple variant\n   |\n6  + use core::result::Result::Ok;\n   |\n\nerror[E0425]: cannot find function, tuple struct or tuple variant `Some` in this scope\n  --> /Users/graysonnocera/.cargo/registry/src/index.crates.io-6f17d22bba15001f/once_cell-1.14.0/src/imp_std.rs:87:42\n   |\n87 |                         unsafe { *slot = Some(value) };\n   |                                          ^^^^ not found in this scope\n   |\nhelp: consider importing this tuple variant\n   |\n6  + use core::option::Option::Some;\n   |\n\nerror[E0531]: cannot find tuple struct or tuple variant `Err` in this scope\n  --> /Users/graysonnocera/.cargo/registry/src/index.crates.io-6f17d22bba15001f/once_cell-1.14.0/src/imp_std.rs:90:21\n   |\n90 |                     Err(err) => {\n   |                     ^^^ not found in this scope\n   |\nhelp: consider importing this tuple variant\n   |\n6  + use core::result::Result::Err;\n   |\n\nerror[E0425]: cannot find function, tuple struct or tuple variant `Err` in this scope\n  --> /Users/graysonnocera/.cargo/registry/src/index.crates.io-6f17d22bba15001f/once_cell-1.14.0/src/imp_std.rs:91:31\n   |\n91 |                         res = Err(err);\n   |                               ^^^\n   |\nhelp: a local variable with a similar name exists\n   |\n91 |                         res = err(err);\n   |                               ~~~\nhelp: consider importing this tuple variant\n   |\n6  + use core::result::Result::Err;\n   |\n\nerror[E0425]: cannot find value `None` in this scope\n   --> /Users/graysonnocera/.cargo/registry/src/index.crates.io-6f17d22bba15001f/once_cell-1.14.0/src/imp_std.rs:102:41\n    |\n102 |         initialize_or_wait(&self.queue, None);\n    |                                         ^^^^ not found in this scope\n    |\nhelp: consider importing this unit variant\n    |\n6   + use core::option::Option::None;\n    |\n\nerror[E0412]: cannot find type `Option` in this scope\n   --> /Users/graysonnocera/.cargo/registry/src/index.crates.io-6f17d22bba15001f/once_cell-1.14.0/src/imp_std.rs:114:20\n    |\n114 |         let slot: &Option<T> = &*self.value.get();\n    |                    ^^^^^^ not found in this scope\n    |\nhelp: consider importing this enum\n    |\n6   + use core::option::Option;\n    |\n\nerror[E0531]: cannot find tuple struct or tuple variant `Some` in this scope\n   --> /Users/graysonnocera/.cargo/registry/src/index.crates.io-6f17d22bba15001f/once_cell-1.14.0/src/imp_std.rs:116:13\n    |\n116 |             Some(value) => value,\n    |             ^^^^ not found in this scope\n    |\nhelp: consider importing this tuple variant\n    |\n6   + use core::option::Option::Some;\n    |\n\nerror[E0412]: cannot find type `Option` in this scope\n   --> /Users/graysonnocera/.cargo/registry/src/index.crates.io-6f17d22bba15001f/once_cell-1.14.0/src/imp_std.rs:127:41\n    |\n127 |     pub(crate) fn get_mut(&mut self) -> Option<&mut T> {\n    |                                         ^^^^^^ not found in this scope\n    |\nhelp: consider importing this enum\n    |\n6   + use core::option::Option;\n    |\n\nerror[E0412]: cannot find type `Option` in this scope\n   --> /Users/graysonnocera/.cargo/registry/src/index.crates.io-6f17d22bba15001f/once_cell-1.14.0/src/imp_std.rs:135:39\n    |\n135 |     pub(crate) fn into_inner(self) -> Option<T> {\n    |                                       ^^^^^^ not found in this scope\n    |\nhelp: consider importing this enum\n    |\n6   + use core::option::Option;\n    |\n\nerror[E0412]: cannot find type `Option` in this scope\n   --> /Users/graysonnocera/.cargo/registry/src/index.crates.io-6f17d22bba15001f/once_cell-1.14.0/src/imp_std.rs:159:18\n    |\n159 |     thread: Cell<Option<Thread>>,\n    |                  ^^^^^^ not found in this scope\n    |\nhelp: consider importing this enum\n    |\n6   + use core::option::Option;\n    |\n\nerror[E0405]: cannot find trait `Drop` in this scope\n   --> /Users/graysonnocera/.cargo/registry/src/index.crates.io-6f17d22bba15001f/once_cell-1.14.0/src/imp_std.rs:170:6\n    |\n170 | impl Drop for Guard<'_> {\n    |      ^^^^ not found in this scope\n    |\nhelp: consider importing this trait\n    |\n6   + use core::ops::Drop;\n    |\n\nerror[E0412]: cannot find type `Option` in this scope\n   --> /Users/graysonnocera/.cargo/registry/src/index.crates.io-6f17d22bba15001f/once_cell-1.14.0/src/imp_std.rs:197:60\n    |\n197 | fn initialize_or_wait(queue: &AtomicPtr<Waiter>, mut init: Option<&mut dyn FnMut() -> bool>) {\n    |                                                            ^^^^^^ not found in this scope\n    |\nhelp: consider importing this enum\n    |\n6   + use core::option::Option;\n    |\n\nerror[E0405]: cannot find trait `FnMut` in this scope\n   --> /Users/graysonnocera/.cargo/registry/src/index.crates.io-6f17d22bba15001f/once_cell-1.14.0/src/imp_std.rs:197:76\n    |\n197 | fn initialize_or_wait(queue: &AtomicPtr<Waiter>, mut init: Option<&mut dyn FnMut() -> bool>) {\n    |                                                                            ^^^^^ not found in this scope\n    |\nhelp: consider importing this trait\n    |\n6   + use core::ops::FnMut;\n    |\n\nerror[E0531]: cannot find tuple struct or tuple variant `Some` in this scope\n   --> /Users/graysonnocera/.cargo/registry/src/index.crates.io-6f17d22bba15001f/once_cell-1.14.0/src/imp_std.rs:204:26\n    |\n204 |             (INCOMPLETE, Some(init)) => {\n    |                          ^^^^ not found in this scope\n    |\nhelp: consider importing this tuple variant\n    |\n6   + use core::option::Option::Some;\n    |\n\nerror[E0531]: cannot find tuple struct or tuple variant `Err` in this scope\n   --> /Users/graysonnocera/.cargo/registry/src/index.crates.io-6f17d22bba15001f/once_cell-1.14.0/src/imp_std.rs:211:24\n    |\n211 |                 if let Err(new_queue) = exchange {\n    |                        ^^^ not found in this scope\n    |\nhelp: consider importing this tuple variant\n    |\n6   + use core::result::Result::Err;\n    |\n\nerror[E0425]: cannot find function, tuple struct or tuple variant `Some` in this scope\n   --> /Users/graysonnocera/.cargo/registry/src/index.crates.io-6f17d22bba15001f/once_cell-1.14.0/src/imp_std.rs:234:31\n    |\n234 |             thread: Cell::new(Some(thread::current())),\n    |                               ^^^^ not found in this scope\n    |\nhelp: consider importing this tuple variant\n    |\n6   + use core::option::Option::Some;\n    |\n\nerror[E0531]: cannot find tuple struct or tuple variant `Err` in this scope\n   --> /Users/graysonnocera/.cargo/registry/src/index.crates.io-6f17d22bba15001f/once_cell-1.14.0/src/imp_std.rs:246:16\n    |\n246 |         if let Err(new_queue) = exchange {\n    |                ^^^ not found in this scope\n    |\nhelp: consider importing this tuple variant\n    |\n6   + use core::result::Result::Err;\n    |\n\nerror[E0405]: cannot find trait `Sized` in this scope\n   --> /Users/graysonnocera/.cargo/registry/src/index.crates.io-6f17d22bba15001f/once_cell-1.14.0/src/imp_std.rs:270:12\n    |\n270 |         T: Sized,\n    |            ^^^^^ not found in this scope\n    |\nhelp: consider importing this trait\n    |\n266 +     use core::marker::Sized;\n    |\n\nerror[E0405]: cannot find trait `Sized` in this scope\n   --> /Users/graysonnocera/.cargo/registry/src/index.crates.io-6f17d22bba15001f/once_cell-1.14.0/src/imp_std.rs:282:12\n    |\n282 |         T: Sized,\n    |            ^^^^^ not found in this scope\n    |\nhelp: consider importing this trait\n    |\n266 +     use core::marker::Sized;\n    |\n\nerror[E0405]: cannot find trait `Sized` in this scope\n   --> /Users/graysonnocera/.cargo/registry/src/index.crates.io-6f17d22bba15001f/once_cell-1.14.0/src/imp_std.rs:303:12\n    |\n303 |         T: Sized,\n    |            ^^^^^ not found in this scope\n    |\nhelp: consider importing this trait\n    |\n266 +     use core::marker::Sized;\n    |\n\nerror[E0405]: cannot find trait `FnOnce` in this scope\n   --> /Users/graysonnocera/.cargo/registry/src/index.crates.io-6f17d22bba15001f/once_cell-1.14.0/src/imp_std.rs:301:52\n    |\n301 |     pub(crate) fn map_addr<T>(ptr: *mut T, f: impl FnOnce(usize) -> usize) -> *mut T\n    |                                                    ^^^^^^ not found in this scope\n    |\nhelp: consider importing this trait\n    |\n266 +     use core::ops::FnOnce;\n    |\n\nerror[E0412]: cannot find type `Option` in this scope\n   --> /Users/graysonnocera/.cargo/registry/src/index.crates.io-6f17d22bba15001f/once_cell-1.14.0/src/lib.rs:378:27\n    |\n378 |         inner: UnsafeCell<Option<T>>,\n    |                           ^^^^^^ not found in this scope\n    |\nhelp: consider importing this enum\n    |\n347 +     use core::option::Option;\n    |\n\nerror[E0405]: cannot find trait `Default` in this scope\n   --> /Users/graysonnocera/.cargo/registry/src/index.crates.io-6f17d22bba15001f/once_cell-1.14.0/src/lib.rs:390:13\n    |\n390 |     impl<T> Default for OnceCell<T> {\n    |             ^^^^^^^ not found in this scope\n    |\nhelp: consider importing this trait\n    |\n347 +     use core::default::Default;\n    |\n\nerror[E0531]: cannot find tuple struct or tuple variant `Some` in this scope\n   --> /Users/graysonnocera/.cargo/registry/src/index.crates.io-6f17d22bba15001f/once_cell-1.14.0/src/lib.rs:399:17\n    |\n399 |                 Some(v) => f.debug_tuple(\"OnceCell\").field(v).finish(),\n    |                 ^^^^ not found in this scope\n    |\nhelp: consider importing this tuple variant\n    |\n347 +     use core::option::Option::Some;\n    |\n\nerror[E0405]: cannot find trait `Clone` in this scope\n   --> /Users/graysonnocera/.cargo/registry/src/index.crates.io-6f17d22bba15001f/once_cell-1.14.0/src/lib.rs:405:20\n    |\n405 |     impl<T: Clone> Clone for OnceCell<T> {\n    |                    ^^^^^ not found in this scope\n    |\nhelp: consider importing this trait\n    |\n347 +     use core::clone::Clone;\n    |\n\nerror[E0405]: cannot find trait `Clone` in this scope\n   --> /Users/graysonnocera/.cargo/registry/src/index.crates.io-6f17d22bba15001f/once_cell-1.14.0/src/lib.rs:405:13\n    |\n405 |     impl<T: Clone> Clone for OnceCell<T> {\n    |             ^^^^^ not found in this scope\n    |\nhelp: consider importing this trait\n    |\n347 +     use core::clone::Clone;\n    |\n\nerror[E0531]: cannot find tuple struct or tuple variant `Some` in this scope\n   --> /Users/graysonnocera/.cargo/registry/src/index.crates.io-6f17d22bba15001f/once_cell-1.14.0/src/lib.rs:408:17\n    |\n408 |                 Some(value) => OnceCell::with_value(value.clone()),\n    |                 ^^^^ not found in this scope\n    |\nhelp: consider importing this tuple variant\n    |\n347 +     use core::option::Option::Some;\n    |\n\nerror[E0531]: cannot find tuple struct or tuple variant `Some` in this scope\n   --> /Users/graysonnocera/.cargo/registry/src/index.crates.io-6f17d22bba15001f/once_cell-1.14.0/src/lib.rs:415:18\n    |\n415 |                 (Some(this), Some(source)) => this.clone_from(source),\n    |                  ^^^^ not found in this scope\n    |\nhelp: consider importing this tuple variant\n    |\n347 +     use core::option::Option::Some;\n    |\n\nerror[E0531]: cannot find tuple struct or tuple variant `Some` in this scope\n   --> /Users/graysonnocera/.cargo/registry/src/index.crates.io-6f17d22bba15001f/once_cell-1.14.0/src/lib.rs:415:30\n    |\n415 |                 (Some(this), Some(source)) => this.clone_from(source),\n    |                              ^^^^ not found in this scope\n    |\nhelp: consider importing this tuple variant\n    |\n347 +     use core::option::Option::Some;\n    |\n\nerror[E0405]: cannot find trait `PartialEq` in this scope\n   --> /Users/graysonnocera/.cargo/registry/src/index.crates.io-6f17d22bba15001f/once_cell-1.14.0/src/lib.rs:421:24\n    |\n421 |     impl<T: PartialEq> PartialEq for OnceCell<T> {\n    |                        ^^^^^^^^^ not found in this scope\n    |\nhelp: consider importing this trait\n    |\n347 +     use core::cmp::PartialEq;\n    |\n\nerror[E0405]: cannot find trait `PartialEq` in this scope\n   --> /Users/graysonnocera/.cargo/registry/src/index.crates.io-6f17d22bba15001f/once_cell-1.14.0/src/lib.rs:421:13\n    |\n421 |     impl<T: PartialEq> PartialEq for OnceCell<T> {\n    |             ^^^^^^^^^ not found in this scope\n    |\nhelp: consider importing this trait\n    |\n347 +     use core::cmp::PartialEq;\n    |\n\nerror[E0405]: cannot find trait `Eq` in this scope\n   --> /Users/graysonnocera/.cargo/registry/src/index.crates.io-6f17d22bba15001f/once_cell-1.14.0/src/lib.rs:427:17\n    |\n427 |     impl<T: Eq> Eq for OnceCell<T> {}\n    |                 ^^ not found in this scope\n    |\nhelp: consider importing this trait\n    |\n347 +     use core::cmp::Eq;\n    |\n\nerror[E0405]: cannot find trait `Eq` in this scope\n   --> /Users/graysonnocera/.cargo/registry/src/index.crates.io-6f17d22bba15001f/once_cell-1.14.0/src/lib.rs:427:13\n    |\n427 |     impl<T: Eq> Eq for OnceCell<T> {}\n    |             ^^ not found in this scope\n    |\nhelp: consider importing this trait\n    |\n347 +     use core::cmp::Eq;\n    |\n\nerror[E0405]: cannot find trait `From` in this scope\n   --> /Users/graysonnocera/.cargo/registry/src/index.crates.io-6f17d22bba15001f/once_cell-1.14.0/src/lib.rs:429:13\n    |\n429 |     impl<T> From<T> for OnceCell<T> {\n    |             ^^^^ not found in this scope\n    |\nhelp: consider importing this trait\n    |\n347 +     use core::convert::From;\n    |\n\nerror[E0425]: cannot find value `None` in this scope\n   --> /Users/graysonnocera/.cargo/registry/src/index.crates.io-6f17d22bba15001f/once_cell-1.14.0/src/lib.rs:438:47\n    |\n438 |             OnceCell { inner: UnsafeCell::new(None) }\n    |                                               ^^^^ not found in this scope\n    |\nhelp: consider importing this unit variant\n    |\n347 +     use core::option::Option::None;\n    |\n\nerror[E0425]: cannot find function, tuple struct or tuple variant `Some` in this scope\n   --> /Users/graysonnocera/.cargo/registry/src/index.crates.io-6f17d22bba15001f/once_cell-1.14.0/src/lib.rs:443:47\n    |\n443 |             OnceCell { inner: UnsafeCell::new(Some(value)) }\n    |                                               ^^^^ not found in this scope\n    |\nhelp: consider importing this tuple variant\n    |\n347 +     use core::option::Option::Some;\n    |\n\nerror[E0412]: cannot find type `Option` in this scope\n   --> /Users/graysonnocera/.cargo/registry/src/index.crates.io-6f17d22bba15001f/once_cell-1.14.0/src/lib.rs:449:30\n    |\n449 |         pub fn get(&self) -> Option<&T> {\n    |                              ^^^^^^ not found in this scope\n    |\nhelp: consider importing this enum\n    |\n347 +     use core::option::Option;\n    |\n\nerror[E0412]: cannot find type `Option` in this scope\n   --> /Users/graysonnocera/.cargo/registry/src/index.crates.io-6f17d22bba15001f/once_cell-1.14.0/src/lib.rs:470:38\n    |\n470 |         pub fn get_mut(&mut self) -> Option<&mut T> {\n    |                                      ^^^^^^ not found in this scope\n    |\nhelp: consider importing this enum\n    |\n347 +     use core::option::Option;\n    |\n\nerror[E0412]: cannot find type `Result` in this scope\n   --> /Users/graysonnocera/.cargo/registry/src/index.crates.io-6f17d22bba15001f/once_cell-1.14.0/src/lib.rs:492:40\n    |\n492 |         pub fn set(&self, value: T) -> Result<(), T> {\n    |                                        ^^^^^^ not found in this scope\n    |\nhelp: consider importing one of these items\n    |\n347 +     use crate::unsync::fmt::Result;\n    |\n347 +     use core::fmt::Result;\n    |\n347 +     use core::result::Result;\n    |\n347 +     use alloc::fmt::Result;\n    |\n\nerror[E0531]: cannot find tuple struct or tuple variant `Ok` in this scope\n   --> /Users/graysonnocera/.cargo/registry/src/index.crates.io-6f17d22bba15001f/once_cell-1.14.0/src/lib.rs:494:17\n    |\n494 |                 Ok(_) => Ok(()),\n    |                 ^^ not found in this scope\n    |\nhelp: consider importing this tuple variant\n    |\n347 +     use core::result::Result::Ok;\n    |\n\nerror[E0425]: cannot find function, tuple struct or tuple variant `Ok` in this scope\n   --> /Users/graysonnocera/.cargo/registry/src/index.crates.io-6f17d22bba15001f/once_cell-1.14.0/src/lib.rs:494:26\n    |\n494 |                 Ok(_) => Ok(()),\n    |                          ^^ not found in this scope\n    |\nhelp: consider importing this tuple variant\n    |\n347 +     use core::result::Result::Ok;\n    |\n\nerror[E0531]: cannot find tuple struct or tuple variant `Err` in this scope\n   --> /Users/graysonnocera/.cargo/registry/src/index.crates.io-6f17d22bba15001f/once_cell-1.14.0/src/lib.rs:495:17\n    |\n495 |                 Err((_, value)) => Err(value),\n    |                 ^^^ not found in this scope\n    |\nhelp: consider importing this tuple variant\n    |\n347 +     use core::result::Result::Err;\n    |\n\nerror[E0425]: cannot find function, tuple struct or tuple variant `Err` in this scope\n   --> /Users/graysonnocera/.cargo/registry/src/index.crates.io-6f17d22bba15001f/once_cell-1.14.0/src/lib.rs:495:36\n    |\n495 |                 Err((_, value)) => Err(value),\n    |                                    ^^^ not found in this scope\n    |\nhelp: consider importing this tuple variant\n    |\n347 +     use core::result::Result::Err;\n    |\n\nerror[E0412]: cannot find type `Result` in this scope\n   --> /Users/graysonnocera/.cargo/registry/src/index.crates.io-6f17d22bba15001f/once_cell-1.14.0/src/lib.rs:513:47\n    |\n513 |         pub fn try_insert(&self, value: T) -> Result<&T, (&T, T)> {\n    |                                               ^^^^^^ not found in this scope\n    |\nhelp: consider importing one of these items\n    |\n347 +     use crate::unsync::fmt::Result;\n    |\n347 +     use core::fmt::Result;\n    |\n347 +     use core::result::Result;\n    |\n347 +     use alloc::fmt::Result;\n    |\n\nerror[E0531]: cannot find tuple struct or tuple variant `Some` in this scope\n   --> /Users/graysonnocera/.cargo/registry/src/index.crates.io-6f17d22bba15001f/once_cell-1.14.0/src/lib.rs:514:20\n    |\n514 |             if let Some(old) = self.get() {\n    |                    ^^^^ not found in this scope\n    |\nhelp: consider importing this tuple variant\n    |\n347 +     use core::option::Option::Some;\n    |\n\nerror[E0425]: cannot find function, tuple struct or tuple variant `Err` in this scope\n   --> /Users/graysonnocera/.cargo/registry/src/index.crates.io-6f17d22bba15001f/once_cell-1.14.0/src/lib.rs:515:24\n    |\n515 |                 return Err((old, value));\n    |                        ^^^ not found in this scope\n    |\nhelp: consider importing this tuple variant\n    |\n347 +     use core::result::Result::Err;\n    |\n\nerror[E0425]: cannot find function, tuple struct or tuple variant `Some` in this scope\n   --> /Users/graysonnocera/.cargo/registry/src/index.crates.io-6f17d22bba15001f/once_cell-1.14.0/src/lib.rs:522:21\n    |\n522 |             *slot = Some(value);\n    |                     ^^^^ not found in this scope\n    |\nhelp: consider importing this tuple variant\n    |\n347 +     use core::option::Option::Some;\n    |\n\nerror[E0425]: cannot find function, tuple struct or tuple variant `Ok` in this scope\n   --> /Users/graysonnocera/.cargo/registry/src/index.crates.io-6f17d22bba15001f/once_cell-1.14.0/src/lib.rs:523:13\n    |\n523 |             Ok(match &*slot {\n    |             ^^ not found in this scope\n    |\nhelp: consider importing this tuple variant\n    |\n347 +     use core::result::Result::Ok;\n    |\n\nerror[E0531]: cannot find tuple struct or tuple variant `Some` in this scope\n   --> /Users/graysonnocera/.cargo/registry/src/index.crates.io-6f17d22bba15001f/once_cell-1.14.0/src/lib.rs:524:17\n    |\n524 |                 Some(value) => value,\n    |                 ^^^^ not found in this scope\n    |\nhelp: consider importing this tuple variant\n    |\n347 +     use core::option::Option::Some;\n    |\n\nerror[E0405]: cannot find trait `FnOnce` in this scope\n   --> /Users/graysonnocera/.cargo/registry/src/index.crates.io-6f17d22bba15001f/once_cell-1.14.0/src/lib.rs:552:16\n    |\n552 |             F: FnOnce() -> T,\n    |                ^^^^^^ not found in this scope\n    |\nhelp: consider importing this trait\n    |\n347 +     use core::ops::FnOnce;\n    |\n\nerror[E0425]: cannot find function, tuple struct or tuple variant `Ok` in this scope\n   --> /Users/graysonnocera/.cargo/registry/src/index.crates.io-6f17d22bba15001f/once_cell-1.14.0/src/lib.rs:555:43\n    |\n555 |             match self.get_or_try_init(|| Ok::<T, Void>(f())) {\n    |                                           ^^ not found in this scope\n    |\nhelp: consider importing this tuple variant\n    |\n347 +     use core::result::Result::Ok;\n    |\n\nerror[E0531]: cannot find tuple struct or tuple variant `Ok` in this scope\n   --> /Users/graysonnocera/.cargo/registry/src/index.crates.io-6f17d22bba15001f/once_cell-1.14.0/src/lib.rs:556:17\n    |\n556 |                 Ok(val) => val,\n    |                 ^^ not found in this scope\n    |\nhelp: consider importing this tuple variant\n    |\n347 +     use core::result::Result::Ok;\n    |\n\nerror[E0531]: cannot find tuple struct or tuple variant `Err` in this scope\n   --> /Users/graysonnocera/.cargo/registry/src/index.crates.io-6f17d22bba15001f/once_cell-1.14.0/src/lib.rs:557:17\n    |\n557 |                 Err(void) => match void {},\n    |                 ^^^ not found in this scope\n    |\nhelp: consider importing this tuple variant\n    |\n347 +     use core::result::Result::Err;\n    |\n\nerror[E0405]: cannot find trait `FnOnce` in this scope\n   --> /Users/graysonnocera/.cargo/registry/src/index.crates.io-6f17d22bba15001f/once_cell-1.14.0/src/lib.rs:588:16\n    |\n588 |             F: FnOnce() -> Result<T, E>,\n    |                ^^^^^^ not found in this scope\n    |\nhelp: consider importing this trait\n    |\n347 +     use core::ops::FnOnce;\n    |\n\nerror[E0412]: cannot find type `Result` in this scope\n   --> /Users/graysonnocera/.cargo/registry/src/index.crates.io-6f17d22bba15001f/once_cell-1.14.0/src/lib.rs:588:28\n    |\n588 |             F: FnOnce() -> Result<T, E>,\n    |                            ^^^^^^ not found in this scope\n    |\nhelp: consider importing one of these items\n    |\n347 +     use crate::unsync::fmt::Result;\n    |\n347 +     use core::fmt::Result;\n    |\n347 +     use core::result::Result;\n    |\n347 +     use alloc::fmt::Result;\n    |\n\nerror[E0412]: cannot find type `Result` in this scope\n   --> /Users/graysonnocera/.cargo/registry/src/index.crates.io-6f17d22bba15001f/once_cell-1.14.0/src/lib.rs:586:54\n    |\n586 |         pub fn get_or_try_init<F, E>(&self, f: F) -> Result<&T, E>\n    |                                                      ^^^^^^ not found in this scope\n    |\nhelp: consider importing one of these items\n    |\n347 +     use crate::unsync::fmt::Result;\n    |\n347 +     use core::fmt::Result;\n    |\n347 +     use core::result::Result;\n    |\n347 +     use alloc::fmt::Result;\n    |\n\nerror[E0531]: cannot find tuple struct or tuple variant `Some` in this scope\n   --> /Users/graysonnocera/.cargo/registry/src/index.crates.io-6f17d22bba15001f/once_cell-1.14.0/src/lib.rs:590:20\n    |\n590 |             if let Some(val) = self.get() {\n    |                    ^^^^ not found in this scope\n    |\nhelp: consider importing this tuple variant\n    |\n347 +     use core::option::Option::Some;\n    |\n\nerror[E0425]: cannot find function, tuple struct or tuple variant `Ok` in this scope\n   --> /Users/graysonnocera/.cargo/registry/src/index.crates.io-6f17d22bba15001f/once_cell-1.14.0/src/lib.rs:591:24\n    |\n591 |                 return Ok(val);\n    |                        ^^ not found in this scope\n    |\nhelp: consider importing this tuple variant\n    |\n347 +     use core::result::Result::Ok;\n    |\n\nerror[E0425]: cannot find function, tuple struct or tuple variant `Ok` in this scope\n   --> /Users/graysonnocera/.cargo/registry/src/index.crates.io-6f17d22bba15001f/once_cell-1.14.0/src/lib.rs:599:13\n    |\n599 |             Ok(self.get().unwrap())\n    |             ^^ not found in this scope\n    |\nhelp: consider importing this tuple variant\n    |\n347 +     use core::result::Result::Ok;\n    |\n\nerror[E0412]: cannot find type `Option` in this scope\n   --> /Users/graysonnocera/.cargo/registry/src/index.crates.io-6f17d22bba15001f/once_cell-1.14.0/src/lib.rs:631:35\n    |\n631 |         pub fn take(&mut self) -> Option<T> {\n    |                                   ^^^^^^ not found in this scope\n    |\nhelp: consider importing this enum\n    |\n347 +     use core::option::Option;\n    |\n\nerror[E0412]: cannot find type `Option` in this scope\n   --> /Users/graysonnocera/.cargo/registry/src/index.crates.io-6f17d22bba15001f/once_cell-1.14.0/src/lib.rs:651:36\n    |\n651 |         pub fn into_inner(self) -> Option<T> {\n    |                                    ^^^^^^ not found in this scope\n    |\nhelp: consider importing this enum\n    |\n347 +     use core::option::Option;\n    |\n\nerror[E0412]: cannot find type `Option` in this scope\n   --> /Users/graysonnocera/.cargo/registry/src/index.crates.io-6f17d22bba15001f/once_cell-1.14.0/src/lib.rs:680:20\n    |\n680 |         init: Cell<Option<F>>,\n    |                    ^^^^^^ not found in this scope\n    |\nhelp: consider importing this enum\n    |\n347 +     use core::option::Option;\n    |\n\nerror[E0425]: cannot find function, tuple struct or tuple variant `Some` in this scope\n   --> /Users/graysonnocera/.cargo/registry/src/index.crates.io-6f17d22bba15001f/once_cell-1.14.0/src/lib.rs:708:59\n    |\n708 |             Lazy { cell: OnceCell::new(), init: Cell::new(Some(init)) }\n    |                                                           ^^^^ not found in this scope\n    |\nhelp: consider importing this tuple variant\n    |\n347 +     use core::option::Option::Some;\n    |\n\nerror[E0412]: cannot find type `Result` in this scope\n   --> /Users/graysonnocera/.cargo/registry/src/index.crates.io-6f17d22bba15001f/once_cell-1.14.0/src/lib.rs:714:48\n    |\n714 |         pub fn into_value(this: Lazy<T, F>) -> Result<T, F> {\n    |                                                ^^^^^^ not found in this scope\n    |\nhelp: consider importing one of these items\n    |\n347 +     use crate::unsync::fmt::Result;\n    |\n347 +     use core::fmt::Result;\n    |\n347 +     use core::result::Result;\n    |\n347 +     use alloc::fmt::Result;\n    |\n\nerror[E0405]: cannot find trait `FnOnce` in this scope\n   --> /Users/graysonnocera/.cargo/registry/src/index.crates.io-6f17d22bba15001f/once_cell-1.14.0/src/lib.rs:723:16\n    |\n723 |     impl<T, F: FnOnce() -> T> Lazy<T, F> {\n    |                ^^^^^^ not found in this scope\n    |\nhelp: consider importing this trait\n    |\n347 +     use core::ops::FnOnce;\n    |\n\nerror[E0531]: cannot find tuple struct or tuple variant `Some` in this scope\n   --> /Users/graysonnocera/.cargo/registry/src/index.crates.io-6f17d22bba15001f/once_cell-1.14.0/src/lib.rs:740:17\n    |\n740 |                 Some(f) => f(),\n    |                 ^^^^ not found in this scope\n    |\nhelp: consider importing this tuple variant\n    |\n347 +     use core::option::Option::Some;\n    |\n\nerror[E0412]: cannot find type `Option` in this scope\n   --> /Users/graysonnocera/.cargo/registry/src/index.crates.io-6f17d22bba15001f/once_cell-1.14.0/src/lib.rs:777:42\n    |\n777 |         pub fn get(this: &Lazy<T, F>) -> Option<&T> {\n    |                                          ^^^^^^ not found in this scope\n    |\nhelp: consider importing this enum\n    |\n347 +     use core::option::Option;\n    |\n\nerror[E0412]: cannot find type `Option` in this scope\n   --> /Users/graysonnocera/.cargo/registry/src/index.crates.io-6f17d22bba15001f/once_cell-1.14.0/src/lib.rs:794:50\n    |\n794 |         pub fn get_mut(this: &mut Lazy<T, F>) -> Option<&mut T> {\n    |                                                  ^^^^^^ not found in this scope\n    |\nhelp: consider importing this enum\n    |\n347 +     use core::option::Option;\n    |\n\nerror[E0405]: cannot find trait `FnOnce` in this scope\n   --> /Users/graysonnocera/.cargo/registry/src/index.crates.io-6f17d22bba15001f/once_cell-1.14.0/src/lib.rs:799:16\n    |\n799 |     impl<T, F: FnOnce() -> T> Deref for Lazy<T, F> {\n    |                ^^^^^^ not found in this scope\n    |\nhelp: consider importing this trait\n    |\n347 +     use core::ops::FnOnce;\n    |\n\nerror[E0405]: cannot find trait `FnOnce` in this scope\n   --> /Users/graysonnocera/.cargo/registry/src/index.crates.io-6f17d22bba15001f/once_cell-1.14.0/src/lib.rs:806:16\n    |\n806 |     impl<T, F: FnOnce() -> T> DerefMut for Lazy<T, F> {\n    |                ^^^^^^ not found in this scope\n    |\nhelp: consider importing this trait\n    |\n347 +     use core::ops::FnOnce;\n    |\n\nerror[E0405]: cannot find trait `Default` in this scope\n   --> /Users/graysonnocera/.cargo/registry/src/index.crates.io-6f17d22bba15001f/once_cell-1.14.0/src/lib.rs:813:22\n    |\n813 |     impl<T: Default> Default for Lazy<T> {\n    |                      ^^^^^^^ not found in this scope\n    |\nhelp: consider importing this trait\n    |\n347 +     use core::default::Default;\n    |\n\nerror[E0405]: cannot find trait `Default` in this scope\n   --> /Users/graysonnocera/.cargo/registry/src/index.crates.io-6f17d22bba15001f/once_cell-1.14.0/src/lib.rs:813:13\n    |\n813 |     impl<T: Default> Default for Lazy<T> {\n    |             ^^^^^^^ not found in this scope\n    |\nhelp: consider importing this trait\n    |\n347 +     use core::default::Default;\n    |\n\nerror[E0405]: cannot find trait `Default` in this scope\n   --> /Users/graysonnocera/.cargo/registry/src/index.crates.io-6f17d22bba15001f/once_cell-1.14.0/src/lib.rs:863:13\n    |\n863 |     impl<T> Default for OnceCell<T> {\n    |             ^^^^^^^ not found in this scope\n    |\nhelp: consider importing this trait\n    |\n824 +     use core::default::Default;\n    |\n\nerror[E0531]: cannot find tuple struct or tuple variant `Some` in this scope\n   --> /Users/graysonnocera/.cargo/registry/src/index.crates.io-6f17d22bba15001f/once_cell-1.14.0/src/lib.rs:872:17\n    |\n872 |                 Some(v) => f.debug_tuple(\"OnceCell\").field(v).finish(),\n    |                 ^^^^ not found in this scope\n    |\nhelp: consider importing this tuple variant\n    |\n824 +     use core::option::Option::Some;\n    |\n\nerror[E0405]: cannot find trait `Clone` in this scope\n   --> /Users/graysonnocera/.cargo/registry/src/index.crates.io-6f17d22bba15001f/once_cell-1.14.0/src/lib.rs:878:20\n    |\n878 |     impl<T: Clone> Clone for OnceCell<T> {\n    |                    ^^^^^ not found in this scope\n    |\nhelp: consider importing this trait\n    |\n824 +     use core::clone::Clone;\n    |\n\nerror[E0405]: cannot find trait `Clone` in this scope\n   --> /Users/graysonnocera/.cargo/registry/src/index.crates.io-6f17d22bba15001f/once_cell-1.14.0/src/lib.rs:878:13\n    |\n878 |     impl<T: Clone> Clone for OnceCell<T> {\n    |             ^^^^^ not found in this scope\n    |\nhelp: consider importing this trait\n    |\n824 +     use core::clone::Clone;\n    |\n\nerror[E0531]: cannot find tuple struct or tuple variant `Some` in this scope\n   --> /Users/graysonnocera/.cargo/registry/src/index.crates.io-6f17d22bba15001f/once_cell-1.14.0/src/lib.rs:881:17\n    |\n881 |                 Some(value) => Self::with_value(value.clone()),\n    |                 ^^^^ not found in this scope\n    |\nhelp: consider importing this tuple variant\n    |\n824 +     use core::option::Option::Some;\n    |\n\nerror[E0531]: cannot find tuple struct or tuple variant `Some` in this scope\n   --> /Users/graysonnocera/.cargo/registry/src/index.crates.io-6f17d22bba15001f/once_cell-1.14.0/src/lib.rs:888:18\n    |\n888 |                 (Some(this), Some(source)) => this.clone_from(source),\n    |                  ^^^^ not found in this scope\n    |\nhelp: consider importing this tuple variant\n    |\n824 +     use core::option::Option::Some;\n    |\n\nerror[E0531]: cannot find tuple struct or tuple variant `Some` in this scope\n   --> /Users/graysonnocera/.cargo/registry/src/index.crates.io-6f17d22bba15001f/once_cell-1.14.0/src/lib.rs:888:30\n    |\n888 |                 (Some(this), Some(source)) => this.clone_from(source),\n    |                              ^^^^ not found in this scope\n    |\nhelp: consider importing this tuple variant\n    |\n824 +     use core::option::Option::Some;\n    |\n\nerror[E0405]: cannot find trait `From` in this scope\n   --> /Users/graysonnocera/.cargo/registry/src/index.crates.io-6f17d22bba15001f/once_cell-1.14.0/src/lib.rs:894:13\n    |\n894 |     impl<T> From<T> for OnceCell<T> {\n    |             ^^^^ not found in this scope\n    |\nhelp: consider importing this trait\n    |\n824 +     use core::convert::From;\n    |\n\nerror[E0405]: cannot find trait `PartialEq` in this scope\n   --> /Users/graysonnocera/.cargo/registry/src/index.crates.io-6f17d22bba15001f/once_cell-1.14.0/src/lib.rs:900:24\n    |\n900 |     impl<T: PartialEq> PartialEq for OnceCell<T> {\n    |                        ^^^^^^^^^ not found in this scope\n    |\nhelp: consider importing this trait\n    |\n824 +     use core::cmp::PartialEq;\n    |\n\nerror[E0405]: cannot find trait `PartialEq` in this scope\n   --> /Users/graysonnocera/.cargo/registry/src/index.crates.io-6f17d22bba15001f/once_cell-1.14.0/src/lib.rs:900:13\n    |\n900 |     impl<T: PartialEq> PartialEq for OnceCell<T> {\n    |             ^^^^^^^^^ not found in this scope\n    |\nhelp: consider importing this trait\n    |\n824 +     use core::cmp::PartialEq;\n    |\n\nerror[E0405]: cannot find trait `Eq` in this scope\n   --> /Users/graysonnocera/.cargo/registry/src/index.crates.io-6f17d22bba15001f/once_cell-1.14.0/src/lib.rs:906:17\n    |\n906 |     impl<T: Eq> Eq for OnceCell<T> {}\n    |                 ^^ not found in this scope\n    |\nhelp: consider importing this trait\n    |\n824 +     use core::cmp::Eq;\n    |\n\nerror[E0405]: cannot find trait `Eq` in this scope\n   --> /Users/graysonnocera/.cargo/registry/src/index.crates.io-6f17d22bba15001f/once_cell-1.14.0/src/lib.rs:906:13\n    |\n906 |     impl<T: Eq> Eq for OnceCell<T> {}\n    |             ^^ not found in this scope\n    |\nhelp: consider importing this trait\n    |\n824 +     use core::cmp::Eq;\n    |\n\nerror[E0412]: cannot find type `Option` in this scope\n   --> /Users/graysonnocera/.cargo/registry/src/index.crates.io-6f17d22bba15001f/once_cell-1.14.0/src/lib.rs:923:30\n    |\n923 |         pub fn get(&self) -> Option<&T> {\n    |                              ^^^^^^ not found in this scope\n    |\nhelp: consider importing this enum\n    |\n824 +     use core::option::Option;\n    |\n\nerror[E0425]: cannot find function, tuple struct or tuple variant `Some` in this scope\n   --> /Users/graysonnocera/.cargo/registry/src/index.crates.io-6f17d22bba15001f/once_cell-1.14.0/src/lib.rs:926:17\n    |\n926 |                 Some(unsafe { self.get_unchecked() })\n    |                 ^^^^ not found in this scope\n    |\nhelp: consider importing this tuple variant\n    |\n824 +     use core::option::Option::Some;\n    |\n\nerror[E0425]: cannot find value `None` in this scope\n   --> /Users/graysonnocera/.cargo/registry/src/index.crates.io-6f17d22bba15001f/once_cell-1.14.0/src/lib.rs:928:17\n    |\n928 |                 None\n    |                 ^^^^ not found in this scope\n    |\nhelp: consider importing this unit variant\n    |\n824 +     use core::option::Option::None;\n    |\n\nerror[E0412]: cannot find type `Option` in this scope\n   --> /Users/graysonnocera/.cargo/registry/src/index.crates.io-6f17d22bba15001f/once_cell-1.14.0/src/lib.rs:977:38\n    |\n977 |         pub fn get_mut(&mut self) -> Option<&mut T> {\n    |                                      ^^^^^^ not found in this scope\n    |\nhelp: consider importing this enum\n    |\n824 +     use core::option::Option;\n    |\n\nerror[E0412]: cannot find type `Result` in this scope\n    --> /Users/graysonnocera/.cargo/registry/src/index.crates.io-6f17d22bba15001f/once_cell-1.14.0/src/lib.rs:1015:40\n     |\n1015 |         pub fn set(&self, value: T) -> Result<(), T> {\n     |                                        ^^^^^^ not found in this scope\n     |\nhelp: consider importing one of these items\n     |\n824  +     use core::fmt::Result;\n     |\n824  +     use core::result::Result;\n     |\n824  +     use alloc::fmt::Result;\n     |\n\nerror[E0531]: cannot find tuple struct or tuple variant `Ok` in this scope\n    --> /Users/graysonnocera/.cargo/registry/src/index.crates.io-6f17d22bba15001f/once_cell-1.14.0/src/lib.rs:1017:17\n     |\n1017 |                 Ok(_) => Ok(()),\n     |                 ^^ not found in this scope\n     |\nhelp: consider importing this tuple variant\n     |\n824  +     use core::result::Result::Ok;\n     |\n\nerror[E0425]: cannot find function, tuple struct or tuple variant `Ok` in this scope\n    --> /Users/graysonnocera/.cargo/registry/src/index.crates.io-6f17d22bba15001f/once_cell-1.14.0/src/lib.rs:1017:26\n     |\n1017 |                 Ok(_) => Ok(()),\n     |                          ^^ not found in this scope\n     |\nhelp: consider importing this tuple variant\n     |\n824  +     use core::result::Result::Ok;\n     |\n\nerror[E0531]: cannot find tuple struct or tuple variant `Err` in this scope\n    --> /Users/graysonnocera/.cargo/registry/src/index.crates.io-6f17d22bba15001f/once_cell-1.14.0/src/lib.rs:1018:17\n     |\n1018 |                 Err((_, value)) => Err(value),\n     |                 ^^^ not found in this scope\n     |\nhelp: consider importing this tuple variant\n     |\n824  +     use core::result::Result::Err;\n     |\n\nerror[E0425]: cannot find function, tuple struct or tuple variant `Err` in this scope\n    --> /Users/graysonnocera/.cargo/registry/src/index.crates.io-6f17d22bba15001f/once_cell-1.14.0/src/lib.rs:1018:36\n     |\n1018 |                 Err((_, value)) => Err(value),\n     |                                    ^^^ not found in this scope\n     |\nhelp: consider importing this tuple variant\n     |\n824  +     use core::result::Result::Err;\n     |\n\nerror[E0412]: cannot find type `Result` in this scope\n    --> /Users/graysonnocera/.cargo/registry/src/index.crates.io-6f17d22bba15001f/once_cell-1.14.0/src/lib.rs:1037:47\n     |\n1037 |         pub fn try_insert(&self, value: T) -> Result<&T, (&T, T)> {\n     |                                               ^^^^^^ not found in this scope\n     |\nhelp: consider importing one of these items\n     |\n824  +     use core::fmt::Result;\n     |\n824  +     use core::result::Result;\n     |\n824  +     use alloc::fmt::Result;\n     |\n\nerror[E0425]: cannot find function, tuple struct or tuple variant `Some` in this scope\n    --> /Users/graysonnocera/.cargo/registry/src/index.crates.io-6f17d22bba15001f/once_cell-1.14.0/src/lib.rs:1038:29\n     |\n1038 |             let mut value = Some(value);\n     |                             ^^^^ not found in this scope\n     |\nhelp: consider importing this tuple variant\n     |\n824  +     use core::option::Option::Some;\n     |\n\nerror[E0425]: cannot find function, tuple struct or tuple variant `Ok` in this scope\n    --> /Users/graysonnocera/.cargo/registry/src/index.crates.io-6f17d22bba15001f/once_cell-1.14.0/src/lib.rs:1041:25\n     |\n1041 |                 None => Ok(res),\n     |                         ^^ not found in this scope\n     |\nhelp: consider importing this tuple variant\n     |\n824  +     use core::result::Result::Ok;\n     |\n\nerror[E0531]: cannot find tuple struct or tuple variant `Some` in this scope\n    --> /Users/graysonnocera/.cargo/registry/src/index.crates.io-6f17d22bba15001f/once_cell-1.14.0/src/lib.rs:1042:17\n     |\n1042 |                 Some(value) => Err((res, value)),\n     |                 ^^^^ not found in this scope\n     |\nhelp: consider importing this tuple variant\n     |\n824  +     use core::option::Option::Some;\n     |\n\nerror[E0425]: cannot find function, tuple struct or tuple variant `Err` in this scope\n    --> /Users/graysonnocera/.cargo/registry/src/index.crates.io-6f17d22bba15001f/once_cell-1.14.0/src/lib.rs:1042:32\n     |\n1042 |                 Some(value) => Err((res, value)),\n     |                                ^^^ not found in this scope\n     |\nhelp: consider importing this tuple variant\n     |\n824  +     use core::result::Result::Err;\n     |\n\nerror[E0405]: cannot find trait `FnOnce` in this scope\n    --> /Users/graysonnocera/.cargo/registry/src/index.crates.io-6f17d22bba15001f/once_cell-1.14.0/src/lib.rs:1074:16\n     |\n1074 |             F: FnOnce() -> T,\n     |                ^^^^^^ not found in this scope\n     |\nhelp: consider importing this trait\n     |\n824  +     use core::ops::FnOnce;\n     |\n\nerror[E0425]: cannot find function, tuple struct or tuple variant `Ok` in this scope\n    --> /Users/graysonnocera/.cargo/registry/src/index.crates.io-6f17d22bba15001f/once_cell-1.14.0/src/lib.rs:1077:43\n     |\n1077 |             match self.get_or_try_init(|| Ok::<T, Void>(f())) {\n     |                                           ^^ not found in this scope\n     |\nhelp: consider importing this tuple variant\n     |\n824  +     use core::result::Result::Ok;\n     |\n\nerror[E0531]: cannot find tuple struct or tuple variant `Ok` in this scope\n    --> /Users/graysonnocera/.cargo/registry/src/index.crates.io-6f17d22bba15001f/once_cell-1.14.0/src/lib.rs:1078:17\n     |\n1078 |                 Ok(val) => val,\n     |                 ^^ not found in this scope\n     |\nhelp: consider importing this tuple variant\n     |\n824  +     use core::result::Result::Ok;\n     |\n\nerror[E0531]: cannot find tuple struct or tuple variant `Err` in this scope\n    --> /Users/graysonnocera/.cargo/registry/src/index.crates.io-6f17d22bba15001f/once_cell-1.14.0/src/lib.rs:1079:17\n     |\n1079 |                 Err(void) => match void {},\n     |                 ^^^ not found in this scope\n     |\nhelp: consider importing this tuple variant\n     |\n824  +     use core::result::Result::Err;\n     |\n\nerror[E0405]: cannot find trait `FnOnce` in this scope\n    --> /Users/graysonnocera/.cargo/registry/src/index.crates.io-6f17d22bba15001f/once_cell-1.14.0/src/lib.rs:1111:16\n     |\n1111 |             F: FnOnce() -> Result<T, E>,\n     |                ^^^^^^ not found in this scope\n     |\nhelp: consider importing this trait\n     |\n824  +     use core::ops::FnOnce;\n     |\n\nerror[E0412]: cannot find type `Result` in this scope\n    --> /Users/graysonnocera/.cargo/registry/src/index.crates.io-6f17d22bba15001f/once_cell-1.14.0/src/lib.rs:1111:28\n     |\n1111 |             F: FnOnce() -> Result<T, E>,\n     |                            ^^^^^^ not found in this scope\n     |\nhelp: consider importing one of these items\n     |\n824  +     use core::fmt::Result;\n     |\n824  +     use core::result::Result;\n     |\n824  +     use alloc::fmt::Result;\n     |\n\nerror[E0412]: cannot find type `Result` in this scope\n    --> /Users/graysonnocera/.cargo/registry/src/index.crates.io-6f17d22bba15001f/once_cell-1.14.0/src/lib.rs:1109:54\n     |\n1109 |         pub fn get_or_try_init<F, E>(&self, f: F) -> Result<&T, E>\n     |                                                      ^^^^^^ not found in this scope\n     |\nhelp: consider importing one of these items\n     |\n824  +     use core::fmt::Result;\n     |\n824  +     use core::result::Result;\n     |\n824  +     use alloc::fmt::Result;\n     |\n\nerror[E0531]: cannot find tuple struct or tuple variant `Some` in this scope\n    --> /Users/graysonnocera/.cargo/registry/src/index.crates.io-6f17d22bba15001f/once_cell-1.14.0/src/lib.rs:1114:20\n     |\n1114 |             if let Some(value) = self.get() {\n     |                    ^^^^ not found in this scope\n     |\nhelp: consider importing this tuple variant\n     |\n824  +     use core::option::Option::Some;\n     |\n\nerror[E0425]: cannot find function, tuple struct or tuple variant `Ok` in this scope\n    --> /Users/graysonnocera/.cargo/registry/src/index.crates.io-6f17d22bba15001f/once_cell-1.14.0/src/lib.rs:1115:24\n     |\n1115 |                 return Ok(value);\n     |                        ^^ not found in this scope\n     |\nhelp: consider importing this tuple variant\n     |\n824  +     use core::result::Result::Ok;\n     |\n\nerror[E0425]: cannot find function, tuple struct or tuple variant `Ok` in this scope\n    --> /Users/graysonnocera/.cargo/registry/src/index.crates.io-6f17d22bba15001f/once_cell-1.14.0/src/lib.rs:1121:13\n     |\n1121 |             Ok(unsafe { self.get_unchecked() })\n     |             ^^ not found in this scope\n     |\nhelp: consider importing this tuple variant\n     |\n824  +     use core::result::Result::Ok;\n     |\n\nerror[E0412]: cannot find type `Option` in this scope\n    --> /Users/graysonnocera/.cargo/registry/src/index.crates.io-6f17d22bba15001f/once_cell-1.14.0/src/lib.rs:1153:35\n     |\n1153 |         pub fn take(&mut self) -> Option<T> {\n     |                                   ^^^^^^ not found in this scope\n     |\nhelp: consider importing this enum\n     |\n824  +     use core::option::Option;\n     |\n\nerror[E0412]: cannot find type `Option` in this scope\n    --> /Users/graysonnocera/.cargo/registry/src/index.crates.io-6f17d22bba15001f/once_cell-1.14.0/src/lib.rs:1172:36\n     |\n1172 |         pub fn into_inner(self) -> Option<T> {\n     |                                    ^^^^^^ not found in this scope\n     |\nhelp: consider importing this enum\n     |\n824  +     use core::option::Option;\n     |\n\nerror[E0412]: cannot find type `Option` in this scope\n    --> /Users/graysonnocera/.cargo/registry/src/index.crates.io-6f17d22bba15001f/once_cell-1.14.0/src/lib.rs:1212:20\n     |\n1212 |         init: Cell<Option<F>>,\n     |                    ^^^^^^ not found in this scope\n     |\nhelp: consider importing this enum\n     |\n824  +     use core::option::Option;\n     |\n\nerror[E0405]: cannot find trait `Sync` in this scope\n    --> /Users/graysonnocera/.cargo/registry/src/index.crates.io-6f17d22bba15001f/once_cell-1.14.0/src/lib.rs:1225:29\n     |\n1225 |     unsafe impl<T, F: Send> Sync for Lazy<T, F> where OnceCell<T>: Sync {}\n     |                             ^^^^ not found in this scope\n     |\nhelp: consider importing this trait\n     |\n824  +     use core::marker::Sync;\n     |\n\nerror[E0405]: cannot find trait `Send` in this scope\n    --> /Users/graysonnocera/.cargo/registry/src/index.crates.io-6f17d22bba15001f/once_cell-1.14.0/src/lib.rs:1225:23\n     |\n1225 |     unsafe impl<T, F: Send> Sync for Lazy<T, F> where OnceCell<T>: Sync {}\n     |                       ^^^^ not found in this scope\n     |\nhelp: consider importing this trait\n     |\n824  +     use core::marker::Send;\n     |\n\nerror[E0405]: cannot find trait `Sync` in this scope\n    --> /Users/graysonnocera/.cargo/registry/src/index.crates.io-6f17d22bba15001f/once_cell-1.14.0/src/lib.rs:1225:68\n     |\n1225 |     unsafe impl<T, F: Send> Sync for Lazy<T, F> where OnceCell<T>: Sync {}\n     |                                                                    ^^^^ not found in this scope\n     |\nhelp: consider importing this trait\n     |\n824  +     use core::marker::Sync;\n     |\n\nerror[E0425]: cannot find function, tuple struct or tuple variant `Some` in this scope\n    --> /Users/graysonnocera/.cargo/registry/src/index.crates.io-6f17d22bba15001f/once_cell-1.14.0/src/lib.rs:1235:59\n     |\n1235 |             Lazy { cell: OnceCell::new(), init: Cell::new(Some(f)) }\n     |                                                           ^^^^ not found in this scope\n     |\nhelp: consider importing this tuple variant\n     |\n824  +     use core::option::Option::Some;\n     |\n\nerror[E0412]: cannot find type `Result` in this scope\n    --> /Users/graysonnocera/.cargo/registry/src/index.crates.io-6f17d22bba15001f/once_cell-1.14.0/src/lib.rs:1241:48\n     |\n1241 |         pub fn into_value(this: Lazy<T, F>) -> Result<T, F> {\n     |                                                ^^^^^^ not found in this scope\n     |\nhelp: consider importing one of these items\n     |\n824  +     use core::fmt::Result;\n     |\n824  +     use core::result::Result;\n     |\n824  +     use alloc::fmt::Result;\n     |\n\nerror[E0405]: cannot find trait `FnOnce` in this scope\n    --> /Users/graysonnocera/.cargo/registry/src/index.crates.io-6f17d22bba15001f/once_cell-1.14.0/src/lib.rs:1250:16\n     |\n1250 |     impl<T, F: FnOnce() -> T> Lazy<T, F> {\n     |                ^^^^^^ not found in this scope\n     |\nhelp: consider importing this trait\n     |\n824  +     use core::ops::FnOnce;\n     |\n\nerror[E0531]: cannot find tuple struct or tuple variant `Some` in this scope\n    --> /Users/graysonnocera/.cargo/registry/src/index.crates.io-6f17d22bba15001f/once_cell-1.14.0/src/lib.rs:1266:17\n     |\n1266 |                 Some(f) => f(),\n     |                 ^^^^ not found in this scope\n     |\nhelp: consider importing this tuple variant\n     |\n824  +     use core::option::Option::Some;\n     |\n\nerror[E0412]: cannot find type `Option` in this scope\n    --> /Users/graysonnocera/.cargo/registry/src/index.crates.io-6f17d22bba15001f/once_cell-1.14.0/src/lib.rs:1301:42\n     |\n1301 |         pub fn get(this: &Lazy<T, F>) -> Option<&T> {\n     |                                          ^^^^^^ not found in this scope\n     |\nhelp: consider importing this enum\n     |\n824  +     use core::option::Option;\n     |\n\nerror[E0412]: cannot find type `Option` in this scope\n    --> /Users/graysonnocera/.cargo/registry/src/index.crates.io-6f17d22bba15001f/once_cell-1.14.0/src/lib.rs:1318:50\n     |\n1318 |         pub fn get_mut(this: &mut Lazy<T, F>) -> Option<&mut T> {\n     |                                                  ^^^^^^ not found in this scope\n     |\nhelp: consider importing this enum\n     |\n824  +     use core::option::Option;\n     |\n\nerror[E0405]: cannot find trait `FnOnce` in this scope\n    --> /Users/graysonnocera/.cargo/registry/src/index.crates.io-6f17d22bba15001f/once_cell-1.14.0/src/lib.rs:1323:16\n     |\n1323 |     impl<T, F: FnOnce() -> T> Deref for Lazy<T, F> {\n     |                ^^^^^^ not found in this scope\n     |\nhelp: consider importing this trait\n     |\n824  +     use core::ops::FnOnce;\n     |\n\nerror[E0405]: cannot find trait `FnOnce` in this scope\n    --> /Users/graysonnocera/.cargo/registry/src/index.crates.io-6f17d22bba15001f/once_cell-1.14.0/src/lib.rs:1330:16\n     |\n1330 |     impl<T, F: FnOnce() -> T> DerefMut for Lazy<T, F> {\n     |                ^^^^^^ not found in this scope\n     |\nhelp: consider importing this trait\n     |\n824  +     use core::ops::FnOnce;\n     |\n\nerror[E0405]: cannot find trait `Default` in this scope\n    --> /Users/graysonnocera/.cargo/registry/src/index.crates.io-6f17d22bba15001f/once_cell-1.14.0/src/lib.rs:1337:22\n     |\n1337 |     impl<T: Default> Default for Lazy<T> {\n     |                      ^^^^^^^ not found in this scope\n     |\nhelp: consider importing this trait\n     |\n824  +     use core::default::Default;\n     |\n\nerror[E0405]: cannot find trait `Default` in this scope\n    --> /Users/graysonnocera/.cargo/registry/src/index.crates.io-6f17d22bba15001f/once_cell-1.14.0/src/lib.rs:1337:13\n     |\n1337 |     impl<T: Default> Default for Lazy<T> {\n     |             ^^^^^^^ not found in this scope\n     |\nhelp: consider importing this trait\n     |\n824  +     use core::default::Default;\n     |\n\nerror[E0412]: cannot find type `Option` in this scope\n  --> /Users/graysonnocera/.cargo/registry/src/index.crates.io-6f17d22bba15001f/once_cell-1.14.0/src/race.rs:45:26\n   |\n45 |     pub fn get(&self) -> Option<NonZeroUsize> {\n   |                          ^^^^^^ not found in this scope\n   |\nhelp: consider importing this enum\n   |\n24 + use core::option::Option;\n   |\n\nerror[E0412]: cannot find type `Result` in this scope\n  --> /Users/graysonnocera/.cargo/registry/src/index.crates.io-6f17d22bba15001f/once_cell-1.14.0/src/race.rs:55:47\n   |\n55 |     pub fn set(&self, value: NonZeroUsize) -> Result<(), ()> {\n   |                                               ^^^^^^ not found in this scope\n   |\nhelp: consider importing one of these items\n   |\n24 + use core::fmt::Result;\n   |\n24 + use core::result::Result;\n   |\n24 + use alloc::fmt::Result;\n   |\n\nerror[E0531]: cannot find tuple struct or tuple variant `Ok` in this scope\n  --> /Users/graysonnocera/.cargo/registry/src/index.crates.io-6f17d22bba15001f/once_cell-1.14.0/src/race.rs:59:13\n   |\n59 |             Ok(_) => Ok(()),\n   |             ^^ not found in this scope\n   |\nhelp: consider importing this tuple variant\n   |\n24 + use core::result::Result::Ok;\n   |\n\nerror[E0425]: cannot find function, tuple struct or tuple variant `Ok` in this scope\n  --> /Users/graysonnocera/.cargo/registry/src/index.crates.io-6f17d22bba15001f/once_cell-1.14.0/src/race.rs:59:22\n   |\n59 |             Ok(_) => Ok(()),\n   |                      ^^ not found in this scope\n   |\nhelp: consider importing this tuple variant\n   |\n24 + use core::result::Result::Ok;\n   |\n\nerror[E0531]: cannot find tuple struct or tuple variant `Err` in this scope\n  --> /Users/graysonnocera/.cargo/registry/src/index.crates.io-6f17d22bba15001f/once_cell-1.14.0/src/race.rs:60:13\n   |\n60 |             Err(_) => Err(()),\n   |             ^^^ not found in this scope\n   |\nhelp: consider importing this tuple variant\n   |\n24 + use core::result::Result::Err;\n   |\n\nerror[E0425]: cannot find function, tuple struct or tuple variant `Err` in this scope\n  --> /Users/graysonnocera/.cargo/registry/src/index.crates.io-6f17d22bba15001f/once_cell-1.14.0/src/race.rs:60:23\n   |\n60 |             Err(_) => Err(()),\n   |                       ^^^ not found in this scope\n   |\nhelp: consider importing this tuple variant\n   |\n24 + use core::result::Result::Err;\n   |\n\nerror[E0405]: cannot find trait `FnOnce` in this scope\n  --> /Users/graysonnocera/.cargo/registry/src/index.crates.io-6f17d22bba15001f/once_cell-1.14.0/src/race.rs:72:12\n   |\n72 |         F: FnOnce() -> NonZeroUsize,\n   |            ^^^^^^ not found in this scope\n   |\nhelp: consider importing this trait\n   |\n24 + use core::ops::FnOnce;\n   |\n\nerror[E0425]: cannot find function, tuple struct or tuple variant `Ok` in this scope\n  --> /Users/graysonnocera/.cargo/registry/src/index.crates.io-6f17d22bba15001f/once_cell-1.14.0/src/race.rs:75:39\n   |\n75 |         match self.get_or_try_init(|| Ok::<NonZeroUsize, Void>(f())) {\n   |                                       ^^ not found in this scope\n   |\nhelp: consider importing this tuple variant\n   |\n24 + use core::result::Result::Ok;\n   |\n\nerror[E0531]: cannot find tuple struct or tuple variant `Ok` in this scope\n  --> /Users/graysonnocera/.cargo/registry/src/index.crates.io-6f17d22bba15001f/once_cell-1.14.0/src/race.rs:76:13\n   |\n76 |             Ok(val) => val,\n   |             ^^ not found in this scope\n   |\nhelp: consider importing this tuple variant\n   |\n24 + use core::result::Result::Ok;\n   |\n\nerror[E0531]: cannot find tuple struct or tuple variant `Err` in this scope\n  --> /Users/graysonnocera/.cargo/registry/src/index.crates.io-6f17d22bba15001f/once_cell-1.14.0/src/race.rs:77:13\n   |\n77 |             Err(void) => match void {},\n   |             ^^^ not found in this scope\n   |\nhelp: consider importing this tuple variant\n   |\n24 + use core::result::Result::Err;\n   |\n\nerror[E0405]: cannot find trait `FnOnce` in this scope\n  --> /Users/graysonnocera/.cargo/registry/src/index.crates.io-6f17d22bba15001f/once_cell-1.14.0/src/race.rs:90:12\n   |\n90 |         F: FnOnce() -> Result<NonZeroUsize, E>,\n   |            ^^^^^^ not found in this scope\n   |\nhelp: consider importing this trait\n   |\n24 + use core::ops::FnOnce;\n   |\n\nerror[E0412]: cannot find type `Result` in this scope\n  --> /Users/graysonnocera/.cargo/registry/src/index.crates.io-6f17d22bba15001f/once_cell-1.14.0/src/race.rs:90:24\n   |\n90 |         F: FnOnce() -> Result<NonZeroUsize, E>,\n   |                        ^^^^^^ not found in this scope\n   |\nhelp: consider importing one of these items\n   |\n24 + use core::fmt::Result;\n   |\n24 + use core::result::Result;\n   |\n24 + use alloc::fmt::Result;\n   |\n\nerror[E0412]: cannot find type `Result` in this scope\n  --> /Users/graysonnocera/.cargo/registry/src/index.crates.io-6f17d22bba15001f/once_cell-1.14.0/src/race.rs:88:50\n   |\n88 |     pub fn get_or_try_init<F, E>(&self, f: F) -> Result<NonZeroUsize, E>\n   |                                                  ^^^^^^ not found in this scope\n   |\nhelp: consider importing one of these items\n   |\n24 + use core::fmt::Result;\n   |\n24 + use core::result::Result;\n   |\n24 + use alloc::fmt::Result;\n   |\n\nerror[E0531]: cannot find tuple struct or tuple variant `Some` in this scope\n  --> /Users/graysonnocera/.cargo/registry/src/index.crates.io-6f17d22bba15001f/once_cell-1.14.0/src/race.rs:94:13\n   |\n94 |             Some(it) => it,\n   |             ^^^^ not found in this scope\n   |\nhelp: consider importing this tuple variant\n   |\n24 + use core::option::Option::Some;\n   |\n\nerror[E0531]: cannot find tuple struct or tuple variant `Err` in this scope\n  --> /Users/graysonnocera/.cargo/registry/src/index.crates.io-6f17d22bba15001f/once_cell-1.14.0/src/race.rs:99:24\n   |\n99 |                 if let Err(old) = exchange {\n   |                        ^^^ not found in this scope\n   |\nhelp: consider importing this tuple variant\n   |\n24 + use core::result::Result::Err;\n   |\n\nerror[E0425]: cannot find function, tuple struct or tuple variant `Ok` in this scope\n   --> /Users/graysonnocera/.cargo/registry/src/index.crates.io-6f17d22bba15001f/once_cell-1.14.0/src/race.rs:105:9\n    |\n105 |         Ok(res)\n    |         ^^ not found in this scope\n    |\nhelp: consider importing this tuple variant\n    |\n24  + use core::result::Result::Ok;\n    |\n\nerror[E0412]: cannot find type `Option` in this scope\n   --> /Users/graysonnocera/.cargo/registry/src/index.crates.io-6f17d22bba15001f/once_cell-1.14.0/src/race.rs:124:26\n    |\n124 |     pub fn get(&self) -> Option<bool> {\n    |                          ^^^^^^ not found in this scope\n    |\nhelp: consider importing this enum\n    |\n24  + use core::option::Option;\n    |\n\nerror[E0412]: cannot find type `Result` in this scope\n   --> /Users/graysonnocera/.cargo/registry/src/index.crates.io-6f17d22bba15001f/once_cell-1.14.0/src/race.rs:133:39\n    |\n133 |     pub fn set(&self, value: bool) -> Result<(), ()> {\n    |                                       ^^^^^^ not found in this scope\n    |\nhelp: consider importing one of these items\n    |\n24  + use core::fmt::Result;\n    |\n24  + use core::result::Result;\n    |\n24  + use alloc::fmt::Result;\n    |\n\nerror[E0405]: cannot find trait `FnOnce` in this scope\n   --> /Users/graysonnocera/.cargo/registry/src/index.crates.io-6f17d22bba15001f/once_cell-1.14.0/src/race.rs:145:12\n    |\n145 |         F: FnOnce() -> bool,\n    |            ^^^^^^ not found in this scope\n    |\nhelp: consider importing this trait\n    |\n24  + use core::ops::FnOnce;\n    |\n\nerror[E0405]: cannot find trait `FnOnce` in this scope\n   --> /Users/graysonnocera/.cargo/registry/src/index.crates.io-6f17d22bba15001f/once_cell-1.14.0/src/race.rs:159:12\n    |\n159 |         F: FnOnce() -> Result<bool, E>,\n    |            ^^^^^^ not found in this scope\n    |\nhelp: consider importing this trait\n    |\n24  + use core::ops::FnOnce;\n    |\n\nerror[E0412]: cannot find type `Result` in this scope\n   --> /Users/graysonnocera/.cargo/registry/src/index.crates.io-6f17d22bba15001f/once_cell-1.14.0/src/race.rs:159:24\n    |\n159 |         F: FnOnce() -> Result<bool, E>,\n    |                        ^^^^^^ not found in this scope\n    |\nhelp: consider importing one of these items\n    |\n24  + use core::fmt::Result;\n    |\n24  + use core::result::Result;\n    |\n24  + use alloc::fmt::Result;\n    |\n\nerror[E0412]: cannot find type `Result` in this scope\n   --> /Users/graysonnocera/.cargo/registry/src/index.crates.io-6f17d22bba15001f/once_cell-1.14.0/src/race.rs:157:50\n    |\n157 |     pub fn get_or_try_init<F, E>(&self, f: F) -> Result<bool, E>\n    |                                                  ^^^^^^ not found in this scope\n    |\nhelp: consider importing one of these items\n    |\n24  + use core::fmt::Result;\n    |\n24  + use core::result::Result;\n    |\n24  + use alloc::fmt::Result;\n    |\n\nerror[E0412]: cannot find type `Option` in this scope\n   --> /Users/graysonnocera/.cargo/registry/src/index.crates.io-6f17d22bba15001f/once_cell-1.14.0/src/race.rs:187:28\n    |\n187 |         ghost: PhantomData<Option<Box<T>>>,\n    |                            ^^^^^^ not found in this scope\n    |\nhelp: consider importing this enum\n    |\n179 +     use core::option::Option;\n    |\n\nerror[E0405]: cannot find trait `Default` in this scope\n   --> /Users/graysonnocera/.cargo/registry/src/index.crates.io-6f17d22bba15001f/once_cell-1.14.0/src/race.rs:196:13\n    |\n196 |     impl<T> Default for OnceBox<T> {\n    |             ^^^^^^^ not found in this scope\n    |\nhelp: consider importing this trait\n    |\n179 +     use core::default::Default;\n    |\n\nerror[E0405]: cannot find trait `Drop` in this scope\n   --> /Users/graysonnocera/.cargo/registry/src/index.crates.io-6f17d22bba15001f/once_cell-1.14.0/src/race.rs:202:13\n    |\n202 |     impl<T> Drop for OnceBox<T> {\n    |             ^^^^ not found in this scope\n    |\nhelp: consider importing this trait\n    |\n179 +     use core::ops::Drop;\n    |\n\nerror[E0425]: cannot find function `drop` in this scope\n   --> /Users/graysonnocera/.cargo/registry/src/index.crates.io-6f17d22bba15001f/once_cell-1.14.0/src/race.rs:206:17\n    |\n206 |                 drop(unsafe { Box::from_raw(ptr) })\n    |                 ^^^^ not found in this scope\n    |\nhelp: consider using the method on `Self`\n    |\n206 |                 self.drop(unsafe { Box::from_raw(ptr) })\n    |                 +++++\nhelp: consider importing this function\n    |\n179 +     use core::mem::drop;\n    |\n\nerror[E0412]: cannot find type `Option` in this scope\n   --> /Users/graysonnocera/.cargo/registry/src/index.crates.io-6f17d22bba15001f/once_cell-1.14.0/src/race.rs:218:30\n    |\n218 |         pub fn get(&self) -> Option<&T> {\n    |                              ^^^^^^ not found in this scope\n    |\nhelp: consider importing this enum\n    |\n179 +     use core::option::Option;\n    |\n\nerror[E0425]: cannot find value `None` in this scope\n   --> /Users/graysonnocera/.cargo/registry/src/index.crates.io-6f17d22bba15001f/once_cell-1.14.0/src/race.rs:221:24\n    |\n221 |                 return None;\n    |                        ^^^^ not found in this scope\n    |\nhelp: consider importing this unit variant\n    |\n179 +     use core::option::Option::None;\n    |\n\nerror[E0425]: cannot find function, tuple struct or tuple variant `Some` in this scope\n   --> /Users/graysonnocera/.cargo/registry/src/index.crates.io-6f17d22bba15001f/once_cell-1.14.0/src/race.rs:223:13\n    |\n223 |             Some(unsafe { &*ptr })\n    |             ^^^^ not found in this scope\n    |\nhelp: consider importing this tuple variant\n    |\n179 +     use core::option::Option::Some;\n    |\n\nerror[E0412]: cannot find type `Result` in this scope\n   --> /Users/graysonnocera/.cargo/registry/src/index.crates.io-6f17d22bba15001f/once_cell-1.14.0/src/race.rs:230:45\n    |\n230 |         pub fn set(&self, value: Box<T>) -> Result<(), Box<T>> {\n    |                                             ^^^^^^ not found in this scope\n    |\nhelp: consider importing one of these items\n    |\n179 +     use core::fmt::Result;\n    |\n179 +     use core::result::Result;\n    |\n179 +     use alloc::fmt::Result;\n    |\n\nerror[E0531]: cannot find tuple struct or tuple variant `Err` in this scope\n   --> /Users/graysonnocera/.cargo/registry/src/index.crates.io-6f17d22bba15001f/once_cell-1.14.0/src/race.rs:238:20\n    |\n238 |             if let Err(_) = exchange {\n    |                    ^^^ not found in this scope\n    |\nhelp: consider importing this tuple variant\n    |\n179 +     use core::result::Result::Err;\n    |\n\nerror[E0425]: cannot find function, tuple struct or tuple variant `Err` in this scope\n   --> /Users/graysonnocera/.cargo/registry/src/index.crates.io-6f17d22bba15001f/once_cell-1.14.0/src/race.rs:240:24\n    |\n240 |                 return Err(value);\n    |                        ^^^ not found in this scope\n    |\nhelp: consider importing this tuple variant\n    |\n179 +     use core::result::Result::Err;\n    |\n\nerror[E0425]: cannot find function, tuple struct or tuple variant `Ok` in this scope\n   --> /Users/graysonnocera/.cargo/registry/src/index.crates.io-6f17d22bba15001f/once_cell-1.14.0/src/race.rs:242:13\n    |\n242 |             Ok(())\n    |             ^^ not found in this scope\n    |\nhelp: consider importing this tuple variant\n    |\n179 +     use core::result::Result::Ok;\n    |\n\nerror[E0405]: cannot find trait `FnOnce` in this scope\n   --> /Users/graysonnocera/.cargo/registry/src/index.crates.io-6f17d22bba15001f/once_cell-1.14.0/src/race.rs:253:16\n    |\n253 |             F: FnOnce() -> Box<T>,\n    |                ^^^^^^ not found in this scope\n    |\nhelp: consider importing this trait\n    |\n179 +     use core::ops::FnOnce;\n    |\n\nerror[E0425]: cannot find function, tuple struct or tuple variant `Ok` in this scope\n   --> /Users/graysonnocera/.cargo/registry/src/index.crates.io-6f17d22bba15001f/once_cell-1.14.0/src/race.rs:256:43\n    |\n256 |             match self.get_or_try_init(|| Ok::<Box<T>, Void>(f())) {\n    |                                           ^^ not found in this scope\n    |\nhelp: consider importing this tuple variant\n    |\n179 +     use core::result::Result::Ok;\n    |\n\nerror[E0531]: cannot find tuple struct or tuple variant `Ok` in this scope\n   --> /Users/graysonnocera/.cargo/registry/src/index.crates.io-6f17d22bba15001f/once_cell-1.14.0/src/race.rs:257:17\n    |\n257 |                 Ok(val) => val,\n    |                 ^^ not found in this scope\n    |\nhelp: consider importing this tuple variant\n    |\n179 +     use core::result::Result::Ok;\n    |\n\nerror[E0531]: cannot find tuple struct or tuple variant `Err` in this scope\n   --> /Users/graysonnocera/.cargo/registry/src/index.crates.io-6f17d22bba15001f/once_cell-1.14.0/src/race.rs:258:17\n    |\n258 |                 Err(void) => match void {},\n    |                 ^^^ not found in this scope\n    |\nhelp: consider importing this tuple variant\n    |\n179 +     use core::result::Result::Err;\n    |\n\nerror[E0405]: cannot find trait `FnOnce` in this scope\n   --> /Users/graysonnocera/.cargo/registry/src/index.crates.io-6f17d22bba15001f/once_cell-1.14.0/src/race.rs:271:16\n    |\n271 |             F: FnOnce() -> Result<Box<T>, E>,\n    |                ^^^^^^ not found in this scope\n    |\nhelp: consider importing this trait\n    |\n179 +     use core::ops::FnOnce;\n    |\n\nerror[E0412]: cannot find type `Result` in this scope\n   --> /Users/graysonnocera/.cargo/registry/src/index.crates.io-6f17d22bba15001f/once_cell-1.14.0/src/race.rs:271:28\n    |\n271 |             F: FnOnce() -> Result<Box<T>, E>,\n    |                            ^^^^^^ not found in this scope\n    |\nhelp: consider importing one of these items\n    |\n179 +     use core::fmt::Result;\n    |\n179 +     use core::result::Result;\n    |\n179 +     use alloc::fmt::Result;\n    |\n\nerror[E0412]: cannot find type `Result` in this scope\n   --> /Users/graysonnocera/.cargo/registry/src/index.crates.io-6f17d22bba15001f/once_cell-1.14.0/src/race.rs:269:54\n    |\n269 |         pub fn get_or_try_init<F, E>(&self, f: F) -> Result<&T, E>\n    |                                                      ^^^^^^ not found in this scope\n    |\nhelp: consider importing one of these items\n    |\n179 +     use core::fmt::Result;\n    |\n179 +     use core::result::Result;\n    |\n179 +     use alloc::fmt::Result;\n    |\n\nerror[E0531]: cannot find tuple struct or tuple variant `Err` in this scope\n   --> /Users/graysonnocera/.cargo/registry/src/index.crates.io-6f17d22bba15001f/once_cell-1.14.0/src/race.rs:284:24\n    |\n284 |                 if let Err(old) = exchange {\n    |                        ^^^ not found in this scope\n    |\nhelp: consider importing this tuple variant\n    |\n179 +     use core::result::Result::Err;\n    |\n\nerror[E0425]: cannot find function `drop` in this scope\n   --> /Users/graysonnocera/.cargo/registry/src/index.crates.io-6f17d22bba15001f/once_cell-1.14.0/src/race.rs:285:21\n    |\n285 |                     drop(unsafe { Box::from_raw(ptr) });\n    |                     ^^^^ not found in this scope\n    |\nhelp: consider importing this function\n    |\n179 +     use core::mem::drop;\n    |\n\nerror[E0425]: cannot find function, tuple struct or tuple variant `Ok` in this scope\n   --> /Users/graysonnocera/.cargo/registry/src/index.crates.io-6f17d22bba15001f/once_cell-1.14.0/src/race.rs:289:13\n    |\n289 |             Ok(unsafe { &*ptr })\n    |             ^^ not found in this scope\n    |\nhelp: consider importing this tuple variant\n    |\n179 +     use core::result::Result::Ok;\n    |\n\nerror[E0405]: cannot find trait `Sync` in this scope\n   --> /Users/graysonnocera/.cargo/registry/src/index.crates.io-6f17d22bba15001f/once_cell-1.14.0/src/race.rs:293:33\n    |\n293 |     unsafe impl<T: Sync + Send> Sync for OnceBox<T> {}\n    |                                 ^^^^ not found in this scope\n    |\nhelp: consider importing this trait\n    |\n179 +     use core::marker::Sync;\n    |\n\nerror[E0405]: cannot find trait `Sync` in this scope\n   --> /Users/graysonnocera/.cargo/registry/src/index.crates.io-6f17d22bba15001f/once_cell-1.14.0/src/race.rs:293:20\n    |\n293 |     unsafe impl<T: Sync + Send> Sync for OnceBox<T> {}\n    |                    ^^^^ not found in this scope\n    |\nhelp: consider importing this trait\n    |\n179 +     use core::marker::Sync;\n    |\n\nerror[E0405]: cannot find trait `Send` in this scope\n   --> /Users/graysonnocera/.cargo/registry/src/index.crates.io-6f17d22bba15001f/once_cell-1.14.0/src/race.rs:293:27\n    |\n293 |     unsafe impl<T: Sync + Send> Sync for OnceBox<T> {}\n    |                           ^^^^ not found in this scope\n    |\nhelp: consider importing this trait\n    |\n179 +     use core::marker::Send;\n    |\n\nerror[E0412]: cannot find type `Option` in this scope\n    --> /Users/graysonnocera/.cargo/registry/src/index.crates.io-6f17d22bba15001f/once_cell-1.14.0/src/lib.rs:1366:39\n     |\n1366 | unsafe fn take_unchecked<T>(val: &mut Option<T>) -> T {\n     |                                       ^^^^^^ not found in this scope\n     |\nhelp: consider importing this enum\n     |\n332  + use core::option::Option;\n     |\n\nerror[E0531]: cannot find tuple struct or tuple variant `Some` in this scope\n    --> /Users/graysonnocera/.cargo/registry/src/index.crates.io-6f17d22bba15001f/once_cell-1.14.0/src/lib.rs:1368:9\n     |\n1368 |         Some(it) => it,\n     |         ^^^^ not found in this scope\n     |\nhelp: consider importing this tuple variant\n     |\n332  + use core::option::Option::Some;\n     |\n\nerror[E0392]: type parameter `T` is never used\n   --> /Users/graysonnocera/.cargo/registry/src/index.crates.io-6f17d22bba15001f/once_cell-1.14.0/src/lib.rs:861:25\n    |\n861 |     pub struct OnceCell<T>(Imp<T>);\n    |                         ^      - `T` is named here, but is likely unused in the containing type\n    |                         |\n    |                         unused type parameter\n    |\n    = help: consider removing `T`, referring to it in a field, or using a marker such as `PhantomData`\n    = help: if you intended `T` to be a const parameter, use `const T: /* Type */` instead\n\nSome errors have detailed explanations: E0392, E0405, E0408, E0412, E0425, E0463, E0531.\nFor more information about an error, try `rustc --explain E0392`.\nerror: could not compile `once_cell` (lib) due to 215 previous errors\n",
      "stdout": ""
    },
    "features": [
      "std"
    ],
    "project": "../../../Downloads/695-Project/dataset/nostd-failed-crates/crates/zallocator-0.3.1/src",
    "time_to_build": 3192,
    "time_to_solve": 93
  }
]