[
  {
    "built_with_features": null,
    "command": {
      "args": [
        "build",
        "--target",
        "thumbv7m-none-eabi",
        "--no-default-features"
      ],
      "code": 101,
      "stderr": "   Compiling blake2b_simd v1.0.2\nerror[E0463]: can't find crate for `std`\n  |\n  = note: the `thumbv7m-none-eabi` target may not support the standard library\n  = note: `std` is required by `blake2b_simd` because it does not declare `#![no_std]`\n\nerror[E0463]: can't find crate for `std`\n  --> /Users/graysonnocera/.cargo/registry/src/index.crates.io-6f17d22bba15001f/blake2b_simd-1.0.2/src/blake2bp.rs:36:5\n   |\n36 | use std;\n   |     ^^^ can't find crate\n   |\n   = note: the `thumbv7m-none-eabi` target may not support the standard library\n\nerror: cannot find attribute `derive` in this scope\n  --> /Users/graysonnocera/.cargo/registry/src/index.crates.io-6f17d22bba15001f/blake2b_simd-1.0.2/src/blake2bp.rs:69:3\n   |\n69 | #[derive(Clone)]\n   |   ^^^^^^\n   |\nhelp: consider importing this attribute macro\n   |\n23 + use core::prelude::rust_2024::derive;\n   |\n\nerror: cannot find macro `assert` in this scope\n   --> /Users/graysonnocera/.cargo/registry/src/index.crates.io-6f17d22bba15001f/blake2b_simd-1.0.2/src/blake2bp.rs:162:9\n    |\n162 |         assert!(\n    |         ^^^^^^\n    |\nhelp: consider importing this macro\n    |\n23  + use core::assert;\n    |\n\nerror: cannot find macro `assert` in this scope\n   --> /Users/graysonnocera/.cargo/registry/src/index.crates.io-6f17d22bba15001f/blake2b_simd-1.0.2/src/blake2bp.rs:174:9\n    |\n174 |         assert!(key.len() <= KEYBYTES, \"Bad key length: {}\", key.len());\n    |         ^^^^^^\n    |\nhelp: consider importing this macro\n    |\n23  + use core::assert;\n    |\n\nerror: cannot find macro `write` in this scope\n   --> /Users/graysonnocera/.cargo/registry/src/index.crates.io-6f17d22bba15001f/blake2b_simd-1.0.2/src/blake2bp.rs:190:9\n    |\n190 |         write!(\n    |         ^^^^^\n    |\nhelp: consider importing this macro\n    |\n23  + use core::write;\n    |\n\nerror: cannot find attribute `derive` in this scope\n   --> /Users/graysonnocera/.cargo/registry/src/index.crates.io-6f17d22bba15001f/blake2b_simd-1.0.2/src/blake2bp.rs:217:3\n    |\n217 | #[derive(Clone)]\n    |   ^^^^^^\n    |\nhelp: consider importing this attribute macro\n    |\n23  + use core::prelude::rust_2024::derive;\n    |\n\nerror: cannot find macro `debug_assert_eq` in this scope\n   --> /Users/graysonnocera/.cargo/registry/src/index.crates.io-6f17d22bba15001f/blake2b_simd-1.0.2/src/blake2bp.rs:359:9\n    |\n359 |         debug_assert_eq!(0, input.len());\n    |         ^^^^^^^^^^^^^^^\n    |\nhelp: consider importing this macro\n    |\n23  + use core::debug_assert_eq;\n    |\n\nerror: cannot find macro `write` in this scope\n   --> /Users/graysonnocera/.cargo/registry/src/index.crates.io-6f17d22bba15001f/blake2b_simd-1.0.2/src/blake2bp.rs:428:9\n    |\n428 |         write!(\n    |         ^^^^^\n    |\nhelp: consider importing this macro\n    |\n23  + use core::write;\n    |\n\nerror: cannot find macro `debug_assert_eq` in this scope\n   --> /Users/graysonnocera/.cargo/registry/src/index.crates.io-6f17d22bba15001f/blake2b_simd-1.0.2/src/blake2bp.rs:455:5\n    |\n455 |     debug_assert_eq!(OUTBYTES, 8 * size_of::<Word>());\n    |     ^^^^^^^^^^^^^^^\n    |\nhelp: consider importing this macro\n    |\n23  + use core::debug_assert_eq;\n    |\n\nerror: cannot find attribute `derive` in this scope\n  --> /Users/graysonnocera/.cargo/registry/src/index.crates.io-6f17d22bba15001f/blake2b_simd-1.0.2/src/guts.rs:15:3\n   |\n15 | #[derive(Clone, Copy, Debug, Eq, PartialEq)]\n   |   ^^^^^^\n   |\nhelp: consider importing this attribute macro\n   |\n1  + use core::prelude::rust_2024::derive;\n   |\n\nerror: cannot find attribute `derive` in this scope\n  --> /Users/graysonnocera/.cargo/registry/src/index.crates.io-6f17d22bba15001f/blake2b_simd-1.0.2/src/guts.rs:24:3\n   |\n24 | #[derive(Clone, Copy, Debug)]\n   |   ^^^^^^\n   |\nhelp: consider importing this attribute macro\n   |\n1  + use core::prelude::rust_2024::derive;\n   |\n\nerror: cannot find macro `write` in this scope\n   --> /Users/graysonnocera/.cargo/registry/src/index.crates.io-6f17d22bba15001f/blake2b_simd-1.0.2/src/guts.rs:147:9\n    |\n147 |         write!(\n    |         ^^^^^\n    |\nhelp: consider importing this macro\n    |\n1   + use core::write;\n    |\n\nerror: cannot find attribute `derive` in this scope\n   --> /Users/graysonnocera/.cargo/registry/src/index.crates.io-6f17d22bba15001f/blake2b_simd-1.0.2/src/guts.rs:158:3\n    |\n158 | #[derive(Clone, Copy, Debug)]\n    |   ^^^^^^\n    |\nhelp: consider importing this attribute macro\n    |\n1   + use core::prelude::rust_2024::derive;\n    |\n\nerror: cannot find attribute `derive` in this scope\n   --> /Users/graysonnocera/.cargo/registry/src/index.crates.io-6f17d22bba15001f/blake2b_simd-1.0.2/src/guts.rs:174:3\n    |\n174 | #[derive(Clone, Copy, Debug)]\n    |   ^^^^^^\n    |\nhelp: consider importing this attribute macro\n    |\n1   + use core::prelude::rust_2024::derive;\n    |\n\nerror: cannot find attribute `derive` in this scope\n   --> /Users/graysonnocera/.cargo/registry/src/index.crates.io-6f17d22bba15001f/blake2b_simd-1.0.2/src/guts.rs:189:3\n    |\n189 | #[derive(Clone, Copy, Debug)]\n    |   ^^^^^^\n    |\nhelp: consider importing this attribute macro\n    |\n1   + use core::prelude::rust_2024::derive;\n    |\n\nerror: cannot find macro `debug_assert` in this scope\n   --> /Users/graysonnocera/.cargo/registry/src/index.crates.io-6f17d22bba15001f/blake2b_simd-1.0.2/src/guts.rs:256:9\n    |\n256 |         debug_assert!(!input.is_empty());\n    |         ^^^^^^^^^^^^\n    |\nhelp: consider importing this macro\n    |\n1   + use core::debug_assert;\n    |\n\nerror: cannot find macro `debug_assert_eq` in this scope\n   --> /Users/graysonnocera/.cargo/registry/src/index.crates.io-6f17d22bba15001f/blake2b_simd-1.0.2/src/guts.rs:257:9\n    |\n257 |         debug_assert_eq!(0, input.len() % BLOCKBYTES);\n    |         ^^^^^^^^^^^^^^^\n    |\nhelp: consider importing this macro\n    |\n1   + use core::debug_assert_eq;\n    |\n\nerror: cannot find attribute `derive` in this scope\n   --> /Users/graysonnocera/.cargo/registry/src/index.crates.io-6f17d22bba15001f/blake2b_simd-1.0.2/src/many.rs:272:3\n    |\n272 | #[derive(Clone)]\n    |   ^^^^^^\n    |\nhelp: consider importing this attribute macro\n    |\n45  + use core::prelude::rust_2024::derive;\n    |\n\nerror: cannot find macro `debug_assert` in this scope\n   --> /Users/graysonnocera/.cargo/registry/src/index.crates.io-6f17d22bba15001f/blake2b_simd-1.0.2/src/many.rs:327:9\n    |\n327 |         debug_assert!(self.finished, \"job hasn't been run yet\");\n    |         ^^^^^^^^^^^^\n    |\nhelp: consider importing this macro\n    |\n45  + use core::debug_assert;\n    |\n\nerror: cannot find macro `write` in this scope\n   --> /Users/graysonnocera/.cargo/registry/src/index.crates.io-6f17d22bba15001f/blake2b_simd-1.0.2/src/many.rs:338:9\n    |\n338 |         write!(\n    |         ^^^^^\n    |\nhelp: consider importing this macro\n    |\n45  + use core::write;\n    |\n\nerror: cannot find attribute `derive` in this scope\n   --> /Users/graysonnocera/.cargo/registry/src/index.crates.io-6f17d22bba15001f/blake2b_simd-1.0.2/src/lib.rs:145:3\n    |\n145 | #[derive(Clone)]\n    |   ^^^^^^\n    |\nhelp: consider importing this attribute macro\n    |\n46  + use core::prelude::rust_2024::derive;\n    |\n\nerror: cannot find macro `assert` in this scope\n   --> /Users/graysonnocera/.cargo/registry/src/index.crates.io-6f17d22bba15001f/blake2b_simd-1.0.2/src/lib.rs:239:9\n    |\n239 |         assert!(\n    |         ^^^^^^\n    |\nhelp: consider importing this macro\n    |\n46  + use core::assert;\n    |\n\nerror: cannot find macro `assert` in this scope\n   --> /Users/graysonnocera/.cargo/registry/src/index.crates.io-6f17d22bba15001f/blake2b_simd-1.0.2/src/lib.rs:252:9\n    |\n252 |         assert!(key.len() <= KEYBYTES, \"Bad key length: {}\", key.len());\n    |         ^^^^^^\n    |\nhelp: consider importing this macro\n    |\n46  + use core::assert;\n    |\n\nerror: cannot find macro `assert` in this scope\n   --> /Users/graysonnocera/.cargo/registry/src/index.crates.io-6f17d22bba15001f/blake2b_simd-1.0.2/src/lib.rs:263:9\n    |\n263 |         assert!(salt.len() <= SALTBYTES, \"Bad salt length: {}\", salt.len());\n    |         ^^^^^^\n    |\nhelp: consider importing this macro\n    |\n46  + use core::assert;\n    |\n\nerror: cannot find macro `assert` in this scope\n   --> /Users/graysonnocera/.cargo/registry/src/index.crates.io-6f17d22bba15001f/blake2b_simd-1.0.2/src/lib.rs:273:9\n    |\n273 |         assert!(\n    |         ^^^^^^\n    |\nhelp: consider importing this macro\n    |\n46  + use core::assert;\n    |\n\nerror: cannot find macro `assert` in this scope\n   --> /Users/graysonnocera/.cargo/registry/src/index.crates.io-6f17d22bba15001f/blake2b_simd-1.0.2/src/lib.rs:321:9\n    |\n321 |         assert!(length <= OUTBYTES, \"Bad inner hash length: {}\", length);\n    |         ^^^^^^\n    |\nhelp: consider importing this macro\n    |\n46  + use core::assert;\n    |\n\nerror: cannot find macro `write` in this scope\n   --> /Users/graysonnocera/.cargo/registry/src/index.crates.io-6f17d22bba15001f/blake2b_simd-1.0.2/src/lib.rs:350:9\n    |\n350 |         write!(\n    |         ^^^^^\n    |\nhelp: consider importing this macro\n    |\n46  + use core::write;\n    |\n\nerror: cannot find attribute `derive` in this scope\n   --> /Users/graysonnocera/.cargo/registry/src/index.crates.io-6f17d22bba15001f/blake2b_simd-1.0.2/src/lib.rs:388:3\n    |\n388 | #[derive(Clone)]\n    |   ^^^^^^\n    |\nhelp: consider importing this attribute macro\n    |\n46  + use core::prelude::rust_2024::derive;\n    |\n\nerror: cannot find macro `write` in this scope\n   --> /Users/graysonnocera/.cargo/registry/src/index.crates.io-6f17d22bba15001f/blake2b_simd-1.0.2/src/lib.rs:561:9\n    |\n561 |         write!(\n    |         ^^^^^\n    |\nhelp: consider importing this macro\n    |\n46  + use core::write;\n    |\n\nerror: cannot find attribute `derive` in this scope\n   --> /Users/graysonnocera/.cargo/registry/src/index.crates.io-6f17d22bba15001f/blake2b_simd-1.0.2/src/lib.rs:580:3\n    |\n580 | #[derive(Clone, Copy)]\n    |   ^^^^^^\n    |\nhelp: consider importing this attribute macro\n    |\n46  + use core::prelude::rust_2024::derive;\n    |\n\nerror: cannot find macro `debug_assert_eq` in this scope\n   --> /Users/graysonnocera/.cargo/registry/src/index.crates.io-6f17d22bba15001f/blake2b_simd-1.0.2/src/lib.rs:598:9\n    |\n598 |         debug_assert_eq!(self.len as usize, OUTBYTES);\n    |         ^^^^^^^^^^^^^^^\n    |\nhelp: consider importing this macro\n    |\n46  + use core::debug_assert_eq;\n    |\n\nerror: cannot find macro `write` in this scope\n   --> /Users/graysonnocera/.cargo/registry/src/index.crates.io-6f17d22bba15001f/blake2b_simd-1.0.2/src/lib.rs:658:9\n    |\n658 |         write!(f, \"Hash(0x{})\", self.to_hex())\n    |         ^^^^^\n    |\nhelp: consider importing this macro\n    |\n46  + use core::write;\n    |\n\nerror[E0463]: can't find crate for `std`\n   --> /Users/graysonnocera/.cargo/registry/src/index.crates.io-6f17d22bba15001f/blake2b_simd-1.0.2/src/lib.rs:547:6\n    |\n547 | impl std::io::Write for State {\n    |      ^^^ can't find crate\n    |\n    = note: the `thumbv7m-none-eabi` target may not support the standard library\n\nerror[E0463]: can't find crate for `std`\n   --> /Users/graysonnocera/.cargo/registry/src/index.crates.io-6f17d22bba15001f/blake2b_simd-1.0.2/src/lib.rs:548:40\n    |\n548 |     fn write(&mut self, buf: &[u8]) -> std::io::Result<usize> {\n    |                                        ^^^ can't find crate\n    |\n    = note: the `thumbv7m-none-eabi` target may not support the standard library\n\nerror[E0463]: can't find crate for `std`\n   --> /Users/graysonnocera/.cargo/registry/src/index.crates.io-6f17d22bba15001f/blake2b_simd-1.0.2/src/lib.rs:553:28\n    |\n553 |     fn flush(&mut self) -> std::io::Result<()> {\n    |                            ^^^ can't find crate\n    |\n    = note: the `thumbv7m-none-eabi` target may not support the standard library\n\nerror[E0405]: cannot find trait `Default` in this scope\n   --> /Users/graysonnocera/.cargo/registry/src/index.crates.io-6f17d22bba15001f/blake2b_simd-1.0.2/src/blake2bp.rs:182:6\n    |\n182 | impl Default for Params {\n    |      ^^^^^^^ not found in this scope\n    |\nhelp: consider importing this trait\n    |\n23  + use core::default::Default;\n    |\n\nerror[E0425]: cannot find function, tuple struct or tuple variant `Ok` in this scope\n   --> /Users/graysonnocera/.cargo/registry/src/index.crates.io-6f17d22bba15001f/blake2b_simd-1.0.2/src/blake2bp.rs:418:9\n    |\n418 |         Ok(buf.len())\n    |         ^^ not found in this scope\n    |\nhelp: consider importing this tuple variant\n    |\n23  + use core::result::Result::Ok;\n    |\n\nerror[E0425]: cannot find function, tuple struct or tuple variant `Ok` in this scope\n   --> /Users/graysonnocera/.cargo/registry/src/index.crates.io-6f17d22bba15001f/blake2b_simd-1.0.2/src/blake2bp.rs:422:9\n    |\n422 |         Ok(())\n    |         ^^ not found in this scope\n    |\nhelp: consider importing this tuple variant\n    |\n23  + use core::result::Result::Ok;\n    |\n\nerror[E0405]: cannot find trait `Default` in this scope\n   --> /Users/graysonnocera/.cargo/registry/src/index.crates.io-6f17d22bba15001f/blake2b_simd-1.0.2/src/blake2bp.rs:437:6\n    |\n437 | impl Default for State {\n    |      ^^^^^^^ not found in this scope\n    |\nhelp: consider importing this trait\n    |\n23  + use core::default::Default;\n    |\n\nerror[E0405]: cannot find trait `IntoIterator` in this scope\n   --> /Users/graysonnocera/.cargo/registry/src/index.crates.io-6f17d22bba15001f/blake2b_simd-1.0.2/src/many.rs:140:8\n    |\n140 |     I: IntoIterator<Item = Job<'a, 'b>>,\n    |        ^^^^^^^^^^^^ not found in this scope\n    |\nhelp: consider importing this trait\n    |\n45  + use core::iter::IntoIterator;\n    |\n\nerror[E0405]: cannot find trait `IntoIterator` in this scope\n   --> /Users/graysonnocera/.cargo/registry/src/index.crates.io-6f17d22bba15001f/blake2b_simd-1.0.2/src/many.rs:215:8\n    |\n215 |     I: IntoIterator<Item = (&'a mut State, &'b T)>,\n    |        ^^^^^^^^^^^^ not found in this scope\n    |\nhelp: consider importing this trait\n    |\n45  + use core::iter::IntoIterator;\n    |\n\nerror[E0405]: cannot find trait `AsRef` in this scope\n   --> /Users/graysonnocera/.cargo/registry/src/index.crates.io-6f17d22bba15001f/blake2b_simd-1.0.2/src/many.rs:216:13\n    |\n216 |     T: 'b + AsRef<[u8]> + ?Sized,\n    |             ^^^^^ not found in this scope\n    |\nhelp: consider importing this trait\n    |\n45  + use core::convert::AsRef;\n    |\n\nerror[E0405]: cannot find trait `Sized` in this scope\n   --> /Users/graysonnocera/.cargo/registry/src/index.crates.io-6f17d22bba15001f/blake2b_simd-1.0.2/src/many.rs:216:28\n    |\n216 |     T: 'b + AsRef<[u8]> + ?Sized,\n    |                            ^^^^^ not found in this scope\n    |\nhelp: consider importing this trait\n    |\n45  + use core::marker::Sized;\n    |\n\nerror[E0531]: cannot find tuple struct or tuple variant `Some` in this scope\n   --> /Users/graysonnocera/.cargo/registry/src/index.crates.io-6f17d22bba15001f/blake2b_simd-1.0.2/src/many.rs:220:33\n    |\n220 |     let implementation = if let Some((state, _)) = peekable_pairs.peek() {\n    |                                 ^^^^ not found in this scope\n    |\nhelp: consider importing this tuple variant\n    |\n45  + use core::option::Option::Some;\n    |\n\nerror[E0425]: cannot find value `None` in this scope\n   --> /Users/graysonnocera/.cargo/registry/src/index.crates.io-6f17d22bba15001f/blake2b_simd-1.0.2/src/many.rs:237:20\n    |\n237 |             return None;\n    |                    ^^^^ not found in this scope\n    |\nhelp: consider importing this unit variant\n    |\n45  + use core::option::Option::None;\n    |\n\nerror[E0425]: cannot find value `None` in this scope\n   --> /Users/graysonnocera/.cargo/registry/src/index.crates.io-6f17d22bba15001f/blake2b_simd-1.0.2/src/many.rs:249:13\n    |\n249 |             None\n    |             ^^^^ not found in this scope\n    |\nhelp: consider importing this unit variant\n    |\n45  + use core::option::Option::None;\n    |\n\nerror[E0425]: cannot find function, tuple struct or tuple variant `Some` in this scope\n   --> /Users/graysonnocera/.cargo/registry/src/index.crates.io-6f17d22bba15001f/blake2b_simd-1.0.2/src/many.rs:253:13\n    |\n253 |             Some(Job {\n    |             ^^^^ not found in this scope\n    |\nhelp: consider importing this tuple variant\n    |\n45  + use core::option::Option::Some;\n    |\n\nerror[E0405]: cannot find trait `IntoIterator` in this scope\n   --> /Users/graysonnocera/.cargo/registry/src/index.crates.io-6f17d22bba15001f/blake2b_simd-1.0.2/src/many.rs:389:8\n    |\n389 |     I: IntoIterator<Item = &'a mut HashManyJob<'b>>,\n    |        ^^^^^^^^^^^^ not found in this scope\n    |\nhelp: consider importing this trait\n    |\n45  + use core::iter::IntoIterator;\n    |\n\nerror[E0531]: cannot find tuple struct or tuple variant `Some` in this scope\n   --> /Users/graysonnocera/.cargo/registry/src/index.crates.io-6f17d22bba15001f/blake2b_simd-1.0.2/src/many.rs:393:33\n    |\n393 |     let implementation = if let Some(job) = peekable_jobs.peek() {\n    |                                 ^^^^ not found in this scope\n    |\nhelp: consider importing this tuple variant\n    |\n45  + use core::option::Option::Some;\n    |\n\nerror[E0405]: cannot find trait `Default` in this scope\n   --> /Users/graysonnocera/.cargo/registry/src/index.crates.io-6f17d22bba15001f/blake2b_simd-1.0.2/src/lib.rs:342:6\n    |\n342 | impl Default for Params {\n    |      ^^^^^^^ not found in this scope\n    |\nhelp: consider importing this trait\n    |\n46  + use core::default::Default;\n    |\n\nerror[E0425]: cannot find function, tuple struct or tuple variant `Ok` in this scope\n   --> /Users/graysonnocera/.cargo/registry/src/index.crates.io-6f17d22bba15001f/blake2b_simd-1.0.2/src/lib.rs:550:9\n    |\n550 |         Ok(buf.len())\n    |         ^^ not found in this scope\n    |\nhelp: consider importing this tuple variant\n    |\n46  + use core::result::Result::Ok;\n    |\n\nerror[E0425]: cannot find function, tuple struct or tuple variant `Ok` in this scope\n   --> /Users/graysonnocera/.cargo/registry/src/index.crates.io-6f17d22bba15001f/blake2b_simd-1.0.2/src/lib.rs:554:9\n    |\n554 |         Ok(())\n    |         ^^ not found in this scope\n    |\nhelp: consider importing this tuple variant\n    |\n46  + use core::result::Result::Ok;\n    |\n\nerror[E0405]: cannot find trait `Default` in this scope\n   --> /Users/graysonnocera/.cargo/registry/src/index.crates.io-6f17d22bba15001f/blake2b_simd-1.0.2/src/lib.rs:571:6\n    |\n571 | impl Default for State {\n    |      ^^^^^^^ not found in this scope\n    |\nhelp: consider importing this trait\n    |\n46  + use core::default::Default;\n    |\n\nerror[E0405]: cannot find trait `From` in this scope\n   --> /Users/graysonnocera/.cargo/registry/src/index.crates.io-6f17d22bba15001f/blake2b_simd-1.0.2/src/lib.rs:619:6\n    |\n619 | impl From<[u8; OUTBYTES]> for Hash {\n    |      ^^^^ not found in this scope\n    |\nhelp: consider importing this trait\n    |\n46  + use core::convert::From;\n    |\n\nerror[E0405]: cannot find trait `From` in this scope\n   --> /Users/graysonnocera/.cargo/registry/src/index.crates.io-6f17d22bba15001f/blake2b_simd-1.0.2/src/lib.rs:628:6\n    |\n628 | impl From<&[u8; OUTBYTES]> for Hash {\n    |      ^^^^ not found in this scope\n    |\nhelp: consider importing this trait\n    |\n46  + use core::convert::From;\n    |\n\nerror[E0405]: cannot find trait `PartialEq` in this scope\n   --> /Users/graysonnocera/.cargo/registry/src/index.crates.io-6f17d22bba15001f/blake2b_simd-1.0.2/src/lib.rs:635:6\n    |\n635 | impl PartialEq for Hash {\n    |      ^^^^^^^^^ not found in this scope\n    |\nhelp: consider importing one of these traits\n    |\n46  + use crate::cmp::PartialEq;\n    |\n46  + use core::cmp::PartialEq;\n    |\n\nerror[E0405]: cannot find trait `PartialEq` in this scope\n   --> /Users/graysonnocera/.cargo/registry/src/index.crates.io-6f17d22bba15001f/blake2b_simd-1.0.2/src/lib.rs:642:6\n    |\n642 | impl PartialEq<[u8]> for Hash {\n    |      ^^^^^^^^^ not found in this scope\n    |\nhelp: consider importing one of these traits\n    |\n46  + use crate::cmp::PartialEq;\n    |\n46  + use core::cmp::PartialEq;\n    |\n\nerror[E0405]: cannot find trait `Eq` in this scope\n   --> /Users/graysonnocera/.cargo/registry/src/index.crates.io-6f17d22bba15001f/blake2b_simd-1.0.2/src/lib.rs:648:6\n    |\n648 | impl Eq for Hash {}\n    |      ^^ not found in this scope\n    |\nhelp: consider importing one of these traits\n    |\n46  + use crate::cmp::Eq;\n    |\n46  + use core::cmp::Eq;\n    |\n\nerror[E0405]: cannot find trait `AsRef` in this scope\n   --> /Users/graysonnocera/.cargo/registry/src/index.crates.io-6f17d22bba15001f/blake2b_simd-1.0.2/src/lib.rs:650:6\n    |\n650 | impl AsRef<[u8]> for Hash {\n    |      ^^^^^ not found in this scope\n    |\nhelp: consider importing this trait\n    |\n46  + use core::convert::AsRef;\n    |\n\nSome errors have detailed explanations: E0405, E0425, E0463, E0531.\nFor more information about an error, try `rustc --explain E0405`.\nerror: could not compile `blake2b_simd` (lib) due to 60 previous errors\n",
      "stdout": ""
    },
    "features": [],
    "project": "../../../Downloads/695-Project/dataset/nostd-failed-crates/crates/zcash_spec-0.1.0/src",
    "time_to_build": 222,
    "time_to_solve": 14
  }
]